Instance, X-n106-k14
capacity, 600
min_trucks, 14
output_file, output_iterations/X-n106-k14.log
Start date, 2022-07-08
Start time, 11-25-32
capacity, 600
num_vehicles, 14
abort_early, False
methods, ['ng20', 'ng8', 'cyc2', 'SPPRC']
max_vars, 100
time_limit, 86400
farley, False
ESPPRC_heur, True
initial time, initial max_it, max_stale_it
1, 20000.0, 20
heuristic Number of routes, heuristic Best Solution Value, heuristic number of iterations, adjusted time, adjusted max_it, measured total time
3322, 26404.0, 3638, 1, 20000.0, 3658.2
method, python time, total time, propagated dominance time, unpropagated dominance time, pricing_success, upper_bound, lower_bound, abort_early, num_paths, 
ESPPRC_heur, 0.1, 0.2, 0.2, 0.0, 0, 25648.3705, 15569.0852, True, 2309
ESPPRC_heur, 0.1, 0.2, 0.1, 0.0, 0, 25648.3705, 15366.7999, True, 2426
ESPPRC_heur, 0.0, 0.4, 0.3, 0.1, 0, 25648.3705, 21368.2275, True, 1626
ESPPRC_heur, 0.1, 0.5, 0.4, 0.1, 0, 25597.8323, 22380.0678, True, 1059
ESPPRC_heur, 0.1, 0.4, 0.3, 0.1, 0, 25597.8323, 21217.2726, True, 1035
ESPPRC_heur, 0.1, 0.6, 0.5, 0.1, 0, 25597.8323, 23371.5953, True, 794
ESPPRC_heur, 0.0, 0.6, 0.4, 0.1, 0, 25571.7734, 23976.1323, True, 498
ESPPRC_heur, 0.0, 0.8, 0.6, 0.1, 0, 25569.55, 23663.7691, True, 577
ESPPRC_heur, 0.0, 0.7, 0.5, 0.1, 0, 25569.2551, 24608.6093, True, 249
ESPPRC_heur, 0.0, 0.7, 0.5, 0.1, 0, 25541.9631, 24777.0482, True, 202
ESPPRC_heur, -0.0, 0.8, 0.6, 0.1, 0, 25531.7731, 25226.3837, True, 72
ESPPRC_heur, 0.0, 0.7, 0.5, 0.1, 0, 25516.3711, 25333.0321, True, 34
ESPPRC_heur, 0.0, 0.7, 0.5, 0.1, 0, 25511.8645, 25417.5259, True, 13
ESPPRC_heur, -0.0, 0.8, 0.6, 0.1, 0, 25510.9159, 25480.7354, True, 4
ESPPRC_heur, -0.0, 0.8, 0.5, 0.1, 0, 25510.7741, 25499.8546, True, 5
ng20, 0.5, 80316.7, 51751.5, 28520.3, 1, 25510.7618, 25087.6975, 0, 32
ng8, 0.1, 466.3, 361.0, 103.6, 1, 25510.7618, 25087.6975, 0, 81
cyc2, 0.1, 5.9, 0.0, 0.0, 1, 25510.7618, 23952.3554, 0, 917
SPPRC, 0.1, 0.9, 0.7, 0.1, 1, 25510.7618, 23406.3554, 0, 441
ESPPRC_heur, -0.0, 0.8, 0.6, 0.1, 0, 25501.3567, 25389.5442, True, 18
ESPPRC_heur, 0.0, 0.7, 0.5, 0.1, 0, 25498.9492, 25469.1451, True, 3
ESPPRC_heur, 0.0, 0.7, 0.5, 0.1, 0, 25498.8854, 25482.9177, True, 2
ng20, 0.3, 75412.7, 48860.8, 26515.2, 1, 25498.8818, 25480.6469, 0, 7
ng8, 0.0, 202.4, 156.2, 45.1, 1, 25498.8818, 25090.642, 0, 59
cyc2, 0.1, 4.6, 0.0, 0.0, 1, 25498.8818, 24057.8929, 0, 816
SPPRC, -0.0, 0.9, 0.7, 0.1, 1, 25498.8818, 23434.8169, 0, 431
ng20, 0.3, 69744.6, 45104.3, 24610.8, 1, 25498.8697, 25498.8697, 0, 0
ng8, 0.0, 150.3, 112.9, 36.4, 1, 25498.8697, 25093.8904, 0, 50
cyc2, 0.1, 4.7, 0.0, 0.0, 1, 25498.8697, 24050.7469, 0, 804
SPPRC, -0.0, 0.9, 0.7, 0.1, 1, 25498.8697, 23448.0896, 0, 427
scip_total_time, 229984.978173
Solval, number of paths, impact cutoff
25498.86966103159, 97, 0.0001
Elementary, 2-Cycle, Path Value, Path
True, True, 0.009, (0, 74, 99, 11, 34, 72, 82, 96, 0)
True, True, 0.3421, (0, 87, 43, 97, 93, 28, 101, 103, 53, 0)
True, True, 0.0987, (0, 55, 98, 4, 70, 6, 81, 50, 39, 0)
True, True, 0.6136, (0, 96, 29, 72, 34, 11, 99, 74, 0)
True, True, 0.0506, (0, 39, 50, 81, 6, 70, 98, 42, 32, 0)
True, True, 0.1278, (0, 25, 39, 50, 81, 6, 70, 61, 0)
True, True, 0.2318, (0, 62, 7, 75, 84, 9, 12, 102, 0)
True, True, 0.3337, (0, 82, 57, 94, 64, 105, 69, 17, 31, 63, 29, 0)
True, True, 0.0482, (0, 82, 57, 94, 64, 105, 17, 2, 67, 21, 0)
True, True, 0.3701, (0, 86, 18, 41, 10, 20, 68, 25, 0)
True, True, 0.2753, (0, 47, 61, 80, 65, 6, 81, 50, 39, 0)
True, True, 0.1118, (0, 5, 1, 104, 24, 90, 102, 52, 22, 0)
True, True, 0.2241, (0, 26, 7, 75, 84, 9, 12, 92, 0)
True, True, 0.142, (0, 82, 94, 64, 105, 69, 17, 2, 83, 77, 54, 0)
True, True, 0.1106, (0, 26, 75, 84, 79, 37, 27, 19, 78, 0)
True, True, 0.1458, (0, 13, 40, 31, 17, 2, 83, 85, 54, 21, 0)
True, True, 0.0037, (0, 85, 54, 40, 31, 105, 64, 94, 57, 82, 0)
True, True, 0.2146, (0, 73, 32, 42, 30, 38, 59, 95, 68, 0)
True, True, 0.035, (0, 21, 67, 83, 77, 85, 54, 13, 34, 0)
True, True, 0.0223, (0, 68, 61, 70, 6, 81, 50, 39, 0)
True, True, 0.0478, (0, 67, 48, 8, 36, 91, 88, 58, 14, 0)
True, True, 0.3256, (0, 9, 66, 46, 71, 79, 37, 19, 78, 0)
True, True, 0.2538, (0, 5, 44, 15, 53, 87, 51, 100, 45, 0)
True, True, 0.0669, (0, 57, 94, 64, 105, 17, 2, 83, 77, 67, 0)
True, True, 0.0518, (0, 90, 24, 12, 84, 75, 7, 26, 0)
True, True, 0.1253, (0, 25, 68, 47, 59, 38, 89, 73, 35, 0)
True, True, 0.0485, (0, 59, 89, 30, 42, 23, 55, 32, 73, 35, 0)
True, True, 0.2136, (0, 30, 4, 98, 23, 55, 3, 42, 32, 73, 0)
True, True, 0.1195, (0, 37, 27, 88, 91, 36, 8, 58, 14, 0)
True, True, 0.0064, (0, 101, 66, 46, 74, 34, 72, 29, 96, 0)
True, True, 0.0565, (0, 100, 51, 60, 87, 76, 15, 5, 0)
True, True, 0.109, (0, 46, 71, 49, 99, 11, 34, 74, 0)
True, True, 0.1489, (0, 96, 45, 100, 60, 87, 76, 44, 5, 0)
True, True, 0.1171, (0, 104, 12, 66, 97, 93, 28, 101, 1, 0)
True, True, 0.0124, (0, 5, 53, 43, 76, 60, 51, 100, 45, 0)
True, True, 0.0347, (0, 14, 8, 36, 91, 88, 86, 27, 37, 0)
True, True, 0.0463, (0, 99, 21, 85, 54, 40, 13, 72, 29, 0)
True, True, 0.0555, (0, 85, 77, 83, 2, 48, 58, 14, 49, 0)
True, True, 0.0354, (0, 66, 46, 49, 58, 14, 27, 19, 78, 0)
True, True, 0.3863, (0, 22, 44, 15, 76, 60, 51, 100, 45, 0)
True, True, 0.0567, (0, 76, 87, 43, 93, 28, 103, 1, 0)
True, True, 0.0668, (0, 92, 102, 90, 24, 104, 1, 44, 5, 0)
True, True, 0.1579, (0, 54, 85, 67, 77, 83, 48, 58, 14, 0)
True, True, 0.1026, (0, 72, 13, 40, 77, 67, 85, 54, 21, 0)
True, True, 0.0239, (0, 73, 30, 4, 65, 80, 61, 47, 68, 0)
True, True, 0.097, (0, 68, 59, 38, 30, 42, 3, 55, 73, 0)
True, True, 0.2951, (0, 89, 38, 4, 98, 23, 3, 55, 32, 16, 0)
True, True, 0.1863, (0, 104, 12, 9, 66, 97, 28, 103, 53, 0)
True, True, 0.1593, (0, 15, 53, 43, 97, 93, 28, 101, 1, 0)
True, True, 0.0197, (0, 79, 14, 58, 48, 2, 83, 77, 67, 0)
True, True, 0.5111, (0, 18, 41, 10, 16, 20, 35, 95, 56, 0)
True, True, 0.2233, (0, 25, 56, 19, 27, 37, 79, 84, 78, 0)
True, True, 0.4765, (0, 27, 86, 88, 91, 36, 8, 48, 49, 0)
True, True, 0.0372, (0, 51, 76, 43, 103, 101, 12, 104, 1, 0)
True, True, 0.2621, (0, 82, 57, 63, 40, 13, 85, 21, 74, 0)
True, True, 0.0414, (0, 82, 57, 63, 40, 13, 85, 21, 11, 0)
True, True, 0.1345, (0, 7, 84, 79, 71, 46, 66, 97, 104, 0)
True, True, 0.0225, (0, 67, 77, 83, 2, 48, 58, 14, 71, 0)
True, True, 0.2171, (0, 13, 40, 31, 2, 83, 77, 67, 54, 21, 0)
True, True, 0.1863, (0, 78, 19, 37, 79, 71, 46, 66, 93, 0)
True, True, 0.2028, (0, 63, 94, 64, 105, 69, 8, 36, 58, 14, 0)
True, True, 0.0461, (0, 53, 103, 28, 93, 97, 43, 76, 45, 0)
True, True, 0.1466, (0, 73, 42, 3, 23, 98, 30, 38, 59, 0)
True, True, 0.1253, (0, 47, 61, 80, 65, 70, 50, 39, 25, 0)
True, True, 0.0668, (0, 59, 38, 4, 98, 23, 3, 32, 73, 35, 0)
True, True, 0.15, (0, 47, 61, 80, 65, 70, 6, 50, 39, 0)
True, True, 0.2221, (0, 96, 72, 34, 11, 99, 49, 71, 0)
True, True, 0.1194, (0, 52, 92, 90, 24, 12, 1, 5, 0)
True, True, 0.1187, (0, 78, 19, 18, 41, 86, 88, 58, 46, 0)
True, True, 0.1187, (0, 48, 8, 36, 91, 69, 64, 94, 57, 82, 0)
True, True, 0.0269, (0, 59, 89, 30, 98, 23, 55, 3, 32, 73, 0)
True, True, 0.1421, (0, 100, 60, 87, 43, 103, 101, 1, 104, 0)
True, True, 0.1187, (0, 95, 59, 89, 30, 42, 3, 23, 55, 10, 0)
True, True, 0.1187, (0, 14, 58, 88, 91, 69, 105, 17, 31, 63, 0)
True, True, 0.0087, (0, 73, 32, 3, 23, 42, 30, 89, 59, 95, 0)
True, True, 0.1441, (0, 45, 51, 60, 76, 15, 44, 5, 22, 0)
True, True, 0.0862, (0, 104, 1, 101, 28, 93, 103, 43, 5, 0)
True, True, 0.1034, (0, 51, 60, 76, 43, 103, 101, 1, 104, 0)
True, True, 0.0281, (0, 25, 68, 95, 59, 38, 73, 35, 56, 0)
True, True, 0.1015, (0, 21, 67, 83, 2, 48, 58, 14, 49, 0)
True, True, 0.005, (0, 34, 11, 85, 54, 13, 63, 57, 82, 0)
False, True, 0.15, (0, 47, 80, 65, 70, 81, 50, 39, 47, 0)
False, True, 0.2685, (0, 52, 92, 102, 24, 90, 26, 52, 0)
False, True, 0.2318, (0, 33, 62, 26, 102, 92, 52, 33, 0)
True, True, 0.1447, (0, 54, 85, 67, 77, 2, 17, 31, 40, 13, 0)
False, True, 0.0893, (0, 33, 62, 102, 92, 26, 62, 33, 0)
True, True, 0.2753, (0, 61, 80, 65, 6, 81, 70, 4, 89, 0)
True, True, 0.075, (0, 16, 32, 55, 23, 98, 42, 30, 89, 35, 0)
False, True, 0.1187, (0, 56, 68, 95, 59, 35, 16, 20, 56, 0)
True, True, 0.3578, (0, 33, 62, 7, 75, 24, 90, 22, 0)
True, True, 0.0083, (0, 104, 12, 9, 66, 97, 43, 76, 45, 0)
True, True, 0.0002, (0, 25, 47, 61, 80, 65, 4, 98, 42, 32, 0)
True, True, 0.0264, (0, 35, 89, 30, 42, 3, 55, 98, 4, 38, 0)
True, True, 0.0841, (0, 57, 94, 64, 105, 69, 91, 88, 14, 46, 0)
True, True, 0.0363, (0, 67, 77, 83, 2, 31, 40, 63, 57, 82, 0)
True, True, 0.0062, (0, 104, 101, 28, 93, 97, 43, 60, 51, 0)
True, True, 0.0239, (0, 26, 75, 84, 9, 12, 24, 90, 0)
all_elementary, False
all_cyc2, True
