Instance, X-n110-k13
capacity, 66
min_trucks, 13
output_file, output_iterations/X-n110-k13.log
Start date, 2022-07-08
Start time, 11-25-32
capacity, 66
num_vehicles, 13
abort_early, False
methods, ['ng20', 'ng8', 'cyc2', 'SPPRC']
max_vars, 100
time_limit, 86400
farley, False
ESPPRC_heur, True
initial time, initial max_it, max_stale_it
1, 20000.0, 20
heuristic Number of routes, heuristic Best Solution Value, heuristic number of iterations, adjusted time, adjusted max_it, measured total time
36, 14971.0, 29, 1, 20000.0, 39.1
method, python time, total time, propagated dominance time, unpropagated dominance time, pricing_success, upper_bound, lower_bound, abort_early, num_paths, 
ESPPRC_heur, 0.0, 0.0, 0.0, 0.0, 0, 14971.0, -50718.0, True, 810
ESPPRC_heur, 0.0, 0.0, 0.0, 0.0, 0, 14971.0, -79666.4, True, 753
ESPPRC_heur, 0.0, 0.0, 0.0, 0.0, 0, 14971.0, -34294.45, True, 1157
ESPPRC_heur, 0.1, 0.0, 0.0, 0.0, 0, 14971.0, -20582.6081, True, 1299
ESPPRC_heur, 0.0, 0.0, 0.0, 0.0, 0, 14971.0, -30824.1811, True, 1076
ESPPRC_heur, 0.1, 0.0, 0.0, 0.0, 0, 14971.0, -23985.9456, True, 1626
ESPPRC_heur, 0.1, 0.0, 0.0, 0.0, 0, 14971.0, -21851.0209, True, 1350
ESPPRC_heur, 0.1, 0.0, 0.0, 0.0, 0, 14971.0, -40670.3525, True, 1380
ESPPRC_heur, 0.1, 0.0, 0.0, 0.0, 0, 14971.0, -33856.1716, True, 1382
ESPPRC_heur, 0.1, 0.0, 0.0, 0.0, 0, 14971.0, -19601.9697, True, 1809
ESPPRC_heur, 0.1, 0.0, 0.0, 0.0, 0, 14971.0, -32817.9306, True, 1863
ESPPRC_heur, 0.1, 0.0, 0.0, 0.0, 0, 14971.0, -23814.5889, True, 1729
ESPPRC_heur, 0.1, 0.0, 0.0, 0.0, 0, 14971.0, -24040.3832, True, 1559
ESPPRC_heur, 0.1, 0.0, 0.0, 0.0, 0, 14971.0, -10739.6241, True, 1829
ESPPRC_heur, 0.1, 0.0, 0.0, 0.0, 0, 14971.0, -10617.5912, True, 1603
ESPPRC_heur, 0.1, 0.0, 0.0, 0.0, 0, 14971.0, -13776.9699, True, 1612
ESPPRC_heur, 0.1, 0.0, 0.0, 0.0, 0, 14971.0, -11269.4058, True, 1535
ESPPRC_heur, 0.1, 0.0, 0.0, 0.0, 0, 14971.0, -6629.9771, True, 1386
ESPPRC_heur, 0.1, 0.0, 0.0, 0.0, 0, 14971.0, -15279.1823, True, 1618
ESPPRC_heur, 0.1, 0.0, 0.0, 0.0, 0, 14971.0, -12805.7376, True, 1781
ESPPRC_heur, 0.1, 0.0, 0.0, 0.0, 0, 14971.0, -13611.7037, True, 1929
ESPPRC_heur, 0.1, 0.0, 0.0, 0.0, 0, 14971.0, -18665.6157, True, 1917
ESPPRC_heur, 0.1, 0.0, 0.0, 0.0, 0, 14971.0, -8867.1675, True, 1897
ESPPRC_heur, 0.1, 0.0, 0.0, 0.0, 0, 14971.0, -20049.1156, True, 1740
ESPPRC_heur, 0.1, 0.0, 0.0, 0.0, 0, 14971.0, -9341.7931, True, 1795
ESPPRC_heur, 0.1, 0.0, 0.0, 0.0, 0, 14971.0, -4458.975, True, 1860
ESPPRC_heur, 0.1, 0.0, 0.0, 0.0, 0, 14971.0, -12477.6451, True, 2094
ESPPRC_heur, 0.1, 0.0, 0.0, 0.0, 0, 14971.0, -335.7914, True, 2075
ESPPRC_heur, 0.1, 0.0, 0.0, 0.0, 0, 14971.0, -1498.1899, True, 1719
ESPPRC_heur, 0.1, 0.0, 0.0, 0.0, 0, 14971.0, -2806.5133, True, 1699
ESPPRC_heur, 0.1, 0.0, 0.0, 0.0, 0, 14971.0, -3728.7884, True, 1620
ESPPRC_heur, 0.1, 0.0, 0.0, 0.0, 0, 14971.0, -3117.001, True, 1937
ESPPRC_heur, 0.1, 0.0, 0.0, 0.0, 0, 14971.0, -503.8607, True, 1416
ESPPRC_heur, 0.1, 0.0, 0.0, 0.0, 0, 14971.0, 630.1562, True, 1589
ESPPRC_heur, 0.1, 0.0, 0.0, 0.0, 0, 14971.0, -9937.7142, True, 1671
ESPPRC_heur, 0.1, 0.0, 0.0, 0.0, 0, 14971.0, -2284.7634, True, 1670
ESPPRC_heur, 0.1, 0.0, 0.0, 0.0, 0, 14971.0, -332.0995, True, 2019
ESPPRC_heur, 0.1, 0.0, 0.0, 0.0, 0, 14971.0, 1525.5683, True, 1670
ESPPRC_heur, 0.1, 0.0, 0.0, 0.0, 0, 14971.0, 3367.7782, True, 1369
ESPPRC_heur, 0.1, 0.0, 0.0, 0.0, 0, 14971.0, 6889.2453, True, 1228
ESPPRC_heur, -0.0, 0.1, 0.0, 0.0, 0, 14971.0, 2634.2802, True, 1745
ESPPRC_heur, 0.1, 0.0, 0.0, 0.0, 0, 14971.0, 5885.487, True, 1492
ESPPRC_heur, 0.1, 0.0, 0.0, 0.0, 0, 14971.0, 8239.6935, True, 1160
ESPPRC_heur, 0.1, 0.0, 0.0, 0.0, 0, 14971.0, 8865.8188, True, 1118
ESPPRC_heur, 0.1, 0.0, 0.0, 0.0, 0, 14971.0, 6952.0835, True, 1375
ESPPRC_heur, 0.1, 0.0, 0.0, 0.0, 0, 14971.0, 8631.9309, True, 1028
ESPPRC_heur, 0.1, 0.0, 0.0, 0.0, 0, 14971.0, 10142.5299, True, 1093
ESPPRC_heur, 0.1, 0.0, 0.0, 0.0, 0, 14971.0, 10446.1187, True, 883
ESPPRC_heur, 0.1, 0.0, 0.0, 0.0, 0, 14971.0, 9913.4076, True, 773
ESPPRC_heur, 0.1, 0.0, 0.0, 0.0, 0, 14971.0, 10982.6716, True, 709
ESPPRC_heur, 0.1, 0.0, 0.0, 0.0, 0, 14971.0, 9285.0706, True, 856
ESPPRC_heur, 0.1, 0.0, 0.0, 0.0, 0, 14971.0, 8830.9327, True, 827
ESPPRC_heur, 0.1, 0.0, 0.0, 0.0, 0, 14971.0, 11593.5803, True, 619
ESPPRC_heur, 0.1, 0.0, 0.0, 0.0, 0, 14971.0, 11722.0058, True, 643
ESPPRC_heur, 0.1, 0.0, 0.0, 0.0, 0, 14971.0, 10847.6534, True, 598
ESPPRC_heur, 0.1, 0.0, 0.0, 0.0, 0, 14971.0, 12000.3887, True, 468
ESPPRC_heur, 0.1, 0.0, 0.0, 0.0, 0, 14971.0, 12123.0756, True, 436
ESPPRC_heur, 0.1, 0.0, 0.0, 0.0, 0, 14971.0, 10844.5877, True, 578
ESPPRC_heur, 0.1, 0.0, 0.0, 0.0, 0, 14971.0, 12430.1872, True, 460
ESPPRC_heur, 0.1, 0.0, 0.0, 0.0, 0, 14971.0, 11842.7693, True, 468
ESPPRC_heur, 0.1, 0.0, 0.0, 0.0, 0, 14971.0, 12534.3481, True, 369
ESPPRC_heur, 0.1, 0.0, 0.0, 0.0, 0, 14971.0, 11342.8454, True, 537
ESPPRC_heur, 0.1, 0.0, 0.0, 0.0, 0, 14971.0, 12470.9992, True, 367
ESPPRC_heur, 0.1, 0.0, 0.0, 0.0, 0, 14971.0, 11796.8337, True, 393
ESPPRC_heur, 0.1, 0.0, 0.0, 0.0, 0, 14971.0, 12494.8456, True, 460
ESPPRC_heur, 0.1, 0.0, 0.0, 0.0, 0, 14971.0, 9489.1369, True, 587
ESPPRC_heur, 0.1, 0.0, 0.0, 0.0, 0, 14971.0, 11645.8548, True, 487
ESPPRC_heur, 0.1, 0.0, 0.0, 0.0, 0, 14960.7242, 11226.1085, True, 609
ESPPRC_heur, 0.0, 0.1, 0.0, 0.0, 0, 14937.9416, -5482.3898, True, 2630
ESPPRC_heur, 0.1, 0.0, 0.0, 0.0, 0, 14937.8799, 10965.6568, True, 495
ESPPRC_heur, 0.1, 0.0, 0.0, 0.0, 0, 14931.9977, 11727.4166, True, 404
ESPPRC_heur, 0.1, 0.0, 0.0, 0.0, 0, 14927.3849, 12634.4166, True, 254
ESPPRC_heur, 0.1, 0.0, 0.0, 0.0, 0, 14911.9872, 13080.597, True, 248
ESPPRC_heur, 0.1, 0.0, 0.0, 0.0, 0, 14899.2221, 13449.7413, True, 181
ESPPRC_heur, 0.1, 0.0, 0.0, 0.0, 0, 14881.2103, 13413.8205, True, 169
ESPPRC_heur, 0.1, 0.0, 0.0, 0.0, 0, 14857.4629, 13514.8886, True, 171
ESPPRC_heur, 0.1, 0.0, 0.0, 0.0, 0, 14816.5536, 13896.9342, True, 91
ESPPRC_heur, 0.1, 0.0, 0.0, 0.0, 0, 14793.1156, 13784.6876, True, 111
ESPPRC_heur, 0.1, 0.0, 0.0, 0.0, 0, 14785.9892, 14192.2142, True, 62
ESPPRC_heur, 0.1, 0.0, 0.0, 0.0, 0, 14773.432, 14143.3207, True, 63
ESPPRC_heur, 0.0, 0.0, 0.0, 0.0, 0, 14770.4008, 14483.2155, True, 19
ESPPRC_heur, 0.0, 0.0, 0.0, 0.0, 0, 14766.944, 14648.0044, True, 14
ESPPRC_heur, 0.0, 0.0, 0.0, 0.0, 0, 14766.3628, 14480.3628, True, 16
ESPPRC_heur, 0.0, 0.0, 0.0, 0.0, 0, 14758.4194, 14377.9787, True, 9
ESPPRC_heur, 0.0, 0.0, 0.0, 0.0, 0, 14757.494, 14603.958, True, 4
ESPPRC_heur, 0.0, 0.0, 0.0, 0.0, 0, 14757.0676, 14407.4858, True, 8
ESPPRC_heur, 0.0, 0.0, 0.0, 0.0, 0, 14757.0676, 14700.0825, True, 1
ng20, 0.1, 457.3, 340.9, 112.3, 1, 14757.0676, 14447.4837, 0, 102
ng8, 0.0, 1.9, 1.2, 0.3, 1, 14757.0676, 13942.6595, 0, 134
cyc2, 0.0, 0.8, 0.0, 0.0, 1, 14757.0676, 13062.5922, 0, 1401
SPPRC, -0.0, 0.1, 0.0, 0.0, 1, 14757.0676, 8003.1769, 0, 775
ESPPRC_heur, 0.0, 0.0, 0.0, 0.0, 0, 14739.4015, 14463.7118, True, 13
ESPPRC_heur, 0.0, 0.0, 0.0, 0.0, 0, 14737.144, 14676.7486, True, 2
ng20, 0.1, 561.5, 421.2, 135.8, 1, 14737.144, 14450.2695, 0, 29
ng8, -0.0, 1.9, 1.3, 0.3, 1, 14737.144, 13973.4944, 0, 85
cyc2, -0.0, 0.7, 0.0, 0.0, 1, 14737.144, 12890.9953, 0, 1226
SPPRC, 0.1, 0.0, 0.0, 0.0, 1, 14737.144, 6126.0991, 0, 786
ng20, 0.1, 612.0, 458.5, 148.8, 1, 14735.9499, 14683.9499, 0, 6
ng8, 0.1, 1.7, 1.2, 0.3, 1, 14735.9499, 13979.1204, 0, 61
cyc2, 0.0, 0.6, 0.0, 0.0, 1, 14735.9499, 12889.8012, 0, 1172
SPPRC, -0.0, 0.1, 0.0, 0.0, 1, 14735.9499, 6223.9926, 0, 770
ng20, 0.0, 614.7, 462.7, 147.3, 1, 14735.9499, 14735.9499, 0, 0
ng8, 0.0, 1.9, 1.3, 0.3, 1, 14735.9499, 14003.5572, 0, 58
cyc2, -0.0, 0.7, 0.0, 0.0, 1, 14735.9499, 12889.8012, 0, 1166
SPPRC, 0.1, 0.0, 0.0, 0.0, 1, 14735.9499, 6289.3037, 0, 763
scip_total_time, 2303.48471
Solval, number of paths, impact cutoff
14735.949926507894, 73, 0.0001
Elementary, 2-Cycle, Path Value, Path
True, True, 0.5, (0, 52, 50, 39, 28, 31, 17, 95, 59, 27, 0)
True, True, 0.3472, (0, 68, 54, 96, 88, 75, 21, 41, 12, 58, 0)
True, True, 0.1691, (0, 40, 47, 48, 82, 107, 57, 13, 23, 0)
True, True, 1.0, (0, 1, 90, 16, 29, 78, 74, 32, 79, 0)
True, True, 0.2496, (0, 105, 20, 92, 97, 42, 106, 67, 34, 45, 0)
True, True, 0.1356, (0, 30, 55, 76, 83, 22, 61, 60, 104, 93, 80, 0)
True, True, 0.1667, (0, 39, 17, 95, 59, 65, 99, 2, 80, 71, 0)
True, True, 0.0843, (0, 46, 11, 98, 66, 15, 53, 26, 87, 77, 0)
True, True, 0.7608, (0, 14, 3, 108, 38, 46, 5, 91, 0)
True, True, 0.034, (0, 52, 50, 54, 68, 41, 12, 58, 19, 49, 0)
True, True, 0.0833, (0, 28, 31, 17, 95, 96, 88, 75, 21, 12, 0)
True, True, 0.0417, (0, 99, 64, 104, 60, 61, 22, 83, 55, 56, 0)
True, True, 0.1114, (0, 50, 54, 96, 88, 75, 21, 72, 63, 0)
True, True, 0.072, (0, 38, 89, 45, 34, 67, 51, 85, 77, 6, 0)
True, True, 0.201, (0, 6, 77, 84, 24, 103, 25, 18, 109, 69, 0)
True, True, 0.125, (0, 28, 31, 27, 65, 99, 43, 2, 71, 0)
True, True, 0.0833, (0, 52, 50, 39, 28, 31, 17, 95, 54, 41, 0)
True, True, 0.0417, (0, 56, 55, 76, 83, 61, 60, 104, 64, 99, 0)
True, True, 0.1196, (0, 91, 5, 77, 84, 24, 103, 25, 18, 109, 0)
True, True, 0.1196, (0, 14, 3, 108, 91, 6, 109, 69, 0)
True, True, 0.2304, (0, 70, 44, 81, 94, 37, 7, 35, 47, 40, 0)
True, True, 0.1654, (0, 70, 44, 81, 94, 37, 7, 107, 57, 0)
True, True, 0.2194, (0, 23, 70, 44, 81, 94, 37, 7, 48, 0)
True, True, 0.195, (0, 8, 62, 100, 10, 72, 63, 12, 41, 68, 0)
True, True, 0.3752, (0, 89, 45, 106, 42, 97, 92, 20, 105, 0)
True, True, 0.3752, (0, 89, 67, 34, 106, 42, 97, 92, 20, 105, 0)
True, True, 0.3333, (0, 27, 65, 36, 64, 43, 2, 80, 71, 0)
True, True, 0.1272, (0, 69, 25, 103, 4, 101, 33, 9, 102, 56, 30, 0)
True, True, 0.0124, (0, 77, 87, 26, 15, 53, 66, 98, 51, 46, 0)
True, True, 0.3333, (0, 30, 56, 55, 76, 83, 22, 61, 60, 104, 93, 0)
True, True, 0.0246, (0, 6, 18, 84, 4, 101, 33, 9, 102, 25, 69, 0)
True, True, 0.0779, (0, 14, 3, 108, 5, 6, 109, 69, 0)
True, True, 0.0417, (0, 30, 55, 76, 83, 22, 60, 104, 64, 99, 0)
True, True, 0.1942, (0, 68, 54, 96, 88, 75, 21, 72, 63, 19, 0)
True, True, 0.0417, (0, 99, 36, 64, 104, 60, 61, 22, 76, 55, 0)
True, True, 0.0417, (0, 99, 36, 64, 104, 60, 61, 22, 83, 76, 0)
True, True, 0.2296, (0, 49, 19, 58, 12, 41, 68, 50, 52, 0)
True, True, 0.2083, (0, 71, 80, 2, 43, 93, 64, 36, 99, 0)
True, True, 0.3834, (0, 69, 25, 103, 102, 9, 33, 101, 4, 24, 84, 0)
True, True, 0.1008, (0, 6, 77, 87, 26, 53, 15, 66, 98, 85, 46, 0)
True, True, 0.0417, (0, 39, 31, 27, 65, 36, 64, 43, 2, 0)
True, True, 0.1531, (0, 52, 54, 96, 88, 75, 21, 72, 63, 19, 0)
True, True, 0.0417, (0, 28, 31, 17, 59, 65, 99, 2, 71, 0)
True, True, 0.125, (0, 39, 28, 31, 17, 59, 65, 36, 99, 0)
True, True, 0.034, (0, 12, 41, 96, 88, 75, 21, 72, 63, 0)
True, True, 0.1144, (0, 56, 55, 76, 83, 22, 61, 60, 104, 93, 80, 0)
True, True, 0.123, (0, 109, 18, 25, 103, 102, 9, 33, 101, 4, 84, 0)
True, True, 0.0417, (0, 55, 76, 83, 22, 61, 64, 36, 99, 0)
True, True, 0.2083, (0, 55, 76, 83, 22, 61, 60, 104, 93, 43, 0)
True, True, 0.0768, (0, 54, 96, 88, 75, 21, 41, 12, 58, 19, 0)
True, True, 0.1654, (0, 48, 82, 7, 37, 94, 81, 44, 70, 0)
True, True, 0.296, (0, 30, 56, 102, 33, 9, 101, 4, 24, 18, 109, 0)
True, True, 0.0539, (0, 40, 47, 73, 35, 37, 94, 81, 44, 70, 0)
False, True, 0.212, (0, 49, 62, 100, 10, 86, 47, 40, 8, 49, 0)
True, True, 0.1256, (0, 6, 77, 11, 85, 51, 67, 34, 45, 38, 0)
True, True, 0.2368, (0, 6, 87, 26, 53, 15, 66, 98, 11, 51, 0)
True, True, 0.4173, (0, 51, 85, 11, 98, 66, 53, 15, 26, 87, 0)
True, True, 0.0417, (0, 5, 46, 89, 67, 34, 45, 38, 108, 0)
True, True, 0.2304, (0, 62, 100, 10, 86, 73, 48, 47, 40, 8, 0)
True, True, 0.0539, (0, 47, 73, 35, 7, 107, 82, 57, 13, 0)
True, True, 0.5074, (0, 86, 73, 35, 107, 82, 57, 13, 23, 0)
True, True, 0.0246, (0, 69, 18, 103, 4, 101, 33, 9, 102, 56, 30, 0)
True, True, 0.0417, (0, 99, 64, 36, 65, 59, 95, 28, 39, 0)
True, True, 0.1042, (0, 23, 13, 57, 82, 107, 35, 73, 40, 0)
True, True, 0.3124, (0, 19, 58, 63, 72, 10, 100, 62, 8, 49, 0)
True, True, 0.0212, (0, 109, 18, 25, 103, 4, 101, 33, 9, 102, 56, 0)
True, True, 0.0502, (0, 8, 47, 48, 35, 73, 86, 10, 100, 62, 0)
True, True, 0.0833, (0, 71, 2, 43, 64, 36, 65, 59, 95, 0)
True, True, 0.1654, (0, 48, 7, 37, 94, 81, 44, 70, 13, 0)
True, True, 0.136, (0, 89, 45, 34, 67, 51, 85, 11, 77, 0)
True, True, 0.1483, (0, 18, 84, 87, 26, 53, 15, 66, 98, 85, 77, 0)
True, True, 0.0417, (0, 99, 64, 36, 65, 59, 95, 39, 50, 0)
True, True, 0.0417, (0, 14, 3, 6, 18, 109, 69, 30, 80, 71, 0)
all_elementary, False
all_cyc2, True
