Instance, X-n115-k10
capacity, 169
min_trucks, 10
output_file, output_iterations/X-n115-k10.log
Start date, 2022-07-08
Start time, 11-25-32
capacity, 169
num_vehicles, 10
abort_early, False
methods, ['ng20', 'ng8', 'cyc2', 'SPPRC']
max_vars, 100
time_limit, 86400
farley, False
ESPPRC_heur, True
initial time, initial max_it, max_stale_it
1, 20000.0, 20
heuristic Number of routes, heuristic Best Solution Value, heuristic number of iterations, adjusted time, adjusted max_it, measured total time
26, 12747.0, 40, 1, 20000.0, 50.6
method, python time, total time, propagated dominance time, unpropagated dominance time, pricing_success, upper_bound, lower_bound, abort_early, num_paths, 
ESPPRC_heur, 0.0, 0.0, 0.0, 0.0, 0, 12747.0, -10693.0, True, 463
ESPPRC_heur, 0.0, 0.0, 0.0, 0.0, 0, 12747.0, -17441.5714, True, 624
ESPPRC_heur, 0.0, 0.0, 0.0, 0.0, 0, 12747.0, -11360.1429, True, 765
ESPPRC_heur, 0.1, 0.0, 0.0, 0.0, 0, 12747.0, -22315.2, True, 1149
ESPPRC_heur, 0.1, 0.0, 0.0, 0.0, 0, 12747.0, -38598.5864, True, 1530
ESPPRC_heur, 0.1, 0.0, 0.0, 0.0, 0, 12747.0, -27140.4118, True, 1604
ESPPRC_heur, 0.1, 0.0, 0.0, 0.0, 0, 12747.0, -24934.229, True, 1844
ESPPRC_heur, 0.1, 0.0, 0.0, 0.0, 0, 12747.0, -26419.6097, True, 1679
ESPPRC_heur, 0.1, 0.0, 0.0, 0.0, 0, 12747.0, -26935.6382, True, 1958
ESPPRC_heur, 0.1, 0.0, 0.0, 0.0, 0, 12747.0, -14201.2449, True, 1673
ESPPRC_heur, 0.1, 0.0, 0.0, 0.0, 0, 12747.0, -40878.1863, True, 2383
ESPPRC_heur, 0.1, 0.0, 0.0, 0.0, 0, 12747.0, -15324.2518, True, 2024
ESPPRC_heur, 0.1, 0.0, 0.0, 0.0, 0, 12747.0, -9362.813, True, 2307
ESPPRC_heur, 0.1, 0.0, 0.0, 0.0, 0, 12747.0, -10168.1025, True, 1805
ESPPRC_heur, 0.1, 0.0, 0.0, 0.0, 0, 12747.0, -10546.7853, True, 2825
ESPPRC_heur, 0.1, 0.0, 0.0, 0.0, 0, 12747.0, -10696.4762, True, 2540
ESPPRC_heur, 0.1, 0.0, 0.0, 0.0, 0, 12747.0, -23715.3219, True, 2504
ESPPRC_heur, 0.1, 0.0, 0.0, 0.0, 0, 12747.0, -18677.7475, True, 2135
ESPPRC_heur, 0.1, 0.0, 0.0, 0.0, 0, 12747.0, -18607.6877, True, 2509
ESPPRC_heur, 0.1, 0.0, 0.0, 0.0, 0, 12747.0, -4162.2269, True, 2110
ESPPRC_heur, 0.1, 0.0, 0.0, 0.0, 0, 12747.0, -17901.6828, True, 3002
ESPPRC_heur, 0.2, 0.0, 0.0, 0.0, 0, 12747.0, -21815.0633, True, 2855
ESPPRC_heur, 0.1, 0.0, 0.0, 0.0, 0, 12747.0, -18693.2315, True, 2429
ESPPRC_heur, 0.1, 0.0, 0.0, 0.0, 0, 12747.0, -8463.1946, True, 2541
ESPPRC_heur, 0.1, 0.0, 0.0, 0.0, 0, 12747.0, -7245.2529, True, 2494
ESPPRC_heur, 0.1, 0.0, 0.0, 0.0, 0, 12747.0, -8694.8424, True, 2768
ESPPRC_heur, 0.1, 0.0, 0.0, 0.0, 0, 12747.0, -20497.9119, True, 2664
ESPPRC_heur, 0.0, 0.1, 0.0, 0.0, 0, 12747.0, -14971.3263, True, 3274
ESPPRC_heur, 0.1, 0.1, 0.0, 0.0, 0, 12747.0, -17609.5124, True, 3910
ESPPRC_heur, 0.1, 0.0, 0.0, 0.0, 0, 12747.0, -22596.6689, True, 3090
ESPPRC_heur, 0.1, 0.0, 0.0, 0.0, 0, 12747.0, -26974.9703, True, 2975
ESPPRC_heur, 0.1, 0.0, 0.0, 0.0, 0, 12747.0, -22367.6629, True, 2725
ESPPRC_heur, 0.1, 0.0, 0.0, 0.0, 0, 12747.0, -17673.8415, True, 3339
ESPPRC_heur, 0.0, 0.1, 0.0, 0.0, 0, 12747.0, -26508.8241, True, 3506
ESPPRC_heur, 0.1, 0.1, 0.0, 0.0, 0, 12747.0, -18893.211, True, 3672
ESPPRC_heur, 0.1, 0.1, 0.0, 0.0, 0, 12747.0, -17748.7952, True, 4153
ESPPRC_heur, 0.0, 0.1, 0.0, 0.0, 0, 12747.0, -14194.8237, True, 3481
ESPPRC_heur, 0.1, 0.1, 0.0, 0.0, 0, 12747.0, -13996.3211, True, 3404
ESPPRC_heur, 0.1, 0.0, 0.0, 0.0, 0, 12747.0, -36287.6358, True, 2991
ESPPRC_heur, 0.1, 0.1, 0.0, 0.0, 0, 12747.0, -40679.653, True, 3457
ESPPRC_heur, 0.1, 0.1, 0.0, 0.0, 0, 12747.0, -50764.7448, True, 3879
ESPPRC_heur, 0.1, 0.1, 0.1, 0.0, 0, 12747.0, -47170.3557, True, 5864
ESPPRC_heur, 0.1, 0.1, 0.1, 0.0, 0, 12747.0, -58903.7754, True, 4962
ESPPRC_heur, 0.1, 0.1, 0.1, 0.0, 0, 12747.0, -68919.6854, True, 5678
ESPPRC_heur, 0.1, 0.1, 0.1, 0.0, 0, 12747.0, -76814.6388, True, 5059
ESPPRC_heur, 0.1, 0.2, 0.1, 0.0, 0, 12747.0, -118578.7326, True, 6006
ESPPRC_heur, 0.1, 0.2, 0.1, 0.0, 0, 12747.0, -89599.0887, True, 6049
ESPPRC_heur, 0.1, 0.2, 0.1, 0.0, 0, 12747.0, -75080.403, True, 6858
ESPPRC_heur, 0.1, 0.2, 0.2, 0.0, 0, 12747.0, -108860.2807, True, 7196
ESPPRC_heur, 0.2, 0.1, 0.1, 0.0, 0, 12747.0, -85412.559, True, 5765
ESPPRC_heur, 0.1, 0.2, 0.1, 0.0, 0, 12747.0, -92834.6078, True, 5928
ESPPRC_heur, 0.2, 0.1, 0.1, 0.0, 0, 12747.0, -70809.4712, True, 5890
ESPPRC_heur, 0.1, 0.2, 0.1, 0.0, 0, 12747.0, -78306.8661, True, 6877
ESPPRC_heur, 0.1, 0.1, 0.1, 0.0, 0, 12747.0, -66329.0239, True, 5880
ESPPRC_heur, 0.1, 0.2, 0.1, 0.0, 0, 12747.0, -67637.3367, True, 6930
ESPPRC_heur, 0.1, 0.2, 0.1, 0.0, 0, 12747.0, -61716.1806, True, 6753
ESPPRC_heur, 0.1, 0.2, 0.1, 0.0, 0, 12747.0, -57721.5703, True, 6948
ESPPRC_heur, 0.1, 0.1, 0.1, 0.0, 0, 12747.0, -54864.2798, True, 5328
ESPPRC_heur, 0.1, 0.2, 0.1, 0.0, 0, 12747.0, -41352.8249, True, 6630
ESPPRC_heur, 0.1, 0.2, 0.1, 0.0, 0, 12747.0, -48529.1091, True, 6108
ESPPRC_heur, 0.1, 0.1, 0.1, 0.0, 0, 12747.0, -65898.115, True, 5868
ESPPRC_heur, 0.1, 0.2, 0.1, 0.0, 0, 12747.0, -55182.4032, True, 7230
ESPPRC_heur, 0.1, 0.2, 0.1, 0.0, 0, 12747.0, -48336.6196, True, 6489
ESPPRC_heur, 0.1, 0.2, 0.1, 0.0, 0, 12747.0, -49859.5458, True, 6788
ESPPRC_heur, 0.1, 0.2, 0.1, 0.0, 0, 12747.0, -43176.9811, True, 6811
ESPPRC_heur, 0.1, 0.2, 0.2, 0.0, 0, 12747.0, -55989.1965, True, 6961
ESPPRC_heur, 0.1, 0.2, 0.1, 0.0, 0, 12747.0, -45493.5398, True, 6018
ESPPRC_heur, 0.1, 0.2, 0.1, 0.0, 0, 12747.0, -42151.6024, True, 6907
ESPPRC_heur, 0.1, 0.2, 0.1, 0.0, 0, 12747.0, -41791.8605, True, 6104
ESPPRC_heur, 0.1, 0.2, 0.1, 0.0, 0, 12747.0, -50909.8197, True, 6637
ESPPRC_heur, 0.1, 0.2, 0.2, 0.0, 0, 12747.0, -49841.1912, True, 7276
ESPPRC_heur, 0.1, 0.2, 0.2, 0.0, 0, 12747.0, -52595.1072, True, 7277
ESPPRC_heur, 0.1, 0.2, 0.2, 0.0, 0, 12747.0, -67810.1687, True, 7251
ESPPRC_heur, 0.1, 0.2, 0.2, 0.0, 0, 12747.0, -48910.8792, True, 6937
ESPPRC_heur, 0.1, 0.2, 0.1, 0.0, 0, 12747.0, -52242.9167, True, 6329
ESPPRC_heur, 0.1, 0.2, 0.1, 0.0, 0, 12747.0, -57538.0286, True, 6474
ESPPRC_heur, 0.1, 0.2, 0.1, 0.0, 0, 12747.0, -42935.7834, True, 6597
ESPPRC_heur, 0.1, 0.2, 0.1, 0.0, 0, 12747.0, -45719.6719, True, 6218
ESPPRC_heur, 0.1, 0.1, 0.1, 0.0, 0, 12747.0, -43199.188, True, 4390
ESPPRC_heur, 0.1, 0.2, 0.2, 0.0, 0, 12747.0, -37151.0856, True, 6669
ESPPRC_heur, 0.1, 0.2, 0.1, 0.0, 0, 12747.0, -35859.919, True, 6249
ESPPRC_heur, 0.1, 0.2, 0.1, 0.0, 0, 12747.0, -32379.8468, True, 6530
ESPPRC_heur, 0.1, 0.2, 0.1, 0.0, 0, 12747.0, -27903.3491, True, 6771
ESPPRC_heur, 0.1, 0.2, 0.1, 0.0, 0, 12747.0, -46433.7635, True, 5859
ESPPRC_heur, 0.1, 0.2, 0.1, 0.0, 0, 12747.0, -32013.2133, True, 5829
ESPPRC_heur, 0.1, 0.2, 0.1, 0.0, 0, 12747.0, -41058.1716, True, 6350
ESPPRC_heur, 0.1, 0.3, 0.2, 0.0, 0, 12747.0, -56923.3929, True, 7648
ESPPRC_heur, 0.1, 0.2, 0.2, 0.0, 0, 12747.0, -42539.0553, True, 7318
ESPPRC_heur, 0.1, 0.2, 0.1, 0.0, 0, 12747.0, -37448.0871, True, 6757
ESPPRC_heur, 0.1, 0.2, 0.1, 0.0, 0, 12747.0, -32737.0206, True, 6115
ESPPRC_heur, 0.1, 0.1, 0.1, 0.0, 0, 12747.0, -38469.4386, True, 5451
ESPPRC_heur, 0.1, 0.1, 0.1, 0.0, 0, 12747.0, -29870.1329, True, 5644
ESPPRC_heur, 0.1, 0.1, 0.1, 0.0, 0, 12747.0, -29801.523, True, 5118
ESPPRC_heur, 0.1, 0.2, 0.1, 0.0, 0, 12747.0, -37424.1204, True, 6645
ESPPRC_heur, 0.1, 0.2, 0.1, 0.0, 0, 12747.0, -31241.2108, True, 6020
ESPPRC_heur, 0.1, 0.1, 0.1, 0.0, 0, 12747.0, -27364.5284, True, 5275
ESPPRC_heur, 0.1, 0.2, 0.1, 0.0, 0, 12747.0, -25954.9882, True, 5792
ESPPRC_heur, 0.1, 0.3, 0.2, 0.0, 0, 12747.0, -26363.9911, True, 7239
ESPPRC_heur, 0.1, 0.1, 0.1, 0.0, 0, 12747.0, -29869.4468, True, 5001
ESPPRC_heur, 0.1, 0.2, 0.1, 0.0, 0, 12747.0, -23602.6876, True, 6034
ESPPRC_heur, 0.1, 0.2, 0.1, 0.0, 0, 12747.0, -33327.2757, True, 6063
ESPPRC_heur, 0.1, 0.2, 0.1, 0.0, 0, 12747.0, -31780.0513, True, 5814
ESPPRC_heur, 0.1, 0.2, 0.1, 0.0, 0, 12747.0, -24604.93, True, 5961
ESPPRC_heur, 0.1, 0.1, 0.1, 0.0, 0, 12747.0, -28256.6652, True, 5039
ESPPRC_heur, 0.1, 0.1, 0.1, 0.0, 0, 12747.0, -28579.923, True, 5259
ESPPRC_heur, 0.1, 0.2, 0.1, 0.0, 0, 12747.0, -25241.1631, True, 5726
ESPPRC_heur, 0.1, 0.2, 0.1, 0.0, 0, 12747.0, -33201.6362, True, 6873
ESPPRC_heur, 0.1, 0.3, 0.2, 0.0, 0, 12747.0, -28130.8334, True, 7532
ESPPRC_heur, 0.1, 0.3, 0.2, 0.0, 0, 12747.0, -29529.8465, True, 7507
ESPPRC_heur, 0.0, 0.2, 0.1, 0.0, 0, 12747.0, -33809.4735, True, 5613
ESPPRC_heur, 0.1, 0.1, 0.1, 0.0, 0, 12747.0, -31839.7784, True, 5115
ESPPRC_heur, 0.1, 0.2, 0.2, 0.0, 0, 12747.0, -33548.7037, True, 7606
ESPPRC_heur, 0.1, 0.2, 0.1, 0.0, 0, 12747.0, -23212.6948, True, 6379
ESPPRC_heur, 0.1, 0.2, 0.1, 0.0, 0, 12747.0, -21887.3348, True, 7048
ESPPRC_heur, 0.2, 0.1, 0.1, 0.0, 0, 12747.0, -25316.3593, True, 5649
ESPPRC_heur, 0.1, 0.2, 0.1, 0.0, 0, 12747.0, -19554.5452, True, 6181
ESPPRC_heur, 0.2, 0.1, 0.1, 0.0, 0, 12747.0, -21445.1829, True, 5326
ESPPRC_heur, 0.1, 0.4, 0.3, 0.0, 0, 12747.0, -22951.9597, True, 8029
ESPPRC_heur, 0.1, 0.2, 0.1, 0.0, 0, 12747.0, -20982.9786, True, 6808
ESPPRC_heur, 0.1, 0.3, 0.2, 0.0, 0, 12747.0, -25976.5603, True, 6732
ESPPRC_heur, 0.1, 0.3, 0.2, 0.0, 0, 12747.0, -27343.5488, True, 7072
ESPPRC_heur, 0.1, 0.2, 0.1, 0.0, 0, 12747.0, -22146.2475, True, 6009
ESPPRC_heur, 0.1, 0.2, 0.1, 0.0, 0, 12747.0, -19066.8627, True, 5732
ESPPRC_heur, 0.1, 0.3, 0.2, 0.0, 0, 12747.0, -28734.5018, True, 7299
ESPPRC_heur, 0.1, 0.2, 0.1, 0.0, 0, 12747.0, -27512.0244, True, 6782
ESPPRC_heur, 0.1, 0.2, 0.1, 0.0, 0, 12747.0, -26337.9263, True, 6038
ESPPRC_heur, 0.0, 0.2, 0.1, 0.0, 0, 12747.0, -28334.1541, True, 5428
ESPPRC_heur, 0.1, 0.2, 0.1, 0.0, 0, 12747.0, -25429.3587, True, 5840
ESPPRC_heur, 0.1, 0.2, 0.1, 0.0, 0, 12747.0, -27864.4375, True, 6038
ESPPRC_heur, 0.1, 0.2, 0.1, 0.0, 0, 12747.0, -27663.6691, True, 6555
ESPPRC_heur, 0.1, 0.2, 0.1, 0.0, 0, 12747.0, -27556.4699, True, 5758
ESPPRC_heur, 0.1, 0.2, 0.1, 0.0, 0, 12747.0, -28702.5174, True, 6724
ESPPRC_heur, 0.1, 0.2, 0.1, 0.0, 0, 12747.0, -36056.7142, True, 6067
ESPPRC_heur, 0.1, 0.2, 0.1, 0.0, 0, 12747.0, -31760.3542, True, 6591
ESPPRC_heur, 0.1, 0.2, 0.1, 0.0, 0, 12747.0, -30258.7991, True, 5742
ESPPRC_heur, 0.1, 0.2, 0.1, 0.0, 0, 12747.0, -21821.1386, True, 5991
ESPPRC_heur, 0.1, 0.1, 0.1, 0.0, 0, 12747.0, -22360.4284, True, 4836
ESPPRC_heur, 0.1, 0.3, 0.2, 0.0, 0, 12747.0, -26515.4448, True, 7666
ESPPRC_heur, 0.1, 0.2, 0.1, 0.0, 0, 12747.0, -25873.5912, True, 5816
ESPPRC_heur, 0.1, 0.3, 0.2, 0.0, 0, 12747.0, -21735.3475, True, 6634
ESPPRC_heur, 0.1, 0.3, 0.2, 0.0, 0, 12747.0, -22626.4805, True, 7004
ESPPRC_heur, 0.1, 0.2, 0.1, 0.0, 0, 12747.0, -14203.4276, True, 6340
ESPPRC_heur, 0.1, 0.1, 0.1, 0.0, 0, 12747.0, -26153.9985, True, 5443
ESPPRC_heur, 0.2, 0.1, 0.1, 0.0, 0, 12747.0, -24655.9825, True, 5691
ESPPRC_heur, 0.1, 0.2, 0.1, 0.0, 0, 12747.0, -20791.0901, True, 6894
ESPPRC_heur, 0.1, 0.2, 0.1, 0.0, 0, 12747.0, -21445.4805, True, 5473
ESPPRC_heur, 0.1, 0.2, 0.1, 0.0, 0, 12747.0, -23493.6829, True, 6785
ESPPRC_heur, 0.2, 0.1, 0.1, 0.0, 0, 12747.0, -23587.445, True, 5394
ESPPRC_heur, 0.1, 0.2, 0.1, 0.0, 0, 12747.0, -26216.8448, True, 6591
ESPPRC_heur, 0.1, 0.2, 0.2, 0.0, 0, 12747.0, -22648.386, True, 6799
ESPPRC_heur, 0.1, 0.3, 0.2, 0.0, 0, 12747.0, -18756.4118, True, 7188
ESPPRC_heur, 0.1, 0.1, 0.1, 0.0, 0, 12747.0, -12262.4747, True, 5462
ESPPRC_heur, 0.1, 0.2, 0.1, 0.0, 0, 12747.0, -20311.9345, True, 6535
ESPPRC_heur, 0.1, 0.2, 0.1, 0.0, 0, 12747.0, -19227.1677, True, 6072
ESPPRC_heur, 0.1, 0.3, 0.2, 0.0, 0, 12747.0, -17803.9073, True, 7257
ESPPRC_heur, 0.1, 0.3, 0.2, 0.0, 0, 12747.0, -20369.9434, True, 6807
ESPPRC_heur, 0.1, 0.3, 0.2, 0.0, 0, 12747.0, -14950.7359, True, 7459
ESPPRC_heur, 0.1, 0.2, 0.2, 0.0, 0, 12747.0, -23200.9035, True, 6815
ESPPRC_heur, 0.1, 0.2, 0.1, 0.0, 0, 12747.0, -23902.616, True, 5936
ESPPRC_heur, 0.1, 0.4, 0.3, 0.0, 0, 12747.0, -25286.6618, True, 7544
ESPPRC_heur, 0.1, 0.2, 0.1, 0.0, 0, 12747.0, -18704.0059, True, 5574
ESPPRC_heur, 0.1, 0.2, 0.1, 0.0, 0, 12747.0, -16737.3595, True, 6568
ESPPRC_heur, 0.1, 0.2, 0.1, 0.0, 0, 12747.0, -21088.0738, True, 5987
ESPPRC_heur, 0.1, 0.3, 0.2, 0.0, 0, 12747.0, -25220.8048, True, 7044
ESPPRC_heur, 0.1, 0.3, 0.2, 0.0, 0, 12747.0, -21343.1481, True, 7361
ESPPRC_heur, 0.1, 0.2, 0.1, 0.0, 0, 12747.0, -19105.3516, True, 6842
ESPPRC_heur, 0.1, 0.1, 0.1, 0.0, 0, 12747.0, -19538.2714, True, 4767
ESPPRC_heur, 0.1, 0.2, 0.1, 0.0, 0, 12747.0, -18243.2536, True, 5469
ESPPRC_heur, 0.1, 0.2, 0.2, 0.0, 0, 12747.0, -21689.7553, True, 6609
ESPPRC_heur, 0.1, 0.2, 0.1, 0.0, 0, 12747.0, -18056.9381, True, 6255
ESPPRC_heur, 0.1, 0.2, 0.1, 0.0, 0, 12747.0, -21930.4918, True, 6367
ESPPRC_heur, 0.2, 0.2, 0.2, 0.0, 0, 12747.0, -22618.696, True, 7224
ESPPRC_heur, 0.1, 0.2, 0.1, 0.0, 0, 12747.0, -19384.8157, True, 5941
ESPPRC_heur, 0.1, 0.2, 0.1, 0.0, 0, 12747.0, -15217.3211, True, 5879
ESPPRC_heur, 0.1, 0.2, 0.1, 0.0, 0, 12747.0, -14623.7267, True, 6120
ESPPRC_heur, 0.2, 0.2, 0.1, 0.0, 0, 12747.0, -18308.6896, True, 6016
ESPPRC_heur, 0.1, 0.1, 0.1, 0.0, 0, 12747.0, -13615.6067, True, 4428
ESPPRC_heur, 0.1, 0.2, 0.1, 0.0, 0, 12747.0, -20616.7597, True, 6336
ESPPRC_heur, 0.1, 0.2, 0.2, 0.0, 0, 12747.0, -17505.4026, True, 6645
ESPPRC_heur, 0.1, 0.2, 0.1, 0.0, 0, 12747.0, -14786.8532, True, 5528
ESPPRC_heur, 0.1, 0.2, 0.1, 0.0, 0, 12747.0, -14167.1255, True, 5883
ESPPRC_heur, 0.2, 0.1, 0.1, 0.0, 0, 12747.0, -18254.8627, True, 5222
ESPPRC_heur, 0.2, 0.3, 0.2, 0.0, 0, 12747.0, -12628.7401, True, 6824
ESPPRC_heur, 0.1, 0.3, 0.2, 0.0, 0, 12747.0, -16612.4008, True, 6194
ESPPRC_heur, 0.1, 0.2, 0.1, 0.0, 0, 12747.0, -16491.8322, True, 5994
ESPPRC_heur, 0.1, 0.2, 0.1, 0.0, 0, 12747.0, -17786.1048, True, 6623
ESPPRC_heur, 0.1, 0.2, 0.1, 0.0, 0, 12747.0, -12588.2564, True, 5538
ESPPRC_heur, 0.1, 0.2, 0.1, 0.0, 0, 12747.0, -17366.4509, True, 5902
ESPPRC_heur, 0.1, 0.2, 0.1, 0.0, 0, 12747.0, -14112.6188, True, 6006
ESPPRC_heur, 0.1, 0.2, 0.1, 0.0, 0, 12747.0, -12480.8271, True, 7021
ESPPRC_heur, 0.1, 0.2, 0.1, 0.0, 0, 12747.0, -19730.7117, True, 6186
ESPPRC_heur, 0.1, 0.2, 0.1, 0.0, 0, 12747.0, -9026.3655, True, 6229
ESPPRC_heur, 0.1, 0.2, 0.1, 0.0, 0, 12747.0, -10220.6913, True, 6026
ESPPRC_heur, 0.1, 0.2, 0.1, 0.0, 0, 12747.0, -14028.48, True, 5801
ESPPRC_heur, 0.1, 0.2, 0.1, 0.0, 0, 12747.0, -15971.4518, True, 6082
ESPPRC_heur, 0.0, 0.3, 0.2, 0.0, 0, 12747.0, -15999.9552, True, 7245
ESPPRC_heur, 0.1, 0.2, 0.1, 0.0, 0, 12747.0, -14106.7907, True, 6611
ESPPRC_heur, 0.1, 0.2, 0.1, 0.0, 0, 12747.0, -11904.9323, True, 5587
ESPPRC_heur, 0.1, 0.2, 0.1, 0.0, 0, 12747.0, -12002.9055, True, 6066
ESPPRC_heur, 0.1, 0.2, 0.1, 0.0, 0, 12747.0, -12617.3862, True, 6111
ESPPRC_heur, 0.1, 0.2, 0.1, 0.0, 0, 12747.0, -16256.0629, True, 6174
ESPPRC_heur, 0.1, 0.2, 0.1, 0.0, 0, 12747.0, -14621.5207, True, 6066
ESPPRC_heur, 0.1, 0.3, 0.2, 0.0, 0, 12747.0, -14623.2011, True, 8405
ESPPRC_heur, 0.1, 0.1, 0.1, 0.0, 0, 12747.0, -12641.6382, True, 4748
ESPPRC_heur, 0.1, 0.3, 0.2, 0.0, 0, 12747.0, -11310.6342, True, 6921
ESPPRC_heur, 0.1, 0.2, 0.2, 0.0, 0, 12747.0, -15823.0659, True, 6993
ESPPRC_heur, 0.2, 0.1, 0.1, 0.0, 0, 12747.0, -21741.5324, True, 5695
ESPPRC_heur, 0.1, 0.2, 0.1, 0.0, 0, 12747.0, -14382.2001, True, 5720
ESPPRC_heur, 0.1, 0.2, 0.1, 0.0, 0, 12747.0, -12762.1271, True, 6353
ESPPRC_heur, 0.1, 0.3, 0.2, 0.0, 0, 12747.0, -24989.7938, True, 7563
ESPPRC_heur, 0.2, 0.2, 0.2, 0.0, 0, 12747.0, -14951.0078, True, 6754
ESPPRC_heur, 0.1, 0.2, 0.2, 0.0, 0, 12747.0, -14411.3737, True, 6689
ESPPRC_heur, 0.1, 0.2, 0.1, 0.0, 0, 12747.0, -15092.18, True, 6033
ESPPRC_heur, 0.1, 0.2, 0.1, 0.0, 0, 12747.0, -14309.0213, True, 5978
ESPPRC_heur, 0.1, 0.1, 0.1, 0.0, 0, 12747.0, -13351.0242, True, 4669
ESPPRC_heur, 0.2, 0.1, 0.1, 0.0, 0, 12747.0, -9529.9278, True, 5208
ESPPRC_heur, 0.1, 0.2, 0.1, 0.0, 0, 12747.0, -10759.3349, True, 5770
ESPPRC_heur, 0.1, 0.2, 0.1, 0.0, 0, 12747.0, -14221.5988, True, 6245
ESPPRC_heur, 0.1, 0.2, 0.1, 0.0, 0, 12747.0, -13773.948, True, 5757
ESPPRC_heur, 0.1, 0.2, 0.1, 0.0, 0, 12747.0, -13215.7943, True, 6148
ESPPRC_heur, 0.1, 0.2, 0.1, 0.0, 0, 12747.0, -13732.6395, True, 5913
ESPPRC_heur, 0.1, 0.2, 0.2, 0.0, 0, 12747.0, -15216.1447, True, 6997
ESPPRC_heur, 0.1, 0.3, 0.2, 0.0, 0, 12747.0, -13300.1535, True, 7694
ESPPRC_heur, 0.1, 0.2, 0.1, 0.0, 0, 12747.0, -11272.2616, True, 5353
ESPPRC_heur, 0.1, 0.2, 0.1, 0.0, 0, 12747.0, -10666.3408, True, 5995
ESPPRC_heur, 0.1, 0.2, 0.1, 0.0, 0, 12747.0, -11420.4711, True, 7084
ESPPRC_heur, 0.1, 0.2, 0.1, 0.0, 0, 12747.0, -11880.5028, True, 5858
ESPPRC_heur, 0.1, 0.2, 0.1, 0.0, 0, 12747.0, -16753.4969, True, 6489
ESPPRC_heur, 0.1, 0.2, 0.1, 0.0, 0, 12747.0, -11166.4309, True, 5475
ESPPRC_heur, 0.1, 0.2, 0.1, 0.0, 0, 12747.0, -13632.5899, True, 5941
ESPPRC_heur, 0.1, 0.2, 0.1, 0.0, 0, 12747.0, -6508.3368, True, 5860
ESPPRC_heur, 0.1, 0.1, 0.1, 0.0, 0, 12747.0, -12711.8283, True, 4057
ESPPRC_heur, 0.1, 0.2, 0.1, 0.0, 0, 12747.0, -8449.7194, True, 6718
ESPPRC_heur, 0.1, 0.2, 0.1, 0.0, 0, 12747.0, -13587.5781, True, 5977
ESPPRC_heur, 0.1, 0.2, 0.2, 0.0, 0, 12747.0, -12445.7593, True, 6954
ESPPRC_heur, 0.2, 0.1, 0.1, 0.0, 0, 12747.0, -7264.3267, True, 5068
ESPPRC_heur, 0.1, 0.2, 0.1, 0.0, 0, 12747.0, -8900.6352, True, 6348
ESPPRC_heur, 0.1, 0.2, 0.1, 0.0, 0, 12747.0, -10518.7357, True, 5861
ESPPRC_heur, 0.1, 0.2, 0.1, 0.0, 0, 12747.0, -8140.0875, True, 6052
ESPPRC_heur, 0.1, 0.2, 0.1, 0.0, 0, 12747.0, -8000.8534, True, 5987
ESPPRC_heur, 0.1, 0.2, 0.1, 0.0, 0, 12747.0, -9018.9758, True, 5702
ESPPRC_heur, 0.1, 0.2, 0.1, 0.0, 0, 12747.0, -11711.2173, True, 6633
ESPPRC_heur, 0.1, 0.2, 0.1, 0.0, 0, 12747.0, -9778.4044, True, 5954
ESPPRC_heur, 0.2, 0.1, 0.1, 0.0, 0, 12747.0, -6357.557, True, 5460
ESPPRC_heur, 0.1, 0.4, 0.3, 0.0, 0, 12747.0, -11677.7694, True, 7307
ESPPRC_heur, 0.2, 0.1, 0.1, 0.0, 0, 12747.0, -9465.1234, True, 5384
ESPPRC_heur, 0.1, 0.1, 0.1, 0.0, 0, 12747.0, -9021.4697, True, 5261
ESPPRC_heur, 0.1, 0.2, 0.1, 0.0, 0, 12747.0, -12726.0779, True, 6071
ESPPRC_heur, 0.1, 0.2, 0.1, 0.0, 0, 12747.0, -8137.2232, True, 5336
ESPPRC_heur, 0.2, 0.2, 0.2, 0.0, 0, 12747.0, -8217.1942, True, 6561
ESPPRC_heur, 0.1, 0.2, 0.1, 0.0, 0, 12747.0, -4396.5508, True, 6271
ESPPRC_heur, 0.1, 0.1, 0.1, 0.0, 0, 12747.0, -6929.477, True, 5097
ESPPRC_heur, 0.1, 0.2, 0.1, 0.0, 0, 12747.0, -6909.8723, True, 6620
ESPPRC_heur, 0.1, 0.2, 0.2, 0.0, 0, 12747.0, -10141.3597, True, 6641
ESPPRC_heur, 0.2, 0.2, 0.2, 0.0, 0, 12747.0, -10138.1526, True, 7194
ESPPRC_heur, 0.1, 0.2, 0.1, 0.0, 0, 12747.0, -7578.4502, True, 6021
ESPPRC_heur, 0.1, 0.2, 0.1, 0.0, 0, 12747.0, -8752.9118, True, 5923
ESPPRC_heur, 0.1, 0.1, 0.1, 0.0, 0, 12747.0, -9765.324, True, 5082
ESPPRC_heur, 0.1, 0.2, 0.1, 0.0, 0, 12747.0, -9394.1879, True, 6025
ESPPRC_heur, 0.1, 0.2, 0.1, 0.0, 0, 12747.0, -6619.0873, True, 5793
ESPPRC_heur, 0.1, 0.2, 0.1, 0.0, 0, 12747.0, -9728.5152, True, 5410
ESPPRC_heur, 0.1, 0.2, 0.1, 0.0, 0, 12747.0, -9382.8257, True, 5143
ESPPRC_heur, 0.1, 0.2, 0.1, 0.0, 0, 12747.0, -5346.8912, True, 5243
ESPPRC_heur, 0.1, 0.2, 0.1, 0.0, 0, 12747.0, -9287.8643, True, 5312
ESPPRC_heur, 0.1, 0.2, 0.2, 0.0, 0, 12747.0, -10972.8527, True, 6421
ESPPRC_heur, 0.2, 0.1, 0.1, 0.0, 0, 12747.0, -8448.3606, True, 4988
ESPPRC_heur, 0.1, 0.1, 0.1, 0.0, 0, 12747.0, -5405.1568, True, 5296
ESPPRC_heur, 0.1, 0.2, 0.1, 0.0, 0, 12747.0, -7882.5095, True, 5930
ESPPRC_heur, 0.1, 0.2, 0.1, 0.0, 0, 12747.0, -7814.8583, True, 5532
ESPPRC_heur, 0.1, 0.2, 0.1, 0.0, 0, 12747.0, -6869.8305, True, 5333
ESPPRC_heur, 0.1, 0.2, 0.1, 0.0, 0, 12747.0, -6562.8956, True, 5337
ESPPRC_heur, 0.1, 0.2, 0.1, 0.0, 0, 12747.0, -8752.8195, True, 5661
ESPPRC_heur, 0.1, 0.2, 0.1, 0.0, 0, 12747.0, -10541.1357, True, 5888
ESPPRC_heur, 0.2, 0.2, 0.2, 0.0, 0, 12747.0, -7737.0356, True, 7027
ESPPRC_heur, 0.1, 0.2, 0.2, 0.0, 0, 12747.0, -8830.7621, True, 6448
ESPPRC_heur, 0.1, 0.2, 0.1, 0.0, 0, 12747.0, -5899.006, True, 6296
ESPPRC_heur, 0.1, 0.1, 0.1, 0.0, 0, 12747.0, -5896.5625, True, 4613
ESPPRC_heur, 0.1, 0.2, 0.1, 0.0, 0, 12747.0, -9647.738, True, 6314
ESPPRC_heur, 0.1, 0.1, 0.1, 0.0, 0, 12747.0, -5601.3326, True, 3651
ESPPRC_heur, 0.1, 0.2, 0.1, 0.0, 0, 12747.0, -3633.0524, True, 5090
ESPPRC_heur, 0.1, 0.3, 0.2, 0.0, 0, 12747.0, -7543.8767, True, 7298
ESPPRC_heur, 0.1, 0.3, 0.2, 0.0, 0, 12747.0, -9843.9296, True, 5899
ESPPRC_heur, 0.0, 0.4, 0.3, 0.0, 0, 12747.0, -10196.727, True, 6677
ESPPRC_heur, 0.2, 0.2, 0.2, 0.0, 0, 12747.0, -10652.5821, True, 6611
ESPPRC_heur, 0.2, 0.1, 0.1, 0.0, 0, 12747.0, -13596.1418, True, 5093
ESPPRC_heur, 0.1, 0.3, 0.2, 0.0, 0, 12747.0, -15096.9949, True, 5943
ESPPRC_heur, 0.1, 0.3, 0.2, 0.0, 0, 12747.0, -6972.5279, True, 4763
ESPPRC_heur, 0.1, 0.4, 0.3, 0.0, 0, 12747.0, -14048.707, True, 6174
ESPPRC_heur, 0.1, 0.4, 0.3, 0.0, 0, 12747.0, -8448.3193, True, 5581
ESPPRC_heur, 0.1, 0.3, 0.2, 0.0, 0, 12747.0, -9196.1952, True, 5547
ESPPRC_heur, 0.1, 0.2, 0.1, 0.0, 0, 12747.0, -8738.9362, True, 5569
ESPPRC_heur, 0.0, 0.2, 0.1, 0.0, 0, 12747.0, -5062.3222, True, 5327
ESPPRC_heur, 0.1, 0.2, 0.2, 0.0, 0, 12747.0, -8887.8359, True, 6639
ESPPRC_heur, 0.0, 0.2, 0.1, 0.0, 0, 12747.0, -7420.1977, True, 5469
ESPPRC_heur, 0.1, 0.1, 0.1, 0.0, 0, 12747.0, -5792.7415, True, 4294
ESPPRC_heur, 0.1, 0.2, 0.1, 0.0, 0, 12747.0, -6617.7372, True, 5952
ESPPRC_heur, 0.1, 0.2, 0.1, 0.0, 0, 12747.0, -8380.401, True, 5909
ESPPRC_heur, 0.2, 0.2, 0.2, 0.0, 0, 12747.0, -9816.4279, True, 6603
ESPPRC_heur, 0.1, 0.2, 0.1, 0.0, 0, 12747.0, -10620.8053, True, 5873
ESPPRC_heur, 0.1, 0.2, 0.1, 0.0, 0, 12747.0, -10822.2598, True, 6047
ESPPRC_heur, 0.1, 0.2, 0.1, 0.0, 0, 12747.0, -8190.4653, True, 6570
ESPPRC_heur, 0.1, 0.2, 0.1, 0.0, 0, 12747.0, -8676.6876, True, 6527
ESPPRC_heur, 0.1, 0.2, 0.1, 0.0, 0, 12747.0, -5815.9069, True, 5871
ESPPRC_heur, 0.1, 0.3, 0.2, 0.0, 0, 12747.0, -13759.9536, True, 7616
ESPPRC_heur, 0.2, 0.2, 0.2, 0.0, 0, 12747.0, -8070.8512, True, 6432
ESPPRC_heur, 0.1, 0.2, 0.1, 0.0, 0, 12747.0, -17144.058, True, 5568
ESPPRC_heur, 0.1, 0.2, 0.1, 0.0, 0, 12747.0, -4681.2537, True, 5327
ESPPRC_heur, 0.1, 0.3, 0.2, 0.0, 0, 12747.0, -7163.1714, True, 7167
ESPPRC_heur, 0.1, 0.2, 0.1, 0.0, 0, 12747.0, -7983.6609, True, 6142
ESPPRC_heur, 0.1, 0.2, 0.1, 0.0, 0, 12747.0, -4115.5727, True, 5819
ESPPRC_heur, 0.1, 0.3, 0.2, 0.0, 0, 12747.0, -3212.4076, True, 5895
ESPPRC_heur, 0.1, 0.3, 0.2, 0.0, 0, 12747.0, -6465.6327, True, 5646
ESPPRC_heur, 0.1, 0.2, 0.1, 0.0, 0, 12747.0, -4806.4183, True, 6061
ESPPRC_heur, 0.1, 0.2, 0.1, 0.0, 0, 12747.0, -5482.1722, True, 5917
ESPPRC_heur, 0.2, 0.2, 0.2, 0.0, 0, 12747.0, -5192.0928, True, 5661
ESPPRC_heur, 0.1, 0.1, 0.1, 0.0, 0, 12747.0, -3333.2572, True, 3925
ESPPRC_heur, 0.1, 0.2, 0.1, 0.0, 0, 12747.0, -6190.3604, True, 5338
ESPPRC_heur, 0.1, 0.1, 0.1, 0.0, 0, 12747.0, -4763.52, True, 4493
ESPPRC_heur, 0.1, 0.1, 0.1, 0.0, 0, 12747.0, -9054.3654, True, 4805
ESPPRC_heur, 0.2, 0.2, 0.2, 0.0, 0, 12747.0, -6245.79, True, 6040
ESPPRC_heur, 0.1, 0.3, 0.2, 0.0, 0, 12747.0, -10680.4622, True, 6616
ESPPRC_heur, 0.1, 0.4, 0.3, 0.0, 0, 12747.0, -3797.4127, True, 6881
ESPPRC_heur, 0.1, 0.3, 0.2, 0.0, 0, 12747.0, -10960.269, True, 5739
ESPPRC_heur, 0.1, 0.2, 0.1, 0.0, 0, 12747.0, -72.1826, True, 5138
ESPPRC_heur, 0.1, 0.2, 0.1, 0.0, 0, 12747.0, -5258.2484, True, 5152
ESPPRC_heur, 0.1, 0.2, 0.1, 0.0, 0, 12747.0, -5813.0497, True, 6070
ESPPRC_heur, 0.1, 0.3, 0.2, 0.0, 0, 12747.0, -4928.1255, True, 6354
ESPPRC_heur, 0.2, 0.2, 0.2, 0.0, 0, 12747.0, -5394.2906, True, 6759
ESPPRC_heur, 0.1, 0.2, 0.1, 0.0, 0, 12747.0, -6672.9156, True, 5565
ESPPRC_heur, 0.2, 0.2, 0.1, 0.0, 0, 12747.0, -5452.8536, True, 5657
ESPPRC_heur, 0.1, 0.2, 0.1, 0.0, 0, 12747.0, -5450.3517, True, 6321
ESPPRC_heur, 0.1, 0.2, 0.1, 0.0, 0, 12747.0, -6623.5699, True, 6305
ESPPRC_heur, 0.1, 0.2, 0.1, 0.0, 0, 12747.0, -9897.4916, True, 5618
ESPPRC_heur, 0.1, 0.1, 0.1, 0.0, 0, 12747.0, -7284.9186, True, 5309
ESPPRC_heur, 0.2, 0.1, 0.1, 0.0, 0, 12747.0, -3129.7666, True, 5012
ESPPRC_heur, 0.1, 0.2, 0.1, 0.0, 0, 12747.0, -913.7753, True, 4910
ESPPRC_heur, 0.2, 0.2, 0.2, 0.0, 0, 12747.0, -8232.8414, True, 7056
ESPPRC_heur, 0.1, 0.2, 0.1, 0.0, 0, 12747.0, -5109.4267, True, 6508
ESPPRC_heur, 0.1, 0.2, 0.1, 0.0, 0, 12747.0, -5151.7498, True, 5451
ESPPRC_heur, 0.1, 0.2, 0.1, 0.0, 0, 12747.0, -1511.0863, True, 5572
ESPPRC_heur, 0.1, 0.1, 0.1, 0.0, 0, 12747.0, -1012.7527, True, 4237
ESPPRC_heur, 0.1, 0.2, 0.1, 0.0, 0, 12747.0, -8998.1332, True, 6566
ESPPRC_heur, 0.1, 0.3, 0.2, 0.0, 0, 12747.0, -6346.0676, True, 6468
ESPPRC_heur, 0.1, 0.2, 0.1, 0.0, 0, 12747.0, -5114.762, True, 5458
ESPPRC_heur, 0.1, 0.2, 0.1, 0.0, 0, 12747.0, -3155.4148, True, 5390
ESPPRC_heur, 0.1, 0.2, 0.1, 0.0, 0, 12747.0, -2840.1987, True, 5020
ESPPRC_heur, 0.1, 0.2, 0.1, 0.0, 0, 12747.0, -2026.2729, True, 5221
ESPPRC_heur, 0.1, 0.2, 0.1, 0.0, 0, 12747.0, -4693.2229, True, 5663
ESPPRC_heur, 0.1, 0.2, 0.1, 0.0, 0, 12747.0, -4152.457, True, 5262
ESPPRC_heur, 0.1, 0.2, 0.1, 0.0, 0, 12747.0, -4073.638, True, 5780
ESPPRC_heur, 0.1, 0.3, 0.2, 0.0, 0, 12747.0, -4889.9803, True, 7428
ESPPRC_heur, 0.1, 0.2, 0.1, 0.0, 0, 12747.0, -4400.2298, True, 5559
ESPPRC_heur, 0.1, 0.2, 0.1, 0.0, 0, 12747.0, -7784.3277, True, 5645
ESPPRC_heur, 0.2, 0.1, 0.1, 0.0, 0, 12747.0, -4514.229, True, 4729
ESPPRC_heur, 0.2, 0.1, 0.1, 0.0, 0, 12747.0, -2762.6555, True, 4757
ESPPRC_heur, 0.1, 0.3, 0.2, 0.0, 0, 12747.0, -856.3247, True, 7110
ESPPRC_heur, 0.1, 0.2, 0.1, 0.0, 0, 12747.0, -339.5146, True, 5316
ESPPRC_heur, 0.1, 0.2, 0.1, 0.0, 0, 12747.0, -4850.8652, True, 5177
ESPPRC_heur, 0.2, 0.1, 0.1, 0.0, 0, 12747.0, -1566.6644, True, 4708
ESPPRC_heur, 0.2, 0.2, 0.2, 0.0, 0, 12747.0, -3864.3753, True, 6383
ESPPRC_heur, 0.1, 0.2, 0.1, 0.0, 0, 12747.0, -1374.8435, True, 5120
ESPPRC_heur, 0.2, 0.1, 0.1, 0.0, 0, 12747.0, -2851.8784, True, 5258
ESPPRC_heur, 0.1, 0.1, 0.1, 0.0, 0, 12747.0, -2798.4148, True, 4456
ESPPRC_heur, 0.2, 0.1, 0.1, 0.0, 0, 12747.0, 484.8983, True, 4892
ESPPRC_heur, 0.1, 0.2, 0.1, 0.0, 0, 12747.0, -1539.6684, True, 6275
ESPPRC_heur, 0.1, 0.2, 0.1, 0.0, 0, 12747.0, -7765.2786, True, 5676
ESPPRC_heur, 0.2, 0.1, 0.1, 0.0, 0, 12747.0, 702.0356, True, 4857
ESPPRC_heur, 0.2, 0.1, 0.1, 0.0, 0, 12747.0, -1530.5701, True, 4765
ESPPRC_heur, 0.2, 0.1, 0.1, 0.0, 0, 12747.0, -3136.7931, True, 5190
ESPPRC_heur, 0.1, 0.2, 0.1, 0.0, 0, 12747.0, -7041.8657, True, 4554
ESPPRC_heur, 0.1, 0.3, 0.2, 0.0, 0, 12747.0, -3323.283, True, 4210
ESPPRC_heur, 0.1, 0.5, 0.4, 0.0, 0, 12747.0, -5865.7397, True, 6888
ESPPRC_heur, 0.2, 0.2, 0.2, 0.0, 0, 12747.0, -4443.614, True, 5683
ESPPRC_heur, 0.1, 0.2, 0.1, 0.0, 0, 12747.0, -3545.6743, True, 5569
ESPPRC_heur, 0.1, 0.2, 0.2, 0.0, 0, 12747.0, -2827.3927, True, 5198
ESPPRC_heur, 0.1, 0.3, 0.2, 0.0, 0, 12747.0, -3543.1663, True, 5378
ESPPRC_heur, 0.1, 0.2, 0.1, 0.0, 0, 12747.0, -4522.491, True, 4884
ESPPRC_heur, 0.1, 0.3, 0.2, 0.0, 0, 12747.0, -3833.5328, True, 6355
ESPPRC_heur, 0.1, 0.2, 0.1, 0.0, 0, 12747.0, -6180.2555, True, 5086
ESPPRC_heur, 0.1, 0.2, 0.1, 0.0, 0, 12747.0, -4069.6132, True, 5334
ESPPRC_heur, 0.1, 0.2, 0.1, 0.0, 0, 12747.0, -1006.7601, True, 5531
ESPPRC_heur, 0.1, 0.1, 0.1, 0.0, 0, 12747.0, -4127.9927, True, 5478
ESPPRC_heur, 0.2, 0.1, 0.1, 0.0, 0, 12747.0, -1751.467, True, 4864
ESPPRC_heur, 0.1, 0.2, 0.1, 0.0, 0, 12747.0, 54.9652, True, 5317
ESPPRC_heur, 0.1, 0.2, 0.1, 0.0, 0, 12747.0, -2830.0834, True, 5189
ESPPRC_heur, 0.1, 0.2, 0.1, 0.0, 0, 12747.0, -1968.3442, True, 4886
ESPPRC_heur, 0.1, 0.2, 0.1, 0.0, 0, 12747.0, 310.5691, True, 5406
ESPPRC_heur, 0.1, 0.2, 0.1, 0.0, 0, 12747.0, -5821.0957, True, 5168
ESPPRC_heur, 0.1, 0.1, 0.1, 0.0, 0, 12747.0, -3882.66, True, 4392
ESPPRC_heur, 0.1, 0.1, 0.1, 0.0, 0, 12747.0, -3013.532, True, 4395
ESPPRC_heur, 0.2, 0.1, 0.1, 0.0, 0, 12747.0, -3607.7627, True, 4516
ESPPRC_heur, 0.1, 0.2, 0.1, 0.0, 0, 12747.0, -4917.4935, True, 5712
ESPPRC_heur, 0.1, 0.2, 0.1, 0.0, 0, 12747.0, -4353.0713, True, 5731
ESPPRC_heur, 0.1, 0.2, 0.1, 0.0, 0, 12747.0, -2227.6202, True, 5231
ESPPRC_heur, 0.1, 0.2, 0.1, 0.0, 0, 12747.0, -2687.9188, True, 5483
ESPPRC_heur, 0.1, 0.2, 0.1, 0.0, 0, 12747.0, -722.6446, True, 5896
ESPPRC_heur, 0.1, 0.1, 0.1, 0.0, 0, 12747.0, -1745.9099, True, 4302
ESPPRC_heur, 0.1, 0.2, 0.1, 0.0, 0, 12747.0, -1242.7418, True, 4871
ESPPRC_heur, 0.1, 0.2, 0.1, 0.0, 0, 12747.0, -827.7021, True, 5284
ESPPRC_heur, 0.1, 0.2, 0.1, 0.0, 0, 12747.0, -5573.8077, True, 5108
ESPPRC_heur, 0.2, 0.1, 0.1, 0.0, 0, 12747.0, -3751.374, True, 4473
ESPPRC_heur, 0.1, 0.1, 0.1, 0.0, 0, 12747.0, -547.5967, True, 4585
ESPPRC_heur, 0.1, 0.2, 0.1, 0.0, 0, 12747.0, -4541.5217, True, 5162
ESPPRC_heur, 0.1, 0.1, 0.1, 0.0, 0, 12747.0, -1833.4264, True, 4495
ESPPRC_heur, 0.1, 0.1, 0.1, 0.0, 0, 12747.0, 571.9289, True, 3643
ESPPRC_heur, 0.1, 0.2, 0.1, 0.0, 0, 12747.0, -647.8307, True, 5738
ESPPRC_heur, 0.1, 0.1, 0.1, 0.0, 0, 12747.0, -2177.2909, True, 4637
ESPPRC_heur, 0.1, 0.1, 0.1, 0.0, 0, 12747.0, -4446.0009, True, 4317
ESPPRC_heur, 0.1, 0.1, 0.1, 0.0, 0, 12747.0, -707.8542, True, 4896
ESPPRC_heur, 0.1, 0.2, 0.1, 0.0, 0, 12747.0, -4337.04, True, 5822
ESPPRC_heur, 0.1, 0.2, 0.1, 0.0, 0, 12747.0, 746.4272, True, 4950
ESPPRC_heur, 0.1, 0.2, 0.1, 0.0, 0, 12747.0, -3106.8045, True, 5296
ESPPRC_heur, 0.1, 0.2, 0.1, 0.0, 0, 12747.0, 1119.988, True, 5270
ESPPRC_heur, 0.1, 0.2, 0.1, 0.0, 0, 12747.0, -524.1553, True, 4912
ESPPRC_heur, 0.1, 0.2, 0.1, 0.0, 0, 12747.0, -3991.8857, True, 4964
ESPPRC_heur, 0.1, 0.2, 0.1, 0.0, 0, 12747.0, -2949.9794, True, 6095
ESPPRC_heur, 0.1, 0.2, 0.1, 0.0, 0, 12747.0, -5732.3404, True, 5964
ESPPRC_heur, 0.1, 0.2, 0.1, 0.0, 0, 12747.0, -1510.485, True, 5067
ESPPRC_heur, 0.1, 0.1, 0.1, 0.0, 0, 12747.0, -4259.5471, True, 4358
ESPPRC_heur, 0.2, 0.1, 0.1, 0.0, 0, 12747.0, 54.414, True, 4497
ESPPRC_heur, 0.2, 0.1, 0.1, 0.0, 0, 12747.0, -1100.4683, True, 4640
ESPPRC_heur, 0.2, 0.1, 0.1, 0.0, 0, 12747.0, -3841.9574, True, 4710
ESPPRC_heur, 0.1, 0.2, 0.1, 0.0, 0, 12747.0, -586.4352, True, 5726
ESPPRC_heur, 0.1, 0.2, 0.1, 0.0, 0, 12747.0, 179.7783, True, 5219
ESPPRC_heur, 0.1, 0.1, 0.1, 0.0, 0, 12747.0, 2222.325, True, 3693
ESPPRC_heur, 0.1, 0.2, 0.1, 0.0, 0, 12747.0, 624.7709, True, 5127
ESPPRC_heur, 0.1, 0.1, 0.1, 0.0, 0, 12747.0, -1834.0071, True, 4936
ESPPRC_heur, 0.1, 0.2, 0.1, 0.0, 0, 12747.0, 15.3179, True, 5651
ESPPRC_heur, 0.0, 0.2, 0.1, 0.0, 0, 12747.0, -1147.2751, True, 4795
ESPPRC_heur, 0.1, 0.2, 0.1, 0.0, 0, 12747.0, -759.2252, True, 5342
ESPPRC_heur, 0.1, 0.2, 0.1, 0.0, 0, 12747.0, 77.9001, True, 5029
ESPPRC_heur, 0.2, 0.1, 0.1, 0.0, 0, 12747.0, -3063.4775, True, 4478
ESPPRC_heur, 0.1, 0.2, 0.1, 0.0, 0, 12747.0, -3470.1849, True, 5787
ESPPRC_heur, 0.1, 0.1, 0.1, 0.0, 0, 12747.0, -403.9823, True, 4347
ESPPRC_heur, 0.1, 0.2, 0.1, 0.0, 0, 12747.0, -1653.5509, True, 5484
ESPPRC_heur, 0.1, 0.2, 0.1, 0.0, 0, 12747.0, -2912.8088, True, 5310
ESPPRC_heur, 0.1, 0.1, 0.1, 0.0, 0, 12747.0, -3858.527, True, 4883
ESPPRC_heur, 0.1, 0.2, 0.1, 0.0, 0, 12747.0, -249.1086, True, 5475
ESPPRC_heur, 0.1, 0.1, 0.1, 0.0, 0, 12747.0, 2087.4561, True, 3295
ESPPRC_heur, 0.1, 0.2, 0.1, 0.0, 0, 12747.0, 1849.0857, True, 5381
ESPPRC_heur, 0.1, 0.2, 0.1, 0.0, 0, 12747.0, -258.3135, True, 5691
ESPPRC_heur, 0.2, 0.1, 0.1, 0.0, 0, 12747.0, -1917.9251, True, 4643
ESPPRC_heur, 0.1, 0.2, 0.1, 0.0, 0, 12747.0, -702.7511, True, 5662
ESPPRC_heur, 0.1, 0.2, 0.1, 0.0, 0, 12747.0, -6505.3525, True, 5934
ESPPRC_heur, 0.1, 0.1, 0.1, 0.0, 0, 12747.0, 1158.5617, True, 4460
ESPPRC_heur, 0.1, 0.1, 0.1, 0.0, 0, 12747.0, -756.1722, True, 4090
ESPPRC_heur, 0.1, 0.1, 0.1, 0.0, 0, 12747.0, 251.2022, True, 4222
ESPPRC_heur, 0.1, 0.2, 0.1, 0.0, 0, 12747.0, 489.276, True, 5270
ESPPRC_heur, 0.1, 0.1, 0.1, 0.0, 0, 12747.0, -5502.0099, True, 4668
ESPPRC_heur, 0.1, 0.1, 0.1, 0.0, 0, 12747.0, -1824.5021, True, 3995
ESPPRC_heur, 0.1, 0.2, 0.1, 0.0, 0, 12747.0, 870.5679, True, 5239
ESPPRC_heur, 0.1, 0.2, 0.1, 0.0, 0, 12747.0, -1570.2547, True, 5233
ESPPRC_heur, 0.1, 0.1, 0.1, 0.0, 0, 12747.0, 1510.1091, True, 3756
ESPPRC_heur, 0.1, 0.1, 0.1, 0.0, 0, 12747.0, -610.1128, True, 4228
ESPPRC_heur, 0.1, 0.2, 0.1, 0.0, 0, 12747.0, -2612.6448, True, 5215
ESPPRC_heur, 0.1, 0.2, 0.1, 0.0, 0, 12747.0, -4405.3549, True, 5474
ESPPRC_heur, 0.0, 0.2, 0.1, 0.0, 0, 12747.0, -2203.602, True, 5346
ESPPRC_heur, 0.1, 0.1, 0.1, 0.0, 0, 12747.0, -3684.2442, True, 4361
ESPPRC_heur, 0.2, 0.1, 0.1, 0.0, 0, 12747.0, -8046.8485, True, 4810
ESPPRC_heur, 0.1, 0.1, 0.1, 0.0, 0, 12747.0, -3720.8108, True, 5196
ESPPRC_heur, 0.1, 0.1, 0.1, 0.0, 0, 12747.0, -1535.3096, True, 4474
ESPPRC_heur, 0.1, 0.1, 0.1, 0.0, 0, 12747.0, 859.4052, True, 4332
ESPPRC_heur, 0.1, 0.1, 0.1, 0.0, 0, 12747.0, 790.227, True, 3786
ESPPRC_heur, 0.2, 0.1, 0.1, 0.0, 0, 12747.0, 1175.8399, True, 4464
ESPPRC_heur, 0.1, 0.1, 0.1, 0.0, 0, 12747.0, 1886.9412, True, 3934
ESPPRC_heur, 0.1, 0.1, 0.1, 0.0, 0, 12747.0, 4566.9953, True, 3009
ESPPRC_heur, 0.1, 0.2, 0.1, 0.0, 0, 12747.0, 2582.3537, True, 5111
ESPPRC_heur, 0.1, 0.2, 0.1, 0.0, 0, 12747.0, 1169.0438, True, 4426
ESPPRC_heur, 0.1, 0.1, 0.1, 0.0, 0, 12747.0, 1231.2872, True, 3556
ESPPRC_heur, 0.1, 0.1, 0.1, 0.0, 0, 12747.0, 2663.4045, True, 3825
ESPPRC_heur, 0.1, 0.1, 0.1, 0.0, 0, 12747.0, 1886.701, True, 5072
ESPPRC_heur, 0.1, 0.1, 0.1, 0.0, 0, 12747.0, 2532.9869, True, 4094
ESPPRC_heur, 0.1, 0.2, 0.1, 0.0, 0, 12747.0, -3416.7369, True, 5572
ESPPRC_heur, 0.1, 0.1, 0.1, 0.0, 0, 12747.0, -406.8036, True, 3883
ESPPRC_heur, 0.1, 0.2, 0.1, 0.0, 0, 12747.0, -1105.4825, True, 5053
ESPPRC_heur, 0.1, 0.2, 0.1, 0.0, 0, 12747.0, -4497.6665, True, 6352
ESPPRC_heur, 0.1, 0.2, 0.1, 0.0, 0, 12747.0, -2750.8897, True, 5733
ESPPRC_heur, 0.1, 0.1, 0.1, 0.0, 0, 12747.0, -1545.5085, True, 5053
ESPPRC_heur, 0.1, 0.1, 0.1, 0.0, 0, 12747.0, 1215.14, True, 3464
ESPPRC_heur, 0.1, 0.2, 0.1, 0.0, 0, 12747.0, 155.3399, True, 5376
ESPPRC_heur, 0.1, 0.2, 0.1, 0.0, 0, 12747.0, -3496.2272, True, 5514
ESPPRC_heur, 0.1, 0.1, 0.1, 0.0, 0, 12747.0, -2675.3177, True, 4716
ESPPRC_heur, 0.1, 0.2, 0.1, 0.0, 0, 12747.0, -3605.8935, True, 5781
ESPPRC_heur, 0.1, 0.1, 0.1, 0.0, 0, 12747.0, -1770.8278, True, 3994
ESPPRC_heur, 0.1, 0.1, 0.0, 0.0, 0, 12747.0, 2366.492, True, 3210
ESPPRC_heur, 0.2, 0.1, 0.1, 0.0, 0, 12747.0, -568.7232, True, 5014
ESPPRC_heur, 0.1, 0.2, 0.1, 0.0, 0, 12747.0, 1245.3743, True, 5067
ESPPRC_heur, 0.1, 0.1, 0.1, 0.0, 0, 12747.0, 673.4319, True, 3544
ESPPRC_heur, 0.1, 0.2, 0.1, 0.0, 0, 12747.0, 2028.3886, True, 4667
ESPPRC_heur, 0.2, 0.1, 0.1, 0.0, 0, 12747.0, -2266.4713, True, 4360
ESPPRC_heur, 0.2, 0.1, 0.1, 0.0, 0, 12747.0, 2449.0164, True, 4755
ESPPRC_heur, 0.1, 0.2, 0.1, 0.0, 0, 12747.0, 577.2142, True, 5874
ESPPRC_heur, 0.1, 0.1, 0.1, 0.0, 0, 12747.0, 1657.0245, True, 4500
ESPPRC_heur, 0.1, 0.1, 0.1, 0.0, 0, 12747.0, 709.7498, True, 3627
ESPPRC_heur, 0.1, 0.1, 0.1, 0.0, 0, 12747.0, 3053.0308, True, 3736
ESPPRC_heur, 0.1, 0.2, 0.1, 0.0, 0, 12747.0, 1922.8256, True, 4775
ESPPRC_heur, 0.1, 0.4, 0.3, 0.0, 0, 12747.0, -1243.9745, True, 5674
ESPPRC_heur, 0.1, 0.2, 0.1, 0.0, 0, 12747.0, 335.9096, True, 4504
ESPPRC_heur, 0.1, 0.1, 0.1, 0.0, 0, 12747.0, 1700.9896, True, 5056
ESPPRC_heur, 0.1, 0.1, 0.1, 0.0, 0, 12747.0, 3043.3376, True, 3350
ESPPRC_heur, 0.1, 0.1, 0.1, 0.0, 0, 12747.0, 3171.3106, True, 3889
ESPPRC_heur, 0.1, 0.1, 0.1, 0.0, 0, 12747.0, 1532.3393, True, 3712
ESPPRC_heur, 0.1, 0.1, 0.1, 0.0, 0, 12747.0, 2980.8375, True, 4972
ESPPRC_heur, 0.2, 0.1, 0.1, 0.0, 0, 12747.0, 1124.0605, True, 4822
ESPPRC_heur, 0.1, 0.2, 0.1, 0.0, 0, 12747.0, 1064.5941, True, 5682
ESPPRC_heur, 0.1, 0.1, 0.1, 0.0, 0, 12747.0, 1201.1992, True, 4493
ESPPRC_heur, 0.1, 0.1, 0.1, 0.0, 0, 12747.0, 628.8897, True, 4138
ESPPRC_heur, 0.1, 0.2, 0.1, 0.0, 0, 12747.0, -124.7949, True, 5003
ESPPRC_heur, 0.1, 0.2, 0.1, 0.0, 0, 12747.0, 1094.8682, True, 4706
ESPPRC_heur, 0.1, 0.2, 0.1, 0.0, 0, 12747.0, 1336.7582, True, 5221
ESPPRC_heur, 0.1, 0.1, 0.1, 0.0, 0, 12747.0, 3525.6742, True, 4183
ESPPRC_heur, 0.1, 0.2, 0.1, 0.0, 0, 12747.0, 1964.0576, True, 5669
ESPPRC_heur, 0.1, 0.1, 0.0, 0.0, 0, 12747.0, 2898.092, True, 2828
ESPPRC_heur, 0.1, 0.1, 0.1, 0.0, 0, 12747.0, 3830.7629, True, 4158
ESPPRC_heur, 0.1, 0.1, 0.1, 0.0, 0, 12747.0, 2153.237, True, 4750
ESPPRC_heur, 0.1, 0.1, 0.1, 0.0, 0, 12747.0, 1312.856, True, 4609
ESPPRC_heur, 0.1, 0.1, 0.1, 0.0, 0, 12747.0, 1689.6147, True, 3674
ESPPRC_heur, 0.1, 0.2, 0.1, 0.0, 0, 12747.0, -1596.4296, True, 5278
ESPPRC_heur, 0.1, 0.2, 0.1, 0.0, 0, 12747.0, -1281.0718, True, 6004
ESPPRC_heur, 0.1, 0.1, 0.1, 0.0, 0, 12747.0, 5181.5787, True, 3758
ESPPRC_heur, 0.1, 0.1, 0.1, 0.0, 0, 12747.0, 1674.5316, True, 3839
ESPPRC_heur, 0.1, 0.1, 0.1, 0.0, 0, 12747.0, 3450.7542, True, 3766
ESPPRC_heur, 0.1, 0.1, 0.1, 0.0, 0, 12747.0, 2510.2407, True, 4314
ESPPRC_heur, 0.1, 0.2, 0.1, 0.0, 0, 12747.0, -1296.9124, True, 5492
ESPPRC_heur, 0.1, 0.1, 0.1, 0.0, 0, 12747.0, -3274.9492, True, 3879
ESPPRC_heur, 0.1, 0.1, 0.1, 0.0, 0, 12747.0, -1230.7585, True, 4410
ESPPRC_heur, 0.2, 0.1, 0.1, 0.0, 0, 12747.0, 1290.3491, True, 3846
ESPPRC_heur, 0.1, 0.2, 0.1, 0.0, 0, 12747.0, -340.326, True, 5254
ESPPRC_heur, 0.1, 0.2, 0.1, 0.0, 0, 12747.0, -310.1209, True, 6334
ESPPRC_heur, 0.1, 0.1, 0.1, 0.0, 0, 12747.0, -3120.1254, True, 4736
ESPPRC_heur, 0.1, 0.2, 0.1, 0.0, 0, 12747.0, 664.677, True, 5638
ESPPRC_heur, 0.1, 0.1, 0.1, 0.0, 0, 12747.0, 822.8634, True, 4743
ESPPRC_heur, 0.1, 0.1, 0.1, 0.0, 0, 12747.0, 1144.0282, True, 3877
ESPPRC_heur, 0.1, 0.2, 0.1, 0.0, 0, 12747.0, 497.4614, True, 5186
ESPPRC_heur, 0.1, 0.1, 0.1, 0.0, 0, 12747.0, 1584.5649, True, 3930
ESPPRC_heur, 0.1, 0.1, 0.1, 0.0, 0, 12747.0, 2528.3644, True, 3857
ESPPRC_heur, 0.1, 0.1, 0.1, 0.0, 0, 12747.0, 4007.3899, True, 5024
ESPPRC_heur, 0.1, 0.1, 0.1, 0.0, 0, 12747.0, 4198.632, True, 3402
ESPPRC_heur, 0.1, 0.2, 0.1, 0.0, 0, 12747.0, 4344.9524, True, 4665
ESPPRC_heur, 0.1, 0.1, 0.1, 0.0, 0, 12747.0, 2119.1487, True, 3525
ESPPRC_heur, 0.1, 0.1, 0.1, 0.0, 0, 12747.0, 3730.045, True, 3407
ESPPRC_heur, 0.1, 0.1, 0.0, 0.0, 0, 12747.0, 2635.106, True, 2821
ESPPRC_heur, 0.1, 0.1, 0.1, 0.0, 0, 12747.0, 781.9044, True, 4474
ESPPRC_heur, 0.1, 0.1, 0.1, 0.0, 0, 12747.0, 1218.9362, True, 4185
ESPPRC_heur, 0.2, 0.1, 0.1, 0.0, 0, 12747.0, -910.5672, True, 4688
ESPPRC_heur, 0.2, 0.1, 0.1, 0.0, 0, 12747.0, -1210.4324, True, 4845
ESPPRC_heur, 0.1, 0.1, 0.1, 0.0, 0, 12747.0, -1028.0708, True, 5152
ESPPRC_heur, 0.1, 0.1, 0.1, 0.0, 0, 12747.0, 443.9076, True, 4113
ESPPRC_heur, 0.1, 0.1, 0.1, 0.0, 0, 12747.0, -861.9108, True, 4050
ESPPRC_heur, 0.1, 0.2, 0.1, 0.0, 0, 12747.0, 2331.2155, True, 5430
ESPPRC_heur, 0.1, 0.2, 0.1, 0.0, 0, 12747.0, 3169.8818, True, 5088
ESPPRC_heur, 0.1, 0.2, 0.1, 0.0, 0, 12747.0, 546.1903, True, 4302
ESPPRC_heur, 0.1, 0.2, 0.1, 0.0, 0, 12747.0, 1067.7722, True, 4204
ESPPRC_heur, 0.1, 0.2, 0.1, 0.0, 0, 12747.0, 3181.2816, True, 7219
ESPPRC_heur, 0.1, 0.1, 0.1, 0.0, 0, 12747.0, 2191.0146, True, 4031
ESPPRC_heur, 0.1, 0.1, 0.1, 0.0, 0, 12747.0, 3440.0525, True, 3045
ESPPRC_heur, 0.2, 0.1, 0.1, 0.0, 0, 12747.0, 1617.8207, True, 4365
ESPPRC_heur, 0.1, 0.1, 0.1, 0.0, 0, 12747.0, 3409.1638, True, 3584
ESPPRC_heur, 0.1, 0.2, 0.1, 0.0, 0, 12747.0, 650.8148, True, 4825
ESPPRC_heur, 0.1, 0.1, 0.1, 0.0, 0, 12747.0, 3037.4667, True, 3852
ESPPRC_heur, 0.1, 0.1, 0.1, 0.0, 0, 12747.0, 3530.3699, True, 4337
ESPPRC_heur, 0.1, 0.1, 0.0, 0.0, 0, 12747.0, 2843.5145, True, 3394
ESPPRC_heur, 0.1, 0.1, 0.1, 0.0, 0, 12747.0, -1020.4431, True, 4063
ESPPRC_heur, 0.1, 0.2, 0.1, 0.0, 0, 12747.0, 1397.4606, True, 5237
ESPPRC_heur, 0.1, 0.2, 0.1, 0.0, 0, 12747.0, 1557.2418, True, 4908
ESPPRC_heur, 0.1, 0.2, 0.1, 0.0, 0, 12747.0, 1258.1409, True, 4975
ESPPRC_heur, 0.1, 0.1, 0.1, 0.0, 0, 12747.0, 1832.0485, True, 4589
ESPPRC_heur, 0.1, 0.1, 0.1, 0.0, 0, 12747.0, 2608.3968, True, 4316
ESPPRC_heur, 0.1, 0.1, 0.1, 0.0, 0, 12747.0, 3213.9076, True, 3847
ESPPRC_heur, 0.1, 0.3, 0.2, 0.0, 0, 12747.0, 2389.2675, True, 5357
ESPPRC_heur, 0.1, 0.1, 0.1, 0.0, 0, 12747.0, 2746.7562, True, 3314
ESPPRC_heur, 0.1, 0.1, 0.1, 0.0, 0, 12747.0, -263.1495, True, 4056
ESPPRC_heur, 0.1, 0.1, 0.1, 0.0, 0, 12747.0, 3873.0518, True, 3135
ESPPRC_heur, 0.1, 0.2, 0.1, 0.0, 0, 12747.0, 2824.0037, True, 5272
ESPPRC_heur, 0.1, 0.2, 0.1, 0.0, 0, 12747.0, 2108.8567, True, 4449
ESPPRC_heur, 0.2, 0.1, 0.1, 0.0, 0, 12747.0, 2969.8994, True, 4905
ESPPRC_heur, 0.1, 0.2, 0.1, 0.0, 0, 12747.0, 2492.76, True, 5108
ESPPRC_heur, 0.2, 0.1, 0.1, 0.0, 0, 12747.0, 2909.0394, True, 4599
ESPPRC_heur, 0.1, 0.1, 0.0, 0.0, 0, 12747.0, 5096.453, True, 2518
ESPPRC_heur, 0.1, 0.1, 0.1, 0.0, 0, 12747.0, 3866.5704, True, 3435
ESPPRC_heur, 0.1, 0.1, 0.0, 0.0, 0, 12747.0, 5058.5019, True, 2620
ESPPRC_heur, 0.1, 0.1, 0.1, 0.0, 0, 12747.0, 3252.6384, True, 4486
ESPPRC_heur, 0.1, 0.1, 0.1, 0.0, 0, 12747.0, 6502.1621, True, 4000
ESPPRC_heur, 0.1, 0.1, 0.1, 0.0, 0, 12747.0, 2562.1684, True, 3994
ESPPRC_heur, 0.1, 0.2, 0.1, 0.0, 0, 12747.0, 5031.344, True, 5539
ESPPRC_heur, 0.1, 0.1, 0.1, 0.0, 0, 12747.0, 4571.958, True, 3864
ESPPRC_heur, 0.1, 0.1, 0.1, 0.0, 0, 12747.0, 3288.2066, True, 3785
ESPPRC_heur, 0.1, 0.2, 0.1, 0.0, 0, 12747.0, 4247.7064, True, 4583
ESPPRC_heur, 0.2, 0.1, 0.1, 0.0, 0, 12747.0, 3271.5026, True, 3958
ESPPRC_heur, 0.1, 0.1, 0.1, 0.0, 0, 12747.0, 4495.6912, True, 3500
ESPPRC_heur, 0.1, 0.1, 0.1, 0.0, 0, 12747.0, 5198.5518, True, 3712
ESPPRC_heur, 0.2, 0.1, 0.1, 0.0, 0, 12747.0, 4494.4832, True, 3161
ESPPRC_heur, 0.1, 0.2, 0.1, 0.0, 0, 12747.0, 1156.7151, True, 4389
ESPPRC_heur, 0.1, 0.1, 0.1, 0.0, 0, 12747.0, 2212.1008, True, 3234
ESPPRC_heur, 0.1, 0.1, 0.1, 0.0, 0, 12747.0, 3952.9639, True, 4240
ESPPRC_heur, 0.1, 0.1, 0.0, 0.0, 0, 12747.0, 1984.4568, True, 2460
ESPPRC_heur, 0.1, 0.1, 0.1, 0.0, 0, 12747.0, 1760.4288, True, 4226
ESPPRC_heur, 0.1, 0.2, 0.1, 0.0, 0, 12747.0, 111.2118, True, 4179
ESPPRC_heur, 0.1, 0.2, 0.1, 0.0, 0, 12747.0, 2772.2577, True, 4322
ESPPRC_heur, 0.1, 0.1, 0.1, 0.0, 0, 12747.0, 4918.7503, True, 3803
ESPPRC_heur, 0.1, 0.1, 0.1, 0.0, 0, 12747.0, 4779.0855, True, 3514
ESPPRC_heur, 0.1, 0.2, 0.1, 0.0, 0, 12747.0, 4751.9377, True, 4217
ESPPRC_heur, 0.1, 0.1, 0.1, 0.0, 0, 12747.0, 5172.2292, True, 3787
ESPPRC_heur, 0.1, 0.1, 0.1, 0.0, 0, 12747.0, 4941.0523, True, 4140
ESPPRC_heur, 0.1, 0.2, 0.1, 0.0, 0, 12747.0, 3691.7649, True, 4272
ESPPRC_heur, 0.1, 0.2, 0.1, 0.0, 0, 12747.0, 4529.396, True, 3705
ESPPRC_heur, 0.1, 0.1, 0.1, 0.0, 0, 12747.0, 4029.424, True, 3530
ESPPRC_heur, 0.1, 0.1, 0.0, 0.0, 0, 12747.0, 3370.1147, True, 2660
ESPPRC_heur, 0.1, 0.1, 0.0, 0.0, 0, 12747.0, 5380.6186, True, 2617
ESPPRC_heur, 0.1, 0.2, 0.1, 0.0, 0, 12747.0, 2272.7794, True, 5368
ESPPRC_heur, 0.1, 0.1, 0.1, 0.0, 0, 12747.0, 2943.2521, True, 3291
ESPPRC_heur, 0.1, 0.1, 0.1, 0.0, 0, 12747.0, 4069.3987, True, 3595
ESPPRC_heur, 0.1, 0.2, 0.1, 0.0, 0, 12747.0, 2524.8955, True, 5159
ESPPRC_heur, 0.2, 0.2, 0.2, 0.0, 0, 12747.0, 2075.969, True, 5966
ESPPRC_heur, 0.1, 0.1, 0.1, 0.0, 0, 12747.0, 4275.1403, True, 3387
ESPPRC_heur, 0.1, 0.1, 0.1, 0.0, 0, 12747.0, 1562.5339, True, 4376
ESPPRC_heur, 0.1, 0.1, 0.1, 0.0, 0, 12747.0, 4675.9661, True, 4166
ESPPRC_heur, 0.1, 0.1, 0.1, 0.0, 0, 12747.0, 4929.9008, True, 3157
ESPPRC_heur, 0.1, 0.2, 0.1, 0.0, 0, 12747.0, 4484.8967, True, 4294
ESPPRC_heur, 0.1, 0.1, 0.0, 0.0, 0, 12747.0, 4372.3656, True, 3028
ESPPRC_heur, 0.1, 0.1, 0.0, 0.0, 0, 12747.0, 5881.0769, True, 2552
ESPPRC_heur, 0.1, 0.1, 0.1, 0.0, 0, 12747.0, 6755.4707, True, 2789
ESPPRC_heur, 0.1, 0.2, 0.1, 0.0, 0, 12747.0, 4959.2347, True, 3917
ESPPRC_heur, 0.1, 0.1, 0.1, 0.0, 0, 12747.0, 3873.5888, True, 3252
ESPPRC_heur, 0.1, 0.1, 0.1, 0.0, 0, 12747.0, 3378.4502, True, 3031
ESPPRC_heur, 0.1, 0.1, 0.1, 0.0, 0, 12747.0, 5494.8254, True, 2974
ESPPRC_heur, 0.1, 0.1, 0.0, 0.0, 0, 12747.0, 2548.0733, True, 3233
ESPPRC_heur, 0.1, 0.1, 0.0, 0.0, 0, 12747.0, 5006.3122, True, 2679
ESPPRC_heur, 0.1, 0.1, 0.1, 0.0, 0, 12747.0, 4679.7494, True, 3544
ESPPRC_heur, 0.1, 0.1, 0.1, 0.0, 0, 12747.0, 5323.5108, True, 3667
ESPPRC_heur, 0.1, 0.1, 0.1, 0.0, 0, 12747.0, 3213.6268, True, 3813
ESPPRC_heur, 0.1, 0.1, 0.1, 0.0, 0, 12747.0, 2392.4593, True, 4580
ESPPRC_heur, 0.1, 0.1, 0.1, 0.0, 0, 12747.0, 3276.869, True, 3545
ESPPRC_heur, 0.1, 0.2, 0.1, 0.0, 0, 12747.0, 663.3083, True, 5757
ESPPRC_heur, 0.1, 0.1, 0.1, 0.0, 0, 12747.0, 418.9547, True, 3905
ESPPRC_heur, 0.1, 0.2, 0.1, 0.0, 0, 12747.0, 3627.1508, True, 4435
ESPPRC_heur, 0.1, 0.1, 0.1, 0.0, 0, 12747.0, -2055.0102, True, 4779
ESPPRC_heur, 0.1, 0.1, 0.1, 0.0, 0, 12747.0, 2714.2579, True, 3862
ESPPRC_heur, 0.1, 0.1, 0.1, 0.0, 0, 12747.0, 3271.7052, True, 4237
ESPPRC_heur, 0.1, 0.1, 0.1, 0.0, 0, 12747.0, 2412.3226, True, 3760
ESPPRC_heur, 0.2, 0.1, 0.1, 0.0, 0, 12747.0, 3161.3641, True, 4504
ESPPRC_heur, 0.1, 0.1, 0.1, 0.0, 0, 12747.0, 1583.1701, True, 3472
ESPPRC_heur, 0.1, 0.1, 0.1, 0.0, 0, 12747.0, 2747.1136, True, 3418
ESPPRC_heur, 0.1, 0.2, 0.1, 0.0, 0, 12747.0, 2724.1151, True, 4546
ESPPRC_heur, 0.1, 0.1, 0.1, 0.0, 0, 12747.0, 3936.0424, True, 3564
ESPPRC_heur, 0.1, 0.1, 0.1, 0.0, 0, 12747.0, 3192.407, True, 3210
ESPPRC_heur, 0.1, 0.1, 0.1, 0.0, 0, 12747.0, 2463.168, True, 3562
ESPPRC_heur, 0.1, 0.1, 0.1, 0.0, 0, 12747.0, 4456.4863, True, 3324
ESPPRC_heur, 0.1, 0.1, 0.1, 0.0, 0, 12747.0, 1822.4255, True, 3351
ESPPRC_heur, 0.1, 0.1, 0.1, 0.0, 0, 12747.0, 1394.7412, True, 3467
ESPPRC_heur, 0.1, 0.1, 0.1, 0.0, 0, 12747.0, -28.6058, True, 4068
ESPPRC_heur, 0.1, 0.1, 0.1, 0.0, 0, 12747.0, 4741.8277, True, 3514
ESPPRC_heur, 0.1, 0.1, 0.1, 0.0, 0, 12747.0, 4924.8403, True, 4031
ESPPRC_heur, 0.1, 0.1, 0.1, 0.0, 0, 12747.0, 2705.6801, True, 3373
ESPPRC_heur, 0.1, 0.1, 0.1, 0.0, 0, 12747.0, 5547.1267, True, 3388
ESPPRC_heur, 0.2, 0.1, 0.1, 0.0, 0, 12747.0, 3257.5855, True, 4474
ESPPRC_heur, 0.1, 0.1, 0.1, 0.0, 0, 12747.0, 5194.6212, True, 3658
ESPPRC_heur, 0.1, 0.2, 0.1, 0.0, 0, 12747.0, 3872.7036, True, 4309
ESPPRC_heur, 0.1, 0.1, 0.1, 0.0, 0, 12747.0, 3904.3485, True, 3582
ESPPRC_heur, 0.1, 0.1, 0.1, 0.0, 0, 12747.0, 3835.6047, True, 4264
ESPPRC_heur, 0.1, 0.1, 0.1, 0.0, 0, 12747.0, 1610.5668, True, 3742
ESPPRC_heur, 0.1, 0.1, 0.1, 0.0, 0, 12747.0, 5016.714, True, 2718
ESPPRC_heur, 0.1, 0.1, 0.1, 0.0, 0, 12747.0, 3348.0454, True, 3295
ESPPRC_heur, 0.2, 0.1, 0.1, 0.0, 0, 12747.0, 2003.0577, True, 4073
ESPPRC_heur, 0.1, 0.2, 0.1, 0.0, 0, 12747.0, 2740.952, True, 5376
ESPPRC_heur, 0.1, 0.1, 0.0, 0.0, 0, 12747.0, 4172.2453, True, 2936
ESPPRC_heur, 0.1, 0.1, 0.1, 0.0, 0, 12747.0, 3576.8345, True, 3150
ESPPRC_heur, 0.1, 0.1, 0.1, 0.0, 0, 12747.0, 2737.0059, True, 3365
ESPPRC_heur, 0.1, 0.1, 0.1, 0.0, 0, 12747.0, 2691.6038, True, 3660
ESPPRC_heur, 0.1, 0.2, 0.1, 0.0, 0, 12747.0, 1418.0947, True, 4855
ESPPRC_heur, 0.1, 0.1, 0.1, 0.0, 0, 12747.0, 4361.0429, True, 2676
ESPPRC_heur, 0.2, 0.1, 0.1, 0.0, 0, 12747.0, 4077.6059, True, 4039
ESPPRC_heur, 0.1, 0.1, 0.1, 0.0, 0, 12747.0, 3436.6154, True, 3753
ESPPRC_heur, 0.1, 0.1, 0.0, 0.0, 0, 12747.0, 4161.2866, True, 3177
ESPPRC_heur, 0.1, 0.1, 0.0, 0.0, 0, 12747.0, 4992.4171, True, 3130
ESPPRC_heur, 0.1, 0.1, 0.0, 0.0, 0, 12747.0, 5001.244, True, 3088
ESPPRC_heur, 0.1, 0.1, 0.0, 0.0, 0, 12747.0, 2435.305, True, 3185
ESPPRC_heur, 0.1, 0.1, 0.1, 0.0, 0, 12747.0, 2576.7813, True, 3249
ESPPRC_heur, 0.2, 0.1, 0.0, 0.0, 0, 12747.0, 3664.3479, True, 2842
ESPPRC_heur, 0.1, 0.1, 0.0, 0.0, 0, 12747.0, 4010.1996, True, 3165
ESPPRC_heur, 0.1, 0.1, 0.1, 0.0, 0, 12747.0, 3495.9653, True, 3494
ESPPRC_heur, 0.1, 0.1, 0.1, 0.0, 0, 12747.0, 2768.9635, True, 3408
ESPPRC_heur, 0.2, 0.1, 0.1, 0.0, 0, 12747.0, 3885.8065, True, 4275
ESPPRC_heur, 0.1, 0.1, 0.1, 0.0, 0, 12747.0, 3470.2975, True, 3587
ESPPRC_heur, 0.1, 0.1, 0.1, 0.0, 0, 12747.0, 3768.2335, True, 3874
ESPPRC_heur, 0.1, 0.1, 0.1, 0.0, 0, 12747.0, 4479.8431, True, 3570
ESPPRC_heur, 0.1, 0.2, 0.1, 0.0, 0, 12747.0, 4620.267, True, 4085
ESPPRC_heur, 0.1, 0.1, 0.1, 0.0, 0, 12747.0, 6739.1232, True, 3391
ESPPRC_heur, 0.1, 0.1, 0.1, 0.0, 0, 12747.0, 6070.4151, True, 3304
ESPPRC_heur, 0.1, 0.1, 0.0, 0.0, 0, 12747.0, 2975.5853, True, 3348
ESPPRC_heur, 0.1, 0.1, 0.1, 0.0, 0, 12747.0, 3740.7176, True, 3413
ESPPRC_heur, 0.1, 0.1, 0.1, 0.0, 0, 12747.0, 5532.5205, True, 3133
ESPPRC_heur, 0.1, 0.1, 0.0, 0.0, 0, 12747.0, 2338.1293, True, 3166
ESPPRC_heur, 0.1, 0.1, 0.1, 0.0, 0, 12747.0, 4981.4732, True, 3067
ESPPRC_heur, 0.1, 0.1, 0.0, 0.0, 0, 12747.0, 5468.2664, True, 2663
ESPPRC_heur, 0.1, 0.1, 0.1, 0.0, 0, 12747.0, 3483.7095, True, 4936
ESPPRC_heur, 0.1, 0.1, 0.1, 0.0, 0, 12747.0, 1357.2016, True, 3794
ESPPRC_heur, 0.1, 0.1, 0.1, 0.0, 0, 12747.0, 4550.9238, True, 3519
ESPPRC_heur, 0.1, 0.1, 0.1, 0.0, 0, 12747.0, 3024.7452, True, 3781
ESPPRC_heur, 0.2, 0.1, 0.1, 0.0, 0, 12747.0, -1252.916, True, 4683
ESPPRC_heur, 0.1, 0.2, 0.1, 0.0, 0, 12747.0, 1037.8204, True, 5209
ESPPRC_heur, 0.1, 0.1, 0.1, 0.0, 0, 12747.0, 1988.1506, True, 3639
ESPPRC_heur, 0.2, 0.1, 0.1, 0.0, 0, 12747.0, 3895.7331, True, 4354
ESPPRC_heur, 0.1, 0.1, 0.1, 0.0, 0, 12747.0, 6517.824, True, 2785
ESPPRC_heur, 0.1, 0.1, 0.1, 0.0, 0, 12747.0, 5063.074, True, 2749
ESPPRC_heur, 0.1, 0.1, 0.0, 0.0, 0, 12747.0, 5463.9985, True, 2752
ESPPRC_heur, 0.2, 0.1, 0.1, 0.0, 0, 12747.0, 2300.2851, True, 3817
ESPPRC_heur, 0.1, 0.2, 0.1, 0.0, 0, 12747.0, 2516.0191, True, 3389
ESPPRC_heur, 0.1, 0.1, 0.1, 0.0, 0, 12747.0, 2106.7949, True, 4036
ESPPRC_heur, 0.1, 0.1, 0.1, 0.0, 0, 12747.0, 4457.5024, True, 3487
ESPPRC_heur, 0.1, 0.1, 0.1, 0.0, 0, 12747.0, 5057.8589, True, 3520
ESPPRC_heur, 0.2, 0.1, 0.1, 0.0, 0, 12747.0, 5155.3403, True, 4038
ESPPRC_heur, 0.2, 0.1, 0.1, 0.0, 0, 12747.0, 4905.8518, True, 3430
ESPPRC_heur, 0.1, 0.1, 0.1, 0.0, 0, 12747.0, 6338.0435, True, 2955
ESPPRC_heur, 0.1, 0.1, 0.0, 0.0, 0, 12747.0, 4865.8233, True, 2711
ESPPRC_heur, 0.1, 0.1, 0.0, 0.0, 0, 12747.0, 2754.5546, True, 3550
ESPPRC_heur, 0.1, 0.1, 0.1, 0.0, 0, 12747.0, 3807.1873, True, 3419
ESPPRC_heur, 0.1, 0.1, 0.0, 0.0, 0, 12747.0, 2628.2908, True, 3122
ESPPRC_heur, 0.1, 0.1, 0.0, 0.0, 0, 12747.0, 4409.8476, True, 2906
ESPPRC_heur, 0.2, 0.1, 0.1, 0.0, 0, 12747.0, 4935.047, True, 4246
ESPPRC_heur, 0.1, 0.1, 0.0, 0.0, 0, 12747.0, 6597.0717, True, 2573
ESPPRC_heur, 0.1, 0.1, 0.1, 0.0, 0, 12747.0, 4713.9264, True, 4364
ESPPRC_heur, 0.1, 0.1, 0.1, 0.0, 0, 12747.0, 5544.0734, True, 4293
ESPPRC_heur, 0.1, 0.1, 0.1, 0.0, 0, 12747.0, 4009.4727, True, 3383
ESPPRC_heur, 0.1, 0.1, 0.1, 0.0, 0, 12747.0, 5221.3637, True, 2867
ESPPRC_heur, 0.1, 0.2, 0.1, 0.0, 0, 12747.0, 2999.4988, True, 5023
ESPPRC_heur, 0.2, 0.1, 0.1, 0.0, 0, 12747.0, 4924.1112, True, 3344
ESPPRC_heur, 0.1, 0.1, 0.1, 0.0, 0, 12747.0, 4751.1946, True, 3277
ESPPRC_heur, 0.1, 0.1, 0.1, 0.0, 0, 12747.0, 2025.7832, True, 3115
ESPPRC_heur, 0.1, 0.1, 0.1, 0.0, 0, 12747.0, 3534.1908, True, 3266
ESPPRC_heur, 0.1, 0.1, 0.1, 0.0, 0, 12747.0, 3804.2721, True, 4374
ESPPRC_heur, 0.1, 0.1, 0.1, 0.0, 0, 12747.0, 261.2154, True, 4045
ESPPRC_heur, 0.1, 0.1, 0.1, 0.0, 0, 12747.0, 3460.0275, True, 3767
ESPPRC_heur, 0.1, 0.1, 0.0, 0.0, 0, 12747.0, 2593.2303, True, 3174
ESPPRC_heur, 0.1, 0.1, 0.0, 0.0, 0, 12747.0, 3826.4899, True, 2658
ESPPRC_heur, 0.1, 0.1, 0.1, 0.0, 0, 12747.0, 2973.5391, True, 3531
ESPPRC_heur, 0.1, 0.2, 0.1, 0.0, 0, 12747.0, 1231.9558, True, 5733
ESPPRC_heur, 0.1, 0.1, 0.1, 0.0, 0, 12747.0, 3331.9133, True, 3650
ESPPRC_heur, 0.1, 0.1, 0.0, 0.0, 0, 12747.0, 4833.6347, True, 2756
ESPPRC_heur, 0.1, 0.1, 0.1, 0.0, 0, 12747.0, 2686.2303, True, 4690
ESPPRC_heur, 0.1, 0.1, 0.0, 0.0, 0, 12747.0, 4729.1078, True, 2134
ESPPRC_heur, 0.1, 0.1, 0.1, 0.0, 0, 12747.0, 2775.06, True, 3612
ESPPRC_heur, 0.1, 0.1, 0.0, 0.0, 0, 12747.0, 4096.8299, True, 2677
ESPPRC_heur, 0.1, 0.1, 0.0, 0.0, 0, 12747.0, 4235.3798, True, 2889
ESPPRC_heur, 0.1, 0.2, 0.1, 0.0, 0, 12747.0, 4198.9719, True, 4616
ESPPRC_heur, 0.1, 0.1, 0.1, 0.0, 0, 12747.0, 6625.0574, True, 3453
ESPPRC_heur, 0.1, 0.1, 0.0, 0.0, 0, 12747.0, 6620.0746, True, 2033
ESPPRC_heur, 0.1, 0.1, 0.0, 0.0, 0, 12747.0, 6312.7246, True, 2522
ESPPRC_heur, 0.1, 0.1, 0.1, 0.0, 0, 12747.0, 4903.639, True, 3023
ESPPRC_heur, 0.1, 0.1, 0.0, 0.0, 0, 12747.0, 4070.086, True, 3196
ESPPRC_heur, 0.2, 0.1, 0.1, 0.0, 0, 12747.0, 4639.8138, True, 3337
ESPPRC_heur, 0.1, 0.2, 0.1, 0.0, 0, 12747.0, 5226.0787, True, 4315
ESPPRC_heur, 0.2, 0.1, 0.1, 0.0, 0, 12747.0, 4719.6347, True, 3234
ESPPRC_heur, 0.1, 0.1, 0.1, 0.0, 0, 12747.0, 5817.4186, True, 2697
ESPPRC_heur, 0.1, 0.2, 0.1, 0.0, 0, 12747.0, 5714.7252, True, 3953
ESPPRC_heur, 0.1, 0.1, 0.1, 0.0, 0, 12747.0, 5282.9578, True, 3639
ESPPRC_heur, 0.1, 0.1, 0.1, 0.0, 0, 12747.0, 4778.8602, True, 2833
ESPPRC_heur, 0.1, 0.1, 0.1, 0.0, 0, 12747.0, 5737.7606, True, 4112
ESPPRC_heur, 0.1, 0.1, 0.0, 0.0, 0, 12747.0, 5337.9577, True, 3283
ESPPRC_heur, 0.1, 0.1, 0.1, 0.0, 0, 12747.0, 3255.891, True, 3573
ESPPRC_heur, 0.1, 0.1, 0.1, 0.0, 0, 12747.0, 5295.3947, True, 3066
ESPPRC_heur, 0.1, 0.1, 0.1, 0.0, 0, 12747.0, 4925.9974, True, 3283
ESPPRC_heur, 0.1, 0.1, 0.1, 0.0, 0, 12747.0, 5778.9844, True, 3052
ESPPRC_heur, 0.1, 0.1, 0.0, 0.0, 0, 12747.0, 6595.2919, True, 2303
ESPPRC_heur, 0.1, 0.1, 0.0, 0.0, 0, 12747.0, 6505.8754, True, 1945
ESPPRC_heur, 0.1, 0.1, 0.1, 0.0, 0, 12747.0, 4276.7887, True, 3745
ESPPRC_heur, 0.1, 0.2, 0.1, 0.0, 0, 12747.0, 4383.7316, True, 4058
ESPPRC_heur, 0.1, 0.1, 0.1, 0.0, 0, 12747.0, 7656.2558, True, 2824
ESPPRC_heur, 0.1, 0.1, 0.1, 0.0, 0, 12747.0, 5193.1854, True, 3049
ESPPRC_heur, 0.1, 0.1, 0.1, 0.0, 0, 12747.0, 5479.4124, True, 3354
ESPPRC_heur, 0.1, 0.1, 0.1, 0.0, 0, 12747.0, 5551.072, True, 3765
ESPPRC_heur, 0.1, 0.1, 0.1, 0.0, 0, 12747.0, 5841.3533, True, 3225
ESPPRC_heur, 0.1, 0.1, 0.1, 0.0, 0, 12747.0, 6987.199, True, 3139
ESPPRC_heur, 0.1, 0.1, 0.0, 0.0, 0, 12747.0, 7273.9197, True, 1554
ESPPRC_heur, 0.1, 0.1, 0.0, 0.0, 0, 12747.0, 6906.4105, True, 2264
ESPPRC_heur, 0.1, 0.1, 0.1, 0.0, 0, 12747.0, 4733.7642, True, 3354
ESPPRC_heur, 0.1, 0.1, 0.1, 0.0, 0, 12747.0, 3440.8562, True, 3713
ESPPRC_heur, 0.1, 0.1, 0.1, 0.0, 0, 12747.0, 6453.3071, True, 2588
ESPPRC_heur, 0.1, 0.1, 0.1, 0.0, 0, 12747.0, 7033.0549, True, 2955
ESPPRC_heur, 0.1, 0.1, 0.1, 0.0, 0, 12747.0, 6084.8814, True, 2733
ESPPRC_heur, 0.1, 0.1, 0.1, 0.0, 0, 12747.0, 6252.6489, True, 2598
ESPPRC_heur, 0.0, 0.2, 0.1, 0.0, 0, 12747.0, 4860.0443, True, 4208
ESPPRC_heur, 0.1, 0.1, 0.0, 0.0, 0, 12747.0, 6983.8638, True, 2386
ESPPRC_heur, 0.1, 0.1, 0.0, 0.0, 0, 12747.0, 5685.4803, True, 2466
ESPPRC_heur, 0.1, 0.1, 0.0, 0.0, 0, 12747.0, 6397.1006, True, 2402
ESPPRC_heur, 0.1, 0.1, 0.0, 0.0, 0, 12747.0, 7084.0268, True, 2203
ESPPRC_heur, 0.1, 0.1, 0.1, 0.0, 0, 12747.0, 5738.2976, True, 3304
ESPPRC_heur, 0.1, 0.1, 0.0, 0.0, 0, 12747.0, 5850.785, True, 2572
ESPPRC_heur, 0.1, 0.1, 0.0, 0.0, 0, 12747.0, 5552.9987, True, 2641
ESPPRC_heur, 0.1, 0.1, 0.1, 0.0, 0, 12747.0, 4495.8502, True, 3948
ESPPRC_heur, 0.1, 0.1, 0.0, 0.0, 0, 12747.0, 6255.1762, True, 2659
ESPPRC_heur, 0.0, 0.2, 0.1, 0.0, 0, 12747.0, 6099.7806, True, 3374
ESPPRC_heur, 0.1, 0.1, 0.0, 0.0, 0, 12747.0, 6368.7069, True, 2120
ESPPRC_heur, 0.1, 0.1, 0.0, 0.0, 0, 12747.0, 5486.148, True, 2695
ESPPRC_heur, 0.1, 0.1, 0.1, 0.0, 0, 12747.0, 3699.7931, True, 3166
ESPPRC_heur, 0.1, 0.1, 0.1, 0.0, 0, 12747.0, 6969.7005, True, 2722
ESPPRC_heur, 0.1, 0.1, 0.1, 0.0, 0, 12747.0, 6755.5928, True, 2933
ESPPRC_heur, 0.1, 0.1, 0.1, 0.0, 0, 12747.0, 5541.3466, True, 3511
ESPPRC_heur, 0.1, 0.1, 0.0, 0.0, 0, 12747.0, 5540.6266, True, 2970
ESPPRC_heur, 0.1, 0.1, 0.0, 0.0, 0, 12747.0, 4130.2704, True, 3027
ESPPRC_heur, 0.2, 0.1, 0.1, 0.0, 0, 12747.0, 6614.805, True, 2762
ESPPRC_heur, 0.1, 0.2, 0.1, 0.0, 0, 12747.0, 6295.3608, True, 3047
ESPPRC_heur, 0.1, 0.2, 0.1, 0.0, 0, 12747.0, 6331.8308, True, 3545
ESPPRC_heur, 0.1, 0.1, 0.1, 0.0, 0, 12747.0, 5815.6504, True, 2883
ESPPRC_heur, 0.1, 0.2, 0.1, 0.0, 0, 12747.0, 2707.7128, True, 5822
ESPPRC_heur, 0.1, 0.1, 0.1, 0.0, 0, 12747.0, 5169.2211, True, 2951
ESPPRC_heur, 0.1, 0.1, 0.0, 0.0, 0, 12747.0, 7430.7888, True, 1810
ESPPRC_heur, 0.2, 0.1, 0.1, 0.0, 0, 12747.0, 6654.4286, True, 2703
ESPPRC_heur, 0.2, 0.1, 0.1, 0.0, 0, 12747.0, 4329.4476, True, 3394
ESPPRC_heur, 0.1, 0.1, 0.1, 0.0, 0, 12747.0, 5699.8881, True, 3145
ESPPRC_heur, 0.1, 0.2, 0.1, 0.0, 0, 12747.0, 3699.8626, True, 4065
ESPPRC_heur, 0.1, 0.1, 0.0, 0.0, 0, 12747.0, 4864.5272, True, 2556
ESPPRC_heur, 0.1, 0.1, 0.1, 0.0, 0, 12747.0, 5365.7645, True, 3173
ESPPRC_heur, 0.1, 0.1, 0.1, 0.0, 0, 12747.0, 6585.7481, True, 3258
ESPPRC_heur, 0.1, 0.1, 0.1, 0.0, 0, 12747.0, 6977.0852, True, 2598
ESPPRC_heur, 0.1, 0.1, 0.1, 0.0, 0, 12747.0, 6705.8449, True, 2752
ESPPRC_heur, 0.1, 0.1, 0.1, 0.0, 0, 12747.0, 6536.4756, True, 2589
ESPPRC_heur, 0.1, 0.1, 0.1, 0.0, 0, 12747.0, 6963.116, True, 2572
ESPPRC_heur, 0.1, 0.2, 0.1, 0.0, 0, 12747.0, 5565.3643, True, 4238
ESPPRC_heur, 0.1, 0.1, 0.1, 0.0, 0, 12747.0, 6314.2179, True, 2921
ESPPRC_heur, 0.1, 0.1, 0.1, 0.0, 0, 12747.0, 5436.9742, True, 3072
ESPPRC_heur, 0.1, 0.1, 0.1, 0.0, 0, 12747.0, 4705.7075, True, 2810
ESPPRC_heur, 0.1, 0.1, 0.1, 0.0, 0, 12747.0, 7713.7283, True, 2702
ESPPRC_heur, 0.2, 0.1, 0.1, 0.0, 0, 12747.0, 7575.689, True, 2442
ESPPRC_heur, 0.1, 0.1, 0.1, 0.0, 0, 12747.0, 7442.5096, True, 2368
ESPPRC_heur, 0.1, 0.1, 0.1, 0.0, 0, 12747.0, 5406.9642, True, 3204
ESPPRC_heur, 0.2, 0.1, 0.1, 0.0, 0, 12747.0, 7432.5176, True, 2879
ESPPRC_heur, 0.2, 0.1, 0.1, 0.0, 0, 12747.0, 5792.1028, True, 2626
ESPPRC_heur, 0.1, 0.1, 0.1, 0.0, 0, 12747.0, 6054.8484, True, 2729
ESPPRC_heur, 0.1, 0.1, 0.1, 0.0, 0, 12747.0, 6566.6359, True, 2658
ESPPRC_heur, 0.0, 0.1, 0.0, 0.0, 0, 12747.0, 6117.5928, True, 1893
ESPPRC_heur, 0.1, 0.2, 0.1, 0.0, 0, 12747.0, 2606.8223, True, 5177
ESPPRC_heur, 0.1, 0.1, 0.1, 0.0, 0, 12747.0, 4300.8897, True, 3744
ESPPRC_heur, 0.1, 0.1, 0.0, 0.0, 0, 12747.0, 5417.042, True, 2963
ESPPRC_heur, 0.1, 0.1, 0.1, 0.0, 0, 12747.0, 3632.1528, True, 3078
ESPPRC_heur, 0.1, 0.1, 0.0, 0.0, 0, 12747.0, 5288.1182, True, 2394
ESPPRC_heur, 0.1, 0.1, 0.1, 0.0, 0, 12747.0, 1210.1776, True, 4038
ESPPRC_heur, 0.1, 0.1, 0.0, 0.0, 0, 12747.0, 7689.0863, True, 2106
ESPPRC_heur, 0.1, 0.1, 0.0, 0.0, 0, 12747.0, 7187.3062, True, 2481
ESPPRC_heur, 0.1, 0.1, 0.0, 0.0, 0, 12747.0, 7125.659, True, 1981
ESPPRC_heur, 0.1, 0.1, 0.1, 0.0, 0, 12747.0, 5735.2983, True, 3131
ESPPRC_heur, 0.1, 0.1, 0.0, 0.0, 0, 12747.0, 6041.023, True, 2286
ESPPRC_heur, 0.1, 0.1, 0.1, 0.0, 0, 12747.0, 5968.7451, True, 2926
ESPPRC_heur, 0.1, 0.1, 0.0, 0.0, 0, 12747.0, 7525.4574, True, 2076
ESPPRC_heur, 0.1, 0.1, 0.0, 0.0, 0, 12747.0, 7184.0951, True, 2277
ESPPRC_heur, 0.1, 0.1, 0.0, 0.0, 0, 12747.0, 6021.2726, True, 2340
ESPPRC_heur, 0.1, 0.1, 0.1, 0.0, 0, 12747.0, 6777.0899, True, 2522
ESPPRC_heur, 0.1, 0.1, 0.0, 0.0, 0, 12747.0, 7608.9308, True, 1720
ESPPRC_heur, 0.1, 0.1, 0.0, 0.0, 0, 12747.0, 6161.2202, True, 2571
ESPPRC_heur, 0.1, 0.1, 0.0, 0.0, 0, 12747.0, 6096.9729, True, 2358
ESPPRC_heur, 0.1, 0.1, 0.1, 0.0, 0, 12747.0, 6667.7796, True, 3098
ESPPRC_heur, 0.1, 0.1, 0.0, 0.0, 0, 12747.0, 7042.1279, True, 2273
ESPPRC_heur, 0.1, 0.1, 0.1, 0.0, 0, 12747.0, 5865.8716, True, 2448
ESPPRC_heur, 0.1, 0.1, 0.0, 0.0, 0, 12747.0, 7419.2591, True, 2407
ESPPRC_heur, 0.1, 0.1, 0.0, 0.0, 0, 12747.0, 7478.7187, True, 1908
ESPPRC_heur, 0.1, 0.1, 0.0, 0.0, 0, 12747.0, 6768.1829, True, 2525
ESPPRC_heur, 0.1, 0.1, 0.1, 0.0, 0, 12747.0, 5594.6489, True, 2783
ESPPRC_heur, 0.1, 0.1, 0.1, 0.0, 0, 12747.0, 6792.5918, True, 2921
ESPPRC_heur, 0.1, 0.1, 0.0, 0.0, 0, 12747.0, 7491.3233, True, 2538
ESPPRC_heur, 0.1, 0.1, 0.0, 0.0, 0, 12747.0, 7409.7404, True, 1913
ESPPRC_heur, 0.1, 0.1, 0.0, 0.0, 0, 12747.0, 6816.8665, True, 1874
ESPPRC_heur, 0.1, 0.1, 0.0, 0.0, 0, 12747.0, 6423.3717, True, 2980
ESPPRC_heur, 0.1, 0.1, 0.0, 0.0, 0, 12747.0, 6791.1478, True, 2810
ESPPRC_heur, 0.1, 0.1, 0.0, 0.0, 0, 12747.0, 6612.9223, True, 1828
ESPPRC_heur, 0.1, 0.1, 0.0, 0.0, 0, 12747.0, 6302.4325, True, 2660
ESPPRC_heur, 0.1, 0.1, 0.1, 0.0, 0, 12747.0, 5690.2235, True, 3225
ESPPRC_heur, 0.1, 0.1, 0.0, 0.0, 0, 12747.0, 3757.3882, True, 3141
ESPPRC_heur, 0.1, 0.1, 0.0, 0.0, 0, 12747.0, 5197.0143, True, 2688
ESPPRC_heur, 0.1, 0.1, 0.1, 0.0, 0, 12747.0, 6973.1596, True, 3356
ESPPRC_heur, 0.1, 0.1, 0.1, 0.0, 0, 12747.0, 6820.1715, True, 2918
ESPPRC_heur, 0.1, 0.1, 0.0, 0.0, 0, 12747.0, 5772.8106, True, 2682
ESPPRC_heur, 0.1, 0.2, 0.1, 0.0, 0, 12747.0, 3903.2894, True, 4006
ESPPRC_heur, 0.1, 0.1, 0.1, 0.0, 0, 12747.0, 5892.0079, True, 3265
ESPPRC_heur, 0.1, 0.1, 0.1, 0.0, 0, 12747.0, 6910.6447, True, 2986
ESPPRC_heur, 0.1, 0.1, 0.0, 0.0, 0, 12747.0, 7913.1531, True, 1568
ESPPRC_heur, 0.1, 0.1, 0.1, 0.0, 0, 12747.0, 6375.3426, True, 2607
ESPPRC_heur, 0.1, 0.1, 0.0, 0.0, 0, 12747.0, 5775.7167, True, 2178
ESPPRC_heur, 0.1, 0.1, 0.0, 0.0, 0, 12747.0, 7354.9287, True, 1950
ESPPRC_heur, 0.1, 0.1, 0.0, 0.0, 0, 12747.0, 6786.5808, True, 2388
ESPPRC_heur, 0.1, 0.1, 0.1, 0.0, 0, 12747.0, 5587.8983, True, 3350
ESPPRC_heur, 0.0, 0.1, 0.0, 0.0, 0, 12747.0, 7863.8492, True, 1904
ESPPRC_heur, 0.1, 0.1, 0.0, 0.0, 0, 12747.0, 6866.1273, True, 1935
ESPPRC_heur, 0.1, 0.1, 0.0, 0.0, 0, 12747.0, 7144.1647, True, 2001
ESPPRC_heur, 0.1, 0.1, 0.0, 0.0, 0, 12747.0, 7978.6031, True, 2098
ESPPRC_heur, 0.1, 0.1, 0.1, 0.0, 0, 12747.0, 8409.0047, True, 2144
ESPPRC_heur, 0.1, 0.1, 0.0, 0.0, 0, 12747.0, 7717.0635, True, 1735
ESPPRC_heur, 0.1, 0.1, 0.0, 0.0, 0, 12747.0, 7285.2622, True, 2155
ESPPRC_heur, 0.1, 0.1, 0.1, 0.0, 0, 12747.0, 6789.5058, True, 2844
ESPPRC_heur, 0.1, 0.1, 0.0, 0.0, 0, 12747.0, 6954.7307, True, 1587
ESPPRC_heur, 0.1, 0.1, 0.0, 0.0, 0, 12747.0, 7949.1864, True, 1937
ESPPRC_heur, 0.1, 0.1, 0.0, 0.0, 0, 12747.0, 8510.5259, True, 1714
ESPPRC_heur, 0.1, 0.1, 0.0, 0.0, 0, 12747.0, 7973.9147, True, 1807
ESPPRC_heur, 0.0, 0.2, 0.1, 0.0, 0, 12747.0, 7306.3524, True, 3059
ESPPRC_heur, 0.1, 0.1, 0.1, 0.0, 0, 12747.0, 7365.4064, True, 2156
ESPPRC_heur, 0.1, 0.2, 0.1, 0.0, 0, 12747.0, 7964.3786, True, 2986
ESPPRC_heur, 0.0, 0.1, 0.0, 0.0, 0, 12747.0, 7751.2657, True, 2061
ESPPRC_heur, 0.1, 0.1, 0.0, 0.0, 0, 12747.0, 8757.0816, True, 1654
ESPPRC_heur, 0.1, 0.1, 0.1, 0.0, 0, 12747.0, 6770.7756, True, 2187
ESPPRC_heur, 0.1, 0.1, 0.1, 0.0, 0, 12747.0, 7038.1563, True, 2841
ESPPRC_heur, 0.1, 0.1, 0.0, 0.0, 0, 12747.0, 7468.5062, True, 2381
ESPPRC_heur, 0.1, 0.1, 0.0, 0.0, 0, 12747.0, 5727.3537, True, 2316
ESPPRC_heur, 0.1, 0.1, 0.0, 0.0, 0, 12747.0, 7944.0344, True, 1847
ESPPRC_heur, 0.1, 0.1, 0.0, 0.0, 0, 12747.0, 6674.9264, True, 1581
ESPPRC_heur, 0.1, 0.1, 0.1, 0.0, 0, 12747.0, 6352.6053, True, 2979
ESPPRC_heur, 0.1, 0.1, 0.0, 0.0, 0, 12747.0, 7949.5941, True, 2187
ESPPRC_heur, 0.1, 0.1, 0.1, 0.0, 0, 12747.0, 6186.9293, True, 2847
ESPPRC_heur, 0.1, 0.1, 0.0, 0.0, 0, 12747.0, 7246.3629, True, 2046
ESPPRC_heur, 0.1, 0.1, 0.0, 0.0, 0, 12747.0, 6974.6082, True, 1936
ESPPRC_heur, 0.1, 0.1, 0.1, 0.0, 0, 12747.0, 8535.3748, True, 2326
ESPPRC_heur, 0.1, 0.1, 0.1, 0.0, 0, 12747.0, 7038.9669, True, 2106
ESPPRC_heur, 0.1, 0.1, 0.1, 0.0, 0, 12747.0, 8245.0601, True, 2036
ESPPRC_heur, 0.1, 0.1, 0.1, 0.0, 0, 12747.0, 7098.5389, True, 2597
ESPPRC_heur, 0.1, 0.1, 0.1, 0.0, 0, 12747.0, 8398.6637, True, 2496
ESPPRC_heur, 0.1, 0.1, 0.1, 0.0, 0, 12747.0, 7035.5568, True, 2849
ESPPRC_heur, 0.2, 0.1, 0.1, 0.0, 0, 12747.0, 8298.4014, True, 2634
ESPPRC_heur, 0.1, 0.1, 0.0, 0.0, 0, 12747.0, 8765.4038, True, 1813
ESPPRC_heur, 0.1, 0.1, 0.1, 0.0, 0, 12747.0, 6511.4012, True, 3285
ESPPRC_heur, 0.1, 0.1, 0.0, 0.0, 0, 12747.0, 8259.7811, True, 1501
ESPPRC_heur, 0.1, 0.1, 0.0, 0.0, 0, 12747.0, 9123.6778, True, 1511
ESPPRC_heur, 0.1, 0.1, 0.0, 0.0, 0, 12747.0, 8614.519, True, 2112
ESPPRC_heur, 0.1, 0.1, 0.0, 0.0, 0, 12747.0, 8277.4417, True, 2196
ESPPRC_heur, 0.1, 0.1, 0.1, 0.0, 0, 12747.0, 8359.5889, True, 2524
ESPPRC_heur, 0.1, 0.1, 0.0, 0.0, 0, 12747.0, 7684.5686, True, 2098
ESPPRC_heur, 0.1, 0.1, 0.1, 0.0, 0, 12747.0, 7064.1249, True, 2713
ESPPRC_heur, 0.1, 0.1, 0.0, 0.0, 0, 12747.0, 8136.3029, True, 2159
ESPPRC_heur, 0.0, 0.1, 0.0, 0.0, 0, 12747.0, 7868.7411, True, 1729
ESPPRC_heur, 0.1, 0.1, 0.1, 0.0, 0, 12747.0, 6378.2634, True, 3139
ESPPRC_heur, 0.0, 0.1, 0.0, 0.0, 0, 12747.0, 9068.3442, True, 1518
ESPPRC_heur, 0.0, 0.1, 0.0, 0.0, 0, 12747.0, 8175.8064, True, 1597
ESPPRC_heur, 0.1, 0.1, 0.0, 0.0, 0, 12747.0, 9008.2621, True, 1604
ESPPRC_heur, 0.1, 0.1, 0.1, 0.0, 0, 12747.0, 9375.4862, True, 1644
ESPPRC_heur, 0.1, 0.1, 0.0, 0.0, 0, 12747.0, 8657.5191, True, 1435
ESPPRC_heur, 0.1, 0.1, 0.0, 0.0, 0, 12747.0, 8616.6596, True, 1776
ESPPRC_heur, 0.1, 0.1, 0.0, 0.0, 0, 12747.0, 8925.6757, True, 1094
ESPPRC_heur, 0.1, 0.1, 0.0, 0.0, 0, 12747.0, 8366.3256, True, 1324
ESPPRC_heur, 0.1, 0.1, 0.0, 0.0, 0, 12747.0, 8874.148, True, 1443
ESPPRC_heur, 0.1, 0.1, 0.0, 0.0, 0, 12747.0, 8998.298, True, 1489
ESPPRC_heur, 0.1, 0.1, 0.0, 0.0, 0, 12747.0, 8372.9064, True, 1505
ESPPRC_heur, 0.1, 0.1, 0.0, 0.0, 0, 12747.0, 9280.1767, True, 1061
ESPPRC_heur, 0.1, 0.1, 0.0, 0.0, 0, 12747.0, 7887.3744, True, 2121
ESPPRC_heur, 0.1, 0.1, 0.0, 0.0, 0, 12747.0, 8160.1602, True, 1813
ESPPRC_heur, 0.1, 0.1, 0.1, 0.0, 0, 12747.0, 7489.7491, True, 2992
ESPPRC_heur, 0.1, 0.1, 0.0, 0.0, 0, 12747.0, 9094.0248, True, 1574
ESPPRC_heur, 0.1, 0.1, 0.1, 0.0, 0, 12747.0, 7396.946, True, 2476
ESPPRC_heur, 0.1, 0.1, 0.0, 0.0, 0, 12747.0, 8602.0901, True, 1540
ESPPRC_heur, 0.1, 0.1, 0.0, 0.0, 0, 12747.0, 9444.8812, True, 1372
ESPPRC_heur, 0.1, 0.1, 0.0, 0.0, 0, 12747.0, 8356.0116, True, 2094
ESPPRC_heur, 0.1, 0.1, 0.0, 0.0, 0, 12747.0, 8897.3981, True, 1507
ESPPRC_heur, 0.1, 0.1, 0.0, 0.0, 0, 12747.0, 8688.4878, True, 1445
ESPPRC_heur, 0.1, 0.1, 0.0, 0.0, 0, 12747.0, 8843.8238, True, 1210
ESPPRC_heur, 0.1, 0.1, 0.0, 0.0, 0, 12747.0, 9239.2365, True, 1369
ESPPRC_heur, 0.0, 0.1, 0.0, 0.0, 0, 12747.0, 8500.1567, True, 1670
ESPPRC_heur, 0.1, 0.1, 0.0, 0.0, 0, 12747.0, 8479.3292, True, 1761
ESPPRC_heur, 0.0, 0.1, 0.0, 0.0, 0, 12747.0, 9544.531, True, 1086
ESPPRC_heur, 0.1, 0.1, 0.0, 0.0, 0, 12747.0, 9074.7201, True, 1221
ESPPRC_heur, 0.1, 0.1, 0.0, 0.0, 0, 12747.0, 8905.3695, True, 1104
ESPPRC_heur, 0.1, 0.1, 0.0, 0.0, 0, 12747.0, 9010.0718, True, 1516
ESPPRC_heur, 0.1, 0.1, 0.1, 0.0, 0, 12747.0, 9223.984, True, 1985
ESPPRC_heur, 0.1, 0.1, 0.0, 0.0, 0, 12747.0, 8488.9418, True, 1920
ESPPRC_heur, 0.1, 0.1, 0.0, 0.0, 0, 12747.0, 10122.78, True, 1273
ESPPRC_heur, 0.1, 0.1, 0.0, 0.0, 0, 12747.0, 9357.759, True, 1047
ESPPRC_heur, 0.1, 0.1, 0.0, 0.0, 0, 12747.0, 9608.717, True, 1372
ESPPRC_heur, 0.1, 0.1, 0.0, 0.0, 0, 12747.0, 8711.8156, True, 1577
ESPPRC_heur, 0.0, 0.1, 0.0, 0.0, 0, 12747.0, 9638.1659, True, 1166
ESPPRC_heur, 0.1, 0.1, 0.0, 0.0, 0, 12747.0, 9368.168, True, 1335
ESPPRC_heur, 0.1, 0.1, 0.0, 0.0, 0, 12747.0, 9423.0992, True, 1252
ESPPRC_heur, 0.1, 0.1, 0.0, 0.0, 0, 12747.0, 9004.1012, True, 1495
ESPPRC_heur, 0.0, 0.1, 0.0, 0.0, 0, 12747.0, 9669.1881, True, 905
ESPPRC_heur, 0.0, 0.1, 0.0, 0.0, 0, 12747.0, 10205.7766, True, 976
ESPPRC_heur, 0.0, 0.1, 0.0, 0.0, 0, 12747.0, 10452.664, True, 803
ESPPRC_heur, 0.0, 0.1, 0.0, 0.0, 0, 12747.0, 10461.6876, True, 700
ESPPRC_heur, 0.1, 0.1, 0.0, 0.0, 0, 12747.0, 9702.307, True, 1289
ESPPRC_heur, 0.1, 0.1, 0.0, 0.0, 0, 12747.0, 9505.3995, True, 1147
ESPPRC_heur, 0.0, 0.1, 0.0, 0.0, 0, 12747.0, 10167.8446, True, 873
ESPPRC_heur, 0.0, 0.1, 0.0, 0.0, 0, 12747.0, 10180.6509, True, 826
ESPPRC_heur, 0.1, 0.1, 0.0, 0.0, 0, 12747.0, 9358.1738, True, 1333
ESPPRC_heur, 0.0, 0.1, 0.0, 0.0, 0, 12747.0, 10118.3691, True, 890
ESPPRC_heur, 0.1, 0.1, 0.0, 0.0, 0, 12747.0, 9909.5715, True, 1054
ESPPRC_heur, 0.0, 0.1, 0.0, 0.0, 0, 12747.0, 9308.0773, True, 750
ESPPRC_heur, 0.1, 0.1, 0.0, 0.0, 0, 12747.0, 9050.575, True, 1730
ESPPRC_heur, 0.1, 0.1, 0.0, 0.0, 0, 12747.0, 9771.8625, True, 1101
ESPPRC_heur, 0.1, 0.1, 0.0, 0.0, 0, 12747.0, 9608.092, True, 1278
ESPPRC_heur, 0.1, 0.1, 0.0, 0.0, 0, 12747.0, 10034.9793, True, 1350
ESPPRC_heur, 0.1, 0.1, 0.0, 0.0, 0, 12747.0, 8869.6445, True, 1571
ESPPRC_heur, 0.1, 0.1, 0.0, 0.0, 0, 12747.0, 9959.2208, True, 1199
ESPPRC_heur, 0.1, 0.1, 0.0, 0.0, 0, 12747.0, 10066.6394, True, 965
ESPPRC_heur, 0.1, 0.1, 0.0, 0.0, 0, 12747.0, 9509.611, True, 1102
ESPPRC_heur, 0.0, 0.1, 0.0, 0.0, 0, 12747.0, 10110.434, True, 743
ESPPRC_heur, 0.1, 0.1, 0.0, 0.0, 0, 12747.0, 9789.3175, True, 1180
ESPPRC_heur, 0.1, 0.1, 0.0, 0.0, 0, 12747.0, 9992.7806, True, 996
ESPPRC_heur, 0.1, 0.1, 0.0, 0.0, 0, 12747.0, 10207.8692, True, 831
ESPPRC_heur, 0.1, 0.1, 0.0, 0.0, 0, 12747.0, 10466.9468, True, 855
ESPPRC_heur, 0.1, 0.1, 0.0, 0.0, 0, 12747.0, 10126.7458, True, 938
ESPPRC_heur, 0.0, 0.1, 0.0, 0.0, 0, 12747.0, 10449.3059, True, 743
ESPPRC_heur, 0.0, 0.1, 0.0, 0.0, 0, 12747.0, 10319.5496, True, 628
ESPPRC_heur, 0.1, 0.1, 0.0, 0.0, 0, 12747.0, 10390.8245, True, 935
ESPPRC_heur, 0.0, 0.1, 0.0, 0.0, 0, 12747.0, 9673.3628, True, 950
ESPPRC_heur, 0.0, 0.1, 0.0, 0.0, 0, 12747.0, 10695.6879, True, 601
ESPPRC_heur, 0.0, 0.1, 0.0, 0.0, 0, 12747.0, 10237.5706, True, 765
ESPPRC_heur, 0.0, 0.1, 0.0, 0.0, 0, 12747.0, 9999.7487, True, 849
ESPPRC_heur, 0.0, 0.1, 0.0, 0.0, 0, 12747.0, 10379.192, True, 668
ESPPRC_heur, 0.0, 0.1, 0.0, 0.0, 0, 12747.0, 9804.3909, True, 845
ESPPRC_heur, 0.1, 0.1, 0.0, 0.0, 0, 12747.0, 10348.0883, True, 785
ESPPRC_heur, 0.0, 0.1, 0.0, 0.0, 0, 12747.0, 10633.0034, True, 730
ESPPRC_heur, 0.1, 0.1, 0.0, 0.0, 0, 12747.0, 10285.5602, True, 1034
ESPPRC_heur, 0.1, 0.1, 0.0, 0.0, 0, 12747.0, 10995.3053, True, 772
ESPPRC_heur, 0.0, 0.1, 0.0, 0.0, 0, 12747.0, 11037.0177, True, 487
ESPPRC_heur, 0.1, 0.1, 0.0, 0.0, 0, 12747.0, 10659.5351, True, 968
ESPPRC_heur, 0.1, 0.1, 0.0, 0.0, 0, 12747.0, 10689.6293, True, 718
ESPPRC_heur, 0.1, 0.1, 0.0, 0.0, 0, 12747.0, 10340.4968, True, 844
ESPPRC_heur, 0.0, 0.1, 0.0, 0.0, 0, 12747.0, 10220.2914, True, 757
ESPPRC_heur, 0.1, 0.1, 0.0, 0.0, 0, 12747.0, 10541.4494, True, 804
ESPPRC_heur, 0.0, 0.1, 0.0, 0.0, 0, 12747.0, 10422.9769, True, 766
ESPPRC_heur, 0.1, 0.1, 0.0, 0.0, 0, 12747.0, 10688.6993, True, 797
ESPPRC_heur, 0.0, 0.1, 0.0, 0.0, 0, 12747.0, 10926.9209, True, 669
ESPPRC_heur, 0.0, 0.1, 0.0, 0.0, 0, 12747.0, 10672.2088, True, 645
ESPPRC_heur, 0.0, 0.1, 0.0, 0.0, 0, 12747.0, 11181.5732, True, 571
ESPPRC_heur, 0.0, 0.1, 0.0, 0.0, 0, 12747.0, 10664.6995, True, 740
ESPPRC_heur, 0.0, 0.1, 0.0, 0.0, 0, 12747.0, 10996.0775, True, 674
ESPPRC_heur, 0.0, 0.1, 0.0, 0.0, 0, 12747.0, 10526.5483, True, 809
ESPPRC_heur, 0.1, 0.1, 0.0, 0.0, 0, 12747.0, 10422.964, True, 600
ESPPRC_heur, 0.1, 0.1, 0.0, 0.0, 0, 12747.0, 10941.0206, True, 646
ESPPRC_heur, 0.0, 0.1, 0.0, 0.0, 0, 12747.0, 11545.3681, True, 443
ESPPRC_heur, 0.0, 0.1, 0.0, 0.0, 0, 12747.0, 10434.4344, True, 730
ESPPRC_heur, 0.0, 0.1, 0.0, 0.0, 0, 12747.0, 10382.5863, True, 649
ESPPRC_heur, 0.0, 0.1, 0.0, 0.0, 0, 12747.0, 10482.2664, True, 391
ESPPRC_heur, 0.1, 0.1, 0.0, 0.0, 0, 12747.0, 10994.2222, True, 675
ESPPRC_heur, 0.0, 0.1, 0.0, 0.0, 0, 12747.0, 11503.6637, True, 522
ESPPRC_heur, 0.0, 0.1, 0.0, 0.0, 0, 12740.3729, 10466.7283, True, 653
ESPPRC_heur, 0.0, 0.1, 0.0, 0.0, 0, 12737.2047, 10943.3581, True, 468
ESPPRC_heur, 0.0, 0.1, 0.0, 0.0, 0, 12732.3848, 11008.3472, True, 662
ESPPRC_heur, 0.0, 0.1, 0.0, 0.0, 0, 12732.3848, 11719.864, True, 381
ESPPRC_heur, 0.0, 0.1, 0.0, 0.0, 0, 12721.5987, 11346.7257, True, 435
ESPPRC_heur, 0.0, 0.1, 0.0, 0.0, 0, 12717.45, 11821.4406, True, 329
ESPPRC_heur, 0.0, 0.1, 0.0, 0.0, 0, 12714.1001, 11300.0232, True, 381
ESPPRC_heur, 0.0, 0.1, 0.0, 0.0, 0, 12714.0902, 11258.4851, True, 385
ESPPRC_heur, 0.0, 0.1, 0.0, 0.0, 0, 12713.3857, 11744.9663, True, 403
ESPPRC_heur, 0.0, 0.1, 0.0, 0.0, 0, 12713.3697, 11521.6774, True, 246
ESPPRC_heur, 0.0, 0.1, 0.0, 0.0, 0, 12699.7496, 10822.2742, True, 633
ESPPRC_heur, 0.0, 0.1, 0.0, 0.0, 0, 12697.3601, 11487.0207, True, 360
ESPPRC_heur, 0.0, 0.1, 0.0, 0.0, 0, 12692.3254, 11290.1377, True, 331
ESPPRC_heur, 0.0, 0.1, 0.0, 0.0, 0, 12679.1636, 11023.7135, True, 383
ESPPRC_heur, 0.0, 0.1, 0.0, 0.0, 0, 12673.2491, 11543.8879, True, 227
ESPPRC_heur, 0.1, 0.1, 0.0, 0.0, 0, 12668.4544, 11977.4517, True, 273
ESPPRC_heur, 0.0, 0.1, 0.0, 0.0, 0, 12651.944, 11160.6639, True, 340
ESPPRC_heur, 0.0, 0.1, 0.0, 0.0, 0, 12651.0615, 12005.5713, True, 134
ESPPRC_heur, 0.0, 0.1, 0.0, 0.0, 0, 12646.0023, 11946.1642, True, 120
ESPPRC_heur, 0.0, 0.1, 0.0, 0.0, 0, 12642.6992, 12020.8099, True, 90
ESPPRC_heur, -0.0, 0.1, 0.0, 0.0, 0, 12635.5903, 12252.2782, True, 38
ESPPRC_heur, 0.0, 0.1, 0.0, 0.0, 0, 12631.6063, 11933.0838, True, 88
ESPPRC_heur, 0.0, 0.1, 0.0, 0.0, 0, 12630.2997, 11253.765, True, 438
ESPPRC_heur, 0.0, 0.1, 0.0, 0.0, 0, 12628.3396, 12109.2207, True, 108
ESPPRC_heur, 0.0, 0.1, 0.0, 0.0, 0, 12626.3265, 12051.1607, True, 45
ESPPRC_heur, 0.0, 0.1, 0.0, 0.0, 0, 12626.0438, 12167.4159, True, 92
ESPPRC_heur, 0.0, 0.1, 0.0, 0.0, 0, 12619.0442, 11785.41, True, 169
ESPPRC_heur, 0.0, 0.1, 0.0, 0.0, 0, 12618.133, 11746.8357, True, 94
ESPPRC_heur, 0.0, 0.1, 0.0, 0.0, 0, 12617.8446, 12248.26, True, 56
ESPPRC_heur, 0.0, 0.1, 0.0, 0.0, 0, 12614.8711, 12146.3499, True, 67
ESPPRC_heur, 0.0, 0.1, 0.0, 0.0, 0, 12614.2439, 12333.9993, True, 25
ESPPRC_heur, 0.0, 0.1, 0.0, 0.0, 0, 12614.1231, 12135.4444, True, 83
ESPPRC_heur, 0.1, 0.1, 0.0, 0.0, 0, 12609.5515, 11962.366, True, 184
ESPPRC_heur, 0.0, 0.1, 0.0, 0.0, 0, 12609.5504, 12407.0113, True, 26
ESPPRC_heur, 0.1, 0.1, 0.0, 0.0, 0, 12608.4598, 11764.4861, True, 105
ESPPRC_heur, 0.0, 0.1, 0.0, 0.0, 0, 12608.4244, 12104.4488, True, 85
ESPPRC_heur, 0.1, 0.1, 0.0, 0.0, 0, 12608.4174, 12084.0222, True, 80
ESPPRC_heur, 0.0, 0.1, 0.0, 0.0, 0, 12608.0845, 12268.9732, True, 37
ESPPRC_heur, 0.0, 0.1, 0.0, 0.0, 0, 12607.9263, 12384.5664, True, 25
ESPPRC_heur, -0.0, 0.1, 0.0, 0.0, 0, 12606.7647, 12546.5928, True, 5
ESPPRC_heur, 0.0, 0.1, 0.0, 0.0, 0, 12606.7647, 12301.2423, True, 32
ESPPRC_heur, 0.0, 0.1, 0.0, 0.0, 0, 12604.4479, 12205.509, True, 45
ESPPRC_heur, -0.0, 0.1, 0.0, 0.0, 0, 12604.3304, 12393.7666, True, 12
ESPPRC_heur, -0.0, 0.1, 0.0, 0.0, 0, 12604.3304, 12346.9402, True, 12
ESPPRC_heur, -0.0, 0.1, 0.0, 0.0, 0, 12604.3304, 12534.1669, True, 2
ng20, 0.1, 568.1, 539.7, 24.2, 1, 12604.3304, 12207.4648, 0, 564
ng8, 0.1, 6.8, 5.8, 0.5, 1, 12604.3304, 11528.9627, 0, 1126
cyc2, 0.1, 2.4, 0.0, 0.0, 1, 12604.3304, 6593.7069, 0, 33923
SPPRC, 0.2, 1.0, 0.9, 0.1, 1, 12604.3304, -22122.2256, 0, 10284
ESPPRC_heur, 0.1, 0.1, 0.0, 0.0, 0, 12583.1713, 12258.3392, True, 120
ESPPRC_heur, 0.0, 0.1, 0.0, 0.0, 0, 12582.1669, 12312.8721, True, 50
ESPPRC_heur, 0.0, 0.1, 0.0, 0.0, 0, 12579.245, 12111.6046, True, 43
ESPPRC_heur, 0.0, 0.1, 0.0, 0.0, 0, 12578.2073, 12462.7817, True, 13
ESPPRC_heur, 0.0, 0.1, 0.0, 0.0, 0, 12578.1761, 12457.6419, True, 10
ESPPRC_heur, -0.0, 0.1, 0.0, 0.0, 0, 12577.8609, 12525.2122, True, 6
ng20, 0.1, 508.2, 488.6, 16.1, 1, 12577.8609, 12186.8586, 0, 285
ng8, -0.0, 7.0, 6.0, 0.4, 1, 12577.8609, 11435.559, 0, 801
cyc2, 0.1, 2.6, 0.0, 0.0, 1, 12577.8609, 5563.3491, 0, 36021
SPPRC, 0.1, 1.1, 0.9, 0.1, 1, 12577.8609, -23882.5487, 0, 10514
ESPPRC_heur, 0.0, 0.1, 0.0, 0.0, 0, 12576.3685, 11941.6022, True, 43
ESPPRC_heur, 0.0, 0.1, 0.0, 0.0, 0, 12576.3685, 11809.4112, True, 72
ESPPRC_heur, -0.0, 0.1, 0.0, 0.0, 0, 12576.3452, 12135.2681, True, 19
ESPPRC_heur, -0.0, 0.1, 0.0, 0.0, 0, 12576.1766, 12377.1231, True, 9
ESPPRC_heur, -0.0, 0.1, 0.0, 0.0, 0, 12576.1766, 12554.8446, True, 4
ESPPRC_heur, -0.0, 0.1, 0.0, 0.0, 0, 12576.1766, 12478.9041, True, 2
ng20, 0.1, 489.8, 470.4, 15.9, 1, 12576.1766, 12106.5097, 0, 303
ng8, 0.1, 7.0, 6.1, 0.5, 1, 12576.1766, 11415.303, 0, 1120
cyc2, 0.1, 3.2, 0.0, 0.0, 1, 12576.1766, 4844.7508, 0, 47513
SPPRC, 0.2, 1.1, 0.9, 0.1, 1, 12576.1766, -30441.8492, 0, 11449
ESPPRC_heur, -0.0, 0.1, 0.0, 0.0, 0, 12575.2726, 12550.1308, True, 4
ng20, 0.0, 487.4, 467.3, 16.3, 1, 12575.2604, 12293.7561, 0, 174
ng8, 0.1, 5.9, 5.1, 0.4, 1, 12575.2604, 11385.9616, 0, 938
cyc2, 0.1, 2.1, 0.0, 0.0, 1, 12575.2604, 1549.6771, 0, 60565
SPPRC, 0.1, 1.0, 0.9, 0.1, 1, 12575.2604, -21084.6906, 0, 10453
ESPPRC_heur, -0.0, 0.1, 0.0, 0.0, 0, 12572.1458, 12534.1196, True, 2
ESPPRC_heur, -0.0, 0.1, 0.0, 0.0, 0, 12572.1079, 12533.8921, True, 2
ng20, 0.1, 505.1, 483.2, 18.0, 1, 12572.1023, 12337.4981, 0, 135
ng8, 0.0, 7.4, 6.4, 0.5, 1, 12572.1023, 10864.5061, 0, 975
cyc2, 0.1, 2.6, 0.0, 0.0, 1, 12572.1023, 6458.3012, 0, 36316
SPPRC, 0.1, 1.2, 1.0, 0.1, 1, 12572.1023, -28170.7771, 0, 11128
ESPPRC_heur, -0.0, 0.1, 0.0, 0.0, 0, 12569.6571, 12493.4174, True, 7
ng20, 0.1, 393.9, 376.8, 13.9, 1, 12569.6571, 12477.2796, 0, 60
ng8, 0.0, 6.7, 5.7, 0.4, 1, 12569.6571, 11095.2036, 0, 940
cyc2, 0.1, 2.7, 0.0, 0.0, 1, 12569.6571, 5551.9136, 0, 42923
SPPRC, 0.1, 1.1, 0.9, 0.1, 1, 12569.6571, -24511.1357, 0, 10665
ESPPRC_heur, -0.0, 0.1, 0.0, 0.0, 0, 12569.3119, 12555.164, True, 1
ng20, 0.1, 470.5, 449.3, 17.7, 1, 12569.3119, 12474.0644, 0, 32
ng8, 0.0, 6.5, 5.6, 0.4, 1, 12569.3119, 11088.0596, 0, 913
cyc2, 0.1, 2.6, 0.0, 0.0, 1, 12569.3119, 6202.3739, 0, 38246
SPPRC, 0.1, 1.2, 1.0, 0.1, 1, 12569.3119, -28042.9178, 0, 11112
ESPPRC_heur, -0.0, 0.1, 0.0, 0.0, 0, 12568.7171, 12531.4578, True, 3
ng20, 0.0, 467.7, 447.8, 16.3, 1, 12568.7171, 12532.6081, 0, 15
ng8, 0.1, 7.0, 6.1, 0.5, 1, 12568.7171, 10995.2197, 0, 894
cyc2, 0.1, 2.5, 0.0, 0.0, 1, 12568.7171, 7569.5208, 0, 26966
SPPRC, 0.1, 1.1, 0.9, 0.1, 1, 12568.7171, -26281.2829, 0, 10837
ng20, 0.1, 488.8, 467.8, 17.4, 1, 12568.6633, 12568.6633, 0, 0
ng8, 0.1, 6.7, 5.8, 0.4, 1, 12568.6633, 11037.7514, 0, 912
cyc2, 0.0, 1.9, 0.0, 0.0, 1, 12568.6633, 7385.8007, 0, 27890
SPPRC, 0.1, 1.0, 0.9, 0.1, 1, 12568.6633, -26281.3367, 0, 10902
scip_total_time, 6315.892725
Solval, number of paths, impact cutoff
12568.663304253, 58, 0.0001
Elementary, 2-Cycle, Path Value, Path
True, True, 0.9509, (0, 16, 5, 6, 0)
True, True, 0.4706, (0, 104, 41, 91, 2, 25, 51, 19, 108, 48, 60, 86, 87, 73, 106, 66, 17, 89, 0)
True, True, 0.2304, (0, 34, 98, 37, 90, 39, 67, 40, 43, 68, 14, 8, 83, 75, 84, 27, 44, 114, 30, 105, 112, 110, 111, 0)
True, True, 0.0082, (0, 5, 6, 60, 86, 73, 0)
True, True, 0.0082, (0, 89, 5, 108, 6, 19, 0)
True, True, 0.4081, (0, 50, 52, 21, 82, 88, 9, 114, 30, 44, 27, 105, 112, 110, 111, 0)
True, True, 0.4787, (0, 32, 3, 93, 18, 109, 47, 79, 49, 99, 35, 107, 95, 0)
True, True, 0.2565, (0, 70, 36, 56, 31, 11, 81, 33, 61, 103, 102, 72, 26, 46, 0)
True, True, 0.0106, (0, 46, 26, 72, 102, 24, 71, 76, 55, 80, 97, 38, 77, 58, 113, 12, 45, 65, 23, 0)
True, True, 0.0082, (0, 5, 48, 6, 60, 86, 0)
True, True, 0.0049, (0, 2, 91, 41, 104, 16, 66, 17, 89, 32, 15, 0)
True, True, 0.4869, (0, 13, 70, 36, 56, 31, 11, 81, 33, 61, 103, 69, 0)
True, True, 0.0123, (0, 5, 6, 19, 51, 25, 0)
True, True, 0.4967, (0, 15, 3, 93, 18, 109, 47, 79, 49, 99, 35, 107, 95, 59, 42, 0)
True, True, 0.2435, (0, 10, 42, 59, 9, 53, 0)
True, True, 0.1543, (0, 46, 63, 7, 1, 74, 85, 0)
True, True, 0.3092, (0, 34, 63, 7, 1, 74, 85, 64, 0)
True, True, 0.0731, (0, 72, 98, 7, 1, 74, 85, 0)
True, True, 0.0082, (0, 5, 108, 6, 48, 89, 0)
True, True, 0.1467, (0, 50, 52, 21, 82, 88, 105, 84, 75, 83, 8, 14, 68, 43, 40, 67, 39, 90, 37, 98, 72, 0)
True, True, 0.0074, (0, 104, 41, 91, 2, 0)
True, True, 0.0082, (0, 95, 107, 35, 99, 49, 109, 18, 93, 3, 106, 17, 89, 0)
True, True, 0.4763, (0, 104, 41, 25, 51, 22, 96, 45, 12, 113, 58, 77, 38, 97, 80, 55, 76, 71, 24, 102, 69, 0)
True, True, 0.0123, (0, 104, 41, 91, 2, 25, 16, 66, 17, 89, 32, 15, 0)
True, True, 0.1311, (0, 26, 98, 1, 7, 63, 34, 0)
True, True, 0.1625, (0, 26, 98, 37, 71, 76, 55, 80, 97, 38, 77, 58, 113, 65, 23, 2, 91, 0)
True, True, 0.105, (0, 85, 74, 90, 39, 67, 40, 43, 68, 14, 8, 83, 75, 84, 27, 44, 114, 30, 88, 82, 21, 0)
True, True, 0.0731, (0, 52, 21, 82, 88, 30, 114, 44, 27, 84, 75, 83, 8, 14, 68, 43, 40, 67, 39, 90, 63, 34, 0)
True, True, 0.7484, (0, 29, 53, 78, 54, 62, 94, 20, 101, 4, 92, 57, 100, 28, 0)
True, True, 0.0262, (0, 52, 21, 82, 30, 114, 44, 27, 84, 75, 83, 8, 14, 68, 43, 40, 67, 39, 90, 37, 98, 34, 0)
True, True, 0.0082, (0, 52, 21, 82, 88, 9, 54, 62, 101, 20, 94, 114, 30, 44, 27, 105, 112, 110, 111, 0)
True, True, 0.2435, (0, 10, 42, 59, 9, 29, 0)
True, True, 0.2435, (0, 28, 100, 57, 92, 4, 101, 20, 94, 62, 54, 78, 50, 0)
True, True, 0.0082, (0, 42, 59, 95, 107, 92, 4, 57, 100, 28, 78, 53, 29, 52, 50, 0)
True, True, 0.0074, (0, 3, 93, 18, 109, 47, 79, 87, 73, 106, 66, 17, 89, 32, 15, 0)
True, True, 0.0049, (0, 2, 91, 25, 51, 19, 108, 48, 60, 86, 87, 73, 106, 66, 17, 89, 32, 15, 0)
True, True, 0.0237, (0, 16, 25, 22, 96, 45, 12, 113, 58, 77, 38, 97, 80, 55, 76, 71, 98, 34, 26, 46, 0)
True, True, 0.0082, (0, 42, 35, 99, 49, 18, 93, 3, 47, 79, 87, 73, 106, 32, 0)
True, True, 0.2565, (0, 46, 72, 102, 24, 76, 55, 80, 97, 38, 77, 58, 113, 65, 23, 2, 91, 0)
False, True, 0.3323, (0, 64, 85, 74, 1, 7, 63, 64, 0)
True, True, 0.0221, (0, 91, 2, 23, 65, 96, 22, 19, 108, 48, 60, 86, 87, 73, 106, 66, 17, 89, 0)
True, True, 0.0286, (0, 23, 65, 113, 12, 45, 96, 22, 19, 108, 48, 60, 86, 87, 73, 106, 66, 17, 32, 15, 0)
True, True, 0.0041, (0, 59, 95, 107, 35, 99, 49, 109, 47, 79, 87, 86, 60, 48, 108, 5, 16, 89, 32, 15, 0)
True, True, 0.0041, (0, 59, 95, 107, 35, 99, 49, 109, 47, 79, 87, 86, 60, 48, 6, 108, 19, 16, 0)
False, True, 0.2197, (0, 13, 36, 56, 31, 11, 81, 33, 61, 103, 70, 13, 0)
True, True, 0.2565, (0, 111, 110, 112, 84, 75, 83, 8, 14, 68, 43, 40, 67, 39, 90, 37, 71, 24, 72, 26, 46, 0)
True, True, 0.036, (0, 15, 32, 89, 17, 66, 106, 73, 87, 86, 60, 48, 108, 19, 51, 22, 96, 45, 12, 65, 23, 0)
True, True, 0.1099, (0, 52, 21, 82, 88, 105, 84, 75, 83, 8, 14, 68, 43, 40, 67, 39, 90, 37, 98, 34, 26, 0)
True, True, 0.0204, (0, 23, 65, 45, 12, 113, 58, 77, 38, 97, 80, 55, 76, 71, 37, 98, 34, 26, 46, 0)
True, True, 0.4043, (0, 23, 65, 12, 45, 96, 22, 19, 108, 48, 60, 86, 87, 73, 106, 66, 17, 89, 32, 15, 0)
True, True, 0.0262, (0, 64, 34, 98, 37, 90, 39, 67, 40, 43, 68, 14, 8, 83, 75, 84, 27, 44, 114, 30, 88, 21, 0)
True, True, 0.009, (0, 91, 2, 23, 65, 96, 22, 19, 108, 48, 60, 86, 87, 73, 106, 66, 89, 32, 0)
True, True, 0.0213, (0, 46, 34, 98, 37, 71, 76, 55, 80, 97, 38, 77, 58, 113, 65, 23, 2, 91, 0)
False, True, 0.0968, (0, 50, 52, 111, 110, 112, 105, 27, 44, 30, 114, 9, 88, 82, 21, 52, 50, 0)
True, True, 0.0262, (0, 85, 74, 90, 39, 67, 40, 43, 68, 14, 8, 83, 75, 84, 27, 44, 114, 30, 88, 82, 52, 0)
False, True, 0.0008, (0, 15, 32, 3, 93, 18, 109, 47, 79, 87, 73, 106, 17, 32, 0)
True, True, 0.0286, (0, 26, 34, 98, 71, 76, 55, 80, 97, 38, 77, 58, 65, 23, 2, 91, 41, 104, 0)
False, True, 0.0368, (0, 13, 70, 69, 103, 61, 33, 81, 11, 31, 56, 36, 13, 0)
all_elementary, False
all_cyc2, True
