Instance, X-n172-k51
capacity, 161
min_trucks, 53
output_file, output_iterations/X-n172-k51.log
Start date, 2022-07-08
Start time, 11-25-32
capacity, 161
num_vehicles, 53
abort_early, False
methods, ['ng20', 'ng8', 'cyc2', 'SPPRC']
max_vars, 100
time_limit, 86400
farley, False
ESPPRC_heur, True
initial time, initial max_it, max_stale_it
1, 20000.0, 20
heuristic Number of routes, heuristic Best Solution Value, heuristic number of iterations, adjusted time, adjusted max_it, measured total time
22435, 45607.0, 20000, 1, 20000.0, 20112.7
method, python time, total time, propagated dominance time, unpropagated dominance time, pricing_success, upper_bound, lower_bound, abort_early, num_paths, 
ESPPRC_heur, 0.0, 0.1, 0.0, 0.0, 0, 45313.0396, 41698.3645, True, 39
ng20, 0.0, 2262.6, 1254.1, 1001.4, 1, 45307.0545, 42047.5545, 0, 24
ng8, -0.0, 2.8, 1.6, 0.9, 1, 45307.0545, 42047.5545, 0, 59
cyc2, -0.0, 2.7, 0.0, 0.0, 1, 45307.0545, 30940.6722, 0, 1348
SPPRC, 0.0, 0.1, 0.0, 0.0, 1, 45307.0545, 15196.2295, 0, 991
ESPPRC_heur, -0.0, 0.1, 0.0, 0.0, 0, 45271.4491, 45033.2667, True, 1
ng20, 0.1, 2977.3, 1640.6, 1328.9, 1, 45271.4491, 45164.0817, 0, 3
ng8, 0.0, 2.6, 1.5, 0.8, 1, 45271.4491, 43537.9133, 0, 30
cyc2, 0.1, 2.5, 0.0, 0.0, 1, 45271.4491, 30933.9288, 0, 1002
SPPRC, 0.0, 0.1, 0.0, 0.0, 1, 45271.4491, 17720.9284, 0, 851
ng20, 0.1, 2961.7, 1636.3, 1318.0, 1, 45271.2937, 45271.2937, 0, 0
ng8, -0.0, 2.8, 1.6, 0.9, 1, 45271.2937, 43537.7579, 0, 30
cyc2, 0.0, 2.6, 0.0, 0.0, 1, 45271.2937, 30876.7449, 0, 1005
SPPRC, 0.0, 0.1, 0.0, 0.0, 1, 45271.2937, 17720.773, 0, 854
scip_total_time, 28334.664602
Solval, number of paths, impact cutoff
45271.29367382076, 126, 0.0001
Elementary, 2-Cycle, Path Value, Path
True, True, 1.0, (0, 80, 101, 147, 0)
True, True, 0.9631, (0, 74, 59, 151, 0)
True, True, 0.2982, (0, 38, 24, 0)
True, True, 0.5, (0, 115, 40, 0)
True, True, 0.9631, (0, 109, 2, 0)
True, True, 0.2982, (0, 75, 52, 0)
True, True, 1.0, (0, 118, 117, 0)
True, True, 1.0, (0, 148, 71, 0)
True, True, 0.4176, (0, 58, 97, 0)
True, True, 0.3141, (0, 150, 143, 0)
True, True, 1.0, (0, 47, 157, 0)
True, True, 0.5, (0, 95, 90, 0)
True, True, 1.0, (0, 36, 125, 0)
True, True, 1.0, (0, 162, 27, 0)
True, True, 1.0, (0, 163, 50, 0)
True, True, 1.0, (0, 46, 160, 0)
True, True, 0.3141, (0, 137, 65, 0)
True, True, 1.0, (0, 51, 18, 161, 132, 61, 0)
True, True, 0.2906, (0, 22, 62, 92, 110, 70, 131, 0)
True, True, 0.3141, (0, 68, 11, 53, 146, 145, 0)
True, True, 1.0, (0, 25, 28, 0)
True, True, 0.7714, (0, 120, 144, 123, 0)
True, True, 1.0, (0, 165, 168, 0)
True, True, 0.5427, (0, 159, 116, 0)
True, True, 0.5, (0, 35, 167, 0)
True, True, 1.0, (0, 83, 21, 0)
True, True, 1.0, (0, 76, 55, 0)
True, True, 1.0, (0, 166, 3, 0)
True, True, 0.5807, (0, 57, 20, 14, 0)
True, True, 1.0, (0, 134, 156, 86, 0)
True, True, 0.8208, (0, 31, 64, 8, 29, 9, 5, 10, 23, 0)
True, True, 0.7018, (0, 128, 82, 78, 81, 39, 56, 45, 0)
True, True, 0.6122, (0, 72, 44, 79, 30, 66, 0)
True, True, 0.5, (0, 49, 115, 0)
True, True, 0.5, (0, 113, 95, 0)
True, True, 0.3341, (0, 136, 143, 0)
True, True, 0.5, (0, 113, 90, 0)
True, True, 1.0, (0, 153, 100, 0)
True, True, 0.6859, (0, 137, 150, 0)
True, True, 1.0, (0, 12, 85, 0)
True, True, 1.0, (0, 41, 84, 0)
True, True, 0.203, (0, 62, 92, 110, 70, 103, 87, 0)
True, True, 0.5427, (0, 145, 102, 0)
True, True, 0.4573, (0, 159, 146, 0)
True, True, 0.4394, (0, 4, 33, 154, 0)
True, True, 1.0, (0, 139, 26, 0)
True, True, 0.4803, (0, 170, 42, 77, 169, 0)
True, True, 0.7018, (0, 24, 52, 0)
True, True, 0.5824, (0, 97, 75, 0)
True, True, 0.5, (0, 58, 126, 0)
True, True, 0.3518, (0, 130, 143, 0)
True, True, 1.0, (0, 34, 111, 0)
True, True, 1.0, (0, 112, 122, 7, 91, 32, 16, 106, 0)
True, True, 0.2286, (0, 69, 146, 120, 0)
True, True, 0.5, (0, 129, 35, 0)
True, True, 0.1462, (0, 124, 136, 0)
True, True, 0.119, (0, 39, 78, 81, 29, 9, 5, 10, 23, 128, 0)
True, True, 0.4573, (0, 116, 138, 13, 0)
True, True, 0.5, (0, 167, 129, 0)
True, True, 0.19, (0, 62, 103, 127, 121, 0)
True, True, 0.3806, (0, 104, 63, 15, 43, 6, 0)
True, True, 0.0369, (0, 2, 75, 0)
True, True, 0.3141, (0, 141, 88, 53, 11, 171, 0)
True, True, 0.5197, (0, 169, 77, 136, 0)
True, True, 0.6859, (0, 65, 67, 124, 0)
True, True, 0.359, (0, 135, 54, 14, 33, 20, 0)
True, True, 0.0369, (0, 59, 30, 66, 15, 0)
True, True, 0.4895, (0, 107, 93, 98, 89, 96, 149, 155, 0)
True, True, 0.0603, (0, 54, 14, 33, 23, 10, 5, 82, 19, 0)
True, True, 0.0369, (0, 74, 109, 0)
True, True, 0.2643, (0, 108, 164, 99, 142, 94, 107, 37, 119, 105, 0)
True, True, 0.1938, (0, 170, 104, 140, 1, 135, 17, 154, 0)
True, True, 0.5, (0, 49, 40, 6, 0)
True, True, 0.1859, (0, 62, 92, 110, 114, 131, 152, 0)
True, True, 0.3141, (0, 171, 68, 13, 69, 60, 0)
True, True, 0.3141, (0, 67, 48, 138, 141, 0)
True, True, 0.0409, (0, 154, 1, 140, 19, 104, 42, 0)
True, True, 0.3141, (0, 48, 88, 102, 0)
True, True, 0.0896, (0, 17, 128, 78, 81, 8, 64, 56, 0)
True, True, 0.2286, (0, 48, 13, 60, 138, 0)
True, True, 0.3995, (0, 127, 105, 119, 37, 121, 0)
True, True, 0.0369, (0, 42, 151, 43, 15, 6, 0)
True, True, 0.0201, (0, 17, 54, 33, 20, 57, 0)
True, True, 0.3509, (0, 15, 73, 66, 38, 0)
True, True, 0.3509, (0, 73, 30, 38, 0)
True, True, 0.0054, (0, 158, 93, 98, 89, 96, 94, 22, 0)
True, True, 0.2764, (0, 1, 140, 19, 63, 42, 0)
True, True, 0.1431, (0, 145, 102, 48, 0)
True, True, 0.0587, (0, 104, 63, 82, 19, 140, 1, 0)
True, True, 0.2982, (0, 45, 72, 79, 44, 73, 43, 0)
True, True, 0.1654, (0, 43, 15, 63, 42, 0)
True, True, 0.0603, (0, 19, 9, 29, 8, 64, 81, 78, 0)
True, True, 0.3206, (0, 121, 103, 114, 110, 92, 0)
True, True, 0.0896, (0, 1, 140, 63, 43, 0)
True, True, 0.0146, (0, 43, 15, 63, 19, 1, 17, 0)
True, True, 0.1218, (0, 108, 164, 142, 94, 155, 149, 114, 0)
True, True, 0.082, (0, 105, 108, 158, 93, 98, 89, 96, 99, 107, 0)
True, True, 0.0345, (0, 105, 108, 164, 93, 98, 89, 96, 94, 107, 0)
True, True, 0.0402, (0, 20, 4, 54, 17, 0)
True, True, 0.2286, (0, 123, 60, 69, 0)
True, True, 0.3259, (0, 170, 104, 19, 140, 1, 135, 154, 0)
True, True, 0.3718, (0, 11, 114, 70, 131, 152, 0)
True, True, 0.3718, (0, 141, 88, 53, 68, 171, 0)
True, True, 0.1111, (0, 158, 93, 98, 96, 94, 142, 99, 107, 0)
True, True, 0.0146, (0, 43, 15, 63, 19, 140, 0)
True, True, 0.0188, (0, 127, 108, 99, 142, 94, 107, 37, 105, 0)
True, True, 0.0398, (0, 119, 99, 142, 164, 158, 127, 0)
True, True, 0.2777, (0, 87, 155, 94, 142, 99, 164, 158, 108, 0)
True, True, 0.3992, (0, 57, 4, 54, 17, 0)
True, True, 0.1111, (0, 87, 149, 89, 98, 93, 158, 108, 105, 0)
True, True, 0.1111, (0, 142, 94, 98, 89, 96, 149, 87, 0)
True, True, 0.0896, (0, 44, 79, 56, 31, 39, 82, 128, 0)
True, True, 0.2064, (0, 127, 158, 164, 99, 37, 119, 0)
True, True, 0.0555, (0, 87, 149, 96, 89, 98, 93, 164, 37, 0)
True, True, 0.0555, (0, 37, 94, 142, 158, 127, 0)
True, True, 0.2286, (0, 144, 60, 69, 0)
True, True, 0.0824, (0, 58, 75, 6, 0)
True, True, 0.0896, (0, 19, 82, 39, 31, 56, 72, 0)
True, True, 0.1111, (0, 22, 87, 155, 149, 96, 89, 93, 158, 0)
False, True, 0.1213, (0, 135, 17, 54, 4, 33, 17, 0)
False, False, 0.5, (0, 133, 126, 133, 0)
False, True, 0.0294, (0, 19, 78, 81, 8, 64, 56, 19, 0)
False, True, 0.1518, (0, 152, 131, 103, 152, 22, 0)
False, True, 0.1306, (0, 22, 152, 62, 70, 103, 87, 22, 0)
False, True, 0.0041, (0, 152, 103, 70, 152, 0)
False, True, 0.09, (0, 22, 127, 108, 119, 105, 121, 22, 0)
all_elementary, False
all_cyc2, False
