Instance, X-n120-k6
capacity, 21
min_trucks, 6
output_file, output_iterations/X-n120-k6.log
Start date, 2022-07-08
Start time, 11-25-32
capacity, 21
num_vehicles, 6
abort_early, False
methods, ['ng20', 'ng8', 'cyc2', 'SPPRC']
max_vars, 100
time_limit, 86400
farley, False
ESPPRC_heur, True
initial time, initial max_it, max_stale_it
1, 20000.0, 20
heuristic Number of routes, heuristic Best Solution Value, heuristic number of iterations, adjusted time, adjusted max_it, measured total time
428, 13332.0, 398, 1, 20000.0, 410.0
method, python time, total time, propagated dominance time, unpropagated dominance time, pricing_success, upper_bound, lower_bound, abort_early, num_paths, 
ESPPRC_heur, 0.1, 0.0, 0.0, 0.0, 0, 13267.9563, -10519.938, True, 1194
ESPPRC_heur, 0.1, 0.0, 0.0, 0.0, 0, 13267.9563, -27058.9475, True, 1324
ESPPRC_heur, 0.1, 0.0, 0.0, 0.0, 0, 13267.9563, -26339.8962, True, 1318
ESPPRC_heur, 0.1, 0.0, 0.0, 0.0, 0, 13267.9563, -49304.8277, True, 1341
ESPPRC_heur, 0.1, 0.0, 0.0, 0.0, 0, 13267.9563, -36802.5742, True, 1390
ESPPRC_heur, 0.1, 0.0, 0.0, 0.0, 0, 13267.9563, -23719.8693, True, 1393
ESPPRC_heur, 0.1, 0.0, 0.0, 0.0, 0, 13267.9563, -27704.962, True, 1370
ESPPRC_heur, 0.1, 0.0, 0.0, 0.0, 0, 13267.9563, -16545.111, True, 1412
ESPPRC_heur, 0.1, 0.0, 0.0, 0.0, 0, 13267.9563, -19089.1102, True, 1356
ESPPRC_heur, 0.1, 0.0, 0.0, 0.0, 0, 13267.9563, -19034.5446, True, 1380
ESPPRC_heur, 0.1, 0.0, 0.0, 0.0, 0, 13267.9563, -12043.7298, True, 1279
ESPPRC_heur, 0.1, 0.0, 0.0, 0.0, 0, 13267.9563, -30081.6949, True, 1375
ESPPRC_heur, 0.1, 0.0, 0.0, 0.0, 0, 13267.9563, -29421.5133, True, 1427
ESPPRC_heur, 0.1, 0.0, 0.0, 0.0, 0, 13267.9563, -7313.1284, True, 1314
ESPPRC_heur, 0.1, 0.0, 0.0, 0.0, 0, 13267.9563, -22315.563, True, 1463
ESPPRC_heur, 0.1, 0.0, 0.0, 0.0, 0, 13267.9563, -25750.7196, True, 1486
ESPPRC_heur, 0.1, 0.0, 0.0, 0.0, 0, 13267.9563, -14667.4079, True, 1560
ESPPRC_heur, 0.1, 0.0, 0.0, 0.0, 0, 13267.9563, -17630.0224, True, 1371
ESPPRC_heur, 0.1, 0.0, 0.0, 0.0, 0, 13267.9563, -17091.5816, True, 1545
ESPPRC_heur, 0.1, 0.0, 0.0, 0.0, 0, 13267.9563, -10667.3815, True, 1359
ESPPRC_heur, 0.1, 0.0, 0.0, 0.0, 0, 13267.9563, -38962.5586, True, 1448
ESPPRC_heur, 0.1, 0.0, 0.0, 0.0, 0, 13267.9563, -19979.2371, True, 1513
ESPPRC_heur, 0.1, 0.0, 0.0, 0.0, 0, 13267.9563, -34141.3091, True, 1466
ESPPRC_heur, 0.1, 0.0, 0.0, 0.0, 0, 13267.9563, -12498.3533, True, 1677
ESPPRC_heur, 0.1, 0.0, 0.0, 0.0, 0, 13267.9563, -21469.7103, True, 1523
ESPPRC_heur, 0.1, 0.0, 0.0, 0.0, 0, 13267.9563, -10872.8167, True, 1519
ESPPRC_heur, 0.1, 0.0, 0.0, 0.0, 0, 13267.9563, -23848.5567, True, 1485
ESPPRC_heur, 0.1, 0.0, 0.0, 0.0, 0, 13267.9563, -12603.6195, True, 1580
ESPPRC_heur, 0.1, 0.0, 0.0, 0.0, 0, 13267.9563, -23221.57, True, 1621
ESPPRC_heur, 0.1, 0.0, 0.0, 0.0, 0, 13267.9563, -21757.9886, True, 1650
ESPPRC_heur, 0.1, 0.0, 0.0, 0.0, 0, 13267.9563, -13139.9642, True, 1452
ESPPRC_heur, 0.1, 0.0, 0.0, 0.0, 0, 13267.9563, -6924.1427, True, 1305
ESPPRC_heur, 0.1, 0.0, 0.0, 0.0, 0, 13267.9563, -15991.846, True, 1725
ESPPRC_heur, 0.1, 0.0, 0.0, 0.0, 0, 13267.9563, -12766.772, True, 1440
ESPPRC_heur, 0.1, 0.0, 0.0, 0.0, 0, 13267.9563, -19342.4996, True, 1538
ESPPRC_heur, 0.1, 0.0, 0.0, 0.0, 0, 13267.9563, -24217.6988, True, 1541
ESPPRC_heur, 0.1, 0.0, 0.0, 0.0, 0, 13267.9563, -7575.3707, True, 1440
ESPPRC_heur, 0.1, 0.0, 0.0, 0.0, 0, 13267.9563, -26999.6838, True, 1490
ESPPRC_heur, 0.1, 0.0, 0.0, 0.0, 0, 13267.9563, -27662.704, True, 1691
ESPPRC_heur, 0.1, 0.0, 0.0, 0.0, 0, 13267.9563, -26457.3204, True, 1682
ESPPRC_heur, 0.1, 0.0, 0.0, 0.0, 0, 13267.9563, -14265.5219, True, 1810
ESPPRC_heur, 0.1, 0.0, 0.0, 0.0, 0, 13267.9563, -15109.9621, True, 1863
ESPPRC_heur, 0.1, 0.0, 0.0, 0.0, 0, 13267.9563, -33998.5774, True, 1657
ESPPRC_heur, 0.1, 0.0, 0.0, 0.0, 0, 13267.9563, -15988.7127, True, 1652
ESPPRC_heur, 0.1, 0.0, 0.0, 0.0, 0, 13267.9563, -23152.4611, True, 1661
ESPPRC_heur, 0.1, 0.0, 0.0, 0.0, 0, 13267.9563, -30767.834, True, 1616
ESPPRC_heur, 0.1, 0.0, 0.0, 0.0, 0, 13267.9563, -10801.3375, True, 1511
ESPPRC_heur, 0.1, 0.0, 0.0, 0.0, 0, 13267.9563, -27673.4242, True, 1615
ESPPRC_heur, 0.1, 0.0, 0.0, 0.0, 0, 13267.9563, -16727.8131, True, 1637
ESPPRC_heur, 0.1, 0.0, 0.0, 0.0, 0, 13267.9563, -33911.9627, True, 1735
ESPPRC_heur, 0.1, 0.0, 0.0, 0.0, 0, 13267.9563, -7456.8445, True, 1548
ESPPRC_heur, 0.1, 0.0, 0.0, 0.0, 0, 13267.9563, -29684.1522, True, 1655
ESPPRC_heur, 0.1, 0.0, 0.0, 0.0, 0, 13267.9563, -16851.7941, True, 1590
ESPPRC_heur, 0.1, 0.0, 0.0, 0.0, 0, 13267.9563, -9853.5791, True, 1562
ESPPRC_heur, 0.1, 0.0, 0.0, 0.0, 0, 13267.9563, -13161.2916, True, 1655
ESPPRC_heur, 0.1, 0.0, 0.0, 0.0, 0, 13267.9563, -10412.8007, True, 1605
ESPPRC_heur, 0.1, 0.0, 0.0, 0.0, 0, 13267.9563, -13734.6827, True, 1425
ESPPRC_heur, 0.1, 0.0, 0.0, 0.0, 0, 13267.9563, -17350.5509, True, 1551
ESPPRC_heur, 0.1, 0.0, 0.0, 0.0, 0, 13267.9563, -8502.8637, True, 1374
ESPPRC_heur, 0.1, 0.0, 0.0, 0.0, 0, 13267.9563, -18016.1159, True, 1682
ESPPRC_heur, 0.1, 0.0, 0.0, 0.0, 0, 13267.9563, -25303.5962, True, 1694
ESPPRC_heur, 0.1, 0.0, 0.0, 0.0, 0, 13267.9563, -4612.6196, True, 1562
ESPPRC_heur, 0.1, 0.0, 0.0, 0.0, 0, 13267.9563, -8556.4129, True, 1575
ESPPRC_heur, 0.1, 0.0, 0.0, 0.0, 0, 13267.9563, -15086.0022, True, 1769
ESPPRC_heur, 0.1, 0.0, 0.0, 0.0, 0, 13267.9563, -14334.5406, True, 1668
ESPPRC_heur, 0.1, 0.0, 0.0, 0.0, 0, 13267.9563, -6634.0067, True, 1416
ESPPRC_heur, 0.1, 0.0, 0.0, 0.0, 0, 13267.9563, -11478.015, True, 1544
ESPPRC_heur, 0.1, 0.0, 0.0, 0.0, 0, 13267.9563, -15818.9935, True, 1545
ESPPRC_heur, 0.1, 0.0, 0.0, 0.0, 0, 13267.9563, -15433.0375, True, 1551
ESPPRC_heur, 0.1, 0.0, 0.0, 0.0, 0, 13267.9563, -13344.938, True, 1630
ESPPRC_heur, 0.1, 0.0, 0.0, 0.0, 0, 13267.9563, -8001.0435, True, 1516
ESPPRC_heur, 0.1, 0.0, 0.0, 0.0, 0, 13267.9563, -11490.5146, True, 1622
ESPPRC_heur, 0.1, 0.0, 0.0, 0.0, 0, 13267.9563, -11369.088, True, 1645
ESPPRC_heur, 0.1, 0.0, 0.0, 0.0, 0, 13267.9563, -14257.7125, True, 1607
ESPPRC_heur, 0.1, 0.0, 0.0, 0.0, 0, 13267.9563, -13794.2605, True, 1563
ESPPRC_heur, 0.1, 0.0, 0.0, 0.0, 0, 13267.9563, -4011.0141, True, 1442
ESPPRC_heur, 0.1, 0.0, 0.0, 0.0, 0, 13267.9563, -8616.2267, True, 1521
ESPPRC_heur, 0.1, 0.0, 0.0, 0.0, 0, 13267.9563, -5045.3268, True, 1703
ESPPRC_heur, 0.1, 0.0, 0.0, 0.0, 0, 13267.9563, -6096.7798, True, 1517
ESPPRC_heur, 0.1, 0.0, 0.0, 0.0, 0, 13267.9563, -9866.731, True, 1539
ESPPRC_heur, 0.1, 0.0, 0.0, 0.0, 0, 13267.9563, -6183.974, True, 1388
ESPPRC_heur, 0.1, 0.0, 0.0, 0.0, 0, 13267.9563, -6888.2998, True, 1492
ESPPRC_heur, 0.1, 0.0, 0.0, 0.0, 0, 13267.9563, -7926.7658, True, 1509
ESPPRC_heur, 0.1, 0.0, 0.0, 0.0, 0, 13267.9563, -3131.0313, True, 1372
ESPPRC_heur, 0.1, 0.0, 0.0, 0.0, 0, 13267.9563, -991.4483, True, 1274
ESPPRC_heur, 0.1, 0.0, 0.0, 0.0, 0, 13267.9563, -3916.5049, True, 1411
ESPPRC_heur, 0.1, 0.0, 0.0, 0.0, 0, 13267.9563, -6092.546, True, 1531
ESPPRC_heur, 0.1, 0.0, 0.0, 0.0, 0, 13267.9563, -2753.9545, True, 1316
ESPPRC_heur, 0.1, 0.0, 0.0, 0.0, 0, 13267.9563, -4332.4126, True, 1566
ESPPRC_heur, 0.1, 0.0, 0.0, 0.0, 0, 13267.9563, -828.9635, True, 1269
ESPPRC_heur, 0.1, 0.0, 0.0, 0.0, 0, 13267.9563, -5708.2246, True, 1421
ESPPRC_heur, 0.1, 0.0, 0.0, 0.0, 0, 13267.9563, -8235.1453, True, 1498
ESPPRC_heur, 0.1, 0.0, 0.0, 0.0, 0, 13267.9563, 473.5897, True, 1343
ESPPRC_heur, 0.1, 0.0, 0.0, 0.0, 0, 13267.9563, -1762.9881, True, 1438
ESPPRC_heur, 0.1, 0.0, 0.0, 0.0, 0, 13267.9563, -4092.3566, True, 1546
ESPPRC_heur, 0.1, 0.0, 0.0, 0.0, 0, 13267.9563, -6505.8497, True, 1468
ESPPRC_heur, 0.1, 0.0, 0.0, 0.0, 0, 13267.9563, -2700.9919, True, 1472
ESPPRC_heur, 0.1, 0.0, 0.0, 0.0, 0, 13267.9563, -1615.5544, True, 1328
ESPPRC_heur, 0.1, 0.0, 0.0, 0.0, 0, 13267.9563, -6972.2542, True, 1414
ESPPRC_heur, 0.1, 0.0, 0.0, 0.0, 0, 13267.9563, -5428.649, True, 1509
ESPPRC_heur, 0.1, 0.0, 0.0, 0.0, 0, 13267.9563, -6347.5282, True, 1455
ESPPRC_heur, 0.1, 0.0, 0.0, 0.0, 0, 13267.9563, -707.111, True, 1267
ESPPRC_heur, 0.1, 0.0, 0.0, 0.0, 0, 13267.9563, -2382.9811, True, 1477
ESPPRC_heur, 0.1, 0.0, 0.0, 0.0, 0, 13267.9563, -744.0397, True, 1218
ESPPRC_heur, 0.1, 0.0, 0.0, 0.0, 0, 13267.9563, -567.1559, True, 1320
ESPPRC_heur, 0.1, 0.0, 0.0, 0.0, 0, 13267.9563, -2707.0352, True, 1429
ESPPRC_heur, 0.1, 0.0, 0.0, 0.0, 0, 13267.9563, -2840.4235, True, 1375
ESPPRC_heur, 0.1, 0.0, 0.0, 0.0, 0, 13267.9563, -2821.0368, True, 1494
ESPPRC_heur, 0.1, 0.0, 0.0, 0.0, 0, 13267.9563, -1250.667, True, 1385
ESPPRC_heur, 0.1, 0.0, 0.0, 0.0, 0, 13267.9563, 3297.5561, True, 1136
ESPPRC_heur, 0.1, 0.0, 0.0, 0.0, 0, 13267.9563, 344.1364, True, 1348
ESPPRC_heur, 0.1, 0.0, 0.0, 0.0, 0, 13267.9563, -2353.4284, True, 1391
ESPPRC_heur, 0.1, 0.0, 0.0, 0.0, 0, 13267.9563, 2026.5566, True, 1201
ESPPRC_heur, 0.1, 0.0, 0.0, 0.0, 0, 13267.9563, -986.0571, True, 1245
ESPPRC_heur, 0.1, 0.0, 0.0, 0.0, 0, 13267.9563, 4019.2042, True, 1265
ESPPRC_heur, 0.1, 0.0, 0.0, 0.0, 0, 13267.9563, -2403.2352, True, 1306
ESPPRC_heur, 0.1, 0.0, 0.0, 0.0, 0, 13267.9563, 283.0532, True, 1176
ESPPRC_heur, 0.1, 0.0, 0.0, 0.0, 0, 13267.9563, -122.7015, True, 1201
ESPPRC_heur, 0.1, 0.0, 0.0, 0.0, 0, 13267.9563, -3408.3457, True, 1258
ESPPRC_heur, 0.1, 0.0, 0.0, 0.0, 0, 13267.9563, 1678.1177, True, 1134
ESPPRC_heur, 0.1, 0.0, 0.0, 0.0, 0, 13267.9563, 3592.493, True, 1102
ESPPRC_heur, 0.1, 0.0, 0.0, 0.0, 0, 13267.9563, 3888.8833, True, 1257
ESPPRC_heur, 0.1, 0.0, 0.0, 0.0, 0, 13267.9563, 2903.8107, True, 1107
ESPPRC_heur, 0.1, 0.0, 0.0, 0.0, 0, 13267.9563, -3811.3312, True, 1468
ESPPRC_heur, 0.1, 0.0, 0.0, 0.0, 0, 13267.9563, 400.4277, True, 1331
ESPPRC_heur, 0.1, 0.0, 0.0, 0.0, 0, 13267.9563, 4884.0792, True, 1224
ESPPRC_heur, 0.1, 0.0, 0.0, 0.0, 0, 13267.9563, 2165.9428, True, 1232
ESPPRC_heur, 0.1, 0.0, 0.0, 0.0, 0, 13267.9563, 3077.4886, True, 1252
ESPPRC_heur, 0.1, 0.0, 0.0, 0.0, 0, 13267.9563, 2942.3964, True, 1175
ESPPRC_heur, 0.1, 0.0, 0.0, 0.0, 0, 13267.9563, 1837.3365, True, 1224
ESPPRC_heur, 0.1, 0.0, 0.0, 0.0, 0, 13267.9563, 3968.8608, True, 1180
ESPPRC_heur, 0.1, 0.0, 0.0, 0.0, 0, 13267.9563, 1065.3541, True, 1202
ESPPRC_heur, 0.1, 0.0, 0.0, 0.0, 0, 13267.9563, 2240.4591, True, 1295
ESPPRC_heur, 0.1, 0.0, 0.0, 0.0, 0, 13267.9563, 4557.7618, True, 1032
ESPPRC_heur, 0.1, 0.0, 0.0, 0.0, 0, 13267.9563, 7261.3093, True, 1048
ESPPRC_heur, 0.1, 0.0, 0.0, 0.0, 0, 13267.9563, 1881.522, True, 1143
ESPPRC_heur, 0.1, 0.0, 0.0, 0.0, 0, 13267.9563, 2788.1104, True, 1121
ESPPRC_heur, 0.1, 0.0, 0.0, 0.0, 0, 13267.9563, 1558.9032, True, 1170
ESPPRC_heur, 0.2, 0.0, 0.0, 0.0, 0, 13267.9563, 6819.575, True, 1033
ESPPRC_heur, 0.1, 0.0, 0.0, 0.0, 0, 13267.9563, 2476.6916, True, 1129
ESPPRC_heur, 0.1, 0.0, 0.0, 0.0, 0, 13267.9563, 4872.9995, True, 968
ESPPRC_heur, 0.1, 0.0, 0.0, 0.0, 0, 13267.9563, 5945.2099, True, 969
ESPPRC_heur, 0.1, 0.0, 0.0, 0.0, 0, 13267.9563, 5761.475, True, 1049
ESPPRC_heur, 0.1, 0.0, 0.0, 0.0, 0, 13267.9563, 4862.018, True, 1098
ESPPRC_heur, 0.1, 0.0, 0.0, 0.0, 0, 13267.9563, 2719.7569, True, 1161
ESPPRC_heur, 0.1, 0.0, 0.0, 0.0, 0, 13267.9563, 502.0543, True, 1245
ESPPRC_heur, 0.1, 0.0, 0.0, 0.0, 0, 13267.9563, 6170.7999, True, 973
ESPPRC_heur, 0.1, 0.0, 0.0, 0.0, 0, 13267.9563, 219.243, True, 1348
ESPPRC_heur, 0.1, 0.0, 0.0, 0.0, 0, 13267.9563, 2410.5936, True, 1217
ESPPRC_heur, 0.1, 0.0, 0.0, 0.0, 0, 13267.9563, 4715.1516, True, 996
ESPPRC_heur, 0.1, 0.0, 0.0, 0.0, 0, 13267.9563, 4417.4764, True, 1090
ESPPRC_heur, 0.1, 0.0, 0.0, 0.0, 0, 13267.9563, 4041.8872, True, 1076
ESPPRC_heur, 0.1, 0.0, 0.0, 0.0, 0, 13267.9563, 6129.4958, True, 994
ESPPRC_heur, 0.1, 0.0, 0.0, 0.0, 0, 13267.9563, 6467.9023, True, 1004
ESPPRC_heur, 0.1, 0.0, 0.0, 0.0, 0, 13267.9563, 3611.432, True, 1039
ESPPRC_heur, 0.1, 0.0, 0.0, 0.0, 0, 13267.9563, 6322.4277, True, 1007
ESPPRC_heur, 0.1, 0.0, 0.0, 0.0, 0, 13267.9563, 6604.5622, True, 976
ESPPRC_heur, 0.1, 0.0, 0.0, 0.0, 0, 13267.9563, 7852.5261, True, 788
ESPPRC_heur, 0.1, 0.0, 0.0, 0.0, 0, 13267.9563, 6155.5413, True, 915
ESPPRC_heur, 0.1, 0.0, 0.0, 0.0, 0, 13267.9563, 3963.5579, True, 1080
ESPPRC_heur, 0.1, 0.0, 0.0, 0.0, 0, 13267.9563, 6226.2336, True, 914
ESPPRC_heur, 0.1, 0.0, 0.0, 0.0, 0, 13267.9563, 5468.009, True, 913
ESPPRC_heur, 0.1, 0.0, 0.0, 0.0, 0, 13267.9563, 4712.7552, True, 1015
ESPPRC_heur, 0.1, 0.0, 0.0, 0.0, 0, 13267.9563, 3803.3885, True, 1037
ESPPRC_heur, 0.1, 0.0, 0.0, 0.0, 0, 13267.9563, 6852.3028, True, 879
ESPPRC_heur, 0.1, 0.0, 0.0, 0.0, 0, 13267.9563, 6580.9232, True, 885
ESPPRC_heur, 0.1, 0.0, 0.0, 0.0, 0, 13267.9563, 6636.0911, True, 927
ESPPRC_heur, 0.1, 0.0, 0.0, 0.0, 0, 13267.9563, 7076.6163, True, 901
ESPPRC_heur, 0.1, 0.0, 0.0, 0.0, 0, 13267.9563, 4501.4115, True, 1086
ESPPRC_heur, 0.1, 0.0, 0.0, 0.0, 0, 13267.9563, 6197.7607, True, 1028
ESPPRC_heur, 0.1, 0.0, 0.0, 0.0, 0, 13267.9563, 6725.8442, True, 919
ESPPRC_heur, 0.1, 0.0, 0.0, 0.0, 0, 13267.9563, 8408.5819, True, 827
ESPPRC_heur, 0.1, 0.0, 0.0, 0.0, 0, 13267.9563, 6023.2719, True, 942
ESPPRC_heur, 0.1, 0.0, 0.0, 0.0, 0, 13267.9563, 5398.1865, True, 990
ESPPRC_heur, 0.1, 0.0, 0.0, 0.0, 0, 13267.9563, 6720.1276, True, 907
ESPPRC_heur, 0.1, 0.0, 0.0, 0.0, 0, 13267.9563, 8253.0515, True, 793
ESPPRC_heur, 0.1, 0.0, 0.0, 0.0, 0, 13267.9563, 6222.0688, True, 1003
ESPPRC_heur, 0.1, 0.0, 0.0, 0.0, 0, 13267.9563, 5261.9197, True, 983
ESPPRC_heur, 0.1, 0.0, 0.0, 0.0, 0, 13267.9563, 5955.6386, True, 1025
ESPPRC_heur, 0.1, 0.0, 0.0, 0.0, 0, 13267.9563, 5043.4434, True, 1069
ESPPRC_heur, 0.1, 0.0, 0.0, 0.0, 0, 13267.9563, 6070.7764, True, 936
ESPPRC_heur, 0.1, 0.0, 0.0, 0.0, 0, 13267.9563, 7148.7929, True, 884
ESPPRC_heur, 0.1, 0.0, 0.0, 0.0, 0, 13267.9563, 7064.928, True, 909
ESPPRC_heur, 0.1, 0.0, 0.0, 0.0, 0, 13267.9563, 7195.7297, True, 863
ESPPRC_heur, 0.1, 0.0, 0.0, 0.0, 0, 13267.9563, 6277.7477, True, 890
ESPPRC_heur, 0.1, 0.0, 0.0, 0.0, 0, 13267.9563, 6319.7089, True, 914
ESPPRC_heur, 0.1, 0.0, 0.0, 0.0, 0, 13267.9563, 6500.7599, True, 906
ESPPRC_heur, 0.1, 0.0, 0.0, 0.0, 0, 13267.9563, 7200.2395, True, 901
ESPPRC_heur, 0.1, 0.0, 0.0, 0.0, 0, 13267.9563, 7762.0284, True, 834
ESPPRC_heur, 0.1, 0.0, 0.0, 0.0, 0, 13267.9563, 8034.9144, True, 822
ESPPRC_heur, 0.1, 0.0, 0.0, 0.0, 0, 13267.9563, 4516.3366, True, 1043
ESPPRC_heur, 0.1, 0.0, 0.0, 0.0, 0, 13267.9563, 6235.7734, True, 943
ESPPRC_heur, 0.1, 0.0, 0.0, 0.0, 0, 13267.9563, 8295.1488, True, 725
ESPPRC_heur, 0.1, 0.0, 0.0, 0.0, 0, 13267.9563, 4392.529, True, 1102
ESPPRC_heur, 0.1, 0.0, 0.0, 0.0, 0, 13267.9563, 7190.8332, True, 823
ESPPRC_heur, 0.1, 0.0, 0.0, 0.0, 0, 13267.9563, 7196.0763, True, 883
ESPPRC_heur, 0.1, 0.0, 0.0, 0.0, 0, 13267.9563, 9189.096, True, 668
ESPPRC_heur, 0.1, 0.0, 0.0, 0.0, 0, 13267.9563, 7404.3641, True, 812
ESPPRC_heur, 0.1, 0.0, 0.0, 0.0, 0, 13267.9563, 7924.6337, True, 868
ESPPRC_heur, 0.1, 0.0, 0.0, 0.0, 0, 13267.9563, 7177.1582, True, 904
ESPPRC_heur, 0.1, 0.0, 0.0, 0.0, 0, 13267.9563, 7199.7985, True, 834
ESPPRC_heur, 0.1, 0.0, 0.0, 0.0, 0, 13267.9563, 7394.8041, True, 890
ESPPRC_heur, 0.1, 0.0, 0.0, 0.0, 0, 13267.9563, 8839.7504, True, 631
ESPPRC_heur, 0.1, 0.0, 0.0, 0.0, 0, 13267.7715, 8077.6328, True, 737
ESPPRC_heur, 0.1, 0.0, 0.0, 0.0, 0, 13267.5619, 9716.2102, True, 571
ESPPRC_heur, 0.1, 0.0, 0.0, 0.0, 0, 13267.0205, 9252.7869, True, 616
ESPPRC_heur, 0.1, 0.0, 0.0, 0.0, 0, 13266.7185, 9596.0118, True, 579
ESPPRC_heur, 0.1, 0.0, 0.0, 0.0, 0, 13266.0548, 9955.6949, True, 564
ESPPRC_heur, 0.1, 0.0, 0.0, 0.0, 0, 13265.6387, 8811.8824, True, 650
ESPPRC_heur, 0.1, 0.0, 0.0, 0.0, 0, 13265.5033, 9065.9439, True, 599
ESPPRC_heur, 0.1, 0.0, 0.0, 0.0, 0, 13265.4227, 9718.6803, True, 554
ESPPRC_heur, 0.1, 0.0, 0.0, 0.0, 0, 13265.3797, 10203.6136, True, 553
ESPPRC_heur, 0.1, 0.0, 0.0, 0.0, 0, 13261.434, 7837.5419, True, 770
ESPPRC_heur, 0.1, 0.0, 0.0, 0.0, 0, 13259.4786, 7962.8314, True, 754
ESPPRC_heur, 0.1, 0.0, 0.0, 0.0, 0, 13258.8361, 7647.2653, True, 785
ESPPRC_heur, 0.1, 0.0, 0.0, 0.0, 0, 13258.4961, 7845.8702, True, 711
ESPPRC_heur, 0.1, 0.0, 0.0, 0.0, 0, 13258.3453, 9246.2121, True, 690
ESPPRC_heur, 0.1, 0.0, 0.0, 0.0, 0, 13257.8479, 8333.2328, True, 732
ESPPRC_heur, 0.1, 0.0, 0.0, 0.0, 0, 13256.495, 5669.8413, True, 998
ESPPRC_heur, 0.1, 0.0, 0.0, 0.0, 0, 13255.9778, 7419.0915, True, 868
ESPPRC_heur, 0.1, 0.0, 0.0, 0.0, 0, 13255.012, 6273.6196, True, 1140
ESPPRC_heur, 0.1, 0.0, 0.0, 0.0, 0, 13254.5272, 8593.7321, True, 660
ESPPRC_heur, 0.1, 0.0, 0.0, 0.0, 0, 13254.1827, 7814.7246, True, 829
ESPPRC_heur, 0.1, 0.0, 0.0, 0.0, 0, 13254.131, 6763.0464, True, 830
ESPPRC_heur, 0.1, 0.0, 0.0, 0.0, 0, 13254.131, 8381.5928, True, 756
ESPPRC_heur, 0.1, 0.0, 0.0, 0.0, 0, 13254.131, 8421.9661, True, 656
ESPPRC_heur, 0.1, 0.0, 0.0, 0.0, 0, 13254.0862, 9049.0031, True, 635
ESPPRC_heur, 0.1, 0.0, 0.0, 0.0, 0, 13254.0861, 8635.0288, True, 653
ESPPRC_heur, 0.1, 0.0, 0.0, 0.0, 0, 13254.0862, 7953.9594, True, 703
ESPPRC_heur, 0.1, 0.0, 0.0, 0.0, 0, 13254.0862, 9295.2204, True, 581
ESPPRC_heur, 0.1, 0.0, 0.0, 0.0, 0, 13254.0862, 8405.5165, True, 759
ESPPRC_heur, 0.1, 0.0, 0.0, 0.0, 0, 13254.0862, 10109.2898, True, 507
ESPPRC_heur, 0.1, 0.0, 0.0, 0.0, 0, 13249.3134, 6860.4802, True, 944
ESPPRC_heur, 0.1, 0.0, 0.0, 0.0, 0, 13248.6721, 7492.8854, True, 805
ESPPRC_heur, 0.1, 0.0, 0.0, 0.0, 0, 13247.9172, 8388.1899, True, 758
ESPPRC_heur, 0.1, 0.0, 0.0, 0.0, 0, 13247.239, 8042.9704, True, 838
ESPPRC_heur, 0.1, 0.0, 0.0, 0.0, 0, 13245.5239, 8351.7797, True, 786
ESPPRC_heur, 0.1, 0.0, 0.0, 0.0, 0, 13245.103, 7874.3956, True, 728
ESPPRC_heur, 0.1, 0.0, 0.0, 0.0, 0, 13244.85, 8609.0876, True, 611
ESPPRC_heur, 0.1, 0.0, 0.0, 0.0, 0, 13244.7492, 8670.2, True, 573
ESPPRC_heur, 0.1, 0.0, 0.0, 0.0, 0, 13244.4224, 10076.796, True, 466
ESPPRC_heur, 0.1, 0.0, 0.0, 0.0, 0, 13243.7306, 6869.5235, True, 770
ESPPRC_heur, 0.1, 0.0, 0.0, 0.0, 0, 13243.1339, 8800.0271, True, 701
ESPPRC_heur, 0.1, 0.0, 0.0, 0.0, 0, 13243.0093, 9946.2111, True, 542
ESPPRC_heur, 0.1, 0.0, 0.0, 0.0, 0, 13242.7026, 8970.6576, True, 615
ESPPRC_heur, 0.1, 0.0, 0.0, 0.0, 0, 13242.4336, 9378.6366, True, 548
ESPPRC_heur, 0.1, 0.0, 0.0, 0.0, 0, 13242.3072, 9751.5433, True, 464
ESPPRC_heur, 0.1, 0.0, 0.0, 0.0, 0, 13242.1922, 9774.9853, True, 506
ESPPRC_heur, 0.1, 0.0, 0.0, 0.0, 0, 13242.0761, 9257.1482, True, 598
ESPPRC_heur, 0.1, 0.0, 0.0, 0.0, 0, 13241.9908, 10798.1971, True, 403
ESPPRC_heur, 0.1, 0.0, 0.0, 0.0, 0, 13241.5789, 9501.3654, True, 565
ESPPRC_heur, 0.1, 0.0, 0.0, 0.0, 0, 13241.4826, 10085.4546, True, 433
ESPPRC_heur, 0.1, 0.0, 0.0, 0.0, 0, 13241.2948, 9937.4632, True, 490
ESPPRC_heur, 0.1, 0.0, 0.0, 0.0, 0, 13240.207, 8159.0251, True, 710
ESPPRC_heur, 0.1, 0.0, 0.0, 0.0, 0, 13240.0407, 8399.0266, True, 676
ESPPRC_heur, 0.1, 0.0, 0.0, 0.0, 0, 13239.8959, 9240.2452, True, 481
ESPPRC_heur, 0.1, 0.0, 0.0, 0.0, 0, 13239.8354, 8834.8873, True, 558
ESPPRC_heur, 0.1, 0.0, 0.0, 0.0, 0, 13239.8026, 10386.0673, True, 402
ESPPRC_heur, 0.1, 0.0, 0.0, 0.0, 0, 13239.7026, 10809.1758, True, 387
ESPPRC_heur, 0.1, 0.0, 0.0, 0.0, 0, 13238.8671, 10251.1885, True, 389
ESPPRC_heur, 0.1, 0.0, 0.0, 0.0, 0, 13238.5211, 10524.0298, True, 360
ESPPRC_heur, 0.1, 0.0, 0.0, 0.0, 0, 13238.5034, 10783.2107, True, 374
ESPPRC_heur, 0.1, 0.0, 0.0, 0.0, 0, 13237.7221, 10064.1411, True, 417
ESPPRC_heur, 0.1, 0.0, 0.0, 0.0, 0, 13236.6124, 10634.4864, True, 442
ESPPRC_heur, 0.1, 0.0, 0.0, 0.0, 0, 13236.0541, 10684.3538, True, 323
ESPPRC_heur, 0.1, 0.0, 0.0, 0.0, 0, 13235.2476, 9550.7078, True, 471
ESPPRC_heur, 0.1, 0.0, 0.0, 0.0, 0, 13235.2476, 10502.2778, True, 363
ESPPRC_heur, 0.1, 0.0, 0.0, 0.0, 0, 13235.2476, 10116.0259, True, 504
ESPPRC_heur, 0.1, 0.0, 0.0, 0.0, 0, 13235.2476, 10094.7758, True, 392
ESPPRC_heur, 0.1, 0.0, 0.0, 0.0, 0, 13235.2476, 10117.9433, True, 423
ESPPRC_heur, 0.1, 0.0, 0.0, 0.0, 0, 13235.2476, 11392.8508, True, 293
ESPPRC_heur, 0.1, 0.0, 0.0, 0.0, 0, 13233.5734, 8158.8814, True, 606
ESPPRC_heur, 0.1, 0.0, 0.0, 0.0, 0, 13233.5734, 9766.3235, True, 472
ESPPRC_heur, 0.1, 0.0, 0.0, 0.0, 0, 13233.5734, 9980.6071, True, 497
ESPPRC_heur, 0.1, 0.0, 0.0, 0.0, 0, 13233.5734, 10079.1752, True, 499
ESPPRC_heur, 0.1, 0.0, 0.0, 0.0, 0, 13233.5726, 10452.5196, True, 405
ESPPRC_heur, 0.1, 0.0, 0.0, 0.0, 0, 13233.5701, 10529.3775, True, 396
ESPPRC_heur, 0.1, 0.0, 0.0, 0.0, 0, 13233.5578, 11384.48, True, 332
ESPPRC_heur, 0.1, 0.0, 0.0, 0.0, 0, 13231.9054, 10499.055, True, 415
ESPPRC_heur, 0.1, 0.0, 0.0, 0.0, 0, 13231.9054, 10790.224, True, 367
ESPPRC_heur, 0.1, 0.0, 0.0, 0.0, 0, 13231.0208, 11139.8096, True, 322
ESPPRC_heur, 0.1, 0.0, 0.0, 0.0, 0, 13231.0035, 10749.9101, True, 374
ESPPRC_heur, 0.1, 0.0, 0.0, 0.0, 0, 13230.8623, 10674.587, True, 410
ESPPRC_heur, 0.1, 0.0, 0.0, 0.0, 0, 13230.5984, 10573.0493, True, 372
ESPPRC_heur, 0.1, 0.0, 0.0, 0.0, 0, 13230.2701, 11041.6208, True, 356
ESPPRC_heur, 0.1, 0.0, 0.0, 0.0, 0, 13230.2245, 11407.2183, True, 261
ESPPRC_heur, 0.1, 0.0, 0.0, 0.0, 0, 13226.5533, 9740.6268, True, 475
ESPPRC_heur, 0.1, 0.0, 0.0, 0.0, 0, 13226.2884, 10511.6889, True, 397
ESPPRC_heur, 0.1, 0.0, 0.0, 0.0, 0, 13226.0393, 10275.9079, True, 351
ESPPRC_heur, 0.1, 0.0, 0.0, 0.0, 0, 13226.0393, 10782.3769, True, 353
ESPPRC_heur, 0.1, 0.0, 0.0, 0.0, 0, 13225.7179, 10243.7651, True, 414
ESPPRC_heur, 0.1, 0.0, 0.0, 0.0, 0, 13225.7179, 11095.2603, True, 303
ESPPRC_heur, 0.2, 0.0, 0.0, 0.0, 0, 13222.1084, 9306.039, True, 508
ESPPRC_heur, 0.1, 0.0, 0.0, 0.0, 0, 13222.1084, 9937.3841, True, 473
ESPPRC_heur, 0.1, 0.0, 0.0, 0.0, 0, 13222.1083, 10142.9924, True, 388
ESPPRC_heur, 0.1, 0.0, 0.0, 0.0, 0, 13222.0645, 10157.196, True, 392
ESPPRC_heur, 0.1, 0.0, 0.0, 0.0, 0, 13221.9882, 11071.8975, True, 291
ESPPRC_heur, 0.1, 0.0, 0.0, 0.0, 0, 13221.746, 10256.0092, True, 379
ESPPRC_heur, 0.1, 0.0, 0.0, 0.0, 0, 13221.6937, 10215.732, True, 407
ESPPRC_heur, 0.1, 0.0, 0.0, 0.0, 0, 13221.5534, 11449.6317, True, 283
ESPPRC_heur, 0.1, 0.0, 0.0, 0.0, 0, 13220.8991, 10793.7886, True, 297
ESPPRC_heur, 0.1, 0.0, 0.0, 0.0, 0, 13217.7945, 10595.1498, True, 344
ESPPRC_heur, 0.1, 0.0, 0.0, 0.0, 0, 13217.5863, 11168.374, True, 282
ESPPRC_heur, 0.1, 0.0, 0.0, 0.0, 0, 13217.3746, 11074.7401, True, 288
ESPPRC_heur, 0.1, 0.0, 0.0, 0.0, 0, 13217.3746, 11471.0004, True, 269
ESPPRC_heur, 0.1, 0.0, 0.0, 0.0, 0, 13217.3361, 10920.7733, True, 306
ESPPRC_heur, 0.1, 0.0, 0.0, 0.0, 0, 13217.2442, 11214.7495, True, 289
ESPPRC_heur, 0.1, 0.0, 0.0, 0.0, 0, 13216.5589, 11490.7477, True, 250
ESPPRC_heur, 0.1, 0.0, 0.0, 0.0, 0, 13215.5417, 11275.0501, True, 255
ESPPRC_heur, 0.1, 0.0, 0.0, 0.0, 0, 13215.2596, 11073.0746, True, 323
ESPPRC_heur, 0.1, 0.0, 0.0, 0.0, 0, 13215.2596, 10965.6247, True, 295
ESPPRC_heur, 0.1, 0.0, 0.0, 0.0, 0, 13215.2596, 10983.896, True, 316
ESPPRC_heur, 0.1, 0.0, 0.0, 0.0, 0, 13215.2596, 11683.888, True, 255
ESPPRC_heur, 0.1, 0.0, 0.0, 0.0, 0, 13214.9665, 11423.6757, True, 286
ESPPRC_heur, 0.1, 0.0, 0.0, 0.0, 0, 13214.6856, 11441.9618, True, 263
ESPPRC_heur, 0.1, 0.0, 0.0, 0.0, 0, 13214.6856, 11180.4845, True, 271
ESPPRC_heur, 0.1, 0.0, 0.0, 0.0, 0, 13214.6856, 11753.3569, True, 207
ESPPRC_heur, 0.1, 0.0, 0.0, 0.0, 0, 13213.0407, 11619.4177, True, 246
ESPPRC_heur, 0.1, 0.0, 0.0, 0.0, 0, 13212.7256, 11569.9635, True, 251
ESPPRC_heur, 0.1, 0.0, 0.0, 0.0, 0, 13190.6984, 9966.4667, True, 420
ESPPRC_heur, 0.1, 0.0, 0.0, 0.0, 0, 13189.0716, 10946.9969, True, 323
ESPPRC_heur, 0.1, 0.0, 0.0, 0.0, 0, 13187.494, 10078.8055, True, 467
ESPPRC_heur, 0.1, 0.0, 0.0, 0.0, 0, 13187.4354, 10529.0196, True, 405
ESPPRC_heur, 0.1, 0.0, 0.0, 0.0, 0, 13187.2507, 10586.7768, True, 354
ESPPRC_heur, 0.1, 0.0, 0.0, 0.0, 0, 13187.2507, 10336.6349, True, 412
ESPPRC_heur, 0.1, 0.0, 0.0, 0.0, 0, 13187.2507, 10618.3838, True, 348
ESPPRC_heur, 0.1, 0.0, 0.0, 0.0, 0, 13186.5058, 11163.6039, True, 310
ESPPRC_heur, 0.1, 0.0, 0.0, 0.0, 0, 13182.0638, 10479.8214, True, 297
ESPPRC_heur, 0.1, 0.0, 0.0, 0.0, 0, 13181.236, 10965.3906, True, 277
ESPPRC_heur, 0.1, 0.0, 0.0, 0.0, 0, 13181.2358, 11434.0418, True, 241
ESPPRC_heur, 0.1, 0.0, 0.0, 0.0, 0, 13173.8785, 11186.951, True, 247
ESPPRC_heur, 0.1, 0.0, 0.0, 0.0, 0, 13173.8785, 11714.0479, True, 209
ESPPRC_heur, 0.1, 0.0, 0.0, 0.0, 0, 13172.3371, 10898.9475, True, 277
ESPPRC_heur, 0.1, 0.0, 0.0, 0.0, 0, 13172.3371, 11388.1321, True, 271
ESPPRC_heur, 0.1, 0.0, 0.0, 0.0, 0, 13171.6831, 11995.255, True, 189
ESPPRC_heur, 0.1, 0.0, 0.0, 0.0, 0, 13166.96, 10812.3768, True, 340
ESPPRC_heur, 0.1, 0.0, 0.0, 0.0, 0, 13166.1682, 11006.9791, True, 253
ESPPRC_heur, 0.1, 0.0, 0.0, 0.0, 0, 13166.1682, 11071.7022, True, 263
ESPPRC_heur, 0.1, 0.0, 0.0, 0.0, 0, 13166.1682, 11726.6787, True, 207
ESPPRC_heur, 0.1, 0.0, 0.0, 0.0, 0, 13165.633, 11245.907, True, 241
ESPPRC_heur, 0.1, 0.0, 0.0, 0.0, 0, 13164.2122, 10850.3407, True, 357
ESPPRC_heur, 0.1, 0.0, 0.0, 0.0, 0, 13164.2122, 10305.5662, True, 393
ESPPRC_heur, 0.1, 0.0, 0.0, 0.0, 0, 13164.2122, 10583.8382, True, 371
ESPPRC_heur, 0.1, 0.0, 0.0, 0.0, 0, 13164.2122, 11486.1795, True, 224
ESPPRC_heur, 0.1, 0.0, 0.0, 0.0, 0, 13163.7275, 10859.8246, True, 308
ESPPRC_heur, 0.1, 0.0, 0.0, 0.0, 0, 13163.7275, 11795.802, True, 208
ESPPRC_heur, 0.1, 0.0, 0.0, 0.0, 0, 13163.7139, 10835.8573, True, 293
ESPPRC_heur, 0.1, 0.0, 0.0, 0.0, 0, 13163.7139, 10925.4359, True, 297
ESPPRC_heur, 0.1, 0.0, 0.0, 0.0, 0, 13163.7139, 11289.5601, True, 257
ESPPRC_heur, 0.1, 0.0, 0.0, 0.0, 0, 13163.6697, 11563.9818, True, 207
ESPPRC_heur, 0.1, 0.0, 0.0, 0.0, 0, 13163.6697, 10967.5926, True, 285
ESPPRC_heur, 0.1, 0.0, 0.0, 0.0, 0, 13163.6697, 11450.4622, True, 255
ESPPRC_heur, 0.1, 0.0, 0.0, 0.0, 0, 13163.6697, 11722.0298, True, 193
ESPPRC_heur, 0.1, 0.0, 0.0, 0.0, 0, 13159.0627, 10926.872, True, 344
ESPPRC_heur, 0.1, 0.0, 0.0, 0.0, 0, 13158.3617, 11716.7101, True, 204
ESPPRC_heur, 0.1, 0.0, 0.0, 0.0, 0, 13156.8173, 11737.4701, True, 209
ESPPRC_heur, 0.1, 0.0, 0.0, 0.0, 0, 13156.4909, 11679.8092, True, 213
ESPPRC_heur, 0.1, 0.0, 0.0, 0.0, 0, 13155.7676, 11135.2099, True, 270
ESPPRC_heur, 0.1, 0.0, 0.0, 0.0, 0, 13155.76, 11443.653, True, 236
ESPPRC_heur, 0.1, 0.0, 0.0, 0.0, 0, 13155.6988, 11276.2, True, 257
ESPPRC_heur, 0.1, 0.0, 0.0, 0.0, 0, 13155.6988, 11931.6704, True, 162
ESPPRC_heur, 0.1, 0.0, 0.0, 0.0, 0, 13155.2506, 11468.912, True, 252
ESPPRC_heur, 0.1, 0.0, 0.0, 0.0, 0, 13155.2506, 11549.5659, True, 196
ESPPRC_heur, 0.1, 0.0, 0.0, 0.0, 0, 13155.247, 11567.1425, True, 204
ESPPRC_heur, 0.1, 0.0, 0.0, 0.0, 0, 13155.2321, 12271.8799, True, 112
ESPPRC_heur, 0.1, 0.0, 0.0, 0.0, 0, 13152.9706, 12105.8118, True, 135
ESPPRC_heur, 0.1, 0.0, 0.0, 0.0, 0, 13148.0907, 11695.0725, True, 216
ESPPRC_heur, 0.1, 0.0, 0.0, 0.0, 0, 13145.6419, 11669.4429, True, 207
ESPPRC_heur, 0.1, 0.0, 0.0, 0.0, 0, 13145.2028, 11603.8992, True, 237
ESPPRC_heur, 0.1, 0.0, 0.0, 0.0, 0, 13145.2028, 11700.8177, True, 195
ESPPRC_heur, 0.1, 0.0, 0.0, 0.0, 0, 13145.2028, 11940.7605, True, 149
ESPPRC_heur, 0.1, 0.0, 0.0, 0.0, 0, 13144.8629, 12092.1614, True, 167
ESPPRC_heur, 0.1, 0.0, 0.0, 0.0, 0, 13144.8042, 12123.4497, True, 137
ESPPRC_heur, 0.1, 0.0, 0.0, 0.0, 0, 13141.7012, 11777.7441, True, 199
ESPPRC_heur, 0.1, 0.0, 0.0, 0.0, 0, 13141.7012, 12287.0385, True, 124
ESPPRC_heur, 0.1, 0.0, 0.0, 0.0, 0, 13137.2268, 11556.3342, True, 223
ESPPRC_heur, 0.1, 0.0, 0.0, 0.0, 0, 13135.1544, 11485.3043, True, 264
ESPPRC_heur, 0.1, 0.0, 0.0, 0.0, 0, 13135.1544, 11843.1737, True, 174
ESPPRC_heur, 0.1, 0.0, 0.0, 0.0, 0, 13135.0353, 11637.9547, True, 190
ESPPRC_heur, 0.1, 0.0, 0.0, 0.0, 0, 13135.0353, 12036.2402, True, 151
ESPPRC_heur, 0.1, 0.0, 0.0, 0.0, 0, 13133.6061, 11168.938, True, 257
ESPPRC_heur, 0.1, 0.0, 0.0, 0.0, 0, 13133.6061, 11922.3873, True, 128
ESPPRC_heur, 0.1, 0.0, 0.0, 0.0, 0, 13131.2973, 11375.7212, True, 241
ESPPRC_heur, 0.1, 0.0, 0.0, 0.0, 0, 13131.2546, 11639.4542, True, 203
ESPPRC_heur, 0.1, 0.0, 0.0, 0.0, 0, 13131.2546, 11323.1012, True, 228
ESPPRC_heur, 0.1, 0.0, 0.0, 0.0, 0, 13131.2546, 11890.4916, True, 160
ESPPRC_heur, 0.1, 0.0, 0.0, 0.0, 0, 13130.9712, 11923.5856, True, 148
ESPPRC_heur, 0.1, 0.0, 0.0, 0.0, 0, 13130.9712, 11979.5605, True, 175
ESPPRC_heur, 0.1, 0.0, 0.0, 0.0, 0, 13130.9712, 12296.7005, True, 102
ESPPRC_heur, 0.1, 0.0, 0.0, 0.0, 0, 13129.1528, 11863.5634, True, 172
ESPPRC_heur, 0.1, 0.0, 0.0, 0.0, 0, 13129.1528, 11597.4789, True, 226
ESPPRC_heur, 0.1, 0.0, 0.0, 0.0, 0, 13129.1528, 12432.7629, True, 99
ESPPRC_heur, 0.1, 0.0, 0.0, 0.0, 0, 13125.3529, 11910.6719, True, 179
ESPPRC_heur, 0.1, 0.0, 0.0, 0.0, 0, 13125.1195, 12021.4822, True, 136
ESPPRC_heur, 0.1, 0.0, 0.0, 0.0, 0, 13125.0682, 11732.047, True, 172
ESPPRC_heur, 0.1, 0.0, 0.0, 0.0, 0, 13125.0447, 12078.3916, True, 137
ESPPRC_heur, 0.1, 0.0, 0.0, 0.0, 0, 13123.8747, 11814.8061, True, 154
ESPPRC_heur, 0.1, 0.0, 0.0, 0.0, 0, 13123.8747, 12137.3745, True, 138
ESPPRC_heur, 0.1, 0.0, 0.0, 0.0, 0, 13123.5533, 11907.0279, True, 139
ESPPRC_heur, 0.1, 0.0, 0.0, 0.0, 0, 13123.5533, 12302.1603, True, 113
ESPPRC_heur, 0.1, 0.0, 0.0, 0.0, 0, 13122.2128, 11867.6038, True, 152
ESPPRC_heur, 0.1, 0.0, 0.0, 0.0, 0, 13122.2128, 12045.7557, True, 160
ESPPRC_heur, 0.1, 0.0, 0.0, 0.0, 0, 13122.2128, 12028.1992, True, 142
ESPPRC_heur, 0.1, 0.0, 0.0, 0.0, 0, 13120.8165, 12073.9383, True, 130
ESPPRC_heur, 0.1, 0.0, 0.0, 0.0, 0, 13120.1317, 12024.452, True, 132
ESPPRC_heur, 0.1, 0.0, 0.0, 0.0, 0, 13117.907, 11951.0693, True, 168
ESPPRC_heur, 0.1, 0.0, 0.0, 0.0, 0, 13117.907, 12309.1238, True, 102
ESPPRC_heur, 0.1, 0.0, 0.0, 0.0, 0, 13116.7458, 11847.3513, True, 171
ESPPRC_heur, 0.1, 0.0, 0.0, 0.0, 0, 13116.7458, 12195.6795, True, 129
ESPPRC_heur, 0.1, 0.0, 0.0, 0.0, 0, 13116.7458, 12254.3168, True, 106
ESPPRC_heur, 0.1, 0.0, 0.0, 0.0, 0, 13115.9167, 11606.2462, True, 190
ESPPRC_heur, 0.1, 0.0, 0.0, 0.0, 0, 13115.9167, 11970.2573, True, 149
ESPPRC_heur, 0.1, 0.0, 0.0, 0.0, 0, 13115.9167, 12281.8963, True, 98
ESPPRC_heur, 0.1, 0.0, 0.0, 0.0, 0, 13112.0132, 11186.4942, True, 227
ESPPRC_heur, 0.1, 0.0, 0.0, 0.0, 0, 13112.0132, 11809.9492, True, 167
ESPPRC_heur, 0.1, 0.0, 0.0, 0.0, 0, 13111.1096, 11858.7845, True, 184
ESPPRC_heur, 0.1, 0.0, 0.0, 0.0, 0, 13111.1096, 11698.5221, True, 185
ESPPRC_heur, 0.1, 0.0, 0.0, 0.0, 0, 13111.1096, 12312.0828, True, 95
ESPPRC_heur, 0.1, 0.0, 0.0, 0.0, 0, 13107.5673, 11691.5267, True, 188
ESPPRC_heur, 0.1, 0.0, 0.0, 0.0, 0, 13107.5673, 12027.8993, True, 149
ESPPRC_heur, 0.1, 0.0, 0.0, 0.0, 0, 13107.4022, 11807.3081, True, 177
ESPPRC_heur, 0.1, 0.0, 0.0, 0.0, 0, 13107.4022, 12087.9444, True, 132
ESPPRC_heur, 0.1, 0.0, 0.0, 0.0, 0, 13107.3368, 12081.4545, True, 122
ESPPRC_heur, 0.1, 0.0, 0.0, 0.0, 0, 13104.4825, 12452.2361, True, 93
ESPPRC_heur, 0.1, 0.0, 0.0, 0.0, 0, 13099.2039, 11798.6932, True, 184
ESPPRC_heur, 0.1, 0.0, 0.0, 0.0, 0, 13099.2039, 11896.0272, True, 194
ESPPRC_heur, 0.1, 0.0, 0.0, 0.0, 0, 13099.2039, 11635.6495, True, 231
ESPPRC_heur, 0.1, 0.0, 0.0, 0.0, 0, 13099.2039, 12079.1845, True, 147
ESPPRC_heur, 0.1, 0.0, 0.0, 0.0, 0, 13099.2039, 12176.7976, True, 130
ESPPRC_heur, 0.1, 0.0, 0.0, 0.0, 0, 13098.6268, 12127.2474, True, 123
ESPPRC_heur, 0.1, 0.0, 0.0, 0.0, 0, 13093.0693, 12003.0598, True, 113
ESPPRC_heur, 0.1, 0.0, 0.0, 0.0, 0, 13091.2466, 11698.4363, True, 160
ESPPRC_heur, 0.1, 0.0, 0.0, 0.0, 0, 13091.2466, 11878.9289, True, 153
ESPPRC_heur, 0.1, 0.0, 0.0, 0.0, 0, 13090.9558, 12083.4264, True, 124
ESPPRC_heur, 0.1, 0.0, 0.0, 0.0, 0, 13089.8166, 12134.6469, True, 128
ESPPRC_heur, 0.1, 0.0, 0.0, 0.0, 0, 13089.2348, 12341.3989, True, 116
ESPPRC_heur, 0.1, 0.0, 0.0, 0.0, 0, 13087.664, 11743.3026, True, 151
ESPPRC_heur, 0.1, 0.0, 0.0, 0.0, 0, 13087.664, 12102.858, True, 119
ESPPRC_heur, 0.1, 0.0, 0.0, 0.0, 0, 13087.664, 12218.7636, True, 132
ESPPRC_heur, 0.1, 0.0, 0.0, 0.0, 0, 13087.6592, 11993.004, True, 153
ESPPRC_heur, 0.1, 0.0, 0.0, 0.0, 0, 13087.6567, 11900.2122, True, 134
ESPPRC_heur, 0.1, 0.0, 0.0, 0.0, 0, 13087.4216, 12513.7623, True, 89
ESPPRC_heur, 0.1, 0.0, 0.0, 0.0, 0, 13087.3942, 12230.9338, True, 123
ESPPRC_heur, 0.1, 0.0, 0.0, 0.0, 0, 13087.3942, 12215.3978, True, 115
ESPPRC_heur, 0.1, 0.0, 0.0, 0.0, 0, 13086.3376, 11878.913, True, 184
ESPPRC_heur, 0.1, 0.0, 0.0, 0.0, 0, 13086.1097, 12133.3221, True, 142
ESPPRC_heur, 0.2, 0.0, 0.0, 0.0, 0, 13086.1096, 12546.6004, True, 63
ESPPRC_heur, 0.1, 0.0, 0.0, 0.0, 0, 13085.6856, 12490.8354, True, 80
ESPPRC_heur, 0.1, 0.0, 0.0, 0.0, 0, 13082.1637, 12049.3485, True, 138
ESPPRC_heur, 0.1, 0.0, 0.0, 0.0, 0, 13082.0409, 11991.1541, True, 116
ESPPRC_heur, 0.1, 0.0, 0.0, 0.0, 0, 13081.9938, 12108.268, True, 140
ESPPRC_heur, 0.1, 0.0, 0.0, 0.0, 0, 13081.9938, 12424.5899, True, 64
ESPPRC_heur, 0.1, 0.0, 0.0, 0.0, 0, 13079.5114, 12218.6918, True, 126
ESPPRC_heur, 0.1, 0.0, 0.0, 0.0, 0, 13079.426, 12470.6859, True, 87
ESPPRC_heur, 0.1, 0.0, 0.0, 0.0, 0, 13078.5632, 12550.4202, True, 68
ESPPRC_heur, 0.1, 0.0, 0.0, 0.0, 0, 13078.2353, 12088.2442, True, 113
ESPPRC_heur, 0.1, 0.0, 0.0, 0.0, 0, 13077.9217, 11869.9289, True, 162
ESPPRC_heur, 0.1, 0.0, 0.0, 0.0, 0, 13077.8483, 12133.6862, True, 138
ESPPRC_heur, 0.1, 0.0, 0.0, 0.0, 0, 13077.8018, 11851.9212, True, 144
ESPPRC_heur, 0.1, 0.0, 0.0, 0.0, 0, 13077.7636, 12309.0126, True, 93
ESPPRC_heur, 0.1, 0.0, 0.0, 0.0, 0, 13077.5098, 12214.2365, True, 139
ESPPRC_heur, 0.1, 0.0, 0.0, 0.0, 0, 13077.5098, 12582.7086, True, 43
ESPPRC_heur, 0.1, 0.0, 0.0, 0.0, 0, 13077.3992, 12398.4342, True, 81
ESPPRC_heur, 0.1, 0.0, 0.0, 0.0, 0, 13077.3144, 12461.1847, True, 73
ESPPRC_heur, 0.1, 0.0, 0.0, 0.0, 0, 13076.1278, 11932.5414, True, 145
ESPPRC_heur, 0.1, 0.0, 0.0, 0.0, 0, 13076.1278, 12490.0589, True, 76
ESPPRC_heur, 0.1, 0.0, 0.0, 0.0, 0, 13073.8298, 12216.2888, True, 113
ESPPRC_heur, 0.1, 0.0, 0.0, 0.0, 0, 13073.077, 12503.1072, True, 62
ESPPRC_heur, 0.1, 0.0, 0.0, 0.0, 0, 13071.8841, 11958.8098, True, 148
ESPPRC_heur, 0.1, 0.0, 0.0, 0.0, 0, 13067.3729, 11831.7819, True, 135
ESPPRC_heur, 0.1, 0.0, 0.0, 0.0, 0, 13066.7907, 11785.3537, True, 160
ESPPRC_heur, 0.1, 0.0, 0.0, 0.0, 0, 13066.7907, 11891.3639, True, 145
ESPPRC_heur, 0.1, 0.0, 0.0, 0.0, 0, 13066.7907, 12086.5952, True, 128
ESPPRC_heur, 0.1, 0.0, 0.0, 0.0, 0, 13066.7907, 12121.9545, True, 124
ESPPRC_heur, 0.1, 0.0, 0.0, 0.0, 0, 13066.7842, 12066.4014, True, 147
ESPPRC_heur, 0.1, 0.0, 0.0, 0.0, 0, 13066.7842, 12344.6429, True, 93
ESPPRC_heur, 0.1, 0.0, 0.0, 0.0, 0, 13065.3333, 11868.7063, True, 152
ESPPRC_heur, 0.1, 0.0, 0.0, 0.0, 0, 13065.3333, 11897.9168, True, 145
ESPPRC_heur, 0.1, 0.0, 0.0, 0.0, 0, 13065.3333, 12568.7636, True, 80
ESPPRC_heur, 0.1, 0.0, 0.0, 0.0, 0, 13064.5632, 12181.8036, True, 138
ESPPRC_heur, 0.1, 0.0, 0.0, 0.0, 0, 13064.5632, 12730.7855, True, 60
ESPPRC_heur, 0.1, 0.0, 0.0, 0.0, 0, 13063.3604, 12197.689, True, 127
ESPPRC_heur, 0.1, 0.0, 0.0, 0.0, 0, 13063.3604, 12418.8833, True, 96
ESPPRC_heur, 0.1, 0.0, 0.0, 0.0, 0, 13063.3604, 12576.5199, True, 66
ESPPRC_heur, 0.1, 0.0, 0.0, 0.0, 0, 13062.8309, 12135.945, True, 116
ESPPRC_heur, 0.1, 0.0, 0.0, 0.0, 0, 13062.8309, 12473.966, True, 78
ESPPRC_heur, 0.1, 0.0, 0.0, 0.0, 0, 13062.8309, 12585.9046, True, 71
ESPPRC_heur, 0.1, 0.0, 0.0, 0.0, 0, 13061.0093, 12087.5169, True, 141
ESPPRC_heur, 0.1, 0.0, 0.0, 0.0, 0, 13061.0093, 12252.5244, True, 123
ESPPRC_heur, 0.1, 0.0, 0.0, 0.0, 0, 13061.0093, 12038.9749, True, 127
ESPPRC_heur, 0.1, 0.0, 0.0, 0.0, 0, 13061.0093, 12388.3798, True, 79
ESPPRC_heur, 0.1, 0.0, 0.0, 0.0, 0, 13059.649, 12148.8295, True, 129
ESPPRC_heur, 0.1, 0.0, 0.0, 0.0, 0, 13059.649, 12424.5063, True, 94
ESPPRC_heur, 0.1, 0.0, 0.0, 0.0, 0, 13059.649, 12479.9245, True, 74
ESPPRC_heur, 0.1, 0.0, 0.0, 0.0, 0, 13059.649, 12477.403, True, 67
ESPPRC_heur, 0.1, 0.0, 0.0, 0.0, 0, 13058.9526, 11214.0291, True, 234
ESPPRC_heur, 0.1, 0.0, 0.0, 0.0, 0, 13058.9526, 12228.0593, True, 102
ESPPRC_heur, 0.1, 0.0, 0.0, 0.0, 0, 13058.9526, 12242.6582, True, 114
ESPPRC_heur, 0.1, 0.0, 0.0, 0.0, 0, 13058.9526, 12631.3698, True, 67
ESPPRC_heur, 0.1, 0.0, 0.0, 0.0, 0, 13058.9526, 12543.7279, True, 69
ESPPRC_heur, 0.1, 0.0, 0.0, 0.0, 0, 13058.8564, 12511.9269, True, 65
ESPPRC_heur, 0.1, 0.0, 0.0, 0.0, 0, 13057.6321, 11606.4994, True, 179
ESPPRC_heur, 0.1, 0.0, 0.0, 0.0, 0, 13057.6321, 12150.0499, True, 132
ESPPRC_heur, 0.1, 0.0, 0.0, 0.0, 0, 13057.6321, 11899.7324, True, 137
ESPPRC_heur, 0.1, 0.0, 0.0, 0.0, 0, 13057.6321, 12479.3357, True, 69
ESPPRC_heur, 0.1, 0.0, 0.0, 0.0, 0, 13055.5736, 12092.4198, True, 128
ESPPRC_heur, 0.1, 0.0, 0.0, 0.0, 0, 13055.5736, 12546.7924, True, 72
ESPPRC_heur, 0.1, 0.0, 0.0, 0.0, 0, 13052.4882, 12212.3361, True, 120
ESPPRC_heur, 0.1, 0.0, 0.0, 0.0, 0, 13052.4882, 12373.6146, True, 94
ESPPRC_heur, 0.1, 0.0, 0.0, 0.0, 0, 13052.4882, 12553.4341, True, 66
ESPPRC_heur, 0.1, 0.0, 0.0, 0.0, 0, 13052.3144, 11878.3534, True, 135
ESPPRC_heur, 0.1, 0.0, 0.0, 0.0, 0, 13052.3144, 12628.7255, True, 51
ESPPRC_heur, 0.1, 0.0, 0.0, 0.0, 0, 13052.2281, 12702.88, True, 56
ESPPRC_heur, 0.1, 0.0, 0.0, 0.0, 0, 13048.1164, 12171.498, True, 101
ESPPRC_heur, 0.1, 0.0, 0.0, 0.0, 0, 13048.0947, 12400.0651, True, 69
ESPPRC_heur, 0.1, 0.0, 0.0, 0.0, 0, 13048.0947, 12584.2781, True, 58
ESPPRC_heur, 0.1, 0.0, 0.0, 0.0, 0, 13047.4766, 12655.5085, True, 54
ESPPRC_heur, 0.1, 0.0, 0.0, 0.0, 0, 13045.8268, 12329.0268, True, 79
ESPPRC_heur, 0.1, 0.0, 0.0, 0.0, 0, 13045.8094, 12080.2377, True, 116
ESPPRC_heur, 0.1, 0.0, 0.0, 0.0, 0, 13045.8094, 12208.8086, True, 101
ESPPRC_heur, 0.1, 0.0, 0.0, 0.0, 0, 13045.8094, 12493.0372, True, 68
ESPPRC_heur, 0.1, 0.0, 0.0, 0.0, 0, 13045.3572, 12430.4664, True, 61
ESPPRC_heur, 0.1, 0.0, 0.0, 0.0, 0, 13044.7465, 12250.4947, True, 81
ESPPRC_heur, 0.1, 0.0, 0.0, 0.0, 0, 13044.7465, 12270.8524, True, 87
ESPPRC_heur, 0.1, 0.0, 0.0, 0.0, 0, 13044.7465, 12151.1843, True, 105
ESPPRC_heur, 0.1, 0.0, 0.0, 0.0, 0, 13044.7465, 12502.3081, True, 66
ESPPRC_heur, 0.1, 0.0, 0.0, 0.0, 0, 13044.5951, 12676.0698, True, 51
ESPPRC_heur, 0.1, 0.0, 0.0, 0.0, 0, 13044.5644, 12786.849, True, 28
ESPPRC_heur, 0.1, 0.0, 0.0, 0.0, 0, 13043.3254, 12630.9081, True, 51
ESPPRC_heur, 0.1, 0.0, 0.0, 0.0, 0, 13041.0428, 12406.3146, True, 76
ESPPRC_heur, 0.1, 0.0, 0.0, 0.0, 0, 13041.0428, 12300.4272, True, 72
ESPPRC_heur, 0.1, 0.0, 0.0, 0.0, 0, 13041.0428, 12269.105, True, 101
ESPPRC_heur, 0.1, 0.0, 0.0, 0.0, 0, 13039.1621, 12189.7345, True, 106
ESPPRC_heur, 0.1, 0.0, 0.0, 0.0, 0, 13039.1621, 12360.6013, True, 82
ESPPRC_heur, 0.1, 0.0, 0.0, 0.0, 0, 13038.3405, 12350.5877, True, 78
ESPPRC_heur, 0.1, 0.0, 0.0, 0.0, 0, 13038.3394, 12308.9638, True, 89
ESPPRC_heur, 0.1, 0.0, 0.0, 0.0, 0, 13037.5252, 12362.1683, True, 101
ESPPRC_heur, 0.1, 0.0, 0.0, 0.0, 0, 13037.5252, 12370.7563, True, 65
ESPPRC_heur, 0.1, 0.0, 0.0, 0.0, 0, 13034.4301, 12545.2008, True, 62
ESPPRC_heur, 0.1, 0.0, 0.0, 0.0, 0, 13033.2536, 12469.4748, True, 65
ESPPRC_heur, 0.1, 0.0, 0.0, 0.0, 0, 13032.5629, 11869.4945, True, 120
ESPPRC_heur, 0.1, 0.0, 0.0, 0.0, 0, 13032.5629, 12153.4674, True, 114
ESPPRC_heur, 0.1, 0.0, 0.0, 0.0, 0, 13032.5629, 12423.682, True, 71
ESPPRC_heur, 0.1, 0.0, 0.0, 0.0, 0, 13032.5629, 12066.3727, True, 128
ESPPRC_heur, 0.1, 0.0, 0.0, 0.0, 0, 13032.5629, 11972.3095, True, 163
ESPPRC_heur, 0.1, 0.0, 0.0, 0.0, 0, 13032.5629, 11930.0741, True, 146
ESPPRC_heur, 0.1, 0.0, 0.0, 0.0, 0, 13032.5629, 12450.5947, True, 72
ESPPRC_heur, 0.1, 0.0, 0.0, 0.0, 0, 13032.5601, 12364.7088, True, 78
ESPPRC_heur, 0.1, 0.0, 0.0, 0.0, 0, 13031.615, 12636.1994, True, 58
ESPPRC_heur, 0.1, 0.0, 0.0, 0.0, 0, 13031.3266, 12500.3035, True, 68
ESPPRC_heur, 0.1, 0.0, 0.0, 0.0, 0, 13031.1565, 12591.588, True, 79
ESPPRC_heur, 0.1, 0.0, 0.0, 0.0, 0, 13031.0269, 12465.5462, True, 72
ESPPRC_heur, 0.1, 0.0, 0.0, 0.0, 0, 13030.756, 12558.0571, True, 71
ESPPRC_heur, 0.1, 0.0, 0.0, 0.0, 0, 13029.934, 12604.2051, True, 68
ESPPRC_heur, 0.1, 0.0, 0.0, 0.0, 0, 13029.934, 12612.2176, True, 48
ESPPRC_heur, 0.1, 0.0, 0.0, 0.0, 0, 13028.7983, 12389.4936, True, 92
ESPPRC_heur, 0.1, 0.0, 0.0, 0.0, 0, 13028.7983, 12620.6806, True, 65
ESPPRC_heur, 0.1, 0.0, 0.0, 0.0, 0, 13028.5237, 12657.4531, True, 66
ESPPRC_heur, 0.1, 0.0, 0.0, 0.0, 0, 13027.618, 12464.309, True, 64
ESPPRC_heur, 0.1, 0.0, 0.0, 0.0, 0, 13027.4936, 12805.2386, True, 26
ESPPRC_heur, 0.1, 0.0, 0.0, 0.0, 0, 13027.0453, 12706.4155, True, 52
ESPPRC_heur, 0.1, 0.0, 0.0, 0.0, 0, 13027.0453, 12686.842, True, 46
ESPPRC_heur, 0.1, 0.0, 0.0, 0.0, 0, 13026.8747, 12279.8887, True, 86
ESPPRC_heur, 0.1, 0.0, 0.0, 0.0, 0, 13026.8747, 12618.3423, True, 57
ESPPRC_heur, 0.1, 0.0, 0.0, 0.0, 0, 13026.5871, 12375.6043, True, 87
ESPPRC_heur, 0.1, 0.0, 0.0, 0.0, 0, 13026.5871, 12635.002, True, 68
ESPPRC_heur, 0.1, 0.0, 0.0, 0.0, 0, 13026.5871, 12647.6471, True, 53
ESPPRC_heur, 0.1, 0.0, 0.0, 0.0, 0, 13026.2892, 12787.8881, True, 31
ESPPRC_heur, 0.1, 0.0, 0.0, 0.0, 0, 13026.0009, 12688.694, True, 51
ESPPRC_heur, 0.1, 0.0, 0.0, 0.0, 0, 13025.9995, 12778.1005, True, 36
ESPPRC_heur, 0.1, 0.0, 0.0, 0.0, 0, 13025.4188, 12752.597, True, 49
ESPPRC_heur, 0.1, 0.0, 0.0, 0.0, 0, 13024.4461, 12848.2, True, 30
ESPPRC_heur, 0.1, 0.0, 0.0, 0.0, 0, 13022.6082, 12437.2043, True, 81
ESPPRC_heur, 0.1, 0.0, 0.0, 0.0, 0, 13022.6082, 12559.5733, True, 73
ESPPRC_heur, 0.1, 0.0, 0.0, 0.0, 0, 13022.6082, 12767.1923, True, 46
ESPPRC_heur, 0.1, 0.0, 0.0, 0.0, 0, 13020.2496, 12602.8595, True, 61
ESPPRC_heur, 0.1, 0.0, 0.0, 0.0, 0, 13020.2496, 12522.9185, True, 64
ESPPRC_heur, 0.1, 0.0, 0.0, 0.0, 0, 13020.2496, 12659.2116, True, 46
ESPPRC_heur, 0.1, 0.0, 0.0, 0.0, 0, 13018.5048, 12755.6065, True, 50
ESPPRC_heur, 0.1, 0.0, 0.0, 0.0, 0, 13018.1814, 12380.8981, True, 79
ESPPRC_heur, 0.1, 0.0, 0.0, 0.0, 0, 13018.118, 12662.8354, True, 62
ESPPRC_heur, 0.1, 0.0, 0.0, 0.0, 0, 13018.118, 12739.0382, True, 27
ESPPRC_heur, 0.1, 0.0, 0.0, 0.0, 0, 13018.0316, 12925.3147, True, 21
ESPPRC_heur, 0.1, 0.0, 0.0, 0.0, 0, 13017.737, 12682.6262, True, 40
ESPPRC_heur, 0.1, 0.0, 0.0, 0.0, 0, 13017.7027, 12730.7776, True, 38
ESPPRC_heur, 0.1, 0.0, 0.0, 0.0, 0, 13016.7062, 11753.9893, True, 138
ESPPRC_heur, 0.1, 0.0, 0.0, 0.0, 0, 13016.7062, 12449.2549, True, 62
ESPPRC_heur, 0.1, 0.0, 0.0, 0.0, 0, 13016.0105, 12733.3578, True, 44
ESPPRC_heur, 0.1, 0.0, 0.0, 0.0, 0, 13015.9859, 12796.2133, True, 41
ESPPRC_heur, 0.1, 0.0, 0.0, 0.0, 0, 13014.43, 12503.7902, True, 72
ESPPRC_heur, 0.1, 0.0, 0.0, 0.0, 0, 13014.43, 12755.6327, True, 34
ESPPRC_heur, 0.1, 0.0, 0.0, 0.0, 0, 13014.346, 12934.6901, True, 11
ESPPRC_heur, 0.1, 0.0, 0.0, 0.0, 0, 13014.2937, 12832.2082, True, 16
ESPPRC_heur, 0.1, 0.0, 0.0, 0.0, 0, 13014.0014, 12380.1653, True, 79
ESPPRC_heur, 0.1, 0.0, 0.0, 0.0, 0, 13014.0014, 12475.2694, True, 79
ESPPRC_heur, 0.1, 0.0, 0.0, 0.0, 0, 13014.0014, 12683.3155, True, 69
ESPPRC_heur, 0.1, 0.0, 0.0, 0.0, 0, 13013.5534, 12594.6866, True, 72
ESPPRC_heur, 0.1, 0.0, 0.0, 0.0, 0, 13013.5534, 12343.1721, True, 86
ESPPRC_heur, 0.1, 0.0, 0.0, 0.0, 0, 13013.5534, 12613.0949, True, 56
ESPPRC_heur, 0.1, 0.0, 0.0, 0.0, 0, 13013.2793, 12213.6064, True, 106
ESPPRC_heur, 0.1, 0.0, 0.0, 0.0, 0, 13013.2793, 12632.5036, True, 70
ESPPRC_heur, 0.1, 0.0, 0.0, 0.0, 0, 13013.2793, 12702.1469, True, 32
ESPPRC_heur, 0.1, 0.0, 0.0, 0.0, 0, 13013.2793, 12589.6323, True, 66
ESPPRC_heur, 0.1, 0.0, 0.0, 0.0, 0, 13013.2793, 12614.6852, True, 60
ESPPRC_heur, 0.1, 0.0, 0.0, 0.0, 0, 13013.2793, 12855.3628, True, 35
ESPPRC_heur, 0.1, 0.0, 0.0, 0.0, 0, 13013.2793, 12821.2793, True, 19
ESPPRC_heur, 0.1, 0.0, 0.0, 0.0, 0, 13011.6238, 12354.6423, True, 83
ESPPRC_heur, 0.1, 0.0, 0.0, 0.0, 0, 13011.6238, 12728.8059, True, 50
ESPPRC_heur, 0.1, 0.0, 0.0, 0.0, 0, 13011.4102, 12021.8074, True, 126
ESPPRC_heur, 0.1, 0.0, 0.0, 0.0, 0, 13011.4077, 12516.7624, True, 41
ESPPRC_heur, 0.1, 0.0, 0.0, 0.0, 0, 13011.3974, 12479.085, True, 74
ESPPRC_heur, 0.1, 0.0, 0.0, 0.0, 0, 13011.3974, 12705.6203, True, 42
ESPPRC_heur, 0.1, 0.0, 0.0, 0.0, 0, 13011.3974, 12785.591, True, 41
ESPPRC_heur, 0.1, 0.0, 0.0, 0.0, 0, 13011.3974, 12931.0909, True, 14
ESPPRC_heur, 0.1, 0.0, 0.0, 0.0, 0, 13011.3956, 12797.8903, True, 23
ESPPRC_heur, 0.1, 0.0, 0.0, 0.0, 0, 13011.3956, 12838.5953, True, 13
ESPPRC_heur, 0.1, 0.0, 0.0, 0.0, 0, 13011.3956, 12882.4305, True, 14
ESPPRC_heur, 0.0, 0.0, 0.0, 0.0, 0, 13011.3956, 12998.2577, True, 1
ng20, 0.2, 1503.2, 1418.6, 78.8, 1, 13011.3956, 12099.2096, 0, 1041
ng8, 0.0, 1.5, 1.1, 0.1, 1, 13011.3956, 11242.81, 0, 721
cyc2, 0.1, 0.3, 0.0, 0.0, 1, 13011.3956, 6286.6874, 0, 5659
SPPRC, -0.0, 0.1, 0.0, 0.0, 1, 13011.3956, -432.7623, 0, 1147
ESPPRC_heur, 0.1, 0.0, 0.0, 0.0, 0, 13011.3956, 12798.5706, True, 39
ESPPRC_heur, 0.1, 0.0, 0.0, 0.0, 0, 13011.3956, 12759.048, True, 35
ESPPRC_heur, 0.1, 0.0, 0.0, 0.0, 0, 13011.3956, 12759.2883, True, 39
ESPPRC_heur, 0.1, 0.0, 0.0, 0.0, 0, 13011.3956, 12869.8296, True, 11
ESPPRC_heur, 0.1, 0.0, 0.0, 0.0, 0, 13011.0145, 12203.7976, True, 99
ESPPRC_heur, 0.1, 0.0, 0.0, 0.0, 0, 13011.0145, 12177.0119, True, 93
ESPPRC_heur, 0.1, 0.0, 0.0, 0.0, 0, 13011.0145, 12188.6527, True, 85
ESPPRC_heur, 0.1, 0.0, 0.0, 0.0, 0, 13011.0145, 12593.0233, True, 55
ESPPRC_heur, 0.1, 0.0, 0.0, 0.0, 0, 13011.0145, 12443.6121, True, 70
ESPPRC_heur, 0.1, 0.0, 0.0, 0.0, 0, 13011.0145, 12541.2158, True, 51
ESPPRC_heur, 0.1, 0.0, 0.0, 0.0, 0, 13010.8036, 12579.8647, True, 57
ESPPRC_heur, 0.1, 0.0, 0.0, 0.0, 0, 13010.8036, 12794.0425, True, 38
ESPPRC_heur, 0.1, 0.0, 0.0, 0.0, 0, 13010.799, 12920.1655, True, 13
ESPPRC_heur, 0.1, 0.0, 0.0, 0.0, 0, 13010.799, 12909.1758, True, 14
ESPPRC_heur, 0.1, 0.0, 0.0, 0.0, 0, 13008.0155, 12078.6997, True, 120
ESPPRC_heur, 0.1, 0.0, 0.0, 0.0, 0, 13008.0155, 12624.8584, True, 57
ESPPRC_heur, 0.1, 0.0, 0.0, 0.0, 0, 13008.0155, 12698.7235, True, 57
ESPPRC_heur, 0.1, 0.0, 0.0, 0.0, 0, 13007.7572, 12584.6267, True, 46
ESPPRC_heur, 0.1, 0.0, 0.0, 0.0, 0, 13007.7512, 12559.3074, True, 66
ESPPRC_heur, 0.1, 0.0, 0.0, 0.0, 0, 13007.7512, 12803.5794, True, 35
ESPPRC_heur, 0.1, 0.0, 0.0, 0.0, 0, 13007.6539, 12525.587, True, 69
ESPPRC_heur, 0.1, 0.0, 0.0, 0.0, 0, 13007.6539, 12477.17, True, 59
ESPPRC_heur, 0.1, 0.0, 0.0, 0.0, 0, 13007.6539, 12544.2546, True, 70
ESPPRC_heur, 0.1, 0.0, 0.0, 0.0, 0, 13007.6539, 12620.3323, True, 49
ESPPRC_heur, 0.1, 0.0, 0.0, 0.0, 0, 13007.6539, 12704.8441, True, 61
ESPPRC_heur, 0.1, 0.0, 0.0, 0.0, 0, 13007.6539, 12737.1848, True, 34
ESPPRC_heur, 0.1, 0.0, 0.0, 0.0, 0, 13007.6539, 12852.429, True, 31
ESPPRC_heur, 0.1, 0.0, 0.0, 0.0, 0, 13007.6539, 12832.8868, True, 27
ESPPRC_heur, 0.1, 0.0, 0.0, 0.0, 0, 13007.6539, 12819.9621, True, 23
ESPPRC_heur, 0.1, 0.0, 0.0, 0.0, 0, 13007.308, 12209.366, True, 113
ESPPRC_heur, 0.1, 0.0, 0.0, 0.0, 0, 13007.308, 12427.6578, True, 77
ESPPRC_heur, 0.1, 0.0, 0.0, 0.0, 0, 13007.308, 12436.899, True, 68
ESPPRC_heur, 0.1, 0.0, 0.0, 0.0, 0, 13007.308, 12496.1674, True, 60
ESPPRC_heur, 0.1, 0.0, 0.0, 0.0, 0, 13007.308, 12482.0298, True, 52
ESPPRC_heur, 0.1, 0.0, 0.0, 0.0, 0, 13006.9366, 12317.2146, True, 104
ESPPRC_heur, 0.1, 0.0, 0.0, 0.0, 0, 13006.9366, 12401.9281, True, 76
ESPPRC_heur, 0.1, 0.0, 0.0, 0.0, 0, 13006.9366, 12462.0938, True, 71
ESPPRC_heur, 0.1, 0.0, 0.0, 0.0, 0, 13006.9366, 12461.9648, True, 72
ESPPRC_heur, 0.1, 0.0, 0.0, 0.0, 0, 13006.9366, 12423.5568, True, 76
ESPPRC_heur, 0.1, 0.0, 0.0, 0.0, 0, 13006.9366, 12268.2311, True, 99
ESPPRC_heur, 0.1, 0.0, 0.0, 0.0, 0, 13006.9366, 12477.1105, True, 78
ESPPRC_heur, 0.1, 0.0, 0.0, 0.0, 0, 13006.9366, 12409.4017, True, 69
ESPPRC_heur, 0.1, 0.0, 0.0, 0.0, 0, 13006.9366, 12714.9637, True, 56
ESPPRC_heur, 0.1, 0.0, 0.0, 0.0, 0, 13006.8685, 12669.8854, True, 56
ESPPRC_heur, 0.1, 0.0, 0.0, 0.0, 0, 13006.8685, 12747.7837, True, 38
ESPPRC_heur, 0.1, 0.0, 0.0, 0.0, 0, 13006.5439, 12812.5304, True, 36
ESPPRC_heur, 0.1, 0.0, 0.0, 0.0, 0, 13006.4432, 12859.124, True, 18
ESPPRC_heur, 0.1, 0.0, 0.0, 0.0, 0, 13006.4432, 12669.1824, True, 46
ESPPRC_heur, 0.1, 0.0, 0.0, 0.0, 0, 13006.4432, 12812.2292, True, 30
ESPPRC_heur, 0.1, 0.0, 0.0, 0.0, 0, 13006.4432, 12704.2307, True, 48
ESPPRC_heur, 0.1, 0.0, 0.0, 0.0, 0, 13006.4432, 12786.1915, True, 29
ESPPRC_heur, 0.1, 0.0, 0.0, 0.0, 0, 13006.4432, 12824.8934, True, 15
ESPPRC_heur, 0.1, 0.0, 0.0, 0.0, 0, 13006.4432, 12899.181, True, 12
ESPPRC_heur, 0.1, 0.0, 0.0, 0.0, 0, 13006.442, 12792.2278, True, 28
ESPPRC_heur, 0.1, 0.0, 0.0, 0.0, 0, 13006.442, 12734.1383, True, 22
ESPPRC_heur, 0.1, 0.0, 0.0, 0.0, 0, 13006.442, 12792.5251, True, 49
ESPPRC_heur, 0.1, 0.0, 0.0, 0.0, 0, 13006.3934, 12862.4271, True, 29
ESPPRC_heur, 0.0, 0.0, 0.0, 0.0, 0, 13006.3378, 12915.4811, True, 16
ESPPRC_heur, 0.1, 0.0, 0.0, 0.0, 0, 13005.6987, 12699.5261, True, 44
ESPPRC_heur, 0.1, 0.0, 0.0, 0.0, 0, 13005.6987, 12646.5774, True, 35
ESPPRC_heur, 0.1, 0.0, 0.0, 0.0, 0, 13005.6951, 12654.1594, True, 52
ESPPRC_heur, 0.1, 0.0, 0.0, 0.0, 0, 13005.6886, 12635.2114, True, 55
ESPPRC_heur, 0.1, 0.0, 0.0, 0.0, 0, 13005.625, 12733.5904, True, 54
ESPPRC_heur, 0.1, 0.0, 0.0, 0.0, 0, 13005.625, 12611.8573, True, 64
ESPPRC_heur, 0.1, 0.0, 0.0, 0.0, 0, 13005.625, 12819.1177, True, 31
ESPPRC_heur, 0.1, 0.0, 0.0, 0.0, 0, 13005.4526, 12749.318, True, 36
ESPPRC_heur, 0.1, 0.0, 0.0, 0.0, 0, 13005.4526, 12662.6823, True, 55
ESPPRC_heur, 0.1, 0.0, 0.0, 0.0, 0, 13005.4526, 12735.2043, True, 38
ESPPRC_heur, 0.1, 0.0, 0.0, 0.0, 0, 13005.1722, 12603.2168, True, 59
ESPPRC_heur, 0.1, 0.0, 0.0, 0.0, 0, 13005.1722, 12380.6715, True, 83
ESPPRC_heur, 0.1, 0.0, 0.0, 0.0, 0, 13005.1722, 12313.3796, True, 81
ESPPRC_heur, 0.1, 0.0, 0.0, 0.0, 0, 13005.1722, 12667.2961, True, 73
ESPPRC_heur, 0.1, 0.0, 0.0, 0.0, 0, 13005.1722, 12628.9658, True, 59
ESPPRC_heur, 0.1, 0.0, 0.0, 0.0, 0, 13005.1722, 12555.8544, True, 54
ESPPRC_heur, 0.1, 0.0, 0.0, 0.0, 0, 13005.1722, 12661.9682, True, 34
ESPPRC_heur, 0.1, 0.0, 0.0, 0.0, 0, 13005.1722, 12699.5615, True, 70
ESPPRC_heur, 0.1, 0.0, 0.0, 0.0, 0, 13005.1722, 12722.1529, True, 48
ESPPRC_heur, 0.1, 0.0, 0.0, 0.0, 0, 13005.1722, 12422.2173, True, 72
ESPPRC_heur, 0.1, 0.0, 0.0, 0.0, 0, 13005.1722, 12670.3076, True, 71
ESPPRC_heur, 0.1, 0.0, 0.0, 0.0, 0, 13005.1722, 12361.5875, True, 73
ESPPRC_heur, 0.1, 0.0, 0.0, 0.0, 0, 13005.1722, 12438.305, True, 59
ESPPRC_heur, 0.1, 0.0, 0.0, 0.0, 0, 13005.1722, 12685.2369, True, 50
ESPPRC_heur, 0.1, 0.0, 0.0, 0.0, 0, 13005.1722, 12761.0699, True, 50
ESPPRC_heur, 0.1, 0.0, 0.0, 0.0, 0, 13005.1722, 12659.9557, True, 46
ESPPRC_heur, 0.1, 0.0, 0.0, 0.0, 0, 13005.1722, 12841.038, True, 28
ESPPRC_heur, 0.1, 0.0, 0.0, 0.0, 0, 13005.1722, 12897.6153, True, 22
ESPPRC_heur, 0.1, 0.0, 0.0, 0.0, 0, 13004.7963, 12545.9421, True, 63
ESPPRC_heur, 0.1, 0.0, 0.0, 0.0, 0, 13004.7963, 12783.7704, True, 44
ESPPRC_heur, 0.1, 0.0, 0.0, 0.0, 0, 13004.7962, 12678.3176, True, 55
ESPPRC_heur, 0.1, 0.0, 0.0, 0.0, 0, 13004.7465, 12812.2523, True, 33
ESPPRC_heur, 0.1, 0.0, 0.0, 0.0, 0, 13004.6696, 12749.136, True, 31
ESPPRC_heur, 0.1, 0.0, 0.0, 0.0, 0, 13004.6696, 12780.0422, True, 40
ESPPRC_heur, 0.1, 0.0, 0.0, 0.0, 0, 13004.6696, 12653.2477, True, 39
ESPPRC_heur, 0.1, 0.0, 0.0, 0.0, 0, 13004.6696, 12605.5333, True, 22
ESPPRC_heur, 0.1, 0.0, 0.0, 0.0, 0, 13004.6064, 12735.4306, True, 39
ESPPRC_heur, 0.1, 0.0, 0.0, 0.0, 0, 13004.6064, 12759.3911, True, 22
ESPPRC_heur, 0.1, 0.0, 0.0, 0.0, 0, 13004.2694, 12209.2857, True, 104
ESPPRC_heur, 0.1, 0.0, 0.0, 0.0, 0, 13004.2694, 12510.6764, True, 78
ESPPRC_heur, 0.1, 0.0, 0.0, 0.0, 0, 13004.2694, 12403.4549, True, 82
ESPPRC_heur, 0.1, 0.0, 0.0, 0.0, 0, 13004.2694, 12167.0623, True, 107
ESPPRC_heur, 0.1, 0.0, 0.0, 0.0, 0, 13004.2694, 12306.4811, True, 91
ESPPRC_heur, 0.1, 0.0, 0.0, 0.0, 0, 13004.2694, 12547.7926, True, 70
ESPPRC_heur, 0.1, 0.0, 0.0, 0.0, 0, 13004.2694, 12716.2304, True, 41
ESPPRC_heur, 0.1, 0.0, 0.0, 0.0, 0, 13004.2694, 12543.4584, True, 65
ESPPRC_heur, 0.2, 0.0, 0.0, 0.0, 0, 13003.7287, 12231.294, True, 95
ESPPRC_heur, 0.1, 0.0, 0.0, 0.0, 0, 13003.7287, 12457.3649, True, 73
ESPPRC_heur, 0.1, 0.0, 0.0, 0.0, 0, 13003.7287, 12459.0669, True, 78
ESPPRC_heur, 0.1, 0.0, 0.0, 0.0, 0, 13003.7287, 12603.7108, True, 64
ESPPRC_heur, 0.1, 0.0, 0.0, 0.0, 0, 13003.6341, 12590.4766, True, 69
ESPPRC_heur, 0.1, 0.0, 0.0, 0.0, 0, 13003.6341, 12553.7386, True, 64
ESPPRC_heur, 0.1, 0.0, 0.0, 0.0, 0, 13003.6341, 12748.1439, True, 52
ESPPRC_heur, 0.1, 0.0, 0.0, 0.0, 0, 13003.6341, 12755.5957, True, 40
ESPPRC_heur, 0.1, 0.0, 0.0, 0.0, 0, 13003.6341, 12751.8784, True, 35
ESPPRC_heur, 0.1, 0.0, 0.0, 0.0, 0, 13003.6341, 12715.9778, True, 43
ESPPRC_heur, 0.1, 0.0, 0.0, 0.0, 0, 13003.6341, 12615.615, True, 60
ESPPRC_heur, 0.1, 0.0, 0.0, 0.0, 0, 13003.6341, 12783.4257, True, 40
ESPPRC_heur, 0.1, 0.0, 0.0, 0.0, 0, 13003.6341, 12743.4996, True, 32
ESPPRC_heur, 0.1, 0.0, 0.0, 0.0, 0, 13003.6341, 12726.8516, True, 29
ESPPRC_heur, 0.1, 0.0, 0.0, 0.0, 0, 13003.6341, 12917.865, True, 14
ESPPRC_heur, 0.1, 0.0, 0.0, 0.0, 0, 13003.5848, 12833.4652, True, 15
ESPPRC_heur, 0.0, 0.0, 0.0, 0.0, 0, 13003.4923, 12945.4108, True, 9
ESPPRC_heur, 0.0, 0.0, 0.0, 0.0, 0, 13003.4923, 12935.5731, True, 8
ESPPRC_heur, 0.1, 0.0, 0.0, 0.0, 0, 13002.5343, 12888.4491, True, 16
ESPPRC_heur, 0.1, 0.0, 0.0, 0.0, 0, 13002.5343, 12906.9955, True, 18
ESPPRC_heur, 0.0, 0.0, 0.0, 0.0, 0, 13002.5343, 12966.5597, True, 4
ESPPRC_heur, 0.0, 0.0, 0.0, 0.0, 0, 13002.4333, 12948.0934, True, 7
ESPPRC_heur, 0.0, 0.0, 0.0, 0.0, 0, 13002.4333, 12975.6459, True, 5
ESPPRC_heur, 0.0, 0.0, 0.0, 0.0, 0, 13002.4333, 12997.4916, True, 1
ESPPRC_heur, 0.0, 0.0, 0.0, 0.0, 0, 13002.4333, 12992.6394, True, 1
ESPPRC_heur, 0.0, 0.0, 0.0, 0.0, 0, 13002.4333, 12995.8619, True, 1
ng20, 0.1, 2374.0, 2246.5, 119.9, 1, 13002.4333, 12628.5115, 0, 307
ng8, 0.0, 1.6, 1.3, 0.1, 1, 13002.4333, 11904.0283, 0, 360
cyc2, 0.0, 0.2, 0.0, 0.0, 1, 13002.4333, 4354.4022, 0, 7762
SPPRC, 0.1, 0.0, 0.0, 0.0, 1, 13002.4333, -1547.2182, 0, 1199
ESPPRC_heur, 0.1, 0.0, 0.0, 0.0, 0, 13001.3928, 12616.6081, True, 46
ESPPRC_heur, 0.1, 0.0, 0.0, 0.0, 0, 13001.3928, 12729.4019, True, 38
ESPPRC_heur, 0.1, 0.0, 0.0, 0.0, 0, 13001.3928, 12735.7093, True, 35
ESPPRC_heur, 0.1, 0.0, 0.0, 0.0, 0, 13001.3928, 12805.4011, True, 28
ESPPRC_heur, 0.1, 0.0, 0.0, 0.0, 0, 13001.3928, 12850.6606, True, 12
ESPPRC_heur, 0.1, 0.0, 0.0, 0.0, 0, 13000.3749, 12854.3228, True, 17
ESPPRC_heur, 0.1, 0.0, 0.0, 0.0, 0, 13000.3749, 12917.7305, True, 9
ESPPRC_heur, 0.1, 0.0, 0.0, 0.0, 0, 13000.3749, 12916.8738, True, 6
ESPPRC_heur, 0.1, 0.0, 0.0, 0.0, 0, 13000.3749, 12934.8094, True, 5
ESPPRC_heur, 0.1, 0.0, 0.0, 0.0, 0, 13000.3749, 12973.3543, True, 3
ESPPRC_heur, 0.0, 0.0, 0.0, 0.0, 0, 13000.3749, 12979.306, True, 2
ESPPRC_heur, 0.1, 0.0, 0.0, 0.0, 0, 13000.3749, 12967.9466, True, 3
ESPPRC_heur, 0.0, 0.0, 0.0, 0.0, 0, 13000.3749, 12971.1634, True, 2
ESPPRC_heur, 0.0, 0.0, 0.0, 0.0, 0, 13000.3749, 12996.3026, True, 1
ng20, 0.1, 2385.1, 2253.0, 124.6, 1, 13000.3749, 12687.6996, 0, 249
ng8, 0.1, 1.6, 1.3, 0.1, 1, 13000.3749, 11887.6571, 0, 416
cyc2, 0.0, 0.3, 0.0, 0.0, 1, 13000.3749, 6254.9537, 0, 6609
SPPRC, -0.0, 0.1, 0.0, 0.0, 1, 13000.3749, 1468.3446, 0, 1114
ESPPRC_heur, 0.1, 0.0, 0.0, 0.0, 0, 12996.5858, 12529.4179, True, 63
ESPPRC_heur, 0.1, 0.0, 0.0, 0.0, 0, 12996.5858, 12736.0302, True, 33
ESPPRC_heur, 0.1, 0.0, 0.0, 0.0, 0, 12996.576, 12743.5578, True, 35
ESPPRC_heur, 0.1, 0.0, 0.0, 0.0, 0, 12995.1786, 12587.5394, True, 34
ESPPRC_heur, 0.1, 0.0, 0.0, 0.0, 0, 12994.5976, 12758.7864, True, 37
ESPPRC_heur, 0.0, 0.0, 0.0, 0.0, 0, 12994.3552, 12924.4067, True, 7
ESPPRC_heur, 0.0, 0.0, 0.0, 0.0, 0, 12994.3552, 12937.6871, True, 4
ESPPRC_heur, 0.1, 0.0, 0.0, 0.0, 0, 12994.3552, 12798.3857, True, 36
ESPPRC_heur, 0.1, 0.0, 0.0, 0.0, 0, 12994.3552, 12831.7954, True, 32
ESPPRC_heur, 0.1, 0.0, 0.0, 0.0, 0, 12994.3552, 12877.7758, True, 15
ESPPRC_heur, 0.0, 0.0, 0.0, 0.0, 0, 12994.3552, 12913.8178, True, 5
ESPPRC_heur, 0.0, 0.0, 0.0, 0.0, 0, 12994.3552, 12956.1938, True, 7
ESPPRC_heur, 0.0, 0.0, 0.0, 0.0, 0, 12994.2955, 12969.4689, True, 6
ESPPRC_heur, 0.0, 0.0, 0.0, 0.0, 0, 12994.2513, 12971.2917, True, 1
ESPPRC_heur, 0.0, 0.0, 0.0, 0.0, 0, 12994.2513, 12971.2917, True, 1
ng20, 0.2, 3846.6, 3634.7, 202.8, 1, 12994.2513, 12641.9916, 0, 220
ng8, 0.0, 2.0, 1.6, 0.2, 1, 12994.2513, 12601.1389, 0, 177
cyc2, 0.0, 0.3, 0.0, 0.0, 1, 12994.2513, 6562.0184, 0, 5891
SPPRC, -0.0, 0.1, 0.0, 0.0, 1, 12994.2513, 2608.6165, 0, 1055
ESPPRC_heur, 0.1, 0.0, 0.0, 0.0, 0, 12991.5402, 12617.2822, True, 27
ESPPRC_heur, 0.1, 0.0, 0.0, 0.0, 0, 12991.5402, 12854.556, True, 14
ESPPRC_heur, 0.1, 0.0, 0.0, 0.0, 0, 12991.5402, 12780.4998, True, 13
ESPPRC_heur, 0.1, 0.0, 0.0, 0.0, 0, 12991.5395, 12825.2743, True, 15
ESPPRC_heur, 0.1, 0.0, 0.0, 0.0, 0, 12990.9691, 12881.7927, True, 9
ESPPRC_heur, 0.0, 0.0, 0.0, 0.0, 0, 12990.9225, 12934.285, True, 6
