Instance, X-n101-k25
capacity, 206
min_trucks, 26
output_file, output_iterations/X-n101-k25.log
Start date, 2022-07-08
Start time, 11-25-32
capacity, 206
num_vehicles, 26
abort_early, False
methods, ['ng20', 'ng8', 'cyc2', 'SPPRC']
max_vars, 100
time_limit, 86400
farley, False
ESPPRC_heur, True
initial time, initial max_it, max_stale_it
1, 20000.0, 20
heuristic Number of routes, heuristic Best Solution Value, heuristic number of iterations, adjusted time, adjusted max_it, measured total time
98, 27591.0, 72, 1, 20000.0, 81.3
method, python time, total time, propagated dominance time, unpropagated dominance time, pricing_success, upper_bound, lower_bound, abort_early, num_paths, 
ESPPRC_heur, 0.1, 0.0, 0.0, 0.0, 0, 27591.0, -69449.6667, True, 1734
ESPPRC_heur, 0.0, 0.0, 0.0, 0.0, 0, 27591.0, -33153.6667, True, 1219
ESPPRC_heur, 0.1, 0.0, 0.0, 0.0, 0, 27591.0, -35544.8, True, 2071
ESPPRC_heur, 0.0, 0.0, 0.0, 0.0, 0, 27591.0, -21631.16, True, 1088
ESPPRC_heur, 0.1, 0.0, 0.0, 0.0, 0, 27591.0, -22361.3447, True, 1854
ESPPRC_heur, 0.1, 0.0, 0.0, 0.0, 0, 27591.0, -33169.8159, True, 2374
ESPPRC_heur, 0.0, 0.0, 0.0, 0.0, 0, 27591.0, -13676.2035, True, 1153
ESPPRC_heur, 0.1, 0.0, 0.0, 0.0, 0, 27591.0, -2131.7809, True, 1555
ESPPRC_heur, 0.0, 0.0, 0.0, 0.0, 0, 27591.0, -1992.7057, True, 1065
ESPPRC_heur, 0.1, 0.0, 0.0, 0.0, 0, 27591.0, -9574.5114, True, 1540
ESPPRC_heur, 0.1, 0.0, 0.0, 0.0, 0, 27591.0, -25515.5535, True, 1524
ESPPRC_heur, 0.1, 0.0, 0.0, 0.0, 0, 27591.0, -5925.949, True, 1264
ESPPRC_heur, 0.0, 0.0, 0.0, 0.0, 0, 27591.0, -2673.8281, True, 1011
ESPPRC_heur, 0.0, 0.0, 0.0, 0.0, 0, 27591.0, 7360.1688, True, 945
ESPPRC_heur, 0.1, 0.0, 0.0, 0.0, 0, 27591.0, -590.4697, True, 1368
ESPPRC_heur, 0.1, 0.0, 0.0, 0.0, 0, 27591.0, 14751.8611, True, 849
ESPPRC_heur, 0.1, 0.0, 0.0, 0.0, 0, 27591.0, 17051.8949, True, 533
ESPPRC_heur, 0.1, 0.0, 0.0, 0.0, 0, 27591.0, 15013.0848, True, 522
ESPPRC_heur, 0.0, 0.0, 0.0, 0.0, 0, 27591.0, 19010.4348, True, 544
ESPPRC_heur, 0.1, 0.0, 0.0, 0.0, 0, 27591.0, 22438.6667, True, 357
ESPPRC_heur, 0.1, 0.0, 0.0, 0.0, 0, 27591.0, 17643.9058, True, 427
ESPPRC_heur, 0.0, 0.0, 0.0, 0.0, 0, 27587.8808, 20220.3532, True, 489
ESPPRC_heur, 0.0, 0.0, 0.0, 0.0, 0, 27560.6213, 22742.2238, True, 180
ESPPRC_heur, 0.0, 0.0, 0.0, 0.0, 0, 27452.3971, 20507.1471, True, 210
ESPPRC_heur, 0.1, 0.0, 0.0, 0.0, 0, 27366.9161, 19618.5431, True, 489
ESPPRC_heur, 0.1, 0.0, 0.0, 0.0, 0, 27358.9548, 25304.9548, True, 135
ESPPRC_heur, 0.1, 0.0, 0.0, 0.0, 0, 27286.47, 26057.2403, True, 67
ESPPRC_heur, 0.0, 0.0, 0.0, 0.0, 0, 27257.2148, 26403.2238, True, 6
ng20, -0.0, 4.9, 3.3, 1.3, 1, 27254.342, 27164.6049, 0, 3
ng8, 0.0, 0.4, 0.2, 0.1, 1, 27254.342, 26331.7465, 0, 10
cyc2, 0.0, 1.4, 0.0, 0.0, 1, 27254.342, 24417.092, 0, 250
SPPRC, 0.0, 0.0, 0.0, 0.0, 1, 27254.342, 20971.0087, 0, 307
ng20, 0.0, 4.9, 3.4, 1.3, 1, 27254.1641, 27254.1641, 0, 0
ng8, 0.0, 0.4, 0.2, 0.1, 1, 27254.1641, 26394.4164, 0, 8
cyc2, 0.0, 1.4, 0.0, 0.0, 1, 27254.1641, 24416.9141, 0, 243
SPPRC, 0.0, 0.0, 0.0, 0.0, 1, 27254.1641, 20970.8308, 0, 305
scip_total_time, 96.523898
Solval, number of paths, impact cutoff
27254.16413252241, 79, 0.0001
Elementary, 2-Cycle, Path Value, Path
True, True, 0.5, (0, 15, 22, 41, 20, 0)
True, True, 0.118, (0, 54, 70, 1, 0)
True, True, 0.2063, (0, 92, 9, 86, 0)
True, True, 0.2063, (0, 68, 90, 84, 66, 0)
True, True, 1.0, (0, 58, 12, 5, 0)
True, True, 0.5289, (0, 39, 10, 18, 0)
True, True, 0.2346, (0, 28, 42, 78, 65, 25, 0)
True, True, 0.396, (0, 82, 60, 59, 0)
True, True, 0.6529, (0, 17, 8, 0)
True, True, 0.138, (0, 38, 47, 26, 48, 96, 64, 34, 0)
True, True, 1.0, (0, 71, 62, 99, 98, 89, 0)
True, True, 0.5, (0, 83, 51, 81, 0)
True, True, 0.5, (0, 79, 11, 85, 30, 0)
True, True, 0.375, (0, 24, 95, 73, 53, 33, 32, 0)
True, True, 0.3762, (0, 57, 72, 36, 29, 43, 45, 2, 7, 0)
True, True, 0.604, (0, 60, 67, 44, 0)
True, True, 0.3168, (0, 40, 67, 77, 0)
True, True, 0.466, (0, 80, 3, 94, 0)
True, True, 0.862, (0, 38, 47, 48, 26, 56, 0)
True, True, 0.4703, (0, 84, 68, 86, 1, 0)
True, True, 0.5, (0, 15, 22, 41, 35, 0)
True, True, 0.5, (0, 30, 85, 11, 19, 50, 0)
True, True, 0.1469, (0, 66, 84, 13, 4, 0)
True, True, 0.5, (0, 83, 52, 21, 0)
True, True, 0.0692, (0, 65, 78, 6, 49, 2, 7, 0)
True, True, 0.125, (0, 32, 31, 46, 24, 0)
True, True, 0.375, (0, 32, 95, 31, 46, 0)
True, True, 0.5, (0, 74, 69, 16, 76, 0)
True, True, 0.1469, (0, 13, 16, 9, 0)
True, True, 0.1113, (0, 56, 96, 3, 40, 0)
True, True, 0.5, (0, 79, 50, 23, 0)
True, True, 0.2475, (0, 7, 2, 49, 36, 29, 0)
True, True, 0.382, (0, 54, 92, 4, 0)
True, True, 0.4358, (0, 63, 77, 88, 59, 0)
True, True, 0.1766, (0, 84, 54, 70, 0)
True, True, 0.0625, (0, 93, 53, 73, 0)
True, True, 0.5, (0, 24, 46, 20, 35, 0)
True, True, 0.625, (0, 33, 93, 75, 0)
True, True, 0.0268, (0, 56, 94, 3, 64, 34, 0)
True, True, 0.3234, (0, 68, 54, 86, 0)
True, True, 0.2574, (0, 88, 72, 37, 6, 78, 65, 0)
True, True, 0.4711, (0, 25, 4, 18, 0)
True, True, 1.0, (0, 100, 27, 91, 0)
True, True, 0.0495, (0, 88, 57, 82, 14, 63, 0)
True, True, 0.5, (0, 19, 97, 61, 0)
True, True, 0.5, (0, 31, 73, 53, 0)
True, True, 0.0625, (0, 95, 73, 53, 75, 0)
True, True, 0.2942, (0, 39, 25, 10, 14, 0)
True, True, 0.0991, (0, 14, 28, 82, 77, 0)
True, True, 0.2937, (0, 66, 9, 70, 0)
True, True, 0.1385, (0, 49, 45, 43, 29, 36, 87, 88, 0)
True, True, 0.1881, (0, 7, 49, 2, 45, 43, 37, 87, 0)
True, True, 0.3471, (0, 94, 17, 80, 0)
True, True, 0.4115, (0, 64, 87, 37, 6, 42, 0)
True, True, 0.3664, (0, 57, 72, 82, 28, 63, 0)
True, True, 0.125, (0, 75, 93, 32, 0)
True, True, 0.089, (0, 14, 28, 82, 57, 59, 0)
True, True, 0.1769, (0, 14, 28, 42, 78, 65, 39, 0)
True, True, 0.1875, (0, 95, 93, 75, 0)
True, True, 0.3531, (0, 66, 16, 9, 0)
True, True, 0.1189, (0, 7, 49, 45, 43, 29, 36, 88, 0)
True, True, 0.0339, (0, 28, 42, 10, 0)
True, True, 0.4117, (0, 1, 70, 92, 0)
True, True, 0.1483, (0, 34, 40, 77, 14, 63, 0)
True, True, 0.5, (0, 81, 51, 52, 21, 0)
True, True, 0.0594, (0, 87, 43, 36, 49, 78, 0)
True, True, 0.1869, (0, 80, 8, 0)
True, True, 0.2063, (0, 76, 55, 74, 13, 0)
True, True, 0.5, (0, 13, 69, 55, 90, 0)
True, True, 0.5, (0, 23, 97, 61, 0)
True, True, 0.1602, (0, 34, 96, 94, 8, 0)
True, True, 0.0594, (0, 78, 49, 45, 36, 87, 0)
True, True, 0.143, (0, 78, 6, 37, 87, 96, 0)
True, True, 0.143, (0, 10, 65, 42, 14, 0)
True, True, 0.2937, (0, 90, 76, 55, 74, 0)
True, True, 0.396, (0, 44, 40, 3, 96, 64, 34, 0)
True, True, 0.1189, (0, 65, 49, 2, 45, 43, 29, 6, 57, 0)
True, True, 0.0277, (0, 34, 64, 59, 67, 40, 0)
False, True, 0.0515, (0, 34, 96, 59, 67, 34, 0)
all_elementary, False
all_cyc2, True
