Instance, E-n101-k8
capacity, 200
min_trucks, 8
output_file, output/E-n101-k8_1.log
Start date, 2022-06-16
Start time, 17-37-54
capacity, 200
num_vehicles, 8
methods, ['ng20']
max_vars, 1000000
time_limit, 86400
farley, False
initial time, initial max_it, max_stale_it
0.001, 2000000.0, 20
heuristic Number of routes, heuristic Best Solution Value, heuristic number of iterations, adjusted time, adjusted max_it
27568, 815.0, 29458, 0.01, 200000.0
method, duration, pricing_success, upper_bound, lower_bound, abort_early, num_paths
ng20, 846.39, 1, 789.6737045163517, 722.9703750277703, False, 3131
ng20, 1484.68, 1, 789.0937917212085, 754.5861346357336, False, 939
ng20, 1362.57, 1, 788.1924307342136, 760.7235910375827, False, 237
ng20, 1204.37, 1, 787.3758964461092, 773.696846426306, False, 107
ng20, 1214.08, 1, 787.090592553161, 783.3579243754224, False, 26
ng20, 1265.46, 1, 787.0792172740788, 787.0792172740788, False, 0
Solval, number of paths, impact cutoff
787.0792172740788, 49, 0.0001
Elementary, 2-Cycle, Path Value, Path
True, True, 0.0747, (0, 89, 60, 5, 84, 17, 45, 8, 46, 47, 48, 82, 7, 88, 31, 0)
True, True, 0.0209, (0, 12, 80, 68, 24, 29, 78, 34, 35, 65, 66, 20, 30, 70, 69, 27, 0)
True, True, 0.0102, (0, 88, 62, 10, 32, 90, 63, 11, 19, 47, 46, 8, 45, 17, 84, 5, 60, 0)
True, True, 0.1927, (0, 28, 76, 77, 3, 79, 78, 34, 35, 65, 66, 20, 30, 70, 1, 69, 0)
True, True, 0.0831, (0, 50, 33, 81, 9, 51, 20, 66, 71, 35, 34, 78, 29, 24, 54, 26, 0)
False, True, 0.0237, (0, 13, 87, 57, 15, 43, 14, 38, 44, 91, 100, 98, 37, 92, 97, 13, 0)
True, True, 0.1305, (0, 50, 33, 81, 9, 51, 20, 66, 71, 35, 34, 78, 29, 24, 54, 12, 0)
True, True, 0.0283, (0, 89, 60, 5, 84, 61, 16, 86, 44, 91, 100, 37, 92, 97, 13, 0)
True, True, 0.0738, (0, 94, 95, 97, 37, 98, 100, 91, 85, 93, 59, 96, 6, 0)
True, True, 0.3651, (0, 31, 88, 62, 10, 32, 90, 63, 64, 49, 36, 46, 8, 45, 83, 18, 0)
True, True, 0.0567, (0, 58, 2, 57, 15, 43, 14, 44, 86, 16, 61, 84, 17, 45, 83, 18, 0)
True, True, 0.0488, (0, 13, 87, 42, 14, 44, 86, 16, 61, 17, 45, 83, 18, 0)
True, True, 0.1043, (0, 52, 88, 62, 10, 32, 90, 63, 11, 19, 47, 46, 8, 45, 83, 60, 89, 0)
True, True, 0.0598, (0, 53, 40, 73, 72, 74, 22, 41, 57, 15, 43, 42, 87, 97, 95, 94, 0)
True, True, 0.0351, (0, 13, 97, 37, 98, 100, 91, 85, 93, 59, 96, 94, 0)
True, True, 0.0237, (0, 13, 87, 97, 92, 37, 100, 91, 85, 93, 59, 99, 96, 0)
True, True, 0.0536, (0, 28, 76, 77, 3, 79, 78, 34, 35, 65, 71, 66, 20, 51, 50, 0)
True, True, 0.2136, (0, 50, 33, 81, 51, 9, 71, 65, 66, 20, 30, 70, 1, 27, 0)
True, True, 0.0855, (0, 89, 60, 5, 84, 17, 61, 16, 86, 38, 14, 43, 15, 57, 2, 53, 0)
True, True, 0.0875, (0, 53, 40, 73, 72, 74, 22, 41, 23, 67, 39, 25, 55, 54, 0)
True, True, 0.0187, (0, 89, 5, 84, 17, 61, 16, 86, 44, 38, 14, 43, 15, 57, 2, 0)
True, True, 0.0217, (0, 89, 60, 83, 45, 17, 86, 16, 61, 85, 93, 99, 96, 6, 0)
True, True, 0.0146, (0, 52, 7, 82, 8, 45, 17, 86, 44, 38, 14, 42, 87, 13, 0)
True, True, 0.0564, (0, 52, 7, 82, 48, 47, 19, 11, 63, 90, 32, 30, 70, 27, 0)
True, True, 0.0421, (0, 12, 80, 68, 29, 24, 55, 25, 4, 56, 75, 41, 22, 74, 72, 21, 40, 0)
False, True, 0.0524, (0, 52, 7, 82, 8, 46, 47, 36, 49, 64, 63, 90, 32, 10, 62, 88, 52, 0)
True, True, 0.1337, (0, 27, 31, 10, 62, 11, 19, 47, 48, 82, 7, 52, 0)
True, True, 0.1587, (0, 89, 60, 5, 84, 17, 61, 16, 44, 38, 14, 43, 15, 57, 2, 58, 53, 0)
False, True, 0.0029, (0, 53, 40, 21, 73, 74, 22, 41, 23, 67, 39, 25, 55, 4, 53, 0)
True, True, 0.0483, (0, 58, 2, 57, 15, 43, 14, 38, 86, 16, 61, 17, 84, 5, 89, 0)
True, True, 0.0602, (0, 94, 95, 97, 92, 98, 100, 91, 85, 93, 59, 99, 96, 0)
True, True, 0.0278, (0, 26, 4, 56, 23, 67, 25, 55, 54, 24, 29, 68, 80, 12, 0)
True, True, 0.0773, (0, 27, 69, 1, 50, 33, 81, 79, 3, 68, 80, 12, 28, 0)
True, True, 0.1382, (0, 89, 60, 5, 84, 17, 86, 44, 38, 14, 42, 87, 13, 0)
True, True, 0.0773, (0, 53, 40, 21, 73, 72, 4, 25, 55, 54, 80, 68, 77, 76, 28, 0)
True, True, 0.0417, (0, 27, 69, 70, 30, 20, 51, 9, 81, 33, 79, 3, 77, 76, 28, 0)
True, True, 0.0901, (0, 26, 54, 55, 25, 39, 67, 23, 75, 74, 72, 21, 40, 0)
False, True, 0.059, (0, 27, 31, 88, 7, 82, 8, 45, 83, 5, 84, 17, 45, 8, 82, 7, 52, 0)
True, True, 0.0229, (0, 89, 60, 5, 84, 17, 45, 46, 36, 49, 64, 11, 19, 48, 82, 7, 0)
True, True, 0.1383, (0, 53, 40, 21, 73, 72, 74, 75, 56, 4, 25, 55, 24, 29, 68, 80, 12, 0)
True, True, 0.0568, (0, 60, 5, 84, 61, 16, 86, 38, 44, 91, 100, 37, 92, 97, 13, 0)
True, True, 0.052, (0, 26, 54, 4, 39, 67, 23, 56, 75, 74, 73, 21, 40, 0)
True, True, 0.0356, (0, 52, 7, 48, 19, 11, 63, 90, 32, 20, 51, 9, 81, 33, 50, 0)
True, True, 0.0549, (0, 28, 12, 80, 68, 29, 24, 54, 55, 25, 4, 72, 73, 58, 53, 0)
True, True, 0.0417, (0, 52, 7, 82, 48, 47, 19, 11, 63, 90, 32, 30, 70, 1, 69, 0)
True, True, 0.0534, (0, 18, 83, 45, 17, 84, 61, 16, 86, 44, 38, 14, 42, 87, 0)
True, True, 0.0536, (0, 12, 80, 68, 24, 29, 78, 34, 35, 65, 71, 9, 81, 33, 50, 0)
True, True, 0.0428, (0, 6, 99, 93, 61, 16, 86, 38, 44, 91, 100, 98, 92, 97, 13, 0)
True, True, 0.0058, (0, 89, 60, 5, 84, 17, 86, 38, 44, 91, 100, 98, 92, 59, 99, 96, 0)
all_elementary, False
all_cyc2, True
