Instance, E-n30-k3
capacity, 4500
min_trucks, 3
output_file, output/E-n30-k3.log
Start date, 2022-06-17
Start time, 14-56-18
capacity, 4500
num_vehicles, 3
methods, ['SPPRC']
max_vars, 1000
time_limit, 86400
farley, False
initial time, initial max_it, max_stale_it
1e-05, 2000000.0, 20
heuristic Number of routes, heuristic Best Solution Value, heuristic number of iterations, adjusted time, adjusted max_it
63, 534.0, 183, 0.01, 2000.0
method, duration, pricing_success, upper_bound, lower_bound, abort_early, num_paths
SPPRC, 0.14, 1, 534.0, -1020.0, False, 531
SPPRC, 0.39, 1, 534.0, -2626.5, False, 919
SPPRC, 0.55, 1, 534.0, -2073.0, False, 1569
SPPRC, 0.49, 1, 534.0, -296701.2000000001, False, 1589
SPPRC, 0.83, 1, 526.1659594530882, -5571.12258368694, False, 3029
SPPRC, 0.52, 1, 525.8742483440676, -492.30220383993117, False, 1166
SPPRC, 0.29, 1, 519.4664807687875, -999.3079759408165, False, 754
SPPRC, 0.36, 1, 516.0497443576363, -173.55089853409208, False, 962
SPPRC, 0.75, 1, 484.03541666666666, -812.9395833333301, False, 3253
SPPRC, 0.52, 1, 484.03541666666666, 33.43958333333211, False, 940
SPPRC, 0.23, 1, 482.44124058660327, 212.62495988484807, False, 613
SPPRC, 0.19, 1, 473.58212460051135, 286.1009140078253, False, 555
SPPRC, 0.32, 1, 471.48182736830944, 31.831747960861833, False, 802
SPPRC, 0.09, 1, 470.8581367651072, 246.74217899775982, False, 302
SPPRC, 0.39, 1, 466.339895948817, 327.4629413460434, False, 799
SPPRC, 0.07, 1, 454.6690818448602, 370.3295652625105, False, 193
SPPRC, 0.1, 1, 449.77352110757727, 392.02414671496285, False, 163
SPPRC, 0.03, 1, 446.4947212351428, 413.2870260997429, False, 51
SPPRC, 0.01, 1, 445.9461823200954, 424.04763159545763, False, 23
SPPRC, 0.01, 1, 445.47604617604617, 436.06695526695495, False, 15
SPPRC, 0.01, 1, 445.33484873949584, 441.4383781512595, False, 9
SPPRC, 0.01, 1, 445.3149085219066, 442.2253562831013, False, 8
SPPRC, 0.01, 1, 445.1454545454545, 437.64545454545464, False, 6
SPPRC, 0.01, 1, 445.09630421865717, 442.02963755199045, False, 5
SPPRC, 0.0, 1, 445.0752584670231, 445.0752584670231, False, 0
Solval, number of paths, impact cutoff
445.0752584670231, 23, 0.0001
Elementary, 2-Cycle, Path Value, Path
False, False, 0.2, (0, 8, 14, 8, 14, 8, 14, 8, 14, 8, 14, 21, 0)
False, False, 0.2, (0, 21, 23, 18, 23, 21, 0)
True, True, 0.2545, (0, 22, 2, 5, 1, 24, 6, 3, 0)
False, True, 0.2909, (0, 26, 28, 27, 29, 25, 24, 29, 27, 28, 26, 0)
False, True, 0.2, (0, 20, 3, 4, 5, 2, 4, 3, 19, 0)
False, False, 0.0364, (0, 22, 2, 4, 6, 1, 6, 1, 6, 3, 0)
False, False, 0.25, (0, 10, 11, 12, 11, 12, 11, 12, 11, 12, 10, 0)
False, False, 0.0142, (0, 18, 10, 15, 16, 13, 7, 13, 7, 13, 7, 13, 7, 13, 7, 13, 7, 13, 7, 13, 7, 13, 7, 13, 16, 15, 0)
False, False, 0.0909, (0, 20, 6, 1, 6, 1, 6, 1, 24, 25, 29, 27, 28, 26, 0)
False, False, 0.2, (0, 21, 23, 18, 23, 18, 23, 21, 0)
False, True, 0.2182, (0, 19, 20, 22, 3, 4, 5, 2, 22, 0)
False, False, 0.0364, (0, 22, 3, 4, 5, 2, 5, 4, 3, 19, 0)
False, False, 0.2909, (0, 26, 28, 27, 25, 29, 25, 24, 1, 6, 19, 0)
False, False, 0.0182, (0, 20, 3, 4, 5, 4, 5, 2, 20, 0)
False, False, 0.0364, (0, 26, 28, 27, 29, 25, 24, 1, 24, 1, 6, 19, 0)
False, True, 0.2182, (0, 19, 20, 22, 2, 5, 4, 20, 0)
False, False, 0.0588, (0, 10, 9, 17, 9, 17, 9, 17, 9, 17, 9, 17, 9, 17, 9, 17, 9, 17, 9, 17, 9, 17, 9, 10, 0)
False, False, 0.0392, (0, 18, 10, 15, 16, 15, 16, 15, 16, 13, 7, 13, 7, 13, 16, 15, 16, 15, 0)
False, False, 0.1465, (0, 18, 10, 15, 16, 15, 16, 15, 16, 13, 7, 13, 7, 13, 7, 13, 7, 16, 15, 10, 18, 0)
False, False, 0.0182, (0, 22, 2, 4, 1, 6, 1, 6, 20, 0)
False, False, 0.0535, (0, 18, 15, 16, 13, 7, 17, 9, 17, 9, 17, 9, 17, 9, 17, 9, 17, 9, 17, 7, 16, 15, 0)
False, False, 0.0179, (0, 10, 15, 16, 15, 16, 15, 16, 13, 7, 13, 7, 13, 7, 13, 7, 13, 7, 16, 15, 10, 0)
False, False, 0.0054, (0, 15, 16, 13, 7, 17, 9, 17, 9, 17, 9, 17, 9, 17, 9, 17, 9, 17, 7, 13, 16, 15, 0)
all_elementary, False
all_cyc2, False
