Instance, X-n101-k25
capacity, 206
min_trucks, 26
output_file, output_uchoa/X-n101-k25-SPPRC.log
Start date, 2022-06-27
Start time, 09-27-33
capacity, 206
num_vehicles, 26
abort_early, False
methods, ['SPPRC']
max_vars, 10000
time_limit, 86400
farley, False
initial time, initial max_it, max_stale_it
1, 20000.0, 20
heuristic Number of routes, heuristic Best Solution Value, heuristic number of iterations, adjusted time, adjusted max_it, measured total time
80, 27591.0, 72, 1, 20000.0, 81.2
method, python time, total time, propagated dominance time, unpropagated dominance time, pricing_success, upper_bound, lower_bound, abort_early, num_paths, 
SPPRC, 1.0, 0.0, 0.0, 0.0, 1, 27591.0, -152043.0, 0, 3119
SPPRC, 1.1, 0.1, 0.0, 0.0, 1, 27591.0, -101993.0, 0, 3680
SPPRC, 0.6, 0.0, 0.0, 0.0, 1, 27591.0, -197057.6667, 0, 1722
SPPRC, 1.0, 0.0, 0.0, 0.0, 1, 27591.0, -172596.0, 0, 2552
SPPRC, 0.6, 0.0, 0.0, 0.0, 1, 27591.0, -113407.0, 0, 2179
SPPRC, 0.6, 0.0, 0.0, 0.0, 1, 27591.0, -56857.0, 0, 2355
SPPRC, 0.7, 0.0, 0.0, 0.0, 1, 27591.0, -26372.0, 0, 2289
SPPRC, 0.5, 0.0, 0.0, 0.0, 1, 27591.0, -51219.5413, 0, 1693
SPPRC, 0.4, 0.0, 0.0, 0.0, 1, 27591.0, -6179.2857, 0, 1453
SPPRC, 0.4, 0.0, 0.0, 0.0, 1, 27591.0, -10493.6723, 0, 1598
SPPRC, 5.2, 0.2, 0.1, 0.0, 1, 27591.0, -10965.9167, 0, 6843
SPPRC, 0.2, 0.0, 0.0, 0.0, 1, 27591.0, 7666.0, 0, 870
SPPRC, 0.8, 0.0, 0.0, 0.0, 1, 27591.0, -9940.5372, 0, 1191
SPPRC, 0.1, 0.1, 0.0, 0.0, 1, 27591.0, 518.4603, 0, 916
SPPRC, 0.2, 0.0, 0.0, 0.0, 1, 27421.2119, 17692.6615, 0, 647
SPPRC, 0.2, 0.0, 0.0, 0.0, 1, 27267.0854, 9931.1322, 0, 563
SPPRC, 0.1, 0.0, 0.0, 0.0, 1, 27127.6528, 21379.8569, 0, 270
SPPRC, 0.1, 0.0, 0.0, 0.0, 1, 26984.6843, 23363.733, 0, 153
SPPRC, 0.1, 0.0, 0.0, 0.0, 1, 26857.2831, 25297.2831, 0, 62
SPPRC, 0.0, 0.0, 0.0, 0.0, 1, 26803.1351, 25833.9656, 0, 21
SPPRC, 0.0, 0.0, 0.0, 0.0, 1, 26796.6779, 25652.3232, 0, 9
SPPRC, 0.0, 0.0, 0.0, 0.0, 1, 26789.4531, 26276.908, 0, 2
SPPRC, 0.0, 0.0, 0.0, 0.0, 1, 26789.2945, 26503.8163, 0, 2
SPPRC, 0.0, 0.0, 0.0, 0.0, 1, 26787.8695, 26752.3368, 0, 3
SPPRC, 0.0, 0.0, 0.0, 0.0, 1, 26787.8484, 26787.8484, 0, 0
scip_total_time, 96.064455
Solval, number of paths, impact cutoff
26787.848412144824, 95, 0.0001
Elementary, 2-Cycle, Path Value, Path
True, True, 0.7027, (0, 15, 22, 41, 20, 0)
True, True, 1.0, (0, 58, 12, 5, 0)
True, True, 0.4095, (0, 39, 10, 18, 0)
True, True, 0.156, (0, 17, 8, 0)
True, True, 0.6923, (0, 71, 62, 99, 98, 89, 0)
True, True, 0.2692, (0, 100, 61, 23, 0)
True, True, 0.1938, (0, 77, 67, 40, 0)
True, True, 0.8062, (0, 44, 67, 60, 0)
True, True, 0.25, (0, 66, 9, 70, 0)
False, False, 0.3077, (0, 81, 51, 71, 51, 81, 0)
True, True, 0.0385, (0, 99, 62, 51, 0)
False, False, 0.0769, (0, 98, 89, 98, 99, 0)
False, False, 0.4, (0, 50, 79, 50, 0)
True, True, 0.556, (0, 33, 93, 75, 0)
False, False, 0.2, (0, 30, 85, 11, 85, 11, 30, 0)
True, True, 0.4712, (0, 100, 27, 91, 0)
True, True, 0.778, (0, 31, 73, 53, 0)
False, False, 0.2, (0, 50, 11, 30, 85, 30, 0)
False, False, 0.0673, (0, 100, 97, 91, 97, 0)
True, True, 0.156, (0, 80, 8, 0)
False, False, 0.3654, (0, 23, 19, 23, 0)
False, False, 0.3333, (0, 57, 37, 6, 37, 0)
False, False, 0.1757, (0, 48, 26, 48, 0)
True, True, 0.3243, (0, 40, 3, 96, 56, 0)
False, False, 0.0753, (0, 32, 24, 31, 24, 0)
False, False, 0.2, (0, 79, 85, 11, 85, 30, 0)
False, False, 0.444, (0, 32, 24, 46, 35, 46, 0)
False, False, 0.2, (0, 79, 11, 79, 0)
False, False, 0.4155, (0, 86, 68, 86, 0)
True, True, 0.6346, (0, 61, 97, 19, 0)
False, False, 0.0769, (0, 89, 98, 89, 98, 89, 47, 38, 0)
False, False, 0.2587, (0, 35, 20, 35, 24, 0)
False, True, 0.112, (0, 32, 95, 31, 24, 32, 0)
True, True, 0.444, (0, 95, 93, 75, 0)
False, False, 0.344, (0, 8, 34, 8, 0)
False, True, 0.156, (0, 56, 96, 94, 56, 0)
False, False, 0.125, (0, 74, 69, 74, 69, 0)
True, True, 0.75, (0, 13, 16, 9, 0)
True, True, 0.1689, (0, 84, 68, 86, 1, 0)
True, True, 0.0676, (0, 84, 54, 70, 0)
False, False, 0.442, (0, 82, 72, 57, 72, 82, 0)
False, False, 0.0991, (0, 22, 41, 22, 0)
False, False, 0.0991, (0, 41, 22, 41, 0)
False, False, 0.0769, (0, 51, 62, 51, 0)
False, False, 0.4662, (0, 54, 92, 54, 0)
True, True, 0.1923, (0, 99, 62, 52, 0)
False, False, 0.222, (0, 32, 95, 73, 33, 53, 33, 95, 0)
True, True, 0.0345, (0, 4, 10, 39, 0)
True, True, 0.0347, (0, 32, 31, 46, 24, 0)
False, True, 0.0386, (0, 46, 35, 20, 46, 0)
False, False, 0.2308, (0, 91, 97, 91, 0)
False, False, 0.0828, (0, 26, 48, 26, 47, 26, 47, 38, 0)
False, False, 0.0101, (0, 38, 47, 26, 48, 26, 38, 0)
False, True, 0.1923, (0, 81, 83, 51, 81, 0)
False, False, 0.3333, (0, 14, 6, 37, 6, 0)
False, False, 0.0969, (0, 88, 14, 63, 14, 63, 0)
False, False, 0.375, (0, 4, 66, 84, 66, 0)
False, False, 0.3615, (0, 90, 84, 90, 68, 0)
False, False, 0.1486, (0, 15, 1, 70, 1, 15, 0)
True, True, 0.8077, (0, 21, 52, 83, 0)
True, True, 0.25, (0, 76, 55, 74, 13, 0)
False, False, 0.0646, (0, 44, 40, 44, 40, 44, 0)
True, True, 0.5338, (0, 92, 70, 1, 0)
False, False, 0.0198, (0, 59, 88, 59, 3, 0)
True, True, 0.5905, (0, 25, 4, 18, 0)
False, False, 0.0657, (0, 25, 10, 25, 0)
False, False, 0.1918, (0, 96, 48, 47, 26, 47, 38, 0)
False, False, 0.0783, (0, 7, 49, 2, 45, 43, 45, 2, 7, 65, 0)
True, True, 0.844, (0, 94, 17, 80, 0)
True, True, 0.2123, (0, 28, 42, 10, 0)
False, False, 0.2644, (0, 27, 38, 27, 0)
False, False, 0.25, (0, 76, 55, 69, 55, 69, 0)
True, True, 0.25, (0, 90, 76, 55, 74, 0)
False, False, 0.058, (0, 57, 82, 57, 72, 57, 82, 0)
False, False, 0.1969, (0, 65, 42, 78, 42, 65, 0)
False, False, 0.306, (0, 7, 49, 2, 49, 78, 65, 0)
False, True, 0.027, (0, 68, 90, 84, 68, 0)
False, False, 0.0395, (0, 88, 77, 14, 63, 14, 0)
True, True, 0.3638, (0, 38, 47, 48, 26, 56, 0)
True, True, 0.25, (0, 76, 16, 69, 74, 0)
False, False, 0.0962, (0, 21, 100, 61, 100, 21, 0)
False, True, 0.278, (0, 39, 25, 10, 39, 0)
True, True, 0.7667, (0, 63, 77, 88, 59, 0)
False, False, 0.1281, (0, 64, 87, 43, 29, 36, 29, 43, 45, 2, 7, 0)
False, True, 0.3938, (0, 14, 28, 78, 42, 28, 0)
False, True, 0.035, (0, 88, 60, 59, 88, 40, 0)
False, False, 0.328, (0, 34, 64, 3, 96, 3, 64, 34, 0)
False, False, 0.0878, (0, 7, 49, 45, 43, 29, 36, 29, 43, 87, 0)
False, True, 0.1589, (0, 40, 60, 59, 40, 0)
False, False, 0.2159, (0, 87, 36, 29, 36, 87, 64, 0)
False, False, 0.0072, (0, 88, 72, 57, 72, 57, 72, 57, 72, 57, 72, 57, 72, 57, 72, 57, 72, 0)
False, False, 0.1032, (0, 65, 78, 49, 2, 49, 65, 0)
False, False, 0.1684, (0, 87, 36, 29, 36, 29, 87, 0)
False, False, 0.153, (0, 7, 2, 45, 43, 45, 43, 45, 43, 45, 2, 7, 0)
False, True, 0.0154, (0, 87, 43, 36, 29, 43, 45, 49, 7, 65, 0)
all_elementary, False
all_cyc2, False
