Instance, X-n153-k22
capacity, 144
min_trucks, 23
output_file, output_uchoa_repeat_small/X-n153-k22-SPPRC.log
Start date, 2022-07-06
Start time, 13-19-24
capacity, 144
num_vehicles, 23
abort_early, False
methods, ['SPPRC']
max_vars, 100
time_limit, 86400
farley, False
ESPPRC_heur, True
initial time, initial max_it, max_stale_it
1, 20000.0, 20
heuristic Number of routes, heuristic Best Solution Value, heuristic number of iterations, adjusted time, adjusted max_it, measured total time
809, 21224.0, 308, 10, 2000.0, 2998.7
method, python time, total time, propagated dominance time, unpropagated dominance time, pricing_success, upper_bound, lower_bound, abort_early, num_paths, 
SPPRC, 0.1, 0.8, 0.6, 0.1, 1, 21163.2374, -47945.7388, 0, 9821
SPPRC, 0.1, 0.7, 0.6, 0.1, 1, 21163.2374, -25273.7626, 0, 7876
SPPRC, 0.0, 0.9, 0.7, 0.1, 1, 21163.2374, -12057.4219, 0, 8119
SPPRC, 0.1, 0.8, 0.6, 0.1, 1, 21163.2374, -5670.3356, 0, 7553
SPPRC, 0.2, 1.1, 0.9, 0.1, 1, 21163.2374, -48676.2947, 0, 10750
SPPRC, 0.1, 0.9, 0.7, 0.1, 1, 21163.2374, -18812.3438, 0, 8675
SPPRC, 0.1, 0.7, 0.5, 0.1, 1, 21163.2374, 3285.4527, 0, 6516
SPPRC, 0.2, 1.0, 0.8, 0.1, 1, 21163.2374, -14923.0492, 0, 8821
SPPRC, 0.1, 0.7, 0.5, 0.1, 1, 21163.2374, 11.4273, 0, 6935
SPPRC, 0.5, 1.5, 1.2, 0.2, 1, 21163.2374, -231516.8488, 0, 14465
SPPRC, 0.1, 0.9, 0.7, 0.1, 1, 21163.2374, -2464.3725, 0, 6976
SPPRC, 0.1, 0.6, 0.5, 0.1, 1, 21163.2374, 2698.7369, 0, 4589
SPPRC, 0.2, 1.3, 1.0, 0.1, 1, 21144.1938, -317735.741, 0, 13828
SPPRC, 0.1, 0.7, 0.5, 0.1, 1, 21144.1938, -179978.3491, 0, 9477
SPPRC, 0.1, 1.0, 0.8, 0.1, 1, 21143.8595, -13916.8595, 0, 8457
SPPRC, 0.1, 0.6, 0.5, 0.1, 1, 21141.6941, 10348.911, 0, 4587
SPPRC, 0.1, 0.6, 0.5, 0.1, 1, 21061.4864, -4734.3667, 0, 3373
SPPRC, 0.0, 0.8, 0.6, 0.1, 1, 21061.4864, 10351.2222, 0, 3788
SPPRC, 0.1, 0.6, 0.5, 0.1, 1, 21061.4864, -35444.8109, 0, 6258
SPPRC, 0.1, 0.8, 0.6, 0.1, 1, 21061.4864, 2943.5925, 0, 4345
SPPRC, 0.1, 0.6, 0.4, 0.1, 1, 21061.4864, 13877.9463, 0, 2472
SPPRC, 0.1, 0.6, 0.5, 0.1, 1, 21054.9455, 11017.4961, 0, 3210
SPPRC, 0.1, 0.8, 0.6, 0.1, 1, 21050.068, -25452.4426, 0, 5877
SPPRC, 0.2, 0.8, 0.6, 0.1, 1, 21050.068, -50370.7006, 0, 7765
SPPRC, 0.1, 0.6, 0.5, 0.1, 1, 21050.068, 13474.2433, 0, 2822
SPPRC, 0.1, 0.7, 0.5, 0.1, 1, 21049.595, -10294.3001, 0, 4028
SPPRC, 0.1, 0.6, 0.4, 0.1, 1, 21049.2081, 11246.9416, 0, 2723
SPPRC, 0.1, 0.6, 0.4, 0.1, 1, 21048.5494, 14855.3065, 0, 2426
SPPRC, 0.1, 0.7, 0.5, 0.1, 1, 21035.815, 9414.2176, 0, 3271
SPPRC, 0.0, 0.6, 0.4, 0.1, 1, 21034.4542, 14911.1792, 0, 2251
SPPRC, 0.0, 0.6, 0.4, 0.1, 1, 21022.6748, 15967.283, 0, 2313
SPPRC, 0.1, 0.5, 0.4, 0.1, 1, 21018.4866, 14161.779, 0, 2312
SPPRC, 0.1, 0.6, 0.4, 0.1, 1, 21016.7226, 16775.1521, 0, 2262
SPPRC, 0.0, 0.5, 0.3, 0.1, 1, 20993.942, 15801.6081, 0, 1982
SPPRC, 0.0, 0.5, 0.3, 0.1, 1, 20991.5699, 16316.3552, 0, 1823
SPPRC, 0.1, 0.5, 0.3, 0.1, 1, 20991.115, 18492.5857, 0, 1642
SPPRC, 0.2, 0.5, 0.4, 0.1, 1, 20965.7256, 15201.7569, 0, 2168
SPPRC, 0.0, 0.5, 0.3, 0.1, 1, 20965.6474, 17948.3289, 0, 1503
SPPRC, 0.1, 0.5, 0.3, 0.1, 1, 20949.7447, 17562.7855, 0, 1845
SPPRC, 0.1, 0.4, 0.3, 0.1, 1, 20945.6729, 18584.8242, 0, 1378
SPPRC, 0.1, 0.4, 0.3, 0.1, 1, 20939.1083, 18549.977, 0, 1447
SPPRC, 0.1, 0.4, 0.3, 0.1, 1, 20927.8275, 19839.6992, 0, 986
SPPRC, 0.1, 0.4, 0.3, 0.1, 1, 20910.4608, 19075.3549, 0, 1163
SPPRC, 0.1, 0.4, 0.3, 0.1, 1, 20901.4153, 19607.5004, 0, 879
SPPRC, 0.1, 0.4, 0.3, 0.1, 1, 20895.8266, 19653.1972, 0, 923
SPPRC, 0.1, 0.4, 0.3, 0.1, 1, 20883.527, 19486.7268, 0, 786
SPPRC, 0.1, 0.4, 0.3, 0.1, 1, 20880.7782, 20107.2258, 0, 638
SPPRC, 0.1, 0.4, 0.3, 0.1, 1, 20862.5453, 20030.3305, 0, 635
SPPRC, 0.1, 0.4, 0.3, 0.1, 1, 20853.2869, 20214.2699, 0, 553
SPPRC, 0.1, 0.4, 0.3, 0.1, 1, 20845.5237, 20039.218, 0, 510
SPPRC, 0.0, 0.4, 0.2, 0.0, 1, 20842.376, 20347.6796, 0, 376
SPPRC, 0.0, 0.4, 0.2, 0.0, 1, 20819.5735, 20028.7516, 0, 455
SPPRC, 0.0, 0.4, 0.3, 0.1, 1, 20818.1725, 20425.3062, 0, 325
SPPRC, 0.0, 0.4, 0.2, 0.0, 1, 20809.8973, 20405.0729, 0, 335
SPPRC, 0.0, 0.4, 0.2, 0.0, 1, 20807.1496, 19673.9525, 0, 303
SPPRC, 0.1, 0.4, 0.3, 0.1, 1, 20807.1496, 20535.9054, 0, 165
SPPRC, 0.0, 0.4, 0.2, 0.0, 1, 20800.8896, 20431.9828, 0, 237
SPPRC, 0.0, 0.4, 0.3, 0.1, 1, 20798.1851, 20653.8392, 0, 104
SPPRC, 0.0, 0.4, 0.2, 0.1, 1, 20796.171, 20645.7064, 0, 68
SPPRC, -0.0, 0.4, 0.2, 0.0, 1, 20795.5526, 20716.8095, 0, 22
SPPRC, -0.0, 0.4, 0.2, 0.0, 1, 20794.9197, 20709.0009, 0, 16
SPPRC, -0.0, 0.4, 0.2, 0.0, 1, 20794.7076, 20721.5424, 0, 14
SPPRC, -0.0, 0.4, 0.2, 0.0, 1, 20794.6286, 20773.0329, 0, 7
SPPRC, -0.0, 0.4, 0.2, 0.0, 1, 20794.6286, 20794.6286, 0, 0
scip_total_time, 3043.095346
Solval, number of paths, impact cutoff
20794.62855313708, 128, 0.0001
Elementary, 2-Cycle, Path Value, Path
True, True, 0.1584, (0, 16, 0)
True, True, 1.0, (0, 21, 0)
True, True, 1.0, (0, 8, 83, 0)
True, True, 0.6833, (0, 143, 16, 146, 130, 0)
True, True, 0.6342, (0, 17, 12, 121, 0)
True, True, 0.2684, (0, 7, 11, 0)
True, True, 0.3343, (0, 95, 25, 42, 0)
True, True, 0.7284, (0, 139, 9, 29, 0)
True, True, 0.6124, (0, 15, 23, 0)
True, True, 0.7317, (0, 56, 132, 96, 22, 3, 0)
True, True, 0.0747, (0, 6, 4, 0)
True, True, 0.0935, (0, 121, 12, 26, 0)
True, True, 0.281, (0, 145, 109, 28, 79, 30, 0)
True, True, 0.7316, (0, 11, 7, 36, 0)
True, True, 0.2716, (0, 30, 28, 60, 139, 0)
True, True, 0.2716, (0, 9, 29, 0)
True, True, 0.115, (0, 102, 87, 47, 40, 1, 89, 66, 144, 41, 88, 0)
True, True, 0.1787, (0, 152, 116, 19, 133, 46, 108, 94, 134, 38, 0)
True, True, 0.0897, (0, 38, 134, 94, 108, 46, 133, 19, 152, 121, 0)
True, True, 0.0364, (0, 33, 63, 68, 138, 93, 55, 121, 112, 26, 58, 69, 0)
True, True, 0.1936, (0, 116, 133, 31, 126, 10, 0)
True, True, 0.2723, (0, 19, 31, 0)
True, True, 0.6657, (0, 25, 95, 0)
True, True, 0.2538, (0, 128, 73, 142, 54, 44, 135, 81, 20, 103, 52, 37, 0)
True, True, 0.1704, (0, 116, 140, 31, 10, 0)
True, True, 0.1187, (0, 129, 49, 113, 123, 136, 79, 24, 80, 61, 78, 120, 107, 0)
False, False, 0.4008, (0, 87, 5, 125, 5, 0)
False, False, 0.2684, (0, 36, 6, 115, 6, 124, 53, 0)
True, True, 0.1983, (0, 13, 28, 0)
False, False, 0.0222, (0, 59, 96, 22, 96, 22, 59, 0)
False, False, 0.0791, (0, 27, 32, 67, 150, 92, 150, 92, 99, 86, 0)
False, False, 0.0079, (0, 39, 14, 145, 113, 123, 136, 123, 136, 123, 113, 49, 129, 0)
True, True, 0.0079, (0, 27, 62, 32, 67, 150, 92, 99, 86, 40, 0)
False, False, 0.1342, (0, 37, 127, 3, 59, 3, 0)
False, False, 0.0052, (0, 34, 107, 120, 107, 120, 107, 120, 107, 13, 34, 0)
False, False, 0.0804, (0, 73, 142, 135, 114, 18, 97, 118, 97, 118, 97, 118, 97, 118, 97, 118, 97, 127, 72, 37, 0)
True, True, 0.2723, (0, 72, 10, 12, 0)
True, True, 0.3185, (0, 71, 69, 58, 26, 112, 55, 93, 68, 63, 33, 0)
False, False, 0.1657, (0, 42, 57, 124, 6, 75, 6, 0)
False, False, 0.3637, (0, 116, 126, 31, 126, 10, 0)
False, False, 0.4342, (0, 74, 105, 110, 14, 110, 105, 74, 0)
False, False, 0.1548, (0, 147, 65, 131, 111, 125, 106, 35, 106, 35, 106, 35, 32, 101, 13, 0)
False, False, 0.0142, (0, 126, 91, 137, 100, 137, 100, 137, 100, 137, 100, 70, 59, 4, 0)
False, False, 0.2946, (0, 2, 77, 48, 77, 48, 77, 48, 0)
False, False, 0.25, (0, 152, 19, 46, 133, 46, 108, 94, 134, 104, 0)
False, False, 0.0337, (0, 22, 96, 22, 137, 91, 0)
True, True, 0.3531, (0, 147, 65, 111, 125, 106, 35, 67, 32, 27, 0)
False, False, 0.0266, (0, 4, 91, 119, 91, 119, 91, 119, 140, 94, 134, 0)
False, False, 0.2005, (0, 53, 57, 124, 115, 75, 38, 17, 38, 75, 115, 124, 57, 53, 0)
False, False, 0.3017, (0, 107, 120, 78, 61, 101, 62, 27, 62, 101, 61, 78, 120, 107, 0)
False, False, 0.0581, (0, 90, 37, 52, 20, 135, 77, 48, 77, 48, 0)
False, False, 0.0143, (0, 47, 40, 86, 60, 86, 60, 86, 60, 109, 145, 14, 0)
False, False, 0.4948, (0, 34, 13, 34, 0)
False, False, 0.0625, (0, 117, 45, 148, 98, 50, 85, 76, 114, 18, 114, 81, 135, 128, 90, 0)
False, True, 0.4397, (0, 117, 45, 148, 98, 50, 85, 76, 114, 18, 76, 85, 50, 98, 148, 45, 117, 0)
True, True, 0.1711, (0, 102, 149, 141, 99, 92, 150, 67, 24, 80, 0)
False, False, 0.0149, (0, 127, 4, 59, 91, 119, 91, 119, 91, 119, 140, 116, 0)
False, False, 0.2316, (0, 33, 63, 68, 138, 68, 138, 2, 84, 71, 0)
False, False, 0.3378, (0, 108, 140, 119, 91, 137, 100, 70, 100, 70, 59, 4, 0)
False, False, 0.0206, (0, 120, 78, 61, 80, 24, 80, 79, 136, 123, 113, 49, 129, 0)
False, False, 0.0765, (0, 84, 2, 93, 138, 68, 138, 68, 63, 33, 90, 0)
True, True, 0.2418, (0, 47, 86, 99, 92, 150, 67, 32, 27, 62, 101, 120, 0)
False, False, 0.0195, (0, 71, 84, 69, 58, 26, 58, 69, 84, 71, 0)
False, False, 0.0695, (0, 127, 4, 132, 96, 137, 100, 137, 91, 119, 140, 108, 0)
False, False, 0.0564, (0, 134, 94, 140, 119, 91, 119, 126, 133, 19, 0)
False, False, 0.2859, (0, 129, 49, 113, 123, 136, 79, 24, 79, 136, 123, 113, 49, 129, 0)
False, False, 0.1584, (0, 130, 146, 16, 146, 130, 0)
False, False, 0.0641, (0, 41, 39, 14, 47, 87, 149, 111, 131, 111, 131, 65, 147, 0)
False, False, 0.25, (0, 72, 127, 4, 59, 122, 51, 122, 51, 122, 51, 122, 51, 152, 0)
False, False, 0.125, (0, 90, 128, 73, 142, 54, 44, 103, 20, 103, 52, 37, 0)
False, False, 0.032, (0, 102, 87, 141, 99, 92, 150, 92, 150, 24, 80, 49, 0)
False, False, 0.072, (0, 13, 62, 32, 67, 150, 92, 150, 92, 99, 141, 149, 102, 0)
False, False, 0.0163, (0, 147, 65, 131, 125, 106, 35, 106, 35, 32, 27, 0)
True, True, 0.3134, (0, 39, 14, 15, 0)
False, False, 0.1653, (0, 53, 57, 104, 115, 75, 38, 17, 38, 75, 115, 104, 57, 53, 0)
False, False, 0.2218, (0, 88, 41, 144, 66, 145, 66, 89, 1, 40, 47, 102, 0)
False, False, 0.3167, (0, 143, 2, 69, 82, 64, 82, 64, 104, 42, 0)
False, False, 0.0396, (0, 105, 110, 14, 110, 105, 0)
False, False, 0.0787, (0, 93, 152, 116, 46, 133, 46, 133, 19, 152, 93, 0)
True, True, 0.1983, (0, 30, 109, 99, 5, 0)
False, False, 0.0241, (0, 145, 113, 123, 136, 80, 24, 80, 61, 78, 107, 0)
True, True, 0.1817, (0, 90, 128, 142, 54, 44, 135, 81, 72, 20, 52, 0)
False, False, 0.0806, (0, 2, 69, 82, 64, 82, 64, 42, 0)
False, False, 0.249, (0, 145, 109, 28, 109, 113, 30, 0)
False, False, 0.2891, (0, 147, 65, 131, 111, 131, 149, 141, 40, 23, 39, 0)
False, False, 0.1648, (0, 127, 4, 59, 70, 137, 100, 137, 91, 119, 140, 94, 134, 124, 0)
True, True, 0.0742, (0, 93, 152, 19, 133, 46, 108, 94, 134, 75, 0)
False, False, 0.0744, (0, 47, 40, 86, 99, 92, 150, 92, 150, 24, 80, 0)
True, True, 0.001, (0, 41, 144, 89, 1, 40, 141, 149, 87, 102, 0)
False, False, 0.019, (0, 41, 89, 1, 60, 86, 60, 86, 60, 40, 47, 0)
False, False, 0.1604, (0, 88, 41, 144, 66, 89, 1, 89, 66, 144, 41, 88, 0)
False, False, 0.0524, (0, 88, 41, 144, 39, 144, 39, 144, 39, 144, 14, 110, 105, 0)
False, False, 0.1027, (0, 42, 57, 104, 64, 82, 64, 82, 58, 26, 84, 0)
False, False, 0.0658, (0, 74, 88, 41, 144, 14, 144, 41, 88, 74, 0)
False, False, 0.0749, (0, 147, 65, 131, 111, 125, 106, 35, 106, 35, 67, 32, 62, 13, 0)
False, False, 0.0079, (0, 84, 26, 112, 121, 55, 112, 55, 93, 138, 68, 63, 33, 0)
False, False, 0.1148, (0, 90, 128, 73, 54, 44, 103, 20, 103, 52, 37, 90, 0)
False, False, 0.0083, (0, 102, 87, 149, 141, 86, 60, 86, 60, 109, 14, 0)
True, True, 0.0743, (0, 41, 23, 15, 0)
False, False, 0.0087, (0, 73, 56, 132, 22, 137, 22, 0)
False, False, 0.1127, (0, 47, 40, 60, 86, 60, 86, 60, 1, 47, 0)
False, False, 0.0695, (0, 56, 132, 22, 137, 22, 56, 0)
False, False, 0.2332, (0, 129, 49, 123, 136, 80, 24, 80, 61, 78, 107, 0)
False, False, 0.0079, (0, 129, 49, 136, 123, 136, 79, 80, 24, 80, 49, 129, 0)
True, True, 0.1206, (0, 73, 18, 97, 118, 56, 132, 96, 70, 91, 119, 140, 94, 134, 0)
True, True, 0.0435, (0, 102, 87, 149, 141, 99, 86, 60, 1, 89, 145, 0)
False, False, 0.1153, (0, 71, 84, 58, 26, 112, 55, 121, 55, 93, 138, 63, 33, 0)
False, False, 0.0804, (0, 73, 142, 135, 114, 18, 97, 118, 43, 151, 43, 151, 43, 151, 43, 118, 127, 81, 37, 0)
True, True, 0.0477, (0, 147, 65, 131, 149, 141, 99, 86, 60, 1, 39, 0)
True, True, 0.0243, (0, 102, 87, 149, 141, 86, 60, 40, 23, 47, 0)
False, False, 0.0924, (0, 71, 84, 58, 112, 55, 112, 55, 112, 26, 58, 84, 0)
False, False, 0.032, (0, 129, 80, 24, 150, 92, 150, 92, 99, 141, 87, 102, 0)
False, False, 0.0285, (0, 84, 69, 6, 75, 6, 0)
False, False, 0.0969, (0, 73, 135, 114, 18, 97, 118, 151, 43, 151, 43, 151, 43, 151, 43, 151, 118, 97, 127, 81, 37, 0)
True, True, 0.1206, (0, 102, 87, 149, 141, 40, 1, 89, 66, 39, 0)
True, True, 0.1419, (0, 90, 128, 142, 54, 44, 81, 72, 20, 103, 52, 0)
False, False, 0.0229, (0, 33, 63, 138, 93, 55, 112, 121, 112, 26, 58, 84, 71, 0)
False, False, 0.045, (0, 73, 135, 114, 18, 97, 118, 43, 151, 43, 151, 43, 151, 43, 151, 43, 151, 118, 97, 127, 72, 0)
False, False, 0.0581, (0, 117, 45, 148, 98, 50, 85, 76, 114, 18, 114, 81, 44, 54, 73, 0)
True, True, 0.1583, (0, 102, 87, 149, 141, 86, 60, 1, 89, 145, 88, 0)
True, True, 0.1203, (0, 90, 128, 142, 54, 44, 135, 81, 20, 103, 52, 0)
True, True, 0.1803, (0, 33, 63, 138, 93, 55, 112, 26, 58, 69, 84, 71, 0)
False, False, 0.0165, (0, 37, 72, 127, 97, 118, 43, 151, 43, 151, 43, 151, 43, 118, 97, 18, 114, 135, 142, 73, 0)
False, False, 0.0104, (0, 33, 63, 68, 138, 68, 138, 93, 55, 112, 26, 84, 0)
False, True, 0.0044, (0, 37, 54, 44, 135, 81, 72, 20, 103, 52, 37, 90, 0)
False, False, 0.0085, (0, 126, 91, 137, 100, 137, 100, 70, 100, 70, 59, 4, 127, 0)
False, False, 0.0312, (0, 37, 127, 4, 59, 91, 119, 91, 119, 140, 94, 134, 0)
True, True, 0.0078, (0, 134, 94, 140, 119, 91, 137, 100, 70, 4, 127, 72, 0)
all_elementary, False
all_cyc2, False
