Instance, X-n162-k11
capacity, 1174
min_trucks, 11
output_file, output_uchoa/X-n162-k11-ng8.log
Start date, 2022-06-27
Start time, 02-30-06
capacity, 1174
num_vehicles, 11
abort_early, False
methods, ['ng8']
max_vars, 10000
time_limit, 86400
farley, False
initial time, initial max_it, max_stale_it
1, 20000.0, 20
heuristic Number of routes, heuristic Best Solution Value, heuristic number of iterations, adjusted time, adjusted max_it, measured total time
292, 14138.0, 280, 1, 20000.0, 295.6
method, python time, total time, propagated dominance time, unpropagated dominance time, pricing_success, upper_bound, lower_bound, abort_early, num_paths, 
ng8, 1.8, 0.3, 0.2, 0.0, 1, 14024.9722, -116153.6111, 0, 6141
ng8, 3.1, 0.7, 0.5, 0.0, 1, 14024.9722, -45504.7361, 0, 9455
ng8, 2.6, 0.5, 0.4, 0.0, 1, 14024.9722, -46027.7963, 0, 7749
ng8, 2.9, 0.7, 0.6, 0.0, 1, 14024.9722, -30718.1389, 0, 9339
ng8, 3.3, 0.8, 0.6, 0.0, 1, 14024.9722, -51612.0278, 0, 9785
ng8, 2.6, 0.6, 0.5, 0.0, 1, 14024.9722, -43470.4196, 0, 8272
ng8, 2.9, 0.8, 0.6, 0.0, 1, 14024.9722, -61850.287, 0, 9356
ng8, 2.2, 0.5, 0.3, 0.0, 1, 14024.9722, -94772.5843, 0, 7031
ng8, 3.6, 2.8, 1.9, 0.1, 1, 14024.9722, -35480.2659, 0, 17386
ng8, 2.8, 0.7, 0.5, 0.0, 1, 14024.9722, -56554.0524, 0, 8748
ng8, 1.7, 0.4, 0.3, 0.0, 1, 14024.9252, -42986.3569, 0, 6000
ng8, 3.6, 2.1, 1.5, 0.1, 1, 14024.915, -16628.37, 0, 14473
ng8, 3.7, 1.8, 1.2, 0.1, 1, 14024.8818, -32230.1892, 0, 14084
ng8, 3.5, 2.0, 1.4, 0.1, 1, 14024.8818, -54890.5858, 0, 14560
ng8, 4.1, 3.1, 2.1, 0.1, 1, 14024.8818, -42888.972, 0, 18362
ng8, 3.9, 2.5, 1.7, 0.1, 1, 14024.8818, -14473.5723, 0, 16021
ng8, 3.8, 2.6, 1.7, 0.1, 1, 14024.6768, -53807.4982, 0, 17159
ng8, 4.2, 4.5, 3.0, 0.1, 1, 14024.6768, -45110.4554, 0, 22829
ng8, 3.4, 2.3, 1.6, 0.1, 1, 14024.6768, -17850.8182, 0, 14941
ng8, 3.5, 3.2, 2.2, 0.1, 1, 14024.6099, -31648.9559, 0, 17932
ng8, 3.9, 3.3, 2.2, 0.1, 1, 14024.6099, -8384.4072, 0, 18391
ng8, 3.3, 1.4, 0.9, 0.1, 1, 14024.5591, -39563.8033, 0, 12118
ng8, 3.8, 3.8, 2.6, 0.1, 1, 14024.5591, -4717.5727, 0, 19463
ng8, 3.5, 2.8, 1.9, 0.1, 1, 14024.4693, -19525.0322, 0, 17047
ng8, 4.4, 3.9, 2.7, 0.1, 1, 14024.4693, -9594.5426, 0, 18623
ng8, 4.2, 3.1, 2.1, 0.1, 1, 14024.4693, -8073.2777, 0, 17179
ng8, 4.3, 8.2, 5.7, 0.3, 1, 14024.4693, -1251.2416, 0, 29939
ng8, 4.0, 6.6, 4.5, 0.2, 1, 14024.4019, -3842.9729, 0, 26380
ng8, 3.9, 3.7, 2.6, 0.1, 1, 14024.1445, -4096.4996, 0, 17433
ng8, 4.3, 5.8, 3.9, 0.2, 1, 14023.9932, 1180.0962, 0, 24244
ng8, 3.9, 4.9, 3.4, 0.2, 1, 14021.9469, -11117.1187, 0, 21078
ng8, 3.2, 1.0, 0.8, 0.1, 1, 14021.4687, -44372.5001, 0, 10061
ng8, 3.8, 2.1, 1.4, 0.1, 1, 14021.4601, -71693.1337, 0, 14837
ng8, 4.0, 4.5, 3.1, 0.2, 1, 14021.4523, -8365.3237, 0, 20504
ng8, 4.4, 5.2, 3.9, 0.2, 1, 14021.3246, -8386.8077, 0, 17649
ng8, 3.9, 3.4, 2.6, 0.2, 1, 14021.3246, -17504.7146, 0, 13316
ng8, 4.4, 13.6, 10.1, 0.5, 1, 14021.3246, 1547.3975, 0, 36334
ng8, 3.3, 1.6, 1.2, 0.1, 1, 14021.1468, -18479.8741, 0, 10031
ng8, 3.3, 3.0, 2.3, 0.2, 1, 14021.1468, -6734.832, 0, 11634
ng8, 4.1, 7.2, 5.3, 0.3, 1, 14021.1389, -1376.2386, 0, 21355
ng8, 4.7, 7.1, 5.3, 0.3, 1, 14021.1389, -4012.223, 0, 22625
ng8, 3.9, 5.8, 4.3, 0.2, 1, 14021.1389, -1590.355, 0, 19491
ng8, 4.1, 2.7, 1.8, 0.1, 1, 14021.1389, -32280.0409, 0, 15385
ng8, 3.7, 6.0, 4.6, 0.3, 1, 14021.1389, -4020.9371, 0, 16450
ng8, 4.4, 13.7, 10.2, 0.6, 1, 14021.1389, 5609.124, 0, 34630
ng8, 4.1, 5.8, 4.1, 0.2, 1, 14019.0616, 2184.3047, 0, 20354
ng8, 3.4, 1.8, 1.4, 0.1, 1, 14018.8227, -24094.5176, 0, 11587
ng8, 4.2, 6.1, 4.4, 0.2, 1, 14018.7218, -8153.1398, 0, 21499
ng8, 4.3, 7.2, 5.1, 0.3, 1, 14018.6912, -3802.6328, 0, 26173
ng8, 4.0, 5.9, 4.2, 0.2, 1, 14018.6112, 830.7003, 0, 20494
ng8, 4.5, 3.4, 2.5, 0.2, 1, 14018.5592, -2597.7769, 0, 13975
ng8, 4.4, 10.3, 7.5, 0.4, 1, 14018.5543, 4988.7902, 0, 30216
ng8, 4.6, 9.9, 7.2, 0.4, 1, 14018.0303, 1877.9722, 0, 29402
ng8, 4.4, 11.3, 8.6, 0.5, 1, 14018.0303, 4387.5902, 0, 26462
ng8, 4.5, 11.9, 9.0, 0.6, 1, 14018.0303, 6566.092, 0, 26788
ng8, 4.5, 8.9, 6.8, 0.4, 1, 14016.8859, 2335.4011, 0, 21926
ng8, 4.5, 15.6, 12.1, 0.9, 1, 14016.8748, 5487.9399, 0, 30202
ng8, 4.5, 22.2, 17.6, 1.3, 1, 14016.7121, 7167.2465, 0, 31695
ng8, 4.5, 9.8, 7.6, 0.5, 1, 14016.0458, 4153.725, 0, 20165
ng8, 4.3, 10.6, 8.3, 0.6, 1, 14014.0407, 6056.9621, 0, 19485
ng8, 4.5, 14.5, 11.5, 0.7, 1, 14008.3573, 8416.9476, 0, 24309
ng8, 4.5, 31.3, 27.0, 1.4, 1, 14006.821, 8795.6918, 0, 22134
ng8, 4.7, 32.1, 27.4, 1.6, 1, 14002.1516, 8385.3291, 0, 24486
ng8, 4.4, 10.2, 8.3, 0.6, 1, 13980.0113, 1227.746, 0, 14717
ng8, 4.2, 16.5, 13.6, 0.9, 1, 13979.337, 7041.234, 0, 19694
ng8, 4.5, 27.8, 24.0, 1.7, 1, 13973.4427, 9549.6136, 0, 17535
ng8, 4.8, 72.4, 65.1, 3.9, 1, 13972.8022, 10889.9436, 0, 22063
ng8, 4.6, 29.9, 25.7, 1.6, 1, 13963.3888, 9564.9989, 0, 20852
ng8, 4.2, 26.2, 22.5, 1.8, 1, 13951.609, 9666.1099, 0, 11731
ng8, 4.3, 26.8, 23.2, 1.7, 1, 13947.95, 10872.2436, 0, 10206
ng8, 4.7, 116.4, 106.6, 6.7, 1, 13923.2826, 11208.6115, 0, 13903
ng8, 4.7, 44.9, 40.4, 2.5, 1, 13916.622, 11006.7304, 0, 10551
ng8, 3.2, 41.1, 36.8, 2.4, 1, 13889.828, 11515.9132, 0, 6859
ng8, 4.2, 48.9, 44.0, 2.9, 1, 13883.4581, 11255.0641, 0, 8494
ng8, 3.7, 46.3, 41.6, 2.7, 1, 13860.5092, 11492.257, 0, 7596
ng8, 2.4, 98.5, 89.5, 6.2, 1, 13837.5243, 12388.5653, 0, 4753
ng8, 2.5, 66.1, 59.8, 3.9, 1, 13822.1132, 12309.4038, 0, 4674
ng8, 2.1, 119.1, 109.2, 6.8, 1, 13807.0035, 12624.9289, 0, 3973
ng8, 1.9, 83.3, 75.4, 5.2, 1, 13787.2321, 12725.0227, 0, 3507
ng8, 1.0, 159.5, 146.3, 9.9, 1, 13764.5016, 13095.4968, 0, 1334
ng8, 2.6, 36.3, 32.1, 2.4, 1, 13732.8947, 10549.2564, 0, 5549
ng8, 1.6, 72.6, 65.1, 4.9, 1, 13732.6329, 12484.0283, 0, 2917
ng8, 1.2, 91.8, 83.1, 5.8, 1, 13729.3154, 12856.4632, 0, 1912
ng8, 1.3, 71.3, 64.2, 4.4, 1, 13720.8036, 12580.2257, 0, 2302
ng8, 0.9, 65.0, 58.2, 4.2, 1, 13719.0849, 12610.1766, 0, 1353
ng8, 1.5, 82.6, 75.2, 4.8, 1, 13717.2969, 12093.5355, 0, 2547
ng8, 0.8, 85.8, 78.0, 5.1, 1, 13716.2649, 12931.3427, 0, 993
ng8, 0.9, 97.5, 88.8, 5.9, 1, 13714.3672, 12979.1616, 0, 1091
ng8, 0.6, 174.6, 159.1, 12.1, 1, 13714.3307, 13260.9932, 0, 397
ng8, 0.7, 119.6, 107.8, 8.5, 1, 13706.698, 13306.4826, 0, 497
ng8, 0.5, 156.7, 139.6, 13.3, 1, 13705.3815, 13370.0877, 0, 356
ng8, 0.4, 122.8, 109.9, 9.4, 1, 13705.2127, 13499.1267, 0, 164
ng8, 0.5, 96.4, 86.3, 6.8, 1, 13696.3863, 13206.8157, 0, 459
ng8, 0.4, 136.6, 122.9, 10.0, 1, 13696.1906, 13461.9691, 0, 156
ng8, 0.5, 105.6, 94.4, 7.9, 1, 13695.0258, 13156.9507, 0, 519
ng8, 0.4, 113.1, 101.2, 8.4, 1, 13694.4266, 13367.2349, 0, 216
ng8, 0.3, 177.4, 159.3, 14.1, 1, 13694.4013, 13620.2073, 0, 47
ng8, 0.4, 101.1, 90.4, 7.3, 1, 13693.6026, 13276.0428, 0, 224
ng8, 0.2, 151.9, 136.1, 11.9, 1, 13693.6026, 13567.0048, 0, 26
ng8, 0.4, 138.6, 124.3, 10.5, 1, 13692.0508, 13350.8019, 0, 285
ng8, 0.3, 168.8, 152.1, 12.8, 1, 13692.0429, 13635.4218, 0, 20
ng8, 0.3, 249.4, 228.8, 16.6, 1, 13691.7599, 13662.7712, 0, 11
ng8, -0.0, 305.1, 280.5, 20.4, 1, 13691.7099, 13691.7099, 0, 0
scip_total_time, 5068.523207
Solval, number of paths, impact cutoff
13691.709865021654, 109, 0.0001
Elementary, 2-Cycle, Path Value, Path
True, True, 0.6043, (0, 59, 0)
True, True, 0.9903, (0, 127, 17, 149, 89, 14, 1, 55, 60, 21, 9, 27, 117, 97, 77, 161, 0)
True, True, 0.4146, (0, 54, 76, 41, 61, 46, 69, 65, 70, 113, 63, 104, 83, 98, 47, 25, 0)
True, True, 0.424, (0, 136, 74, 108, 137, 39, 146, 151, 101, 4, 87, 112, 157, 132, 93, 125, 92, 155, 0)
True, True, 0.4084, (0, 86, 130, 99, 35, 36, 94, 66, 56, 123, 43, 142, 129, 95, 102, 116, 0)
True, True, 0.0122, (0, 136, 91, 81, 158, 120, 5, 16, 32, 57, 131, 151, 146, 39, 137, 108, 74, 0)
True, True, 0.1565, (0, 25, 47, 98, 83, 104, 63, 113, 70, 12, 65, 69, 41, 76, 8, 0)
True, True, 0.0486, (0, 108, 137, 39, 146, 151, 101, 87, 4, 131, 57, 32, 16, 5, 120, 81, 74, 0)
True, True, 0.3711, (0, 136, 91, 81, 158, 120, 13, 71, 37, 6, 49, 24, 23, 152, 45, 50, 0)
True, True, 0.1015, (0, 91, 158, 120, 5, 16, 32, 57, 131, 37, 6, 49, 24, 23, 152, 0)
False, True, 0.2495, (0, 91, 13, 71, 37, 131, 57, 32, 16, 5, 71, 13, 6, 49, 24, 23, 0)
True, True, 0.1545, (0, 80, 53, 90, 145, 68, 58, 38, 73, 11, 48, 26, 28, 150, 45, 50, 0)
True, True, 0.0113, (0, 25, 47, 98, 83, 104, 63, 113, 70, 12, 51, 42, 46, 76, 8, 0)
True, True, 0.2348, (0, 52, 20, 67, 62, 114, 102, 95, 129, 96, 88, 106, 31, 140, 154, 111, 80, 0)
False, True, 0.0539, (0, 80, 53, 86, 130, 99, 35, 36, 94, 100, 106, 31, 140, 154, 111, 80, 0)
True, True, 0.0738, (0, 53, 86, 99, 35, 36, 94, 100, 106, 88, 96, 129, 95, 114, 62, 67, 20, 0)
True, True, 0.0431, (0, 52, 20, 67, 62, 114, 95, 129, 96, 88, 106, 100, 94, 36, 35, 58, 68, 0)
False, True, 0.057, (0, 150, 90, 145, 28, 26, 48, 11, 73, 38, 58, 68, 145, 90, 86, 53, 80, 0)
False, True, 0.3086, (0, 52, 79, 22, 34, 7, 44, 75, 33, 3, 64, 18, 19, 22, 79, 78, 0)
False, True, 0.1625, (0, 78, 79, 22, 34, 7, 44, 75, 33, 3, 64, 18, 19, 22, 79, 78, 0)
False, True, 0.0041, (0, 78, 79, 22, 34, 19, 18, 64, 3, 33, 75, 44, 7, 34, 22, 79, 0)
True, True, 0.1234, (0, 20, 67, 62, 114, 95, 129, 96, 88, 142, 43, 123, 56, 66, 100, 31, 111, 0)
True, True, 0.0864, (0, 78, 34, 7, 44, 75, 33, 3, 51, 42, 65, 69, 46, 41, 76, 8, 0)
True, True, 0.1258, (0, 150, 28, 26, 48, 11, 73, 38, 58, 130, 99, 140, 154, 111, 116, 52, 0)
True, True, 0.1192, (0, 25, 47, 98, 83, 104, 63, 113, 70, 12, 51, 42, 65, 41, 8, 0)
True, True, 0.0031, (0, 47, 98, 83, 104, 63, 113, 70, 12, 3, 33, 75, 44, 7, 34, 78, 0)
True, True, 0.0707, (0, 52, 20, 67, 62, 114, 102, 96, 88, 142, 43, 123, 56, 66, 100, 31, 111, 116, 0)
False, True, 0.055, (0, 54, 61, 46, 42, 3, 33, 75, 44, 19, 18, 64, 12, 51, 42, 46, 61, 0)
True, True, 0.002, (0, 50, 45, 152, 23, 73, 38, 11, 48, 26, 28, 145, 90, 86, 53, 80, 0)
True, True, 0.073, (0, 152, 23, 24, 49, 6, 37, 5, 131, 57, 32, 16, 39, 137, 108, 0)
True, True, 0.0872, (0, 155, 92, 125, 93, 132, 87, 4, 101, 151, 146, 39, 137, 158, 81, 91, 136, 0)
False, True, 0.0522, (0, 116, 111, 154, 140, 31, 106, 100, 66, 56, 123, 43, 142, 88, 96, 102, 116, 0)
False, True, 0.0555, (0, 53, 86, 154, 140, 31, 106, 100, 66, 56, 94, 36, 35, 99, 130, 86, 53, 0)
False, True, 0.002, (0, 15, 29, 10, 119, 144, 143, 84, 122, 107, 133, 138, 126, 105, 10, 29, 0)
True, True, 0.1712, (0, 50, 45, 152, 28, 26, 48, 11, 73, 38, 58, 68, 145, 90, 53, 80, 0)
True, True, 0.0575, (0, 20, 67, 62, 114, 95, 129, 96, 88, 142, 43, 123, 66, 100, 106, 31, 111, 0)
True, True, 0.1216, (0, 74, 81, 158, 120, 5, 16, 32, 57, 131, 4, 87, 101, 151, 146, 39, 108, 0)
True, True, 0.0095, (0, 20, 67, 62, 114, 95, 129, 142, 43, 123, 56, 66, 94, 36, 35, 130, 0)
True, True, 0.147, (0, 53, 90, 145, 68, 58, 35, 36, 94, 100, 106, 31, 140, 154, 111, 116, 80, 0)
True, True, 0.1127, (0, 20, 67, 62, 114, 96, 88, 142, 43, 123, 56, 66, 100, 106, 31, 140, 154, 0)
True, True, 0.1258, (0, 150, 90, 145, 48, 73, 38, 11, 68, 130, 99, 140, 154, 111, 116, 80, 0)
True, True, 0.0068, (0, 52, 67, 62, 114, 95, 129, 96, 88, 142, 43, 123, 66, 100, 31, 140, 154, 0)
True, True, 0.0089, (0, 90, 145, 68, 58, 35, 36, 94, 66, 56, 123, 43, 142, 129, 96, 102, 116, 0)
False, True, 0.0272, (0, 54, 75, 44, 19, 18, 64, 12, 51, 3, 33, 75, 44, 7, 34, 78, 0)
True, True, 0.0428, (0, 20, 67, 62, 114, 102, 88, 142, 43, 123, 56, 66, 100, 106, 31, 140, 154, 0)
True, True, 0.079, (0, 150, 28, 26, 48, 11, 38, 73, 24, 49, 6, 37, 71, 13, 91, 136, 0)
False, True, 0.0496, (0, 54, 78, 34, 19, 18, 64, 3, 33, 75, 44, 7, 34, 22, 20, 79, 52, 0)
True, True, 0.0644, (0, 20, 67, 62, 114, 102, 96, 88, 142, 43, 123, 56, 94, 36, 35, 130, 86, 0)
True, True, 0.1088, (0, 8, 61, 46, 42, 51, 12, 64, 18, 19, 3, 33, 75, 44, 7, 34, 0)
False, True, 0.053, (0, 150, 90, 145, 28, 26, 48, 11, 38, 73, 23, 26, 28, 152, 45, 50, 0)
True, True, 0.0089, (0, 150, 145, 68, 58, 35, 36, 94, 56, 66, 100, 106, 31, 140, 154, 111, 116, 0)
True, True, 0.1179, (0, 52, 20, 67, 62, 114, 102, 96, 88, 106, 100, 94, 36, 35, 58, 68, 145, 90, 0)
True, True, 0.0339, (0, 154, 140, 31, 100, 66, 56, 123, 43, 142, 96, 129, 95, 114, 62, 67, 52, 0)
True, True, 0.1096, (0, 8, 76, 41, 46, 69, 65, 42, 51, 12, 64, 18, 19, 7, 34, 78, 0)
True, True, 0.1074, (0, 74, 81, 158, 120, 5, 16, 32, 57, 131, 4, 87, 101, 151, 146, 137, 108, 0)
False, True, 0.0994, (0, 155, 92, 125, 93, 132, 157, 112, 87, 4, 101, 151, 146, 39, 137, 108, 92, 155, 0)
True, True, 0.0122, (0, 155, 92, 125, 93, 132, 87, 4, 101, 131, 57, 32, 16, 5, 120, 81, 74, 0)
True, True, 0.0344, (0, 74, 137, 39, 16, 32, 57, 131, 5, 37, 6, 49, 24, 23, 152, 0)
True, True, 0.0994, (0, 156, 103, 40, 157, 112, 87, 4, 131, 57, 32, 16, 5, 120, 158, 81, 74, 0)
True, True, 0.2697, (0, 141, 119, 144, 121, 147, 159, 118, 30, 40, 157, 112, 132, 93, 125, 92, 155, 0)
True, True, 0.0264, (0, 136, 74, 81, 120, 5, 16, 32, 57, 131, 37, 6, 49, 24, 23, 150, 0)
True, True, 0.0142, (0, 150, 23, 24, 49, 6, 37, 5, 131, 57, 32, 16, 137, 108, 81, 74, 0)
True, True, 0.0994, (0, 91, 81, 158, 120, 5, 16, 32, 57, 131, 101, 151, 146, 39, 137, 108, 74, 0)
True, True, 0.0009, (0, 25, 47, 98, 83, 104, 63, 113, 70, 12, 51, 3, 33, 75, 54, 0)
False, True, 0.0691, (0, 72, 156, 115, 141, 135, 119, 144, 105, 10, 15, 29, 141, 115, 156, 72, 59, 0)
True, True, 0.0074, (0, 72, 141, 135, 159, 147, 85, 160, 84, 122, 107, 133, 138, 126, 105, 10, 29, 0)
False, True, 0.0508, (0, 150, 28, 26, 48, 11, 38, 73, 49, 6, 37, 71, 13, 24, 23, 150, 0)
True, True, 0.2073, (0, 25, 47, 98, 83, 104, 63, 113, 70, 12, 51, 42, 69, 61, 8, 54, 0)
False, True, 0.0258, (0, 54, 8, 61, 46, 69, 65, 42, 51, 3, 33, 75, 44, 7, 34, 78, 54, 0)
True, True, 0.0887, (0, 156, 103, 40, 30, 118, 82, 2, 109, 148, 134, 124, 128, 110, 153, 85, 144, 0)
False, True, 0.0913, (0, 15, 29, 10, 105, 139, 138, 133, 107, 122, 84, 143, 144, 119, 10, 15, 0)
True, True, 0.0066, (0, 25, 98, 83, 104, 63, 113, 70, 12, 64, 18, 19, 44, 7, 34, 78, 0)
False, True, 0.0728, (0, 59, 50, 45, 152, 150, 53, 86, 90, 145, 26, 28, 152, 45, 50, 59, 0)
True, True, 0.0597, (0, 54, 75, 33, 3, 19, 18, 64, 12, 51, 42, 46, 61, 41, 76, 8, 0)
True, True, 0.0544, (0, 59, 45, 150, 28, 26, 48, 73, 38, 11, 68, 58, 130, 99, 86, 53, 0)
True, True, 0.1025, (0, 59, 50, 150, 28, 26, 48, 73, 38, 11, 68, 58, 130, 99, 86, 53, 0)
False, True, 0.0274, (0, 8, 76, 65, 12, 64, 18, 19, 44, 75, 33, 3, 51, 42, 8, 0)
False, True, 0.0269, (0, 54, 75, 44, 7, 19, 18, 64, 12, 51, 3, 33, 75, 44, 7, 54, 0)
True, True, 0.0541, (0, 8, 76, 41, 65, 42, 51, 33, 3, 64, 18, 19, 44, 7, 34, 78, 0)
True, True, 0.0031, (0, 72, 15, 29, 10, 105, 139, 17, 149, 89, 97, 77, 161, 98, 47, 25, 0)
True, True, 0.0031, (0, 15, 139, 149, 89, 14, 1, 55, 60, 21, 9, 27, 117, 97, 17, 0)
True, True, 0.0066, (0, 25, 47, 83, 104, 63, 113, 70, 12, 51, 42, 65, 76, 8, 54, 0)
True, True, 0.0031, (0, 127, 17, 97, 14, 1, 55, 60, 21, 9, 27, 117, 77, 161, 98, 47, 0)
False, True, 0.1589, (0, 29, 10, 105, 139, 126, 138, 133, 107, 122, 84, 143, 144, 119, 10, 29, 0)
True, True, 0.0519, (0, 15, 139, 138, 133, 107, 122, 84, 160, 85, 147, 159, 121, 144, 119, 29, 0)
True, True, 0.1122, (0, 156, 103, 118, 82, 2, 109, 148, 134, 124, 128, 110, 153, 85, 121, 144, 119, 0)
False, True, 0.0199, (0, 72, 141, 135, 159, 147, 121, 85, 160, 153, 110, 159, 147, 121, 135, 141, 115, 0)
True, True, 0.0889, (0, 156, 103, 40, 30, 118, 82, 2, 109, 148, 134, 124, 128, 110, 147, 159, 135, 0)
True, True, 0.0079, (0, 155, 92, 125, 93, 132, 112, 157, 40, 30, 118, 159, 147, 121, 135, 119, 29, 0)
True, True, 0.0003, (0, 29, 10, 105, 126, 143, 84, 160, 85, 121, 147, 159, 135, 141, 115, 156, 0)
True, True, 0.0739, (0, 25, 47, 98, 83, 104, 63, 113, 70, 12, 51, 42, 46, 61, 76, 54, 0)
True, True, 0.2522, (0, 115, 103, 40, 30, 118, 82, 2, 109, 148, 134, 124, 128, 153, 160, 143, 105, 0)
True, True, 0.0596, (0, 119, 144, 143, 160, 153, 110, 128, 124, 134, 148, 109, 2, 82, 118, 103, 115, 0)
True, True, 0.1058, (0, 135, 121, 85, 160, 153, 110, 128, 124, 134, 148, 109, 2, 82, 118, 103, 156, 0)
True, True, 0.0149, (0, 119, 121, 85, 153, 128, 124, 134, 148, 109, 2, 82, 118, 30, 40, 103, 156, 0)
True, True, 0.1362, (0, 15, 139, 138, 133, 107, 122, 84, 160, 85, 121, 147, 159, 135, 115, 156, 0)
False, True, 0.0241, (0, 45, 152, 23, 73, 38, 11, 48, 26, 28, 145, 90, 150, 152, 45, 59, 0)
True, True, 0.0343, (0, 119, 85, 160, 153, 110, 124, 134, 148, 109, 2, 82, 30, 157, 112, 132, 93, 125, 0)
True, True, 0.1782, (0, 141, 135, 121, 85, 110, 128, 124, 134, 148, 109, 2, 82, 30, 40, 103, 115, 0)
True, True, 0.0089, (0, 52, 67, 62, 114, 95, 142, 43, 123, 56, 66, 94, 36, 35, 58, 68, 90, 0)
True, True, 0.0651, (0, 119, 144, 160, 153, 110, 124, 134, 148, 109, 2, 82, 30, 157, 112, 132, 93, 125, 0)
False, True, 0.0031, (0, 127, 161, 77, 117, 27, 9, 21, 60, 55, 1, 14, 89, 149, 139, 127, 0)
True, True, 0.0003, (0, 141, 135, 159, 147, 85, 160, 153, 110, 128, 60, 55, 122, 107, 133, 138, 139, 0)
True, True, 0.0003, (0, 127, 17, 149, 89, 14, 1, 21, 9, 27, 117, 97, 77, 161, 98, 47, 0)
False, True, 0.0315, (0, 141, 119, 144, 121, 147, 159, 110, 153, 160, 85, 121, 147, 159, 135, 119, 29, 0)
True, True, 0.1163, (0, 15, 139, 138, 133, 107, 122, 84, 160, 153, 110, 147, 159, 135, 141, 115, 156, 0)
False, True, 0.4157, (0, 72, 29, 10, 105, 126, 138, 133, 107, 122, 84, 143, 126, 139, 15, 72, 0)
False, True, 0.0991, (0, 141, 135, 159, 147, 85, 160, 153, 128, 110, 85, 147, 159, 135, 141, 115, 156, 0)
True, True, 0.02, (0, 141, 135, 159, 147, 121, 85, 160, 143, 84, 122, 107, 133, 138, 139, 15, 0)
all_elementary, False
all_cyc2, True
