Instance, X-n134-k13
capacity, 643
min_trucks, 13
output_file, output_uchoa/X-n134-k13-ng8.log
Start date, 2022-06-27
Start time, 09-35-37
capacity, 643
num_vehicles, 13
abort_early, False
methods, ['ng8']
max_vars, 10000
time_limit, 86400
farley, False
initial time, initial max_it, max_stale_it
1, 20000.0, 20
heuristic Number of routes, heuristic Best Solution Value, heuristic number of iterations, adjusted time, adjusted max_it, measured total time
22300, 10918.0, 20000, 1, 20000.0, 20077.4
method, python time, total time, propagated dominance time, unpropagated dominance time, pricing_success, upper_bound, lower_bound, abort_early, num_paths, 
ng8, 8.9, 4.8, 3.3, 0.3, 1, 10728.2391, -24035.0918, 0, 20655
ng8, 6.4, 4.4, 3.3, 0.4, 1, 10728.2391, -9358.2569, 0, 14696
ng8, 7.6, 11.1, 9.3, 1.0, 1, 10728.2391, 3390.795, 0, 11762
ng8, 6.0, 21.9, 18.5, 2.4, 1, 10728.2391, 5308.8726, 0, 9778
ng8, 7.4, 20.7, 17.7, 2.0, 1, 10728.2391, 5730.7729, 0, 9871
ng8, 5.4, 67.5, 61.1, 5.0, 1, 10728.2391, 7605.3036, 0, 7468
ng8, 5.2, 106.0, 97.5, 6.8, 1, 10727.0408, 7898.0396, 0, 7861
ng8, 4.7, 88.2, 80.3, 6.2, 1, 10726.8624, 8295.0401, 0, 7198
ng8, 6.1, 27.2, 22.9, 2.5, 1, 10711.035, 3673.2681, 0, 18070
ng8, 6.9, 153.2, 141.3, 9.7, 1, 10711.035, 7353.351, 0, 12713
ng8, 4.5, 159.3, 147.6, 9.7, 1, 10710.9957, 8556.5586, 0, 6860
ng8, 3.7, 284.9, 267.7, 14.5, 1, 10707.9127, 9034.3432, 0, 5869
ng8, 5.4, 113.9, 103.7, 8.3, 1, 10698.0255, 8317.5027, 0, 7511
ng8, 4.0, 134.4, 122.8, 9.6, 1, 10694.8668, 8811.6515, 0, 5840
ng8, 1.6, 188.6, 174.9, 11.3, 1, 10693.0495, 9484.6889, 0, 2380
ng8, 2.3, 278.2, 260.2, 15.5, 1, 10678.7692, 9110.2934, 0, 3389
ng8, 2.2, 255.4, 237.4, 15.5, 1, 10676.8469, 9148.4289, 0, 2970
ng8, 1.4, 170.6, 157.0, 11.4, 1, 10675.9873, 9509.8379, 0, 1981
ng8, 0.9, 280.6, 260.4, 17.6, 1, 10673.4001, 9753.1689, 0, 1150
ng8, 0.8, 202.5, 185.6, 14.4, 1, 10668.9475, 9838.7051, 0, 1054
ng8, 0.4, 256.0, 236.2, 17.1, 1, 10666.2878, 10096.8842, 0, 587
ng8, 0.7, 201.8, 185.1, 14.2, 1, 10665.4742, 9827.3957, 0, 1047
ng8, 0.4, 398.7, 368.5, 26.9, 1, 10665.3532, 10148.4031, 0, 461
ng8, 0.5, 614.9, 575.0, 36.2, 1, 10662.5754, 10088.0688, 0, 681
ng8, 0.3, 328.5, 304.6, 21.0, 1, 10658.2252, 10111.7633, 0, 339
ng8, 0.2, 522.8, 487.2, 32.0, 1, 10656.8574, 10296.7149, 0, 250
ng8, 0.2, 393.3, 365.9, 24.3, 1, 10656.7444, 10266.7792, 0, 212
ng8, 0.2, 380.2, 351.8, 25.2, 1, 10655.3708, 10387.0487, 0, 115
ng8, 0.3, 511.5, 473.7, 34.5, 1, 10652.3074, 10195.9204, 0, 287
ng8, 0.4, 596.0, 551.8, 40.6, 1, 10651.2485, 10110.0245, 0, 478
ng8, 0.1, 769.9, 711.8, 54.0, 1, 10651.2485, 10445.1282, 0, 116
ng8, 0.2, 464.7, 429.3, 32.1, 1, 10650.144, 10293.9408, 0, 203
ng8, 0.1, 552.1, 511.0, 37.4, 1, 10650.13, 10405.932, 0, 73
ng8, 0.2, 457.7, 423.9, 30.6, 1, 10648.8894, 10432.6972, 0, 130
ng8, 0.3, 399.3, 370.6, 25.7, 1, 10647.5503, 10328.0466, 0, 233
ng8, 0.1, 545.9, 505.2, 37.2, 1, 10647.5362, 10433.7625, 0, 103
ng8, 0.1, 645.9, 598.0, 44.1, 1, 10647.5362, 10517.9165, 0, 59
ng8, 0.1, 467.3, 429.7, 34.1, 1, 10647.5354, 10472.0588, 0, 55
ng8, 0.1, 505.9, 465.9, 36.6, 1, 10647.4489, 10578.3783, 0, 19
ng8, 0.1, 496.8, 458.2, 35.0, 1, 10647.4107, 10589.6599, 0, 19
ng8, 0.1, 472.8, 435.9, 33.5, 1, 10647.4105, 10635.6599, 0, 8
ng8, 0.1, 483.9, 446.6, 33.9, 1, 10647.4048, 10645.6653, 0, 4
ng8, 0.0, 497.3, 458.6, 35.3, 1, 10647.4045, 10647.4045, 0, 0
scip_total_time, 33723.770014
Solval, number of paths, impact cutoff
10647.40449262716, 108, 0.0001
Elementary, 2-Cycle, Path Value, Path
True, True, 0.1457, (0, 132, 0)
True, True, 0.6412, (0, 91, 14, 2, 9, 47, 16, 51, 118, 0)
True, True, 0.7294, (0, 95, 60, 58, 34, 41, 105, 116, 129, 0)
True, True, 0.1667, (0, 132, 56, 123, 110, 54, 26, 35, 50, 38, 0)
True, True, 0.0021, (0, 130, 3, 72, 86, 33, 124, 12, 82, 80, 0)
True, True, 0.5498, (0, 103, 10, 62, 32, 54, 110, 123, 56, 0)
True, True, 0.9381, (0, 100, 122, 11, 114, 131, 101, 52, 40, 0)
True, True, 0.0665, (0, 85, 106, 45, 21, 46, 99, 104, 57, 119, 0)
True, True, 0.0181, (0, 118, 91, 51, 16, 14, 58, 60, 40, 0)
True, True, 0.3348, (0, 79, 120, 43, 36, 111, 99, 104, 57, 29, 0)
True, True, 0.0929, (0, 85, 106, 104, 99, 111, 36, 43, 120, 79, 0)
True, True, 0.0586, (0, 76, 82, 133, 12, 124, 33, 86, 72, 3, 0)
True, True, 0.2353, (0, 127, 112, 48, 64, 117, 69, 1, 31, 125, 0)
True, True, 0.4281, (0, 130, 3, 72, 86, 33, 124, 82, 80, 17, 0)
True, True, 0.2531, (0, 118, 51, 16, 47, 39, 2, 14, 91, 0)
True, True, 0.0995, (0, 35, 24, 37, 88, 102, 94, 93, 45, 21, 46, 106, 0)
True, True, 0.0129, (0, 60, 58, 34, 41, 25, 113, 89, 116, 129, 0)
True, True, 0.0272, (0, 115, 31, 92, 29, 85, 12, 133, 80, 0)
True, True, 0.09, (0, 80, 82, 133, 12, 33, 86, 72, 3, 19, 0)
True, True, 0.205, (0, 127, 112, 48, 64, 117, 49, 69, 1, 31, 0)
True, True, 0.3646, (0, 128, 119, 61, 71, 49, 117, 64, 48, 112, 0)
True, True, 0.1598, (0, 129, 89, 113, 25, 59, 18, 73, 39, 34, 0)
True, True, 0.0663, (0, 71, 104, 99, 46, 21, 45, 88, 37, 24, 0)
True, True, 0.0615, (0, 115, 29, 61, 71, 49, 117, 64, 112, 127, 0)
True, True, 0.0441, (0, 50, 24, 37, 88, 45, 21, 46, 99, 104, 0)
True, True, 0.1226, (0, 106, 46, 21, 45, 93, 94, 102, 88, 37, 24, 50, 0)
True, True, 0.0091, (0, 115, 85, 57, 119, 29, 92, 31, 125, 0)
True, True, 0.0438, (0, 40, 95, 60, 58, 14, 91, 118, 132, 0)
True, True, 0.0168, (0, 115, 29, 61, 71, 49, 117, 64, 48, 112, 0)
True, True, 0.2455, (0, 125, 31, 92, 29, 85, 12, 133, 76, 0)
True, True, 0.0534, (0, 106, 46, 99, 104, 111, 36, 43, 79, 49, 0)
True, True, 0.0309, (0, 95, 52, 131, 11, 114, 127, 125, 100, 0)
True, True, 0.2179, (0, 85, 106, 46, 21, 45, 94, 102, 88, 37, 24, 0)
True, True, 0.1915, (0, 125, 31, 92, 29, 85, 12, 133, 82, 0)
True, True, 0.2836, (0, 106, 46, 21, 45, 94, 102, 88, 37, 24, 54, 0)
True, True, 0.0438, (0, 91, 51, 16, 47, 39, 2, 9, 58, 0)
True, True, 0.0832, (0, 128, 115, 133, 124, 33, 86, 72, 3, 130, 0)
True, True, 0.124, (0, 128, 115, 133, 124, 33, 86, 72, 130, 19, 0)
True, True, 0.232, (0, 116, 89, 113, 25, 59, 18, 73, 39, 9, 0)
True, True, 0.0953, (0, 105, 41, 39, 73, 18, 59, 25, 113, 89, 0)
True, True, 0.2527, (0, 115, 119, 57, 61, 71, 49, 1, 69, 127, 0)
True, True, 0.0707, (0, 64, 79, 120, 43, 36, 111, 104, 57, 119, 0)
True, True, 0.0135, (0, 101, 108, 90, 43, 36, 111, 120, 79, 49, 0)
True, True, 0.0325, (0, 127, 69, 1, 49, 71, 61, 119, 29, 92, 0)
True, True, 0.018, (0, 14, 9, 39, 73, 18, 59, 25, 116, 129, 0)
True, True, 0.1667, (0, 26, 35, 32, 62, 10, 103, 38, 83, 0)
True, True, 0.0488, (0, 112, 48, 79, 120, 111, 99, 104, 57, 85, 0)
True, True, 0.3333, (0, 76, 17, 19, 38, 50, 74, 87, 78, 0)
True, True, 0.0078, (0, 14, 9, 39, 73, 18, 59, 25, 89, 116, 0)
True, True, 0.0811, (0, 128, 115, 12, 85, 29, 92, 31, 125, 0)
True, True, 0.0103, (0, 129, 25, 59, 96, 18, 73, 39, 2, 58, 0)
True, True, 0.0258, (0, 105, 25, 113, 108, 90, 43, 36, 111, 120, 0)
True, True, 0.0174, (0, 101, 108, 90, 43, 36, 111, 104, 106, 85, 0)
True, True, 0.0461, (0, 106, 46, 99, 104, 111, 120, 79, 48, 64, 127, 0)
True, True, 0.002, (0, 48, 79, 43, 36, 111, 99, 104, 57, 85, 0)
True, True, 0.124, (0, 76, 80, 82, 12, 124, 33, 86, 3, 19, 0)
True, True, 0.2836, (0, 83, 103, 10, 62, 32, 35, 26, 74, 0)
True, True, 0.0498, (0, 109, 87, 74, 50, 38, 3, 72, 130, 83, 0)
True, True, 0.0516, (0, 105, 41, 2, 39, 73, 18, 59, 25, 129, 0)
True, True, 0.0743, (0, 130, 3, 72, 124, 33, 12, 133, 115, 128, 0)
False, True, 0.3105, (0, 132, 109, 78, 74, 87, 78, 109, 132, 0)
False, True, 0.0228, (0, 132, 109, 78, 87, 74, 78, 109, 83, 0)
False, True, 0.0309, (0, 122, 131, 52, 101, 114, 11, 122, 100, 0)
True, True, 0.2602, (0, 89, 113, 108, 90, 66, 53, 77, 5, 97, 13, 96, 18, 73, 0)
True, True, 0.09, (0, 80, 82, 133, 12, 124, 86, 72, 3, 19, 0)
True, True, 0.2836, (0, 109, 87, 56, 123, 110, 26, 35, 50, 38, 0)
True, True, 0.0438, (0, 118, 51, 16, 47, 9, 39, 41, 58, 0)
False, True, 0.2386, (0, 83, 76, 17, 19, 130, 80, 115, 128, 83, 0)
False, True, 0.2039, (0, 125, 92, 119, 57, 61, 1, 69, 92, 0)
True, True, 0.0995, (0, 99, 21, 45, 93, 94, 102, 88, 37, 24, 26, 0)
False, True, 0.0979, (0, 95, 60, 105, 34, 58, 60, 95, 0)
True, True, 0.0665, (0, 120, 36, 90, 108, 66, 53, 93, 94, 102, 88, 37, 24, 0)
False, True, 0.0157, (0, 128, 115, 133, 12, 33, 124, 82, 115, 128, 0)
False, True, 0.1168, (0, 79, 120, 111, 104, 99, 36, 43, 79, 117, 0)
False, True, 0.068, (0, 127, 112, 48, 79, 120, 71, 61, 1, 69, 127, 0)
True, True, 0.059, (0, 120, 43, 90, 108, 6, 97, 13, 96, 18, 73, 39, 0)
True, True, 0.2026, (0, 25, 59, 96, 13, 97, 5, 77, 53, 66, 90, 108, 113, 89, 0)
True, True, 0.0181, (0, 129, 89, 25, 59, 18, 73, 39, 47, 14, 0)
True, True, 0.0134, (0, 48, 90, 108, 66, 53, 77, 5, 97, 13, 96, 18, 73, 9, 0)
True, True, 0.0671, (0, 90, 108, 66, 53, 77, 5, 97, 13, 96, 59, 18, 73, 41, 0)
True, True, 0.1376, (0, 25, 59, 96, 13, 6, 108, 90, 43, 36, 111, 71, 0)
True, True, 0.0284, (0, 25, 96, 13, 97, 5, 77, 53, 66, 108, 90, 43, 36, 120, 0)
True, True, 0.0075, (0, 39, 73, 18, 96, 13, 97, 6, 108, 90, 43, 79, 0)
False, True, 0.0609, (0, 6, 77, 121, 7, 63, 15, 81, 68, 30, 23, 98, 44, 107, 84, 8, 68, 81, 15, 63, 7, 121, 77, 108, 0)
True, True, 0.0998, (0, 6, 77, 121, 7, 63, 15, 81, 68, 8, 107, 84, 70, 4, 27, 22, 55, 126, 67, 20, 28, 75, 98, 65, 42, 93, 0)
True, True, 0.0564, (0, 90, 66, 53, 42, 65, 28, 75, 20, 67, 22, 27, 4, 70, 44, 107, 84, 8, 68, 81, 15, 63, 7, 121, 13, 0)
True, True, 0.0655, (0, 66, 53, 42, 65, 28, 75, 20, 67, 126, 55, 22, 27, 4, 70, 84, 107, 8, 68, 81, 15, 63, 7, 121, 97, 0)
False, True, 0.0345, (0, 13, 121, 7, 63, 15, 81, 68, 30, 23, 98, 75, 28, 20, 126, 55, 67, 70, 44, 107, 84, 8, 30, 23, 77, 6, 0)
False, True, 0.084, (0, 93, 42, 65, 98, 23, 30, 8, 84, 107, 44, 70, 4, 27, 22, 55, 126, 67, 20, 75, 28, 65, 42, 93, 94, 102, 0)
True, True, 0.0114, (0, 89, 113, 108, 90, 43, 36, 111, 104, 57, 0)
True, True, 0.2354, (0, 6, 97, 5, 121, 7, 23, 30, 8, 84, 107, 44, 70, 4, 27, 22, 55, 126, 67, 20, 75, 28, 65, 42, 53, 66, 0)
False, False, 0.0923, (0, 96, 63, 15, 81, 68, 30, 23, 98, 44, 70, 4, 27, 22, 55, 126, 67, 20, 28, 75, 98, 23, 98, 65, 42, 93, 0)
False, True, 0.0564, (0, 96, 63, 15, 81, 68, 30, 23, 98, 75, 28, 20, 126, 55, 22, 27, 4, 67, 20, 75, 28, 65, 42, 93, 0)
False, False, 0.063, (0, 96, 63, 15, 81, 68, 30, 23, 98, 44, 98, 23, 98, 44, 107, 84, 8, 68, 81, 15, 63, 7, 121, 77, 6, 0)
True, True, 0.1321, (0, 93, 42, 65, 28, 75, 20, 67, 126, 55, 22, 27, 4, 70, 84, 107, 8, 30, 68, 81, 15, 63, 7, 121, 5, 6, 0)
False, True, 0.0199, (0, 13, 121, 7, 63, 15, 81, 68, 30, 23, 98, 44, 70, 4, 27, 22, 55, 126, 67, 44, 98, 23, 30, 68, 81, 15, 63, 13, 0)
False, True, 0.0296, (0, 13, 63, 15, 81, 68, 8, 84, 107, 44, 70, 4, 27, 22, 55, 126, 67, 44, 107, 84, 8, 30, 23, 77, 6, 0)
True, True, 0.0286, (0, 108, 90, 43, 36, 99, 104, 111, 120, 79, 0)
False, True, 0.0027, (0, 125, 31, 92, 69, 1, 92, 31, 128, 0)
False, True, 0.0632, (0, 6, 77, 121, 7, 63, 15, 81, 68, 30, 8, 84, 107, 44, 67, 126, 55, 22, 27, 4, 70, 44, 98, 65, 42, 93, 0)
True, True, 0.0023, (0, 96, 63, 15, 81, 68, 8, 84, 70, 4, 27, 22, 67, 55, 126, 20, 75, 28, 65, 42, 94, 102, 0)
False, True, 0.0368, (0, 13, 121, 7, 63, 15, 81, 68, 30, 23, 98, 44, 70, 4, 27, 22, 55, 126, 20, 28, 75, 98, 23, 7, 121, 5, 97, 6, 0)
True, True, 0.0023, (0, 6, 97, 5, 121, 7, 68, 30, 23, 98, 44, 70, 4, 27, 22, 55, 126, 67, 20, 75, 28, 65, 42, 53, 66, 90, 0)
False, True, 0.0164, (0, 13, 63, 15, 81, 68, 30, 23, 98, 75, 28, 20, 126, 55, 22, 27, 4, 70, 44, 107, 84, 8, 30, 23, 77, 6, 0)
False, True, 0.0031, (0, 13, 121, 7, 23, 98, 75, 28, 20, 126, 55, 22, 27, 4, 70, 44, 107, 84, 8, 68, 81, 15, 63, 7, 121, 13, 0)
True, True, 0.0218, (0, 6, 97, 5, 121, 7, 63, 15, 81, 68, 8, 84, 107, 44, 70, 67, 55, 126, 20, 75, 28, 65, 42, 94, 102, 0)
True, True, 0.0023, (0, 13, 121, 7, 23, 30, 8, 107, 44, 70, 4, 27, 22, 55, 126, 67, 20, 75, 28, 65, 42, 53, 66, 90, 0)
True, True, 0.0023, (0, 13, 121, 7, 63, 15, 81, 84, 107, 44, 70, 4, 27, 22, 55, 126, 67, 20, 75, 28, 65, 42, 94, 102, 0)
all_elementary, False
all_cyc2, False
