Instance, X-n195-k51
capacity, 181
min_trucks, 53
output_file, output_uchoa/X-n195-k51-cyc2.log
Start date, 2022-06-27
Start time, 02-12-15
capacity, 181
num_vehicles, 53
abort_early, False
methods, ['cyc2']
max_vars, 10000
time_limit, 86400
farley, False
initial time, initial max_it, max_stale_it
1, 20000.0, 20
heuristic Number of routes, heuristic Best Solution Value, heuristic number of iterations, adjusted time, adjusted max_it, measured total time
8260, 44237.0, 8384, 1, 20000.0, 8421.5
method, python time, total time, propagated dominance time, unpropagated dominance time, pricing_success, upper_bound, lower_bound, abort_early, num_paths, 
cyc2, 2.9, 7.3, 0.0, 0.0, 1, 43859.1311, -45753.8989, 0, 62833
cyc2, 0.2, 4.6, 0.0, 0.0, 1, 43859.1311, 33980.7894, 0, 784
cyc2, 0.1, 5.0, 0.0, 0.0, 1, 43725.9301, 38540.8374, 0, 317
cyc2, 0.1, 4.9, 0.0, 0.0, 1, 43688.8917, 40690.1987, 0, 33
cyc2, 0.0, 5.0, 0.0, 0.0, 1, 43685.6069, 42976.0715, 0, 7
cyc2, 0.0, 5.0, 0.0, 0.0, 1, 43685.545, 43685.545, 0, 0
scip_total_time, 8457.58681
Solval, number of paths, impact cutoff
43685.54503266113, 161, 0.0001
Elementary, 2-Cycle, Path Value, Path
True, True, 0.625, (0, 55, 38, 18, 23, 47, 0)
True, True, 0.3673, (0, 3, 50, 0)
True, True, 1.0, (0, 92, 170, 89, 21, 0)
True, True, 1.0, (0, 52, 64, 0)
True, True, 0.0444, (0, 118, 13, 48, 0)
True, True, 1.0, (0, 143, 168, 33, 0)
True, True, 0.6073, (0, 135, 10, 0)
True, True, 0.9134, (0, 147, 163, 191, 0)
True, True, 0.3491, (0, 178, 77, 49, 0)
True, True, 0.6491, (0, 149, 123, 37, 87, 2, 0)
True, True, 1.0, (0, 177, 28, 95, 0)
True, True, 0.7, (0, 80, 68, 0)
True, True, 0.6, (0, 60, 79, 0)
True, True, 1.0, (0, 73, 41, 0)
True, True, 0.4, (0, 34, 193, 96, 83, 138, 0)
True, True, 1.0, (0, 132, 63, 0)
True, True, 0.8, (0, 165, 148, 125, 0)
True, True, 0.4549, (0, 179, 154, 139, 32, 0)
True, True, 0.6296, (0, 145, 56, 59, 0)
True, True, 0.3099, (0, 192, 82, 172, 190, 0)
True, True, 0.3673, (0, 173, 151, 70, 169, 0)
True, True, 0.5556, (0, 181, 194, 81, 7, 0)
True, True, 0.7941, (0, 86, 58, 29, 0)
True, True, 0.3734, (0, 180, 108, 91, 115, 164, 42, 0)
True, True, 0.6836, (0, 99, 119, 176, 0)
True, True, 0.3878, (0, 27, 121, 51, 65, 0)
True, True, 1.0, (0, 16, 146, 0)
True, True, 0.6327, (0, 169, 50, 0)
True, True, 0.6334, (0, 106, 160, 17, 0)
True, True, 0.0384, (0, 12, 98, 161, 155, 120, 24, 0)
True, True, 0.6341, (0, 74, 61, 53, 85, 0)
True, True, 0.7, (0, 166, 157, 144, 0)
True, True, 1.0, (0, 6, 22, 0)
True, True, 0.4, (0, 1, 60, 116, 0)
True, True, 0.3451, (0, 179, 154, 137, 173, 0)
True, True, 0.2203, (0, 152, 39, 17, 0)
True, True, 0.3673, (0, 130, 150, 183, 159, 0)
True, True, 0.6248, (0, 113, 156, 0)
True, True, 0.5451, (0, 126, 139, 137, 0)
True, True, 0.4247, (0, 112, 124, 101, 129, 0)
True, True, 0.2059, (0, 44, 35, 58, 0)
True, True, 0.1268, (0, 166, 157, 0)
True, True, 0.6, (0, 62, 162, 116, 0)
True, True, 0.5753, (0, 45, 192, 112, 151, 70, 0)
True, True, 0.7941, (0, 36, 44, 54, 0)
True, True, 0.7941, (0, 13, 118, 104, 0)
True, True, 0.3453, (0, 108, 131, 189, 117, 0)
True, True, 0.2203, (0, 152, 24, 20, 0)
True, True, 0.1462, (0, 24, 120, 155, 17, 0)
True, True, 0.3509, (0, 69, 2, 87, 0)
True, True, 0.1309, (0, 76, 15, 40, 19, 182, 0)
True, True, 0.4, (0, 30, 138, 83, 96, 193, 0)
True, True, 0.1111, (0, 181, 81, 194, 184, 0)
True, True, 0.2002, (0, 102, 111, 109, 171, 69, 0)
True, True, 0.0122, (0, 65, 51, 25, 0)
True, True, 0.0173, (0, 165, 148, 185, 129, 126, 0)
True, True, 0.3699, (0, 35, 189, 117, 12, 0)
True, True, 0.1732, (0, 157, 166, 130, 0)
True, True, 0.339, (0, 46, 71, 85, 152, 0)
True, True, 0.0426, (0, 173, 101, 172, 0)
True, True, 0.1111, (0, 182, 40, 15, 76, 145, 0)
True, True, 0.1833, (0, 42, 164, 180, 160, 0)
True, True, 0.5097, (0, 90, 120, 24, 71, 0)
True, True, 0.3164, (0, 176, 150, 183, 0)
True, True, 0.4, (0, 79, 162, 0)
True, True, 0.25, (0, 93, 75, 43, 38, 55, 0)
True, True, 0.5097, (0, 66, 39, 20, 155, 0)
True, True, 0.6327, (0, 3, 31, 159, 0)
True, True, 0.3, (0, 1, 68, 144, 0)
True, True, 0.4247, (0, 182, 19, 40, 15, 76, 45, 0)
True, True, 0.4, (0, 30, 65, 51, 153, 121, 0)
True, True, 0.5817, (0, 94, 102, 111, 109, 171, 128, 0)
True, True, 0.2, (0, 65, 83, 96, 34, 179, 0)
True, True, 0.0253, (0, 126, 101, 129, 32, 173, 0)
True, True, 0.1827, (0, 185, 148, 165, 154, 0)
True, True, 0.3927, (0, 48, 188, 88, 114, 122, 0)
True, True, 0.1192, (0, 98, 108, 91, 189, 67, 0)
True, True, 0.2059, (0, 31, 54, 29, 104, 0)
True, True, 0.7755, (0, 25, 141, 0)
True, True, 0.3927, (0, 88, 114, 8, 110, 0)
True, True, 0.1391, (0, 4, 37, 77, 49, 0)
True, True, 0.2145, (0, 53, 10, 8, 0)
True, True, 0.3752, (0, 48, 122, 113, 110, 0)
True, True, 0.1432, (0, 119, 156, 130, 0)
True, True, 0.232, (0, 156, 110, 122, 46, 0)
True, True, 0.4, (0, 27, 153, 140, 0)
True, True, 0.375, (0, 14, 26, 18, 23, 0)
True, True, 0.0269, (0, 8, 74, 85, 0)
True, True, 0.0866, (0, 130, 150, 147, 0)
True, True, 0.3927, (0, 103, 142, 135, 0)
True, True, 0.0182, (0, 174, 158, 142, 100, 103, 0)
True, True, 0.2298, (0, 130, 99, 150, 183, 0)
True, True, 0.3025, (0, 126, 101, 172, 82, 0)
True, True, 0.26, (0, 117, 98, 180, 115, 164, 0)
True, True, 0.1833, (0, 12, 106, 160, 115, 0)
True, True, 0.1782, (0, 8, 10, 61, 188, 0)
True, True, 0.1833, (0, 106, 98, 91, 115, 164, 0)
True, True, 0.2181, (0, 171, 109, 111, 175, 133, 0)
True, True, 0.0248, (0, 12, 98, 189, 117, 67, 0)
True, True, 0.1614, (0, 13, 118, 31, 0)
True, True, 0.1111, (0, 19, 40, 81, 181, 184, 0)
True, True, 0.0866, (0, 119, 163, 191, 0)
True, True, 0.2, (0, 153, 127, 51, 0)
True, True, 0.3531, (0, 185, 59, 84, 124, 0)
True, True, 0.1408, (0, 180, 108, 131, 189, 0)
True, True, 0.0866, (0, 183, 119, 99, 0)
True, True, 0.1514, (0, 53, 74, 71, 0)
True, True, 0.2122, (0, 25, 121, 27, 0)
True, True, 0.1938, (0, 127, 97, 175, 133, 102, 128, 0)
True, True, 0.2222, (0, 182, 7, 81, 194, 184, 0)
True, True, 0.1876, (0, 48, 74, 61, 8, 0)
True, True, 0.0491, (0, 149, 136, 187, 103, 142, 158, 0)
True, True, 0.0854, (0, 42, 98, 161, 155, 120, 24, 90, 66, 0)
False, True, 0.2, (0, 62, 138, 30, 62, 0)
True, True, 0.3, (0, 1, 80, 0)
False, True, 0.2049, (0, 32, 101, 129, 32, 0)
False, True, 0.2059, (0, 35, 67, 36, 35, 86, 0)
True, True, 0.2222, (0, 184, 76, 15, 40, 19, 7, 0)
False, True, 0.4909, (0, 174, 100, 142, 158, 174, 0)
False, True, 0.135, (0, 66, 39, 20, 90, 66, 0)
False, True, 0.0938, (0, 185, 56, 84, 185, 0)
False, True, 0.5, (0, 5, 93, 75, 43, 5, 0)
True, True, 0.375, (0, 9, 72, 26, 14, 0)
False, True, 0.0426, (0, 82, 124, 184, 194, 181, 184, 124, 0)
False, True, 0.4418, (0, 134, 100, 158, 134, 0)
True, True, 0.1111, (0, 184, 181, 76, 15, 19, 182, 0)
False, True, 0.2245, (0, 69, 128, 141, 69, 0)
False, True, 0.135, (0, 66, 90, 20, 39, 90, 0)
False, True, 0.1291, (0, 123, 136, 105, 186, 187, 136, 0)
False, True, 0.0527, (0, 136, 187, 186, 105, 136, 149, 0)
False, True, 0.3451, (0, 190, 82, 172, 190, 0)
False, True, 0.2, (0, 34, 193, 125, 34, 0)
False, True, 0.2218, (0, 123, 136, 105, 186, 187, 105, 0)
False, True, 0.0685, (0, 124, 184, 194, 181, 184, 124, 129, 0)
False, True, 0.24, (0, 103, 186, 187, 105, 186, 187, 136, 149, 0)
False, True, 0.1627, (0, 178, 4, 49, 178, 0)
False, True, 0.1376, (0, 67, 107, 11, 167, 107, 11, 167, 98, 42, 0)
False, True, 0.3697, (0, 140, 94, 97, 175, 133, 97, 127, 0)
False, True, 0.2145, (0, 188, 46, 114, 88, 46, 188, 0)
False, True, 0.1627, (0, 178, 37, 77, 178, 0)
False, True, 0.3491, (0, 4, 49, 77, 4, 0)
False, True, 0.0126, (0, 35, 67, 78, 57, 72, 9, 57, 78, 67, 0)
False, True, 0.3624, (0, 78, 57, 72, 9, 57, 78, 107, 11, 67, 0)
False, True, 0.125, (0, 14, 47, 75, 43, 93, 75, 0)
False, True, 0.0667, (0, 127, 97, 133, 175, 127, 0)
False, True, 0.2593, (0, 185, 84, 145, 56, 84, 129, 0)
True, True, 0.2203, (0, 42, 155, 120, 152, 0)
False, True, 0.125, (0, 9, 72, 26, 9, 57, 78, 0)
False, True, 0.1514, (0, 91, 161, 131, 91, 98, 0)
False, True, 0.0091, (0, 103, 187, 105, 103, 187, 105, 136, 149, 0)
False, True, 0.3624, (0, 12, 131, 161, 167, 107, 11, 167, 161, 0)
False, True, 0.0574, (0, 192, 70, 151, 192, 0)
False, True, 0.0173, (0, 154, 84, 56, 59, 84, 0)
True, True, 0.0491, (0, 37, 187, 103, 142, 100, 0)
False, True, 0.1163, (0, 134, 103, 186, 105, 103, 136, 0)
False, True, 0.103, (0, 140, 127, 175, 133, 140, 0)
True, True, 0.125, (0, 93, 43, 38, 55, 47, 0)
True, True, 0.125, (0, 67, 78, 57, 72, 26, 14, 47, 0)
False, True, 0.1099, (0, 173, 126, 32, 137, 173, 0)
False, True, 0.0243, (0, 94, 175, 133, 102, 175, 133, 94, 140, 0)
False, True, 0.0212, (0, 12, 180, 91, 108, 180, 0)
all_elementary, False
all_cyc2, True
