Instance, X-n129-k18
capacity, 39
min_trucks, 18
output_file, output_uchoa/X-n129-k18-ng20.log
Start date, 2022-06-26
Start time, 22-57-28
capacity, 39
num_vehicles, 18
abort_early, False
methods, ['ng20']
max_vars, 10000
time_limit, 86400
farley, False
initial time, initial max_it, max_stale_it
1, 20000.0, 20
heuristic Number of routes, heuristic Best Solution Value, heuristic number of iterations, adjusted time, adjusted max_it, measured total time
11719, 28940.0, 12723, 1, 20000.0, 12755.9
method, python time, total time, propagated dominance time, unpropagated dominance time, pricing_success, upper_bound, lower_bound, abort_early, num_paths, 
ng20, 1.2, 0.4, 0.2, 0.1, 1, 28693.0856, -23498.1538, 0, 4403
ng20, 1.8, 2.1, 1.5, 0.4, 1, 28693.0856, 6279.482, 0, 6214
ng20, 0.8, 10.6, 7.3, 2.6, 1, 28640.8058, 17687.5488, 0, 2827
ng20, 0.8, 27.3, 19.3, 6.9, 1, 28567.7782, 20689.9637, 0, 2919
ng20, 0.3, 845.7, 679.4, 162.0, 1, 28555.303, 26368.7484, 0, 1070
ng20, 0.1, 1579.8, 1277.3, 296.9, 1, 28514.8982, 27517.3028, 0, 262
ng20, 0.0, 1457.2, 1147.9, 304.0, 1, 28508.7215, 28078.1404, 0, 38
ng20, 0.1, 1613.0, 1319.5, 287.7, 1, 28502.5019, 28349.9937, 0, 12
ng20, 0.0, 1703.7, 1381.8, 316.1, 1, 28501.7928, 28455.2354, 0, 11
ng20, 0.1, 1704.5, 1375.7, 323.2, 1, 28501.7336, 28469.1966, 0, 2
ng20, 0.0, 1706.3, 1377.4, 323.1, 1, 28501.7336, 28501.7336, 0, 0
scip_total_time, 23413.491556
Solval, number of paths, impact cutoff
28501.733647956, 101, 0.0001
Elementary, 2-Cycle, Path Value, Path
True, True, 0.5516, (0, 125, 31, 69, 120, 51, 109, 83, 0)
True, True, 0.2814, (0, 126, 11, 85, 61, 41, 55, 40, 58, 101, 17, 110, 0)
True, True, 0.1795, (0, 64, 18, 59, 23, 1, 44, 90, 0)
True, True, 0.5967, (0, 102, 112, 72, 108, 71, 126, 26, 0)
True, True, 0.3641, (0, 65, 105, 104, 10, 79, 76, 11, 17, 110, 0)
True, True, 0.3349, (0, 19, 45, 48, 2, 34, 21, 33, 46, 0)
True, True, 0.5461, (0, 38, 118, 28, 127, 47, 0)
True, True, 0.0488, (0, 126, 71, 104, 10, 79, 76, 11, 105, 65, 0)
True, True, 0.1733, (0, 54, 46, 33, 21, 34, 2, 48, 29, 0)
True, True, 0.2308, (0, 32, 114, 73, 96, 95, 116, 92, 49, 100, 0)
True, True, 0.3725, (0, 88, 113, 27, 52, 20, 50, 78, 0)
True, True, 0.2194, (0, 16, 12, 96, 95, 116, 92, 49, 73, 114, 32, 0)
True, True, 0.1748, (0, 78, 50, 119, 53, 70, 127, 47, 0)
True, True, 0.3629, (0, 80, 68, 98, 4, 111, 94, 121, 63, 0)
True, True, 0.3349, (0, 19, 6, 48, 2, 34, 21, 33, 46, 22, 54, 0)
True, True, 0.5, (0, 84, 25, 77, 35, 57, 13, 56, 62, 0)
True, True, 0.3328, (0, 60, 57, 13, 56, 62, 30, 0)
True, True, 0.4386, (0, 70, 117, 115, 122, 106, 5, 123, 0)
True, True, 0.2762, (0, 86, 88, 113, 27, 52, 50, 78, 0)
True, True, 0.0756, (0, 63, 19, 6, 22, 45, 29, 111, 121, 0)
True, True, 0.1568, (0, 46, 33, 21, 34, 2, 48, 29, 6, 0)
True, True, 0.2944, (0, 119, 80, 4, 98, 68, 106, 5, 53, 0)
True, True, 0.2421, (0, 63, 9, 54, 7, 124, 82, 0)
True, True, 0.106, (0, 20, 87, 94, 111, 4, 98, 68, 80, 0)
True, True, 0.0163, (0, 16, 12, 96, 95, 116, 92, 49, 73, 100, 0)
True, True, 0.2517, (0, 53, 123, 5, 106, 122, 115, 117, 74, 0)
True, True, 0.4208, (0, 66, 64, 18, 59, 1, 44, 90, 0)
True, True, 0.051, (0, 97, 8, 37, 12, 32, 16, 99, 14, 0)
True, True, 0.1398, (0, 49, 95, 116, 92, 104, 10, 79, 76, 105, 65, 0)
True, True, 0.1653, (0, 117, 14, 28, 118, 38, 24, 0)
True, True, 0.2366, (0, 128, 107, 36, 81, 111, 94, 121, 87, 0)
True, True, 0.1684, (0, 20, 9, 19, 54, 7, 124, 82, 0)
True, True, 0.3008, (0, 101, 58, 40, 55, 41, 61, 85, 11, 65, 0)
True, True, 0.1441, (0, 87, 98, 81, 36, 107, 128, 122, 0)
True, True, 0.0015, (0, 60, 35, 57, 13, 56, 62, 84, 93, 0)
True, True, 0.0315, (0, 87, 94, 4, 81, 36, 107, 128, 122, 0)
True, True, 0.0585, (0, 126, 65, 105, 85, 61, 41, 55, 40, 58, 101, 0)
True, True, 0.0368, (0, 128, 26, 108, 100, 72, 112, 0)
True, True, 0.1572, (0, 14, 99, 31, 97, 69, 120, 109, 83, 0)
True, True, 0.1161, (0, 8, 37, 12, 73, 49, 100, 0)
True, True, 0.0153, (0, 119, 80, 87, 121, 94, 4, 98, 68, 106, 123, 0)
True, True, 0.0015, (0, 60, 77, 25, 39, 67, 0)
True, True, 0.1025, (0, 50, 20, 119, 53, 123, 70, 127, 47, 0)
True, True, 0.1636, (0, 32, 73, 96, 37, 8, 0)
True, True, 0.3399, (0, 105, 79, 76, 85, 61, 41, 55, 40, 58, 101, 17, 110, 0)
True, True, 0.3313, (0, 23, 60, 35, 77, 25, 84, 39, 0)
True, True, 0.3514, (0, 67, 39, 43, 30, 124, 86, 0)
True, True, 0.1658, (0, 8, 37, 96, 73, 114, 16, 0)
True, True, 0.0972, (0, 122, 128, 107, 36, 81, 4, 119, 0)
True, True, 0.081, (0, 24, 125, 31, 97, 99, 117, 70, 0)
True, True, 0.2418, (0, 90, 44, 1, 59, 18, 103, 0)
True, True, 0.1441, (0, 128, 107, 36, 81, 68, 80, 0)
True, True, 0.0154, (0, 4, 81, 36, 107, 128, 115, 74, 0)
True, True, 0.1656, (0, 43, 62, 56, 13, 57, 35, 60, 23, 0)
True, True, 0.2323, (0, 87, 121, 94, 81, 36, 107, 128, 115, 0)
True, True, 0.0368, (0, 81, 36, 107, 122, 117, 74, 0)
True, True, 0.0552, (0, 83, 109, 51, 8, 37, 16, 42, 99, 0)
True, True, 0.102, (0, 83, 51, 8, 37, 12, 16, 42, 99, 14, 0)
True, True, 0.062, (0, 115, 128, 107, 36, 81, 80, 0)
True, True, 0.074, (0, 82, 124, 9, 63, 20, 50, 0)
True, True, 0.0048, (0, 110, 101, 58, 40, 55, 41, 61, 85, 76, 79, 104, 126, 0)
True, True, 0.1765, (0, 78, 20, 119, 53, 123, 70, 127, 47, 24, 0)
True, True, 0.0153, (0, 119, 80, 87, 121, 94, 4, 98, 68, 5, 123, 0)
True, True, 0.1723, (0, 93, 88, 82, 113, 27, 52, 86, 0)
True, True, 0.2912, (0, 99, 42, 16, 32, 114, 12, 37, 8, 69, 97, 0)
True, True, 0.0048, (0, 126, 105, 11, 85, 61, 41, 55, 40, 58, 101, 17, 0)
True, True, 0.1837, (0, 109, 51, 120, 31, 97, 42, 99, 14, 0)
True, True, 0.3241, (0, 3, 91, 93, 75, 103, 66, 15, 0)
True, True, 0.0211, (0, 15, 66, 64, 89, 103, 75, 93, 91, 0)
True, True, 0.179, (0, 91, 75, 103, 89, 88, 3, 0)
True, True, 0.179, (0, 15, 66, 64, 89, 103, 93, 91, 3, 0)
True, True, 0.0211, (0, 15, 66, 89, 103, 75, 93, 86, 3, 0)
True, True, 0.3514, (0, 9, 6, 29, 45, 22, 7, 0)
True, True, 0.2629, (0, 3, 91, 75, 89, 15, 0)
True, True, 0.1579, (0, 67, 30, 43, 39, 59, 18, 0)
False, True, 0.2886, (0, 24, 14, 125, 28, 118, 38, 24, 0)
True, True, 0.0015, (0, 93, 67, 43, 84, 25, 77, 35, 60, 0)
True, True, 0.044, (0, 114, 73, 95, 116, 92, 104, 10, 79, 76, 65, 0)
True, True, 0.1579, (0, 1, 23, 39, 43, 30, 67, 0)
True, True, 0.1656, (0, 64, 23, 60, 77, 25, 84, 43, 67, 0)
False, True, 0.062, (0, 119, 87, 121, 111, 4, 98, 68, 119, 0)
True, True, 0.1579, (0, 75, 89, 44, 90, 15, 0)
True, True, 0.0048, (0, 114, 95, 116, 10, 79, 76, 85, 61, 41, 55, 40, 58, 0)
True, True, 0.044, (0, 100, 49, 116, 10, 104, 105, 65, 0)
True, True, 0.014, (0, 97, 12, 96, 95, 116, 92, 10, 104, 71, 0)
True, True, 0.0552, (0, 97, 42, 16, 37, 8, 120, 51, 83, 0)
True, True, 0.179, (0, 86, 52, 27, 113, 82, 89, 0)
True, True, 0.0523, (0, 14, 99, 42, 97, 120, 51, 109, 83, 125, 0)
True, True, 0.0048, (0, 110, 17, 101, 61, 85, 76, 79, 10, 104, 71, 126, 0)
True, True, 0.1641, (0, 93, 82, 67, 124, 9, 63, 0)
False, True, 0.0368, (0, 102, 112, 72, 100, 108, 26, 102, 74, 0)
False, True, 0.3296, (0, 74, 102, 112, 72, 100, 108, 26, 74, 0)
True, True, 0.1568, (0, 7, 22, 45, 29, 111, 87, 0)
False, True, 0.044, (0, 97, 42, 16, 12, 96, 95, 49, 73, 114, 32, 42, 97, 0)
True, True, 0.0048, (0, 19, 29, 58, 40, 55, 41, 101, 17, 110, 0)
True, True, 0.1407, (0, 100, 49, 95, 116, 92, 10, 104, 71, 0)
True, True, 0.146, (0, 42, 12, 96, 95, 116, 92, 10, 104, 71, 0)
True, True, 0.0812, (0, 63, 19, 6, 29, 45, 22, 54, 7, 93, 0)
True, True, 0.0488, (0, 71, 104, 76, 79, 10, 92, 49, 100, 0)
True, True, 0.0339, (0, 15, 66, 64, 103, 75, 93, 91, 3, 0)
True, True, 0.0265, (0, 125, 83, 31, 97, 42, 99, 117, 70, 0)
all_elementary, False
all_cyc2, True
