Instance, X-n139-k10
capacity, 106
min_trucks, 10
output_file, output_uchoa/X-n139-k10-cyc2.log
Start date, 2022-06-26
Start time, 22-29-45
capacity, 106
num_vehicles, 10
abort_early, False
methods, ['cyc2']
max_vars, 10000
time_limit, 86400
farley, False
initial time, initial max_it, max_stale_it
1, 20000.0, 20
heuristic Number of routes, heuristic Best Solution Value, heuristic number of iterations, adjusted time, adjusted max_it, measured total time
107, 13590.0, 141, 1, 20000.0, 154.1
method, python time, total time, propagated dominance time, unpropagated dominance time, pricing_success, upper_bound, lower_bound, abort_early, num_paths, 
cyc2, 4.3, 1.5, 0.0, 0.0, 1, 13590.0, -66447.5, 0, 27936
cyc2, 4.3, 2.4, 0.0, 0.0, 1, 13590.0, -96296.0, 0, 35760
cyc2, 4.0, 2.3, 0.0, 0.0, 1, 13590.0, -88064.1096, 0, 37344
cyc2, 4.4, 2.1, 0.0, 0.0, 1, 13590.0, -115399.1633, 0, 32221
cyc2, 4.1, 2.8, 0.0, 0.0, 1, 13590.0, -66041.0631, 0, 39884
cyc2, 4.6, 3.1, 0.0, 0.0, 1, 13590.0, -71936.794, 0, 43386
cyc2, 3.8, 2.2, 0.0, 0.0, 1, 13590.0, -67064.7335, 0, 33737
cyc2, 4.1, 3.8, 0.0, 0.0, 1, 13590.0, -46132.7808, 0, 49543
cyc2, 4.2, 4.0, 0.0, 0.0, 1, 13590.0, -40936.9268, 0, 51493
cyc2, 4.0, 2.6, 0.0, 0.0, 1, 13590.0, -32714.6164, 0, 37341
cyc2, 3.8, 3.2, 0.0, 0.0, 1, 13590.0, -68230.8235, 0, 46207
cyc2, 3.8, 2.3, 0.0, 0.0, 1, 13590.0, -40454.3911, 0, 36037
cyc2, 4.4, 3.3, 0.0, 0.0, 1, 13590.0, -24024.0102, 0, 46987
cyc2, 4.8, 4.2, 0.0, 0.0, 1, 13590.0, -56631.7288, 0, 57799
cyc2, 4.0, 4.4, 0.0, 0.0, 1, 13590.0, -50116.1331, 0, 54583
cyc2, 4.5, 4.0, 0.0, 0.0, 1, 13590.0, -49427.3409, 0, 52063
cyc2, 4.3, 3.4, 0.0, 0.0, 1, 13590.0, -34927.4915, 0, 47322
cyc2, 4.4, 4.2, 0.0, 0.0, 1, 13590.0, -39047.4752, 0, 52369
cyc2, 4.1, 4.5, 0.0, 0.0, 1, 13590.0, -34828.0595, 0, 58282
cyc2, 4.6, 4.6, 0.0, 0.0, 1, 13590.0, -39976.8667, 0, 61808
cyc2, 3.6, 3.7, 0.0, 0.0, 1, 13590.0, -17830.0539, 0, 50517
cyc2, 4.7, 4.0, 0.0, 0.0, 1, 13590.0, -29813.1147, 0, 52797
cyc2, 4.4, 5.2, 0.0, 0.0, 1, 13590.0, -46953.3807, 0, 68240
cyc2, 4.4, 4.9, 0.0, 0.0, 1, 13590.0, -25533.1967, 0, 64981
cyc2, 4.3, 4.6, 0.0, 0.0, 1, 13590.0, -19081.6142, 0, 62624
cyc2, 3.8, 4.8, 0.0, 0.0, 1, 13590.0, -26373.4383, 0, 60332
cyc2, 4.1, 4.5, 0.0, 0.0, 1, 13590.0, -35440.3149, 0, 59323
cyc2, 4.5, 4.7, 0.0, 0.0, 1, 13590.0, -18305.352, 0, 62995
cyc2, 4.1, 4.4, 0.0, 0.0, 1, 13590.0, -44897.9726, 0, 57655
cyc2, 3.8, 5.0, 0.0, 0.0, 1, 13590.0, -20388.1869, 0, 62912
cyc2, 4.1, 4.5, 0.0, 0.0, 1, 13590.0, -72496.6077, 0, 58611
cyc2, 4.2, 4.3, 0.0, 0.0, 1, 13590.0, -11622.9143, 0, 57143
cyc2, 4.2, 3.8, 0.0, 0.0, 1, 13590.0, -18909.7195, 0, 50702
cyc2, 4.5, 4.0, 0.0, 0.0, 1, 13590.0, -11266.2636, 0, 53420
cyc2, 3.8, 3.8, 0.0, 0.0, 1, 13590.0, -30152.2252, 0, 48034
cyc2, 4.7, 4.1, 0.0, 0.0, 1, 13590.0, -33192.5588, 0, 53085
cyc2, 4.4, 4.2, 0.0, 0.0, 1, 13590.0, -13249.4576, 0, 54236
cyc2, 4.0, 5.0, 0.0, 0.0, 1, 13590.0, -24420.6394, 0, 58669
cyc2, 4.4, 5.1, 0.0, 0.0, 1, 13590.0, -11778.1749, 0, 63764
cyc2, 4.4, 4.7, 0.0, 0.0, 1, 13590.0, -10444.8091, 0, 58779
cyc2, 3.7, 4.2, 0.0, 0.0, 1, 13590.0, -8126.5983, 0, 55023
cyc2, 4.0, 5.0, 0.0, 0.0, 1, 13590.0, -6111.5558, 0, 62996
cyc2, 4.3, 6.5, 0.0, 0.0, 1, 13590.0, -26223.2043, 0, 85776
cyc2, 4.2, 4.9, 0.0, 0.0, 1, 13590.0, -10807.431, 0, 62696
cyc2, 4.2, 5.0, 0.0, 0.0, 1, 13590.0, -6439.4375, 0, 61008
cyc2, 4.0, 4.9, 0.0, 0.0, 1, 13590.0, -2698.0259, 0, 56668
cyc2, 4.1, 4.8, 0.0, 0.0, 1, 13590.0, -2601.6948, 0, 58651
cyc2, 4.2, 5.8, 0.0, 0.0, 1, 13590.0, -35307.9489, 0, 71286
cyc2, 4.1, 4.5, 0.0, 0.0, 1, 13590.0, -8392.0532, 0, 54443
cyc2, 3.7, 4.0, 0.0, 0.0, 1, 13590.0, -6356.2209, 0, 47989
cyc2, 3.7, 4.5, 0.0, 0.0, 1, 13590.0, -3313.7258, 0, 54243
cyc2, 3.9, 4.8, 0.0, 0.0, 1, 13590.0, -8040.2188, 0, 59433
cyc2, 4.1, 5.4, 0.0, 0.0, 1, 13590.0, -5371.0546, 0, 66917
cyc2, 4.4, 5.0, 0.0, 0.0, 1, 13590.0, -14364.8101, 0, 61752
cyc2, 4.1, 4.3, 0.0, 0.0, 1, 13590.0, -1764.6787, 0, 51429
cyc2, 3.9, 4.7, 0.0, 0.0, 1, 13590.0, -928.905, 0, 54236
cyc2, 4.8, 4.3, 0.0, 0.0, 1, 13590.0, 1754.2937, 0, 45926
cyc2, 4.3, 4.1, 0.0, 0.0, 1, 13590.0, -1306.189, 0, 43925
cyc2, 4.4, 5.6, 0.0, 0.0, 1, 13590.0, -21594.2367, 0, 67997
cyc2, 4.1, 5.0, 0.0, 0.0, 1, 13590.0, 491.0975, 0, 56852
cyc2, 4.2, 3.9, 0.0, 0.0, 1, 13590.0, 4737.6693, 0, 39302
cyc2, 4.5, 4.3, 0.0, 0.0, 1, 13590.0, -1200.4247, 0, 49160
cyc2, 4.2, 3.5, 0.0, 0.0, 1, 13590.0, 5954.6368, 0, 31888
cyc2, 4.4, 3.0, 0.0, 0.0, 1, 13590.0, 8703.0715, 0, 24331
cyc2, 4.1, 3.7, 0.0, 0.0, 1, 13590.0, 4124.6365, 0, 34552
cyc2, 4.2, 2.9, 0.0, 0.0, 1, 13590.0, 6529.1287, 0, 25277
cyc2, 4.0, 3.8, 0.0, 0.0, 1, 13590.0, 3344.3031, 0, 36157
cyc2, 3.9, 2.5, 0.0, 0.0, 1, 13590.0, 8768.4368, 0, 18715
cyc2, 4.4, 3.7, 0.0, 0.0, 1, 13571.3381, 6974.222, 0, 31792
cyc2, 4.2, 2.7, 0.0, 0.0, 1, 13562.1066, 9015.0733, 0, 18697
cyc2, 4.3, 4.4, 0.0, 0.0, 1, 13560.6418, 914.3025, 0, 47249
cyc2, 3.8, 3.3, 0.0, 0.0, 1, 13560.6397, 5895.4464, 0, 27458
cyc2, 4.5, 2.7, 0.0, 0.0, 1, 13535.0243, 8121.311, 0, 18059
cyc2, 3.9, 2.2, 0.0, 0.0, 1, 13518.9894, 10499.3816, 0, 8760
cyc2, 4.3, 2.3, 0.0, 0.0, 1, 13445.8365, 9546.2248, 0, 11905
cyc2, 4.3, 2.4, 0.0, 0.0, 1, 13428.0267, 9468.3626, 0, 13039
cyc2, 2.9, 2.0, 0.0, 0.0, 1, 13382.6173, 11114.6533, 0, 6689
cyc2, 3.6, 2.0, 0.0, 0.0, 1, 13330.2346, 10124.2106, 0, 8490
cyc2, 2.5, 2.1, 0.0, 0.0, 1, 13306.2883, 11077.5754, 0, 5453
cyc2, 2.7, 2.1, 0.0, 0.0, 1, 13265.5157, 10556.5687, 0, 5952
cyc2, 1.2, 2.1, 0.0, 0.0, 1, 13248.3279, 12100.8195, 0, 2076
cyc2, 1.3, 2.1, 0.0, 0.0, 1, 13192.4728, 11883.3218, 0, 2539
cyc2, 0.9, 2.1, 0.0, 0.0, 1, 13173.3953, 12305.8338, 0, 1581
cyc2, 0.8, 2.1, 0.0, 0.0, 1, 13143.2429, 12395.2387, 0, 1135
cyc2, 0.7, 2.1, 0.0, 0.0, 1, 13112.0325, 12354.4228, 0, 1029
cyc2, 0.5, 2.1, 0.0, 0.0, 1, 13100.3503, 12658.8167, 0, 536
cyc2, 0.4, 2.1, 0.0, 0.0, 1, 13085.2318, 12732.9931, 0, 338
cyc2, 0.5, 2.1, 0.0, 0.0, 1, 13064.406, 12558.9148, 0, 423
cyc2, 0.4, 2.1, 0.0, 0.0, 1, 13060.0292, 12857.3548, 0, 117
cyc2, 0.3, 2.1, 0.0, 0.0, 1, 13053.168, 12838.2991, 0, 86
cyc2, 0.3, 2.1, 0.0, 0.0, 1, 13052.4903, 12963.442, 0, 44
cyc2, 0.1, 2.1, 0.0, 0.0, 1, 13052.4761, 12983.7958, 0, 12
cyc2, 0.1, 2.1, 0.0, 0.0, 1, 13052.4682, 13033.7914, 0, 8
cyc2, 0.2, 2.1, 0.0, 0.0, 1, 13052.4048, 12990.8744, 0, 13
cyc2, 0.1, 2.1, 0.0, 0.0, 1, 13052.3615, 13028.0624, 0, 5
cyc2, 0.0, 2.1, 0.0, 0.0, 1, 13052.3615, 13052.3615, 0, 0
scip_total_time, 927.638083
Solval, number of paths, impact cutoff
13052.361458700196, 82, 0.0001
Elementary, 2-Cycle, Path Value, Path
True, True, 0.0751, (0, 91, 71, 100, 67, 42, 59, 60, 15, 8, 39, 51, 84, 30, 7, 0)
True, True, 0.2149, (0, 28, 103, 21, 1, 18, 55, 46, 43, 77, 106, 82, 105, 111, 0)
False, True, 0.0201, (0, 3, 30, 7, 84, 30, 7, 84, 30, 7, 84, 30, 7, 84, 30, 7, 3, 98, 0)
False, True, 0.0001, (0, 124, 88, 109, 110, 45, 109, 110, 45, 109, 110, 45, 109, 88, 0)
False, True, 0.0752, (0, 52, 95, 126, 52, 95, 126, 52, 95, 126, 52, 95, 126, 52, 95, 0)
False, True, 0.0328, (0, 3, 98, 56, 3, 98, 56, 3, 98, 56, 3, 98, 0)
False, True, 0.1178, (0, 70, 62, 131, 38, 69, 94, 108, 69, 94, 108, 69, 94, 108, 26, 9, 0)
False, True, 0.0535, (0, 87, 99, 2, 49, 129, 53, 49, 129, 53, 49, 2, 99, 87, 29, 30, 0)
True, True, 0.0264, (0, 10, 74, 50, 123, 115, 34, 131, 38, 69, 94, 108, 26, 9, 124, 0)
True, True, 0.1403, (0, 98, 3, 0)
False, True, 0.0929, (0, 118, 85, 24, 125, 25, 36, 125, 25, 112, 22, 137, 114, 32, 16, 0)
False, True, 0.3333, (0, 88, 70, 62, 4, 23, 26, 9, 23, 26, 9, 23, 4, 124, 0)
False, True, 0.117, (0, 118, 85, 24, 36, 125, 25, 36, 125, 25, 112, 22, 26, 9, 124, 0)
False, True, 0.067, (0, 100, 67, 42, 59, 60, 42, 59, 60, 42, 59, 60, 39, 51, 7, 0)
False, True, 0.0535, (0, 87, 99, 2, 129, 53, 96, 5, 6, 96, 5, 6, 113, 90, 12, 117, 0)
False, True, 0.0555, (0, 87, 99, 2, 36, 125, 25, 36, 125, 25, 137, 114, 32, 16, 0)
False, True, 0.0703, (0, 16, 32, 118, 126, 52, 95, 126, 52, 95, 126, 52, 95, 126, 52, 0)
False, True, 0.131, (0, 98, 56, 79, 121, 54, 79, 121, 54, 79, 121, 54, 56, 0)
True, True, 0.5234, (0, 122, 138, 21, 1, 18, 55, 46, 43, 77, 106, 82, 105, 111, 0)
True, True, 0.1901, (0, 124, 62, 4, 38, 131, 34, 115, 27, 123, 50, 74, 10, 109, 0)
True, True, 0.1175, (0, 75, 133, 64, 127, 130, 93, 132, 107, 92, 41, 80, 58, 35, 110, 0)
True, True, 0.2156, (0, 118, 85, 24, 114, 137, 112, 22, 108, 94, 69, 38, 131, 62, 124, 0)
False, True, 0.2617, (0, 76, 111, 105, 82, 106, 77, 43, 46, 55, 18, 1, 21, 76, 0)
False, True, 0.1498, (0, 16, 114, 137, 112, 22, 108, 94, 69, 108, 94, 69, 38, 131, 70, 88, 0)
False, True, 0.3085, (0, 3, 91, 89, 104, 63, 28, 103, 63, 28, 103, 138, 122, 76, 56, 0)
False, True, 0.0202, (0, 88, 70, 74, 50, 123, 27, 115, 34, 27, 123, 50, 74, 70, 88, 0)
False, True, 0.2546, (0, 71, 100, 67, 42, 59, 60, 42, 59, 60, 39, 51, 84, 30, 7, 0)
True, True, 0.0447, (0, 32, 114, 137, 112, 22, 108, 94, 69, 38, 131, 34, 115, 123, 74, 0)
False, True, 0.0871, (0, 91, 81, 102, 100, 67, 42, 59, 60, 42, 59, 60, 39, 51, 84, 0)
False, True, 0.1176, (0, 54, 121, 20, 45, 109, 110, 45, 109, 110, 45, 109, 88, 124, 0)
False, True, 0.084, (0, 56, 76, 122, 138, 103, 28, 63, 103, 28, 138, 122, 76, 56, 0)
False, True, 0.2218, (0, 29, 72, 117, 12, 90, 113, 53, 129, 49, 53, 129, 49, 2, 99, 87, 0)
False, True, 0.1631, (0, 98, 79, 121, 54, 79, 121, 54, 79, 121, 54, 56, 98, 0)
True, True, 0.0592, (0, 118, 85, 24, 114, 137, 22, 112, 25, 125, 36, 2, 99, 87, 52, 0)
False, True, 0.1556, (0, 81, 102, 14, 11, 101, 128, 119, 47, 17, 37, 40, 134, 102, 71, 0)
False, True, 0.2513, (0, 7, 30, 84, 51, 39, 15, 8, 39, 51, 84, 30, 7, 3, 98, 0)
True, True, 0.052, (0, 16, 32, 9, 26, 38, 131, 34, 115, 27, 123, 50, 74, 10, 109, 0)
True, True, 0.033, (0, 32, 137, 112, 22, 108, 94, 69, 38, 131, 34, 115, 50, 74, 10, 0)
True, True, 0.256, (0, 87, 99, 2, 36, 125, 25, 112, 22, 137, 114, 24, 85, 32, 16, 0)
False, True, 0.0135, (0, 100, 67, 42, 59, 60, 42, 59, 60, 42, 59, 60, 39, 51, 30, 0)
False, True, 0.2476, (0, 89, 104, 86, 33, 135, 14, 33, 135, 14, 33, 135, 81, 91, 0)
False, True, 0.0903, (0, 8, 15, 65, 48, 61, 66, 19, 61, 48, 65, 15, 8, 0)
True, True, 0.3776, (0, 100, 67, 134, 40, 37, 17, 47, 119, 128, 116, 68, 83, 136, 86, 81, 0)
False, True, 0.0049, (0, 16, 32, 118, 126, 52, 95, 126, 52, 95, 126, 52, 118, 32, 16, 0)
False, True, 0.1663, (0, 10, 74, 50, 123, 115, 34, 27, 115, 34, 27, 123, 50, 74, 10, 0)
False, True, 0.1344, (0, 16, 32, 118, 126, 95, 52, 126, 95, 52, 126, 95, 118, 32, 16, 0)
False, True, 0.0402, (0, 118, 85, 24, 36, 125, 25, 36, 125, 25, 114, 24, 85, 118, 32, 0)
False, True, 0.1176, (0, 45, 110, 58, 35, 78, 92, 41, 80, 78, 35, 58, 110, 45, 0)
True, True, 0.7647, (0, 20, 73, 120, 78, 80, 41, 92, 107, 132, 93, 130, 127, 64, 133, 75, 0)
False, True, 0.0929, (0, 87, 99, 2, 49, 53, 129, 49, 53, 129, 49, 53, 129, 36, 24, 85, 0)
False, True, 0.1433, (0, 88, 70, 74, 50, 123, 27, 115, 34, 131, 38, 4, 62, 70, 88, 0)
True, True, 0.2696, (0, 71, 102, 134, 40, 37, 17, 11, 101, 116, 68, 83, 136, 104, 89, 0)
False, True, 0.0239, (0, 63, 136, 83, 68, 116, 83, 68, 116, 101, 11, 17, 37, 40, 134, 102, 0)
False, True, 0.4025, (0, 57, 44, 72, 117, 12, 66, 19, 61, 48, 65, 15, 8, 57, 29, 0)
False, True, 0.0903, (0, 29, 57, 8, 15, 65, 48, 19, 66, 61, 19, 66, 72, 44, 29, 0)
False, True, 0.0246, (0, 16, 32, 118, 85, 24, 114, 137, 112, 22, 137, 114, 24, 85, 118, 32, 0)
False, True, 0.2352, (0, 73, 120, 35, 58, 31, 97, 13, 31, 97, 13, 58, 35, 110, 45, 0)
False, True, 0.0368, (0, 29, 99, 2, 36, 125, 25, 36, 125, 25, 137, 114, 24, 85, 118, 0)
False, True, 0.0893, (0, 91, 89, 104, 86, 33, 135, 14, 33, 135, 14, 102, 71, 91, 3, 0)
True, True, 0.0202, (0, 88, 70, 123, 27, 115, 34, 131, 38, 69, 94, 108, 26, 9, 32, 16, 0)
True, True, 0.0001, (0, 75, 133, 64, 127, 130, 93, 132, 107, 92, 41, 80, 58, 35, 73, 20, 0)
False, True, 0.1047, (0, 29, 44, 65, 48, 66, 19, 61, 66, 19, 61, 48, 65, 57, 0)
False, True, 0.1256, (0, 63, 136, 83, 68, 116, 128, 119, 47, 11, 101, 116, 68, 83, 136, 63, 0)
False, True, 0.0588, (0, 79, 20, 110, 109, 45, 110, 109, 45, 110, 109, 45, 20, 79, 0)
False, True, 0.0539, (0, 86, 101, 11, 128, 119, 47, 11, 128, 119, 47, 11, 101, 86, 0)
False, True, 0.0184, (0, 87, 117, 12, 90, 113, 96, 5, 6, 96, 5, 6, 113, 90, 12, 117, 87, 0)
False, True, 0.0063, (0, 71, 102, 14, 11, 101, 128, 119, 47, 11, 101, 86, 104, 89, 0)
False, True, 0.0239, (0, 63, 136, 101, 11, 47, 119, 128, 101, 11, 17, 37, 40, 134, 102, 0)
False, True, 0.1765, (0, 35, 58, 31, 97, 13, 31, 97, 13, 31, 97, 13, 10, 109, 0)
False, True, 0.2854, (0, 44, 72, 90, 113, 96, 5, 6, 96, 5, 6, 96, 5, 6, 113, 90, 12, 117, 0)
False, True, 0.0393, (0, 91, 89, 104, 86, 33, 135, 14, 33, 135, 102, 81, 89, 91, 3, 0)
False, True, 0.0392, (0, 10, 74, 50, 123, 27, 115, 34, 27, 115, 34, 27, 50, 74, 10, 0)
True, True, 0.1171, (0, 87, 99, 2, 49, 129, 53, 113, 90, 66, 19, 61, 48, 65, 44, 0)
False, True, 0.0588, (0, 75, 133, 107, 132, 93, 107, 132, 93, 130, 127, 64, 130, 127, 64, 133, 75, 0)
False, True, 0.052, (0, 109, 10, 74, 50, 123, 27, 115, 34, 27, 123, 50, 10, 70, 88, 0)
True, True, 0.0072, (0, 32, 137, 112, 22, 108, 94, 69, 38, 131, 34, 115, 123, 74, 10, 0)
True, True, 0.1251, (0, 100, 67, 134, 40, 37, 17, 47, 119, 128, 101, 11, 14, 102, 71, 0)
False, True, 0.0393, (0, 104, 86, 136, 83, 68, 116, 101, 128, 119, 47, 11, 101, 86, 81, 0)
True, True, 0.0001, (0, 75, 133, 64, 127, 130, 93, 132, 107, 92, 41, 80, 58, 35, 120, 20, 0)
True, True, 0.0244, (0, 91, 81, 86, 101, 128, 119, 47, 11, 17, 37, 40, 134, 102, 71, 0)
False, True, 0.0145, (0, 81, 86, 136, 83, 68, 116, 101, 11, 47, 119, 128, 101, 86, 81, 0)
False, True, 0.0001, (0, 110, 35, 58, 31, 97, 13, 31, 97, 13, 58, 35, 110, 45, 0)
all_elementary, False
all_cyc2, True
