Instance, X-n106-k14
capacity, 600
min_trucks, 14
output_file, output_uchoa_repeat_small/X-n106-k14-SPPRC.log
Start date, 2022-07-06
Start time, 18-23-40
capacity, 600
num_vehicles, 14
abort_early, False
methods, ['SPPRC']
max_vars, 100
time_limit, 86400
farley, False
ESPPRC_heur, True
initial time, initial max_it, max_stale_it
1, 20000.0, 20
heuristic Number of routes, heuristic Best Solution Value, heuristic number of iterations, adjusted time, adjusted max_it, measured total time
2835, 26404.0, 2937, 1, 20000.0, 2954.6
method, python time, total time, propagated dominance time, unpropagated dominance time, pricing_success, upper_bound, lower_bound, abort_early, num_paths, 
SPPRC, 0.1, 0.1, 0.1, 0.0, 1, 25990.377, -11169.4533, 0, 2796
SPPRC, -0.0, 0.2, 0.1, 0.0, 1, 25990.377, -4869.5016, 0, 3052
SPPRC, 0.0, 0.1, 0.1, 0.0, 1, 25990.377, -16855.5846, 0, 2388
SPPRC, 0.0, 0.2, 0.1, 0.0, 1, 25724.2337, 12114.7442, 0, 1871
SPPRC, 0.0, 0.5, 0.4, 0.1, 1, 25724.2337, 17699.4388, 0, 1395
SPPRC, 0.0, 0.8, 0.6, 0.1, 1, 25590.9133, 23016.1515, 0, 701
SPPRC, 0.0, 0.7, 0.5, 0.1, 1, 25520.4089, 22849.6239, 0, 840
SPPRC, -0.0, 0.9, 0.7, 0.1, 1, 25507.6859, 24098.7048, 0, 670
SPPRC, -0.0, 0.9, 0.7, 0.1, 1, 25406.2154, 23175.7575, 0, 589
SPPRC, 0.0, 0.9, 0.7, 0.1, 1, 25366.1566, 24389.7331, 0, 522
SPPRC, 0.1, 0.9, 0.7, 0.1, 1, 25298.8831, 23983.3308, 0, 523
SPPRC, 0.0, 1.1, 0.8, 0.2, 1, 25280.7597, 24461.4407, 0, 379
SPPRC, 0.0, 1.0, 0.7, 0.2, 1, 25247.6153, 24430.235, 0, 330
SPPRC, 0.0, 1.0, 0.7, 0.2, 1, 25229.138, 24792.8078, 0, 200
SPPRC, 0.0, 1.1, 0.8, 0.2, 1, 25206.5555, 24974.7411, 0, 141
SPPRC, 0.0, 1.1, 0.8, 0.2, 1, 25193.6092, 25037.4775, 0, 62
SPPRC, 0.0, 1.1, 0.8, 0.2, 1, 25188.3455, 25090.3455, 0, 34
SPPRC, 0.0, 1.1, 0.8, 0.2, 1, 25186.5143, 25155.1356, 0, 12
SPPRC, 0.0, 1.1, 0.8, 0.2, 1, 25186.2628, 25186.2628, 0, 0
scip_total_time, 2970.419728
Solval, number of paths, impact cutoff
25186.262824883204, 101, 0.0001
Elementary, 2-Cycle, Path Value, Path
True, True, 0.0051, (0, 82, 57, 94, 64, 105, 17, 2, 67, 21, 0)
True, True, 0.3948, (0, 24, 12, 9, 84, 75, 7, 26, 0)
True, True, 0.0815, (0, 47, 61, 80, 65, 4, 98, 23, 42, 89, 0)
True, True, 0.2032, (0, 59, 89, 30, 42, 23, 55, 32, 73, 35, 0)
True, True, 0.3146, (0, 13, 40, 31, 17, 2, 83, 77, 67, 49, 0)
False, False, 0.4304, (0, 56, 68, 95, 47, 95, 68, 56, 25, 0)
False, False, 0.1377, (0, 48, 8, 36, 8, 36, 8, 36, 8, 48, 0)
False, False, 0.0696, (0, 25, 68, 95, 47, 95, 68, 56, 25, 0)
False, False, 0.0237, (0, 88, 86, 88, 86, 88, 86, 88, 14, 0)
False, False, 0.0153, (0, 63, 94, 64, 94, 64, 94, 64, 94, 64, 94, 63, 0)
False, False, 0.1701, (0, 27, 86, 18, 41, 18, 86, 27, 0)
False, False, 0.1655, (0, 7, 75, 7, 75, 7, 24, 102, 0)
False, False, 0.4557, (0, 20, 16, 20, 16, 10, 41, 18, 0)
True, True, 0.0577, (0, 47, 61, 80, 65, 70, 6, 50, 39, 0)
False, False, 0.1021, (0, 18, 41, 10, 41, 10, 41, 18, 78, 0)
False, False, 0.0105, (0, 79, 14, 58, 14, 58, 14, 58, 0)
False, False, 0.2024, (0, 2, 17, 69, 91, 36, 91, 69, 17, 2, 0)
False, False, 0.0763, (0, 73, 89, 30, 38, 30, 38, 59, 0)
False, False, 0.5, (0, 33, 62, 26, 62, 52, 33, 22, 0)
False, False, 0.012, (0, 61, 65, 70, 81, 70, 65, 61, 0)
False, False, 0.2943, (0, 90, 104, 1, 104, 1, 104, 1, 90, 0)
False, False, 0.0996, (0, 13, 40, 31, 40, 31, 40, 31, 40, 31, 63, 0)
False, False, 0.0305, (0, 84, 79, 37, 27, 37, 19, 56, 25, 0)
False, False, 0.1716, (0, 54, 85, 54, 85, 54, 85, 54, 85, 0)
False, False, 0.0201, (0, 21, 67, 77, 67, 77, 67, 21, 99, 0)
True, True, 0.3224, (0, 35, 73, 32, 3, 23, 98, 4, 38, 59, 0)
False, False, 0.2264, (0, 22, 102, 92, 102, 92, 102, 92, 52, 0)
False, False, 0.0227, (0, 86, 41, 86, 41, 10, 41, 86, 0)
False, False, 0.1357, (0, 100, 51, 87, 76, 87, 60, 51, 0)
False, False, 0.0827, (0, 24, 75, 84, 75, 7, 75, 24, 0)
False, False, 0.0104, (0, 2, 48, 2, 48, 2, 48, 2, 48, 2, 48, 0)
False, False, 0.2, (0, 45, 100, 45, 100, 45, 100, 45, 100, 45, 0)
False, False, 0.0444, (0, 101, 74, 34, 74, 34, 74, 43, 0)
False, False, 0.0391, (0, 50, 81, 6, 81, 6, 70, 65, 0)
False, False, 0.0502, (0, 90, 24, 90, 24, 90, 102, 92, 0)
False, False, 0.1274, (0, 63, 94, 105, 69, 91, 69, 105, 17, 31, 63, 0)
False, False, 0.1831, (0, 34, 99, 11, 99, 11, 34, 53, 0)
False, False, 0.2496, (0, 22, 5, 44, 15, 51, 15, 44, 5, 0)
False, False, 0.0391, (0, 56, 61, 39, 50, 39, 50, 39, 25, 0)
False, False, 0.4185, (0, 70, 6, 81, 6, 81, 50, 39, 0)
False, False, 0.0117, (0, 13, 31, 105, 69, 91, 69, 105, 94, 57, 0)
False, False, 0.0436, (0, 5, 15, 76, 87, 76, 60, 15, 0)
False, False, 0.3845, (0, 58, 88, 86, 88, 91, 36, 8, 48, 0)
False, False, 0.0162, (0, 10, 55, 23, 55, 23, 55, 23, 55, 10, 0)
False, False, 0.1, (0, 61, 80, 65, 80, 65, 80, 61, 80, 61, 0)
False, False, 0.0744, (0, 66, 46, 71, 49, 71, 46, 66, 97, 0)
False, False, 0.2003, (0, 96, 74, 11, 99, 11, 74, 97, 0)
False, False, 0.2686, (0, 78, 19, 37, 79, 37, 27, 37, 19, 78, 0)
False, False, 0.0339, (0, 53, 101, 28, 93, 28, 101, 12, 24, 0)
False, False, 0.1411, (0, 82, 57, 94, 64, 94, 64, 105, 69, 17, 31, 0)
False, False, 0.0254, (0, 101, 28, 93, 28, 93, 28, 93, 0)
False, False, 0.1576, (0, 57, 94, 64, 105, 64, 105, 64, 94, 57, 0)
False, False, 0.3608, (0, 78, 19, 27, 14, 58, 14, 71, 46, 0)
False, True, 0.0271, (0, 80, 65, 70, 81, 6, 70, 65, 80, 0)
False, False, 0.0071, (0, 44, 15, 51, 60, 87, 60, 51, 0)
False, False, 0.0647, (0, 19, 86, 88, 86, 88, 91, 8, 48, 0)
False, False, 0.0568, (0, 90, 24, 12, 9, 12, 1, 5, 0)
True, True, 0.3608, (0, 47, 61, 80, 65, 70, 50, 39, 25, 0)
False, False, 0.0845, (0, 94, 64, 105, 69, 105, 69, 105, 64, 94, 63, 0)
False, False, 0.0457, (0, 61, 65, 80, 65, 70, 81, 50, 39, 0)
False, False, 0.009, (0, 104, 12, 9, 12, 24, 90, 52, 0)
False, False, 0.2602, (0, 82, 57, 63, 13, 40, 13, 63, 57, 82, 0)
False, True, 0.3422, (0, 5, 15, 60, 87, 76, 60, 51, 0)
True, True, 0.2233, (0, 49, 14, 58, 48, 2, 83, 67, 21, 0)
False, False, 0.1052, (0, 52, 26, 90, 92, 102, 92, 52, 0)
False, False, 0.0481, (0, 49, 67, 83, 77, 83, 77, 67, 99, 0)
False, False, 0.0667, (0, 84, 79, 37, 79, 37, 79, 46, 66, 0)
False, False, 0.0006, (0, 89, 30, 42, 3, 55, 3, 42, 30, 89, 0)
False, False, 0.0176, (0, 104, 12, 9, 12, 9, 12, 90, 0)
False, False, 0.063, (0, 84, 79, 49, 71, 49, 46, 66, 101, 0)
True, True, 0.0069, (0, 63, 31, 17, 105, 69, 91, 88, 86, 19, 0)
False, False, 0.1119, (0, 89, 30, 42, 3, 55, 3, 55, 3, 42, 32, 0)
False, False, 0.0887, (0, 73, 32, 42, 3, 55, 3, 42, 32, 73, 35, 0)
False, False, 0.0651, (0, 35, 73, 42, 98, 4, 98, 4, 30, 89, 0)
False, False, 0.0964, (0, 84, 79, 71, 49, 71, 79, 84, 0)
False, False, 0.0301, (0, 52, 92, 104, 1, 104, 1, 104, 92, 0)
False, False, 0.1173, (0, 84, 79, 71, 49, 71, 79, 9, 0)
False, False, 0.0241, (0, 52, 90, 24, 90, 24, 90, 22, 0)
False, False, 0.0887, (0, 59, 89, 38, 89, 73, 32, 16, 20, 0)
False, True, 0.0282, (0, 53, 103, 28, 97, 93, 28, 103, 53, 0)
False, False, 0.0518, (0, 34, 99, 21, 54, 85, 54, 21, 99, 0)
False, False, 0.0261, (0, 24, 12, 9, 84, 75, 84, 7, 0)
True, True, 0.2181, (0, 59, 38, 30, 42, 98, 23, 55, 10, 0)
False, False, 0.183, (0, 21, 67, 77, 83, 77, 83, 77, 54, 21, 0)
False, False, 0.3333, (0, 96, 82, 72, 29, 72, 29, 72, 29, 0)
False, False, 0.1269, (0, 35, 89, 38, 4, 98, 4, 30, 89, 35, 0)
False, False, 0.1099, (0, 60, 87, 76, 87, 76, 87, 44, 0)
False, False, 0.0913, (0, 59, 38, 30, 4, 98, 4, 65, 61, 0)
False, False, 0.3284, (0, 53, 43, 103, 93, 97, 93, 28, 101, 0)
False, False, 0.1174, (0, 99, 21, 85, 67, 85, 21, 99, 0)
False, False, 0.3608, (0, 101, 28, 97, 66, 46, 66, 9, 12, 0)
False, False, 0.0583, (0, 5, 44, 100, 44, 51, 15, 51, 44, 0)
False, False, 0.0269, (0, 99, 21, 85, 54, 13, 40, 13, 34, 0)
False, False, 0.2091, (0, 44, 76, 43, 103, 43, 103, 43, 53, 0)
False, False, 0.0032, (0, 57, 94, 64, 94, 64, 94, 64, 94, 63, 57, 0)
False, False, 0.0296, (0, 32, 42, 23, 3, 23, 98, 4, 30, 89, 0)
False, False, 0.2332, (0, 96, 34, 74, 11, 74, 34, 96, 0)
False, True, 0.0061, (0, 100, 51, 60, 87, 76, 60, 15, 0)
False, False, 0.0669, (0, 10, 55, 23, 55, 3, 55, 3, 32, 73, 35, 0)
False, False, 0.0945, (0, 53, 103, 101, 93, 28, 93, 103, 53, 0)
False, False, 0.0079, (0, 101, 103, 28, 93, 97, 93, 28, 101, 0)
all_elementary, False
all_cyc2, False
