Instance, X-n176-k26
capacity, 142
min_trucks, 26
output_file, output_uchoa_repeat_small/X-n176-k26-cyc2.log
Start date, 2022-07-06
Start time, 17-25-38
capacity, 142
num_vehicles, 26
abort_early, False
methods, ['cyc2']
max_vars, 100
time_limit, 86400
farley, False
ESPPRC_heur, True
initial time, initial max_it, max_stale_it
1, 20000.0, 20
heuristic Number of routes, heuristic Best Solution Value, heuristic number of iterations, adjusted time, adjusted max_it, measured total time
3155, 47812.0, 2000, 10, 2000.0, 19936.8
method, python time, total time, propagated dominance time, unpropagated dominance time, pricing_success, upper_bound, lower_bound, abort_early, num_paths, 
ESPPRC_heur, 0.1, 0.5, 0.4, 0.1, 0, 47692.4589, 33422.575, True, 3255
ESPPRC_heur, 0.1, 0.6, 0.5, 0.1, 0, 47692.4589, 30212.9766, True, 4042
ESPPRC_heur, 0.0, 0.5, 0.3, 0.1, 0, 47692.4589, 41404.2523, True, 1046
ESPPRC_heur, 0.1, 0.4, 0.3, 0.0, 0, 47681.8831, 42484.6262, True, 850
ESPPRC_heur, 0.1, 0.5, 0.3, 0.1, 0, 47657.285, 42436.9195, True, 902
ESPPRC_heur, 0.1, 0.5, 0.4, 0.1, 0, 47657.285, 44418.7791, True, 604
ESPPRC_heur, 0.1, 0.5, 0.4, 0.1, 0, 47653.6853, 45530.3633, True, 568
ESPPRC_heur, 0.1, 0.5, 0.4, 0.1, 0, 47644.4694, 45565.8327, True, 365
ESPPRC_heur, 0.1, 0.5, 0.4, 0.1, 0, 47628.5794, 45791.3091, True, 337
ESPPRC_heur, 0.1, 0.5, 0.4, 0.1, 0, 47621.4929, 46480.3354, True, 232
ESPPRC_heur, 0.0, 0.6, 0.4, 0.1, 0, 47609.3755, 45959.6179, True, 323
ESPPRC_heur, 0.0, 0.5, 0.3, 0.1, 0, 47608.4748, 46812.5122, True, 165
ESPPRC_heur, -0.0, 0.6, 0.4, 0.1, 0, 47603.5046, 47228.4082, True, 38
ESPPRC_heur, 0.0, 0.5, 0.3, 0.1, 0, 47602.0137, 47219.624, True, 31
ESPPRC_heur, 0.0, 0.5, 0.3, 0.1, 0, 47600.8251, 47249.3604, True, 10
ESPPRC_heur, 0.1, 0.5, 0.4, 0.1, 0, 47600.0282, 47397.3737, True, 10
ESPPRC_heur, -0.0, 0.6, 0.4, 0.1, 0, 47599.7694, 47506.8492, True, 4
ESPPRC_heur, 0.0, 0.5, 0.4, 0.1, 0, 47599.7513, 47539.4777, True, 3
cyc2, 0.1, 3.7, 0.0, 0.0, 1, 47599.7504, 42982.2334, 0, 2181
ESPPRC_heur, 0.0, 0.7, 0.5, 0.1, 0, 47471.1756, 42488.1935, True, 719
ESPPRC_heur, -0.0, 0.7, 0.5, 0.1, 0, 47471.1756, 46234.0953, True, 361
ESPPRC_heur, 0.1, 0.6, 0.4, 0.1, 0, 47457.7758, 46094.7253, True, 209
ESPPRC_heur, 0.1, 0.6, 0.4, 0.1, 0, 47454.9249, 47059.5312, True, 72
ESPPRC_heur, 0.0, 0.6, 0.4, 0.1, 0, 47453.9778, 47234.4569, True, 25
ESPPRC_heur, 0.0, 0.6, 0.4, 0.1, 0, 47452.6284, 47262.1393, True, 11
ESPPRC_heur, 0.0, 0.6, 0.4, 0.1, 0, 47452.6076, 47435.1434, True, 3
cyc2, 0.0, 3.8, 0.0, 0.0, 1, 47452.6075, 45405.8194, 0, 2021
ESPPRC_heur, 0.0, 0.6, 0.4, 0.1, 0, 47417.0473, 44500.1119, True, 419
ESPPRC_heur, 0.0, 0.6, 0.4, 0.1, 0, 47417.0473, 46470.5738, True, 105
ESPPRC_heur, 0.0, 0.6, 0.4, 0.1, 0, 47414.5874, 47067.3607, True, 23
ESPPRC_heur, 0.0, 0.6, 0.4, 0.1, 0, 47411.3239, 47248.6195, True, 14
ESPPRC_heur, 0.0, 0.6, 0.4, 0.1, 0, 47411.171, 47188.8875, True, 11
ESPPRC_heur, 0.0, 0.6, 0.4, 0.1, 0, 47411.1346, 47390.4188, True, 2
ESPPRC_heur, 0.0, 0.6, 0.4, 0.1, 0, 47411.1168, 47395.1878, True, 5
ESPPRC_heur, 0.0, 0.6, 0.4, 0.1, 0, 47411.1167, 47395.6465, True, 1
cyc2, 0.0, 3.7, 0.0, 0.0, 1, 47411.1167, 45594.7773, 0, 1391
ESPPRC_heur, 0.0, 0.6, 0.4, 0.1, 0, 47395.3996, 47033.2557, True, 75
ESPPRC_heur, -0.0, 0.6, 0.4, 0.1, 0, 47395.0126, 47286.7402, True, 25
ESPPRC_heur, -0.0, 0.6, 0.4, 0.1, 0, 47394.9877, 47372.4591, True, 1
cyc2, 0.1, 3.6, 0.0, 0.0, 1, 47394.9877, 46112.5772, 0, 879
ESPPRC_heur, -0.0, 0.7, 0.5, 0.1, 0, 47374.6574, 47137.2281, True, 34
ESPPRC_heur, 0.0, 0.6, 0.4, 0.1, 0, 47373.8093, 47190.0101, True, 10
ESPPRC_heur, 0.0, 0.6, 0.4, 0.1, 0, 47373.766, 47231.4191, True, 6
cyc2, 0.1, 3.7, 0.0, 0.0, 1, 47373.6424, 46184.261, 0, 664
ESPPRC_heur, 0.0, 0.6, 0.4, 0.1, 0, 47371.7873, 47204.831, True, 5
cyc2, 0.1, 3.7, 0.0, 0.0, 1, 47371.699, 46914.4626, 0, 230
ESPPRC_heur, -0.0, 0.7, 0.5, 0.1, 0, 47369.0009, 47339.8514, True, 5
cyc2, 0.1, 3.7, 0.0, 0.0, 1, 47368.8963, 47208.3147, 0, 135
ESPPRC_heur, -0.0, 0.7, 0.5, 0.1, 0, 47366.5416, 47306.4396, True, 7
cyc2, 0.1, 3.7, 0.0, 0.0, 1, 47366.499, 47277.7634, 0, 48
ESPPRC_heur, 0.0, 0.6, 0.4, 0.1, 0, 47366.0162, 47355.2095, True, 1
cyc2, 0.1, 3.7, 0.0, 0.0, 1, 47366.008, 47304.1698, 0, 14
cyc2, 0.0, 3.7, 0.0, 0.0, 1, 47365.9274, 47354.8188, 0, 6
cyc2, 0.1, 3.7, 0.0, 0.0, 1, 47365.9251, 47365.9251, 0, 0
scip_total_time, 20012.294951
Solval, number of paths, impact cutoff
47365.925114423015, 147, 0.0001
Elementary, 2-Cycle, Path Value, Path
True, True, 0.3408, (0, 133, 142, 35, 45, 119, 48, 83, 38, 117, 81, 0)
True, True, 1.0, (0, 9, 169, 11, 0)
True, True, 0.4753, (0, 110, 28, 23, 40, 0)
True, True, 0.4669, (0, 111, 3, 31, 153, 0)
True, True, 0.5442, (0, 19, 166, 147, 79, 26, 120, 0)
True, True, 0.8814, (0, 21, 134, 29, 55, 0)
True, True, 0.4443, (0, 111, 90, 3, 31, 0)
True, True, 0.4558, (0, 26, 12, 0)
True, True, 0.2929, (0, 19, 36, 0)
True, True, 0.8006, (0, 27, 17, 140, 0)
True, True, 0.9587, (0, 172, 15, 159, 62, 39, 114, 0)
True, True, 0.4178, (0, 14, 127, 36, 101, 157, 93, 0)
True, True, 0.5, (0, 122, 60, 98, 171, 143, 10, 175, 0)
True, True, 0.1339, (0, 92, 104, 144, 71, 22, 118, 99, 154, 0)
True, True, 0.1994, (0, 27, 32, 49, 160, 0)
True, True, 0.4152, (0, 16, 78, 43, 116, 82, 89, 137, 136, 0)
True, True, 0.5401, (0, 69, 33, 170, 13, 74, 0)
True, True, 0.0219, (0, 34, 31, 0)
True, True, 0.3396, (0, 130, 18, 150, 78, 132, 47, 124, 0)
True, True, 0.6505, (0, 106, 63, 139, 6, 66, 138, 56, 0)
True, True, 0.0924, (0, 67, 20, 17, 0)
True, True, 0.4157, (0, 101, 161, 155, 8, 113, 84, 121, 58, 0)
True, True, 0.1339, (0, 42, 51, 53, 158, 7, 77, 86, 91, 57, 118, 0)
True, True, 0.2285, (0, 80, 129, 37, 112, 146, 108, 141, 50, 94, 59, 46, 67, 0)
True, True, 0.9781, (0, 34, 2, 0)
True, True, 0.0417, (0, 157, 161, 155, 8, 113, 84, 121, 145, 123, 0)
True, True, 0.4599, (0, 69, 33, 109, 170, 13, 0)
True, True, 0.3193, (0, 138, 40, 66, 6, 139, 63, 106, 56, 0)
True, True, 0.1339, (0, 154, 99, 22, 71, 144, 104, 156, 0)
True, True, 0.0872, (0, 150, 46, 59, 94, 50, 18, 174, 0)
True, True, 0.4556, (0, 175, 10, 143, 171, 122, 0)
True, True, 0.5325, (0, 148, 57, 91, 86, 77, 7, 158, 53, 51, 42, 0)
True, True, 0.1053, (0, 99, 135, 151, 65, 41, 24, 173, 131, 165, 0)
True, True, 0.0313, (0, 72, 136, 137, 89, 82, 116, 78, 16, 0)
True, True, 0.3204, (0, 81, 117, 85, 125, 128, 52, 4, 110, 162, 133, 44, 0)
True, True, 0.4558, (0, 120, 79, 147, 166, 155, 8, 113, 84, 121, 145, 123, 90, 0)
True, True, 0.1339, (0, 154, 135, 151, 74, 41, 24, 173, 131, 165, 0)
True, True, 0.0302, (0, 138, 106, 63, 139, 140, 159, 15, 0)
True, True, 0.1652, (0, 148, 154, 99, 118, 22, 144, 104, 92, 156, 0)
True, True, 0.1256, (0, 88, 32, 23, 97, 67, 0)
True, True, 0.433, (0, 156, 92, 144, 71, 22, 118, 99, 154, 0)
True, True, 0.2054, (0, 28, 105, 23, 40, 0)
True, True, 0.1629, (0, 14, 127, 19, 157, 93, 0)
True, True, 0.2893, (0, 93, 157, 161, 36, 127, 14, 0)
True, True, 0.0048, (0, 157, 127, 101, 161, 58, 12, 102, 73, 0)
True, True, 0.0401, (0, 58, 123, 145, 121, 84, 113, 8, 155, 161, 93, 0)
True, True, 0.1926, (0, 103, 168, 164, 85, 125, 128, 52, 4, 45, 142, 0)
True, True, 0.0444, (0, 14, 3, 90, 111, 171, 0)
True, True, 0.0111, (0, 122, 111, 90, 3, 14, 143, 0)
True, True, 0.3941, (0, 115, 80, 129, 37, 112, 146, 108, 141, 94, 59, 46, 150, 0)
True, True, 0.0074, (0, 61, 18, 43, 116, 82, 89, 137, 136, 153, 0)
True, True, 0.0555, (0, 115, 80, 129, 37, 112, 146, 108, 141, 94, 50, 46, 150, 0)
True, True, 0.024, (0, 61, 18, 43, 116, 82, 89, 72, 0)
False, True, 0.5, (0, 30, 98, 60, 30, 0)
False, True, 0.3262, (0, 103, 96, 95, 168, 164, 95, 96, 103, 1, 0)
True, True, 0.0174, (0, 58, 12, 123, 145, 72, 102, 73, 140, 39, 0)
True, True, 0.008, (0, 14, 172, 31, 114, 56, 0)
True, True, 0.1584, (0, 107, 126, 152, 68, 146, 112, 37, 129, 105, 76, 0)
True, True, 0.0067, (0, 140, 73, 102, 72, 145, 123, 12, 58, 157, 93, 0)
True, True, 0.1186, (0, 29, 37, 129, 0)
True, True, 0.0222, (0, 143, 14, 172, 31, 114, 0)
True, True, 0.0333, (0, 175, 14, 3, 90, 111, 122, 0)
True, True, 0.0283, (0, 61, 130, 107, 126, 152, 68, 112, 37, 129, 80, 110, 0)
True, True, 0.0725, (0, 133, 45, 4, 52, 80, 105, 87, 76, 160, 0)
True, True, 0.0466, (0, 73, 167, 102, 72, 123, 12, 58, 157, 93, 0)
True, True, 0.0345, (0, 42, 44, 77, 7, 64, 117, 81, 86, 91, 0)
True, True, 0.0856, (0, 42, 44, 7, 64, 117, 85, 168, 164, 95, 96, 0)
True, True, 0.0302, (0, 62, 73, 167, 102, 72, 12, 58, 157, 0)
True, True, 0.0302, (0, 81, 64, 38, 83, 48, 119, 45, 35, 162, 133, 0)
True, True, 0.1641, (0, 44, 35, 119, 48, 83, 38, 64, 81, 0)
True, True, 0.0337, (0, 81, 117, 85, 125, 128, 52, 4, 83, 48, 119, 0)
True, True, 0.182, (0, 86, 64, 38, 83, 48, 119, 45, 35, 162, 133, 0)
False, True, 0.0069, (0, 44, 77, 142, 162, 35, 142, 77, 44, 42, 0)
False, True, 0.4465, (0, 67, 124, 47, 149, 132, 16, 149, 97, 0)
False, True, 0.3184, (0, 107, 126, 152, 68, 5, 126, 152, 105, 87, 0)
False, True, 0.1236, (0, 136, 137, 82, 20, 116, 43, 20, 0)
False, True, 0.1236, (0, 72, 136, 137, 89, 82, 116, 43, 20, 82, 89, 137, 136, 72, 0)
True, True, 0.0111, (0, 90, 172, 15, 159, 140, 62, 39, 56, 0)
True, True, 0.4813, (0, 61, 115, 5, 32, 0)
True, True, 0.0111, (0, 64, 117, 85, 125, 128, 52, 4, 110, 134, 55, 53, 0)
True, True, 0.0489, (0, 64, 85, 125, 128, 52, 4, 80, 105, 76, 0)
True, True, 0.0125, (0, 105, 68, 108, 141, 50, 18, 130, 61, 0)
True, True, 0.0331, (0, 85, 125, 128, 52, 4, 80, 105, 87, 160, 0)
True, True, 0.0466, (0, 73, 72, 145, 121, 84, 113, 8, 155, 161, 0)
True, True, 0.1999, (0, 130, 18, 50, 141, 108, 68, 107, 61, 0)
False, True, 0.3595, (0, 165, 75, 70, 163, 54, 100, 109, 1, 100, 54, 163, 70, 75, 0)
False, True, 0.024, (0, 136, 89, 20, 116, 43, 20, 140, 0)
False, True, 0.0996, (0, 140, 137, 89, 20, 116, 43, 20, 0)
True, True, 0.0005, (0, 81, 64, 117, 85, 125, 128, 52, 4, 110, 134, 55, 0)
True, True, 0.107, (0, 96, 95, 164, 168, 125, 128, 52, 4, 110, 134, 55, 0)
False, True, 0.0413, (0, 44, 158, 162, 142, 35, 162, 142, 158, 53, 42, 0)
False, True, 0.107, (0, 160, 88, 174, 49, 88, 17, 47, 97, 0)
False, True, 0.0884, (0, 88, 174, 49, 88, 174, 49, 88, 174, 21, 0)
False, True, 0.2566, (0, 160, 76, 87, 28, 76, 87, 49, 88, 0)
False, True, 0.0302, (0, 53, 21, 174, 49, 88, 174, 49, 88, 66, 0)
False, True, 0.1368, (0, 46, 59, 50, 94, 59, 50, 18, 130, 0)
False, True, 0.0345, (0, 44, 77, 7, 64, 117, 81, 64, 86, 57, 0)
False, True, 0.1683, (0, 51, 53, 158, 162, 142, 35, 162, 142, 77, 44, 0)
False, True, 0.1336, (0, 1, 96, 164, 168, 95, 164, 168, 103, 0)
False, True, 0.0302, (0, 61, 160, 88, 174, 49, 88, 6, 0)
False, True, 0.0219, (0, 2, 73, 167, 25, 73, 0)
True, True, 0.0646, (0, 61, 130, 107, 5, 68, 112, 146, 108, 141, 94, 50, 46, 0)
True, True, 0.107, (0, 61, 49, 130, 18, 150, 78, 132, 0)
True, True, 0.2305, (0, 151, 65, 131, 173, 24, 91, 57, 71, 104, 0)
True, True, 0.0166, (0, 110, 80, 129, 37, 112, 146, 108, 141, 50, 46, 150, 0)
False, True, 0.1937, (0, 174, 32, 23, 174, 160, 0)
False, True, 0.0444, (0, 161, 101, 127, 161, 101, 127, 10, 0)
True, True, 0.0111, (0, 175, 143, 14, 31, 153, 114, 56, 0)
False, True, 0.0414, (0, 162, 45, 119, 48, 83, 38, 48, 119, 45, 7, 0)
False, True, 0.107, (0, 97, 20, 78, 43, 20, 124, 0)
False, True, 0.054, (0, 130, 107, 126, 152, 68, 146, 112, 68, 5, 107, 0)
False, True, 0.0328, (0, 45, 119, 48, 83, 38, 48, 119, 45, 35, 133, 0)
False, True, 0.054, (0, 135, 74, 41, 131, 173, 24, 131, 41, 74, 135, 0)
False, True, 0.0408, (0, 110, 80, 105, 126, 152, 68, 5, 126, 107, 0)
False, True, 0.0408, (0, 76, 107, 130, 18, 107, 76, 115, 0)
False, True, 0.1511, (0, 151, 65, 41, 131, 173, 24, 41, 65, 135, 0)
False, True, 0.0337, (0, 7, 119, 48, 38, 83, 48, 38, 64, 0)
False, True, 0.0826, (0, 42, 51, 53, 158, 7, 77, 86, 44, 51, 42, 0)
False, True, 0.107, (0, 67, 97, 124, 47, 132, 16, 149, 97, 0)
False, True, 0.0115, (0, 151, 65, 74, 41, 24, 173, 131, 65, 151, 99, 148, 0)
False, True, 0.0128, (0, 31, 153, 39, 31, 153, 0)
False, True, 0.3916, (0, 73, 102, 72, 145, 123, 12, 58, 167, 73, 0)
False, True, 0.1078, (0, 64, 38, 83, 4, 52, 128, 125, 85, 117, 64, 0)
False, True, 0.0756, (0, 72, 136, 137, 89, 82, 116, 43, 20, 116, 82, 89, 136, 72, 0)
False, True, 0.0449, (0, 61, 160, 76, 87, 28, 76, 49, 174, 160, 0)
False, True, 0.1339, (0, 156, 92, 104, 144, 22, 118, 104, 92, 156, 0)
False, True, 0.0337, (0, 44, 142, 35, 45, 119, 38, 83, 48, 119, 0)
False, True, 0.489, (0, 153, 25, 102, 167, 25, 0)
False, True, 0.0166, (0, 130, 18, 50, 94, 59, 50, 94, 46, 0)
False, True, 0.0311, (0, 64, 117, 85, 125, 128, 52, 4, 128, 125, 85, 64, 74, 0)
False, True, 0.0414, (0, 64, 85, 125, 128, 52, 4, 128, 125, 85, 81, 74, 0)
False, True, 0.0201, (0, 165, 70, 54, 100, 109, 1, 100, 54, 70, 165, 0)
True, True, 0.0686, (0, 148, 135, 131, 173, 24, 91, 57, 71, 104, 0)
False, True, 0.007, (0, 73, 167, 102, 72, 12, 58, 167, 73, 140, 0)
False, True, 0.0401, (0, 165, 75, 70, 163, 54, 109, 1, 100, 54, 163, 70, 165, 0)
False, True, 0.0408, (0, 80, 105, 152, 126, 5, 68, 152, 105, 80, 0)
False, True, 0.0365, (0, 58, 12, 161, 101, 127, 161, 101, 93, 0)
False, True, 0.094, (0, 148, 135, 151, 65, 41, 173, 24, 41, 74, 135, 0)
False, True, 0.094, (0, 135, 151, 65, 41, 24, 173, 131, 65, 151, 135, 148, 0)
False, True, 0.0172, (0, 148, 135, 151, 131, 173, 24, 41, 65, 151, 99, 148, 0)
False, True, 0.0803, (0, 165, 75, 163, 100, 109, 1, 100, 54, 163, 70, 75, 165, 0)
True, True, 0.0213, (0, 44, 133, 7, 64, 85, 168, 164, 95, 96, 103, 0)
False, True, 0.0401, (0, 165, 75, 70, 54, 109, 1, 100, 54, 163, 70, 75, 165, 0)
True, True, 0.0283, (0, 18, 50, 141, 108, 146, 68, 105, 115, 0)
False, True, 0.04, (0, 165, 131, 24, 173, 131, 41, 74, 65, 151, 135, 0)
False, True, 0.0178, (0, 160, 76, 87, 28, 76, 49, 174, 88, 0)
False, True, 0.0033, (0, 73, 167, 102, 58, 12, 102, 167, 73, 140, 0)
all_elementary, False
all_cyc2, True
