Instance, X-n153-k22
capacity, 144
min_trucks, 23
output_file, output_uchoa/X-n153-k22-ng20.log
Start date, 2022-06-27
Start time, 01-33-42
capacity, 144
num_vehicles, 23
abort_early, False
methods, ['ng20']
max_vars, 10000
time_limit, 86400
farley, False
initial time, initial max_it, max_stale_it
1, 20000.0, 20
heuristic Number of routes, heuristic Best Solution Value, heuristic number of iterations, adjusted time, adjusted max_it, measured total time
609, 21223.0, 313, 10, 2000.0, 3038.3
method, python time, total time, propagated dominance time, unpropagated dominance time, pricing_success, upper_bound, lower_bound, abort_early, num_paths, 
ng20, 4.4, 128.4, 108.7, 12.2, 1, 21172.7889, -16851.6172, 0, 77560
ng20, 21.7, 3.2, 2.1, 0.2, 1, 21172.7889, -91704.0167, 0, 17603
ng20, 5.1, 97.7, 81.8, 9.5, 1, 21172.7889, -4860.3358, 0, 66014
ng20, 6.7, 365.6, 330.4, 20.9, 1, 21172.7889, -2391.9207, 0, 112500
ng20, 8.4, 30.1, 23.7, 2.2, 1, 21172.7889, -7627.321, 0, 52258
ng20, 6.8, 24.1, 19.5, 1.8, 1, 21172.7889, -5627.8415, 0, 36277
ng20, 4.9, 4100.1, 3692.5, 377.6, 1, 21172.7889, 6314.8939, 0, 217276
ng20, 4.6, 598.9, 547.4, 39.0, 1, 21084.3841, 6489.572, 0, 102373
ng20, 5.1, 857.2, 782.9, 62.2, 1, 21084.3841, 1425.1341, 0, 82584
ng20, 4.1, 2175.0, 1808.8, 355.5, 1, 21084.3841, 13495.7808, 0, 48942
ng20, 3.6, 2327.8, 1897.4, 422.4, 1, 21081.9346, 11086.486, 0, 24110
ng20, 4.4, 1533.1, 1410.7, 108.5, 1, 21067.8112, 12159.6893, 0, 73990
ng20, 4.4, 2697.6, 2449.5, 240.2, 1, 21067.8112, 17574.1889, 0, 16172
ng20, 3.8, 1862.3, 1754.3, 101.6, 1, 21032.9002, 18046.7108, 0, 13443
ng20, 1.3, 1115.0, 1046.7, 63.4, 1, 21024.8868, 19255.399, 0, 2925
ng20, 2.1, 1686.0, 1539.8, 139.6, 1, 21007.3373, 19507.8503, 0, 5415
ng20, 0.8, 3216.2, 2921.9, 284.7, 1, 20991.9576, 20188.6322, 0, 1700
ng20, 0.2, 1691.4, 1571.6, 113.5, 1, 20987.4382, 20569.291, 0, 267
ng20, 0.2, 2421.8, 2239.3, 174.3, 1, 20983.3487, 20741.5352, 0, 160
ng20, 0.1, 2000.4, 1860.7, 132.5, 1, 20980.7858, 20839.3741, 0, 38
ng20, 0.1, 2446.5, 2262.8, 176.0, 1, 20979.6685, 20892.5616, 0, 19
ng20, 0.2, 2502.7, 2288.2, 206.7, 1, 20979.5747, 20791.2562, 0, 7
ng20, 0.0, 2400.8, 2219.0, 174.1, 1, 20979.574, 20979.574, 0, 0
scip_total_time, 39415.687606
Solval, number of paths, impact cutoff
20979.573968061824, 112, 0.0001
Elementary, 2-Cycle, Path Value, Path
True, True, 1.0, (0, 21, 0)
True, True, 1.0, (0, 8, 83, 0)
True, True, 0.5487, (0, 37, 52, 103, 20, 72, 81, 44, 54, 142, 73, 128, 0)
True, True, 0.7562, (0, 143, 16, 146, 130, 0)
True, True, 0.0395, (0, 31, 126, 122, 10, 0)
True, True, 0.1162, (0, 38, 134, 94, 108, 46, 133, 19, 116, 152, 0)
True, True, 0.0158, (0, 17, 12, 121, 0)
True, True, 0.5442, (0, 7, 11, 0)
True, True, 0.2157, (0, 95, 25, 42, 0)
True, True, 0.0185, (0, 129, 49, 113, 123, 136, 79, 24, 80, 61, 107, 34, 0)
True, True, 0.4074, (0, 30, 28, 60, 139, 0)
True, True, 0.6684, (0, 56, 132, 96, 22, 3, 0)
True, True, 0.0883, (0, 6, 4, 0)
True, True, 0.7843, (0, 95, 25, 0)
True, True, 0.5185, (0, 13, 34, 0)
True, True, 0.2407, (0, 145, 109, 28, 79, 30, 0)
True, True, 0.25, (0, 139, 9, 29, 0)
True, True, 0.4074, (0, 105, 110, 14, 144, 41, 88, 74, 0)
True, True, 0.3704, (0, 149, 15, 5, 141, 0)
True, True, 0.8831, (0, 12, 17, 36, 0)
True, True, 0.1011, (0, 124, 17, 12, 0)
True, True, 0.0556, (0, 30, 113, 109, 29, 0)
True, True, 0.1944, (0, 139, 9, 5, 0)
True, True, 0.3519, (0, 28, 13, 0)
True, True, 0.1111, (0, 47, 40, 1, 89, 66, 144, 41, 88, 74, 0)
True, True, 0.0645, (0, 72, 10, 126, 31, 116, 0)
True, True, 0.3168, (0, 128, 73, 142, 54, 44, 103, 20, 135, 77, 48, 0)
True, True, 0.1852, (0, 102, 87, 47, 40, 1, 89, 66, 144, 41, 88, 0)
True, True, 0.2612, (0, 134, 94, 140, 119, 91, 137, 100, 70, 59, 122, 51, 4, 0)
True, True, 0.0597, (0, 51, 122, 59, 22, 3, 0)
True, True, 0.281, (0, 53, 57, 104, 64, 82, 115, 75, 38, 112, 26, 84, 0)
True, True, 0.3841, (0, 90, 33, 63, 68, 138, 93, 55, 121, 2, 84, 71, 0)
True, True, 0.4444, (0, 101, 62, 27, 32, 35, 106, 125, 111, 131, 65, 147, 0)
True, True, 0.2438, (0, 31, 19, 143, 0)
True, True, 0.1269, (0, 37, 72, 127, 43, 151, 118, 97, 18, 114, 76, 85, 50, 98, 148, 45, 117, 0)
True, True, 0.1397, (0, 38, 31, 126, 10, 0)
True, True, 0.3333, (0, 116, 133, 31, 126, 10, 0)
True, True, 0.1251, (0, 93, 152, 19, 133, 46, 108, 94, 134, 115, 0)
True, True, 0.2998, (0, 69, 58, 26, 112, 121, 55, 93, 138, 68, 63, 33, 0)
True, True, 0.1791, (0, 10, 31, 140, 116, 0)
True, True, 0.0501, (0, 48, 77, 135, 81, 72, 20, 103, 52, 37, 90, 0)
True, True, 0.2968, (0, 71, 69, 58, 2, 138, 68, 63, 33, 90, 0)
True, True, 0.3003, (0, 121, 55, 152, 19, 133, 46, 108, 94, 134, 124, 0)
True, True, 0.6667, (0, 107, 120, 78, 61, 80, 24, 79, 136, 123, 113, 49, 129, 0)
True, True, 0.1904, (0, 7, 6, 124, 42, 0)
True, True, 0.2655, (0, 7, 6, 104, 42, 0)
True, True, 0.0035, (0, 57, 82, 6, 11, 0)
True, True, 0.5926, (0, 15, 23, 0)
True, True, 0.1389, (0, 87, 5, 29, 0)
False, True, 0.1296, (0, 34, 107, 13, 34, 0)
True, True, 0.1576, (0, 130, 146, 16, 0)
False, True, 0.0431, (0, 130, 146, 16, 130, 0)
True, True, 0.0379, (0, 146, 16, 71, 124, 82, 64, 104, 57, 53, 0)
True, True, 0.0052, (0, 146, 16, 84, 69, 82, 64, 104, 57, 53, 0)
True, True, 0.0501, (0, 90, 128, 48, 77, 54, 52, 93, 2, 0)
True, True, 0.0035, (0, 124, 104, 64, 6, 11, 0)
True, True, 0.2655, (0, 53, 57, 64, 82, 115, 75, 38, 112, 2, 0)
True, True, 0.2963, (0, 30, 109, 99, 5, 0)
True, True, 0.1169, (0, 36, 6, 69, 84, 11, 0)
True, True, 0.3319, (0, 53, 57, 124, 6, 11, 0)
True, True, 0.0597, (0, 152, 19, 126, 91, 119, 140, 108, 38, 0)
True, True, 0.1791, (0, 152, 10, 51, 122, 59, 70, 100, 137, 91, 119, 126, 46, 0)
True, True, 0.1296, (0, 78, 101, 62, 27, 32, 67, 150, 92, 99, 86, 47, 0)
True, True, 0.1389, (0, 105, 110, 145, 66, 89, 1, 40, 47, 102, 0)
True, True, 0.0158, (0, 33, 63, 68, 138, 93, 55, 112, 26, 69, 71, 0)
True, True, 0.0463, (0, 105, 110, 145, 66, 89, 1, 40, 47, 87, 102, 0)
True, True, 0.2963, (0, 147, 65, 131, 111, 125, 106, 35, 67, 150, 92, 109, 145, 14, 0)
True, True, 0.5556, (0, 39, 9, 29, 0)
True, True, 0.1111, (0, 102, 87, 149, 141, 86, 60, 1, 89, 145, 39, 0)
True, True, 0.1905, (0, 71, 69, 58, 26, 75, 115, 82, 64, 104, 42, 0)
True, True, 0.2222, (0, 102, 87, 149, 141, 86, 60, 40, 23, 47, 0)
True, True, 0.1111, (0, 74, 105, 110, 14, 66, 144, 41, 88, 0)
False, True, 0.1852, (0, 74, 88, 41, 144, 14, 110, 105, 74, 0)
True, True, 0.0298, (0, 73, 97, 118, 151, 43, 132, 96, 70, 100, 137, 91, 126, 19, 0)
True, True, 0.0556, (0, 147, 65, 131, 111, 125, 106, 35, 67, 24, 80, 49, 0)
True, True, 0.0035, (0, 33, 63, 68, 138, 2, 82, 64, 104, 53, 0)
True, True, 0.0298, (0, 152, 10, 51, 122, 59, 70, 100, 137, 96, 132, 43, 151, 118, 97, 114, 0)
True, True, 0.1543, (0, 116, 46, 126, 140, 119, 91, 137, 100, 70, 59, 4, 127, 0)
True, True, 0.0556, (0, 147, 65, 131, 111, 125, 106, 35, 67, 24, 80, 129, 0)
True, True, 0.1111, (0, 139, 23, 86, 99, 92, 150, 35, 106, 125, 111, 131, 65, 147, 0)
True, True, 0.0185, (0, 34, 120, 78, 61, 80, 24, 79, 136, 123, 113, 49, 129, 0)
True, True, 0.1111, (0, 129, 49, 113, 123, 136, 109, 1, 89, 66, 145, 110, 105, 0)
False, True, 0.1755, (0, 117, 45, 148, 98, 50, 85, 76, 18, 114, 135, 77, 48, 45, 117, 0)
True, True, 0.1755, (0, 117, 148, 98, 50, 85, 76, 114, 18, 81, 135, 77, 48, 0)
True, True, 0.2963, (0, 102, 87, 149, 141, 40, 1, 89, 66, 39, 0)
True, True, 0.037, (0, 147, 65, 131, 111, 125, 106, 35, 67, 150, 92, 99, 23, 39, 0)
True, True, 0.1379, (0, 84, 58, 26, 112, 38, 75, 115, 82, 64, 104, 42, 0)
True, True, 0.1755, (0, 48, 77, 135, 81, 114, 18, 76, 85, 50, 98, 148, 45, 0)
True, True, 0.0556, (0, 120, 101, 62, 27, 32, 67, 150, 92, 99, 86, 47, 0)
True, True, 0.0564, (0, 52, 72, 127, 151, 43, 118, 97, 18, 114, 135, 77, 48, 0)
True, True, 0.272, (0, 3, 96, 22, 122, 51, 0)
True, True, 0.2593, (0, 120, 101, 62, 27, 32, 67, 150, 92, 99, 86, 60, 0)
True, True, 0.1111, (0, 47, 86, 99, 92, 150, 67, 32, 27, 62, 101, 61, 0)
True, True, 0.0169, (0, 134, 94, 140, 119, 91, 137, 100, 70, 4, 127, 72, 0)
True, True, 0.0203, (0, 134, 94, 140, 119, 91, 137, 100, 70, 4, 56, 43, 151, 118, 97, 73, 0)
True, True, 0.1251, (0, 93, 152, 19, 133, 46, 108, 94, 134, 75, 0)
True, True, 0.0501, (0, 117, 45, 148, 98, 50, 85, 76, 18, 114, 135, 44, 142, 128, 90, 0)
True, True, 0.0298, (0, 97, 118, 151, 43, 56, 4, 51, 122, 59, 70, 100, 137, 119, 140, 108, 0)
False, True, 0.0342, (0, 90, 128, 73, 142, 54, 44, 20, 103, 52, 37, 90, 0)
True, True, 0.0556, (0, 145, 123, 136, 79, 24, 80, 61, 78, 107, 34, 0)
True, True, 0.037, (0, 139, 23, 15, 0)
False, True, 0.1289, (0, 127, 97, 118, 151, 43, 132, 59, 122, 51, 4, 56, 43, 151, 118, 97, 127, 37, 0)
True, True, 0.1526, (0, 116, 108, 140, 119, 91, 137, 100, 70, 59, 4, 56, 43, 151, 118, 97, 0)
True, True, 0.0866, (0, 108, 140, 119, 91, 137, 100, 70, 132, 4, 127, 0)
True, True, 0.1296, (0, 34, 107, 78, 61, 80, 24, 136, 123, 113, 49, 129, 0)
True, True, 0.0749, (0, 71, 84, 26, 58, 69, 82, 64, 104, 57, 53, 0)
True, True, 0.0564, (0, 117, 45, 148, 98, 50, 85, 76, 97, 118, 151, 43, 132, 4, 127, 72, 37, 0)
True, True, 0.2102, (0, 117, 45, 148, 98, 50, 85, 76, 114, 18, 97, 118, 151, 43, 127, 52, 0)
True, True, 0.0349, (0, 152, 10, 51, 70, 100, 137, 91, 119, 140, 94, 134, 124, 0)
True, True, 0.0298, (0, 117, 45, 148, 98, 50, 85, 76, 18, 97, 118, 151, 43, 127, 72, 152, 0)
False, True, 0.0501, (0, 90, 37, 52, 103, 20, 72, 81, 44, 54, 142, 73, 90, 0)
True, True, 0.0046, (0, 108, 140, 119, 91, 137, 100, 70, 59, 51, 4, 127, 37, 0)
all_elementary, False
all_cyc2, True
