Instance, X-n190-k8
capacity, 138
min_trucks, 8
output_file, output_uchoa/X-n190-k8-SPPRC.log
Start date, 2022-06-26
Start time, 22-29-45
capacity, 138
num_vehicles, 8
abort_early, False
methods, ['SPPRC']
max_vars, 10000
time_limit, 86400
farley, False
initial time, initial max_it, max_stale_it
1, 20000.0, 20
heuristic Number of routes, heuristic Best Solution Value, heuristic number of iterations, adjusted time, adjusted max_it, measured total time
125364, 17060.0, 20000, 1, 20000.0, 20448.7
method, python time, total time, propagated dominance time, unpropagated dominance time, pricing_success, upper_bound, lower_bound, abort_early, num_paths, 
SPPRC, 9.7, 4.8, 3.7, 0.2, 1, 16582.6748, -14255.758, 0, 15872
SPPRC, 6.9, 4.7, 3.7, 0.2, 1, 16582.6748, -8110.0631, 0, 14314
SPPRC, 7.7, 4.5, 3.6, 0.2, 1, 16582.6748, -1668.9046, 0, 12521
SPPRC, 10.1, 5.0, 3.8, 0.2, 1, 16582.6748, -25500.0411, 0, 17326
SPPRC, 12.3, 4.7, 3.7, 0.2, 1, 16582.6748, -6445.5591, 0, 13776
SPPRC, 7.4, 4.0, 3.4, 0.2, 1, 16582.6748, 7085.929, 0, 8691
SPPRC, 12.2, 5.4, 4.0, 0.2, 1, 16560.0397, -47549.6943, 0, 19504
SPPRC, 3.3, 4.1, 3.4, 0.2, 1, 16560.0397, 11062.0357, 0, 6051
SPPRC, 12.6, 4.7, 3.8, 0.2, 1, 16547.9867, -4289.2159, 0, 13300
SPPRC, 3.3, 4.1, 3.5, 0.2, 1, 16547.9867, 7737.9046, 0, 6067
SPPRC, 2.4, 4.2, 3.5, 0.2, 1, 16547.9867, 11396.0815, 0, 5032
SPPRC, 3.7, 4.1, 3.4, 0.2, 1, 16547.9867, 12376.4184, 0, 4363
SPPRC, 3.4, 4.1, 3.5, 0.2, 1, 16546.8234, 11900.4613, 0, 4582
SPPRC, 2.3, 4.1, 3.4, 0.2, 1, 16536.4412, 13078.4224, 0, 4220
SPPRC, 3.1, 4.0, 3.4, 0.2, 1, 16507.2011, 13606.901, 0, 3329
SPPRC, 2.7, 4.0, 3.3, 0.2, 1, 16501.6379, 13252.388, 0, 3658
SPPRC, 3.7, 3.9, 3.2, 0.2, 1, 16475.8073, 13286.6493, 0, 3376
SPPRC, 2.6, 3.9, 3.3, 0.2, 1, 16470.3021, 14358.1004, 0, 2562
SPPRC, 2.1, 4.0, 3.3, 0.2, 1, 16457.516, 14013.811, 0, 2601
SPPRC, 1.5, 3.9, 3.3, 0.2, 1, 16416.6167, 14464.8256, 0, 2431
SPPRC, 3.2, 4.0, 3.4, 0.2, 1, 16382.8104, 12109.9292, 0, 5012
SPPRC, 1.2, 3.9, 3.2, 0.2, 1, 16370.7167, 14442.6734, 0, 2093
SPPRC, 1.4, 3.8, 3.2, 0.2, 1, 16347.2058, 14348.6748, 0, 2217
SPPRC, 10.0, 4.4, 3.6, 0.2, 1, 16342.4203, -383.1222, 0, 11868
SPPRC, 1.4, 3.7, 3.1, 0.2, 1, 16342.2796, 14852.2377, 0, 1790
SPPRC, 1.0, 3.8, 3.2, 0.2, 1, 16291.5166, 14930.488, 0, 1573
SPPRC, 2.4, 4.0, 3.3, 0.2, 1, 16276.6376, 13509.9998, 0, 3177
SPPRC, 1.2, 3.9, 3.3, 0.2, 1, 16274.3073, 14352.0077, 0, 2247
SPPRC, 1.8, 3.9, 3.3, 0.2, 1, 16268.526, 15277.5397, 0, 1150
SPPRC, 1.0, 3.9, 3.3, 0.2, 1, 16247.1563, 15151.4231, 0, 1313
SPPRC, 0.8, 3.9, 3.2, 0.2, 1, 16245.958, 15447.2735, 0, 920
SPPRC, 1.0, 3.9, 3.3, 0.2, 1, 16226.5082, 15350.3338, 0, 965
SPPRC, 0.6, 3.9, 3.2, 0.2, 1, 16214.733, 15371.8911, 0, 926
SPPRC, 0.7, 3.9, 3.2, 0.2, 1, 16208.2215, 15293.7093, 0, 1074
SPPRC, 0.6, 3.8, 3.2, 0.2, 1, 16206.5026, 15524.4157, 0, 722
SPPRC, 0.5, 3.9, 3.3, 0.2, 1, 16189.6157, 15499.8181, 0, 678
SPPRC, 0.4, 3.9, 3.3, 0.2, 1, 16176.0241, 15519.086, 0, 643
SPPRC, 0.8, 3.9, 3.3, 0.2, 1, 16165.4801, 15083.8024, 0, 1174
SPPRC, 0.7, 3.9, 3.3, 0.2, 1, 16158.6746, 15194.2832, 0, 1009
SPPRC, 0.4, 3.9, 3.3, 0.2, 1, 16153.3877, 15627.4697, 0, 524
SPPRC, 0.8, 4.0, 3.3, 0.2, 1, 16142.6076, 15216.4843, 0, 1042
SPPRC, 0.5, 3.9, 3.3, 0.2, 1, 16140.6337, 15512.983, 0, 644
SPPRC, 0.3, 3.9, 3.3, 0.2, 1, 16136.8016, 15571.9413, 0, 497
SPPRC, 0.3, 3.9, 3.2, 0.2, 1, 16131.7659, 15697.4912, 0, 375
SPPRC, 0.4, 3.9, 3.3, 0.2, 1, 16124.1666, 15707.1889, 0, 377
SPPRC, 0.3, 3.9, 3.3, 0.2, 1, 16117.1698, 15599.5223, 0, 443
SPPRC, 0.3, 3.9, 3.3, 0.2, 1, 16112.803, 15785.5065, 0, 282
SPPRC, 0.8, 3.9, 3.3, 0.2, 1, 16100.5331, 15289.4621, 0, 747
SPPRC, 0.2, 3.9, 3.2, 0.2, 1, 16100.358, 15668.8741, 0, 340
SPPRC, 1.1, 3.9, 3.3, 0.2, 1, 16090.8665, 15224.4588, 0, 913
SPPRC, 0.2, 3.9, 3.2, 0.2, 1, 16090.5069, 15725.2248, 0, 314
SPPRC, 0.2, 3.9, 3.2, 0.2, 1, 16085.124, 15807.8792, 0, 244
SPPRC, 0.2, 3.9, 3.3, 0.2, 1, 16079.6861, 15838.7945, 0, 223
SPPRC, 0.2, 3.9, 3.3, 0.2, 1, 16072.3884, 15831.1226, 0, 198
SPPRC, 0.1, 3.9, 3.2, 0.2, 1, 16066.0999, 15858.8758, 0, 183
SPPRC, 0.1, 3.9, 3.3, 0.2, 1, 16060.7125, 15867.2101, 0, 160
SPPRC, 0.2, 3.9, 3.3, 0.2, 1, 16055.2415, 15896.8992, 0, 136
SPPRC, 0.1, 3.9, 3.3, 0.2, 1, 16049.4153, 15879.5706, 0, 117
SPPRC, 0.3, 3.9, 3.3, 0.2, 1, 16044.5925, 15666.5021, 0, 303
SPPRC, 0.1, 3.9, 3.3, 0.2, 1, 16044.3268, 15897.425, 0, 106
SPPRC, 0.1, 3.9, 3.3, 0.2, 1, 16039.6199, 15901.0992, 0, 107
SPPRC, 0.1, 3.9, 3.3, 0.2, 1, 16038.1303, 15896.0714, 0, 98
SPPRC, 0.1, 3.9, 3.2, 0.2, 1, 16033.9757, 15927.3601, 0, 88
SPPRC, 0.1, 3.9, 3.3, 0.2, 1, 16032.3551, 15934.1044, 0, 83
SPPRC, 0.1, 3.9, 3.3, 0.2, 1, 16031.3324, 15935.9669, 0, 82
SPPRC, 0.1, 3.9, 3.3, 0.2, 1, 16029.6431, 15958.0222, 0, 72
SPPRC, 0.1, 3.9, 3.3, 0.2, 1, 16027.3818, 15883.7791, 0, 94
SPPRC, 0.1, 3.9, 3.3, 0.2, 1, 16026.8994, 15954.5503, 0, 70
SPPRC, 0.1, 3.9, 3.3, 0.2, 1, 16025.3073, 15939.6984, 0, 73
SPPRC, 0.1, 3.9, 3.3, 0.2, 1, 16024.2878, 15944.478, 0, 63
SPPRC, 0.1, 3.9, 3.3, 0.2, 1, 16022.9956, 15955.4558, 0, 63
SPPRC, 0.1, 3.9, 3.2, 0.2, 1, 16022.1682, 15976.0202, 0, 58
SPPRC, 0.1, 3.9, 3.3, 0.2, 1, 16021.3944, 15983.1192, 0, 51
SPPRC, 0.1, 3.9, 3.3, 0.2, 1, 16020.7321, 15974.0015, 0, 53
SPPRC, 0.0, 3.9, 3.2, 0.2, 1, 16020.2987, 15979.1958, 0, 41
SPPRC, 0.0, 3.9, 3.2, 0.2, 1, 16019.7858, 15982.4701, 0, 44
SPPRC, 0.0, 3.9, 3.2, 0.2, 1, 16019.1475, 15990.4426, 0, 41
SPPRC, 0.1, 3.9, 3.3, 0.2, 1, 16018.8651, 15991.3415, 0, 33
SPPRC, 0.0, 3.9, 3.3, 0.2, 1, 16018.4037, 15999.0689, 0, 32
SPPRC, 0.1, 3.9, 3.3, 0.2, 1, 16018.1376, 15999.1282, 0, 28
SPPRC, 0.0, 3.9, 3.3, 0.2, 1, 16017.9728, 15998.667, 0, 27
SPPRC, 0.0, 3.9, 3.2, 0.2, 1, 16017.8358, 16002.8158, 0, 28
SPPRC, 0.1, 3.9, 3.3, 0.2, 1, 16017.7667, 16007.2996, 0, 27
SPPRC, 0.0, 3.9, 3.2, 0.2, 1, 16017.7045, 16011.2127, 0, 20
SPPRC, 0.0, 3.9, 3.3, 0.2, 1, 16017.6449, 16012.3888, 0, 15
SPPRC, 0.0, 3.9, 3.2, 0.2, 1, 16017.619, 16003.1673, 0, 13
SPPRC, 0.0, 3.9, 3.2, 0.2, 1, 16017.5993, 16014.755, 0, 6
SPPRC, 0.0, 3.9, 3.2, 0.2, 1, 16017.5985, 16016.8301, 0, 2
SPPRC, -0.0, 3.9, 3.2, 0.2, 1, 16017.5975, 16017.2587, 0, 1
SPPRC, -0.0, 3.9, 3.3, 0.2, 1, 16017.5975, 16017.5975, 0, 0
scip_total_time, 21365.286521
Solval, number of paths, impact cutoff
16017.59749138583, 174, 0.0001
Elementary, 2-Cycle, Path Value, Path
False, False, 0.0365, (0, 131, 118, 99, 45, 99, 45, 99, 45, 99, 45, 99, 45, 99, 45, 99, 45, 99, 45, 99, 118, 131, 0)
False, False, 0.0032, (0, 105, 19, 57, 66, 110, 163, 128, 163, 128, 163, 128, 163, 128, 163, 110, 66, 63, 57, 19, 105, 0)
False, False, 0.0293, (0, 105, 188, 57, 63, 172, 63, 172, 63, 172, 63, 172, 63, 172, 63, 172, 63, 172, 63, 172, 63, 19, 105, 0)
False, False, 0.1069, (0, 37, 29, 184, 182, 160, 182, 160, 182, 160, 182, 160, 182, 160, 182, 160, 182, 83, 29, 37, 0)
False, False, 0.0644, (0, 105, 19, 57, 63, 66, 110, 66, 110, 66, 110, 66, 110, 66, 110, 66, 110, 66, 63, 57, 19, 105, 0)
False, False, 0.0031, (0, 95, 112, 169, 78, 147, 24, 12, 176, 5, 47, 5, 47, 5, 47, 5, 47, 5, 47, 5, 47, 5, 47, 5, 47, 5, 47, 5, 47, 5, 47, 5, 47, 5, 47, 5, 47, 5, 47, 5, 176, 12, 24, 147, 78, 169, 112, 95, 0)
False, False, 0.0013, (0, 95, 169, 78, 24, 12, 176, 5, 152, 87, 152, 87, 152, 87, 152, 87, 152, 87, 152, 87, 152, 87, 152, 87, 152, 87, 152, 87, 152, 87, 152, 87, 152, 87, 152, 87, 152, 87, 152, 87, 152, 87, 152, 87, 152, 87, 152, 5, 176, 12, 24, 78, 169, 95, 0)
False, False, 0.0608, (0, 172, 168, 34, 73, 43, 58, 28, 138, 85, 80, 169, 80, 169, 80, 85, 138, 28, 58, 43, 73, 34, 4, 168, 172, 0)
False, False, 0.0487, (0, 105, 19, 63, 66, 110, 4, 128, 163, 128, 163, 128, 163, 128, 163, 128, 4, 110, 66, 63, 19, 105, 0)
False, False, 0.0197, (0, 64, 25, 183, 136, 167, 148, 98, 141, 98, 141, 98, 141, 98, 141, 98, 141, 98, 141, 98, 148, 167, 136, 183, 25, 0)
False, False, 0.0001, (0, 188, 64, 25, 183, 167, 148, 98, 141, 98, 141, 98, 141, 98, 141, 98, 141, 98, 141, 98, 148, 167, 136, 183, 25, 95, 0)
False, False, 0.0716, (0, 131, 118, 31, 184, 149, 139, 72, 139, 72, 139, 72, 139, 72, 139, 72, 139, 72, 139, 72, 139, 72, 139, 149, 184, 31, 118, 131, 0)
False, False, 0.0001, (0, 95, 143, 123, 177, 123, 177, 123, 177, 123, 177, 123, 177, 123, 177, 123, 177, 123, 177, 123, 136, 183, 25, 0)
False, False, 0.0594, (0, 64, 95, 143, 123, 177, 123, 177, 123, 177, 123, 177, 123, 177, 123, 177, 123, 177, 123, 177, 123, 143, 95, 0)
False, False, 0.008, (0, 106, 117, 11, 82, 122, 82, 122, 82, 122, 82, 122, 82, 122, 82, 122, 82, 122, 82, 116, 60, 11, 117, 106, 0)
False, False, 0.017, (0, 131, 16, 67, 46, 135, 92, 81, 145, 115, 144, 115, 144, 115, 144, 115, 144, 115, 145, 81, 92, 46, 103, 0)
False, False, 0.1094, (0, 105, 188, 57, 66, 110, 4, 163, 128, 163, 128, 163, 128, 163, 128, 163, 128, 4, 110, 66, 57, 19, 0)
False, False, 0.0596, (0, 188, 64, 25, 183, 136, 167, 148, 177, 123, 177, 123, 177, 123, 177, 123, 177, 123, 177, 148, 167, 136, 183, 25, 64, 0)
False, False, 0.0531, (0, 170, 157, 134, 7, 162, 53, 140, 189, 154, 189, 154, 189, 140, 189, 154, 189, 140, 53, 3, 96, 59, 55, 69, 0)
False, False, 0.0081, (0, 37, 184, 1, 88, 44, 127, 44, 127, 44, 127, 44, 127, 44, 127, 44, 127, 44, 127, 172, 63, 57, 19, 105, 0)
False, False, 0.008, (0, 106, 117, 11, 122, 82, 122, 82, 122, 82, 122, 82, 122, 82, 122, 82, 122, 82, 122, 11, 175, 117, 119, 0)
False, False, 0.0421, (0, 170, 157, 173, 132, 134, 7, 162, 53, 140, 189, 154, 189, 154, 189, 154, 189, 140, 53, 162, 7, 134, 157, 170, 0)
False, False, 0.0502, (0, 106, 119, 117, 175, 11, 175, 11, 175, 11, 175, 11, 175, 11, 175, 11, 175, 11, 175, 11, 175, 117, 119, 0)
False, False, 0.0337, (0, 81, 35, 68, 21, 68, 21, 68, 21, 68, 21, 68, 21, 68, 21, 68, 21, 68, 35, 109, 142, 159, 0)
False, False, 0.0167, (0, 4, 34, 73, 43, 58, 159, 138, 85, 80, 169, 80, 169, 80, 85, 138, 28, 58, 43, 73, 34, 4, 172, 0)
False, False, 0.0464, (0, 34, 73, 112, 169, 80, 150, 147, 150, 147, 150, 147, 150, 147, 150, 147, 80, 169, 112, 73, 34, 4, 0)
False, False, 0.1479, (0, 37, 29, 83, 184, 149, 1, 165, 1, 165, 88, 165, 88, 165, 1, 165, 1, 88, 1, 149, 184, 83, 29, 37, 0)
False, False, 0.0146, (0, 19, 57, 66, 110, 163, 128, 163, 128, 163, 128, 163, 128, 163, 128, 163, 110, 66, 57, 19, 0)
False, False, 0.0013, (0, 95, 78, 24, 12, 176, 5, 87, 152, 87, 152, 87, 152, 87, 152, 87, 152, 87, 152, 87, 152, 87, 152, 87, 152, 87, 152, 87, 152, 87, 152, 87, 152, 87, 152, 87, 152, 87, 152, 87, 152, 87, 152, 87, 152, 87, 5, 176, 12, 24, 78, 169, 0)
False, False, 0.0023, (0, 81, 145, 178, 179, 62, 42, 90, 42, 90, 42, 90, 42, 62, 179, 178, 145, 81, 0)
False, False, 0.0652, (0, 78, 24, 12, 176, 5, 186, 146, 186, 146, 186, 146, 186, 146, 186, 146, 186, 146, 186, 146, 186, 5, 176, 12, 24, 78, 95, 0)
False, False, 0.0875, (0, 106, 119, 26, 119, 26, 119, 49, 26, 49, 26, 49, 26, 49, 26, 49, 26, 49, 26, 49, 26, 49, 26, 119, 26, 119, 106, 0)
False, False, 0.0205, (0, 135, 178, 179, 62, 42, 90, 42, 90, 42, 90, 42, 90, 42, 62, 179, 178, 135, 0)
False, False, 0.0014, (0, 169, 78, 24, 12, 176, 5, 186, 146, 186, 146, 186, 146, 186, 146, 186, 146, 186, 146, 186, 146, 186, 5, 176, 12, 24, 78, 169, 0)
False, False, 0.0246, (0, 178, 179, 62, 42, 90, 96, 114, 9, 114, 9, 114, 9, 114, 9, 114, 9, 96, 90, 42, 62, 179, 178, 0)
False, False, 0.0526, (0, 109, 6, 48, 54, 126, 76, 185, 18, 185, 18, 185, 18, 185, 18, 185, 18, 185, 18, 185, 18, 185, 18, 185, 18, 185, 76, 126, 54, 48, 6, 0)
False, False, 0.0054, (0, 37, 29, 83, 184, 149, 1, 165, 88, 165, 88, 165, 88, 165, 88, 165, 88, 165, 83, 29, 37, 0)
False, False, 0.0239, (0, 131, 119, 49, 119, 49, 119, 49, 119, 49, 119, 49, 119, 49, 119, 49, 119, 49, 119, 49, 119, 49, 119, 49, 119, 49, 26, 119, 106, 0)
False, False, 0.0188, (0, 31, 121, 69, 55, 59, 96, 3, 53, 140, 154, 189, 154, 189, 154, 189, 154, 189, 154, 140, 53, 3, 96, 59, 55, 69, 121, 0)
False, False, 0.0685, (0, 135, 178, 179, 62, 100, 8, 100, 8, 100, 8, 100, 8, 100, 8, 100, 8, 100, 8, 100, 8, 100, 8, 100, 8, 100, 8, 100, 8, 100, 62, 179, 178, 135, 0)
False, False, 0.1294, (0, 31, 121, 69, 55, 59, 96, 3, 53, 140, 154, 189, 154, 189, 154, 189, 154, 140, 53, 162, 7, 134, 132, 173, 157, 170, 0)
False, False, 0.0714, (0, 102, 10, 43, 58, 159, 142, 89, 104, 89, 104, 89, 104, 89, 104, 89, 142, 159, 58, 43, 73, 34, 0)
False, False, 0.0461, (0, 46, 92, 81, 145, 144, 94, 50, 94, 50, 94, 50, 94, 50, 94, 50, 94, 144, 145, 81, 92, 46, 0)
False, False, 0.0348, (0, 14, 67, 51, 173, 132, 134, 7, 162, 53, 140, 53, 140, 53, 140, 53, 140, 53, 140, 53, 140, 53, 3, 96, 59, 55, 69, 0)
False, False, 0.0001, (0, 188, 64, 25, 183, 136, 167, 148, 98, 141, 98, 141, 98, 141, 98, 141, 98, 141, 98, 141, 98, 148, 167, 136, 25, 95, 0)
False, False, 0.0171, (0, 95, 112, 78, 24, 12, 86, 125, 137, 151, 174, 48, 174, 48, 174, 48, 174, 48, 174, 48, 174, 48, 174, 151, 137, 125, 86, 12, 24, 78, 112, 0)
False, False, 0.0257, (0, 14, 67, 51, 173, 134, 7, 162, 53, 140, 124, 187, 124, 187, 124, 187, 124, 187, 124, 140, 53, 162, 7, 134, 132, 173, 51, 67, 14, 0)
False, False, 0.125, (0, 95, 112, 97, 143, 97, 143, 97, 143, 97, 143, 97, 143, 97, 143, 97, 143, 97, 112, 73, 34, 0)
False, False, 0.012, (0, 188, 64, 25, 183, 136, 167, 148, 98, 141, 70, 76, 70, 76, 70, 76, 70, 181, 41, 151, 137, 125, 12, 24, 78, 0)
False, False, 0.0623, (0, 188, 64, 25, 183, 136, 167, 148, 141, 70, 76, 70, 76, 70, 76, 70, 141, 98, 148, 167, 136, 183, 25, 95, 0)
False, False, 0.0516, (0, 131, 16, 166, 51, 93, 135, 92, 81, 145, 115, 144, 115, 144, 115, 144, 115, 145, 81, 92, 46, 103, 0)
False, False, 0.0071, (0, 105, 19, 57, 63, 172, 13, 171, 110, 171, 110, 171, 13, 171, 13, 171, 13, 171, 13, 171, 13, 171, 13, 171, 13, 172, 63, 57, 19, 105, 0)
False, False, 0.0588, (0, 14, 67, 51, 173, 132, 134, 155, 17, 155, 17, 155, 17, 155, 17, 155, 17, 155, 17, 155, 17, 155, 17, 155, 17, 155, 17, 155, 17, 155, 17, 155, 17, 155, 17, 155, 17, 155, 17, 155, 17, 79, 175, 117, 106, 0)
False, False, 0.0286, (0, 14, 67, 51, 173, 132, 134, 7, 162, 53, 140, 124, 187, 124, 187, 124, 187, 124, 187, 124, 187, 15, 3, 96, 59, 55, 69, 121, 0)
False, False, 0.0292, (0, 16, 166, 157, 173, 132, 161, 74, 161, 74, 161, 74, 161, 74, 161, 74, 161, 74, 161, 132, 173, 157, 166, 16, 0)
False, False, 0.035, (0, 172, 168, 4, 34, 73, 43, 58, 159, 138, 85, 80, 169, 80, 85, 159, 58, 43, 73, 34, 4, 172, 0)
False, False, 0.0319, (0, 131, 118, 31, 45, 149, 139, 133, 156, 129, 108, 103, 108, 103, 108, 103, 108, 103, 108, 103, 108, 129, 133, 88, 83, 29, 0)
False, False, 0.0382, (0, 37, 29, 83, 184, 160, 184, 160, 182, 160, 182, 160, 182, 160, 182, 160, 182, 160, 83, 29, 37, 0)
False, False, 0.1742, (0, 37, 29, 184, 149, 1, 88, 165, 88, 44, 127, 44, 127, 44, 127, 44, 127, 44, 127, 172, 63, 57, 19, 105, 0)
False, False, 0.0066, (0, 131, 99, 14, 16, 170, 16, 170, 16, 170, 16, 170, 16, 170, 16, 170, 16, 170, 16, 170, 16, 170, 16, 170, 16, 170, 16, 170, 16, 170, 16, 170, 16, 170, 16, 170, 16, 170, 16, 170, 16, 170, 16, 170, 16, 170, 16, 14, 99, 118, 131, 0)
False, False, 0.0097, (0, 172, 4, 34, 73, 43, 58, 28, 138, 85, 80, 85, 80, 85, 138, 28, 58, 43, 73, 34, 4, 172, 0)
False, False, 0.023, (0, 188, 64, 183, 136, 167, 148, 98, 141, 98, 141, 98, 141, 98, 141, 98, 141, 98, 141, 98, 148, 167, 136, 183, 25, 64, 188, 0)
False, False, 0.0743, (0, 34, 73, 112, 169, 80, 30, 39, 30, 39, 30, 39, 30, 39, 30, 85, 138, 28, 58, 43, 73, 34, 4, 0)
False, False, 0.0633, (0, 102, 10, 159, 142, 109, 35, 6, 38, 36, 38, 36, 38, 36, 38, 36, 38, 36, 38, 2, 6, 35, 142, 159, 10, 0)
False, False, 0.0822, (0, 37, 131, 118, 99, 45, 99, 45, 99, 45, 99, 45, 99, 45, 99, 45, 99, 45, 99, 131, 37, 0)
False, False, 0.0691, (0, 131, 16, 67, 46, 135, 92, 81, 145, 115, 144, 115, 144, 115, 144, 115, 144, 115, 145, 81, 92, 46, 67, 16, 131, 0)
False, False, 0.0575, (0, 29, 83, 88, 133, 72, 133, 156, 129, 108, 103, 108, 103, 108, 103, 108, 103, 108, 103, 108, 129, 156, 133, 88, 83, 29, 0)
False, False, 0.0701, (0, 133, 46, 92, 145, 21, 68, 21, 68, 21, 68, 21, 68, 21, 68, 21, 68, 21, 145, 92, 46, 0)
False, False, 0.0586, (0, 106, 117, 11, 60, 116, 60, 79, 116, 60, 79, 60, 79, 60, 79, 60, 11, 117, 106, 0)
False, False, 0.016, (0, 106, 117, 175, 79, 116, 60, 79, 60, 79, 60, 79, 60, 79, 60, 79, 175, 117, 119, 0)
False, False, 0.0309, (0, 105, 19, 57, 66, 171, 110, 4, 163, 128, 163, 128, 163, 128, 163, 128, 163, 4, 110, 171, 13, 172, 0)
False, False, 0.1326, (0, 188, 64, 25, 183, 136, 167, 148, 84, 153, 180, 153, 84, 153, 84, 153, 84, 153, 84, 148, 167, 136, 183, 25, 64, 188, 0)
False, False, 0.0257, (0, 131, 118, 31, 149, 139, 156, 129, 108, 103, 108, 103, 108, 103, 108, 103, 108, 103, 108, 103, 108, 156, 133, 1, 83, 29, 0)
False, False, 0.0614, (0, 105, 19, 57, 63, 172, 13, 171, 13, 171, 13, 171, 13, 171, 13, 171, 13, 171, 13, 171, 13, 171, 13, 171, 13, 171, 13, 171, 66, 57, 19, 105, 0)
False, False, 0.145, (0, 170, 157, 173, 132, 134, 7, 162, 65, 20, 65, 20, 65, 20, 65, 20, 65, 20, 65, 20, 162, 7, 134, 132, 173, 157, 170, 0)
False, False, 0.192, (0, 102, 10, 43, 58, 28, 138, 85, 80, 150, 147, 150, 147, 150, 147, 150, 80, 169, 112, 73, 34, 4, 0)
False, False, 0.0072, (0, 118, 14, 16, 166, 51, 93, 75, 158, 164, 23, 111, 113, 91, 59, 91, 59, 91, 113, 111, 23, 164, 158, 75, 93, 51, 166, 16, 0)
False, False, 0.1257, (0, 4, 34, 73, 112, 169, 80, 30, 39, 30, 39, 30, 39, 30, 39, 30, 85, 138, 28, 58, 43, 10, 102, 83, 0)
False, False, 0.0133, (0, 31, 121, 69, 55, 59, 96, 3, 53, 140, 124, 187, 124, 187, 124, 187, 124, 187, 124, 140, 53, 162, 7, 134, 157, 117, 106, 0)
False, False, 0.0353, (0, 14, 67, 93, 75, 158, 164, 23, 111, 33, 107, 33, 107, 33, 107, 33, 107, 33, 107, 33, 111, 23, 164, 158, 75, 93, 67, 14, 118, 0)
False, False, 0.0479, (0, 109, 6, 48, 54, 126, 76, 18, 185, 18, 185, 18, 185, 18, 185, 18, 185, 18, 185, 18, 185, 18, 185, 18, 185, 18, 76, 126, 54, 48, 6, 0)
False, False, 0.0464, (0, 102, 10, 43, 58, 159, 142, 104, 89, 104, 89, 104, 89, 104, 89, 104, 89, 104, 89, 142, 159, 10, 0)
False, False, 0.0872, (0, 83, 10, 43, 58, 159, 142, 104, 89, 104, 89, 104, 89, 104, 89, 104, 142, 159, 58, 43, 10, 83, 0)
False, False, 0.0773, (0, 95, 78, 24, 12, 176, 5, 101, 71, 52, 71, 52, 71, 52, 71, 52, 71, 52, 71, 52, 71, 52, 71, 52, 71, 52, 71, 52, 71, 52, 71, 52, 176, 12, 24, 78, 95, 0)
False, False, 0.039, (0, 31, 121, 69, 55, 59, 96, 3, 27, 187, 124, 187, 124, 187, 124, 187, 124, 187, 124, 187, 27, 3, 96, 59, 55, 69, 121, 0)
False, False, 0.0012, (0, 106, 119, 49, 26, 49, 26, 49, 26, 49, 26, 49, 26, 49, 26, 49, 26, 49, 26, 49, 26, 49, 26, 49, 26, 49, 26, 119, 131, 0)
False, False, 0.1924, (0, 170, 166, 51, 93, 75, 121, 158, 164, 23, 111, 113, 91, 113, 91, 59, 91, 113, 111, 23, 164, 158, 121, 75, 93, 51, 166, 16, 0)
False, False, 0.0379, (0, 105, 19, 57, 63, 172, 120, 168, 120, 168, 120, 168, 120, 168, 120, 168, 120, 168, 120, 168, 120, 168, 120, 168, 120, 168, 120, 13, 171, 13, 120, 172, 63, 57, 19, 105, 0)
False, False, 0.0065, (0, 109, 6, 137, 151, 41, 181, 70, 76, 40, 32, 61, 32, 61, 32, 61, 32, 61, 32, 61, 32, 61, 32, 61, 32, 61, 32, 61, 32, 61, 32, 40, 32, 40, 76, 70, 181, 41, 151, 137, 6, 109, 0)
False, False, 0.0006, (0, 31, 156, 46, 135, 92, 81, 145, 115, 144, 115, 144, 115, 144, 115, 144, 115, 145, 81, 92, 135, 46, 133, 0)
False, False, 0.0436, (0, 102, 159, 142, 109, 35, 6, 38, 36, 22, 77, 22, 77, 22, 77, 22, 77, 22, 36, 38, 6, 35, 142, 159, 0)
False, False, 0.0599, (0, 133, 46, 92, 81, 145, 115, 50, 94, 50, 94, 50, 94, 50, 94, 50, 94, 144, 145, 81, 92, 46, 0)
False, False, 0.1258, (0, 106, 117, 175, 79, 116, 82, 122, 82, 122, 82, 122, 82, 122, 82, 122, 82, 122, 82, 122, 11, 117, 119, 0)
False, False, 0.0473, (0, 131, 118, 31, 149, 139, 133, 129, 108, 103, 108, 103, 108, 103, 108, 103, 108, 103, 108, 129, 133, 72, 139, 149, 31, 118, 131, 0)
False, False, 0.0479, (0, 81, 35, 130, 56, 130, 56, 130, 56, 130, 56, 130, 56, 130, 56, 130, 56, 130, 56, 130, 56, 130, 56, 8, 56, 130, 35, 109, 142, 0)
False, False, 0.0292, (0, 14, 16, 166, 157, 173, 132, 74, 161, 74, 161, 74, 161, 74, 161, 74, 161, 74, 161, 74, 132, 173, 157, 166, 16, 0)
False, False, 0.0667, (0, 95, 78, 24, 12, 176, 5, 101, 146, 186, 146, 186, 146, 186, 146, 186, 146, 186, 146, 186, 146, 186, 146, 5, 176, 12, 24, 78, 0)
False, False, 0.0833, (0, 95, 112, 169, 78, 147, 24, 12, 176, 5, 47, 101, 47, 101, 47, 101, 47, 101, 47, 101, 47, 101, 47, 101, 47, 101, 47, 101, 47, 101, 47, 5, 176, 12, 24, 147, 78, 169, 112, 95, 0)
False, False, 0.1366, (0, 106, 117, 175, 11, 60, 116, 79, 116, 79, 116, 79, 116, 60, 116, 60, 11, 175, 117, 106, 0)
False, False, 0.1853, (0, 31, 121, 69, 55, 59, 96, 3, 27, 15, 27, 15, 27, 15, 27, 15, 3, 90, 42, 62, 179, 178, 0)
False, False, 0.0839, (0, 22, 77, 137, 151, 41, 181, 126, 181, 41, 181, 41, 181, 41, 181, 41, 181, 41, 151, 137, 77, 22, 0)
False, False, 0.0282, (0, 105, 19, 57, 63, 172, 120, 168, 120, 168, 120, 168, 120, 168, 120, 168, 120, 168, 120, 168, 120, 168, 120, 168, 120, 13, 171, 110, 171, 13, 172, 63, 57, 19, 105, 0)
False, False, 0.0252, (0, 106, 117, 175, 11, 60, 116, 60, 116, 60, 79, 60, 79, 60, 79, 60, 11, 175, 117, 106, 0)
False, False, 0.0791, (0, 118, 14, 16, 166, 157, 173, 132, 134, 161, 74, 161, 74, 161, 74, 161, 74, 161, 74, 161, 74, 132, 173, 157, 166, 16, 0)
False, False, 0.0268, (0, 22, 77, 137, 151, 174, 48, 54, 126, 54, 126, 54, 126, 54, 126, 54, 126, 54, 126, 54, 126, 54, 126, 54, 126, 54, 48, 174, 151, 137, 77, 22, 0)
False, False, 0.0047, (0, 78, 24, 12, 125, 137, 151, 41, 181, 41, 181, 41, 181, 41, 181, 41, 181, 41, 181, 41, 151, 137, 125, 12, 24, 78, 0)
False, False, 0.0024, (0, 135, 178, 69, 55, 62, 100, 8, 56, 130, 56, 130, 56, 130, 56, 130, 56, 130, 56, 130, 56, 130, 56, 130, 35, 81, 0)
False, False, 0.0085, (0, 188, 64, 25, 183, 136, 167, 148, 98, 84, 153, 180, 61, 180, 61, 180, 61, 180, 61, 180, 61, 180, 61, 180, 61, 180, 61, 180, 61, 180, 61, 180, 61, 180, 61, 180, 61, 180, 61, 180, 61, 180, 61, 180, 61, 180, 61, 180, 61, 180, 61, 180, 61, 180, 61, 180, 61, 180, 61, 180, 61, 180, 61, 180, 61, 32, 40, 76, 126, 54, 48, 6, 109, 0)
False, False, 0.1001, (0, 131, 118, 31, 184, 149, 139, 72, 133, 156, 129, 156, 129, 156, 129, 156, 129, 156, 129, 156, 129, 156, 129, 156, 133, 72, 133, 72, 139, 149, 45, 31, 118, 131, 0)
False, False, 0.0324, (0, 135, 178, 179, 62, 42, 90, 96, 90, 96, 90, 96, 90, 96, 90, 42, 62, 179, 178, 50, 135, 0)
False, False, 0.0486, (0, 118, 14, 67, 166, 51, 93, 75, 158, 164, 23, 111, 113, 91, 113, 91, 113, 91, 113, 111, 23, 164, 158, 75, 93, 51, 166, 170, 0)
False, False, 0.0305, (0, 121, 69, 55, 59, 96, 114, 9, 114, 9, 114, 9, 114, 9, 114, 9, 114, 9, 114, 9, 114, 96, 90, 42, 62, 179, 178, 0)
False, False, 0.0313, (0, 14, 67, 93, 75, 158, 164, 23, 111, 107, 33, 107, 33, 107, 33, 107, 33, 107, 33, 107, 33, 107, 111, 23, 164, 158, 121, 67, 14, 0)
False, False, 0.007, (0, 37, 29, 83, 184, 149, 1, 165, 88, 165, 88, 165, 1, 165, 1, 165, 1, 165, 1, 149, 184, 29, 37, 0)
False, False, 0.016, (0, 95, 112, 169, 78, 24, 12, 176, 5, 176, 5, 47, 5, 47, 5, 176, 5, 176, 5, 176, 5, 176, 5, 176, 5, 176, 5, 176, 5, 176, 5, 176, 5, 176, 5, 176, 12, 24, 78, 169, 112, 95, 0)
False, False, 0.0121, (0, 37, 29, 184, 149, 1, 165, 88, 44, 127, 44, 127, 44, 127, 44, 127, 44, 127, 44, 127, 172, 63, 19, 105, 0)
False, False, 0.0658, (0, 188, 64, 25, 183, 136, 167, 148, 141, 70, 76, 40, 32, 40, 32, 40, 32, 40, 32, 40, 32, 40, 32, 40, 76, 70, 181, 41, 151, 137, 6, 109, 0)
False, False, 0.0187, (0, 118, 31, 133, 103, 46, 135, 92, 135, 92, 135, 92, 135, 92, 135, 92, 135, 93, 51, 166, 16, 131, 0)
False, False, 0.0642, (0, 14, 67, 93, 75, 158, 164, 23, 111, 113, 91, 9, 114, 9, 114, 9, 114, 9, 114, 9, 114, 3, 90, 42, 62, 179, 178, 0)
False, False, 0.021, (0, 188, 64, 25, 183, 136, 167, 148, 141, 70, 76, 40, 32, 40, 32, 61, 180, 61, 180, 61, 180, 61, 180, 61, 180, 61, 180, 61, 32, 40, 76, 70, 141, 148, 167, 136, 183, 25, 64, 188, 0)
False, False, 0.0134, (0, 22, 77, 137, 151, 41, 181, 41, 181, 41, 181, 54, 126, 54, 126, 54, 126, 54, 126, 54, 126, 54, 174, 151, 137, 77, 22, 0)
False, False, 0.0517, (0, 95, 78, 24, 12, 86, 125, 137, 151, 174, 48, 174, 48, 174, 48, 174, 48, 174, 48, 174, 48, 174, 48, 174, 151, 137, 77, 22, 39, 28, 0)
False, False, 0.0152, (0, 37, 29, 83, 184, 160, 184, 160, 184, 182, 160, 182, 160, 182, 160, 182, 160, 184, 83, 29, 37, 0)
False, False, 0.0606, (0, 133, 46, 135, 145, 144, 94, 50, 94, 50, 94, 50, 94, 50, 94, 50, 94, 50, 94, 144, 145, 92, 46, 0)
False, False, 0.0103, (0, 81, 35, 130, 56, 130, 56, 130, 56, 130, 56, 130, 56, 130, 56, 130, 56, 130, 56, 8, 100, 8, 56, 130, 56, 8, 56, 130, 35, 81, 0)
False, False, 0.0045, (0, 95, 112, 169, 78, 147, 24, 12, 176, 5, 101, 5, 101, 5, 176, 5, 176, 5, 176, 5, 176, 5, 176, 5, 101, 5, 101, 5, 101, 5, 176, 12, 24, 147, 78, 169, 112, 95, 0)
False, False, 0.1025, (0, 102, 28, 138, 85, 39, 36, 22, 77, 86, 125, 86, 125, 86, 125, 86, 125, 86, 77, 22, 36, 2, 85, 138, 28, 102, 0)
False, False, 0.0132, (0, 118, 14, 16, 166, 51, 93, 135, 46, 135, 46, 135, 46, 135, 46, 135, 46, 135, 93, 51, 166, 16, 14, 118, 0)
False, False, 0.0015, (0, 131, 118, 31, 184, 149, 139, 72, 133, 72, 133, 72, 133, 72, 133, 72, 133, 72, 133, 72, 133, 72, 133, 72, 133, 72, 133, 72, 133, 72, 133, 72, 133, 72, 133, 72, 139, 149, 184, 31, 118, 131, 0)
False, False, 0.075, (0, 118, 14, 16, 67, 46, 135, 92, 81, 145, 115, 144, 115, 144, 115, 144, 115, 145, 81, 92, 135, 46, 103, 133, 0)
False, False, 0.0743, (0, 135, 178, 69, 55, 179, 62, 42, 90, 42, 90, 42, 62, 179, 55, 69, 178, 50, 135, 0)
False, False, 0.0436, (0, 188, 64, 25, 183, 136, 167, 148, 98, 141, 98, 141, 98, 141, 70, 76, 70, 76, 70, 181, 41, 151, 137, 77, 169, 0)
False, False, 0.0012, (0, 178, 69, 55, 59, 96, 114, 9, 114, 9, 114, 9, 114, 9, 114, 9, 114, 9, 114, 9, 114, 9, 91, 55, 69, 178, 0)
False, False, 0.0967, (0, 14, 67, 51, 75, 158, 164, 23, 111, 107, 33, 107, 33, 107, 33, 107, 33, 107, 33, 107, 33, 111, 23, 164, 158, 75, 93, 67, 14, 0)
False, False, 0.0384, (0, 81, 35, 130, 56, 130, 56, 130, 56, 130, 56, 130, 56, 130, 56, 130, 56, 8, 100, 8, 100, 62, 179, 178, 145, 81, 0)
False, False, 0.006, (0, 95, 143, 123, 177, 71, 52, 71, 52, 71, 52, 71, 52, 71, 52, 71, 52, 71, 52, 71, 52, 71, 52, 71, 52, 71, 52, 71, 52, 5, 176, 12, 24, 78, 95, 0)
False, False, 0.0526, (0, 105, 19, 57, 63, 172, 120, 168, 120, 168, 120, 168, 120, 168, 120, 13, 171, 110, 66, 110, 66, 110, 171, 13, 172, 63, 57, 19, 105, 0)
False, False, 0.045, (0, 16, 166, 51, 93, 75, 158, 164, 23, 111, 113, 91, 113, 91, 59, 91, 113, 111, 23, 164, 158, 75, 93, 51, 166, 67, 14, 118, 0)
False, False, 0.01, (0, 170, 157, 173, 132, 134, 7, 162, 20, 65, 20, 65, 20, 65, 20, 65, 20, 65, 20, 65, 20, 162, 7, 134, 157, 170, 0)
False, False, 0.0024, (0, 81, 145, 178, 69, 55, 179, 62, 179, 62, 179, 62, 179, 55, 69, 178, 21, 81, 0)
False, False, 0.0714, (0, 69, 55, 59, 96, 3, 15, 187, 124, 187, 124, 187, 124, 187, 124, 187, 124, 140, 53, 162, 7, 134, 157, 117, 106, 0)
False, False, 0.0047, (0, 109, 6, 137, 151, 181, 70, 18, 185, 18, 185, 18, 185, 18, 185, 18, 185, 18, 185, 18, 185, 18, 185, 18, 185, 18, 76, 126, 54, 48, 6, 109, 0)
False, False, 0.0132, (0, 14, 67, 93, 75, 158, 164, 23, 111, 113, 91, 9, 114, 9, 114, 9, 114, 9, 114, 9, 114, 9, 114, 9, 114, 9, 59, 55, 69, 121, 0)
False, False, 0.0387, (0, 28, 138, 39, 22, 77, 137, 151, 174, 48, 174, 48, 174, 48, 174, 48, 174, 48, 174, 48, 174, 151, 137, 77, 22, 38, 6, 109, 142, 0)
False, False, 0.0012, (0, 95, 112, 169, 80, 39, 36, 22, 77, 86, 125, 86, 125, 86, 125, 86, 125, 86, 77, 22, 36, 2, 85, 138, 28, 0)
False, False, 0.0201, (0, 31, 121, 69, 55, 91, 9, 114, 9, 114, 9, 114, 9, 114, 9, 114, 9, 114, 9, 114, 9, 114, 9, 114, 9, 91, 55, 69, 121, 31, 0)
False, False, 0.0183, (0, 14, 67, 51, 173, 132, 134, 7, 162, 7, 162, 7, 162, 7, 162, 7, 162, 7, 162, 7, 162, 7, 162, 53, 3, 96, 59, 55, 69, 0)
False, False, 0.0917, (0, 188, 64, 25, 183, 136, 167, 148, 98, 141, 98, 141, 98, 141, 98, 141, 70, 76, 70, 181, 41, 151, 137, 125, 12, 24, 78, 0)
False, False, 0.0547, (0, 31, 135, 178, 179, 62, 42, 90, 96, 90, 42, 90, 42, 62, 179, 55, 69, 178, 145, 81, 0)
False, False, 0.0158, (0, 133, 46, 92, 81, 35, 109, 35, 109, 35, 109, 35, 109, 35, 109, 35, 109, 35, 109, 35, 109, 35, 109, 35, 109, 35, 109, 35, 109, 35, 109, 35, 109, 89, 142, 159, 10, 102, 0)
False, False, 0.0209, (0, 14, 67, 166, 157, 173, 132, 74, 161, 74, 161, 74, 161, 74, 161, 74, 161, 74, 161, 74, 161, 132, 173, 157, 166, 170, 0)
False, False, 0.053, (0, 178, 179, 62, 42, 90, 15, 27, 15, 27, 15, 27, 3, 90, 42, 62, 179, 178, 0)
False, False, 0.0068, (0, 188, 64, 25, 183, 136, 167, 148, 98, 84, 153, 180, 61, 32, 40, 32, 40, 32, 40, 32, 61, 180, 153, 84, 98, 148, 167, 136, 183, 25, 64, 188, 0)
False, False, 0.0444, (0, 102, 10, 159, 142, 109, 35, 6, 38, 2, 38, 2, 38, 2, 38, 2, 38, 2, 38, 2, 6, 35, 142, 159, 10, 0)
False, False, 0.0437, (0, 95, 169, 78, 24, 12, 125, 137, 151, 174, 54, 126, 54, 126, 54, 126, 54, 126, 54, 126, 54, 126, 54, 126, 54, 126, 54, 126, 54, 174, 151, 137, 77, 22, 0)
False, False, 0.0292, (0, 102, 10, 159, 142, 109, 35, 6, 38, 2, 38, 2, 38, 2, 38, 2, 38, 2, 38, 2, 6, 35, 81, 92, 46, 0)
False, False, 0.0475, (0, 95, 78, 24, 12, 176, 5, 152, 87, 152, 87, 152, 87, 152, 87, 152, 87, 152, 87, 152, 87, 152, 87, 152, 87, 152, 87, 152, 87, 152, 87, 152, 87, 152, 87, 152, 87, 152, 87, 152, 87, 152, 87, 152, 87, 152, 87, 5, 176, 12, 24, 78, 0)
False, False, 0.0387, (0, 102, 159, 142, 35, 68, 21, 68, 21, 68, 21, 68, 21, 68, 21, 68, 21, 68, 21, 68, 35, 81, 0)
False, False, 0.0207, (0, 102, 28, 138, 85, 36, 22, 77, 125, 86, 125, 86, 125, 86, 125, 86, 125, 86, 125, 86, 77, 22, 36, 85, 138, 28, 102, 0)
False, False, 0.0461, (0, 109, 6, 137, 151, 41, 181, 70, 76, 40, 32, 61, 180, 61, 180, 61, 180, 61, 180, 61, 32, 40, 32, 40, 32, 40, 32, 40, 32, 40, 32, 40, 76, 70, 181, 41, 151, 137, 6, 109, 0)
False, False, 0.004, (0, 14, 67, 51, 93, 75, 158, 164, 23, 111, 107, 33, 107, 33, 107, 33, 107, 33, 107, 33, 107, 111, 23, 164, 158, 75, 93, 51, 67, 14, 118, 0)
False, False, 0.022, (0, 170, 157, 134, 7, 162, 53, 140, 124, 187, 124, 187, 124, 187, 124, 187, 124, 187, 27, 3, 96, 59, 55, 69, 121, 0)
False, False, 0.022, (0, 102, 10, 159, 142, 109, 35, 6, 2, 38, 2, 36, 2, 36, 2, 36, 2, 36, 2, 6, 35, 81, 92, 46, 133, 0)
False, False, 0.0229, (0, 188, 64, 25, 183, 136, 167, 148, 177, 123, 177, 123, 177, 123, 177, 123, 177, 123, 177, 123, 177, 123, 25, 64, 188, 0)
False, False, 0.0257, (0, 69, 55, 59, 96, 3, 53, 140, 189, 154, 189, 154, 189, 154, 189, 154, 140, 53, 162, 7, 134, 132, 75, 93, 67, 14, 0)
False, False, 0.0532, (0, 28, 138, 85, 2, 36, 22, 77, 86, 125, 86, 125, 86, 125, 86, 125, 86, 77, 22, 36, 2, 85, 138, 28, 0)
False, False, 0.0103, (0, 81, 35, 130, 56, 130, 56, 130, 56, 130, 56, 130, 56, 130, 56, 130, 56, 130, 8, 100, 8, 100, 62, 179, 178, 135, 0)
False, False, 0.0013, (0, 31, 93, 75, 158, 164, 23, 111, 113, 91, 9, 114, 9, 114, 9, 114, 9, 114, 9, 114, 96, 90, 42, 62, 179, 178, 0)
False, False, 0.005, (0, 95, 112, 169, 78, 147, 24, 12, 176, 5, 176, 5, 176, 5, 176, 5, 176, 5, 176, 5, 47, 5, 176, 5, 176, 5, 176, 5, 176, 5, 176, 5, 176, 12, 24, 147, 78, 169, 112, 95, 0)
False, False, 0.0307, (0, 102, 10, 159, 142, 109, 35, 6, 2, 36, 38, 36, 2, 36, 2, 36, 2, 36, 2, 6, 35, 109, 142, 159, 10, 102, 0)
False, False, 0.1049, (0, 109, 6, 137, 151, 41, 181, 70, 76, 40, 32, 61, 180, 61, 180, 61, 180, 153, 84, 153, 84, 153, 84, 98, 148, 167, 136, 183, 25, 64, 188, 0)
False, False, 0.0028, (0, 14, 67, 93, 75, 121, 69, 55, 59, 96, 114, 9, 114, 9, 114, 9, 114, 9, 114, 9, 114, 9, 114, 9, 114, 96, 59, 55, 69, 121, 75, 93, 67, 14, 0)
False, False, 0.006, (0, 95, 112, 169, 78, 24, 12, 86, 125, 137, 151, 174, 48, 174, 48, 174, 48, 174, 48, 174, 48, 174, 48, 174, 151, 137, 77, 22, 39, 138, 28, 0)
False, False, 0.01, (0, 14, 67, 51, 173, 132, 134, 7, 162, 65, 20, 65, 20, 65, 20, 65, 20, 65, 20, 65, 20, 65, 162, 7, 162, 7, 134, 132, 173, 51, 67, 14, 0)
all_elementary, False
all_cyc2, False
