Instance, X-n134-k13
capacity, 643
min_trucks, 13
output_file, output_uchoa/X-n134-k13-cyc2.log
Start date, 2022-06-27
Start time, 09-34-59
capacity, 643
num_vehicles, 13
abort_early, False
methods, ['cyc2']
max_vars, 10000
time_limit, 86400
farley, False
initial time, initial max_it, max_stale_it
1, 20000.0, 20
heuristic Number of routes, heuristic Best Solution Value, heuristic number of iterations, adjusted time, adjusted max_it, measured total time
22255, 10918.0, 20000, 1, 20000.0, 20074.9
method, python time, total time, propagated dominance time, unpropagated dominance time, pricing_success, upper_bound, lower_bound, abort_early, num_paths, 
cyc2, 9.3, 30.4, 0.0, 0.0, 1, 10728.2391, -15954.1967, 0, 376727
cyc2, 7.7, 23.8, 0.0, 0.0, 1, 10728.2391, -3736.6399, 0, 232431
cyc2, 7.6, 23.0, 0.0, 0.0, 1, 10728.2391, 585.7605, 0, 189892
cyc2, 6.7, 20.3, 0.0, 0.0, 1, 10728.2391, 2713.6398, 0, 144054
cyc2, 6.7, 19.3, 0.0, 0.0, 1, 10728.2391, 4303.123, 0, 113587
cyc2, 8.0, 21.5, 0.0, 0.0, 1, 10728.2391, 1588.7242, 0, 163054
cyc2, 7.8, 18.7, 0.0, 0.0, 1, 10728.2391, 4793.7839, 0, 103422
cyc2, 6.8, 17.5, 0.0, 0.0, 1, 10728.2391, 6396.1216, 0, 70912
cyc2, 7.5, 19.0, 0.0, 0.0, 1, 10728.2391, 4045.7908, 0, 109804
cyc2, 6.6, 16.0, 0.0, 0.0, 1, 10728.2391, 7318.5348, 0, 45999
cyc2, 7.8, 20.0, 0.0, 0.0, 1, 10703.5053, 5311.4304, 0, 114816
cyc2, 8.2, 33.5, 0.0, 0.0, 1, 10703.5053, -32047.1981, 0, 454574
cyc2, 6.6, 20.8, 0.0, 0.0, 1, 10700.3933, 3461.8305, 0, 134717
cyc2, 6.9, 16.7, 0.0, 0.0, 1, 10697.8121, 6638.9403, 0, 60454
cyc2, 6.5, 20.1, 0.0, 0.0, 1, 10688.4564, 3088.6851, 0, 134613
cyc2, 5.8, 16.8, 0.0, 0.0, 1, 10688.4564, 6834.4707, 0, 59442
cyc2, 8.1, 17.2, 0.0, 0.0, 1, 10688.4564, 6595.7891, 0, 65945
cyc2, 7.1, 14.5, 0.0, 0.0, 1, 10688.4564, 8549.6911, 0, 21309
cyc2, 6.3, 15.2, 0.0, 0.0, 1, 10654.8888, 8147.165, 0, 29118
cyc2, 6.3, 14.0, 0.0, 0.0, 1, 10653.8541, 8567.7611, 0, 14071
cyc2, 6.1, 15.0, 0.0, 0.0, 1, 10635.7622, 7910.668, 0, 27896
cyc2, 5.9, 13.8, 0.0, 0.0, 1, 10635.719, 8448.5411, 0, 14067
cyc2, 7.1, 19.5, 0.0, 0.0, 1, 10625.7711, 4500.3824, 0, 108611
cyc2, 7.0, 14.6, 0.0, 0.0, 1, 10625.7711, 8328.7039, 0, 20842
cyc2, 3.4, 13.7, 0.0, 0.0, 1, 10625.7319, 9454.7494, 0, 4630
cyc2, 5.0, 13.6, 0.0, 0.0, 1, 10608.4536, 8932.6279, 0, 8002
cyc2, 3.4, 13.6, 0.0, 0.0, 1, 10604.9059, 9307.4001, 0, 4652
cyc2, 2.6, 13.6, 0.0, 0.0, 1, 10603.7703, 9565.1364, 0, 3406
cyc2, 1.9, 13.7, 0.0, 0.0, 1, 10600.5455, 9589.2618, 0, 2732
cyc2, 1.4, 13.5, 0.0, 0.0, 1, 10592.0018, 9752.7411, 0, 1654
cyc2, 1.1, 13.6, 0.0, 0.0, 1, 10589.8249, 9795.4486, 0, 1339
cyc2, 0.6, 13.6, 0.0, 0.0, 1, 10586.6198, 10099.2504, 0, 607
cyc2, 0.9, 13.8, 0.0, 0.0, 1, 10585.2864, 9860.211, 0, 1255
cyc2, 0.5, 13.8, 0.0, 0.0, 1, 10579.3893, 10159.1453, 0, 463
cyc2, 0.4, 13.8, 0.0, 0.0, 1, 10571.3438, 10244.6508, 0, 296
cyc2, 0.3, 13.8, 0.0, 0.0, 1, 10569.8586, 10319.4971, 0, 149
cyc2, 0.3, 13.7, 0.0, 0.0, 1, 10567.7096, 10328.2625, 0, 186
cyc2, 0.5, 13.7, 0.0, 0.0, 1, 10566.5303, 10097.7391, 0, 534
cyc2, 0.3, 13.6, 0.0, 0.0, 1, 10566.4797, 10321.856, 0, 185
cyc2, 0.3, 13.8, 0.0, 0.0, 1, 10566.0298, 10357.4982, 0, 182
cyc2, 0.3, 13.6, 0.0, 0.0, 1, 10565.9992, 10442.5511, 0, 68
cyc2, 0.2, 13.6, 0.0, 0.0, 1, 10565.3915, 10469.286, 0, 43
cyc2, 0.3, 13.6, 0.0, 0.0, 1, 10563.6332, 10435.3963, 0, 50
cyc2, 0.2, 13.6, 0.0, 0.0, 1, 10563.372, 10499.086, 0, 18
cyc2, 0.2, 13.7, 0.0, 0.0, 1, 10563.2896, 10539.5644, 0, 13
cyc2, 0.2, 13.7, 0.0, 0.0, 1, 10563.1653, 10547.3395, 0, 9
cyc2, 0.2, 13.7, 0.0, 0.0, 1, 10563.1607, 10550.9982, 0, 6
cyc2, 0.3, 13.6, 0.0, 0.0, 1, 10563.1594, 10559.1433, 0, 6
cyc2, 0.1, 13.7, 0.0, 0.0, 1, 10563.1538, 10563.1538, 0, 0
scip_total_time, 21091.6379
Solval, number of paths, impact cutoff
10563.153777519092, 112, 0.0001
Elementary, 2-Cycle, Path Value, Path
True, True, 0.4664, (0, 91, 14, 2, 9, 47, 16, 51, 118, 0)
True, True, 0.0229, (0, 120, 43, 36, 111, 104, 99, 46, 106, 85, 0)
True, True, 0.0473, (0, 132, 56, 123, 110, 54, 26, 35, 50, 38, 0)
True, True, 0.7291, (0, 103, 10, 62, 32, 54, 110, 123, 56, 0)
True, True, 0.3911, (0, 35, 24, 37, 88, 45, 21, 46, 99, 104, 0)
True, True, 0.41, (0, 80, 82, 133, 12, 33, 86, 72, 3, 19, 0)
True, True, 0.1233, (0, 115, 29, 61, 71, 49, 117, 64, 112, 127, 0)
True, True, 0.0336, (0, 34, 39, 73, 18, 59, 25, 113, 89, 129, 0)
True, True, 0.5, (0, 129, 116, 89, 113, 25, 105, 41, 34, 58, 0)
True, True, 0.0336, (0, 129, 105, 41, 2, 9, 47, 16, 51, 0)
True, True, 0.1294, (0, 119, 57, 104, 111, 36, 43, 120, 79, 64, 0)
True, True, 0.1237, (0, 116, 89, 113, 25, 59, 18, 73, 39, 9, 0)
True, True, 0.4882, (0, 115, 119, 57, 61, 71, 49, 1, 69, 127, 0)
True, True, 0.0256, (0, 17, 80, 82, 72, 3, 38, 50, 74, 87, 0)
True, True, 0.1146, (0, 2, 39, 18, 73, 47, 16, 51, 118, 0)
True, True, 0.1226, (0, 76, 82, 133, 12, 85, 29, 92, 115, 128, 0)
True, True, 0.0131, (0, 117, 79, 120, 43, 36, 111, 99, 106, 85, 0)
True, True, 0.1886, (0, 40, 129, 116, 89, 101, 131, 11, 122, 100, 0)
True, True, 0.1836, (0, 78, 87, 74, 50, 38, 19, 17, 76, 0)
True, True, 0.1378, (0, 29, 119, 61, 71, 49, 117, 64, 48, 101, 0)
True, True, 0.013, (0, 40, 41, 2, 9, 47, 16, 51, 118, 0)
True, True, 0.0159, (0, 48, 79, 43, 36, 111, 99, 104, 57, 85, 0)
True, True, 0.1938, (0, 130, 3, 72, 124, 33, 12, 133, 115, 128, 0)
True, True, 0.1146, (0, 119, 57, 104, 111, 36, 43, 79, 117, 48, 0)
False, True, 0.4082, (0, 132, 83, 78, 109, 83, 78, 109, 132, 0)
False, True, 0.5, (0, 95, 60, 58, 14, 60, 95, 40, 0)
False, True, 0.1018, (0, 25, 59, 96, 13, 97, 5, 77, 66, 53, 77, 5, 97, 13, 96, 59, 0)
False, True, 0.1089, (0, 24, 37, 88, 102, 94, 93, 102, 88, 37, 24, 0)
False, True, 0.1975, (0, 59, 96, 13, 97, 5, 77, 66, 53, 77, 5, 97, 13, 96, 18, 73, 0)
False, True, 0.1164, (0, 128, 29, 92, 31, 29, 92, 31, 125, 0)
False, True, 0.2236, (0, 87, 56, 123, 110, 54, 26, 74, 87, 0)
False, True, 0.1675, (0, 106, 45, 94, 102, 93, 94, 102, 88, 37, 24, 26, 0)
False, True, 0.2466, (0, 85, 106, 46, 21, 99, 46, 21, 45, 106, 85, 0)
False, True, 0.1229, (0, 127, 112, 64, 48, 112, 64, 48, 112, 101, 0)
False, True, 0.1719, (0, 85, 106, 45, 93, 94, 102, 93, 94, 102, 88, 37, 24, 0)
True, True, 0.179, (0, 19, 3, 72, 86, 124, 12, 133, 82, 80, 0)
False, True, 0.0975, (0, 40, 52, 131, 101, 52, 131, 122, 100, 0)
False, True, 0.0136, (0, 69, 1, 71, 61, 119, 57, 61, 1, 69, 0)
True, True, 0.1779, (0, 91, 16, 47, 9, 39, 2, 41, 105, 0)
False, True, 0.0817, (0, 69, 120, 111, 99, 46, 21, 99, 104, 57, 0)
False, True, 0.0249, (0, 61, 71, 120, 111, 36, 43, 120, 71, 61, 0)
False, True, 0.1836, (0, 128, 76, 17, 80, 130, 19, 17, 76, 83, 0)
False, True, 0.0696, (0, 40, 52, 131, 114, 11, 131, 52, 100, 0)
False, True, 0.1491, (0, 112, 117, 79, 120, 111, 36, 43, 79, 117, 0)
False, True, 0.2406, (0, 11, 114, 131, 52, 101, 114, 11, 122, 0)
False, True, 0.0488, (0, 52, 101, 89, 113, 25, 89, 116, 129, 40, 0)
False, True, 0.0347, (0, 41, 73, 18, 59, 96, 18, 73, 39, 41, 0)
False, True, 0.0438, (0, 80, 82, 124, 86, 33, 124, 12, 82, 80, 0)
False, True, 0.3836, (0, 128, 125, 31, 92, 29, 31, 125, 100, 0)
False, True, 0.1547, (0, 113, 108, 90, 6, 108, 90, 6, 108, 90, 43, 117, 0)
False, True, 0.1638, (0, 52, 101, 48, 64, 112, 48, 64, 112, 127, 0)
False, True, 0.1246, (0, 48, 117, 79, 120, 111, 36, 43, 120, 71, 1, 0)
False, True, 0.0461, (0, 130, 3, 72, 124, 86, 33, 124, 82, 17, 0)
False, True, 0.1356, (0, 9, 39, 73, 59, 18, 73, 39, 34, 0)
True, True, 0.2472, (0, 130, 103, 10, 62, 32, 35, 26, 74, 0)
False, True, 0.2907, (0, 38, 50, 35, 26, 50, 38, 130, 17, 76, 0)
False, True, 0.0508, (0, 17, 124, 86, 33, 124, 12, 133, 80, 0)
False, True, 0.0336, (0, 105, 41, 34, 105, 41, 34, 14, 118, 0)
True, True, 0.0236, (0, 87, 26, 35, 32, 62, 10, 103, 130, 0)
False, True, 0.0215, (0, 109, 87, 74, 50, 38, 74, 87, 109, 0)
False, True, 0.1363, (0, 132, 87, 74, 50, 38, 74, 87, 109, 0)
False, True, 0.0211, (0, 34, 2, 39, 73, 18, 39, 2, 34, 0)
True, True, 0.0042, (0, 76, 17, 72, 3, 38, 50, 74, 87, 109, 0)
False, True, 0.2126, (0, 100, 122, 114, 131, 52, 114, 11, 122, 0)
False, True, 0.0283, (0, 69, 1, 61, 71, 49, 69, 1, 92, 115, 0)
False, True, 0.1356, (0, 25, 59, 18, 96, 59, 18, 73, 39, 2, 0)
False, True, 0.0438, (0, 115, 133, 124, 86, 33, 124, 72, 3, 19, 0)
False, True, 0.0824, (0, 129, 116, 105, 34, 41, 105, 34, 40, 0)
False, True, 0.1779, (0, 118, 91, 51, 47, 16, 51, 91, 118, 0)
False, True, 0.1164, (0, 92, 119, 57, 61, 1, 69, 92, 125, 0)
False, True, 0.0148, (0, 82, 124, 86, 33, 124, 86, 72, 3, 130, 0)
False, True, 0.0565, (0, 129, 116, 89, 113, 25, 41, 34, 105, 129, 0)
False, True, 0.0166, (0, 9, 2, 39, 73, 18, 39, 47, 9, 0)
False, True, 0.0825, (0, 82, 124, 33, 86, 124, 33, 86, 72, 3, 0)
False, True, 0.0317, (0, 17, 80, 124, 86, 33, 124, 82, 80, 76, 0)
False, True, 0.024, (0, 100, 122, 127, 11, 131, 114, 11, 122, 100, 0)
False, True, 0.0365, (0, 127, 69, 1, 49, 69, 1, 49, 69, 1, 127, 0)
False, True, 0.0166, (0, 118, 51, 16, 9, 39, 73, 18, 39, 0)
True, True, 0.1203, (0, 85, 106, 104, 111, 36, 43, 120, 49, 69, 0)
False, True, 0.0719, (0, 108, 90, 6, 108, 90, 6, 108, 90, 6, 108, 90, 36, 79, 0)
False, True, 0.0054, (0, 113, 108, 90, 6, 108, 90, 6, 108, 90, 36, 120, 71, 0)
False, True, 0.1018, (0, 79, 120, 111, 104, 99, 111, 36, 43, 79, 0)
False, True, 0.0774, (0, 113, 108, 90, 6, 108, 90, 6, 108, 90, 36, 120, 1, 0)
False, True, 0.0229, (0, 99, 21, 45, 94, 102, 93, 94, 102, 88, 37, 24, 0)
False, True, 0.0288, (0, 24, 37, 88, 102, 94, 93, 102, 94, 93, 36, 43, 79, 0)
False, True, 0.0112, (0, 57, 104, 99, 46, 21, 99, 104, 106, 85, 0)
True, True, 0.029, (0, 85, 57, 61, 71, 49, 117, 64, 48, 112, 0)
False, True, 0.0024, (0, 127, 112, 64, 48, 117, 64, 48, 117, 64, 127, 0)
False, True, 0.0109, (0, 66, 53, 42, 65, 98, 44, 70, 4, 27, 22, 70, 4, 27, 22, 4, 27, 22, 55, 126, 20, 75, 28, 65, 42, 53, 66, 0)
False, True, 0.0015, (0, 96, 63, 15, 81, 84, 107, 44, 84, 107, 44, 98, 23, 30, 68, 81, 15, 63, 7, 121, 5, 97, 13, 0)
False, True, 0.1929, (0, 66, 53, 42, 65, 28, 75, 20, 67, 70, 27, 22, 4, 27, 22, 4, 70, 67, 55, 126, 20, 75, 28, 65, 42, 53, 66, 0)
False, True, 0.0092, (0, 96, 63, 15, 81, 68, 30, 8, 84, 107, 8, 84, 107, 8, 84, 81, 15, 63, 7, 121, 13, 0)
False, True, 0.2312, (0, 66, 53, 42, 65, 28, 75, 20, 126, 55, 67, 126, 55, 67, 70, 44, 98, 23, 30, 68, 81, 15, 63, 7, 121, 13, 0)
False, True, 0.0456, (0, 97, 5, 121, 7, 63, 15, 81, 84, 107, 8, 84, 107, 8, 84, 107, 8, 30, 23, 7, 121, 5, 97, 0)
False, True, 0.0217, (0, 96, 63, 15, 81, 68, 30, 8, 107, 84, 8, 107, 84, 8, 107, 84, 8, 30, 23, 77, 0)
False, True, 0.0703, (0, 97, 5, 121, 7, 63, 15, 81, 68, 30, 8, 107, 84, 8, 30, 68, 81, 15, 63, 7, 121, 77, 5, 97, 0)
False, True, 0.0452, (0, 96, 63, 15, 81, 68, 30, 23, 98, 44, 107, 84, 8, 107, 84, 44, 98, 23, 30, 68, 81, 15, 63, 13, 0)
False, True, 0.0862, (0, 13, 121, 7, 63, 15, 81, 68, 8, 84, 107, 8, 84, 107, 44, 98, 23, 30, 68, 81, 15, 63, 96, 0)
False, True, 0.0526, (0, 6, 77, 23, 98, 44, 70, 4, 22, 27, 4, 22, 27, 4, 22, 27, 4, 70, 67, 55, 126, 20, 75, 28, 65, 42, 94, 93, 0)
False, True, 0.1364, (0, 6, 77, 121, 7, 63, 15, 81, 68, 30, 23, 98, 44, 107, 84, 8, 107, 84, 8, 44, 98, 23, 7, 121, 5, 97, 0)
False, True, 0.0287, (0, 93, 42, 65, 28, 75, 20, 126, 55, 27, 22, 4, 27, 22, 4, 27, 22, 55, 126, 20, 75, 28, 65, 42, 93, 0)
False, True, 0.0128, (0, 66, 53, 42, 65, 28, 75, 20, 28, 75, 20, 28, 75, 20, 28, 75, 98, 23, 30, 68, 81, 15, 63, 96, 0)
False, True, 0.0321, (0, 93, 42, 65, 28, 75, 20, 126, 55, 67, 70, 4, 27, 22, 4, 70, 44, 98, 23, 30, 68, 81, 15, 63, 7, 121, 77, 6, 0)
False, True, 0.0319, (0, 97, 5, 121, 7, 63, 15, 81, 68, 30, 23, 98, 44, 70, 4, 27, 22, 4, 70, 67, 55, 126, 20, 75, 28, 65, 42, 93, 0)
False, True, 0.0064, (0, 66, 53, 42, 65, 28, 75, 20, 126, 55, 20, 126, 55, 20, 126, 55, 67, 70, 44, 98, 23, 7, 121, 77, 6, 0)
False, True, 0.0049, (0, 96, 63, 15, 81, 68, 30, 23, 98, 44, 70, 4, 27, 22, 70, 67, 55, 126, 20, 75, 28, 65, 42, 94, 93, 0)
False, True, 0.0275, (0, 96, 63, 15, 81, 68, 30, 8, 84, 107, 44, 84, 107, 8, 84, 107, 44, 98, 65, 42, 94, 93, 0)
False, True, 0.0239, (0, 93, 94, 42, 65, 98, 75, 28, 20, 126, 55, 67, 70, 4, 27, 22, 55, 126, 20, 28, 75, 98, 65, 42, 53, 66, 0)
False, True, 0.0691, (0, 6, 77, 121, 7, 68, 30, 23, 98, 44, 70, 27, 22, 4, 27, 22, 4, 27, 22, 55, 126, 20, 75, 28, 65, 42, 93, 0)
False, True, 0.0092, (0, 96, 63, 15, 81, 68, 30, 23, 98, 44, 107, 8, 84, 107, 8, 30, 68, 81, 15, 63, 7, 121, 13, 0)
False, True, 0.0128, (0, 96, 63, 15, 81, 84, 107, 44, 84, 107, 8, 84, 107, 8, 84, 107, 44, 98, 23, 77, 6, 0)
False, True, 0.0188, (0, 13, 121, 7, 23, 30, 8, 84, 107, 44, 70, 27, 22, 4, 27, 22, 55, 126, 20, 75, 28, 65, 42, 53, 66, 0)
all_elementary, False
all_cyc2, True
