Instance, X-n153-k22
capacity, 144
min_trucks, 23
output_file, output_uchoa_repeat_small/X-n153-k22-ng8.log
Start date, 2022-07-06
Start time, 13-59-43
capacity, 144
num_vehicles, 23
abort_early, False
methods, ['ng8']
max_vars, 100
time_limit, 86400
farley, False
ESPPRC_heur, True
initial time, initial max_it, max_stale_it
1, 20000.0, 20
heuristic Number of routes, heuristic Best Solution Value, heuristic number of iterations, adjusted time, adjusted max_it, measured total time
1171, 21220.0, 929, 10, 2000.0, 9213.1
method, python time, total time, propagated dominance time, unpropagated dominance time, pricing_success, upper_bound, lower_bound, abort_early, num_paths, 
ESPPRC_heur, 0.1, 0.5, 0.4, 0.1, 0, 21153.5677, -6809.3368, True, 6862
ESPPRC_heur, 0.0, 0.8, 0.6, 0.1, 0, 21153.5677, -35420.317, True, 10712
ESPPRC_heur, 0.1, 0.7, 0.5, 0.1, 0, 21153.5677, -52472.7544, True, 10420
ESPPRC_heur, 0.1, 0.3, 0.2, 0.0, 0, 21153.5677, 2757.7785, True, 5063
ESPPRC_heur, 0.0, 0.3, 0.2, 0.0, 0, 21153.5677, 7537.5677, True, 3480
ESPPRC_heur, 0.0, 0.4, 0.2, 0.0, 0, 21153.5677, 11733.427, True, 3328
ESPPRC_heur, 0.0, 0.4, 0.2, 0.0, 0, 21153.5677, 12497.3757, True, 3304
ESPPRC_heur, 0.1, 0.5, 0.4, 0.1, 0, 21153.5677, 11937.1793, True, 3592
ESPPRC_heur, 0.1, 0.5, 0.4, 0.1, 0, 21151.5855, 5569.8937, True, 5133
ESPPRC_heur, 0.1, 0.5, 0.4, 0.1, 0, 21092.8062, 9861.1816, True, 3430
ESPPRC_heur, 0.1, 0.7, 0.5, 0.1, 0, 21092.8062, -2205.4825, True, 6623
ESPPRC_heur, 0.0, 0.4, 0.3, 0.0, 0, 21092.8062, 14770.1715, True, 2251
ESPPRC_heur, 0.1, 0.5, 0.4, 0.1, 0, 21092.8062, 12555.3807, True, 3089
ESPPRC_heur, 0.1, 0.5, 0.4, 0.1, 0, 21092.8062, 13960.9893, True, 2894
ESPPRC_heur, 0.0, 0.5, 0.3, 0.0, 0, 21092.8062, 13239.3246, True, 2972
ESPPRC_heur, 0.0, 0.4, 0.3, 0.0, 0, 21092.8062, 14410.6662, True, 1711
ESPPRC_heur, 0.1, 0.4, 0.3, 0.0, 0, 21092.8062, 11052.1019, True, 1912
ESPPRC_heur, 0.0, 0.4, 0.3, 0.0, 0, 21080.4734, 17539.773, True, 1537
ESPPRC_heur, 0.0, 0.4, 0.2, 0.0, 0, 21039.3999, 15129.0624, True, 2052
ESPPRC_heur, 0.1, 0.3, 0.2, 0.0, 0, 21039.3999, 18001.6616, True, 1406
ESPPRC_heur, 0.1, 0.3, 0.2, 0.0, 0, 21039.3999, 18976.1886, True, 1086
ESPPRC_heur, 0.1, 0.3, 0.2, 0.0, 0, 21035.7154, 17513.1382, True, 1186
ESPPRC_heur, 0.1, 0.2, 0.1, 0.0, 0, 21035.7154, 18685.349, True, 870
ESPPRC_heur, 0.1, 0.2, 0.1, 0.0, 0, 21035.7154, 19127.1142, True, 829
ESPPRC_heur, 0.1, 0.2, 0.1, 0.0, 0, 21035.7154, 19167.9149, True, 940
ESPPRC_heur, 0.1, 0.2, 0.1, 0.0, 0, 21035.7154, 18764.0333, True, 904
ESPPRC_heur, 0.1, 0.2, 0.1, 0.0, 0, 21035.7154, 18670.3199, True, 1004
ESPPRC_heur, 0.1, 0.2, 0.1, 0.0, 0, 21035.2136, 20020.4584, True, 599
ESPPRC_heur, 0.1, 0.2, 0.1, 0.0, 0, 21026.2973, 19589.2205, True, 553
ESPPRC_heur, 0.1, 0.2, 0.1, 0.0, 0, 21017.7212, 20027.7555, True, 644
ESPPRC_heur, 0.1, 0.2, 0.1, 0.0, 0, 21016.0796, 20152.3691, True, 360
ESPPRC_heur, 0.1, 0.2, 0.1, 0.0, 0, 21010.8257, 19944.2355, True, 398
ESPPRC_heur, 0.1, 0.2, 0.1, 0.0, 0, 21010.8257, 20310.255, True, 238
ESPPRC_heur, 0.1, 0.2, 0.1, 0.0, 0, 21003.4199, 20534.9592, True, 176
ESPPRC_heur, 0.1, 0.2, 0.1, 0.0, 0, 20999.0274, 20722.7539, True, 123
ESPPRC_heur, 0.0, 0.2, 0.1, 0.0, 0, 20994.1055, 20615.0742, True, 68
ESPPRC_heur, 0.0, 0.2, 0.1, 0.0, 0, 20987.2693, 20521.2455, True, 57
ESPPRC_heur, 0.0, 0.2, 0.1, 0.0, 0, 20985.2441, 20779.3941, True, 31
ESPPRC_heur, 0.0, 0.2, 0.1, 0.0, 0, 20983.8926, 20839.2568, True, 19
ESPPRC_heur, -0.0, 0.3, 0.1, 0.0, 0, 20983.6838, 20799.6838, True, 8
ESPPRC_heur, -0.0, 0.3, 0.2, 0.0, 0, 20982.3765, 20867.3765, True, 10
ESPPRC_heur, -0.0, 0.3, 0.2, 0.0, 0, 20982.2633, 20844.2633, True, 4
ESPPRC_heur, -0.0, 0.3, 0.2, 0.0, 0, 20981.996, 20939.4053, True, 5
ESPPRC_heur, -0.0, 0.3, 0.2, 0.0, 0, 20981.9088, 20959.2081, True, 2
ESPPRC_heur, -0.0, 0.3, 0.1, 0.0, 0, 20981.9005, 20951.0426, True, 2
ng8, 0.1, 5.8, 4.6, 0.6, 1, 20981.896, 16787.1871, 0, 889
ng8, 0.0, 6.3, 5.1, 0.7, 1, 20981.896, 20139.8117, 0, 280
ESPPRC_heur, -0.0, 0.3, 0.1, 0.0, 0, 20968.0799, 20637.8656, True, 48
ESPPRC_heur, -0.0, 0.3, 0.1, 0.0, 0, 20967.0886, 20804.4458, True, 20
ESPPRC_heur, -0.0, 0.3, 0.2, 0.0, 0, 20966.7903, 20925.7189, True, 12
ESPPRC_heur, -0.0, 0.3, 0.1, 0.0, 0, 20966.7067, 20935.4924, True, 6
ESPPRC_heur, -0.0, 0.3, 0.1, 0.0, 0, 20966.7046, 20965.5275, True, 1
ESPPRC_heur, -0.0, 0.3, 0.1, 0.0, 0, 20966.7046, 20792.9618, True, 1
ESPPRC_heur, -0.0, 0.3, 0.1, 0.0, 0, 20966.6859, 20962.2343, True, 1
ng8, 0.0, 6.2, 5.1, 0.6, 1, 20966.6799, 20760.5401, 0, 65
ESPPRC_heur, 0.0, 0.2, 0.1, 0.0, 0, 20963.5562, 20802.6364, True, 21
ESPPRC_heur, 0.0, 0.2, 0.1, 0.0, 0, 20963.3999, 20958.6541, True, 1
ng8, -0.0, 5.4, 4.4, 0.5, 1, 20963.3999, 20881.4958, 0, 25
ng8, 0.0, 5.2, 4.3, 0.5, 1, 20963.2336, 20942.3303, 0, 2
ESPPRC_heur, 0.0, 0.2, 0.1, 0.0, 0, 20963.2191, 20961.2545, True, 1
ng8, -0.0, 5.3, 4.4, 0.5, 1, 20963.2191, 20963.2191, 0, 0
scip_total_time, 9269.428912
Solval, number of paths, impact cutoff
20963.219097260368, 105, 0.0001
Elementary, 2-Cycle, Path Value, Path
True, True, 0.2084, (0, 8, 0)
True, True, 1.0, (0, 21, 0)
True, True, 0.7916, (0, 8, 83, 0)
True, True, 0.3724, (0, 139, 9, 29, 0)
True, True, 0.4552, (0, 15, 23, 0)
True, True, 0.6731, (0, 56, 132, 96, 22, 3, 0)
True, True, 0.0405, (0, 6, 4, 0)
True, True, 0.9595, (0, 11, 7, 0)
True, True, 0.2507, (0, 31, 19, 0)
True, True, 0.0405, (0, 11, 7, 36, 0)
True, True, 0.431, (0, 139, 60, 28, 30, 0)
True, True, 0.0547, (0, 3, 96, 22, 59, 122, 0)
True, True, 0.3483, (0, 149, 15, 5, 141, 0)
True, True, 0.0552, (0, 30, 79, 28, 109, 145, 0)
True, True, 0.3802, (0, 128, 73, 142, 54, 44, 103, 20, 135, 77, 48, 0)
True, True, 0.0448, (0, 74, 88, 41, 144, 66, 89, 1, 40, 47, 0)
True, True, 0.4797, (0, 121, 12, 17, 0)
True, True, 0.3333, (0, 134, 94, 140, 119, 91, 137, 100, 70, 59, 122, 51, 4, 0)
True, True, 0.8318, (0, 42, 25, 95, 0)
True, True, 0.0861, (0, 3, 22, 59, 122, 51, 0)
True, True, 0.3521, (0, 90, 33, 63, 68, 138, 93, 55, 121, 2, 84, 71, 0)
True, True, 1.0, (0, 130, 146, 16, 143, 0)
True, True, 0.0828, (0, 88, 41, 144, 66, 89, 1, 40, 47, 87, 102, 0)
True, True, 0.2183, (0, 152, 116, 19, 133, 46, 108, 94, 134, 38, 0)
True, True, 0.4724, (0, 101, 62, 27, 32, 35, 106, 125, 111, 131, 65, 147, 0)
True, True, 0.3333, (0, 10, 126, 31, 133, 116, 0)
True, True, 0.5101, (0, 128, 73, 142, 54, 44, 81, 72, 20, 103, 52, 37, 0)
True, True, 0.5203, (0, 12, 17, 124, 0)
True, True, 0.2242, (0, 93, 152, 19, 133, 46, 108, 94, 134, 115, 0)
True, True, 0.3521, (0, 84, 26, 112, 38, 75, 115, 82, 64, 104, 57, 53, 0)
True, True, 0.1682, (0, 25, 95, 0)
True, True, 0.24, (0, 90, 33, 63, 68, 138, 2, 58, 69, 71, 0)
True, True, 0.3207, (0, 129, 49, 113, 123, 136, 79, 24, 80, 61, 78, 107, 0)
True, True, 0.6241, (0, 129, 49, 113, 123, 136, 79, 24, 80, 61, 78, 120, 107, 0)
True, True, 0.2462, (0, 10, 126, 31, 38, 0)
True, True, 0.0505, (0, 52, 103, 20, 72, 81, 44, 54, 142, 128, 90, 0)
True, True, 0.1698, (0, 116, 140, 31, 10, 0)
True, True, 0.1121, (0, 33, 63, 68, 138, 93, 55, 121, 112, 26, 58, 69, 0)
True, True, 0.3759, (0, 74, 88, 41, 144, 14, 110, 105, 0)
True, True, 0.1772, (0, 3, 96, 22, 122, 51, 0)
True, True, 0.5586, (0, 39, 9, 29, 0)
True, True, 0.1966, (0, 105, 110, 145, 66, 89, 1, 40, 47, 87, 102, 0)
True, True, 0.1517, (0, 88, 41, 144, 66, 1, 89, 145, 110, 105, 74, 0)
True, True, 0.0276, (0, 129, 49, 113, 123, 136, 109, 1, 89, 66, 145, 110, 105, 0)
True, True, 0.069, (0, 9, 5, 0)
True, True, 0.5138, (0, 13, 28, 0)
True, True, 0.0045, (0, 3, 96, 22, 100, 0)
True, True, 0.2066, (0, 117, 148, 98, 50, 85, 76, 114, 18, 81, 135, 77, 48, 0)
True, True, 0.1379, (0, 102, 87, 149, 141, 86, 60, 1, 89, 145, 39, 0)
True, True, 0.0276, (0, 102, 87, 149, 141, 86, 60, 1, 89, 145, 88, 0)
True, True, 0.0819, (0, 152, 19, 126, 91, 119, 140, 108, 38, 0)
True, True, 0.2517, (0, 102, 87, 149, 141, 86, 60, 40, 23, 47, 0)
True, True, 0.1636, (0, 127, 4, 59, 70, 100, 137, 91, 119, 140, 126, 46, 116, 0)
True, True, 0.3759, (0, 147, 65, 131, 111, 125, 106, 35, 67, 150, 92, 109, 145, 14, 0)
True, True, 0.2242, (0, 75, 134, 94, 108, 46, 133, 19, 152, 93, 0)
True, True, 0.069, (0, 87, 5, 29, 0)
True, True, 0.1966, (0, 139, 23, 15, 0)
True, True, 0.5138, (0, 5, 99, 109, 30, 0)
True, True, 0.2084, (0, 83, 90, 33, 63, 68, 138, 2, 84, 71, 0)
True, True, 0.2345, (0, 39, 66, 89, 1, 40, 141, 149, 87, 102, 0)
True, True, 0.0255, (0, 108, 140, 119, 91, 137, 100, 70, 132, 4, 127, 0)
True, True, 0.0414, (0, 147, 65, 131, 111, 125, 106, 35, 67, 150, 92, 99, 23, 39, 0)
True, True, 0.1698, (0, 152, 10, 51, 122, 59, 70, 100, 137, 91, 119, 126, 46, 0)
True, True, 0.0276, (0, 147, 65, 131, 111, 125, 106, 35, 67, 24, 80, 49, 0)
True, True, 0.0276, (0, 47, 86, 99, 92, 150, 67, 32, 27, 62, 101, 61, 0)
True, True, 0.0276, (0, 47, 86, 99, 92, 150, 67, 32, 27, 62, 101, 78, 0)
True, True, 0.0007, (0, 108, 140, 119, 137, 100, 70, 59, 122, 51, 4, 56, 43, 151, 118, 97, 0)
True, True, 0.269, (0, 47, 86, 99, 92, 150, 67, 32, 27, 62, 101, 120, 0)
True, True, 0.0276, (0, 147, 65, 131, 111, 125, 106, 35, 67, 24, 80, 129, 0)
True, True, 0.1379, (0, 74, 105, 110, 14, 66, 144, 41, 88, 0)
True, True, 0.0138, (0, 40, 86, 92, 150, 67, 35, 32, 27, 0)
True, True, 0.3802, (0, 117, 45, 148, 98, 50, 85, 76, 114, 18, 97, 118, 43, 151, 127, 52, 0)
True, True, 0.0045, (0, 3, 96, 22, 137, 70, 126, 0)
True, True, 0.0007, (0, 19, 126, 91, 137, 100, 70, 96, 132, 43, 151, 118, 97, 73, 0)
True, True, 0.069, (0, 74, 88, 41, 144, 66, 89, 1, 40, 47, 102, 0)
True, True, 0.0262, (0, 152, 10, 51, 122, 59, 70, 100, 137, 96, 132, 43, 151, 118, 97, 114, 0)
True, True, 0.2066, (0, 45, 148, 98, 50, 85, 76, 114, 18, 81, 135, 77, 48, 0)
True, True, 0.0604, (0, 97, 118, 151, 43, 56, 4, 59, 70, 100, 137, 91, 119, 140, 108, 116, 0)
False, False, 0.4586, (0, 34, 13, 34, 0)
False, True, 0.0276, (0, 34, 107, 120, 78, 61, 101, 62, 27, 107, 34, 0)
False, True, 0.4797, (0, 36, 6, 112, 55, 6, 36, 0)
True, True, 0.0313, (0, 90, 33, 63, 68, 138, 93, 2, 84, 71, 0)
True, True, 0.0103, (0, 23, 86, 99, 92, 150, 35, 106, 125, 111, 131, 65, 147, 0)
True, True, 0.0087, (0, 108, 140, 119, 91, 137, 100, 70, 96, 132, 4, 72, 0)
True, True, 0.0793, (0, 40, 86, 92, 150, 67, 32, 27, 62, 101, 0)
True, True, 0.0793, (0, 60, 86, 99, 92, 150, 67, 32, 27, 62, 101, 120, 0)
True, True, 0.0448, (0, 23, 60, 86, 92, 150, 106, 125, 111, 131, 65, 147, 0)
True, True, 0.1015, (0, 38, 108, 140, 119, 91, 137, 100, 70, 122, 51, 4, 0)
True, True, 0.0561, (0, 33, 63, 68, 138, 93, 55, 121, 112, 26, 69, 71, 0)
True, True, 0.0138, (0, 47, 40, 60, 86, 99, 92, 150, 67, 35, 32, 101, 13, 34, 0)
False, True, 0.1103, (0, 74, 105, 110, 14, 144, 41, 88, 74, 0)
False, True, 0.1803, (0, 117, 45, 148, 98, 50, 85, 76, 18, 114, 135, 77, 48, 45, 117, 0)
True, True, 0.3676, (0, 53, 57, 124, 104, 64, 82, 115, 75, 26, 58, 69, 0)
True, True, 0.0561, (0, 53, 57, 124, 104, 64, 82, 115, 75, 26, 58, 71, 0)
True, True, 0.1682, (0, 42, 53, 57, 104, 64, 82, 69, 58, 2, 0)
False, True, 0.2154, (0, 37, 72, 127, 97, 118, 151, 43, 132, 4, 56, 43, 151, 118, 97, 127, 72, 37, 0)
False, True, 0.0276, (0, 41, 144, 66, 145, 113, 123, 136, 109, 1, 89, 66, 39, 0)
True, True, 0.0561, (0, 53, 57, 124, 104, 64, 82, 69, 58, 26, 84, 71, 0)
True, True, 0.0007, (0, 90, 128, 142, 54, 44, 103, 20, 152, 52, 37, 0)
True, True, 0.0034, (0, 47, 86, 99, 92, 150, 67, 35, 32, 27, 62, 101, 0)
False, True, 0.0585, (0, 90, 37, 52, 103, 20, 44, 54, 142, 73, 128, 90, 0)
True, True, 0.0138, (0, 47, 40, 60, 86, 99, 92, 150, 67, 35, 32, 62, 13, 34, 0)
False, True, 0.0505, (0, 73, 97, 118, 151, 43, 56, 4, 51, 122, 59, 70, 100, 137, 96, 132, 43, 151, 118, 97, 0)
True, True, 0.0547, (0, 116, 108, 140, 119, 91, 137, 100, 70, 59, 51, 10, 152, 0)
False, True, 0.0262, (0, 117, 45, 148, 98, 50, 85, 76, 18, 81, 135, 77, 48, 45, 117, 0)
all_elementary, False
all_cyc2, False
