Instance, X-n195-k51
capacity, 181
min_trucks, 53
output_file, output_uchoa_repeat_small/X-n195-k51-ng20.log
Start date, 2022-07-06
Start time, 16-51-02
capacity, 181
num_vehicles, 53
abort_early, False
methods, ['ng20']
max_vars, 100
time_limit, 86400
farley, False
ESPPRC_heur, True
initial time, initial max_it, max_stale_it
1, 20000.0, 20
heuristic Number of routes, heuristic Best Solution Value, heuristic number of iterations, adjusted time, adjusted max_it, measured total time
11058, 44274.0, 11227, 1, 20000.0, 11291.9
method, python time, total time, propagated dominance time, unpropagated dominance time, pricing_success, upper_bound, lower_bound, abort_early, num_paths, 
ESPPRC_heur, 0.0, 0.1, 0.0, 0.0, 0, 43840.6805, 38755.7057, True, 57
ESPPRC_heur, 0.0, 0.1, 0.0, 0.0, 0, 43838.6355, 42252.2492, True, 6
ESPPRC_heur, 0.0, 0.1, 0.0, 0.0, 0, 43838.5567, 42727.4918, True, 9
ESPPRC_heur, 0.0, 0.1, 0.0, 0.0, 0, 43837.1304, 43663.4382, True, 1
ng20, 0.0, 38.6, 20.9, 15.9, 1, 43837.1304, 43115.4337, 0, 10
ng20, 0.1, 44.2, 23.5, 18.9, 1, 43837.0518, 43837.0518, 0, 0
scip_total_time, 11376.785676
Solval, number of paths, impact cutoff
43837.05181610249, 143, 0.0001
Elementary, 2-Cycle, Path Value, Path
True, True, 0.5414, (0, 47, 23, 18, 38, 55, 0)
True, True, 0.3333, (0, 50, 3, 0)
True, True, 0.0828, (0, 14, 26, 72, 9, 57, 0)
True, True, 1.0, (0, 54, 44, 36, 0)
True, True, 1.0, (0, 29, 58, 86, 0)
True, True, 0.129, (0, 106, 117, 189, 0)
True, True, 1.0, (0, 64, 52, 0)
True, True, 0.3264, (0, 152, 39, 17, 0)
True, True, 0.6364, (0, 104, 118, 13, 0)
True, True, 1.0, (0, 143, 168, 33, 0)
True, True, 0.0296, (0, 110, 122, 114, 46, 188, 0)
True, True, 1.0, (0, 191, 163, 147, 0)
True, True, 0.2727, (0, 135, 142, 174, 0)
True, True, 0.697, (0, 159, 183, 150, 130, 0)
True, True, 0.1818, (0, 134, 100, 158, 8, 0)
True, True, 0.6738, (0, 113, 156, 0)
True, True, 0.8485, (0, 99, 119, 176, 0)
True, True, 0.1364, (0, 144, 157, 166, 0)
True, True, 0.7576, (0, 178, 77, 49, 0)
True, True, 0.4848, (0, 149, 123, 37, 87, 2, 0)
True, True, 1.0, (0, 177, 28, 95, 0)
True, True, 0.3788, (0, 80, 68, 0)
True, True, 0.1705, (0, 69, 171, 109, 111, 102, 0)
True, True, 0.5163, (0, 140, 141, 94, 127, 0)
True, True, 1.0, (0, 79, 60, 0)
True, True, 1.0, (0, 116, 162, 62, 0)
True, True, 1.0, (0, 73, 41, 0)
True, True, 1.0, (0, 34, 193, 96, 83, 138, 0)
True, True, 1.0, (0, 132, 63, 0)
True, True, 1.0, (0, 125, 148, 165, 0)
True, True, 0.5, (0, 145, 56, 59, 0)
True, True, 0.5, (0, 192, 82, 172, 190, 0)
True, True, 0.25, (0, 7, 81, 194, 181, 0)
True, True, 1.0, (0, 92, 170, 89, 21, 0)
True, True, 0.2836, (0, 180, 108, 91, 115, 164, 42, 0)
True, True, 0.4093, (0, 71, 24, 120, 90, 0)
True, True, 0.5208, (0, 61, 53, 74, 85, 0)
True, True, 1.0, (0, 6, 22, 0)
True, True, 0.1995, (0, 65, 51, 25, 0)
True, True, 0.5, (0, 137, 139, 126, 0)
True, True, 1.0, (0, 16, 146, 0)
True, True, 0.25, (0, 182, 19, 40, 15, 76, 0)
True, True, 0.5, (0, 179, 154, 137, 173, 0)
True, True, 0.3333, (0, 13, 118, 31, 0)
True, True, 0.7158, (0, 10, 135, 0)
True, True, 0.7121, (0, 157, 166, 0)
True, True, 0.293, (0, 160, 180, 164, 42, 0)
True, True, 0.1625, (0, 98, 161, 155, 120, 24, 90, 66, 0)
True, True, 0.1722, (0, 74, 53, 61, 88, 0)
True, True, 0.2727, (0, 136, 105, 187, 186, 100, 0)
True, True, 0.1536, (0, 65, 51, 121, 27, 0)
True, True, 0.1667, (0, 172, 101, 173, 0)
True, True, 0.6667, (0, 50, 169, 0)
True, True, 0.3061, (0, 117, 189, 131, 108, 0)
True, True, 0.3636, (0, 3, 104, 31, 0)
True, True, 0.2011, (0, 164, 115, 180, 98, 117, 0)
True, True, 0.303, (0, 3, 31, 159, 0)
True, True, 0.4545, (0, 174, 158, 100, 142, 103, 0)
True, True, 0.1515, (0, 183, 150, 176, 0)
True, True, 0.6469, (0, 121, 153, 51, 65, 30, 0)
True, True, 0.25, (0, 181, 81, 194, 184, 0)
True, True, 0.25, (0, 182, 5, 43, 75, 93, 0)
True, True, 0.5, (0, 181, 194, 81, 7, 70, 0)
True, True, 0.5, (0, 45, 76, 15, 40, 19, 182, 0)
True, True, 0.6212, (0, 144, 68, 1, 0)
True, True, 0.5, (0, 45, 192, 112, 151, 0)
True, True, 0.4792, (0, 46, 71, 85, 152, 0)
True, True, 0.1515, (0, 130, 99, 150, 183, 0)
True, True, 0.1943, (0, 152, 24, 20, 0)
True, True, 0.0303, (0, 118, 13, 48, 0)
True, True, 0.0699, (0, 90, 24, 120, 155, 161, 108, 98, 0)
True, True, 0.5414, (0, 66, 39, 20, 155, 0)
True, True, 0.1667, (0, 32, 129, 172, 82, 190, 0)
True, True, 0.1515, (0, 157, 166, 130, 0)
True, True, 0.1639, (0, 17, 164, 180, 106, 12, 0)
True, True, 0.3333, (0, 129, 101, 124, 112, 0)
True, True, 0.1457, (0, 14, 23, 18, 55, 75, 93, 0)
True, True, 0.5, (0, 179, 154, 139, 32, 0)
True, True, 0.0114, (0, 8, 135, 53, 61, 0)
True, True, 0.1321, (0, 20, 120, 66, 0)
True, True, 0.5009, (0, 48, 188, 88, 114, 122, 0)
True, True, 0.3636, (0, 149, 123, 136, 105, 186, 103, 134, 0)
True, True, 0.3637, (0, 35, 189, 117, 12, 0)
True, True, 0.4513, (0, 17, 160, 106, 0)
True, True, 0.4586, (0, 5, 43, 38, 0)
True, True, 0.5152, (0, 87, 2, 69, 0)
True, True, 0.3531, (0, 25, 27, 30, 0)
True, True, 0.4371, (0, 26, 72, 9, 57, 78, 35, 0)
True, True, 0.1321, (0, 12, 39, 20, 90, 0)
True, True, 0.3333, (0, 169, 70, 151, 173, 0)
True, True, 0.1956, (0, 188, 74, 61, 8, 0)
True, True, 0.5, (0, 184, 145, 56, 84, 185, 129, 0)
True, True, 0.5, (0, 185, 59, 84, 124, 0)
True, True, 0.3741, (0, 67, 11, 107, 167, 131, 91, 0)
True, True, 0.327, (0, 88, 114, 8, 110, 0)
True, True, 0.1515, (0, 119, 156, 149, 4, 0)
True, True, 0.1842, (0, 53, 10, 8, 0)
True, True, 0.0583, (0, 180, 108, 131, 189, 0)
True, True, 0.3071, (0, 25, 141, 0)
True, True, 0.1992, (0, 98, 108, 131, 161, 167, 107, 11, 67, 35, 0)
True, True, 0.0828, (0, 98, 108, 91, 161, 167, 11, 107, 78, 0)
True, True, 0.3129, (0, 78, 57, 9, 72, 26, 55, 75, 93, 0)
True, True, 0.3636, (0, 134, 105, 187, 136, 4, 0)
True, True, 0.2612, (0, 128, 171, 109, 111, 102, 94, 0)
True, True, 0.1667, (0, 126, 101, 172, 82, 0)
True, True, 0.3531, (0, 27, 153, 140, 0)
True, True, 0.1672, (0, 14, 26, 18, 23, 0)
True, True, 0.0653, (0, 128, 171, 109, 133, 94, 140, 0)
True, True, 0.1765, (0, 97, 133, 128, 141, 69, 0)
True, True, 0.0653, (0, 109, 111, 102, 133, 94, 140, 0)
True, True, 0.0909, (0, 49, 77, 37, 4, 0)
True, True, 0.1667, (0, 70, 151, 112, 124, 82, 0)
True, True, 0.1515, (0, 4, 123, 37, 77, 49, 0)
True, True, 0.0909, (0, 134, 187, 186, 103, 100, 158, 174, 0)
True, True, 0.1426, (0, 48, 46, 114, 122, 110, 0)
True, True, 0.2424, (0, 4, 178, 80, 144, 0)
True, True, 0.1523, (0, 110, 113, 122, 48, 0)
True, True, 0.2558, (0, 12, 106, 160, 115, 0)
True, True, 0.3333, (0, 190, 101, 126, 32, 0)
True, True, 0.1765, (0, 133, 175, 111, 109, 171, 0)
True, True, 0.1457, (0, 47, 14, 23, 18, 75, 93, 0)
True, True, 0.2595, (0, 67, 107, 11, 167, 161, 91, 115, 42, 0)
True, True, 0.1457, (0, 14, 47, 93, 43, 5, 0)
True, True, 0.1115, (0, 71, 74, 53, 0)
True, True, 0.1403, (0, 27, 121, 25, 0)
True, True, 0.0622, (0, 90, 120, 155, 161, 131, 98, 0)
True, True, 0.1747, (0, 156, 110, 122, 46, 0)
True, True, 0.0844, (0, 12, 189, 167, 107, 11, 0)
True, True, 0.1457, (0, 5, 43, 75, 14, 0)
True, True, 0.1, (0, 188, 61, 10, 8, 0)
True, True, 0.0592, (0, 121, 127, 97, 175, 128, 69, 0)
True, True, 0.1818, (0, 174, 158, 142, 186, 187, 37, 0)
True, True, 0.2479, (0, 171, 109, 111, 175, 97, 0)
True, True, 0.4244, (0, 127, 97, 175, 133, 102, 128, 0)
True, True, 0.1739, (0, 113, 110, 46, 188, 48, 0)
True, True, 0.1639, (0, 66, 90, 24, 120, 155, 161, 98, 42, 0)
True, True, 0.0583, (0, 17, 164, 98, 189, 0)
True, True, 0.25, (0, 184, 76, 15, 40, 19, 7, 0)
True, True, 0.0133, (0, 128, 109, 133, 175, 97, 94, 0)
True, True, 0.3788, (0, 80, 1, 0)
True, True, 0.0909, (0, 37, 187, 186, 103, 142, 158, 0)
True, True, 0.1672, (0, 67, 78, 57, 9, 72, 14, 47, 0)
True, True, 0.0786, (0, 94, 97, 175, 133, 102, 111, 171, 69, 0)
all_elementary, True
all_cyc2, True
