Instance, X-n129-k18
capacity, 39
min_trucks, 18
output_file, output_uchoa/X-n129-k18-SPPRC.log
Start date, 2022-06-26
Start time, 22-39-29
capacity, 39
num_vehicles, 18
abort_early, False
methods, ['SPPRC']
max_vars, 10000
time_limit, 86400
farley, False
initial time, initial max_it, max_stale_it
1, 20000.0, 20
heuristic Number of routes, heuristic Best Solution Value, heuristic number of iterations, adjusted time, adjusted max_it, measured total time
11734, 28940.0, 12723, 1, 20000.0, 12757.1
method, python time, total time, propagated dominance time, unpropagated dominance time, pricing_success, upper_bound, lower_bound, abort_early, num_paths, 
SPPRC, 1.1, 0.1, 0.0, 0.0, 1, 28693.0856, -76501.4621, 0, 3114
SPPRC, 0.4, 0.1, 0.0, 0.0, 1, 28693.0856, 2686.009, 0, 1634
SPPRC, 0.3, 0.1, 0.0, 0.0, 1, 28594.2323, 13795.6069, 0, 955
SPPRC, 0.2, 0.1, 0.0, 0.0, 1, 28496.5938, 20853.5984, 0, 618
SPPRC, 0.1, 0.1, 0.0, 0.0, 1, 28360.3525, 24756.2755, 0, 348
SPPRC, 0.8, 0.1, 0.0, 0.0, 1, 28155.9625, -43953.989, 0, 2682
SPPRC, 0.3, 0.1, 0.0, 0.0, 1, 28155.9625, 15727.6445, 0, 825
SPPRC, 0.1, 0.1, 0.0, 0.0, 1, 28145.3839, 21935.6275, 0, 376
SPPRC, 0.1, 0.1, 0.0, 0.0, 1, 28120.0293, 25176.9115, 0, 225
SPPRC, 0.5, 0.1, 0.0, 0.0, 1, 28024.8489, 17383.1151, 0, 675
SPPRC, 0.0, 0.1, 0.0, 0.0, 1, 28003.5471, 26469.6035, 0, 150
SPPRC, 0.0, 0.1, 0.0, 0.0, 1, 27913.6154, 26484.1385, 0, 138
SPPRC, 0.0, 0.1, 0.0, 0.0, 1, 27881.8056, 26883.5064, 0, 83
SPPRC, 0.0, 0.1, 0.0, 0.0, 1, 27857.7289, 26855.7806, 0, 59
SPPRC, 0.0, 0.1, 0.0, 0.0, 1, 27841.1739, 27245.3741, 0, 57
SPPRC, 0.0, 0.1, 0.0, 0.0, 1, 27837.0187, 27393.0589, 0, 39
SPPRC, 0.0, 0.1, 0.0, 0.0, 1, 27834.64, 27027.2037, 0, 34
SPPRC, 0.0, 0.1, 0.0, 0.0, 1, 27834.2139, 27609.3703, 0, 16
SPPRC, 0.0, 0.1, 0.0, 0.0, 1, 27833.2547, 27566.4603, 0, 13
SPPRC, 0.0, 0.1, 0.0, 0.0, 1, 27831.6094, 27741.6094, 0, 5
SPPRC, 0.0, 0.1, 0.0, 0.0, 1, 27831.1811, 27759.2399, 0, 2
SPPRC, 0.0, 0.1, 0.0, 0.0, 1, 27830.8293, 27830.8293, 0, 0
scip_total_time, 12765.749793
Solval, number of paths, impact cutoff
27830.8293444848, 113, 0.0001
Elementary, 2-Cycle, Path Value, Path
True, True, 0.3333, (0, 16, 12, 96, 95, 116, 92, 49, 73, 114, 32, 0)
True, True, 0.1286, (0, 46, 33, 21, 34, 2, 48, 29, 63, 0)
True, True, 0.2341, (0, 86, 52, 27, 82, 113, 88, 93, 0)
False, False, 0.3667, (0, 24, 38, 118, 28, 118, 38, 0)
False, False, 0.4, (0, 97, 69, 8, 37, 8, 37, 0)
False, False, 0.5, (0, 47, 127, 70, 127, 47, 0)
False, False, 0.257, (0, 80, 68, 98, 4, 98, 68, 0)
False, False, 0.0667, (0, 51, 120, 51, 120, 51, 120, 0)
False, False, 0.0667, (0, 24, 118, 28, 125, 28, 118, 24, 0)
False, False, 0.0519, (0, 62, 13, 57, 13, 57, 60, 0)
False, False, 0.5, (0, 102, 112, 72, 112, 72, 0)
False, False, 0.2005, (0, 128, 36, 81, 36, 81, 0)
False, False, 0.3, (0, 83, 109, 120, 51, 120, 109, 83, 0)
False, False, 0.1693, (0, 58, 55, 40, 55, 40, 55, 58, 101, 0)
False, False, 0.009, (0, 20, 63, 9, 124, 9, 124, 0)
False, False, 0.1521, (0, 66, 64, 44, 18, 59, 18, 44, 0)
False, True, 0.1333, (0, 24, 38, 118, 28, 38, 24, 0)
False, False, 0.4271, (0, 3, 91, 75, 91, 3, 0)
False, False, 0.1355, (0, 122, 107, 128, 107, 36, 81, 4, 0)
False, False, 0.1667, (0, 63, 19, 54, 7, 54, 7, 54, 7, 9, 0)
False, False, 0.0167, (0, 24, 125, 31, 97, 31, 125, 24, 0)
False, False, 0.0455, (0, 26, 126, 71, 126, 71, 126, 71, 126, 26, 0)
False, False, 0.1667, (0, 24, 28, 125, 14, 125, 28, 0)
False, False, 0.0732, (0, 88, 27, 82, 27, 52, 0)
False, True, 0.16, (0, 117, 122, 115, 117, 70, 0)
False, False, 0.1577, (0, 78, 119, 53, 123, 53, 123, 53, 123, 53, 123, 53, 119, 78, 0)
False, False, 0.0961, (0, 128, 107, 128, 107, 128, 107, 36, 81, 0)
False, False, 0.2, (0, 125, 83, 109, 51, 120, 51, 109, 83, 0)
False, False, 0.1667, (0, 63, 54, 7, 54, 7, 54, 7, 124, 0)
False, False, 0.009, (0, 78, 50, 20, 50, 20, 50, 86, 3, 0)
False, False, 0.2298, (0, 22, 45, 29, 45, 22, 6, 0)
False, False, 0.1167, (0, 125, 31, 69, 31, 69, 42, 99, 14, 0)
False, False, 0.1014, (0, 64, 18, 59, 18, 59, 18, 59, 18, 0)
False, False, 0.1211, (0, 102, 26, 108, 100, 108, 100, 108, 26, 0)
True, True, 0.1625, (0, 19, 22, 46, 33, 34, 2, 48, 29, 0)
False, False, 0.1, (0, 51, 8, 37, 8, 37, 0)
False, False, 0.0556, (0, 19, 48, 2, 48, 2, 34, 33, 46, 0)
False, True, 0.2553, (0, 86, 52, 113, 82, 27, 52, 0)
False, False, 0.027, (0, 78, 119, 5, 106, 5, 106, 5, 106, 5, 53, 0)
False, False, 0.0039, (0, 110, 17, 101, 41, 40, 55, 40, 58, 0)
False, False, 0.3831, (0, 67, 39, 43, 39, 67, 0)
False, False, 0.34, (0, 74, 117, 115, 122, 115, 70, 0)
False, False, 0.0455, (0, 26, 71, 126, 71, 126, 71, 26, 102, 74, 0)
False, False, 0.3243, (0, 78, 50, 20, 119, 20, 50, 20, 50, 78, 0)
False, True, 0.0723, (0, 86, 82, 124, 9, 82, 0)
False, False, 0.0194, (0, 62, 56, 13, 57, 13, 56, 84, 0)
False, False, 0.0798, (0, 64, 18, 59, 18, 59, 44, 90, 0)
False, False, 0.3333, (0, 74, 102, 32, 114, 73, 49, 73, 114, 32, 99, 0)
False, False, 0.1654, (0, 11, 85, 61, 41, 40, 55, 40, 58, 101, 0)
False, False, 0.0007, (0, 110, 17, 11, 85, 76, 79, 76, 79, 76, 79, 76, 79, 76, 79, 76, 79, 76, 85, 11, 17, 110, 0)
False, False, 0.0981, (0, 106, 81, 36, 81, 107, 128, 0)
False, False, 0.1018, (0, 19, 6, 45, 29, 45, 22, 6, 0)
False, False, 0.1457, (0, 91, 75, 103, 89, 103, 66, 15, 0)
False, False, 0.1187, (0, 63, 19, 6, 45, 29, 45, 6, 19, 0)
False, False, 0.0498, (0, 6, 45, 29, 45, 29, 0)
False, False, 0.13, (0, 43, 62, 56, 13, 57, 13, 57, 35, 0)
False, False, 0.3333, (0, 42, 16, 12, 96, 95, 116, 92, 116, 95, 96, 12, 16, 42, 0)
False, False, 0.0194, (0, 25, 84, 25, 84, 25, 84, 25, 43, 0)
False, False, 0.1847, (0, 119, 123, 5, 106, 5, 106, 5, 106, 5, 123, 53, 0)
False, False, 0.2988, (0, 60, 57, 13, 57, 13, 56, 0)
False, False, 0.006, (0, 80, 87, 121, 94, 111, 94, 111, 94, 87, 80, 0)
False, False, 0.1821, (0, 52, 27, 113, 27, 113, 88, 0)
False, False, 0.0798, (0, 66, 90, 44, 18, 44, 90, 0)
False, True, 0.1355, (0, 14, 117, 122, 115, 117, 0)
False, False, 0.1204, (0, 46, 33, 21, 2, 34, 2, 48, 6, 0)
False, False, 0.3333, (0, 84, 25, 84, 25, 77, 35, 60, 23, 0)
True, True, 0.0333, (0, 74, 14, 117, 99, 125, 28, 24, 0)
False, False, 0.2122, (0, 74, 26, 108, 100, 108, 100, 108, 26, 0)
False, False, 0.0194, (0, 19, 22, 46, 33, 21, 34, 2, 34, 46, 0)
False, False, 0.1466, (0, 84, 25, 77, 35, 77, 35, 77, 60, 0)
False, False, 0.3715, (0, 86, 124, 9, 124, 9, 63, 0)
False, False, 0.0723, (0, 15, 66, 103, 89, 88, 89, 103, 66, 0)
False, False, 0.0272, (0, 5, 106, 80, 87, 121, 87, 121, 87, 121, 87, 121, 87, 121, 87, 80, 119, 0)
False, False, 0.0532, (0, 122, 128, 107, 128, 81, 107, 128, 122, 0)
False, False, 0.1367, (0, 15, 66, 103, 89, 103, 75, 3, 0)
False, False, 0.1591, (0, 6, 48, 2, 48, 2, 48, 29, 0)
False, False, 0.2663, (0, 30, 62, 56, 62, 56, 62, 30, 0)
False, False, 0.3333, (0, 64, 59, 1, 23, 1, 23, 1, 64, 0)
False, False, 0.2337, (0, 93, 39, 43, 30, 43, 30, 67, 0)
False, False, 0.0727, (0, 103, 89, 88, 89, 88, 89, 103, 0)
True, True, 0.0476, (0, 100, 49, 92, 104, 10, 79, 76, 85, 11, 105, 0)
True, True, 0.0066, (0, 100, 49, 92, 104, 10, 79, 76, 85, 11, 110, 0)
False, False, 0.1215, (0, 5, 106, 68, 4, 68, 80, 119, 0)
False, False, 0.0423, (0, 110, 17, 101, 17, 101, 17, 101, 17, 101, 17, 110, 121, 0)
False, False, 0.2167, (0, 14, 99, 42, 69, 97, 31, 97, 31, 125, 0)
False, False, 0.1452, (0, 15, 66, 75, 103, 75, 66, 15, 0)
False, False, 0.2374, (0, 46, 33, 21, 34, 21, 34, 21, 33, 46, 22, 19, 0)
False, True, 0.0194, (0, 19, 22, 46, 33, 21, 34, 2, 33, 57, 35, 0)
False, True, 0.0507, (0, 90, 44, 59, 18, 44, 66, 0)
False, False, 0.243, (0, 80, 68, 98, 4, 98, 4, 80, 0)
False, False, 0.0546, (0, 60, 35, 77, 35, 25, 84, 25, 84, 0)
False, False, 0.0578, (0, 88, 82, 113, 82, 88, 86, 0)
False, False, 0.0886, (0, 93, 88, 82, 113, 82, 88, 93, 0)
False, False, 0.1614, (0, 101, 58, 41, 55, 40, 55, 40, 58, 101, 0)
False, False, 0.167, (0, 104, 10, 79, 10, 79, 76, 85, 11, 17, 110, 0)
False, False, 0.1181, (0, 106, 81, 36, 107, 128, 107, 122, 0)
False, False, 0.3549, (0, 93, 89, 90, 44, 90, 15, 0)
False, False, 0.0574, (0, 60, 77, 35, 77, 35, 77, 60, 0)
False, False, 0.0194, (0, 63, 87, 121, 94, 111, 94, 111, 94, 121, 87, 121, 87, 63, 0)
False, True, 0.15, (0, 14, 99, 31, 97, 69, 31, 99, 14, 0)
False, False, 0.1512, (0, 36, 126, 71, 126, 71, 126, 71, 26, 0)
False, False, 0.2994, (0, 87, 121, 111, 94, 111, 94, 111, 94, 121, 87, 0)
False, False, 0.2731, (0, 126, 71, 65, 105, 65, 105, 65, 0)
False, False, 0.0092, (0, 80, 87, 121, 87, 121, 87, 121, 87, 121, 87, 121, 87, 121, 87, 121, 87, 121, 87, 121, 87, 80, 0)
False, False, 0.1654, (0, 110, 17, 11, 85, 61, 41, 61, 41, 61, 85, 11, 105, 0)
False, False, 0.0156, (0, 74, 14, 117, 115, 117, 14, 74, 0)
False, False, 0.0254, (0, 80, 87, 121, 111, 94, 111, 121, 87, 121, 87, 80, 0)
False, True, 0.2792, (0, 104, 76, 79, 10, 104, 92, 49, 100, 0)
False, False, 0.0541, (0, 104, 10, 76, 79, 76, 79, 76, 79, 76, 79, 76, 10, 104, 0)
False, False, 0.0602, (0, 110, 105, 65, 105, 65, 105, 65, 105, 110, 0)
False, False, 0.0045, (0, 74, 117, 115, 122, 115, 5, 0)
False, False, 0.1122, (0, 104, 10, 79, 76, 10, 76, 85, 11, 17, 110, 0)
False, False, 0.1693, (0, 110, 17, 11, 85, 61, 41, 61, 41, 58, 101, 17, 110, 0)
all_elementary, False
all_cyc2, False
