Instance, X-n172-k51
capacity, 161
min_trucks, 53
output_file, output_uchoa/X-n172-k51-ng8.log
Start date, 2022-06-27
Start time, 05-29-38
capacity, 161
num_vehicles, 53
abort_early, False
methods, ['ng8']
max_vars, 10000
time_limit, 86400
farley, False
initial time, initial max_it, max_stale_it
1, 20000.0, 20
heuristic Number of routes, heuristic Best Solution Value, heuristic number of iterations, adjusted time, adjusted max_it, measured total time
18808, 45607.0, 20000, 1, 20000.0, 20084.1
method, python time, total time, propagated dominance time, unpropagated dominance time, pricing_success, upper_bound, lower_bound, abort_early, num_paths, 
ng8, 0.1, 2.4, 1.4, 0.7, 1, 45316.2696, 41126.2415, 0, 119
ng8, 0.1, 3.0, 1.7, 0.9, 1, 45263.1205, 44102.7295, 0, 37
ng8, -0.0, 3.4, 1.9, 1.0, 1, 45262.0476, 44727.3193, 0, 5
ng8, 0.0, 3.0, 1.7, 0.9, 1, 45261.6778, 45167.2525, 0, 5
ng8, 0.0, 3.2, 1.8, 1.0, 1, 45261.583, 45261.583, 0, 0
scip_total_time, 20101.207104
Solval, number of paths, impact cutoff
45261.583038120756, 122, 0.0001
Elementary, 2-Cycle, Path Value, Path
True, True, 1.0, (0, 80, 101, 147, 0)
True, True, 0.9293, (0, 74, 59, 151, 0)
True, True, 0.5, (0, 115, 40, 0)
True, True, 0.9293, (0, 109, 2, 0)
True, True, 1.0, (0, 118, 117, 0)
True, True, 1.0, (0, 148, 71, 0)
True, True, 0.4484, (0, 58, 97, 0)
True, True, 0.0696, (0, 150, 143, 0)
True, True, 1.0, (0, 47, 157, 0)
True, True, 0.5, (0, 95, 90, 0)
True, True, 1.0, (0, 36, 125, 0)
True, True, 1.0, (0, 162, 27, 0)
True, True, 1.0, (0, 163, 50, 0)
True, True, 1.0, (0, 100, 153, 0)
True, True, 1.0, (0, 46, 160, 0)
True, True, 0.0696, (0, 137, 65, 0)
True, True, 1.0, (0, 51, 18, 161, 132, 61, 0)
True, True, 0.2609, (0, 68, 11, 53, 146, 145, 0)
True, True, 1.0, (0, 25, 28, 0)
True, True, 0.7536, (0, 120, 144, 123, 0)
True, True, 1.0, (0, 165, 168, 0)
True, True, 0.5, (0, 35, 167, 0)
True, True, 1.0, (0, 83, 21, 0)
True, True, 1.0, (0, 26, 139, 0)
True, True, 1.0, (0, 76, 55, 0)
True, True, 1.0, (0, 166, 3, 0)
True, True, 0.5598, (0, 57, 20, 14, 0)
True, True, 1.0, (0, 134, 156, 86, 0)
True, True, 0.837, (0, 31, 64, 8, 29, 9, 5, 10, 23, 0)
True, True, 0.6739, (0, 128, 82, 78, 81, 39, 56, 45, 0)
True, True, 0.5924, (0, 72, 44, 79, 30, 66, 0)
True, True, 0.3261, (0, 24, 38, 0)
True, True, 0.0707, (0, 109, 74, 0)
True, True, 0.5, (0, 49, 115, 0)
True, True, 0.3261, (0, 52, 75, 0)
True, True, 0.5, (0, 113, 95, 0)
True, True, 0.9304, (0, 150, 137, 0)
True, True, 0.6359, (0, 143, 136, 0)
True, True, 0.5, (0, 90, 113, 0)
True, True, 1.0, (0, 41, 84, 0)
True, True, 1.0, (0, 106, 16, 32, 91, 7, 122, 112, 0)
True, True, 0.5073, (0, 145, 102, 0)
True, True, 0.4927, (0, 159, 146, 0)
True, True, 0.4402, (0, 4, 33, 154, 0)
True, True, 0.6359, (0, 170, 42, 77, 169, 0)
True, True, 0.6739, (0, 52, 24, 0)
True, True, 1.0, (0, 12, 85, 0)
True, True, 0.1913, (0, 65, 124, 0)
True, True, 0.5073, (0, 116, 159, 0)
True, True, 0.3261, (0, 43, 73, 44, 79, 72, 45, 0)
True, True, 0.0707, (0, 15, 66, 30, 59, 0)
True, True, 0.4927, (0, 116, 138, 13, 0)
True, True, 0.2609, (0, 171, 68, 13, 69, 60, 0)
True, True, 0.2609, (0, 138, 141, 48, 67, 0)
True, True, 0.3677, (0, 108, 164, 99, 142, 94, 107, 37, 119, 105, 0)
True, True, 0.163, (0, 128, 23, 10, 5, 9, 29, 81, 78, 39, 0)
True, True, 0.0435, (0, 154, 1, 140, 19, 104, 42, 0)
True, True, 0.1954, (0, 87, 103, 70, 110, 92, 62, 0)
True, True, 0.4293, (0, 104, 63, 15, 43, 6, 0)
True, True, 0.5, (0, 6, 40, 49, 0)
True, True, 0.2945, (0, 143, 130, 0)
True, True, 0.2464, (0, 120, 146, 69, 0)
True, True, 0.5, (0, 35, 129, 0)
True, True, 0.5539, (0, 107, 93, 98, 89, 96, 149, 155, 0)
True, True, 0.2391, (0, 11, 114, 103, 87, 131, 152, 0)
True, True, 0.2609, (0, 48, 88, 102, 0)
True, True, 0.3641, (0, 136, 77, 169, 0)
True, True, 0.4402, (0, 57, 4, 54, 17, 0)
True, True, 0.0707, (0, 75, 2, 0)
True, True, 0.038, (0, 140, 19, 63, 15, 43, 0)
True, True, 0.2609, (0, 141, 88, 53, 11, 171, 0)
True, True, 0.5, (0, 167, 129, 0)
True, True, 0.2337, (0, 42, 63, 19, 140, 1, 0)
True, True, 0.125, (0, 170, 104, 140, 1, 135, 17, 154, 0)
True, True, 0.0707, (0, 42, 151, 43, 15, 6, 0)
True, True, 1.0, (0, 111, 34, 0)
True, True, 0.1113, (0, 99, 93, 98, 89, 96, 149, 155, 0)
True, True, 0.2464, (0, 69, 60, 123, 0)
True, True, 0.2318, (0, 145, 102, 48, 0)
True, True, 0.163, (0, 104, 63, 82, 19, 140, 1, 0)
True, True, 0.0678, (0, 105, 37, 164, 99, 142, 94, 149, 155, 0)
True, True, 0.2828, (0, 62, 92, 110, 70, 131, 22, 0)
True, True, 0.2828, (0, 121, 103, 114, 110, 92, 0)
True, True, 0.2464, (0, 48, 13, 60, 138, 0)
True, True, 0.1204, (0, 22, 94, 96, 89, 98, 93, 158, 0)
True, True, 0.5516, (0, 75, 97, 0)
True, True, 0.0163, (0, 42, 63, 15, 43, 0)
True, True, 0.5, (0, 126, 58, 0)
True, True, 0.337, (0, 73, 30, 38, 0)
True, True, 0.2391, (0, 152, 131, 114, 110, 92, 62, 0)
True, True, 0.22, (0, 158, 164, 142, 94, 149, 155, 87, 0)
True, True, 0.2391, (0, 170, 104, 19, 140, 1, 135, 154, 0)
True, True, 0.4782, (0, 171, 68, 53, 88, 141, 0)
True, True, 0.0815, (0, 56, 64, 8, 81, 78, 128, 17, 0)
True, True, 0.0815, (0, 43, 63, 140, 1, 0)
True, True, 0.7391, (0, 65, 67, 124, 0)
True, True, 0.2391, (0, 152, 131, 70, 114, 11, 0)
True, True, 0.4402, (0, 135, 54, 14, 33, 20, 0)
True, True, 0.337, (0, 38, 66, 73, 15, 0)
True, True, 0.0465, (0, 158, 164, 142, 94, 37, 119, 0)
True, True, 0.0314, (0, 158, 93, 98, 96, 94, 142, 99, 107, 0)
True, True, 0.0157, (0, 87, 149, 96, 89, 98, 94, 37, 0)
True, True, 0.0815, (0, 128, 82, 39, 31, 56, 79, 44, 0)
True, True, 0.1017, (0, 127, 158, 164, 99, 37, 119, 0)
True, True, 0.0157, (0, 107, 99, 94, 98, 89, 96, 155, 87, 0)
True, True, 0.038, (0, 17, 1, 19, 63, 15, 43, 0)
True, True, 0.0815, (0, 19, 82, 39, 31, 56, 72, 0)
True, True, 0.0314, (0, 105, 158, 93, 98, 89, 94, 99, 107, 0)
True, True, 0.0516, (0, 58, 75, 0)
True, True, 0.2464, (0, 69, 60, 144, 0)
False, True, 0.0761, (0, 154, 17, 135, 140, 1, 154, 0)
False, False, 0.4492, (0, 127, 108, 127, 121, 0)
False, False, 0.5, (0, 133, 126, 133, 0)
False, True, 0.1196, (0, 17, 54, 4, 33, 17, 135, 0)
False, True, 0.1831, (0, 105, 108, 158, 164, 99, 142, 37, 119, 105, 0)
True, True, 0.0314, (0, 22, 87, 155, 149, 96, 89, 93, 158, 0)
False, True, 0.0835, (0, 105, 119, 99, 142, 94, 37, 119, 105, 0)
False, True, 0.134, (0, 121, 119, 37, 121, 0)
False, True, 0.0815, (0, 19, 78, 81, 8, 64, 56, 19, 0)
False, True, 0.2828, (0, 22, 152, 87, 103, 70, 62, 22, 0)
False, True, 0.0066, (0, 164, 158, 93, 98, 89, 96, 99, 164, 0)
False, True, 0.1138, (0, 158, 96, 89, 98, 93, 158, 0)
all_elementary, False
all_cyc2, False
