Instance, X-n176-k26
capacity, 142
min_trucks, 26
output_file, output_uchoa/X-n176-k26-ng20.log
Start date, 2022-06-27
Start time, 04-04-14
capacity, 142
num_vehicles, 26
abort_early, False
methods, ['ng20']
max_vars, 10000
time_limit, 86400
farley, False
initial time, initial max_it, max_stale_it
1, 20000.0, 20
heuristic Number of routes, heuristic Best Solution Value, heuristic number of iterations, adjusted time, adjusted max_it, measured total time
2205, 47812.0, 2000, 10, 2000.0, 19933.2
method, python time, total time, propagated dominance time, unpropagated dominance time, pricing_success, upper_bound, lower_bound, abort_early, num_paths, 
ng20, 2.7, 22.6, 18.4, 3.1, 1, 47698.8789, 10588.9176, 0, 10637
ng20, 3.3, 297.8, 278.0, 16.4, 1, 47684.8497, 34612.9376, 0, 19415
ng20, 3.2, 489.1, 462.7, 22.9, 1, 47684.8497, 36645.0404, 0, 12726
ng20, 2.3, 1357.2, 1278.7, 72.7, 1, 47680.3286, 41407.3624, 0, 7085
ng20, 0.7, 2184.7, 2055.5, 121.5, 1, 47658.2764, 43784.9129, 0, 2071
ng20, 0.3, 3093.2, 2896.7, 187.2, 1, 47624.7351, 45743.3274, 0, 706
ng20, 0.2, 4034.9, 3810.7, 212.9, 1, 47602.1021, 46273.7838, 0, 566
ng20, 0.2, 3533.3, 3315.4, 207.3, 1, 47596.0072, 46146.4325, 0, 393
ng20, 0.1, 3567.2, 3340.2, 216.5, 1, 47592.889, 47033.7693, 0, 66
ng20, 0.0, 3972.9, 3726.7, 235.1, 1, 47588.6116, 47471.659, 0, 13
ng20, 0.0, 3976.2, 3735.5, 229.7, 1, 47588.4373, 47579.8655, 0, 4
ng20, 0.1, 3999.9, 3759.7, 229.2, 1, 47588.4365, 47588.4365, 0, 0
scip_total_time, 50476.218939
Solval, number of paths, impact cutoff
47588.43647525291, 137, 0.0001
Elementary, 2-Cycle, Path Value, Path
True, True, 0.745, (0, 75, 54, 109, 1, 100, 163, 70, 165, 0)
True, True, 0.0565, (0, 13, 170, 33, 69, 0)
True, True, 0.6824, (0, 9, 169, 11, 0)
True, True, 0.0548, (0, 110, 28, 23, 40, 0)
True, True, 0.2155, (0, 88, 27, 32, 160, 0)
True, True, 0.702, (0, 17, 20, 67, 0)
True, True, 0.1246, (0, 136, 137, 89, 82, 116, 43, 78, 16, 0)
True, True, 0.5827, (0, 19, 166, 147, 79, 26, 120, 0)
True, True, 0.2565, (0, 124, 43, 59, 94, 50, 141, 108, 146, 112, 37, 129, 80, 0)
True, True, 0.298, (0, 27, 17, 140, 0)
True, True, 0.2373, (0, 153, 31, 3, 111, 0)
True, True, 0.4146, (0, 14, 127, 36, 101, 157, 93, 0)
True, True, 0.8412, (0, 114, 39, 62, 159, 15, 172, 0)
True, True, 0.3454, (0, 31, 3, 90, 111, 0)
True, True, 0.0128, (0, 161, 101, 36, 14, 0)
True, True, 0.8964, (0, 55, 29, 134, 21, 0)
True, True, 0.4173, (0, 26, 12, 0)
True, True, 0.4173, (0, 36, 19, 0)
True, True, 0.755, (0, 122, 60, 98, 171, 143, 10, 175, 0)
True, True, 0.1036, (0, 21, 134, 29, 162, 0)
True, True, 0.1237, (0, 28, 107, 23, 40, 0)
True, True, 0.4383, (0, 140, 2, 73, 25, 167, 153, 0)
True, True, 0.0403, (0, 13, 170, 109, 33, 69, 0)
True, True, 0.3094, (0, 72, 136, 137, 89, 82, 116, 78, 16, 0)
True, True, 0.2036, (0, 133, 162, 45, 4, 52, 128, 125, 168, 164, 95, 96, 103, 0)
True, True, 0.0938, (0, 165, 75, 70, 54, 109, 1, 100, 163, 69, 0)
True, True, 0.0016, (0, 148, 118, 22, 71, 144, 104, 92, 156, 0)
True, True, 0.4173, (0, 31, 34, 0)
True, True, 0.4839, (0, 81, 117, 38, 83, 48, 119, 45, 35, 142, 133, 0)
True, True, 0.3811, (0, 88, 130, 107, 126, 5, 68, 152, 105, 76, 61, 0)
True, True, 0.4865, (0, 160, 49, 32, 27, 0)
True, True, 0.8093, (0, 69, 33, 170, 13, 74, 0)
True, True, 0.0133, (0, 33, 170, 13, 57, 0)
True, True, 0.2727, (0, 110, 4, 52, 128, 125, 168, 164, 95, 96, 103, 0)
True, True, 0.0133, (0, 91, 86, 81, 64, 77, 7, 158, 44, 0)
True, True, 0.282, (0, 42, 34, 53, 30, 0)
True, True, 0.0727, (0, 122, 143, 10, 175, 0)
True, True, 0.2186, (0, 160, 28, 23, 0)
True, True, 0.023, (0, 106, 63, 139, 6, 66, 138, 56, 0)
True, True, 0.136, (0, 97, 47, 149, 132, 16, 49, 174, 0)
True, True, 0.1848, (0, 20, 59, 50, 5, 0)
True, True, 0.0649, (0, 161, 155, 8, 113, 84, 121, 145, 123, 58, 90, 0)
True, True, 0.2586, (0, 151, 65, 41, 131, 173, 24, 91, 57, 104, 0)
True, True, 0.7079, (0, 156, 92, 144, 71, 22, 118, 99, 154, 0)
True, True, 0.2687, (0, 64, 38, 83, 48, 119, 45, 35, 142, 158, 0)
True, True, 0.1723, (0, 143, 10, 175, 0)
True, True, 0.1626, (0, 58, 121, 84, 113, 8, 155, 161, 101, 0)
True, True, 0.2293, (0, 2, 73, 102, 25, 153, 0)
True, True, 0.1771, (0, 174, 23, 28, 115, 0)
True, True, 0.0687, (0, 34, 2, 0)
True, True, 0.0794, (0, 6, 88, 49, 174, 160, 61, 66, 0)
True, True, 0.1734, (0, 150, 46, 59, 94, 50, 18, 174, 0)
True, True, 0.6593, (0, 56, 138, 40, 66, 6, 139, 63, 106, 0)
True, True, 0.2422, (0, 103, 96, 95, 164, 168, 85, 64, 7, 77, 0)
True, True, 0.0301, (0, 40, 88, 32, 23, 149, 124, 0)
True, True, 0.5374, (0, 148, 57, 91, 86, 77, 7, 158, 53, 51, 42, 0)
True, True, 0.2315, (0, 148, 118, 22, 71, 144, 104, 92, 0)
True, True, 0.1277, (0, 28, 105, 23, 40, 0)
True, True, 0.1907, (0, 135, 74, 41, 131, 173, 24, 91, 57, 104, 0)
True, True, 0.4173, (0, 120, 79, 147, 166, 155, 8, 113, 84, 121, 145, 123, 90, 0)
True, True, 0.059, (0, 156, 92, 144, 71, 22, 118, 148, 0)
True, True, 0.1703, (0, 124, 47, 132, 78, 150, 18, 130, 0)
True, True, 0.1319, (0, 130, 18, 46, 43, 116, 82, 137, 136, 0)
True, True, 0.0827, (0, 30, 51, 34, 44, 0)
True, True, 0.3176, (0, 104, 11, 169, 30, 0)
True, True, 0.1588, (0, 156, 9, 56, 60, 30, 0)
True, True, 0.0727, (0, 156, 9, 114, 98, 30, 0)
True, True, 0.0806, (0, 42, 51, 34, 33, 0)
True, True, 0.0261, (0, 130, 5, 126, 152, 68, 146, 108, 141, 94, 59, 46, 0)
False, True, 0.0806, (0, 75, 70, 163, 100, 1, 109, 54, 70, 75, 165, 0)
True, True, 0.245, (0, 171, 111, 3, 14, 0)
True, True, 0.0097, (0, 140, 2, 102, 25, 0)
True, True, 0.0687, (0, 51, 34, 25, 0)
True, True, 0.0403, (0, 103, 96, 95, 164, 168, 85, 117, 64, 81, 13, 170, 54, 0)
True, True, 0.05, (0, 64, 38, 83, 4, 52, 128, 125, 85, 81, 0)
True, True, 0.1553, (0, 93, 157, 161, 36, 127, 14, 0)
True, True, 0.004, (0, 174, 49, 130, 107, 126, 152, 105, 80, 28, 0)
True, True, 0.2296, (0, 97, 47, 149, 23, 32, 0)
True, True, 0.0403, (0, 103, 96, 95, 85, 125, 128, 52, 4, 83, 38, 0)
True, True, 0.0529, (0, 18, 46, 43, 78, 132, 47, 0)
True, True, 0.0043, (0, 40, 18, 43, 116, 82, 89, 72, 0)
True, True, 0.0791, (0, 115, 87, 107, 126, 5, 68, 152, 105, 80, 110, 0)
True, True, 0.1132, (0, 72, 136, 137, 89, 82, 116, 20, 43, 78, 132, 149, 47, 124, 0)
True, True, 0.1319, (0, 72, 136, 137, 89, 78, 16, 132, 124, 0)
True, True, 0.0831, (0, 115, 87, 105, 129, 37, 112, 68, 152, 126, 107, 130, 0)
True, True, 0.1016, (0, 80, 129, 37, 112, 146, 108, 141, 68, 152, 126, 130, 0)
False, True, 0.0403, (0, 165, 163, 100, 1, 109, 54, 165, 0)
True, True, 0.2503, (0, 167, 102, 72, 145, 123, 12, 58, 157, 93, 0)
False, True, 0.05, (0, 42, 51, 53, 158, 7, 77, 86, 44, 51, 42, 0)
True, True, 0.1645, (0, 61, 18, 43, 116, 82, 89, 137, 136, 0)
False, True, 0.2921, (0, 135, 151, 65, 41, 24, 173, 131, 135, 154, 0)
True, True, 0.0903, (0, 44, 86, 77, 142, 35, 162, 158, 53, 51, 0)
True, True, 0.1031, (0, 61, 18, 43, 116, 82, 89, 72, 0)
False, True, 0.2718, (0, 61, 87, 107, 126, 5, 68, 152, 105, 87, 76, 0)
True, True, 0.0403, (0, 163, 1, 96, 95, 164, 168, 85, 117, 81, 0)
True, True, 0.0903, (0, 44, 142, 35, 119, 48, 38, 64, 86, 0)
False, True, 0.298, (0, 67, 97, 124, 47, 132, 16, 149, 97, 0)
True, True, 0.0403, (0, 142, 45, 4, 52, 128, 125, 85, 164, 168, 103, 0)
True, True, 0.1588, (0, 172, 15, 159, 140, 139, 63, 106, 0)
True, True, 0.0831, (0, 102, 72, 145, 121, 84, 113, 8, 155, 127, 0)
True, True, 0.1526, (0, 73, 167, 102, 12, 58, 161, 101, 127, 0)
True, True, 0.0571, (0, 107, 5, 68, 146, 108, 141, 50, 94, 59, 46, 149, 0)
False, True, 0.068, (0, 148, 99, 151, 65, 41, 24, 173, 131, 151, 99, 0)
True, True, 0.0794, (0, 39, 139, 6, 66, 106, 138, 56, 0)
True, True, 0.01, (0, 127, 161, 155, 8, 113, 84, 121, 123, 58, 0)
True, True, 0.1798, (0, 157, 127, 101, 161, 58, 12, 102, 73, 0)
True, True, 0.0903, (0, 119, 48, 83, 4, 52, 128, 125, 85, 117, 81, 0)
True, True, 0.1798, (0, 58, 123, 145, 121, 84, 113, 8, 155, 161, 93, 0)
True, True, 0.0384, (0, 174, 32, 23, 149, 97, 0)
True, True, 0.0777, (0, 123, 121, 84, 113, 8, 155, 161, 101, 0)
False, True, 0.068, (0, 148, 99, 151, 65, 131, 173, 24, 41, 65, 135, 0)
True, True, 0.0244, (0, 115, 130, 18, 43, 116, 82, 89, 137, 0)
True, True, 0.2565, (0, 115, 80, 129, 37, 112, 146, 108, 141, 94, 50, 46, 150, 0)
True, True, 0.2304, (0, 115, 80, 129, 37, 112, 146, 108, 141, 94, 59, 46, 150, 0)
True, True, 0.0717, (0, 115, 80, 129, 37, 112, 146, 108, 141, 50, 59, 46, 150, 0)
True, True, 0.0794, (0, 39, 139, 63, 6, 66, 138, 0)
True, True, 0.0951, (0, 140, 2, 102, 25, 153, 0)
True, True, 0.0045, (0, 127, 161, 155, 8, 113, 84, 121, 145, 72, 0)
True, True, 0.294, (0, 44, 162, 110, 28, 76, 87, 49, 174, 88, 0)
True, True, 0.1723, (0, 14, 3, 90, 111, 98, 122, 0)
True, True, 0.0244, (0, 115, 130, 18, 43, 116, 82, 89, 136, 0)
True, True, 0.1588, (0, 62, 2, 25, 167, 0)
True, True, 0.0862, (0, 9, 114, 60, 30, 0)
False, True, 0.0881, (0, 99, 151, 65, 131, 173, 24, 41, 65, 151, 135, 0)
False, True, 0.0794, (0, 56, 138, 106, 63, 6, 66, 138, 0)
True, True, 0.0346, (0, 86, 64, 38, 83, 48, 119, 35, 44, 0)
True, True, 0.1957, (0, 81, 117, 85, 125, 128, 52, 4, 110, 162, 133, 44, 0)
True, True, 0.0057, (0, 44, 162, 35, 119, 48, 83, 38, 117, 81, 0)
True, True, 0.1168, (0, 44, 133, 7, 64, 85, 168, 164, 95, 96, 103, 0)
True, True, 0.0531, (0, 115, 76, 105, 152, 126, 18, 130, 0)
False, True, 0.0345, (0, 135, 151, 65, 131, 173, 24, 41, 65, 151, 135, 148, 0)
True, True, 0.1036, (0, 86, 64, 117, 85, 125, 128, 52, 4, 110, 55, 162, 0)
True, True, 0.0977, (0, 149, 132, 78, 150, 18, 174, 0)
True, True, 0.0266, (0, 44, 142, 35, 119, 48, 83, 38, 77, 0)
True, True, 0.0403, (0, 51, 53, 158, 7, 77, 86, 81, 170, 100, 0)
True, True, 0.0403, (0, 86, 81, 13, 64, 117, 85, 168, 164, 95, 96, 103, 0)
True, True, 0.0036, (0, 103, 96, 95, 164, 168, 125, 128, 52, 4, 45, 162, 0)
all_elementary, False
all_cyc2, True
