Instance, X-n237-k14
capacity, 18
min_trucks, 14
output_file, output_uchoa/X-n237-k14-cyc2.log
Start date, 2022-07-01
Start time, 16-46-20
capacity, 18
num_vehicles, 14
abort_early, False
methods, ['cyc2']
max_vars, 100
time_limit, 86400
farley, False
ESPPRC_heur, True
initial time, initial max_it, max_stale_it
1, 20000.0, 20
heuristic Number of routes, heuristic Best Solution Value, heuristic number of iterations, adjusted time, adjusted max_it, measured total time
93057, 27090.0, 20000, 1, 20000.0, 20528.8
method, python time, total time, propagated dominance time, unpropagated dominance time, pricing_success, upper_bound, lower_bound, abort_early, num_paths, 
ESPPRC_heur, 0.1, 0.2, 0.1, 0.0, 0, 26880.271, 20104.635, True, 741
ESPPRC_heur, 0.1, 0.2, 0.1, 0.0, 0, 26880.271, 19418.9807, True, 863
ESPPRC_heur, 0.1, 0.2, 0.1, 0.0, 0, 26880.271, 24258.4149, True, 382
ESPPRC_heur, 0.1, 0.2, 0.1, 0.0, 0, 26860.146, 22913.7334, True, 442
ESPPRC_heur, 0.1, 0.2, 0.1, 0.0, 0, 26860.146, 25057.2398, True, 245
ESPPRC_heur, 0.1, 0.2, 0.1, 0.0, 0, 26831.3062, 24844.7497, True, 255
ESPPRC_heur, 0.1, 0.2, 0.1, 0.0, 0, 26819.5589, 25047.5262, True, 202
ESPPRC_heur, 0.1, 0.2, 0.1, 0.0, 0, 26798.2305, 25206.8225, True, 202
ESPPRC_heur, 0.1, 0.2, 0.1, 0.0, 0, 26798.2305, 25442.5008, True, 187
ESPPRC_heur, 0.1, 0.2, 0.1, 0.0, 0, 26796.0467, 25618.8199, True, 184
ESPPRC_heur, 0.1, 0.1, 0.1, 0.0, 0, 26795.9715, 24638.4224, True, 262
ESPPRC_heur, 0.1, 0.2, 0.1, 0.0, 0, 26795.9715, 25697.7725, True, 161
ESPPRC_heur, 0.1, 0.1, 0.0, 0.0, 0, 26794.7381, 25304.7056, True, 159
ESPPRC_heur, 0.1, 0.2, 0.1, 0.0, 0, 26794.7186, 26118.5221, True, 118
ESPPRC_heur, 0.1, 0.2, 0.1, 0.0, 0, 26792.2441, 25859.1071, True, 151
ESPPRC_heur, 0.1, 0.2, 0.1, 0.0, 0, 26792.2441, 26064.5726, True, 116
ESPPRC_heur, 0.1, 0.2, 0.1, 0.0, 0, 26786.3606, 25973.7903, True, 153
ESPPRC_heur, 0.1, 0.2, 0.1, 0.0, 0, 26786.3606, 26397.7334, True, 105
ESPPRC_heur, 0.1, 0.2, 0.1, 0.0, 0, 26784.5647, 26167.2479, True, 112
ESPPRC_heur, 0.0, 0.2, 0.1, 0.0, 0, 26783.8413, 26373.4971, True, 64
ESPPRC_heur, 0.1, 0.2, 0.1, 0.0, 0, 26782.5829, 25679.8433, True, 166
ESPPRC_heur, 0.0, 0.2, 0.1, 0.0, 0, 26782.5829, 26284.7428, True, 78
ESPPRC_heur, 0.1, 0.2, 0.1, 0.0, 0, 26780.9064, 26137.6799, True, 96
ESPPRC_heur, 0.0, 0.2, 0.1, 0.0, 0, 26780.9064, 26354.7809, True, 70
ESPPRC_heur, 0.0, 0.2, 0.1, 0.0, 0, 26780.6859, 26463.5361, True, 58
ESPPRC_heur, 0.0, 0.2, 0.1, 0.0, 0, 26778.2628, 26381.7524, True, 75
ESPPRC_heur, 0.0, 0.2, 0.1, 0.0, 0, 26778.2194, 26251.986, True, 76
ESPPRC_heur, 0.1, 0.1, 0.1, 0.0, 0, 26777.1577, 26302.798, True, 66
ESPPRC_heur, -0.0, 0.2, 0.1, 0.0, 0, 26776.1342, 26595.8729, True, 41
ESPPRC_heur, -0.0, 0.2, 0.1, 0.0, 0, 26774.566, 26477.2054, True, 54
ESPPRC_heur, 0.0, 0.2, 0.1, 0.0, 0, 26772.7572, 26469.91, True, 79
ESPPRC_heur, -0.0, 0.2, 0.1, 0.0, 0, 26772.688, 26352.0351, True, 54
ESPPRC_heur, -0.0, 0.2, 0.1, 0.0, 0, 26772.2536, 26557.4612, True, 33
ESPPRC_heur, -0.0, 0.2, 0.1, 0.0, 0, 26771.0801, 26538.2485, True, 38
ESPPRC_heur, -0.0, 0.2, 0.1, 0.0, 0, 26770.2492, 26619.4802, True, 37
ESPPRC_heur, -0.0, 0.2, 0.1, 0.0, 0, 26770.1257, 26689.4206, True, 15
ESPPRC_heur, -0.0, 0.2, 0.1, 0.0, 0, 26770.0801, 26706.324, True, 10
ESPPRC_heur, -0.0, 0.2, 0.1, 0.0, 0, 26769.9394, 26686.1624, True, 3
ESPPRC_heur, -0.0, 0.2, 0.1, 0.0, 0, 26769.5604, 26673.3289, True, 17
ESPPRC_heur, -0.0, 0.2, 0.1, 0.0, 0, 26769.1837, 26699.5479, True, 8
ESPPRC_heur, -0.0, 0.2, 0.1, 0.0, 0, 26768.9882, 26741.4225, True, 4
ESPPRC_heur, -0.0, 0.2, 0.1, 0.0, 0, 26768.8737, 26666.5473, True, 3
ESPPRC_heur, -0.0, 0.2, 0.1, 0.0, 0, 26768.8731, 26737.1139, True, 4
ESPPRC_heur, -0.0, 0.2, 0.1, 0.0, 0, 26768.8731, 26730.9493, True, 4
ESPPRC_heur, -0.0, 0.2, 0.1, 0.0, 0, 26768.7712, 26721.1125, True, 8
ESPPRC_heur, -0.0, 0.2, 0.1, 0.0, 0, 26768.7683, 26620.0976, True, 10
ESPPRC_heur, -0.0, 0.2, 0.1, 0.0, 0, 26768.7683, 26677.6561, True, 3
ESPPRC_heur, -0.0, 0.2, 0.1, 0.0, 0, 26768.6895, 26728.3875, True, 4
cyc2, 0.1, 1.0, 0.0, 0.0, 1, 26768.6895, 22794.3325, 0, 3039
ESPPRC_heur, 0.1, 0.1, 0.1, 0.0, 0, 26706.3807, 26229.1788, True, 84
ESPPRC_heur, 0.0, 0.2, 0.1, 0.0, 0, 26703.9302, 26384.7175, True, 62
ESPPRC_heur, 0.0, 0.2, 0.1, 0.0, 0, 26702.9853, 26094.5045, True, 81
ESPPRC_heur, -0.0, 0.2, 0.1, 0.0, 0, 26698.6478, 26375.1353, True, 55
ESPPRC_heur, -0.0, 0.2, 0.1, 0.0, 0, 26697.9037, 26538.4918, True, 46
ESPPRC_heur, -0.0, 0.2, 0.1, 0.0, 0, 26697.6998, 26509.8106, True, 37
ESPPRC_heur, -0.0, 0.2, 0.1, 0.0, 0, 26695.2483, 26280.7984, True, 47
ESPPRC_heur, -0.0, 0.2, 0.1, 0.0, 0, 26694.8584, 26559.4744, True, 19
ESPPRC_heur, -0.0, 0.2, 0.1, 0.0, 0, 26694.0986, 26444.3206, True, 27
ESPPRC_heur, -0.0, 0.2, 0.1, 0.0, 0, 26693.8908, 26625.4981, True, 10
ESPPRC_heur, -0.0, 0.2, 0.1, 0.0, 0, 26693.3543, 26559.0279, True, 7
ESPPRC_heur, -0.0, 0.2, 0.1, 0.0, 0, 26692.0317, 26583.3807, True, 25
ESPPRC_heur, -0.0, 0.2, 0.1, 0.0, 0, 26691.927, 26571.4367, True, 16
ESPPRC_heur, -0.0, 0.2, 0.1, 0.0, 0, 26691.9266, 26568.6858, True, 11
ESPPRC_heur, -0.0, 0.2, 0.1, 0.0, 0, 26691.9266, 26568.713, True, 8
ESPPRC_heur, -0.0, 0.2, 0.1, 0.0, 0, 26691.9109, 26625.4702, True, 12
ESPPRC_heur, -0.0, 0.2, 0.1, 0.0, 0, 26691.8634, 26439.8634, True, 8
ESPPRC_heur, -0.0, 0.2, 0.1, 0.0, 0, 26689.913, 26452.1743, True, 23
ESPPRC_heur, -0.0, 0.2, 0.1, 0.0, 0, 26689.7294, 26517.6099, True, 23
ESPPRC_heur, -0.0, 0.2, 0.1, 0.0, 0, 26689.3202, 26614.1404, True, 18
ESPPRC_heur, -0.0, 0.2, 0.1, 0.0, 0, 26689.3126, 26642.2585, True, 1
ESPPRC_heur, -0.0, 0.2, 0.1, 0.0, 0, 26689.3126, 26657.1896, True, 3
ESPPRC_heur, -0.0, 0.2, 0.1, 0.0, 0, 26689.3126, 26685.3799, True, 1
ESPPRC_heur, -0.0, 0.2, 0.1, 0.0, 0, 26689.3126, 26688.3255, True, 1
ESPPRC_heur, -0.0, 0.2, 0.1, 0.0, 0, 26689.3126, 26688.3255, True, 1
ESPPRC_heur, -0.0, 0.2, 0.1, 0.0, 0, 26689.3114, 26610.1443, True, 3
cyc2, 0.1, 1.0, 0.0, 0.0, 1, 26689.3114, 22348.7937, 0, 1953
ESPPRC_heur, -0.0, 0.2, 0.1, 0.0, 0, 26689.3114, 26675.8395, True, 1
cyc2, 0.1, 1.0, 0.0, 0.0, 1, 26689.3114, 23975.3422, 0, 1706
ESPPRC_heur, 0.0, 0.2, 0.1, 0.0, 0, 26684.8203, 26120.4327, True, 60
ESPPRC_heur, -0.0, 0.2, 0.1, 0.0, 0, 26684.6367, 26465.6091, True, 24
ESPPRC_heur, -0.0, 0.2, 0.1, 0.0, 0, 26682.8679, 26436.5082, True, 48
ESPPRC_heur, -0.0, 0.2, 0.1, 0.0, 0, 26682.5697, 26580.7746, True, 11
ESPPRC_heur, -0.0, 0.2, 0.1, 0.0, 0, 26681.7131, 26503.4539, True, 36
ESPPRC_heur, -0.0, 0.2, 0.1, 0.0, 0, 26681.3077, 26580.789, True, 14
ESPPRC_heur, -0.0, 0.2, 0.1, 0.0, 0, 26681.2282, 26612.964, True, 15
ESPPRC_heur, -0.0, 0.2, 0.1, 0.0, 0, 26681.1324, 26625.3459, True, 11
ESPPRC_heur, -0.0, 0.2, 0.1, 0.0, 0, 26681.016, 26631.0804, True, 7
ESPPRC_heur, -0.0, 0.2, 0.1, 0.0, 0, 26680.9531, 26654.2397, True, 9
ESPPRC_heur, -0.0, 0.2, 0.1, 0.0, 0, 26680.9531, 26607.5891, True, 6
ESPPRC_heur, -0.0, 0.2, 0.1, 0.0, 0, 26680.9531, 26621.6759, True, 10
ESPPRC_heur, -0.0, 0.2, 0.1, 0.0, 0, 26680.8953, 26668.4312, True, 4
ESPPRC_heur, -0.0, 0.2, 0.1, 0.0, 0, 26680.8953, 26668.4312, True, 4
ESPPRC_heur, -0.0, 0.2, 0.1, 0.0, 0, 26680.8722, 26597.3187, True, 11
ESPPRC_heur, -0.0, 0.2, 0.1, 0.0, 0, 26680.0967, 26389.0473, True, 39
ESPPRC_heur, -0.0, 0.2, 0.1, 0.0, 0, 26680.0965, 26365.3809, True, 31
ESPPRC_heur, -0.0, 0.2, 0.1, 0.0, 0, 26680.0246, 26550.2012, True, 28
ESPPRC_heur, -0.0, 0.2, 0.1, 0.0, 0, 26679.2408, 26547.2244, True, 28
ESPPRC_heur, -0.0, 0.2, 0.1, 0.0, 0, 26679.0939, 26573.5965, True, 10
ESPPRC_heur, -0.0, 0.2, 0.1, 0.0, 0, 26679.0939, 26635.2382, True, 14
ESPPRC_heur, -0.0, 0.2, 0.1, 0.0, 0, 26679.0938, 26665.259, True, 7
cyc2, 0.1, 1.0, 0.0, 0.0, 1, 26679.0938, 23465.8869, 0, 1809
ESPPRC_heur, -0.0, 0.2, 0.1, 0.0, 0, 26679.0938, 26595.9997, True, 3
ESPPRC_heur, -0.0, 0.2, 0.1, 0.0, 0, 26679.0938, 26594.1642, True, 1
ESPPRC_heur, -0.0, 0.2, 0.1, 0.0, 0, 26678.8643, 26592.8705, True, 22
ESPPRC_heur, -0.0, 0.2, 0.1, 0.0, 0, 26678.8022, 26622.8022, True, 4
ESPPRC_heur, -0.0, 0.2, 0.1, 0.0, 0, 26678.6932, 26678.1652, True, 1
cyc2, 0.1, 1.0, 0.0, 0.0, 1, 26678.6932, 24200.4973, 0, 1674
ESPPRC_heur, 0.0, 0.2, 0.1, 0.0, 0, 26656.2535, 26311.901, True, 78
ESPPRC_heur, -0.0, 0.2, 0.1, 0.0, 0, 26651.5618, 26483.905, True, 37
ESPPRC_heur, -0.0, 0.2, 0.1, 0.0, 0, 26650.6643, 26557.5739, True, 20
ESPPRC_heur, -0.0, 0.2, 0.1, 0.0, 0, 26650.3992, 26545.2859, True, 19
ESPPRC_heur, -0.0, 0.2, 0.1, 0.0, 0, 26650.1585, 26554.7906, True, 23
ESPPRC_heur, -0.0, 0.2, 0.1, 0.0, 0, 26649.9219, 26557.0607, True, 8
ESPPRC_heur, -0.0, 0.2, 0.1, 0.0, 0, 26649.9219, 26581.368, True, 6
ESPPRC_heur, -0.0, 0.2, 0.1, 0.0, 0, 26649.9219, 26576.2851, True, 10
ESPPRC_heur, -0.0, 0.2, 0.1, 0.0, 0, 26649.9219, 26614.9206, True, 3
ESPPRC_heur, -0.0, 0.2, 0.1, 0.0, 0, 26649.9219, 26636.4516, True, 3
cyc2, 0.1, 1.0, 0.0, 0.0, 1, 26649.9219, 24529.5346, 0, 1642
ESPPRC_heur, 0.0, 0.2, 0.1, 0.0, 0, 26595.1312, 26251.727, True, 66
ESPPRC_heur, -0.0, 0.2, 0.1, 0.0, 0, 26593.6666, 26422.8007, True, 41
ESPPRC_heur, -0.0, 0.2, 0.1, 0.0, 0, 26591.2315, 26225.9976, True, 44
ESPPRC_heur, -0.0, 0.2, 0.1, 0.0, 0, 26587.6965, 26399.8472, True, 37
ESPPRC_heur, -0.0, 0.2, 0.1, 0.0, 0, 26587.4615, 26468.9983, True, 24
ESPPRC_heur, -0.0, 0.2, 0.1, 0.0, 0, 26587.1401, 26555.0927, True, 4
ESPPRC_heur, -0.0, 0.2, 0.1, 0.0, 0, 26587.0897, 26582.8786, True, 1
ESPPRC_heur, -0.0, 0.2, 0.1, 0.0, 0, 26587.0883, 26559.0883, True, 3
ESPPRC_heur, -0.0, 0.2, 0.1, 0.0, 0, 26587.0883, 26572.7362, True, 2
ESPPRC_heur, -0.0, 0.2, 0.1, 0.0, 0, 26587.0299, 26522.6087, True, 12
ESPPRC_heur, -0.0, 0.2, 0.1, 0.0, 0, 26587.0055, 26491.5343, True, 7
ESPPRC_heur, -0.0, 0.2, 0.1, 0.0, 0, 26586.7685, 26524.0414, True, 6
cyc2, 0.1, 1.0, 0.0, 0.0, 1, 26586.7685, 23534.3176, 0, 2024
ESPPRC_heur, -0.0, 0.2, 0.1, 0.0, 0, 26573.8441, 26355.3539, True, 35
ESPPRC_heur, -0.0, 0.2, 0.1, 0.0, 0, 26572.4015, 26427.3456, True, 29
ESPPRC_heur, -0.0, 0.2, 0.1, 0.0, 0, 26571.3407, 26460.5924, True, 25
ESPPRC_heur, -0.0, 0.2, 0.1, 0.0, 0, 26571.1529, 26392.3607, True, 27
ESPPRC_heur, -0.0, 0.2, 0.1, 0.0, 0, 26570.8116, 26514.8116, True, 18
ESPPRC_heur, -0.0, 0.2, 0.1, 0.0, 0, 26570.6182, 26499.368, True, 14
ESPPRC_heur, -0.0, 0.2, 0.1, 0.0, 0, 26570.4984, 26499.0411, True, 4
ESPPRC_heur, 0.0, 0.1, 0.0, 0.0, 0, 26570.4747, 26521.646, True, 4
ESPPRC_heur, 0.0, 0.1, 0.0, 0.0, 0, 26570.4472, 26550.5096, True, 2
ESPPRC_heur, 0.0, 0.1, 0.1, 0.0, 0, 26570.3122, 26548.8783, True, 7
ESPPRC_heur, 0.0, 0.1, 0.0, 0.0, 0, 26570.3076, 26553.8014, True, 2
cyc2, 0.0, 0.7, 0.0, 0.0, 1, 26570.3076, 24859.3385, 0, 1338
ESPPRC_heur, 0.1, 0.1, 0.0, 0.0, 0, 26557.3578, 26222.7527, True, 50
ESPPRC_heur, 0.1, 0.1, 0.1, 0.0, 0, 26556.7892, 26445.9564, True, 35
ESPPRC_heur, 0.0, 0.1, 0.0, 0.0, 0, 26556.2134, 26433.7747, True, 19
ESPPRC_heur, 0.0, 0.1, 0.0, 0.0, 0, 26555.0012, 26499.9732, True, 15
ESPPRC_heur, 0.0, 0.1, 0.0, 0.0, 0, 26554.9261, 26420.6675, True, 8
ESPPRC_heur, 0.0, 0.1, 0.1, 0.0, 0, 26553.9737, 26497.7241, True, 13
ESPPRC_heur, 0.0, 0.1, 0.0, 0.0, 0, 26553.9719, 26430.061, True, 5
ESPPRC_heur, 0.0, 0.1, 0.0, 0.0, 0, 26553.936, 26443.094, True, 15
ESPPRC_heur, 0.0, 0.1, 0.0, 0.0, 0, 26553.7926, 26484.2602, True, 6
ESPPRC_heur, 0.0, 0.1, 0.1, 0.0, 0, 26553.764, 26456.8007, True, 20
ESPPRC_heur, 0.0, 0.1, 0.0, 0.0, 0, 26552.9504, 26476.8814, True, 7
ESPPRC_heur, 0.0, 0.1, 0.1, 0.0, 0, 26552.9352, 26452.1726, True, 16
ESPPRC_heur, 0.0, 0.1, 0.0, 0.0, 0, 26552.3881, 26490.7869, True, 5
ESPPRC_heur, 0.0, 0.1, 0.1, 0.0, 0, 26552.0889, 26510.0889, True, 8
ESPPRC_heur, 0.0, 0.1, 0.1, 0.0, 0, 26551.9041, 26494.9868, True, 5
ESPPRC_heur, 0.0, 0.1, 0.1, 0.0, 0, 26551.8856, 26500.4468, True, 3
ESPPRC_heur, 0.0, 0.1, 0.0, 0.0, 0, 26551.7026, 26485.324, True, 6
ESPPRC_heur, 0.0, 0.1, 0.0, 0.0, 0, 26551.6852, 26509.6852, True, 3
ESPPRC_heur, 0.0, 0.1, 0.0, 0.0, 0, 26551.6132, 26528.0166, True, 3
ESPPRC_heur, 0.0, 0.1, 0.0, 0.0, 0, 26551.6129, 26534.1289, True, 3
ESPPRC_heur, 0.0, 0.1, 0.0, 0.0, 0, 26551.597, 26544.6568, True, 2
ESPPRC_heur, 0.0, 0.1, 0.0, 0.0, 0, 26551.597, 26546.9702, True, 2
cyc2, 0.0, 0.7, 0.0, 0.0, 1, 26551.5888, 25008.5084, 0, 1047
ESPPRC_heur, 0.0, 0.1, 0.0, 0.0, 0, 26549.6192, 26428.7942, True, 17
ESPPRC_heur, 0.0, 0.1, 0.0, 0.0, 0, 26549.0482, 26482.7163, True, 15
ESPPRC_heur, 0.0, 0.1, 0.0, 0.0, 0, 26548.9311, 26506.9311, True, 4
ESPPRC_heur, 0.0, 0.1, 0.1, 0.0, 0, 26548.6246, 26493.5392, True, 11
ESPPRC_heur, 0.0, 0.1, 0.1, 0.0, 0, 26548.5461, 26439.7162, True, 20
ESPPRC_heur, 0.1, 0.1, 0.0, 0.0, 0, 26547.2994, 26494.6659, True, 26
ESPPRC_heur, 0.0, 0.1, 0.0, 0.0, 0, 26547.163, 26530.412, True, 10
ESPPRC_heur, 0.0, 0.1, 0.1, 0.0, 0, 26547.1406, 26535.3942, True, 5
ESPPRC_heur, 0.0, 0.1, 0.0, 0.0, 0, 26547.138, 26532.1146, True, 7
ESPPRC_heur, 0.0, 0.1, 0.0, 0.0, 0, 26547.1214, 26524.3625, True, 9
cyc2, 0.0, 0.7, 0.0, 0.0, 1, 26547.1176, 25141.2881, 0, 948
ESPPRC_heur, 0.0, 0.1, 0.0, 0.0, 0, 26544.897, 26465.8283, True, 12
ESPPRC_heur, 0.0, 0.1, 0.0, 0.0, 0, 26543.7479, 26492.0595, True, 12
ESPPRC_heur, 0.0, 0.1, 0.1, 0.0, 0, 26543.6506, 26531.2821, True, 3
cyc2, 0.0, 0.7, 0.0, 0.0, 1, 26543.6382, 25586.8465, 0, 849
ESPPRC_heur, 0.1, 0.1, 0.1, 0.0, 0, 26517.0306, 26214.625, True, 55
ESPPRC_heur, 0.1, 0.1, 0.0, 0.0, 0, 26515.3693, 26238.6921, True, 51
ESPPRC_heur, 0.0, 0.1, 0.0, 0.0, 0, 26513.6487, 26362.8462, True, 23
ESPPRC_heur, 0.1, 0.1, 0.1, 0.0, 0, 26513.1781, 26372.0692, True, 29
ESPPRC_heur, 0.1, 0.1, 0.0, 0.0, 0, 26511.0277, 26420.356, True, 27
ESPPRC_heur, 0.1, 0.1, 0.0, 0.0, 0, 26510.6949, 26372.9963, True, 27
ESPPRC_heur, 0.0, 0.1, 0.0, 0.0, 0, 26510.5693, 26418.8431, True, 17
ESPPRC_heur, 0.1, 0.1, 0.0, 0.0, 0, 26509.7401, 26345.934, True, 27
ESPPRC_heur, 0.0, 0.1, 0.1, 0.0, 0, 26509.6219, 26396.1403, True, 20
ESPPRC_heur, 0.0, 0.1, 0.1, 0.0, 0, 26509.1909, 26312.9324, True, 20
ESPPRC_heur, 0.0, 0.1, 0.0, 0.0, 0, 26507.1968, 26298.0803, True, 15
ESPPRC_heur, 0.0, 0.1, 0.1, 0.0, 0, 26506.8142, 26442.5649, True, 9
ESPPRC_heur, 0.0, 0.1, 0.0, 0.0, 0, 26506.5172, 26448.847, True, 13
ESPPRC_heur, 0.0, 0.1, 0.0, 0.0, 0, 26506.499, 26407.5008, True, 16
ESPPRC_heur, 0.0, 0.1, 0.0, 0.0, 0, 26506.4896, 26503.5059, True, 3
ESPPRC_heur, 0.0, 0.1, 0.0, 0.0, 0, 26506.4895, 26505.0151, True, 1
cyc2, 0.0, 0.7, 0.0, 0.0, 1, 26506.4895, 25494.8613, 0, 840
ESPPRC_heur, 0.1, 0.1, 0.1, 0.0, 0, 26489.0099, 26218.3751, True, 55
ESPPRC_heur, 0.1, 0.1, 0.0, 0.0, 0, 26488.6941, 26266.7289, True, 30
ESPPRC_heur, 0.0, 0.1, 0.0, 0.0, 0, 26488.0744, 26398.8311, True, 15
ESPPRC_heur, 0.0, 0.1, 0.1, 0.0, 0, 26487.564, 26411.1703, True, 18
ESPPRC_heur, 0.0, 0.1, 0.0, 0.0, 0, 26487.5351, 26456.3601, True, 5
ESPPRC_heur, 0.0, 0.1, 0.0, 0.0, 0, 26487.3509, 26440.6806, True, 4
ESPPRC_heur, 0.0, 0.1, 0.0, 0.0, 0, 26487.3501, 26361.7572, True, 5
ESPPRC_heur, 0.0, 0.1, 0.0, 0.0, 0, 26487.1222, 26399.1889, True, 10
ESPPRC_heur, 0.0, 0.1, 0.0, 0.0, 0, 26487.0099, 26444.0587, True, 6
ESPPRC_heur, 0.0, 0.1, 0.0, 0.0, 0, 26486.8314, 26461.5168, True, 3
ESPPRC_heur, 0.0, 0.1, 0.0, 0.0, 0, 26486.8313, 26467.47, True, 1
cyc2, 0.0, 0.7, 0.0, 0.0, 1, 26486.8313, 25405.8328, 0, 862
ESPPRC_heur, 0.0, 0.1, 0.0, 0.0, 0, 26481.6242, 26376.1249, True, 4
ESPPRC_heur, 0.1, 0.1, 0.0, 0.0, 0, 26481.1437, 26323.3119, True, 24
ESPPRC_heur, 0.0, 0.1, 0.1, 0.0, 0, 26480.857, 26440.2101, True, 1
ESPPRC_heur, -0.0, 0.2, 0.1, 0.0, 0, 26480.8202, 26473.9831, True, 2
cyc2, 0.1, 1.0, 0.0, 0.0, 1, 26480.8196, 25384.1807, 0, 764
ESPPRC_heur, -0.0, 0.2, 0.1, 0.0, 0, 26470.4428, 26301.1644, True, 19
ESPPRC_heur, -0.0, 0.2, 0.1, 0.0, 0, 26469.4182, 26291.4071, True, 29
ESPPRC_heur, -0.0, 0.2, 0.1, 0.0, 0, 26468.7484, 26448.4302, True, 11
ESPPRC_heur, -0.0, 0.2, 0.1, 0.0, 0, 26468.6681, 26450.1139, True, 13
ESPPRC_heur, -0.0, 0.2, 0.1, 0.0, 0, 26468.6249, 26435.2264, True, 9
ESPPRC_heur, -0.0, 0.2, 0.1, 0.0, 0, 26468.5981, 26461.5981, True, 3
cyc2, 0.1, 1.0, 0.0, 0.0, 1, 26468.592, 25759.0511, 0, 642
ESPPRC_heur, -0.0, 0.2, 0.1, 0.0, 0, 26447.3893, 26143.4058, True, 48
ESPPRC_heur, -0.0, 0.2, 0.1, 0.0, 0, 26446.7276, 26311.0464, True, 31
ESPPRC_heur, -0.0, 0.2, 0.1, 0.0, 0, 26446.4558, 26346.4089, True, 24
ESPPRC_heur, -0.0, 0.2, 0.1, 0.0, 0, 26446.3074, 26375.9492, True, 7
ESPPRC_heur, -0.0, 0.2, 0.1, 0.0, 0, 26446.1771, 26393.3944, True, 4
ESPPRC_heur, -0.0, 0.2, 0.1, 0.0, 0, 26446.141, 26277.4388, True, 23
ESPPRC_heur, -0.0, 0.2, 0.1, 0.0, 0, 26445.7679, 26160.4246, True, 17
ESPPRC_heur, -0.0, 0.2, 0.1, 0.0, 0, 26445.7679, 26417.7679, True, 4
ESPPRC_heur, -0.0, 0.2, 0.1, 0.0, 0, 26445.5538, 26368.0035, True, 8
ESPPRC_heur, -0.0, 0.2, 0.1, 0.0, 0, 26445.5537, 26361.5306, True, 8
ESPPRC_heur, -0.0, 0.2, 0.1, 0.0, 0, 26445.5239, 26431.5239, True, 1
cyc2, 0.1, 1.0, 0.0, 0.0, 1, 26445.5239, 25824.3827, 0, 539
ESPPRC_heur, -0.0, 0.2, 0.1, 0.0, 0, 26432.3254, 26254.2526, True, 38
ESPPRC_heur, -0.0, 0.2, 0.1, 0.0, 0, 26432.2284, 26319.7153, True, 17
ESPPRC_heur, -0.0, 0.2, 0.1, 0.0, 0, 26432.0828, 26389.2121, True, 9
ESPPRC_heur, -0.0, 0.2, 0.1, 0.0, 0, 26432.0035, 26317.9148, True, 10
ESPPRC_heur, -0.0, 0.2, 0.1, 0.0, 0, 26431.832, 26428.3591, True, 1
cyc2, 0.1, 1.0, 0.0, 0.0, 1, 26431.832, 25799.2287, 0, 530
ESPPRC_heur, -0.0, 0.2, 0.1, 0.0, 0, 26429.8837, 26250.3543, True, 20
ESPPRC_heur, -0.0, 0.2, 0.1, 0.0, 0, 26429.8653, 26386.6036, True, 9
ESPPRC_heur, -0.0, 0.2, 0.1, 0.0, 0, 26429.8322, 26366.5686, True, 7
ESPPRC_heur, -0.0, 0.2, 0.1, 0.0, 0, 26429.8207, 26401.8207, True, 4
ESPPRC_heur, -0.0, 0.2, 0.1, 0.0, 0, 26429.7919, 26403.7246, True, 3
ESPPRC_heur, -0.0, 0.2, 0.1, 0.0, 0, 26429.7919, 26403.7246, True, 3
ESPPRC_heur, -0.0, 0.2, 0.1, 0.0, 0, 26429.7919, 26403.7246, True, 3
ESPPRC_heur, -0.0, 0.2, 0.1, 0.0, 0, 26429.7813, 26402.7386, True, 4
cyc2, 0.1, 1.0, 0.0, 0.0, 1, 26429.7564, 26094.7862, 0, 397
ESPPRC_heur, -0.0, 0.2, 0.1, 0.0, 0, 26421.3564, 26230.5227, True, 34
ESPPRC_heur, -0.0, 0.2, 0.1, 0.0, 0, 26421.3362, 26323.3362, True, 13
ESPPRC_heur, -0.0, 0.2, 0.1, 0.0, 0, 26421.134, 26270.929, True, 15
ESPPRC_heur, -0.0, 0.2, 0.1, 0.0, 0, 26421.1299, 26346.6538, True, 8
ESPPRC_heur, -0.0, 0.2, 0.1, 0.0, 0, 26421.1295, 26418.5199, True, 1
cyc2, 0.1, 1.0, 0.0, 0.0, 1, 26421.1291, 25961.3034, 0, 370
ESPPRC_heur, -0.0, 0.2, 0.1, 0.0, 0, 26417.4222, 26252.8255, True, 19
ESPPRC_heur, -0.0, 0.2, 0.1, 0.0, 0, 26417.3269, 26350.3641, True, 4
ESPPRC_heur, 0.0, 0.1, 0.0, 0.0, 0, 26417.2513, 26313.9808, True, 6
ESPPRC_heur, 0.0, 0.1, 0.0, 0.0, 0, 26417.2513, 26317.2777, True, 10
ESPPRC_heur, 0.0, 0.1, 0.0, 0.0, 0, 26416.8675, 26286.3522, True, 12
ESPPRC_heur, 0.0, 0.1, 0.0, 0.0, 0, 26416.6501, 26413.9937, True, 2
cyc2, 0.1, 1.0, 0.0, 0.0, 1, 26416.6488, 26120.1128, 0, 251
ESPPRC_heur, 0.0, 0.2, 0.1, 0.0, 0, 26405.5621, -3730.0588, True, 3791
ESPPRC_heur, 0.0, 0.2, 0.1, 0.0, 0, 26405.5621, 24841.0162, True, 206
ESPPRC_heur, 0.0, 0.2, 0.1, 0.0, 0, 26405.5621, 25220.9802, True, 148
ESPPRC_heur, -0.0, 0.2, 0.1, 0.0, 0, 26405.5621, 26313.0588, True, 20
ESPPRC_heur, -0.0, 0.2, 0.1, 0.0, 0, 26405.4796, 26336.9386, True, 13
ESPPRC_heur, -0.0, 0.2, 0.1, 0.0, 0, 26405.4566, 26364.8502, True, 9
ESPPRC_heur, -0.0, 0.2, 0.1, 0.0, 0, 26405.454, 26377.454, True, 4
ESPPRC_heur, -0.0, 0.2, 0.1, 0.0, 0, 26405.3498, 26375.8671, True, 2
ESPPRC_heur, -0.0, 0.2, 0.1, 0.0, 0, 26405.3193, 26377.3193, True, 2
ESPPRC_heur, -0.0, 0.2, 0.1, 0.0, 0, 26405.2305, 26393.4462, True, 3
ESPPRC_heur, -0.0, 0.2, 0.1, 0.0, 0, 26405.2209, 26404.3816, True, 1
ESPPRC_heur, -0.0, 0.2, 0.1, 0.0, 0, 26405.2209, 26404.3816, True, 4
cyc2, 0.1, 1.2, 0.0, 0.0, 1, 26405.2209, 25417.6595, 0, 383
cyc2, 0.1, 0.8, 0.0, 0.0, 1, 26405.1629, 26153.8464, 0, 242
ESPPRC_heur, 0.0, 0.1, 0.0, 0.0, 0, 26401.3028, 26347.4756, True, 9
ESPPRC_heur, 0.0, 0.1, 0.0, 0.0, 0, 26401.301, 26366.0718, True, 6
cyc2, 0.0, 0.7, 0.0, 0.0, 1, 26401.301, 26055.4082, 0, 262
ESPPRC_heur, 0.0, 0.1, 0.0, 0.0, 0, 26398.081, 26355.695, True, 15
ESPPRC_heur, 0.1, 0.1, 0.1, 0.0, 0, 26398.057, 26372.9762, True, 8
cyc2, 0.1, 1.0, 0.0, 0.0, 1, 26398.0138, 25869.0023, 0, 287
ESPPRC_heur, -0.0, 0.2, 0.1, 0.0, 0, 26396.8228, 26307.8099, True, 18
ESPPRC_heur, -0.0, 0.2, 0.1, 0.0, 0, 26396.809, 26376.6062, True, 2
cyc2, 0.1, 0.7, 0.0, 0.0, 1, 26396.809, 26177.9828, 0, 214
ESPPRC_heur, -0.0, 0.2, 0.1, 0.0, 0, 26392.0717, 26309.3272, True, 9
ESPPRC_heur, -0.0, 0.2, 0.1, 0.0, 0, 26392.0042, 26355.8328, True, 5
ESPPRC_heur, -0.0, 0.2, 0.1, 0.0, 0, 26391.9543, 26384.9543, True, 1
cyc2, 0.0, 0.7, 0.0, 0.0, 1, 26391.9499, 26248.874, 0, 192
ESPPRC_heur, -0.0, 0.2, 0.1, 0.0, 0, 26388.7184, 26346.5201, True, 14
ESPPRC_heur, -0.0, 0.2, 0.1, 0.0, 0, 26388.568, 26369.9014, True, 2
cyc2, 0.0, 0.8, 0.0, 0.0, 1, 26388.568, 25580.6967, 0, 203
ESPPRC_heur, -0.0, 0.2, 0.1, 0.0, 0, 26387.296, 26265.1209, True, 15
ESPPRC_heur, -0.0, 0.2, 0.1, 0.0, 0, 26387.2829, 26375.0426, True, 9
cyc2, 0.1, 1.0, 0.0, 0.0, 1, 26387.2589, 26127.0572, 0, 149
ESPPRC_heur, -0.0, 0.2, 0.1, 0.0, 0, 26385.5029, 26350.8022, True, 4
ESPPRC_heur, -0.0, 0.2, 0.1, 0.0, 0, 26385.3216, 26374.7024, True, 1
cyc2, 0.0, 0.9, 0.0, 0.0, 1, 26385.3216, 26224.5302, 0, 132
ESPPRC_heur, -0.0, 0.2, 0.1, 0.0, 0, 26384.5368, 26375.5509, True, 1
cyc2, 0.1, 1.0, 0.0, 0.0, 1, 26384.5368, 26281.4661, 0, 107
ESPPRC_heur, -0.0, 0.2, 0.1, 0.0, 0, 26382.7486, 26336.0697, True, 7
cyc2, 0.1, 1.0, 0.0, 0.0, 1, 26382.7486, 26215.0205, 0, 81
cyc2, 0.1, 1.0, 0.0, 0.0, 1, 26382.4068, 26270.922, 0, 55
cyc2, 0.0, 1.0, 0.0, 0.0, 1, 26382.1862, 26275.0377, 0, 43
cyc2, 0.0, 1.0, 0.0, 0.0, 1, 26382.1857, 26276.6853, 0, 14
cyc2, 0.0, 1.0, 0.0, 0.0, 1, 26382.1663, 26338.8369, 0, 16
cyc2, 0.0, 1.0, 0.0, 0.0, 1, 26382.166, 26346.3526, 0, 6
cyc2, 0.0, 1.0, 0.0, 0.0, 1, 26382.1586, 26353.2791, 0, 6
cyc2, 0.0, 1.0, 0.0, 0.0, 1, 26382.1586, 26382.1586, 0, 0
scip_total_time, 20954.64298
Solval, number of paths, impact cutoff
26382.158582192464, 161, 0.0001
Elementary, 2-Cycle, Path Value, Path
True, True, 0.1673, (0, 168, 164, 227, 104, 198, 234, 204, 96, 124, 3, 161, 57, 5, 61, 107, 231, 89, 162, 0)
True, True, 0.1544, (0, 74, 184, 148, 1, 203, 167, 122, 50, 150, 189, 59, 82, 179, 181, 157, 78, 137, 212, 0)
True, True, 0.0043, (0, 7, 138, 93, 112, 121, 221, 53, 31, 158, 213, 210, 228, 26, 84, 205, 201, 162, 114, 0)
True, True, 0.0558, (0, 71, 199, 123, 211, 125, 156, 134, 32, 139, 208, 216, 36, 76, 147, 159, 20, 120, 29, 0)
True, True, 0.0776, (0, 219, 225, 44, 72, 151, 30, 90, 24, 62, 70, 68, 149, 27, 195, 145, 2, 130, 67, 0)
True, True, 0.0047, (0, 21, 130, 2, 145, 195, 27, 149, 68, 70, 62, 24, 90, 30, 151, 72, 44, 225, 13, 0)
True, True, 0.1202, (0, 201, 205, 84, 26, 228, 210, 213, 61, 5, 57, 104, 227, 107, 231, 89, 164, 168, 21, 0)
True, True, 0.1642, (0, 180, 200, 80, 19, 55, 42, 154, 99, 60, 193, 12, 127, 139, 208, 216, 36, 147, 110, 0)
True, True, 0.291, (0, 212, 235, 78, 157, 181, 179, 82, 59, 189, 150, 50, 122, 167, 203, 1, 148, 184, 74, 0)
True, True, 0.0632, (0, 81, 136, 92, 15, 142, 64, 16, 98, 193, 60, 99, 154, 42, 55, 19, 18, 200, 180, 0)
True, True, 0.2228, (0, 29, 120, 20, 159, 147, 76, 36, 216, 208, 139, 32, 134, 156, 125, 211, 209, 199, 71, 0)
True, True, 0.2354, (0, 180, 200, 18, 19, 55, 42, 154, 99, 60, 193, 12, 127, 208, 139, 32, 190, 144, 171, 0)
True, True, 0.0776, (0, 66, 225, 44, 72, 151, 30, 90, 24, 62, 70, 68, 149, 27, 195, 145, 2, 130, 67, 0)
True, True, 0.043, (0, 102, 40, 220, 80, 19, 55, 42, 154, 99, 60, 193, 12, 127, 208, 216, 36, 147, 110, 0)
True, True, 0.2352, (0, 169, 81, 110, 136, 92, 15, 18, 142, 64, 98, 16, 216, 36, 76, 159, 20, 120, 29, 0)
False, True, 0.1176, (0, 175, 230, 23, 97, 39, 77, 97, 39, 77, 97, 39, 77, 97, 39, 77, 97, 23, 175, 0)
True, True, 0.0018, (0, 108, 85, 25, 157, 181, 179, 82, 59, 189, 150, 50, 122, 167, 203, 1, 148, 184, 74, 0)
True, True, 0.0018, (0, 65, 100, 25, 157, 181, 179, 82, 59, 189, 150, 50, 122, 167, 203, 1, 148, 184, 74, 0)
True, True, 0.0589, (0, 123, 103, 125, 156, 134, 32, 139, 127, 12, 60, 193, 98, 16, 64, 142, 18, 200, 180, 0)
False, True, 0.0883, (0, 177, 43, 185, 196, 51, 48, 215, 146, 51, 48, 146, 215, 48, 51, 196, 185, 43, 177, 0)
False, True, 0.0661, (0, 8, 196, 165, 91, 170, 6, 197, 69, 6, 197, 69, 6, 170, 91, 165, 236, 23, 175, 0)
False, True, 0.0672, (0, 118, 102, 40, 133, 220, 207, 133, 220, 207, 133, 220, 207, 133, 220, 207, 133, 40, 102, 0)
False, True, 0.2463, (0, 175, 230, 23, 236, 165, 91, 170, 6, 197, 69, 6, 170, 91, 165, 236, 23, 230, 175, 0)
True, True, 0.0492, (0, 108, 65, 100, 85, 25, 157, 181, 179, 82, 59, 189, 150, 50, 122, 14, 183, 192, 224, 0)
True, True, 0.1779, (0, 54, 197, 71, 140, 119, 171, 144, 190, 103, 211, 141, 209, 123, 199, 194, 56, 77, 39, 0)
True, True, 0.0359, (0, 81, 136, 92, 15, 142, 64, 16, 98, 193, 60, 99, 154, 42, 55, 19, 80, 200, 180, 0)
True, True, 0.0709, (0, 29, 120, 20, 159, 76, 139, 127, 12, 193, 60, 99, 154, 42, 55, 19, 80, 200, 180, 0)
True, True, 0.0546, (0, 108, 65, 8, 118, 10, 13, 66, 219, 67, 21, 82, 179, 181, 157, 78, 137, 186, 212, 0)
True, True, 0.0018, (0, 108, 100, 85, 157, 181, 179, 82, 59, 189, 150, 50, 122, 167, 203, 1, 148, 184, 74, 0)
True, True, 0.0043, (0, 35, 214, 152, 73, 95, 58, 221, 53, 31, 158, 213, 210, 228, 26, 84, 205, 201, 114, 0)
True, True, 0.0173, (0, 152, 73, 95, 58, 112, 121, 221, 53, 31, 158, 213, 210, 228, 26, 84, 205, 201, 114, 0)
False, True, 0.0355, (0, 106, 224, 192, 183, 184, 148, 1, 184, 148, 1, 184, 148, 1, 184, 183, 192, 224, 106, 0)
False, True, 0.0184, (0, 169, 81, 136, 92, 15, 18, 142, 64, 98, 16, 64, 142, 18, 15, 92, 136, 81, 169, 0)
False, True, 0.0323, (0, 56, 163, 4, 17, 75, 226, 63, 176, 187, 226, 63, 176, 187, 75, 17, 4, 163, 194, 0)
False, True, 0.1446, (0, 78, 59, 189, 150, 129, 135, 87, 114, 135, 87, 114, 135, 87, 129, 150, 189, 59, 78, 0)
False, True, 0.1751, (0, 56, 163, 4, 17, 75, 226, 63, 176, 187, 226, 63, 176, 187, 75, 17, 141, 199, 71, 0)
False, True, 0.0245, (0, 225, 44, 72, 151, 90, 30, 24, 90, 30, 24, 90, 30, 151, 72, 44, 225, 102, 118, 0)
True, True, 0.0506, (0, 7, 138, 73, 95, 93, 121, 221, 53, 31, 158, 213, 210, 228, 26, 84, 205, 201, 162, 0)
True, True, 0.1288, (0, 8, 118, 10, 13, 66, 219, 67, 21, 168, 162, 114, 87, 135, 129, 150, 189, 59, 78, 0)
False, True, 0.127, (0, 74, 131, 11, 160, 116, 178, 153, 116, 178, 153, 116, 178, 153, 116, 160, 11, 131, 74, 0)
False, True, 0.0672, (0, 102, 40, 207, 80, 172, 191, 41, 172, 191, 41, 172, 191, 41, 172, 191, 126, 40, 102, 0)
False, True, 0.0326, (0, 65, 100, 85, 25, 10, 13, 66, 219, 67, 21, 219, 66, 13, 10, 25, 85, 100, 65, 0)
False, True, 0.0635, (0, 131, 11, 160, 153, 178, 35, 214, 152, 138, 22, 152, 214, 35, 178, 153, 160, 11, 131, 0)
False, True, 0.1552, (0, 108, 65, 100, 85, 25, 10, 13, 66, 219, 67, 21, 219, 66, 13, 10, 118, 8, 65, 0)
False, True, 0.127, (0, 106, 224, 192, 183, 184, 148, 1, 203, 131, 11, 203, 1, 148, 184, 183, 192, 224, 106, 0)
False, True, 0.5, (0, 109, 28, 38, 9, 46, 132, 47, 212, 108, 47, 132, 46, 9, 38, 28, 109, 0)
True, True, 0.0129, (0, 7, 138, 22, 93, 115, 121, 221, 53, 31, 158, 213, 210, 228, 26, 84, 205, 201, 114, 0)
False, True, 0.1395, (0, 169, 81, 110, 136, 92, 15, 142, 64, 98, 16, 64, 142, 15, 92, 136, 110, 81, 169, 0)
False, True, 0.0483, (0, 214, 182, 206, 111, 45, 182, 206, 111, 45, 182, 206, 111, 45, 182, 206, 111, 45, 152, 0)
False, True, 0.1366, (0, 131, 11, 160, 116, 153, 178, 232, 143, 105, 83, 143, 105, 83, 143, 105, 83, 167, 14, 0)
False, True, 0.1421, (0, 131, 11, 160, 116, 153, 178, 232, 143, 105, 83, 143, 105, 83, 143, 105, 83, 167, 203, 0)
False, True, 0.0279, (0, 56, 194, 163, 4, 17, 75, 226, 187, 176, 63, 226, 75, 17, 141, 209, 199, 71, 54, 0)
False, True, 0.017, (0, 39, 56, 194, 199, 140, 119, 171, 144, 190, 103, 211, 141, 209, 123, 140, 119, 69, 54, 0)
False, True, 0.021, (0, 169, 81, 110, 136, 92, 15, 142, 64, 16, 98, 64, 16, 98, 18, 200, 180, 40, 102, 0)
False, True, 0.1138, (0, 118, 102, 40, 220, 207, 133, 220, 207, 133, 180, 200, 15, 92, 136, 110, 81, 169, 118, 0)
True, True, 0.1582, (0, 20, 159, 76, 36, 216, 208, 127, 12, 193, 60, 99, 154, 42, 55, 19, 18, 200, 180, 0)
True, True, 0.0061, (0, 71, 199, 123, 103, 125, 156, 134, 32, 139, 208, 216, 36, 76, 147, 159, 20, 120, 29, 0)
True, True, 0.0713, (0, 123, 103, 125, 156, 134, 32, 139, 127, 12, 193, 60, 99, 154, 42, 55, 19, 80, 40, 0)
False, True, 0.1062, (0, 236, 54, 69, 140, 119, 171, 144, 190, 103, 211, 141, 209, 123, 140, 119, 69, 54, 236, 0)
False, True, 0.0729, (0, 118, 102, 40, 133, 207, 220, 126, 90, 30, 24, 90, 30, 151, 72, 44, 225, 13, 10, 0)
False, True, 0.1408, (0, 80, 172, 41, 188, 233, 79, 101, 113, 79, 101, 113, 79, 101, 113, 49, 34, 128, 52, 0)
False, True, 0.0279, (0, 54, 71, 199, 209, 141, 17, 75, 187, 176, 63, 226, 187, 176, 63, 4, 163, 194, 56, 0)
False, True, 0.0041, (0, 126, 191, 172, 41, 188, 233, 79, 101, 113, 79, 101, 113, 79, 101, 113, 49, 222, 62, 0)
False, True, 0.0021, (0, 225, 151, 62, 222, 88, 128, 202, 49, 34, 202, 49, 34, 128, 88, 222, 62, 151, 225, 0)
False, True, 0.1506, (0, 35, 182, 206, 111, 45, 182, 206, 111, 45, 182, 206, 111, 45, 182, 206, 111, 45, 152, 0)
False, True, 0.0738, (0, 126, 191, 172, 41, 188, 233, 174, 94, 37, 174, 94, 37, 117, 99, 154, 98, 16, 147, 0)
False, True, 0.1116, (0, 168, 164, 227, 104, 3, 161, 124, 96, 204, 234, 198, 3, 161, 57, 5, 61, 213, 86, 0)
True, True, 0.1159, (0, 35, 214, 152, 73, 95, 58, 112, 121, 221, 53, 31, 158, 86, 115, 93, 22, 138, 7, 0)
False, True, 0.0301, (0, 56, 163, 4, 17, 75, 125, 156, 134, 125, 156, 134, 32, 76, 147, 159, 20, 120, 29, 0)
False, True, 0.0334, (0, 80, 19, 55, 42, 117, 233, 174, 94, 37, 174, 94, 37, 117, 99, 154, 98, 16, 147, 0)
False, True, 0.103, (0, 177, 43, 185, 230, 23, 97, 77, 39, 97, 77, 39, 97, 77, 39, 97, 23, 230, 175, 0)
False, True, 0.2792, (0, 177, 43, 185, 8, 196, 51, 146, 215, 48, 146, 215, 48, 51, 196, 8, 185, 43, 177, 0)
False, True, 0.0913, (0, 126, 191, 41, 188, 233, 117, 37, 94, 174, 37, 94, 174, 233, 117, 42, 55, 19, 80, 0)
False, True, 0.0332, (0, 80, 19, 55, 42, 117, 233, 174, 94, 37, 174, 94, 37, 117, 233, 188, 41, 172, 80, 0)
False, True, 0.0174, (0, 126, 191, 188, 117, 233, 174, 94, 37, 174, 94, 37, 174, 94, 37, 117, 188, 191, 126, 0)
False, True, 0.2292, (0, 168, 164, 227, 104, 198, 234, 204, 96, 124, 198, 3, 161, 57, 5, 61, 107, 231, 89, 0)
False, True, 0.0373, (0, 130, 2, 145, 149, 52, 128, 202, 49, 34, 202, 49, 34, 202, 128, 52, 149, 145, 2, 0)
False, True, 0.0222, (0, 175, 230, 236, 165, 91, 170, 6, 197, 69, 6, 197, 69, 6, 170, 91, 165, 196, 8, 0)
False, True, 0.1005, (0, 164, 227, 104, 234, 204, 124, 96, 234, 204, 96, 124, 161, 57, 5, 61, 107, 231, 89, 0)
False, True, 0.2184, (0, 56, 194, 163, 4, 63, 176, 187, 226, 63, 176, 187, 226, 75, 17, 4, 163, 194, 56, 0)
False, True, 0.2053, (0, 29, 120, 20, 159, 147, 76, 32, 134, 156, 125, 134, 156, 125, 75, 17, 4, 163, 194, 0)
False, True, 0.0808, (0, 175, 230, 236, 165, 91, 170, 6, 197, 69, 6, 197, 69, 6, 170, 91, 165, 236, 230, 0)
False, True, 0.051, (0, 165, 91, 170, 119, 140, 123, 209, 141, 211, 103, 190, 144, 171, 119, 140, 71, 197, 54, 0)
False, True, 0.0591, (0, 165, 91, 170, 119, 140, 123, 209, 141, 211, 103, 190, 144, 171, 120, 29, 170, 91, 165, 0)
False, True, 0.163, (0, 232, 7, 138, 22, 73, 95, 93, 112, 58, 93, 112, 58, 95, 73, 22, 138, 7, 232, 0)
True, True, 0.2539, (0, 173, 229, 166, 86, 115, 121, 221, 53, 31, 158, 213, 210, 228, 26, 84, 205, 201, 162, 0)
False, True, 0.0147, (0, 108, 65, 8, 196, 51, 146, 215, 48, 146, 215, 48, 146, 215, 51, 196, 185, 43, 177, 0)
False, True, 0.1913, (0, 126, 191, 172, 41, 188, 117, 233, 174, 94, 37, 174, 94, 37, 117, 188, 41, 172, 80, 0)
False, True, 0.0086, (0, 164, 227, 104, 234, 204, 124, 96, 204, 234, 198, 3, 161, 57, 5, 61, 107, 231, 89, 0)
False, True, 0.2363, (0, 106, 224, 192, 183, 186, 235, 137, 186, 235, 137, 186, 235, 137, 186, 183, 192, 224, 106, 0)
False, True, 0.0192, (0, 118, 169, 29, 120, 171, 144, 190, 103, 211, 141, 209, 123, 171, 119, 140, 197, 54, 236, 0)
False, True, 0.1202, (0, 89, 231, 107, 61, 5, 57, 161, 3, 198, 234, 204, 96, 124, 3, 104, 227, 164, 168, 0)
False, True, 0.0635, (0, 114, 201, 205, 84, 26, 228, 210, 86, 115, 121, 221, 53, 31, 158, 86, 115, 218, 7, 0)
False, True, 0.0787, (0, 130, 2, 145, 195, 27, 149, 68, 70, 222, 88, 52, 68, 149, 27, 195, 145, 2, 130, 0)
False, True, 0.0988, (0, 14, 122, 50, 129, 135, 87, 114, 135, 87, 114, 135, 87, 114, 135, 87, 129, 50, 14, 0)
False, True, 0.0747, (0, 130, 2, 145, 195, 27, 149, 68, 70, 222, 88, 52, 68, 149, 27, 195, 164, 168, 21, 0)
False, True, 0.0592, (0, 173, 155, 115, 86, 158, 31, 53, 221, 121, 115, 86, 210, 228, 26, 84, 205, 201, 162, 0)
False, True, 0.0304, (0, 14, 129, 229, 217, 223, 166, 217, 223, 166, 217, 223, 166, 217, 223, 33, 229, 173, 167, 0)
True, True, 0.0506, (0, 35, 214, 152, 58, 112, 121, 221, 53, 31, 158, 213, 210, 228, 26, 84, 205, 201, 162, 0)
False, True, 0.2409, (0, 35, 214, 152, 22, 73, 95, 93, 112, 58, 93, 112, 58, 95, 73, 22, 152, 214, 35, 0)
False, True, 0.1407, (0, 65, 100, 85, 25, 157, 181, 179, 82, 21, 67, 219, 66, 13, 10, 25, 85, 100, 65, 0)
False, True, 0.0468, (0, 118, 102, 225, 44, 72, 151, 30, 90, 24, 30, 90, 126, 220, 207, 133, 40, 102, 118, 0)
False, True, 0.1544, (0, 102, 40, 133, 207, 220, 126, 90, 30, 24, 90, 30, 24, 90, 30, 151, 72, 44, 225, 0)
False, True, 0.2227, (0, 65, 100, 85, 25, 157, 181, 179, 82, 21, 67, 219, 66, 13, 10, 25, 85, 100, 108, 0)
False, True, 0.1433, (0, 54, 69, 119, 140, 123, 209, 141, 211, 103, 190, 144, 171, 119, 140, 199, 71, 197, 54, 0)
False, True, 0.0323, (0, 54, 71, 199, 141, 17, 75, 226, 187, 176, 63, 226, 187, 176, 63, 4, 163, 194, 56, 0)
False, True, 0.0354, (0, 74, 131, 11, 160, 116, 153, 178, 232, 143, 105, 83, 143, 105, 83, 122, 14, 183, 224, 0)
False, True, 0.2986, (0, 130, 2, 145, 195, 27, 149, 68, 70, 222, 88, 52, 70, 62, 24, 151, 72, 44, 225, 0)
False, True, 0.0656, (0, 106, 74, 131, 11, 160, 116, 153, 178, 214, 35, 178, 153, 116, 160, 11, 131, 74, 106, 0)
False, True, 0.024, (0, 54, 197, 71, 140, 119, 171, 144, 190, 103, 211, 141, 209, 123, 171, 120, 29, 169, 118, 0)
False, True, 0.0991, (0, 110, 147, 36, 216, 208, 127, 12, 193, 60, 12, 127, 139, 32, 134, 156, 125, 103, 123, 0)
False, True, 0.08, (0, 14, 122, 129, 229, 217, 223, 166, 217, 223, 166, 217, 223, 33, 155, 218, 138, 7, 232, 0)
True, True, 0.0835, (0, 173, 33, 223, 86, 115, 121, 221, 53, 31, 158, 213, 210, 228, 26, 84, 205, 201, 162, 0)
True, True, 0.0968, (0, 173, 155, 218, 115, 121, 221, 53, 31, 158, 213, 210, 228, 26, 84, 205, 201, 162, 114, 0)
False, True, 0.0734, (0, 160, 232, 7, 138, 218, 155, 33, 218, 155, 33, 218, 155, 33, 229, 173, 129, 50, 14, 0)
False, True, 0.0225, (0, 130, 2, 145, 68, 149, 52, 222, 88, 52, 222, 88, 52, 149, 27, 195, 164, 168, 21, 0)
False, True, 0.0912, (0, 126, 191, 188, 117, 233, 79, 101, 113, 79, 101, 113, 79, 101, 113, 49, 34, 128, 52, 0)
False, True, 0.0355, (0, 106, 224, 192, 183, 184, 148, 1, 203, 148, 1, 203, 148, 1, 184, 183, 192, 224, 106, 0)
False, True, 0.0126, (0, 54, 71, 199, 123, 209, 141, 211, 209, 141, 211, 103, 190, 144, 171, 120, 29, 169, 118, 0)
False, True, 0.0047, (0, 10, 102, 40, 220, 207, 133, 220, 207, 133, 220, 207, 133, 220, 207, 133, 40, 102, 118, 0)
False, True, 0.0508, (0, 147, 16, 98, 154, 99, 117, 233, 174, 94, 37, 174, 94, 37, 117, 233, 188, 191, 126, 0)
False, True, 0.0536, (0, 14, 122, 129, 173, 229, 33, 155, 218, 33, 155, 218, 33, 155, 218, 138, 7, 232, 160, 0)
False, True, 0.0465, (0, 74, 131, 11, 160, 116, 153, 178, 232, 143, 105, 83, 143, 105, 83, 167, 14, 183, 224, 0)
False, True, 0.0236, (0, 169, 81, 136, 92, 15, 142, 64, 16, 98, 64, 16, 98, 18, 15, 92, 136, 81, 169, 0)
False, True, 0.0423, (0, 14, 50, 129, 173, 7, 138, 218, 155, 33, 218, 155, 33, 229, 135, 87, 129, 50, 14, 0)
False, True, 0.0625, (0, 14, 50, 129, 229, 33, 155, 218, 33, 155, 218, 33, 155, 218, 138, 7, 173, 122, 14, 0)
False, True, 0.0256, (0, 130, 2, 145, 195, 27, 149, 68, 70, 52, 222, 88, 52, 149, 27, 195, 164, 168, 21, 0)
False, True, 0.0177, (0, 67, 130, 44, 72, 151, 30, 90, 24, 62, 70, 68, 149, 27, 195, 145, 2, 130, 21, 0)
False, True, 0.0878, (0, 130, 2, 145, 68, 52, 128, 202, 49, 34, 202, 49, 34, 202, 128, 88, 222, 62, 44, 0)
False, True, 0.017, (0, 77, 56, 194, 199, 140, 119, 171, 144, 190, 103, 211, 141, 209, 123, 140, 119, 69, 54, 0)
False, True, 0.0126, (0, 54, 140, 119, 171, 144, 190, 103, 211, 141, 209, 123, 103, 190, 144, 171, 119, 140, 54, 0)
False, True, 0.0462, (0, 67, 130, 44, 72, 151, 30, 90, 24, 62, 70, 68, 149, 27, 195, 145, 2, 130, 67, 0)
False, True, 0.1227, (0, 89, 231, 107, 227, 104, 198, 234, 204, 96, 124, 3, 161, 57, 5, 61, 107, 231, 89, 0)
False, True, 0.0242, (0, 102, 40, 126, 191, 172, 41, 191, 172, 41, 191, 172, 41, 191, 172, 80, 220, 40, 102, 0)
False, True, 0.0433, (0, 54, 71, 199, 123, 209, 141, 211, 103, 190, 144, 103, 190, 144, 171, 120, 29, 169, 118, 0)
False, True, 0.0558, (0, 167, 173, 229, 217, 223, 166, 217, 223, 166, 217, 223, 166, 217, 223, 33, 229, 173, 167, 0)
False, True, 0.0446, (0, 169, 81, 136, 92, 15, 18, 142, 98, 16, 64, 142, 18, 15, 92, 136, 110, 81, 169, 0)
False, True, 0.0737, (0, 177, 43, 185, 196, 51, 215, 146, 48, 215, 146, 48, 215, 146, 51, 196, 185, 43, 177, 0)
True, True, 0.082, (0, 74, 184, 148, 1, 203, 167, 122, 50, 150, 189, 59, 82, 179, 181, 157, 78, 137, 192, 0)
False, True, 0.0877, (0, 232, 7, 138, 218, 155, 33, 223, 217, 166, 223, 217, 166, 223, 217, 229, 173, 122, 14, 0)
False, True, 0.0002, (0, 29, 120, 20, 159, 147, 76, 36, 216, 208, 139, 216, 36, 76, 147, 159, 20, 120, 29, 0)
False, True, 0.0435, (0, 225, 44, 62, 222, 88, 128, 202, 49, 34, 202, 49, 34, 202, 128, 88, 222, 62, 72, 0)
True, True, 0.0778, (0, 229, 217, 166, 86, 115, 121, 221, 53, 31, 158, 213, 210, 228, 26, 84, 205, 201, 114, 0)
False, True, 0.0785, (0, 102, 40, 180, 200, 18, 98, 16, 64, 142, 98, 16, 64, 142, 15, 92, 136, 81, 169, 0)
True, True, 0.0153, (0, 29, 120, 20, 159, 147, 76, 36, 216, 208, 139, 32, 134, 156, 125, 75, 17, 141, 199, 0)
False, True, 0.0511, (0, 214, 182, 45, 111, 206, 182, 45, 111, 206, 45, 111, 206, 182, 45, 111, 206, 182, 214, 0)
False, True, 0.0102, (0, 225, 44, 62, 222, 88, 128, 202, 49, 34, 202, 49, 34, 202, 128, 88, 222, 62, 225, 0)
False, True, 0.0093, (0, 232, 7, 138, 218, 155, 223, 217, 166, 223, 217, 166, 223, 33, 155, 218, 138, 7, 232, 0)
False, True, 0.0266, (0, 225, 151, 62, 222, 88, 128, 202, 49, 34, 202, 49, 34, 202, 128, 52, 68, 145, 2, 0)
False, True, 0.0128, (0, 225, 151, 62, 222, 88, 128, 202, 49, 34, 202, 49, 34, 202, 128, 88, 222, 62, 44, 0)
False, True, 0.1108, (0, 225, 151, 62, 222, 88, 128, 202, 49, 34, 202, 49, 34, 202, 128, 88, 222, 62, 72, 0)
True, True, 0.0086, (0, 7, 138, 93, 115, 121, 221, 53, 31, 158, 213, 210, 228, 26, 84, 205, 201, 162, 114, 0)
False, True, 0.0359, (0, 118, 102, 40, 220, 207, 133, 220, 207, 133, 220, 207, 133, 220, 207, 133, 40, 102, 118, 0)
False, True, 0.0972, (0, 195, 27, 128, 34, 49, 113, 101, 79, 113, 101, 79, 113, 101, 79, 233, 188, 191, 126, 0)
True, True, 0.0407, (0, 173, 229, 223, 86, 115, 121, 221, 53, 31, 158, 213, 210, 228, 26, 84, 205, 201, 162, 0)
False, True, 0.0043, (0, 35, 214, 152, 73, 95, 58, 112, 121, 115, 86, 158, 31, 53, 221, 121, 115, 155, 173, 0)
True, True, 0.0557, (0, 162, 201, 205, 84, 26, 228, 210, 213, 158, 31, 53, 221, 121, 115, 86, 166, 217, 229, 0)
True, True, 0.0258, (0, 236, 54, 69, 140, 119, 171, 144, 190, 103, 211, 141, 209, 123, 199, 194, 56, 77, 39, 0)
False, True, 0.0086, (0, 89, 231, 107, 61, 5, 57, 161, 124, 96, 234, 204, 96, 124, 161, 3, 104, 227, 164, 0)
False, True, 0.0041, (0, 130, 2, 145, 68, 52, 128, 202, 34, 49, 202, 34, 128, 88, 52, 68, 145, 2, 130, 0)
False, True, 0.0111, (0, 86, 213, 61, 5, 57, 161, 124, 96, 234, 204, 124, 96, 204, 234, 198, 104, 227, 164, 0)
all_elementary, False
all_cyc2, True
