Instance, X-n298-k31
capacity, 55
min_trucks, 31
output_file, output_uchoa/X-n298-k31-cyc2.log
Start date, 2022-07-01
Start time, 14-50-48
capacity, 55
num_vehicles, 31
abort_early, False
methods, ['cyc2']
max_vars, 100
time_limit, 86400
farley, False
ESPPRC_heur, True
initial time, initial max_it, max_stale_it
1, 20000.0, 20
heuristic Number of routes, heuristic Best Solution Value, heuristic number of iterations, adjusted time, adjusted max_it, measured total time
236733, 34258.0, 20000, 1, 20000.0, 24852.0
method, python time, total time, propagated dominance time, unpropagated dominance time, pricing_success, upper_bound, lower_bound, abort_early, num_paths, 
ESPPRC_heur, 0.0, 0.7, 0.3, 0.1, 0, 33852.1923, 30652.8643, True, 289
ESPPRC_heur, 0.1, 0.6, 0.3, 0.1, 0, 33852.1923, 32387.1087, True, 99
ESPPRC_heur, 0.0, 0.7, 0.3, 0.1, 0, 33850.1796, 32128.3035, True, 72
ESPPRC_heur, 0.0, 0.6, 0.3, 0.1, 0, 33850.1538, 32953.997, True, 31
ESPPRC_heur, 0.0, 0.5, 0.2, 0.1, 0, 33849.8931, 33558.4481, True, 9
cyc2, 0.1, 8.1, 0.0, 0.0, 1, 33849.8891, 27008.9188, 0, 5440
ESPPRC_heur, 0.0, 0.7, 0.3, 0.1, 0, 33803.9302, 32414.5629, True, 54
ESPPRC_heur, 0.0, 0.7, 0.3, 0.1, 0, 33803.628, 33094.9118, True, 17
ESPPRC_heur, 0.0, 0.7, 0.3, 0.1, 0, 33802.6215, 33466.4142, True, 11
ESPPRC_heur, 0.0, 0.7, 0.3, 0.1, 0, 33801.0789, 33646.0789, True, 7
ESPPRC_heur, 0.0, 0.7, 0.3, 0.1, 0, 33800.5425, 33790.7204, True, 1
cyc2, 0.1, 8.1, 0.0, 0.0, 1, 33800.5425, 29025.8586, 0, 2749
ESPPRC_heur, 0.0, 0.5, 0.2, 0.1, 0, 33744.3832, 32872.2325, True, 8
ESPPRC_heur, 0.0, 0.5, 0.2, 0.1, 0, 33744.3832, 33554.0482, True, 2
cyc2, 0.1, 4.4, 0.0, 0.0, 1, 33744.3832, 30942.6202, 0, 2037
ESPPRC_heur, 0.0, 0.6, 0.3, 0.1, 0, 33663.1574, 32820.5369, True, 32
ESPPRC_heur, 0.0, 0.6, 0.3, 0.1, 0, 33662.9372, 33332.3204, True, 14
ESPPRC_heur, 0.0, 0.6, 0.3, 0.1, 0, 33662.8746, 33552.703, True, 4
cyc2, 0.1, 6.5, 0.0, 0.0, 1, 33662.8452, 27804.0894, 0, 2195
cyc2, 0.1, 6.5, 0.0, 0.0, 1, 33662.8452, 31443.1175, 0, 1476
ESPPRC_heur, 0.1, 0.6, 0.3, 0.1, 0, 33632.2211, 32789.8938, True, 38
ESPPRC_heur, 0.0, 0.6, 0.3, 0.1, 0, 33630.4028, 33289.4028, True, 18
ESPPRC_heur, 0.0, 0.6, 0.3, 0.1, 0, 33630.2689, 33444.2689, True, 5
cyc2, 0.1, 6.5, 0.0, 0.0, 1, 33630.2671, 28172.0596, 0, 2181
ESPPRC_heur, 0.0, 0.6, 0.3, 0.1, 0, 33630.2671, 33532.6696, True, 2
cyc2, 0.0, 6.5, 0.0, 0.0, 1, 33630.2671, 31235.6628, 0, 1336
ESPPRC_heur, 0.1, 0.6, 0.3, 0.1, 0, 33600.9416, 32401.5086, True, 44
ESPPRC_heur, 0.0, 0.6, 0.3, 0.1, 0, 33598.6761, 32945.4114, True, 16
ESPPRC_heur, 0.0, 0.6, 0.3, 0.1, 0, 33598.6733, 33545.7296, True, 4
cyc2, 0.0, 6.5, 0.0, 0.0, 1, 33598.6733, 31741.4691, 0, 1115
ESPPRC_heur, 0.0, 0.6, 0.3, 0.1, 0, 33558.6852, 32931.1052, True, 36
ESPPRC_heur, 0.0, 0.6, 0.3, 0.1, 0, 33557.6172, 33418.1172, True, 6
ESPPRC_heur, 0.0, 0.6, 0.3, 0.1, 0, 33557.5289, 33549.7078, True, 2
cyc2, 0.1, 6.3, 0.0, 0.0, 1, 33557.5289, 31770.5588, 0, 1002
ESPPRC_heur, 0.1, 0.7, 0.3, 0.1, 0, 33536.1561, 32000.2546, True, 84
ESPPRC_heur, 0.0, 0.7, 0.3, 0.1, 0, 33535.9883, 33029.8588, True, 21
ESPPRC_heur, 0.0, 0.7, 0.3, 0.1, 0, 33535.9652, 33503.5212, True, 2
ESPPRC_heur, 0.0, 0.7, 0.3, 0.1, 0, 33535.9641, 33513.4186, True, 1
ESPPRC_heur, 0.0, 0.7, 0.3, 0.1, 0, 33535.964, 33530.5727, True, 1
cyc2, 0.1, 7.9, 0.0, 0.0, 1, 33535.9633, 31047.444, 0, 881
ESPPRC_heur, 0.0, 0.7, 0.3, 0.1, 0, 33525.4629, 33199.9629, True, 11
ESPPRC_heur, 0.0, 0.7, 0.3, 0.1, 0, 33525.4524, 33360.6926, True, 2
ESPPRC_heur, 0.0, 0.7, 0.3, 0.1, 0, 33525.4524, 33249.0331, True, 3
cyc2, 0.1, 8.0, 0.0, 0.0, 1, 33525.4524, 31409.1602, 0, 843
ESPPRC_heur, 0.0, 0.7, 0.3, 0.1, 0, 33515.063, 33290.0718, True, 9
ESPPRC_heur, 0.0, 0.7, 0.3, 0.1, 0, 33514.5944, 33121.8198, True, 14
ESPPRC_heur, 0.0, 0.7, 0.3, 0.1, 0, 33514.5177, 33444.2985, True, 1
cyc2, 0.1, 8.1, 0.0, 0.0, 1, 33514.5021, 32326.9934, 0, 614
ESPPRC_heur, 0.1, 0.6, 0.3, 0.1, 0, 33484.7675, 33236.7675, True, 13
ESPPRC_heur, 0.1, 0.6, 0.3, 0.1, 0, 33484.6325, 33015.2078, True, 16
ESPPRC_heur, 0.0, 0.6, 0.3, 0.1, 0, 33484.6325, 33403.8112, True, 2
cyc2, 0.0, 6.7, 0.0, 0.0, 1, 33484.6325, 31983.9124, 0, 575
ESPPRC_heur, -0.0, 0.7, 0.3, 0.1, 0, 33479.5257, 33324.5257, True, 8
cyc2, 0.0, 6.1, 0.0, 0.0, 1, 33479.469, 32355.0174, 0, 366
ESPPRC_heur, -0.0, 0.7, 0.3, 0.1, 0, 33464.5911, 33246.3044, True, 5
cyc2, 0.0, 6.5, 0.0, 0.0, 1, 33464.5289, 32059.4213, 0, 361
ESPPRC_heur, 0.0, 0.6, 0.3, 0.1, 0, 33455.2517, 33351.2509, True, 5
ESPPRC_heur, 0.0, 0.6, 0.3, 0.1, 0, 33455.2517, 33447.1014, True, 1
cyc2, 0.1, 6.7, 0.0, 0.0, 1, 33455.2517, 32337.7981, 0, 382
ESPPRC_heur, 0.0, 0.6, 0.3, 0.1, 0, 33448.6243, 33123.1243, True, 10
ESPPRC_heur, 0.0, 0.6, 0.3, 0.1, 0, 33448.5952, 33270.6089, True, 4
cyc2, 0.1, 6.7, 0.0, 0.0, 1, 33448.3158, 32831.3434, 0, 227
ESPPRC_heur, -0.0, 0.7, 0.3, 0.1, 0, 33441.37, 33083.4827, True, 6
ESPPRC_heur, 0.1, 0.6, 0.3, 0.1, 0, 33441.37, 33146.7055, True, 3
ESPPRC_heur, -0.0, 0.7, 0.3, 0.1, 0, 33441.37, 33421.3128, True, 2
cyc2, 0.0, 6.8, 0.0, 0.0, 1, 33441.37, 32791.7898, 0, 172
ESPPRC_heur, -0.0, 0.7, 0.3, 0.1, 0, 33436.275, 33431.9258, True, 1
cyc2, 0.1, 6.2, 0.0, 0.0, 1, 33436.275, 33096.6018, 0, 88
ESPPRC_heur, 0.0, 0.5, 0.2, 0.1, 0, 33435.0889, 33432.8641, True, 1
cyc2, 0.0, 4.5, 0.0, 0.0, 1, 33435.0889, 33382.9131, 0, 35
cyc2, 0.0, 6.5, 0.0, 0.0, 1, 33434.6509, 33419.5879, 0, 7
cyc2, -0.0, 6.2, 0.0, 0.0, 1, 33434.6485, 33434.6485, 0, 0
scip_total_time, 25254.05871
Solval, number of paths, impact cutoff
33434.64848340771, 233, 0.0001
Elementary, 2-Cycle, Path Value, Path
True, True, 0.5617, (0, 149, 132, 225, 54, 195, 97, 175, 73, 15, 7, 0)
True, True, 0.5395, (0, 93, 28, 228, 14, 123, 181, 9, 150, 256, 74, 0)
True, True, 0.5171, (0, 75, 265, 183, 114, 296, 129, 143, 205, 284, 202, 0)
True, True, 0.9829, (0, 199, 8, 164, 201, 239, 112, 261, 135, 170, 0)
True, True, 0.0218, (0, 26, 35, 194, 260, 4, 272, 31, 153, 156, 100, 88, 0)
True, True, 0.0856, (0, 75, 265, 183, 114, 296, 129, 143, 205, 197, 0)
True, True, 0.1839, (0, 255, 152, 84, 173, 270, 105, 193, 108, 82, 106, 242, 0)
True, True, 0.6129, (0, 145, 229, 282, 146, 243, 215, 180, 246, 250, 0)
True, True, 0.2227, (0, 85, 2, 10, 185, 32, 98, 288, 45, 101, 0)
True, True, 0.0965, (0, 141, 291, 297, 279, 64, 111, 18, 55, 0)
True, True, 0.003, (0, 86, 259, 95, 96, 157, 182, 160, 0)
True, True, 0.0542, (0, 20, 117, 218, 78, 5, 206, 273, 142, 0)
True, True, 0.4383, (0, 118, 221, 73, 175, 97, 195, 54, 225, 286, 132, 149, 0)
True, True, 0.1635, (0, 140, 205, 143, 129, 296, 114, 183, 265, 75, 284, 0)
True, True, 0.7775, (0, 257, 276, 12, 283, 244, 176, 109, 247, 6, 0)
True, True, 0.1556, (0, 3, 240, 18, 111, 64, 279, 297, 291, 141, 0)
True, True, 0.0339, (0, 12, 283, 244, 176, 109, 247, 93, 0)
True, True, 0.0582, (0, 62, 33, 50, 286, 264, 216, 231, 221, 118, 0)
True, True, 0.0546, (0, 148, 30, 236, 245, 267, 98, 288, 45, 168, 0)
True, True, 0.0445, (0, 223, 99, 23, 68, 187, 87, 230, 177, 269, 258, 214, 234, 0)
True, True, 0.1309, (0, 248, 160, 182, 157, 96, 95, 259, 131, 253, 0)
True, True, 0.077, (0, 57, 134, 45, 288, 98, 267, 245, 236, 30, 148, 0)
True, True, 0.039, (0, 138, 62, 207, 46, 107, 41, 235, 0)
True, True, 0.3107, (0, 140, 94, 150, 9, 181, 123, 14, 228, 28, 93, 0)
True, True, 0.6929, (0, 274, 36, 24, 133, 40, 121, 139, 289, 219, 77, 38, 52, 0)
True, True, 0.3228, (0, 138, 62, 207, 46, 211, 285, 41, 172, 295, 0)
True, True, 0.2702, (0, 138, 62, 207, 46, 211, 285, 107, 235, 0)
True, True, 0.2879, (0, 101, 57, 134, 45, 288, 98, 267, 245, 236, 30, 0)
True, True, 0.1458, (0, 88, 100, 156, 153, 31, 272, 4, 35, 26, 43, 110, 0)
True, True, 0.3336, (0, 137, 271, 295, 172, 92, 124, 16, 136, 0)
True, True, 0.715, (0, 27, 223, 230, 87, 187, 68, 23, 99, 5, 206, 273, 0)
True, True, 0.0222, (0, 30, 32, 185, 288, 98, 267, 245, 0)
True, True, 0.094, (0, 86, 131, 95, 157, 182, 160, 126, 0)
True, True, 0.0327, (0, 136, 276, 12, 283, 244, 176, 109, 247, 0)
True, True, 0.0264, (0, 140, 122, 150, 9, 181, 123, 14, 28, 93, 0)
True, True, 0.0083, (0, 242, 106, 82, 108, 193, 105, 270, 42, 200, 1, 252, 58, 0)
True, True, 0.1382, (0, 279, 64, 257, 136, 67, 263, 196, 59, 0)
True, True, 0.1433, (0, 147, 213, 11, 146, 243, 282, 180, 246, 229, 145, 0)
True, True, 0.0547, (0, 297, 233, 122, 94, 212, 34, 227, 0)
True, True, 0.345, (0, 154, 117, 218, 78, 127, 165, 120, 128, 248, 0)
True, True, 0.0171, (0, 36, 135, 261, 112, 239, 201, 164, 8, 199, 0)
True, True, 0.1823, (0, 138, 62, 207, 46, 211, 285, 41, 235, 0)
True, True, 0.085, (0, 234, 266, 114, 183, 296, 129, 143, 265, 75, 284, 0)
True, True, 0.0243, (0, 6, 109, 176, 7, 228, 14, 123, 181, 9, 150, 0)
True, True, 0.091, (0, 248, 160, 182, 96, 95, 131, 86, 0)
True, True, 0.1559, (0, 136, 16, 124, 271, 137, 263, 61, 0)
True, True, 0.0197, (0, 36, 24, 40, 121, 139, 289, 219, 77, 38, 52, 211, 285, 0)
True, True, 0.0429, (0, 147, 213, 275, 11, 146, 243, 282, 246, 229, 145, 0)
True, True, 0.1559, (0, 67, 235, 16, 138, 283, 12, 276, 136, 0)
True, True, 0.0213, (0, 184, 91, 53, 222, 90, 238, 115, 188, 268, 0)
True, True, 0.0251, (0, 59, 196, 61, 263, 67, 136, 257, 279, 3, 0)
True, True, 0.0575, (0, 250, 246, 215, 243, 146, 11, 147, 161, 0)
True, True, 0.0123, (0, 268, 188, 238, 90, 287, 179, 189, 44, 102, 0)
True, True, 0.0465, (0, 7, 118, 221, 231, 216, 50, 33, 17, 190, 244, 0)
True, True, 0.1238, (0, 190, 33, 50, 286, 264, 216, 231, 221, 15, 7, 0)
True, True, 0.2143, (0, 20, 166, 165, 127, 78, 218, 117, 277, 0)
True, True, 0.0592, (0, 196, 61, 263, 67, 136, 257, 64, 240, 0)
True, True, 0.1732, (0, 91, 232, 45, 288, 98, 185, 32, 2, 85, 83, 0)
True, True, 0.0858, (0, 101, 45, 288, 98, 185, 32, 2, 85, 83, 71, 0)
True, True, 0.024, (0, 7, 118, 221, 231, 216, 264, 286, 50, 17, 190, 276, 0)
True, True, 0.0145, (0, 250, 246, 180, 243, 146, 11, 275, 147, 0)
True, True, 0.1288, (0, 145, 229, 180, 215, 243, 146, 11, 275, 147, 224, 0)
True, True, 0.0218, (0, 113, 37, 158, 100, 156, 153, 31, 272, 4, 260, 194, 35, 26, 169, 0)
True, True, 0.2184, (0, 37, 158, 100, 156, 153, 31, 272, 4, 194, 35, 43, 110, 0)
True, True, 0.0053, (0, 284, 75, 265, 143, 129, 183, 114, 177, 258, 266, 0)
True, True, 0.0077, (0, 209, 260, 88, 153, 31, 272, 4, 194, 26, 43, 110, 0)
False, True, 0.1306, (0, 259, 192, 144, 66, 192, 144, 66, 192, 144, 66, 192, 0)
False, True, 0.1143, (0, 249, 19, 262, 51, 19, 262, 51, 19, 249, 250, 0)
True, True, 0.1022, (0, 169, 26, 35, 194, 4, 272, 31, 153, 156, 100, 158, 65, 72, 37, 0)
False, True, 0.2457, (0, 249, 178, 48, 262, 51, 19, 262, 51, 48, 178, 0)
False, True, 0.1396, (0, 234, 60, 266, 214, 60, 266, 214, 60, 0)
False, True, 0.5, (0, 13, 251, 119, 227, 141, 119, 251, 13, 0)
False, True, 0.092, (0, 234, 266, 258, 269, 177, 258, 269, 177, 258, 269, 177, 258, 269, 266, 0)
False, True, 0.0463, (0, 49, 155, 280, 209, 155, 280, 209, 155, 49, 0)
False, True, 0.1163, (0, 25, 210, 217, 198, 186, 217, 125, 210, 0)
False, True, 0.0367, (0, 163, 104, 203, 161, 89, 203, 161, 104, 163, 0)
False, True, 0.1031, (0, 103, 184, 290, 103, 184, 290, 103, 184, 290, 103, 184, 29, 0)
False, True, 0.179, (0, 49, 169, 155, 280, 209, 155, 169, 49, 81, 0)
False, True, 0.1669, (0, 89, 203, 161, 89, 203, 161, 89, 203, 161, 89, 224, 0)
False, True, 0.1289, (0, 104, 161, 203, 89, 161, 203, 89, 104, 224, 0)
False, True, 0.0528, (0, 108, 42, 171, 167, 76, 171, 167, 76, 171, 42, 108, 242, 0)
False, True, 0.3188, (0, 162, 102, 179, 287, 189, 44, 179, 287, 189, 44, 102, 162, 159, 0)
False, True, 0.0374, (0, 6, 247, 109, 244, 176, 109, 247, 6, 240, 0)
False, True, 0.375, (0, 86, 241, 294, 281, 241, 294, 281, 86, 0)
False, True, 0.1974, (0, 240, 18, 111, 279, 64, 111, 18, 240, 55, 0)
False, True, 0.0313, (0, 42, 171, 167, 76, 171, 167, 76, 171, 42, 193, 0)
False, True, 0.3275, (0, 20, 166, 128, 120, 127, 165, 120, 128, 166, 0)
False, True, 0.154, (0, 126, 253, 131, 95, 157, 96, 95, 131, 253, 0)
False, True, 0.0761, (0, 42, 171, 167, 76, 171, 167, 76, 171, 42, 152, 0)
False, True, 0.0423, (0, 62, 33, 17, 50, 33, 17, 190, 244, 6, 0)
False, True, 0.1167, (0, 102, 44, 189, 287, 179, 44, 189, 287, 179, 189, 44, 102, 162, 0)
False, True, 0.0802, (0, 291, 140, 233, 122, 94, 233, 122, 94, 233, 0)
False, True, 0.0721, (0, 176, 118, 15, 221, 118, 15, 221, 118, 15, 7, 0)
False, True, 0.1783, (0, 142, 125, 217, 198, 186, 217, 125, 0)
False, True, 0.1376, (0, 83, 85, 2, 10, 185, 32, 10, 2, 85, 83, 0)
False, True, 0.0106, (0, 148, 168, 134, 57, 232, 134, 57, 232, 222, 53, 103, 0)
False, True, 0.0349, (0, 59, 69, 61, 263, 67, 208, 196, 61, 69, 59, 0)
False, True, 0.0021, (0, 228, 7, 118, 15, 221, 118, 15, 7, 228, 28, 0)
False, True, 0.062, (0, 142, 210, 125, 217, 198, 186, 125, 210, 0)
False, True, 0.1839, (0, 80, 226, 278, 39, 113, 255, 39, 71, 29, 0)
False, True, 0.25, (0, 116, 130, 292, 268, 159, 292, 130, 294, 0)
False, True, 0.2946, (0, 210, 125, 186, 198, 217, 186, 198, 210, 0)
False, True, 0.1314, (0, 249, 178, 48, 19, 262, 51, 19, 48, 178, 249, 274, 0)
False, True, 0.1425, (0, 22, 70, 61, 196, 263, 67, 208, 196, 59, 0)
False, True, 0.2858, (0, 79, 293, 70, 69, 56, 293, 79, 0)
False, True, 0.0139, (0, 259, 66, 144, 192, 66, 144, 162, 268, 159, 292, 0)
False, True, 0.0388, (0, 208, 295, 41, 107, 285, 211, 46, 107, 41, 0)
False, True, 0.2908, (0, 25, 142, 277, 25, 142, 277, 20, 154, 0)
False, True, 0.0033, (0, 208, 41, 107, 285, 211, 46, 107, 41, 208, 0)
False, True, 0.0587, (0, 190, 33, 50, 264, 231, 216, 50, 33, 190, 0)
False, True, 0.4572, (0, 191, 202, 212, 197, 256, 74, 197, 212, 34, 191, 0)
False, True, 0.353, (0, 3, 55, 297, 279, 64, 111, 18, 240, 55, 3, 0)
True, True, 0.0309, (0, 3, 279, 233, 122, 94, 212, 34, 191, 227, 0)
False, True, 0.137, (0, 81, 49, 169, 209, 155, 280, 209, 169, 49, 81, 0)
False, True, 0.0284, (0, 250, 246, 215, 282, 180, 215, 282, 246, 250, 0)
False, True, 0.1871, (0, 190, 17, 264, 231, 216, 264, 286, 50, 17, 190, 0)
False, True, 0.1183, (0, 113, 37, 72, 174, 254, 65, 158, 76, 167, 171, 76, 167, 42, 108, 106, 0)
False, True, 0.2552, (0, 208, 235, 124, 92, 107, 41, 92, 16, 0)
False, True, 0.103, (0, 11, 110, 43, 26, 194, 35, 26, 194, 35, 26, 43, 110, 11, 0)
False, True, 0.128, (0, 63, 81, 275, 213, 11, 275, 213, 147, 0)
False, True, 0.1899, (0, 22, 204, 163, 224, 104, 21, 58, 104, 21, 58, 163, 204, 0)
False, True, 0.0728, (0, 163, 81, 275, 213, 11, 275, 213, 147, 161, 224, 0)
False, True, 0.0543, (0, 25, 210, 125, 186, 198, 217, 125, 0)
False, True, 0.0176, (0, 166, 218, 273, 206, 5, 78, 218, 117, 0)
False, True, 0.5, (0, 148, 30, 236, 237, 267, 245, 237, 168, 0)
False, True, 0.0257, (0, 284, 75, 183, 296, 129, 143, 265, 75, 0)
False, True, 0.078, (0, 124, 92, 107, 41, 92, 124, 235, 208, 0)
False, True, 0.1446, (0, 22, 204, 163, 224, 104, 21, 58, 104, 21, 58, 204, 22, 0)
False, True, 0.0376, (0, 117, 218, 78, 5, 206, 273, 117, 154, 0)
False, True, 0.0418, (0, 242, 108, 42, 167, 76, 171, 167, 76, 158, 65, 254, 174, 72, 37, 113, 0)
False, True, 0.0495, (0, 140, 150, 9, 181, 123, 14, 28, 181, 9, 150, 94, 0)
True, True, 0.1381, (0, 110, 43, 26, 194, 260, 4, 272, 31, 153, 156, 100, 158, 65, 72, 37, 0)
False, True, 0.0802, (0, 78, 5, 206, 99, 23, 68, 187, 87, 230, 23, 99, 223, 0)
False, True, 0.2552, (0, 208, 67, 137, 271, 295, 172, 271, 137, 263, 0)
False, True, 0.0455, (0, 107, 207, 77, 38, 207, 107, 0)
False, True, 0.0272, (0, 249, 178, 133, 40, 121, 139, 219, 289, 139, 121, 40, 133, 24, 274, 0)
False, True, 0.1587, (0, 33, 17, 216, 231, 264, 286, 50, 17, 33, 0)
False, True, 0.245, (0, 248, 160, 182, 157, 96, 182, 160, 0)
False, True, 0.4665, (0, 188, 220, 115, 238, 90, 220, 188, 0)
False, True, 0.0197, (0, 249, 178, 133, 40, 121, 139, 219, 289, 139, 121, 40, 133, 178, 249, 0)
False, True, 0.1098, (0, 163, 252, 63, 200, 1, 63, 200, 1, 82, 0)
False, True, 0.0583, (0, 184, 290, 101, 168, 236, 30, 168, 101, 290, 184, 103, 0)
False, True, 0.0478, (0, 249, 178, 133, 40, 121, 139, 219, 289, 139, 121, 40, 133, 24, 36, 0)
False, True, 0.003, (0, 126, 253, 131, 95, 96, 182, 160, 126, 0)
False, True, 0.1015, (0, 22, 163, 21, 252, 63, 200, 1, 63, 252, 58, 0)
False, True, 0.1098, (0, 204, 163, 252, 63, 200, 1, 63, 200, 1, 252, 0)
False, True, 0.287, (0, 184, 290, 91, 53, 222, 232, 57, 134, 168, 101, 290, 0)
False, True, 0.1131, (0, 154, 117, 218, 78, 127, 165, 166, 20, 154, 0)
False, True, 0.0118, (0, 205, 143, 129, 296, 114, 183, 129, 143, 205, 284, 0)
False, True, 0.1437, (0, 107, 46, 52, 77, 38, 52, 211, 285, 0)
False, True, 0.0335, (0, 188, 220, 115, 238, 90, 220, 268, 0)
False, True, 0.0802, (0, 27, 223, 230, 87, 187, 68, 230, 87, 187, 68, 23, 99, 223, 27, 0)
False, True, 0.094, (0, 241, 116, 130, 292, 159, 268, 130, 116, 241, 0)
False, True, 0.1626, (0, 115, 238, 90, 115, 238, 90, 222, 53, 184, 0)
False, True, 0.0547, (0, 191, 34, 60, 214, 266, 60, 214, 234, 0)
False, True, 0.028, (0, 82, 108, 193, 105, 270, 173, 84, 105, 193, 108, 152, 106, 242, 0)
False, True, 0.0304, (0, 110, 43, 35, 194, 260, 4, 194, 35, 26, 43, 110, 0)
False, True, 0.2329, (0, 71, 83, 85, 10, 185, 32, 10, 2, 83, 71, 0)
False, True, 0.0123, (0, 268, 115, 238, 90, 115, 238, 90, 115, 0)
False, True, 0.0589, (0, 113, 37, 72, 174, 254, 72, 174, 254, 65, 158, 76, 167, 171, 42, 193, 108, 152, 0)
False, True, 0.3338, (0, 291, 140, 122, 233, 94, 122, 233, 297, 291, 0)
False, True, 0.3062, (0, 82, 108, 193, 105, 270, 173, 84, 105, 193, 82, 0)
False, True, 0.0277, (0, 27, 234, 214, 258, 269, 177, 258, 269, 177, 258, 214, 234, 27, 0)
False, True, 0.0257, (0, 202, 284, 75, 265, 143, 129, 296, 114, 75, 284, 0)
False, True, 0.0194, (0, 172, 41, 107, 285, 211, 107, 41, 172, 235, 0)
False, True, 0.1196, (0, 269, 177, 258, 269, 177, 258, 269, 177, 214, 234, 0)
False, True, 0.0376, (0, 117, 273, 206, 5, 78, 273, 277, 0)
False, True, 0.2593, (0, 103, 91, 53, 222, 232, 134, 57, 232, 222, 53, 91, 103, 0)
False, True, 0.1159, (0, 281, 116, 130, 292, 268, 159, 292, 130, 116, 281, 0)
False, True, 0.0031, (0, 297, 233, 122, 94, 233, 279, 297, 0)
False, True, 0.0181, (0, 281, 116, 292, 159, 268, 292, 159, 268, 130, 116, 0)
True, True, 0.0035, (0, 24, 133, 40, 121, 289, 219, 77, 38, 62, 0)
False, True, 0.099, (0, 22, 69, 61, 196, 208, 67, 263, 61, 196, 0)
False, True, 0.402, (0, 79, 151, 293, 70, 56, 59, 151, 0)
False, True, 0.0243, (0, 122, 94, 6, 247, 109, 93, 247, 6, 0)
False, True, 0.0495, (0, 205, 123, 14, 228, 7, 118, 15, 7, 228, 28, 0)
False, True, 0.0644, (0, 88, 100, 156, 88, 100, 156, 153, 31, 272, 4, 260, 0)
False, True, 0.072, (0, 250, 145, 229, 282, 215, 180, 282, 215, 246, 250, 0)
False, True, 0.188, (0, 126, 253, 131, 259, 96, 157, 182, 160, 248, 126, 0)
False, True, 0.1143, (0, 249, 178, 48, 51, 262, 19, 48, 133, 24, 36, 274, 0)
False, True, 0.0033, (0, 284, 205, 265, 75, 183, 114, 75, 265, 205, 256, 74, 140, 0)
False, True, 0.0911, (0, 36, 24, 40, 121, 289, 219, 139, 289, 219, 77, 38, 207, 0)
False, True, 0.0519, (0, 190, 17, 50, 264, 231, 216, 17, 33, 62, 0)
False, True, 0.2212, (0, 58, 252, 200, 1, 63, 200, 1, 252, 21, 204, 0)
False, True, 0.0899, (0, 56, 69, 61, 263, 67, 208, 196, 61, 69, 0)
False, True, 0.0496, (0, 3, 136, 16, 124, 295, 172, 124, 16, 136, 0)
False, True, 0.1406, (0, 190, 33, 50, 216, 231, 264, 216, 231, 221, 118, 0)
False, True, 0.0171, (0, 205, 265, 75, 114, 183, 296, 114, 183, 75, 0)
False, True, 0.1239, (0, 141, 227, 25, 277, 142, 25, 227, 141, 0)
False, True, 0.0492, (0, 242, 106, 152, 84, 105, 270, 173, 84, 105, 193, 82, 0)
False, True, 0.2232, (0, 209, 260, 88, 100, 156, 88, 260, 194, 35, 26, 43, 110, 0)
False, True, 0.0263, (0, 79, 293, 56, 59, 69, 56, 59, 151, 0)
False, True, 0.1227, (0, 259, 192, 66, 144, 192, 66, 144, 162, 268, 116, 0)
False, True, 0.0326, (0, 140, 122, 94, 93, 247, 109, 93, 6, 3, 0)
False, True, 0.1992, (0, 280, 260, 4, 272, 31, 153, 88, 280, 0)
False, True, 0.0425, (0, 277, 117, 218, 273, 78, 218, 117, 154, 0)
False, True, 0.1696, (0, 151, 59, 56, 69, 196, 61, 69, 70, 22, 0)
False, True, 0.0604, (0, 113, 37, 72, 174, 254, 72, 174, 254, 65, 158, 76, 167, 171, 173, 152, 106, 242, 0)
False, True, 0.1839, (0, 29, 47, 278, 39, 255, 113, 39, 71, 148, 29, 0)
True, True, 0.1167, (0, 268, 115, 238, 90, 287, 179, 102, 144, 66, 259, 0)
False, True, 0.1666, (0, 34, 234, 60, 266, 214, 60, 34, 227, 0)
False, True, 0.0708, (0, 81, 169, 155, 280, 209, 155, 169, 49, 81, 0)
False, True, 0.0685, (0, 284, 205, 265, 183, 114, 296, 129, 143, 205, 284, 0)
False, True, 0.0363, (0, 57, 134, 45, 185, 32, 10, 185, 32, 148, 0)
False, True, 0.121, (0, 113, 37, 72, 174, 254, 72, 174, 254, 65, 174, 254, 65, 158, 76, 167, 171, 42, 108, 0)
False, True, 0.1192, (0, 106, 152, 173, 42, 171, 167, 76, 158, 65, 254, 174, 65, 254, 174, 72, 37, 113, 0)
False, True, 0.0298, (0, 244, 190, 33, 50, 17, 33, 190, 62, 138, 0)
False, True, 0.0111, (0, 148, 236, 267, 98, 288, 185, 32, 236, 148, 0)
False, True, 0.0083, (0, 242, 106, 82, 252, 63, 200, 1, 252, 21, 163, 22, 0)
False, True, 0.0807, (0, 29, 148, 71, 39, 113, 255, 278, 226, 80, 47, 29, 0)
False, True, 0.0693, (0, 27, 234, 214, 266, 60, 214, 266, 60, 34, 0)
False, True, 0.1839, (0, 47, 80, 226, 278, 255, 242, 278, 226, 80, 47, 0)
False, True, 0.1022, (0, 81, 49, 169, 155, 280, 209, 155, 49, 81, 0)
True, True, 0.0102, (0, 148, 245, 98, 288, 185, 32, 2, 85, 113, 0)
False, True, 0.185, (0, 126, 253, 259, 95, 157, 96, 95, 131, 253, 126, 0)
False, True, 0.0221, (0, 28, 228, 7, 15, 221, 118, 15, 7, 176, 0)
False, True, 0.0098, (0, 276, 190, 17, 50, 286, 264, 231, 216, 50, 17, 190, 0)
False, True, 0.1681, (0, 224, 147, 275, 213, 11, 275, 213, 147, 203, 0)
False, True, 0.0035, (0, 24, 40, 121, 139, 289, 219, 139, 289, 219, 77, 38, 207, 0)
False, True, 0.0867, (0, 234, 214, 177, 258, 269, 177, 258, 269, 177, 258, 266, 234, 0)
False, True, 0.062, (0, 86, 292, 268, 159, 292, 130, 116, 241, 0)
False, True, 0.1839, (0, 29, 47, 80, 226, 278, 255, 39, 226, 80, 47, 0)
False, True, 0.0312, (0, 168, 45, 288, 98, 32, 185, 45, 134, 57, 0)
False, True, 0.0409, (0, 242, 106, 152, 105, 270, 173, 42, 270, 173, 84, 152, 106, 0)
False, True, 0.0005, (0, 148, 245, 98, 288, 185, 32, 245, 148, 0)
False, True, 0.0577, (0, 117, 218, 273, 206, 5, 78, 218, 154, 0)
False, True, 0.0304, (0, 88, 153, 31, 272, 153, 31, 272, 4, 260, 209, 0)
False, True, 0.1713, (0, 242, 106, 152, 84, 270, 173, 42, 270, 84, 152, 106, 242, 0)
False, True, 0.0236, (0, 148, 245, 267, 288, 98, 267, 245, 0)
False, True, 0.1092, (0, 116, 159, 268, 162, 144, 66, 192, 144, 66, 192, 259, 0)
False, True, 0.0171, (0, 274, 36, 170, 249, 178, 48, 51, 262, 19, 51, 262, 19, 249, 274, 0)
False, True, 0.0199, (0, 209, 155, 260, 88, 153, 31, 272, 4, 260, 280, 0)
False, True, 0.0379, (0, 147, 275, 213, 11, 275, 213, 147, 161, 89, 0)
all_elementary, False
all_cyc2, True
