Instance, X-n223-k34
capacity, 37
min_trucks, 34
output_file, output_uchoa/X-n223-k34-cyc2.log
Start date, 2022-06-30
Start time, 11-07-29
capacity, 37
num_vehicles, 34
abort_early, False
methods, ['cyc2']
max_vars, 100
time_limit, 86400
farley, False
ESPPRC_heur, True
initial time, initial max_it, max_stale_it
1, 20000.0, 20
heuristic Number of routes, heuristic Best Solution Value, heuristic number of iterations, adjusted time, adjusted max_it, measured total time
54358, 40445.0, 20000, 1, 20000.0, 20136.3
method, python time, total time, propagated dominance time, unpropagated dominance time, pricing_success, upper_bound, lower_bound, abort_early, num_paths, 
ESPPRC_heur, 0.0, 0.2, 0.1, 0.0, 0, 39974.6889, 34726.2663, True, 114
ESPPRC_heur, -0.0, 0.2, 0.1, 0.0, 0, 39974.2363, 35039.4208, True, 76
ESPPRC_heur, -0.0, 0.2, 0.1, 0.0, 0, 39971.2773, 35326.4472, True, 60
ESPPRC_heur, -0.0, 0.2, 0.1, 0.0, 0, 39966.567, 39230.4355, True, 7
ESPPRC_heur, -0.0, 0.2, 0.1, 0.0, 0, 39966.567, 39634.1315, True, 2
ESPPRC_heur, -0.0, 0.2, 0.1, 0.0, 0, 39966.567, 39568.987, True, 2
cyc2, -0.0, 1.4, 0.0, 0.0, 1, 39966.4679, 35783.5564, 0, 616
ESPPRC_heur, -0.0, 0.2, 0.1, 0.0, 0, 39801.7749, 38913.4407, True, 19
ESPPRC_heur, -0.0, 0.2, 0.1, 0.0, 0, 39801.0127, 39076.5983, True, 7
ESPPRC_heur, -0.0, 0.2, 0.1, 0.0, 0, 39801.0127, 39594.6822, True, 5
cyc2, 0.0, 1.4, 0.0, 0.0, 1, 39801.0127, 37476.7094, 0, 401
ESPPRC_heur, -0.0, 0.2, 0.1, 0.0, 0, 39723.9399, 39179.9399, True, 9
ESPPRC_heur, -0.0, 0.2, 0.1, 0.0, 0, 39723.2966, 39578.9315, True, 3
cyc2, 0.0, 1.4, 0.0, 0.0, 1, 39723.2939, 38112.3918, 0, 249
ESPPRC_heur, -0.0, 0.2, 0.1, 0.0, 0, 39686.2485, 39550.2485, True, 5
ESPPRC_heur, -0.0, 0.2, 0.1, 0.0, 0, 39686.2485, 39669.8926, True, 1
cyc2, -0.0, 1.4, 0.0, 0.0, 1, 39686.2485, 38507.1921, 0, 207
ESPPRC_heur, -0.0, 0.2, 0.1, 0.0, 0, 39668.3611, 39405.7926, True, 9
ESPPRC_heur, -0.0, 0.2, 0.1, 0.0, 0, 39668.3078, 39646.303, True, 1
cyc2, 0.1, 1.3, 0.0, 0.0, 1, 39668.3078, 39037.3814, 0, 114
ESPPRC_heur, -0.0, 0.2, 0.1, 0.0, 0, 39660.9525, 39575.6655, True, 2
cyc2, -0.0, 1.4, 0.0, 0.0, 1, 39660.8748, 39413.9769, 0, 34
ESPPRC_heur, -0.0, 0.2, 0.1, 0.0, 0, 39660.3025, 39626.3217, True, 1
cyc2, 0.0, 1.4, 0.0, 0.0, 1, 39660.3025, 39557.2405, 0, 12
ESPPRC_heur, -0.0, 0.2, 0.1, 0.0, 0, 39660.2415, 39620.8183, True, 1
cyc2, -0.0, 1.4, 0.0, 0.0, 1, 39660.2415, 39592.8024, 0, 9
cyc2, 0.0, 1.4, 0.0, 0.0, 1, 39660.241, 39654.697, 0, 1
cyc2, -0.0, 1.4, 0.0, 0.0, 1, 39660.241, 39660.241, 0, 0
scip_total_time, 20169.653625
Solval, number of paths, impact cutoff
39660.24100880926, 185, 0.0001
Elementary, 2-Cycle, Path Value, Path
True, True, 0.422, (0, 12, 96, 63, 48, 64, 0)
True, True, 0.9104, (0, 221, 118, 205, 46, 182, 0)
True, True, 0.3374, (0, 200, 141, 170, 87, 27, 158, 204, 0)
True, True, 0.0362, (0, 119, 220, 114, 143, 137, 171, 203, 0)
True, True, 0.9621, (0, 148, 43, 108, 44, 0)
True, True, 0.3775, (0, 111, 32, 105, 1, 154, 92, 0)
True, True, 0.3139, (0, 130, 123, 94, 162, 135, 120, 66, 121, 0)
True, True, 0.5, (0, 216, 181, 69, 38, 5, 52, 0)
True, True, 0.1841, (0, 200, 141, 170, 87, 27, 119, 0)
True, True, 0.0678, (0, 78, 145, 115, 191, 153, 31, 24, 0)
True, True, 0.0323, (0, 4, 80, 182, 46, 205, 118, 0)
True, True, 0.4104, (0, 210, 146, 172, 206, 140, 99, 0)
True, True, 0.078, (0, 4, 80, 188, 48, 64, 0)
True, True, 0.3826, (0, 41, 84, 62, 76, 45, 0)
True, True, 0.119, (0, 40, 60, 67, 83, 33, 50, 0)
True, True, 0.2653, (0, 13, 62, 84, 41, 211, 0)
True, True, 0.3108, (0, 21, 64, 63, 96, 12, 0)
True, True, 0.3224, (0, 185, 195, 193, 166, 177, 0)
True, True, 0.0838, (0, 174, 186, 163, 122, 89, 147, 0)
True, True, 0.1409, (0, 113, 89, 122, 163, 186, 212, 0)
True, True, 0.218, (0, 14, 77, 156, 138, 165, 174, 0)
True, True, 0.1925, (0, 112, 176, 149, 173, 202, 0)
True, True, 0.4563, (0, 91, 29, 72, 30, 36, 23, 103, 51, 98, 0)
True, True, 0.5487, (0, 208, 217, 183, 190, 188, 70, 0)
True, True, 0.1213, (0, 109, 81, 75, 18, 93, 79, 167, 164, 0)
True, True, 0.2607, (0, 97, 110, 33, 83, 67, 60, 0)
True, True, 0.3038, (0, 174, 165, 186, 138, 77, 0)
True, True, 0.0958, (0, 210, 152, 4, 80, 188, 37, 0)
True, True, 0.3279, (0, 204, 158, 137, 143, 114, 117, 220, 0)
True, True, 0.0537, (0, 11, 34, 3, 93, 18, 75, 81, 0)
True, True, 0.2794, (0, 172, 206, 116, 214, 161, 179, 0)
True, True, 0.3679, (0, 109, 81, 75, 18, 93, 3, 34, 68, 0)
True, True, 0.0921, (0, 31, 153, 162, 135, 94, 123, 120, 66, 121, 0)
True, True, 0.3498, (0, 202, 149, 176, 112, 166, 0)
True, True, 0.1847, (0, 31, 115, 191, 201, 160, 197, 195, 185, 0)
True, True, 0.3498, (0, 177, 102, 9, 136, 95, 0)
True, True, 0.1428, (0, 208, 169, 178, 128, 151, 199, 212, 0)
True, True, 0.2515, (0, 212, 174, 165, 186, 138, 156, 0)
True, True, 0.0573, (0, 19, 144, 127, 155, 118, 205, 0)
True, True, 0.2653, (0, 99, 211, 41, 84, 62, 54, 0)
True, True, 0.3591, (0, 199, 151, 142, 219, 139, 169, 0)
True, True, 0.2511, (0, 179, 40, 161, 116, 214, 144, 127, 19, 0)
True, True, 0.2381, (0, 128, 147, 89, 122, 163, 212, 0)
True, True, 0.2199, (0, 156, 186, 163, 122, 89, 147, 113, 0)
True, True, 0.0307, (0, 99, 140, 206, 172, 19, 210, 0)
True, True, 0.1052, (0, 196, 111, 105, 1, 154, 92, 131, 0)
True, True, 0.3706, (0, 25, 85, 55, 59, 6, 65, 0)
True, True, 0.2704, (0, 80, 190, 194, 183, 217, 208, 0)
True, True, 0.0287, (0, 220, 117, 126, 42, 222, 218, 0)
True, True, 0.3172, (0, 163, 122, 89, 147, 113, 199, 194, 0)
True, True, 0.3197, (0, 195, 39, 124, 15, 125, 88, 160, 0)
True, True, 0.0678, (0, 145, 201, 160, 88, 125, 15, 124, 39, 197, 0)
True, True, 0.3142, (0, 222, 126, 200, 114, 143, 117, 220, 0)
True, True, 0.1322, (0, 11, 81, 75, 18, 93, 79, 167, 0)
True, True, 0.1401, (0, 25, 85, 61, 109, 90, 17, 59, 0)
True, True, 0.1409, (0, 194, 113, 147, 142, 219, 139, 169, 0)
True, True, 0.4785, (0, 119, 27, 87, 141, 170, 126, 0)
True, True, 0.0896, (0, 146, 19, 221, 80, 4, 152, 26, 0)
True, True, 0.1227, (0, 10, 11, 90, 81, 75, 18, 93, 34, 68, 0)
True, True, 0.0143, (0, 220, 117, 126, 189, 168, 187, 180, 58, 106, 49, 0)
True, True, 0.3051, (0, 65, 6, 11, 17, 109, 61, 59, 10, 0)
True, True, 0.2286, (0, 47, 14, 198, 67, 60, 97, 211, 0)
True, True, 0.2191, (0, 45, 16, 104, 7, 86, 57, 101, 73, 23, 103, 51, 211, 0)
True, True, 0.1132, (0, 98, 103, 23, 73, 101, 57, 86, 7, 104, 16, 45, 0)
True, True, 0.4237, (0, 49, 106, 58, 79, 3, 34, 90, 17, 10, 0)
True, True, 0.0219, (0, 31, 145, 191, 201, 160, 197, 195, 0)
True, True, 0.0083, (0, 65, 11, 34, 3, 79, 68, 35, 0)
True, True, 0.0857, (0, 195, 197, 160, 201, 191, 115, 159, 78, 0)
True, True, 0.0454, (0, 10, 81, 75, 18, 93, 79, 58, 106, 49, 0)
True, True, 0.3401, (0, 178, 139, 219, 142, 128, 151, 70, 0)
True, True, 0.1938, (0, 175, 111, 105, 1, 154, 92, 131, 0)
True, True, 0.1243, (0, 130, 153, 191, 201, 145, 159, 0)
True, True, 0.2023, (0, 175, 32, 105, 1, 154, 92, 0)
True, True, 0.019, (0, 44, 108, 131, 74, 22, 0)
True, True, 0.1643, (0, 42, 126, 200, 114, 143, 137, 171, 203, 0)
True, True, 0.0434, (0, 25, 85, 61, 11, 6, 65, 0)
True, True, 0.1213, (0, 203, 171, 137, 119, 220, 92, 0)
True, True, 0.2328, (0, 21, 48, 188, 80, 152, 0)
True, True, 0.1282, (0, 24, 31, 153, 191, 201, 159, 78, 0)
True, True, 0.0237, (0, 49, 106, 58, 79, 3, 34, 11, 6, 0)
True, True, 0.059, (0, 77, 156, 138, 165, 174, 212, 4, 0)
True, True, 0.0365, (0, 91, 29, 103, 23, 73, 101, 57, 86, 7, 104, 16, 56, 0)
True, True, 0.1809, (0, 217, 169, 178, 128, 113, 199, 194, 0)
True, True, 0.0656, (0, 85, 61, 17, 11, 6, 0)
True, True, 0.0447, (0, 192, 188, 48, 63, 21, 0)
True, True, 0.3443, (0, 9, 173, 175, 176, 112, 193, 209, 0)
True, True, 0.1112, (0, 12, 21, 64, 63, 48, 70, 0)
True, True, 0.0059, (0, 97, 50, 110, 83, 67, 60, 0)
True, True, 0.0219, (0, 16, 104, 7, 86, 57, 101, 73, 36, 30, 72, 56, 0)
False, True, 0.4249, (0, 100, 95, 136, 100, 0)
False, True, 0.5, (0, 132, 5, 52, 132, 0)
False, True, 0.5, (0, 53, 134, 146, 28, 134, 53, 0)
False, True, 0.0379, (0, 9, 8, 196, 71, 8, 196, 71, 8, 148, 9, 0)
False, True, 0.1059, (0, 56, 2, 72, 29, 2, 72, 29, 91, 0)
False, True, 0.2489, (0, 179, 97, 50, 83, 33, 50, 97, 0)
False, True, 0.0673, (0, 8, 32, 105, 1, 32, 71, 0)
False, True, 0.3429, (0, 129, 222, 218, 129, 22, 0)
False, True, 0.3142, (0, 129, 218, 42, 222, 218, 0)
False, True, 0.5, (0, 13, 213, 76, 54, 213, 0)
False, True, 0.0146, (0, 56, 2, 72, 91, 29, 72, 2, 56, 0)
False, True, 0.0864, (0, 26, 192, 37, 4, 152, 80, 4, 152, 0)
False, True, 0.2, (0, 216, 121, 38, 69, 181, 38, 0)
False, True, 0.0059, (0, 40, 50, 110, 33, 50, 0)
False, True, 0.0835, (0, 216, 121, 38, 69, 181, 216, 0)
False, True, 0.0165, (0, 216, 121, 181, 69, 38, 121, 216, 0)
False, True, 0.0875, (0, 16, 104, 7, 86, 57, 101, 73, 57, 86, 7, 104, 16, 0)
False, True, 0.1227, (0, 167, 79, 18, 93, 3, 79, 167, 0)
False, True, 0.3857, (0, 47, 198, 67, 60, 198, 40, 0)
False, True, 0.0434, (0, 41, 62, 84, 41, 0)
False, True, 0.3147, (0, 25, 55, 61, 85, 55, 0)
False, True, 0.362, (0, 110, 83, 33, 110, 50, 0)
False, True, 0.182, (0, 35, 68, 167, 35, 82, 131, 0)
False, True, 0.0839, (0, 45, 56, 2, 30, 36, 73, 101, 57, 86, 7, 104, 16, 45, 0)
False, True, 0.0328, (0, 185, 195, 197, 39, 195, 185, 0)
False, True, 0.1858, (0, 207, 150, 184, 133, 107, 184, 133, 107, 184, 207, 0)
False, True, 0.019, (0, 43, 108, 44, 43, 0)
False, True, 0.155, (0, 66, 123, 94, 162, 135, 120, 66, 123, 0)
False, True, 0.4089, (0, 26, 192, 37, 152, 4, 37, 192, 26, 0)
False, True, 0.078, (0, 12, 96, 64, 21, 96, 12, 0)
False, True, 0.402, (0, 24, 130, 153, 31, 24, 0)
False, True, 0.1153, (0, 102, 202, 175, 173, 202, 102, 0)
False, True, 0.2104, (0, 157, 215, 107, 133, 184, 157, 0)
False, True, 0.0539, (0, 105, 1, 203, 171, 158, 137, 171, 0)
False, True, 0.1227, (0, 11, 90, 81, 75, 90, 11, 0)
False, True, 0.1174, (0, 13, 54, 76, 45, 54, 13, 0)
False, True, 0.1, (0, 216, 181, 69, 121, 181, 69, 121, 0)
False, True, 0.1142, (0, 19, 127, 155, 14, 47, 127, 0)
False, True, 0.1137, (0, 102, 173, 149, 202, 102, 0)
False, True, 0.4928, (0, 42, 189, 168, 187, 180, 189, 168, 187, 180, 58, 106, 49, 0)
False, True, 0.3505, (0, 56, 16, 104, 7, 86, 57, 101, 73, 36, 30, 2, 56, 0)
False, True, 0.0999, (0, 169, 178, 139, 219, 142, 178, 0)
False, True, 0.2346, (0, 210, 144, 127, 155, 47, 14, 155, 0)
False, True, 0.0884, (0, 65, 6, 59, 65, 6, 59, 10, 65, 0)
False, True, 0.0751, (0, 95, 136, 102, 9, 136, 0)
False, True, 0.1934, (0, 98, 91, 29, 72, 2, 91, 51, 98, 0)
False, True, 0.2405, (0, 74, 35, 82, 164, 74, 0)
False, True, 0.3279, (0, 177, 209, 193, 166, 209, 0)
False, True, 0.1033, (0, 130, 94, 162, 135, 120, 123, 94, 0)
False, True, 0.0905, (0, 190, 183, 194, 190, 183, 0)
False, True, 0.0246, (0, 157, 215, 184, 133, 107, 215, 0)
False, True, 0.0157, (0, 154, 204, 171, 203, 137, 171, 204, 0)
False, True, 0.0751, (0, 100, 95, 136, 100, 95, 0)
False, True, 0.0379, (0, 9, 8, 196, 71, 111, 196, 71, 111, 32, 71, 8, 0)
False, True, 0.2076, (0, 157, 215, 150, 184, 133, 107, 150, 207, 15, 0)
False, True, 0.1575, (0, 117, 143, 114, 117, 220, 119, 0)
False, True, 0.5, (0, 20, 131, 74, 20, 0)
False, True, 0.2584, (0, 22, 164, 82, 167, 68, 35, 82, 164, 22, 0)
False, True, 0.0055, (0, 39, 124, 15, 125, 88, 15, 124, 193, 0)
False, True, 0.1033, (0, 66, 120, 135, 162, 94, 135, 162, 153, 31, 0)
False, True, 0.1308, (0, 77, 156, 138, 77, 14, 155, 0)
False, True, 0.1858, (0, 157, 215, 150, 133, 107, 150, 215, 0)
False, True, 0.0369, (0, 14, 77, 156, 138, 77, 14, 47, 0)
False, True, 0.0875, (0, 2, 30, 36, 23, 101, 73, 23, 103, 51, 0)
False, True, 0.1056, (0, 154, 204, 171, 158, 137, 171, 203, 0)
False, True, 0.3309, (0, 78, 159, 145, 115, 201, 191, 115, 145, 159, 78, 0)
False, True, 0.2285, (0, 19, 144, 155, 127, 144, 19, 210, 0)
False, True, 0.1112, (0, 21, 63, 48, 21, 96, 0)
False, True, 0.2794, (0, 28, 140, 206, 172, 140, 99, 0)
False, True, 0.1527, (0, 204, 203, 171, 137, 203, 171, 158, 203, 0)
False, True, 0.0437, (0, 98, 51, 103, 29, 72, 103, 29, 72, 2, 0)
False, True, 0.2477, (0, 8, 196, 71, 111, 32, 71, 196, 8, 71, 196, 8, 0)
False, True, 0.0656, (0, 25, 61, 109, 17, 61, 85, 25, 0)
False, True, 0.1803, (0, 197, 39, 124, 88, 125, 207, 15, 124, 39, 0)
False, True, 0.0217, (0, 211, 84, 62, 56, 84, 62, 0)
False, True, 0.0341, (0, 90, 93, 18, 75, 81, 90, 0)
False, True, 0.1171, (0, 9, 173, 175, 149, 173, 102, 0)
False, True, 0.0775, (0, 66, 120, 123, 94, 162, 135, 120, 66, 121, 0)
False, True, 0.0838, (0, 212, 174, 165, 156, 77, 165, 212, 0)
False, True, 0.0599, (0, 151, 178, 139, 219, 142, 128, 151, 0)
False, True, 0.0225, (0, 204, 203, 171, 137, 119, 158, 203, 204, 0)
False, True, 0.0273, (0, 124, 207, 215, 157, 150, 215, 157, 175, 0)
False, True, 0.2206, (0, 28, 116, 214, 161, 116, 214, 161, 40, 179, 0)
False, True, 0.2137, (0, 185, 39, 124, 15, 125, 88, 160, 197, 185, 0)
False, True, 0.1066, (0, 197, 160, 88, 125, 207, 215, 157, 207, 125, 88, 197, 0)
False, True, 0.1134, (0, 149, 176, 112, 149, 202, 0)
True, True, 0.0565, (0, 78, 145, 201, 191, 153, 130, 0)
False, True, 0.0607, (0, 22, 164, 82, 35, 167, 68, 35, 164, 22, 0)
False, True, 0.0074, (0, 10, 6, 59, 10, 6, 65, 35, 0)
False, True, 0.0141, (0, 116, 214, 161, 116, 214, 161, 40, 99, 0)
False, True, 0.0258, (0, 123, 120, 135, 162, 94, 135, 120, 123, 0)
False, True, 0.0382, (0, 208, 169, 178, 151, 128, 178, 169, 0)
False, True, 0.0511, (0, 4, 80, 182, 46, 80, 192, 0)
False, True, 0.0035, (0, 40, 97, 83, 33, 110, 50, 97, 0)
False, True, 0.0258, (0, 123, 120, 66, 123, 94, 162, 153, 0)
False, True, 0.0062, (0, 26, 4, 80, 182, 46, 80, 4, 0)
all_elementary, False
all_cyc2, True
