Instance, X-n284-k15
capacity, 109
min_trucks, 15
output_file, output_uchoa/X-n284-k15-cyc2.log
Start date, 2022-06-30
Start time, 22-45-47
capacity, 109
num_vehicles, 15
abort_early, False
methods, ['cyc2']
max_vars, 100
time_limit, 86400
farley, False
ESPPRC_heur, True
initial time, initial max_it, max_stale_it
1, 20000.0, 20
heuristic Number of routes, heuristic Best Solution Value, heuristic number of iterations, adjusted time, adjusted max_it, measured total time
221853, 20414.0, 20000, 1, 20000.0, 23068.8
method, python time, total time, propagated dominance time, unpropagated dominance time, pricing_success, upper_bound, lower_bound, abort_early, num_paths, 
ESPPRC_heur, 0.1, 4.0, 3.2, 0.3, 0, 19923.0806, 10755.2657, True, 12665
ESPPRC_heur, 0.1, 3.1, 2.4, 0.2, 0, 19923.0806, 17865.5997, True, 1716
ESPPRC_heur, 0.1, 3.3, 2.6, 0.2, 0, 19923.0806, 18103.5899, True, 1964
ESPPRC_heur, 0.1, 3.2, 2.5, 0.2, 0, 19923.0806, 18070.0162, True, 1568
ESPPRC_heur, 0.1, 3.1, 2.4, 0.2, 0, 19923.0806, 18558.105, True, 1198
ESPPRC_heur, 0.1, 3.1, 2.4, 0.2, 0, 19923.0806, 18734.3158, True, 965
ESPPRC_heur, 0.0, 3.2, 2.5, 0.2, 0, 19923.0806, 19029.5227, True, 660
ESPPRC_heur, 0.1, 3.0, 2.4, 0.2, 0, 19923.0806, 18903.3573, True, 788
ESPPRC_heur, 0.0, 3.1, 2.4, 0.2, 0, 19923.0806, 19142.7868, True, 519
ESPPRC_heur, 0.1, 3.2, 2.5, 0.2, 0, 19923.0806, 18976.6352, True, 561
ESPPRC_heur, 0.1, 3.2, 2.5, 0.2, 0, 19923.0806, 19333.197, True, 408
ESPPRC_heur, 0.1, 3.4, 2.7, 0.3, 0, 19921.4297, 18505.5366, True, 1032
ESPPRC_heur, 0.1, 3.4, 2.7, 0.3, 0, 19921.4297, 19009.7619, True, 663
ESPPRC_heur, 0.1, 3.3, 2.6, 0.3, 0, 19921.4297, 19143.0708, True, 429
ESPPRC_heur, 0.1, 3.3, 2.6, 0.3, 0, 19921.4297, 19394.4009, True, 271
ESPPRC_heur, 0.1, 3.8, 3.0, 0.3, 0, 19919.7283, 19411.0468, True, 354
ESPPRC_heur, 0.1, 3.7, 2.9, 0.3, 0, 19919.7283, 19433.8898, True, 269
ESPPRC_heur, 0.1, 4.0, 3.0, 0.3, 0, 19918.2377, 19191.1681, True, 438
ESPPRC_heur, 0.1, 4.1, 3.1, 0.3, 0, 19918.2377, 19226.7323, True, 340
ESPPRC_heur, 0.1, 3.7, 2.8, 0.3, 0, 19918.0187, 19351.0245, True, 291
ESPPRC_heur, 0.1, 3.9, 2.9, 0.3, 0, 19917.8149, 19452.7449, True, 204
ESPPRC_heur, 0.1, 3.1, 2.4, 0.2, 0, 19915.1087, 19389.6331, True, 324
ESPPRC_heur, 0.1, 3.1, 2.4, 0.2, 0, 19914.6338, 19236.3899, True, 317
ESPPRC_heur, 0.0, 3.2, 2.5, 0.2, 0, 19914.6338, 19592.4526, True, 165
ESPPRC_heur, 0.1, 3.4, 2.5, 0.3, 0, 19913.3808, 19527.8411, True, 172
ESPPRC_heur, 0.1, 3.3, 2.4, 0.3, 0, 19911.4849, 19267.9238, True, 296
ESPPRC_heur, 0.1, 3.4, 2.5, 0.3, 0, 19911.4849, 19411.3528, True, 211
ESPPRC_heur, 0.1, 4.1, 3.0, 0.3, 0, 19910.6282, 19608.4735, True, 135
ESPPRC_heur, 0.1, 3.6, 2.8, 0.3, 0, 19906.6879, 19471.322, True, 198
ESPPRC_heur, 0.1, 3.7, 2.8, 0.3, 0, 19906.1597, 19650.1453, True, 93
ESPPRC_heur, 0.1, 3.7, 2.9, 0.3, 0, 19904.8743, 19587.4067, True, 145
ESPPRC_heur, 0.1, 3.7, 2.9, 0.3, 0, 19904.688, 19611.8483, True, 97
ESPPRC_heur, 0.1, 3.7, 2.9, 0.3, 0, 19903.7927, 19671.2418, True, 81
ESPPRC_heur, 0.1, 4.2, 3.1, 0.3, 0, 19902.1796, 19628.6252, True, 99
ESPPRC_heur, 0.1, 3.6, 2.8, 0.3, 0, 19900.7312, 18931.796, True, 343
ESPPRC_heur, 0.0, 3.7, 2.8, 0.3, 0, 19900.7312, 19615.3375, True, 79
ESPPRC_heur, 0.1, 3.7, 2.9, 0.3, 0, 19900.5345, 19701.9097, True, 56
ESPPRC_heur, 0.1, 3.6, 2.8, 0.3, 0, 19899.0356, 19649.0459, True, 93
ESPPRC_heur, 0.1, 3.1, 2.5, 0.2, 0, 19898.8481, 19687.4332, True, 65
ESPPRC_heur, 0.0, 3.3, 2.4, 0.3, 0, 19897.826, 19735.792, True, 62
ESPPRC_heur, 0.1, 3.5, 2.6, 0.3, 0, 19894.8324, 19508.7907, True, 160
ESPPRC_heur, 0.1, 3.5, 2.7, 0.3, 0, 19894.4237, 19723.182, True, 69
ESPPRC_heur, 0.1, 3.5, 2.6, 0.3, 0, 19892.9244, 19663.67, True, 79
ESPPRC_heur, 0.1, 3.6, 2.7, 0.3, 0, 19891.5724, 19595.6427, True, 113
ESPPRC_heur, 0.0, 3.5, 2.6, 0.3, 0, 19890.7879, 19640.3233, True, 96
ESPPRC_heur, 0.0, 3.4, 2.6, 0.3, 0, 19890.6987, 19648.2553, True, 65
ESPPRC_heur, 0.1, 3.1, 2.4, 0.2, 0, 19889.8154, 19703.0389, True, 59
ESPPRC_heur, 0.0, 3.3, 2.4, 0.3, 0, 19889.2649, 19748.3594, True, 46
ESPPRC_heur, 0.1, 3.1, 2.5, 0.2, 0, 19888.5668, 19752.3599, True, 35
ESPPRC_heur, 0.0, 3.1, 2.4, 0.2, 0, 19888.1522, 19710.1862, True, 58
ESPPRC_heur, 0.1, 3.1, 2.5, 0.2, 0, 19887.8462, 19722.6303, True, 41
ESPPRC_heur, 0.0, 3.7, 2.8, 0.3, 0, 19887.3399, 19773.3665, True, 41
ESPPRC_heur, -0.0, 3.4, 2.6, 0.3, 0, 19887.1368, 19789.6529, True, 29
ESPPRC_heur, 0.0, 3.5, 2.7, 0.3, 0, 19886.0072, 19767.9217, True, 56
ESPPRC_heur, 0.1, 3.6, 2.7, 0.3, 0, 19885.9126, 19794.2651, True, 31
ESPPRC_heur, 0.0, 3.5, 2.6, 0.3, 0, 19885.8297, 19807.0738, True, 25
ESPPRC_heur, 0.0, 3.4, 2.5, 0.3, 0, 19885.5489, 19795.1368, True, 26
ESPPRC_heur, 0.0, 3.4, 2.5, 0.3, 0, 19885.0518, 19795.3281, True, 24
ESPPRC_heur, 0.0, 3.2, 2.5, 0.2, 0, 19884.8083, 19706.0673, True, 41
ESPPRC_heur, 0.0, 3.2, 2.5, 0.2, 0, 19884.6404, 19756.8033, True, 45
ESPPRC_heur, 0.1, 3.4, 2.5, 0.3, 0, 19884.2982, 19802.1541, True, 31
ESPPRC_heur, 0.1, 3.4, 2.6, 0.3, 0, 19884.165, 19817.883, True, 21
ESPPRC_heur, 0.0, 3.3, 2.5, 0.3, 0, 19883.8027, 19811.6881, True, 28
ESPPRC_heur, -0.0, 3.5, 2.6, 0.3, 0, 19883.7954, 19795.3909, True, 21
ESPPRC_heur, -0.0, 3.5, 2.6, 0.3, 0, 19883.7907, 19824.5636, True, 11
ESPPRC_heur, 0.0, 3.5, 2.7, 0.3, 0, 19883.3486, 19738.9403, True, 29
ESPPRC_heur, 0.0, 3.3, 2.6, 0.3, 0, 19883.0544, 19745.3711, True, 38
ESPPRC_heur, 0.0, 3.4, 2.6, 0.3, 0, 19882.9561, 19772.6966, True, 26
ESPPRC_heur, 0.1, 3.3, 2.5, 0.3, 0, 19882.3808, 19775.075, True, 32
ESPPRC_heur, 0.1, 3.5, 2.7, 0.3, 0, 19882.3333, 19802.7754, True, 21
ESPPRC_heur, 0.0, 3.3, 2.5, 0.3, 0, 19882.2679, 19817.4846, True, 23
ESPPRC_heur, -0.0, 3.2, 2.5, 0.2, 0, 19882.1177, 19773.3432, True, 20
ESPPRC_heur, -0.0, 3.2, 2.4, 0.2, 0, 19881.8646, 19773.4015, True, 36
ESPPRC_heur, 0.0, 3.3, 2.5, 0.3, 0, 19881.8646, 19850.4621, True, 18
ESPPRC_heur, 0.1, 3.3, 2.5, 0.3, 0, 19881.8503, 19785.6894, True, 23
ESPPRC_heur, 0.0, 3.3, 2.5, 0.3, 0, 19881.6435, 19796.6966, True, 20
ESPPRC_heur, 0.0, 3.3, 2.5, 0.3, 0, 19881.6432, 19848.1753, True, 11
ESPPRC_heur, -0.0, 3.3, 2.5, 0.3, 0, 19881.6323, 19814.662, True, 5
ESPPRC_heur, -0.0, 3.2, 2.5, 0.2, 0, 19881.6268, 19850.509, True, 11
ESPPRC_heur, 0.0, 3.3, 2.5, 0.3, 0, 19881.5909, 19814.8834, True, 11
ESPPRC_heur, 0.0, 3.2, 2.5, 0.2, 0, 19881.1498, 19848.4022, True, 12
ESPPRC_heur, 0.0, 3.6, 2.8, 0.3, 0, 19881.1071, 19830.1301, True, 13
ESPPRC_heur, -0.0, 3.3, 2.5, 0.3, 0, 19881.0774, 19758.7562, True, 28
ESPPRC_heur, -0.0, 3.5, 2.7, 0.3, 0, 19880.6171, 19792.9511, True, 26
ESPPRC_heur, -0.0, 3.2, 2.5, 0.2, 0, 19880.6171, 19856.6852, True, 7
ESPPRC_heur, -0.0, 3.3, 2.5, 0.2, 0, 19880.6153, 19805.8019, True, 19
ESPPRC_heur, -0.0, 3.5, 2.7, 0.3, 0, 19880.5528, 19853.8409, True, 7
ESPPRC_heur, -0.0, 3.3, 2.5, 0.3, 0, 19880.5447, 19876.8086, True, 2
cyc2, 0.1, 12.2, 0.0, 0.0, 1, 19880.5447, 12763.2065, 0, 39487
ESPPRC_heur, 0.1, 3.9, 3.0, 0.3, 0, 19858.9745, 13226.4766, True, 9738
ESPPRC_heur, 0.1, 3.3, 2.5, 0.3, 0, 19858.9745, 18404.5955, True, 1269
ESPPRC_heur, 0.1, 3.3, 2.5, 0.3, 0, 19849.4506, 19343.9176, True, 125
ESPPRC_heur, 0.0, 3.4, 2.5, 0.3, 0, 19846.4034, 19181.201, True, 381
ESPPRC_heur, 0.1, 3.3, 2.5, 0.3, 0, 19846.4034, 19404.0862, True, 273
ESPPRC_heur, 0.1, 3.3, 2.5, 0.3, 0, 19846.4034, 19694.083, True, 43
ESPPRC_heur, 0.0, 3.3, 2.5, 0.3, 0, 19846.1984, 19742.0973, True, 29
ESPPRC_heur, 0.1, 3.3, 2.5, 0.3, 0, 19845.9596, 19735.7083, True, 18
ESPPRC_heur, 0.0, 3.3, 2.4, 0.3, 0, 19845.0533, 19760.9403, True, 45
ESPPRC_heur, 0.0, 3.3, 2.5, 0.3, 0, 19844.4112, 19735.3674, True, 36
ESPPRC_heur, 0.1, 3.5, 2.7, 0.3, 0, 19843.8192, 19606.8091, True, 70
ESPPRC_heur, 0.0, 3.5, 2.7, 0.3, 0, 19843.7093, 19692.4232, True, 23
ESPPRC_heur, 0.0, 3.3, 2.5, 0.3, 0, 19843.6013, 19739.0211, True, 22
ESPPRC_heur, 0.0, 4.1, 3.2, 0.3, 0, 19843.4807, 19727.2997, True, 23
ESPPRC_heur, 0.0, 4.0, 3.1, 0.3, 0, 19843.1506, 19747.7408, True, 37
ESPPRC_heur, 0.0, 3.7, 2.8, 0.3, 0, 19843.1203, 19767.0778, True, 19
ESPPRC_heur, -0.0, 3.4, 2.5, 0.3, 0, 19842.906, 19774.5968, True, 20
ESPPRC_heur, 0.1, 3.4, 2.6, 0.3, 0, 19842.6608, 19669.4528, True, 67
ESPPRC_heur, 0.1, 3.4, 2.5, 0.3, 0, 19842.3161, 19703.0478, True, 47
ESPPRC_heur, 0.1, 3.4, 2.5, 0.3, 0, 19842.2251, 19694.6992, True, 42
ESPPRC_heur, -0.0, 3.5, 2.6, 0.3, 0, 19842.2249, 19817.1074, True, 8
ESPPRC_heur, 0.0, 3.4, 2.6, 0.3, 0, 19842.2249, 19810.2353, True, 5
ESPPRC_heur, 0.0, 3.1, 2.4, 0.2, 0, 19842.2096, 19801.6993, True, 13
ESPPRC_heur, 0.0, 3.6, 2.8, 0.3, 0, 19841.9795, 19791.4408, True, 10
ESPPRC_heur, 0.0, 3.7, 2.8, 0.3, 0, 19841.8805, 19799.8817, True, 16
ESPPRC_heur, 0.0, 3.7, 2.9, 0.3, 0, 19841.7116, 19775.8805, True, 25
ESPPRC_heur, 0.0, 3.8, 2.9, 0.3, 0, 19841.6943, 19797.5346, True, 14
ESPPRC_heur, 0.0, 4.2, 3.2, 0.3, 0, 19841.6792, 19793.4817, True, 11
ESPPRC_heur, -0.0, 3.5, 2.7, 0.3, 0, 19841.6413, 19781.0609, True, 10
ESPPRC_heur, 0.0, 3.4, 2.6, 0.3, 0, 19841.6195, 19766.1935, True, 10
ESPPRC_heur, 0.0, 3.1, 2.4, 0.2, 0, 19841.5767, 19810.7257, True, 6
ESPPRC_heur, 0.0, 3.1, 2.4, 0.2, 0, 19841.5711, 19796.2495, True, 3
ESPPRC_heur, 0.1, 3.1, 2.5, 0.2, 0, 19841.5711, 19782.7014, True, 5
ESPPRC_heur, -0.0, 3.2, 2.5, 0.2, 0, 19841.5711, 19801.8089, True, 3
ESPPRC_heur, 0.1, 3.1, 2.5, 0.2, 0, 19841.571, 19821.7736, True, 1
ESPPRC_heur, -0.0, 3.2, 2.5, 0.2, 0, 19841.571, 19832.7234, True, 1
ESPPRC_heur, 0.1, 3.1, 2.5, 0.2, 0, 19841.571, 19832.7234, True, 1
cyc2, 0.1, 9.2, 0.0, 0.0, 1, 19841.571, 16748.1449, 0, 20140
ESPPRC_heur, 0.0, 3.4, 2.5, 0.3, 0, 19834.6392, 19360.3018, True, 195
ESPPRC_heur, 0.1, 3.1, 2.4, 0.2, 0, 19834.4909, 19473.1909, True, 108
ESPPRC_heur, 0.1, 3.1, 2.4, 0.2, 0, 19834.4546, 19652.4566, True, 65
ESPPRC_heur, 0.1, 3.5, 2.6, 0.3, 0, 19831.9066, 19534.7942, True, 112
ESPPRC_heur, -0.0, 3.5, 2.6, 0.3, 0, 19831.54, 19614.9963, True, 71
ESPPRC_heur, 0.0, 3.1, 2.3, 0.2, 0, 19831.3871, 19674.6202, True, 48
ESPPRC_heur, 0.1, 3.3, 2.5, 0.3, 0, 19830.855, 19686.6855, True, 50
ESPPRC_heur, 0.1, 3.1, 2.5, 0.2, 0, 19830.5149, 19672.9533, True, 44
ESPPRC_heur, 0.0, 3.1, 2.4, 0.2, 0, 19830.5149, 19701.5826, True, 24
ESPPRC_heur, 0.1, 3.5, 2.7, 0.3, 0, 19829.3441, 19619.0241, True, 67
ESPPRC_heur, 0.0, 3.6, 2.7, 0.3, 0, 19829.2815, 19658.7236, True, 55
ESPPRC_heur, -0.0, 3.6, 2.8, 0.3, 0, 19828.7687, 19710.8726, True, 39
ESPPRC_heur, 0.0, 3.7, 2.8, 0.3, 0, 19828.6498, 19720.3827, True, 34
ESPPRC_heur, 0.1, 3.7, 2.9, 0.3, 0, 19828.2525, 19629.1917, True, 60
ESPPRC_heur, 0.0, 3.8, 2.9, 0.3, 0, 19828.233, 19688.1965, True, 44
ESPPRC_heur, 0.1, 3.6, 2.7, 0.3, 0, 19828.2077, 19755.7802, True, 33
ESPPRC_heur, 0.1, 3.6, 2.8, 0.3, 0, 19828.0946, 19611.9059, True, 24
ESPPRC_heur, -0.0, 3.2, 2.5, 0.2, 0, 19827.5243, 19737.5432, True, 32
ESPPRC_heur, 0.0, 3.2, 2.5, 0.2, 0, 19827.3582, 19723.8882, True, 29
ESPPRC_heur, 0.0, 3.2, 2.5, 0.2, 0, 19827.3074, 19787.6509, True, 8
ESPPRC_heur, 0.0, 3.7, 2.9, 0.3, 0, 19827.3074, 19778.8869, True, 7
ESPPRC_heur, 0.0, 4.2, 3.2, 0.3, 0, 19827.3074, 19743.8575, True, 10
ESPPRC_heur, -0.0, 3.6, 2.7, 0.3, 0, 19827.3074, 19757.6196, True, 9
ESPPRC_heur, 0.1, 3.7, 2.9, 0.3, 0, 19827.2805, 19769.7975, True, 14
ESPPRC_heur, 0.0, 3.3, 2.6, 0.2, 0, 19826.9707, 19788.0692, True, 11
ESPPRC_heur, 0.0, 3.1, 2.4, 0.2, 0, 19826.7874, 19743.7268, True, 13
ESPPRC_heur, 0.0, 3.1, 2.4, 0.2, 0, 19826.7839, 19792.5829, True, 12
ESPPRC_heur, -0.0, 3.2, 2.5, 0.2, 0, 19826.7574, 19675.8635, True, 19
ESPPRC_heur, 0.1, 3.1, 2.4, 0.2, 0, 19826.7115, 19769.9869, True, 13
ESPPRC_heur, -0.0, 3.4, 2.5, 0.3, 0, 19826.589, 19775.004, True, 8
ESPPRC_heur, 0.0, 3.3, 2.5, 0.3, 0, 19826.5732, 19766.2068, True, 12
ESPPRC_heur, -0.0, 3.4, 2.5, 0.3, 0, 19826.5732, 19810.8219, True, 3
ESPPRC_heur, -0.0, 3.4, 2.5, 0.3, 0, 19826.5492, 19800.6712, True, 6
ESPPRC_heur, -0.0, 3.4, 2.5, 0.3, 0, 19826.4066, 19789.4509, True, 11
ESPPRC_heur, -0.0, 3.4, 2.5, 0.3, 0, 19826.3612, 19793.6486, True, 4
ESPPRC_heur, 0.0, 3.3, 2.5, 0.3, 0, 19826.3612, 19797.697, True, 9
ESPPRC_heur, 0.0, 3.4, 2.6, 0.3, 0, 19826.2584, 19776.686, True, 10
ESPPRC_heur, 0.0, 3.7, 2.9, 0.3, 0, 19826.2544, 19803.328, True, 5
ESPPRC_heur, 0.0, 3.6, 2.8, 0.3, 0, 19826.2518, 19768.4999, True, 10
ESPPRC_heur, 0.0, 3.4, 2.6, 0.3, 0, 19826.2517, 19807.855, True, 5
ESPPRC_heur, -0.0, 3.2, 2.5, 0.2, 0, 19826.2517, 19806.2123, True, 6
ESPPRC_heur, -0.0, 3.4, 2.5, 0.3, 0, 19826.2005, 19764.2515, True, 15
ESPPRC_heur, -0.0, 3.4, 2.5, 0.3, 0, 19825.7869, 19767.2991, True, 14
ESPPRC_heur, -0.0, 3.4, 2.5, 0.3, 0, 19825.7601, 19786.1065, True, 13
ESPPRC_heur, 0.0, 3.4, 2.5, 0.3, 0, 19825.7601, 19795.7194, True, 12
ESPPRC_heur, 0.0, 3.4, 2.6, 0.3, 0, 19825.7566, 19799.4568, True, 14
ESPPRC_heur, 0.0, 3.4, 2.7, 0.3, 0, 19825.7248, 19776.0241, True, 6
ESPPRC_heur, -0.0, 3.2, 2.5, 0.2, 0, 19825.7248, 19780.7248, True, 5
ESPPRC_heur, -0.0, 3.2, 2.5, 0.2, 0, 19825.7248, 19797.0759, True, 4
ESPPRC_heur, -0.0, 3.2, 2.5, 0.2, 0, 19825.718, 19786.1297, True, 6
ESPPRC_heur, 0.0, 3.7, 2.9, 0.3, 0, 19825.6927, 19792.9784, True, 12
ESPPRC_heur, 0.0, 3.7, 2.9, 0.3, 0, 19825.6927, 19796.644, True, 5
ESPPRC_heur, 0.0, 3.3, 2.6, 0.2, 0, 19825.6887, 19790.2676, True, 4
ESPPRC_heur, 0.0, 3.4, 2.5, 0.3, 0, 19825.6887, 19800.8747, True, 3
ESPPRC_heur, -0.0, 3.4, 2.5, 0.3, 0, 19825.6887, 19800.5087, True, 2
ESPPRC_heur, -0.0, 3.4, 2.5, 0.3, 0, 19825.6887, 19819.8019, True, 3
ESPPRC_heur, 0.0, 3.4, 2.5, 0.3, 0, 19825.6877, 19808.3235, True, 5
ESPPRC_heur, 0.0, 3.4, 2.5, 0.3, 0, 19825.6877, 19801.1648, True, 1
ESPPRC_heur, -0.0, 3.4, 2.5, 0.3, 0, 19825.6877, 19808.2707, True, 2
ESPPRC_heur, -0.0, 3.5, 2.6, 0.3, 0, 19825.6877, 19815.7134, True, 4
ESPPRC_heur, 0.1, 3.3, 2.5, 0.3, 0, 19825.6877, 19811.4439, True, 2
cyc2, 0.1, 14.0, 0.0, 0.0, 1, 19825.6877, 17824.6994, 0, 8181
ESPPRC_heur, -0.0, 3.1, 2.4, 0.2, 0, 19818.9987, 19714.4292, True, 29
ESPPRC_heur, -0.0, 3.1, 2.4, 0.2, 0, 19818.8424, 19652.6809, True, 39
ESPPRC_heur, 0.0, 3.1, 2.4, 0.2, 0, 19818.7845, 19746.8273, True, 22
ESPPRC_heur, 0.0, 3.1, 2.4, 0.2, 0, 19818.5154, 19776.8572, True, 10
ESPPRC_heur, 0.0, 3.1, 2.3, 0.2, 0, 19818.5135, 19775.2717, True, 5
ESPPRC_heur, 0.0, 3.3, 2.5, 0.3, 0, 19818.5135, 19788.5135, True, 6
ESPPRC_heur, 0.0, 3.1, 2.4, 0.2, 0, 19818.5134, 19788.0893, True, 8
ESPPRC_heur, 0.0, 3.1, 2.4, 0.2, 0, 19818.5134, 19795.2488, True, 2
ESPPRC_heur, 0.0, 3.1, 2.4, 0.2, 0, 19818.5103, 19817.9321, True, 1
ESPPRC_heur, -0.0, 3.1, 2.4, 0.2, 0, 19818.5103, 19817.9321, True, 1
ESPPRC_heur, 0.0, 3.1, 2.4, 0.2, 0, 19818.51, 19817.1904, True, 1
cyc2, 0.1, 9.3, 0.0, 0.0, 1, 19818.51, 18440.5282, 0, 4896
ESPPRC_heur, 0.0, 3.1, 2.4, 0.2, 0, 19791.4809, 19519.5991, True, 57
ESPPRC_heur, 0.0, 3.1, 2.4, 0.2, 0, 19789.1094, 19619.4621, True, 62
ESPPRC_heur, 0.0, 3.1, 2.4, 0.2, 0, 19788.5617, 19654.2478, True, 45
ESPPRC_heur, 0.0, 3.1, 2.4, 0.2, 0, 19787.952, 19701.7557, True, 23
ESPPRC_heur, 0.0, 3.1, 2.4, 0.2, 0, 19787.0142, 19688.6054, True, 28
ESPPRC_heur, 0.0, 3.1, 2.4, 0.2, 0, 19786.4881, 19690.5897, True, 28
ESPPRC_heur, 0.0, 3.1, 2.4, 0.2, 0, 19786.212, 19715.1888, True, 17
ESPPRC_heur, 0.0, 3.1, 2.4, 0.2, 0, 19786.1119, 19472.1177, True, 26
ESPPRC_heur, 0.0, 3.1, 2.4, 0.2, 0, 19786.0974, 19756.7246, True, 8
ESPPRC_heur, 0.0, 3.1, 2.4, 0.2, 0, 19785.9982, 19706.3985, True, 6
ESPPRC_heur, 0.0, 3.1, 2.4, 0.2, 0, 19785.6328, 19735.891, True, 7
ESPPRC_heur, 0.0, 3.1, 2.4, 0.2, 0, 19785.6156, 19681.7814, True, 5
ESPPRC_heur, -0.0, 3.2, 2.5, 0.2, 0, 19785.6156, 19750.7785, True, 10
ESPPRC_heur, 0.0, 3.1, 2.4, 0.2, 0, 19785.6156, 19763.7416, True, 3
ESPPRC_heur, 0.0, 3.1, 2.4, 0.2, 0, 19785.6146, 19765.2019, True, 6
ESPPRC_heur, 0.0, 3.1, 2.4, 0.2, 0, 19785.5823, 19755.3541, True, 4
ESPPRC_heur, 0.0, 3.3, 2.5, 0.2, 0, 19785.5174, 19749.7104, True, 9
ESPPRC_heur, -0.0, 3.2, 2.5, 0.2, 0, 19785.4371, 19758.6334, True, 8
ESPPRC_heur, -0.0, 3.2, 2.5, 0.2, 0, 19785.4303, 19768.2665, True, 7
ESPPRC_heur, -0.0, 3.2, 2.5, 0.2, 0, 19785.4111, 19770.999, True, 3
ESPPRC_heur, -0.0, 3.4, 2.5, 0.3, 0, 19785.4106, 19778.485, True, 1
ESPPRC_heur, 0.0, 3.5, 2.7, 0.3, 0, 19785.4106, 19783.3775, True, 1
ESPPRC_heur, 0.0, 3.3, 2.5, 0.3, 0, 19785.4106, 19784.003, True, 1
cyc2, 0.2, 17.3, 0.0, 0.0, 1, 19785.4105, 17802.7706, 0, 5365
ESPPRC_heur, 0.1, 3.4, 2.6, 0.3, 0, 19781.6332, 19641.9982, True, 25
ESPPRC_heur, 0.0, 3.1, 2.4, 0.2, 0, 19780.6943, 19686.8082, True, 20
ESPPRC_heur, 0.1, 3.6, 2.8, 0.3, 0, 19780.5168, 19719.5073, True, 20
ESPPRC_heur, 0.0, 3.8, 2.9, 0.3, 0, 19780.3574, 19730.4476, True, 8
ESPPRC_heur, -0.0, 3.4, 2.5, 0.3, 0, 19780.3181, 19745.7937, True, 7
ESPPRC_heur, -0.0, 3.4, 2.5, 0.3, 0, 19780.2581, 19752.2558, True, 3
ESPPRC_heur, 0.0, 3.4, 2.5, 0.3, 0, 19780.2411, 19739.5799, True, 8
ESPPRC_heur, -0.0, 3.4, 2.5, 0.3, 0, 19780.2411, 19736.9975, True, 2
ESPPRC_heur, 0.0, 3.4, 2.6, 0.3, 0, 19780.2411, 19758.4419, True, 1
ESPPRC_heur, 0.0, 3.1, 2.4, 0.2, 0, 19780.1431, 19752.7193, True, 5
ESPPRC_heur, -0.0, 3.5, 2.6, 0.3, 0, 19780.0399, 19752.0343, True, 4
ESPPRC_heur, 0.0, 3.4, 2.6, 0.3, 0, 19780.0243, 19704.9146, True, 2
ESPPRC_heur, 0.0, 3.4, 2.5, 0.3, 0, 19779.5109, 19731.3906, True, 12
ESPPRC_heur, -0.0, 3.8, 2.9, 0.3, 0, 19779.5073, 19758.0593, True, 4
ESPPRC_heur, 0.1, 3.5, 2.7, 0.3, 0, 19779.4625, 19765.6117, True, 4
ESPPRC_heur, -0.0, 3.8, 2.9, 0.3, 0, 19779.4621, 19730.5977, True, 2
cyc2, 0.1, 9.9, 0.0, 0.0, 1, 19779.4621, 18387.5713, 0, 4590
ESPPRC_heur, 0.1, 3.4, 2.6, 0.3, 0, 19770.2776, 19649.753, True, 30
ESPPRC_heur, 0.0, 3.5, 2.7, 0.3, 0, 19769.816, 19628.7934, True, 37
ESPPRC_heur, 0.0, 3.4, 2.6, 0.3, 0, 19769.4062, 19694.4062, True, 22
ESPPRC_heur, 0.1, 3.3, 2.6, 0.3, 0, 19768.4526, 19686.1971, True, 22
ESPPRC_heur, -0.0, 3.2, 2.5, 0.3, 0, 19768.1888, 19728.4678, True, 13
ESPPRC_heur, 0.0, 3.1, 2.4, 0.2, 0, 19768.1616, 19744.429, True, 8
ESPPRC_heur, 0.0, 3.1, 2.4, 0.2, 0, 19768.1427, 19753.1427, True, 6
ESPPRC_heur, 0.0, 3.1, 2.4, 0.2, 0, 19768.1367, 19736.6642, True, 4
ESPPRC_heur, 0.0, 3.1, 2.4, 0.2, 0, 19768.1131, 19747.5962, True, 3
ESPPRC_heur, -0.0, 3.2, 2.4, 0.2, 0, 19768.0375, 19745.5776, True, 10
ESPPRC_heur, -0.0, 3.5, 2.6, 0.3, 0, 19768.0338, 19751.1656, True, 7
cyc2, 0.1, 15.0, 0.0, 0.0, 1, 19768.0338, 18538.2747, 0, 3654
ESPPRC_heur, 0.0, 3.3, 2.6, 0.3, 0, 19760.4455, 19620.2175, True, 45
ESPPRC_heur, 0.0, 3.6, 2.8, 0.3, 0, 19759.5533, 19721.9441, True, 17
ESPPRC_heur, 0.0, 3.6, 2.8, 0.3, 0, 19759.5027, 19709.4542, True, 11
ESPPRC_heur, -0.0, 3.5, 2.6, 0.3, 0, 19759.3717, 19711.7928, True, 8
ESPPRC_heur, 0.0, 3.3, 2.5, 0.3, 0, 19759.3188, 19745.4763, True, 3
ESPPRC_heur, 0.0, 3.2, 2.5, 0.3, 0, 19759.3109, 19728.6532, True, 4
ESPPRC_heur, -0.0, 3.2, 2.5, 0.3, 0, 19759.2616, 19734.4064, True, 4
ESPPRC_heur, 0.0, 3.1, 2.4, 0.2, 0, 19759.2538, 19743.0194, True, 7
ESPPRC_heur, 0.0, 3.1, 2.4, 0.3, 0, 19759.2524, 19750.3996, True, 1
ESPPRC_heur, 0.0, 3.4, 2.5, 0.3, 0, 19759.2508, 19752.4069, True, 2
ESPPRC_heur, 0.0, 3.5, 2.7, 0.3, 0, 19759.2363, 19739.2012, True, 4
ESPPRC_heur, -0.0, 3.8, 2.9, 0.3, 0, 19759.2083, 19748.0157, True, 3
ESPPRC_heur, 0.0, 3.6, 2.8, 0.3, 0, 19759.2051, 19752.1114, True, 1
ESPPRC_heur, -0.0, 3.5, 2.7, 0.3, 0, 19759.2051, 19753.3275, True, 1
ESPPRC_heur, 0.0, 3.5, 2.7, 0.3, 0, 19759.2051, 19759.1726, True, 1
cyc2, 0.1, 13.5, 0.0, 0.0, 1, 19759.2051, 18993.0254, 0, 2779
ESPPRC_heur, 0.1, 3.0, 2.3, 0.2, 0, 19739.711, 19388.214, True, 121
ESPPRC_heur, 0.0, 3.1, 2.4, 0.2, 0, 19736.8466, 19513.3976, True, 84
ESPPRC_heur, 0.0, 3.4, 2.5, 0.3, 0, 19735.7859, 19488.7118, True, 71
ESPPRC_heur, 0.0, 3.4, 2.6, 0.3, 0, 19735.3581, 19549.4177, True, 67
ESPPRC_heur, 0.0, 3.2, 2.5, 0.3, 0, 19734.7884, 19531.5447, True, 79
ESPPRC_heur, 0.0, 3.1, 2.3, 0.2, 0, 19734.247, 19572.4132, True, 54
ESPPRC_heur, 0.0, 3.4, 2.5, 0.3, 0, 19733.8055, 19615.1619, True, 54
ESPPRC_heur, 0.1, 3.3, 2.5, 0.3, 0, 19733.5862, 19599.7099, True, 35
ESPPRC_heur, -0.0, 3.3, 2.5, 0.3, 0, 19733.3388, 19619.1932, True, 29
ESPPRC_heur, 0.0, 3.4, 2.6, 0.3, 0, 19733.2813, 19651.7315, True, 27
ESPPRC_heur, 0.0, 3.2, 2.4, 0.3, 0, 19733.0231, 19615.3663, True, 25
ESPPRC_heur, 0.1, 3.3, 2.5, 0.3, 0, 19732.607, 19607.3633, True, 45
ESPPRC_heur, 0.0, 3.3, 2.5, 0.3, 0, 19732.5234, 19667.8942, True, 16
ESPPRC_heur, -0.0, 3.3, 2.5, 0.3, 0, 19732.4445, 19662.3627, True, 12
ESPPRC_heur, -0.0, 3.1, 2.4, 0.2, 0, 19732.4003, 19695.2611, True, 18
ESPPRC_heur, 0.0, 3.0, 2.3, 0.2, 0, 19732.2799, 19634.5858, True, 30
ESPPRC_heur, -0.0, 3.2, 2.4, 0.2, 0, 19732.2117, 19655.0624, True, 17
ESPPRC_heur, 0.1, 3.2, 2.5, 0.3, 0, 19732.1872, 19686.9204, True, 12
ESPPRC_heur, 0.0, 3.2, 2.4, 0.3, 0, 19732.1567, 19667.0505, True, 8
ESPPRC_heur, 0.0, 3.3, 2.4, 0.3, 0, 19732.1062, 19666.7054, True, 13
ESPPRC_heur, 0.1, 3.0, 2.4, 0.2, 0, 19731.9417, 19680.1935, True, 14
ESPPRC_heur, -0.0, 3.1, 2.4, 0.2, 0, 19731.9364, 19695.3101, True, 8
ESPPRC_heur, 0.1, 3.6, 2.8, 0.3, 0, 19731.9263, 19694.5269, True, 3
ESPPRC_heur, -0.0, 3.5, 2.7, 0.3, 0, 19731.9201, 19725.8322, True, 3
ESPPRC_heur, -0.0, 3.5, 2.6, 0.3, 0, 19731.9173, 19723.905, True, 3
cyc2, 0.1, 17.6, 0.0, 0.0, 1, 19731.9165, 17096.2654, 0, 6689
ESPPRC_heur, 0.0, 3.3, 2.4, 0.3, 0, 19731.9165, 19579.3241, True, 6
ESPPRC_heur, 0.0, 3.2, 2.4, 0.3, 0, 19731.8346, 19682.2724, True, 15
ESPPRC_heur, -0.0, 3.2, 2.4, 0.2, 0, 19731.7864, 19676.8306, True, 16
ESPPRC_heur, 0.0, 3.0, 2.3, 0.2, 0, 19731.7765, 19671.3407, True, 6
ESPPRC_heur, 0.0, 3.4, 2.6, 0.3, 0, 19731.7764, 19694.7736, True, 8
ESPPRC_heur, 0.0, 3.4, 2.6, 0.3, 0, 19731.7764, 19701.7764, True, 3
ESPPRC_heur, 0.0, 3.3, 2.5, 0.3, 0, 19731.7625, 19731.5581, True, 1
cyc2, 0.1, 15.3, 0.0, 0.0, 1, 19731.7625, 18820.6251, 0, 2375
ESPPRC_heur, 0.1, 3.0, 2.3, 0.2, 0, 19730.4658, 19600.446, True, 31
ESPPRC_heur, 0.0, 3.0, 2.3, 0.2, 0, 19729.9589, 19618.6919, True, 33
ESPPRC_heur, -0.0, 3.1, 2.4, 0.2, 0, 19729.257, 19651.7061, True, 28
ESPPRC_heur, -0.0, 3.1, 2.4, 0.2, 0, 19728.6851, 19545.479, True, 52
ESPPRC_heur, 0.0, 3.1, 2.3, 0.3, 0, 19728.6848, 19638.7941, True, 29
ESPPRC_heur, -0.0, 3.3, 2.5, 0.3, 0, 19728.6151, 19697.7014, True, 10
ESPPRC_heur, 0.0, 3.0, 2.3, 0.2, 0, 19728.5299, 19685.8009, True, 8
ESPPRC_heur, 0.0, 3.0, 2.3, 0.2, 0, 19728.4594, 19722.1942, True, 5
ESPPRC_heur, -0.0, 3.1, 2.4, 0.2, 0, 19728.451, 19721.8477, True, 5
ESPPRC_heur, 0.0, 3.1, 2.4, 0.2, 0, 19728.4391, 19722.9799, True, 4
ESPPRC_heur, -0.0, 3.4, 2.6, 0.3, 0, 19728.4249, 19661.7224, True, 22
ESPPRC_heur, -0.0, 3.3, 2.5, 0.3, 0, 19728.2994, 19634.7953, True, 19
ESPPRC_heur, 0.0, 3.2, 2.5, 0.2, 0, 19728.1834, 19704.1686, True, 8
ESPPRC_heur, 0.0, 3.2, 2.4, 0.3, 0, 19728.0768, 19685.8032, True, 15
ESPPRC_heur, 0.0, 3.2, 2.4, 0.3, 0, 19728.0493, 19704.609, True, 10
ESPPRC_heur, 0.0, 3.3, 2.5, 0.3, 0, 19728.0107, 19706.3215, True, 6
ESPPRC_heur, 0.0, 3.2, 2.4, 0.3, 0, 19727.9975, 19708.1773, True, 6
ESPPRC_heur, 0.0, 3.3, 2.5, 0.3, 0, 19727.9727, 19723.3092, True, 8
ESPPRC_heur, -0.0, 3.2, 2.5, 0.3, 0, 19727.9726, 19727.2076, True, 1
ESPPRC_heur, -0.0, 3.3, 2.5, 0.3, 0, 19727.9723, 19727.7568, True, 2
cyc2, 0.1, 14.1, 0.0, 0.0, 1, 19727.9723, 19224.6123, 0, 1732
ESPPRC_heur, 0.0, 3.3, 2.5, 0.3, 0, 19721.6826, 19570.8879, True, 33
ESPPRC_heur, 0.0, 3.3, 2.5, 0.3, 0, 19721.3994, 19619.4086, True, 38
ESPPRC_heur, 0.0, 3.2, 2.4, 0.3, 0, 19721.3182, 19627.5785, True, 28
ESPPRC_heur, 0.1, 3.2, 2.4, 0.3, 0, 19721.0594, 19605.5385, True, 23
ESPPRC_heur, 0.1, 3.2, 2.4, 0.3, 0, 19720.9898, 19651.2846, True, 19
ESPPRC_heur, 0.0, 3.3, 2.5, 0.3, 0, 19720.8068, 19652.7065, True, 18
ESPPRC_heur, 0.0, 3.2, 2.4, 0.3, 0, 19720.4147, 19579.5712, True, 16
ESPPRC_heur, -0.0, 3.3, 2.4, 0.3, 0, 19720.3856, 19679.1735, True, 10
ESPPRC_heur, 0.0, 3.2, 2.4, 0.3, 0, 19720.2678, 19659.4361, True, 19
ESPPRC_heur, -0.0, 3.2, 2.5, 0.2, 0, 19720.1772, 19687.0991, True, 15
ESPPRC_heur, 0.1, 3.3, 2.5, 0.3, 0, 19720.0933, 19697.1361, True, 9
ESPPRC_heur, 0.0, 3.3, 2.5, 0.3, 0, 19720.0762, 19699.5352, True, 5
ESPPRC_heur, -0.0, 3.2, 2.5, 0.2, 0, 19720.0357, 19697.7975, True, 8
ESPPRC_heur, -0.0, 3.5, 2.7, 0.3, 0, 19720.035, 19717.1732, True, 2
ESPPRC_heur, 0.0, 3.1, 2.4, 0.3, 0, 19720.035, 19717.7956, True, 2
cyc2, 0.1, 16.5, 0.0, 0.0, 1, 19720.0334, 19068.0418, 0, 1962
ESPPRC_heur, -0.0, 3.5, 2.6, 0.3, 0, 19719.2973, 19602.052, True, 27
ESPPRC_heur, -0.0, 3.1, 2.4, 0.2, 0, 19719.0351, 19665.1671, True, 14
ESPPRC_heur, 0.0, 3.1, 2.4, 0.2, 0, 19718.9696, 19678.6955, True, 11
ESPPRC_heur, 0.0, 3.1, 2.3, 0.3, 0, 19718.8356, 19683.6872, True, 6
ESPPRC_heur, 0.1, 3.3, 2.5, 0.3, 0, 19718.7428, 19677.43, True, 13
ESPPRC_heur, 0.0, 3.1, 2.4, 0.2, 0, 19718.7426, 19714.1942, True, 2
ESPPRC_heur, 0.0, 3.1, 2.4, 0.2, 0, 19718.7426, 19717.6515, True, 1
cyc2, 0.1, 9.6, 0.0, 0.0, 1, 19718.7421, 18762.4222, 0, 2304
cyc2, 0.1, 9.0, 0.0, 0.0, 1, 19718.7421, 19170.5162, 0, 1294
ESPPRC_heur, 0.1, 3.6, 2.7, 0.3, 0, 19715.2271, 19606.6907, True, 46
ESPPRC_heur, 0.1, 3.7, 2.8, 0.3, 0, 19715.1987, 19664.2885, True, 17
ESPPRC_heur, 0.0, 3.7, 2.8, 0.3, 0, 19715.1457, 19678.2024, True, 17
ESPPRC_heur, -0.0, 3.7, 2.7, 0.3, 0, 19715.1039, 19696.2061, True, 10
ESPPRC_heur, 0.0, 3.7, 2.8, 0.3, 0, 19715.0774, 19703.4914, True, 6
ESPPRC_heur, 0.0, 3.7, 2.8, 0.3, 0, 19715.0774, 19684.5512, True, 9
ESPPRC_heur, 0.1, 3.7, 2.8, 0.3, 0, 19715.0748, 19700.8048, True, 3
ESPPRC_heur, -0.0, 3.8, 2.8, 0.3, 0, 19715.0748, 19693.0417, True, 3
cyc2, 0.2, 16.5, 0.0, 0.0, 1, 19715.0748, 19088.7788, 0, 1388
ESPPRC_heur, 0.1, 3.6, 2.7, 0.3, 0, 19715.0748, 19712.2651, True, 1
cyc2, 0.2, 16.7, 0.0, 0.0, 1, 19715.0748, 19395.5358, 0, 808
ESPPRC_heur, 0.0, 3.4, 2.6, 0.3, 0, 19703.0582, 19571.5977, True, 65
ESPPRC_heur, 0.0, 3.8, 2.8, 0.3, 0, 19702.6117, 19591.9122, True, 39
ESPPRC_heur, 0.0, 3.5, 2.7, 0.3, 0, 19702.544, 19640.1629, True, 26
ESPPRC_heur, 0.0, 3.6, 2.7, 0.3, 0, 19702.3696, 19638.339, True, 21
ESPPRC_heur, 0.0, 3.5, 2.7, 0.3, 0, 19702.2694, 19653.6531, True, 12
ESPPRC_heur, -0.0, 3.5, 2.7, 0.3, 0, 19702.1651, 19671.5524, True, 12
ESPPRC_heur, 0.0, 3.5, 2.8, 0.3, 0, 19701.9731, 19644.7084, True, 20
ESPPRC_heur, 0.0, 3.2, 2.5, 0.2, 0, 19701.9109, 19667.3316, True, 19
ESPPRC_heur, 0.0, 3.1, 2.4, 0.2, 0, 19701.889, 19661.6483, True, 7
ESPPRC_heur, 0.0, 3.1, 2.4, 0.3, 0, 19701.8277, 19699.3237, True, 2
ESPPRC_heur, -0.0, 3.4, 2.5, 0.3, 0, 19701.8277, 19687.2922, True, 8
ESPPRC_heur, 0.0, 3.3, 2.4, 0.3, 0, 19701.8277, 19692.6687, True, 1
ESPPRC_heur, 0.0, 3.3, 2.4, 0.3, 0, 19701.8277, 19696.2818, True, 1
ESPPRC_heur, 0.0, 3.3, 2.4, 0.3, 0, 19701.8196, 19687.3531, True, 2
ESPPRC_heur, -0.0, 3.4, 2.5, 0.3, 0, 19701.8196, 19694.9676, True, 1
ESPPRC_heur, 0.0, 3.4, 2.6, 0.3, 0, 19701.8093, 19678.8305, True, 2
cyc2, 0.1, 13.2, 0.0, 0.0, 1, 19701.8093, 19126.1505, 0, 1326
ESPPRC_heur, 0.1, 3.8, 2.9, 0.3, 0, 19700.238, 19524.5668, True, 75
ESPPRC_heur, 0.1, 3.4, 2.6, 0.3, 0, 19700.101, 19604.7573, True, 43
ESPPRC_heur, 0.0, 3.5, 2.7, 0.3, 0, 19699.6789, 19584.4179, True, 35
ESPPRC_heur, 0.0, 3.5, 2.7, 0.3, 0, 19699.5781, 19673.3726, True, 12
ESPPRC_heur, 0.0, 3.4, 2.6, 0.3, 0, 19699.5125, 19665.0835, True, 10
ESPPRC_heur, 0.1, 3.4, 2.6, 0.3, 0, 19699.4862, 19629.9694, True, 27
ESPPRC_heur, 0.0, 3.3, 2.4, 0.3, 0, 19699.4829, 19650.8226, True, 12
ESPPRC_heur, 0.0, 3.3, 2.4, 0.3, 0, 19699.4809, 19697.1923, True, 4
cyc2, 0.2, 15.5, 0.0, 0.0, 1, 19699.4808, 19206.4634, 0, 954
ESPPRC_heur, -0.0, 3.3, 2.4, 0.3, 0, 19698.8746, 19576.4473, True, 22
ESPPRC_heur, -0.0, 3.4, 2.5, 0.3, 0, 19698.8015, 19664.3224, True, 14
ESPPRC_heur, -0.0, 3.4, 2.5, 0.3, 0, 19698.754, 19592.141, True, 24
ESPPRC_heur, -0.0, 3.3, 2.4, 0.3, 0, 19698.7196, 19642.7301, True, 16
ESPPRC_heur, -0.0, 3.4, 2.5, 0.3, 0, 19698.7196, 19688.1166, True, 3
ESPPRC_heur, 0.0, 3.3, 2.5, 0.3, 0, 19698.7161, 19671.7757, True, 6
ESPPRC_heur, 0.0, 3.3, 2.5, 0.3, 0, 19698.66, 19696.4975, True, 3
cyc2, 0.1, 13.9, 0.0, 0.0, 1, 19698.66, 19437.0337, 0, 536
ESPPRC_heur, 0.0, 3.3, 2.4, 0.3, 0, 19694.5781, 19603.3671, True, 34
ESPPRC_heur, 0.0, 3.4, 2.5, 0.3, 0, 19693.9407, 19644.8347, True, 23
ESPPRC_heur, 0.1, 3.3, 2.5, 0.3, 0, 19693.7663, 19635.0577, True, 21
ESPPRC_heur, 0.0, 3.3, 2.5, 0.3, 0, 19693.7562, 19667.992, True, 10
ESPPRC_heur, 0.0, 3.3, 2.5, 0.3, 0, 19693.7345, 19672.8539, True, 6
ESPPRC_heur, 0.0, 3.3, 2.5, 0.3, 0, 19693.7163, 19683.0235, True, 7
ESPPRC_heur, 0.0, 3.3, 2.5, 0.3, 0, 19693.6969, 19681.9559, True, 1
ESPPRC_heur, 0.0, 3.3, 2.5, 0.3, 0, 19693.6955, 19683.6176, True, 4
ESPPRC_heur, 0.0, 3.3, 2.5, 0.3, 0, 19693.6867, 19663.1936, True, 4
ESPPRC_heur, 0.0, 3.3, 2.5, 0.3, 0, 19693.66, 19684.033, True, 6
ESPPRC_heur, 0.0, 3.3, 2.5, 0.3, 0, 19693.6592, 19687.0501, True, 4
ESPPRC_heur, 0.0, 3.3, 2.5, 0.3, 0, 19693.658, 19692.7778, True, 2
cyc2, 0.2, 14.4, 0.0, 0.0, 1, 19693.658, 19122.4275, 0, 1001
ESPPRC_heur, 0.0, 3.3, 2.4, 0.3, 0, 19693.3224, 19643.0433, True, 9
ESPPRC_heur, 0.0, 3.3, 2.4, 0.3, 0, 19693.2311, 19686.7584, True, 3
cyc2, 0.1, 16.5, 0.0, 0.0, 1, 19693.2297, 19372.2234, 0, 583
ESPPRC_heur, 0.1, 3.3, 2.4, 0.3, 0, 19690.0538, 19572.2285, True, 49
ESPPRC_heur, 0.0, 3.3, 2.4, 0.3, 0, 19690.052, 19628.4132, True, 23
ESPPRC_heur, 0.0, 3.3, 2.4, 0.3, 0, 19690.0229, 19622.4711, True, 11
ESPPRC_heur, -0.0, 3.1, 2.4, 0.2, 0, 19689.407, 19628.571, True, 23
ESPPRC_heur, 0.0, 3.1, 2.4, 0.2, 0, 19689.3658, 19648.7897, True, 13
ESPPRC_heur, -0.0, 3.1, 2.4, 0.2, 0, 19689.3446, 19661.9517, True, 9
ESPPRC_heur, -0.0, 3.1, 2.4, 0.2, 0, 19689.3356, 19657.1018, True, 11
ESPPRC_heur, 0.0, 3.1, 2.4, 0.2, 0, 19689.2964, 19642.8499, True, 9
ESPPRC_heur, 0.0, 3.1, 2.4, 0.2, 0, 19689.1595, 19651.3429, True, 13
ESPPRC_heur, -0.0, 3.1, 2.4, 0.2, 0, 19689.1595, 19635.3117, True, 6
ESPPRC_heur, 0.0, 3.1, 2.4, 0.2, 0, 19689.0882, 19659.0882, True, 10
ESPPRC_heur, 0.0, 3.1, 2.4, 0.2, 0, 19689.0882, 19666.8657, True, 4
ESPPRC_heur, 0.0, 3.1, 2.4, 0.2, 0, 19689.0882, 19673.8327, True, 2
ESPPRC_heur, 0.0, 3.1, 2.4, 0.2, 0, 19689.0882, 19685.1639, True, 1
cyc2, 0.1, 9.0, 0.0, 0.0, 1, 19689.0882, 19428.634, 0, 430
ESPPRC_heur, 0.0, 3.1, 2.4, 0.2, 0, 19684.9376, 19610.2753, True, 17
ESPPRC_heur, 0.0, 3.1, 2.4, 0.2, 0, 19684.7115, 19657.6222, True, 7
ESPPRC_heur, 0.0, 3.1, 2.4, 0.2, 0, 19684.7056, 19667.4564, True, 1
cyc2, 0.1, 9.1, 0.0, 0.0, 1, 19684.7056, 19445.7397, 0, 353
ESPPRC_heur, 0.1, 3.1, 2.4, 0.2, 0, 19679.6147, 19602.747, True, 27
ESPPRC_heur, 0.0, 3.1, 2.4, 0.2, 0, 19679.554, 19560.042, True, 14
ESPPRC_heur, 0.0, 3.1, 2.4, 0.2, 0, 19679.4338, 19603.715, True, 23
ESPPRC_heur, 0.0, 3.1, 2.4, 0.2, 0, 19679.3018, 19660.2411, True, 9
ESPPRC_heur, 0.0, 3.1, 2.4, 0.2, 0, 19679.2784, 19669.2182, True, 5
cyc2, 0.1, 8.9, 0.0, 0.0, 1, 19679.2687, 18872.1881, 0, 1610
ESPPRC_heur, 0.0, 3.1, 2.4, 0.2, 0, 19679.2687, 19677.2126, True, 1
cyc2, 0.1, 9.0, 0.0, 0.0, 1, 19679.2687, 19417.0173, 0, 423
ESPPRC_heur, 0.0, 3.1, 2.4, 0.2, 0, 19677.4412, 19572.5472, True, 27
ESPPRC_heur, 0.1, 3.1, 2.5, 0.2, 0, 19677.1304, 19617.1895, True, 20
ESPPRC_heur, 0.0, 3.1, 2.4, 0.2, 0, 19677.1288, 19633.6581, True, 4
ESPPRC_heur, 0.1, 3.1, 2.4, 0.2, 0, 19677.0431, 19632.3955, True, 9
ESPPRC_heur, 0.0, 3.1, 2.4, 0.2, 0, 19676.976, 19655.9383, True, 6
ESPPRC_heur, 0.0, 3.1, 2.4, 0.2, 0, 19676.9656, 19641.1772, True, 4
ESPPRC_heur, -0.0, 3.2, 2.5, 0.2, 0, 19676.964, 19668.3937, True, 4
cyc2, 0.1, 9.2, 0.0, 0.0, 1, 19676.9631, 18960.4479, 0, 553
ESPPRC_heur, 0.0, 3.1, 2.4, 0.2, 0, 19676.6172, 19630.1848, True, 9
ESPPRC_heur, 0.0, 3.1, 2.4, 0.2, 0, 19676.416, 19535.9693, True, 24
ESPPRC_heur, 0.0, 3.1, 2.4, 0.2, 0, 19676.4063, 19566.1162, True, 8
ESPPRC_heur, 0.0, 3.1, 2.4, 0.2, 0, 19676.4007, 19665.3952, True, 2
cyc2, 0.0, 9.1, 0.0, 0.0, 1, 19676.4007, 19467.7601, 0, 350
ESPPRC_heur, -0.0, 3.1, 2.4, 0.2, 0, 19674.6303, 19611.3774, True, 11
ESPPRC_heur, -0.0, 3.1, 2.4, 0.2, 0, 19674.508, 19642.1773, True, 8
ESPPRC_heur, -0.0, 3.1, 2.4, 0.2, 0, 19674.4908, 19666.3622, True, 4
ESPPRC_heur, -0.0, 3.1, 2.4, 0.2, 0, 19674.4565, 19668.6928, True, 2
cyc2, 0.1, 9.0, 0.0, 0.0, 1, 19674.4565, 19529.7423, 0, 241
ESPPRC_heur, 0.0, 3.3, 2.5, 0.3, 0, 19671.0064, 19616.8206, True, 6
cyc2, 0.1, 13.0, 0.0, 0.0, 1, 19670.9928, 19520.2664, 0, 237
ESPPRC_heur, 0.1, 3.3, 2.5, 0.3, 0, 19669.7665, 19616.9187, True, 22
ESPPRC_heur, -0.0, 3.4, 2.6, 0.3, 0, 19669.7093, 19586.3759, True, 11
ESPPRC_heur, -0.0, 3.4, 2.6, 0.3, 0, 19669.7008, 19643.0695, True, 11
ESPPRC_heur, -0.0, 3.4, 2.6, 0.3, 0, 19669.6998, 19664.7416, True, 2
cyc2, 0.1, 13.1, 0.0, 0.0, 1, 19669.6998, 19511.7618, 0, 225
ESPPRC_heur, -0.0, 3.4, 2.5, 0.3, 0, 19668.9822, 19626.6642, True, 19
ESPPRC_heur, 0.0, 3.3, 2.5, 0.3, 0, 19668.9323, 19629.2655, True, 11
ESPPRC_heur, 0.0, 3.3, 2.5, 0.3, 0, 19668.9323, 19661.115, True, 4
ESPPRC_heur, -0.0, 3.4, 2.6, 0.3, 0, 19668.9321, 19668.8929, True, 1
cyc2, 0.1, 13.1, 0.0, 0.0, 1, 19668.9321, 19126.2549, 0, 695
ESPPRC_heur, -0.0, 3.4, 2.6, 0.3, 0, 19668.9321, 19653.5417, True, 1
ESPPRC_heur, -0.0, 3.4, 2.5, 0.3, 0, 19668.9321, 19645.7436, True, 1
ESPPRC_heur, -0.0, 3.4, 2.6, 0.3, 0, 19668.9321, 19664.8589, True, 2
cyc2, 0.2, 13.1, 0.0, 0.0, 1, 19668.9321, 19584.7048, 0, 172
ESPPRC_heur, -0.0, 3.4, 2.5, 0.3, 0, 19667.2948, 19637.3209, True, 11
ESPPRC_heur, -0.0, 3.4, 2.6, 0.3, 0, 19667.2689, 19650.5492, True, 3
ESPPRC_heur, -0.0, 3.4, 2.6, 0.3, 0, 19667.2684, 19660.2499, True, 1
ESPPRC_heur, 0.1, 3.3, 2.5, 0.3, 0, 19667.2684, 19656.5447, True, 2
cyc2, 0.2, 13.1, 0.0, 0.0, 1, 19667.2684, 19560.7781, 0, 171
ESPPRC_heur, -0.0, 3.4, 2.6, 0.3, 0, 19666.7268, 19593.0678, True, 13
ESPPRC_heur, 0.0, 3.3, 2.5, 0.3, 0, 19666.6749, 19620.4148, True, 6
ESPPRC_heur, -0.0, 3.4, 2.6, 0.3, 0, 19666.6746, 19664.1319, True, 2
ESPPRC_heur, 0.0, 3.4, 2.6, 0.3, 0, 19666.6746, 19666.5619, True, 1
cyc2, 0.1, 11.8, 0.0, 0.0, 1, 19666.6745, 19505.7794, 0, 135
ESPPRC_heur, 0.0, 3.3, 2.4, 0.3, 0, 19666.14, 19634.0749, True, 9
ESPPRC_heur, 0.0, 3.3, 2.4, 0.3, 0, 19666.1313, 19658.2763, True, 3
cyc2, 0.2, 16.4, 0.0, 0.0, 1, 19666.131, 19574.5323, 0, 147
ESPPRC_heur, -0.0, 3.3, 2.4, 0.3, 0, 19665.9278, 19649.532, True, 4
ESPPRC_heur, 0.0, 3.3, 2.4, 0.3, 0, 19665.9204, 19664.4546, True, 1
cyc2, 0.1, 16.7, 0.0, 0.0, 1, 19665.9204, 19585.0056, 0, 91
ESPPRC_heur, -0.0, 3.4, 2.5, 0.3, 0, 19665.6321, 19649.7289, True, 6
cyc2, 0.1, 16.7, 0.0, 0.0, 1, 19665.6321, 19636.8486, 0, 80
cyc2, 0.1, 16.4, 0.0, 0.0, 1, 19665.4379, 19635.6638, 0, 37
cyc2, 0.0, 9.1, 0.0, 0.0, 1, 19665.3415, 19655.2459, 0, 36
cyc2, 0.1, 13.2, 0.0, 0.0, 1, 19665.321, 19659.1429, 0, 22
cyc2, 0.0, 12.1, 0.0, 0.0, 1, 19665.3194, 19661.1146, 0, 4
cyc2, 0.0, 13.4, 0.0, 0.0, 1, 19665.3159, 19665.3159, 0, 0
scip_total_time, 26991.074176
Solval, number of paths, impact cutoff
19665.315919665987, 217, 0.0001
Elementary, 2-Cycle, Path Value, Path
True, True, 0.4031, (0, 93, 229, 282, 33, 123, 263, 101, 128, 165, 169, 144, 178, 66, 245, 150, 253, 209, 13, 68, 63, 0)
True, True, 0.0754, (0, 230, 206, 168, 252, 24, 191, 242, 9, 92, 83, 207, 189, 145, 65, 212, 234, 0)
True, True, 0.049, (0, 146, 271, 149, 173, 213, 118, 31, 99, 52, 72, 205, 108, 248, 50, 106, 236, 0)
True, True, 0.3784, (0, 78, 65, 212, 145, 189, 251, 54, 207, 83, 92, 9, 242, 191, 24, 252, 168, 206, 230, 0)
True, True, 0.009, (0, 206, 168, 252, 24, 191, 242, 9, 92, 83, 207, 280, 138, 109, 90, 3, 220, 79, 20, 61, 235, 0)
True, True, 0.0471, (0, 224, 102, 131, 111, 88, 143, 15, 202, 231, 127, 34, 71, 44, 11, 268, 103, 117, 176, 107, 187, 232, 10, 105, 0)
True, True, 0.11, (0, 18, 156, 232, 187, 107, 264, 176, 117, 103, 268, 11, 44, 71, 34, 127, 231, 202, 15, 143, 111, 131, 102, 145, 0)
True, True, 0.3057, (0, 40, 141, 194, 88, 140, 130, 86, 2, 184, 26, 16, 71, 34, 127, 231, 202, 15, 143, 111, 131, 102, 224, 0)
True, True, 0.0277, (0, 170, 32, 146, 271, 149, 173, 213, 118, 99, 52, 72, 205, 108, 248, 50, 106, 85, 236, 0)
True, True, 0.1226, (0, 145, 102, 131, 111, 143, 15, 202, 231, 127, 34, 71, 44, 11, 268, 103, 117, 176, 264, 94, 151, 232, 156, 0)
True, True, 0.0433, (0, 224, 102, 131, 111, 143, 15, 202, 231, 127, 34, 71, 44, 11, 268, 103, 117, 176, 264, 107, 187, 232, 156, 124, 0)
True, True, 0.0257, (0, 241, 98, 174, 62, 68, 239, 70, 144, 178, 169, 165, 128, 101, 263, 123, 33, 282, 229, 93, 0)
True, True, 0.0017, (0, 155, 273, 170, 283, 32, 113, 51, 39, 214, 154, 133, 279, 95, 256, 97, 87, 53, 0)
True, True, 0.2411, (0, 146, 271, 149, 43, 211, 213, 118, 5, 31, 99, 52, 72, 205, 108, 248, 240, 170, 0)
True, True, 0.3107, (0, 40, 141, 194, 88, 140, 130, 86, 26, 16, 2, 184, 44, 11, 268, 103, 117, 176, 107, 187, 232, 156, 124, 0)
True, True, 0.0309, (0, 240, 267, 82, 151, 94, 264, 176, 117, 103, 268, 11, 44, 71, 34, 127, 231, 202, 15, 143, 88, 40, 0)
True, True, 0.0002, (0, 105, 10, 156, 232, 187, 107, 176, 117, 103, 268, 11, 44, 184, 2, 86, 130, 140, 143, 88, 194, 141, 40, 0)
True, True, 0.0824, (0, 240, 192, 162, 151, 94, 264, 176, 117, 103, 268, 11, 44, 71, 34, 127, 231, 202, 15, 111, 131, 102, 224, 0)
True, True, 0.1244, (0, 93, 229, 282, 33, 123, 263, 101, 128, 165, 169, 178, 144, 70, 239, 217, 209, 13, 68, 266, 63, 0)
True, True, 0.0264, (0, 276, 172, 136, 1, 212, 145, 189, 207, 83, 92, 9, 242, 191, 24, 252, 168, 206, 0)
False, True, 0.0109, (0, 22, 80, 171, 91, 129, 76, 161, 110, 76, 161, 110, 76, 129, 193, 58, 197, 171, 0)
False, True, 0.0045, (0, 116, 29, 28, 136, 234, 1, 136, 234, 1, 136, 28, 29, 172, 116, 0)
True, True, 0.3535, (0, 146, 271, 149, 43, 211, 213, 118, 173, 99, 52, 72, 205, 108, 248, 240, 96, 0)
True, True, 0.2618, (0, 206, 168, 252, 24, 191, 242, 9, 92, 83, 207, 189, 224, 274, 100, 125, 186, 172, 276, 0)
True, True, 0.0563, (0, 206, 168, 252, 24, 191, 242, 9, 92, 83, 207, 54, 251, 224, 274, 100, 258, 41, 1, 172, 0)
True, True, 0.0194, (0, 206, 168, 252, 24, 191, 242, 9, 92, 83, 207, 189, 224, 274, 100, 258, 41, 172, 276, 0)
False, True, 0.0017, (0, 256, 30, 55, 17, 278, 219, 17, 278, 219, 17, 278, 219, 17, 55, 35, 21, 97, 0)
False, True, 0.0606, (0, 256, 55, 219, 17, 278, 219, 17, 278, 219, 17, 278, 219, 17, 278, 219, 17, 55, 30, 256, 0)
False, True, 0.0582, (0, 256, 35, 260, 55, 17, 219, 278, 17, 219, 278, 17, 219, 278, 17, 219, 278, 7, 19, 58, 197, 247, 0)
True, True, 0.0252, (0, 40, 141, 194, 88, 143, 15, 202, 231, 127, 34, 71, 44, 11, 268, 103, 117, 176, 45, 196, 180, 226, 272, 153, 0)
False, True, 0.1214, (0, 53, 87, 97, 53, 87, 97, 53, 87, 97, 53, 87, 97, 53, 87, 97, 53, 0)
False, True, 0.1093, (0, 236, 85, 106, 50, 281, 135, 270, 38, 166, 192, 181, 166, 192, 181, 166, 38, 270, 135, 281, 50, 106, 85, 170, 0)
False, True, 0.1784, (0, 85, 106, 50, 281, 135, 270, 38, 166, 192, 181, 166, 192, 181, 166, 38, 270, 135, 281, 50, 106, 85, 96, 0)
True, True, 0.0813, (0, 93, 229, 282, 33, 123, 263, 101, 128, 165, 169, 144, 66, 245, 253, 150, 209, 217, 239, 68, 266, 63, 0)
True, True, 0.1889, (0, 93, 229, 282, 33, 123, 263, 101, 128, 165, 169, 178, 66, 245, 253, 150, 217, 239, 70, 62, 241, 0)
False, True, 0.0661, (0, 116, 276, 221, 157, 266, 243, 157, 266, 243, 157, 266, 243, 157, 266, 243, 157, 266, 243, 157, 266, 243, 157, 221, 276, 0)
True, True, 0.1034, (0, 93, 229, 282, 33, 123, 263, 101, 128, 165, 169, 144, 178, 66, 245, 253, 150, 217, 13, 68, 63, 0)
True, True, 0.003, (0, 233, 82, 151, 94, 264, 176, 117, 103, 268, 11, 44, 71, 34, 127, 231, 202, 15, 111, 131, 102, 224, 0)
True, True, 0.0296, (0, 236, 85, 106, 50, 248, 108, 205, 72, 52, 99, 173, 118, 213, 211, 43, 126, 246, 160, 0)
True, True, 0.0204, (0, 85, 281, 135, 38, 181, 142, 77, 36, 148, 198, 254, 151, 94, 264, 107, 187, 45, 196, 180, 115, 275, 25, 126, 153, 0)
False, True, 0.0307, (0, 22, 80, 218, 171, 91, 129, 193, 19, 177, 7, 19, 193, 129, 19, 193, 129, 91, 171, 80, 22, 0)
False, True, 0.1262, (0, 53, 87, 97, 21, 260, 35, 21, 260, 35, 21, 260, 35, 21, 87, 53, 0)
True, True, 0.0306, (0, 10, 156, 232, 187, 107, 176, 117, 103, 268, 11, 44, 71, 34, 127, 231, 202, 15, 143, 88, 111, 131, 102, 224, 0)
False, True, 0.1994, (0, 221, 227, 20, 79, 220, 3, 90, 138, 109, 259, 280, 138, 109, 90, 3, 220, 79, 20, 61, 274, 258, 41, 1, 172, 0)
False, True, 0.0277, (0, 37, 210, 114, 250, 6, 214, 39, 51, 113, 283, 32, 113, 51, 39, 214, 6, 250, 114, 210, 0)
False, True, 0.0646, (0, 104, 277, 120, 147, 48, 42, 226, 275, 25, 226, 275, 25, 226, 275, 25, 156, 10, 5, 173, 105, 0)
False, True, 0.0172, (0, 256, 35, 260, 55, 278, 219, 17, 278, 219, 17, 278, 219, 17, 278, 55, 260, 35, 256, 0)
False, True, 0.1689, (0, 37, 155, 188, 199, 152, 225, 199, 152, 225, 199, 152, 225, 199, 152, 188, 155, 37, 0)
False, True, 0.0388, (0, 241, 174, 62, 70, 239, 217, 209, 253, 150, 245, 253, 150, 209, 217, 239, 70, 62, 174, 49, 241, 0)
True, True, 0.0781, (0, 85, 281, 135, 38, 181, 142, 77, 36, 148, 198, 254, 151, 94, 264, 107, 187, 45, 196, 180, 115, 275, 272, 126, 153, 0)
True, True, 0.0569, (0, 63, 266, 243, 227, 235, 125, 100, 258, 41, 212, 65, 234, 29, 122, 0)
True, True, 0.0254, (0, 93, 229, 282, 33, 123, 263, 101, 128, 165, 169, 144, 66, 245, 253, 150, 209, 217, 13, 266, 221, 0)
False, True, 0.0307, (0, 247, 58, 223, 75, 179, 46, 183, 57, 4, 257, 137, 190, 14, 137, 257, 4, 57, 59, 195, 237, 255, 73, 23, 218, 80, 0)
False, True, 0.0375, (0, 116, 122, 78, 28, 136, 234, 1, 136, 234, 1, 136, 28, 78, 122, 116, 0)
False, True, 0.0388, (0, 105, 72, 233, 267, 82, 162, 142, 194, 141, 88, 194, 141, 142, 162, 82, 267, 233, 52, 105, 146, 0)
False, True, 0.0153, (0, 105, 72, 233, 267, 82, 162, 142, 194, 141, 88, 194, 141, 142, 162, 82, 267, 192, 181, 38, 135, 281, 236, 0)
False, True, 0.0387, (0, 256, 30, 55, 17, 219, 228, 244, 158, 228, 244, 158, 27, 179, 222, 75, 223, 91, 171, 0)
False, True, 0.1701, (0, 104, 120, 147, 48, 42, 182, 238, 216, 64, 139, 180, 64, 139, 216, 238, 182, 42, 48, 147, 120, 104, 0)
False, True, 0.0234, (0, 105, 52, 233, 267, 82, 162, 142, 194, 141, 142, 194, 141, 142, 162, 82, 267, 233, 52, 72, 105, 0)
False, True, 0.1229, (0, 256, 30, 55, 278, 228, 244, 158, 27, 228, 244, 158, 27, 228, 219, 17, 55, 30, 256, 0)
True, True, 0.0505, (0, 153, 126, 272, 226, 115, 180, 196, 45, 67, 185, 215, 89, 8, 12, 163, 132, 265, 81, 56, 201, 249, 190, 14, 159, 121, 120, 0)
False, True, 0.0182, (0, 168, 24, 191, 106, 50, 248, 205, 108, 248, 205, 108, 248, 50, 106, 85, 96, 170, 0)
False, True, 0.0088, (0, 53, 97, 21, 35, 260, 30, 35, 260, 30, 35, 260, 30, 35, 21, 97, 53, 0)
False, True, 0.0203, (0, 168, 252, 24, 191, 106, 50, 248, 205, 108, 248, 205, 108, 248, 50, 106, 85, 96, 0)
False, True, 0.0145, (0, 78, 212, 145, 189, 207, 83, 92, 9, 242, 92, 9, 242, 191, 24, 252, 168, 230, 0)
False, True, 0.022, (0, 240, 108, 205, 233, 267, 82, 162, 142, 194, 141, 88, 194, 141, 142, 162, 82, 267, 233, 205, 108, 240, 0)
False, True, 0.0373, (0, 230, 65, 212, 41, 258, 100, 125, 258, 100, 125, 235, 227, 157, 221, 0)
False, True, 0.1968, (0, 105, 233, 267, 162, 82, 151, 254, 198, 94, 254, 198, 148, 36, 77, 162, 82, 267, 233, 105, 0)
False, True, 0.0182, (0, 230, 65, 145, 189, 207, 83, 92, 9, 242, 92, 9, 242, 191, 24, 252, 230, 0)
False, True, 0.0161, (0, 87, 97, 21, 260, 35, 30, 260, 35, 30, 260, 35, 21, 260, 35, 21, 97, 87, 0)
False, True, 0.0639, (0, 210, 114, 250, 6, 214, 154, 279, 133, 154, 214, 39, 51, 113, 32, 283, 170, 273, 155, 0)
False, True, 0.0639, (0, 47, 96, 283, 32, 113, 51, 39, 214, 154, 39, 51, 113, 32, 283, 96, 47, 155, 0)
False, True, 0.1773, (0, 256, 30, 55, 278, 228, 244, 158, 60, 119, 183, 60, 119, 46, 179, 222, 75, 223, 91, 197, 247, 0)
False, True, 0.118, (0, 22, 80, 171, 197, 91, 129, 193, 19, 129, 193, 19, 177, 7, 19, 193, 129, 91, 197, 171, 80, 22, 0)
False, True, 0.123, (0, 177, 7, 27, 60, 121, 159, 14, 190, 249, 134, 201, 56, 249, 134, 112, 208, 59, 195, 237, 255, 73, 23, 218, 22, 0)
False, True, 0.1898, (0, 155, 47, 203, 262, 204, 236, 262, 204, 236, 262, 204, 203, 47, 273, 188, 37, 0)
False, True, 0.0231, (0, 177, 7, 27, 119, 183, 57, 4, 208, 112, 134, 201, 56, 249, 134, 201, 56, 134, 249, 190, 14, 159, 121, 120, 0)
False, True, 0.1069, (0, 97, 21, 260, 35, 30, 260, 35, 21, 260, 35, 21, 260, 35, 21, 97, 87, 0)
False, True, 0.1275, (0, 37, 188, 273, 47, 203, 262, 204, 203, 262, 204, 203, 47, 273, 188, 155, 0)
False, True, 0.116, (0, 241, 49, 98, 174, 49, 98, 174, 62, 49, 98, 174, 62, 98, 49, 174, 98, 49, 241, 0)
False, True, 0.0307, (0, 80, 218, 23, 73, 255, 237, 195, 59, 57, 4, 208, 112, 4, 57, 59, 195, 237, 255, 73, 23, 222, 75, 223, 58, 0)
False, True, 0.0839, (0, 160, 153, 126, 43, 211, 124, 10, 156, 25, 275, 226, 182, 42, 226, 275, 25, 124, 211, 43, 126, 18, 160, 0)
False, True, 0.1064, (0, 241, 49, 98, 174, 62, 70, 239, 217, 13, 209, 217, 13, 68, 239, 70, 62, 174, 98, 49, 241, 0)
False, True, 0.0634, (0, 153, 126, 272, 226, 115, 180, 196, 45, 67, 185, 215, 89, 185, 215, 89, 8, 12, 163, 132, 265, 81, 167, 175, 48, 147, 104, 0)
False, True, 0.0622, (0, 37, 188, 152, 225, 273, 47, 203, 262, 204, 203, 47, 273, 188, 37, 0)
False, True, 0.3919, (0, 116, 122, 29, 78, 28, 234, 136, 1, 234, 136, 28, 29, 122, 116, 0)
True, True, 0.1433, (0, 10, 232, 187, 107, 264, 176, 117, 103, 268, 11, 44, 71, 34, 127, 231, 202, 15, 143, 111, 131, 102, 0)
False, True, 0.0585, (0, 63, 266, 243, 227, 235, 125, 100, 258, 41, 186, 125, 235, 227, 243, 157, 221, 0)
False, True, 0.0106, (0, 256, 30, 55, 278, 219, 17, 278, 219, 17, 278, 219, 17, 278, 219, 17, 278, 55, 260, 256, 0)
False, True, 0.1405, (0, 276, 221, 157, 243, 227, 235, 186, 125, 100, 258, 41, 186, 235, 227, 243, 157, 221, 276, 0)
False, True, 0.083, (0, 63, 266, 243, 227, 235, 125, 186, 41, 258, 100, 125, 186, 41, 212, 65, 230, 0)
False, True, 0.1875, (0, 80, 218, 23, 73, 255, 237, 195, 59, 208, 112, 257, 137, 190, 14, 137, 257, 4, 57, 183, 46, 179, 222, 75, 223, 58, 247, 0)
False, True, 0.0657, (0, 160, 250, 6, 95, 279, 133, 69, 277, 246, 69, 277, 246, 69, 133, 279, 95, 6, 250, 114, 210, 0)
False, True, 0.0886, (0, 171, 197, 58, 19, 193, 129, 161, 110, 76, 161, 110, 76, 161, 129, 91, 171, 0)
False, True, 0.0247, (0, 147, 48, 175, 167, 81, 265, 132, 74, 200, 84, 74, 200, 84, 74, 200, 84, 74, 200, 84, 89, 67, 45, 196, 115, 25, 18, 0)
False, True, 0.0163, (0, 171, 197, 58, 19, 193, 129, 161, 76, 110, 161, 76, 129, 193, 19, 58, 197, 171, 80, 22, 0)
False, True, 0.0036, (0, 241, 98, 174, 62, 70, 144, 178, 66, 245, 253, 150, 245, 66, 178, 144, 70, 239, 68, 63, 0)
False, True, 0.0332, (0, 177, 7, 27, 158, 60, 121, 159, 137, 190, 14, 137, 257, 4, 57, 183, 46, 179, 222, 75, 223, 19, 177, 0)
False, True, 0.0003, (0, 63, 266, 68, 239, 70, 144, 178, 66, 245, 253, 150, 245, 66, 144, 70, 62, 98, 49, 241, 0)
False, True, 0.0259, (0, 80, 218, 23, 73, 255, 237, 195, 59, 57, 4, 208, 57, 4, 257, 137, 159, 121, 60, 158, 27, 7, 177, 0)
False, True, 0.1236, (0, 22, 80, 171, 91, 129, 161, 110, 76, 161, 110, 76, 161, 110, 76, 193, 58, 197, 247, 0)
False, True, 0.0203, (0, 22, 80, 171, 197, 91, 129, 193, 19, 7, 193, 19, 7, 193, 19, 7, 193, 19, 7, 193, 19, 58, 197, 171, 80, 22, 0)
False, True, 0.202, (0, 256, 30, 55, 17, 219, 228, 244, 158, 60, 119, 46, 183, 119, 46, 179, 222, 75, 223, 91, 171, 0)
False, True, 0.0212, (0, 256, 30, 55, 278, 228, 244, 158, 27, 244, 158, 60, 119, 46, 179, 222, 75, 223, 110, 7, 19, 177, 0)
False, True, 0.0772, (0, 160, 153, 126, 272, 42, 182, 238, 216, 64, 139, 163, 12, 8, 163, 139, 64, 216, 238, 182, 42, 272, 126, 153, 0)
False, True, 0.0386, (0, 241, 98, 174, 62, 70, 239, 217, 209, 253, 150, 245, 66, 144, 70, 62, 174, 98, 49, 241, 0)
False, True, 0.002, (0, 172, 186, 100, 274, 61, 20, 79, 220, 3, 90, 138, 109, 90, 3, 220, 79, 20, 61, 274, 100, 258, 41, 1, 172, 276, 0)
False, True, 0.0423, (0, 153, 126, 272, 42, 182, 238, 216, 64, 139, 163, 12, 8, 163, 139, 64, 216, 238, 182, 42, 272, 246, 0)
False, True, 0.0147, (0, 240, 205, 192, 142, 77, 36, 148, 198, 254, 151, 264, 94, 198, 254, 151, 82, 162, 267, 233, 105, 0)
False, True, 0.0269, (0, 85, 281, 135, 38, 181, 142, 77, 36, 148, 77, 36, 148, 77, 36, 148, 77, 36, 148, 88, 111, 131, 102, 83, 145, 0)
False, True, 0.0307, (0, 22, 80, 218, 23, 73, 255, 237, 195, 57, 4, 257, 137, 190, 14, 137, 257, 4, 57, 183, 46, 179, 222, 75, 223, 58, 247, 0)
False, True, 0.2279, (0, 61, 251, 54, 280, 259, 261, 164, 269, 261, 164, 269, 261, 164, 269, 261, 164, 269, 259, 280, 54, 251, 274, 0)
False, True, 0.0874, (0, 230, 206, 168, 252, 24, 191, 242, 9, 92, 83, 207, 54, 189, 145, 212, 65, 230, 0)
False, True, 0.0223, (0, 160, 153, 126, 272, 42, 182, 238, 216, 64, 139, 163, 12, 8, 163, 139, 64, 216, 238, 182, 48, 147, 277, 0)
True, True, 0.0531, (0, 230, 206, 65, 212, 41, 258, 100, 125, 186, 235, 227, 243, 266, 221, 276, 0)
False, True, 0.0479, (0, 247, 197, 58, 177, 19, 193, 129, 76, 161, 110, 76, 161, 110, 76, 129, 193, 19, 177, 58, 197, 247, 0)
False, True, 0.0897, (0, 18, 156, 232, 187, 107, 264, 94, 184, 2, 26, 16, 184, 2, 16, 26, 86, 130, 140, 148, 36, 77, 142, 192, 240, 0)
False, True, 0.0307, (0, 22, 218, 23, 73, 255, 237, 195, 59, 57, 4, 257, 137, 190, 14, 137, 257, 4, 57, 59, 237, 255, 73, 23, 218, 22, 0)
False, True, 0.0046, (0, 247, 58, 223, 75, 222, 179, 57, 4, 257, 137, 190, 14, 137, 257, 4, 57, 59, 195, 237, 255, 73, 23, 218, 80, 22, 0)
False, True, 0.1601, (0, 172, 235, 61, 20, 79, 220, 3, 90, 138, 109, 259, 280, 138, 109, 90, 3, 220, 79, 20, 61, 235, 227, 157, 221, 0)
False, True, 0.0482, (0, 177, 7, 110, 223, 75, 222, 179, 57, 4, 257, 137, 190, 14, 137, 257, 4, 57, 59, 195, 237, 255, 73, 23, 218, 80, 0)
False, True, 0.0058, (0, 78, 212, 145, 189, 207, 83, 242, 9, 92, 83, 207, 189, 145, 212, 65, 230, 0)
False, True, 0.0166, (0, 210, 114, 95, 154, 279, 133, 69, 277, 246, 69, 277, 246, 153, 18, 146, 51, 113, 32, 283, 170, 273, 155, 0)
False, True, 0.0427, (0, 276, 221, 63, 266, 68, 239, 70, 144, 178, 66, 245, 253, 150, 209, 217, 239, 70, 62, 49, 241, 0)
False, True, 0.096, (0, 177, 7, 27, 119, 183, 57, 4, 257, 137, 190, 14, 175, 167, 238, 216, 167, 175, 190, 14, 159, 121, 60, 27, 7, 177, 0)
False, True, 0.1491, (0, 147, 48, 175, 167, 81, 265, 132, 12, 8, 89, 84, 200, 74, 84, 200, 74, 84, 200, 74, 84, 200, 74, 132, 265, 81, 167, 175, 48, 147, 104, 0)
False, True, 0.1639, (0, 120, 121, 159, 175, 167, 81, 265, 132, 163, 12, 8, 89, 215, 185, 89, 8, 12, 163, 132, 265, 81, 167, 175, 159, 121, 120, 0)
False, True, 0.0182, (0, 230, 206, 168, 252, 65, 212, 145, 65, 212, 145, 65, 212, 1, 136, 29, 122, 0)
False, True, 0.0331, (0, 116, 122, 78, 28, 29, 78, 28, 29, 78, 28, 29, 78, 28, 29, 122, 116, 0)
False, True, 0.0133, (0, 230, 65, 145, 189, 224, 251, 20, 79, 220, 3, 90, 138, 109, 259, 280, 138, 109, 90, 3, 220, 79, 20, 61, 274, 186, 1, 0)
False, True, 0.0373, (0, 230, 65, 145, 189, 224, 251, 20, 79, 220, 3, 90, 138, 109, 90, 3, 220, 79, 20, 61, 274, 100, 258, 41, 1, 0)
False, True, 0.0178, (0, 247, 58, 223, 75, 222, 179, 46, 183, 57, 4, 208, 112, 257, 137, 4, 57, 59, 195, 237, 255, 73, 23, 218, 80, 22, 0)
False, True, 0.0852, (0, 224, 102, 131, 111, 143, 140, 130, 86, 26, 16, 184, 2, 86, 130, 140, 148, 36, 77, 142, 270, 40, 0)
False, True, 0.0442, (0, 40, 270, 142, 77, 36, 148, 198, 254, 94, 264, 176, 117, 103, 268, 11, 44, 184, 2, 86, 130, 140, 88, 40, 0)
False, True, 0.0147, (0, 206, 168, 252, 24, 191, 242, 9, 92, 83, 207, 189, 224, 251, 189, 145, 212, 65, 0)
False, True, 0.0451, (0, 247, 58, 223, 75, 222, 179, 46, 183, 57, 4, 137, 257, 112, 208, 57, 4, 183, 46, 179, 222, 75, 223, 58, 247, 0)
False, True, 0.132, (0, 22, 218, 23, 73, 255, 237, 195, 59, 208, 112, 201, 56, 249, 134, 201, 56, 249, 134, 112, 208, 59, 195, 237, 255, 73, 23, 218, 80, 0)
True, True, 0.0044, (0, 93, 229, 282, 33, 123, 263, 101, 128, 165, 169, 144, 178, 66, 245, 150, 209, 217, 13, 266, 0)
False, True, 0.0752, (0, 22, 218, 23, 73, 255, 237, 195, 59, 208, 112, 201, 56, 249, 134, 201, 56, 249, 134, 112, 208, 57, 4, 183, 119, 27, 7, 177, 0)
False, True, 0.0487, (0, 18, 271, 149, 173, 213, 118, 5, 31, 10, 5, 31, 10, 5, 31, 99, 173, 149, 271, 146, 0)
False, True, 0.1602, (0, 210, 114, 250, 6, 95, 154, 279, 133, 154, 214, 39, 51, 113, 32, 283, 170, 225, 0)
False, True, 0.0554, (0, 210, 114, 250, 6, 214, 39, 51, 146, 18, 153, 246, 277, 69, 133, 279, 154, 95, 6, 250, 114, 210, 0)
False, True, 0.0388, (0, 93, 229, 282, 33, 123, 263, 101, 128, 165, 169, 144, 178, 66, 144, 70, 62, 174, 49, 241, 0)
False, True, 0.0298, (0, 247, 197, 58, 193, 76, 161, 110, 76, 161, 110, 76, 161, 110, 76, 193, 58, 197, 171, 0)
False, True, 0.0505, (0, 18, 173, 10, 156, 25, 275, 226, 115, 180, 139, 64, 180, 139, 64, 216, 238, 182, 42, 272, 246, 0)
False, True, 0.0768, (0, 247, 58, 19, 110, 223, 75, 222, 179, 27, 158, 244, 228, 27, 158, 244, 228, 278, 55, 30, 256, 0)
False, True, 0.0664, (0, 177, 7, 244, 60, 121, 159, 14, 190, 249, 56, 201, 134, 56, 201, 134, 112, 208, 59, 195, 237, 255, 73, 23, 218, 22, 0)
False, True, 0.0353, (0, 177, 7, 27, 158, 60, 121, 159, 137, 257, 112, 208, 57, 4, 257, 137, 159, 121, 60, 244, 7, 177, 0)
False, True, 0.1647, (0, 160, 246, 126, 43, 211, 213, 118, 5, 31, 10, 5, 31, 10, 5, 31, 99, 173, 149, 271, 146, 0)
False, True, 0.0067, (0, 236, 85, 106, 50, 248, 108, 205, 72, 233, 52, 72, 205, 108, 281, 50, 106, 236, 0)
True, True, 0.0259, (0, 18, 124, 25, 275, 115, 180, 196, 45, 67, 185, 215, 89, 8, 12, 163, 132, 265, 81, 56, 201, 112, 257, 183, 119, 27, 7, 177, 0)
False, True, 0.0534, (0, 18, 124, 25, 275, 115, 180, 196, 45, 67, 215, 185, 67, 215, 185, 67, 45, 196, 180, 115, 25, 124, 18, 0)
False, True, 0.0304, (0, 63, 266, 68, 239, 70, 144, 178, 66, 245, 253, 150, 245, 66, 178, 144, 70, 239, 68, 13, 266, 0)
False, True, 0.009, (0, 186, 274, 251, 54, 280, 259, 261, 164, 269, 261, 164, 269, 261, 164, 269, 261, 164, 269, 259, 109, 138, 251, 274, 61, 0)
False, True, 0.0241, (0, 236, 106, 50, 281, 135, 270, 38, 166, 192, 181, 166, 192, 181, 166, 38, 135, 281, 50, 106, 85, 96, 0)
False, True, 0.0458, (0, 104, 277, 120, 121, 159, 14, 190, 249, 134, 201, 56, 134, 201, 56, 134, 249, 190, 14, 159, 121, 120, 277, 104, 0)
False, True, 0.0784, (0, 18, 124, 25, 275, 115, 180, 196, 45, 67, 215, 185, 67, 215, 185, 67, 45, 196, 180, 115, 226, 272, 153, 0)
False, True, 0.0509, (0, 236, 106, 50, 248, 108, 205, 72, 52, 99, 173, 213, 118, 173, 149, 271, 18, 160, 0)
False, True, 0.0156, (0, 160, 250, 18, 271, 149, 173, 213, 118, 31, 10, 5, 31, 99, 52, 72, 205, 108, 248, 240, 170, 0)
False, True, 0.0058, (0, 247, 197, 58, 193, 129, 161, 76, 110, 161, 76, 110, 161, 76, 129, 91, 171, 0)
False, True, 0.0665, (0, 276, 172, 1, 41, 258, 274, 61, 20, 79, 220, 3, 90, 138, 109, 259, 280, 138, 109, 90, 3, 220, 79, 20, 61, 274, 186, 172, 0)
False, True, 0.0791, (0, 105, 233, 267, 162, 82, 151, 254, 198, 94, 264, 151, 254, 198, 148, 36, 77, 142, 192, 108, 240, 0)
False, True, 0.1973, (0, 273, 170, 96, 283, 32, 113, 51, 39, 214, 283, 32, 113, 51, 39, 214, 6, 250, 114, 210, 0)
True, True, 0.0067, (0, 40, 141, 194, 88, 143, 15, 202, 231, 127, 34, 71, 44, 11, 268, 103, 117, 176, 264, 94, 187, 232, 156, 10, 105, 0)
False, True, 0.0087, (0, 37, 188, 225, 199, 152, 225, 199, 152, 225, 199, 152, 225, 199, 188, 155, 37, 0)
False, True, 0.0298, (0, 10, 156, 232, 187, 107, 264, 94, 184, 2, 16, 26, 2, 184, 16, 26, 86, 130, 140, 148, 36, 77, 142, 270, 40, 0)
False, True, 0.0072, (0, 272, 226, 180, 196, 45, 67, 89, 84, 200, 74, 84, 200, 74, 84, 200, 74, 84, 200, 74, 84, 200, 74, 132, 265, 81, 167, 175, 48, 0)
False, True, 0.0017, (0, 219, 121, 159, 14, 190, 249, 201, 56, 81, 265, 132, 163, 12, 8, 163, 12, 8, 163, 132, 265, 81, 56, 201, 249, 190, 14, 159, 121, 120, 0)
False, True, 0.0036, (0, 160, 250, 6, 214, 39, 69, 133, 279, 154, 214, 39, 51, 113, 32, 283, 170, 273, 0)
False, True, 0.0644, (0, 236, 85, 106, 50, 281, 135, 270, 38, 166, 181, 192, 233, 52, 72, 205, 248, 50, 106, 85, 236, 0)
False, True, 0.003, (0, 80, 218, 23, 73, 255, 237, 195, 59, 57, 4, 257, 137, 190, 14, 137, 257, 4, 57, 183, 179, 222, 75, 223, 19, 177, 0)
False, True, 0.1325, (0, 153, 126, 272, 226, 115, 196, 45, 67, 215, 185, 89, 215, 185, 67, 45, 196, 115, 275, 25, 124, 18, 0)
False, True, 0.0232, (0, 37, 155, 47, 203, 262, 204, 203, 262, 204, 236, 262, 204, 203, 47, 155, 37, 0)
False, True, 0.0156, (0, 105, 233, 267, 82, 232, 187, 107, 264, 94, 151, 254, 198, 151, 254, 198, 148, 88, 194, 141, 40, 0)
False, True, 0.023, (0, 210, 114, 95, 154, 133, 279, 95, 154, 214, 39, 51, 113, 32, 283, 96, 47, 0)
False, True, 0.0036, (0, 104, 147, 175, 167, 81, 265, 132, 163, 12, 8, 89, 84, 200, 74, 84, 200, 74, 84, 200, 74, 84, 200, 74, 132, 265, 81, 167, 175, 147, 104, 0)
False, True, 0.0269, (0, 240, 248, 72, 233, 267, 82, 162, 142, 194, 141, 142, 162, 82, 267, 233, 52, 72, 105, 0)
False, True, 0.0023, (0, 146, 105, 72, 233, 267, 82, 162, 142, 194, 141, 142, 162, 82, 267, 233, 52, 72, 105, 146, 0)
False, True, 0.0307, (0, 171, 222, 179, 195, 59, 208, 112, 201, 56, 81, 265, 132, 163, 12, 8, 163, 139, 64, 216, 238, 182, 42, 272, 126, 153, 160, 0)
False, True, 0.2369, (0, 160, 250, 6, 95, 279, 133, 69, 277, 246, 69, 277, 246, 69, 133, 279, 154, 95, 114, 210, 0)
False, True, 0.0457, (0, 276, 172, 136, 1, 186, 125, 100, 258, 125, 100, 258, 41, 212, 65, 230, 0)
False, True, 0.0997, (0, 105, 233, 267, 162, 82, 151, 254, 198, 94, 151, 254, 198, 148, 36, 77, 142, 181, 38, 270, 135, 281, 236, 0)
False, True, 0.048, (0, 241, 49, 98, 174, 62, 70, 239, 217, 209, 13, 217, 209, 13, 68, 239, 70, 62, 174, 98, 241, 0)
False, True, 0.0574, (0, 210, 114, 95, 154, 133, 279, 95, 154, 214, 39, 51, 113, 32, 283, 96, 170, 273, 0)
False, True, 0.0191, (0, 104, 277, 147, 48, 42, 182, 238, 216, 64, 139, 180, 64, 139, 180, 115, 226, 275, 25, 124, 213, 18, 0)
False, True, 0.0535, (0, 37, 155, 188, 199, 225, 152, 199, 225, 152, 199, 225, 152, 199, 225, 152, 199, 37, 0)
False, True, 0.0494, (0, 40, 141, 194, 88, 143, 15, 202, 231, 127, 34, 71, 16, 26, 86, 130, 140, 148, 36, 77, 142, 270, 40, 0)
False, True, 0.0021, (0, 63, 266, 243, 227, 235, 125, 100, 186, 125, 100, 258, 41, 212, 65, 78, 0)
False, True, 0.0067, (0, 105, 233, 267, 82, 232, 187, 107, 264, 94, 107, 264, 94, 151, 254, 198, 148, 36, 77, 142, 181, 38, 135, 85, 0)
True, True, 0.0044, (0, 241, 98, 174, 62, 70, 239, 217, 253, 245, 66, 144, 169, 165, 128, 101, 263, 123, 33, 282, 229, 93, 0)
True, True, 0.0614, (0, 18, 124, 25, 275, 115, 196, 45, 67, 185, 215, 89, 8, 12, 139, 64, 216, 238, 182, 48, 147, 104, 0)
False, True, 0.0059, (0, 105, 233, 267, 162, 77, 36, 148, 198, 254, 151, 94, 264, 107, 187, 232, 82, 162, 267, 233, 105, 0)
False, True, 0.0264, (0, 104, 277, 272, 42, 182, 238, 216, 64, 139, 180, 64, 139, 180, 115, 226, 275, 25, 156, 10, 173, 105, 0)
False, True, 0.0241, (0, 105, 233, 267, 82, 232, 187, 107, 264, 94, 198, 254, 151, 94, 264, 107, 187, 45, 196, 180, 115, 226, 272, 153, 0)
False, True, 0.0277, (0, 155, 273, 170, 283, 32, 113, 283, 32, 113, 283, 32, 113, 51, 39, 214, 6, 283, 170, 273, 155, 0)
False, True, 0.0219, (0, 37, 188, 199, 152, 225, 273, 47, 203, 262, 204, 236, 262, 204, 203, 47, 155, 0)
False, True, 0.0269, (0, 230, 65, 145, 189, 207, 280, 259, 109, 138, 280, 259, 109, 138, 90, 3, 220, 79, 20, 61, 235, 172, 0)
False, True, 0.013, (0, 155, 273, 170, 283, 32, 113, 51, 39, 214, 154, 279, 133, 39, 214, 6, 250, 160, 114, 210, 0)
False, True, 0.0191, (0, 170, 240, 248, 108, 205, 72, 52, 99, 31, 5, 10, 31, 5, 10, 124, 211, 43, 126, 246, 0)
False, True, 0.0356, (0, 247, 197, 58, 19, 193, 129, 76, 161, 110, 76, 161, 110, 76, 161, 129, 91, 197, 247, 0)
True, True, 0.0108, (0, 18, 124, 25, 275, 115, 196, 45, 67, 185, 215, 89, 8, 12, 139, 64, 216, 238, 182, 42, 272, 0)
False, True, 0.01, (0, 276, 221, 63, 266, 243, 227, 235, 125, 100, 258, 41, 212, 65, 1, 172, 276, 0)
False, True, 0.0191, (0, 104, 277, 120, 147, 48, 42, 226, 275, 25, 226, 275, 25, 226, 275, 25, 156, 10, 118, 173, 18, 0)
False, True, 0.0185, (0, 85, 281, 135, 38, 181, 142, 77, 36, 148, 77, 36, 148, 77, 36, 148, 77, 36, 148, 77, 36, 142, 181, 38, 135, 281, 85, 0)
False, True, 0.0471, (0, 104, 277, 272, 42, 182, 238, 216, 64, 139, 163, 12, 8, 163, 132, 265, 81, 56, 201, 249, 190, 14, 159, 121, 120, 104, 0)
False, True, 0.0636, (0, 160, 153, 272, 226, 180, 196, 45, 67, 89, 84, 200, 74, 84, 200, 74, 84, 200, 74, 84, 200, 74, 132, 265, 81, 167, 175, 48, 147, 104, 0)
False, True, 0.0029, (0, 240, 192, 142, 162, 82, 232, 187, 107, 264, 94, 198, 254, 151, 94, 264, 107, 187, 232, 82, 267, 233, 105, 0)
False, True, 0.005, (0, 105, 233, 267, 82, 151, 94, 264, 184, 2, 26, 16, 184, 2, 26, 16, 2, 184, 94, 264, 107, 187, 232, 10, 0)
False, True, 0.0131, (0, 186, 274, 251, 54, 280, 259, 269, 164, 261, 269, 164, 261, 269, 164, 261, 269, 164, 261, 259, 280, 251, 274, 61, 0)
False, True, 0.0073, (0, 177, 7, 27, 158, 60, 121, 159, 137, 257, 4, 57, 257, 4, 57, 183, 46, 179, 222, 75, 223, 19, 177, 0)
False, True, 0.0278, (0, 105, 52, 233, 267, 82, 162, 142, 194, 141, 88, 194, 141, 142, 162, 82, 267, 192, 181, 38, 270, 135, 281, 236, 0)
False, True, 0.016, (0, 277, 147, 48, 175, 167, 81, 265, 132, 163, 12, 8, 89, 215, 185, 67, 215, 185, 67, 45, 196, 180, 115, 226, 272, 0)
False, True, 0.0245, (0, 276, 172, 1, 212, 41, 258, 100, 186, 125, 100, 258, 41, 212, 1, 172, 276, 0)
False, True, 0.0029, (0, 105, 233, 267, 162, 82, 232, 187, 107, 264, 94, 254, 198, 151, 254, 198, 148, 88, 194, 141, 40, 0)
False, True, 0.012, (0, 160, 250, 153, 126, 43, 211, 124, 25, 275, 226, 182, 42, 226, 275, 25, 156, 10, 124, 211, 43, 126, 153, 160, 0)
False, True, 0.0034, (0, 172, 235, 61, 20, 79, 220, 3, 90, 109, 138, 280, 259, 109, 138, 280, 259, 109, 138, 90, 3, 220, 79, 20, 61, 274, 186, 0)
False, True, 0.0342, (0, 120, 121, 159, 14, 190, 249, 201, 56, 81, 265, 132, 163, 12, 8, 163, 12, 8, 139, 64, 216, 238, 182, 42, 272, 153, 160, 0)
all_elementary, False
all_cyc2, True
