Instance, X-n204-k19
capacity, 836
min_trucks, 19
output_file, output_uchoa/X-n204-k19-SPPRC.log
Start date, 2022-07-01
Start time, 09-16-51
capacity, 836
num_vehicles, 19
abort_early, False
methods, ['SPPRC']
max_vars, 100
time_limit, 86400
farley, False
ESPPRC_heur, True
initial time, initial max_it, max_stale_it
1, 20000.0, 20
heuristic Number of routes, heuristic Best Solution Value, heuristic number of iterations, adjusted time, adjusted max_it, measured total time
29791, 19570.0, 20000, 1, 20000.0, 20121.8
method, python time, total time, propagated dominance time, unpropagated dominance time, pricing_success, upper_bound, lower_bound, abort_early, num_paths, 
SPPRC, 0.1, 0.5, 0.4, 0.1, 1, 19261.9119, -87260.2217, 0, 7404
SPPRC, 0.0, 0.5, 0.4, 0.1, 1, 19261.9119, -58816.3172, 0, 6679
SPPRC, 0.1, 0.2, 0.2, 0.0, 1, 19261.9119, -59954.5842, 0, 4082
SPPRC, 0.1, 0.4, 0.3, 0.1, 1, 19261.9119, -39585.4313, 0, 5893
SPPRC, -0.0, 0.4, 0.2, 0.0, 1, 19261.9119, -89153.3554, 0, 5509
SPPRC, -0.0, 0.6, 0.4, 0.1, 1, 19261.9119, -20008.6678, 0, 6575
SPPRC, -0.0, 0.5, 0.3, 0.1, 1, 19261.9119, -24462.8973, 0, 4705
SPPRC, 0.1, 0.8, 0.6, 0.1, 1, 19261.9119, -8354.7414, 0, 7244
SPPRC, 0.0, 0.7, 0.5, 0.1, 1, 19261.9119, -4548.8888, 0, 5067
SPPRC, 0.0, 0.4, 0.2, 0.0, 1, 19261.9119, -42723.2023, 0, 4276
SPPRC, 0.0, 0.9, 0.6, 0.1, 1, 19261.9119, -3645.5692, 0, 4928
SPPRC, 0.1, 0.7, 0.5, 0.1, 1, 19189.0274, -2666.996, 0, 4417
SPPRC, 0.0, 0.8, 0.5, 0.1, 1, 19106.0148, 2779.9365, 0, 4627
SPPRC, 0.0, 0.8, 0.5, 0.1, 1, 19106.0148, 8125.9057, 0, 4004
SPPRC, 0.1, 0.7, 0.5, 0.1, 1, 19017.7057, 2100.3756, 0, 3647
SPPRC, 0.0, 0.8, 0.5, 0.1, 1, 19017.7057, -2223.94, 0, 4385
SPPRC, 0.1, 0.7, 0.5, 0.1, 1, 19017.7057, 9872.9556, 0, 3625
SPPRC, 0.0, 0.8, 0.5, 0.1, 1, 19005.5827, 7375.3665, 0, 3812
SPPRC, 0.1, 0.4, 0.3, 0.1, 1, 18974.3408, -109718.6718, 0, 5704
SPPRC, 0.1, 0.7, 0.5, 0.1, 1, 18955.8605, -3267.9259, 0, 4469
SPPRC, 0.0, 0.8, 0.5, 0.1, 1, 18955.8605, 1628.3867, 0, 4410
SPPRC, 0.0, 0.8, 0.5, 0.1, 1, 18955.8605, 11057.8611, 0, 3592
SPPRC, -0.0, 0.9, 0.6, 0.1, 1, 18893.7491, 7984.5062, 0, 3695
SPPRC, -0.0, 0.9, 0.6, 0.1, 1, 18890.7212, 10812.0671, 0, 3386
SPPRC, 0.0, 0.8, 0.5, 0.1, 1, 18804.8698, 11074.7108, 0, 3438
SPPRC, 0.0, 0.9, 0.5, 0.1, 1, 18801.8268, 7729.538, 0, 4020
SPPRC, 0.1, 0.8, 0.5, 0.1, 1, 18801.8268, 13802.9665, 0, 3072
SPPRC, 0.0, 0.9, 0.5, 0.1, 1, 18715.777, 9784.4606, 0, 2821
SPPRC, 0.1, 0.8, 0.5, 0.1, 1, 18693.7473, 10773.6498, 0, 2721
SPPRC, 0.1, 0.8, 0.5, 0.1, 1, 18677.6681, 13508.8823, 0, 2403
SPPRC, 0.0, 0.9, 0.6, 0.1, 1, 18585.839, 12941.7589, 0, 2549
SPPRC, 0.1, 0.8, 0.5, 0.1, 1, 18573.2846, 13420.1908, 0, 2487
SPPRC, 0.0, 0.9, 0.6, 0.1, 1, 18525.4787, 7865.8697, 0, 2119
SPPRC, 0.1, 0.8, 0.5, 0.1, 1, 18518.6511, 15511.1872, 0, 1877
SPPRC, 0.0, 0.9, 0.6, 0.1, 1, 18448.731, 15591.7915, 0, 1849
SPPRC, 0.1, 0.9, 0.6, 0.1, 1, 18365.702, 15834.4761, 0, 1856
SPPRC, 0.0, 1.0, 0.6, 0.1, 1, 18333.032, 16178.357, 0, 1607
SPPRC, 0.0, 1.0, 0.6, 0.1, 1, 18313.1337, 16682.9863, 0, 1581
SPPRC, 0.0, 1.0, 0.6, 0.1, 1, 18245.1373, 16405.2108, 0, 1810
SPPRC, 0.1, 0.9, 0.6, 0.1, 1, 18234.0111, 15379.9051, 0, 1593
SPPRC, 0.1, 0.9, 0.6, 0.1, 1, 18231.7141, 16642.4435, 0, 1277
SPPRC, 0.1, 0.9, 0.6, 0.1, 1, 18166.6948, 16511.2127, 0, 1354
SPPRC, 0.0, 1.0, 0.6, 0.1, 1, 18131.5673, 17021.288, 0, 973
SPPRC, 0.1, 1.0, 0.6, 0.1, 1, 18099.7399, 17036.4862, 0, 721
SPPRC, 0.0, 1.0, 0.6, 0.1, 1, 18076.8278, 17020.0784, 0, 778
SPPRC, 0.1, 1.0, 0.6, 0.1, 1, 18067.9861, 16961.6882, 0, 516
SPPRC, 0.1, 1.0, 0.7, 0.1, 1, 18032.7085, 16918.4097, 0, 561
SPPRC, 0.1, 1.1, 0.7, 0.1, 1, 18022.7515, 17183.0364, 0, 421
SPPRC, 0.1, 1.1, 0.7, 0.1, 1, 18007.5315, 17177.0389, 0, 455
SPPRC, 0.1, 1.2, 0.8, 0.2, 1, 17998.0562, 17344.8477, 0, 363
SPPRC, 0.1, 1.2, 0.8, 0.2, 1, 17983.4252, 17456.6338, 0, 341
SPPRC, 0.0, 1.3, 0.9, 0.2, 1, 17977.23, 17785.9805, 0, 157
SPPRC, 0.1, 1.1, 0.7, 0.1, 1, 17967.4104, 17566.5778, 0, 130
SPPRC, 0.1, 1.2, 0.8, 0.2, 1, 17965.0585, 17848.3498, 0, 69
SPPRC, -0.0, 1.2, 0.8, 0.1, 1, 17963.5242, 17894.8345, 0, 17
SPPRC, -0.0, 1.2, 0.8, 0.2, 1, 17962.8644, 17913.7878, 0, 14
SPPRC, -0.0, 1.2, 0.8, 0.2, 1, 17962.683, 17944.0418, 0, 1
SPPRC, -0.0, 1.2, 0.8, 0.2, 1, 17962.669, 17961.572, 0, 1
SPPRC, -0.0, 1.2, 0.8, 0.1, 1, 17962.6684, 17962.6684, 0, 0
scip_total_time, 20193.729893
Solval, number of paths, impact cutoff
17962.668381376785, 191, 0.0001
Elementary, 2-Cycle, Path Value, Path
True, True, 0.1175, (0, 115, 97, 196, 108, 178, 107, 171, 47, 129, 121, 166, 0)
False, False, 0.1111, (0, 86, 6, 28, 6, 28, 6, 28, 6, 28, 6, 86, 0)
False, False, 0.1405, (0, 101, 53, 101, 53, 101, 53, 101, 53, 101, 53, 0)
False, False, 0.0237, (0, 41, 31, 41, 31, 41, 31, 41, 31, 41, 31, 41, 0)
False, False, 0.0792, (0, 31, 41, 31, 41, 31, 41, 31, 41, 31, 41, 31, 0)
False, False, 0.1765, (0, 61, 42, 21, 42, 21, 42, 21, 42, 21, 42, 61, 0)
False, False, 0.0298, (0, 58, 33, 39, 33, 39, 33, 39, 33, 39, 33, 17, 0)
False, False, 0.0405, (0, 51, 11, 56, 11, 56, 11, 56, 11, 56, 11, 56, 11, 51, 0)
False, False, 0.038, (0, 29, 95, 29, 95, 29, 86, 29, 86, 92, 85, 0)
False, False, 0.0591, (0, 26, 189, 38, 189, 38, 189, 38, 189, 38, 63, 0)
False, False, 0.1194, (0, 26, 19, 80, 46, 20, 46, 20, 46, 80, 19, 0)
False, False, 0.1429, (0, 141, 140, 141, 140, 141, 140, 141, 140, 141, 140, 141, 140, 141, 0)
False, False, 0.25, (0, 63, 45, 50, 45, 50, 45, 50, 45, 63, 96, 0)
False, False, 0.1408, (0, 58, 84, 7, 67, 7, 67, 7, 67, 7, 67, 7, 84, 0)
False, False, 0.1101, (0, 17, 43, 88, 64, 37, 64, 88, 43, 17, 0)
False, False, 0.0417, (0, 174, 100, 15, 34, 15, 34, 15, 34, 15, 100, 0)
False, False, 0.2, (0, 145, 142, 145, 142, 145, 142, 145, 142, 145, 142, 0)
False, False, 0.0298, (0, 88, 64, 37, 60, 37, 60, 37, 64, 88, 43, 0)
False, False, 0.1404, (0, 173, 65, 143, 128, 143, 128, 143, 128, 143, 128, 143, 65, 173, 0)
False, False, 0.1116, (0, 90, 177, 173, 177, 173, 177, 173, 177, 173, 177, 173, 96, 0)
False, False, 0.0887, (0, 118, 159, 98, 159, 98, 159, 98, 159, 98, 159, 118, 0)
False, False, 0.0295, (0, 90, 177, 173, 177, 173, 177, 173, 177, 173, 177, 173, 177, 0)
False, False, 0.0043, (0, 61, 74, 3, 87, 13, 25, 91, 25, 13, 87, 3, 74, 0)
False, False, 0.1111, (0, 86, 28, 6, 28, 6, 28, 6, 28, 6, 28, 86, 0)
False, False, 0.1198, (0, 74, 3, 87, 13, 54, 13, 54, 13, 87, 3, 61, 0)
False, False, 0.1874, (0, 118, 188, 172, 188, 172, 188, 172, 188, 172, 188, 172, 193, 151, 0)
False, False, 0.211, (0, 199, 203, 144, 119, 144, 119, 144, 119, 144, 203, 199, 0)
False, False, 0.081, (0, 132, 127, 133, 127, 133, 127, 133, 127, 133, 193, 0)
False, False, 0.036, (0, 132, 127, 133, 127, 133, 127, 133, 127, 132, 104, 0)
False, False, 0.0455, (0, 76, 115, 168, 97, 196, 97, 196, 97, 168, 115, 76, 0)
False, False, 0.0406, (0, 83, 75, 49, 27, 52, 27, 52, 27, 52, 27, 49, 113, 157, 0)
False, False, 0.0948, (0, 22, 125, 117, 81, 10, 147, 185, 147, 185, 147, 201, 0)
False, False, 0.0156, (0, 185, 55, 197, 139, 156, 139, 156, 89, 156, 139, 197, 55, 185, 0)
False, False, 0.1111, (0, 73, 69, 23, 24, 23, 24, 23, 24, 23, 24, 23, 69, 73, 0)
False, False, 0.0367, (0, 151, 190, 114, 190, 114, 190, 114, 190, 104, 151, 0)
False, False, 0.3333, (0, 22, 125, 117, 81, 44, 10, 44, 10, 44, 81, 117, 125, 22, 0)
False, False, 0.1462, (0, 194, 5, 176, 109, 2, 109, 176, 5, 194, 0)
False, False, 0.1399, (0, 88, 64, 60, 37, 60, 64, 88, 43, 17, 0)
False, False, 0.2409, (0, 17, 43, 33, 39, 33, 39, 33, 43, 17, 58, 0)
False, False, 0.1808, (0, 194, 5, 176, 2, 109, 2, 176, 5, 194, 0)
False, False, 0.1129, (0, 85, 92, 85, 92, 85, 92, 85, 92, 85, 0)
False, False, 0.25, (0, 164, 78, 100, 34, 15, 34, 15, 34, 15, 100, 78, 0)
False, False, 0.0406, (0, 113, 49, 52, 27, 52, 27, 52, 27, 52, 27, 52, 49, 113, 0)
False, False, 0.25, (0, 50, 82, 35, 82, 35, 82, 35, 82, 35, 20, 19, 0)
False, False, 0.134, (0, 57, 180, 103, 146, 158, 146, 158, 146, 103, 180, 57, 0)
False, False, 0.1091, (0, 63, 38, 189, 38, 189, 38, 189, 38, 26, 63, 0)
False, False, 0.1524, (0, 118, 98, 159, 98, 159, 98, 159, 98, 118, 125, 22, 0)
False, False, 0.02, (0, 90, 194, 90, 194, 90, 194, 90, 194, 90, 194, 0)
False, False, 0.0082, (0, 151, 104, 124, 62, 124, 62, 124, 62, 124, 104, 0)
False, False, 0.0539, (0, 126, 108, 178, 107, 171, 107, 171, 107, 178, 108, 196, 0)
False, False, 0.1577, (0, 62, 18, 182, 200, 182, 200, 182, 18, 152, 109, 0)
False, False, 0.0081, (0, 126, 107, 171, 107, 171, 107, 171, 107, 178, 108, 97, 0)
False, False, 0.1602, (0, 8, 9, 187, 111, 187, 111, 187, 111, 187, 9, 8, 1, 0)
False, False, 0.1429, (0, 185, 197, 139, 156, 89, 93, 89, 156, 139, 197, 55, 185, 140, 0)
False, False, 0.1091, (0, 63, 189, 38, 189, 38, 189, 38, 189, 26, 63, 0)
False, False, 0.1181, (0, 58, 84, 95, 67, 95, 29, 95, 29, 95, 84, 0)
False, False, 0.3134, (0, 90, 170, 167, 131, 123, 155, 123, 131, 167, 170, 90, 0)
False, False, 0.2727, (0, 168, 175, 161, 130, 161, 130, 161, 175, 168, 115, 0)
False, False, 0.015, (0, 160, 113, 162, 71, 179, 71, 179, 71, 162, 105, 157, 77, 0)
False, False, 0.0449, (0, 160, 113, 162, 71, 179, 71, 179, 71, 162, 113, 160, 183, 0)
False, False, 0.038, (0, 89, 93, 165, 163, 184, 163, 184, 163, 184, 163, 184, 163, 57, 0)
False, False, 0.0909, (0, 115, 168, 175, 130, 161, 130, 161, 130, 175, 168, 0)
False, True, 0.2387, (0, 26, 83, 75, 49, 80, 46, 20, 80, 19, 83, 26, 0)
False, False, 0.0518, (0, 120, 99, 72, 30, 174, 30, 174, 30, 72, 99, 0)
False, False, 0.1587, (0, 51, 56, 40, 94, 40, 94, 40, 94, 40, 94, 40, 94, 11, 51, 0)
False, False, 0.0504, (0, 57, 165, 180, 103, 158, 103, 158, 103, 180, 165, 57, 0)
False, False, 0.0909, (0, 191, 115, 168, 175, 130, 175, 130, 175, 168, 115, 138, 0)
False, False, 0.0696, (0, 152, 116, 119, 48, 36, 48, 36, 48, 36, 48, 203, 199, 0)
False, False, 0.0847, (0, 61, 3, 87, 13, 25, 91, 25, 91, 54, 11, 51, 0)
False, False, 0.0434, (0, 106, 155, 16, 198, 181, 198, 181, 198, 181, 198, 16, 155, 106, 0)
False, False, 0.0503, (0, 9, 112, 129, 47, 129, 47, 129, 47, 129, 47, 129, 112, 9, 0)
False, False, 0.0561, (0, 156, 89, 93, 57, 165, 57, 165, 57, 93, 89, 156, 0)
False, False, 0.053, (0, 199, 203, 119, 48, 36, 48, 36, 48, 36, 48, 203, 199, 0)
False, False, 0.1892, (0, 169, 32, 72, 30, 174, 30, 72, 99, 120, 186, 0)
False, False, 0.0236, (0, 105, 179, 99, 72, 30, 174, 30, 72, 99, 120, 0)
False, False, 0.0931, (0, 56, 11, 54, 91, 25, 91, 25, 91, 54, 11, 51, 0)
False, False, 0.123, (0, 194, 5, 109, 2, 109, 2, 109, 5, 194, 0)
False, False, 0.0556, (0, 3, 41, 31, 41, 31, 41, 31, 41, 31, 41, 69, 73, 0)
False, False, 0.0278, (0, 74, 3, 87, 13, 87, 13, 87, 13, 87, 3, 74, 51, 0)
False, False, 0.225, (0, 169, 32, 174, 52, 27, 52, 27, 52, 27, 49, 75, 83, 0)
False, False, 0.0458, (0, 69, 24, 23, 24, 23, 24, 23, 24, 23, 24, 69, 73, 0)
False, False, 0.1583, (0, 152, 200, 148, 116, 148, 116, 148, 116, 148, 200, 152, 0)
False, False, 0.2813, (0, 201, 147, 102, 14, 102, 14, 102, 14, 147, 201, 0)
False, False, 0.0654, (0, 69, 24, 23, 24, 23, 24, 23, 24, 23, 24, 69, 61, 0)
False, False, 0.0704, (0, 61, 74, 51, 74, 51, 74, 51, 74, 51, 74, 61, 0)
False, False, 0.1211, (0, 65, 143, 128, 32, 174, 30, 174, 30, 72, 32, 65, 0)
False, False, 0.046, (0, 3, 87, 41, 31, 41, 31, 41, 31, 41, 31, 87, 3, 0)
False, False, 0.1366, (0, 104, 114, 190, 114, 190, 114, 190, 114, 104, 151, 0)
False, False, 0.1442, (0, 106, 150, 202, 135, 136, 12, 136, 12, 136, 12, 202, 150, 0)
False, False, 0.1203, (0, 153, 160, 113, 75, 49, 75, 49, 75, 49, 75, 83, 26, 0)
False, False, 0.2458, (0, 76, 97, 196, 178, 107, 171, 107, 171, 47, 112, 9, 0)
False, False, 0.1761, (0, 118, 76, 191, 138, 191, 138, 191, 138, 191, 138, 76, 117, 0)
False, False, 0.0767, (0, 121, 129, 47, 171, 107, 171, 107, 171, 47, 112, 9, 0)
False, False, 0.2374, (0, 151, 104, 124, 70, 62, 70, 62, 70, 124, 2, 176, 0)
False, False, 0.0833, (0, 32, 174, 78, 100, 78, 100, 78, 100, 78, 100, 78, 32, 0)
False, False, 0.0904, (0, 185, 137, 55, 197, 139, 197, 139, 197, 55, 137, 147, 201, 0)
False, False, 0.0312, (0, 81, 10, 14, 137, 55, 137, 55, 137, 14, 10, 81, 0)
False, False, 0.0792, (0, 201, 185, 137, 55, 137, 55, 137, 55, 137, 185, 201, 0)
False, False, 0.2659, (0, 193, 132, 195, 154, 133, 127, 133, 154, 195, 132, 193, 0)
False, False, 0.1295, (0, 83, 19, 80, 46, 20, 46, 20, 46, 80, 19, 0)
False, False, 0.0417, (0, 174, 78, 100, 34, 15, 34, 15, 34, 100, 78, 174, 0)
False, False, 0.25, (0, 73, 69, 59, 4, 59, 4, 59, 4, 59, 4, 69, 73, 0)
False, False, 0.0007, (0, 150, 202, 135, 136, 135, 136, 135, 12, 135, 202, 150, 0)
False, False, 0.1717, (0, 183, 160, 113, 122, 157, 122, 157, 122, 157, 122, 157, 79, 77, 0)
False, False, 0.25, (0, 137, 55, 197, 139, 156, 110, 66, 110, 66, 110, 66, 110, 66, 56, 0)
False, False, 0.0312, (0, 201, 81, 10, 102, 14, 102, 14, 102, 10, 81, 22, 0)
False, False, 0.0721, (0, 106, 181, 202, 135, 12, 135, 12, 135, 202, 181, 106, 0)
False, False, 0.0969, (0, 57, 180, 103, 158, 146, 158, 146, 158, 165, 93, 197, 0)
False, False, 0.0888, (0, 74, 3, 87, 13, 54, 25, 91, 25, 13, 87, 3, 74, 0)
False, False, 0.1404, (0, 65, 128, 143, 128, 32, 72, 30, 72, 99, 120, 186, 0)
False, False, 0.172, (0, 58, 39, 84, 95, 29, 86, 29, 86, 92, 85, 0)
False, False, 0.0438, (0, 90, 177, 167, 131, 123, 155, 123, 155, 123, 131, 167, 90, 0)
False, False, 0.1403, (0, 199, 203, 36, 48, 36, 48, 36, 48, 36, 119, 203, 199, 0)
False, False, 0.0063, (0, 139, 93, 165, 180, 158, 146, 158, 180, 165, 93, 139, 0)
False, False, 0.0989, (0, 1, 166, 121, 112, 111, 187, 111, 187, 111, 9, 8, 1, 0)
False, False, 0.0718, (0, 170, 106, 123, 155, 16, 198, 181, 198, 16, 164, 169, 65, 0)
False, False, 0.1085, (0, 18, 200, 116, 148, 116, 148, 116, 136, 12, 202, 150, 0)
False, False, 0.0869, (0, 92, 85, 92, 85, 92, 86, 29, 95, 29, 58, 0)
False, False, 0.0806, (0, 170, 106, 155, 16, 198, 181, 198, 16, 155, 123, 106, 170, 0)
False, False, 0.0959, (0, 151, 104, 124, 70, 124, 70, 124, 70, 124, 104, 151, 0)
False, False, 0.0375, (0, 152, 18, 200, 148, 116, 148, 116, 148, 116, 148, 18, 0)
False, False, 0.0519, (0, 195, 199, 203, 144, 119, 144, 119, 144, 203, 199, 195, 0)
False, False, 0.0141, (0, 173, 65, 169, 164, 16, 198, 16, 164, 169, 131, 167, 0)
False, False, 0.0118, (0, 22, 125, 118, 159, 98, 159, 98, 159, 98, 118, 125, 22, 0)
False, False, 0.2037, (0, 89, 93, 165, 180, 184, 163, 184, 163, 165, 93, 89, 156, 0)
False, False, 0.026, (0, 92, 85, 92, 85, 92, 86, 29, 95, 84, 58, 0)
False, False, 0.0946, (0, 177, 65, 169, 164, 16, 164, 16, 164, 169, 65, 177, 0)
False, False, 0.0045, (0, 19, 80, 20, 46, 20, 46, 20, 80, 19, 63, 0)
False, False, 0.0325, (0, 137, 197, 139, 156, 89, 93, 89, 156, 139, 197, 55, 137, 0)
False, False, 0.0962, (0, 96, 153, 160, 122, 157, 122, 157, 122, 113, 160, 153, 183, 0)
False, False, 0.2711, (0, 96, 77, 79, 77, 79, 77, 79, 153, 183, 96, 0)
False, False, 0.1214, (0, 62, 132, 195, 154, 195, 154, 127, 154, 195, 132, 62, 0)
False, False, 0.0636, (0, 166, 134, 68, 126, 192, 149, 126, 149, 126, 68, 134, 0)
False, True, 0.1143, (0, 61, 74, 3, 87, 13, 54, 91, 25, 54, 11, 51, 0)
False, False, 0.015, (0, 186, 120, 99, 179, 99, 179, 71, 162, 105, 157, 79, 0)
False, False, 0.191, (0, 186, 120, 105, 162, 71, 179, 99, 179, 71, 162, 105, 0)
True, True, 0.2491, (0, 152, 18, 182, 150, 181, 198, 16, 164, 169, 131, 167, 0)
False, False, 0.054, (0, 183, 153, 160, 113, 105, 162, 105, 162, 105, 120, 186, 0)
False, False, 0.0588, (0, 61, 42, 21, 73, 21, 73, 21, 73, 21, 42, 21, 61, 0)
False, False, 0.2458, (0, 115, 97, 196, 108, 178, 108, 178, 108, 196, 97, 76, 0)
False, False, 0.0512, (0, 118, 76, 138, 191, 138, 191, 138, 191, 138, 191, 10, 81, 0)
False, False, 0.135, (0, 106, 150, 202, 135, 136, 12, 136, 135, 202, 181, 155, 106, 0)
False, False, 0.156, (0, 57, 163, 184, 103, 146, 158, 146, 103, 180, 165, 93, 139, 0)
False, False, 0.0642, (0, 58, 17, 43, 33, 39, 84, 39, 33, 43, 17, 0)
False, False, 0.0227, (0, 29, 95, 29, 86, 29, 95, 67, 95, 84, 58, 0)
False, False, 0.03, (0, 170, 106, 155, 181, 198, 181, 198, 181, 150, 182, 18, 152, 0)
False, False, 0.0399, (0, 8, 121, 129, 47, 129, 47, 129, 112, 121, 8, 1, 0)
False, False, 0.0365, (0, 89, 165, 180, 184, 163, 184, 163, 184, 180, 165, 89, 156, 0)
False, False, 0.0826, (0, 124, 62, 18, 182, 200, 182, 200, 182, 18, 152, 0)
False, False, 0.0743, (0, 198, 101, 53, 101, 53, 101, 53, 101, 53, 198, 181, 0)
False, False, 0.0987, (0, 39, 84, 95, 67, 7, 67, 7, 67, 7, 84, 58, 0)
False, False, 0.0413, (0, 185, 56, 94, 40, 94, 40, 94, 40, 94, 40, 94, 40, 56, 11, 56, 0)
False, False, 0.0315, (0, 166, 121, 112, 129, 112, 129, 47, 129, 112, 111, 187, 9, 154, 0)
False, False, 0.0106, (0, 186, 120, 179, 99, 179, 71, 179, 71, 179, 120, 186, 0)
False, False, 0.2532, (0, 166, 134, 68, 126, 192, 149, 192, 149, 192, 149, 126, 0)
False, False, 0.0829, (0, 166, 121, 112, 129, 47, 129, 47, 129, 112, 111, 9, 8, 0)
False, False, 0.1719, (0, 185, 56, 11, 54, 91, 25, 91, 25, 13, 87, 3, 74, 0)
False, False, 0.0015, (0, 160, 113, 75, 49, 80, 19, 80, 19, 80, 19, 75, 83, 0)
False, False, 0.0224, (0, 90, 170, 106, 123, 155, 123, 155, 123, 155, 123, 106, 167, 90, 0)
False, False, 0.0062, (0, 183, 153, 157, 122, 157, 122, 157, 122, 157, 122, 153, 183, 0)
False, False, 0.2202, (0, 88, 64, 37, 60, 37, 60, 37, 60, 64, 88, 0)
False, False, 0.0177, (0, 199, 203, 48, 36, 48, 36, 48, 36, 48, 36, 48, 116, 0)
False, False, 0.0249, (0, 106, 155, 16, 198, 181, 198, 16, 164, 16, 164, 169, 65, 0)
False, False, 0.0362, (0, 193, 132, 127, 154, 127, 154, 127, 133, 127, 132, 193, 0)
False, False, 0.0057, (0, 160, 113, 75, 49, 80, 46, 80, 49, 75, 83, 26, 0)
False, False, 0.086, (0, 57, 163, 184, 180, 103, 158, 146, 158, 103, 184, 163, 57, 0)
False, False, 0.0041, (0, 186, 120, 99, 72, 174, 30, 174, 32, 128, 143, 65, 0)
False, False, 0.0224, (0, 170, 106, 155, 16, 164, 16, 164, 16, 164, 169, 131, 0)
False, False, 0.0811, (0, 1, 166, 134, 68, 121, 112, 129, 112, 121, 68, 134, 0)
False, False, 0.0479, (0, 118, 159, 193, 190, 114, 190, 114, 190, 114, 193, 151, 0)
False, False, 0.0325, (0, 186, 120, 99, 72, 30, 72, 32, 128, 143, 65, 177, 0)
False, False, 0.0052, (0, 8, 121, 112, 121, 112, 129, 47, 129, 112, 121, 8, 0)
False, False, 0.0312, (0, 125, 117, 81, 10, 102, 14, 102, 10, 81, 117, 125, 22, 0)
False, False, 0.0004, (0, 115, 97, 196, 108, 178, 107, 171, 107, 178, 108, 97, 0)
False, False, 0.0569, (0, 152, 18, 200, 12, 135, 12, 135, 136, 135, 202, 150, 0)
False, False, 0.0999, (0, 5, 176, 104, 190, 114, 190, 114, 190, 104, 151, 0)
False, False, 0.0313, (0, 201, 147, 185, 137, 55, 137, 55, 137, 147, 201, 0)
False, False, 0.0086, (0, 151, 176, 2, 124, 62, 124, 62, 124, 104, 151, 0)
False, False, 0.0754, (0, 186, 120, 99, 179, 71, 179, 71, 179, 71, 105, 186, 0)
False, False, 0.0157, (0, 118, 193, 188, 172, 188, 172, 188, 172, 188, 172, 193, 159, 118, 0)
False, False, 0.0142, (0, 76, 108, 178, 107, 171, 107, 171, 107, 178, 108, 126, 0)
False, False, 0.0257, (0, 186, 120, 105, 162, 105, 162, 105, 157, 160, 153, 183, 0)
False, False, 0.0881, (0, 186, 120, 99, 179, 71, 179, 99, 71, 105, 120, 186, 0)
False, False, 0.172, (0, 1, 8, 166, 134, 68, 134, 68, 121, 8, 1, 0)
False, False, 0.0654, (0, 170, 150, 202, 135, 136, 135, 136, 12, 135, 202, 150, 0)
False, False, 0.0015, (0, 139, 89, 165, 180, 184, 163, 184, 180, 165, 93, 89, 139, 0)
False, False, 0.0217, (0, 9, 187, 111, 187, 111, 187, 111, 187, 111, 187, 111, 187, 9, 0)
False, False, 0.162, (0, 183, 153, 160, 113, 162, 105, 162, 113, 160, 153, 183, 0)
False, False, 0.0496, (0, 134, 121, 126, 192, 149, 192, 126, 68, 134, 166, 1, 0)
False, True, 0.0496, (0, 1, 8, 121, 126, 192, 149, 126, 68, 121, 166, 1, 0)
False, False, 0.014, (0, 1, 134, 68, 126, 192, 149, 192, 126, 121, 8, 1, 0)
all_elementary, False
all_cyc2, False
