Instance, X-n327-k20
capacity, 128
min_trucks, 20
output_file, output_uchoa/X-n327-k20-SPPRC.log
Start date, 2022-07-01
Start time, 20-17-17
capacity, 128
num_vehicles, 20
abort_early, False
methods, ['SPPRC']
max_vars, 100
time_limit, 86400
farley, False
ESPPRC_heur, True
initial time, initial max_it, max_stale_it
1, 20000.0, 20
heuristic Number of routes, heuristic Best Solution Value, heuristic number of iterations, adjusted time, adjusted max_it, measured total time
283536, 27579.0, 20000, 1, 20000.0, 26991.1
method, python time, total time, propagated dominance time, unpropagated dominance time, pricing_success, upper_bound, lower_bound, abort_early, num_paths, 
SPPRC, 0.1, 3.5, 2.8, 0.3, 1, 27178.6705, -7788.6221, 0, 10598
SPPRC, 0.1, 3.6, 2.9, 0.3, 1, 27178.6705, -3459.1219, 0, 10393
SPPRC, 0.1, 3.8, 3.0, 0.3, 1, 27178.6705, 16684.9481, 0, 7344
SPPRC, 0.1, 3.7, 2.9, 0.3, 1, 27178.0606, 18986.5984, 0, 6375
SPPRC, 0.1, 3.7, 2.9, 0.3, 1, 27155.7929, 11005.2242, 0, 8544
SPPRC, 0.1, 4.0, 3.1, 0.4, 1, 27155.7929, 14009.2327, 0, 8051
SPPRC, 0.1, 3.7, 2.9, 0.3, 1, 27155.7929, 20126.0714, 0, 6458
SPPRC, 0.0, 3.7, 2.8, 0.3, 1, 27115.7162, 20891.001, 0, 6448
SPPRC, 0.1, 3.6, 2.8, 0.3, 1, 27112.6231, 22040.0107, 0, 5714
SPPRC, 0.1, 2.0, 1.6, 0.2, 1, 26996.7381, -51836.7567, 0, 11075
SPPRC, 0.0, 3.8, 2.9, 0.3, 1, 26996.7381, 15655.4767, 0, 6555
SPPRC, 0.1, 3.8, 2.9, 0.3, 1, 26975.0256, 16853.2113, 0, 6538
SPPRC, 0.0, 3.9, 2.9, 0.4, 1, 26970.3491, 18430.3491, 0, 5360
SPPRC, 0.0, 4.1, 3.1, 0.4, 1, 26966.3767, 21111.9785, 0, 5503
SPPRC, 0.0, 4.1, 3.1, 0.4, 1, 26941.7965, 20361.4383, 0, 5714
SPPRC, 0.1, 4.0, 3.0, 0.4, 1, 26939.3534, 21526.4608, 0, 5050
SPPRC, 0.1, 3.7, 2.8, 0.4, 1, 26915.9826, 22072.8558, 0, 5140
SPPRC, 0.1, 3.7, 2.9, 0.4, 1, 26862.421, 21613.3398, 0, 4229
SPPRC, 0.1, 3.7, 2.9, 0.4, 1, 26847.3695, 22692.0434, 0, 4099
SPPRC, 0.0, 3.7, 2.8, 0.4, 1, 26822.4114, 22105.6377, 0, 4618
SPPRC, 0.0, 4.0, 3.0, 0.4, 1, 26809.7227, 22346.2022, 0, 4188
SPPRC, 0.0, 3.9, 2.9, 0.4, 1, 26789.2606, 21507.8206, 0, 4272
SPPRC, 0.0, 4.2, 3.1, 0.4, 1, 26787.9629, 23071.8362, 0, 4036
SPPRC, 0.0, 4.2, 3.2, 0.4, 1, 26747.2162, 21089.4933, 0, 4670
SPPRC, 0.0, 3.6, 2.7, 0.3, 1, 26719.1783, 20640.9968, 0, 4589
SPPRC, 0.1, 3.7, 2.8, 0.4, 1, 26717.7777, 22888.5485, 0, 4095
SPPRC, 0.0, 3.6, 2.7, 0.3, 1, 26689.3146, 22632.0132, 0, 3951
SPPRC, 0.0, 3.5, 2.6, 0.3, 1, 26654.5405, 22915.3045, 0, 3532
SPPRC, 0.1, 3.6, 2.7, 0.4, 1, 26638.513, 22880.5581, 0, 3559
SPPRC, 0.1, 3.6, 2.8, 0.4, 1, 26633.4223, 23444.002, 0, 3510
SPPRC, 0.1, 3.7, 2.8, 0.4, 1, 26619.2091, 18010.1354, 0, 4834
SPPRC, 0.1, 3.8, 2.8, 0.4, 1, 26617.3107, 23280.7461, 0, 3537
SPPRC, 0.0, 4.0, 3.0, 0.4, 1, 26594.0674, 23034.0202, 0, 3627
SPPRC, 0.1, 4.0, 3.0, 0.4, 1, 26573.8742, 22507.9059, 0, 3896
SPPRC, 0.0, 4.1, 3.0, 0.4, 1, 26550.445, 21853.0977, 0, 3842
SPPRC, 0.0, 3.9, 2.9, 0.4, 1, 26545.9772, 23442.0943, 0, 3223
SPPRC, 0.1, 3.9, 3.0, 0.4, 1, 26514.6994, 23871.6752, 0, 3138
SPPRC, 0.1, 3.5, 2.7, 0.3, 1, 26479.7741, 23936.3788, 0, 2707
SPPRC, 0.0, 3.5, 2.6, 0.3, 1, 26441.538, 23671.9892, 0, 3012
SPPRC, 0.1, 3.4, 2.6, 0.3, 1, 26411.6753, 23829.5913, 0, 2744
SPPRC, 0.1, 3.5, 2.7, 0.4, 1, 26406.0942, 23977.3707, 0, 2662
SPPRC, 0.1, 3.8, 2.9, 0.4, 1, 26375.9435, 21199.025, 0, 3045
SPPRC, 0.0, 3.6, 2.7, 0.4, 1, 26375.9435, 23410.3463, 0, 2876
SPPRC, 0.0, 4.0, 3.0, 0.4, 1, 26365.5506, 23943.0879, 0, 2508
SPPRC, 0.1, 4.0, 3.0, 0.4, 1, 26355.1375, 24039.1749, 0, 2627
SPPRC, 0.0, 3.9, 2.9, 0.4, 1, 26346.405, 24227.4277, 0, 2211
SPPRC, 0.1, 3.9, 2.9, 0.4, 1, 26332.4594, 22367.947, 0, 2627
SPPRC, 0.0, 3.9, 2.9, 0.4, 1, 26332.2974, 23954.5488, 0, 2426
SPPRC, 0.1, 3.9, 2.9, 0.4, 1, 26318.8985, 23461.9076, 0, 2271
SPPRC, 0.1, 3.9, 2.9, 0.4, 1, 26318.5989, 24638.88, 0, 1877
SPPRC, 0.1, 4.1, 3.1, 0.4, 1, 26292.8838, 18679.0794, 0, 4534
SPPRC, 0.1, 4.0, 3.0, 0.4, 1, 26290.5502, 23809.4871, 0, 2597
SPPRC, 0.1, 3.9, 2.9, 0.4, 1, 26288.9983, 24429.6951, 0, 1839
SPPRC, 0.1, 3.8, 2.8, 0.4, 1, 26280.7406, 24609.2229, 0, 1575
SPPRC, 0.1, 3.9, 2.9, 0.4, 1, 26252.414, 22236.402, 0, 2712
SPPRC, 0.1, 3.9, 2.9, 0.4, 1, 26250.9557, 23270.4389, 0, 1885
SPPRC, 0.0, 4.0, 2.9, 0.4, 1, 26248.3391, 24407.8019, 0, 1701
SPPRC, 0.0, 3.9, 2.9, 0.4, 1, 26229.1056, 23827.8943, 0, 1699
SPPRC, 0.1, 3.9, 2.9, 0.4, 1, 26223.2489, 24470.883, 0, 1534
SPPRC, 0.0, 3.6, 2.7, 0.4, 1, 26212.8304, 24902.6072, 0, 1403
SPPRC, 0.1, 3.4, 2.6, 0.3, 1, 26193.5532, 23762.4429, 0, 1507
SPPRC, 0.0, 3.5, 2.6, 0.3, 1, 26193.0009, 24910.6691, 0, 1252
SPPRC, 0.0, 3.4, 2.5, 0.3, 1, 26167.8321, 24740.6337, 0, 1244
SPPRC, 0.1, 3.7, 2.8, 0.4, 1, 26157.781, 24779.9933, 0, 1094
SPPRC, 0.1, 3.6, 2.7, 0.4, 1, 26129.7154, 24743.49, 0, 1159
SPPRC, 0.0, 3.8, 2.8, 0.4, 1, 26119.5272, 21872.915, 0, 2263
SPPRC, 0.0, 3.5, 2.6, 0.4, 1, 26119.2202, 25011.0289, 0, 1050
SPPRC, 0.0, 3.8, 2.8, 0.4, 1, 26089.107, 24662.9636, 0, 1196
SPPRC, 0.0, 3.9, 2.9, 0.4, 1, 26082.9355, 25154.4335, 0, 931
SPPRC, 0.1, 3.8, 2.8, 0.4, 1, 26075.4101, 24977.0962, 0, 837
SPPRC, 0.1, 3.7, 2.7, 0.4, 1, 26047.4277, 25100.8168, 0, 751
SPPRC, 0.0, 3.9, 2.9, 0.4, 1, 26032.6205, 25249.74, 0, 659
SPPRC, 0.1, 3.7, 2.8, 0.4, 1, 26016.9868, 25165.238, 0, 635
SPPRC, 0.0, 3.5, 2.6, 0.4, 1, 26004.9026, 25384.6363, 0, 585
SPPRC, 0.0, 3.5, 2.6, 0.4, 1, 25990.0459, 25333.5154, 0, 454
SPPRC, 0.1, 3.5, 2.6, 0.4, 1, 25978.7346, 25348.6818, 0, 401
SPPRC, 0.0, 3.5, 2.6, 0.4, 1, 25965.7309, 25373.5871, 0, 330
SPPRC, 0.1, 3.4, 2.6, 0.3, 1, 25959.1119, 25566.2168, 0, 260
SPPRC, 0.0, 3.6, 2.7, 0.4, 1, 25947.7205, 25488.1644, 0, 226
SPPRC, 0.1, 3.5, 2.6, 0.4, 1, 25939.3503, 25458.6211, 0, 198
SPPRC, 0.0, 3.5, 2.6, 0.4, 1, 25934.5638, 25669.3893, 0, 197
SPPRC, 0.1, 3.9, 2.9, 0.4, 1, 25930.9966, 25737.3528, 0, 158
SPPRC, 0.0, 3.9, 2.9, 0.4, 1, 25927.2606, 25712.895, 0, 112
SPPRC, 0.0, 3.9, 2.9, 0.4, 1, 25924.4148, 25770.1183, 0, 94
SPPRC, -0.0, 3.5, 2.6, 0.4, 1, 25922.6002, 25806.9152, 0, 58
SPPRC, 0.0, 3.5, 2.6, 0.4, 1, 25921.0722, 25785.5958, 0, 58
SPPRC, 0.0, 3.4, 2.5, 0.3, 1, 25920.1962, 25814.6769, 0, 43
SPPRC, 0.0, 3.4, 2.5, 0.3, 1, 25919.826, 25892.0578, 0, 22
SPPRC, 0.0, 3.4, 2.6, 0.3, 1, 25919.4742, 25899.0789, 0, 17
SPPRC, 0.0, 3.4, 2.5, 0.3, 1, 25919.3429, 25894.6099, 0, 13
SPPRC, 0.0, 3.4, 2.5, 0.3, 1, 25919.1914, 25910.8901, 0, 4
SPPRC, 0.0, 3.5, 2.6, 0.4, 1, 25919.1901, 25911.9033, 0, 1
SPPRC, 0.0, 3.5, 2.6, 0.4, 1, 25919.1878, 25919.1878, 0, 0
scip_total_time, 28314.642264
Solval, number of paths, impact cutoff
25919.18781971064, 295, 0.0001
Elementary, 2-Cycle, Path Value, Path
False, False, 0.0102, (0, 102, 218, 89, 76, 189, 76, 189, 76, 189, 76, 189, 76, 189, 76, 89, 218, 102, 0)
False, False, 0.1171, (0, 239, 55, 244, 55, 244, 55, 244, 55, 244, 55, 244, 55, 244, 55, 239, 0)
False, False, 0.0198, (0, 284, 160, 136, 160, 136, 160, 136, 160, 136, 160, 136, 160, 136, 160, 136, 284, 0)
False, False, 0.0011, (0, 237, 195, 237, 195, 237, 195, 237, 195, 237, 195, 237, 195, 237, 195, 237, 268, 0)
False, False, 0.0769, (0, 230, 13, 80, 13, 80, 13, 80, 13, 80, 13, 80, 13, 80, 13, 230, 0)
False, False, 0.0499, (0, 238, 57, 241, 34, 241, 34, 241, 34, 241, 34, 241, 34, 241, 34, 241, 57, 238, 0)
False, False, 0.0613, (0, 32, 241, 131, 320, 131, 320, 131, 320, 131, 320, 131, 320, 131, 320, 57, 0)
False, False, 0.125, (0, 95, 15, 264, 323, 264, 323, 264, 323, 264, 323, 264, 323, 264, 323, 264, 323, 264, 15, 155, 16, 0)
False, False, 0.0769, (0, 95, 15, 86, 203, 86, 203, 86, 203, 86, 203, 86, 203, 86, 203, 86, 15, 95, 87, 0)
False, False, 0.0943, (0, 16, 155, 14, 47, 91, 158, 59, 158, 59, 158, 91, 47, 14, 62, 2, 310, 39, 0)
False, False, 0.0075, (0, 228, 125, 289, 125, 289, 125, 289, 125, 289, 125, 289, 125, 289, 125, 289, 125, 294, 0)
False, False, 0.1366, (0, 250, 272, 137, 186, 137, 186, 137, 186, 137, 186, 137, 186, 137, 186, 137, 186, 272, 250, 0)
False, False, 0.0385, (0, 250, 272, 262, 304, 262, 304, 262, 304, 262, 304, 262, 304, 262, 304, 262, 272, 228, 0)
False, False, 0.0567, (0, 250, 272, 262, 304, 262, 304, 262, 304, 262, 304, 262, 304, 262, 304, 262, 272, 250, 0)
False, False, 0.0053, (0, 266, 174, 317, 102, 317, 102, 317, 102, 317, 102, 317, 102, 317, 102, 317, 102, 317, 102, 317, 102, 317, 174, 266, 0)
False, False, 0.0191, (0, 271, 183, 249, 16, 155, 16, 155, 16, 155, 16, 155, 16, 155, 16, 155, 16, 155, 16, 240, 168, 0)
False, False, 0.0986, (0, 95, 15, 323, 31, 162, 46, 109, 65, 109, 65, 109, 46, 162, 31, 161, 117, 0)
False, False, 0.0417, (0, 248, 23, 188, 295, 188, 295, 188, 295, 188, 295, 188, 295, 188, 295, 188, 23, 248, 289, 0)
False, False, 0.039, (0, 290, 201, 316, 94, 18, 314, 69, 314, 69, 314, 69, 314, 18, 94, 175, 201, 290, 0)
False, False, 0.0718, (0, 267, 284, 136, 160, 136, 160, 136, 160, 136, 160, 136, 160, 136, 284, 267, 0)
False, False, 0.059, (0, 9, 73, 133, 77, 38, 142, 123, 75, 54, 75, 54, 123, 142, 38, 77, 133, 73, 9, 0)
False, False, 0.1158, (0, 32, 130, 93, 151, 82, 51, 97, 51, 97, 51, 97, 51, 97, 51, 97, 51, 82, 151, 93, 130, 32, 0)
False, False, 0.1159, (0, 219, 268, 282, 148, 282, 148, 282, 148, 282, 148, 282, 148, 282, 268, 219, 0)
False, False, 0.0162, (0, 58, 253, 263, 253, 263, 253, 263, 253, 263, 253, 263, 253, 219, 0)
False, False, 0.002, (0, 294, 278, 63, 126, 190, 126, 190, 126, 190, 126, 190, 126, 190, 126, 190, 126, 63, 278, 294, 58, 0)
False, False, 0.1889, (0, 148, 297, 124, 318, 171, 259, 171, 259, 171, 259, 171, 259, 171, 318, 124, 297, 0)
False, False, 0.1, (0, 297, 124, 318, 259, 184, 212, 184, 212, 184, 212, 184, 212, 184, 259, 318, 124, 297, 0)
False, False, 0.0666, (0, 110, 70, 178, 322, 326, 299, 326, 299, 326, 299, 326, 299, 326, 322, 178, 70, 110, 181, 238, 0)
False, False, 0.1516, (0, 238, 181, 110, 70, 178, 322, 299, 326, 299, 326, 299, 326, 299, 322, 178, 70, 110, 181, 238, 0)
False, False, 0.057, (0, 9, 73, 133, 115, 77, 5, 38, 5, 38, 5, 38, 5, 38, 5, 77, 115, 133, 73, 9, 0)
False, False, 0.0962, (0, 204, 60, 129, 52, 25, 52, 25, 52, 25, 52, 25, 52, 25, 52, 25, 52, 25, 129, 60, 204, 0)
False, False, 0.056, (0, 252, 260, 39, 310, 2, 62, 143, 62, 143, 62, 143, 62, 143, 147, 2, 310, 39, 260, 0)
False, False, 0.0157, (0, 247, 273, 196, 175, 79, 152, 79, 152, 79, 152, 79, 152, 79, 175, 196, 290, 167, 247, 0)
False, False, 0.0004, (0, 41, 117, 161, 69, 162, 46, 65, 109, 65, 109, 65, 46, 162, 69, 161, 117, 0)
False, False, 0.0051, (0, 61, 231, 116, 22, 45, 22, 45, 22, 45, 22, 45, 22, 276, 193, 37, 187, 0)
False, False, 0.0284, (0, 100, 8, 321, 261, 293, 226, 293, 226, 293, 226, 293, 226, 261, 321, 8, 100, 0)
False, False, 0.0735, (0, 239, 211, 111, 174, 128, 301, 128, 301, 103, 301, 128, 103, 128, 103, 128, 174, 111, 211, 239, 0)
False, False, 0.0347, (0, 298, 127, 235, 67, 112, 67, 112, 67, 112, 67, 112, 67, 112, 67, 235, 127, 298, 255, 0)
False, False, 0.1178, (0, 41, 161, 31, 162, 46, 109, 65, 109, 65, 109, 65, 46, 162, 31, 161, 117, 0)
False, False, 0.0769, (0, 95, 15, 203, 86, 203, 86, 203, 86, 203, 86, 203, 86, 203, 86, 203, 15, 95, 0)
False, False, 0.0001, (0, 130, 93, 151, 97, 5, 38, 142, 123, 54, 123, 54, 123, 54, 123, 142, 38, 5, 97, 151, 93, 0)
False, False, 0.0036, (0, 95, 15, 323, 156, 135, 156, 135, 156, 135, 156, 135, 156, 135, 156, 135, 156, 323, 15, 95, 0)
False, False, 0.0563, (0, 275, 187, 37, 193, 276, 22, 45, 22, 140, 22, 276, 193, 37, 187, 275, 191, 0)
False, False, 0.1197, (0, 58, 263, 236, 165, 236, 165, 236, 165, 236, 165, 236, 165, 236, 165, 236, 165, 236, 263, 58, 0)
False, False, 0.1239, (0, 141, 149, 300, 153, 210, 99, 221, 99, 221, 99, 221, 296, 154, 223, 311, 224, 0)
False, False, 0.0298, (0, 228, 50, 302, 100, 166, 274, 83, 274, 83, 274, 83, 274, 83, 166, 100, 302, 50, 228, 0)
False, False, 0.1774, (0, 32, 98, 9, 73, 133, 82, 115, 90, 77, 90, 115, 82, 133, 73, 9, 98, 0)
False, False, 0.1491, (0, 95, 15, 44, 156, 135, 156, 135, 156, 135, 156, 135, 156, 135, 156, 135, 44, 15, 95, 0)
False, False, 0.1368, (0, 58, 250, 157, 270, 213, 270, 213, 270, 213, 270, 213, 270, 213, 157, 250, 58, 0)
False, False, 0.2, (0, 33, 313, 66, 254, 40, 92, 40, 92, 40, 92, 40, 92, 40, 254, 66, 313, 33, 0)
False, False, 0.0588, (0, 304, 224, 311, 20, 311, 20, 149, 20, 149, 20, 149, 20, 311, 224, 304, 0)
False, False, 0.0361, (0, 224, 239, 244, 55, 244, 55, 244, 55, 244, 55, 244, 55, 244, 239, 224, 0)
False, False, 0.0178, (0, 291, 10, 309, 24, 121, 101, 139, 101, 139, 101, 139, 101, 121, 24, 309, 10, 61, 0)
False, False, 0.0052, (0, 95, 15, 28, 156, 135, 156, 135, 156, 135, 156, 135, 156, 135, 156, 135, 156, 28, 15, 95, 0)
False, False, 0.0333, (0, 185, 222, 243, 49, 267, 284, 267, 284, 267, 284, 267, 49, 243, 222, 292, 0)
False, False, 0.1606, (0, 231, 116, 43, 242, 104, 150, 104, 150, 104, 150, 104, 150, 84, 150, 104, 242, 43, 116, 231, 0)
False, False, 0.1141, (0, 278, 63, 126, 190, 197, 23, 188, 295, 188, 295, 188, 295, 188, 23, 197, 190, 126, 63, 278, 0)
False, False, 0.0596, (0, 39, 310, 2, 147, 62, 189, 76, 189, 76, 189, 76, 189, 62, 143, 147, 2, 310, 39, 0)
False, False, 0.0769, (0, 126, 190, 120, 251, 120, 251, 120, 251, 120, 251, 120, 251, 120, 251, 120, 190, 30, 0)
False, False, 0.0075, (0, 204, 60, 129, 74, 132, 113, 84, 113, 84, 113, 84, 113, 84, 150, 104, 242, 43, 309, 277, 66, 0)
False, False, 0.1763, (0, 16, 155, 14, 47, 59, 158, 28, 44, 28, 44, 28, 44, 28, 158, 59, 47, 14, 155, 16, 0)
False, False, 0.1306, (0, 308, 291, 10, 309, 24, 121, 280, 146, 201, 146, 280, 121, 24, 309, 10, 291, 173, 0)
False, False, 0.2367, (0, 291, 10, 309, 24, 121, 139, 101, 139, 101, 139, 101, 139, 121, 24, 309, 10, 291, 0)
False, False, 0.0163, (0, 290, 201, 316, 94, 18, 94, 18, 94, 18, 94, 18, 94, 18, 94, 18, 94, 175, 201, 290, 0)
False, False, 0.1165, (0, 32, 130, 93, 151, 82, 115, 90, 77, 90, 51, 90, 115, 82, 151, 93, 130, 98, 0)
False, False, 0.0022, (0, 238, 57, 320, 131, 204, 131, 204, 131, 204, 131, 204, 131, 320, 57, 238, 0)
False, False, 0.0587, (0, 93, 151, 97, 5, 38, 142, 123, 142, 123, 142, 123, 142, 38, 5, 77, 133, 73, 9, 0)
False, False, 0.1751, (0, 32, 98, 42, 241, 34, 42, 34, 42, 34, 42, 34, 42, 98, 32, 0)
False, False, 0.2, (0, 308, 173, 291, 10, 233, 118, 233, 118, 233, 118, 233, 118, 233, 118, 116, 231, 285, 322, 0)
False, False, 0.044, (0, 179, 307, 168, 315, 229, 315, 229, 315, 229, 315, 168, 307, 179, 8, 100, 0)
False, False, 0.0458, (0, 294, 63, 78, 145, 134, 163, 138, 163, 138, 163, 134, 145, 78, 63, 294, 0)
False, False, 0.0564, (0, 58, 253, 165, 237, 195, 237, 195, 237, 195, 237, 195, 237, 165, 237, 268, 219, 0)
False, False, 0.0341, (0, 255, 294, 125, 289, 125, 289, 125, 289, 125, 289, 125, 289, 125, 289, 125, 294, 255, 0)
False, False, 0.1588, (0, 39, 310, 2, 62, 14, 47, 91, 158, 91, 59, 91, 59, 91, 47, 14, 155, 16, 0)
False, False, 0.0494, (0, 60, 129, 74, 132, 113, 84, 119, 21, 11, 21, 11, 21, 119, 84, 113, 132, 45, 116, 0)
False, False, 0.0015, (0, 96, 176, 169, 17, 194, 177, 269, 177, 269, 177, 269, 177, 269, 177, 269, 177, 194, 17, 169, 176, 227, 0)
False, False, 0.0643, (0, 163, 138, 7, 286, 207, 306, 207, 306, 207, 306, 207, 286, 7, 138, 163, 278, 0)
False, False, 0.1278, (0, 219, 268, 195, 237, 195, 237, 195, 237, 195, 237, 195, 237, 195, 268, 219, 0)
False, False, 0.0222, (0, 33, 313, 216, 290, 196, 215, 196, 215, 196, 215, 196, 290, 216, 313, 33, 0)
False, False, 0.0087, (0, 261, 39, 310, 2, 147, 143, 147, 143, 147, 143, 147, 143, 62, 143, 147, 2, 310, 39, 260, 0)
False, False, 0.0295, (0, 39, 310, 2, 62, 14, 47, 91, 59, 158, 28, 44, 28, 44, 28, 158, 59, 155, 16, 0)
False, False, 0.0769, (0, 30, 190, 251, 120, 251, 120, 251, 120, 251, 120, 251, 120, 251, 120, 251, 126, 63, 0)
False, False, 0.0679, (0, 260, 39, 310, 2, 147, 143, 147, 143, 147, 143, 147, 143, 147, 62, 147, 2, 310, 39, 260, 0)
False, False, 0.105, (0, 278, 134, 163, 138, 163, 138, 163, 138, 163, 138, 163, 134, 78, 278, 0)
False, False, 0.0053, (0, 88, 286, 308, 225, 164, 258, 164, 258, 164, 258, 164, 225, 308, 286, 7, 88, 0)
False, False, 0.0702, (0, 231, 116, 43, 242, 43, 242, 43, 242, 43, 242, 43, 242, 43, 242, 43, 242, 43, 116, 231, 0)
False, False, 0.0316, (0, 58, 250, 157, 270, 157, 270, 157, 270, 157, 270, 213, 157, 250, 58, 0)
False, False, 0.118, (0, 127, 235, 67, 112, 53, 26, 114, 64, 114, 29, 114, 26, 53, 112, 67, 235, 127, 0)
False, False, 0.0947, (0, 58, 250, 157, 270, 157, 270, 157, 213, 157, 213, 157, 213, 157, 250, 58, 0)
False, False, 0.0382, (0, 39, 310, 2, 62, 14, 47, 91, 158, 28, 158, 59, 91, 47, 14, 62, 2, 310, 39, 0)
False, False, 0.0766, (0, 290, 201, 316, 94, 18, 314, 69, 31, 69, 31, 69, 314, 18, 94, 316, 201, 290, 0)
False, False, 0.0594, (0, 309, 24, 121, 101, 21, 107, 144, 107, 144, 107, 144, 107, 144, 11, 119, 113, 132, 0)
False, False, 0.0191, (0, 155, 15, 323, 31, 162, 46, 65, 109, 65, 109, 65, 46, 162, 31, 161, 117, 41, 0)
False, False, 0.022, (0, 311, 223, 154, 211, 170, 172, 170, 172, 170, 172, 170, 172, 170, 211, 205, 303, 224, 0)
False, False, 0.0633, (0, 241, 204, 60, 129, 19, 74, 19, 74, 19, 74, 19, 74, 19, 129, 60, 204, 0)
False, False, 0.007, (0, 219, 268, 237, 165, 236, 165, 236, 165, 236, 165, 236, 165, 236, 165, 236, 165, 237, 268, 219, 0)
False, False, 0.0088, (0, 16, 155, 59, 28, 135, 156, 135, 156, 135, 156, 135, 156, 135, 156, 135, 28, 44, 15, 95, 0)
False, False, 0.097, (0, 311, 223, 154, 211, 170, 172, 170, 172, 170, 172, 170, 172, 170, 172, 170, 211, 239, 0)
False, False, 0.1243, (0, 247, 290, 201, 175, 79, 152, 79, 152, 79, 152, 79, 152, 79, 152, 79, 175, 215, 41, 247, 0)
False, False, 0.1789, (0, 141, 300, 153, 210, 221, 296, 154, 296, 154, 296, 221, 210, 153, 300, 141, 0)
False, False, 0.0979, (0, 185, 292, 255, 287, 56, 287, 56, 287, 56, 287, 56, 287, 255, 292, 185, 0)
False, False, 0.0718, (0, 267, 284, 160, 136, 160, 136, 160, 136, 160, 136, 160, 136, 160, 136, 160, 284, 0)
False, False, 0.2, (0, 294, 125, 289, 48, 30, 48, 30, 48, 30, 48, 30, 48, 289, 125, 294, 255, 0)
False, False, 0.0769, (0, 50, 248, 23, 319, 256, 319, 256, 319, 256, 319, 256, 319, 256, 319, 23, 248, 0)
False, False, 0.1393, (0, 126, 88, 7, 286, 308, 225, 173, 225, 173, 225, 173, 225, 173, 225, 308, 286, 138, 134, 0)
False, False, 0.035, (0, 185, 292, 222, 243, 159, 49, 159, 49, 159, 49, 159, 49, 243, 222, 292, 185, 0)
False, False, 0.0081, (0, 130, 93, 151, 54, 123, 142, 123, 142, 123, 142, 123, 142, 38, 5, 77, 133, 73, 9, 0)
False, False, 0.0072, (0, 35, 202, 305, 257, 122, 71, 122, 71, 122, 71, 122, 71, 122, 305, 202, 35, 324, 0)
False, False, 0.1642, (0, 181, 110, 70, 178, 164, 258, 61, 36, 285, 36, 61, 258, 164, 178, 70, 110, 181, 238, 0)
False, False, 0.1213, (0, 272, 304, 224, 303, 205, 303, 205, 303, 205, 303, 205, 303, 205, 303, 224, 262, 272, 0)
False, False, 0.0225, (0, 126, 88, 7, 286, 308, 225, 173, 225, 173, 225, 173, 225, 173, 225, 308, 286, 7, 88, 0)
False, False, 0.0393, (0, 127, 235, 67, 112, 53, 26, 114, 26, 53, 26, 53, 26, 53, 112, 67, 235, 127, 0)
False, False, 0.0786, (0, 181, 110, 70, 178, 164, 258, 61, 285, 36, 285, 61, 258, 164, 225, 308, 286, 88, 0)
False, False, 0.0494, (0, 231, 45, 132, 113, 84, 119, 11, 144, 107, 144, 107, 144, 11, 119, 84, 113, 132, 19, 0)
False, False, 0.0303, (0, 181, 110, 70, 178, 164, 258, 61, 285, 36, 285, 36, 285, 61, 258, 164, 207, 138, 0)
False, False, 0.1304, (0, 247, 220, 245, 265, 273, 214, 273, 214, 273, 214, 167, 216, 92, 313, 33, 0)
False, False, 0.1054, (0, 66, 254, 277, 280, 146, 316, 1, 316, 1, 316, 1, 175, 1, 316, 146, 280, 277, 254, 66, 0)
False, False, 0.0219, (0, 88, 7, 286, 308, 225, 164, 258, 61, 36, 285, 36, 61, 173, 308, 286, 7, 88, 0)
False, False, 0.2331, (0, 191, 106, 187, 37, 193, 276, 140, 45, 140, 22, 276, 193, 37, 187, 275, 191, 0)
False, False, 0.05, (0, 88, 7, 286, 164, 258, 61, 36, 285, 36, 285, 36, 61, 258, 164, 306, 163, 0)
False, False, 0.1456, (0, 292, 298, 127, 235, 105, 230, 105, 230, 105, 230, 105, 230, 105, 127, 298, 255, 0)
False, False, 0.081, (0, 228, 141, 149, 20, 149, 20, 149, 20, 149, 20, 149, 20, 311, 224, 262, 272, 0)
False, False, 0.0589, (0, 98, 130, 72, 68, 72, 68, 72, 68, 204, 131, 320, 131, 320, 131, 320, 57, 0)
False, False, 0.0167, (0, 96, 176, 169, 17, 108, 177, 269, 177, 269, 177, 269, 177, 269, 177, 269, 177, 108, 17, 169, 176, 227, 0)
False, False, 0.0702, (0, 277, 309, 242, 104, 150, 84, 119, 11, 119, 11, 21, 11, 119, 84, 113, 132, 74, 129, 60, 0)
False, False, 0.0447, (0, 278, 163, 138, 88, 7, 88, 7, 88, 7, 88, 7, 88, 7, 88, 134, 278, 0)
False, False, 0.0705, (0, 228, 50, 302, 246, 302, 246, 302, 246, 302, 246, 302, 246, 302, 246, 302, 246, 302, 141, 50, 228, 0)
False, False, 0.1537, (0, 248, 197, 192, 271, 183, 249, 87, 249, 87, 249, 87, 249, 183, 271, 192, 295, 23, 248, 0)
False, False, 0.1875, (0, 266, 174, 317, 102, 218, 89, 4, 81, 3, 81, 3, 81, 3, 4, 89, 218, 102, 317, 0)
False, False, 0.0207, (0, 238, 57, 241, 42, 241, 42, 241, 42, 241, 42, 241, 42, 241, 42, 241, 57, 238, 0)
False, False, 0.0769, (0, 222, 230, 80, 13, 80, 13, 80, 13, 80, 13, 80, 13, 80, 13, 80, 230, 0)
False, False, 0.035, (0, 16, 155, 59, 91, 158, 28, 44, 28, 44, 28, 44, 28, 158, 91, 47, 14, 155, 16, 0)
False, False, 0.0567, (0, 98, 9, 73, 133, 82, 115, 90, 77, 90, 77, 90, 115, 133, 73, 9, 29, 0)
False, False, 0.0972, (0, 204, 60, 129, 19, 74, 19, 74, 19, 74, 19, 74, 132, 45, 22, 116, 231, 0)
False, False, 0.1003, (0, 324, 281, 321, 261, 252, 182, 260, 182, 252, 182, 252, 182, 252, 35, 99, 153, 300, 0)
False, False, 0.1399, (0, 247, 220, 245, 273, 196, 215, 196, 215, 196, 215, 41, 117, 41, 198, 217, 0)
False, False, 0.0768, (0, 239, 218, 89, 76, 189, 76, 189, 76, 189, 76, 189, 76, 189, 76, 89, 218, 239, 0)
False, False, 0.0623, (0, 228, 50, 246, 100, 166, 83, 166, 83, 166, 83, 166, 83, 166, 100, 246, 50, 228, 0)
False, False, 0.0499, (0, 130, 93, 151, 97, 5, 38, 142, 123, 142, 123, 54, 75, 54, 75, 54, 75, 54, 151, 93, 130, 0)
False, False, 0.0507, (0, 204, 60, 129, 54, 75, 54, 75, 54, 75, 54, 75, 123, 142, 38, 5, 77, 133, 73, 9, 0)
False, False, 0.0499, (0, 19, 132, 113, 119, 21, 107, 144, 107, 144, 107, 144, 11, 119, 84, 113, 132, 19, 0)
False, False, 0.061, (0, 130, 93, 151, 82, 115, 77, 5, 38, 5, 38, 5, 38, 5, 77, 115, 133, 73, 9, 29, 0)
False, False, 0.1005, (0, 33, 313, 66, 254, 277, 290, 196, 215, 196, 215, 196, 290, 277, 254, 66, 313, 33, 0)
False, False, 0.0013, (0, 96, 176, 169, 17, 108, 177, 199, 269, 199, 269, 199, 269, 199, 269, 199, 269, 199, 269, 284, 267, 49, 0)
False, False, 0.0453, (0, 275, 19, 132, 113, 84, 119, 11, 21, 11, 21, 11, 119, 84, 113, 132, 74, 129, 60, 0)
False, False, 0.021, (0, 322, 187, 37, 193, 276, 140, 45, 140, 45, 140, 22, 140, 22, 116, 231, 61, 0)
False, False, 0.2222, (0, 96, 297, 124, 318, 200, 208, 200, 208, 200, 208, 194, 108, 17, 169, 176, 96, 0)
False, False, 0.0179, (0, 322, 187, 37, 193, 276, 140, 22, 45, 22, 45, 22, 276, 193, 37, 187, 322, 0)
False, False, 0.094, (0, 185, 222, 243, 159, 49, 159, 49, 159, 49, 159, 49, 159, 243, 222, 185, 0)
False, False, 0.0668, (0, 127, 235, 67, 112, 53, 26, 114, 64, 29, 64, 29, 64, 114, 26, 53, 67, 235, 0)
False, False, 0.0265, (0, 313, 277, 280, 146, 316, 1, 316, 1, 316, 1, 175, 1, 175, 1, 316, 146, 280, 277, 313, 0)
False, False, 0.1279, (0, 127, 235, 67, 112, 53, 26, 114, 64, 29, 64, 29, 64, 114, 26, 53, 112, 105, 0)
False, False, 0.1746, (0, 278, 63, 126, 78, 145, 78, 145, 78, 145, 134, 145, 78, 63, 278, 294, 0)
False, False, 0.0425, (0, 181, 110, 70, 178, 322, 326, 322, 326, 299, 326, 299, 326, 299, 326, 322, 178, 70, 110, 181, 0)
False, False, 0.122, (0, 322, 106, 187, 37, 193, 276, 140, 22, 45, 22, 276, 193, 37, 187, 275, 191, 0)
False, False, 0.081, (0, 239, 244, 312, 180, 312, 180, 312, 180, 312, 180, 312, 180, 172, 170, 239, 0)
False, False, 0.0151, (0, 239, 211, 111, 174, 317, 102, 317, 102, 317, 102, 317, 102, 317, 102, 317, 102, 317, 102, 317, 174, 111, 211, 0)
False, False, 0.0596, (0, 260, 39, 310, 2, 147, 143, 62, 189, 76, 189, 76, 189, 76, 89, 218, 102, 317, 266, 0)
False, False, 0.0204, (0, 322, 187, 37, 193, 276, 22, 45, 22, 45, 22, 276, 193, 37, 187, 275, 57, 0)
False, False, 0.0119, (0, 58, 253, 263, 253, 263, 253, 263, 253, 263, 253, 263, 253, 58, 0)
False, False, 0.0527, (0, 277, 146, 316, 94, 18, 314, 69, 314, 18, 94, 18, 94, 161, 152, 175, 201, 290, 0)
False, False, 0.0292, (0, 33, 313, 277, 280, 146, 316, 1, 175, 1, 175, 1, 175, 1, 316, 146, 280, 277, 66, 0)
False, False, 0.0274, (0, 260, 39, 310, 2, 62, 189, 76, 189, 76, 189, 62, 143, 62, 2, 310, 39, 260, 0)
False, False, 0.0078, (0, 168, 240, 16, 155, 95, 325, 288, 325, 288, 325, 288, 325, 288, 325, 288, 325, 288, 325, 288, 325, 95, 87, 0)
False, False, 0.0437, (0, 294, 30, 190, 197, 295, 188, 295, 188, 295, 188, 295, 188, 295, 188, 23, 248, 50, 228, 0)
False, False, 0.0788, (0, 67, 112, 53, 26, 114, 29, 64, 29, 64, 29, 64, 29, 114, 26, 53, 112, 67, 235, 0)
False, False, 0.0601, (0, 272, 224, 311, 20, 311, 20, 149, 20, 149, 20, 149, 20, 311, 224, 272, 0)
False, False, 0.0809, (0, 41, 117, 161, 94, 18, 314, 69, 31, 69, 314, 18, 94, 18, 94, 175, 201, 290, 0)
False, False, 0.1155, (0, 99, 202, 305, 257, 122, 71, 122, 71, 122, 71, 122, 257, 305, 202, 35, 153, 300, 0)
False, False, 0.0775, (0, 292, 222, 243, 49, 267, 284, 267, 284, 267, 284, 267, 284, 267, 49, 243, 0)
False, False, 0.0074, (0, 66, 254, 277, 280, 146, 201, 1, 175, 1, 175, 1, 175, 1, 175, 215, 41, 288, 217, 0)
False, False, 0.025, (0, 311, 223, 154, 211, 266, 111, 266, 111, 266, 111, 266, 111, 266, 111, 266, 111, 266, 211, 154, 223, 311, 0)
False, False, 0.0124, (0, 179, 307, 168, 315, 229, 85, 240, 85, 229, 85, 229, 315, 168, 307, 179, 8, 0)
False, False, 0.0625, (0, 111, 317, 102, 218, 89, 4, 81, 4, 81, 4, 81, 3, 4, 89, 218, 102, 317, 174, 266, 0)
False, False, 0.0707, (0, 277, 24, 121, 101, 21, 11, 21, 11, 21, 119, 84, 113, 132, 74, 129, 60, 204, 0)
False, False, 0.0971, (0, 222, 243, 49, 267, 284, 269, 199, 177, 199, 177, 199, 177, 199, 177, 199, 177, 269, 284, 267, 49, 0)
False, False, 0.1112, (0, 57, 191, 6, 275, 6, 275, 106, 6, 106, 6, 106, 6, 275, 6, 191, 57, 0)
False, False, 0.1692, (0, 8, 319, 256, 321, 209, 206, 209, 206, 209, 206, 209, 206, 209, 206, 321, 256, 319, 8, 100, 0)
False, False, 0.1239, (0, 210, 99, 35, 202, 305, 283, 27, 283, 27, 283, 27, 283, 27, 305, 202, 35, 99, 210, 0)
False, False, 0.1551, (0, 219, 268, 253, 263, 253, 263, 253, 263, 253, 263, 253, 268, 219, 0)
False, False, 0.1373, (0, 41, 117, 161, 31, 162, 46, 162, 46, 65, 109, 65, 46, 162, 69, 314, 161, 117, 0)
False, False, 0.0258, (0, 277, 24, 121, 101, 21, 11, 21, 11, 21, 119, 84, 150, 104, 242, 43, 116, 231, 0)
False, False, 0.0391, (0, 141, 300, 153, 210, 221, 296, 221, 210, 221, 210, 221, 210, 153, 300, 141, 0)
False, False, 0.1417, (0, 185, 292, 255, 287, 298, 56, 298, 56, 298, 56, 287, 298, 56, 287, 255, 292, 185, 0)
False, False, 0.0429, (0, 58, 219, 268, 282, 148, 282, 148, 282, 148, 282, 148, 282, 268, 219, 58, 0)
False, False, 0.036, (0, 255, 298, 127, 235, 105, 230, 105, 230, 105, 230, 105, 235, 127, 298, 287, 255, 0)
False, False, 0.0885, (0, 292, 222, 243, 159, 232, 227, 232, 227, 232, 227, 232, 227, 232, 159, 243, 222, 292, 0)
False, False, 0.0501, (0, 58, 294, 125, 289, 125, 289, 125, 289, 125, 289, 125, 289, 50, 289, 125, 294, 0)
False, False, 0.0134, (0, 197, 192, 271, 183, 234, 12, 234, 12, 234, 12, 234, 12, 234, 183, 271, 192, 23, 0)
False, False, 0.0696, (0, 217, 198, 279, 245, 167, 216, 167, 216, 167, 216, 167, 216, 167, 216, 92, 313, 33, 0)
False, False, 0.0628, (0, 252, 260, 39, 310, 2, 147, 143, 147, 143, 147, 143, 147, 143, 62, 143, 147, 2, 310, 39, 0)
False, False, 0.0582, (0, 117, 161, 69, 162, 46, 109, 65, 109, 65, 109, 46, 162, 31, 161, 117, 41, 0)
False, False, 0.0066, (0, 238, 57, 320, 131, 320, 131, 320, 131, 320, 131, 320, 131, 204, 320, 57, 0)
False, False, 0.0306, (0, 60, 129, 74, 132, 113, 84, 119, 21, 119, 21, 119, 11, 119, 84, 113, 132, 74, 129, 60, 0)
False, False, 0.1425, (0, 134, 88, 7, 286, 207, 306, 207, 306, 207, 306, 207, 306, 207, 286, 7, 88, 126, 63, 0)
False, False, 0.0143, (0, 33, 313, 277, 280, 146, 201, 1, 316, 1, 316, 1, 316, 1, 201, 146, 280, 277, 254, 66, 0)
False, False, 0.0383, (0, 130, 93, 151, 97, 5, 38, 142, 123, 54, 75, 54, 75, 123, 142, 38, 5, 97, 151, 93, 130, 0)
False, False, 0.0372, (0, 238, 181, 110, 70, 178, 322, 285, 36, 285, 36, 285, 36, 61, 258, 164, 306, 163, 0)
False, False, 0.093, (0, 176, 169, 17, 108, 194, 177, 269, 199, 269, 199, 269, 199, 269, 199, 269, 199, 177, 108, 17, 169, 176, 0)
False, False, 0.0527, (0, 33, 313, 254, 277, 280, 146, 280, 146, 280, 146, 280, 146, 280, 277, 254, 66, 308, 0)
False, False, 0.119, (0, 239, 172, 312, 180, 312, 180, 312, 180, 312, 180, 312, 180, 172, 170, 205, 0)
False, False, 0.0374, (0, 223, 211, 111, 174, 128, 301, 128, 301, 128, 301, 128, 301, 103, 301, 128, 174, 111, 211, 223, 0)
False, False, 0.1247, (0, 228, 50, 302, 100, 166, 274, 166, 274, 83, 274, 83, 274, 166, 100, 302, 50, 228, 0)
False, False, 0.0018, (0, 127, 235, 67, 112, 53, 26, 114, 64, 29, 64, 29, 64, 114, 26, 53, 112, 230, 0)
False, False, 0.0288, (0, 247, 290, 201, 1, 175, 79, 152, 79, 152, 79, 152, 79, 152, 79, 175, 1, 201, 290, 167, 247, 0)
False, False, 0.0134, (0, 248, 197, 192, 179, 307, 12, 234, 12, 234, 12, 234, 12, 307, 179, 23, 248, 0)
False, False, 0.0451, (0, 106, 187, 37, 193, 276, 140, 45, 140, 45, 140, 45, 22, 116, 231, 61, 258, 0)
False, False, 0.017, (0, 250, 304, 224, 311, 223, 205, 303, 205, 303, 205, 303, 205, 223, 205, 223, 311, 224, 272, 0)
False, False, 0.0045, (0, 60, 129, 74, 132, 113, 84, 119, 21, 119, 21, 119, 11, 21, 101, 121, 24, 309, 277, 0)
False, False, 0.0494, (0, 60, 129, 74, 132, 113, 84, 21, 107, 144, 107, 144, 107, 21, 101, 121, 24, 309, 0)
False, False, 0.0993, (0, 247, 41, 117, 152, 161, 94, 18, 314, 69, 31, 69, 314, 18, 94, 175, 201, 290, 0)
False, False, 0.0001, (0, 185, 292, 255, 298, 56, 298, 56, 298, 56, 298, 56, 298, 56, 287, 255, 292, 185, 0)
False, False, 0.0163, (0, 266, 174, 317, 102, 218, 89, 76, 189, 76, 189, 76, 189, 76, 189, 62, 2, 310, 39, 0)
False, False, 0.0251, (0, 66, 254, 277, 280, 146, 201, 1, 316, 1, 316, 1, 175, 1, 201, 146, 280, 277, 254, 66, 0)
False, False, 0.0846, (0, 217, 198, 288, 325, 288, 325, 288, 325, 288, 325, 288, 325, 288, 325, 288, 325, 288, 325, 288, 325, 288, 325, 95, 0)
False, False, 0.0628, (0, 32, 130, 93, 151, 82, 51, 97, 51, 97, 51, 90, 77, 90, 115, 133, 73, 9, 98, 0)
False, False, 0.0281, (0, 127, 235, 67, 112, 53, 26, 114, 64, 29, 64, 29, 114, 26, 53, 67, 235, 127, 0)
False, False, 0.1097, (0, 204, 60, 129, 54, 75, 54, 75, 123, 142, 123, 142, 123, 142, 38, 5, 97, 151, 93, 130, 0)
False, False, 0.0914, (0, 19, 132, 113, 119, 11, 144, 107, 144, 107, 144, 107, 144, 107, 21, 84, 113, 132, 0)
False, False, 0.0728, (0, 138, 306, 164, 258, 61, 36, 285, 36, 285, 36, 61, 258, 164, 306, 138, 163, 0)
False, False, 0.0296, (0, 61, 231, 116, 22, 45, 140, 45, 140, 45, 140, 45, 140, 276, 193, 37, 187, 0)
False, False, 0.0096, (0, 190, 197, 192, 271, 183, 249, 87, 249, 87, 249, 87, 249, 87, 249, 183, 271, 192, 197, 190, 0)
False, False, 0.0653, (0, 231, 116, 43, 242, 104, 150, 113, 52, 25, 52, 25, 52, 25, 52, 25, 52, 25, 129, 60, 204, 0)
False, False, 0.0961, (0, 217, 198, 279, 245, 265, 273, 214, 273, 214, 265, 245, 279, 198, 217, 0)
False, False, 0.1141, (0, 141, 149, 300, 324, 281, 153, 210, 99, 221, 296, 154, 296, 154, 223, 311, 224, 0)
False, False, 0.0666, (0, 57, 191, 6, 275, 106, 275, 6, 106, 6, 106, 6, 106, 6, 191, 181, 238, 0)
False, False, 0.0142, (0, 248, 197, 192, 271, 183, 87, 249, 87, 249, 87, 249, 87, 183, 87, 183, 271, 192, 197, 248, 0)
False, False, 0.022, (0, 272, 137, 186, 137, 186, 262, 304, 262, 304, 262, 304, 262, 304, 262, 304, 262, 272, 0)
False, False, 0.011, (0, 290, 201, 175, 152, 161, 94, 18, 314, 69, 314, 18, 94, 161, 152, 175, 201, 290, 0)
False, False, 0.0094, (0, 291, 10, 309, 43, 242, 104, 150, 104, 150, 84, 113, 84, 150, 104, 242, 43, 309, 10, 291, 0)
False, False, 0.0025, (0, 294, 278, 63, 126, 190, 126, 190, 126, 190, 126, 190, 126, 190, 126, 190, 126, 190, 126, 190, 30, 294, 0)
False, False, 0.0308, (0, 141, 324, 281, 321, 209, 206, 209, 206, 209, 206, 209, 206, 209, 206, 321, 281, 324, 300, 0)
False, False, 0.0584, (0, 130, 93, 151, 54, 75, 54, 75, 54, 75, 123, 75, 123, 142, 38, 5, 77, 133, 73, 9, 0)
False, False, 0.008, (0, 66, 277, 280, 146, 201, 1, 316, 1, 316, 1, 316, 1, 175, 1, 201, 146, 280, 277, 66, 0)
False, False, 0.0684, (0, 96, 227, 176, 169, 17, 194, 108, 194, 108, 194, 108, 194, 108, 17, 169, 176, 96, 0)
False, False, 0.0398, (0, 88, 7, 286, 308, 225, 164, 258, 164, 258, 164, 225, 308, 286, 7, 88, 134, 0)
False, False, 0.1103, (0, 8, 256, 321, 261, 252, 182, 260, 182, 260, 182, 252, 182, 252, 261, 281, 324, 141, 0)
False, False, 0.0316, (0, 324, 281, 261, 226, 229, 315, 229, 315, 229, 85, 229, 315, 168, 307, 179, 0)
False, False, 0.1064, (0, 185, 222, 243, 159, 232, 227, 232, 227, 232, 227, 232, 227, 159, 243, 222, 185, 0)
False, False, 0.2231, (0, 190, 197, 192, 271, 183, 234, 12, 234, 12, 234, 12, 234, 12, 183, 271, 192, 197, 190, 0)
False, False, 0.0199, (0, 324, 281, 261, 226, 229, 315, 229, 315, 229, 315, 168, 307, 179, 192, 197, 0)
False, False, 0.0498, (0, 223, 211, 111, 174, 128, 103, 128, 103, 301, 103, 301, 103, 128, 103, 128, 174, 111, 211, 223, 0)
False, False, 0.1274, (0, 228, 50, 246, 100, 166, 274, 83, 274, 83, 274, 83, 166, 100, 246, 302, 246, 50, 228, 0)
False, False, 0.0317, (0, 272, 304, 224, 303, 205, 303, 205, 303, 205, 303, 205, 303, 205, 303, 224, 304, 250, 0)
False, False, 0.125, (0, 266, 174, 317, 102, 218, 89, 4, 81, 3, 81, 3, 4, 3, 4, 89, 218, 102, 317, 266, 0)
False, False, 0.0142, (0, 217, 198, 279, 220, 279, 220, 279, 198, 288, 325, 288, 325, 288, 325, 288, 325, 95, 271, 0)
False, False, 0.0163, (0, 290, 201, 175, 94, 18, 314, 69, 314, 69, 314, 18, 314, 18, 94, 175, 201, 290, 0)
False, False, 0.0556, (0, 297, 124, 318, 212, 184, 212, 184, 212, 184, 212, 184, 212, 184, 212, 171, 318, 124, 297, 0)
False, False, 0.0049, (0, 247, 41, 215, 175, 79, 152, 79, 152, 79, 152, 79, 152, 79, 152, 79, 175, 201, 290, 313, 0)
False, False, 0.0151, (0, 219, 268, 282, 148, 282, 148, 282, 148, 282, 268, 282, 148, 282, 268, 219, 0)
False, False, 0.2058, (0, 238, 57, 320, 131, 320, 131, 204, 68, 72, 68, 72, 68, 72, 68, 72, 241, 57, 0)
False, False, 0.0043, (0, 238, 181, 110, 70, 178, 164, 258, 61, 285, 36, 285, 36, 61, 258, 164, 306, 163, 0)
False, False, 0.0082, (0, 185, 292, 287, 56, 287, 56, 287, 56, 287, 56, 287, 56, 287, 292, 185, 0)
False, False, 0.0479, (0, 217, 220, 245, 265, 214, 273, 265, 214, 265, 245, 220, 279, 198, 217, 0)
False, False, 0.1233, (0, 223, 211, 111, 174, 128, 301, 103, 301, 103, 301, 103, 301, 103, 128, 174, 111, 211, 223, 0)
False, False, 0.0795, (0, 247, 220, 245, 216, 167, 216, 167, 216, 167, 216, 167, 216, 167, 216, 167, 245, 220, 247, 0)
False, False, 0.0354, (0, 248, 23, 295, 192, 271, 183, 87, 249, 87, 249, 87, 249, 87, 183, 271, 192, 23, 248, 0)
False, False, 0.0444, (0, 297, 124, 318, 259, 212, 184, 212, 184, 212, 184, 212, 184, 212, 184, 212, 318, 124, 297, 0)
False, False, 0.0201, (0, 311, 223, 154, 211, 266, 111, 266, 211, 266, 111, 266, 111, 266, 111, 266, 111, 266, 211, 154, 223, 311, 0)
False, False, 0.0004, (0, 217, 288, 41, 215, 175, 79, 152, 79, 152, 79, 152, 79, 152, 79, 175, 196, 290, 313, 0)
False, False, 0.1622, (0, 324, 281, 321, 261, 293, 226, 293, 226, 293, 226, 293, 261, 321, 281, 324, 0)
False, False, 0.009, (0, 277, 309, 24, 121, 101, 21, 11, 21, 119, 11, 21, 11, 119, 84, 113, 132, 19, 0)
False, False, 0.1404, (0, 35, 202, 305, 257, 71, 257, 71, 257, 122, 71, 122, 71, 257, 305, 202, 35, 0)
False, False, 0.0149, (0, 95, 325, 288, 41, 117, 215, 196, 215, 196, 215, 196, 215, 41, 288, 325, 95, 0)
False, True, 0.0659, (0, 96, 232, 176, 169, 17, 108, 194, 208, 200, 194, 108, 17, 169, 176, 232, 96, 0)
False, False, 0.0356, (0, 153, 35, 202, 305, 283, 27, 283, 27, 283, 27, 283, 27, 283, 27, 283, 27, 283, 27, 99, 0)
False, False, 0.0584, (0, 308, 33, 247, 198, 279, 220, 279, 220, 279, 220, 279, 220, 279, 198, 217, 0)
False, False, 0.0352, (0, 247, 279, 41, 117, 215, 196, 215, 196, 215, 196, 273, 265, 245, 220, 247, 0)
False, False, 0.0042, (0, 281, 35, 202, 305, 257, 122, 71, 122, 71, 122, 71, 257, 305, 202, 35, 281, 0)
False, False, 0.0525, (0, 294, 278, 63, 126, 78, 145, 134, 145, 134, 145, 134, 145, 78, 126, 63, 294, 0)
False, False, 0.0002, (0, 324, 281, 261, 252, 182, 260, 182, 226, 293, 226, 182, 252, 35, 99, 153, 300, 0)
False, False, 0.036, (0, 311, 223, 154, 296, 266, 111, 172, 170, 172, 170, 172, 170, 211, 296, 154, 223, 311, 0)
False, False, 0.0296, (0, 8, 179, 307, 168, 315, 229, 315, 229, 315, 229, 240, 168, 307, 179, 8, 0)
False, False, 0.0316, (0, 300, 35, 202, 305, 257, 122, 257, 122, 257, 122, 257, 122, 257, 122, 305, 202, 35, 0)
False, False, 0.0084, (0, 324, 281, 261, 252, 182, 260, 182, 260, 226, 293, 226, 293, 261, 321, 8, 100, 0)
False, False, 0.1545, (0, 217, 198, 279, 265, 273, 214, 265, 214, 265, 245, 220, 279, 198, 217, 0)
False, False, 0.0088, (0, 311, 223, 154, 211, 266, 111, 266, 111, 266, 111, 266, 111, 266, 111, 266, 111, 266, 211, 205, 303, 224, 0)
False, False, 0.0333, (0, 141, 100, 8, 319, 256, 319, 256, 319, 256, 319, 256, 319, 256, 319, 188, 23, 248, 0)
False, False, 0.0089, (0, 291, 277, 280, 146, 201, 1, 316, 1, 316, 1, 316, 1, 316, 1, 201, 146, 280, 277, 291, 0)
False, False, 0.0075, (0, 300, 153, 99, 35, 252, 182, 260, 182, 252, 182, 252, 182, 252, 35, 99, 153, 300, 0)
False, False, 0.011, (0, 308, 291, 10, 309, 24, 121, 280, 146, 280, 146, 201, 146, 280, 277, 254, 66, 308, 0)
False, False, 0.1105, (0, 324, 281, 261, 293, 226, 293, 226, 260, 226, 260, 182, 252, 261, 281, 324, 0)
False, False, 0.0006, (0, 222, 243, 49, 267, 284, 267, 284, 267, 284, 267, 284, 267, 49, 222, 292, 0)
False, False, 0.0426, (0, 153, 35, 202, 305, 283, 27, 283, 27, 283, 27, 283, 27, 283, 27, 283, 27, 305, 202, 35, 0)
False, False, 0.0116, (0, 217, 220, 245, 265, 273, 265, 273, 214, 265, 245, 220, 279, 198, 217, 0)
False, False, 0.1939, (0, 179, 307, 168, 315, 229, 85, 240, 85, 240, 85, 240, 168, 307, 179, 23, 248, 0)
False, False, 0.1687, (0, 8, 179, 307, 168, 315, 229, 315, 229, 85, 240, 85, 240, 168, 307, 179, 8, 0)
False, False, 0.1337, (0, 96, 227, 176, 169, 17, 194, 208, 200, 208, 200, 194, 108, 17, 169, 176, 96, 0)
False, False, 0.009, (0, 176, 169, 17, 108, 194, 177, 269, 177, 269, 177, 269, 177, 269, 177, 269, 199, 177, 108, 17, 169, 176, 0)
False, False, 0.0339, (0, 248, 192, 271, 183, 87, 249, 87, 249, 87, 249, 87, 249, 87, 249, 87, 183, 271, 192, 197, 0)
False, False, 0.0026, (0, 217, 325, 288, 41, 117, 215, 196, 215, 196, 215, 196, 215, 41, 288, 325, 217, 0)
False, False, 0.0328, (0, 49, 267, 284, 269, 177, 269, 177, 269, 177, 269, 177, 269, 199, 177, 269, 284, 267, 49, 243, 222, 0)
False, False, 0.0157, (0, 300, 153, 35, 202, 305, 257, 122, 71, 122, 71, 122, 71, 257, 305, 202, 35, 300, 0)
False, False, 0.0011, (0, 300, 153, 35, 202, 305, 257, 122, 71, 122, 71, 122, 71, 257, 305, 202, 35, 324, 0)
False, False, 0.0122, (0, 248, 179, 307, 168, 240, 85, 229, 315, 229, 315, 168, 307, 179, 23, 248, 0)
all_elementary, False
all_cyc2, False
