Instance, X-n317-k53
capacity, 6
min_trucks, 53
output_file, output_uchoa/X-n317-k53-ng20.log
Start date, 2022-06-30
Start time, 23-34-26
capacity, 6
num_vehicles, 53
abort_early, False
methods, ['ng20']
max_vars, 100
time_limit, 86400
farley, False
ESPPRC_heur, True
initial time, initial max_it, max_stale_it
1, 20000.0, 20
heuristic Number of routes, heuristic Best Solution Value, heuristic number of iterations, adjusted time, adjusted max_it, measured total time
41291, 78413.0, 20000, 1, 20000.0, 20247.6
method, python time, total time, propagated dominance time, unpropagated dominance time, pricing_success, upper_bound, lower_bound, abort_early, num_paths, 
ESPPRC_heur, 0.0, 0.1, 0.0, 0.0, 0, 78149.1539, 58574.4872, True, 318
ESPPRC_heur, 0.0, 0.1, 0.0, 0.0, 0, 78149.1539, 74840.0266, True, 96
ESPPRC_heur, 0.0, 0.1, 0.0, 0.0, 0, 78132.6221, 76913.6221, True, 47
ESPPRC_heur, 0.0, 0.1, 0.0, 0.0, 0, 78126.738, 75780.189, True, 22
ESPPRC_heur, 0.0, 0.1, 0.0, 0.0, 0, 78126.1241, 76592.9629, True, 14
ESPPRC_heur, 0.0, 0.1, 0.0, 0.0, 0, 78125.6813, 77330.6813, True, 4
ESPPRC_heur, 0.0, 0.1, 0.0, 0.0, 0, 78124.3897, 78090.4198, True, 1
ng20, 0.1, 414.2, 241.0, 169.7, 1, 78124.3897, 77162.2202, 0, 77
ESPPRC_heur, -0.0, 0.1, 0.0, 0.0, 0, 78109.064, 77420.8673, True, 17
ng20, 0.0, 455.8, 263.5, 188.9, 1, 78108.7607, 77246.2, 0, 28
ESPPRC_heur, -0.0, 0.1, 0.0, 0.0, 0, 78108.3305, 78104.8929, True, 1
ng20, 0.0, 452.0, 258.3, 190.0, 1, 78108.3305, 78038.776, 0, 2
ng20, 0.0, 401.9, 225.1, 173.0, 1, 78108.3305, 78108.3305, 0, 0
scip_total_time, 21986.076873
Solval, number of paths, impact cutoff
78108.33053017379, 193, 0.0001
Elementary, 2-Cycle, Path Value, Path
True, True, 0.3957, (0, 118, 24, 41, 3, 276, 303, 0)
True, True, 0.4444, (0, 240, 60, 215, 237, 30, 199, 0)
True, True, 0.0968, (0, 315, 232, 180, 307, 206, 165, 0)
True, True, 0.266, (0, 188, 88, 227, 104, 142, 209, 0)
True, True, 0.3199, (0, 146, 136, 186, 291, 72, 148, 0)
True, True, 0.3333, (0, 299, 70, 218, 62, 160, 285, 0)
True, True, 0.5157, (0, 129, 274, 6, 255, 288, 277, 0)
True, True, 0.3019, (0, 40, 221, 5, 109, 53, 201, 0)
True, True, 0.2453, (0, 246, 243, 49, 178, 193, 223, 0)
True, True, 0.4843, (0, 36, 294, 46, 263, 124, 287, 0)
True, True, 0.2583, (0, 159, 29, 176, 191, 179, 236, 0)
True, True, 0.7417, (0, 140, 163, 91, 28, 172, 51, 0)
True, True, 1.0, (0, 108, 289, 92, 151, 264, 94, 0)
True, True, 0.6667, (0, 154, 220, 12, 157, 273, 192, 0)
True, True, 1.0, (0, 78, 85, 42, 155, 15, 314, 0)
True, True, 0.3199, (0, 180, 296, 226, 278, 183, 32, 0)
True, True, 0.6226, (0, 48, 98, 173, 219, 131, 1, 0)
True, True, 0.6981, (0, 73, 39, 245, 258, 305, 252, 0)
True, True, 1.0, (0, 7, 43, 233, 217, 313, 27, 0)
True, True, 1.0, (0, 54, 122, 295, 126, 34, 293, 0)
True, True, 0.1667, (0, 143, 302, 182, 149, 123, 181, 0)
True, True, 0.5, (0, 57, 297, 158, 242, 231, 286, 0)
True, True, 0.5, (0, 243, 267, 121, 100, 174, 115, 0)
True, True, 0.3333, (0, 113, 107, 304, 86, 66, 97, 0)
True, True, 0.3469, (0, 47, 147, 247, 82, 103, 213, 0)
True, True, 0.2568, (0, 175, 308, 119, 161, 229, 8, 0)
True, True, 0.1447, (0, 298, 112, 56, 239, 234, 134, 0)
True, True, 0.5, (0, 63, 135, 241, 18, 253, 200, 0)
True, True, 0.1509, (0, 255, 150, 258, 245, 305, 252, 0)
True, True, 0.6352, (0, 299, 185, 178, 193, 223, 246, 0)
True, True, 0.8333, (0, 143, 302, 182, 149, 123, 235, 0)
True, True, 0.375, (0, 198, 127, 265, 2, 312, 202, 0)
True, True, 0.5, (0, 146, 136, 291, 186, 132, 281, 0)
True, True, 0.7547, (0, 49, 52, 204, 37, 170, 269, 0)
True, True, 0.1667, (0, 107, 190, 181, 265, 2, 127, 0)
True, True, 0.3542, (0, 14, 198, 113, 77, 139, 203, 0)
True, True, 0.0656, (0, 215, 75, 282, 237, 30, 199, 0)
True, True, 0.4864, (0, 180, 226, 278, 183, 32, 45, 0)
True, True, 0.5, (0, 33, 272, 10, 164, 102, 93, 0)
True, True, 0.2547, (0, 67, 16, 116, 121, 267, 243, 0)
True, True, 0.5, (0, 242, 238, 74, 300, 249, 158, 0)
True, True, 1.0, (0, 153, 205, 89, 224, 84, 90, 0)
True, True, 0.2778, (0, 24, 41, 3, 276, 247, 147, 0)
True, True, 0.4437, (0, 111, 222, 244, 11, 301, 145, 0)
True, True, 0.1415, (0, 19, 1, 131, 219, 173, 98, 0)
True, True, 0.4686, (0, 290, 221, 5, 109, 53, 201, 0)
True, True, 0.2139, (0, 211, 175, 119, 161, 229, 8, 0)
True, True, 0.3667, (0, 80, 309, 21, 162, 311, 71, 0)
True, True, 0.4583, (0, 14, 127, 265, 2, 312, 202, 0)
True, True, 0.1877, (0, 195, 137, 47, 303, 177, 270, 0)
True, True, 0.1104, (0, 130, 200, 253, 268, 259, 194, 0)
True, True, 0.75, (0, 228, 50, 99, 152, 55, 83, 0)
True, True, 0.0094, (0, 98, 173, 219, 131, 1, 150, 0)
True, True, 0.2453, (0, 52, 67, 16, 116, 121, 267, 0)
True, True, 0.1667, (0, 40, 201, 46, 294, 210, 156, 0)
True, True, 0.17, (0, 240, 60, 237, 282, 75, 215, 0)
True, True, 0.2264, (0, 48, 98, 173, 266, 59, 298, 0)
True, True, 0.0969, (0, 257, 260, 194, 259, 268, 200, 0)
True, True, 0.5, (0, 272, 212, 36, 210, 156, 33, 0)
True, True, 0.17, (0, 114, 199, 30, 60, 240, 106, 0)
True, True, 0.6801, (0, 296, 188, 88, 209, 72, 148, 0)
True, True, 0.2781, (0, 222, 244, 11, 301, 292, 38, 0)
True, True, 0.0157, (0, 212, 36, 294, 46, 210, 156, 0)
True, True, 0.2264, (0, 39, 219, 131, 1, 19, 150, 0)
True, True, 0.6667, (0, 250, 44, 81, 134, 133, 70, 0)
True, True, 0.4437, (0, 257, 260, 316, 130, 125, 38, 0)
True, True, 0.5, (0, 93, 164, 262, 61, 105, 120, 0)
True, True, 0.2453, (0, 19, 22, 254, 283, 25, 269, 0)
True, True, 0.3333, (0, 59, 266, 56, 239, 234, 112, 0)
True, True, 0.1917, (0, 309, 21, 256, 80, 197, 236, 0)
True, True, 0.0833, (0, 162, 311, 235, 312, 202, 198, 0)
True, True, 0.1667, (0, 53, 221, 109, 5, 46, 294, 0)
True, True, 0.5136, (0, 141, 315, 307, 45, 206, 165, 0)
True, True, 0.3648, (0, 230, 166, 101, 129, 216, 185, 0)
True, True, 0.0314, (0, 109, 5, 20, 135, 241, 253, 0)
True, True, 0.0157, (0, 257, 290, 221, 53, 201, 40, 0)
True, True, 0.2708, (0, 203, 77, 189, 310, 196, 26, 0)
True, True, 0.3648, (0, 18, 110, 280, 95, 271, 20, 0)
True, True, 0.0022, (0, 194, 259, 268, 200, 130, 125, 0)
True, True, 0.1447, (0, 298, 59, 266, 56, 239, 234, 0)
True, True, 0.5, (0, 275, 286, 231, 4, 132, 281, 0)
True, True, 0.0314, (0, 201, 53, 221, 109, 5, 263, 0)
True, True, 0.021, (0, 171, 214, 58, 47, 303, 137, 0)
True, True, 0.2583, (0, 176, 191, 76, 79, 179, 236, 0)
True, True, 0.229, (0, 195, 137, 47, 24, 118, 303, 0)
True, True, 0.3176, (0, 287, 124, 263, 210, 156, 212, 0)
True, True, 0.3333, (0, 190, 181, 86, 304, 66, 97, 0)
True, True, 1.0, (0, 87, 251, 284, 31, 168, 169, 0)
True, True, 0.1582, (0, 275, 4, 64, 142, 104, 227, 0)
True, True, 0.2781, (0, 38, 292, 301, 11, 244, 145, 0)
True, True, 0.1111, (0, 30, 237, 75, 215, 60, 240, 0)
True, True, 0.3199, (0, 184, 117, 9, 199, 114, 106, 0)
True, True, 0.5, (0, 40, 290, 63, 268, 259, 194, 0)
True, True, 0.0157, (0, 40, 201, 53, 221, 290, 260, 0)
True, True, 0.4471, (0, 248, 111, 261, 187, 68, 232, 0)
True, True, 0.6801, (0, 35, 69, 9, 117, 184, 64, 0)
True, True, 0.2928, (0, 165, 206, 307, 315, 141, 82, 0)
True, True, 0.2583, (0, 159, 29, 176, 179, 79, 236, 0)
True, True, 0.2583, (0, 76, 51, 256, 309, 80, 197, 0)
True, True, 0.0314, (0, 110, 280, 95, 271, 135, 241, 0)
True, True, 0.1044, (0, 30, 237, 282, 75, 215, 60, 0)
True, True, 0.3333, (0, 250, 44, 166, 101, 230, 216, 0)
True, True, 0.0833, (0, 128, 279, 152, 55, 83, 161, 0)
True, True, 0.0833, (0, 14, 198, 202, 312, 235, 71, 0)
True, True, 0.375, (0, 26, 196, 310, 189, 139, 203, 0)
True, True, 0.2815, (0, 308, 119, 279, 128, 103, 213, 0)
True, True, 0.3333, (0, 167, 138, 207, 13, 273, 192, 0)
True, True, 0.4167, (0, 171, 214, 58, 177, 195, 270, 0)
True, True, 0.0942, (0, 106, 114, 35, 104, 142, 227, 0)
True, True, 0.3716, (0, 211, 175, 308, 128, 103, 213, 0)
True, True, 0.4444, (0, 306, 23, 285, 144, 282, 75, 0)
True, True, 0.1801, (0, 146, 136, 291, 186, 4, 275, 0)
True, True, 0.1656, (0, 279, 248, 261, 187, 68, 232, 0)
True, True, 0.0968, (0, 279, 248, 232, 315, 141, 82, 0)
True, True, 0.0124, (0, 68, 187, 261, 111, 248, 279, 0)
True, True, 0.4437, (0, 292, 125, 130, 316, 260, 257, 0)
True, True, 0.1667, (0, 65, 17, 229, 8, 211, 171, 0)
True, True, 0.1509, (0, 274, 6, 255, 288, 277, 101, 0)
True, True, 0.3868, (0, 150, 19, 22, 254, 283, 25, 0)
True, True, 0.1126, (0, 316, 194, 259, 268, 253, 200, 0)
True, True, 0.5, (0, 57, 74, 300, 238, 249, 297, 0)
True, True, 0.032, (0, 142, 104, 35, 114, 106, 32, 0)
True, True, 0.5, (0, 120, 105, 61, 262, 10, 102, 0)
True, True, 0.1195, (0, 216, 129, 178, 193, 223, 246, 0)
True, True, 0.1509, (0, 166, 73, 48, 266, 59, 298, 0)
True, True, 0.1044, (0, 30, 237, 282, 75, 215, 240, 0)
True, True, 0.0157, (0, 135, 20, 271, 299, 124, 287, 0)
True, True, 0.2292, (0, 26, 196, 310, 189, 77, 139, 0)
True, True, 0.0539, (0, 88, 227, 142, 64, 4, 275, 0)
True, True, 0.1226, (0, 37, 170, 25, 283, 254, 22, 0)
True, True, 0.1667, (0, 107, 190, 181, 86, 66, 97, 0)
True, True, 0.0676, (0, 18, 241, 135, 253, 200, 194, 0)
True, True, 0.3333, (0, 12, 157, 13, 138, 207, 167, 0)
True, True, 0.0755, (0, 274, 150, 258, 245, 305, 252, 0)
True, True, 0.1297, (0, 226, 278, 35, 104, 142, 227, 0)
True, True, 0.0208, (0, 196, 310, 189, 77, 113, 139, 0)
True, True, 0.0755, (0, 73, 39, 245, 258, 150, 6, 0)
True, True, 0.0488, (0, 47, 147, 247, 276, 24, 118, 0)
True, True, 0.1226, (0, 204, 170, 25, 283, 254, 22, 0)
True, True, 0.1824, (0, 216, 277, 288, 255, 6, 274, 0)
True, True, 0.2917, (0, 71, 311, 162, 21, 256, 197, 0)
True, True, 0.0755, (0, 73, 252, 305, 150, 6, 274, 0)
True, True, 0.0539, (0, 275, 4, 64, 142, 227, 209, 0)
True, True, 0.1617, (0, 227, 104, 69, 114, 106, 32, 0)
True, True, 0.2583, (0, 256, 172, 28, 91, 163, 140, 0)
True, True, 0.064, (0, 183, 106, 114, 35, 278, 226, 0)
True, True, 0.0676, (0, 259, 268, 253, 135, 241, 18, 0)
True, True, 0.0833, (0, 228, 99, 50, 55, 83, 161, 0)
True, True, 0.1577, (0, 211, 175, 119, 279, 128, 82, 0)
True, True, 0.1667, (0, 287, 124, 263, 46, 294, 212, 0)
True, True, 0.0833, (0, 161, 55, 152, 99, 50, 228, 0)
True, True, 0.1297, (0, 142, 104, 69, 114, 106, 183, 0)
True, True, 0.0539, (0, 188, 227, 142, 64, 4, 275, 0)
True, True, 0.4444, (0, 62, 160, 218, 144, 23, 306, 0)
True, True, 0.1042, (0, 26, 189, 77, 113, 198, 14, 0)
True, True, 0.1226, (0, 204, 37, 25, 283, 254, 22, 0)
True, True, 0.075, (0, 197, 309, 21, 162, 311, 71, 0)
True, True, 0.225, (0, 159, 29, 176, 191, 76, 79, 0)
True, True, 0.1667, (0, 97, 66, 304, 190, 107, 113, 0)
True, True, 0.2862, (0, 110, 280, 95, 271, 20, 135, 0)
True, True, 0.225, (0, 159, 29, 191, 76, 79, 179, 0)
True, True, 0.0333, (0, 159, 29, 191, 76, 79, 236, 0)
True, True, 0.0157, (0, 110, 280, 95, 299, 124, 287, 0)
True, True, 0.1667, (0, 195, 137, 303, 47, 214, 58, 0)
True, True, 0.0968, (0, 165, 206, 307, 180, 232, 141, 0)
True, True, 0.2778, (0, 118, 41, 3, 276, 247, 147, 0)
True, True, 0.3333, (0, 167, 13, 207, 138, 220, 154, 0)
True, True, 0.0833, (0, 161, 83, 152, 50, 99, 228, 0)
True, True, 0.3019, (0, 20, 271, 95, 280, 110, 241, 0)
True, True, 0.075, (0, 197, 80, 21, 162, 311, 71, 0)
True, True, 0.0833, (0, 196, 304, 86, 181, 190, 107, 0)
True, True, 0.3957, (0, 270, 177, 137, 58, 214, 171, 0)
True, True, 0.1111, (0, 23, 285, 160, 62, 218, 282, 0)
True, True, 0.1083, (0, 197, 80, 309, 162, 311, 71, 0)
True, True, 0.0833, (0, 310, 304, 86, 181, 190, 107, 0)
True, True, 0.1104, (0, 194, 259, 268, 253, 200, 125, 0)
True, True, 0.0285, (0, 227, 142, 104, 69, 114, 106, 0)
True, True, 0.0488, (0, 118, 24, 41, 3, 247, 147, 0)
False, True, 0.3333, (0, 96, 208, 225, 65, 17, 96, 0)
True, True, 0.5, (0, 67, 16, 116, 100, 174, 115, 0)
True, True, 0.0208, (0, 26, 196, 310, 77, 113, 139, 0)
False, True, 0.3333, (0, 96, 208, 225, 65, 17, 208, 0)
False, True, 0.1667, (0, 225, 65, 17, 229, 8, 225, 0)
False, True, 0.1509, (0, 230, 166, 288, 277, 101, 230, 0)
True, True, 0.2781, (0, 145, 222, 187, 68, 261, 248, 0)
True, True, 0.1111, (0, 306, 144, 218, 62, 160, 285, 0)
True, True, 0.1887, (0, 81, 234, 239, 56, 112, 298, 0)
True, True, 0.1447, (0, 112, 239, 56, 266, 59, 298, 0)
True, True, 0.1059, (0, 82, 128, 279, 161, 229, 8, 0)
True, True, 0.0901, (0, 8, 229, 161, 119, 308, 211, 0)
False, True, 0.1447, (0, 133, 134, 234, 112, 81, 133, 0)
True, True, 0.044, (0, 112, 56, 239, 234, 134, 133, 0)
True, True, 0.0968, (0, 232, 68, 187, 261, 111, 279, 0)
all_elementary, False
all_cyc2, True
