Instance, X-n393-k38
capacity, 78
min_trucks, 38
output_file, output_uchoa/X-n393-k38-ng8.log
Start date, 2022-07-02
Start time, 10-41-21
capacity, 78
num_vehicles, 38
abort_early, False
methods, ['ng8']
max_vars, 100
time_limit, 86400
farley, False
ESPPRC_heur, True
initial time, initial max_it, max_stale_it
1, 20000.0, 20
heuristic Number of routes, heuristic Best Solution Value, heuristic number of iterations, adjusted time, adjusted max_it, measured total time
393287, 38314.0, 20000, 1, 20000.0, 34683.8
method, python time, total time, propagated dominance time, unpropagated dominance time, pricing_success, upper_bound, lower_bound, abort_early, num_paths, 
ESPPRC_heur, 0.1, 1.7, 0.9, 0.3, 0, 37869.2539, 32813.8087, True, 609
ESPPRC_heur, 0.0, 1.7, 0.9, 0.3, 0, 37869.2539, 36576.8709, True, 280
ESPPRC_heur, 0.1, 1.7, 0.9, 0.2, 0, 37862.944, 36961.5176, True, 87
ESPPRC_heur, 0.1, 1.5, 0.8, 0.2, 0, 37858.9476, 37463.5781, True, 44
ESPPRC_heur, 0.0, 1.5, 0.8, 0.2, 0, 37857.869, 37390.8968, True, 28
ESPPRC_heur, 0.0, 1.5, 0.8, 0.2, 0, 37856.0462, 37544.1107, True, 10
ESPPRC_heur, 0.0, 1.5, 0.8, 0.2, 0, 37855.9447, 37838.1149, True, 3
ESPPRC_heur, 0.0, 1.8, 1.0, 0.3, 0, 37855.9445, 37855.9139, True, 1
ng8, 0.0, 349.3, 310.4, 32.2, 1, 37855.9445, 36089.254, 0, 469
ESPPRC_heur, -0.0, 1.5, 0.8, 0.2, 0, 37814.4102, 36736.5574, True, 69
ESPPRC_heur, -0.0, 1.5, 0.8, 0.2, 0, 37813.2285, 37472.4893, True, 15
ESPPRC_heur, -0.0, 1.5, 0.8, 0.2, 0, 37812.6093, 37394.6093, True, 9
ESPPRC_heur, -0.0, 1.5, 0.8, 0.2, 0, 37812.538, 37680.9274, True, 7
ESPPRC_heur, -0.0, 1.5, 0.8, 0.2, 0, 37812.5158, 37763.7398, True, 1
ng8, 0.1, 309.1, 274.4, 28.3, 1, 37812.5158, 36916.6394, 0, 202
ESPPRC_heur, -0.0, 1.5, 0.8, 0.2, 0, 37796.8483, 36393.5423, True, 59
ESPPRC_heur, -0.0, 1.5, 0.8, 0.2, 0, 37796.5238, 37431.7627, True, 10
ESPPRC_heur, -0.0, 1.5, 0.8, 0.2, 0, 37796.3451, 37669.7721, True, 3
ESPPRC_heur, -0.0, 1.5, 0.8, 0.2, 0, 37796.3424, 37793.583, True, 1
ng8, 0.1, 292.4, 260.8, 25.1, 1, 37796.3424, 37217.3853, 0, 102
ESPPRC_heur, 0.1, 1.6, 0.9, 0.2, 0, 37793.417, 37760.8525, True, 10
ESPPRC_heur, 0.0, 1.6, 0.8, 0.2, 0, 37793.3567, 37711.4078, True, 3
ng8, 0.0, 330.7, 295.4, 28.4, 1, 37793.3565, 36717.2862, 0, 68
ng8, 0.0, 361.3, 324.4, 30.7, 1, 37792.9177, 37735.3284, 0, 6
ng8, -0.0, 364.6, 327.0, 31.2, 1, 37792.8897, 37788.9378, 0, 2
ng8, 0.0, 370.4, 331.6, 32.2, 1, 37792.8893, 37792.8893, 0, 0
scip_total_time, 37424.465291
Solval, number of paths, impact cutoff
37792.88930709524, 316, 0.0001
Elementary, 2-Cycle, Path Value, Path
True, True, 0.0414, (0, 213, 231, 332, 378, 234, 207, 203, 248, 305, 334, 0)
True, True, 0.0279, (0, 192, 60, 43, 33, 22, 181, 147, 193, 358, 170, 0)
True, True, 0.5591, (0, 82, 57, 117, 36, 156, 37, 114, 97, 6, 26, 0)
True, True, 0.2072, (0, 35, 15, 182, 106, 107, 75, 168, 159, 189, 195, 0)
True, True, 0.1869, (0, 105, 65, 137, 1, 58, 129, 84, 174, 162, 179, 127, 0)
True, True, 0.4639, (0, 290, 368, 109, 288, 390, 211, 372, 343, 123, 54, 0)
True, True, 0.0215, (0, 20, 9, 61, 105, 65, 126, 49, 73, 309, 355, 0)
True, True, 0.1264, (0, 128, 136, 69, 130, 3, 180, 74, 23, 110, 62, 40, 0)
True, True, 0.1407, (0, 273, 296, 392, 318, 205, 245, 302, 314, 210, 340, 282, 0)
True, True, 0.3639, (0, 101, 361, 341, 113, 132, 386, 160, 224, 279, 21, 0)
True, True, 0.1684, (0, 185, 81, 295, 301, 72, 345, 237, 63, 249, 360, 103, 0)
True, True, 0.0722, (0, 9, 61, 105, 65, 126, 49, 73, 309, 355, 264, 0)
True, True, 0.1291, (0, 11, 173, 41, 99, 31, 112, 163, 161, 64, 30, 0)
True, True, 0.1239, (0, 194, 191, 77, 118, 193, 147, 60, 192, 358, 170, 0)
True, True, 0.0112, (0, 366, 386, 132, 113, 341, 361, 247, 293, 269, 93, 297, 0)
True, True, 0.5468, (0, 264, 355, 309, 61, 9, 20, 369, 154, 220, 0)
True, True, 0.0942, (0, 226, 257, 45, 188, 319, 268, 151, 327, 217, 51, 361, 0)
True, True, 0.1383, (0, 152, 46, 177, 145, 78, 29, 184, 4, 19, 169, 0)
True, True, 0.052, (0, 66, 135, 356, 377, 365, 348, 374, 201, 260, 287, 0)
True, True, 0.0598, (0, 89, 150, 83, 7, 115, 17, 52, 14, 25, 178, 0)
True, True, 0.1351, (0, 4, 184, 29, 78, 145, 177, 46, 152, 323, 349, 0)
True, True, 0.0302, (0, 170, 358, 193, 147, 181, 43, 39, 60, 192, 34, 0)
True, True, 0.063, (0, 104, 67, 127, 179, 162, 174, 69, 130, 3, 180, 136, 0)
True, True, 0.1278, (0, 222, 307, 200, 232, 391, 204, 262, 370, 380, 229, 0)
True, True, 0.2761, (0, 170, 358, 192, 60, 147, 193, 118, 77, 191, 138, 0)
True, True, 0.2767, (0, 82, 57, 117, 36, 156, 115, 17, 52, 14, 25, 100, 0)
True, True, 0.135, (0, 190, 15, 182, 106, 107, 75, 168, 159, 35, 91, 0)
True, True, 0.4188, (0, 81, 295, 301, 72, 345, 237, 63, 249, 360, 344, 103, 0)
True, True, 0.2072, (0, 277, 210, 314, 302, 245, 205, 318, 392, 296, 273, 382, 0)
True, True, 0.0694, (0, 82, 57, 117, 36, 156, 37, 114, 7, 83, 150, 0)
True, True, 0.3402, (0, 122, 257, 45, 188, 350, 319, 268, 151, 327, 217, 51, 0)
True, True, 0.0742, (0, 125, 120, 330, 90, 146, 139, 164, 96, 71, 126, 49, 73, 0)
True, True, 0.2605, (0, 354, 261, 373, 333, 265, 263, 233, 374, 348, 365, 80, 0)
True, True, 0.0216, (0, 273, 296, 392, 318, 205, 245, 302, 314, 210, 367, 204, 0)
True, True, 0.1306, (0, 54, 343, 372, 236, 243, 357, 364, 337, 198, 221, 0)
True, True, 0.038, (0, 378, 300, 149, 88, 306, 346, 76, 55, 155, 0)
True, True, 0.3563, (0, 218, 111, 195, 189, 159, 35, 182, 15, 190, 59, 0)
True, True, 0.0722, (0, 244, 349, 323, 152, 46, 141, 169, 220, 8, 158, 0)
True, True, 0.1524, (0, 304, 273, 296, 392, 318, 205, 245, 302, 314, 210, 277, 0)
True, True, 0.0351, (0, 352, 100, 172, 178, 150, 83, 7, 97, 50, 89, 0)
True, True, 0.3395, (0, 290, 326, 18, 255, 362, 167, 116, 24, 142, 339, 383, 0)
True, True, 0.104, (0, 16, 40, 62, 110, 23, 74, 180, 136, 67, 68, 0)
True, True, 0.1182, (0, 10, 161, 163, 112, 31, 99, 41, 173, 144, 11, 0)
True, True, 0.001, (0, 20, 9, 61, 105, 65, 126, 49, 73, 309, 264, 0)
True, True, 0.0032, (0, 310, 279, 160, 386, 132, 113, 341, 361, 101, 93, 0)
True, True, 0.0341, (0, 386, 122, 226, 257, 45, 188, 268, 151, 327, 217, 51, 0)
True, True, 0.03, (0, 349, 323, 152, 46, 19, 141, 169, 220, 8, 158, 0)
True, True, 0.0163, (0, 133, 10, 161, 163, 112, 31, 99, 41, 44, 119, 0)
True, True, 0.1829, (0, 334, 338, 271, 320, 331, 12, 256, 297, 149, 300, 0)
True, True, 0.1551, (0, 170, 193, 147, 181, 22, 33, 43, 60, 192, 34, 0)
True, True, 0.1386, (0, 340, 296, 392, 318, 205, 245, 302, 314, 210, 328, 391, 0)
True, True, 0.0216, (0, 213, 378, 234, 300, 346, 76, 55, 155, 284, 0)
True, True, 0.0876, (0, 292, 321, 275, 379, 215, 282, 325, 259, 200, 307, 0)
True, True, 0.0204, (0, 101, 361, 341, 113, 132, 386, 315, 242, 299, 329, 385, 0)
True, True, 0.0769, (0, 252, 221, 198, 337, 364, 357, 243, 236, 372, 343, 0)
True, True, 0.13, (0, 321, 259, 328, 367, 277, 340, 282, 325, 215, 292, 0)
True, True, 0.1291, (0, 23, 110, 62, 196, 157, 53, 108, 5, 42, 98, 187, 0)
True, True, 0.4803, (0, 347, 66, 228, 135, 353, 235, 274, 251, 227, 0)
True, True, 0.4913, (0, 102, 240, 280, 48, 175, 308, 223, 209, 322, 0)
True, True, 0.5459, (0, 73, 49, 126, 71, 96, 164, 139, 146, 90, 330, 384, 125, 0)
True, True, 0.0216, (0, 335, 307, 232, 200, 259, 215, 379, 275, 278, 292, 0)
True, True, 0.0499, (0, 308, 290, 326, 383, 339, 142, 24, 167, 116, 246, 317, 0)
True, True, 0.7756, (0, 171, 231, 332, 378, 234, 207, 203, 248, 305, 334, 0)
True, True, 0.0809, (0, 172, 178, 52, 17, 115, 37, 156, 36, 117, 82, 0)
True, True, 0.0634, (0, 238, 218, 111, 195, 26, 89, 178, 172, 100, 352, 103, 0)
True, True, 0.1406, (0, 354, 261, 373, 333, 265, 263, 233, 348, 374, 201, 260, 0)
True, True, 0.1485, (0, 172, 178, 150, 83, 7, 97, 50, 6, 26, 111, 0)
True, True, 0.0654, (0, 200, 259, 328, 367, 277, 282, 325, 215, 379, 0)
True, True, 0.2108, (0, 158, 8, 169, 141, 19, 46, 152, 323, 349, 34, 170, 0)
True, True, 0.1052, (0, 81, 295, 301, 72, 345, 237, 63, 249, 360, 103, 238, 0)
True, True, 0.2067, (0, 287, 80, 201, 374, 348, 365, 377, 356, 286, 363, 0)
True, True, 0.1698, (0, 166, 183, 11, 44, 119, 30, 10, 133, 187, 147, 0)
True, True, 0.0643, (0, 93, 269, 293, 247, 47, 230, 87, 351, 387, 267, 338, 0)
True, True, 0.3764, (0, 32, 28, 40, 196, 157, 53, 108, 5, 42, 98, 133, 187, 0)
True, True, 0.0073, (0, 59, 190, 183, 182, 15, 35, 159, 189, 195, 111, 0)
True, True, 0.117, (0, 232, 367, 210, 314, 302, 245, 205, 318, 392, 296, 340, 0)
True, True, 0.2712, (0, 311, 12, 381, 285, 197, 298, 131, 202, 269, 93, 297, 0)
True, True, 0.119, (0, 93, 101, 361, 341, 113, 132, 386, 160, 310, 253, 0)
True, True, 0.3964, (0, 158, 4, 184, 29, 78, 145, 177, 2, 128, 323, 349, 0)
True, True, 0.0914, (0, 89, 178, 25, 14, 94, 79, 176, 95, 38, 124, 143, 0)
True, True, 0.1725, (0, 119, 11, 44, 173, 144, 106, 107, 75, 168, 35, 0)
True, True, 0.0475, (0, 152, 46, 177, 68, 67, 104, 78, 29, 184, 4, 0)
True, True, 0.3134, (0, 227, 251, 274, 235, 353, 135, 228, 66, 283, 0)
True, True, 0.052, (0, 287, 289, 13, 260, 201, 365, 377, 356, 228, 66, 0)
True, True, 0.0313, (0, 254, 269, 293, 247, 361, 341, 113, 132, 386, 101, 93, 0)
True, True, 0.0127, (0, 276, 227, 251, 274, 235, 353, 66, 283, 198, 0)
True, True, 0.2079, (0, 104, 67, 127, 179, 84, 129, 58, 1, 137, 65, 105, 0)
True, True, 0.3786, (0, 222, 204, 354, 258, 388, 261, 367, 277, 328, 259, 321, 0)
True, True, 0.1551, (0, 321, 275, 379, 215, 282, 325, 259, 391, 232, 307, 0)
True, True, 0.2291, (0, 123, 343, 372, 198, 221, 206, 272, 70, 86, 252, 0)
True, True, 0.1063, (0, 165, 270, 266, 324, 276, 153, 335, 216, 375, 385, 0)
True, True, 0.1183, (0, 63, 143, 92, 317, 175, 48, 280, 240, 102, 140, 0)
True, True, 0.2614, (0, 289, 13, 260, 201, 374, 348, 365, 377, 356, 286, 0)
True, True, 0.1033, (0, 203, 338, 271, 320, 331, 208, 186, 120, 384, 125, 0)
True, True, 0.033, (0, 204, 354, 388, 261, 373, 333, 265, 263, 233, 374, 260, 0)
True, True, 0.1717, (0, 238, 103, 344, 360, 63, 249, 352, 218, 91, 138, 170, 0)
True, True, 0.3076, (0, 352, 100, 124, 94, 79, 176, 95, 38, 246, 342, 92, 0)
True, True, 0.0046, (0, 239, 376, 313, 278, 275, 379, 200, 391, 232, 307, 0)
True, True, 0.0445, (0, 226, 257, 45, 188, 268, 151, 327, 217, 51, 47, 247, 0)
True, True, 0.1741, (0, 358, 193, 187, 133, 10, 30, 119, 44, 11, 183, 166, 0)
True, True, 0.0492, (0, 286, 356, 377, 365, 201, 260, 13, 289, 287, 370, 0)
True, True, 0.1383, (0, 152, 46, 177, 2, 145, 78, 29, 184, 4, 141, 0)
True, True, 0.2476, (0, 258, 388, 373, 333, 265, 263, 233, 377, 356, 286, 363, 0)
True, True, 0.3026, (0, 16, 40, 62, 110, 23, 74, 180, 3, 136, 128, 0)
True, True, 0.0176, (0, 103, 360, 352, 249, 63, 237, 345, 72, 301, 295, 81, 0)
True, True, 0.2366, (0, 252, 86, 70, 270, 276, 153, 335, 216, 329, 375, 385, 0)
True, True, 0.0908, (0, 136, 130, 69, 174, 84, 129, 58, 1, 137, 65, 105, 73, 0)
True, True, 0.0537, (0, 286, 356, 377, 233, 263, 265, 333, 373, 388, 258, 354, 0)
True, True, 0.0691, (0, 209, 252, 86, 70, 272, 206, 266, 270, 165, 212, 0)
True, True, 0.1905, (0, 315, 336, 148, 316, 376, 313, 278, 292, 239, 134, 242, 0)
True, True, 0.033, (0, 204, 258, 373, 333, 265, 263, 233, 374, 201, 260, 0)
True, True, 0.2836, (0, 386, 132, 113, 122, 226, 304, 273, 382, 316, 148, 336, 303, 315, 0)
True, True, 0.0387, (0, 343, 372, 236, 337, 364, 357, 243, 390, 288, 109, 0)
True, True, 0.0722, (0, 20, 4, 184, 29, 78, 145, 177, 2, 128, 46, 0)
True, True, 0.3862, (0, 329, 299, 242, 303, 315, 160, 224, 279, 310, 253, 0)
True, True, 0.1529, (0, 204, 258, 388, 373, 333, 265, 263, 233, 201, 80, 0)
True, True, 0.1916, (0, 213, 300, 149, 88, 366, 306, 346, 76, 155, 281, 0)
True, True, 0.0866, (0, 18, 362, 121, 371, 225, 363, 283, 347, 221, 0)
True, True, 0.0249, (0, 140, 240, 280, 48, 175, 308, 223, 209, 322, 0)
True, True, 0.1144, (0, 383, 142, 121, 371, 225, 243, 357, 364, 337, 236, 0)
True, True, 0.1192, (0, 311, 381, 285, 197, 298, 131, 202, 293, 269, 93, 297, 0)
True, True, 0.0139, (0, 82, 117, 36, 156, 37, 115, 17, 7, 83, 150, 0)
True, True, 0.038, (0, 234, 300, 149, 297, 88, 306, 346, 76, 155, 0)
True, True, 0.2694, (0, 352, 143, 92, 317, 175, 48, 280, 240, 102, 140, 0)
True, True, 0.2129, (0, 331, 267, 387, 351, 87, 230, 47, 247, 293, 269, 254, 0)
True, True, 0.1383, (0, 326, 18, 390, 243, 357, 364, 337, 236, 198, 221, 0)
True, True, 0.0325, (0, 89, 50, 97, 114, 37, 115, 17, 52, 25, 100, 0)
True, True, 0.1233, (0, 250, 294, 155, 55, 76, 346, 300, 234, 378, 213, 0)
True, True, 0.0217, (0, 119, 44, 173, 144, 106, 107, 75, 168, 159, 189, 0)
True, True, 0.0248, (0, 300, 149, 297, 366, 88, 306, 346, 76, 155, 0)
True, True, 0.1274, (0, 264, 355, 309, 61, 9, 20, 19, 141, 169, 0)
True, True, 0.0128, (0, 354, 258, 388, 373, 333, 265, 263, 233, 348, 374, 260, 0)
True, True, 0.2062, (0, 221, 198, 236, 243, 225, 371, 121, 167, 116, 317, 0)
True, True, 0.0938, (0, 172, 178, 25, 14, 52, 150, 83, 7, 50, 26, 0)
True, True, 0.1128, (0, 133, 161, 163, 112, 31, 99, 41, 173, 144, 11, 0)
True, True, 0.2545, (0, 389, 272, 206, 266, 324, 276, 153, 335, 216, 329, 0)
True, True, 0.0394, (0, 70, 227, 251, 274, 235, 353, 66, 283, 347, 0)
True, True, 0.1944, (0, 73, 49, 126, 71, 164, 96, 359, 219, 312, 291, 186, 0)
True, True, 0.018, (0, 209, 252, 86, 70, 165, 375, 385, 346, 76, 155, 0)
True, True, 0.0089, (0, 101, 361, 247, 47, 230, 87, 351, 387, 298, 197, 254, 0)
True, True, 0.0477, (0, 119, 44, 173, 144, 106, 107, 75, 168, 189, 195, 0)
True, True, 0.0364, (0, 59, 190, 35, 159, 168, 75, 107, 106, 183, 166, 0)
True, True, 0.1228, (0, 252, 389, 272, 266, 324, 276, 153, 335, 216, 165, 0)
True, True, 0.1829, (0, 300, 149, 297, 256, 12, 331, 320, 271, 338, 248, 0)
True, True, 0.0449, (0, 208, 291, 312, 219, 359, 96, 164, 139, 146, 384, 125, 0)
True, True, 0.1965, (0, 93, 101, 361, 247, 47, 230, 87, 351, 387, 267, 271, 0)
True, True, 0.0522, (0, 286, 356, 377, 365, 201, 260, 13, 289, 262, 370, 0)
True, True, 0.0302, (0, 85, 32, 28, 40, 62, 110, 23, 74, 180, 136, 128, 0)
True, True, 0.1508, (0, 111, 195, 189, 159, 168, 75, 107, 182, 15, 190, 0)
True, True, 0.2079, (0, 68, 104, 179, 162, 84, 129, 58, 1, 137, 65, 105, 0)
True, True, 0.1661, (0, 328, 367, 210, 314, 302, 245, 205, 318, 392, 350, 304, 0)
True, True, 0.2473, (0, 33, 196, 157, 53, 108, 98, 5, 42, 161, 64, 10, 0)
True, True, 0.009, (0, 254, 269, 293, 247, 47, 230, 87, 351, 387, 267, 208, 0)
True, True, 0.1278, (0, 101, 269, 293, 247, 47, 230, 87, 351, 387, 267, 271, 0)
True, True, 0.1307, (0, 267, 387, 351, 87, 230, 47, 247, 293, 131, 202, 381, 0)
True, True, 0.1467, (0, 290, 326, 18, 255, 362, 339, 142, 24, 167, 116, 317, 0)
True, True, 0.0947, (0, 137, 1, 58, 129, 84, 162, 179, 127, 67, 68, 145, 0)
True, True, 0.0415, (0, 172, 178, 25, 14, 94, 79, 176, 95, 38, 246, 342, 0)
True, True, 0.0229, (0, 226, 257, 45, 188, 319, 350, 296, 340, 282, 325, 278, 0)
True, True, 0.2473, (0, 22, 98, 42, 5, 108, 53, 157, 196, 62, 110, 23, 0)
True, True, 0.0566, (0, 386, 132, 113, 122, 226, 304, 382, 376, 316, 148, 336, 303, 0)
True, True, 0.0534, (0, 267, 387, 351, 87, 230, 151, 327, 217, 51, 341, 93, 0)
True, True, 0.0665, (0, 379, 215, 325, 328, 277, 367, 261, 388, 258, 204, 0)
True, True, 0.2118, (0, 105, 65, 137, 1, 58, 129, 84, 174, 69, 130, 136, 2, 0)
True, True, 0.062, (0, 211, 236, 337, 364, 357, 243, 225, 371, 121, 24, 0)
True, True, 0.005, (0, 26, 6, 50, 7, 83, 150, 178, 172, 100, 352, 0)
True, True, 0.0658, (0, 229, 380, 241, 370, 262, 204, 391, 232, 200, 307, 0)
True, True, 0.0036, (0, 316, 382, 304, 273, 340, 282, 325, 215, 379, 278, 292, 0)
True, True, 0.0796, (0, 221, 198, 337, 364, 357, 363, 283, 347, 324, 270, 0)
True, True, 0.1468, (0, 382, 304, 45, 188, 350, 319, 268, 151, 327, 217, 51, 0)
True, True, 0.0138, (0, 123, 343, 372, 211, 288, 390, 18, 326, 368, 54, 0)
True, True, 0.1144, (0, 222, 307, 232, 391, 200, 379, 275, 278, 292, 239, 134, 0)
True, True, 0.0237, (0, 81, 295, 301, 250, 294, 281, 284, 199, 56, 213, 171, 0)
True, True, 0.1266, (0, 198, 337, 364, 357, 243, 225, 371, 121, 167, 317, 0)
True, True, 0.0594, (0, 165, 270, 324, 347, 283, 337, 364, 243, 211, 288, 0)
True, True, 0.0473, (0, 384, 90, 146, 139, 71, 164, 96, 359, 291, 208, 338, 0)
True, True, 0.0155, (0, 338, 320, 186, 208, 331, 12, 256, 297, 149, 0)
True, True, 0.0026, (0, 292, 278, 379, 215, 325, 282, 340, 273, 304, 382, 336, 0)
True, True, 0.0458, (0, 120, 208, 291, 312, 219, 359, 96, 164, 71, 126, 49, 0)
True, True, 0.2128, (0, 358, 193, 147, 181, 43, 28, 16, 32, 39, 85, 34, 0)
True, True, 0.0043, (0, 34, 85, 39, 32, 16, 28, 43, 181, 147, 358, 170, 0)
True, True, 0.0119, (0, 238, 218, 111, 195, 26, 89, 178, 172, 100, 352, 360, 0)
True, True, 0.025, (0, 283, 66, 353, 235, 370, 241, 380, 229, 276, 0)
True, True, 0.1236, (0, 11, 44, 173, 41, 99, 31, 112, 163, 64, 10, 0)
True, True, 0.1331, (0, 185, 214, 27, 213, 56, 199, 284, 281, 294, 250, 301, 81, 0)
True, True, 0.0796, (0, 300, 149, 297, 256, 12, 331, 320, 338, 203, 0)
True, True, 0.1468, (0, 341, 51, 217, 327, 151, 268, 319, 350, 45, 257, 226, 122, 0)
True, True, 0.1676, (0, 326, 383, 339, 142, 362, 255, 390, 288, 109, 368, 54, 0)
True, True, 0.2129, (0, 70, 324, 347, 283, 363, 225, 371, 121, 255, 18, 0)
True, True, 0.1508, (0, 358, 187, 133, 10, 30, 119, 44, 173, 144, 106, 183, 0)
True, True, 0.0527, (0, 212, 165, 270, 272, 206, 266, 221, 389, 252, 209, 0)
True, True, 0.0658, (0, 271, 267, 387, 351, 87, 230, 47, 247, 293, 202, 254, 0)
True, True, 0.0327, (0, 292, 215, 325, 328, 367, 261, 388, 258, 354, 204, 222, 0)
True, True, 0.1732, (0, 222, 232, 391, 200, 379, 275, 278, 313, 376, 239, 0)
True, True, 0.0119, (0, 91, 111, 195, 26, 89, 178, 172, 100, 352, 249, 344, 0)
True, True, 0.0276, (0, 18, 255, 121, 371, 225, 243, 357, 236, 211, 288, 0)
True, True, 0.0722, (0, 152, 177, 2, 128, 68, 104, 78, 29, 184, 4, 19, 0)
True, True, 0.0158, (0, 305, 207, 338, 320, 331, 208, 186, 120, 384, 125, 0)
True, True, 0.1239, (0, 321, 215, 325, 282, 340, 296, 350, 319, 188, 257, 226, 0)
True, True, 0.0461, (0, 68, 67, 127, 179, 162, 174, 69, 130, 3, 180, 136, 0)
True, True, 0.0251, (0, 66, 228, 135, 356, 377, 80, 260, 13, 287, 370, 0)
True, True, 0.1857, (0, 292, 275, 215, 325, 282, 340, 273, 304, 382, 316, 148, 336, 0)
True, True, 0.0096, (0, 18, 362, 121, 371, 225, 243, 357, 364, 236, 0)
True, True, 0.1228, (0, 385, 375, 216, 335, 153, 276, 324, 266, 206, 389, 0)
True, True, 0.0026, (0, 278, 379, 215, 325, 282, 340, 273, 304, 382, 316, 148, 0)
True, True, 0.0341, (0, 113, 122, 226, 257, 45, 188, 268, 151, 327, 217, 51, 0)
True, True, 0.2874, (0, 172, 25, 14, 52, 150, 83, 7, 50, 6, 89, 0)
True, True, 0.1778, (0, 134, 376, 313, 278, 275, 379, 200, 391, 232, 307, 0)
True, True, 0.1748, (0, 143, 124, 94, 79, 176, 95, 38, 246, 116, 24, 339, 383, 0)
True, True, 0.3764, (0, 30, 64, 161, 163, 112, 31, 99, 41, 144, 183, 0)
True, True, 0.0727, (0, 218, 111, 26, 89, 178, 172, 100, 352, 249, 360, 344, 0)
True, True, 0.1307, (0, 93, 269, 293, 47, 230, 87, 351, 387, 298, 197, 285, 0)
True, True, 0.0948, (0, 172, 178, 150, 83, 7, 17, 115, 37, 114, 57, 0)
True, True, 0.0341, (0, 341, 51, 217, 327, 268, 319, 188, 45, 257, 226, 122, 315, 0)
True, True, 0.2363, (0, 185, 214, 27, 56, 199, 284, 281, 294, 250, 322, 140, 237, 344, 0)
True, True, 0.0593, (0, 74, 180, 3, 130, 69, 174, 162, 179, 127, 67, 104, 0)
True, True, 0.0325, (0, 100, 14, 52, 17, 115, 37, 114, 97, 50, 89, 0)
True, True, 0.0604, (0, 40, 62, 110, 23, 74, 180, 3, 130, 69, 67, 68, 0)
True, True, 0.0224, (0, 269, 293, 247, 361, 341, 113, 132, 386, 160, 310, 21, 0)
True, True, 0.1435, (0, 190, 15, 182, 106, 107, 75, 168, 189, 195, 111, 0)
True, True, 0.0096, (0, 288, 211, 236, 337, 357, 243, 225, 371, 121, 167, 0)
True, True, 0.0386, (0, 124, 94, 79, 176, 95, 38, 246, 167, 24, 339, 326, 0)
True, True, 0.1443, (0, 211, 236, 337, 364, 357, 363, 225, 371, 121, 362, 0)
True, True, 0.1953, (0, 208, 186, 291, 312, 219, 359, 90, 139, 146, 384, 0)
True, True, 0.0022, (0, 122, 226, 257, 268, 188, 319, 350, 296, 340, 325, 379, 321, 0)
True, True, 0.0036, (0, 341, 51, 217, 327, 151, 268, 319, 188, 257, 226, 148, 336, 0)
True, True, 0.0449, (0, 49, 126, 71, 139, 146, 90, 359, 219, 312, 291, 120, 0)
True, True, 0.1292, (0, 227, 251, 274, 235, 353, 228, 135, 286, 283, 0)
True, True, 0.0222, (0, 165, 270, 324, 347, 283, 363, 357, 236, 211, 288, 0)
True, True, 0.1056, (0, 368, 109, 288, 211, 390, 255, 362, 142, 24, 383, 326, 0)
True, True, 0.0473, (0, 384, 146, 139, 71, 164, 96, 359, 219, 312, 208, 338, 0)
True, True, 0.0341, (0, 341, 51, 327, 151, 268, 188, 45, 257, 226, 122, 132, 0)
False, True, 0.1991, (0, 223, 308, 368, 109, 123, 54, 308, 223, 140, 0)
True, True, 0.0348, (0, 339, 142, 24, 167, 116, 246, 95, 176, 79, 94, 124, 143, 0)
True, True, 0.0067, (0, 143, 124, 94, 79, 176, 95, 246, 116, 167, 24, 339, 383, 0)
False, True, 0.0783, (0, 185, 214, 27, 56, 199, 284, 294, 250, 281, 199, 214, 27, 171, 0)
False, True, 0.2657, (0, 244, 8, 169, 141, 19, 369, 154, 220, 8, 244, 0)
False, True, 0.0198, (0, 190, 183, 106, 107, 75, 168, 159, 35, 190, 166, 0)
False, True, 0.2761, (0, 138, 194, 59, 166, 118, 77, 191, 194, 138, 0)
False, True, 0.1829, (0, 185, 214, 27, 213, 332, 231, 284, 199, 56, 27, 214, 185, 0)
False, True, 0.1364, (0, 311, 256, 381, 285, 197, 298, 131, 202, 254, 256, 311, 0)
False, True, 0.3764, (0, 85, 39, 32, 16, 28, 33, 22, 181, 43, 39, 85, 0)
False, True, 0.2713, (0, 380, 241, 370, 287, 289, 13, 262, 241, 380, 229, 0)
True, True, 0.2079, (0, 74, 180, 3, 130, 69, 174, 162, 127, 67, 104, 68, 0)
False, True, 0.2646, (0, 311, 12, 381, 254, 285, 197, 298, 131, 202, 254, 256, 0)
False, True, 0.3047, (0, 143, 342, 124, 94, 79, 176, 95, 38, 246, 342, 92, 0)
False, True, 0.0469, (0, 207, 338, 271, 320, 331, 208, 186, 120, 338, 207, 0)
False, True, 0.2724, (0, 55, 76, 346, 306, 366, 88, 76, 55, 155, 0)
False, True, 0.0266, (0, 214, 27, 213, 56, 199, 284, 294, 250, 281, 199, 56, 27, 214, 0)
False, True, 0.1172, (0, 300, 149, 88, 366, 310, 253, 21, 366, 88, 306, 0)
False, True, 0.0016, (0, 311, 256, 254, 285, 197, 298, 131, 202, 254, 12, 311, 0)
True, True, 0.0426, (0, 244, 220, 154, 20, 9, 61, 309, 355, 264, 0)
True, True, 0.1363, (0, 178, 150, 83, 17, 115, 114, 97, 50, 89, 0)
True, True, 0.0426, (0, 244, 220, 369, 20, 9, 61, 309, 355, 264, 0)
True, True, 0.0129, (0, 281, 212, 385, 375, 165, 70, 86, 389, 252, 209, 140, 0)
True, True, 0.0658, (0, 311, 381, 285, 197, 298, 131, 293, 247, 361, 101, 297, 0)
True, True, 0.0205, (0, 305, 338, 271, 320, 331, 208, 186, 120, 125, 264, 0)
True, True, 0.0368, (0, 214, 27, 56, 199, 284, 281, 294, 250, 301, 295, 344, 103, 0)
True, True, 0.0341, (0, 315, 122, 226, 257, 45, 188, 319, 268, 151, 217, 51, 341, 0)
False, True, 0.0647, (0, 149, 88, 366, 21, 253, 310, 279, 224, 21, 366, 149, 0)
False, True, 0.1555, (0, 244, 8, 169, 141, 19, 46, 152, 323, 349, 244, 0)
False, True, 0.025, (0, 153, 222, 229, 251, 274, 227, 229, 222, 335, 216, 0)
False, True, 0.1362, (0, 155, 55, 346, 306, 366, 88, 346, 55, 155, 0)
False, True, 0.001, (0, 264, 355, 309, 61, 9, 20, 355, 264, 158, 0)
False, True, 0.3239, (0, 238, 218, 91, 194, 191, 77, 118, 166, 59, 91, 238, 0)
False, True, 0.1396, (0, 320, 208, 186, 291, 312, 219, 267, 331, 320, 0)
False, True, 0.1934, (0, 34, 192, 60, 181, 22, 33, 43, 60, 192, 34, 0)
True, True, 0.1091, (0, 2, 68, 104, 67, 127, 179, 162, 174, 69, 130, 3, 74, 0)
False, True, 0.0149, (0, 153, 229, 380, 370, 262, 241, 380, 229, 153, 0)
False, True, 0.2312, (0, 299, 134, 239, 376, 313, 278, 292, 239, 134, 299, 0)
False, True, 0.0812, (0, 212, 209, 252, 389, 86, 70, 165, 375, 385, 212, 294, 0)
False, True, 0.1236, (0, 119, 64, 163, 112, 31, 99, 41, 173, 44, 119, 0)
False, True, 0.0923, (0, 120, 330, 90, 359, 291, 312, 219, 359, 330, 120, 0)
False, True, 0.1953, (0, 120, 186, 208, 291, 312, 219, 359, 330, 120, 125, 0)
False, True, 0.0605, (0, 72, 345, 140, 102, 240, 280, 48, 175, 102, 140, 0)
False, True, 0.0812, (0, 212, 209, 252, 389, 86, 70, 165, 375, 385, 212, 250, 0)
False, True, 0.116, (0, 212, 385, 165, 270, 266, 206, 272, 389, 86, 212, 0)
True, True, 0.0659, (0, 204, 354, 261, 373, 333, 265, 263, 233, 348, 365, 80, 0)
True, True, 0.0089, (0, 381, 285, 202, 131, 293, 47, 247, 361, 101, 297, 0)
False, True, 0.1448, (0, 158, 264, 355, 309, 61, 9, 20, 369, 154, 158, 0)
True, True, 0.0543, (0, 101, 361, 341, 113, 132, 386, 160, 224, 310, 21, 0)
False, True, 0.1023, (0, 385, 375, 165, 270, 276, 153, 335, 216, 329, 375, 385, 0)
False, True, 0.0251, (0, 145, 68, 104, 127, 179, 162, 174, 69, 130, 3, 136, 68, 0)
True, True, 0.1331, (0, 213, 56, 199, 284, 281, 294, 250, 322, 345, 72, 295, 81, 0)
False, False, 0.1169, (0, 50, 7, 17, 115, 37, 115, 17, 52, 14, 25, 100, 0)
False, False, 0.0194, (0, 89, 7, 17, 115, 114, 115, 17, 52, 178, 172, 0)
False, True, 0.0656, (0, 190, 35, 159, 189, 168, 75, 107, 106, 183, 190, 0)
False, True, 0.1364, (0, 212, 375, 165, 270, 266, 206, 272, 389, 86, 212, 0)
False, True, 0.0297, (0, 229, 380, 370, 287, 262, 241, 380, 229, 222, 216, 0)
False, True, 0.025, (0, 223, 54, 368, 109, 288, 211, 390, 18, 368, 223, 0)
True, True, 0.0356, (0, 212, 209, 223, 308, 175, 48, 280, 240, 237, 0)
False, True, 0.1245, (0, 380, 370, 262, 289, 13, 260, 80, 287, 262, 241, 0)
False, True, 0.1113, (0, 303, 336, 148, 316, 382, 313, 376, 316, 148, 336, 303, 242, 0)
False, True, 0.0548, (0, 242, 134, 239, 278, 313, 376, 316, 148, 336, 242, 0)
False, True, 0.017, (0, 229, 380, 370, 287, 289, 262, 370, 241, 229, 276, 0)
True, True, 0.0195, (0, 165, 324, 347, 283, 337, 364, 357, 236, 211, 288, 0)
True, True, 0.0963, (0, 171, 213, 56, 284, 281, 294, 250, 322, 345, 72, 301, 295, 0)
False, True, 0.0733, (0, 305, 207, 338, 271, 320, 208, 186, 120, 338, 305, 0)
False, True, 0.1309, (0, 21, 253, 310, 279, 224, 242, 299, 253, 21, 306, 0)
False, True, 0.08, (0, 307, 200, 259, 325, 282, 215, 379, 275, 321, 307, 0)
False, True, 0.0415, (0, 317, 342, 124, 38, 246, 116, 167, 24, 142, 339, 383, 317, 0)
False, True, 0.0566, (0, 313, 340, 210, 314, 302, 245, 205, 318, 392, 296, 340, 0)
False, True, 0.0341, (0, 341, 217, 327, 151, 268, 319, 350, 188, 45, 257, 226, 341, 0)
True, True, 0.0181, (0, 185, 214, 27, 199, 284, 281, 294, 250, 322, 140, 237, 344, 103, 0)
True, True, 0.0221, (0, 204, 354, 258, 388, 261, 367, 328, 325, 259, 200, 0)
False, True, 0.013, (0, 171, 213, 56, 199, 284, 294, 250, 281, 199, 56, 213, 171, 0)
False, True, 0.056, (0, 89, 50, 150, 83, 7, 114, 97, 50, 89, 0)
False, True, 0.0195, (0, 209, 252, 389, 272, 206, 266, 270, 70, 86, 209, 0)
False, True, 0.0426, (0, 222, 307, 321, 379, 215, 259, 200, 391, 232, 307, 222, 0)
True, True, 0.017, (0, 200, 259, 325, 340, 296, 350, 319, 188, 268, 257, 226, 0)
False, True, 0.1643, (0, 229, 370, 287, 80, 260, 13, 289, 262, 241, 229, 0)
False, True, 0.051, (0, 306, 21, 310, 279, 160, 315, 303, 242, 310, 253, 0)
True, True, 0.0336, (0, 91, 111, 26, 89, 178, 172, 100, 352, 249, 360, 344, 0)
False, True, 0.047, (0, 209, 123, 343, 372, 211, 390, 288, 123, 209, 0)
False, True, 0.0016, (0, 311, 12, 381, 254, 285, 197, 298, 131, 202, 254, 381, 311, 0)
False, True, 0.0081, (0, 229, 380, 241, 370, 287, 289, 262, 370, 241, 222, 335, 0)
all_elementary, False
all_cyc2, False
