Instance, X-n331-k15
capacity, 23
min_trucks, 15
output_file, output_uchoa/X-n331-k15-ng8.log
Start date, 2022-06-30
Start time, 23-34-26
capacity, 23
num_vehicles, 15
abort_early, False
methods, ['ng8']
max_vars, 100
time_limit, 86400
farley, False
ESPPRC_heur, True
initial time, initial max_it, max_stale_it
1, 20000.0, 20
heuristic Number of routes, heuristic Best Solution Value, heuristic number of iterations, adjusted time, adjusted max_it, measured total time
233969, 31310.0, 20000, 1, 20000.0, 22708.6
method, python time, total time, propagated dominance time, unpropagated dominance time, pricing_success, upper_bound, lower_bound, abort_early, num_paths, 
ESPPRC_heur, 0.1, 0.4, 0.2, 0.1, 0, 30773.4847, 24582.4287, True, 1086
ESPPRC_heur, 0.1, 0.4, 0.2, 0.1, 0, 30773.4847, 23329.7098, True, 1395
ESPPRC_heur, 0.1, 0.4, 0.2, 0.1, 0, 30773.4847, 25933.718, True, 983
ESPPRC_heur, 0.1, 0.4, 0.2, 0.1, 0, 30773.4847, 24138.0152, True, 1311
ESPPRC_heur, 0.1, 0.4, 0.2, 0.1, 0, 30773.4847, 26065.1646, True, 840
ESPPRC_heur, 0.1, 0.4, 0.2, 0.1, 0, 30773.4847, 26911.025, True, 758
ESPPRC_heur, 0.1, 0.6, 0.3, 0.1, 0, 30773.4847, 25448.4142, True, 1239
ESPPRC_heur, 0.1, 0.5, 0.3, 0.1, 0, 30773.4847, 27151.3875, True, 785
ESPPRC_heur, 0.1, 0.5, 0.2, 0.1, 0, 30773.4847, 27177.3661, True, 769
ESPPRC_heur, 0.1, 0.5, 0.2, 0.1, 0, 30773.4847, 24300.9676, True, 1279
ESPPRC_heur, 0.1, 0.4, 0.2, 0.1, 0, 30773.4847, 27322.0441, True, 649
ESPPRC_heur, 0.1, 0.5, 0.3, 0.1, 0, 30773.4847, 27916.2968, True, 533
ESPPRC_heur, 0.1, 0.5, 0.3, 0.1, 0, 30773.4847, 27556.2149, True, 522
ESPPRC_heur, 0.1, 0.5, 0.3, 0.1, 0, 30773.4847, 28227.5138, True, 514
ESPPRC_heur, 0.1, 0.5, 0.3, 0.1, 0, 30773.4847, 28719.0794, True, 423
ESPPRC_heur, 0.1, 0.5, 0.3, 0.1, 0, 30773.4847, 29011.6661, True, 343
ESPPRC_heur, 0.1, 0.5, 0.3, 0.1, 0, 30773.4847, 29237.0024, True, 269
ESPPRC_heur, 0.2, 0.5, 0.3, 0.1, 0, 30773.4847, 28916.0966, True, 342
ESPPRC_heur, 0.1, 0.5, 0.2, 0.1, 0, 30773.4847, 28807.7534, True, 345
ESPPRC_heur, 0.4, 0.5, 0.2, 0.1, 0, 30773.4847, 28424.6084, True, 348
ESPPRC_heur, 0.1, 0.5, 0.2, 0.1, 0, 30773.4847, 28639.3923, True, 423
ESPPRC_heur, 0.1, 0.5, 0.2, 0.1, 0, 30773.4847, 29040.9246, True, 287
ESPPRC_heur, 0.1, 0.5, 0.2, 0.1, 0, 30773.4847, 29714.0822, True, 221
ESPPRC_heur, 0.1, 0.5, 0.2, 0.1, 0, 30770.9055, 28593.8258, True, 453
ESPPRC_heur, 0.1, 0.5, 0.2, 0.1, 0, 30770.9055, 29091.3029, True, 350
ESPPRC_heur, 0.1, 0.5, 0.2, 0.1, 0, 30770.9055, 29273.3403, True, 265
ESPPRC_heur, 0.1, 0.4, 0.2, 0.1, 0, 30761.1172, 28427.9109, True, 395
ESPPRC_heur, 0.1, 0.4, 0.2, 0.1, 0, 30761.1172, 28938.1761, True, 305
ESPPRC_heur, 0.1, 0.4, 0.2, 0.1, 0, 30761.1172, 29740.6212, True, 220
ESPPRC_heur, 0.1, 0.4, 0.2, 0.1, 0, 30761.1172, 29072.9721, True, 324
ESPPRC_heur, 0.1, 0.4, 0.2, 0.1, 0, 30761.1171, 29275.1541, True, 223
ESPPRC_heur, 0.1, 0.4, 0.2, 0.1, 0, 30758.3487, 29328.4827, True, 194
ESPPRC_heur, 0.1, 0.4, 0.2, 0.1, 0, 30758.3282, 29398.9, True, 225
ESPPRC_heur, 0.1, 0.4, 0.2, 0.1, 0, 30758.3242, 29307.0787, True, 262
ESPPRC_heur, 0.1, 0.4, 0.2, 0.1, 0, 30758.3219, 29476.1081, True, 208
ESPPRC_heur, 0.1, 0.4, 0.2, 0.1, 0, 30758.3219, 29919.4006, True, 219
ESPPRC_heur, 0.1, 0.4, 0.2, 0.1, 0, 30758.1405, 28992.1093, True, 301
ESPPRC_heur, 0.1, 0.4, 0.2, 0.1, 0, 30758.1405, 29785.9991, True, 222
ESPPRC_heur, 0.1, 0.4, 0.2, 0.1, 0, 30758.1405, 29977.9687, True, 229
ESPPRC_heur, 0.1, 0.4, 0.2, 0.1, 0, 30758.1405, 30081.4116, True, 211
ESPPRC_heur, 0.1, 0.4, 0.2, 0.1, 0, 30757.7083, 29160.7611, True, 278
ESPPRC_heur, 0.1, 0.5, 0.2, 0.1, 0, 30757.7083, 29528.4725, True, 211
ESPPRC_heur, 0.1, 0.5, 0.3, 0.1, 0, 30741.6784, 29193.161, True, 236
ESPPRC_heur, 0.1, 0.4, 0.2, 0.1, 0, 30741.6784, 29509.8536, True, 194
ESPPRC_heur, 0.1, 0.4, 0.2, 0.1, 0, 30741.6784, 29716.5929, True, 198
ESPPRC_heur, 0.1, 0.4, 0.2, 0.1, 0, 30741.6784, 29626.718, True, 215
ESPPRC_heur, 0.1, 0.4, 0.2, 0.1, 0, 30741.6784, 29468.5864, True, 200
ESPPRC_heur, 0.1, 0.4, 0.2, 0.1, 0, 30741.4834, 29282.4004, True, 218
ESPPRC_heur, 0.1, 0.4, 0.2, 0.1, 0, 30741.4834, 29407.8474, True, 203
ESPPRC_heur, 0.1, 0.4, 0.2, 0.1, 0, 30740.8985, 29927.969, True, 202
ESPPRC_heur, 0.1, 0.4, 0.2, 0.1, 0, 30740.8985, 29437.7654, True, 180
ESPPRC_heur, 0.1, 0.4, 0.2, 0.1, 0, 30740.1556, 29304.3595, True, 215
ESPPRC_heur, 0.1, 0.4, 0.2, 0.1, 0, 30740.1556, 29632.7, True, 195
ESPPRC_heur, 0.1, 0.4, 0.2, 0.1, 0, 30740.1556, 29788.5779, True, 188
ESPPRC_heur, 0.1, 0.4, 0.2, 0.1, 0, 30740.1556, 29739.3301, True, 169
ESPPRC_heur, 0.1, 0.4, 0.2, 0.1, 0, 30738.8731, 29448.3, True, 219
ESPPRC_heur, 0.1, 0.4, 0.2, 0.1, 0, 30738.8731, 29952.4307, True, 183
ESPPRC_heur, 0.1, 0.4, 0.2, 0.1, 0, 30738.8731, 30003.4148, True, 160
ESPPRC_heur, 0.1, 0.4, 0.2, 0.1, 0, 30738.873, 30101.6386, True, 144
ESPPRC_heur, 0.1, 0.4, 0.2, 0.1, 0, 30738.4727, 29657.168, True, 189
ESPPRC_heur, 0.1, 0.4, 0.2, 0.1, 0, 30738.4727, 29922.9848, True, 161
ESPPRC_heur, 0.1, 0.4, 0.2, 0.1, 0, 30738.4727, 29922.2506, True, 176
ESPPRC_heur, 0.1, 0.4, 0.2, 0.1, 0, 30738.4727, 29703.9926, True, 170
ESPPRC_heur, 0.1, 0.4, 0.2, 0.1, 0, 30738.4727, 30107.9462, True, 150
ESPPRC_heur, 0.1, 0.4, 0.2, 0.1, 0, 30737.5876, 30059.6959, True, 174
ESPPRC_heur, 0.1, 0.4, 0.2, 0.1, 0, 30735.9454, 29408.5725, True, 223
ESPPRC_heur, 0.1, 0.4, 0.2, 0.1, 0, 30735.9454, 29609.7332, True, 213
ESPPRC_heur, 0.1, 0.4, 0.2, 0.1, 0, 30735.9454, 30182.0959, True, 151
ESPPRC_heur, 0.1, 0.4, 0.2, 0.1, 0, 30735.725, 29769.9215, True, 182
ESPPRC_heur, 0.1, 0.4, 0.2, 0.1, 0, 30735.725, 30375.5184, True, 115
ESPPRC_heur, 0.1, 0.4, 0.2, 0.1, 0, 30732.2467, 30063.4709, True, 162
ESPPRC_heur, 0.1, 0.4, 0.2, 0.1, 0, 30732.1234, 29789.4882, True, 189
ESPPRC_heur, 0.1, 0.4, 0.2, 0.1, 0, 30729.8668, 30072.9244, True, 150
ESPPRC_heur, 0.1, 0.4, 0.2, 0.1, 0, 30728.4657, 30128.1661, True, 163
ESPPRC_heur, 0.1, 0.4, 0.2, 0.1, 0, 30728.3962, 30011.3441, True, 159
ESPPRC_heur, 0.1, 0.4, 0.2, 0.1, 0, 30728.3962, 30206.9216, True, 136
ESPPRC_heur, 0.1, 0.4, 0.2, 0.1, 0, 30726.7855, 30108.7145, True, 151
ESPPRC_heur, 0.1, 0.4, 0.2, 0.1, 0, 30726.7462, 30355.237, True, 97
ESPPRC_heur, 0.1, 0.4, 0.2, 0.1, 0, 30725.8798, 30361.0306, True, 143
ESPPRC_heur, 0.1, 0.4, 0.2, 0.1, 0, 30725.4818, 29812.38, True, 176
ESPPRC_heur, 0.1, 0.4, 0.2, 0.1, 0, 30725.4818, 30248.4994, True, 147
ESPPRC_heur, 0.1, 0.4, 0.2, 0.1, 0, 30725.4818, 30199.3218, True, 81
ESPPRC_heur, 0.1, 0.4, 0.2, 0.1, 0, 30725.1306, 30282.0003, True, 120
ESPPRC_heur, 0.0, 0.5, 0.2, 0.1, 0, 30725.0205, 30482.6328, True, 61
ESPPRC_heur, 0.1, 0.4, 0.2, 0.1, 0, 30724.7821, 30312.4977, True, 105
ESPPRC_heur, 0.0, 0.4, 0.2, 0.1, 0, 30724.7361, 30411.7861, True, 60
ESPPRC_heur, 0.1, 0.4, 0.2, 0.1, 0, 30723.9469, 30401.6613, True, 79
ESPPRC_heur, 0.1, 0.4, 0.2, 0.1, 0, 30722.4652, 29981.3811, True, 164
ESPPRC_heur, 0.1, 0.4, 0.2, 0.1, 0, 30722.4652, 30497.1477, True, 75
ESPPRC_heur, 0.1, 0.4, 0.2, 0.1, 0, 30722.0442, 30041.2645, True, 96
ESPPRC_heur, 0.1, 0.4, 0.2, 0.1, 0, 30721.5329, 30309.1896, True, 89
ESPPRC_heur, 0.0, 0.4, 0.2, 0.1, 0, 30721.4525, 30440.2077, True, 64
ESPPRC_heur, 0.0, 0.4, 0.2, 0.1, 0, 30721.4379, 30517.1919, True, 43
ESPPRC_heur, 0.0, 0.6, 0.3, 0.1, 0, 30721.1223, 30399.6759, True, 107
ESPPRC_heur, 0.0, 0.6, 0.3, 0.1, 0, 30720.8875, 30361.9058, True, 92
ESPPRC_heur, 0.1, 0.4, 0.2, 0.1, 0, 30720.4068, 30218.341, True, 110
ESPPRC_heur, 0.1, 0.4, 0.2, 0.1, 0, 30720.1863, 29984.5173, True, 153
ESPPRC_heur, 0.1, 0.4, 0.2, 0.1, 0, 30720.1863, 30269.9638, True, 102
ESPPRC_heur, 0.1, 0.4, 0.2, 0.1, 0, 30719.5211, 30289.6098, True, 82
ESPPRC_heur, 0.0, 0.4, 0.2, 0.1, 0, 30719.3549, 30408.7699, True, 55
ESPPRC_heur, 0.1, 0.4, 0.2, 0.1, 0, 30718.9067, 29908.9702, True, 131
ESPPRC_heur, 0.0, 0.4, 0.2, 0.1, 0, 30718.6577, 30433.4796, True, 52
ESPPRC_heur, 0.0, 0.5, 0.2, 0.1, 0, 30718.3705, 30433.9859, True, 79
ESPPRC_heur, 0.0, 0.5, 0.2, 0.1, 0, 30718.3704, 30221.2864, True, 110
ESPPRC_heur, 0.0, 0.4, 0.2, 0.1, 0, 30718.1591, 30390.8629, True, 38
ESPPRC_heur, 0.1, 0.4, 0.2, 0.1, 0, 30718.1332, 30538.242, True, 59
ESPPRC_heur, 0.1, 0.5, 0.3, 0.1, 0, 30717.8152, 30288.6096, True, 118
ESPPRC_heur, 0.1, 0.5, 0.3, 0.1, 0, 30717.7681, 30315.307, True, 64
ESPPRC_heur, 0.1, 0.5, 0.3, 0.1, 0, 30717.6345, 30474.8455, True, 67
ESPPRC_heur, 0.1, 0.5, 0.2, 0.1, 0, 30717.6221, 30472.1418, True, 69
ESPPRC_heur, 0.0, 0.5, 0.2, 0.1, 0, 30717.6221, 30521.0385, True, 29
ESPPRC_heur, 0.1, 0.4, 0.2, 0.1, 0, 30717.4365, 30398.8763, True, 73
ESPPRC_heur, 0.1, 0.4, 0.2, 0.1, 0, 30717.4113, 30401.5423, True, 66
ESPPRC_heur, 0.0, 0.4, 0.2, 0.1, 0, 30717.4113, 30425.6657, True, 57
ESPPRC_heur, 0.1, 0.4, 0.2, 0.1, 0, 30717.3983, 30210.5647, True, 90
ESPPRC_heur, 0.1, 0.4, 0.2, 0.1, 0, 30717.3067, 30348.9351, True, 73
ESPPRC_heur, 0.0, 0.4, 0.2, 0.1, 0, 30717.3067, 30476.8209, True, 43
ESPPRC_heur, 0.1, 0.4, 0.2, 0.1, 0, 30717.0719, 30109.5616, True, 85
ESPPRC_heur, 0.0, 0.4, 0.2, 0.1, 0, 30717.0719, 30533.441, True, 35
ESPPRC_heur, 0.0, 0.5, 0.2, 0.1, 0, 30716.6597, 30564.6489, True, 50
ESPPRC_heur, 0.1, 0.5, 0.3, 0.1, 0, 30716.637, 30389.2311, True, 63
ESPPRC_heur, 0.0, 0.5, 0.2, 0.1, 0, 30716.4557, 30539.3627, True, 37
ESPPRC_heur, 0.1, 0.5, 0.3, 0.1, 0, 30716.3318, 30595.4915, True, 24
ESPPRC_heur, 0.0, 0.4, 0.2, 0.1, 0, 30716.2825, 30576.0955, True, 26
ESPPRC_heur, 0.0, 0.4, 0.2, 0.1, 0, 30716.2825, 30589.6649, True, 20
ESPPRC_heur, 0.0, 0.4, 0.2, 0.1, 0, 30716.2825, 30652.705, True, 7
ESPPRC_heur, 0.1, 0.5, 0.3, 0.1, 0, 30716.1659, 30509.0754, True, 36
ESPPRC_heur, 0.1, 0.5, 0.3, 0.1, 0, 30716.1659, 30498.1715, True, 18
ESPPRC_heur, 0.1, 0.5, 0.3, 0.1, 0, 30716.1659, 30626.2597, True, 11
ESPPRC_heur, 0.0, 0.5, 0.3, 0.1, 0, 30716.1458, 30645.8135, True, 8
ESPPRC_heur, 0.0, 0.5, 0.3, 0.1, 0, 30716.1458, 30580.682, True, 11
ESPPRC_heur, 0.0, 0.5, 0.3, 0.1, 0, 30716.1458, 30664.7247, True, 4
ESPPRC_heur, 0.0, 0.5, 0.3, 0.1, 0, 30716.1447, 30659.6052, True, 5
ESPPRC_heur, 0.0, 0.5, 0.2, 0.1, 0, 30716.1447, 30591.7702, True, 10
ESPPRC_heur, 0.0, 0.4, 0.2, 0.1, 0, 30716.1394, 30675.9983, True, 5
ESPPRC_heur, 0.0, 0.4, 0.2, 0.1, 0, 30716.0583, 30541.2513, True, 14
ESPPRC_heur, 0.0, 0.4, 0.2, 0.1, 0, 30716.0583, 30565.829, True, 10
ESPPRC_heur, 0.0, 0.4, 0.2, 0.1, 0, 30716.0583, 30530.3992, True, 12
ESPPRC_heur, 0.0, 0.4, 0.2, 0.1, 0, 30716.0583, 30646.5656, True, 2
ESPPRC_heur, 0.0, 0.4, 0.2, 0.1, 0, 30716.0583, 30687.5939, True, 5
ng8, 0.1, 36.0, 32.2, 1.8, 1, 30716.0583, 29573.5576, 0, 639
ESPPRC_heur, 0.1, 0.4, 0.2, 0.1, 0, 30713.4093, 30042.955, True, 89
ESPPRC_heur, 0.1, 0.5, 0.3, 0.1, 0, 30713.0478, 30568.8366, True, 35
ESPPRC_heur, 0.1, 0.5, 0.3, 0.1, 0, 30713.0454, 30206.8934, True, 52
ESPPRC_heur, 0.1, 0.5, 0.2, 0.1, 0, 30713.0283, 30317.7103, True, 36
ESPPRC_heur, 0.1, 0.5, 0.3, 0.1, 0, 30713.0268, 30306.4332, True, 37
ESPPRC_heur, 0.1, 0.5, 0.3, 0.1, 0, 30713.0204, 30363.2761, True, 34
ESPPRC_heur, 0.1, 0.5, 0.3, 0.1, 0, 30713.0204, 30226.909, True, 47
ESPPRC_heur, 0.1, 0.5, 0.3, 0.1, 0, 30713.0105, 30502.9237, True, 24
ESPPRC_heur, 0.1, 0.5, 0.3, 0.1, 0, 30712.8858, 30349.1019, True, 32
ESPPRC_heur, 0.1, 0.5, 0.3, 0.1, 0, 30712.8858, 30395.9251, True, 23
ESPPRC_heur, 0.0, 0.5, 0.2, 0.1, 0, 30712.8858, 30413.6458, True, 22
ESPPRC_heur, 0.1, 0.5, 0.3, 0.1, 0, 30712.8824, 30475.3105, True, 30
ESPPRC_heur, 0.0, 0.5, 0.2, 0.1, 0, 30712.8804, 30575.5706, True, 13
ESPPRC_heur, 0.0, 0.4, 0.2, 0.1, 0, 30712.8508, 30458.03, True, 24
ESPPRC_heur, 0.0, 0.4, 0.2, 0.1, 0, 30712.8508, 30540.1467, True, 18
ESPPRC_heur, 0.1, 0.5, 0.3, 0.1, 0, 30712.8508, 30446.2713, True, 27
ESPPRC_heur, 0.1, 0.5, 0.3, 0.1, 0, 30712.8508, 30480.0297, True, 18
ESPPRC_heur, 0.0, 0.5, 0.3, 0.1, 0, 30712.8508, 30514.9962, True, 16
ESPPRC_heur, 0.0, 0.5, 0.2, 0.1, 0, 30712.8508, 30606.7564, True, 10
ESPPRC_heur, 0.0, 0.5, 0.2, 0.1, 0, 30712.8508, 30625.3973, True, 12
ESPPRC_heur, 0.0, 0.5, 0.3, 0.1, 0, 30712.8508, 30599.9019, True, 12
ESPPRC_heur, -0.0, 0.5, 0.2, 0.1, 0, 30712.7316, 30559.9449, True, 20
ESPPRC_heur, 0.0, 0.5, 0.2, 0.1, 0, 30711.6403, 30511.8686, True, 23
ESPPRC_heur, -0.0, 0.5, 0.2, 0.1, 0, 30711.62, 30657.8253, True, 8
ESPPRC_heur, 0.0, 0.4, 0.2, 0.1, 0, 30711.62, 30636.1287, True, 9
ESPPRC_heur, 0.0, 0.5, 0.2, 0.1, 0, 30711.6132, 30471.4164, True, 30
ESPPRC_heur, 0.1, 0.4, 0.2, 0.1, 0, 30710.7437, 30187.1862, True, 87
ESPPRC_heur, 0.0, 0.4, 0.2, 0.1, 0, 30710.7437, 30428.3715, True, 45
ESPPRC_heur, 0.0, 0.4, 0.2, 0.1, 0, 30710.7437, 30602.7978, True, 15
ESPPRC_heur, 0.0, 0.4, 0.2, 0.1, 0, 30710.7151, 30594.8559, True, 14
ESPPRC_heur, 0.0, 0.4, 0.2, 0.1, 0, 30710.7151, 30487.1659, True, 28
ESPPRC_heur, 0.0, 0.4, 0.2, 0.1, 0, 30710.7151, 30489.585, True, 30
ESPPRC_heur, -0.0, 0.5, 0.2, 0.1, 0, 30710.1438, 30596.7025, True, 36
ESPPRC_heur, 0.0, 0.5, 0.2, 0.1, 0, 30710.1164, 30327.0777, True, 68
ESPPRC_heur, 0.1, 0.4, 0.2, 0.1, 0, 30710.0431, 30406.6327, True, 49
ESPPRC_heur, 0.0, 0.4, 0.2, 0.1, 0, 30710.0367, 30441.8297, True, 41
ESPPRC_heur, 0.1, 0.4, 0.2, 0.1, 0, 30708.9491, 30339.4652, True, 81
ESPPRC_heur, 0.1, 0.4, 0.2, 0.1, 0, 30708.7874, 30323.0525, True, 115
ESPPRC_heur, 0.1, 0.5, 0.2, 0.1, 0, 30708.7874, 30462.5244, True, 86
ESPPRC_heur, -0.0, 0.5, 0.2, 0.1, 0, 30708.7874, 30530.7556, True, 48
ESPPRC_heur, 0.1, 0.4, 0.2, 0.1, 0, 30708.5399, 30218.7544, True, 86
ESPPRC_heur, 0.1, 0.5, 0.3, 0.1, 0, 30708.4069, 30404.089, True, 61
ESPPRC_heur, 0.0, 0.5, 0.2, 0.1, 0, 30708.4069, 30416.1432, True, 26
ESPPRC_heur, 0.1, 0.5, 0.2, 0.1, 0, 30708.4069, 30538.0097, True, 36
ESPPRC_heur, 0.0, 0.4, 0.2, 0.1, 0, 30708.3663, 30537.2721, True, 49
ESPPRC_heur, 0.1, 0.5, 0.2, 0.1, 0, 30708.1465, 30417.5864, True, 43
ESPPRC_heur, 0.0, 0.5, 0.2, 0.1, 0, 30707.8733, 30492.605, True, 62
ESPPRC_heur, 0.0, 0.5, 0.2, 0.1, 0, 30707.7823, 30362.3406, True, 47
ESPPRC_heur, 0.0, 0.5, 0.2, 0.1, 0, 30707.7278, 30540.8531, True, 37
ESPPRC_heur, 0.0, 0.4, 0.2, 0.1, 0, 30707.6376, 30450.3449, True, 41
ESPPRC_heur, 0.0, 0.4, 0.2, 0.1, 0, 30707.6376, 30541.8222, True, 13
ESPPRC_heur, 0.0, 0.4, 0.2, 0.1, 0, 30707.5619, 30523.8708, True, 51
ESPPRC_heur, 0.0, 0.4, 0.2, 0.1, 0, 30707.5619, 30279.381, True, 52
ESPPRC_heur, 0.0, 0.4, 0.2, 0.1, 0, 30707.5606, 30503.1492, True, 10
ESPPRC_heur, 0.0, 0.4, 0.2, 0.1, 0, 30707.5606, 30678.3145, True, 6
ng8, 0.1, 50.6, 47.0, 1.8, 1, 30707.5606, 29570.9221, 0, 532
ESPPRC_heur, 0.1, 0.5, 0.3, 0.1, 0, 30696.132, 30203.3948, True, 92
ESPPRC_heur, 0.1, 0.5, 0.3, 0.1, 0, 30695.9626, 30405.7494, True, 37
ESPPRC_heur, 0.1, 0.4, 0.2, 0.1, 0, 30695.9516, 29982.071, True, 101
ESPPRC_heur, 0.1, 0.4, 0.2, 0.1, 0, 30695.7825, 30118.6684, True, 79
ESPPRC_heur, 0.1, 0.4, 0.2, 0.1, 0, 30695.7825, 30274.1967, True, 43
ESPPRC_heur, 0.0, 0.4, 0.2, 0.1, 0, 30695.7825, 30457.2684, True, 39
ESPPRC_heur, 0.0, 0.4, 0.2, 0.1, 0, 30695.7825, 30482.9197, True, 28
ESPPRC_heur, 0.1, 0.5, 0.2, 0.1, 0, 30695.7825, 30205.7316, True, 79
ESPPRC_heur, 0.1, 0.5, 0.3, 0.1, 0, 30695.7825, 30460.8811, True, 75
ESPPRC_heur, 0.0, 0.5, 0.2, 0.1, 0, 30695.7217, 30346.9707, True, 57
ESPPRC_heur, 0.0, 0.5, 0.2, 0.1, 0, 30695.3489, 30355.2864, True, 62
ESPPRC_heur, 0.0, 0.5, 0.2, 0.1, 0, 30695.3469, 30416.1081, True, 44
ESPPRC_heur, 0.0, 0.5, 0.2, 0.1, 0, 30695.3294, 30490.7007, True, 25
ESPPRC_heur, 0.1, 0.5, 0.3, 0.1, 0, 30695.3294, 30609.1893, True, 18
ESPPRC_heur, 0.1, 0.5, 0.3, 0.1, 0, 30695.3294, 30594.1114, True, 23
ESPPRC_heur, 0.0, 0.4, 0.2, 0.1, 0, 30695.3143, 30604.799, True, 23
ESPPRC_heur, 0.0, 0.4, 0.2, 0.1, 0, 30695.3142, 30634.4971, True, 15
ESPPRC_heur, 0.1, 0.5, 0.3, 0.1, 0, 30695.2972, 30562.5599, True, 20
ESPPRC_heur, 0.1, 0.4, 0.2, 0.1, 0, 30695.2972, 30585.6671, True, 21
ESPPRC_heur, 0.1, 0.4, 0.2, 0.1, 0, 30695.2923, 30658.0214, True, 13
ESPPRC_heur, 0.0, 0.4, 0.2, 0.1, 0, 30695.2401, 30576.9613, True, 22
ESPPRC_heur, 0.0, 0.4, 0.2, 0.1, 0, 30695.2401, 30662.7145, True, 9
ESPPRC_heur, 0.0, 0.4, 0.2, 0.1, 0, 30695.2359, 30493.5865, True, 24
ESPPRC_heur, 0.0, 0.4, 0.2, 0.1, 0, 30695.2337, 30595.0162, True, 8
ESPPRC_heur, 0.0, 0.5, 0.2, 0.1, 0, 30694.9291, 30441.9528, True, 31
ESPPRC_heur, 0.1, 0.4, 0.2, 0.1, 0, 30694.6326, 30420.8509, True, 91
ESPPRC_heur, 0.0, 0.4, 0.2, 0.1, 0, 30694.3911, 30460.3165, True, 58
ESPPRC_heur, 0.0, 0.5, 0.2, 0.1, 0, 30694.3643, 30373.5744, True, 57
ESPPRC_heur, 0.1, 0.6, 0.3, 0.1, 0, 30694.3531, 30418.755, True, 73
ESPPRC_heur, 0.0, 0.6, 0.3, 0.1, 0, 30694.3531, 30593.4607, True, 26
ESPPRC_heur, 0.0, 0.6, 0.3, 0.1, 0, 30694.3504, 30609.4592, True, 11
ESPPRC_heur, 0.0, 0.6, 0.3, 0.1, 0, 30694.3298, 30617.5991, True, 8
ESPPRC_heur, 0.0, 0.4, 0.2, 0.1, 0, 30694.3298, 30621.3555, True, 14
ESPPRC_heur, 0.0, 0.4, 0.2, 0.1, 0, 30694.3048, 30478.4526, True, 26
ESPPRC_heur, 0.0, 0.4, 0.2, 0.1, 0, 30694.3048, 30577.9324, True, 17
ESPPRC_heur, 0.0, 0.4, 0.2, 0.1, 0, 30694.3048, 30612.0986, True, 18
ESPPRC_heur, 0.0, 0.4, 0.2, 0.1, 0, 30694.3048, 30619.5373, True, 7
ESPPRC_heur, 0.0, 0.4, 0.2, 0.1, 0, 30694.3048, 30683.5982, True, 4
ESPPRC_heur, 0.0, 0.4, 0.2, 0.1, 0, 30694.3048, 30685.9756, True, 2
ng8, 0.1, 38.3, 34.5, 1.8, 1, 30694.3048, 29575.2616, 0, 446
ESPPRC_heur, 0.0, 0.4, 0.2, 0.1, 0, 30688.6602, 30358.9239, True, 60
ESPPRC_heur, 0.0, 0.5, 0.2, 0.1, 0, 30688.4151, 29663.9707, True, 174
ESPPRC_heur, 0.1, 0.4, 0.2, 0.1, 0, 30688.4151, 30194.6471, True, 81
ESPPRC_heur, 0.1, 0.4, 0.2, 0.1, 0, 30688.3526, 30152.4848, True, 77
ESPPRC_heur, 0.1, 0.4, 0.2, 0.1, 0, 30688.3188, 30080.2145, True, 92
ESPPRC_heur, 0.0, 0.4, 0.2, 0.1, 0, 30688.2349, 30505.8631, True, 44
ESPPRC_heur, 0.0, 0.4, 0.2, 0.1, 0, 30688.2171, 30646.7538, True, 13
ESPPRC_heur, 0.0, 0.4, 0.2, 0.1, 0, 30688.2072, 30548.5207, True, 32
ESPPRC_heur, 0.0, 0.4, 0.2, 0.1, 0, 30688.1741, 30635.9117, True, 11
ESPPRC_heur, 0.0, 0.5, 0.2, 0.1, 0, 30688.0128, 30373.5812, True, 57
ESPPRC_heur, 0.0, 0.5, 0.2, 0.1, 0, 30688.0128, 30387.3318, True, 48
ESPPRC_heur, 0.0, 0.4, 0.2, 0.1, 0, 30688.008, 30584.059, True, 7
ESPPRC_heur, 0.0, 0.4, 0.2, 0.1, 0, 30687.9892, 30505.1923, True, 12
ESPPRC_heur, 0.0, 0.4, 0.2, 0.1, 0, 30687.9892, 30576.353, True, 3
ESPPRC_heur, -0.0, 0.5, 0.2, 0.1, 0, 30687.9892, 30658.0066, True, 5
ng8, 0.1, 55.4, 51.0, 2.2, 1, 30687.9892, 29436.6199, 0, 469
ESPPRC_heur, 0.1, 0.5, 0.3, 0.1, 0, 30687.9892, 30548.0818, True, 17
ng8, 0.1, 41.9, 37.9, 1.9, 1, 30687.9892, 29713.3967, 0, 455
ESPPRC_heur, 0.1, 0.5, 0.3, 0.1, 0, 30687.3931, 29967.2778, True, 133
ESPPRC_heur, 0.0, 0.4, 0.2, 0.1, 0, 30687.3931, 30429.3799, True, 41
ESPPRC_heur, 0.0, 0.4, 0.2, 0.1, 0, 30687.393, 30458.3477, True, 38
ESPPRC_heur, 0.0, 0.4, 0.2, 0.1, 0, 30687.3896, 30634.7819, True, 19
ESPPRC_heur, 0.0, 0.4, 0.2, 0.1, 0, 30687.3752, 30648.9385, True, 9
ESPPRC_heur, 0.0, 0.4, 0.2, 0.1, 0, 30687.3666, 30632.7231, True, 4
ESPPRC_heur, 0.0, 0.4, 0.2, 0.1, 0, 30687.3666, 30680.2411, True, 3
ESPPRC_heur, 0.0, 0.4, 0.2, 0.1, 0, 30687.3666, 30674.1671, True, 2
ng8, 0.1, 44.1, 40.3, 1.8, 1, 30687.3666, 29817.4867, 0, 428
ESPPRC_heur, 0.1, 0.5, 0.3, 0.1, 0, 30684.518, 30283.2992, True, 91
ESPPRC_heur, 0.1, 0.5, 0.3, 0.1, 0, 30684.3446, 30160.5685, True, 80
ESPPRC_heur, 0.1, 0.5, 0.3, 0.1, 0, 30684.337, 30523.7653, True, 32
ESPPRC_heur, 0.0, 0.4, 0.2, 0.1, 0, 30684.337, 30536.7365, True, 25
ESPPRC_heur, 0.0, 0.4, 0.2, 0.1, 0, 30684.1131, 30213.1373, True, 61
ESPPRC_heur, 0.0, 0.4, 0.2, 0.1, 0, 30684.0816, 30350.4299, True, 36
ESPPRC_heur, 0.0, 0.4, 0.2, 0.1, 0, 30684.0816, 30514.0178, True, 19
ESPPRC_heur, 0.0, 0.4, 0.2, 0.1, 0, 30684.0816, 30568.6911, True, 18
ESPPRC_heur, 0.0, 0.4, 0.2, 0.1, 0, 30684.0816, 30521.8212, True, 14
ESPPRC_heur, 0.0, 0.4, 0.2, 0.1, 0, 30684.0816, 30576.9278, True, 18
ESPPRC_heur, 0.0, 0.4, 0.2, 0.1, 0, 30684.0816, 30623.5254, True, 1
ESPPRC_heur, 0.0, 0.4, 0.2, 0.1, 0, 30684.0816, 30618.6985, True, 4
ESPPRC_heur, 0.0, 0.4, 0.2, 0.1, 0, 30684.0816, 30651.632, True, 2
ng8, 0.1, 52.4, 48.8, 1.8, 1, 30684.0816, 29979.2899, 0, 448
ESPPRC_heur, 0.0, 0.5, 0.2, 0.1, 0, 30679.3049, 30423.0347, True, 28
ESPPRC_heur, 0.1, 0.5, 0.2, 0.1, 0, 30679.1325, 29894.0224, True, 114
ESPPRC_heur, 0.1, 0.5, 0.2, 0.1, 0, 30678.9875, 30339.2907, True, 45
ESPPRC_heur, 0.1, 0.5, 0.3, 0.1, 0, 30678.9875, 30420.3448, True, 35
ESPPRC_heur, -0.0, 0.6, 0.3, 0.1, 0, 30678.9875, 30447.0683, True, 29
ESPPRC_heur, -0.0, 0.6, 0.3, 0.1, 0, 30678.9875, 30582.8389, True, 5
ESPPRC_heur, 0.0, 0.6, 0.3, 0.1, 0, 30678.9875, 30473.8496, True, 21
ESPPRC_heur, 0.1, 0.5, 0.3, 0.1, 0, 30678.9875, 30543.9991, True, 10
ESPPRC_heur, 0.0, 0.6, 0.3, 0.1, 0, 30678.6824, 29851.5498, True, 135
ESPPRC_heur, 0.1, 0.5, 0.2, 0.1, 0, 30678.6824, 30255.4948, True, 79
ESPPRC_heur, 0.1, 0.4, 0.2, 0.1, 0, 30677.9737, 29913.6681, True, 141
ESPPRC_heur, 0.1, 0.4, 0.2, 0.1, 0, 30677.9737, 30095.1823, True, 109
ESPPRC_heur, 0.1, 0.4, 0.2, 0.1, 0, 30677.9084, 30047.1311, True, 127
ESPPRC_heur, 0.0, 0.4, 0.2, 0.1, 0, 30677.9084, 30205.2515, True, 56
ESPPRC_heur, 0.1, 0.4, 0.2, 0.1, 0, 30677.9084, 29687.9473, True, 111
ESPPRC_heur, 0.1, 0.4, 0.2, 0.1, 0, 30677.9084, 30326.6194, True, 101
ESPPRC_heur, 0.0, 0.4, 0.2, 0.1, 0, 30677.8329, 30436.8263, True, 42
ESPPRC_heur, 0.0, 0.4, 0.2, 0.1, 0, 30677.8329, 30503.8497, True, 24
ESPPRC_heur, 0.0, 0.4, 0.2, 0.1, 0, 30677.1544, 30309.4784, True, 47
ESPPRC_heur, 0.0, 0.4, 0.2, 0.1, 0, 30677.1544, 30335.0935, True, 44
ESPPRC_heur, 0.0, 0.4, 0.2, 0.1, 0, 30677.1544, 30465.4681, True, 29
ESPPRC_heur, 0.0, 0.4, 0.2, 0.1, 0, 30677.1544, 30485.549, True, 25
ESPPRC_heur, 0.0, 0.4, 0.2, 0.1, 0, 30677.1544, 30448.0864, True, 27
ESPPRC_heur, 0.0, 0.4, 0.2, 0.1, 0, 30677.1544, 30529.2057, True, 20
ESPPRC_heur, 0.0, 0.4, 0.2, 0.1, 0, 30677.1544, 30283.1804, True, 33
ESPPRC_heur, 0.0, 0.4, 0.2, 0.1, 0, 30677.1544, 30491.8706, True, 25
ESPPRC_heur, 0.0, 0.4, 0.2, 0.1, 0, 30677.1544, 30496.7646, True, 25
ESPPRC_heur, 0.0, 0.4, 0.2, 0.1, 0, 30677.1544, 30507.5479, True, 17
ESPPRC_heur, 0.0, 0.4, 0.2, 0.1, 0, 30677.1544, 30501.4759, True, 23
ESPPRC_heur, 0.1, 0.4, 0.2, 0.1, 0, 30676.434, 29973.8091, True, 111
ESPPRC_heur, 0.0, 0.4, 0.2, 0.1, 0, 30676.434, 30342.9198, True, 41
ESPPRC_heur, 0.0, 0.4, 0.2, 0.1, 0, 30676.4241, 30444.977, True, 36
ESPPRC_heur, 0.0, 0.4, 0.2, 0.1, 0, 30676.1875, 30377.2918, True, 43
ESPPRC_heur, 0.0, 0.4, 0.2, 0.1, 0, 30676.1541, 30525.6589, True, 29
ESPPRC_heur, 0.1, 0.4, 0.2, 0.1, 0, 30675.9319, 29943.6514, True, 92
ESPPRC_heur, 0.0, 0.4, 0.2, 0.1, 0, 30675.9242, 30255.1997, True, 53
ESPPRC_heur, 0.0, 0.4, 0.2, 0.1, 0, 30675.9242, 30385.9538, True, 36
ESPPRC_heur, 0.0, 0.4, 0.2, 0.1, 0, 30675.9242, 30360.9537, True, 52
ESPPRC_heur, 0.0, 0.4, 0.2, 0.1, 0, 30675.9242, 30539.5165, True, 21
ESPPRC_heur, 0.1, 0.4, 0.2, 0.1, 0, 30675.9211, 30041.0006, True, 83
ESPPRC_heur, 0.0, 0.4, 0.2, 0.1, 0, 30675.9211, 30482.6594, True, 23
ESPPRC_heur, 0.0, 0.4, 0.2, 0.1, 0, 30675.9211, 30483.7327, True, 20
ESPPRC_heur, 0.0, 0.4, 0.2, 0.1, 0, 30675.9211, 30416.1718, True, 31
ESPPRC_heur, 0.0, 0.4, 0.2, 0.1, 0, 30675.8092, 30512.1401, True, 27
ESPPRC_heur, 0.0, 0.4, 0.2, 0.1, 0, 30675.8092, 30430.0973, True, 19
ESPPRC_heur, 0.1, 0.5, 0.3, 0.1, 0, 30675.6167, 30264.2632, True, 65
ESPPRC_heur, 0.0, 0.5, 0.2, 0.1, 0, 30675.5977, 30365.6005, True, 39
ESPPRC_heur, 0.0, 0.5, 0.2, 0.1, 0, 30675.5977, 30453.302, True, 27
ESPPRC_heur, 0.0, 0.5, 0.3, 0.1, 0, 30675.5977, 30494.3991, True, 21
ESPPRC_heur, 0.1, 0.5, 0.3, 0.1, 0, 30675.5977, 30455.2871, True, 19
ESPPRC_heur, 0.0, 0.5, 0.3, 0.1, 0, 30675.5977, 30594.9913, True, 7
ESPPRC_heur, 0.0, 0.5, 0.2, 0.1, 0, 30675.5977, 30506.1516, True, 10
ESPPRC_heur, 0.0, 0.5, 0.3, 0.1, 0, 30675.5977, 30604.1425, True, 11
ESPPRC_heur, 0.1, 0.5, 0.3, 0.1, 0, 30675.2826, 30390.8344, True, 41
ESPPRC_heur, 0.1, 0.5, 0.3, 0.1, 0, 30675.2826, 30532.3819, True, 28
ESPPRC_heur, 0.0, 0.5, 0.2, 0.1, 0, 30675.2826, 30564.2554, True, 9
ESPPRC_heur, 0.0, 0.5, 0.2, 0.1, 0, 30675.2826, 30628.9388, True, 9
ESPPRC_heur, 0.0, 0.5, 0.3, 0.1, 0, 30675.2826, 30661.5231, True, 3
ESPPRC_heur, 0.0, 0.5, 0.3, 0.1, 0, 30675.2826, 30669.7545, True, 1
ESPPRC_heur, 0.0, 0.5, 0.2, 0.1, 0, 30675.2826, 30670.9657, True, 2
ng8, 0.1, 57.9, 53.3, 2.2, 1, 30675.2825, 29815.4215, 0, 420
ESPPRC_heur, 0.1, 0.5, 0.3, 0.1, 0, 30674.6339, 29977.8789, True, 89
ESPPRC_heur, 0.1, 0.6, 0.3, 0.1, 0, 30674.6339, 30266.4977, True, 52
ESPPRC_heur, 0.1, 0.6, 0.3, 0.1, 0, 30674.5535, 30453.2459, True, 31
ESPPRC_heur, 0.1, 0.6, 0.3, 0.1, 0, 30674.5535, 30339.0235, True, 31
ESPPRC_heur, 0.1, 0.6, 0.3, 0.1, 0, 30674.5535, 30523.4124, True, 23
ESPPRC_heur, 0.0, 0.4, 0.2, 0.1, 0, 30674.231, 30547.847, True, 27
ESPPRC_heur, 0.0, 0.4, 0.2, 0.1, 0, 30674.2292, 30622.9531, True, 11
ESPPRC_heur, 0.0, 0.4, 0.2, 0.1, 0, 30674.2244, 30629.8877, True, 12
ESPPRC_heur, 0.0, 0.4, 0.2, 0.1, 0, 30674.2244, 30652.4648, True, 10
ng8, 0.1, 65.7, 61.0, 2.5, 1, 30674.2244, 30107.3296, 0, 394
ESPPRC_heur, 0.0, 0.5, 0.2, 0.1, 0, 30670.582, 30274.8037, True, 87
ESPPRC_heur, 0.0, 0.5, 0.2, 0.1, 0, 30670.4611, 30339.7722, True, 35
ESPPRC_heur, 0.0, 0.5, 0.2, 0.1, 0, 30670.4067, 30543.9281, True, 35
ESPPRC_heur, -0.0, 0.5, 0.2, 0.1, 0, 30670.4, 30493.9332, True, 18
ESPPRC_heur, -0.0, 0.5, 0.2, 0.1, 0, 30670.399, 30567.9502, True, 12
ESPPRC_heur, -0.0, 0.5, 0.2, 0.1, 0, 30670.3987, 30604.9285, True, 7
ESPPRC_heur, -0.0, 0.5, 0.2, 0.1, 0, 30670.3987, 30603.5553, True, 7
ESPPRC_heur, -0.0, 0.5, 0.2, 0.1, 0, 30670.3987, 30619.8218, True, 8
ESPPRC_heur, -0.0, 0.5, 0.2, 0.1, 0, 30670.3417, 30610.3417, True, 17
ESPPRC_heur, 0.0, 0.5, 0.2, 0.1, 0, 30670.2474, 30525.1185, True, 25
ESPPRC_heur, 0.0, 0.4, 0.2, 0.1, 0, 30670.2324, 30537.5953, True, 16
ESPPRC_heur, 0.0, 0.4, 0.2, 0.1, 0, 30670.1742, 30325.3284, True, 43
ESPPRC_heur, 0.0, 0.4, 0.2, 0.1, 0, 30669.9724, 30464.9289, True, 23
ESPPRC_heur, 0.0, 0.4, 0.2, 0.1, 0, 30669.9724, 30564.465, True, 9
ESPPRC_heur, 0.0, 0.4, 0.2, 0.1, 0, 30669.9325, 30582.7313, True, 4
ESPPRC_heur, 0.0, 0.4, 0.2, 0.1, 0, 30669.9309, 30627.7162, True, 4
ESPPRC_heur, 0.0, 0.4, 0.2, 0.1, 0, 30669.9309, 30653.855, True, 1
ESPPRC_heur, 0.0, 0.4, 0.2, 0.1, 0, 30669.9276, 30636.7804, True, 3
ESPPRC_heur, 0.0, 0.4, 0.2, 0.1, 0, 30669.9276, 30657.0843, True, 2
ng8, 0.1, 68.9, 64.5, 2.3, 1, 30669.9276, 30040.1319, 0, 352
ESPPRC_heur, 0.1, 0.5, 0.3, 0.1, 0, 30668.3322, 30311.3877, True, 53
ESPPRC_heur, 0.1, 0.5, 0.3, 0.1, 0, 30668.2474, 30540.6366, True, 31
ESPPRC_heur, 0.1, 0.5, 0.3, 0.1, 0, 30668.1993, 30476.6312, True, 35
ESPPRC_heur, 0.1, 0.5, 0.2, 0.1, 0, 30667.8864, 29912.4947, True, 83
ESPPRC_heur, 0.0, 0.5, 0.2, 0.1, 0, 30667.8819, 30327.2685, True, 39
ESPPRC_heur, 0.0, 0.5, 0.2, 0.1, 0, 30667.8819, 30396.3693, True, 34
ESPPRC_heur, 0.0, 0.5, 0.2, 0.1, 0, 30667.7997, 30271.1257, True, 52
ESPPRC_heur, -0.0, 0.5, 0.2, 0.1, 0, 30667.4756, 30486.6128, True, 30
ESPPRC_heur, -0.0, 0.5, 0.2, 0.1, 0, 30667.4425, 30515.7669, True, 12
ESPPRC_heur, -0.0, 0.5, 0.2, 0.1, 0, 30667.4425, 30462.9515, True, 34
ESPPRC_heur, -0.0, 0.5, 0.2, 0.1, 0, 30667.4425, 30541.3167, True, 14
ESPPRC_heur, 0.0, 0.4, 0.2, 0.1, 0, 30667.4425, 30598.9351, True, 12
ESPPRC_heur, -0.0, 0.5, 0.2, 0.1, 0, 30667.4425, 30658.2471, True, 1
ng8, 0.1, 61.2, 56.9, 2.1, 1, 30667.4425, 30097.9992, 0, 394
ESPPRC_heur, 0.0, 0.5, 0.2, 0.1, 0, 30667.2169, 30261.9661, True, 62
ESPPRC_heur, 0.0, 0.5, 0.2, 0.1, 0, 30667.2169, 30405.0701, True, 35
ESPPRC_heur, -0.0, 0.5, 0.2, 0.1, 0, 30667.2169, 30551.0259, True, 11
ESPPRC_heur, 0.0, 0.5, 0.2, 0.1, 0, 30667.2101, 30446.3771, True, 36
ESPPRC_heur, 0.0, 0.5, 0.2, 0.1, 0, 30667.2095, 30486.0131, True, 25
ESPPRC_heur, 0.0, 0.5, 0.2, 0.1, 0, 30667.1932, 30285.1509, True, 33
ESPPRC_heur, -0.0, 0.5, 0.2, 0.1, 0, 30667.1932, 30629.1905, True, 2
ESPPRC_heur, -0.0, 0.5, 0.2, 0.1, 0, 30667.1932, 30622.6201, True, 2
ng8, 0.0, 48.6, 44.5, 1.9, 1, 30667.1932, 30066.2398, 0, 360
ESPPRC_heur, 0.1, 0.5, 0.2, 0.1, 0, 30664.6064, 30532.0102, True, 40
ESPPRC_heur, 0.0, 0.4, 0.2, 0.1, 0, 30664.6048, 30502.3994, True, 32
ESPPRC_heur, 0.0, 0.4, 0.2, 0.1, 0, 30664.6048, 30581.9238, True, 19
ESPPRC_heur, 0.1, 0.5, 0.3, 0.1, 0, 30664.555, 30200.7123, True, 54
ESPPRC_heur, 0.0, 0.5, 0.3, 0.1, 0, 30664.555, 30632.9978, True, 7
ng8, 0.1, 39.0, 35.3, 1.7, 1, 30664.5548, 30192.7836, 0, 370
ESPPRC_heur, 0.1, 0.4, 0.2, 0.1, 0, 30662.7744, 30505.2356, True, 35
ESPPRC_heur, -0.0, 0.5, 0.2, 0.1, 0, 30662.7705, 30509.6113, True, 21
ESPPRC_heur, 0.0, 0.4, 0.2, 0.1, 0, 30662.7704, 30531.1767, True, 20
ESPPRC_heur, 0.1, 0.5, 0.3, 0.1, 0, 30662.1309, 30306.4545, True, 36
ESPPRC_heur, 0.0, 0.4, 0.2, 0.1, 0, 30662.0858, 30612.3996, True, 4
ESPPRC_heur, -0.0, 0.5, 0.2, 0.1, 0, 30662.0646, 30511.968, True, 3
ESPPRC_heur, -0.0, 0.5, 0.2, 0.1, 0, 30662.0643, 30414.0143, True, 15
ESPPRC_heur, 0.0, 0.4, 0.2, 0.1, 0, 30662.0643, 30573.4405, True, 1
ESPPRC_heur, -0.0, 0.5, 0.2, 0.1, 0, 30662.0643, 30484.9613, True, 6
ESPPRC_heur, 0.0, 0.5, 0.2, 0.1, 0, 30662.0643, 30513.4053, True, 8
ng8, 0.1, 40.5, 36.4, 2.0, 1, 30662.0643, 30343.0239, 0, 287
ESPPRC_heur, 0.0, 0.5, 0.3, 0.1, 0, 30659.7862, 30544.7274, True, 15
ESPPRC_heur, 0.1, 0.5, 0.3, 0.1, 0, 30659.7726, 30529.8129, True, 20
ESPPRC_heur, 0.0, 0.5, 0.3, 0.1, 0, 30659.6805, 30608.4448, True, 13
ESPPRC_heur, 0.0, 0.5, 0.3, 0.1, 0, 30659.6669, 30533.3222, True, 10
ESPPRC_heur, 0.0, 0.5, 0.3, 0.1, 0, 30659.6669, 30619.3551, True, 1
ESPPRC_heur, 0.1, 0.5, 0.3, 0.1, 0, 30659.6669, 30398.0415, True, 22
ESPPRC_heur, 0.0, 0.5, 0.3, 0.1, 0, 30659.6669, 30653.9746, True, 1
ng8, 0.1, 49.1, 45.0, 2.0, 1, 30659.6669, 30095.8804, 0, 374
ESPPRC_heur, -0.0, 0.5, 0.2, 0.1, 0, 30659.6669, 30522.4946, True, 29
ESPPRC_heur, 0.0, 0.5, 0.2, 0.1, 0, 30659.6669, 30629.0785, True, 4
ng8, 0.1, 43.8, 40.3, 1.7, 1, 30659.6669, 30374.4545, 0, 319
ESPPRC_heur, 0.1, 0.4, 0.2, 0.1, 0, 30659.569, 30040.9534, True, 86
ESPPRC_heur, 0.1, 0.4, 0.2, 0.1, 0, 30659.569, 30027.8574, True, 78
ESPPRC_heur, 0.0, 0.4, 0.2, 0.1, 0, 30659.569, 30410.6844, True, 34
ESPPRC_heur, 0.0, 0.4, 0.2, 0.1, 0, 30659.5448, 30477.1923, True, 27
ESPPRC_heur, 0.0, 0.4, 0.2, 0.1, 0, 30659.5448, 30554.7645, True, 26
ESPPRC_heur, 0.0, 0.4, 0.2, 0.1, 0, 30659.526, 30566.4984, True, 8
ESPPRC_heur, 0.0, 0.4, 0.2, 0.1, 0, 30659.4198, 30616.5615, True, 6
ESPPRC_heur, 0.0, 0.4, 0.2, 0.1, 0, 30659.4105, 30647.6691, True, 5
ESPPRC_heur, 0.0, 0.5, 0.2, 0.1, 0, 30659.3956, 30654.4014, True, 2
ESPPRC_heur, 0.0, 0.4, 0.2, 0.1, 0, 30659.3936, 30652.5863, True, 2
ESPPRC_heur, -0.0, 0.5, 0.2, 0.1, 0, 30659.3885, 30657.4831, True, 1
ng8, 0.1, 34.8, 30.9, 1.8, 1, 30659.3885, 30050.9996, 0, 307
ESPPRC_heur, 0.0, 0.4, 0.2, 0.1, 0, 30659.3885, 30630.198, True, 3
ESPPRC_heur, 0.0, 0.4, 0.2, 0.1, 0, 30659.385, 30650.8291, True, 2
ESPPRC_heur, 0.1, 0.5, 0.3, 0.1, 0, 30659.3816, 30651.9635, True, 4
ng8, 0.1, 41.3, 37.0, 2.0, 1, 30659.3816, 30330.1554, 0, 245
ESPPRC_heur, 0.0, 0.4, 0.2, 0.1, 0, 30657.9577, 30438.0492, True, 41
ESPPRC_heur, 0.0, 0.4, 0.2, 0.1, 0, 30657.9563, 30506.0425, True, 28
ESPPRC_heur, 0.0, 0.4, 0.2, 0.1, 0, 30657.808, 30480.0354, True, 25
ESPPRC_heur, 0.0, 0.4, 0.2, 0.1, 0, 30657.808, 30536.8326, True, 14
ESPPRC_heur, 0.0, 0.4, 0.2, 0.1, 0, 30657.808, 30524.5224, True, 15
ESPPRC_heur, 0.0, 0.4, 0.2, 0.1, 0, 30657.7435, 30573.6855, True, 34
ESPPRC_heur, 0.0, 0.4, 0.2, 0.1, 0, 30657.7435, 30550.816, True, 25
ESPPRC_heur, 0.0, 0.4, 0.2, 0.1, 0, 30657.4607, 30587.4636, True, 23
ESPPRC_heur, 0.0, 0.4, 0.2, 0.1, 0, 30657.4517, 30622.0081, True, 7
ESPPRC_heur, 0.0, 0.4, 0.2, 0.1, 0, 30657.4517, 30644.394, True, 3
ESPPRC_heur, 0.0, 0.4, 0.2, 0.1, 0, 30657.4517, 30632.4679, True, 3
ESPPRC_heur, 0.0, 0.4, 0.2, 0.1, 0, 30657.4469, 30648.2901, True, 3
ESPPRC_heur, 0.0, 0.4, 0.2, 0.1, 0, 30657.4445, 30593.9171, True, 5
ESPPRC_heur, 0.0, 0.4, 0.2, 0.1, 0, 30657.4441, 30638.411, True, 2
ng8, 0.1, 81.8, 77.4, 2.4, 1, 30657.4441, 30383.0648, 0, 238
ESPPRC_heur, 0.1, 0.6, 0.3, 0.1, 0, 30656.3915, 30257.7192, True, 36
ESPPRC_heur, 0.0, 0.6, 0.3, 0.1, 0, 30656.3907, 30478.3783, True, 28
ESPPRC_heur, 0.0, 0.5, 0.2, 0.1, 0, 30656.3281, 30563.1028, True, 25
ESPPRC_heur, 0.0, 0.4, 0.2, 0.1, 0, 30656.2949, 30619.7031, True, 4
ESPPRC_heur, 0.0, 0.4, 0.2, 0.1, 0, 30656.279, 30644.9688, True, 6
ng8, 0.0, 67.5, 63.3, 2.1, 1, 30656.279, 30055.7754, 0, 321
ESPPRC_heur, -0.0, 0.5, 0.2, 0.1, 0, 30656.279, 30574.6774, True, 6
ng8, 0.1, 68.3, 63.5, 2.5, 1, 30656.279, 30293.6117, 0, 242
ESPPRC_heur, -0.0, 0.5, 0.2, 0.1, 0, 30655.4358, 30379.1406, True, 46
ESPPRC_heur, 0.0, 0.5, 0.3, 0.1, 0, 30655.4358, 30620.7189, True, 7
ESPPRC_heur, 0.0, 0.5, 0.2, 0.1, 0, 30655.4358, 30618.1905, True, 3
ng8, 0.1, 66.2, 61.5, 2.3, 1, 30655.4358, 30436.4032, 0, 234
ESPPRC_heur, 0.1, 0.4, 0.2, 0.1, 0, 30653.8224, 29407.1391, True, 195
ESPPRC_heur, 0.1, 0.5, 0.3, 0.1, 0, 30653.8224, 30099.3396, True, 103
ESPPRC_heur, 0.1, 0.4, 0.2, 0.1, 0, 30653.8224, 30170.284, True, 92
ESPPRC_heur, 0.0, 0.4, 0.2, 0.1, 0, 30653.8224, 30455.0236, True, 41
ESPPRC_heur, 0.0, 0.4, 0.2, 0.1, 0, 30653.8052, 30595.0004, True, 13
ESPPRC_heur, 0.0, 0.4, 0.2, 0.1, 0, 30653.8037, 30638.8037, True, 4
ESPPRC_heur, 0.0, 0.4, 0.2, 0.1, 0, 30653.8037, 30647.6054, True, 1
ng8, 0.1, 46.7, 42.7, 2.0, 1, 30653.8037, 30242.4953, 0, 276
ESPPRC_heur, 0.0, 0.5, 0.3, 0.1, 0, 30653.8037, 30642.9889, True, 4
ng8, 0.1, 40.1, 35.8, 2.1, 1, 30653.8037, 30302.5004, 0, 222
ESPPRC_heur, 0.0, 0.5, 0.3, 0.1, 0, 30653.6415, 30627.9692, True, 4
ESPPRC_heur, 0.0, 0.5, 0.3, 0.1, 0, 30653.5847, 30641.5504, True, 1
ESPPRC_heur, 0.0, 0.5, 0.3, 0.1, 0, 30653.5847, 30642.4318, True, 3
ESPPRC_heur, 0.0, 0.5, 0.3, 0.1, 0, 30653.5847, 30643.1786, True, 1
ESPPRC_heur, 0.1, 0.5, 0.3, 0.1, 0, 30653.5847, 30614.3744, True, 6
ng8, 0.1, 39.3, 35.2, 1.9, 1, 30653.457, 30400.2383, 0, 202
ESPPRC_heur, -0.0, 0.6, 0.3, 0.1, 0, 30652.6876, 30574.2116, True, 26
ESPPRC_heur, -0.0, 0.6, 0.3, 0.1, 0, 30652.6761, 30509.7207, True, 15
ng8, 0.0, 64.9, 59.9, 2.5, 1, 30652.6761, 30437.1725, 0, 223
ESPPRC_heur, 0.0, 0.5, 0.2, 0.1, 0, 30651.991, 30565.2024, True, 33
ESPPRC_heur, -0.0, 0.5, 0.2, 0.1, 0, 30651.866, 30587.9316, True, 12
ESPPRC_heur, 0.0, 0.4, 0.2, 0.1, 0, 30651.8657, 30599.1376, True, 10
ESPPRC_heur, 0.0, 0.4, 0.2, 0.1, 0, 30651.8657, 30632.7899, True, 3
ng8, 0.1, 67.0, 62.4, 2.3, 1, 30651.8657, 30502.1641, 0, 160
ESPPRC_heur, 0.1, 0.6, 0.3, 0.1, 0, 30649.582, 4948.9141, True, 5912
ESPPRC_heur, 0.1, 0.5, 0.3, 0.1, 0, 30649.582, 29938.4911, True, 85
ESPPRC_heur, 0.1, 0.5, 0.3, 0.1, 0, 30649.5323, 30124.5067, True, 52
ESPPRC_heur, 0.1, 0.5, 0.3, 0.1, 0, 30649.4576, 30004.0077, True, 75
ESPPRC_heur, 0.1, 0.5, 0.3, 0.1, 0, 30649.4576, 30560.6452, True, 16
ng8, 0.1, 67.9, 63.2, 2.4, 1, 30649.4121, 30349.9708, 0, 228
ESPPRC_heur, -0.0, 0.5, 0.2, 0.1, 0, 30649.2181, 30631.269, True, 4
ESPPRC_heur, -0.0, 0.5, 0.2, 0.1, 0, 30649.1811, 30642.4675, True, 1
ng8, 0.1, 67.3, 62.7, 2.3, 1, 30649.1811, 30465.5206, 0, 174
ESPPRC_heur, 0.0, 0.5, 0.2, 0.1, 0, 30647.6193, 30446.6159, True, 32
ESPPRC_heur, 0.0, 0.5, 0.2, 0.1, 0, 30647.6193, 30642.0829, True, 4
ESPPRC_heur, -0.0, 0.5, 0.2, 0.1, 0, 30647.6193, 30642.8058, True, 2
ng8, 0.1, 56.4, 52.5, 2.0, 1, 30647.6193, 30127.7942, 0, 209
ESPPRC_heur, 0.0, 0.5, 0.2, 0.1, 0, 30647.6193, 30634.99, True, 5
ESPPRC_heur, 0.0, 0.4, 0.2, 0.1, 0, 30647.6082, 30636.958, True, 7
ESPPRC_heur, 0.0, 0.4, 0.2, 0.1, 0, 30647.6082, 30647.256, True, 2
ng8, 0.1, 48.4, 44.0, 2.1, 1, 30647.6082, 30404.2605, 0, 190
ESPPRC_heur, 0.0, 0.5, 0.2, 0.1, 0, 30647.5064, 30441.032, True, 20
ESPPRC_heur, 0.0, 0.5, 0.3, 0.1, 0, 30647.492, 30541.4809, True, 9
ng8, 0.0, 58.7, 54.3, 2.2, 1, 30647.492, 30516.1089, 0, 149
ESPPRC_heur, 0.0, 0.4, 0.2, 0.1, 0, 30646.9382, 30643.1986, True, 2
ESPPRC_heur, 0.0, 0.4, 0.2, 0.1, 0, 30646.9382, 30645.8897, True, 1
ng8, 0.1, 64.1, 59.8, 2.2, 1, 30646.9382, 30566.6031, 0, 114
ESPPRC_heur, 0.0, 0.5, 0.3, 0.1, 0, 30646.6367, 30646.3808, True, 1
ng8, 0.1, 55.2, 50.7, 2.2, 1, 30646.6367, 30588.9601, 0, 98
ESPPRC_heur, -0.0, 0.5, 0.2, 0.1, 0, 30646.39, 30619.4493, True, 5
ESPPRC_heur, -0.0, 0.5, 0.2, 0.1, 0, 30646.39, 30624.6849, True, 5
ng8, 0.1, 53.5, 49.4, 2.0, 1, 30646.39, 30548.4728, 0, 87
ESPPRC_heur, 0.0, 0.4, 0.2, 0.1, 0, 30646.2965, 30534.5943, True, 15
ESPPRC_heur, 0.0, 0.4, 0.2, 0.1, 0, 30646.2965, 30636.1441, True, 3
ESPPRC_heur, 0.0, 0.4, 0.2, 0.1, 0, 30646.2833, 30492.8829, True, 15
ESPPRC_heur, 0.0, 0.4, 0.2, 0.1, 0, 30646.2833, 30623.805, True, 3
ng8, 0.1, 55.5, 51.5, 2.0, 1, 30646.2833, 30284.2232, 0, 120
ng8, 0.0, 56.0, 51.5, 2.1, 1, 30646.2833, 30525.7624, 0, 74
ESPPRC_heur, 0.0, 0.4, 0.2, 0.1, 0, 30646.1624, 30637.7042, True, 2
ng8, 0.1, 51.9, 48.0, 1.9, 1, 30646.1624, 30355.4449, 0, 113
ng8, 0.0, 65.2, 61.0, 2.1, 1, 30646.1624, 30522.9146, 0, 63
ng8, 0.1, 58.5, 54.4, 2.1, 1, 30646.1586, 30593.6586, 0, 38
ESPPRC_heur, 0.1, 0.5, 0.3, 0.1, 0, 30645.5824, 30639.3809, True, 2
ng8, 0.0, 57.5, 52.7, 2.2, 1, 30645.5824, 30565.2087, 0, 64
ESPPRC_heur, -0.0, 0.5, 0.2, 0.1, 0, 30645.5631, 30643.254, True, 1
ng8, 0.1, 58.2, 54.3, 2.0, 1, 30645.5602, 30613.5843, 0, 31
ESPPRC_heur, -0.0, 0.5, 0.2, 0.1, 0, 30645.5525, 30634.0604, True, 3
ESPPRC_heur, -0.0, 0.5, 0.2, 0.1, 0, 30645.5524, 30627.3013, True, 1
ng8, -0.0, 86.7, 81.3, 2.9, 1, 30645.5524, 30627.3013, 0, 15
ESPPRC_heur, -0.0, 0.5, 0.2, 0.1, 0, 30645.5279, 30644.4034, True, 2
ng8, 0.0, 55.3, 51.4, 2.0, 1, 30645.5261, 30639.019, 0, 10
ESPPRC_heur, 0.0, 0.4, 0.2, 0.1, 0, 30645.5076, 30644.1595, True, 1
ng8, -0.0, 64.8, 60.2, 2.3, 1, 30645.5076, 30637.9769, 0, 13
ng8, 0.0, 42.1, 37.5, 2.1, 1, 30645.5055, 30644.1854, 0, 10
ng8, 0.0, 46.9, 43.2, 1.8, 1, 30645.5051, 30644.5091, 0, 8
ng8, -0.0, 32.3, 28.6, 1.8, 1, 30645.503, 30644.3874, 0, 3
ng8, -0.0, 34.1, 30.6, 1.7, 1, 30645.503, 30645.503, 0, 0
scip_total_time, 28040.648045
Solval, number of paths, impact cutoff
30645.502989637058, 197, 0.0001
Elementary, 2-Cycle, Path Value, Path
True, True, 0.0035, (0, 306, 66, 157, 183, 273, 190, 37, 171, 20, 78, 293, 27, 296, 68, 148, 74, 58, 70, 225, 179, 101, 156, 252, 0)
True, True, 0.221, (0, 288, 48, 118, 18, 80, 77, 4, 67, 114, 315, 31, 253, 226, 234, 162, 84, 269, 132, 21, 88, 309, 160, 182, 0)
True, True, 0.0492, (0, 288, 18, 114, 315, 31, 253, 234, 226, 107, 282, 5, 277, 185, 167, 194, 324, 138, 128, 47, 127, 287, 174, 137, 0)
True, True, 0.3637, (0, 126, 177, 164, 229, 166, 15, 106, 145, 233, 313, 201, 91, 119, 292, 211, 265, 52, 245, 2, 305, 224, 71, 41, 0)
True, True, 0.0874, (0, 228, 300, 257, 274, 129, 306, 66, 252, 270, 310, 193, 219, 314, 131, 54, 214, 115, 222, 248, 44, 189, 83, 117, 0)
True, True, 0.1184, (0, 197, 223, 130, 17, 62, 117, 228, 300, 109, 24, 201, 91, 119, 313, 233, 292, 211, 265, 245, 52, 196, 279, 34, 0)
True, True, 0.0884, (0, 137, 174, 287, 127, 47, 128, 138, 324, 194, 167, 185, 277, 5, 282, 107, 226, 234, 253, 31, 315, 114, 80, 18, 0)
True, True, 0.22, (0, 206, 305, 2, 245, 52, 265, 211, 292, 233, 313, 119, 91, 201, 24, 109, 300, 228, 117, 62, 17, 130, 223, 197, 0)
True, True, 0.3344, (0, 242, 216, 191, 208, 275, 43, 87, 75, 283, 221, 241, 93, 29, 26, 178, 9, 99, 108, 326, 121, 308, 149, 268, 0)
True, True, 0.0753, (0, 200, 155, 227, 254, 318, 112, 258, 209, 36, 325, 192, 3, 35, 330, 289, 286, 218, 312, 139, 38, 184, 6, 60, 0)
True, True, 0.2118, (0, 212, 295, 23, 298, 30, 158, 329, 143, 244, 63, 86, 94, 89, 59, 169, 144, 168, 147, 97, 142, 16, 10, 42, 0)
True, True, 0.1133, (0, 257, 274, 129, 303, 250, 213, 79, 153, 122, 276, 163, 98, 236, 272, 320, 327, 170, 186, 55, 51, 96, 39, 210, 0)
True, True, 0.0207, (0, 41, 206, 34, 279, 196, 52, 245, 265, 211, 292, 119, 91, 201, 313, 233, 145, 106, 15, 166, 229, 164, 177, 126, 0)
True, True, 0.0943, (0, 210, 39, 96, 51, 55, 186, 170, 327, 320, 272, 236, 98, 163, 276, 122, 153, 79, 213, 250, 303, 129, 274, 300, 0)
True, True, 0.1174, (0, 137, 174, 287, 127, 47, 107, 282, 5, 277, 185, 167, 194, 324, 138, 128, 240, 217, 92, 7, 33, 297, 39, 210, 0)
True, True, 0.0458, (0, 42, 10, 16, 142, 97, 147, 151, 65, 94, 244, 63, 86, 59, 89, 168, 144, 169, 120, 204, 146, 111, 152, 215, 0)
True, True, 0.008, (0, 141, 256, 100, 200, 103, 259, 155, 227, 254, 218, 312, 139, 260, 264, 73, 311, 161, 181, 38, 184, 6, 154, 205, 0)
True, True, 0.0765, (0, 95, 30, 158, 329, 143, 203, 230, 304, 136, 239, 61, 150, 244, 63, 86, 94, 89, 59, 169, 168, 144, 111, 152, 0)
True, True, 0.1316, (0, 295, 187, 207, 140, 25, 113, 304, 230, 203, 150, 61, 239, 136, 57, 85, 135, 271, 6, 154, 256, 205, 291, 104, 0)
True, True, 0.0779, (0, 45, 322, 317, 301, 237, 235, 1, 19, 261, 13, 14, 231, 56, 146, 204, 120, 111, 116, 180, 238, 188, 215, 199, 0)
True, True, 0.018, (0, 208, 87, 75, 241, 29, 93, 232, 321, 302, 81, 133, 290, 294, 49, 246, 299, 105, 323, 285, 69, 191, 216, 242, 0)
True, True, 0.1937, (0, 300, 328, 303, 250, 213, 79, 186, 240, 128, 138, 324, 194, 167, 185, 277, 5, 282, 107, 47, 127, 287, 174, 137, 0)
True, True, 0.091, (0, 154, 6, 184, 38, 139, 312, 218, 286, 318, 112, 289, 330, 35, 3, 192, 325, 36, 209, 78, 20, 37, 190, 76, 0)
True, True, 0.1627, (0, 69, 285, 323, 105, 299, 246, 49, 294, 290, 133, 81, 302, 321, 232, 93, 29, 241, 124, 22, 121, 308, 149, 268, 0)
True, True, 0.0256, (0, 88, 21, 132, 269, 84, 162, 234, 226, 107, 282, 5, 277, 185, 167, 194, 324, 138, 128, 47, 127, 287, 174, 137, 0)
True, True, 0.0209, (0, 137, 174, 287, 127, 47, 107, 282, 5, 277, 185, 167, 194, 324, 138, 128, 240, 217, 92, 7, 33, 297, 96, 39, 0)
True, True, 0.0458, (0, 198, 95, 151, 65, 158, 329, 143, 203, 230, 304, 57, 85, 135, 165, 11, 64, 140, 207, 187, 298, 23, 295, 212, 0)
True, True, 0.0154, (0, 232, 152, 111, 146, 204, 120, 169, 144, 168, 89, 59, 86, 63, 244, 94, 65, 151, 147, 97, 142, 16, 10, 42, 0)
True, True, 0.1303, (0, 45, 322, 317, 301, 237, 235, 1, 19, 261, 13, 14, 231, 56, 146, 204, 120, 111, 116, 180, 238, 188, 215, 26, 0)
True, True, 0.0996, (0, 308, 326, 108, 99, 9, 45, 322, 317, 188, 238, 152, 302, 81, 133, 290, 294, 49, 246, 299, 105, 323, 285, 69, 0)
True, True, 0.0862, (0, 268, 149, 121, 22, 124, 241, 29, 93, 232, 321, 302, 81, 133, 290, 294, 49, 246, 299, 105, 323, 285, 69, 8, 0)
True, True, 0.3312, (0, 40, 72, 266, 262, 172, 263, 53, 278, 202, 46, 307, 249, 267, 284, 134, 90, 280, 32, 102, 281, 195, 28, 173, 0)
True, True, 0.0097, (0, 288, 18, 80, 114, 315, 31, 253, 234, 226, 107, 282, 5, 277, 185, 167, 194, 324, 138, 128, 240, 217, 92, 7, 0)
True, True, 0.0255, (0, 12, 197, 223, 130, 17, 62, 117, 228, 300, 109, 24, 201, 91, 119, 313, 233, 292, 211, 265, 245, 2, 305, 206, 0)
True, True, 0.1969, (0, 173, 28, 195, 281, 102, 32, 280, 90, 134, 284, 267, 249, 307, 46, 202, 278, 53, 263, 172, 262, 266, 220, 176, 0)
True, True, 0.0154, (0, 321, 152, 111, 146, 204, 120, 169, 144, 168, 89, 59, 86, 63, 244, 94, 65, 151, 147, 97, 142, 16, 10, 42, 0)
True, True, 0.0285, (0, 200, 103, 155, 227, 254, 318, 112, 258, 209, 36, 325, 192, 3, 35, 330, 289, 286, 218, 312, 139, 38, 184, 60, 0)
True, True, 0.0454, (0, 173, 28, 195, 281, 102, 32, 280, 90, 134, 284, 267, 249, 307, 46, 202, 278, 53, 263, 172, 266, 72, 40, 62, 0)
True, True, 0.416, (0, 212, 295, 23, 298, 187, 207, 140, 64, 165, 11, 113, 25, 30, 65, 151, 147, 97, 142, 16, 10, 95, 42, 198, 0)
True, True, 0.0392, (0, 8, 69, 285, 323, 105, 299, 246, 49, 294, 290, 133, 81, 302, 321, 232, 93, 29, 241, 221, 283, 87, 43, 275, 0)
True, True, 0.0482, (0, 243, 64, 165, 11, 304, 230, 203, 150, 61, 239, 136, 161, 311, 73, 264, 260, 181, 38, 184, 271, 123, 60, 291, 0)
True, True, 0.0105, (0, 69, 285, 323, 105, 299, 49, 294, 290, 133, 81, 302, 152, 238, 188, 317, 322, 215, 199, 178, 9, 99, 108, 326, 0)
True, True, 0.1477, (0, 7, 92, 217, 240, 128, 138, 324, 170, 327, 320, 272, 236, 98, 163, 276, 122, 153, 79, 213, 250, 303, 328, 300, 0)
False, True, 0.2179, (0, 126, 41, 71, 224, 206, 34, 229, 166, 15, 106, 196, 2, 305, 279, 15, 166, 229, 34, 206, 224, 71, 41, 126, 0)
True, True, 0.0326, (0, 252, 156, 101, 70, 58, 74, 296, 68, 27, 293, 258, 112, 318, 286, 73, 311, 264, 260, 181, 38, 184, 6, 154, 0)
True, True, 0.0244, (0, 48, 118, 77, 4, 67, 315, 31, 253, 234, 226, 107, 282, 5, 277, 185, 167, 194, 324, 138, 128, 240, 217, 33, 0)
True, True, 0.058, (0, 160, 137, 174, 287, 127, 47, 107, 282, 5, 277, 185, 167, 194, 324, 138, 128, 240, 186, 55, 51, 96, 39, 210, 0)
True, True, 0.0683, (0, 82, 319, 125, 316, 110, 175, 251, 259, 155, 227, 254, 218, 312, 139, 260, 264, 73, 311, 161, 181, 135, 123, 243, 0)
True, True, 0.0067, (0, 306, 66, 157, 183, 273, 179, 225, 70, 58, 74, 148, 68, 296, 251, 175, 259, 103, 110, 316, 125, 100, 319, 82, 0)
True, True, 0.0514, (0, 252, 156, 101, 70, 58, 74, 171, 20, 78, 27, 68, 296, 251, 175, 259, 103, 110, 316, 125, 100, 319, 256, 141, 0)
True, True, 0.1061, (0, 159, 288, 48, 118, 18, 80, 77, 4, 67, 114, 315, 31, 253, 226, 234, 162, 84, 269, 132, 21, 88, 309, 160, 0)
True, True, 0.0134, (0, 216, 191, 69, 285, 323, 105, 299, 246, 49, 294, 290, 133, 81, 302, 321, 232, 93, 29, 241, 75, 87, 208, 268, 0)
False, True, 0.1229, (0, 279, 196, 145, 109, 24, 210, 39, 96, 297, 33, 7, 92, 217, 51, 96, 39, 210, 24, 109, 145, 196, 279, 34, 0)
True, True, 0.0462, (0, 206, 305, 2, 245, 52, 292, 233, 313, 119, 91, 201, 24, 109, 300, 257, 228, 117, 62, 17, 130, 223, 197, 12, 0)
True, True, 0.1778, (0, 297, 33, 51, 55, 186, 170, 327, 320, 272, 236, 98, 163, 276, 122, 153, 79, 213, 250, 303, 328, 129, 274, 257, 0)
True, True, 0.0244, (0, 159, 288, 182, 160, 309, 88, 21, 132, 269, 84, 287, 7, 92, 33, 297, 51, 96, 39, 210, 24, 109, 145, 106, 0)
False, True, 0.0933, (0, 255, 242, 12, 8, 216, 191, 208, 275, 43, 87, 283, 221, 75, 124, 22, 43, 275, 208, 191, 216, 8, 12, 255, 0)
True, True, 0.165, (0, 159, 182, 48, 118, 18, 80, 77, 4, 67, 114, 315, 31, 253, 226, 234, 162, 84, 269, 132, 21, 88, 309, 160, 0)
True, True, 0.0417, (0, 141, 256, 319, 100, 125, 316, 110, 175, 251, 296, 68, 27, 293, 78, 20, 171, 225, 179, 273, 183, 157, 66, 306, 0)
True, True, 0.0492, (0, 173, 28, 195, 281, 102, 32, 280, 90, 134, 284, 267, 249, 307, 46, 202, 278, 262, 172, 266, 72, 40, 176, 50, 0)
True, True, 0.0613, (0, 82, 319, 125, 316, 110, 175, 251, 259, 155, 227, 254, 218, 312, 139, 260, 264, 73, 311, 161, 57, 85, 165, 243, 0)
False, True, 0.0618, (0, 71, 159, 288, 182, 48, 118, 18, 80, 77, 4, 114, 67, 162, 84, 269, 132, 21, 88, 309, 160, 182, 288, 159, 0)
False, True, 0.0462, (0, 41, 71, 224, 305, 2, 245, 52, 265, 211, 292, 233, 313, 201, 91, 119, 211, 265, 245, 52, 196, 279, 34, 206, 0)
True, True, 0.0575, (0, 252, 156, 101, 70, 225, 179, 37, 171, 148, 68, 296, 251, 175, 259, 103, 200, 110, 316, 125, 100, 319, 256, 141, 0)
False, True, 0.0936, (0, 197, 17, 50, 176, 220, 40, 72, 266, 262, 172, 53, 263, 247, 248, 44, 189, 83, 72, 40, 220, 176, 50, 197, 0)
False, True, 0.2298, (0, 83, 189, 44, 248, 222, 214, 115, 54, 131, 219, 193, 270, 310, 314, 131, 54, 214, 115, 222, 248, 44, 189, 83, 0)
True, True, 0.0038, (0, 50, 220, 266, 172, 53, 263, 247, 222, 115, 214, 54, 82, 141, 205, 60, 243, 267, 249, 307, 46, 202, 278, 104, 0)
True, True, 0.0548, (0, 69, 285, 323, 105, 299, 246, 49, 294, 290, 133, 81, 302, 152, 238, 188, 317, 322, 45, 199, 178, 26, 124, 22, 0)
True, True, 0.1212, (0, 69, 285, 323, 105, 299, 49, 294, 290, 133, 81, 302, 152, 238, 188, 317, 322, 45, 199, 178, 9, 99, 108, 326, 0)
True, True, 0.0964, (0, 137, 174, 287, 127, 47, 107, 282, 5, 277, 185, 167, 194, 272, 236, 163, 98, 320, 327, 170, 186, 55, 51, 96, 0)
True, True, 0.0987, (0, 137, 174, 287, 127, 47, 107, 282, 5, 277, 185, 167, 194, 272, 236, 163, 98, 320, 327, 170, 186, 55, 33, 297, 0)
True, True, 0.118, (0, 306, 66, 157, 183, 273, 179, 225, 70, 58, 74, 148, 68, 296, 251, 175, 259, 103, 200, 125, 100, 319, 256, 141, 0)
False, True, 0.0206, (0, 173, 28, 195, 281, 102, 32, 280, 90, 134, 284, 202, 46, 307, 249, 267, 134, 90, 280, 32, 102, 281, 195, 173, 0)
True, True, 0.0817, (0, 159, 182, 160, 309, 88, 21, 132, 269, 84, 162, 234, 226, 253, 31, 315, 67, 4, 77, 80, 18, 118, 48, 288, 0)
False, True, 0.0206, (0, 28, 195, 281, 102, 32, 280, 90, 134, 284, 202, 46, 307, 249, 267, 134, 90, 280, 32, 102, 281, 195, 28, 173, 0)
True, True, 0.0836, (0, 137, 174, 287, 127, 47, 240, 170, 327, 320, 272, 236, 98, 163, 276, 122, 153, 76, 66, 306, 129, 274, 257, 228, 0)
False, True, 0.1586, (0, 252, 58, 74, 148, 27, 293, 258, 209, 36, 325, 192, 3, 35, 330, 289, 112, 258, 293, 27, 148, 74, 58, 252, 0)
True, True, 0.0585, (0, 207, 140, 25, 113, 304, 230, 203, 150, 61, 239, 136, 161, 181, 38, 184, 6, 154, 256, 205, 141, 291, 278, 104, 0)
True, True, 0.008, (0, 207, 140, 25, 113, 304, 230, 203, 150, 61, 239, 136, 161, 311, 73, 264, 260, 181, 38, 184, 6, 154, 205, 141, 0)
True, True, 0.1453, (0, 207, 140, 25, 113, 304, 230, 203, 150, 61, 239, 136, 161, 311, 73, 264, 260, 181, 38, 184, 271, 123, 60, 291, 0)
True, True, 0.0324, (0, 309, 88, 21, 269, 84, 162, 234, 226, 107, 282, 5, 277, 185, 167, 194, 324, 138, 128, 47, 127, 287, 174, 137, 0)
True, True, 0.0458, (0, 198, 95, 151, 65, 94, 244, 63, 86, 59, 89, 168, 144, 169, 120, 204, 146, 56, 231, 116, 180, 152, 321, 232, 0)
True, True, 0.0168, (0, 118, 77, 4, 67, 315, 31, 253, 234, 226, 107, 282, 5, 277, 185, 167, 194, 324, 138, 128, 240, 217, 92, 7, 0)
False, True, 0.0324, (0, 159, 288, 182, 48, 118, 18, 80, 77, 4, 114, 67, 162, 84, 269, 132, 21, 174, 137, 309, 160, 182, 288, 159, 0)
True, True, 0.0458, (0, 301, 237, 235, 1, 19, 261, 13, 14, 146, 204, 120, 169, 144, 168, 89, 59, 86, 63, 244, 94, 65, 151, 95, 0)
True, True, 0.0719, (0, 257, 274, 129, 306, 66, 76, 153, 122, 276, 163, 98, 236, 272, 320, 327, 170, 324, 138, 128, 240, 217, 92, 7, 0)
False, True, 0.0717, (0, 255, 242, 268, 149, 308, 121, 326, 108, 99, 22, 124, 75, 221, 283, 87, 43, 275, 208, 191, 216, 8, 12, 255, 0)
False, True, 0.0351, (0, 255, 242, 12, 177, 164, 197, 223, 130, 17, 62, 15, 106, 196, 279, 229, 166, 223, 197, 164, 177, 12, 242, 255, 0)
True, True, 0.1139, (0, 104, 291, 60, 123, 271, 135, 85, 57, 181, 161, 136, 239, 61, 150, 203, 230, 304, 113, 25, 11, 165, 64, 243, 0)
False, True, 0.0618, (0, 159, 288, 182, 160, 309, 88, 21, 132, 269, 84, 162, 67, 114, 4, 77, 80, 18, 118, 48, 182, 288, 159, 224, 0)
False, True, 0.0324, (0, 159, 288, 182, 160, 309, 88, 21, 132, 77, 4, 114, 67, 162, 84, 269, 132, 21, 88, 309, 160, 182, 288, 159, 0)
False, True, 0.1149, (0, 159, 182, 160, 309, 88, 21, 132, 269, 84, 162, 253, 31, 315, 114, 67, 4, 77, 80, 18, 118, 48, 288, 159, 0)
True, True, 0.1317, (0, 306, 66, 157, 183, 273, 179, 225, 37, 171, 148, 68, 296, 251, 175, 259, 103, 110, 316, 125, 100, 6, 154, 205, 0)
False, True, 0.0581, (0, 117, 83, 189, 44, 248, 222, 214, 115, 252, 193, 219, 314, 131, 54, 214, 115, 222, 248, 44, 189, 83, 117, 62, 0)
False, True, 0.0492, (0, 117, 83, 189, 44, 248, 222, 214, 115, 252, 193, 219, 314, 131, 54, 214, 115, 222, 247, 263, 53, 172, 262, 104, 0)
True, True, 0.0069, (0, 137, 174, 287, 127, 47, 240, 128, 138, 324, 194, 167, 185, 277, 5, 282, 107, 226, 234, 162, 84, 269, 132, 88, 0)
True, True, 0.0256, (0, 137, 174, 287, 127, 47, 128, 138, 324, 194, 167, 185, 277, 5, 282, 107, 226, 234, 162, 84, 269, 132, 88, 309, 0)
False, True, 0.048, (0, 247, 214, 115, 54, 131, 314, 219, 193, 310, 270, 157, 183, 273, 101, 156, 270, 310, 193, 219, 314, 131, 82, 247, 0)
False, True, 0.1165, (0, 8, 69, 285, 323, 105, 299, 246, 49, 294, 290, 133, 81, 302, 321, 232, 93, 29, 241, 221, 283, 285, 69, 8, 0)
False, True, 0.0514, (0, 41, 71, 224, 206, 34, 279, 196, 106, 145, 233, 313, 201, 91, 119, 292, 211, 265, 245, 52, 196, 279, 34, 206, 0)
False, True, 0.048, (0, 247, 222, 115, 54, 131, 314, 219, 193, 310, 270, 156, 101, 273, 183, 157, 270, 310, 193, 219, 314, 131, 82, 247, 0)
True, True, 0.202, (0, 228, 257, 274, 129, 328, 303, 250, 213, 79, 55, 217, 92, 7, 33, 297, 51, 96, 39, 210, 24, 109, 145, 106, 0)
True, True, 0.0168, (0, 48, 77, 4, 67, 315, 31, 253, 234, 226, 107, 282, 5, 277, 185, 167, 194, 324, 138, 128, 240, 217, 92, 7, 0)
True, True, 0.0492, (0, 48, 118, 80, 114, 315, 31, 253, 234, 226, 107, 282, 5, 277, 185, 167, 194, 324, 138, 128, 240, 217, 92, 7, 0)
True, True, 0.0176, (0, 220, 266, 262, 172, 53, 263, 247, 222, 214, 115, 54, 82, 141, 205, 60, 243, 267, 249, 307, 46, 202, 278, 104, 0)
False, True, 0.0083, (0, 247, 82, 54, 131, 314, 219, 193, 310, 270, 157, 183, 273, 101, 156, 270, 310, 193, 219, 314, 131, 54, 82, 247, 0)
False, True, 0.1448, (0, 252, 156, 101, 70, 58, 74, 296, 68, 27, 293, 78, 20, 171, 74, 58, 70, 225, 179, 273, 183, 157, 66, 306, 0)
False, True, 0.0658, (0, 76, 190, 37, 20, 78, 293, 258, 209, 36, 325, 192, 3, 35, 330, 289, 112, 258, 293, 78, 20, 37, 190, 76, 0)
True, True, 0.0489, (0, 117, 83, 189, 44, 248, 222, 214, 115, 54, 82, 141, 205, 60, 243, 267, 249, 307, 46, 202, 278, 104, 220, 50, 0)
True, True, 0.143, (0, 243, 123, 181, 260, 264, 311, 73, 286, 318, 112, 289, 330, 35, 3, 192, 325, 36, 209, 78, 20, 37, 190, 76, 0)
False, True, 0.0536, (0, 328, 76, 153, 122, 276, 190, 37, 171, 20, 78, 293, 27, 296, 68, 148, 171, 37, 190, 276, 122, 153, 76, 328, 0)
False, True, 0.1105, (0, 104, 291, 60, 123, 271, 135, 85, 57, 304, 230, 203, 150, 61, 239, 136, 57, 85, 135, 271, 123, 60, 291, 104, 0)
False, True, 0.048, (0, 247, 222, 214, 54, 131, 314, 219, 193, 310, 270, 157, 183, 273, 101, 156, 270, 310, 193, 219, 314, 131, 82, 247, 0)
False, True, 0.2069, (0, 200, 155, 227, 254, 318, 286, 289, 330, 35, 3, 192, 325, 36, 209, 258, 112, 318, 286, 218, 312, 139, 38, 184, 0)
False, True, 0.008, (0, 159, 288, 182, 48, 118, 18, 80, 77, 4, 114, 67, 162, 84, 287, 269, 132, 21, 88, 309, 160, 182, 288, 159, 0)
False, True, 0.0249, (0, 255, 242, 12, 177, 164, 197, 223, 166, 229, 34, 279, 196, 106, 15, 62, 17, 130, 223, 164, 177, 12, 242, 255, 0)
False, True, 0.1077, (0, 268, 149, 308, 121, 22, 124, 75, 221, 283, 323, 105, 299, 294, 49, 246, 221, 283, 87, 43, 208, 191, 216, 242, 0)
True, True, 0.0324, (0, 60, 6, 200, 103, 155, 227, 254, 218, 312, 139, 260, 264, 73, 311, 161, 136, 239, 61, 150, 143, 329, 158, 30, 0)
False, True, 0.0411, (0, 41, 71, 224, 206, 34, 279, 196, 52, 245, 265, 211, 292, 119, 91, 201, 313, 233, 145, 196, 279, 34, 206, 41, 0)
False, True, 0.0377, (0, 76, 190, 37, 171, 148, 27, 293, 258, 112, 289, 330, 35, 3, 192, 325, 36, 209, 78, 20, 171, 37, 190, 76, 0)
True, True, 0.118, (0, 243, 64, 11, 85, 57, 161, 311, 73, 264, 260, 139, 312, 218, 254, 227, 155, 259, 251, 175, 110, 316, 319, 82, 0)
True, True, 0.1094, (0, 173, 28, 195, 281, 102, 32, 280, 90, 134, 284, 267, 249, 307, 46, 202, 278, 53, 263, 172, 262, 266, 220, 50, 0)
True, True, 0.0307, (0, 104, 278, 202, 46, 307, 249, 267, 243, 60, 205, 141, 82, 54, 214, 115, 222, 247, 263, 53, 262, 266, 220, 50, 0)
True, True, 0.1238, (0, 178, 199, 215, 188, 238, 180, 116, 111, 120, 204, 146, 56, 231, 14, 13, 261, 19, 1, 235, 237, 301, 45, 9, 0)
False, True, 0.01, (0, 197, 130, 17, 50, 176, 220, 40, 72, 266, 262, 172, 53, 263, 247, 248, 44, 189, 83, 72, 40, 220, 176, 50, 0)
False, True, 0.1222, (0, 198, 95, 151, 65, 158, 329, 143, 244, 63, 86, 94, 89, 59, 169, 144, 168, 147, 97, 142, 16, 10, 42, 198, 0)
True, True, 0.0099, (0, 76, 190, 37, 20, 78, 209, 36, 325, 192, 3, 35, 330, 289, 112, 258, 293, 27, 148, 74, 58, 101, 156, 252, 0)
True, True, 0.0011, (0, 76, 190, 37, 20, 78, 209, 36, 325, 192, 3, 35, 330, 289, 286, 73, 311, 264, 260, 181, 38, 184, 6, 60, 0)
True, True, 0.0486, (0, 210, 39, 96, 297, 33, 7, 92, 217, 55, 186, 240, 47, 127, 234, 226, 253, 31, 315, 67, 4, 77, 118, 48, 0)
True, True, 0.004, (0, 50, 104, 278, 202, 46, 307, 249, 267, 243, 60, 205, 141, 82, 131, 54, 214, 115, 222, 248, 44, 189, 83, 117, 0)
True, True, 0.0552, (0, 205, 154, 6, 100, 125, 316, 110, 175, 251, 296, 68, 27, 293, 78, 20, 171, 37, 190, 276, 122, 153, 76, 328, 0)
True, True, 0.0581, (0, 232, 321, 152, 180, 116, 111, 120, 204, 146, 56, 231, 14, 13, 261, 19, 1, 235, 237, 301, 317, 322, 45, 9, 0)
True, True, 0.0516, (0, 60, 6, 184, 38, 155, 227, 254, 218, 312, 139, 260, 264, 73, 311, 161, 136, 239, 61, 150, 143, 329, 158, 30, 0)
True, True, 0.0294, (0, 243, 135, 181, 260, 264, 311, 73, 286, 318, 112, 289, 330, 35, 3, 192, 325, 36, 209, 78, 20, 37, 190, 76, 0)
True, True, 0.0639, (0, 45, 322, 317, 301, 237, 235, 1, 19, 261, 13, 14, 231, 56, 146, 204, 120, 111, 116, 180, 152, 321, 232, 87, 0)
False, True, 0.1253, (0, 255, 12, 8, 216, 191, 208, 275, 43, 87, 75, 124, 22, 99, 108, 326, 121, 275, 208, 191, 216, 8, 12, 255, 0)
False, True, 0.118, (0, 141, 205, 154, 256, 319, 100, 125, 316, 110, 200, 103, 259, 251, 175, 110, 316, 125, 100, 319, 256, 154, 205, 141, 0)
True, True, 0.0382, (0, 104, 278, 291, 141, 205, 256, 154, 6, 271, 135, 85, 57, 304, 230, 203, 143, 329, 158, 30, 187, 298, 23, 212, 0)
False, True, 0.0206, (0, 173, 28, 195, 281, 102, 32, 280, 90, 134, 284, 267, 249, 307, 46, 202, 278, 104, 32, 102, 281, 195, 28, 173, 0)
False, True, 0.1842, (0, 124, 26, 199, 215, 317, 322, 301, 237, 235, 1, 19, 261, 13, 14, 56, 231, 116, 180, 238, 188, 215, 199, 178, 0)
True, True, 0.0134, (0, 69, 285, 323, 105, 299, 246, 49, 294, 290, 133, 81, 302, 152, 238, 188, 317, 322, 45, 9, 99, 108, 326, 149, 0)
True, True, 0.0509, (0, 145, 109, 24, 210, 39, 96, 297, 51, 33, 7, 92, 217, 55, 186, 79, 213, 250, 303, 328, 129, 274, 257, 228, 0)
False, True, 0.1261, (0, 247, 82, 314, 219, 193, 310, 270, 156, 101, 157, 183, 273, 190, 179, 225, 70, 101, 156, 270, 310, 314, 82, 247, 0)
False, True, 0.1798, (0, 126, 177, 164, 223, 130, 17, 62, 50, 176, 220, 40, 72, 117, 176, 50, 62, 17, 130, 223, 164, 177, 12, 255, 0)
False, True, 0.0206, (0, 173, 28, 195, 281, 102, 32, 280, 90, 134, 284, 202, 46, 307, 249, 267, 134, 90, 280, 32, 281, 195, 28, 173, 0)
False, True, 0.0936, (0, 197, 130, 50, 176, 220, 40, 72, 266, 262, 172, 53, 263, 247, 248, 44, 189, 83, 72, 40, 220, 176, 50, 197, 0)
True, True, 0.015, (0, 246, 290, 133, 81, 302, 152, 180, 111, 116, 231, 56, 14, 13, 261, 19, 1, 235, 237, 301, 317, 322, 45, 9, 0)
False, True, 0.0206, (0, 173, 28, 195, 281, 102, 280, 90, 134, 284, 202, 46, 307, 249, 267, 134, 90, 280, 32, 102, 281, 195, 28, 173, 0)
True, True, 0.1735, (0, 42, 10, 16, 142, 97, 147, 168, 144, 169, 59, 89, 94, 86, 63, 244, 143, 329, 158, 30, 187, 298, 23, 212, 0)
True, True, 0.0111, (0, 297, 33, 51, 55, 186, 170, 327, 320, 272, 236, 98, 163, 276, 122, 153, 79, 213, 250, 303, 129, 274, 257, 228, 0)
False, True, 0.0599, (0, 255, 242, 12, 177, 164, 197, 223, 229, 166, 15, 279, 305, 2, 196, 106, 15, 166, 229, 164, 177, 12, 242, 255, 0)
True, True, 0.0009, (0, 137, 174, 287, 127, 47, 240, 170, 327, 320, 272, 236, 98, 163, 276, 122, 153, 79, 213, 250, 303, 129, 274, 257, 0)
True, True, 0.0802, (0, 104, 291, 60, 123, 271, 135, 85, 57, 181, 161, 136, 239, 61, 150, 203, 230, 304, 113, 25, 140, 207, 187, 295, 0)
True, True, 0.112, (0, 22, 26, 199, 215, 188, 238, 180, 116, 231, 56, 14, 13, 261, 19, 1, 235, 237, 301, 317, 322, 45, 9, 99, 0)
False, True, 0.0206, (0, 173, 28, 195, 281, 102, 32, 280, 90, 134, 284, 202, 46, 307, 249, 267, 134, 90, 280, 32, 102, 281, 28, 173, 0)
False, True, 0.059, (0, 22, 26, 199, 215, 188, 238, 180, 116, 231, 56, 14, 13, 261, 19, 1, 235, 237, 301, 322, 317, 215, 199, 178, 0)
True, True, 0.0462, (0, 34, 279, 196, 52, 265, 211, 292, 233, 313, 119, 91, 201, 24, 109, 300, 257, 228, 117, 62, 17, 130, 223, 197, 0)
False, True, 0.065, (0, 200, 103, 155, 227, 254, 318, 286, 289, 330, 35, 3, 192, 325, 36, 209, 258, 112, 318, 254, 227, 155, 103, 200, 0)
True, True, 0.0163, (0, 177, 164, 130, 17, 62, 117, 228, 257, 300, 109, 24, 201, 91, 119, 313, 233, 292, 211, 265, 245, 2, 305, 206, 0)
True, True, 0.0799, (0, 297, 33, 7, 92, 217, 240, 170, 327, 320, 272, 236, 98, 163, 276, 122, 153, 76, 66, 306, 129, 274, 257, 228, 0)
True, True, 0.0021, (0, 8, 69, 285, 323, 105, 299, 246, 49, 294, 290, 133, 81, 302, 321, 232, 93, 29, 241, 124, 22, 43, 275, 242, 0)
False, True, 0.0214, (0, 247, 54, 219, 193, 310, 270, 156, 101, 157, 183, 273, 190, 179, 225, 70, 101, 156, 270, 310, 193, 219, 54, 247, 0)
False, True, 0.112, (0, 268, 149, 308, 121, 326, 108, 99, 9, 178, 26, 29, 93, 241, 221, 283, 75, 124, 22, 108, 326, 308, 149, 268, 0)
False, True, 0.0206, (0, 173, 28, 195, 102, 32, 280, 90, 134, 284, 202, 46, 307, 249, 267, 134, 90, 280, 32, 102, 281, 195, 28, 173, 0)
True, True, 0.0209, (0, 137, 174, 287, 127, 47, 107, 282, 5, 277, 185, 167, 194, 324, 138, 128, 240, 217, 92, 7, 33, 297, 96, 210, 0)
True, True, 0.1167, (0, 45, 301, 237, 235, 1, 19, 261, 13, 14, 231, 56, 146, 204, 120, 111, 116, 180, 152, 302, 81, 133, 290, 246, 0)
False, True, 0.0417, (0, 247, 82, 219, 193, 310, 270, 156, 101, 157, 183, 273, 190, 179, 225, 70, 101, 156, 270, 310, 193, 219, 82, 247, 0)
True, True, 0.0244, (0, 137, 174, 287, 127, 47, 107, 282, 5, 277, 185, 167, 194, 272, 236, 163, 98, 320, 327, 170, 186, 55, 51, 297, 0)
False, True, 0.0348, (0, 252, 156, 101, 70, 179, 225, 171, 20, 78, 27, 296, 68, 148, 74, 58, 70, 225, 179, 273, 183, 157, 66, 306, 0)
True, True, 0.0697, (0, 205, 154, 6, 184, 38, 181, 161, 311, 73, 264, 260, 139, 312, 218, 254, 227, 155, 103, 200, 100, 319, 256, 141, 0)
True, True, 0.1155, (0, 242, 275, 43, 87, 75, 241, 29, 93, 232, 321, 302, 81, 133, 290, 294, 49, 246, 299, 105, 323, 285, 69, 8, 0)
True, True, 0.0133, (0, 45, 301, 237, 235, 1, 19, 261, 13, 14, 231, 56, 146, 204, 120, 111, 116, 180, 238, 188, 215, 199, 26, 22, 0)
True, True, 0.0244, (0, 210, 39, 96, 51, 55, 186, 240, 128, 138, 324, 194, 167, 185, 277, 5, 282, 107, 226, 234, 162, 287, 174, 137, 0)
True, True, 0.0107, (0, 104, 291, 141, 205, 256, 154, 6, 184, 38, 181, 161, 136, 239, 61, 150, 203, 230, 304, 11, 165, 64, 243, 284, 0)
False, True, 0.0439, (0, 306, 66, 157, 183, 273, 179, 225, 171, 20, 78, 293, 27, 296, 68, 148, 171, 225, 179, 273, 183, 157, 66, 306, 0)
True, True, 0.0861, (0, 104, 291, 141, 205, 256, 154, 6, 271, 135, 85, 57, 136, 239, 61, 150, 203, 230, 304, 11, 165, 64, 243, 284, 0)
False, True, 0.0197, (0, 104, 291, 60, 123, 165, 11, 25, 113, 304, 230, 203, 150, 61, 239, 136, 57, 85, 135, 271, 123, 60, 291, 104, 0)
True, True, 0.248, (0, 232, 321, 152, 111, 204, 146, 120, 169, 144, 168, 89, 59, 94, 86, 63, 244, 143, 329, 158, 65, 151, 95, 198, 0)
False, True, 0.0574, (0, 212, 295, 23, 298, 187, 207, 140, 64, 11, 165, 135, 85, 57, 11, 165, 64, 140, 207, 187, 298, 23, 295, 212, 0)
True, True, 0.0185, (0, 104, 278, 202, 46, 307, 249, 267, 243, 60, 205, 141, 82, 131, 54, 214, 115, 222, 247, 263, 53, 262, 266, 220, 0)
False, True, 0.0152, (0, 69, 285, 323, 105, 299, 246, 49, 294, 290, 133, 81, 302, 321, 232, 294, 49, 246, 299, 105, 323, 285, 69, 8, 0)
False, True, 0.0187, (0, 117, 83, 189, 44, 248, 274, 129, 306, 66, 252, 193, 219, 314, 131, 54, 214, 115, 222, 248, 44, 189, 83, 117, 0)
False, True, 0.0088, (0, 242, 216, 191, 208, 43, 87, 75, 221, 283, 323, 105, 299, 294, 49, 246, 221, 283, 87, 43, 208, 191, 216, 242, 0)
True, True, 0.0471, (0, 306, 66, 157, 183, 273, 179, 225, 70, 58, 74, 148, 68, 296, 251, 175, 259, 103, 110, 316, 125, 100, 256, 141, 0)
True, True, 0.0197, (0, 243, 64, 165, 135, 181, 260, 264, 311, 73, 286, 318, 112, 258, 293, 27, 68, 296, 74, 58, 70, 101, 156, 252, 0)
True, True, 0.0571, (0, 252, 156, 101, 179, 225, 70, 58, 74, 148, 68, 296, 27, 293, 78, 20, 171, 37, 190, 276, 122, 153, 76, 328, 0)
True, True, 0.089, (0, 243, 123, 271, 184, 38, 181, 161, 311, 73, 264, 260, 139, 312, 218, 254, 227, 155, 259, 103, 200, 100, 319, 82, 0)
True, True, 0.025, (0, 76, 190, 37, 171, 20, 78, 209, 36, 325, 192, 3, 35, 330, 289, 286, 73, 311, 264, 260, 181, 135, 123, 243, 0)
True, True, 0.0427, (0, 306, 66, 157, 183, 273, 190, 37, 171, 148, 68, 296, 251, 175, 259, 103, 200, 110, 316, 125, 100, 6, 154, 205, 0)
True, True, 0.0389, (0, 76, 190, 37, 171, 148, 27, 293, 258, 209, 36, 325, 192, 3, 35, 330, 289, 286, 218, 312, 139, 38, 184, 6, 0)
True, True, 0.0455, (0, 252, 156, 101, 70, 179, 225, 171, 20, 78, 27, 68, 296, 251, 175, 259, 103, 110, 316, 125, 100, 319, 256, 141, 0)
True, True, 0.0241, (0, 6, 184, 38, 139, 312, 218, 286, 289, 330, 35, 3, 192, 325, 36, 209, 258, 112, 318, 254, 227, 155, 103, 200, 0)
True, True, 0.0126, (0, 60, 6, 184, 38, 181, 260, 264, 311, 73, 286, 318, 112, 258, 293, 27, 68, 296, 74, 58, 70, 101, 156, 252, 0)
True, True, 0.0083, (0, 228, 257, 274, 129, 328, 303, 250, 213, 79, 186, 240, 47, 127, 234, 226, 253, 31, 315, 67, 4, 77, 118, 48, 0)
True, True, 0.0044, (0, 197, 223, 130, 17, 62, 117, 228, 257, 300, 109, 24, 201, 91, 119, 313, 233, 292, 211, 265, 245, 2, 305, 206, 0)
True, True, 0.0269, (0, 104, 278, 291, 60, 123, 271, 135, 85, 57, 136, 239, 61, 150, 203, 230, 304, 113, 25, 11, 165, 64, 243, 284, 0)
True, True, 0.037, (0, 82, 319, 125, 316, 110, 175, 251, 259, 155, 227, 254, 218, 312, 139, 260, 264, 73, 311, 161, 181, 135, 165, 243, 0)
all_elementary, False
all_cyc2, True
