Instance, X-n336-k84
capacity, 203
min_trucks, 86
output_file, output_uchoa/X-n336-k84-ng8.log
Start date, 2022-07-02
Start time, 06-39-29
capacity, 203
num_vehicles, 86
abort_early, False
methods, ['ng8']
max_vars, 100
time_limit, 86400
farley, False
ESPPRC_heur, True
initial time, initial max_it, max_stale_it
1, 20000.0, 20
heuristic Number of routes, heuristic Best Solution Value, heuristic number of iterations, adjusted time, adjusted max_it, measured total time
206593, 140637.0, 20000, 1, 20000.0, 23952.5
method, python time, total time, propagated dominance time, unpropagated dominance time, pricing_success, upper_bound, lower_bound, abort_early, num_paths, 
ESPPRC_heur, -0.0, 1.9, 1.0, 0.4, 0, 138455.6132, 137552.7894, True, 11
ng8, 0.0, 64.7, 47.2, 14.7, 1, 138455.4615, 133829.0548, 0, 126
ESPPRC_heur, 0.0, 1.9, 1.1, 0.4, 0, 138402.2669, 137414.5839, True, 3
ng8, 0.1, 64.3, 47.0, 14.7, 1, 138402.2611, 136812.7291, 0, 44
ng8, 0.0, 63.1, 45.7, 14.7, 1, 138398.4526, 137797.5485, 0, 4
ESPPRC_heur, -0.0, 1.9, 1.0, 0.4, 0, 138397.3135, 138354.5466, True, 1
ng8, 0.1, 61.1, 43.9, 14.5, 1, 138397.3135, 138273.6357, 0, 2
ng8, 0.0, 59.8, 42.8, 14.3, 1, 138397.2259, 138397.2259, 0, 0
scip_total_time, 24386.513935
Solval, number of paths, impact cutoff
138397.22586346604, 291, 0.0001
Elementary, 2-Cycle, Path Value, Path
True, True, 0.4721, (0, 56, 222, 299, 0)
True, True, 0.5279, (0, 325, 17, 0)
True, True, 0.5726, (0, 306, 46, 216, 115, 44, 215, 85, 190, 0)
True, True, 0.5836, (0, 102, 122, 0)
True, True, 1.0, (0, 96, 87, 0)
True, True, 0.2039, (0, 209, 27, 196, 0)
True, True, 1.0, (0, 130, 315, 0)
True, True, 0.2361, (0, 254, 67, 76, 0)
True, True, 0.9408, (0, 89, 245, 4, 0)
True, True, 0.011, (0, 158, 39, 328, 0)
True, True, 0.045, (0, 174, 153, 260, 0)
True, True, 0.1123, (0, 109, 279, 78, 0)
True, True, 1.0, (0, 99, 188, 0)
True, True, 0.877, (0, 310, 144, 182, 0)
True, True, 0.778, (0, 212, 236, 9, 0)
True, True, 0.3102, (0, 121, 52, 106, 0)
True, True, 0.7331, (0, 110, 321, 131, 0)
True, True, 0.7381, (0, 255, 250, 161, 0)
True, True, 0.6677, (0, 202, 283, 143, 0)
True, True, 1.0, (0, 263, 112, 0)
True, True, 0.1534, (0, 300, 259, 312, 0)
True, True, 1.0, (0, 305, 237, 0)
True, True, 1.0, (0, 23, 272, 16, 0)
True, True, 1.0, (0, 183, 286, 0)
True, True, 0.5279, (0, 222, 14, 103, 0)
True, True, 1.0, (0, 55, 330, 314, 0)
True, True, 0.2948, (0, 281, 160, 48, 0)
True, True, 0.2411, (0, 235, 147, 104, 0)
True, True, 0.5059, (0, 98, 150, 15, 0)
True, True, 0.5562, (0, 187, 82, 148, 0)
True, True, 1.0, (0, 57, 278, 287, 0)
True, True, 0.111, (0, 117, 328, 158, 0)
True, True, 0.7585, (0, 324, 191, 307, 0)
True, True, 0.1707, (0, 303, 164, 13, 0)
True, True, 0.3431, (0, 175, 53, 171, 0)
True, True, 0.6551, (0, 189, 136, 201, 0)
True, True, 1.0, (0, 265, 220, 0)
True, True, 1.0, (0, 140, 242, 0)
True, True, 0.3286, (0, 213, 316, 225, 54, 34, 247, 186, 195, 65, 172, 294, 319, 0)
True, True, 0.1114, (0, 184, 108, 207, 0)
True, True, 0.5279, (0, 76, 176, 334, 0)
True, True, 0.3037, (0, 311, 335, 206, 285, 43, 90, 0)
True, True, 0.6486, (0, 235, 84, 160, 0)
True, True, 0.964, (0, 217, 270, 41, 0)
True, True, 0.7639, (0, 67, 254, 124, 0)
True, True, 0.7331, (0, 291, 28, 328, 0)
True, True, 0.889, (0, 248, 137, 117, 0)
True, True, 0.573, (0, 218, 92, 289, 0)
True, True, 0.6611, (0, 24, 244, 51, 0)
True, True, 0.3862, (0, 312, 284, 323, 0)
True, True, 0.6931, (0, 181, 259, 251, 0)
True, True, 0.4164, (0, 207, 14, 102, 0)
True, True, 0.036, (0, 308, 270, 217, 69, 0)
True, True, 0.222, (0, 59, 9, 240, 0)
True, True, 0.111, (0, 125, 248, 133, 0)
True, True, 0.3834, (0, 81, 129, 156, 100, 0)
True, True, 0.8466, (0, 42, 300, 0)
True, True, 0.4721, (0, 17, 56, 94, 0)
True, True, 1.0, (0, 166, 10, 0)
True, True, 0.7159, (0, 5, 241, 114, 332, 0)
True, True, 0.1123, (0, 62, 307, 191, 0)
True, True, 0.6569, (0, 329, 327, 53, 0)
True, True, 0.6931, (0, 223, 226, 326, 0)
True, True, 0.2619, (0, 71, 256, 318, 0)
True, True, 0.4721, (0, 334, 296, 176, 0)
True, True, 0.123, (0, 329, 182, 134, 0)
True, True, 0.2808, (0, 175, 106, 52, 0)
True, True, 0.3069, (0, 323, 223, 199, 0)
True, True, 0.0526, (0, 250, 126, 74, 208, 119, 0)
True, True, 0.9213, (0, 210, 2, 170, 0)
True, True, 0.4164, (0, 325, 122, 0)
True, True, 0.8293, (0, 13, 128, 0)
True, True, 1.0, (0, 72, 317, 0)
True, True, 0.3862, (0, 199, 64, 0)
True, True, 0.3323, (0, 288, 20, 143, 156, 0)
True, True, 0.2882, (0, 231, 261, 8, 211, 3, 276, 123, 198, 66, 0)
True, True, 0.1707, (0, 128, 271, 164, 0)
True, True, 0.2669, (0, 171, 321, 291, 0)
True, True, 0.2648, (0, 129, 244, 105, 0)
True, True, 0.6138, (0, 284, 64, 0)
True, True, 0.7381, (0, 318, 256, 126, 0)
True, True, 0.427, (0, 218, 289, 68, 0)
True, True, 0.0654, (0, 20, 283, 255, 0)
True, True, 0.4721, (0, 224, 103, 207, 0)
True, True, 0.3578, (0, 293, 151, 214, 275, 203, 219, 178, 298, 0)
True, True, 0.0363, (0, 240, 301, 0)
True, True, 0.0725, (0, 66, 198, 123, 276, 3, 211, 322, 8, 261, 0)
True, True, 0.5797, (0, 157, 80, 19, 0)
True, True, 0.4438, (0, 78, 279, 148, 0)
True, True, 0.8877, (0, 109, 35, 239, 0)
True, True, 0.5386, (0, 159, 81, 70, 0)
True, True, 0.6486, (0, 179, 145, 167, 0)
True, True, 0.427, (0, 107, 133, 92, 0)
True, True, 0.0592, (0, 89, 158, 146, 0)
True, True, 0.2669, (0, 110, 71, 283, 0)
True, True, 0.5279, (0, 94, 296, 299, 0)
True, True, 0.2183, (0, 120, 101, 262, 333, 37, 30, 141, 292, 50, 0)
True, True, 0.1845, (0, 214, 281, 61, 167, 147, 0)
True, True, 0.222, (0, 212, 22, 125, 0)
True, True, 0.3595, (0, 6, 205, 1, 149, 75, 0)
True, True, 0.0469, (0, 196, 48, 49, 86, 0)
True, True, 0.4614, (0, 100, 125, 22, 159, 0)
True, True, 0.078, (0, 201, 129, 81, 0)
True, True, 0.3069, (0, 181, 251, 312, 0)
True, True, 1.0, (0, 168, 116, 0)
True, True, 0.0741, (0, 100, 202, 244, 24, 288, 0)
True, True, 0.1699, (0, 18, 78, 146, 0)
True, True, 0.027, (0, 32, 213, 316, 186, 195, 65, 172, 294, 319, 162, 269, 0)
True, True, 0.0566, (0, 147, 145, 61, 281, 180, 0)
True, True, 0.1405, (0, 63, 75, 149, 177, 68, 0)
True, True, 0.0557, (0, 56, 14, 325, 0)
True, True, 0.4203, (0, 157, 303, 142, 0)
True, True, 0.0234, (0, 98, 267, 308, 60, 0)
True, True, 0.3069, (0, 323, 226, 199, 0)
True, True, 0.0787, (0, 2, 124, 76, 0)
True, True, 0.0309, (0, 26, 268, 29, 311, 335, 285, 43, 0)
True, True, 0.0562, (0, 27, 48, 147, 0)
True, True, 0.0787, (0, 210, 124, 76, 0)
True, True, 0.1291, (0, 91, 307, 324, 0)
True, True, 0.2899, (0, 213, 225, 54, 34, 247, 186, 195, 65, 172, 319, 162, 0)
True, True, 0.2915, (0, 132, 290, 206, 335, 285, 197, 0)
True, True, 0.955, (0, 39, 260, 249, 0)
True, True, 0.1626, (0, 58, 293, 273, 151, 320, 204, 0)
True, True, 0.3449, (0, 234, 121, 136, 0)
True, True, 0.3595, (0, 271, 135, 59, 177, 63, 0)
True, True, 0.0787, (0, 76, 124, 170, 0)
True, True, 0.1543, (0, 71, 250, 126, 258, 0)
True, True, 0.3069, (0, 142, 19, 326, 0)
True, True, 0.2085, (0, 252, 153, 134, 0)
True, True, 0.3074, (0, 180, 273, 48, 309, 0)
True, True, 0.4438, (0, 82, 187, 279, 0)
True, True, 0.1123, (0, 271, 35, 78, 0)
True, True, 0.4808, (0, 266, 297, 200, 233, 228, 169, 232, 192, 0)
True, True, 0.0592, (0, 165, 69, 4, 78, 0)
True, True, 0.0566, (0, 179, 167, 160, 0)
True, True, 0.1103, (0, 86, 167, 147, 235, 0)
True, True, 0.4496, (0, 79, 155, 308, 60, 0)
True, True, 0.056, (0, 104, 145, 61, 203, 298, 0)
True, True, 0.548, (0, 86, 49, 267, 88, 0)
True, True, 0.1135, (0, 19, 80, 303, 0)
True, True, 0.6238, (0, 173, 50, 292, 141, 37, 30, 333, 262, 101, 322, 0)
True, True, 0.7541, (0, 62, 18, 301, 0)
True, True, 0.0469, (0, 131, 234, 144, 0)
True, True, 0.4256, (0, 177, 205, 1, 149, 138, 0)
True, True, 0.034, (0, 328, 39, 158, 308, 0)
True, True, 0.2201, (0, 329, 327, 131, 0)
True, True, 0.0469, (0, 310, 153, 88, 0)
True, True, 0.3671, (0, 132, 290, 206, 335, 311, 43, 0)
True, True, 0.4706, (0, 40, 150, 98, 0)
True, True, 0.2669, (0, 28, 171, 288, 201, 0)
True, True, 0.1667, (0, 73, 221, 200, 233, 228, 169, 302, 31, 227, 0)
True, True, 0.2841, (0, 332, 80, 303, 0)
True, True, 0.1579, (0, 83, 66, 198, 123, 276, 3, 211, 50, 322, 120, 0)
True, True, 0.0504, (0, 204, 320, 293, 273, 209, 58, 0)
True, True, 0.0744, (0, 271, 135, 59, 177, 138, 6, 0)
True, True, 0.7399, (0, 152, 27, 158, 0)
True, True, 0.5279, (0, 184, 108, 224, 0)
True, True, 0.3588, (0, 331, 32, 304, 73, 282, 229, 33, 25, 47, 0)
True, True, 0.2948, (0, 309, 48, 86, 179, 0)
True, True, 0.1446, (0, 95, 74, 230, 113, 0)
True, True, 0.0698, (0, 227, 12, 230, 113, 302, 169, 232, 0)
True, True, 0.1123, (0, 20, 95, 156, 0)
True, True, 0.2115, (0, 241, 155, 79, 0)
True, True, 0.2149, (0, 63, 75, 1, 205, 138, 0)
True, True, 0.2459, (0, 36, 192, 229, 282, 194, 274, 277, 0)
True, True, 0.1965, (0, 105, 255, 12, 230, 113, 302, 31, 227, 258, 0)
True, True, 0.123, (0, 234, 327, 171, 0)
True, True, 0.0007, (0, 258, 208, 12, 230, 74, 113, 302, 31, 232, 0)
True, True, 0.2582, (0, 70, 129, 202, 105, 111, 0)
True, True, 0.1488, (0, 95, 74, 113, 12, 119, 0)
True, True, 0.4051, (0, 268, 49, 267, 88, 0)
True, True, 0.0548, (0, 261, 77, 8, 211, 3, 276, 198, 66, 83, 0)
True, True, 0.1283, (0, 175, 121, 189, 0)
True, True, 0.1534, (0, 42, 259, 312, 0)
True, True, 0.317, (0, 83, 66, 198, 123, 276, 3, 211, 8, 77, 313, 0)
True, True, 0.3389, (0, 51, 174, 79, 0)
True, True, 0.409, (0, 106, 52, 234, 0)
True, True, 0.2601, (0, 152, 155, 174, 0)
True, True, 0.0762, (0, 310, 144, 234, 0)
True, True, 0.4901, (0, 20, 95, 208, 119, 258, 0)
True, True, 0.3514, (0, 196, 84, 147, 0)
True, True, 0.4292, (0, 180, 58, 293, 151, 273, 209, 0)
True, True, 0.2728, (0, 142, 5, 154, 114, 0)
True, True, 0.2792, (0, 304, 73, 93, 297, 221, 194, 274, 277, 0)
True, True, 0.0548, (0, 83, 198, 123, 276, 3, 211, 8, 77, 261, 0)
True, True, 0.33, (0, 104, 61, 281, 275, 214, 163, 238, 0)
True, True, 0.052, (0, 261, 8, 211, 3, 123, 198, 66, 83, 0)
True, True, 0.0035, (0, 132, 290, 206, 335, 311, 285, 0)
True, True, 0.2658, (0, 120, 253, 193, 7, 38, 257, 320, 204, 290, 132, 0)
True, True, 0.3607, (0, 184, 108, 313, 77, 261, 231, 83, 0)
True, True, 0.0035, (0, 77, 322, 120, 132, 206, 335, 285, 43, 0)
True, True, 0.0788, (0, 174, 155, 280, 0)
True, True, 0.0847, (0, 90, 43, 285, 311, 29, 11, 0)
True, True, 0.2476, (0, 165, 268, 26, 11, 197, 127, 90, 0)
True, True, 0.6586, (0, 164, 146, 45, 280, 69, 0)
True, True, 0.045, (0, 249, 158, 15, 40, 0)
True, True, 0.2648, (0, 105, 24, 22, 0)
True, True, 0.1312, (0, 253, 193, 38, 257, 298, 178, 219, 203, 163, 238, 320, 204, 0)
True, True, 0.1123, (0, 239, 324, 45, 280, 146, 0)
True, True, 0.0409, (0, 204, 320, 238, 163, 214, 275, 203, 219, 178, 298, 0)
True, True, 0.0727, (0, 90, 127, 197, 11, 26, 40, 241, 0)
True, True, 0.0234, (0, 267, 150, 40, 0)
True, True, 0.106, (0, 253, 7, 38, 257, 190, 85, 215, 44, 115, 141, 0)
True, True, 0.2388, (0, 15, 104, 145, 61, 0)
True, True, 0.0413, (0, 285, 290, 204, 320, 58, 29, 26, 0)
True, True, 0.0518, (0, 328, 137, 22, 0)
True, True, 0.3978, (0, 309, 196, 308, 60, 0)
True, True, 0.0761, (0, 18, 301, 246, 0)
True, True, 0.1185, (0, 269, 162, 319, 294, 316, 225, 54, 34, 93, 297, 221, 0)
True, True, 0.052, (0, 262, 37, 30, 115, 216, 46, 306, 0)
True, True, 0.1341, (0, 104, 61, 281, 275, 163, 238, 204, 0)
True, True, 0.221, (0, 320, 238, 163, 203, 219, 178, 298, 257, 7, 193, 0)
True, True, 0.3883, (0, 264, 127, 197, 11, 26, 40, 165, 0)
True, True, 0.0869, (0, 253, 193, 38, 257, 298, 178, 219, 203, 275, 214, 163, 238, 204, 0)
True, True, 0.0744, (0, 149, 277, 274, 194, 33, 25, 266, 0)
True, True, 0.0129, (0, 269, 319, 172, 65, 195, 186, 247, 34, 54, 225, 316, 213, 0)
True, True, 0.0309, (0, 120, 101, 193, 7, 38, 320, 204, 290, 206, 285, 0)
True, True, 0.0288, (0, 264, 132, 120, 322, 8, 77, 261, 231, 0)
True, True, 0.0946, (0, 12, 230, 161, 71, 0)
True, True, 0.1045, (0, 173, 306, 46, 216, 44, 215, 85, 190, 7, 193, 253, 0)
True, True, 0.1673, (0, 71, 161, 74, 208, 0)
True, True, 0.1336, (0, 62, 301, 185, 6, 0)
True, True, 0.0797, (0, 120, 333, 37, 30, 115, 216, 46, 306, 173, 0)
True, True, 0.14, (0, 232, 169, 228, 233, 93, 32, 331, 0)
True, True, 0.1377, (0, 266, 47, 75, 63, 138, 6, 68, 0)
True, True, 0.0028, (0, 83, 66, 123, 276, 3, 211, 173, 322, 8, 77, 261, 0)
True, True, 0.1291, (0, 91, 191, 60, 0)
True, True, 0.0412, (0, 232, 169, 228, 200, 93, 304, 0)
True, True, 0.0273, (0, 77, 173, 306, 46, 216, 44, 215, 85, 190, 257, 38, 193, 253, 0)
True, True, 0.05, (0, 100, 95, 74, 12, 208, 258, 0)
True, True, 0.0592, (0, 137, 328, 245, 308, 0)
True, True, 0.0843, (0, 304, 221, 297, 93, 200, 232, 274, 33, 0)
True, True, 0.6685, (0, 134, 252, 153, 154, 0)
True, True, 0.0698, (0, 221, 93, 200, 233, 228, 232, 194, 0)
True, True, 0.7418, (0, 240, 91, 111, 0)
True, True, 0.0114, (0, 5, 154, 165, 80, 0)
True, True, 0.0129, (0, 162, 294, 172, 65, 195, 186, 247, 34, 54, 225, 213, 331, 0)
True, True, 0.0504, (0, 253, 193, 38, 298, 178, 219, 203, 275, 151, 273, 0)
True, True, 0.2103, (0, 165, 69, 15, 29, 311, 285, 43, 0)
True, True, 0.0278, (0, 262, 115, 44, 215, 85, 190, 38, 7, 0)
True, True, 0.0148, (0, 36, 47, 192, 33, 229, 282, 73, 304, 331, 0)
True, True, 0.027, (0, 162, 319, 294, 316, 247, 34, 54, 213, 32, 331, 0)
True, True, 0.0114, (0, 114, 154, 165, 80, 303, 0)
True, True, 0.0936, (0, 277, 274, 194, 33, 192, 47, 36, 0)
True, True, 0.0577, (0, 277, 227, 208, 12, 230, 113, 302, 232, 192, 0)
True, True, 0.056, (0, 204, 320, 238, 163, 203, 219, 178, 38, 7, 193, 0)
True, True, 0.2166, (0, 175, 121, 189, 288, 0)
True, True, 0.0081, (0, 47, 25, 33, 229, 221, 297, 93, 73, 304, 331, 0)
True, True, 0.1153, (0, 36, 25, 33, 282, 194, 274, 277, 0)
True, True, 0.106, (0, 253, 7, 38, 257, 190, 85, 215, 44, 115, 292, 173, 0)
True, True, 0.1185, (0, 331, 32, 213, 225, 247, 186, 316, 294, 319, 162, 0)
True, True, 0.0145, (0, 304, 73, 297, 221, 194, 274, 229, 33, 192, 0)
True, True, 0.0312, (0, 100, 175, 174, 153, 0)
True, True, 0.1456, (0, 269, 162, 294, 172, 65, 195, 186, 247, 34, 54, 316, 32, 331, 0)
True, True, 0.052, (0, 66, 123, 276, 46, 216, 306, 292, 141, 333, 262, 101, 120, 0)
True, True, 0.1185, (0, 269, 162, 294, 172, 195, 65, 316, 225, 213, 32, 331, 0)
False, False, 0.2057, (0, 185, 125, 185, 0)
False, False, 0.123, (0, 174, 252, 174, 0)
False, True, 0.0118, (0, 280, 45, 78, 280, 0)
True, True, 0.0412, (0, 277, 232, 200, 233, 93, 221, 304, 331, 0)
False, True, 0.1096, (0, 26, 268, 29, 209, 58, 29, 26, 0)
False, True, 0.172, (0, 59, 185, 156, 70, 59, 0)
False, True, 0.0155, (0, 70, 129, 105, 70, 0)
False, False, 0.283, (0, 271, 135, 185, 135, 0)
False, True, 0.2915, (0, 264, 127, 90, 264, 313, 231, 0)
False, True, 0.1275, (0, 227, 31, 113, 74, 230, 12, 208, 227, 0)
False, True, 0.462, (0, 246, 133, 107, 246, 0)
False, False, 0.111, (0, 236, 107, 236, 0)
False, True, 0.2068, (0, 268, 29, 209, 58, 180, 29, 11, 0)
False, True, 0.5, (0, 21, 295, 243, 139, 118, 295, 21, 0)
False, False, 0.0906, (0, 45, 78, 45, 280, 0)
False, True, 0.0542, (0, 258, 119, 208, 230, 74, 95, 258, 0)
False, True, 0.056, (0, 306, 46, 216, 115, 44, 216, 46, 306, 173, 77, 0)
False, True, 0.5, (0, 97, 243, 139, 269, 118, 97, 0)
False, True, 0.0262, (0, 120, 101, 262, 333, 37, 30, 7, 193, 253, 120, 0)
True, True, 0.0145, (0, 331, 304, 73, 221, 297, 93, 200, 232, 194, 25, 0)
False, True, 0.0028, (0, 261, 77, 8, 123, 198, 66, 8, 77, 261, 0)
False, True, 0.0309, (0, 231, 261, 77, 8, 322, 101, 120, 8, 313, 261, 0)
False, True, 0.056, (0, 253, 38, 257, 298, 178, 219, 215, 85, 190, 38, 7, 0)
False, True, 0.1218, (0, 36, 266, 47, 25, 282, 229, 25, 47, 36, 0)
False, True, 0.1434, (0, 36, 47, 33, 229, 282, 73, 304, 36, 0)
False, True, 0.0219, (0, 8, 322, 120, 253, 132, 120, 322, 8, 77, 0)
True, True, 0.0645, (0, 32, 213, 316, 54, 34, 247, 186, 195, 65, 172, 294, 162, 0)
False, True, 0.036, (0, 154, 165, 69, 41, 45, 280, 165, 0)
False, True, 0.2543, (0, 119, 31, 302, 113, 74, 230, 12, 302, 31, 227, 0)
False, True, 0.018, (0, 77, 8, 322, 120, 101, 253, 132, 120, 322, 77, 261, 0)
False, True, 0.1474, (0, 68, 6, 138, 75, 63, 6, 68, 0)
False, True, 0.1016, (0, 221, 93, 233, 169, 228, 200, 93, 221, 0)
False, True, 0.0927, (0, 266, 25, 192, 277, 274, 194, 229, 33, 25, 266, 0)
False, True, 0.0387, (0, 269, 162, 319, 316, 294, 319, 162, 269, 0)
False, True, 0.055, (0, 288, 126, 250, 71, 288, 0)
all_elementary, False
all_cyc2, False
