Instance, X-n313-k71
capacity, 248
min_trucks, 72
output_file, output_uchoa/X-n313-k71-ng8.log
Start date, 2022-07-01
Start time, 13-46-51
capacity, 248
num_vehicles, 72
abort_early, False
methods, ['ng8']
max_vars, 100
time_limit, 86400
farley, False
ESPPRC_heur, True
initial time, initial max_it, max_stale_it
1, 20000.0, 20
heuristic Number of routes, heuristic Best Solution Value, heuristic number of iterations, adjusted time, adjusted max_it, measured total time
179012, 94504.0, 20000, 1, 20000.0, 22585.4
method, python time, total time, propagated dominance time, unpropagated dominance time, pricing_success, upper_bound, lower_bound, abort_early, num_paths, 
ESPPRC_heur, 0.0, 1.7, 1.0, 0.4, 0, 93656.8635, 91421.1106, True, 29
ESPPRC_heur, 0.0, 1.7, 1.0, 0.4, 0, 93651.2521, 92099.1474, True, 9
ESPPRC_heur, 0.0, 1.7, 1.0, 0.4, 0, 93651.2462, 92929.4172, True, 3
ng8, 0.1, 57.5, 40.3, 15.2, 1, 93651.2462, 88964.3891, 0, 197
ESPPRC_heur, 0.0, 1.7, 1.0, 0.4, 0, 93523.7266, 93260.066, True, 1
ng8, -0.0, 111.0, 82.8, 25.7, 1, 93523.7266, 92628.8193, 0, 48
ESPPRC_heur, 0.0, 2.0, 1.2, 0.5, 0, 93515.6512, 92875.0488, True, 5
ng8, 0.0, 203.8, 145.2, 55.4, 1, 93515.551, 93155.551, 0, 10
ESPPRC_heur, -0.0, 2.0, 1.1, 0.5, 0, 93515.2141, 93478.5655, True, 1
ng8, -0.0, 112.9, 79.9, 30.4, 1, 93515.2122, 93190.9385, 0, 3
ng8, -0.0, 107.8, 76.1, 29.1, 1, 93514.2784, 93456.4049, 0, 2
ng8, 0.0, 149.4, 113.1, 33.8, 1, 93514.2574, 93514.2574, 0, 0
scip_total_time, 23424.104679
Solval, number of paths, impact cutoff
93514.25744760886, 262, 0.0001
Elementary, 2-Cycle, Path Value, Path
True, True, 0.3387, (0, 154, 14, 31, 0)
True, True, 0.5885, (0, 128, 6, 60, 150, 28, 0)
True, True, 0.5757, (0, 207, 117, 237, 0)
True, True, 1.0, (0, 69, 176, 277, 0)
True, True, 0.5664, (0, 221, 270, 279, 0)
True, True, 0.7328, (0, 201, 162, 208, 204, 0)
True, True, 0.4112, (0, 299, 280, 165, 112, 0)
True, True, 0.3997, (0, 175, 164, 56, 228, 0)
True, True, 0.3997, (0, 33, 7, 54, 0)
True, True, 0.7201, (0, 249, 295, 72, 0)
True, True, 0.36, (0, 236, 266, 285, 0)
True, True, 0.64, (0, 22, 239, 290, 0)
True, True, 0.045, (0, 114, 161, 184, 0)
True, True, 0.5516, (0, 110, 88, 124, 0)
True, True, 0.602, (0, 238, 11, 284, 38, 247, 273, 259, 0)
True, True, 0.3679, (0, 26, 123, 160, 35, 291, 20, 148, 42, 0)
True, True, 0.1361, (0, 83, 91, 63, 37, 144, 40, 146, 77, 65, 13, 0)
True, True, 0.6519, (0, 261, 188, 170, 0)
True, True, 0.712, (0, 103, 109, 71, 0)
True, True, 0.4351, (0, 283, 138, 187, 0)
True, True, 0.1599, (0, 92, 227, 197, 0)
True, True, 0.2019, (0, 308, 183, 81, 0)
True, True, 0.0302, (0, 246, 203, 39, 0)
True, True, 0.1599, (0, 223, 233, 263, 307, 0)
True, True, 0.3618, (0, 210, 73, 220, 0)
True, True, 0.9494, (0, 96, 225, 304, 0)
True, True, 0.5, (0, 119, 240, 156, 0)
True, True, 0.9494, (0, 167, 232, 275, 100, 0)
True, True, 1.0, (0, 172, 8, 241, 55, 0)
True, True, 0.4336, (0, 221, 228, 270, 0)
True, True, 1.0, (0, 262, 268, 298, 0)
True, True, 0.64, (0, 236, 311, 258, 0)
True, True, 0.288, (0, 103, 50, 49, 105, 134, 0)
True, True, 0.5, (0, 16, 186, 156, 0)
True, True, 0.3542, (0, 4, 3, 19, 115, 0)
True, True, 0.1217, (0, 299, 171, 250, 189, 0)
True, True, 0.7557, (0, 214, 159, 289, 0)
True, True, 0.8876, (0, 59, 12, 76, 0)
True, True, 0.4351, (0, 255, 213, 138, 0)
True, True, 0.0791, (0, 71, 306, 263, 0)
True, True, 0.3741, (0, 254, 308, 73, 0)
True, True, 0.0506, (0, 167, 304, 96, 0)
True, True, 0.6907, (0, 139, 106, 79, 0)
True, True, 0.4243, (0, 87, 117, 237, 269, 0)
True, True, 0.6854, (0, 287, 125, 224, 61, 0)
True, True, 0.5917, (0, 83, 91, 63, 37, 144, 40, 146, 77, 65, 0)
True, True, 1.0, (0, 15, 129, 288, 0)
True, True, 0.7981, (0, 183, 92, 197, 0)
True, True, 0.3947, (0, 200, 194, 47, 0)
True, True, 0.2344, (0, 60, 19, 115, 0)
True, True, 0.299, (0, 64, 79, 30, 2, 0)
True, True, 0.1515, (0, 139, 269, 3, 0)
True, True, 0.1124, (0, 292, 59, 68, 0)
True, True, 0.6259, (0, 157, 199, 307, 254, 0)
True, True, 0.1077, (0, 294, 305, 169, 181, 0)
True, True, 0.1003, (0, 234, 312, 260, 279, 0)
True, True, 0.1124, (0, 68, 12, 76, 0)
True, True, 0.5649, (0, 283, 213, 187, 0)
True, True, 0.5649, (0, 306, 255, 39, 0)
True, True, 0.4965, (0, 242, 181, 194, 0)
True, True, 0.0052, (0, 34, 48, 133, 44, 142, 36, 126, 152, 32, 82, 0)
True, True, 0.3333, (0, 279, 95, 74, 0)
True, True, 0.2799, (0, 175, 141, 43, 211, 0)
True, True, 0.4129, (0, 112, 165, 280, 250, 0)
True, True, 0.2443, (0, 214, 289, 265, 0)
True, True, 0.1582, (0, 203, 109, 71, 0)
True, True, 0.104, (0, 264, 216, 215, 10, 0)
True, True, 0.2141, (0, 81, 307, 199, 169, 0)
True, True, 0.2141, (0, 181, 157, 210, 305, 0)
True, True, 0.3505, (0, 57, 202, 30, 2, 0)
True, True, 0.1759, (0, 299, 280, 190, 257, 0)
True, True, 0.2799, (0, 53, 211, 295, 164, 0)
True, True, 0.0419, (0, 170, 188, 92, 0)
True, True, 0.4115, (0, 4, 6, 137, 9, 0)
True, True, 0.1811, (0, 207, 269, 115, 0)
True, True, 0.1759, (0, 165, 112, 257, 204, 0)
True, True, 0.0367, (0, 42, 20, 35, 160, 66, 123, 235, 52, 0)
True, True, 0.2303, (0, 226, 159, 171, 0)
True, True, 0.6667, (0, 281, 95, 252, 0)
True, True, 0.2432, (0, 202, 269, 207, 0)
True, True, 0.4563, (0, 282, 177, 253, 251, 0)
True, True, 0.3226, (0, 154, 14, 0)
True, True, 0.3146, (0, 18, 301, 61, 108, 0)
True, True, 0.2799, (0, 141, 43, 211, 53, 0)
True, True, 0.685, (0, 75, 303, 184, 0)
True, True, 0.0625, (0, 82, 28, 150, 137, 19, 3, 0)
True, True, 0.2829, (0, 148, 20, 35, 160, 66, 123, 26, 235, 0)
True, True, 0.4049, (0, 39, 203, 263, 0)
True, True, 1.0, (0, 90, 132, 230, 276, 0)
True, True, 0.1519, (0, 188, 170, 286, 0)
True, True, 0.6613, (0, 121, 31, 0)
True, True, 0.5911, (0, 190, 217, 24, 0)
True, True, 0.3204, (0, 43, 141, 164, 175, 0)
True, True, 0.3123, (0, 245, 45, 216, 272, 0)
True, True, 0.9087, (0, 155, 302, 218, 0)
True, True, 0.4336, (0, 33, 56, 7, 127, 0)
True, True, 0.3333, (0, 312, 260, 252, 171, 0)
True, True, 0.1667, (0, 228, 33, 281, 145, 0)
True, True, 0.4241, (0, 220, 81, 192, 0)
True, True, 0.0789, (0, 28, 150, 137, 19, 115, 0)
True, True, 0.3387, (0, 121, 14, 154, 0)
True, True, 0.64, (0, 161, 285, 248, 0)
True, True, 0.8401, (0, 227, 223, 233, 246, 0)
True, True, 0.1297, (0, 109, 138, 246, 0)
True, True, 0.0506, (0, 225, 203, 71, 0)
True, True, 0.0419, (0, 197, 188, 170, 0)
True, True, 0.7752, (0, 62, 68, 292, 0)
True, True, 0.315, (0, 75, 161, 114, 0)
True, True, 0.1361, (0, 50, 105, 1, 134, 0)
True, True, 0.0474, (0, 13, 104, 101, 80, 46, 120, 151, 58, 97, 168, 300, 94, 135, 98, 0)
True, True, 0.0253, (0, 232, 275, 119, 181, 0)
True, True, 0.2799, (0, 249, 72, 266, 0)
True, True, 0.1882, (0, 169, 73, 305, 294, 0)
True, True, 0.4241, (0, 119, 308, 210, 0)
True, True, 0.045, (0, 114, 311, 184, 0)
True, True, 0.0253, (0, 47, 275, 119, 100, 0)
True, True, 0.0091, (0, 162, 208, 257, 204, 0)
True, True, 0.249, (0, 208, 226, 189, 0)
True, True, 0.315, (0, 243, 303, 311, 0)
True, True, 0.5206, (0, 278, 265, 226, 0)
True, True, 0.1124, (0, 292, 170, 188, 0)
True, True, 0.083, (0, 158, 179, 229, 219, 111, 310, 206, 0)
True, True, 0.3968, (0, 118, 301, 107, 108, 0)
True, True, 0.4163, (0, 274, 264, 17, 272, 114, 0)
True, True, 0.1053, (0, 181, 220, 200, 0)
True, True, 0.1787, (0, 245, 17, 216, 114, 0)
True, True, 0.3481, (0, 286, 27, 261, 41, 0)
True, True, 0.0822, (0, 302, 204, 155, 87, 0)
True, True, 0.405, (0, 163, 67, 256, 45, 216, 17, 0)
True, True, 0.36, (0, 53, 54, 290, 264, 0)
True, True, 0.1508, (0, 278, 250, 24, 257, 0)
True, True, 0.0368, (0, 23, 86, 118, 296, 62, 0)
True, True, 0.3784, (0, 23, 296, 118, 127, 145, 116, 0)
True, True, 0.1875, (0, 44, 142, 36, 126, 9, 51, 116, 87, 0)
True, True, 0.0651, (0, 191, 244, 238, 198, 140, 231, 173, 0)
True, True, 0.1877, (0, 312, 74, 217, 0)
True, True, 1.0, (0, 122, 78, 93, 25, 0)
True, True, 0.3146, (0, 125, 171, 250, 189, 0)
True, True, 0.0091, (0, 116, 302, 201, 108, 0)
True, True, 0.0139, (0, 278, 159, 265, 0)
True, True, 0.224, (0, 130, 2, 202, 128, 9, 0)
True, True, 0.1003, (0, 301, 107, 267, 243, 86, 0)
True, True, 0.0573, (0, 133, 44, 142, 36, 126, 9, 4, 32, 0)
True, True, 0.051, (0, 163, 158, 179, 229, 219, 111, 193, 273, 259, 293, 0)
True, True, 0.1088, (0, 220, 305, 194, 0)
True, True, 0.4241, (0, 50, 49, 85, 1, 134, 0)
True, True, 0.233, (0, 190, 260, 312, 234, 0)
True, True, 0.2938, (0, 52, 235, 160, 35, 291, 20, 148, 195, 0)
True, True, 0.1361, (0, 66, 98, 94, 300, 168, 97, 58, 151, 120, 46, 80, 101, 104, 146, 0)
True, True, 1.0, (0, 29, 131, 147, 174, 0)
True, True, 0.2212, (0, 257, 217, 265, 0)
True, True, 0.1265, (0, 89, 202, 30, 2, 130, 0)
True, True, 0.1602, (0, 239, 211, 54, 0)
True, True, 0.068, (0, 98, 168, 97, 58, 151, 120, 46, 80, 101, 104, 77, 13, 0)
True, True, 0.0801, (0, 53, 239, 54, 0)
True, True, 0.0511, (0, 47, 181, 305, 294, 0)
True, True, 0.5264, (0, 10, 215, 253, 274, 0)
True, True, 0.36, (0, 86, 266, 22, 248, 0)
True, True, 0.2581, (0, 201, 162, 24, 257, 0)
True, True, 0.3146, (0, 189, 278, 224, 18, 0)
True, True, 0.1519, (0, 1, 105, 85, 50, 27, 0)
True, True, 0.1667, (0, 145, 7, 56, 281, 0)
True, True, 0.1364, (0, 124, 23, 110, 0)
True, True, 0.188, (0, 145, 127, 118, 143, 296, 62, 0)
True, True, 0.1145, (0, 84, 51, 9, 126, 36, 152, 0)
True, True, 0.0104, (0, 30, 79, 3, 128, 0)
True, True, 0.2306, (0, 251, 177, 166, 222, 185, 0)
True, True, 0.0052, (0, 99, 48, 44, 142, 36, 126, 9, 152, 32, 0)
True, True, 0.2827, (0, 245, 45, 297, 205, 256, 67, 0)
True, True, 0.0035, (0, 47, 242, 169, 305, 0)
True, True, 0.4763, (0, 66, 135, 94, 300, 168, 97, 58, 151, 120, 46, 80, 101, 104, 13, 0)
True, True, 0.0736, (0, 206, 310, 309, 111, 193, 229, 158, 163, 0)
True, True, 0.1145, (0, 99, 34, 82, 32, 152, 142, 44, 102, 133, 70, 0)
True, True, 0.25, (0, 70, 133, 44, 142, 36, 126, 152, 153, 48, 0)
True, True, 0.0173, (0, 251, 253, 166, 205, 185, 0)
True, True, 0.12, (0, 123, 98, 135, 231, 140, 173, 244, 196, 5, 0)
True, True, 0.1599, (0, 81, 199, 157, 169, 0)
True, True, 0.0744, (0, 271, 293, 158, 179, 177, 282, 166, 0)
True, True, 0.2715, (0, 5, 272, 215, 10, 0)
True, True, 0.2701, (0, 28, 150, 137, 19, 3, 89, 0)
True, True, 0.3146, (0, 107, 287, 243, 267, 86, 0)
True, True, 0.1198, (0, 5, 264, 239, 43, 141, 0)
True, True, 0.1882, (0, 108, 107, 301, 18, 86, 0)
True, True, 0.356, (0, 263, 203, 306, 0)
True, True, 0.0253, (0, 47, 232, 119, 100, 0)
True, True, 0.2387, (0, 251, 177, 282, 166, 222, 163, 0)
True, True, 0.1579, (0, 139, 106, 30, 0)
True, True, 0.0386, (0, 206, 310, 309, 193, 111, 219, 229, 222, 5, 0)
True, True, 0.2242, (0, 124, 23, 88, 182, 0)
True, True, 0.0531, (0, 291, 173, 140, 198, 238, 244, 195, 0)
True, True, 0.1519, (0, 1, 85, 49, 105, 134, 182, 0)
True, True, 0.0488, (0, 149, 271, 293, 259, 11, 284, 198, 244, 0)
True, True, 0.0187, (0, 20, 291, 231, 140, 173, 244, 180, 191, 0)
True, True, 0.0428, (0, 222, 282, 179, 111, 309, 310, 206, 0)
True, True, 0.3125, (0, 102, 44, 142, 36, 126, 152, 32, 82, 0)
True, True, 0.068, (0, 13, 104, 101, 80, 46, 120, 151, 144, 37, 63, 91, 83, 0)
True, True, 0.2263, (0, 245, 256, 297, 166, 205, 293, 271, 0)
True, True, 0.0982, (0, 67, 185, 297, 215, 10, 0)
True, True, 0.2213, (0, 206, 310, 309, 193, 111, 219, 222, 185, 0)
True, True, 0.0091, (0, 155, 257, 208, 145, 0)
True, True, 0.1515, (0, 3, 115, 106, 87, 0)
True, True, 0.1307, (0, 206, 310, 309, 111, 193, 229, 282, 185, 0)
True, True, 0.068, (0, 5, 149, 244, 173, 140, 231, 300, 94, 135, 98, 123, 0)
True, True, 0.1771, (0, 128, 137, 60, 4, 0)
True, True, 0.0121, (0, 143, 42, 148, 196, 180, 163, 191, 21, 195, 0)
True, True, 0.0571, (0, 251, 282, 166, 205, 297, 67, 0)
True, True, 0.068, (0, 83, 91, 63, 37, 144, 151, 58, 97, 168, 300, 94, 98, 66, 0)
True, True, 0.0394, (0, 195, 244, 238, 11, 198, 140, 231, 0)
True, True, 0.2641, (0, 173, 198, 38, 247, 273, 229, 179, 158, 0)
True, True, 0.1227, (0, 173, 198, 284, 11, 259, 205, 297, 0)
True, True, 0.1058, (0, 180, 244, 173, 140, 231, 135, 98, 123, 136, 0)
True, True, 0.0574, (0, 274, 67, 256, 185, 297, 205, 293, 271, 149, 163, 0)
True, True, 0.0091, (0, 206, 310, 309, 111, 219, 229, 259, 163, 0)
True, True, 0.2679, (0, 206, 310, 309, 193, 219, 179, 158, 0)
True, True, 0.1882, (0, 291, 231, 140, 198, 238, 293, 271, 149, 195, 0)
True, True, 0.1361, (0, 40, 101, 80, 46, 120, 151, 58, 97, 168, 300, 94, 98, 136, 0)
True, True, 0.0855, (0, 244, 198, 284, 11, 259, 293, 271, 67, 163, 0)
True, True, 0.1361, (0, 83, 91, 63, 37, 144, 40, 146, 104, 77, 65, 0)
True, True, 0.1825, (0, 98, 135, 231, 140, 173, 244, 149, 180, 191, 0)
True, True, 0.133, (0, 185, 222, 206, 310, 309, 111, 219, 229, 158, 0)
True, True, 0.0145, (0, 163, 256, 185, 297, 166, 205, 293, 271, 191, 0)
True, True, 0.0262, (0, 136, 291, 231, 140, 198, 238, 244, 191, 5, 0)
True, True, 0.0601, (0, 284, 38, 247, 193, 111, 219, 229, 179, 222, 0)
True, True, 0.5, (0, 16, 186, 240, 0)
True, True, 0.068, (0, 13, 77, 104, 101, 80, 46, 120, 58, 97, 168, 300, 94, 98, 136, 0)
True, True, 0.083, (0, 185, 179, 229, 219, 111, 309, 193, 273, 271, 0)
False, True, 0.06, (0, 87, 116, 84, 130, 57, 51, 116, 87, 0)
False, True, 0.5, (0, 178, 286, 27, 178, 0)
False, False, 0.5, (0, 212, 200, 212, 0)
False, True, 0.5, (0, 113, 242, 47, 113, 0)
False, True, 0.5, (0, 209, 192, 41, 209, 0)
False, True, 0.2705, (0, 84, 130, 57, 64, 84, 116, 0)
False, True, 0.0913, (0, 145, 18, 218, 108, 18, 0)
False, True, 0.3016, (0, 296, 52, 42, 235, 26, 52, 136, 143, 0)
False, True, 0.2817, (0, 136, 42, 21, 196, 180, 191, 21, 143, 0)
False, True, 0.3333, (0, 234, 260, 74, 234, 0)
False, True, 0.073, (0, 70, 99, 34, 153, 133, 102, 32, 82, 153, 34, 99, 0)
False, True, 0.169, (0, 5, 21, 196, 180, 191, 21, 195, 143, 0)
False, True, 0.0476, (0, 296, 52, 26, 235, 143, 296, 0)
False, True, 0.2242, (0, 182, 110, 88, 23, 182, 0)
False, True, 0.225, (0, 267, 258, 184, 267, 0)
False, True, 0.0878, (0, 182, 124, 110, 182, 0)
False, False, 0.135, (0, 267, 243, 258, 243, 0)
False, True, 0.0345, (0, 89, 51, 130, 57, 64, 51, 116, 87, 0)
False, True, 0.3265, (0, 294, 305, 169, 294, 0)
False, True, 0.187, (0, 5, 191, 196, 244, 149, 180, 196, 195, 0)
False, True, 0.1456, (0, 299, 312, 74, 299, 0)
True, True, 0.0207, (0, 222, 179, 229, 111, 193, 247, 38, 11, 0)
False, True, 0.0558, (0, 64, 202, 30, 64, 0)
False, True, 0.1302, (0, 70, 99, 34, 82, 32, 152, 102, 133, 70, 0)
False, True, 0.1361, (0, 1, 85, 49, 105, 65, 13, 105, 85, 0)
False, True, 0.302, (0, 70, 99, 34, 48, 153, 133, 102, 32, 82, 153, 48, 34, 99, 0)
False, True, 0.0187, (0, 136, 52, 235, 123, 160, 35, 235, 136, 0)
False, True, 0.127, (0, 149, 271, 293, 297, 166, 205, 293, 149, 0)
True, True, 0.0531, (0, 163, 158, 179, 229, 219, 111, 193, 247, 38, 231, 0)
True, True, 0.0809, (0, 231, 140, 198, 284, 11, 259, 205, 271, 0)
False, True, 0.0677, (0, 48, 133, 44, 142, 36, 126, 152, 102, 48, 0)
False, True, 0.0261, (0, 291, 231, 140, 238, 198, 140, 231, 291, 0)
False, False, 0.0759, (0, 192, 41, 73, 41, 0)
True, True, 0.0142, (0, 195, 149, 271, 205, 166, 222, 297, 185, 256, 67, 0)
False, True, 0.2845, (0, 89, 51, 84, 130, 57, 64, 51, 89, 0)
False, True, 0.0432, (0, 136, 148, 21, 196, 180, 191, 21, 195, 0)
all_elementary, False
all_cyc2, False
