Instance, X-n303-k21
capacity, 794
min_trucks, 21
output_file, output_uchoa/X-n303-k21-SPPRC.log
Start date, 2022-07-01
Start time, 06-34-55
capacity, 794
num_vehicles, 21
abort_early, False
methods, ['SPPRC']
max_vars, 100
time_limit, 86400
farley, False
ESPPRC_heur, True
initial time, initial max_it, max_stale_it
1, 20000.0, 20
heuristic Number of routes, heuristic Best Solution Value, heuristic number of iterations, adjusted time, adjusted max_it, measured total time
214045, 21805.0, 20000, 1, 20000.0, 24384.2
method, python time, total time, propagated dominance time, unpropagated dominance time, pricing_success, upper_bound, lower_bound, abort_early, num_paths, 
SPPRC, 0.9, 167.6, 160.4, 5.4, 1, 21157.2864, -247596.0527, 0, 66774
SPPRC, 0.2, 171.5, 163.4, 6.1, 1, 21157.2864, -49688.4166, 0, 60694
SPPRC, 0.2, 37.0, 33.7, 1.9, 1, 21157.2864, -22967.1382, 0, 42162
SPPRC, 0.1, 31.2, 28.3, 1.6, 1, 21157.2864, -12441.9539, 0, 38602
SPPRC, 0.1, 27.2, 24.6, 1.6, 1, 21157.2864, -5279.6218, 0, 35705
SPPRC, 0.1, 17.2, 14.7, 1.3, 1, 21157.2864, -3175.7823, 0, 29902
SPPRC, 0.1, 21.6, 19.0, 1.6, 1, 21152.0144, -139351.46, 0, 47834
SPPRC, 0.1, 161.3, 154.1, 5.2, 1, 21101.2191, -118417.4834, 0, 70073
SPPRC, 0.2, 22.9, 20.0, 1.5, 1, 21094.4183, -712.6597, 0, 31739
SPPRC, 0.1, 16.6, 14.4, 1.1, 1, 21094.4183, 2889.9648, 0, 23763
SPPRC, 0.1, 13.5, 11.4, 1.1, 1, 21094.4183, 6999.0972, 0, 22838
SPPRC, 0.1, 11.0, 9.3, 0.8, 1, 21092.2919, 8961.3608, 0, 19264
SPPRC, 0.1, 25.1, 21.5, 2.1, 1, 21089.1112, -3058.1429, 0, 33485
SPPRC, 0.0, 12.0, 9.8, 1.0, 1, 21089.1112, 10146.5282, 0, 20069
SPPRC, 0.0, 28.7, 26.2, 1.2, 1, 21089.1112, 10203.7074, 0, 20632
SPPRC, 0.0, 14.4, 12.2, 1.1, 1, 21089.1112, 11441.1857, 0, 17962
SPPRC, 0.1, 16.6, 14.3, 1.1, 1, 21081.5748, 6636.1549, 0, 20022
SPPRC, 0.0, 15.6, 13.5, 1.0, 1, 21081.0311, 11814.1979, 0, 15641
SPPRC, 0.1, 13.9, 11.8, 1.0, 1, 21078.0868, 11692.0138, 0, 15740
SPPRC, 0.1, 11.5, 9.5, 1.0, 1, 21078.0868, 13104.7841, 0, 11155
SPPRC, 0.1, 12.2, 10.1, 1.0, 1, 21029.3615, 14391.3805, 0, 11615
SPPRC, 0.1, 17.1, 14.7, 1.3, 1, 20991.373, 10805.3002, 0, 16406
SPPRC, 0.2, 11.5, 9.4, 1.0, 1, 20991.373, 14377.5624, 0, 13030
SPPRC, 0.0, 11.5, 9.5, 1.0, 1, 20987.0621, 15057.0257, 0, 11102
SPPRC, 0.1, 12.8, 10.8, 1.0, 1, 20983.1618, 16184.417, 0, 10233
SPPRC, 0.1, 13.4, 11.5, 0.8, 1, 20924.418, 8848.7363, 0, 15176
SPPRC, 0.0, 9.8, 8.3, 0.7, 1, 20924.418, 12286.7829, 0, 13533
SPPRC, 0.1, 11.1, 9.1, 0.9, 1, 20924.4166, 15349.8783, 0, 10377
SPPRC, 0.0, 9.5, 7.8, 0.8, 1, 20896.207, 9514.9048, 0, 9203
SPPRC, 0.1, 9.9, 8.1, 0.8, 1, 20896.207, 16658.4269, 0, 7948
SPPRC, 0.0, 7.9, 6.5, 0.6, 1, 20893.8373, 16750.5397, 0, 7111
SPPRC, 0.1, 16.6, 14.9, 0.9, 1, 20855.7555, 15109.9594, 0, 9178
SPPRC, 0.1, 11.0, 9.4, 0.7, 1, 20852.7124, 13382.1416, 0, 9996
SPPRC, 0.0, 9.9, 8.3, 0.7, 1, 20852.6854, 15590.2611, 0, 8269
SPPRC, 0.1, 8.1, 6.7, 0.7, 1, 20844.6485, 17606.4101, 0, 6387
SPPRC, 0.1, 10.2, 8.8, 0.7, 1, 20830.9169, 14661.7875, 0, 8267
SPPRC, 0.0, 10.1, 8.5, 0.7, 1, 20802.2616, 17690.5846, 0, 6590
SPPRC, 0.0, 10.8, 8.7, 0.9, 1, 20782.2941, 16637.1942, 0, 7492
SPPRC, 0.0, 11.1, 9.2, 0.8, 1, 20782.2941, 17921.2777, 0, 6709
SPPRC, 0.1, 9.5, 7.5, 0.8, 1, 20765.0509, 18069.4231, 0, 6728
SPPRC, 0.1, 14.8, 12.8, 0.9, 1, 20754.873, 18394.4536, 0, 6307
SPPRC, 0.1, 11.3, 9.2, 0.9, 1, 20716.128, 15186.9743, 0, 7559
SPPRC, 0.1, 10.8, 8.9, 0.8, 1, 20709.3867, 17295.6459, 0, 7051
SPPRC, 0.1, 10.7, 8.7, 0.8, 1, 20706.3579, 16994.124, 0, 6806
SPPRC, 0.1, 13.3, 11.3, 1.0, 1, 20694.9567, 16691.0896, 0, 6700
SPPRC, 0.1, 12.3, 10.4, 1.0, 1, 20679.1666, 17202.3313, 0, 6687
SPPRC, 0.1, 13.8, 11.9, 1.1, 1, 20678.5525, 17873.1835, 0, 6522
SPPRC, 0.1, 14.4, 12.4, 1.1, 1, 20645.9845, 16957.6822, 0, 6378
SPPRC, 0.1, 18.0, 15.8, 1.3, 1, 20630.0619, 18118.797, 0, 6540
SPPRC, 0.1, 16.6, 14.3, 1.2, 1, 20612.7058, 16554.7323, 0, 6018
SPPRC, 0.1, 14.3, 11.9, 1.2, 1, 20612.7058, 18204.7856, 0, 5497
SPPRC, 0.1, 11.6, 9.6, 1.0, 1, 20608.8701, 18768.4261, 0, 4606
SPPRC, 0.0, 12.7, 10.7, 1.0, 1, 20547.1663, 18377.0248, 0, 4638
SPPRC, 0.3, 15.7, 13.6, 1.1, 1, 20532.7744, 800.948, 0, 23722
SPPRC, 0.1, 11.1, 9.3, 0.9, 1, 20532.3099, 18535.1376, 0, 4441
SPPRC, 0.1, 15.4, 13.1, 1.2, 1, 20517.9602, 17335.5651, 0, 5205
SPPRC, 0.2, 17.1, 14.5, 1.3, 1, 20506.189, 18416.2301, 0, 4740
SPPRC, 0.1, 13.1, 11.0, 1.1, 1, 20505.8744, 18974.3545, 0, 3921
SPPRC, 0.4, 20.1, 17.7, 1.3, 1, 20475.1365, 14132.258, 0, 7577
SPPRC, 0.1, 13.4, 11.2, 1.1, 1, 20474.5427, 18118.5482, 0, 4835
SPPRC, 0.0, 11.4, 9.2, 1.0, 1, 20464.2275, 18809.368, 0, 3801
SPPRC, 0.0, 10.6, 8.8, 0.9, 1, 20446.6512, 18672.2684, 0, 3457
SPPRC, 0.0, 12.0, 9.9, 1.0, 1, 20428.5535, 18468.8067, 0, 3167
SPPRC, 0.0, 12.4, 10.4, 1.0, 1, 20411.8948, 19023.9238, 0, 2840
SPPRC, 0.1, 11.4, 9.5, 1.0, 1, 20377.7007, 18344.4412, 0, 2775
SPPRC, 0.1, 14.0, 11.8, 1.1, 1, 20373.0268, 19122.1572, 0, 2651
SPPRC, 0.2, 14.8, 12.5, 1.2, 1, 20347.308, 16269.7595, 0, 5147
SPPRC, 0.1, 14.4, 12.0, 1.3, 1, 20346.9485, 18948.0252, 0, 2723
SPPRC, 0.1, 15.4, 13.1, 1.2, 1, 20338.1008, 18712.5497, 0, 2490
SPPRC, 0.0, 14.6, 12.2, 1.2, 1, 20333.0295, 19300.9829, 0, 2535
SPPRC, 0.1, 14.2, 11.8, 1.2, 1, 20312.3406, 19213.5526, 0, 2513
SPPRC, 0.1, 14.9, 12.6, 1.2, 1, 20311.0129, 19300.2519, 0, 2411
SPPRC, 0.0, 14.2, 11.9, 1.2, 1, 20297.8726, 19060.9757, 0, 2086
SPPRC, 0.1, 15.8, 13.3, 1.3, 1, 20292.5615, 18255.334, 0, 3876
SPPRC, 0.1, 16.0, 13.5, 1.3, 1, 20291.5402, 19561.5895, 0, 1843
SPPRC, 0.0, 17.6, 14.9, 1.4, 1, 20274.2335, 19362.3913, 0, 2001
SPPRC, 0.0, 14.3, 11.9, 1.2, 1, 20268.5347, 19529.7162, 0, 1595
SPPRC, 0.0, 15.0, 12.8, 1.2, 1, 20257.1703, 19138.7184, 0, 1500
SPPRC, 0.1, 14.8, 12.4, 1.2, 1, 20246.5086, 19342.8695, 0, 1869
SPPRC, 0.1, 14.4, 12.1, 1.2, 1, 20240.0434, 19598.568, 0, 1369
SPPRC, 0.1, 13.4, 11.3, 1.1, 1, 20227.0634, 19395.5964, 0, 1146
SPPRC, 0.1, 13.6, 11.4, 1.2, 1, 20221.6737, 19609.4993, 0, 1005
SPPRC, 0.0, 14.6, 12.1, 1.3, 1, 20209.2751, 19765.9107, 0, 821
SPPRC, 0.0, 13.0, 10.8, 1.1, 1, 20195.9958, 19601.4375, 0, 868
SPPRC, 0.1, 15.6, 13.0, 1.4, 1, 20186.7208, 19688.0126, 0, 794
SPPRC, 0.1, 17.2, 14.6, 1.4, 1, 20180.9388, 19775.1718, 0, 710
SPPRC, 0.0, 16.8, 14.1, 1.4, 1, 20172.1416, 19639.0987, 0, 870
SPPRC, 0.0, 17.7, 15.2, 1.4, 1, 20169.5873, 19906.1925, 0, 576
SPPRC, 0.0, 18.1, 15.5, 1.4, 1, 20159.0508, 19863.7147, 0, 472
SPPRC, 0.1, 19.0, 16.3, 1.5, 1, 20152.3723, 19734.1211, 0, 425
SPPRC, 0.1, 13.6, 11.2, 1.2, 1, 20146.8494, 19963.3865, 0, 305
SPPRC, 0.0, 13.3, 11.1, 1.1, 1, 20143.3074, 19965.4513, 0, 310
SPPRC, 0.1, 15.2, 12.8, 1.3, 1, 20139.9688, 19964.8479, 0, 244
SPPRC, 0.0, 14.2, 11.8, 1.2, 1, 20138.0439, 20010.8281, 0, 165
SPPRC, 0.1, 14.5, 12.2, 1.2, 1, 20135.0148, 20024.9653, 0, 112
SPPRC, 0.1, 15.3, 12.8, 1.3, 1, 20133.6451, 20041.0054, 0, 83
SPPRC, 0.1, 13.9, 11.6, 1.2, 1, 20132.7972, 20090.7972, 0, 49
SPPRC, 0.0, 15.1, 12.5, 1.3, 1, 20132.3081, 20072.6513, 0, 27
SPPRC, 0.0, 13.6, 11.3, 1.2, 1, 20132.2561, 20110.7467, 0, 10
SPPRC, -0.0, 14.2, 11.9, 1.2, 1, 20132.2474, 20100.1989, 0, 5
SPPRC, 0.0, 14.7, 12.2, 1.3, 1, 20132.246, 20111.178, 0, 2
SPPRC, 0.0, 14.6, 12.0, 1.3, 1, 20132.2357, 20126.8649, 0, 1
SPPRC, 0.0, 14.9, 12.3, 1.3, 1, 20132.2343, 20132.2343, 0, 0
scip_total_time, 26813.657669
Solval, number of paths, impact cutoff
20132.234327567854, 282, 0.0001
Elementary, 2-Cycle, Path Value, Path
False, False, 0.0833, (0, 141, 159, 141, 159, 141, 159, 141, 159, 141, 159, 141, 159, 141, 159, 141, 159, 141, 159, 141, 159, 141, 159, 141, 0)
False, False, 0.0657, (0, 232, 258, 293, 258, 293, 258, 293, 258, 293, 258, 293, 258, 293, 258, 293, 258, 0)
False, False, 0.0303, (0, 53, 192, 53, 192, 53, 192, 53, 192, 53, 192, 53, 192, 53, 192, 53, 192, 53, 192, 53, 192, 53, 192, 53, 192, 53, 192, 53, 192, 53, 192, 53, 192, 53, 192, 53, 192, 53, 192, 53, 192, 53, 192, 53, 192, 53, 192, 53, 192, 53, 192, 53, 192, 53, 192, 53, 192, 53, 192, 53, 192, 53, 192, 53, 192, 53, 0)
False, False, 0.0143, (0, 293, 258, 293, 258, 293, 258, 293, 258, 293, 258, 293, 258, 293, 258, 293, 258, 293, 0)
False, False, 0.0587, (0, 12, 99, 146, 99, 146, 99, 146, 99, 146, 99, 146, 99, 146, 99, 146, 99, 146, 99, 146, 99, 12, 0)
False, False, 0.0562, (0, 139, 71, 129, 71, 129, 71, 129, 71, 129, 71, 129, 71, 139, 0)
False, False, 0.0438, (0, 139, 71, 129, 71, 129, 71, 129, 71, 129, 71, 129, 71, 10, 215, 0)
False, False, 0.1667, (0, 232, 98, 256, 118, 256, 118, 256, 118, 256, 118, 256, 118, 256, 98, 232, 0)
False, False, 0.0612, (0, 184, 270, 143, 249, 23, 249, 23, 249, 23, 249, 23, 249, 23, 249, 23, 249, 23, 249, 23, 249, 143, 270, 0)
False, False, 0.3571, (0, 224, 21, 114, 236, 241, 236, 241, 114, 21, 224, 0)
False, False, 0.0904, (0, 51, 164, 264, 97, 264, 97, 264, 97, 264, 97, 264, 95, 51, 60, 0)
False, False, 0.1124, (0, 184, 270, 143, 295, 219, 178, 24, 178, 24, 178, 24, 178, 24, 178, 24, 178, 24, 178, 24, 219, 295, 143, 270, 184, 0)
False, False, 0.2034, (0, 298, 19, 185, 128, 44, 128, 44, 128, 44, 128, 44, 185, 19, 298, 0)
False, False, 0.1728, (0, 54, 156, 22, 84, 267, 84, 267, 84, 267, 84, 267, 84, 22, 156, 54, 0)
False, False, 0.1322, (0, 76, 61, 193, 5, 193, 5, 193, 61, 27, 110, 238, 63, 0)
False, False, 0.1787, (0, 98, 61, 30, 133, 30, 133, 30, 133, 30, 133, 30, 0)
False, False, 0.1292, (0, 157, 211, 228, 154, 271, 154, 271, 154, 271, 154, 271, 154, 228, 50, 211, 157, 0)
False, False, 0.1139, (0, 205, 226, 300, 259, 174, 160, 174, 160, 259, 198, 300, 226, 0)
False, False, 0.0235, (0, 60, 108, 123, 108, 123, 108, 123, 108, 36, 60, 192, 0)
False, False, 0.063, (0, 51, 198, 36, 108, 123, 108, 123, 108, 36, 198, 51, 60, 0)
False, False, 0.0358, (0, 56, 25, 149, 169, 149, 169, 149, 169, 149, 25, 56, 0)
False, False, 0.0297, (0, 51, 164, 235, 95, 235, 95, 235, 95, 235, 95, 235, 164, 51, 0)
False, False, 0.1326, (0, 301, 33, 209, 4, 165, 112, 165, 112, 165, 112, 278, 122, 273, 0)
False, False, 0.1571, (0, 176, 125, 231, 242, 34, 296, 274, 196, 274, 196, 296, 34, 242, 231, 125, 176, 0)
False, False, 0.1429, (0, 204, 208, 147, 107, 147, 107, 147, 107, 147, 204, 0)
False, False, 0.1487, (0, 215, 105, 199, 189, 199, 189, 199, 189, 199, 189, 199, 105, 215, 0)
False, False, 0.0544, (0, 158, 119, 109, 70, 102, 161, 111, 49, 111, 49, 111, 161, 102, 70, 109, 119, 219, 0)
False, False, 0.1429, (0, 204, 107, 147, 107, 147, 107, 147, 107, 204, 0)
False, False, 0.1031, (0, 12, 125, 231, 242, 34, 296, 274, 296, 274, 196, 296, 34, 242, 231, 125, 12, 0)
False, False, 0.0366, (0, 50, 271, 261, 152, 261, 152, 261, 152, 261, 152, 261, 298, 0)
False, False, 0.0372, (0, 54, 156, 65, 22, 267, 22, 267, 22, 267, 22, 267, 22, 267, 22, 267, 22, 156, 54, 0)
False, False, 0.0311, (0, 104, 221, 250, 190, 140, 275, 82, 275, 82, 275, 82, 275, 140, 190, 227, 221, 104, 0)
False, False, 0.0575, (0, 122, 278, 124, 266, 171, 150, 252, 150, 268, 252, 150, 252, 126, 92, 42, 4, 209, 33, 0)
False, False, 0.1242, (0, 36, 163, 8, 202, 8, 202, 8, 202, 8, 163, 36, 0)
False, False, 0.0865, (0, 148, 74, 35, 15, 59, 137, 42, 137, 42, 137, 59, 15, 35, 74, 0)
False, False, 0.0151, (0, 54, 156, 65, 22, 84, 22, 84, 22, 84, 22, 84, 22, 84, 22, 84, 22, 84, 22, 84, 22, 84, 22, 156, 54, 0)
False, False, 0.0933, (0, 104, 250, 140, 89, 218, 89, 218, 89, 218, 89, 218, 89, 82, 250, 0)
False, False, 0.1475, (0, 12, 125, 231, 242, 34, 296, 196, 274, 196, 274, 196, 296, 34, 242, 231, 125, 12, 0)
False, False, 0.0318, (0, 79, 282, 64, 282, 64, 282, 64, 282, 79, 17, 297, 170, 0)
False, False, 0.0714, (0, 278, 124, 266, 186, 253, 186, 253, 186, 253, 186, 253, 186, 253, 186, 253, 186, 253, 186, 171, 266, 124, 122, 0)
False, False, 0.3862, (0, 301, 210, 273, 164, 235, 95, 235, 95, 164, 273, 210, 301, 286, 0)
False, False, 0.0137, (0, 16, 294, 72, 177, 72, 177, 72, 88, 179, 288, 203, 158, 0)
False, False, 0.1429, (0, 224, 131, 67, 246, 200, 246, 200, 246, 200, 246, 200, 246, 200, 246, 200, 246, 67, 131, 224, 0)
False, False, 0.1328, (0, 222, 170, 214, 41, 260, 297, 292, 17, 292, 297, 260, 41, 214, 222, 0)
False, False, 0.0711, (0, 21, 241, 93, 75, 93, 47, 197, 47, 197, 47, 93, 241, 21, 0)
False, False, 0.0064, (0, 208, 57, 173, 220, 19, 220, 19, 220, 173, 204, 0)
False, False, 0.0203, (0, 217, 31, 240, 239, 240, 239, 240, 239, 240, 31, 240, 31, 217, 0)
False, False, 0.0039, (0, 131, 67, 75, 197, 75, 197, 75, 93, 75, 93, 241, 21, 0)
False, False, 0.1157, (0, 10, 285, 20, 121, 180, 96, 26, 96, 26, 96, 281, 142, 290, 132, 245, 0)
False, False, 0.1169, (0, 131, 67, 75, 197, 47, 197, 47, 197, 47, 197, 47, 75, 93, 75, 67, 131, 0)
False, False, 0.0384, (0, 105, 245, 189, 135, 201, 135, 201, 135, 189, 245, 105, 215, 0)
False, False, 0.1403, (0, 110, 188, 162, 46, 233, 103, 230, 103, 230, 299, 289, 299, 289, 299, 289, 299, 289, 299, 289, 299, 289, 34, 242, 231, 125, 12, 0)
False, False, 0.1057, (0, 215, 105, 245, 201, 135, 201, 135, 201, 135, 245, 130, 105, 215, 0)
False, False, 0.014, (0, 188, 162, 46, 233, 103, 230, 7, 58, 7, 58, 7, 58, 7, 58, 7, 58, 7, 233, 46, 162, 188, 110, 0)
False, False, 0.1429, (0, 226, 166, 68, 291, 68, 291, 68, 291, 68, 291, 68, 291, 68, 291, 68, 291, 205, 0)
False, False, 0.0514, (0, 232, 293, 258, 293, 258, 293, 258, 293, 258, 293, 258, 293, 258, 293, 258, 293, 232, 0)
False, False, 0.1727, (0, 203, 116, 70, 127, 102, 127, 70, 127, 70, 127, 70, 116, 203, 24, 0)
False, False, 0.0368, (0, 32, 271, 151, 86, 91, 40, 86, 40, 86, 151, 271, 32, 0)
False, False, 0.0286, (0, 139, 175, 39, 175, 39, 251, 39, 175, 39, 175, 39, 175, 39, 175, 139, 0)
False, False, 0.2513, (0, 183, 168, 79, 282, 81, 213, 269, 213, 269, 136, 3, 247, 0)
False, False, 0.0072, (0, 188, 162, 46, 233, 103, 274, 196, 274, 196, 274, 196, 274, 196, 274, 296, 34, 242, 231, 125, 12, 0)
False, False, 0.0372, (0, 188, 162, 46, 233, 103, 230, 289, 296, 274, 196, 274, 196, 274, 196, 274, 296, 34, 242, 231, 125, 12, 0)
False, False, 0.01, (0, 60, 198, 259, 174, 160, 174, 160, 174, 160, 259, 198, 29, 226, 205, 0)
False, False, 0.1207, (0, 157, 101, 94, 66, 257, 227, 257, 227, 257, 227, 257, 66, 94, 101, 104, 157, 0)
False, False, 0.1358, (0, 184, 270, 143, 249, 248, 76, 248, 76, 248, 76, 248, 249, 143, 270, 184, 0)
False, False, 0.0107, (0, 215, 130, 65, 132, 290, 135, 201, 135, 201, 135, 201, 135, 290, 132, 65, 130, 215, 0)
False, False, 0.119, (0, 298, 183, 168, 28, 78, 265, 181, 265, 78, 37, 28, 168, 0)
False, False, 0.1623, (0, 60, 259, 187, 262, 255, 194, 207, 194, 207, 254, 239, 240, 31, 217, 0)
False, False, 0.1602, (0, 183, 168, 28, 37, 78, 37, 78, 37, 28, 183, 185, 0)
False, False, 0.0112, (0, 298, 185, 183, 168, 28, 78, 37, 78, 37, 28, 168, 183, 298, 0)
False, False, 0.0404, (0, 110, 188, 162, 46, 233, 172, 83, 172, 9, 172, 9, 172, 9, 172, 9, 172, 9, 172, 9, 172, 233, 46, 162, 188, 110, 0)
False, False, 0.0345, (0, 76, 61, 5, 193, 5, 193, 5, 193, 5, 61, 248, 0)
False, False, 0.0203, (0, 217, 239, 254, 145, 138, 145, 138, 145, 138, 145, 138, 145, 138, 254, 239, 240, 31, 217, 0)
False, False, 0.0791, (0, 16, 288, 294, 179, 88, 72, 177, 72, 88, 179, 294, 206, 16, 0)
False, False, 0.0555, (0, 157, 237, 101, 94, 221, 66, 221, 66, 221, 94, 101, 237, 104, 211, 0)
False, False, 0.0734, (0, 250, 275, 82, 218, 89, 218, 89, 218, 89, 218, 140, 190, 221, 0)
False, False, 0.059, (0, 98, 56, 25, 62, 113, 62, 113, 62, 25, 62, 25, 56, 0)
False, False, 0.0416, (0, 158, 119, 109, 102, 161, 111, 49, 111, 49, 111, 49, 111, 161, 102, 109, 119, 158, 0)
False, False, 0.0531, (0, 110, 27, 153, 56, 133, 30, 133, 30, 133, 56, 153, 238, 63, 0)
False, False, 0.0316, (0, 56, 25, 113, 62, 113, 62, 113, 62, 113, 62, 25, 56, 110, 0)
False, False, 0.1368, (0, 32, 247, 3, 136, 64, 81, 64, 81, 64, 81, 64, 136, 3, 247, 0)
False, False, 0.0059, (0, 122, 124, 266, 171, 253, 186, 253, 186, 253, 186, 253, 186, 253, 186, 253, 186, 253, 171, 234, 124, 122, 0)
False, False, 0.0422, (0, 210, 122, 97, 264, 97, 264, 97, 264, 97, 122, 210, 0)
False, False, 0.0232, (0, 219, 109, 127, 102, 161, 111, 49, 111, 49, 111, 161, 102, 127, 109, 119, 158, 0)
False, False, 0.059, (0, 139, 175, 39, 251, 39, 251, 39, 251, 39, 251, 39, 251, 180, 121, 20, 10, 0)
False, False, 0.0506, (0, 12, 99, 176, 223, 117, 223, 117, 223, 117, 223, 117, 223, 117, 176, 0)
False, False, 0.0303, (0, 232, 184, 143, 295, 219, 295, 219, 295, 219, 295, 219, 295, 143, 295, 143, 295, 143, 295, 143, 184, 232, 0)
False, False, 0.0625, (0, 158, 119, 109, 127, 102, 161, 111, 49, 111, 49, 111, 161, 102, 127, 70, 109, 119, 158, 0)
False, False, 0.024, (0, 60, 51, 163, 8, 202, 8, 202, 8, 202, 8, 202, 163, 51, 0)
False, False, 0.0906, (0, 54, 156, 65, 132, 290, 201, 135, 201, 135, 201, 135, 201, 245, 105, 0)
False, False, 0.0203, (0, 217, 31, 240, 239, 254, 145, 138, 145, 138, 145, 138, 145, 138, 254, 239, 31, 217, 0)
False, False, 0.2321, (0, 148, 100, 59, 137, 42, 92, 126, 18, 126, 92, 42, 4, 209, 33, 302, 0)
False, False, 0.0337, (0, 215, 130, 65, 132, 290, 281, 26, 96, 26, 96, 26, 180, 121, 20, 285, 10, 0)
False, False, 0.1429, (0, 139, 175, 251, 39, 251, 39, 251, 175, 14, 229, 14, 229, 14, 229, 14, 229, 14, 229, 14, 175, 139, 0)
False, False, 0.1444, (0, 130, 65, 191, 182, 191, 2, 191, 2, 182, 2, 182, 2, 182, 2, 191, 65, 130, 0)
False, False, 0.0457, (0, 187, 262, 255, 195, 90, 280, 90, 280, 90, 195, 255, 262, 187, 29, 0)
False, False, 0.0267, (0, 157, 211, 104, 237, 55, 216, 106, 216, 106, 216, 55, 237, 104, 211, 0)
False, False, 0.0208, (0, 158, 119, 109, 102, 161, 212, 149, 212, 149, 212, 149, 212, 161, 102, 109, 119, 158, 0)
False, False, 0.0729, (0, 279, 203, 116, 288, 16, 206, 43, 206, 43, 206, 43, 279, 0)
False, False, 0.0807, (0, 60, 51, 36, 108, 123, 163, 123, 163, 123, 108, 36, 198, 60, 0)
False, False, 0.3032, (0, 120, 225, 212, 169, 244, 134, 167, 77, 167, 77, 134, 244, 169, 212, 120, 23, 0)
False, False, 0.0238, (0, 158, 119, 102, 161, 49, 179, 88, 72, 177, 72, 88, 179, 288, 116, 158, 0)
False, False, 0.1494, (0, 146, 176, 117, 223, 117, 223, 117, 223, 117, 223, 117, 223, 176, 146, 99, 0)
False, False, 0.0173, (0, 302, 74, 35, 15, 59, 137, 59, 137, 59, 15, 35, 100, 148, 286, 0)
False, False, 0.1343, (0, 302, 33, 209, 4, 42, 92, 18, 126, 18, 126, 18, 126, 18, 92, 137, 85, 35, 74, 0)
False, False, 0.0051, (0, 188, 162, 46, 233, 103, 230, 299, 289, 299, 289, 299, 289, 299, 289, 299, 230, 103, 230, 103, 230, 103, 230, 103, 230, 103, 230, 103, 233, 46, 162, 188, 200, 67, 131, 0)
False, False, 0.046, (0, 98, 63, 238, 110, 27, 61, 193, 5, 193, 5, 61, 27, 110, 238, 63, 0)
False, False, 0.0347, (0, 94, 66, 257, 227, 190, 140, 275, 140, 190, 227, 257, 66, 94, 104, 0)
False, False, 0.0571, (0, 139, 175, 229, 144, 45, 144, 45, 144, 45, 144, 45, 144, 45, 144, 45, 144, 229, 14, 229, 14, 229, 175, 139, 0)
False, False, 0.0079, (0, 110, 188, 162, 46, 233, 103, 230, 299, 289, 299, 289, 299, 289, 299, 289, 299, 289, 299, 289, 299, 289, 299, 230, 103, 230, 103, 233, 46, 162, 188, 110, 0)
False, False, 0.3237, (0, 228, 154, 151, 86, 91, 40, 91, 40, 86, 151, 50, 0)
False, False, 0.0414, (0, 130, 65, 132, 290, 191, 2, 182, 2, 182, 2, 182, 2, 182, 2, 191, 290, 132, 245, 0)
False, False, 0.0212, (0, 122, 278, 124, 266, 171, 150, 252, 150, 252, 150, 252, 150, 252, 150, 252, 150, 171, 266, 124, 278, 0)
False, False, 0.0104, (0, 260, 17, 79, 282, 64, 81, 64, 81, 64, 282, 79, 17, 260, 0)
False, False, 0.0692, (0, 187, 262, 280, 195, 90, 195, 90, 195, 90, 195, 90, 280, 262, 187, 0)
False, False, 0.1111, (0, 157, 211, 237, 55, 216, 106, 55, 106, 55, 237, 228, 211, 0)
False, False, 0.2135, (0, 158, 203, 116, 288, 294, 206, 43, 206, 294, 288, 116, 203, 178, 0)
False, False, 0.3333, (0, 279, 170, 214, 41, 287, 1, 80, 48, 80, 48, 80, 48, 1, 287, 43, 279, 0)
False, False, 0.0765, (0, 51, 164, 235, 264, 97, 264, 97, 264, 97, 122, 273, 210, 301, 0)
False, False, 0.0286, (0, 205, 226, 29, 300, 166, 52, 166, 52, 166, 52, 166, 52, 166, 52, 166, 300, 205, 0)
False, False, 0.1, (0, 139, 129, 71, 129, 71, 129, 71, 129, 71, 129, 139, 10, 215, 0)
False, False, 0.0542, (0, 286, 302, 74, 100, 101, 94, 101, 94, 101, 100, 74, 302, 286, 0)
False, False, 0.0488, (0, 101, 221, 250, 190, 140, 275, 140, 190, 227, 66, 100, 148, 0)
False, False, 0.0068, (0, 33, 278, 124, 266, 171, 253, 186, 253, 186, 253, 186, 253, 186, 253, 186, 253, 186, 253, 171, 266, 124, 278, 192, 0)
False, False, 0.0198, (0, 250, 190, 159, 218, 89, 218, 89, 218, 89, 218, 82, 250, 0)
False, False, 0.0718, (0, 105, 130, 245, 189, 199, 189, 199, 189, 199, 189, 245, 130, 105, 215, 0)
False, False, 0.1234, (0, 63, 238, 153, 69, 115, 69, 115, 188, 115, 69, 115, 69, 115, 69, 153, 238, 63, 0)
False, False, 0.0203, (0, 217, 31, 254, 138, 145, 138, 145, 138, 145, 138, 145, 138, 254, 239, 240, 31, 217, 0)
False, False, 0.0349, (0, 219, 119, 203, 116, 288, 294, 206, 43, 206, 16, 288, 116, 203, 24, 0)
False, False, 0.1074, (0, 222, 260, 183, 168, 28, 37, 78, 37, 28, 168, 183, 185, 298, 0)
False, False, 0.0093, (0, 278, 124, 266, 171, 253, 186, 253, 186, 253, 186, 253, 186, 253, 186, 253, 186, 253, 171, 266, 124, 278, 33, 0)
False, False, 0.0282, (0, 98, 63, 238, 153, 115, 69, 115, 188, 115, 188, 115, 69, 115, 69, 115, 69, 153, 238, 63, 0)
False, False, 0.135, (0, 10, 20, 285, 20, 121, 180, 96, 26, 96, 26, 281, 142, 290, 132, 65, 156, 54, 0)
False, False, 0.0981, (0, 16, 294, 179, 88, 177, 263, 11, 263, 11, 263, 11, 263, 11, 263, 11, 263, 11, 263, 177, 88, 179, 288, 16, 0)
False, False, 0.1037, (0, 211, 148, 100, 35, 85, 15, 85, 15, 85, 15, 59, 15, 85, 35, 100, 148, 286, 0)
False, False, 0.0576, (0, 79, 11, 73, 38, 73, 38, 87, 13, 87, 13, 213, 269, 136, 3, 0)
False, False, 0.0602, (0, 232, 184, 272, 6, 272, 6, 284, 57, 284, 57, 284, 57, 276, 208, 0)
False, False, 0.0833, (0, 118, 63, 238, 110, 27, 243, 153, 243, 153, 243, 153, 243, 27, 243, 27, 243, 27, 110, 238, 63, 118, 0)
False, False, 0.072, (0, 32, 261, 247, 181, 265, 181, 265, 181, 265, 78, 28, 168, 183, 0)
False, False, 0.0006, (0, 105, 245, 135, 201, 135, 201, 135, 201, 135, 290, 132, 245, 130, 105, 0)
False, False, 0.029, (0, 105, 130, 245, 201, 135, 201, 135, 201, 135, 290, 132, 65, 130, 105, 215, 0)
False, False, 0.0772, (0, 105, 245, 132, 290, 142, 281, 142, 281, 142, 281, 142, 281, 142, 281, 142, 281, 142, 290, 132, 65, 156, 54, 0)
False, False, 0.0667, (0, 279, 170, 214, 41, 287, 1, 287, 1, 287, 1, 287, 1, 287, 41, 170, 279, 0)
False, False, 0.0503, (0, 63, 238, 153, 69, 115, 69, 115, 69, 115, 69, 115, 69, 153, 243, 27, 110, 63, 0)
False, False, 0.0901, (0, 17, 263, 11, 73, 38, 87, 38, 73, 38, 87, 13, 87, 13, 213, 81, 282, 79, 0)
False, False, 0.0111, (0, 109, 161, 49, 179, 88, 72, 177, 72, 88, 179, 288, 116, 203, 0)
False, False, 0.0487, (0, 163, 262, 255, 195, 280, 90, 280, 90, 195, 90, 280, 262, 163, 0)
False, False, 0.0842, (0, 163, 280, 90, 280, 195, 255, 194, 207, 254, 239, 240, 31, 217, 0)
False, False, 0.0495, (0, 139, 175, 251, 175, 251, 39, 251, 39, 251, 39, 251, 39, 175, 39, 175, 139, 0)
False, False, 0.0409, (0, 215, 130, 245, 132, 290, 135, 201, 135, 201, 135, 201, 135, 189, 199, 0)
False, False, 0.0072, (0, 170, 17, 263, 11, 73, 38, 73, 38, 73, 38, 73, 38, 73, 11, 263, 177, 16, 0)
False, False, 0.165, (0, 101, 221, 250, 190, 140, 275, 82, 275, 82, 140, 190, 250, 221, 104, 0)
False, False, 0.1256, (0, 119, 109, 120, 283, 225, 283, 225, 283, 225, 283, 225, 283, 133, 61, 0)
False, False, 0.0007, (0, 131, 67, 200, 188, 162, 46, 162, 46, 162, 46, 162, 46, 162, 46, 162, 46, 162, 46, 162, 46, 162, 46, 162, 46, 162, 46, 162, 188, 200, 67, 131, 0)
False, False, 0.0633, (0, 63, 238, 110, 27, 243, 153, 243, 153, 243, 27, 243, 27, 243, 27, 243, 27, 110, 238, 63, 98, 0)
False, False, 0.13, (0, 205, 300, 198, 259, 174, 160, 174, 160, 259, 198, 226, 205, 0)
False, False, 0.1616, (0, 158, 119, 161, 49, 179, 88, 72, 177, 72, 177, 72, 294, 16, 0)
False, False, 0.0167, (0, 187, 262, 280, 195, 280, 195, 280, 195, 280, 195, 90, 280, 262, 163, 51, 0)
False, False, 0.0485, (0, 158, 203, 16, 206, 43, 206, 43, 206, 43, 206, 43, 279, 0)
False, False, 0.1074, (0, 185, 37, 78, 265, 181, 265, 181, 265, 181, 247, 152, 32, 0)
False, False, 0.0105, (0, 50, 151, 86, 3, 136, 269, 136, 64, 282, 79, 260, 0)
False, False, 0.0394, (0, 130, 245, 132, 290, 191, 182, 191, 182, 191, 182, 191, 2, 191, 65, 130, 0)
False, False, 0.0406, (0, 259, 187, 255, 194, 207, 254, 145, 138, 145, 138, 145, 254, 239, 240, 31, 217, 0)
False, False, 0.035, (0, 232, 270, 143, 295, 219, 295, 219, 295, 219, 295, 219, 295, 219, 295, 143, 295, 219, 295, 143, 270, 184, 232, 0)
False, False, 0.0957, (0, 217, 31, 240, 239, 254, 145, 138, 145, 138, 145, 138, 145, 207, 194, 255, 187, 160, 29, 0)
False, False, 0.0845, (0, 119, 102, 161, 49, 179, 88, 72, 177, 72, 88, 179, 294, 16, 0)
False, False, 0.1274, (0, 51, 198, 36, 123, 108, 123, 108, 123, 108, 36, 51, 0)
False, False, 0.0998, (0, 148, 74, 35, 85, 59, 137, 42, 137, 59, 15, 85, 35, 74, 302, 0)
False, False, 0.2149, (0, 122, 278, 124, 266, 234, 171, 150, 268, 252, 268, 252, 268, 150, 268, 252, 150, 171, 234, 124, 278, 122, 0)
False, False, 0.0241, (0, 56, 25, 149, 212, 149, 212, 149, 169, 149, 25, 56, 98, 0)
False, False, 0.0764, (0, 10, 285, 121, 180, 26, 96, 26, 96, 26, 281, 142, 290, 132, 65, 130, 215, 0)
False, False, 0.084, (0, 270, 143, 249, 23, 249, 248, 76, 248, 76, 248, 76, 248, 76, 248, 98, 0)
False, False, 0.0732, (0, 270, 283, 149, 244, 134, 167, 77, 167, 134, 244, 149, 25, 56, 0)
False, False, 0.1332, (0, 204, 208, 276, 57, 284, 6, 284, 6, 272, 6, 272, 184, 232, 0)
False, False, 0.1653, (0, 98, 56, 25, 113, 62, 113, 62, 113, 62, 113, 25, 56, 61, 0)
False, False, 0.1299, (0, 60, 163, 202, 8, 202, 8, 202, 8, 202, 163, 36, 51, 60, 0)
False, False, 0.1165, (0, 204, 298, 173, 220, 173, 220, 19, 220, 173, 57, 276, 0)
False, False, 0.0, (0, 157, 211, 104, 237, 154, 271, 154, 271, 154, 271, 154, 271, 154, 228, 50, 0)
False, False, 0.1111, (0, 157, 211, 237, 55, 106, 216, 106, 216, 106, 55, 237, 228, 0)
False, False, 0.0328, (0, 151, 86, 136, 269, 213, 269, 213, 81, 282, 79, 260, 0)
False, True, 0.1131, (0, 99, 176, 114, 236, 93, 75, 197, 47, 75, 93, 241, 21, 0)
False, False, 0.0186, (0, 33, 278, 124, 266, 234, 266, 234, 171, 234, 171, 234, 266, 234, 266, 234, 171, 234, 171, 234, 171, 234, 171, 234, 171, 234, 266, 124, 278, 33, 301, 0)
False, False, 0.0379, (0, 10, 285, 20, 121, 180, 121, 180, 121, 180, 96, 26, 96, 180, 121, 20, 285, 10, 0)
False, False, 0.0503, (0, 270, 23, 283, 149, 244, 134, 167, 77, 167, 77, 134, 244, 149, 283, 120, 295, 0)
False, False, 0.0458, (0, 32, 3, 136, 269, 13, 87, 13, 87, 13, 87, 13, 87, 13, 73, 263, 177, 16, 0)
False, False, 0.0486, (0, 60, 198, 174, 160, 174, 160, 174, 160, 174, 259, 300, 226, 0)
False, False, 0.2007, (0, 302, 33, 209, 4, 165, 112, 165, 112, 165, 112, 4, 209, 74, 286, 0)
False, False, 0.0891, (0, 245, 132, 290, 142, 281, 285, 20, 285, 20, 285, 20, 285, 20, 285, 20, 285, 10, 0)
True, True, 0.339, (0, 217, 31, 240, 239, 254, 207, 194, 255, 195, 90, 280, 262, 187, 29, 0)
False, False, 0.0188, (0, 74, 35, 85, 137, 92, 18, 126, 18, 92, 18, 92, 18, 92, 137, 59, 15, 35, 74, 0)
False, False, 0.0678, (0, 131, 67, 200, 188, 162, 46, 233, 172, 83, 9, 83, 9, 83, 172, 83, 9, 83, 9, 83, 9, 83, 9, 172, 233, 46, 162, 188, 200, 67, 131, 0)
False, False, 0.0237, (0, 33, 278, 124, 266, 234, 266, 234, 266, 234, 266, 234, 266, 234, 266, 234, 266, 234, 266, 234, 266, 234, 171, 234, 266, 124, 278, 33, 302, 0)
False, False, 0.0635, (0, 250, 82, 218, 89, 218, 89, 218, 89, 218, 89, 159, 190, 221, 104, 0)
False, False, 0.0482, (0, 302, 33, 278, 124, 97, 264, 97, 264, 97, 264, 97, 122, 210, 0)
False, False, 0.0261, (0, 32, 3, 136, 269, 213, 13, 73, 13, 73, 13, 213, 81, 282, 79, 0)
False, False, 0.0041, (0, 298, 28, 78, 265, 181, 265, 181, 3, 86, 151, 154, 50, 0)
False, False, 0.0316, (0, 215, 130, 65, 191, 182, 191, 182, 191, 182, 2, 182, 191, 65, 130, 0)
False, False, 0.0178, (0, 101, 94, 66, 257, 227, 190, 140, 190, 227, 66, 94, 101, 0)
False, False, 0.025, (0, 158, 219, 119, 109, 120, 283, 225, 283, 225, 283, 225, 283, 225, 283, 120, 109, 119, 219, 158, 0)
False, False, 0.0394, (0, 208, 276, 57, 173, 298, 173, 220, 173, 220, 173, 298, 204, 0)
False, False, 0.1714, (0, 205, 300, 52, 166, 52, 166, 52, 166, 52, 166, 52, 300, 29, 226, 205, 0)
False, False, 0.0888, (0, 284, 173, 220, 19, 220, 19, 220, 173, 57, 276, 208, 0)
False, False, 0.0014, (0, 210, 273, 122, 235, 95, 235, 95, 164, 273, 210, 0)
False, False, 0.0473, (0, 56, 25, 62, 113, 62, 113, 25, 62, 25, 56, 153, 238, 0)
False, False, 0.0206, (0, 32, 185, 168, 28, 78, 37, 78, 37, 28, 168, 260, 0)
False, False, 0.01, (0, 63, 238, 27, 243, 153, 243, 153, 243, 153, 243, 153, 243, 153, 243, 153, 243, 27, 110, 238, 63, 98, 0)
False, False, 0.0881, (0, 50, 271, 151, 91, 40, 91, 40, 91, 86, 151, 32, 0)
False, False, 0.0559, (0, 60, 108, 123, 163, 123, 108, 123, 108, 36, 198, 60, 0)
False, False, 0.0435, (0, 130, 65, 132, 290, 281, 26, 96, 26, 96, 26, 281, 142, 290, 132, 245, 105, 0)
False, False, 0.0633, (0, 131, 67, 93, 75, 93, 75, 197, 47, 197, 47, 197, 75, 93, 67, 131, 0)
False, False, 0.116, (0, 29, 187, 262, 255, 194, 207, 138, 145, 138, 145, 138, 254, 239, 240, 31, 217, 0)
False, False, 0.0713, (0, 208, 276, 57, 284, 272, 6, 272, 6, 272, 6, 57, 276, 208, 0)
False, False, 0.1378, (0, 158, 119, 109, 102, 161, 111, 49, 111, 49, 111, 161, 102, 127, 70, 109, 219, 0)
False, False, 0.041, (0, 170, 214, 1, 177, 263, 11, 73, 38, 73, 38, 73, 38, 73, 88, 179, 288, 16, 0)
False, False, 0.0211, (0, 302, 33, 209, 4, 42, 92, 18, 92, 18, 126, 18, 92, 18, 92, 18, 126, 18, 92, 42, 4, 209, 33, 0)
False, False, 0.0863, (0, 79, 11, 73, 38, 73, 38, 73, 38, 87, 13, 213, 81, 282, 79, 0)
False, False, 0.1955, (0, 50, 228, 237, 55, 216, 106, 216, 106, 216, 55, 237, 211, 157, 0)
False, False, 0.0099, (0, 110, 188, 162, 46, 233, 103, 230, 103, 230, 103, 230, 103, 230, 103, 230, 299, 289, 299, 230, 103, 230, 103, 230, 103, 230, 103, 230, 103, 230, 103, 230, 103, 230, 103, 233, 46, 162, 188, 0)
False, False, 0.0495, (0, 122, 124, 266, 171, 253, 186, 253, 186, 253, 186, 253, 186, 253, 186, 253, 186, 253, 171, 234, 171, 266, 124, 278, 0)
False, False, 0.0556, (0, 286, 148, 100, 35, 85, 15, 59, 15, 59, 15, 85, 15, 85, 35, 100, 148, 286, 0)
False, False, 0.0901, (0, 76, 61, 5, 193, 5, 193, 5, 193, 5, 193, 5, 0)
False, False, 0.0161, (0, 16, 294, 177, 263, 11, 73, 38, 87, 38, 87, 38, 87, 38, 88, 179, 288, 16, 0)
False, False, 0.1571, (0, 10, 121, 180, 121, 180, 277, 155, 277, 155, 277, 155, 277, 155, 144, 45, 144, 45, 22, 156, 54, 0)
False, False, 0.0944, (0, 56, 25, 149, 212, 149, 169, 149, 169, 149, 212, 225, 120, 109, 0)
False, False, 0.1332, (0, 204, 208, 276, 57, 284, 272, 284, 6, 272, 6, 272, 184, 232, 0)
False, False, 0.1095, (0, 104, 101, 94, 66, 257, 227, 257, 227, 257, 227, 66, 94, 100, 148, 0)
False, False, 0.0731, (0, 12, 99, 146, 176, 114, 236, 93, 75, 93, 75, 93, 236, 114, 176, 146, 12, 0)
False, False, 0.0733, (0, 226, 29, 300, 259, 174, 160, 174, 160, 259, 198, 300, 29, 226, 205, 0)
False, False, 0.0157, (0, 210, 273, 122, 97, 264, 97, 264, 97, 264, 95, 51, 60, 0)
False, True, 0.0514, (0, 104, 101, 221, 250, 40, 91, 86, 40, 250, 221, 101, 104, 0)
False, False, 0.1268, (0, 208, 276, 284, 173, 220, 19, 222, 19, 220, 173, 57, 276, 208, 0)
False, False, 0.0009, (0, 33, 278, 124, 266, 234, 171, 150, 268, 252, 268, 252, 268, 150, 268, 150, 268, 150, 268, 150, 171, 266, 124, 278, 33, 0)
False, False, 0.1137, (0, 32, 185, 128, 44, 261, 152, 261, 152, 261, 152, 261, 271, 50, 0)
False, False, 0.0384, (0, 295, 109, 102, 161, 49, 179, 88, 72, 177, 72, 88, 179, 288, 116, 0)
False, False, 0.0857, (0, 54, 156, 22, 267, 45, 144, 45, 144, 45, 144, 45, 155, 277, 155, 277, 155, 277, 180, 121, 10, 0)
False, False, 0.0533, (0, 32, 3, 136, 269, 13, 87, 13, 87, 13, 73, 11, 263, 177, 88, 179, 288, 16, 0)
False, False, 0.0726, (0, 128, 28, 78, 265, 181, 265, 181, 247, 152, 271, 50, 0)
False, False, 0.0079, (0, 250, 190, 140, 82, 275, 82, 140, 82, 140, 190, 227, 257, 66, 0)
False, False, 0.0146, (0, 148, 100, 35, 85, 137, 42, 92, 18, 126, 18, 92, 42, 137, 85, 35, 74, 0)
False, False, 0.0778, (0, 104, 250, 190, 140, 275, 82, 275, 82, 275, 82, 275, 140, 190, 227, 257, 66, 94, 0)
False, False, 0.0732, (0, 270, 23, 283, 149, 244, 134, 77, 167, 77, 167, 77, 134, 244, 169, 212, 120, 0)
False, False, 0.0138, (0, 298, 28, 37, 78, 265, 181, 265, 181, 3, 86, 151, 0)
False, False, 0.0271, (0, 32, 247, 3, 136, 269, 213, 13, 87, 13, 87, 13, 73, 11, 263, 177, 170, 0)
False, False, 0.2333, (0, 222, 260, 297, 292, 17, 292, 17, 292, 297, 260, 41, 222, 0)
False, False, 0.0206, (0, 232, 270, 143, 295, 219, 295, 219, 295, 219, 295, 219, 295, 219, 295, 219, 295, 219, 295, 143, 184, 232, 0)
False, False, 0.061, (0, 298, 247, 3, 136, 269, 213, 269, 136, 3, 181, 247, 0)
False, False, 0.0164, (0, 276, 57, 173, 298, 173, 220, 19, 222, 19, 220, 173, 57, 276, 0)
False, False, 0.0318, (0, 170, 214, 17, 79, 282, 64, 136, 269, 213, 269, 136, 3, 247, 32, 0)
False, False, 0.0802, (0, 170, 214, 297, 17, 79, 282, 64, 282, 64, 282, 79, 17, 297, 214, 170, 0)
False, False, 0.0411, (0, 170, 214, 297, 17, 79, 282, 64, 81, 64, 81, 64, 282, 79, 260, 0)
False, False, 0.0111, (0, 163, 262, 255, 195, 280, 195, 280, 195, 280, 195, 255, 262, 163, 0)
False, False, 0.0058, (0, 279, 203, 116, 288, 294, 206, 43, 206, 16, 288, 116, 203, 24, 0)
False, False, 0.1758, (0, 131, 67, 162, 46, 233, 103, 230, 58, 7, 58, 7, 58, 7, 58, 7, 58, 7, 230, 103, 233, 46, 162, 188, 0)
False, False, 0.0362, (0, 286, 302, 74, 100, 94, 66, 221, 66, 221, 66, 94, 100, 148, 286, 0)
False, False, 0.0365, (0, 148, 100, 35, 85, 59, 137, 59, 137, 59, 15, 35, 74, 302, 0)
False, False, 0.022, (0, 16, 288, 179, 88, 38, 87, 38, 87, 38, 87, 13, 87, 13, 87, 38, 88, 179, 288, 16, 0)
False, False, 0.0155, (0, 104, 221, 250, 190, 140, 275, 82, 275, 82, 275, 82, 140, 190, 227, 257, 66, 0)
False, False, 0.0264, (0, 21, 241, 93, 47, 197, 47, 197, 47, 197, 236, 114, 176, 146, 99, 0)
False, True, 0.023, (0, 104, 94, 66, 227, 190, 140, 275, 82, 140, 190, 250, 221, 101, 104, 0)
False, False, 0.0286, (0, 10, 285, 121, 180, 277, 155, 277, 155, 277, 155, 277, 155, 144, 229, 14, 229, 175, 139, 0)
False, False, 0.0431, (0, 110, 188, 162, 46, 233, 172, 83, 9, 83, 9, 172, 9, 172, 83, 9, 83, 9, 83, 9, 83, 9, 172, 233, 46, 162, 188, 0)
False, False, 0.0471, (0, 226, 300, 198, 259, 174, 160, 174, 160, 174, 259, 198, 29, 226, 0)
False, False, 0.0101, (0, 61, 5, 193, 5, 193, 5, 193, 5, 193, 5, 249, 270, 0)
False, False, 0.0208, (0, 302, 74, 100, 94, 221, 66, 221, 66, 94, 100, 74, 302, 0)
False, False, 0.0726, (0, 32, 271, 152, 261, 152, 261, 152, 261, 152, 261, 44, 185, 32, 0)
False, False, 0.0025, (0, 98, 63, 238, 27, 61, 193, 5, 193, 5, 193, 61, 248, 98, 0)
False, False, 0.0031, (0, 98, 238, 153, 69, 188, 69, 115, 69, 115, 69, 115, 69, 115, 69, 153, 238, 63, 0)
False, False, 0.0257, (0, 32, 3, 136, 269, 213, 13, 87, 38, 73, 38, 73, 11, 263, 177, 1, 214, 170, 0)
False, False, 0.024, (0, 33, 278, 124, 266, 234, 266, 234, 171, 150, 268, 252, 268, 252, 268, 252, 150, 171, 234, 266, 124, 278, 33, 0)
False, False, 0.0057, (0, 60, 51, 163, 123, 8, 202, 8, 202, 8, 123, 108, 51, 0)
False, False, 0.0041, (0, 215, 130, 65, 191, 182, 191, 182, 191, 182, 191, 290, 132, 65, 156, 54, 0)
False, False, 0.0258, (0, 50, 154, 151, 86, 3, 181, 265, 181, 247, 152, 271, 0)
False, False, 0.0007, (0, 32, 152, 247, 181, 265, 181, 265, 181, 78, 37, 28, 32, 0)
False, False, 0.001, (0, 33, 278, 124, 266, 171, 234, 171, 150, 268, 252, 268, 252, 268, 252, 268, 150, 268, 150, 171, 266, 124, 278, 33, 0)
False, False, 0.0068, (0, 110, 188, 162, 46, 233, 172, 83, 172, 83, 172, 83, 172, 83, 172, 83, 172, 83, 172, 83, 172, 83, 172, 83, 172, 83, 172, 83, 172, 83, 172, 83, 172, 83, 172, 83, 172, 9, 172, 9, 172, 83, 172, 233, 46, 162, 188, 0)
False, False, 0.0172, (0, 222, 170, 214, 41, 260, 297, 292, 17, 292, 297, 260, 41, 214, 170, 298, 0)
False, False, 0.0007, (0, 131, 67, 200, 188, 162, 46, 233, 172, 233, 103, 230, 58, 7, 58, 7, 58, 7, 58, 7, 58, 230, 103, 233, 46, 67, 131, 0)
False, False, 0.0157, (0, 32, 152, 247, 181, 3, 181, 265, 181, 3, 86, 151, 32, 0)
False, False, 0.0071, (0, 131, 67, 188, 162, 46, 233, 172, 233, 103, 230, 103, 230, 103, 230, 58, 7, 58, 7, 58, 7, 58, 230, 103, 230, 103, 233, 46, 162, 188, 0)
False, False, 0.0072, (0, 110, 188, 162, 46, 233, 103, 230, 299, 289, 299, 289, 299, 289, 299, 289, 299, 289, 299, 230, 299, 230, 103, 230, 103, 230, 103, 233, 46, 162, 188, 110, 0)
False, False, 0.0117, (0, 131, 67, 188, 162, 46, 233, 172, 83, 172, 83, 172, 83, 172, 83, 172, 9, 172, 83, 172, 83, 172, 83, 172, 83, 172, 9, 172, 9, 172, 83, 172, 83, 172, 233, 46, 162, 188, 67, 131, 0)
False, False, 0.0062, (0, 110, 188, 162, 46, 233, 103, 230, 58, 7, 58, 7, 58, 230, 103, 230, 103, 230, 103, 230, 103, 230, 103, 230, 103, 230, 103, 230, 103, 233, 46, 162, 188, 110, 0)
all_elementary, False
all_cyc2, False
