Instance, X-n327-k20
capacity, 128
min_trucks, 20
output_file, output_uchoa/X-n327-k20-cyc2.log
Start date, 2022-07-01
Start time, 22-19-40
capacity, 128
num_vehicles, 20
abort_early, False
methods, ['cyc2']
max_vars, 100
time_limit, 86400
farley, False
ESPPRC_heur, True
initial time, initial max_it, max_stale_it
1, 20000.0, 20
heuristic Number of routes, heuristic Best Solution Value, heuristic number of iterations, adjusted time, adjusted max_it, measured total time
283032, 27587.0, 20000, 1, 20000.0, 27003.6
method, python time, total time, propagated dominance time, unpropagated dominance time, pricing_success, upper_bound, lower_bound, abort_early, num_paths, 
ESPPRC_heur, 0.1, 2.7, 1.9, 0.3, 0, 27185.5962, 25006.9657, True, 1345
ESPPRC_heur, 0.1, 2.5, 1.8, 0.3, 0, 27185.5962, 25571.9996, True, 897
ESPPRC_heur, 0.1, 2.5, 1.7, 0.3, 0, 27185.5962, 26099.6681, True, 633
ESPPRC_heur, 0.0, 2.6, 1.8, 0.3, 0, 27185.5962, 25856.4189, True, 392
ESPPRC_heur, 0.1, 2.5, 1.7, 0.3, 0, 27185.011, 26442.704, True, 293
ESPPRC_heur, 0.0, 2.6, 1.8, 0.3, 0, 27183.4054, 25468.1322, True, 729
ESPPRC_heur, 0.0, 2.6, 1.8, 0.3, 0, 27183.4054, 26412.3898, True, 273
ESPPRC_heur, 0.0, 2.6, 1.8, 0.3, 0, 27182.6342, 26117.844, True, 260
ESPPRC_heur, 0.1, 2.5, 1.7, 0.3, 0, 27178.1317, 26060.6071, True, 337
ESPPRC_heur, 0.1, 2.4, 1.7, 0.3, 0, 27178.1317, 26279.3104, True, 196
ESPPRC_heur, 0.1, 2.4, 1.6, 0.3, 0, 27176.9274, 26442.6694, True, 215
ESPPRC_heur, 0.1, 2.4, 1.7, 0.3, 0, 27169.535, 26010.637, True, 311
ESPPRC_heur, 0.0, 2.5, 1.7, 0.3, 0, 27169.535, 26622.2639, True, 156
ESPPRC_heur, 0.0, 2.5, 1.7, 0.3, 0, 27166.317, 26516.3301, True, 120
ESPPRC_heur, 0.0, 2.5, 1.7, 0.3, 0, 27163.4428, 26215.6609, True, 309
ESPPRC_heur, 0.1, 2.4, 1.6, 0.3, 0, 27163.4428, 26736.7269, True, 102
ESPPRC_heur, 0.1, 2.4, 1.7, 0.3, 0, 27162.0353, 26745.1724, True, 61
ESPPRC_heur, 0.1, 2.4, 1.7, 0.3, 0, 27160.8281, 26600.229, True, 98
ESPPRC_heur, 0.1, 2.5, 1.8, 0.3, 0, 27159.5104, 26426.9164, True, 138
ESPPRC_heur, 0.1, 2.4, 1.7, 0.3, 0, 27159.1578, 26522.5117, True, 71
ESPPRC_heur, -0.0, 2.5, 1.7, 0.3, 0, 27158.0893, 26392.3402, True, 56
ESPPRC_heur, -0.0, 2.5, 1.7, 0.3, 0, 27157.5081, 26943.9966, True, 30
ESPPRC_heur, 0.1, 2.4, 1.7, 0.3, 0, 27157.2911, 26806.2564, True, 33
ESPPRC_heur, 0.0, 2.5, 1.7, 0.3, 0, 27155.4573, 26188.6597, True, 164
ESPPRC_heur, 0.1, 2.5, 1.7, 0.3, 0, 27154.3071, 26828.9234, True, 73
ESPPRC_heur, 0.0, 2.5, 1.7, 0.3, 0, 27154.056, 27061.1563, True, 30
ESPPRC_heur, 0.1, 2.5, 1.8, 0.3, 0, 27154.0168, 27048.0298, True, 21
ESPPRC_heur, 0.1, 2.5, 1.7, 0.3, 0, 27153.7968, 26778.9535, True, 52
ESPPRC_heur, -0.0, 2.5, 1.7, 0.3, 0, 27153.6015, 26779.5528, True, 29
ESPPRC_heur, -0.0, 2.5, 1.7, 0.3, 0, 27153.4112, 27053.4112, True, 7
ESPPRC_heur, -0.0, 2.5, 1.7, 0.3, 0, 27153.0689, 27047.6025, True, 11
ESPPRC_heur, -0.0, 2.5, 1.7, 0.3, 0, 27153.0511, 27084.9547, True, 7
ESPPRC_heur, -0.0, 2.5, 1.7, 0.3, 0, 27153.0336, 27150.9794, True, 1
cyc2, 0.1, 17.1, 0.0, 0.0, 1, 27153.0336, 19354.6975, 0, 32167
ESPPRC_heur, 0.1, 2.5, 1.7, 0.3, 0, 27143.9859, 25968.8499, True, 214
ESPPRC_heur, 0.1, 2.5, 1.7, 0.3, 0, 27143.9859, 26593.0369, True, 63
ESPPRC_heur, 0.0, 2.5, 1.7, 0.3, 0, 27141.7521, 26459.963, True, 88
ESPPRC_heur, -0.0, 2.6, 1.8, 0.3, 0, 27140.8304, 26707.3986, True, 40
ESPPRC_heur, 0.0, 2.6, 1.8, 0.3, 0, 27139.6858, 26653.2222, True, 80
ESPPRC_heur, 0.0, 2.5, 1.7, 0.3, 0, 27139.6817, 26884.1811, True, 20
ESPPRC_heur, -0.0, 2.6, 1.8, 0.3, 0, 27139.4538, 26500.2796, True, 67
ESPPRC_heur, 0.1, 2.5, 1.7, 0.3, 0, 27139.3357, 26933.6893, True, 33
ESPPRC_heur, 0.0, 2.5, 1.7, 0.3, 0, 27138.1889, 26933.5498, True, 42
ESPPRC_heur, 0.1, 2.5, 1.7, 0.3, 0, 27137.9162, 26977.8398, True, 25
ESPPRC_heur, 0.1, 2.5, 1.8, 0.3, 0, 27137.2306, 26805.3924, True, 55
ESPPRC_heur, 0.0, 2.5, 1.7, 0.3, 0, 27136.4765, 26940.8078, True, 26
ESPPRC_heur, -0.0, 2.5, 1.7, 0.3, 0, 27136.0108, 26812.4712, True, 33
ESPPRC_heur, 0.1, 2.5, 1.7, 0.3, 0, 27135.5946, 26924.6024, True, 35
ESPPRC_heur, 0.0, 2.5, 1.7, 0.3, 0, 27135.2812, 26883.8991, True, 28
ESPPRC_heur, -0.0, 2.5, 1.7, 0.3, 0, 27134.7116, 26943.9519, True, 6
ESPPRC_heur, -0.0, 2.5, 1.7, 0.3, 0, 27134.4678, 26851.5989, True, 12
ESPPRC_heur, -0.0, 2.5, 1.7, 0.3, 0, 27134.2198, 26987.2825, True, 17
ESPPRC_heur, -0.0, 2.5, 1.7, 0.3, 0, 27134.2197, 27012.2939, True, 4
ESPPRC_heur, -0.0, 2.5, 1.7, 0.3, 0, 27134.2011, 27105.9222, True, 3
ESPPRC_heur, -0.0, 2.5, 1.7, 0.3, 0, 27134.1932, 27125.4739, True, 1
ESPPRC_heur, -0.0, 2.5, 1.7, 0.3, 0, 27134.1905, 27006.742, True, 4
cyc2, 0.1, 16.8, 0.0, 0.0, 1, 27134.1905, 22682.0163, 0, 22940
ESPPRC_heur, 0.1, 2.4, 1.7, 0.3, 0, 27085.8843, 26681.1452, True, 51
ESPPRC_heur, -0.0, 2.5, 1.7, 0.3, 0, 27081.1361, 26732.8586, True, 71
ESPPRC_heur, -0.0, 2.5, 1.7, 0.3, 0, 27080.1761, 26863.6088, True, 35
ESPPRC_heur, -0.0, 2.5, 1.7, 0.3, 0, 27079.2546, 26922.4946, True, 16
ESPPRC_heur, 0.0, 2.4, 1.7, 0.3, 0, 27078.9953, 27029.1746, True, 6
ESPPRC_heur, -0.0, 2.5, 1.7, 0.3, 0, 27078.9268, 27051.0503, True, 4
ESPPRC_heur, -0.0, 2.7, 1.7, 0.3, 0, 27078.8647, 27046.6166, True, 5
ESPPRC_heur, -0.0, 2.7, 1.7, 0.3, 0, 27078.8329, 26953.5665, True, 7
cyc2, 0.1, 29.1, 0.0, 0.0, 1, 27078.6919, 20838.6364, 0, 33104
ESPPRC_heur, 0.0, 2.8, 1.8, 0.3, 0, 27078.6919, 27013.8814, True, 1
ESPPRC_heur, -0.0, 2.7, 1.7, 0.3, 0, 27078.6634, 27052.4819, True, 4
ESPPRC_heur, 0.0, 2.7, 1.7, 0.3, 0, 27078.655, 27075.251, True, 2
cyc2, 0.1, 29.8, 0.0, 0.0, 1, 27078.655, 23485.5281, 0, 21136
ESPPRC_heur, 0.0, 2.7, 1.8, 0.3, 0, 27055.9263, 26842.7554, True, 36
ESPPRC_heur, -0.0, 2.5, 1.7, 0.3, 0, 27053.88, 26744.2411, True, 27
ESPPRC_heur, -0.0, 2.5, 1.7, 0.3, 0, 27053.8308, 26953.8439, True, 9
ESPPRC_heur, 0.0, 2.7, 1.8, 0.3, 0, 27053.3368, 26931.4476, True, 12
ESPPRC_heur, -0.0, 2.9, 2.0, 0.3, 0, 27052.9998, 26945.5186, True, 17
ESPPRC_heur, -0.0, 2.8, 1.9, 0.3, 0, 27052.6614, 26972.2814, True, 13
ESPPRC_heur, 0.0, 2.7, 1.8, 0.3, 0, 27052.3875, 27016.8919, True, 5
ESPPRC_heur, 0.0, 2.7, 1.8, 0.3, 0, 27052.3564, 26992.3564, True, 2
ESPPRC_heur, -0.0, 2.8, 1.9, 0.3, 0, 27052.2267, 26941.4056, True, 1
ESPPRC_heur, 0.0, 2.7, 1.8, 0.3, 0, 27052.2267, 27045.4656, True, 1
cyc2, 0.1, 25.8, 0.0, 0.0, 1, 27052.2267, 24066.6833, 0, 19672
ESPPRC_heur, 0.0, 2.8, 1.9, 0.3, 0, 27037.8638, 26522.5181, True, 73
ESPPRC_heur, 0.0, 2.9, 2.0, 0.3, 0, 27036.382, 26672.4894, True, 33
ESPPRC_heur, 0.0, 2.8, 1.9, 0.3, 0, 27034.633, 26729.5778, True, 24
ESPPRC_heur, 0.1, 2.8, 1.9, 0.3, 0, 27033.1945, 26157.2188, True, 144
ESPPRC_heur, -0.0, 2.8, 1.9, 0.3, 0, 27032.9004, 26730.3649, True, 28
ESPPRC_heur, 0.1, 2.8, 1.9, 0.3, 0, 27031.2912, 26826.8798, True, 28
ESPPRC_heur, 0.1, 2.8, 1.9, 0.3, 0, 27030.5261, 26814.655, True, 23
ESPPRC_heur, 0.0, 2.8, 1.9, 0.3, 0, 27028.9631, 26733.8617, True, 17
ESPPRC_heur, 0.1, 2.8, 1.9, 0.3, 0, 27028.9619, 26825.097, True, 7
ESPPRC_heur, 0.0, 2.8, 1.9, 0.3, 0, 27028.6975, 26979.2685, True, 10
ESPPRC_heur, -0.0, 2.8, 1.9, 0.3, 0, 27028.6026, 26918.7531, True, 13
ESPPRC_heur, -0.0, 2.8, 1.9, 0.3, 0, 27028.601, 26953.166, True, 7
ESPPRC_heur, -0.0, 2.8, 1.9, 0.3, 0, 27028.5906, 26941.1685, True, 3
ESPPRC_heur, -0.0, 2.8, 1.9, 0.3, 0, 27028.5905, 26848.7419, True, 2
ESPPRC_heur, -0.0, 2.8, 1.9, 0.3, 0, 27028.5905, 26994.468, True, 3
ESPPRC_heur, -0.0, 2.8, 1.9, 0.3, 0, 27028.4981, 26984.7855, True, 8
ESPPRC_heur, -0.0, 2.8, 1.9, 0.3, 0, 27028.486, 26987.6573, True, 3
ESPPRC_heur, 0.0, 2.7, 1.8, 0.3, 0, 27028.4738, 27011.4988, True, 1
cyc2, 0.1, 25.3, 0.0, 0.0, 1, 27028.4723, 24869.7634, 0, 13930
ESPPRC_heur, 0.0, 2.7, 1.8, 0.3, 0, 26990.5243, 26423.7491, True, 76
ESPPRC_heur, 0.0, 2.7, 1.8, 0.3, 0, 26989.0605, 26485.1855, True, 82
ESPPRC_heur, -0.0, 2.9, 1.9, 0.3, 0, 26987.7112, 26739.4418, True, 42
ESPPRC_heur, -0.0, 2.9, 1.9, 0.3, 0, 26986.8857, 26817.0096, True, 42
ESPPRC_heur, 0.1, 2.8, 1.9, 0.3, 0, 26986.5574, 26705.4325, True, 32
ESPPRC_heur, 0.0, 2.8, 1.9, 0.3, 0, 26985.8986, 26785.0784, True, 17
ESPPRC_heur, -0.0, 2.8, 1.8, 0.3, 0, 26985.791, 26911.8942, True, 6
ESPPRC_heur, -0.0, 2.8, 1.8, 0.3, 0, 26985.6386, 26778.4097, True, 5
ESPPRC_heur, 0.1, 2.8, 1.9, 0.3, 0, 26985.3619, 26842.2413, True, 13
ESPPRC_heur, 0.0, 2.8, 1.9, 0.3, 0, 26985.3411, 26874.896, True, 8
ESPPRC_heur, -0.0, 2.9, 1.9, 0.3, 0, 26985.1609, 26921.21, True, 7
ESPPRC_heur, -0.0, 2.9, 1.9, 0.3, 0, 26985.1581, 26915.192, True, 2
cyc2, 0.1, 28.1, 0.0, 0.0, 1, 26985.1581, 24522.5897, 0, 12896
ESPPRC_heur, 0.0, 2.8, 1.8, 0.3, 0, 26977.7153, 26506.4357, True, 76
ESPPRC_heur, 0.1, 2.8, 1.9, 0.3, 0, 26975.242, 26698.7283, True, 27
ESPPRC_heur, 0.0, 2.8, 1.9, 0.3, 0, 26974.3524, 26779.0728, True, 19
ESPPRC_heur, 0.0, 2.8, 1.8, 0.3, 0, 26973.934, 26820.2466, True, 14
ESPPRC_heur, -0.0, 3.0, 2.1, 0.3, 0, 26973.6615, 26881.9904, True, 7
ESPPRC_heur, 0.0, 2.7, 1.8, 0.3, 0, 26973.5803, 26871.8522, True, 10
ESPPRC_heur, 0.0, 2.8, 1.9, 0.3, 0, 26973.5161, 26938.4986, True, 6
ESPPRC_heur, 0.0, 2.8, 1.9, 0.3, 0, 26973.4997, 26956.9039, True, 2
ESPPRC_heur, -0.0, 2.8, 1.9, 0.3, 0, 26973.497, 26972.7669, True, 1
cyc2, 0.1, 25.1, 0.0, 0.0, 1, 26973.497, 25346.3512, 0, 8502
ESPPRC_heur, 0.0, 2.5, 1.7, 0.3, 0, 26962.8266, 26826.7189, True, 25
ESPPRC_heur, 0.0, 2.6, 1.8, 0.3, 0, 26961.3912, 26800.9818, True, 30
ESPPRC_heur, -0.0, 2.5, 1.7, 0.3, 0, 26959.992, 26873.4692, True, 14
ESPPRC_heur, 0.0, 2.5, 1.7, 0.3, 0, 26959.852, 26882.3459, True, 8
ESPPRC_heur, -0.0, 2.6, 1.7, 0.3, 0, 26959.8512, 26880.5624, True, 9
ESPPRC_heur, -0.0, 2.6, 1.7, 0.3, 0, 26959.7928, 26944.0506, True, 1
ESPPRC_heur, -0.0, 2.7, 1.8, 0.3, 0, 26959.7922, 26956.2341, True, 1
cyc2, 0.1, 17.2, 0.0, 0.0, 1, 26959.791, 25511.8865, 0, 8651
ESPPRC_heur, 0.0, 2.5, 1.7, 0.3, 0, 26922.0616, 26118.331, True, 172
ESPPRC_heur, 0.0, 2.4, 1.6, 0.2, 0, 26919.1787, 26501.6828, True, 70
ESPPRC_heur, -0.0, 2.5, 1.7, 0.3, 0, 26918.4365, 26694.4133, True, 30
ESPPRC_heur, -0.0, 2.5, 1.7, 0.3, 0, 26918.1209, 26733.6498, True, 14
ESPPRC_heur, 0.0, 2.5, 1.7, 0.3, 0, 26917.2396, 26759.0787, True, 20
ESPPRC_heur, 0.0, 2.4, 1.7, 0.3, 0, 26916.9486, 26780.5344, True, 13
ESPPRC_heur, 0.0, 2.4, 1.6, 0.3, 0, 26916.5806, 26800.5717, True, 16
ESPPRC_heur, 0.0, 2.4, 1.7, 0.3, 0, 26916.4417, 26860.3838, True, 7
ESPPRC_heur, 0.0, 2.4, 1.7, 0.3, 0, 26916.432, 26854.0407, True, 2
ESPPRC_heur, 0.1, 2.4, 1.7, 0.3, 0, 26916.3817, 26828.3795, True, 7
ESPPRC_heur, 0.0, 2.4, 1.6, 0.2, 0, 26916.3598, 26868.0426, True, 2
ESPPRC_heur, 0.0, 2.4, 1.6, 0.2, 0, 26916.3207, 26913.9865, True, 1
cyc2, 0.1, 26.1, 0.0, 0.0, 1, 26916.3207, 24962.0565, 0, 7225
ESPPRC_heur, 0.0, 2.7, 1.8, 0.3, 0, 26900.7147, 26617.3717, True, 25
ESPPRC_heur, -0.0, 2.4, 1.6, 0.2, 0, 26900.5702, 26828.6633, True, 11
ESPPRC_heur, -0.0, 2.5, 1.7, 0.3, 0, 26900.45, 26717.1624, True, 12
ESPPRC_heur, -0.0, 2.7, 1.8, 0.3, 0, 26900.3636, 26852.7915, True, 6
ESPPRC_heur, -0.0, 2.6, 1.7, 0.3, 0, 26900.3626, 26892.5077, True, 1
ESPPRC_heur, 0.0, 2.7, 1.8, 0.3, 0, 26900.3605, 26861.2937, True, 1
cyc2, 0.1, 26.0, 0.0, 0.0, 1, 26900.3605, 25448.8913, 0, 6446
ESPPRC_heur, 0.1, 2.4, 1.6, 0.3, 0, 26876.8442, 26179.6314, True, 91
ESPPRC_heur, 0.1, 2.4, 1.7, 0.3, 0, 26875.758, 26570.0644, True, 28
ESPPRC_heur, 0.0, 2.5, 1.7, 0.3, 0, 26875.4405, 26565.489, True, 16
ESPPRC_heur, -0.0, 2.8, 1.9, 0.3, 0, 26874.8304, 26628.4544, True, 22
ESPPRC_heur, -0.0, 2.8, 1.9, 0.3, 0, 26874.5402, 26677.0214, True, 6
ESPPRC_heur, -0.0, 2.8, 1.9, 0.3, 0, 26874.5311, 26737.0873, True, 4
ESPPRC_heur, -0.0, 2.8, 1.9, 0.3, 0, 26874.3902, 26858.772, True, 2
ESPPRC_heur, -0.0, 2.8, 1.9, 0.3, 0, 26874.3859, 26848.2431, True, 2
ESPPRC_heur, -0.0, 2.8, 1.9, 0.3, 0, 26874.3262, 26868.6303, True, 1
cyc2, 0.1, 25.6, 0.0, 0.0, 1, 26874.3262, 24487.9397, 0, 9187
ESPPRC_heur, -0.0, 2.8, 1.9, 0.3, 0, 26874.3262, 26831.751, True, 3
ESPPRC_heur, -0.0, 2.8, 1.9, 0.3, 0, 26874.3262, 26831.751, True, 2
ESPPRC_heur, 0.0, 2.8, 1.9, 0.3, 0, 26873.3573, 26853.2712, True, 4
cyc2, 0.1, 25.8, 0.0, 0.0, 1, 26873.3573, 25593.3573, 0, 7332
ESPPRC_heur, 0.1, 2.4, 1.6, 0.3, 0, 26869.1778, 26179.6408, True, 72
ESPPRC_heur, -0.0, 2.4, 1.6, 0.2, 0, 26868.8595, 26582.0369, True, 26
ESPPRC_heur, -0.0, 2.4, 1.6, 0.2, 0, 26868.6775, 26613.7172, True, 12
ESPPRC_heur, 0.0, 2.4, 1.6, 0.3, 0, 26868.6604, 26704.4694, True, 9
ESPPRC_heur, 0.0, 2.4, 1.6, 0.3, 0, 26868.5706, 26791.5676, True, 2
ESPPRC_heur, 0.0, 2.4, 1.6, 0.3, 0, 26868.5706, 26817.9642, True, 1
ESPPRC_heur, 0.0, 2.4, 1.7, 0.3, 0, 26868.5706, 26829.4717, True, 2
ESPPRC_heur, -0.0, 2.5, 1.7, 0.3, 0, 26868.5604, 26858.2854, True, 3
ESPPRC_heur, -0.0, 2.5, 1.7, 0.3, 0, 26868.5603, 26867.1706, True, 1
cyc2, 0.1, 17.6, 0.0, 0.0, 1, 26868.5601, 25531.2747, 0, 7305
ESPPRC_heur, 0.0, 2.5, 1.7, 0.3, 0, 26867.9481, 26798.2446, True, 7
ESPPRC_heur, 0.0, 2.5, 1.7, 0.3, 0, 26867.9277, 26843.7099, True, 1
cyc2, 0.1, 17.4, 0.0, 0.0, 1, 26867.9277, 25901.6103, 0, 4920
ESPPRC_heur, 0.0, 2.4, 1.6, 0.3, 0, 26841.6597, 26596.4364, True, 36
ESPPRC_heur, 0.0, 2.4, 1.6, 0.3, 0, 26839.7614, 26523.7161, True, 33
ESPPRC_heur, 0.0, 2.4, 1.7, 0.3, 0, 26839.7073, 26775.2858, True, 6
ESPPRC_heur, -0.0, 2.5, 1.7, 0.3, 0, 26839.6121, 26822.3051, True, 7
ESPPRC_heur, -0.0, 2.5, 1.7, 0.3, 0, 26839.59, 26825.4871, True, 4
ESPPRC_heur, -0.0, 2.5, 1.7, 0.3, 0, 26839.5886, 26837.2754, True, 2
cyc2, 0.0, 17.4, 0.0, 0.0, 1, 26839.5886, 25794.8245, 0, 5675
ESPPRC_heur, 0.0, 2.5, 1.7, 0.3, 0, 26833.7274, 26710.0572, True, 31
ESPPRC_heur, 0.0, 2.5, 1.7, 0.3, 0, 26833.4452, 26765.9095, True, 9
ESPPRC_heur, -0.0, 2.5, 1.7, 0.3, 0, 26832.9083, 26804.5439, True, 9
ESPPRC_heur, -0.0, 2.5, 1.7, 0.3, 0, 26832.7262, 26752.2665, True, 4
ESPPRC_heur, -0.0, 2.5, 1.7, 0.3, 0, 26832.6994, 26805.1998, True, 2
ESPPRC_heur, -0.0, 2.5, 1.7, 0.3, 0, 26832.5846, 26771.861, True, 2
ESPPRC_heur, -0.0, 2.5, 1.7, 0.3, 0, 26832.5476, 26722.1462, True, 3
ESPPRC_heur, 0.0, 2.5, 1.7, 0.3, 0, 26832.3418, 26827.3845, True, 5
cyc2, 0.1, 17.3, 0.0, 0.0, 1, 26832.3391, 26026.1516, 0, 3928
ESPPRC_heur, 0.1, 2.5, 1.7, 0.3, 0, 26823.0394, 26512.1666, True, 73
ESPPRC_heur, 0.0, 2.5, 1.7, 0.3, 0, 26822.93, 26576.557, True, 39
ESPPRC_heur, 0.1, 2.5, 1.7, 0.3, 0, 26821.8711, 26642.7334, True, 24
ESPPRC_heur, -0.0, 2.6, 1.8, 0.3, 0, 26821.7119, 26752.0773, True, 7
ESPPRC_heur, 0.0, 2.5, 1.7, 0.3, 0, 26821.3847, 26784.6157, True, 8
ESPPRC_heur, -0.0, 2.6, 1.8, 0.3, 0, 26821.377, 26762.0608, True, 4
ESPPRC_heur, -0.0, 2.6, 1.8, 0.3, 0, 26821.3617, 26813.8345, True, 1
cyc2, 0.1, 17.2, 0.0, 0.0, 1, 26821.3612, 25992.247, 0, 4047
ESPPRC_heur, 0.0, 2.8, 1.9, 0.3, 0, 26809.5162, 26620.8824, True, 40
ESPPRC_heur, 0.0, 2.8, 1.9, 0.3, 0, 26808.5747, 26740.2247, True, 15
ESPPRC_heur, 0.0, 2.9, 2.0, 0.3, 0, 26808.4693, 26759.0165, True, 14
ESPPRC_heur, 0.0, 2.8, 1.9, 0.3, 0, 26808.329, 26778.2003, True, 11
ESPPRC_heur, 0.0, 2.8, 1.9, 0.3, 0, 26808.273, 26706.5389, True, 4
ESPPRC_heur, 0.0, 2.8, 1.9, 0.3, 0, 26808.273, 26769.9009, True, 2
ESPPRC_heur, 0.0, 2.8, 1.9, 0.3, 0, 26808.273, 26795.7527, True, 2
ESPPRC_heur, 0.0, 2.8, 1.9, 0.3, 0, 26808.2625, 26803.5854, True, 1
ESPPRC_heur, 0.0, 2.8, 1.9, 0.3, 0, 26808.2624, 26804.0681, True, 2
cyc2, 0.1, 26.0, 0.0, 0.0, 1, 26808.2623, 25765.5136, 0, 3299
ESPPRC_heur, -0.0, 2.5, 1.7, 0.3, 0, 26794.5634, 26523.6232, True, 62
ESPPRC_heur, 0.0, 2.4, 1.6, 0.3, 0, 26792.9548, 26594.8714, True, 19
ESPPRC_heur, 0.0, 2.4, 1.7, 0.3, 0, 26792.7065, 26703.3473, True, 12
ESPPRC_heur, -0.0, 2.5, 1.7, 0.3, 0, 26792.521, 26764.2907, True, 5
ESPPRC_heur, -0.0, 2.5, 1.7, 0.3, 0, 26792.5062, 26781.4458, True, 3
ESPPRC_heur, -0.0, 2.5, 1.7, 0.3, 0, 26792.5029, 26789.2964, True, 2
ESPPRC_heur, -0.0, 2.5, 1.7, 0.3, 0, 26792.5027, 26788.7825, True, 2
cyc2, 0.1, 17.3, 0.0, 0.0, 1, 26792.5027, 25607.581, 0, 3281
ESPPRC_heur, -0.0, 2.5, 1.7, 0.3, 0, 26792.1078, 26696.5967, True, 16
ESPPRC_heur, 0.0, 2.5, 1.7, 0.3, 0, 26792.0252, 26602.9497, True, 16
ESPPRC_heur, -0.0, 2.5, 1.7, 0.3, 0, 26791.8537, 26723.8657, True, 3
ESPPRC_heur, 0.0, 2.5, 1.7, 0.3, 0, 26791.8537, 26750.1145, True, 1
cyc2, 0.1, 26.4, 0.0, 0.0, 1, 26791.8537, 26032.1728, 0, 2343
ESPPRC_heur, 0.0, 2.9, 2.0, 0.3, 0, 26777.93, 26579.1735, True, 40
ESPPRC_heur, -0.0, 2.9, 1.9, 0.3, 0, 26777.6952, 26621.3987, True, 11
ESPPRC_heur, -0.0, 2.9, 1.9, 0.3, 0, 26777.2309, 26682.9185, True, 16
ESPPRC_heur, -0.0, 2.9, 1.9, 0.3, 0, 26777.1522, 26693.9269, True, 9
ESPPRC_heur, 0.1, 2.8, 1.9, 0.3, 0, 26777.0764, 26736.8733, True, 6
ESPPRC_heur, 0.0, 2.8, 1.9, 0.3, 0, 26777.064, 26738.9477, True, 4
ESPPRC_heur, -0.0, 2.9, 1.9, 0.3, 0, 26777.0422, 26769.3907, True, 1
cyc2, 0.1, 26.2, 0.0, 0.0, 1, 26777.0422, 26073.1206, 0, 2218
ESPPRC_heur, 0.0, 2.8, 1.9, 0.3, 0, 26766.8191, 26595.5867, True, 21
ESPPRC_heur, 0.1, 2.8, 1.9, 0.3, 0, 26766.4652, 26695.9544, True, 8
ESPPRC_heur, 0.0, 2.8, 1.9, 0.3, 0, 26766.4316, 26714.8345, True, 2
ESPPRC_heur, 0.0, 2.8, 1.9, 0.3, 0, 26766.4232, 26759.8796, True, 1
cyc2, 0.1, 25.9, 0.0, 0.0, 1, 26766.4225, 26030.9149, 0, 1949
ESPPRC_heur, -0.0, 2.8, 1.9, 0.3, 0, 26762.3931, 26626.2899, True, 9
ESPPRC_heur, 0.0, 2.8, 1.9, 0.3, 0, 26762.3444, 26538.5016, True, 16
ESPPRC_heur, -0.0, 2.8, 1.9, 0.3, 0, 26762.1601, 26705.6537, True, 2
ESPPRC_heur, -0.0, 2.8, 1.9, 0.3, 0, 26762.1601, 26705.6537, True, 1
ESPPRC_heur, -0.0, 2.8, 1.9, 0.3, 0, 26762.1279, 26657.0885, True, 3
cyc2, 0.2, 26.2, 0.0, 0.0, 1, 26762.1222, 26308.6325, 0, 1374
ESPPRC_heur, 0.0, 2.5, 1.7, 0.3, 0, 26741.575, 26415.1171, True, 33
ESPPRC_heur, 0.0, 2.5, 1.7, 0.3, 0, 26741.0484, 26612.1726, True, 15
ESPPRC_heur, 0.0, 2.5, 1.7, 0.3, 0, 26740.5891, 26512.5156, True, 12
ESPPRC_heur, 0.0, 2.5, 1.7, 0.3, 0, 26740.4782, 26651.1909, True, 6
ESPPRC_heur, 0.0, 2.5, 1.7, 0.3, 0, 26740.4747, 26656.1725, True, 4
ESPPRC_heur, 0.0, 2.5, 1.7, 0.3, 0, 26740.4743, 26739.6293, True, 1
cyc2, 0.1, 17.7, 0.0, 0.0, 1, 26740.4743, 25956.3033, 0, 1648
ESPPRC_heur, 0.1, 2.4, 1.7, 0.3, 0, 26730.2476, 26559.9492, True, 24
ESPPRC_heur, 0.0, 2.5, 1.7, 0.3, 0, 26729.9992, 26651.2218, True, 5
ESPPRC_heur, 0.0, 2.5, 1.7, 0.3, 0, 26729.9482, 26668.0603, True, 2
ESPPRC_heur, 0.0, 2.5, 1.7, 0.3, 0, 26729.9482, 26710.216, True, 1
cyc2, 0.1, 17.5, 0.0, 0.0, 1, 26729.9482, 26216.1315, 0, 1576
ESPPRC_heur, -0.0, 2.7, 1.8, 0.3, 0, 26717.4667, 26584.4928, True, 24
ESPPRC_heur, -0.0, 2.7, 1.8, 0.3, 0, 26717.344, 26659.852, True, 9
ESPPRC_heur, 0.0, 2.6, 1.8, 0.3, 0, 26717.2589, 26641.8628, True, 5
ESPPRC_heur, -0.0, 2.6, 1.8, 0.3, 0, 26717.2589, 26674.0691, True, 2
ESPPRC_heur, -0.0, 2.6, 1.8, 0.3, 0, 26717.2589, 26716.9407, True, 1
cyc2, 0.1, 17.1, 0.0, 0.0, 1, 26717.2589, 26241.7746, 0, 1150
ESPPRC_heur, -0.0, 2.8, 1.9, 0.3, 0, 26709.4222, 26538.6815, True, 25
ESPPRC_heur, -0.0, 2.6, 1.8, 0.3, 0, 26709.0296, 26599.5139, True, 13
ESPPRC_heur, -0.0, 2.6, 1.8, 0.3, 0, 26709.0251, 26644.8604, True, 9
ESPPRC_heur, -0.0, 2.6, 1.8, 0.3, 0, 26709.0234, 26671.1333, True, 5
ESPPRC_heur, -0.0, 2.6, 1.8, 0.3, 0, 26708.9974, 26670.0856, True, 2
ESPPRC_heur, -0.0, 2.6, 1.8, 0.3, 0, 26708.9974, 26693.5651, True, 1
cyc2, 0.1, 17.2, 0.0, 0.0, 1, 26708.9974, 26148.7791, 0, 1035
ESPPRC_heur, -0.0, 2.9, 1.9, 0.3, 0, 26704.5206, 26641.9602, True, 3
cyc2, 0.2, 25.9, 0.0, 0.0, 1, 26704.5206, 26309.6392, 0, 766
ESPPRC_heur, 0.1, 2.7, 1.9, 0.3, 0, 26699.4412, 26618.0641, True, 15
ESPPRC_heur, 0.1, 2.6, 1.8, 0.3, 0, 26699.2642, 26590.6087, True, 5
ESPPRC_heur, -0.0, 2.9, 1.9, 0.3, 0, 26699.2474, 26645.9552, True, 3
ESPPRC_heur, -0.0, 2.9, 2.0, 0.3, 0, 26699.2021, 26685.3324, True, 2
ESPPRC_heur, -0.0, 2.9, 2.0, 0.3, 0, 26699.2014, 26698.8752, True, 1
cyc2, 0.1, 17.1, 0.0, 0.0, 1, 26699.2014, 26410.1084, 0, 672
ESPPRC_heur, -0.0, 2.7, 1.8, 0.3, 0, 26694.5681, 26642.134, True, 12
cyc2, 0.1, 25.9, 0.0, 0.0, 1, 26694.5272, 26301.1049, 0, 536
ESPPRC_heur, 0.0, 2.8, 1.9, 0.3, 0, 26691.1361, 26671.1361, True, 4
cyc2, 0.1, 26.0, 0.0, 0.0, 1, 26691.1285, 26308.4268, 0, 761
ESPPRC_heur, -0.0, 2.7, 1.8, 0.3, 0, 26689.119, 26653.6301, True, 2
cyc2, 0.1, 26.0, 0.0, 0.0, 1, 26689.119, 26143.5904, 0, 469
ESPPRC_heur, 0.0, 2.8, 1.9, 0.3, 0, 26687.6937, 26624.1418, True, 4
ESPPRC_heur, 0.1, 2.8, 1.9, 0.3, 0, 26687.5409, 26678.784, True, 1
cyc2, 0.1, 26.0, 0.0, 0.0, 1, 26687.5409, 26407.3739, 0, 418
ESPPRC_heur, 0.1, 2.7, 1.8, 0.3, 0, 26685.6455, 26630.9026, True, 8
ESPPRC_heur, -0.0, 2.8, 1.9, 0.3, 0, 26685.6455, 26661.18, True, 1
ESPPRC_heur, -0.0, 2.8, 1.9, 0.3, 0, 26685.6395, 26683.6085, True, 1
cyc2, 0.1, 26.0, 0.0, 0.0, 1, 26685.6394, 26430.7295, 0, 407
ESPPRC_heur, 0.0, 2.8, 1.9, 0.3, 0, 26683.3706, 26675.5155, True, 1
cyc2, 0.1, 26.0, 0.0, 0.0, 1, 26683.3704, 26445.0535, 0, 297
ESPPRC_heur, 0.0, 2.8, 1.9, 0.3, 0, 26680.1756, 26637.3628, True, 1
cyc2, 0.2, 26.0, 0.0, 0.0, 1, 26680.1756, 26488.6781, 0, 221
cyc2, 0.1, 25.9, 0.0, 0.0, 1, 26679.0276, 26503.1353, 0, 152
cyc2, 0.1, 25.9, 0.0, 0.0, 1, 26677.1371, 26599.9935, 0, 86
cyc2, 0.0, 25.7, 0.0, 0.0, 1, 26676.6199, 26601.1952, 0, 37
cyc2, 0.1, 25.9, 0.0, 0.0, 1, 26676.5328, 26654.5748, 0, 20
cyc2, 0.1, 25.7, 0.0, 0.0, 1, 26676.5179, 26676.0771, 0, 3
cyc2, 0.0, 25.8, 0.0, 0.0, 1, 26676.5178, 26676.5178, 0, 0
scip_total_time, 29982.966815
Solval, number of paths, impact cutoff
26676.517802986495, 261, 0.0001
Elementary, 2-Cycle, Path Value, Path
True, True, 0.0157, (0, 173, 309, 24, 121, 139, 101, 21, 107, 144, 11, 119, 84, 150, 104, 242, 43, 116, 231, 0)
True, True, 0.1356, (0, 217, 325, 288, 41, 117, 215, 196, 201, 1, 316, 146, 280, 121, 24, 309, 277, 254, 66, 0)
True, True, 0.1107, (0, 217, 198, 279, 220, 245, 265, 214, 273, 167, 216, 92, 40, 254, 66, 291, 173, 0)
True, True, 0.03, (0, 277, 309, 24, 121, 139, 101, 21, 107, 144, 11, 119, 84, 113, 52, 25, 129, 60, 204, 0)
True, True, 0.0702, (0, 96, 159, 49, 267, 284, 269, 199, 177, 136, 160, 80, 13, 112, 67, 235, 127, 298, 292, 0)
True, True, 0.1058, (0, 222, 243, 49, 267, 284, 269, 199, 177, 136, 160, 80, 13, 230, 105, 127, 298, 255, 0)
True, True, 0.0737, (0, 247, 290, 201, 316, 94, 18, 314, 69, 31, 156, 135, 44, 323, 264, 86, 203, 15, 95, 0)
True, True, 0.1217, (0, 130, 93, 151, 97, 5, 38, 142, 25, 52, 113, 84, 150, 104, 101, 139, 121, 24, 309, 10, 0)
True, True, 0.3071, (0, 222, 243, 159, 227, 232, 176, 169, 17, 108, 194, 208, 200, 318, 124, 297, 148, 282, 0)
False, True, 0.0914, (0, 72, 68, 54, 123, 75, 54, 123, 75, 54, 123, 75, 54, 123, 75, 54, 123, 75, 54, 68, 72, 0)
True, True, 0.0057, (0, 290, 201, 94, 18, 314, 69, 162, 46, 65, 109, 107, 144, 21, 101, 139, 242, 43, 0)
False, True, 0.125, (0, 58, 250, 157, 270, 213, 157, 270, 213, 157, 270, 213, 157, 250, 58, 0)
False, True, 0.125, (0, 58, 250, 213, 157, 270, 213, 157, 270, 213, 157, 270, 213, 157, 250, 58, 0)
False, True, 0.1698, (0, 278, 63, 126, 78, 145, 134, 78, 145, 134, 78, 145, 134, 78, 63, 278, 0)
True, True, 0.178, (0, 130, 93, 151, 97, 5, 38, 142, 25, 52, 113, 150, 104, 101, 139, 121, 24, 309, 10, 291, 0)
False, True, 0.0147, (0, 117, 161, 69, 162, 46, 65, 109, 46, 65, 109, 46, 162, 314, 18, 94, 201, 290, 0)
False, True, 0.1322, (0, 161, 69, 162, 46, 109, 65, 46, 109, 65, 46, 162, 31, 156, 135, 28, 59, 155, 0)
True, True, 0.1133, (0, 290, 201, 175, 79, 152, 161, 94, 18, 314, 69, 31, 156, 135, 28, 91, 47, 14, 16, 0)
True, True, 0.1889, (0, 292, 222, 49, 267, 284, 269, 199, 177, 136, 160, 80, 13, 112, 67, 235, 127, 298, 255, 0)
True, True, 0.1207, (0, 60, 129, 25, 52, 113, 119, 11, 144, 107, 109, 65, 46, 162, 31, 156, 135, 44, 15, 0)
True, True, 0.0352, (0, 247, 196, 201, 1, 316, 94, 18, 314, 69, 31, 156, 135, 28, 158, 59, 47, 14, 16, 0)
True, True, 0.0163, (0, 247, 196, 201, 1, 316, 94, 18, 314, 69, 31, 156, 135, 28, 158, 59, 47, 14, 155, 0)
True, True, 0.035, (0, 247, 41, 117, 152, 79, 94, 18, 314, 69, 162, 31, 156, 135, 28, 158, 59, 155, 16, 0)
True, True, 0.1207, (0, 43, 242, 104, 150, 84, 119, 11, 144, 107, 109, 65, 46, 162, 314, 18, 94, 201, 290, 0)
True, True, 0.1681, (0, 41, 117, 152, 79, 94, 18, 314, 69, 31, 156, 135, 28, 158, 59, 47, 14, 155, 16, 0)
True, True, 0.0074, (0, 247, 290, 146, 316, 94, 18, 314, 69, 31, 156, 135, 28, 158, 59, 47, 14, 155, 16, 0)
False, True, 0.0853, (0, 250, 272, 137, 186, 304, 262, 186, 304, 262, 186, 137, 304, 262, 186, 137, 272, 228, 0)
False, True, 0.3071, (0, 238, 57, 320, 131, 72, 68, 204, 320, 131, 204, 68, 72, 131, 320, 57, 238, 0)
False, True, 0.1325, (0, 191, 187, 37, 193, 276, 140, 45, 22, 140, 45, 22, 276, 193, 37, 187, 191, 0)
False, True, 0.0053, (0, 57, 275, 37, 193, 276, 22, 140, 45, 22, 140, 45, 22, 276, 193, 37, 231, 0)
False, True, 0.0319, (0, 191, 275, 187, 37, 193, 276, 22, 140, 45, 22, 276, 193, 37, 187, 106, 191, 0)
True, True, 0.017, (0, 277, 280, 146, 316, 94, 18, 314, 69, 162, 31, 156, 135, 28, 91, 47, 14, 155, 16, 0)
True, True, 0.1155, (0, 290, 201, 1, 316, 94, 18, 314, 69, 162, 31, 156, 135, 44, 323, 264, 86, 203, 95, 0)
True, True, 0.0109, (0, 292, 243, 49, 267, 284, 269, 199, 177, 136, 160, 80, 13, 112, 67, 235, 127, 298, 255, 0)
False, True, 0.1131, (0, 228, 50, 246, 100, 274, 83, 166, 274, 83, 166, 274, 83, 166, 100, 246, 50, 228, 0)
False, True, 0.059, (0, 9, 73, 133, 77, 5, 38, 142, 123, 75, 54, 123, 142, 38, 5, 77, 133, 73, 9, 0)
False, True, 0.0853, (0, 228, 50, 246, 100, 166, 274, 83, 166, 274, 83, 166, 274, 83, 166, 100, 302, 50, 0)
False, True, 0.144, (0, 72, 68, 60, 129, 74, 132, 19, 74, 132, 19, 74, 132, 19, 74, 129, 60, 204, 0)
False, True, 0.0296, (0, 231, 276, 140, 45, 132, 19, 74, 132, 19, 74, 132, 19, 129, 60, 204, 320, 0)
False, True, 0.2767, (0, 294, 125, 289, 48, 30, 248, 302, 246, 141, 302, 246, 248, 30, 48, 289, 125, 294, 0)
False, True, 0.0382, (0, 303, 205, 211, 266, 111, 172, 170, 211, 266, 111, 172, 170, 111, 172, 170, 244, 55, 239, 0)
True, True, 0.075, (0, 272, 137, 224, 303, 205, 154, 296, 221, 99, 210, 153, 281, 324, 300, 149, 141, 0)
False, True, 0.0798, (0, 239, 55, 244, 312, 180, 317, 174, 128, 301, 103, 128, 317, 180, 312, 244, 55, 239, 0)
True, True, 0.037, (0, 290, 201, 175, 79, 152, 161, 94, 18, 314, 69, 162, 31, 156, 135, 28, 91, 47, 14, 0)
True, True, 0.0468, (0, 247, 196, 175, 94, 18, 314, 69, 31, 156, 135, 44, 323, 264, 86, 203, 15, 95, 0)
False, True, 0.0054, (0, 261, 252, 182, 260, 39, 122, 257, 71, 122, 257, 71, 122, 39, 260, 182, 252, 324, 0)
False, True, 0.0519, (0, 272, 137, 311, 223, 154, 296, 221, 210, 99, 221, 296, 154, 205, 303, 224, 262, 0)
False, True, 0.0004, (0, 255, 287, 56, 127, 235, 230, 105, 235, 230, 105, 235, 127, 56, 287, 255, 0)
False, True, 0.0457, (0, 250, 304, 224, 303, 205, 154, 296, 221, 210, 99, 221, 296, 154, 223, 311, 137, 0)
False, True, 0.0787, (0, 231, 116, 22, 45, 132, 19, 74, 132, 19, 74, 132, 19, 129, 60, 204, 131, 0)
False, True, 0.1342, (0, 185, 292, 255, 287, 56, 127, 235, 105, 230, 235, 105, 230, 243, 222, 185, 0)
False, True, 0.0319, (0, 37, 19, 132, 74, 19, 132, 74, 19, 132, 74, 19, 132, 45, 22, 116, 231, 0)
True, True, 0.1791, (0, 96, 159, 49, 267, 284, 269, 199, 177, 136, 160, 80, 13, 112, 67, 235, 127, 56, 0)
False, True, 0.1322, (0, 95, 15, 203, 86, 264, 323, 44, 28, 158, 91, 59, 158, 91, 47, 14, 155, 16, 0)
False, True, 0.089, (0, 185, 292, 222, 243, 49, 159, 243, 49, 159, 243, 49, 159, 243, 222, 96, 185, 0)
False, True, 0.1002, (0, 57, 275, 37, 193, 276, 140, 45, 22, 140, 45, 22, 276, 193, 37, 187, 275, 0)
False, True, 0.0656, (0, 8, 319, 179, 307, 12, 234, 183, 12, 234, 183, 12, 234, 249, 87, 251, 120, 190, 0)
False, True, 0.2054, (0, 228, 50, 141, 149, 20, 311, 303, 205, 223, 20, 311, 224, 304, 262, 186, 272, 0)
False, True, 0.1834, (0, 302, 100, 8, 319, 256, 321, 209, 206, 321, 209, 206, 321, 209, 206, 321, 256, 319, 8, 100, 0)
False, True, 0.3037, (0, 181, 110, 70, 178, 322, 326, 299, 6, 275, 106, 6, 299, 326, 322, 178, 70, 110, 181, 0)
False, True, 0.0091, (0, 302, 100, 8, 319, 256, 321, 209, 206, 321, 209, 206, 321, 209, 206, 321, 256, 319, 8, 302, 0)
True, True, 0.0852, (0, 130, 93, 151, 51, 97, 5, 38, 142, 25, 52, 113, 150, 104, 101, 139, 121, 24, 309, 277, 313, 0)
False, True, 0.1324, (0, 161, 69, 162, 65, 109, 46, 65, 109, 107, 144, 11, 119, 113, 52, 25, 129, 60, 0)
False, True, 0.0996, (0, 227, 232, 176, 169, 17, 108, 194, 208, 200, 194, 108, 17, 169, 232, 227, 96, 0)
False, True, 0.0225, (0, 43, 242, 139, 101, 21, 107, 109, 65, 46, 109, 65, 162, 69, 161, 117, 41, 0)
False, True, 0.2571, (0, 138, 207, 306, 164, 258, 285, 36, 61, 285, 36, 61, 173, 225, 308, 286, 7, 88, 0)
False, True, 0.1242, (0, 96, 232, 176, 169, 17, 108, 194, 208, 200, 194, 108, 17, 169, 176, 232, 96, 0)
False, True, 0.0969, (0, 227, 232, 176, 169, 17, 108, 194, 208, 200, 194, 108, 17, 169, 176, 232, 227, 0)
False, True, 0.2245, (0, 16, 155, 14, 47, 91, 59, 158, 28, 44, 323, 264, 44, 323, 264, 86, 203, 15, 95, 0)
True, True, 0.0198, (0, 16, 155, 14, 47, 59, 158, 28, 135, 156, 31, 162, 69, 314, 18, 94, 161, 117, 41, 0)
False, True, 0.0513, (0, 191, 106, 187, 231, 116, 233, 118, 116, 233, 118, 116, 233, 118, 116, 231, 106, 191, 0)
False, True, 0.1221, (0, 278, 163, 138, 88, 7, 286, 306, 207, 286, 7, 138, 163, 134, 145, 278, 0)
False, True, 0.0175, (0, 130, 93, 151, 97, 5, 38, 142, 123, 75, 54, 123, 75, 142, 38, 5, 97, 51, 151, 93, 130, 0)
False, True, 0.0501, (0, 223, 211, 170, 172, 180, 312, 102, 317, 103, 301, 128, 174, 180, 312, 244, 55, 239, 0)
False, True, 0.0082, (0, 60, 129, 25, 52, 113, 84, 119, 11, 144, 21, 11, 119, 84, 150, 104, 242, 43, 116, 231, 0)
False, True, 0.2615, (0, 126, 120, 251, 217, 325, 288, 198, 279, 245, 220, 279, 198, 288, 325, 217, 251, 120, 0)
False, True, 0.0416, (0, 271, 249, 95, 325, 288, 198, 279, 245, 220, 279, 198, 288, 325, 217, 251, 120, 190, 0)
False, True, 0.0148, (0, 105, 67, 112, 53, 26, 114, 64, 29, 114, 64, 29, 114, 26, 53, 112, 67, 105, 0)
False, True, 0.1323, (0, 190, 120, 251, 87, 249, 183, 87, 249, 234, 12, 307, 179, 271, 192, 188, 23, 248, 0)
False, True, 0.1699, (0, 247, 290, 196, 175, 79, 152, 161, 314, 18, 94, 161, 152, 79, 175, 215, 41, 288, 325, 0)
False, True, 0.0783, (0, 202, 39, 310, 2, 147, 143, 62, 189, 76, 62, 189, 76, 62, 189, 76, 89, 218, 312, 0)
False, True, 0.1326, (0, 219, 268, 195, 237, 165, 236, 263, 253, 195, 237, 165, 236, 263, 253, 58, 0)
False, True, 0.2572, (0, 294, 278, 63, 126, 190, 197, 295, 188, 23, 295, 188, 23, 197, 190, 30, 48, 289, 125, 0)
False, True, 0.1555, (0, 191, 275, 187, 37, 193, 276, 140, 45, 22, 140, 276, 193, 37, 187, 106, 191, 0)
False, True, 0.2347, (0, 219, 268, 195, 237, 165, 236, 263, 253, 195, 237, 165, 236, 263, 253, 219, 0)
False, True, 0.1004, (0, 149, 20, 154, 296, 211, 266, 111, 172, 170, 111, 172, 170, 211, 296, 154, 223, 311, 0)
False, True, 0.25, (0, 32, 98, 42, 34, 241, 42, 34, 241, 42, 34, 241, 42, 34, 241, 57, 0)
True, True, 0.059, (0, 179, 168, 315, 229, 85, 310, 2, 147, 143, 62, 189, 76, 89, 218, 102, 317, 174, 266, 0)
False, True, 0.0136, (0, 282, 148, 297, 124, 318, 171, 259, 212, 184, 171, 259, 200, 208, 17, 176, 227, 0)
False, True, 0.0223, (0, 247, 220, 245, 265, 214, 273, 265, 214, 167, 216, 92, 40, 254, 66, 291, 225, 0)
False, True, 0.0711, (0, 266, 174, 317, 102, 218, 89, 81, 3, 4, 81, 3, 4, 81, 3, 310, 85, 240, 168, 0)
False, True, 0.1541, (0, 247, 220, 245, 214, 273, 265, 214, 273, 167, 216, 92, 40, 254, 66, 313, 33, 0)
False, True, 0.0719, (0, 291, 10, 309, 24, 121, 280, 146, 316, 1, 201, 146, 280, 121, 24, 309, 10, 291, 0)
False, True, 0.1106, (0, 267, 284, 136, 160, 26, 53, 98, 64, 114, 29, 64, 114, 26, 53, 112, 105, 0)
False, True, 0.0164, (0, 238, 181, 110, 70, 178, 322, 326, 299, 106, 275, 6, 299, 326, 322, 178, 306, 207, 163, 0)
False, True, 0.0922, (0, 228, 50, 302, 100, 166, 83, 274, 166, 83, 274, 8, 248, 30, 48, 289, 125, 294, 0)
False, True, 0.0088, (0, 239, 55, 244, 312, 180, 102, 317, 301, 128, 103, 301, 128, 103, 301, 128, 174, 266, 223, 0)
False, True, 0.0127, (0, 230, 13, 80, 53, 26, 114, 64, 29, 114, 64, 98, 26, 53, 67, 235, 127, 0)
False, True, 0.096, (0, 33, 313, 40, 92, 216, 290, 196, 215, 117, 41, 215, 117, 86, 203, 15, 95, 0)
False, True, 0.0743, (0, 185, 292, 255, 287, 56, 298, 127, 230, 105, 235, 127, 56, 287, 255, 292, 185, 0)
False, True, 0.0866, (0, 96, 227, 208, 200, 259, 212, 184, 259, 212, 184, 259, 200, 208, 227, 96, 0)
False, True, 0.1123, (0, 239, 55, 244, 172, 170, 211, 266, 111, 172, 170, 111, 172, 170, 244, 55, 239, 224, 0)
False, True, 0.0795, (0, 239, 55, 244, 312, 180, 102, 317, 301, 128, 103, 317, 102, 180, 312, 244, 55, 239, 0)
False, True, 0.0049, (0, 309, 24, 139, 101, 21, 107, 109, 65, 46, 109, 65, 46, 162, 69, 161, 117, 0)
False, True, 0.0189, (0, 324, 281, 261, 293, 226, 260, 182, 226, 260, 182, 226, 293, 261, 281, 324, 0)
True, True, 0.0494, (0, 173, 277, 309, 24, 121, 139, 101, 104, 150, 113, 52, 25, 142, 38, 5, 97, 51, 151, 93, 130, 0)
False, True, 0.0583, (0, 197, 295, 192, 179, 307, 12, 234, 249, 87, 183, 234, 12, 307, 179, 192, 295, 197, 0)
False, True, 0.0516, (0, 43, 242, 139, 101, 21, 107, 109, 65, 46, 109, 65, 46, 162, 31, 161, 117, 0)
False, True, 0.0618, (0, 180, 102, 218, 89, 4, 81, 3, 4, 81, 3, 4, 81, 3, 4, 89, 218, 312, 0)
False, True, 0.0136, (0, 148, 297, 124, 318, 171, 212, 184, 171, 212, 184, 171, 212, 184, 171, 318, 124, 148, 0)
False, True, 0.0973, (0, 278, 63, 126, 78, 145, 134, 163, 138, 134, 145, 78, 126, 30, 48, 289, 125, 0)
False, True, 0.1632, (0, 58, 219, 268, 253, 263, 236, 165, 237, 195, 268, 282, 148, 268, 219, 58, 0)
False, True, 0.0386, (0, 16, 155, 14, 47, 91, 158, 59, 91, 158, 59, 91, 47, 14, 62, 2, 310, 39, 0)
False, True, 0.1297, (0, 231, 116, 43, 242, 139, 101, 21, 107, 144, 11, 21, 101, 139, 242, 43, 116, 231, 0)
False, True, 0.0209, (0, 239, 55, 244, 312, 180, 174, 103, 128, 301, 103, 174, 180, 312, 244, 55, 239, 0)
False, True, 0.1791, (0, 185, 292, 255, 287, 298, 56, 287, 298, 56, 287, 298, 56, 287, 255, 292, 185, 0)
False, True, 0.0267, (0, 153, 35, 202, 305, 257, 71, 122, 257, 71, 122, 257, 71, 39, 226, 293, 261, 0)
False, True, 0.0368, (0, 247, 198, 279, 220, 245, 265, 273, 214, 265, 273, 214, 265, 245, 220, 247, 0)
False, True, 0.0208, (0, 251, 217, 198, 279, 245, 220, 279, 245, 220, 279, 198, 288, 325, 95, 87, 271, 0)
False, True, 0.076, (0, 271, 16, 155, 14, 47, 91, 158, 59, 91, 158, 59, 91, 47, 14, 155, 16, 271, 0)
False, True, 0.1005, (0, 32, 130, 93, 151, 82, 51, 97, 77, 90, 51, 97, 77, 90, 115, 133, 73, 9, 29, 0)
False, True, 0.0079, (0, 228, 50, 141, 149, 20, 311, 303, 223, 205, 303, 311, 20, 149, 141, 50, 228, 0)
False, True, 0.0052, (0, 57, 320, 275, 187, 231, 116, 118, 233, 10, 118, 233, 10, 118, 233, 291, 173, 308, 0)
False, True, 0.0586, (0, 32, 130, 93, 151, 82, 115, 90, 77, 97, 51, 90, 77, 115, 133, 73, 9, 64, 0)
False, True, 0.0514, (0, 33, 313, 40, 92, 216, 167, 265, 273, 214, 265, 167, 216, 92, 40, 313, 33, 0)
False, True, 0.07, (0, 300, 153, 35, 202, 305, 283, 27, 305, 283, 27, 305, 283, 27, 305, 283, 27, 202, 35, 300, 0)
False, True, 0.1625, (0, 33, 313, 66, 254, 277, 280, 146, 316, 1, 201, 146, 280, 121, 24, 309, 10, 291, 173, 0)
False, True, 0.0386, (0, 39, 310, 2, 147, 143, 62, 189, 76, 147, 143, 62, 189, 76, 89, 218, 102, 317, 174, 266, 0)
False, True, 0.0038, (0, 231, 116, 45, 132, 74, 19, 132, 74, 19, 132, 74, 19, 132, 45, 116, 231, 70, 0)
False, True, 0.0068, (0, 96, 227, 176, 169, 108, 177, 269, 199, 177, 136, 160, 80, 13, 112, 67, 235, 127, 298, 255, 0)
False, True, 0.1267, (0, 168, 240, 85, 310, 2, 147, 143, 62, 189, 76, 147, 143, 2, 310, 39, 260, 182, 252, 0)
False, True, 0.0319, (0, 231, 193, 276, 140, 45, 22, 140, 45, 22, 140, 45, 22, 276, 193, 37, 275, 0)
False, True, 0.0708, (0, 261, 252, 260, 39, 310, 2, 147, 143, 62, 189, 76, 147, 143, 2, 310, 85, 240, 168, 0)
False, True, 0.0337, (0, 60, 129, 25, 52, 113, 84, 119, 21, 107, 144, 11, 21, 119, 84, 113, 52, 25, 129, 60, 0)
False, True, 0.059, (0, 32, 130, 93, 151, 82, 51, 97, 5, 38, 142, 75, 54, 123, 75, 54, 123, 75, 54, 68, 72, 0)
False, True, 0.0052, (0, 95, 15, 203, 86, 264, 323, 156, 135, 28, 44, 323, 264, 203, 86, 117, 41, 288, 325, 217, 0)
False, True, 0.028, (0, 294, 63, 78, 145, 134, 163, 138, 134, 145, 78, 134, 145, 78, 63, 278, 0)
False, True, 0.2178, (0, 282, 297, 124, 318, 171, 259, 184, 212, 259, 184, 212, 171, 318, 124, 297, 148, 282, 0)
False, True, 0.0831, (0, 224, 303, 205, 211, 266, 111, 172, 170, 211, 266, 111, 172, 170, 211, 296, 154, 223, 311, 0)
False, True, 0.0077, (0, 63, 78, 145, 134, 163, 181, 110, 70, 306, 207, 286, 7, 88, 138, 163, 278, 0)
False, True, 0.0074, (0, 277, 280, 121, 139, 101, 21, 107, 144, 11, 21, 84, 150, 104, 242, 43, 116, 231, 0)
False, True, 0.0545, (0, 324, 281, 261, 293, 226, 315, 229, 240, 315, 229, 226, 293, 261, 281, 324, 0)
False, True, 0.0951, (0, 233, 118, 43, 242, 139, 101, 21, 107, 144, 11, 119, 84, 150, 104, 242, 43, 118, 233, 0)
False, True, 0.013, (0, 278, 163, 181, 110, 70, 306, 207, 286, 7, 88, 138, 163, 134, 145, 63, 278, 0)
False, True, 0.053, (0, 233, 43, 242, 104, 150, 84, 119, 21, 107, 144, 11, 21, 84, 150, 104, 242, 43, 118, 0)
False, True, 0.0802, (0, 230, 13, 80, 160, 136, 177, 199, 269, 177, 199, 269, 177, 199, 269, 284, 267, 49, 243, 222, 0)
False, True, 0.0168, (0, 306, 231, 37, 193, 276, 140, 45, 22, 140, 45, 22, 276, 193, 37, 231, 306, 0)
False, True, 0.0381, (0, 320, 60, 129, 54, 75, 123, 54, 75, 123, 54, 75, 123, 142, 38, 5, 97, 51, 151, 93, 130, 0)
False, True, 0.0214, (0, 63, 88, 7, 286, 207, 306, 225, 164, 258, 225, 164, 306, 207, 286, 7, 88, 63, 0)
False, True, 0.0352, (0, 148, 297, 124, 318, 171, 259, 184, 212, 259, 184, 212, 259, 171, 318, 124, 297, 148, 0)
False, True, 0.1584, (0, 262, 224, 303, 205, 154, 296, 221, 210, 99, 221, 210, 153, 281, 324, 300, 141, 0)
False, True, 0.1563, (0, 66, 254, 277, 280, 146, 316, 1, 175, 152, 79, 175, 1, 316, 146, 280, 277, 291, 308, 0)
False, True, 0.0079, (0, 228, 50, 141, 149, 20, 223, 205, 303, 239, 205, 223, 20, 311, 224, 137, 272, 250, 0)
False, True, 0.125, (0, 250, 213, 270, 272, 137, 186, 304, 262, 186, 137, 304, 262, 186, 137, 272, 270, 250, 0)
False, True, 0.0708, (0, 231, 116, 43, 242, 104, 150, 84, 119, 21, 144, 11, 119, 84, 150, 104, 242, 43, 309, 277, 0)
False, True, 0.0211, (0, 247, 220, 245, 265, 273, 196, 215, 117, 86, 203, 15, 86, 203, 15, 95, 271, 0)
False, True, 0.1796, (0, 238, 181, 110, 306, 207, 164, 258, 285, 36, 61, 258, 164, 225, 308, 286, 7, 88, 0)
False, True, 0.1782, (0, 239, 55, 244, 312, 180, 317, 301, 103, 128, 301, 103, 128, 301, 103, 174, 111, 211, 0)
False, True, 0.0026, (0, 197, 295, 192, 179, 168, 315, 229, 85, 240, 315, 229, 226, 293, 261, 281, 324, 0)
True, True, 0.0064, (0, 308, 66, 254, 277, 280, 146, 201, 1, 175, 79, 152, 161, 323, 264, 86, 203, 15, 95, 0)
False, True, 0.1925, (0, 8, 319, 256, 321, 261, 293, 226, 182, 260, 252, 182, 226, 293, 261, 281, 324, 0)
False, True, 0.0176, (0, 23, 188, 179, 307, 168, 315, 229, 240, 85, 229, 315, 168, 307, 179, 319, 0)
False, True, 0.0177, (0, 141, 274, 83, 324, 281, 153, 210, 221, 99, 210, 221, 296, 154, 223, 311, 137, 0)
False, True, 0.0636, (0, 141, 149, 20, 154, 296, 221, 210, 99, 221, 296, 154, 205, 303, 224, 304, 0)
False, True, 0.0984, (0, 239, 55, 244, 312, 180, 174, 128, 301, 103, 128, 301, 103, 128, 174, 111, 266, 211, 223, 0)
False, True, 0.0576, (0, 9, 73, 133, 115, 77, 5, 38, 142, 123, 75, 142, 38, 5, 97, 51, 151, 93, 130, 32, 0)
False, True, 0.1424, (0, 33, 313, 40, 92, 216, 167, 290, 196, 215, 117, 41, 215, 196, 273, 220, 247, 0)
False, True, 0.1358, (0, 192, 271, 12, 234, 240, 85, 229, 315, 240, 85, 229, 315, 168, 209, 206, 256, 319, 0)
False, True, 0.0173, (0, 224, 303, 205, 55, 244, 172, 170, 211, 266, 111, 172, 170, 211, 296, 154, 223, 311, 0)
False, True, 0.0683, (0, 228, 50, 141, 149, 20, 223, 205, 303, 223, 205, 303, 223, 205, 303, 224, 304, 272, 0)
False, True, 0.125, (0, 230, 105, 67, 112, 53, 26, 114, 29, 64, 98, 53, 26, 160, 136, 284, 267, 0)
False, True, 0.0683, (0, 35, 202, 305, 257, 71, 122, 257, 71, 122, 257, 71, 122, 39, 260, 252, 281, 0)
False, True, 0.1424, (0, 33, 313, 40, 92, 216, 167, 214, 265, 273, 214, 265, 245, 279, 198, 217, 0)
False, True, 0.0568, (0, 271, 95, 15, 203, 86, 264, 323, 156, 135, 28, 44, 323, 264, 86, 203, 15, 155, 16, 271, 0)
False, True, 0.0924, (0, 149, 300, 324, 281, 153, 210, 221, 99, 210, 221, 296, 154, 223, 311, 137, 272, 0)
False, True, 0.0259, (0, 149, 210, 99, 35, 202, 305, 283, 27, 305, 283, 27, 305, 283, 27, 202, 35, 99, 210, 0)
False, True, 0.0214, (0, 88, 7, 286, 308, 225, 258, 285, 36, 61, 258, 164, 225, 308, 286, 7, 88, 63, 0)
False, True, 0.0386, (0, 266, 174, 317, 102, 218, 89, 76, 189, 62, 76, 189, 143, 147, 2, 310, 39, 260, 35, 0)
False, True, 0.1911, (0, 266, 174, 317, 102, 218, 89, 81, 3, 4, 81, 3, 4, 81, 3, 4, 89, 218, 102, 0)
False, True, 0.1221, (0, 191, 106, 187, 231, 116, 118, 233, 10, 118, 233, 10, 118, 233, 291, 173, 308, 88, 0)
False, True, 0.042, (0, 247, 167, 290, 196, 201, 1, 175, 152, 79, 161, 152, 79, 175, 1, 201, 196, 290, 167, 247, 0)
False, True, 0.036, (0, 163, 138, 207, 306, 164, 258, 285, 36, 61, 285, 36, 61, 258, 164, 306, 163, 0)
False, True, 0.1095, (0, 8, 319, 256, 206, 209, 293, 226, 182, 252, 260, 182, 252, 35, 99, 153, 300, 149, 0)
False, True, 0.01, (0, 252, 260, 39, 310, 2, 147, 143, 62, 189, 76, 147, 143, 2, 310, 39, 260, 252, 324, 0)
False, True, 0.2596, (0, 32, 98, 9, 73, 133, 82, 115, 90, 77, 51, 90, 115, 82, 133, 73, 9, 29, 0)
False, True, 0.0327, (0, 141, 149, 300, 153, 210, 221, 99, 210, 221, 296, 154, 205, 303, 224, 304, 250, 0)
False, True, 0.0257, (0, 282, 148, 297, 124, 318, 171, 259, 212, 184, 171, 259, 200, 208, 176, 232, 227, 0)
False, True, 0.0863, (0, 95, 15, 203, 86, 117, 41, 215, 117, 41, 215, 196, 273, 265, 245, 220, 247, 0)
False, True, 0.0697, (0, 207, 225, 173, 291, 233, 118, 10, 233, 118, 10, 233, 118, 116, 231, 187, 106, 191, 0)
False, True, 0.1676, (0, 190, 120, 251, 87, 249, 183, 87, 249, 183, 234, 12, 307, 179, 192, 188, 23, 248, 0)
False, True, 0.1109, (0, 105, 67, 112, 53, 26, 114, 64, 29, 114, 64, 98, 26, 53, 80, 13, 230, 0)
False, True, 0.0068, (0, 96, 227, 176, 169, 108, 177, 199, 269, 177, 199, 269, 177, 199, 269, 177, 199, 269, 284, 267, 49, 159, 0)
False, True, 0.0783, (0, 228, 50, 141, 149, 20, 311, 149, 20, 311, 224, 304, 262, 186, 137, 272, 250, 0)
False, True, 0.0295, (0, 33, 313, 40, 92, 216, 167, 273, 214, 167, 216, 92, 40, 254, 66, 291, 173, 225, 0)
False, True, 0.0007, (0, 197, 192, 179, 307, 168, 315, 240, 85, 229, 315, 168, 307, 179, 192, 295, 197, 0)
False, True, 0.0136, (0, 96, 227, 232, 176, 169, 17, 108, 194, 208, 200, 194, 208, 200, 297, 148, 282, 0)
False, True, 0.0947, (0, 261, 293, 226, 39, 122, 71, 257, 122, 71, 257, 122, 71, 257, 202, 35, 153, 0)
False, True, 0.0346, (0, 163, 138, 286, 207, 306, 164, 258, 285, 36, 61, 258, 164, 306, 207, 138, 163, 0)
False, True, 0.0462, (0, 149, 300, 153, 35, 202, 283, 27, 305, 283, 27, 305, 283, 27, 202, 35, 99, 210, 20, 0)
False, True, 0.0621, (0, 32, 130, 93, 151, 82, 115, 77, 90, 115, 77, 90, 115, 82, 133, 73, 9, 29, 0)
False, True, 0.0111, (0, 191, 275, 37, 193, 276, 140, 45, 22, 140, 45, 22, 276, 193, 37, 275, 191, 57, 0)
False, True, 0.0958, (0, 163, 138, 306, 207, 225, 173, 61, 36, 285, 258, 164, 225, 308, 286, 7, 88, 63, 0)
False, True, 0.0708, (0, 231, 116, 43, 242, 104, 150, 84, 21, 107, 144, 11, 21, 101, 139, 121, 24, 277, 0)
True, True, 0.0523, (0, 95, 15, 203, 86, 264, 323, 161, 152, 79, 175, 1, 316, 146, 280, 277, 254, 66, 308, 0)
False, True, 0.0625, (0, 153, 35, 260, 39, 122, 71, 257, 122, 71, 257, 122, 71, 257, 283, 27, 99, 0)
False, True, 0.0208, (0, 271, 87, 95, 325, 288, 198, 325, 288, 198, 279, 245, 220, 279, 198, 288, 325, 217, 120, 0)
False, True, 0.0823, (0, 163, 138, 306, 207, 225, 173, 61, 36, 285, 258, 164, 225, 308, 286, 7, 88, 126, 0)
False, True, 0.0125, (0, 248, 23, 188, 319, 256, 321, 209, 206, 321, 209, 206, 321, 256, 319, 188, 23, 248, 0)
False, True, 0.0346, (0, 294, 63, 126, 145, 134, 163, 138, 88, 7, 138, 163, 134, 145, 78, 63, 294, 0)
False, True, 0.0305, (0, 219, 268, 195, 237, 165, 236, 263, 253, 268, 195, 237, 165, 236, 263, 253, 0)
False, True, 0.0121, (0, 96, 227, 232, 176, 169, 17, 108, 194, 208, 200, 194, 108, 17, 169, 159, 96, 0)
False, True, 0.0479, (0, 96, 227, 208, 200, 259, 171, 212, 184, 171, 212, 184, 171, 318, 124, 297, 148, 0)
False, True, 0.0416, (0, 8, 256, 206, 209, 168, 315, 229, 85, 240, 315, 229, 85, 240, 168, 209, 206, 256, 8, 0)
False, True, 0.0839, (0, 130, 93, 151, 82, 51, 97, 5, 38, 142, 123, 75, 54, 142, 38, 5, 77, 133, 73, 9, 0)
False, True, 0.0589, (0, 300, 153, 99, 35, 202, 305, 283, 27, 305, 283, 27, 305, 283, 27, 202, 35, 99, 20, 0)
False, True, 0.0645, (0, 319, 256, 206, 209, 168, 315, 229, 240, 85, 229, 315, 168, 307, 179, 188, 23, 0)
False, True, 0.0192, (0, 32, 130, 93, 151, 82, 115, 51, 90, 77, 51, 90, 77, 51, 82, 151, 93, 130, 32, 0)
False, True, 0.0852, (0, 33, 66, 254, 40, 92, 216, 167, 265, 214, 167, 216, 92, 40, 254, 66, 313, 33, 0)
False, True, 0.1035, (0, 204, 60, 129, 25, 52, 113, 84, 119, 21, 107, 144, 11, 119, 84, 113, 52, 25, 129, 60, 0)
False, True, 0.0784, (0, 159, 49, 267, 284, 269, 199, 177, 269, 199, 177, 136, 160, 80, 13, 112, 67, 105, 230, 0)
False, True, 0.0121, (0, 239, 55, 244, 312, 180, 317, 174, 301, 128, 174, 317, 102, 180, 312, 244, 55, 239, 0)
False, True, 0.0723, (0, 159, 176, 208, 200, 259, 171, 212, 184, 171, 212, 184, 171, 318, 124, 297, 148, 0)
False, True, 0.1758, (0, 238, 181, 70, 178, 322, 326, 299, 6, 275, 106, 6, 299, 326, 322, 178, 70, 110, 163, 0)
False, True, 0.0068, (0, 159, 49, 267, 284, 269, 199, 177, 269, 199, 136, 160, 80, 13, 112, 67, 235, 127, 255, 0)
False, True, 0.0492, (0, 197, 295, 192, 271, 307, 168, 315, 229, 240, 85, 229, 315, 168, 307, 179, 188, 0)
False, True, 0.0929, (0, 197, 295, 192, 271, 87, 249, 183, 87, 249, 183, 234, 12, 307, 179, 271, 192, 295, 197, 0)
False, True, 0.0353, (0, 179, 168, 240, 85, 310, 2, 143, 147, 76, 189, 62, 143, 147, 2, 310, 39, 260, 202, 0)
False, True, 0.0379, (0, 180, 312, 218, 89, 76, 189, 62, 143, 147, 2, 143, 147, 2, 310, 39, 260, 252, 0)
False, True, 0.0411, (0, 185, 96, 148, 282, 268, 195, 237, 165, 236, 263, 253, 268, 219, 58, 0)
True, True, 0.0057, (0, 255, 298, 127, 235, 67, 112, 13, 80, 160, 136, 284, 267, 49, 243, 222, 185, 0)
False, True, 0.0104, (0, 41, 161, 162, 46, 109, 65, 46, 109, 65, 46, 109, 65, 46, 162, 31, 161, 41, 0)
False, True, 0.0471, (0, 197, 192, 271, 307, 168, 315, 240, 85, 229, 240, 85, 229, 315, 168, 307, 179, 0)
False, True, 0.0492, (0, 23, 295, 192, 271, 179, 307, 12, 234, 183, 12, 234, 183, 249, 87, 251, 120, 190, 0)
False, True, 0.0007, (0, 197, 192, 271, 307, 168, 315, 229, 85, 240, 229, 85, 240, 234, 12, 271, 192, 197, 0)
False, True, 0.0969, (0, 170, 172, 180, 102, 218, 89, 76, 189, 62, 76, 189, 62, 143, 147, 2, 310, 39, 202, 0)
False, True, 0.0676, (0, 228, 50, 246, 100, 83, 274, 166, 83, 274, 166, 83, 274, 8, 100, 302, 246, 50, 228, 0)
False, True, 0.0017, (0, 255, 127, 235, 67, 32, 98, 64, 114, 29, 64, 98, 26, 53, 80, 13, 230, 0)
False, True, 0.0962, (0, 127, 235, 67, 32, 98, 64, 114, 29, 64, 114, 26, 53, 80, 13, 105, 230, 0)
False, True, 0.0296, (0, 191, 275, 37, 193, 19, 74, 132, 19, 74, 132, 19, 74, 132, 45, 22, 116, 231, 0)
False, True, 0.0002, (0, 231, 43, 242, 104, 150, 84, 119, 21, 11, 144, 107, 21, 84, 150, 104, 242, 43, 231, 0)
False, True, 0.0455, (0, 230, 13, 80, 53, 26, 114, 64, 29, 114, 64, 29, 114, 26, 53, 112, 67, 235, 0)
False, True, 0.0082, (0, 163, 207, 306, 178, 322, 326, 299, 6, 275, 106, 6, 275, 106, 6, 191, 57, 238, 0)
False, True, 0.0039, (0, 247, 290, 201, 1, 175, 79, 152, 161, 314, 18, 94, 161, 152, 79, 175, 1, 201, 290, 247, 0)
False, True, 0.0115, (0, 99, 27, 283, 257, 71, 122, 257, 71, 122, 257, 71, 122, 39, 260, 252, 281, 0)
False, True, 0.046, (0, 300, 153, 35, 202, 305, 257, 71, 122, 257, 71, 122, 39, 260, 202, 35, 153, 300, 0)
False, True, 0.0891, (0, 324, 281, 261, 293, 226, 252, 182, 260, 252, 182, 226, 293, 261, 281, 324, 300, 0)
False, True, 0.0213, (0, 300, 35, 202, 305, 122, 71, 257, 122, 71, 257, 122, 71, 39, 260, 182, 252, 324, 0)
False, True, 0.0633, (0, 300, 153, 35, 202, 27, 283, 305, 27, 283, 305, 27, 283, 305, 27, 283, 99, 210, 20, 0)
False, True, 0.0295, (0, 248, 23, 188, 192, 271, 183, 234, 12, 183, 234, 12, 307, 179, 192, 295, 197, 190, 0)
False, True, 0.0522, (0, 324, 281, 261, 293, 315, 229, 240, 85, 229, 315, 168, 307, 179, 192, 295, 197, 0)
False, True, 0.0038, (0, 231, 22, 45, 19, 132, 74, 19, 132, 74, 19, 132, 74, 19, 45, 22, 231, 0)
False, True, 0.0058, (0, 57, 320, 275, 187, 231, 116, 233, 118, 116, 233, 118, 116, 231, 187, 106, 191, 238, 0)
False, True, 0.0315, (0, 267, 284, 136, 160, 26, 53, 98, 64, 114, 26, 53, 112, 67, 235, 127, 255, 0)
False, True, 0.0218, (0, 324, 252, 39, 310, 2, 147, 143, 62, 189, 76, 62, 189, 76, 89, 218, 102, 317, 174, 266, 0)
False, True, 0.0046, (0, 8, 319, 256, 206, 209, 168, 315, 229, 240, 315, 229, 226, 293, 261, 281, 324, 0)
False, True, 0.0162, (0, 130, 93, 151, 51, 97, 5, 38, 142, 123, 75, 142, 38, 5, 97, 51, 82, 151, 93, 130, 32, 0)
False, True, 0.0332, (0, 261, 226, 39, 310, 2, 147, 143, 2, 147, 143, 62, 189, 76, 89, 218, 312, 180, 0)
False, True, 0.0093, (0, 312, 218, 89, 4, 3, 81, 4, 3, 81, 4, 3, 81, 4, 89, 218, 312, 239, 0)
False, True, 0.012, (0, 247, 220, 245, 214, 273, 196, 215, 117, 41, 215, 196, 290, 167, 245, 220, 247, 0)
False, True, 0.0213, (0, 324, 252, 182, 260, 39, 122, 257, 71, 122, 257, 71, 122, 257, 305, 202, 35, 300, 0)
False, True, 0.0025, (0, 117, 161, 69, 162, 65, 109, 46, 65, 109, 107, 144, 21, 101, 139, 24, 309, 0)
all_elementary, False
all_cyc2, True
