Instance, X-n303-k21
capacity, 794
min_trucks, 21
output_file, output_uchoa/X-n303-k21-ng8.log
Start date, 2022-07-01
Start time, 07-37-55
capacity, 794
num_vehicles, 21
abort_early, False
methods, ['ng8']
max_vars, 100
time_limit, 86400
farley, False
ESPPRC_heur, True
initial time, initial max_it, max_stale_it
1, 20000.0, 20
heuristic Number of routes, heuristic Best Solution Value, heuristic number of iterations, adjusted time, adjusted max_it, measured total time
214431, 21805.0, 20000, 1, 20000.0, 24295.3
method, python time, total time, propagated dominance time, unpropagated dominance time, pricing_success, upper_bound, lower_bound, abort_early, num_paths, 
ESPPRC_heur, 0.1, 5.0, 3.9, 0.5, 0, 21150.2086, 17304.5463, True, 7589
ESPPRC_heur, 0.1, 6.4, 5.0, 0.6, 0, 21150.2086, 18461.1349, True, 4121
ESPPRC_heur, 0.0, 7.0, 5.3, 0.7, 0, 21150.2086, 19164.8116, True, 2698
ESPPRC_heur, 0.1, 7.4, 5.5, 0.7, 0, 21150.2086, 19704.7575, True, 1903
ESPPRC_heur, 0.0, 7.1, 5.3, 0.7, 0, 21150.2086, 19544.9672, True, 1324
ESPPRC_heur, 0.1, 8.0, 6.1, 0.8, 0, 21150.2086, 20094.134, True, 1255
ESPPRC_heur, 0.0, 7.5, 5.6, 0.7, 0, 21139.8904, 19628.5622, True, 1688
ESPPRC_heur, 0.1, 7.0, 5.2, 0.7, 0, 21139.8904, 20131.8904, True, 1030
ESPPRC_heur, 0.0, 7.7, 5.8, 0.7, 0, 21139.8871, 20349.3609, True, 682
ESPPRC_heur, 0.1, 8.3, 6.3, 0.8, 0, 21139.3298, 20311.8904, True, 656
ESPPRC_heur, 0.1, 8.0, 6.1, 0.8, 0, 21139.2358, 19671.1845, True, 1124
ESPPRC_heur, 0.1, 8.5, 6.5, 0.8, 0, 21138.6566, 20499.4133, True, 632
ESPPRC_heur, 0.0, 8.3, 6.2, 0.8, 0, 21137.1484, 20633.6286, True, 367
ESPPRC_heur, 0.0, 8.3, 6.2, 0.8, 0, 21134.1066, 20874.0066, True, 165
ESPPRC_heur, 0.1, 8.4, 6.4, 0.8, 0, 21129.2731, 20432.8958, True, 486
ESPPRC_heur, 0.1, 9.7, 7.5, 0.9, 0, 21128.2504, 20777.2525, True, 275
ESPPRC_heur, 0.1, 9.1, 7.1, 0.8, 0, 21125.5987, 20722.3538, True, 203
ESPPRC_heur, 0.1, 9.8, 7.7, 0.9, 0, 21122.7336, 20898.8368, True, 94
ESPPRC_heur, 0.1, 9.0, 7.0, 0.8, 0, 21121.0681, 20907.2992, True, 83
ESPPRC_heur, 0.0, 9.2, 7.1, 0.8, 0, 21119.1979, 20910.3297, True, 55
ESPPRC_heur, 0.0, 9.5, 7.4, 0.9, 0, 21118.7743, 20980.4819, True, 30
ESPPRC_heur, 0.0, 9.1, 7.0, 0.9, 0, 21118.1464, 21037.0425, True, 16
ESPPRC_heur, 0.0, 9.1, 7.1, 0.8, 0, 21117.7493, 20993.7828, True, 14
ESPPRC_heur, 0.1, 9.2, 7.1, 0.9, 0, 21116.8446, 20734.7529, True, 103
ESPPRC_heur, 0.0, 7.8, 5.8, 0.8, 0, 21116.0318, 20961.5252, True, 18
ESPPRC_heur, 0.1, 7.9, 5.9, 0.8, 0, 21115.5504, 20710.278, True, 130
ESPPRC_heur, -0.0, 8.8, 6.7, 0.8, 0, 21115.1375, 20911.3861, True, 26
ESPPRC_heur, -0.0, 8.1, 6.1, 0.8, 0, 21115.1375, 21085.9783, True, 8
ESPPRC_heur, 0.1, 8.1, 6.1, 0.8, 0, 21115.1181, 21109.0834, True, 1
ng8, 0.1, 3615.5, 3382.5, 208.7, 1, 21115.1181, 19821.8286, 0, 801
ESPPRC_heur, 0.1, 8.0, 6.1, 0.7, 0, 21107.2167, 20683.8485, True, 61
ESPPRC_heur, 0.0, 9.3, 7.3, 0.8, 0, 21104.0552, 21004.2454, True, 35
ESPPRC_heur, -0.0, 8.9, 6.9, 0.8, 0, 21102.7378, 20945.2239, True, 29
ESPPRC_heur, 0.1, 8.7, 6.8, 0.8, 0, 21102.2621, 21023.0491, True, 15
ESPPRC_heur, 0.1, 8.5, 6.6, 0.8, 0, 21101.9671, 21031.5819, True, 14
ESPPRC_heur, 0.1, 9.0, 7.0, 0.8, 0, 21101.8235, 21098.8615, True, 1
ng8, 0.2, 3722.1, 3484.8, 212.7, 1, 21101.8231, 20629.8446, 0, 537
ESPPRC_heur, 0.1, 6.7, 5.0, 0.7, 0, 21091.9521, 20896.7152, True, 86
ESPPRC_heur, 0.1, 9.2, 7.3, 0.8, 0, 21091.3978, 20823.2281, True, 35
ESPPRC_heur, 0.1, 8.9, 7.1, 0.8, 0, 21091.0355, 20993.3039, True, 15
ESPPRC_heur, 0.0, 8.3, 6.4, 0.8, 0, 21090.5623, 21000.2986, True, 15
ESPPRC_heur, 0.0, 7.8, 6.0, 0.7, 0, 21090.5596, 21076.8719, True, 3
ng8, 0.1, 3817.8, 3575.2, 217.7, 1, 21090.5594, 20868.8599, 0, 343
ESPPRC_heur, 0.1, 6.7, 4.9, 0.7, 0, 21083.7637, 20661.7, True, 301
ESPPRC_heur, 0.0, 7.0, 5.1, 0.7, 0, 21083.7637, 20977.3579, True, 37
ESPPRC_heur, -0.0, 7.8, 5.9, 0.7, 0, 21083.5712, 20989.6568, True, 15
ESPPRC_heur, -0.0, 8.1, 6.0, 0.8, 0, 21083.5437, 21062.5437, True, 2
ng8, 0.2, 4000.1, 3741.6, 233.7, 1, 21083.5304, 20753.1863, 0, 247
ESPPRC_heur, 0.1, 7.2, 5.4, 0.7, 0, 21081.1418, 20058.8563, True, 339
ESPPRC_heur, 0.0, 6.8, 5.1, 0.7, 0, 21081.1418, 20921.1012, True, 30
ESPPRC_heur, 0.0, 7.0, 5.0, 0.7, 0, 21080.8597, 20988.3297, True, 14
ESPPRC_heur, -0.0, 6.7, 4.7, 0.7, 0, 21080.8268, 21063.25, True, 3
ng8, 0.1, 4000.4, 3745.4, 228.2, 1, 21080.8268, 20926.9611, 0, 177
ESPPRC_heur, 0.0, 7.1, 5.5, 0.7, 0, 21079.575, 20959.7996, True, 3
ESPPRC_heur, 0.0, 7.0, 5.5, 0.7, 0, 21079.5726, 21074.3437, True, 1
ng8, 0.2, 4012.6, 3760.1, 226.9, 1, 21079.5708, 20974.5708, 0, 148
ESPPRC_heur, -0.0, 8.0, 6.2, 0.7, 0, 21078.8593, 21049.7777, True, 8
ESPPRC_heur, -0.0, 8.9, 7.1, 0.8, 0, 21078.8545, 21075.5799, True, 1
ng8, 0.2, 3996.0, 3741.2, 230.7, 1, 21078.8536, 21022.5759, 0, 66
ESPPRC_heur, 0.1, 6.7, 4.8, 0.7, 0, 21078.4752, 21064.3977, True, 2
ng8, 0.1, 3990.2, 3743.3, 222.6, 1, 21078.4655, 21052.4245, 0, 19
ng8, 0.0, 3832.1, 3595.2, 214.1, 1, 21078.3435, 21069.8827, 0, 9
ESPPRC_heur, 0.0, 5.9, 4.4, 0.6, 0, 21078.3403, 21077.3333, True, 2
ng8, 0.1, 3566.3, 3356.0, 189.6, 1, 21078.3399, 21078.3399, 0, 0
scip_total_time, 63581.006219
Solval, number of paths, impact cutoff
21078.339927089088, 227, 0.0001
Elementary, 2-Cycle, Path Value, Path
True, True, 0.0554, (0, 205, 217, 31, 240, 239, 68, 291, 166, 52, 160, 174, 259, 300, 226, 0)
True, True, 0.0787, (0, 271, 261, 152, 247, 181, 265, 78, 37, 28, 128, 32, 0)
True, True, 0.0194, (0, 94, 66, 257, 227, 190, 140, 89, 218, 82, 275, 250, 221, 101, 157, 0)
True, True, 0.1136, (0, 271, 261, 152, 247, 86, 91, 40, 250, 221, 101, 104, 0)
True, True, 0.0016, (0, 173, 220, 19, 185, 271, 154, 106, 216, 55, 237, 104, 211, 157, 0)
True, True, 0.0368, (0, 217, 31, 240, 239, 254, 145, 138, 207, 194, 255, 195, 90, 280, 187, 166, 0)
True, True, 0.2119, (0, 245, 132, 290, 142, 281, 26, 180, 251, 39, 175, 14, 229, 144, 45, 267, 84, 22, 156, 54, 0)
True, True, 0.1175, (0, 224, 21, 114, 236, 93, 75, 47, 197, 223, 117, 176, 146, 99, 12, 0)
True, True, 0.0014, (0, 32, 261, 3, 136, 269, 213, 81, 64, 282, 79, 17, 292, 297, 0)
True, True, 0.0985, (0, 21, 114, 236, 241, 93, 75, 47, 197, 223, 117, 176, 146, 99, 0)
True, True, 0.6204, (0, 21, 114, 236, 241, 93, 75, 47, 197, 223, 117, 176, 146, 99, 12, 0)
True, True, 0.0079, (0, 52, 166, 291, 68, 187, 262, 280, 195, 90, 186, 253, 150, 268, 252, 171, 234, 124, 278, 301, 0)
True, True, 0.0482, (0, 105, 245, 132, 290, 142, 281, 2, 182, 191, 155, 144, 45, 267, 84, 22, 156, 54, 0)
True, True, 0.0953, (0, 210, 273, 164, 235, 95, 264, 97, 124, 112, 165, 4, 209, 33, 0)
True, True, 0.2044, (0, 222, 279, 170, 214, 41, 260, 48, 80, 1, 287, 43, 206, 16, 203, 24, 178, 0)
True, True, 0.147, (0, 56, 25, 62, 113, 149, 212, 49, 111, 161, 102, 127, 70, 109, 295, 0)
True, True, 0.0101, (0, 228, 154, 151, 86, 91, 40, 250, 221, 94, 100, 148, 286, 0)
True, True, 0.027, (0, 170, 1, 177, 263, 11, 73, 38, 87, 13, 269, 213, 81, 64, 282, 79, 183, 0)
True, True, 0.214, (0, 53, 192, 51, 164, 235, 95, 108, 123, 8, 202, 163, 36, 259, 198, 60, 0)
True, True, 0.0308, (0, 286, 148, 100, 35, 85, 15, 59, 66, 94, 101, 216, 55, 237, 104, 211, 0)
True, True, 0.2621, (0, 98, 153, 69, 188, 162, 46, 7, 58, 230, 299, 289, 296, 274, 196, 34, 242, 231, 125, 12, 0)
True, True, 0.1456, (0, 170, 214, 1, 80, 48, 297, 292, 17, 177, 72, 88, 179, 294, 206, 16, 0)
True, True, 0.0194, (0, 293, 224, 131, 67, 200, 246, 162, 46, 233, 172, 83, 9, 167, 77, 134, 244, 169, 212, 225, 120, 23, 0)
True, True, 0.0525, (0, 248, 5, 193, 30, 133, 25, 62, 113, 283, 225, 120, 109, 219, 0)
True, True, 0.0543, (0, 204, 107, 147, 298, 19, 220, 173, 57, 6, 272, 208, 0)
True, True, 0.265, (0, 53, 60, 198, 36, 108, 123, 8, 202, 163, 174, 160, 52, 166, 0)
True, True, 0.3573, (0, 66, 257, 227, 190, 140, 275, 82, 218, 89, 159, 141, 126, 18, 92, 42, 209, 286, 0)
True, True, 0.0367, (0, 36, 280, 90, 195, 255, 194, 207, 138, 145, 254, 240, 31, 217, 0)
True, True, 0.5341, (0, 208, 276, 272, 6, 284, 173, 220, 19, 298, 147, 107, 204, 0)
True, True, 0.1263, (0, 54, 156, 22, 84, 267, 45, 144, 229, 14, 175, 39, 251, 180, 96, 26, 121, 20, 10, 0)
True, True, 0.1556, (0, 286, 148, 100, 94, 221, 250, 40, 91, 86, 151, 154, 50, 0)
True, True, 0.0098, (0, 33, 42, 92, 18, 126, 141, 159, 89, 218, 82, 275, 140, 190, 227, 257, 66, 0)
True, True, 0.0275, (0, 302, 33, 209, 4, 165, 112, 42, 137, 59, 85, 15, 100, 148, 211, 0)
True, True, 0.0784, (0, 271, 151, 91, 40, 86, 247, 152, 261, 44, 128, 32, 0)
True, True, 0.0772, (0, 98, 56, 25, 62, 113, 149, 212, 49, 111, 161, 102, 127, 70, 158, 0)
True, True, 0.1214, (0, 292, 17, 79, 282, 64, 81, 213, 269, 136, 3, 247, 261, 0)
True, True, 0.2479, (0, 158, 119, 161, 111, 49, 179, 88, 72, 177, 17, 292, 297, 260, 222, 0)
True, True, 0.258, (0, 286, 302, 33, 74, 100, 94, 101, 216, 106, 55, 237, 104, 211, 157, 0)
True, True, 0.0967, (0, 185, 44, 261, 152, 151, 91, 40, 250, 106, 154, 228, 0)
True, True, 0.1425, (0, 5, 133, 25, 62, 113, 149, 244, 169, 212, 225, 283, 120, 23, 0)
True, True, 0.2625, (0, 293, 258, 224, 131, 67, 246, 200, 69, 115, 153, 243, 27, 110, 238, 63, 118, 256, 232, 0)
True, True, 0.0265, (0, 32, 261, 3, 136, 269, 213, 13, 87, 38, 73, 11, 263, 177, 294, 16, 0)
True, True, 0.0712, (0, 178, 203, 116, 288, 206, 43, 287, 1, 80, 48, 260, 41, 170, 279, 0)
True, True, 0.1425, (0, 125, 231, 242, 34, 296, 196, 274, 83, 172, 9, 167, 77, 134, 149, 283, 23, 0)
True, True, 0.1447, (0, 149, 244, 134, 77, 167, 9, 83, 172, 233, 103, 274, 196, 296, 34, 242, 231, 125, 0)
True, True, 0.1514, (0, 158, 109, 70, 127, 102, 161, 111, 49, 179, 88, 72, 294, 288, 116, 24, 0)
True, True, 0.0398, (0, 271, 3, 136, 64, 81, 213, 269, 13, 87, 38, 73, 11, 263, 17, 292, 0)
True, True, 0.0367, (0, 184, 270, 143, 295, 219, 23, 249, 248, 76, 27, 243, 153, 238, 63, 118, 256, 98, 232, 0)
True, True, 0.0105, (0, 41, 48, 297, 292, 17, 177, 72, 88, 179, 294, 288, 116, 178, 0)
True, True, 0.1605, (0, 185, 128, 44, 28, 37, 78, 265, 181, 247, 261, 271, 32, 0)
True, True, 0.03, (0, 293, 258, 224, 131, 67, 246, 200, 69, 115, 56, 133, 30, 193, 61, 98, 0)
True, True, 0.0147, (0, 25, 62, 113, 149, 244, 134, 77, 167, 9, 83, 172, 233, 46, 162, 246, 200, 67, 131, 0)
True, True, 0.0157, (0, 293, 258, 224, 131, 67, 246, 69, 115, 56, 30, 133, 193, 5, 249, 0)
True, True, 0.0383, (0, 98, 115, 188, 162, 46, 233, 172, 83, 9, 167, 77, 134, 244, 149, 113, 62, 25, 56, 0)
True, True, 0.007, (0, 232, 184, 272, 6, 284, 173, 220, 19, 147, 107, 204, 0)
True, True, 0.0146, (0, 222, 1, 80, 48, 297, 292, 17, 177, 72, 88, 179, 294, 206, 16, 0)
True, True, 0.0993, (0, 57, 279, 170, 214, 41, 287, 43, 206, 294, 288, 116, 203, 24, 178, 158, 0)
True, True, 0.0443, (0, 98, 61, 5, 193, 30, 133, 283, 225, 102, 127, 70, 109, 219, 0)
True, True, 0.0455, (0, 199, 189, 201, 135, 285, 20, 121, 180, 39, 251, 229, 14, 175, 129, 71, 10, 0)
True, True, 0.1914, (0, 29, 187, 262, 280, 195, 255, 194, 207, 138, 145, 254, 239, 240, 31, 217, 0)
True, True, 0.0841, (0, 53, 60, 51, 36, 108, 123, 8, 202, 187, 239, 240, 31, 217, 205, 0)
True, True, 0.0098, (0, 256, 118, 63, 238, 110, 27, 61, 193, 5, 76, 248, 249, 143, 184, 0)
True, True, 0.0984, (0, 271, 151, 91, 40, 86, 3, 181, 37, 44, 128, 32, 0)
True, True, 0.015, (0, 32, 44, 3, 136, 64, 81, 213, 269, 13, 87, 38, 73, 11, 263, 17, 297, 0)
True, True, 0.1174, (0, 249, 5, 193, 30, 133, 113, 62, 25, 56, 61, 76, 0)
True, True, 0.0607, (0, 178, 116, 288, 179, 88, 72, 177, 17, 292, 297, 48, 80, 1, 43, 0)
True, True, 0.0668, (0, 271, 151, 91, 86, 3, 181, 265, 78, 37, 44, 32, 0)
True, True, 0.1016, (0, 232, 184, 270, 143, 295, 219, 23, 249, 248, 76, 27, 238, 63, 118, 256, 258, 293, 0)
True, True, 0.1005, (0, 215, 105, 130, 65, 132, 290, 142, 281, 2, 182, 191, 155, 144, 229, 14, 175, 129, 71, 10, 0)
True, True, 0.0389, (0, 158, 219, 119, 203, 116, 288, 294, 206, 43, 287, 41, 214, 170, 279, 57, 0)
True, True, 0.068, (0, 301, 278, 124, 266, 253, 186, 90, 195, 280, 262, 202, 8, 123, 108, 0)
True, True, 0.0222, (0, 98, 110, 243, 115, 188, 162, 46, 7, 58, 103, 233, 172, 83, 9, 167, 77, 134, 244, 169, 212, 225, 120, 23, 270, 0)
True, True, 0.1188, (0, 166, 187, 262, 280, 90, 195, 255, 194, 207, 138, 145, 254, 239, 68, 291, 0)
True, True, 0.1916, (0, 184, 143, 249, 248, 76, 61, 153, 243, 27, 110, 238, 63, 118, 256, 98, 232, 0)
True, True, 0.0302, (0, 178, 203, 70, 127, 102, 225, 283, 133, 30, 193, 5, 249, 0)
True, True, 0.0437, (0, 128, 37, 78, 265, 181, 3, 86, 40, 250, 221, 0)
True, True, 0.3019, (0, 50, 271, 152, 247, 181, 265, 78, 37, 28, 168, 183, 222, 0)
True, True, 0.1749, (0, 222, 41, 260, 48, 80, 1, 287, 43, 206, 16, 288, 116, 203, 24, 178, 0)
True, True, 0.0137, (0, 43, 80, 297, 292, 17, 177, 72, 88, 179, 294, 206, 16, 0)
True, True, 0.0562, (0, 208, 276, 57, 173, 220, 19, 222, 279, 178, 24, 219, 295, 143, 270, 184, 232, 0)
True, True, 0.0673, (0, 143, 295, 219, 119, 203, 116, 288, 294, 206, 43, 287, 41, 214, 170, 279, 0)
True, True, 0.0332, (0, 292, 79, 282, 64, 81, 213, 269, 136, 3, 152, 271, 32, 0)
True, True, 0.0194, (0, 157, 66, 257, 227, 190, 159, 141, 126, 18, 92, 137, 59, 15, 85, 35, 74, 0)
True, True, 0.1403, (0, 178, 24, 203, 16, 206, 43, 287, 1, 80, 48, 260, 41, 214, 170, 279, 276, 0)
True, True, 0.1882, (0, 66, 257, 227, 190, 140, 275, 82, 218, 89, 159, 141, 126, 18, 92, 42, 4, 286, 0)
True, True, 0.0311, (0, 302, 33, 4, 165, 112, 234, 266, 97, 264, 95, 235, 164, 210, 192, 53, 0)
True, True, 0.0813, (0, 32, 44, 181, 3, 136, 269, 213, 81, 64, 282, 79, 168, 183, 185, 0)
True, True, 0.0822, (0, 297, 292, 17, 263, 11, 73, 38, 87, 13, 213, 269, 136, 3, 44, 0)
True, True, 0.0546, (0, 51, 95, 264, 97, 186, 253, 150, 268, 252, 171, 234, 112, 165, 4, 209, 302, 0)
True, True, 0.0619, (0, 54, 156, 22, 84, 267, 45, 155, 277, 96, 26, 281, 142, 290, 132, 245, 130, 215, 0)
True, True, 0.2236, (0, 256, 118, 63, 238, 27, 243, 153, 61, 76, 248, 249, 23, 219, 295, 143, 184, 0)
True, True, 0.1104, (0, 293, 258, 224, 131, 67, 246, 200, 188, 69, 115, 56, 30, 133, 193, 76, 98, 0)
True, True, 0.1571, (0, 210, 273, 122, 278, 112, 165, 42, 137, 59, 15, 35, 74, 0)
True, True, 0.1667, (0, 154, 151, 91, 40, 86, 3, 265, 78, 28, 128, 0)
True, True, 0.0643, (0, 293, 258, 224, 131, 67, 246, 200, 188, 69, 115, 56, 30, 133, 193, 61, 0)
True, True, 0.2242, (0, 243, 56, 25, 62, 113, 149, 169, 49, 111, 161, 102, 127, 70, 119, 0)
True, True, 0.1087, (0, 168, 79, 282, 81, 64, 136, 269, 13, 87, 38, 73, 11, 263, 17, 297, 0)
True, True, 0.1832, (0, 295, 109, 120, 225, 212, 169, 244, 134, 77, 167, 9, 83, 172, 233, 103, 230, 299, 289, 242, 231, 125, 0)
True, True, 0.0086, (0, 166, 52, 187, 262, 280, 90, 195, 255, 194, 254, 239, 240, 31, 217, 0)
True, True, 0.0346, (0, 125, 231, 242, 34, 296, 196, 274, 299, 289, 197, 47, 236, 241, 224, 0)
True, True, 0.025, (0, 23, 120, 283, 149, 244, 134, 77, 167, 9, 83, 172, 233, 103, 7, 58, 75, 47, 241, 0)
True, True, 0.0329, (0, 270, 248, 5, 193, 30, 133, 56, 115, 69, 200, 246, 67, 131, 224, 258, 0)
True, True, 0.1425, (0, 293, 258, 224, 131, 67, 246, 200, 69, 115, 56, 30, 193, 5, 61, 248, 270, 0)
True, True, 0.0817, (0, 183, 79, 282, 81, 136, 269, 13, 87, 38, 73, 11, 263, 177, 294, 16, 0)
True, True, 0.008, (0, 157, 148, 100, 35, 85, 15, 59, 137, 42, 112, 165, 4, 209, 33, 302, 0)
True, True, 0.1685, (0, 185, 28, 282, 64, 81, 213, 13, 87, 38, 73, 11, 263, 177, 294, 16, 0)
True, True, 0.0325, (0, 192, 122, 124, 234, 171, 253, 186, 150, 268, 252, 126, 18, 92, 137, 59, 85, 35, 74, 0)
True, True, 0.0346, (0, 125, 231, 242, 34, 296, 196, 274, 299, 289, 197, 47, 93, 241, 224, 293, 0)
True, True, 0.0346, (0, 125, 231, 242, 34, 296, 196, 274, 103, 7, 58, 75, 93, 236, 241, 0)
True, True, 0.0817, (0, 79, 282, 64, 136, 269, 213, 13, 87, 38, 73, 11, 263, 17, 297, 214, 0)
True, True, 0.1639, (0, 148, 35, 85, 137, 92, 18, 126, 141, 159, 89, 218, 82, 275, 140, 190, 250, 104, 0)
True, True, 0.1639, (0, 148, 100, 35, 85, 15, 59, 257, 227, 250, 221, 106, 154, 228, 157, 0)
True, True, 0.1507, (0, 232, 184, 270, 143, 295, 219, 249, 248, 76, 27, 110, 238, 63, 118, 256, 258, 293, 0)
True, True, 0.0593, (0, 54, 156, 22, 84, 267, 45, 144, 155, 277, 96, 26, 121, 71, 129, 139, 0)
True, True, 0.0101, (0, 53, 192, 51, 95, 264, 97, 266, 171, 253, 186, 150, 268, 252, 234, 112, 165, 4, 33, 0)
True, True, 0.1258, (0, 217, 31, 240, 254, 145, 138, 207, 194, 255, 90, 280, 262, 187, 160, 0)
True, True, 0.0656, (0, 217, 31, 240, 254, 145, 138, 207, 194, 255, 90, 280, 262, 187, 160, 29, 0)
True, True, 0.0035, (0, 105, 130, 65, 22, 84, 267, 45, 144, 229, 14, 175, 39, 251, 180, 121, 71, 129, 139, 0)
True, True, 0.025, (0, 293, 224, 21, 114, 241, 236, 93, 75, 197, 223, 117, 176, 146, 0)
False, True, 0.0808, (0, 208, 57, 284, 6, 272, 158, 219, 143, 272, 6, 284, 57, 276, 208, 0)
True, True, 0.1416, (0, 60, 36, 108, 123, 8, 202, 163, 187, 239, 240, 31, 217, 205, 0)
True, True, 0.0056, (0, 32, 185, 44, 261, 152, 151, 91, 40, 250, 106, 154, 228, 0)
True, True, 0.1386, (0, 270, 23, 120, 225, 212, 169, 244, 134, 77, 167, 9, 83, 172, 233, 103, 230, 299, 289, 223, 117, 176, 146, 0)
True, True, 0.0021, (0, 295, 120, 283, 149, 244, 134, 77, 167, 9, 83, 172, 233, 103, 7, 58, 75, 241, 293, 0)
True, True, 0.1455, (0, 119, 109, 120, 283, 225, 212, 169, 244, 134, 77, 167, 9, 83, 172, 233, 46, 162, 246, 200, 67, 131, 0)
False, True, 0.0492, (0, 204, 107, 147, 276, 272, 6, 284, 57, 147, 107, 204, 0)
False, True, 0.0592, (0, 205, 226, 29, 300, 198, 259, 174, 160, 52, 166, 300, 29, 226, 205, 0)
False, True, 0.1336, (0, 215, 105, 245, 132, 290, 142, 281, 20, 285, 135, 201, 189, 199, 245, 105, 0)
False, True, 0.0157, (0, 110, 243, 115, 188, 162, 46, 7, 58, 103, 274, 196, 296, 34, 289, 299, 230, 58, 7, 46, 162, 200, 67, 131, 0)
False, True, 0.0683, (0, 185, 128, 183, 168, 28, 78, 37, 152, 261, 44, 128, 185, 0)
False, True, 0.1933, (0, 215, 130, 65, 22, 84, 267, 45, 144, 229, 14, 175, 39, 251, 277, 155, 144, 229, 14, 175, 139, 0)
False, True, 0.1525, (0, 157, 211, 104, 237, 55, 216, 101, 94, 221, 106, 55, 237, 104, 211, 0)
False, True, 0.0143, (0, 53, 192, 210, 273, 164, 235, 95, 264, 97, 122, 273, 210, 192, 0)
False, True, 0.0515, (0, 105, 245, 199, 189, 201, 135, 285, 281, 142, 135, 201, 189, 199, 0)
False, True, 0.1039, (0, 215, 105, 245, 199, 189, 201, 135, 285, 20, 71, 129, 139, 10, 215, 0)
False, True, 0.3189, (0, 301, 210, 273, 164, 235, 95, 264, 97, 122, 273, 210, 301, 0)
False, True, 0.0482, (0, 258, 224, 21, 114, 241, 93, 47, 197, 236, 114, 21, 0)
False, True, 0.0509, (0, 110, 115, 188, 162, 46, 7, 58, 103, 274, 196, 296, 34, 289, 299, 230, 58, 7, 46, 162, 188, 115, 110, 0)
True, True, 0.0781, (0, 237, 101, 221, 250, 40, 91, 151, 152, 261, 44, 0)
True, True, 0.0211, (0, 228, 154, 106, 216, 101, 94, 221, 66, 59, 15, 85, 35, 100, 148, 0)
True, True, 0.1521, (0, 217, 31, 240, 239, 254, 145, 138, 207, 194, 90, 195, 280, 262, 163, 51, 192, 0)
True, True, 0.1028, (0, 32, 185, 183, 168, 79, 282, 64, 81, 213, 269, 136, 86, 151, 154, 0)
True, True, 0.062, (0, 105, 130, 65, 132, 290, 142, 281, 2, 182, 191, 155, 277, 229, 14, 175, 129, 71, 139, 0)
True, True, 0.2119, (0, 54, 156, 22, 84, 267, 45, 155, 277, 96, 2, 182, 191, 65, 130, 105, 215, 0)
True, True, 0.0689, (0, 52, 166, 291, 68, 187, 262, 255, 194, 207, 138, 145, 254, 240, 31, 217, 0)
True, True, 0.0311, (0, 148, 74, 35, 85, 15, 59, 137, 42, 165, 112, 278, 122, 273, 192, 53, 0)
False, True, 0.1482, (0, 10, 285, 20, 121, 180, 277, 155, 191, 182, 2, 96, 26, 121, 20, 285, 10, 0)
True, True, 0.0588, (0, 104, 66, 257, 227, 190, 140, 275, 82, 218, 89, 159, 141, 137, 59, 15, 35, 0)
False, True, 0.148, (0, 192, 51, 95, 264, 97, 266, 234, 252, 268, 150, 253, 186, 97, 264, 235, 164, 51, 60, 0)
True, True, 0.2328, (0, 139, 71, 129, 39, 251, 277, 180, 121, 20, 285, 135, 201, 189, 199, 10, 0)
False, True, 0.0939, (0, 198, 259, 174, 163, 202, 8, 123, 108, 36, 174, 259, 29, 0)
False, True, 0.2574, (0, 205, 226, 29, 300, 198, 259, 174, 160, 68, 291, 166, 52, 300, 29, 226, 0)
True, True, 0.1735, (0, 288, 179, 88, 72, 177, 263, 11, 73, 38, 87, 13, 269, 136, 3, 32, 0)
True, True, 0.0047, (0, 291, 68, 187, 262, 255, 195, 90, 186, 253, 150, 268, 252, 171, 234, 266, 124, 278, 122, 0)
False, True, 0.0213, (0, 270, 23, 120, 283, 225, 212, 169, 149, 113, 62, 25, 133, 30, 5, 270, 0)
False, True, 0.0482, (0, 130, 245, 199, 189, 201, 135, 290, 142, 281, 135, 201, 189, 199, 245, 130, 0)
True, True, 0.1867, (0, 291, 68, 239, 254, 145, 138, 207, 194, 255, 195, 90, 186, 253, 171, 266, 124, 278, 0)
False, True, 0.1685, (0, 183, 168, 79, 282, 64, 81, 213, 13, 87, 38, 73, 263, 11, 79, 168, 183, 0)
False, True, 0.0543, (0, 208, 57, 284, 173, 220, 19, 298, 57, 284, 6, 272, 184, 232, 0)
False, True, 0.1531, (0, 204, 107, 147, 57, 173, 220, 19, 298, 147, 107, 204, 0)
False, True, 0.104, (0, 228, 154, 151, 86, 91, 40, 250, 221, 216, 55, 228, 50, 0)
False, True, 0.1221, (0, 130, 245, 199, 189, 201, 135, 290, 142, 281, 285, 135, 201, 189, 199, 0)
True, True, 0.0108, (0, 228, 154, 151, 86, 136, 269, 213, 81, 64, 282, 79, 292, 0)
True, True, 0.0411, (0, 249, 5, 30, 133, 113, 62, 25, 188, 200, 246, 67, 131, 224, 258, 293, 0)
False, True, 0.1394, (0, 208, 276, 57, 298, 19, 220, 173, 57, 284, 6, 272, 184, 232, 0)
True, True, 0.1704, (0, 54, 156, 65, 132, 191, 182, 2, 96, 26, 180, 251, 39, 129, 71, 139, 0)
False, True, 0.0648, (0, 298, 185, 44, 261, 152, 247, 181, 265, 78, 37, 128, 185, 32, 0)
False, True, 0.1789, (0, 301, 122, 278, 124, 266, 234, 252, 268, 150, 186, 253, 171, 234, 112, 165, 4, 209, 33, 302, 0)
False, True, 0.0448, (0, 279, 170, 214, 41, 260, 292, 297, 48, 80, 1, 287, 41, 214, 170, 279, 0)
False, True, 0.0159, (0, 205, 217, 31, 240, 239, 68, 291, 166, 52, 160, 174, 259, 198, 29, 205, 0)
False, True, 0.0128, (0, 279, 170, 214, 43, 287, 260, 297, 48, 80, 1, 287, 43, 279, 0)
False, True, 0.112, (0, 50, 228, 237, 55, 216, 221, 66, 94, 101, 216, 106, 154, 228, 50, 0)
True, True, 0.0424, (0, 122, 124, 266, 234, 171, 253, 186, 90, 280, 195, 255, 262, 202, 8, 163, 259, 0)
False, True, 0.0553, (0, 185, 128, 44, 261, 152, 247, 181, 265, 37, 28, 128, 0)
False, True, 0.1522, (0, 158, 178, 116, 288, 294, 72, 88, 179, 49, 111, 161, 102, 127, 70, 109, 119, 158, 0)
False, True, 0.1557, (0, 205, 226, 300, 259, 174, 160, 68, 291, 52, 300, 226, 205, 0)
True, True, 0.0313, (0, 291, 68, 187, 262, 255, 195, 90, 280, 8, 202, 163, 36, 198, 0)
True, True, 0.0086, (0, 217, 31, 240, 239, 254, 145, 138, 207, 90, 195, 280, 262, 187, 52, 166, 0)
True, True, 0.0762, (0, 23, 120, 283, 212, 169, 244, 134, 77, 167, 9, 83, 172, 233, 103, 58, 7, 246, 200, 67, 131, 0)
True, True, 0.0231, (0, 185, 128, 44, 37, 78, 265, 181, 3, 86, 40, 154, 0)
True, True, 0.1028, (0, 53, 192, 164, 235, 264, 97, 186, 253, 150, 268, 252, 171, 234, 112, 165, 4, 33, 0)
True, True, 0.1735, (0, 270, 5, 193, 30, 133, 283, 225, 102, 127, 70, 116, 203, 24, 0)
True, True, 0.1425, (0, 110, 115, 188, 162, 46, 233, 103, 7, 58, 230, 299, 289, 296, 274, 196, 34, 242, 231, 125, 99, 0)
True, True, 0.0086, (0, 192, 60, 259, 187, 262, 280, 90, 195, 255, 194, 207, 138, 145, 240, 31, 217, 0)
True, True, 0.0823, (0, 301, 278, 124, 266, 171, 253, 186, 150, 268, 252, 126, 18, 92, 137, 59, 85, 15, 100, 148, 0)
True, True, 0.0737, (0, 52, 166, 291, 68, 187, 262, 255, 195, 90, 280, 123, 108, 36, 192, 0)
True, True, 0.0084, (0, 270, 23, 120, 225, 212, 169, 244, 134, 77, 167, 9, 83, 172, 233, 103, 230, 58, 7, 246, 200, 67, 131, 0)
False, True, 0.0035, (0, 192, 60, 198, 259, 174, 163, 202, 8, 123, 108, 36, 198, 60, 192, 0)
True, True, 0.0519, (0, 15, 85, 137, 141, 159, 89, 218, 82, 275, 140, 190, 227, 257, 66, 94, 0)
False, True, 0.0609, (0, 188, 162, 46, 7, 58, 230, 299, 289, 34, 296, 196, 274, 103, 230, 58, 7, 46, 162, 188, 69, 0)
False, True, 0.04, (0, 110, 188, 162, 46, 7, 58, 230, 299, 289, 34, 296, 196, 274, 103, 7, 58, 75, 241, 0)
False, True, 0.0164, (0, 130, 65, 22, 84, 267, 45, 155, 277, 251, 39, 175, 14, 229, 144, 45, 267, 84, 22, 65, 130, 0)
True, True, 0.0142, (0, 130, 65, 22, 84, 267, 45, 155, 277, 180, 121, 20, 285, 135, 201, 189, 199, 0)
True, True, 0.1239, (0, 98, 61, 5, 193, 30, 133, 25, 62, 113, 283, 120, 109, 119, 219, 0)
False, True, 0.1886, (0, 157, 211, 148, 74, 100, 94, 101, 216, 106, 55, 237, 228, 50, 211, 157, 0)
True, True, 0.0194, (0, 122, 124, 266, 171, 150, 268, 252, 126, 141, 159, 89, 218, 82, 275, 140, 250, 216, 228, 0)
False, True, 0.0473, (0, 10, 71, 129, 175, 14, 229, 144, 155, 191, 182, 2, 96, 26, 180, 121, 20, 10, 0)
True, True, 0.0236, (0, 122, 124, 266, 234, 252, 268, 150, 253, 186, 90, 195, 280, 262, 187, 68, 291, 166, 52, 0)
False, True, 0.0211, (0, 21, 114, 241, 93, 75, 47, 197, 236, 114, 21, 224, 0)
False, True, 0.0368, (0, 105, 130, 65, 22, 84, 267, 45, 155, 191, 182, 2, 281, 142, 290, 132, 245, 105, 0)
True, True, 0.1101, (0, 54, 156, 65, 132, 290, 142, 281, 191, 182, 2, 96, 26, 121, 71, 129, 139, 0)
True, True, 0.0235, (0, 98, 256, 118, 63, 238, 110, 27, 243, 153, 61, 193, 5, 249, 23, 219, 295, 143, 270, 0)
True, True, 0.0186, (0, 23, 120, 225, 212, 169, 244, 134, 77, 167, 9, 83, 172, 233, 103, 58, 7, 46, 162, 188, 69, 110, 98, 0)
False, True, 0.221, (0, 302, 74, 35, 85, 15, 59, 137, 42, 112, 165, 4, 209, 33, 302, 0)
True, True, 0.0165, (0, 214, 287, 48, 297, 292, 17, 177, 72, 88, 179, 294, 206, 16, 0)
True, True, 0.0575, (0, 51, 95, 264, 97, 186, 253, 150, 268, 252, 234, 112, 165, 4, 209, 33, 0)
False, True, 0.0157, (0, 200, 246, 7, 58, 230, 299, 289, 34, 296, 196, 274, 103, 7, 58, 75, 241, 0)
True, True, 0.0081, (0, 295, 120, 283, 149, 244, 134, 77, 167, 9, 83, 172, 233, 103, 58, 7, 46, 162, 246, 200, 67, 131, 0)
False, True, 0.0291, (0, 184, 270, 143, 249, 248, 76, 61, 193, 5, 76, 248, 249, 143, 270, 0)
True, True, 0.0132, (0, 16, 206, 294, 179, 88, 72, 177, 17, 292, 297, 80, 287, 0)
False, True, 0.025, (0, 53, 192, 210, 273, 122, 4, 165, 112, 278, 122, 273, 210, 301, 192, 53, 0)
True, True, 0.0729, (0, 53, 122, 278, 124, 234, 171, 150, 268, 252, 126, 18, 92, 137, 59, 15, 85, 35, 74, 0)
True, True, 0.0194, (0, 60, 51, 164, 235, 264, 97, 266, 171, 150, 268, 252, 18, 92, 137, 59, 85, 35, 74, 0)
True, True, 0.0683, (0, 53, 278, 124, 266, 171, 150, 268, 252, 141, 159, 89, 218, 82, 275, 140, 190, 227, 257, 66, 104, 0)
True, True, 0.0646, (0, 215, 105, 130, 65, 132, 290, 191, 182, 2, 96, 26, 121, 71, 129, 139, 0)
True, True, 0.0541, (0, 148, 100, 15, 85, 59, 137, 92, 18, 126, 252, 268, 150, 171, 234, 266, 124, 278, 122, 192, 0)
False, True, 0.0259, (0, 50, 228, 237, 101, 221, 250, 40, 91, 86, 151, 154, 228, 0)
False, True, 0.0253, (0, 185, 128, 44, 261, 152, 247, 181, 265, 78, 37, 261, 0)
True, True, 0.0126, (0, 131, 67, 200, 246, 162, 46, 7, 58, 103, 233, 172, 83, 9, 167, 77, 134, 244, 149, 283, 120, 270, 0)
True, True, 0.027, (0, 271, 3, 136, 64, 81, 213, 13, 87, 38, 73, 11, 263, 17, 292, 297, 0)
False, True, 0.1036, (0, 279, 170, 214, 41, 260, 292, 297, 48, 80, 1, 287, 43, 279, 0)
False, True, 0.0, (0, 157, 228, 154, 106, 221, 250, 40, 91, 86, 151, 154, 228, 157, 0)
True, True, 0.0629, (0, 278, 124, 266, 171, 150, 268, 252, 141, 159, 89, 218, 82, 275, 140, 190, 227, 257, 66, 148, 0)
False, True, 0.0132, (0, 215, 199, 189, 201, 135, 281, 142, 135, 201, 189, 199, 105, 215, 0)
False, True, 0.0561, (0, 60, 51, 198, 36, 163, 202, 8, 123, 108, 95, 235, 164, 51, 60, 192, 53, 0)
True, True, 0.0212, (0, 98, 110, 115, 188, 162, 46, 7, 58, 230, 299, 289, 296, 274, 196, 34, 242, 231, 125, 99, 0)
True, True, 0.013, (0, 292, 79, 282, 64, 81, 213, 269, 136, 265, 37, 128, 185, 32, 0)
all_elementary, False
all_cyc2, True
