Instance, X-n351-k40
capacity, 436
min_trucks, 40
output_file, output_uchoa/X-n351-k40-ng20.log
Start date, 2022-07-02
Start time, 10-41-21
capacity, 436
num_vehicles, 40
abort_early, False
methods, ['ng20']
max_vars, 100
time_limit, 86400
farley, False
ESPPRC_heur, True
initial time, initial max_it, max_stale_it
1, 20000.0, 20
heuristic Number of routes, heuristic Best Solution Value, heuristic number of iterations, adjusted time, adjusted max_it, measured total time
550387, 26450.0, 20000, 1, 20000.0, 44140.4
method, python time, total time, propagated dominance time, unpropagated dominance time, pricing_success, upper_bound, lower_bound, abort_early, num_paths, 
ESPPRC_heur, 0.1, 4.4, 2.9, 0.6, 0, 25640.0847, 24266.5205, True, 105
ESPPRC_heur, 0.0, 4.6, 3.0, 0.6, 0, 25637.2089, 25301.485, True, 49
ESPPRC_heur, -0.0, 4.3, 2.8, 0.6, 0, 25636.4999, 25458.4819, True, 15
ESPPRC_heur, -0.0, 4.3, 2.8, 0.6, 0, 25636.4817, 25495.4953, True, 8
ESPPRC_heur, 0.0, 4.2, 2.8, 0.6, 0, 25636.3759, 25596.3759, True, 3
ESPPRC_heur, 0.0, 4.1, 2.7, 0.6, 0, 25636.3357, 25596.7759, True, 2
