Instance, X-n336-k84
capacity, 203
min_trucks, 86
output_file, output_uchoa/X-n336-k84-ng20.log
Start date, 2022-07-02
Start time, 07-09-43
capacity, 203
num_vehicles, 86
abort_early, False
methods, ['ng20']
max_vars, 100
time_limit, 86400
farley, False
ESPPRC_heur, True
initial time, initial max_it, max_stale_it
1, 20000.0, 20
heuristic Number of routes, heuristic Best Solution Value, heuristic number of iterations, adjusted time, adjusted max_it, measured total time
205772, 140635.0, 20000, 1, 20000.0, 23953.8
method, python time, total time, propagated dominance time, unpropagated dominance time, pricing_success, upper_bound, lower_bound, abort_early, num_paths, 
ESPPRC_heur, 0.0, 1.8, 1.1, 0.4, 0, 138455.6132, 137552.7894, True, 9
ESPPRC_heur, -0.0, 2.0, 1.2, 0.4, 0, 138455.4656, 137945.4107, True, 1
