Instance, X-n439-k37
capacity, 12
min_trucks, 37
output_file, output_uchoa/X-n439-k37-ng20.log
Start date, 2022-07-03
Start time, 20-20-06
capacity, 12
num_vehicles, 37
abort_early, False
methods, ['ng20']
max_vars, 100
time_limit, 86400
farley, False
ESPPRC_heur, True
initial time, initial max_it, max_stale_it
1, 20000.0, 20
heuristic Number of routes, heuristic Best Solution Value, heuristic number of iterations, adjusted time, adjusted max_it, measured total time
243464, 36456.0, 20000, 1, 20000.0, 27060.7
method, python time, total time, propagated dominance time, unpropagated dominance time, pricing_success, upper_bound, lower_bound, abort_early, num_paths, 
ESPPRC_heur, 0.0, 0.3, 0.1, 0.1, 0, 35931.6522, 25650.6529, True, 766
ESPPRC_heur, 0.0, 0.3, 0.1, 0.1, 0, 35931.6522, 29487.9908, True, 601
ESPPRC_heur, 0.0, 0.3, 0.1, 0.1, 0, 35931.6522, 32985.5678, True, 305
ESPPRC_heur, 0.0, 0.3, 0.1, 0.1, 0, 35931.6522, 32478.1824, True, 203
ESPPRC_heur, 0.0, 0.3, 0.1, 0.1, 0, 35931.6522, 31856.6192, True, 154
ESPPRC_heur, 0.0, 0.3, 0.1, 0.1, 0, 35931.6417, 32321.5736, True, 166
ESPPRC_heur, 0.0, 0.3, 0.1, 0.1, 0, 35929.7159, 33984.4517, True, 111
ESPPRC_heur, 0.1, 0.3, 0.1, 0.1, 0, 35928.9627, 34083.6502, True, 91
ESPPRC_heur, 0.1, 0.3, 0.1, 0.1, 0, 35927.951, 35156.7298, True, 61
ESPPRC_heur, 0.0, 0.3, 0.1, 0.1, 0, 35927.2698, 35380.6116, True, 33
ESPPRC_heur, 0.0, 0.3, 0.1, 0.1, 0, 35925.2323, 35766.3117, True, 22
ESPPRC_heur, 0.0, 0.3, 0.1, 0.1, 0, 35925.0924, 35754.3844, True, 9
ESPPRC_heur, 0.0, 0.3, 0.1, 0.1, 0, 35924.6838, 35665.6838, True, 16
ESPPRC_heur, 0.0, 0.3, 0.1, 0.1, 0, 35924.1757, 35664.3868, True, 7
ESPPRC_heur, 0.0, 0.3, 0.1, 0.1, 0, 35923.9113, 35909.6182, True, 4
ng20, 0.1, 3206.6, 2791.1, 387.5, 1, 35923.9103, 34369.0694, 0, 631
ESPPRC_heur, 0.0, 0.3, 0.1, 0.1, 0, 35916.0383, 34944.9594, True, 63
ESPPRC_heur, -0.0, 0.3, 0.1, 0.1, 0, 35916.0383, 34705.0739, True, 44
ESPPRC_heur, -0.0, 0.3, 0.1, 0.1, 0, 35916.029, 35480.5243, True, 11
ESPPRC_heur, -0.0, 0.3, 0.1, 0.1, 0, 35914.2865, 35692.2865, True, 11
ESPPRC_heur, -0.0, 0.3, 0.1, 0.1, 0, 35913.7172, 35772.2486, True, 11
ESPPRC_heur, -0.0, 0.3, 0.1, 0.1, 0, 35913.7133, 35889.6777, True, 1
ng20, 0.1, 3201.9, 2807.1, 370.2, 1, 35913.7133, 34656.9676, 0, 469
ESPPRC_heur, -0.0, 0.3, 0.1, 0.1, 0, 35901.3132, 35699.6703, True, 29
ESPPRC_heur, -0.0, 0.3, 0.1, 0.1, 0, 35901.1831, 35716.1831, True, 7
ESPPRC_heur, -0.0, 0.3, 0.1, 0.1, 0, 35900.5875, 35800.011, True, 4
ESPPRC_heur, -0.0, 0.3, 0.1, 0.1, 0, 35900.4517, 35588.6047, True, 21
ESPPRC_heur, -0.0, 0.3, 0.1, 0.1, 0, 35900.3988, 35869.1844, True, 2
ESPPRC_heur, -0.0, 0.3, 0.1, 0.1, 0, 35900.3837, 35880.7022, True, 1
ng20, 0.1, 3546.2, 3103.6, 415.0, 1, 35900.381, 35149.1428, 0, 323
ESPPRC_heur, 0.0, 0.3, 0.1, 0.1, 0, 35897.5497, 34496.6123, True, 75
ESPPRC_heur, -0.0, 0.3, 0.1, 0.1, 0, 35897.4328, 34424.8282, True, 41
ESPPRC_heur, -0.0, 0.3, 0.1, 0.1, 0, 35897.4019, 35467.698, True, 4
ESPPRC_heur, -0.0, 0.3, 0.1, 0.1, 0, 35897.4019, 35839.745, True, 1
ng20, 0.2, 3274.5, 2869.7, 379.4, 1, 35897.4019, 35610.0091, 0, 199
ESPPRC_heur, -0.0, 0.3, 0.1, 0.1, 0, 35894.4573, 35375.6483, True, 28
ESPPRC_heur, -0.0, 0.3, 0.1, 0.1, 0, 35894.4117, 35591.2184, True, 9
ng20, 0.1, 3393.9, 2970.4, 397.4, 1, 35894.4117, 35474.8866, 0, 143
ng20, 0.1, 3357.5, 2938.5, 393.3, 1, 35894.0564, 35791.1507, 0, 52
ng20, 0.1, 3259.0, 2848.8, 384.9, 1, 35893.8057, 35825.6524, 0, 15
ng20, 0.1, 3391.5, 2969.3, 396.3, 1, 35893.8045, 35893.8045, 0, 0
scip_total_time, 53856.549718
Solval, number of paths, impact cutoff
35893.804469106704, 294, 0.0001
Elementary, 2-Cycle, Path Value, Path
True, True, 0.5455, (0, 81, 0)
True, True, 0.274, (0, 188, 369, 336, 419, 304, 322, 374, 208, 141, 35, 232, 39, 0)
True, True, 0.0217, (0, 203, 201, 76, 119, 127, 102, 87, 29, 158, 191, 129, 261, 0)
True, True, 0.0408, (0, 254, 9, 359, 365, 429, 355, 276, 317, 398, 415, 427, 156, 0)
True, True, 0.1019, (0, 65, 159, 15, 153, 215, 193, 285, 101, 252, 309, 329, 266, 0)
True, True, 0.0159, (0, 58, 161, 361, 331, 220, 240, 340, 108, 330, 19, 248, 430, 0)
True, True, 0.8477, (0, 71, 228, 346, 162, 435, 166, 345, 385, 438, 312, 381, 404, 0)
True, True, 0.4091, (0, 171, 394, 13, 103, 117, 63, 74, 354, 209, 11, 244, 292, 0)
True, True, 0.146, (0, 203, 76, 119, 127, 102, 87, 29, 158, 191, 129, 70, 258, 0)
True, True, 0.823, (0, 107, 306, 314, 148, 20, 111, 68, 69, 85, 12, 48, 180, 0)
True, True, 0.4204, (0, 414, 231, 358, 295, 359, 365, 429, 355, 276, 415, 427, 156, 0)
True, True, 0.475, (0, 175, 73, 157, 135, 177, 152, 408, 302, 255, 327, 389, 343, 0)
True, True, 0.05, (0, 401, 175, 132, 4, 84, 292, 160, 174, 382, 192, 235, 165, 0)
True, True, 0.2227, (0, 333, 31, 5, 426, 367, 1, 6, 131, 176, 204, 25, 146, 0)
True, True, 0.0887, (0, 171, 394, 379, 301, 10, 37, 123, 64, 272, 168, 405, 234, 0)
True, True, 0.0066, (0, 172, 149, 202, 308, 270, 406, 71, 92, 275, 41, 155, 326, 0)
True, True, 0.3938, (0, 283, 323, 246, 138, 376, 47, 286, 350, 341, 98, 137, 251, 0)
True, True, 0.4545, (0, 124, 99, 77, 399, 106, 216, 182, 78, 256, 96, 179, 81, 0)
True, True, 0.628, (0, 172, 202, 308, 270, 406, 155, 41, 275, 92, 260, 26, 326, 0)
True, True, 0.2073, (0, 241, 303, 225, 388, 83, 412, 89, 293, 339, 66, 126, 297, 0)
True, True, 0.3676, (0, 424, 300, 363, 357, 123, 64, 272, 214, 198, 52, 328, 213, 0)
True, True, 0.4256, (0, 154, 91, 118, 173, 88, 210, 22, 56, 75, 196, 140, 1, 0)
True, True, 0.146, (0, 203, 201, 76, 119, 29, 158, 87, 102, 127, 40, 247, 167, 0)
True, True, 0.05, (0, 73, 157, 135, 177, 152, 408, 302, 255, 327, 389, 343, 24, 0)
True, True, 0.2547, (0, 186, 164, 51, 100, 27, 54, 94, 212, 46, 49, 45, 277, 0)
True, True, 0.0119, (0, 406, 228, 346, 162, 435, 166, 345, 385, 438, 312, 381, 404, 0)
True, True, 0.0705, (0, 437, 323, 246, 138, 376, 350, 286, 341, 98, 137, 251, 283, 0)
True, True, 0.1429, (0, 217, 236, 105, 434, 311, 8, 2, 169, 3, 411, 348, 260, 0)
True, True, 0.1304, (0, 316, 114, 279, 213, 424, 300, 363, 356, 290, 368, 417, 259, 0)
True, True, 0.0166, (0, 79, 189, 61, 130, 80, 6, 131, 367, 426, 5, 31, 333, 0)
True, True, 0.1048, (0, 202, 406, 404, 381, 346, 228, 71, 92, 275, 41, 155, 326, 0)
True, True, 0.2019, (0, 238, 305, 32, 82, 147, 143, 60, 104, 185, 294, 318, 23, 0)
True, True, 0.3468, (0, 417, 368, 290, 356, 190, 125, 222, 310, 178, 30, 259, 364, 0)
True, True, 0.2038, (0, 243, 321, 413, 420, 396, 423, 391, 337, 433, 377, 227, 115, 0)
True, True, 0.0179, (0, 348, 411, 410, 267, 386, 299, 223, 349, 425, 133, 370, 3, 0)
True, True, 0.0838, (0, 93, 258, 70, 104, 60, 185, 143, 147, 82, 32, 305, 238, 0)
True, True, 0.0524, (0, 335, 42, 239, 281, 218, 375, 296, 43, 347, 211, 435, 162, 0)
True, True, 0.05, (0, 132, 4, 181, 21, 378, 112, 16, 67, 230, 34, 73, 175, 0)
True, True, 0.2038, (0, 233, 420, 396, 423, 391, 337, 433, 242, 360, 342, 221, 249, 0)
True, True, 0.0042, (0, 115, 227, 377, 221, 342, 242, 360, 241, 280, 393, 237, 195, 0)
True, True, 0.0155, (0, 156, 427, 415, 398, 317, 276, 254, 9, 295, 358, 231, 414, 0)
True, True, 0.177, (0, 69, 277, 45, 94, 212, 46, 49, 247, 40, 201, 203, 167, 0)
True, True, 0.0869, (0, 47, 285, 252, 101, 402, 428, 89, 293, 339, 66, 126, 297, 0)
True, True, 0.0114, (0, 413, 432, 351, 266, 329, 319, 309, 338, 271, 289, 253, 257, 0)
True, True, 0.1379, (0, 417, 368, 290, 356, 190, 125, 222, 310, 178, 291, 313, 265, 0)
True, True, 0.3366, (0, 156, 36, 373, 436, 14, 261, 262, 307, 18, 50, 194, 38, 0)
True, True, 0.061, (0, 372, 264, 352, 315, 86, 225, 388, 409, 110, 303, 245, 280, 0)
True, True, 0.2727, (0, 99, 77, 265, 313, 174, 291, 160, 292, 382, 192, 235, 165, 0)
True, True, 0.0639, (0, 424, 300, 363, 357, 214, 198, 52, 95, 328, 213, 114, 316, 0)
True, True, 0.6409, (0, 401, 28, 430, 248, 19, 330, 108, 340, 240, 220, 331, 361, 0)
True, True, 0.0861, (0, 414, 217, 236, 59, 136, 187, 362, 305, 238, 358, 295, 231, 0)
True, True, 0.2478, (0, 146, 25, 334, 144, 431, 61, 189, 79, 176, 5, 31, 333, 0)
True, True, 0.029, (0, 172, 149, 202, 308, 406, 155, 41, 275, 92, 260, 26, 326, 0)
True, True, 0.1, (0, 335, 42, 239, 281, 218, 375, 296, 43, 347, 211, 250, 280, 0)
True, True, 0.0762, (0, 194, 50, 18, 307, 262, 261, 258, 93, 14, 436, 373, 36, 0)
True, True, 0.3003, (0, 332, 284, 269, 120, 316, 114, 279, 320, 273, 224, 282, 150, 0)
True, True, 0.0258, (0, 364, 259, 30, 190, 125, 222, 310, 178, 160, 174, 313, 265, 0)
True, True, 0.3323, (0, 70, 129, 191, 158, 29, 87, 102, 127, 119, 76, 201, 203, 0)
True, True, 0.0538, (0, 251, 65, 154, 7, 197, 344, 61, 189, 431, 144, 334, 146, 0)
True, True, 0.0881, (0, 279, 213, 328, 95, 52, 198, 214, 272, 168, 405, 234, 320, 0)
True, True, 0.1807, (0, 65, 159, 15, 153, 215, 193, 285, 101, 252, 309, 319, 329, 0)
True, True, 0.125, (0, 31, 5, 426, 367, 131, 6, 80, 130, 61, 189, 79, 204, 0)
True, True, 0.1364, (0, 165, 235, 192, 382, 174, 160, 291, 30, 259, 364, 399, 216, 0)
True, True, 0.0006, (0, 190, 125, 171, 13, 103, 117, 63, 74, 354, 209, 11, 244, 0)
True, True, 0.1742, (0, 320, 234, 405, 168, 95, 52, 198, 214, 357, 363, 300, 424, 0)
True, True, 0.0313, (0, 128, 186, 54, 27, 141, 208, 374, 322, 304, 419, 336, 369, 0)
True, True, 0.1323, (0, 323, 243, 321, 383, 257, 47, 286, 341, 350, 376, 138, 246, 0)
True, True, 0.1689, (0, 251, 137, 98, 341, 286, 350, 376, 383, 321, 243, 323, 283, 0)
True, True, 0.2, (0, 84, 181, 21, 378, 112, 16, 67, 230, 34, 73, 175, 401, 0)
True, True, 0.0523, (0, 207, 58, 161, 387, 287, 395, 220, 331, 361, 430, 28, 401, 0)
True, True, 0.062, (0, 265, 313, 174, 178, 310, 222, 125, 190, 356, 290, 368, 417, 0)
True, True, 0.1429, (0, 59, 136, 187, 362, 32, 82, 147, 143, 60, 104, 185, 23, 0)
True, True, 0.4943, (0, 383, 253, 289, 271, 338, 309, 319, 329, 266, 351, 432, 413, 0)
True, True, 0.006, (0, 128, 186, 54, 27, 141, 208, 374, 322, 304, 419, 336, 232, 0)
True, True, 0.0966, (0, 1, 140, 274, 116, 113, 90, 109, 62, 371, 390, 184, 395, 0)
True, True, 0.0869, (0, 65, 154, 7, 197, 344, 173, 118, 91, 215, 153, 15, 159, 0)
True, True, 0.0476, (0, 332, 269, 120, 316, 114, 279, 320, 273, 224, 282, 150, 183, 0)
True, True, 0.3035, (0, 415, 398, 317, 226, 278, 33, 298, 288, 55, 263, 355, 254, 0)
True, True, 0.0563, (0, 297, 126, 66, 339, 293, 89, 412, 83, 409, 110, 245, 280, 0)
True, True, 0.2117, (0, 420, 396, 432, 351, 266, 329, 319, 338, 271, 289, 253, 257, 0)
True, True, 0.0042, (0, 221, 360, 241, 245, 303, 352, 86, 315, 264, 372, 391, 423, 0)
True, True, 0.0845, (0, 39, 232, 35, 208, 374, 322, 304, 419, 336, 369, 188, 282, 0)
True, True, 0.097, (0, 53, 163, 151, 142, 219, 205, 150, 284, 269, 332, 183, 170, 0)
True, True, 0.0941, (0, 287, 184, 390, 371, 62, 109, 90, 113, 116, 274, 140, 367, 0)
True, True, 0.1222, (0, 422, 353, 121, 325, 249, 227, 380, 268, 229, 324, 233, 437, 0)
True, True, 0.1791, (0, 280, 245, 421, 409, 110, 388, 225, 86, 315, 352, 264, 372, 0)
True, True, 0.0724, (0, 284, 320, 234, 405, 419, 304, 336, 369, 188, 273, 224, 282, 0)
True, True, 0.0836, (0, 312, 250, 421, 409, 110, 388, 225, 86, 315, 352, 264, 372, 0)
True, True, 0.281, (0, 170, 183, 332, 120, 269, 284, 150, 205, 219, 142, 151, 163, 0)
True, True, 0.1334, (0, 326, 155, 92, 275, 41, 406, 270, 308, 195, 353, 422, 44, 0)
True, True, 0.012, (0, 53, 163, 151, 142, 219, 282, 284, 269, 150, 205, 183, 170, 0)
True, True, 0.17, (0, 221, 241, 303, 110, 409, 388, 225, 86, 315, 352, 264, 372, 0)
True, True, 0.017, (0, 372, 264, 352, 315, 86, 225, 388, 83, 339, 66, 126, 297, 0)
True, True, 0.1649, (0, 5, 426, 134, 387, 397, 390, 184, 395, 287, 161, 58, 207, 0)
True, True, 0.0177, (0, 244, 11, 209, 354, 74, 63, 117, 103, 13, 394, 171, 125, 0)
True, True, 0.1429, (0, 217, 236, 105, 434, 311, 8, 2, 169, 3, 411, 348, 26, 0)
True, True, 0.1111, (0, 39, 232, 35, 208, 374, 322, 304, 419, 336, 369, 188, 224, 0)
True, True, 0.0039, (0, 323, 383, 257, 253, 289, 351, 432, 396, 420, 413, 321, 243, 0)
True, True, 0.1364, (0, 106, 399, 364, 259, 30, 291, 160, 174, 382, 192, 235, 165, 0)
True, True, 0.0237, (0, 237, 393, 280, 312, 438, 385, 345, 166, 435, 162, 346, 228, 0)
True, True, 0.0386, (0, 332, 120, 269, 284, 320, 273, 224, 282, 219, 142, 151, 163, 0)
True, True, 0.1287, (0, 265, 313, 178, 310, 222, 125, 190, 356, 290, 368, 417, 30, 0)
True, True, 0.0399, (0, 38, 194, 36, 398, 317, 276, 355, 429, 365, 359, 9, 254, 0)
True, True, 0.1091, (0, 28, 430, 248, 19, 330, 108, 340, 240, 331, 361, 161, 58, 0)
True, True, 0.006, (0, 170, 205, 219, 282, 224, 273, 320, 279, 114, 316, 120, 332, 0)
True, True, 0.006, (0, 142, 232, 35, 141, 208, 374, 322, 304, 419, 336, 369, 188, 0)
True, True, 0.077, (0, 55, 288, 318, 294, 23, 93, 258, 261, 262, 307, 18, 50, 0)
True, True, 0.062, (0, 265, 313, 160, 178, 310, 222, 125, 190, 356, 290, 368, 417, 0)
True, True, 0.1511, (0, 297, 126, 66, 339, 293, 89, 17, 412, 83, 388, 225, 303, 0)
True, True, 0.0114, (0, 163, 142, 219, 282, 224, 273, 320, 279, 114, 316, 120, 332, 0)
True, True, 0.0039, (0, 243, 321, 383, 257, 47, 286, 341, 350, 376, 138, 246, 283, 0)
True, True, 0.012, (0, 39, 35, 141, 208, 374, 322, 304, 419, 336, 369, 188, 282, 0)
True, True, 0.0807, (0, 170, 183, 150, 282, 224, 273, 320, 279, 114, 316, 120, 332, 0)
True, True, 0.1075, (0, 25, 189, 61, 130, 80, 6, 131, 367, 426, 5, 31, 333, 0)
True, True, 0.3762, (0, 237, 393, 280, 245, 303, 352, 86, 315, 264, 372, 391, 423, 0)
True, True, 0.0313, (0, 424, 300, 363, 357, 214, 198, 52, 95, 168, 405, 234, 188, 0)
True, True, 0.0522, (0, 226, 278, 33, 318, 294, 23, 93, 258, 14, 436, 373, 36, 0)
True, True, 0.0184, (0, 244, 11, 209, 354, 74, 63, 117, 103, 13, 394, 171, 310, 0)
True, True, 0.1429, (0, 136, 187, 362, 32, 82, 147, 143, 60, 104, 185, 294, 318, 0)
True, True, 0.2127, (0, 297, 126, 66, 339, 293, 89, 17, 412, 83, 409, 110, 245, 0)
True, True, 0.0824, (0, 334, 144, 431, 344, 197, 7, 154, 15, 159, 98, 137, 251, 0)
True, True, 0.0331, (0, 312, 250, 211, 347, 43, 296, 375, 218, 281, 239, 42, 335, 0)
True, True, 0.225, (0, 175, 73, 34, 230, 67, 16, 112, 378, 21, 181, 84, 132, 0)
True, True, 0.0909, (0, 53, 163, 151, 199, 142, 219, 205, 183, 170, 182, 78, 256, 0)
True, True, 0.086, (0, 297, 126, 66, 339, 293, 89, 412, 17, 428, 402, 101, 252, 0)
True, True, 0.1801, (0, 83, 412, 17, 403, 384, 407, 416, 418, 206, 347, 211, 250, 0)
True, True, 0.059, (0, 107, 314, 306, 53, 163, 151, 199, 142, 219, 205, 183, 170, 0)
True, True, 0.1048, (0, 438, 250, 211, 347, 43, 296, 375, 218, 281, 239, 42, 335, 0)
True, True, 0.0992, (0, 367, 1, 140, 274, 116, 113, 90, 109, 371, 62, 397, 134, 0)
True, True, 0.1429, (0, 217, 236, 105, 434, 311, 8, 2, 169, 3, 411, 72, 335, 0)
True, True, 0.4079, (0, 437, 233, 324, 229, 268, 380, 227, 249, 325, 121, 195, 149, 0)
True, True, 0.1613, (0, 79, 130, 80, 88, 173, 118, 91, 344, 197, 7, 154, 65, 0)
True, True, 0.0114, (0, 253, 289, 338, 252, 101, 285, 193, 215, 153, 15, 159, 65, 0)
True, True, 0.0783, (0, 332, 120, 269, 284, 282, 150, 205, 219, 142, 151, 163, 53, 0)
True, True, 0.1362, (0, 154, 7, 197, 344, 173, 118, 91, 153, 215, 193, 285, 47, 0)
True, True, 0.19, (0, 250, 211, 347, 206, 418, 416, 407, 384, 403, 17, 428, 402, 0)
True, True, 0.1012, (0, 335, 72, 97, 400, 267, 386, 299, 392, 57, 296, 375, 281, 0)
True, True, 0.0538, (0, 146, 334, 144, 431, 344, 197, 7, 154, 15, 159, 98, 137, 0)
True, True, 0.0309, (0, 432, 351, 309, 252, 101, 285, 193, 215, 153, 15, 159, 65, 0)
True, True, 0.1957, (0, 128, 164, 51, 100, 27, 54, 94, 212, 46, 49, 45, 277, 0)
True, True, 0.1249, (0, 121, 237, 393, 221, 342, 360, 241, 242, 337, 433, 377, 115, 0)
True, True, 0.0869, (0, 250, 211, 347, 206, 418, 416, 407, 384, 403, 17, 428, 193, 0)
True, True, 0.1012, (0, 348, 411, 410, 349, 223, 425, 133, 311, 8, 434, 2, 105, 0)
True, True, 0.2513, (0, 195, 237, 393, 221, 342, 360, 241, 242, 337, 433, 377, 115, 0)
True, True, 0.006, (0, 53, 199, 39, 232, 369, 188, 273, 224, 282, 284, 269, 332, 0)
True, True, 0.0542, (0, 134, 397, 62, 371, 109, 90, 113, 116, 274, 140, 6, 131, 0)
True, True, 0.0119, (0, 335, 42, 239, 218, 97, 400, 299, 386, 267, 410, 411, 348, 0)
True, True, 0.0524, (0, 335, 42, 239, 281, 218, 375, 296, 43, 347, 211, 435, 166, 0)
True, True, 0.2079, (0, 437, 44, 233, 324, 229, 268, 380, 115, 353, 422, 149, 172, 0)
True, True, 0.0205, (0, 50, 18, 307, 262, 261, 258, 93, 23, 294, 318, 33, 278, 0)
True, True, 0.0184, (0, 244, 11, 209, 354, 74, 63, 117, 103, 13, 394, 171, 178, 0)
True, True, 0.0833, (0, 72, 97, 400, 386, 267, 410, 349, 223, 425, 133, 370, 3, 0)
True, True, 0.1842, (0, 65, 159, 15, 153, 215, 193, 285, 101, 252, 338, 271, 257, 0)
True, True, 0.0631, (0, 36, 373, 436, 14, 258, 93, 23, 294, 318, 288, 55, 263, 0)
True, True, 0.0568, (0, 321, 413, 420, 396, 423, 391, 337, 433, 242, 360, 342, 377, 0)
True, True, 0.0296, (0, 233, 420, 396, 423, 391, 337, 433, 242, 360, 342, 221, 377, 0)
True, True, 0.0971, (0, 171, 13, 103, 379, 301, 10, 37, 123, 64, 272, 168, 234, 0)
True, True, 0.0607, (0, 377, 342, 360, 242, 433, 337, 391, 423, 396, 420, 321, 243, 0)
True, True, 0.1429, (0, 26, 260, 348, 411, 3, 169, 2, 8, 311, 434, 59, 231, 0)
True, True, 0.1429, (0, 105, 2, 8, 311, 133, 425, 223, 349, 410, 370, 3, 348, 0)
True, True, 0.0502, (0, 297, 126, 66, 339, 293, 89, 17, 428, 402, 101, 252, 47, 0)
True, True, 0.1584, (0, 188, 369, 336, 419, 304, 322, 374, 208, 141, 100, 51, 164, 0)
True, True, 0.0399, (0, 333, 31, 426, 367, 131, 6, 80, 130, 61, 189, 79, 204, 0)
True, True, 0.2769, (0, 62, 371, 109, 90, 113, 116, 274, 196, 75, 56, 22, 210, 0)
True, True, 0.1048, (0, 385, 250, 421, 409, 110, 388, 225, 86, 315, 352, 264, 372, 0)
True, True, 0.0984, (0, 323, 243, 321, 383, 257, 47, 286, 350, 341, 98, 137, 251, 0)
True, True, 0.1065, (0, 297, 126, 66, 339, 293, 89, 412, 83, 421, 409, 110, 245, 0)
True, True, 0.117, (0, 28, 248, 19, 330, 108, 340, 240, 220, 331, 361, 161, 58, 0)
True, True, 0.1439, (0, 188, 369, 336, 304, 419, 405, 168, 95, 328, 213, 114, 316, 0)
True, True, 0.1048, (0, 345, 250, 211, 347, 43, 296, 375, 218, 281, 239, 42, 335, 0)
True, True, 0.1304, (0, 364, 417, 368, 290, 356, 190, 125, 222, 310, 178, 313, 265, 0)
True, True, 0.0869, (0, 65, 159, 15, 153, 215, 193, 285, 402, 101, 252, 338, 257, 0)
True, True, 0.0909, (0, 53, 163, 151, 199, 142, 219, 205, 183, 170, 182, 256, 96, 0)
True, True, 0.0119, (0, 421, 418, 416, 407, 366, 122, 145, 200, 139, 392, 239, 42, 0)
True, True, 0.0247, (0, 282, 224, 273, 188, 369, 336, 304, 419, 405, 234, 320, 269, 0)
True, True, 0.0744, (0, 88, 210, 22, 56, 75, 196, 274, 116, 113, 90, 109, 371, 0)
True, True, 0.044, (0, 424, 300, 363, 357, 214, 198, 272, 52, 95, 328, 213, 279, 0)
True, True, 0.2189, (0, 415, 276, 226, 278, 33, 298, 288, 55, 263, 429, 9, 254, 0)
True, True, 0.1156, (0, 79, 130, 80, 88, 173, 118, 91, 7, 197, 344, 431, 144, 0)
True, True, 0.0984, (0, 243, 321, 383, 257, 253, 289, 271, 47, 376, 138, 246, 283, 0)
True, True, 0.0042, (0, 321, 243, 413, 420, 396, 423, 391, 337, 433, 342, 221, 249, 0)
True, True, 0.103, (0, 205, 282, 224, 273, 320, 279, 114, 316, 120, 269, 284, 150, 0)
True, True, 0.0909, (0, 96, 78, 182, 170, 183, 205, 219, 142, 199, 151, 163, 53, 0)
True, True, 0.1868, (0, 273, 234, 405, 168, 95, 52, 198, 214, 357, 363, 300, 424, 0)
True, True, 0.0966, (0, 367, 1, 140, 274, 116, 113, 90, 109, 371, 62, 397, 387, 0)
True, True, 0.0416, (0, 332, 120, 316, 114, 279, 320, 273, 224, 282, 219, 142, 170, 0)
True, True, 0.0879, (0, 364, 259, 30, 190, 125, 222, 310, 178, 292, 382, 192, 235, 0)
True, True, 0.0119, (0, 121, 237, 393, 381, 404, 228, 71, 92, 275, 41, 155, 326, 0)
True, True, 0.0573, (0, 149, 202, 308, 270, 406, 155, 41, 275, 92, 260, 26, 326, 0)
True, True, 0.177, (0, 68, 277, 45, 94, 212, 46, 49, 247, 40, 201, 203, 167, 0)
True, True, 0.043, (0, 83, 293, 89, 17, 403, 384, 407, 416, 418, 206, 347, 211, 0)
True, True, 0.1156, (0, 333, 31, 5, 426, 367, 131, 6, 80, 130, 61, 189, 334, 0)
True, True, 0.1019, (0, 266, 319, 309, 252, 101, 285, 193, 215, 153, 15, 159, 65, 0)
True, True, 0.0152, (0, 213, 328, 272, 64, 123, 37, 10, 301, 379, 103, 13, 171, 0)
True, True, 0.1689, (0, 243, 321, 413, 420, 396, 432, 351, 289, 253, 257, 138, 246, 0)
True, True, 0.0789, (0, 159, 15, 153, 215, 193, 285, 101, 252, 309, 266, 351, 432, 0)
True, True, 0.1957, (0, 53, 199, 39, 232, 35, 141, 27, 100, 51, 164, 186, 128, 0)
True, True, 0.0042, (0, 377, 242, 241, 245, 303, 352, 86, 315, 264, 372, 391, 423, 0)
True, True, 0.2357, (0, 204, 176, 131, 6, 130, 80, 344, 7, 197, 431, 144, 334, 0)
True, True, 0.0712, (0, 115, 377, 221, 342, 242, 360, 241, 280, 393, 237, 325, 121, 0)
True, True, 0.0468, (0, 226, 278, 33, 318, 294, 23, 93, 258, 261, 262, 307, 18, 0)
True, True, 0.2798, (0, 239, 218, 392, 139, 200, 145, 122, 366, 384, 403, 428, 402, 0)
True, True, 0.4881, (0, 43, 206, 57, 139, 200, 145, 122, 366, 407, 416, 418, 421, 0)
True, True, 0.0017, (0, 316, 114, 279, 213, 424, 300, 363, 356, 290, 368, 417, 30, 0)
True, True, 0.131, (0, 411, 410, 97, 400, 267, 386, 299, 392, 57, 296, 375, 281, 0)
True, True, 0.1225, (0, 234, 95, 272, 64, 123, 37, 10, 301, 379, 103, 13, 171, 0)
True, True, 0.0205, (0, 226, 33, 318, 294, 23, 93, 258, 261, 262, 307, 18, 50, 0)
True, True, 0.0184, (0, 244, 11, 209, 354, 74, 63, 117, 103, 13, 394, 171, 222, 0)
True, True, 0.3167, (0, 128, 186, 54, 27, 141, 208, 374, 322, 35, 232, 39, 199, 0)
True, True, 0.0286, (0, 437, 233, 324, 229, 268, 380, 227, 249, 325, 121, 195, 202, 0)
True, True, 0.1957, (0, 128, 186, 164, 51, 100, 54, 94, 212, 46, 49, 45, 277, 0)
True, True, 0.1011, (0, 134, 387, 287, 395, 220, 240, 340, 108, 330, 19, 248, 430, 0)
True, True, 0.1712, (0, 414, 217, 236, 59, 136, 187, 362, 305, 238, 358, 295, 9, 0)
True, True, 0.0909, (0, 53, 163, 151, 199, 142, 219, 205, 183, 170, 78, 256, 96, 0)
True, True, 0.0074, (0, 217, 236, 59, 136, 187, 362, 305, 238, 358, 295, 9, 254, 0)
True, True, 0.1012, (0, 335, 72, 97, 400, 299, 386, 267, 410, 370, 8, 434, 105, 0)
True, True, 0.2353, (0, 414, 217, 236, 59, 136, 187, 362, 305, 238, 359, 9, 254, 0)
True, True, 0.0757, (0, 224, 188, 369, 336, 304, 419, 405, 168, 95, 328, 213, 279, 0)
True, True, 0.0695, (0, 282, 224, 273, 234, 405, 168, 95, 328, 213, 279, 114, 316, 0)
True, True, 0.0008, (0, 254, 9, 365, 263, 55, 288, 298, 33, 278, 226, 276, 415, 0)
True, True, 0.2345, (0, 427, 398, 317, 226, 278, 33, 298, 288, 55, 263, 365, 9, 0)
True, True, 0.0934, (0, 427, 398, 317, 226, 278, 33, 298, 288, 55, 263, 429, 254, 0)
True, True, 0.0114, (0, 53, 151, 142, 219, 282, 224, 273, 320, 284, 269, 120, 332, 0)
True, True, 0.3676, (0, 244, 11, 209, 354, 74, 63, 117, 379, 301, 10, 37, 394, 0)
False, True, 0.059, (0, 180, 48, 12, 85, 314, 148, 111, 20, 53, 306, 107, 48, 0)
True, True, 0.044, (0, 357, 123, 64, 10, 37, 301, 379, 117, 63, 74, 354, 13, 0)
False, True, 0.059, (0, 180, 48, 12, 85, 314, 148, 111, 20, 53, 306, 107, 180, 0)
True, True, 0.0177, (0, 244, 11, 209, 354, 74, 63, 117, 103, 13, 394, 171, 190, 0)
True, True, 0.0388, (0, 167, 247, 40, 201, 76, 127, 102, 119, 129, 191, 70, 93, 0)
True, True, 0.1071, (0, 167, 247, 40, 201, 76, 127, 102, 119, 129, 191, 70, 258, 0)
True, True, 0.369, (0, 72, 97, 400, 267, 386, 299, 223, 349, 425, 133, 370, 169, 0)
False, True, 0.0924, (0, 124, 165, 235, 192, 382, 292, 160, 291, 174, 313, 265, 124, 0)
True, True, 0.146, (0, 258, 70, 129, 191, 158, 29, 87, 102, 127, 40, 247, 167, 0)
True, True, 0.044, (0, 357, 123, 64, 10, 37, 301, 379, 117, 63, 74, 209, 11, 0)
False, True, 0.0172, (0, 437, 44, 149, 422, 353, 195, 270, 308, 202, 149, 44, 437, 0)
False, True, 0.1169, (0, 38, 194, 50, 436, 373, 14, 261, 262, 307, 18, 50, 194, 0)
False, True, 0.2727, (0, 179, 124, 99, 77, 399, 106, 216, 182, 78, 256, 96, 179, 0)
True, True, 0.062, (0, 167, 247, 40, 76, 119, 127, 102, 87, 29, 158, 191, 129, 0)
False, True, 0.1284, (0, 437, 44, 149, 422, 353, 195, 270, 308, 202, 422, 149, 172, 0)
False, True, 0.25, (0, 207, 58, 161, 287, 395, 184, 390, 397, 387, 134, 207, 333, 0)
True, True, 0.008, (0, 28, 430, 248, 19, 330, 108, 340, 240, 220, 361, 161, 58, 0)
True, True, 0.0744, (0, 197, 7, 91, 118, 173, 88, 210, 22, 56, 75, 196, 140, 0)
True, True, 0.1429, (0, 335, 42, 239, 281, 375, 296, 57, 392, 299, 400, 97, 72, 0)
True, True, 0.1364, (0, 165, 235, 192, 382, 174, 160, 291, 30, 259, 364, 106, 216, 0)
True, True, 0.0568, (0, 134, 387, 397, 390, 184, 395, 220, 331, 361, 430, 28, 401, 0)
True, True, 0.029, (0, 44, 422, 353, 195, 270, 406, 71, 92, 275, 41, 155, 326, 0)
True, True, 0.0417, (0, 348, 411, 410, 349, 223, 425, 133, 370, 8, 434, 2, 105, 0)
True, True, 0.059, (0, 53, 170, 183, 163, 151, 199, 128, 20, 111, 148, 85, 12, 0)
True, True, 0.1429, (0, 105, 2, 434, 311, 133, 425, 223, 349, 410, 370, 3, 348, 0)
False, True, 0.475, (0, 24, 157, 135, 177, 152, 408, 302, 255, 327, 389, 343, 24, 0)
True, True, 0.125, (0, 207, 58, 161, 287, 395, 184, 390, 397, 387, 134, 426, 31, 0)
True, True, 0.0744, (0, 62, 109, 90, 113, 116, 274, 196, 75, 56, 22, 210, 88, 0)
True, True, 0.044, (0, 328, 52, 272, 64, 123, 37, 10, 301, 379, 103, 13, 171, 0)
False, True, 0.211, (0, 146, 25, 334, 144, 431, 61, 189, 79, 176, 204, 25, 146, 0)
True, True, 0.0744, (0, 344, 88, 210, 22, 56, 75, 196, 274, 116, 113, 371, 62, 0)
True, True, 0.2143, (0, 59, 136, 187, 362, 32, 82, 147, 143, 60, 104, 185, 318, 0)
False, True, 0.0789, (0, 207, 58, 161, 387, 397, 390, 184, 395, 287, 161, 58, 207, 0)
True, True, 0.0417, (0, 348, 3, 370, 410, 349, 223, 425, 133, 311, 8, 434, 105, 0)
True, True, 0.0088, (0, 427, 398, 317, 226, 278, 33, 298, 288, 55, 263, 355, 254, 0)
True, True, 0.2143, (0, 93, 23, 294, 185, 104, 60, 143, 147, 82, 32, 305, 238, 0)
True, True, 0.044, (0, 244, 11, 209, 354, 103, 379, 301, 37, 10, 64, 123, 357, 0)
False, True, 0.375, (0, 132, 4, 84, 181, 21, 378, 112, 16, 67, 230, 34, 4, 0)
True, True, 0.044, (0, 171, 13, 103, 379, 301, 10, 37, 123, 64, 272, 214, 328, 0)
False, True, 0.0217, (0, 38, 194, 36, 373, 436, 14, 262, 307, 18, 50, 194, 38, 0)
True, True, 0.077, (0, 231, 358, 295, 359, 365, 263, 276, 317, 398, 36, 194, 38, 0)
False, True, 0.1931, (0, 38, 194, 50, 18, 307, 262, 261, 14, 436, 373, 36, 38, 0)
True, True, 0.2083, (0, 402, 428, 403, 384, 366, 122, 145, 200, 139, 392, 218, 42, 0)
True, True, 0.0119, (0, 402, 428, 403, 384, 366, 122, 145, 200, 139, 57, 206, 43, 0)
False, True, 0.2334, (0, 44, 422, 353, 121, 325, 249, 227, 380, 268, 229, 324, 44, 0)
True, True, 0.146, (0, 167, 247, 40, 76, 119, 87, 29, 158, 191, 129, 70, 93, 0)
True, True, 0.0447, (0, 13, 103, 379, 301, 10, 37, 123, 64, 272, 168, 405, 234, 0)
True, True, 0.044, (0, 171, 13, 103, 379, 301, 10, 37, 123, 64, 272, 198, 328, 0)
False, True, 0.15, (0, 132, 84, 181, 21, 378, 112, 16, 67, 230, 34, 4, 132, 0)
False, True, 0.0744, (0, 134, 397, 62, 90, 109, 371, 390, 184, 395, 287, 387, 134, 0)
True, True, 0.1866, (0, 231, 358, 295, 359, 365, 429, 355, 276, 317, 398, 427, 156, 0)
False, True, 0.0879, (0, 124, 165, 265, 313, 174, 291, 160, 292, 382, 192, 235, 165, 0)
True, True, 0.0595, (0, 72, 97, 400, 386, 267, 410, 349, 223, 425, 133, 370, 169, 0)
True, True, 0.0593, (0, 287, 184, 390, 371, 62, 109, 90, 113, 116, 274, 140, 1, 0)
True, True, 0.1284, (0, 115, 377, 221, 342, 242, 360, 241, 280, 393, 237, 325, 353, 0)
False, True, 0.1323, (0, 283, 251, 137, 98, 341, 286, 350, 376, 138, 246, 323, 283, 0)
True, True, 0.0536, (0, 411, 410, 267, 386, 299, 392, 57, 296, 375, 281, 239, 42, 0)
True, True, 0.0714, (0, 348, 411, 410, 267, 386, 299, 392, 57, 296, 375, 281, 42, 0)
True, True, 0.0701, (0, 36, 373, 436, 14, 262, 261, 258, 93, 23, 294, 318, 298, 0)
True, True, 0.026, (0, 241, 303, 225, 388, 110, 409, 421, 83, 339, 66, 126, 297, 0)
False, True, 0.008, (0, 28, 430, 331, 220, 240, 340, 108, 330, 19, 248, 430, 28, 0)
True, True, 0.0701, (0, 298, 318, 294, 23, 93, 258, 14, 307, 18, 436, 373, 36, 0)
True, True, 0.0524, (0, 335, 42, 239, 281, 218, 375, 296, 43, 347, 211, 166, 162, 0)
False, True, 0.0829, (0, 204, 79, 189, 61, 130, 80, 6, 131, 367, 426, 176, 204, 0)
True, True, 0.0568, (0, 377, 342, 360, 242, 433, 337, 391, 423, 396, 420, 413, 243, 0)
False, True, 0.044, (0, 244, 171, 394, 13, 103, 117, 63, 74, 354, 209, 11, 244, 0)
True, True, 0.0083, (0, 115, 377, 433, 337, 242, 241, 360, 342, 221, 393, 237, 325, 0)
False, True, 0.0119, (0, 404, 381, 385, 438, 250, 345, 166, 435, 162, 346, 381, 404, 0)
False, True, 0.0357, (0, 414, 217, 236, 231, 358, 295, 9, 254, 231, 236, 217, 414, 0)
True, True, 0.0205, (0, 50, 18, 307, 262, 261, 258, 93, 23, 294, 318, 278, 226, 0)
all_elementary, False
all_cyc2, True
