Instance, X-n469-k138
capacity, 256
min_trucks, 139
output_file, output_uchoa/X-n469-k138-ng20.log
Start date, 2022-07-04
Start time, 11-05-17
capacity, 256
num_vehicles, 139
abort_early, False
methods, ['ng20']
max_vars, 100
time_limit, 86400
farley, False
ESPPRC_heur, True
initial time, initial max_it, max_stale_it
1, 20000.0, 20
heuristic Number of routes, heuristic Best Solution Value, heuristic number of iterations, adjusted time, adjusted max_it, measured total time
31470, 223800.0, 2000, 10, 2000.0, 20094.9
method, python time, total time, propagated dominance time, unpropagated dominance time, pricing_success, upper_bound, lower_bound, abort_early, num_paths, 
ESPPRC_heur, -0.0, 0.8, 0.3, 0.2, 0, 221087.9152, 215666.9152, True, 13
ng20, -0.0, 20.8, 5.4, 13.9, 1, 221074.3805, 213985.3805, 0, 5
ESPPRC_heur, -0.0, 0.8, 0.3, 0.2, 0, 221056.0779, 220917.0779, True, 1
ng20, 0.0, 21.0, 5.5, 14.0, 1, 221056.0779, 220489.2042, 0, 1
ng20, -0.0, 20.8, 5.4, 13.9, 1, 221055.125, 221055.125, 0, 0
scip_total_time, 20168.745306
Solval, number of paths, impact cutoff
221055.12499151792, 425, 0.0001
Elementary, 2-Cycle, Path Value, Path
True, True, 0.94, (0, 451, 302, 328, 0)
True, True, 0.952, (0, 359, 85, 316, 0)
True, True, 0.6628, (0, 413, 440, 16, 0)
True, True, 0.94, (0, 407, 233, 399, 0)
True, True, 0.94, (0, 208, 142, 384, 0)
True, True, 1.0, (0, 262, 62, 70, 87, 0)
True, True, 0.8564, (0, 163, 409, 331, 344, 0)
True, True, 0.1179, (0, 126, 325, 345, 250, 0)
True, True, 0.3801, (0, 215, 428, 115, 0)
True, True, 0.2832, (0, 123, 324, 387, 11, 0)
True, True, 0.8211, (0, 408, 227, 293, 0)
True, True, 0.1179, (0, 423, 61, 18, 0)
True, True, 0.1179, (0, 368, 22, 436, 0)
True, True, 0.3647, (0, 456, 166, 419, 0)
True, True, 0.8821, (0, 68, 374, 194, 0)
True, True, 1.0, (0, 281, 394, 210, 0)
True, True, 0.5944, (0, 253, 290, 88, 180, 0)
True, True, 1.0, (0, 51, 188, 67, 0)
True, True, 0.0068, (0, 36, 162, 205, 0)
True, True, 0.5524, (0, 268, 35, 390, 441, 0)
True, True, 0.5942, (0, 178, 364, 130, 402, 0)
True, True, 0.4204, (0, 323, 135, 110, 0)
True, True, 0.5432, (0, 116, 92, 380, 326, 0)
True, True, 1.0, (0, 214, 234, 156, 0)
True, True, 0.5144, (0, 335, 264, 454, 0)
True, True, 0.4856, (0, 217, 248, 332, 157, 0)
True, True, 0.4653, (0, 223, 131, 132, 220, 0)
True, True, 0.1214, (0, 26, 105, 238, 57, 0)
True, True, 1.0, (0, 467, 360, 86, 0)
True, True, 0.5, (0, 153, 76, 314, 0)
True, True, 0.4342, (0, 185, 224, 54, 0)
True, True, 0.6214, (0, 349, 4, 20, 0)
True, True, 0.2927, (0, 189, 14, 422, 0)
True, True, 0.2223, (0, 159, 206, 43, 0)
True, True, 0.4572, (0, 249, 372, 353, 0)
True, True, 0.1167, (0, 431, 236, 121, 0)
True, True, 0.4337, (0, 370, 305, 190, 183, 0)
True, True, 0.882, (0, 193, 82, 303, 0)
True, True, 0.0084, (0, 96, 152, 246, 421, 0)
True, True, 0.6399, (0, 352, 59, 298, 442, 0)
True, True, 1.0, (0, 212, 317, 192, 0)
True, True, 0.0819, (0, 184, 103, 72, 44, 0)
True, True, 0.2632, (0, 81, 211, 285, 0)
True, True, 0.2853, (0, 385, 93, 29, 0)
True, True, 0.2327, (0, 56, 31, 39, 0)
True, True, 0.7424, (0, 283, 30, 169, 0)
True, True, 0.7424, (0, 66, 79, 411, 0)
True, True, 0.2659, (0, 271, 127, 237, 301, 0)
True, True, 0.1934, (0, 450, 218, 235, 0)
True, True, 0.7438, (0, 263, 151, 8, 0)
True, True, 0.2936, (0, 373, 222, 256, 0)
True, True, 0.2479, (0, 100, 367, 288, 124, 0)
True, True, 0.048, (0, 316, 208, 85, 0)
True, True, 0.964, (0, 363, 41, 429, 0)
True, True, 0.1774, (0, 393, 228, 37, 0)
True, True, 0.5, (0, 259, 161, 425, 0)
True, True, 1.0, (0, 465, 382, 453, 0)
True, True, 0.3015, (0, 257, 405, 355, 0)
True, True, 0.4157, (0, 272, 146, 126, 427, 0)
True, True, 0.4113, (0, 50, 277, 108, 0)
True, True, 0.2622, (0, 18, 345, 215, 0)
True, True, 0.1179, (0, 250, 270, 334, 109, 0)
True, True, 0.8821, (0, 423, 436, 61, 0)
True, True, 0.3403, (0, 456, 166, 458, 0)
True, True, 0.1179, (0, 398, 330, 177, 0)
True, True, 0.8357, (0, 435, 329, 304, 0)
True, True, 0.339, (0, 282, 406, 457, 284, 0)
True, True, 0.3363, (0, 308, 348, 346, 0)
True, True, 0.2569, (0, 264, 176, 83, 0)
True, True, 0.168, (0, 162, 90, 71, 0)
True, True, 0.4557, (0, 265, 459, 132, 0)
True, True, 0.2428, (0, 147, 335, 203, 0)
True, True, 0.2474, (0, 350, 309, 145, 58, 0)
True, True, 0.0731, (0, 209, 77, 187, 0)
True, True, 0.2651, (0, 54, 14, 185, 0)
True, True, 0.773, (0, 15, 43, 196, 0)
True, True, 0.0843, (0, 431, 310, 412, 0)
True, True, 0.8889, (0, 439, 244, 286, 0)
True, True, 0.0597, (0, 190, 246, 152, 23, 0)
True, True, 0.7424, (0, 389, 392, 266, 198, 0)
True, True, 0.1167, (0, 381, 103, 318, 0)
True, True, 0.2853, (0, 102, 9, 221, 452, 0)
True, True, 0.4183, (0, 280, 81, 237, 301, 0)
True, True, 0.973, (0, 226, 247, 202, 0)
True, True, 0.2576, (0, 411, 424, 30, 0)
True, True, 0.6468, (0, 319, 216, 94, 0)
True, True, 0.06, (0, 339, 279, 125, 260, 0)
True, True, 0.1199, (0, 32, 168, 426, 425, 0)
True, True, 0.0954, (0, 50, 108, 351, 0)
True, True, 0.6197, (0, 137, 119, 171, 174, 0)
True, True, 0.0353, (0, 123, 387, 11, 227, 0)
True, True, 0.1789, (0, 293, 430, 334, 0)
True, True, 0.6199, (0, 165, 115, 250, 0)
True, True, 0.3686, (0, 48, 107, 128, 0)
True, True, 0.8821, (0, 177, 252, 98, 0)
True, True, 0.5932, (0, 308, 383, 242, 0)
True, True, 0.1723, (0, 225, 292, 21, 336, 0)
True, True, 0.9919, (0, 191, 291, 243, 333, 0)
True, True, 0.0863, (0, 380, 388, 118, 147, 0)
True, True, 0.5796, (0, 135, 414, 449, 80, 0)
True, True, 1.0, (0, 173, 122, 113, 0)
True, True, 0.5441, (0, 445, 448, 287, 232, 0)
True, True, 0.1874, (0, 223, 213, 207, 186, 0)
True, True, 0.6667, (0, 112, 365, 391, 0)
True, True, 0.5, (0, 245, 17, 269, 295, 0)
True, True, 0.2344, (0, 300, 421, 305, 0)
True, True, 0.8785, (0, 63, 236, 73, 0)
True, True, 0.7147, (0, 385, 149, 10, 0)
True, True, 0.2382, (0, 56, 237, 301, 78, 0)
True, True, 0.2576, (0, 66, 79, 283, 0)
True, True, 0.2022, (0, 463, 373, 222, 0)
True, True, 0.8821, (0, 368, 175, 22, 0)
True, True, 0.0355, (0, 406, 110, 133, 0)
True, True, 0.3786, (0, 326, 203, 362, 0)
True, True, 0.4559, (0, 342, 448, 287, 232, 0)
True, True, 0.2745, (0, 323, 449, 155, 0)
True, True, 0.1853, (0, 320, 55, 238, 76, 0)
True, True, 0.5651, (0, 187, 144, 138, 0)
True, True, 0.6214, (0, 91, 160, 379, 33, 0)
True, True, 0.2474, (0, 47, 315, 104, 0)
True, True, 0.8539, (0, 139, 251, 416, 0)
True, True, 0.227, (0, 376, 206, 101, 15, 0)
True, True, 0.618, (0, 19, 114, 1, 0)
True, True, 0.6461, (0, 378, 261, 267, 0)
True, True, 0.4865, (0, 415, 24, 200, 434, 0)
True, True, 0.1167, (0, 381, 230, 412, 0)
True, True, 0.7618, (0, 318, 45, 322, 0)
True, True, 0.7368, (0, 285, 181, 136, 0)
True, True, 0.2105, (0, 78, 211, 9, 93, 0)
True, True, 0.2105, (0, 221, 29, 263, 0)
True, True, 0.2479, (0, 466, 288, 373, 0)
True, True, 0.0182, (0, 312, 460, 404, 0)
True, True, 0.8801, (0, 339, 279, 276, 32, 0)
True, True, 0.024, (0, 142, 41, 429, 0)
True, True, 0.5, (0, 161, 228, 393, 0)
True, True, 0.3256, (0, 455, 425, 355, 0)
True, True, 0.3801, (0, 464, 165, 458, 0)
True, True, 0.0261, (0, 197, 366, 123, 387, 0)
True, True, 0.999, (0, 12, 347, 195, 0)
True, True, 0.0355, (0, 406, 110, 201, 0)
True, True, 0.0354, (0, 134, 176, 264, 0)
True, True, 0.4476, (0, 459, 437, 106, 0)
True, True, 0.5, (0, 154, 55, 238, 314, 0)
True, True, 0.1874, (0, 289, 129, 207, 186, 0)
True, True, 0.3381, (0, 397, 42, 101, 0)
True, True, 0.5737, (0, 462, 443, 49, 395, 0)
True, True, 0.3786, (0, 421, 349, 422, 0)
True, True, 0.0843, (0, 431, 167, 412, 0)
True, True, 0.118, (0, 267, 82, 193, 0)
True, True, 0.2853, (0, 149, 361, 432, 0)
True, True, 0.5042, (0, 39, 221, 29, 0)
True, True, 0.7521, (0, 367, 466, 463, 0)
True, True, 0.75, (0, 312, 460, 7, 0)
True, True, 0.4588, (0, 143, 306, 204, 351, 0)
True, True, 0.5243, (0, 109, 257, 95, 278, 0)
True, True, 0.3683, (0, 120, 297, 53, 255, 0)
True, True, 0.001, (0, 396, 195, 294, 46, 0)
True, True, 0.4932, (0, 311, 50, 47, 0)
True, True, 0.1179, (0, 68, 252, 107, 0)
True, True, 0.1472, (0, 178, 282, 170, 34, 0)
True, True, 0.2214, (0, 356, 292, 21, 447, 0)
True, True, 0.5443, (0, 265, 437, 377, 0)
True, True, 0.3147, (0, 91, 76, 55, 320, 0)
True, True, 0.1461, (0, 17, 207, 186, 251, 0)
True, True, 0.3786, (0, 189, 20, 379, 0)
True, True, 0.9406, (0, 117, 375, 258, 0)
True, True, 0.7421, (0, 96, 152, 246, 300, 0)
True, True, 0.218, (0, 182, 230, 381, 0)
True, True, 0.2105, (0, 151, 452, 280, 102, 0)
True, True, 0.6133, (0, 400, 235, 403, 0)
True, True, 0.5042, (0, 124, 100, 64, 424, 0)
True, True, 0.5, (0, 461, 464, 427, 84, 0)
True, True, 0.1274, (0, 299, 387, 401, 0)
True, True, 0.4507, (0, 69, 398, 239, 0)
True, True, 0.5, (0, 57, 153, 320, 0)
True, True, 0.8126, (0, 213, 289, 3, 0)
True, True, 0.1475, (0, 298, 198, 442, 254, 0)
True, True, 0.133, (0, 78, 102, 81, 127, 0)
True, True, 0.2479, (0, 100, 288, 64, 271, 0)
True, True, 0.5545, (0, 37, 296, 240, 0)
True, True, 0.2682, (0, 89, 158, 228, 0)
True, True, 0.4757, (0, 386, 95, 278, 229, 0)
True, True, 0.1741, (0, 299, 420, 257, 0)
True, True, 1.0, (0, 438, 307, 97, 0)
True, True, 0.4101, (0, 457, 313, 419, 84, 0)
True, True, 0.5068, (0, 141, 162, 205, 0)
True, True, 0.5899, (0, 34, 170, 327, 340, 0)
True, True, 0.2786, (0, 60, 88, 356, 225, 0)
True, True, 0.5524, (0, 48, 111, 357, 0)
True, True, 0.2569, (0, 348, 418, 242, 0)
True, True, 0.3786, (0, 57, 160, 129, 207, 0)
True, True, 0.4416, (0, 121, 310, 167, 44, 0)
True, True, 0.5243, (0, 229, 426, 168, 260, 0)
True, True, 0.4476, (0, 111, 377, 148, 0)
True, True, 0.1475, (0, 40, 365, 321, 0)
True, True, 0.1063, (0, 196, 286, 439, 0)
True, True, 0.5291, (0, 56, 31, 182, 0)
True, True, 0.2479, (0, 124, 64, 127, 271, 0)
True, True, 0.036, (0, 399, 363, 142, 0)
True, True, 0.06, (0, 407, 464, 384, 0)
True, True, 0.2571, (0, 387, 255, 366, 123, 0)
True, True, 0.5223, (0, 430, 239, 13, 0)
True, True, 0.1143, (0, 35, 390, 343, 268, 0)
True, True, 0.1933, (0, 454, 217, 157, 238, 0)
True, True, 0.2127, (0, 138, 444, 442, 0)
True, True, 0.3786, (0, 421, 33, 4, 0)
True, True, 0.1101, (0, 392, 169, 389, 59, 0)
True, True, 0.1955, (0, 240, 404, 179, 158, 0)
True, True, 0.2286, (0, 371, 455, 440, 0)
True, True, 0.4881, (0, 11, 120, 297, 401, 0)
True, True, 0.3248, (0, 197, 53, 255, 123, 0)
True, True, 0.127, (0, 290, 88, 180, 468, 0)
True, True, 0.1143, (0, 343, 148, 106, 441, 0)
True, True, 0.0783, (0, 116, 380, 326, 26, 0)
True, True, 0.1005, (0, 416, 54, 207, 0)
True, True, 0.0358, (0, 375, 422, 185, 0)
True, True, 0.4932, (0, 108, 396, 141, 0)
True, True, 0.1789, (0, 334, 430, 408, 0)
True, True, 0.3898, (0, 128, 330, 13, 0)
True, True, 0.3425, (0, 205, 27, 369, 284, 0)
True, True, 0.1933, (0, 332, 264, 176, 0)
True, True, 0.1985, (0, 376, 42, 397, 0)
True, True, 0.7777, (0, 159, 6, 444, 0)
True, True, 0.1461, (0, 19, 295, 269, 354, 0)
True, True, 0.2714, (0, 172, 372, 249, 0)
True, True, 0.0594, (0, 358, 117, 370, 184, 0)
True, True, 0.0358, (0, 23, 152, 96, 258, 0)
True, True, 0.6268, (0, 433, 150, 2, 0)
True, True, 0.2853, (0, 5, 361, 10, 0)
True, True, 0.3066, (0, 74, 218, 450, 0)
True, True, 0.5, (0, 272, 146, 164, 461, 0)
True, True, 0.4056, (0, 338, 60, 253, 219, 0)
True, True, 0.0967, (0, 3, 459, 220, 0)
True, True, 0.027, (0, 75, 200, 410, 0)
True, True, 0.1101, (0, 352, 266, 198, 298, 0)
True, True, 0.0135, (0, 47, 247, 415, 403, 0)
True, True, 0.2682, (0, 37, 89, 179, 0)
True, True, 0.4615, (0, 338, 69, 341, 219, 0)
True, True, 0.6062, (0, 447, 336, 21, 292, 0)
True, True, 0.3884, (0, 186, 129, 224, 183, 0)
True, True, 0.03, (0, 164, 146, 272, 427, 0)
True, True, 0.6985, (0, 405, 420, 299, 0)
True, True, 0.1179, (0, 374, 330, 107, 0)
True, True, 0.2628, (0, 327, 170, 282, 130, 0)
True, True, 0.4068, (0, 99, 275, 348, 383, 0)
True, True, 0.3732, (0, 75, 2, 52, 0)
True, True, 0.2359, (0, 261, 114, 378, 0)
True, True, 0.0325, (0, 167, 310, 295, 231, 0)
True, True, 0.3532, (0, 127, 256, 216, 0)
True, True, 0.1086, (0, 440, 455, 125, 0)
True, True, 0.3786, (0, 105, 203, 362, 0)
True, True, 0.1779, (0, 96, 305, 190, 183, 0)
True, True, 0.0236, (0, 258, 300, 375, 0)
True, True, 0.3732, (0, 403, 433, 24, 0)
True, True, 0.3557, (0, 125, 168, 426, 371, 0)
True, True, 0.177, (0, 143, 277, 204, 351, 0)
True, True, 0.15, (0, 225, 242, 99, 199, 0)
True, True, 0.1536, (0, 147, 92, 116, 275, 0)
True, True, 0.4635, (0, 42, 354, 209, 0)
True, True, 0.2318, (0, 273, 89, 312, 0)
True, True, 0.06, (0, 339, 279, 276, 302, 0)
True, True, 0.027, (0, 107, 398, 239, 0)
True, True, 0.2404, (0, 321, 112, 254, 49, 0)
True, True, 0.25, (0, 240, 404, 393, 7, 0)
True, True, 0.2772, (0, 16, 455, 413, 0)
True, True, 0.0783, (0, 217, 118, 388, 92, 0)
True, True, 0.5, (0, 154, 105, 26, 346, 0)
True, True, 0.6624, (0, 155, 77, 274, 0)
True, True, 0.1461, (0, 241, 139, 114, 0)
True, True, 0.2382, (0, 271, 31, 322, 0)
True, True, 0.1179, (0, 175, 194, 270, 0)
True, True, 0.1472, (0, 27, 34, 327, 340, 0)
True, True, 0.225, (0, 147, 92, 116, 99, 0)
True, True, 0.2223, (0, 138, 187, 6, 0)
True, True, 0.0135, (0, 145, 75, 202, 0)
True, True, 0.3729, (0, 296, 259, 355, 0)
True, True, 0.4157, (0, 164, 371, 125, 260, 0)
True, True, 0.1436, (0, 163, 11, 120, 387, 0)
True, True, 0.2571, (0, 401, 53, 140, 0)
True, True, 0.7431, (0, 134, 83, 418, 0)
True, True, 0.0907, (0, 3, 54, 186, 0)
True, True, 0.4263, (0, 40, 254, 321, 443, 0)
True, True, 0.2649, (0, 189, 14, 185, 0)
True, True, 0.7147, (0, 412, 231, 431, 0)
True, True, 0.4865, (0, 415, 52, 200, 434, 0)
True, True, 0.5485, (0, 103, 230, 381, 0)
True, True, 0.5042, (0, 9, 93, 222, 452, 0)
True, True, 0.5363, (0, 273, 158, 179, 404, 0)
True, True, 0.1274, (0, 401, 387, 420, 0)
True, True, 0.0047, (0, 206, 43, 439, 0)
True, True, 0.0091, (0, 107, 330, 357, 0)
True, True, 0.2562, (0, 288, 8, 373, 0)
True, True, 0.0081, (0, 199, 447, 346, 291, 0)
True, True, 0.079, (0, 132, 220, 106, 343, 0)
True, True, 0.5243, (0, 270, 334, 386, 325, 0)
True, True, 0.0081, (0, 377, 333, 437, 0)
True, True, 0.2923, (0, 380, 454, 147, 26, 0)
True, True, 0.0456, (0, 129, 54, 416, 0)
True, True, 0.6432, (0, 197, 140, 366, 324, 0)
True, True, 0.012, (0, 171, 399, 429, 174, 0)
True, True, 0.0457, (0, 263, 151, 463, 0)
True, True, 0.2688, (0, 396, 46, 204, 351, 0)
True, True, 0.4349, (0, 144, 376, 206, 101, 0)
True, True, 0.1859, (0, 365, 321, 172, 0)
True, True, 0.2329, (0, 150, 462, 71, 0)
True, True, 0.118, (0, 261, 267, 303, 0)
True, True, 0.0135, (0, 226, 202, 315, 0)
True, True, 0.1436, (0, 227, 409, 331, 344, 0)
True, True, 0.1643, (0, 199, 225, 435, 25, 0)
True, True, 0.5085, (0, 133, 110, 201, 0)
True, True, 0.5144, (0, 176, 118, 388, 248, 0)
True, True, 0.2416, (0, 128, 107, 357, 0)
True, True, 0.4294, (0, 5, 361, 23, 0)
True, True, 0.2369, (0, 396, 294, 119, 137, 0)
True, True, 0.0631, (0, 323, 155, 77, 0)
True, True, 0.0736, (0, 324, 123, 366, 341, 0)
True, True, 0.4416, (0, 72, 167, 310, 121, 0)
True, True, 0.2529, (0, 231, 182, 103, 0)
True, True, 0.0954, (0, 204, 174, 46, 277, 0)
True, True, 0.6199, (0, 18, 428, 345, 0)
True, True, 0.2459, (0, 47, 350, 104, 0)
True, True, 0.4058, (0, 446, 364, 71, 0)
True, True, 0.1215, (0, 73, 318, 72, 44, 0)
True, True, 0.2318, (0, 273, 89, 460, 0)
True, True, 0.2428, (0, 335, 217, 362, 0)
True, True, 0.2714, (0, 353, 249, 172, 0)
True, True, 0.118, (0, 267, 378, 19, 0)
True, True, 0.382, (0, 1, 241, 245, 0)
True, True, 0.5068, (0, 350, 104, 311, 0)
True, True, 0.0135, (0, 309, 247, 415, 226, 0)
True, True, 0.198, (0, 323, 80, 274, 0)
True, True, 0.2015, (0, 337, 468, 28, 199, 0)
True, True, 0.5457, (0, 145, 75, 58, 0)
True, True, 0.1111, (0, 244, 206, 196, 0)
True, True, 0.0373, (0, 199, 329, 25, 60, 0)
True, True, 0.4559, (0, 445, 342, 201, 133, 0)
True, True, 0.0776, (0, 237, 78, 181, 370, 0)
True, True, 0.6575, (0, 90, 369, 36, 0)
True, True, 0.3578, (0, 126, 215, 325, 109, 0)
True, True, 0.146, (0, 80, 449, 223, 414, 0)
True, True, 0.0047, (0, 236, 63, 286, 0)
True, True, 0.0879, (0, 337, 338, 69, 13, 0)
True, True, 0.0706, (0, 99, 275, 308, 225, 0)
True, True, 0.154, (0, 23, 152, 246, 305, 0)
True, True, 0.108, (0, 81, 280, 102, 181, 0)
True, True, 0.0731, (0, 397, 209, 414, 0)
True, True, 0.001, (0, 340, 347, 12, 0)
True, True, 0.0776, (0, 81, 301, 78, 181, 0)
True, True, 0.0938, (0, 140, 219, 341, 297, 0)
True, True, 0.1934, (0, 235, 74, 400, 0)
True, True, 0.0392, (0, 219, 398, 338, 337, 0)
True, True, 0.2382, (0, 424, 72, 45, 44, 0)
True, True, 0.2853, (0, 432, 23, 5, 0)
True, True, 0.3163, (0, 143, 277, 46, 306, 0)
True, True, 0.2014, (0, 414, 131, 223, 77, 0)
True, True, 0.1403, (0, 24, 150, 52, 0)
True, True, 0.3333, (0, 40, 391, 395, 0)
True, True, 0.1167, (0, 44, 72, 230, 63, 0)
True, True, 0.25, (0, 38, 59, 218, 0)
True, True, 0.127, (0, 199, 28, 329, 25, 0)
True, True, 0.295, (0, 406, 456, 313, 0)
True, True, 0.1475, (0, 266, 392, 169, 389, 0)
True, True, 0.3333, (0, 441, 390, 343, 417, 0)
True, True, 0.1643, (0, 304, 225, 447, 199, 0)
True, True, 0.2786, (0, 60, 290, 180, 356, 0)
True, True, 0.0306, (0, 340, 27, 402, 90, 0)
True, True, 0.359, (0, 343, 148, 106, 220, 0)
True, True, 0.2632, (0, 78, 211, 102, 280, 0)
True, True, 0.06, (0, 464, 16, 233, 0)
True, True, 0.0135, (0, 58, 75, 410, 0)
True, True, 0.1434, (0, 294, 171, 119, 137, 0)
True, True, 0.06, (0, 125, 455, 451, 0)
True, True, 0.118, (0, 245, 241, 19, 0)
True, True, 0.2312, (0, 340, 446, 178, 402, 0)
True, True, 0.0498, (0, 11, 297, 53, 255, 0)
True, True, 0.1156, (0, 130, 457, 282, 34, 0)
True, True, 0.079, (0, 48, 357, 148, 0)
True, True, 0.3652, (0, 341, 398, 330, 0)
True, True, 0.0325, (0, 80, 17, 241, 269, 0)
True, True, 0.7391, (0, 309, 410, 315, 0)
True, True, 0.2214, (0, 356, 336, 134, 275, 0)
True, True, 0.1934, (0, 410, 145, 58, 0)
True, True, 0.1439, (0, 205, 27, 402, 90, 0)
True, True, 0.3214, (0, 17, 241, 295, 269, 0)
True, True, 0.1934, (0, 400, 462, 71, 0)
True, True, 0.1396, (0, 187, 274, 376, 0)
True, True, 0.6714, (0, 337, 468, 25, 28, 0)
True, True, 0.5, (0, 74, 38, 450, 0)
True, True, 0.06, (0, 413, 276, 328, 0)
True, True, 0.0081, (0, 243, 346, 26, 191, 0)
True, True, 0.0358, (0, 190, 246, 23, 96, 0)
True, True, 0.3357, (0, 27, 446, 36, 0)
True, True, 0.0929, (0, 112, 254, 49, 395, 0)
True, True, 0.0059, (0, 197, 140, 341, 338, 0)
True, True, 0.027, (0, 75, 434, 410, 0)
True, True, 0.3333, (0, 65, 35, 417, 131, 0)
True, True, 0.0545, (0, 425, 259, 228, 0)
True, True, 0.0726, (0, 296, 259, 393, 0)
True, True, 0.0096, (0, 298, 196, 444, 0)
True, True, 0.012, (0, 208, 41, 399, 0)
True, True, 0.25, (0, 218, 38, 352, 0)
True, True, 0.3185, (0, 284, 162, 294, 46, 0)
True, True, 0.2632, (0, 39, 211, 136, 0)
True, True, 0.0273, (0, 294, 446, 130, 178, 0)
True, True, 0.0639, (0, 91, 189, 54, 0)
True, True, 0.0543, (0, 458, 250, 126, 272, 0)
True, True, 0.1476, (0, 346, 275, 99, 199, 0)
True, True, 0.0929, (0, 298, 254, 40, 49, 0)
True, True, 0.1179, (0, 107, 98, 357, 0)
True, True, 0.0543, (0, 427, 126, 146, 164, 0)
True, True, 0.048, (0, 174, 359, 294, 143, 0)
True, True, 0.3211, (0, 388, 118, 332, 157, 0)
True, True, 0.0899, (0, 84, 250, 458, 419, 0)
True, True, 0.3904, (0, 397, 354, 209, 0)
True, True, 0.1353, (0, 419, 458, 457, 282, 0)
True, True, 0.2714, (0, 172, 372, 353, 0)
True, True, 0.2249, (0, 306, 174, 171, 294, 0)
True, True, 0.295, (0, 313, 166, 406, 0)
True, True, 0.3532, (0, 256, 94, 319, 0)
False, False, 0.1199, (0, 270, 430, 270, 0)
False, True, 0.1774, (0, 358, 224, 14, 358, 0)
False, True, 0.3333, (0, 65, 417, 268, 65, 0)
False, True, 0.0441, (0, 342, 323, 80, 342, 0)
False, True, 0.2929, (0, 358, 422, 190, 358, 0)
False, True, 0.4294, (0, 184, 432, 370, 184, 0)
all_elementary, False
all_cyc2, False
