Instance, X-n491-k59
capacity, 428
min_trucks, 59
output_file, output_uchoa/X-n491-k59-ng8.log
Start date, 2022-07-05
Start time, 10-54-44
capacity, 428
num_vehicles, 59
abort_early, False
methods, ['ng8']
max_vars, 100
time_limit, 86400
farley, False
ESPPRC_heur, True
initial time, initial max_it, max_stale_it
1, 20000.0, 20
heuristic Number of routes, heuristic Best Solution Value, heuristic number of iterations, adjusted time, adjusted max_it, measured total time
701525, 67189.0, 20000, 1, 20000.0, 51476.5
method, python time, total time, propagated dominance time, unpropagated dominance time, pricing_success, upper_bound, lower_bound, abort_early, num_paths, 
ESPPRC_heur, 0.0, 13.2, 10.1, 1.5, 0, 65968.0985, 56027.1876, True, 1797
ESPPRC_heur, 0.1, 10.8, 7.9, 1.3, 0, 65968.0985, 64517.6042, True, 70
ESPPRC_heur, 0.0, 10.3, 7.5, 1.2, 0, 65961.8853, 65500.4758, True, 21
ESPPRC_heur, 0.0, 10.5, 7.7, 1.3, 0, 65960.4449, 65718.7033, True, 13
ng8, 0.1, 2529.7, 2215.2, 295.9, 1, 65960.4412, 62796.6299, 0, 449
ESPPRC_heur, 0.0, 10.4, 7.6, 1.2, 0, 65927.1695, 65010.0043, True, 20
ESPPRC_heur, 0.0, 10.1, 7.3, 1.2, 0, 65926.8042, 65653.076, True, 5
ng8, 0.1, 2466.9, 2153.2, 295.4, 1, 65926.7942, 64375.0681, 0, 306
ESPPRC_heur, 0.1, 10.0, 7.3, 1.2, 0, 65907.8002, 65667.1223, True, 14
ESPPRC_heur, -0.0, 10.1, 7.3, 1.2, 0, 65907.2007, 65757.6342, True, 2
ESPPRC_heur, 0.0, 10.1, 7.3, 1.2, 0, 65907.18, 65828.3715, True, 2
ng8, 0.1, 2584.1, 2260.0, 305.2, 1, 65907.1792, 65322.4677, 0, 156
ESPPRC_heur, 0.0, 10.4, 7.5, 1.2, 0, 65896.7488, 65795.3954, True, 11
ESPPRC_heur, 0.0, 10.3, 7.5, 1.2, 0, 65896.6456, 65837.4051, True, 3
ng8, 0.1, 2621.4, 2291.8, 310.6, 1, 65896.6053, 65383.9767, 0, 72
ESPPRC_heur, 0.0, 10.2, 7.4, 1.2, 0, 65894.6989, 65835.8287, True, 6
ng8, 0.1, 2563.2, 2238.1, 306.4, 1, 65894.6956, 65606.2742, 0, 27
ESPPRC_heur, -0.0, 10.2, 7.4, 1.2, 0, 65894.5882, 65887.7143, True, 1
ng8, 0.0, 2543.4, 2221.2, 303.4, 1, 65894.5881, 65806.1182, 0, 2
ng8, 0.0, 2612.0, 2287.7, 305.3, 1, 65894.5881, 65894.5881, 0, 0
scip_total_time, 70034.68856
Solval, number of paths, impact cutoff
65894.58814913187, 427, 0.0001
Elementary, 2-Cycle, Path Value, Path
True, True, 0.0849, (0, 208, 0)
True, True, 0.4753, (0, 373, 277, 366, 346, 110, 159, 199, 28, 0)
True, True, 0.4874, (0, 265, 234, 104, 454, 308, 237, 113, 428, 335, 0)
True, True, 0.6222, (0, 408, 88, 142, 48, 29, 69, 73, 164, 210, 378, 0)
True, True, 0.3494, (0, 66, 229, 216, 487, 396, 162, 141, 379, 0)
True, True, 0.0969, (0, 474, 26, 280, 486, 42, 405, 0)
True, True, 0.5, (0, 376, 341, 10, 275, 348, 105, 202, 467, 0)
True, True, 0.2734, (0, 485, 466, 465, 200, 193, 364, 246, 0)
True, True, 0.2134, (0, 115, 219, 232, 43, 119, 23, 167, 30, 50, 62, 0)
True, True, 0.2636, (0, 479, 252, 31, 15, 297, 139, 147, 0)
True, True, 0.1571, (0, 421, 231, 414, 33, 17, 469, 0)
True, True, 0.6295, (0, 301, 349, 417, 154, 352, 331, 0)
True, True, 0.2207, (0, 149, 99, 177, 112, 305, 92, 52, 127, 185, 8, 160, 0)
True, True, 0.0576, (0, 228, 107, 108, 93, 19, 189, 180, 114, 121, 181, 279, 0)
True, True, 0.5, (0, 385, 334, 382, 322, 429, 36, 0)
True, True, 0.3067, (0, 103, 223, 325, 38, 21, 20, 163, 137, 217, 0)
True, True, 0.1263, (0, 132, 349, 417, 154, 352, 331, 0)
True, True, 0.1104, (0, 86, 430, 110, 422, 346, 366, 277, 377, 373, 0)
True, True, 0.0756, (0, 27, 210, 73, 69, 29, 48, 142, 88, 408, 0)
True, True, 0.1617, (0, 160, 8, 185, 127, 92, 52, 221, 129, 57, 207, 0)
True, True, 0.1007, (0, 187, 104, 454, 308, 237, 113, 428, 408, 234, 269, 0)
True, True, 0.2416, (0, 350, 173, 330, 362, 470, 82, 256, 94, 85, 51, 100, 375, 329, 0)
True, True, 0.24, (0, 138, 167, 23, 119, 43, 232, 219, 115, 201, 0)
True, True, 0.64, (0, 103, 223, 325, 38, 21, 253, 222, 225, 7, 449, 0)
True, True, 0.1424, (0, 71, 1, 240, 168, 97, 182, 79, 25, 143, 109, 239, 157, 255, 0)
True, True, 0.4519, (0, 266, 343, 70, 447, 309, 434, 357, 0)
True, True, 0.0676, (0, 150, 28, 199, 159, 422, 346, 110, 430, 0)
True, True, 0.1776, (0, 118, 204, 96, 77, 214, 462, 270, 64, 0)
True, True, 0.1956, (0, 228, 107, 108, 93, 131, 19, 189, 180, 114, 0)
True, True, 0.3955, (0, 165, 130, 151, 175, 4, 63, 0)
True, True, 0.1857, (0, 204, 96, 77, 396, 162, 141, 206, 0)
True, True, 0.0007, (0, 319, 197, 24, 6, 243, 90, 136, 245, 211, 147, 0)
True, True, 0.281, (0, 476, 469, 33, 414, 231, 421, 0)
True, True, 0.2589, (0, 75, 123, 384, 456, 371, 0)
True, True, 0.3777, (0, 355, 426, 440, 424, 342, 337, 249, 0)
True, True, 0.123, (0, 486, 376, 341, 10, 275, 348, 403, 467, 0)
True, True, 0.0428, (0, 263, 44, 409, 40, 199, 28, 150, 0)
True, True, 0.1468, (0, 136, 63, 49, 140, 16, 74, 135, 184, 61, 197, 0)
True, True, 0.4728, (0, 156, 58, 224, 84, 289, 183, 220, 178, 155, 0)
True, True, 0.0246, (0, 380, 435, 311, 321, 416, 437, 254, 306, 480, 0)
True, True, 0.1385, (0, 36, 429, 322, 260, 313, 382, 0)
True, True, 0.0654, (0, 444, 436, 159, 110, 346, 366, 277, 377, 0)
True, True, 0.1468, (0, 243, 244, 71, 16, 74, 135, 184, 61, 24, 197, 0)
True, True, 0.0449, (0, 363, 267, 427, 439, 394, 472, 209, 0)
True, True, 0.4854, (0, 356, 406, 404, 326, 302, 283, 0)
True, True, 0.3632, (0, 433, 466, 200, 465, 485, 489, 473, 0)
True, True, 0.0955, (0, 280, 286, 376, 403, 105, 202, 467, 0)
True, True, 0.0868, (0, 301, 154, 266, 343, 70, 447, 54, 434, 0)
True, True, 0.0497, (0, 224, 149, 112, 177, 478, 47, 11, 67, 367, 221, 129, 57, 0)
True, True, 0.3812, (0, 365, 314, 338, 354, 274, 249, 481, 0)
True, True, 0.1608, (0, 296, 488, 452, 372, 374, 398, 250, 303, 309, 0)
True, True, 0.1009, (0, 270, 462, 204, 146, 230, 25, 0)
True, True, 0.1685, (0, 374, 368, 284, 381, 78, 299, 273, 372, 298, 0)
True, True, 0.1055, (0, 80, 344, 158, 14, 171, 347, 460, 0)
True, True, 0.1422, (0, 173, 470, 82, 256, 94, 85, 172, 368, 298, 0)
True, True, 0.2995, (0, 55, 386, 395, 316, 389, 227, 300, 0)
True, True, 0.1606, (0, 475, 330, 362, 470, 82, 18, 106, 369, 259, 0)
True, True, 0.0201, (0, 339, 89, 463, 441, 22, 333, 304, 402, 268, 227, 0)
True, True, 0.3202, (0, 423, 278, 264, 455, 479, 384, 431, 0)
True, True, 0.0838, (0, 132, 407, 390, 280, 486, 26, 474, 35, 418, 0)
True, True, 0.482, (0, 122, 13, 399, 436, 444, 150, 0)
True, True, 0.2666, (0, 236, 145, 344, 158, 166, 72, 0)
True, True, 0.9355, (0, 459, 400, 293, 387, 294, 12, 218, 205, 457, 152, 292, 340, 359, 0)
True, True, 0.2479, (0, 57, 8, 185, 127, 52, 92, 305, 112, 99, 149, 0)
True, True, 0.3185, (0, 365, 314, 338, 267, 427, 439, 0)
True, True, 0.0726, (0, 212, 176, 288, 392, 194, 290, 432, 404, 0)
True, True, 0.0933, (0, 279, 228, 107, 108, 93, 19, 189, 180, 114, 121, 27, 0)
True, True, 0.281, (0, 421, 231, 414, 33, 17, 208, 0)
True, True, 0.2815, (0, 283, 302, 209, 401, 326, 406, 0)
True, True, 0.0301, (0, 286, 296, 488, 452, 273, 372, 250, 303, 357, 0)
True, True, 0.0821, (0, 56, 226, 60, 128, 157, 175, 63, 0)
True, True, 0.2995, (0, 393, 227, 458, 389, 395, 386, 55, 0)
True, True, 0.2639, (0, 350, 475, 362, 106, 18, 369, 259, 262, 0)
True, True, 0.1496, (0, 363, 274, 354, 477, 342, 337, 426, 272, 355, 0)
True, True, 0.6385, (0, 281, 34, 405, 42, 474, 35, 132, 418, 0)
True, True, 0.214, (0, 246, 364, 193, 200, 466, 485, 433, 473, 0)
True, True, 0.2008, (0, 46, 280, 412, 250, 398, 303, 309, 434, 357, 0)
True, True, 0.0729, (0, 26, 376, 341, 10, 275, 348, 403, 0)
True, True, 0.3695, (0, 98, 156, 58, 220, 178, 144, 101, 155, 0)
True, True, 0.0489, (0, 61, 184, 135, 74, 1, 240, 168, 97, 131, 93, 107, 228, 279, 0)
True, True, 0.0868, (0, 301, 417, 343, 70, 447, 54, 434, 357, 0)
True, True, 0.0759, (0, 184, 135, 74, 16, 1, 240, 168, 97, 131, 93, 108, 107, 121, 0)
True, True, 0.0427, (0, 430, 366, 346, 110, 159, 312, 44, 0)
True, True, 0.0616, (0, 215, 379, 487, 396, 162, 141, 206, 0)
True, True, 0.2148, (0, 149, 99, 112, 478, 47, 11, 67, 367, 221, 129, 174, 0)
True, True, 0.0261, (0, 230, 146, 204, 96, 214, 462, 0)
True, True, 0.2574, (0, 365, 363, 267, 427, 439, 453, 461, 0)
True, True, 0.1468, (0, 209, 453, 439, 427, 267, 363, 0)
True, True, 0.2187, (0, 272, 426, 337, 342, 424, 477, 274, 363, 0)
True, True, 0.1298, (0, 216, 257, 134, 484, 464, 360, 419, 318, 0)
True, True, 0.2608, (0, 295, 32, 361, 332, 291, 287, 443, 0)
True, True, 0.244, (0, 126, 446, 257, 134, 484, 464, 442, 247, 0)
True, True, 0.2659, (0, 438, 388, 345, 261, 190, 242, 397, 258, 0)
True, True, 0.6336, (0, 431, 235, 37, 133, 111, 153, 195, 0)
True, True, 0.3876, (0, 105, 76, 241, 169, 310, 381, 78, 299, 329, 0)
True, True, 0.0686, (0, 314, 338, 354, 274, 249, 481, 472, 0)
True, True, 0.0525, (0, 272, 426, 424, 440, 391, 353, 361, 0)
True, True, 0.0868, (0, 357, 434, 447, 70, 343, 266, 352, 0)
True, True, 0.0328, (0, 259, 172, 256, 94, 85, 51, 100, 375, 284, 329, 0)
True, True, 0.3809, (0, 227, 458, 268, 402, 304, 22, 83, 441, 333, 339, 0)
True, True, 0.1841, (0, 461, 251, 291, 471, 332, 287, 443, 0)
True, True, 0.1468, (0, 56, 238, 151, 4, 49, 140, 63, 90, 0)
True, True, 0.0126, (0, 208, 281, 36, 429, 322, 0)
True, True, 0.1664, (0, 9, 358, 413, 483, 328, 117, 195, 0)
True, True, 0.0533, (0, 283, 302, 209, 401, 404, 406, 413, 0)
True, True, 0.0867, (0, 424, 440, 191, 468, 306, 311, 435, 0)
True, True, 0.0027, (0, 303, 250, 398, 259, 262, 475, 350, 447, 70, 0)
True, True, 0.1278, (0, 298, 299, 78, 375, 100, 51, 85, 94, 256, 172, 0)
True, True, 0.0493, (0, 157, 161, 45, 116, 64, 109, 143, 118, 0)
True, True, 0.3756, (0, 130, 238, 60, 236, 80, 72, 233, 0)
True, True, 0.0824, (0, 401, 251, 291, 471, 355, 332, 445, 0)
True, True, 0.7073, (0, 263, 188, 44, 312, 409, 40, 65, 0)
True, True, 0.0543, (0, 56, 226, 60, 236, 80, 72, 183, 289, 351, 0)
True, True, 0.2141, (0, 258, 242, 190, 261, 345, 411, 482, 438, 0)
True, True, 0.0448, (0, 245, 63, 4, 151, 130, 56, 165, 0)
True, True, 0.24, (0, 7, 253, 222, 225, 219, 115, 120, 20, 0)
True, True, 0.1542, (0, 160, 8, 127, 92, 52, 129, 95, 198, 0)
True, True, 0.028, (0, 455, 211, 245, 136, 90, 243, 6, 24, 0)
True, True, 0.002, (0, 179, 9, 358, 413, 483, 328, 117, 153, 0)
True, True, 0.3615, (0, 382, 313, 260, 187, 269, 265, 193, 364, 246, 0)
True, True, 0.186, (0, 288, 482, 388, 411, 242, 397, 258, 317, 0)
True, True, 0.1494, (0, 489, 423, 278, 465, 200, 433, 0)
True, True, 0.0399, (0, 336, 490, 87, 124, 271, 125, 478, 47, 112, 0)
True, True, 0.3648, (0, 203, 300, 393, 87, 124, 490, 336, 0)
True, True, 0.0512, (0, 435, 311, 306, 282, 468, 424, 0)
True, True, 0.2348, (0, 476, 469, 17, 414, 231, 421, 0)
True, True, 0.0722, (0, 150, 436, 399, 86, 377, 373, 0)
True, True, 0.0547, (0, 384, 479, 455, 264, 327, 319, 278, 0)
True, True, 0.0796, (0, 72, 166, 158, 344, 145, 128, 0)
True, True, 0.4042, (0, 473, 489, 170, 371, 123, 75, 0)
True, True, 0.1208, (0, 460, 383, 347, 171, 14, 158, 344, 0)
True, True, 0.1744, (0, 226, 128, 161, 45, 64, 109, 143, 239, 0)
True, True, 0.2122, (0, 140, 49, 175, 157, 128, 60, 226, 56, 0)
True, True, 0.1431, (0, 5, 14, 316, 370, 389, 395, 386, 55, 203, 0)
True, True, 0.0547, (0, 423, 465, 319, 264, 455, 479, 384, 0)
True, True, 0.368, (0, 353, 440, 191, 468, 282, 306, 480, 477, 0)
True, True, 0.0495, (0, 363, 274, 354, 342, 337, 426, 353, 361, 0)
True, True, 0.0428, (0, 98, 53, 188, 44, 40, 199, 28, 0)
True, True, 0.3161, (0, 76, 241, 169, 310, 375, 381, 284, 299, 0)
True, True, 0.3489, (0, 334, 313, 260, 322, 429, 36, 281, 0)
True, True, 0.3793, (0, 118, 59, 270, 462, 214, 96, 77, 206, 379, 0)
True, True, 0.063, (0, 55, 386, 395, 316, 347, 171, 460, 0)
True, True, 0.0793, (0, 402, 304, 22, 83, 441, 463, 89, 196, 125, 271, 0)
True, True, 0.279, (0, 191, 451, 41, 324, 248, 415, 323, 450, 276, 449, 186, 422, 0)
True, True, 0.3093, (0, 448, 482, 388, 411, 345, 190, 261, 391, 353, 0)
True, True, 0.063, (0, 95, 129, 221, 367, 67, 11, 47, 478, 177, 112, 0)
True, True, 0.1494, (0, 479, 455, 264, 327, 319, 278, 423, 485, 0)
True, True, 0.0533, (0, 325, 38, 21, 20, 163, 30, 137, 217, 0)
True, True, 0.1364, (0, 435, 311, 321, 306, 282, 468, 0)
True, True, 0.1179, (0, 99, 47, 478, 125, 271, 124, 87, 490, 410, 0)
True, True, 0.3363, (0, 269, 234, 335, 428, 113, 237, 308, 454, 104, 187, 0)
True, True, 0.0868, (0, 266, 343, 70, 447, 54, 434, 349, 301, 0)
True, True, 0.1723, (0, 271, 125, 196, 89, 463, 333, 268, 458, 0)
True, True, 0.0059, (0, 400, 317, 397, 242, 411, 388, 482, 0)
True, True, 0.0278, (0, 64, 206, 141, 162, 396, 487, 216, 66, 0)
True, True, 0.0543, (0, 84, 149, 99, 112, 177, 478, 47, 11, 67, 367, 221, 57, 0)
True, True, 0.0462, (0, 431, 75, 33, 414, 231, 17, 469, 0)
True, True, 0.0179, (0, 197, 16, 1, 240, 168, 97, 131, 93, 108, 19, 189, 180, 121, 0)
True, True, 0.0654, (0, 329, 78, 375, 100, 51, 85, 94, 172, 106, 259, 0)
True, True, 0.2246, (0, 212, 2, 81, 307, 356, 483, 358, 328, 0)
True, True, 0.0993, (0, 444, 186, 321, 311, 435, 354, 338, 314, 0)
True, True, 0.0726, (0, 448, 404, 285, 445, 295, 287, 443, 401, 326, 0)
True, True, 0.1158, (0, 443, 251, 332, 361, 32, 445, 0)
True, True, 0.3022, (0, 211, 245, 136, 90, 243, 6, 24, 181, 378, 27, 0)
True, True, 0.3102, (0, 238, 151, 175, 4, 49, 140, 244, 0)
True, True, 0.6249, (0, 420, 176, 288, 392, 194, 290, 432, 285, 0)
True, True, 0.28, (0, 456, 455, 264, 327, 319, 278, 423, 0)
True, True, 0.0042, (0, 333, 22, 83, 441, 442, 247, 315, 318, 0)
True, True, 0.0538, (0, 443, 461, 251, 471, 291, 453, 394, 472, 0)
True, True, 0.2995, (0, 13, 377, 430, 86, 399, 436, 444, 0)
True, True, 0.0265, (0, 366, 186, 321, 311, 435, 354, 274, 338, 0)
True, True, 0.0756, (0, 181, 121, 73, 69, 29, 48, 164, 210, 27, 0)
True, True, 0.0843, (0, 5, 370, 304, 402, 268, 458, 389, 395, 0)
True, True, 0.1435, (0, 280, 412, 296, 398, 250, 303, 309, 357, 0)
True, True, 0.2552, (0, 339, 333, 22, 83, 441, 463, 89, 196, 125, 177, 0)
True, True, 0.0156, (0, 266, 343, 475, 262, 259, 398, 250, 303, 0)
True, True, 0.0465, (0, 118, 59, 270, 204, 96, 77, 162, 141, 379, 0)
True, True, 0.1333, (0, 62, 201, 120, 115, 219, 232, 43, 119, 138, 192, 174, 0)
True, True, 0.1381, (0, 410, 336, 490, 87, 196, 89, 463, 339, 0)
True, True, 0.0809, (0, 122, 373, 377, 86, 399, 436, 0)
True, True, 0.102, (0, 287, 251, 471, 332, 32, 445, 0)
True, True, 0.0446, (0, 460, 383, 347, 171, 14, 158, 72, 0)
True, True, 0.0868, (0, 266, 81, 307, 2, 413, 483, 358, 328, 0)
True, True, 0.1644, (0, 44, 312, 409, 199, 28, 150, 153, 0)
True, True, 0.1874, (0, 461, 471, 332, 361, 32, 295, 0)
True, True, 0.0507, (0, 298, 78, 375, 310, 100, 51, 85, 94, 256, 82, 470, 330, 173, 0)
True, True, 0.0058, (0, 160, 8, 185, 127, 92, 221, 129, 95, 57, 0)
True, True, 0.0047, (0, 118, 59, 204, 214, 96, 77, 396, 162, 379, 0)
True, True, 0.5296, (0, 145, 116, 320, 215, 66, 347, 171, 460, 0)
True, True, 0.0137, (0, 179, 404, 326, 209, 302, 283, 483, 0)
True, True, 0.3333, (0, 62, 192, 138, 167, 23, 119, 232, 43, 120, 201, 0)
True, True, 0.0299, (0, 444, 159, 422, 346, 110, 366, 277, 430, 377, 373, 0)
True, True, 0.0306, (0, 461, 453, 481, 427, 267, 363, 394, 472, 0)
True, True, 0.1363, (0, 394, 439, 481, 272, 361, 32, 290, 0)
True, True, 0.0252, (0, 269, 234, 104, 454, 308, 237, 113, 88, 27, 428, 335, 0)
True, True, 0.2348, (0, 239, 143, 109, 59, 64, 116, 45, 161, 0)
True, True, 0.1515, (0, 56, 238, 226, 60, 236, 80, 72, 233, 203, 0)
True, True, 0.2607, (0, 380, 311, 321, 416, 437, 415, 248, 324, 41, 451, 391, 0)
True, True, 0.118, (0, 391, 451, 248, 324, 41, 254, 306, 480, 0)
True, True, 0.0395, (0, 369, 106, 18, 172, 256, 82, 470, 330, 173, 0)
True, True, 0.0931, (0, 14, 347, 383, 66, 215, 320, 116, 45, 0)
True, True, 0.1426, (0, 391, 451, 282, 468, 480, 477, 394, 0)
True, True, 0.1475, (0, 479, 252, 139, 297, 15, 39, 31, 351, 68, 0)
True, True, 0.0099, (0, 456, 479, 455, 264, 319, 465, 433, 0)
True, True, 0.2055, (0, 383, 425, 257, 487, 396, 162, 141, 206, 0)
True, True, 0.1205, (0, 425, 126, 446, 134, 464, 442, 247, 315, 370, 0)
True, True, 0.0533, (0, 186, 7, 276, 450, 323, 437, 254, 416, 311, 0)
True, True, 0.0535, (0, 470, 82, 256, 94, 85, 172, 18, 369, 0)
True, True, 0.1981, (0, 54, 447, 262, 259, 368, 273, 452, 488, 0)
True, True, 0.0527, (0, 76, 241, 169, 100, 51, 94, 172, 284, 329, 0)
True, True, 0.0776, (0, 228, 107, 108, 93, 131, 97, 168, 240, 1, 74, 16, 71, 244, 197, 0)
True, True, 0.0874, (0, 270, 462, 77, 96, 146, 230, 118, 0)
True, True, 0.0554, (0, 407, 298, 284, 381, 375, 100, 51, 85, 94, 256, 82, 470, 173, 0)
True, True, 0.0972, (0, 425, 318, 315, 419, 360, 446, 126, 229, 320, 215, 0)
True, True, 0.0225, (0, 266, 343, 70, 475, 262, 259, 250, 0)
True, True, 0.1448, (0, 126, 446, 257, 134, 484, 442, 247, 315, 0)
True, True, 0.0131, (0, 365, 363, 314, 338, 354, 274, 481, 472, 0)
True, True, 0.0047, (0, 55, 395, 389, 393, 300, 224, 0)
True, True, 0.0667, (0, 62, 137, 50, 163, 201, 120, 115, 219, 225, 222, 253, 7, 430, 0)
True, True, 0.0819, (0, 121, 114, 189, 19, 93, 131, 74, 16, 197, 0)
True, True, 0.0462, (0, 59, 462, 77, 96, 204, 146, 230, 182, 0)
True, True, 0.1359, (0, 179, 117, 133, 111, 37, 235, 0)
True, True, 0.0518, (0, 430, 422, 186, 449, 276, 450, 323, 437, 254, 416, 311, 380, 0)
True, True, 0.106, (0, 101, 300, 393, 389, 395, 55, 0)
True, True, 0.0756, (0, 378, 181, 121, 73, 69, 29, 142, 164, 210, 27, 0)
True, True, 0.1072, (0, 5, 215, 320, 379, 396, 162, 141, 206, 64, 0)
True, True, 0.0065, (0, 81, 340, 152, 457, 205, 218, 12, 294, 387, 293, 400, 0)
True, True, 0.095, (0, 407, 412, 298, 372, 452, 273, 368, 374, 398, 250, 303, 0)
True, True, 0.1025, (0, 97, 79, 230, 146, 204, 214, 270, 0)
True, True, 0.0191, (0, 114, 180, 189, 19, 93, 131, 97, 168, 240, 1, 16, 71, 197, 0)
True, True, 0.1104, (0, 28, 40, 199, 159, 422, 346, 366, 277, 377, 0)
True, True, 0.1255, (0, 445, 32, 361, 272, 355, 471, 291, 472, 0)
True, True, 0.0813, (0, 380, 321, 416, 254, 437, 415, 248, 324, 41, 451, 191, 353, 0)
True, True, 0.1778, (0, 160, 8, 185, 92, 305, 11, 67, 367, 221, 129, 0)
True, True, 0.0497, (0, 453, 481, 272, 361, 32, 194, 392, 0)
True, True, 0.0316, (0, 186, 276, 450, 323, 415, 248, 324, 41, 451, 477, 0)
True, True, 0.0855, (0, 86, 430, 277, 366, 110, 346, 422, 159, 28, 0)
True, True, 0.1363, (0, 176, 194, 392, 432, 285, 404, 413, 0)
True, True, 0.1662, (0, 448, 404, 285, 445, 295, 287, 443, 209, 302, 0)
True, True, 0.0982, (0, 272, 424, 191, 468, 282, 306, 480, 394, 0)
True, True, 0.1019, (0, 245, 244, 71, 16, 74, 135, 184, 61, 228, 181, 279, 0)
True, True, 0.0115, (0, 5, 383, 216, 487, 396, 162, 141, 206, 0)
True, True, 0.1826, (0, 118, 230, 146, 204, 214, 462, 59, 255, 0)
True, True, 0.0214, (0, 56, 130, 151, 4, 49, 140, 63, 327, 0)
True, True, 0.0225, (0, 394, 481, 249, 426, 353, 361, 32, 445, 0)
True, True, 0.0827, (0, 121, 114, 180, 189, 93, 131, 97, 168, 240, 1, 16, 71, 244, 0)
True, True, 0.0001, (0, 207, 102, 57, 95, 198, 192, 50, 217, 0)
True, True, 0.0813, (0, 197, 6, 244, 140, 49, 4, 63, 130, 56, 0)
True, True, 0.1511, (0, 334, 313, 260, 187, 269, 265, 193, 364, 433, 0)
True, True, 0.2055, (0, 247, 442, 464, 134, 484, 487, 216, 0)
True, True, 0.1239, (0, 425, 419, 360, 464, 484, 134, 257, 216, 229, 460, 0)
True, True, 0.119, (0, 316, 370, 268, 402, 304, 315, 419, 318, 425, 0)
True, True, 0.075, (0, 186, 276, 450, 323, 437, 254, 416, 435, 380, 0)
True, True, 0.1573, (0, 46, 390, 349, 417, 154, 352, 0)
True, True, 0.0649, (0, 244, 16, 1, 240, 168, 97, 131, 93, 108, 19, 189, 180, 0)
True, True, 0.1151, (0, 149, 177, 478, 47, 11, 67, 367, 221, 129, 95, 174, 0)
True, True, 0.0278, (0, 5, 72, 166, 158, 344, 236, 226, 0)
True, True, 0.0501, (0, 405, 202, 403, 376, 286, 26, 46, 0)
True, True, 0.0001, (0, 449, 7, 253, 222, 225, 120, 201, 20, 163, 30, 50, 137, 62, 0)
True, True, 0.0112, (0, 28, 40, 199, 159, 422, 110, 366, 277, 430, 444, 0)
True, True, 0.0977, (0, 194, 438, 482, 388, 242, 397, 258, 317, 179, 0)
True, True, 0.0533, (0, 62, 137, 30, 163, 201, 120, 115, 219, 225, 222, 253, 223, 422, 0)
True, True, 0.0533, (0, 103, 201, 120, 115, 219, 23, 167, 138, 192, 174, 0)
True, True, 0.0654, (0, 6, 244, 140, 49, 63, 151, 130, 56, 165, 0)
True, True, 0.0159, (0, 56, 130, 238, 151, 63, 49, 140, 244, 327, 0)
True, True, 0.028, (0, 327, 197, 24, 6, 243, 90, 136, 245, 211, 264, 0)
True, True, 0.0181, (0, 425, 126, 446, 257, 134, 484, 487, 216, 215, 0)
True, True, 0.1031, (0, 433, 466, 465, 319, 327, 264, 455, 170, 0)
True, True, 0.0931, (0, 255, 161, 116, 320, 215, 383, 171, 14, 0)
True, True, 0.0867, (0, 394, 191, 282, 451, 41, 324, 248, 415, 437, 254, 416, 311, 380, 0)
True, True, 0.1099, (0, 301, 343, 266, 212, 420, 9, 117, 195, 153, 0)
True, True, 0.0299, (0, 365, 314, 380, 354, 435, 311, 321, 186, 366, 430, 0)
True, True, 0.0119, (0, 329, 78, 375, 100, 51, 85, 94, 172, 18, 369, 259, 0)
True, True, 0.035, (0, 329, 78, 375, 310, 100, 51, 85, 94, 256, 82, 470, 350, 0)
True, True, 0.1577, (0, 370, 402, 304, 22, 83, 441, 463, 89, 196, 271, 0)
True, True, 0.0975, (0, 336, 410, 490, 87, 124, 271, 478, 47, 177, 149, 0)
True, True, 0.0889, (0, 435, 254, 437, 415, 323, 450, 276, 186, 422, 0)
True, True, 0.026, (0, 160, 127, 52, 92, 305, 11, 67, 367, 129, 57, 0)
True, True, 0.0047, (0, 118, 59, 270, 204, 214, 77, 141, 379, 0)
True, True, 0.2485, (0, 380, 321, 416, 276, 450, 323, 437, 254, 480, 0)
True, True, 0.1662, (0, 283, 401, 445, 295, 290, 432, 176, 0)
True, True, 0.063, (0, 386, 389, 458, 268, 304, 333, 339, 0)
True, True, 0.0198, (0, 329, 310, 100, 51, 85, 94, 172, 284, 381, 0)
True, True, 0.0388, (0, 339, 89, 463, 441, 83, 442, 247, 419, 318, 425, 0)
True, True, 0.0347, (0, 386, 402, 304, 333, 463, 89, 196, 125, 271, 177, 99, 0)
True, True, 0.0291, (0, 435, 254, 437, 415, 323, 450, 276, 449, 186, 0)
True, True, 0.0001, (0, 312, 217, 137, 192, 198, 95, 57, 207, 0)
True, True, 0.0546, (0, 182, 230, 146, 204, 214, 270, 59, 0)
True, True, 0.1381, (0, 160, 305, 47, 478, 125, 271, 124, 490, 336, 410, 0)
True, True, 0.0798, (0, 360, 464, 484, 487, 257, 216, 320, 0)
True, True, 0.2651, (0, 179, 212, 420, 9, 358, 413, 483, 328, 117, 0)
True, True, 0.5889, (0, 147, 252, 139, 297, 15, 39, 31, 351, 68, 0)
True, True, 0.1795, (0, 407, 412, 303, 250, 398, 374, 273, 452, 488, 296, 286, 0)
True, True, 0.0065, (0, 81, 340, 152, 218, 12, 205, 457, 387, 293, 400, 0)
True, True, 0.0407, (0, 229, 216, 257, 487, 484, 464, 360, 425, 0)
True, True, 0.0371, (0, 46, 298, 284, 375, 100, 51, 85, 94, 256, 82, 470, 330, 475, 0)
True, True, 0.0134, (0, 229, 216, 257, 134, 484, 442, 247, 315, 0)
True, True, 0.064, (0, 107, 93, 131, 97, 168, 240, 1, 16, 74, 135, 184, 61, 0)
True, True, 0.1169, (0, 380, 435, 306, 468, 282, 391, 353, 0)
True, True, 0.1576, (0, 351, 155, 156, 58, 224, 84, 289, 183, 233, 203, 0)
True, True, 0.08, (0, 174, 198, 192, 138, 23, 167, 30, 50, 137, 217, 0)
True, True, 0.0415, (0, 425, 318, 315, 247, 442, 83, 22, 402, 268, 0)
True, True, 0.0596, (0, 488, 452, 372, 374, 368, 259, 262, 350, 70, 0)
True, True, 0.0901, (0, 153, 195, 117, 328, 358, 9, 212, 179, 0)
True, True, 0.0423, (0, 268, 333, 441, 83, 442, 247, 360, 419, 318, 425, 0)
True, True, 0.038, (0, 61, 184, 107, 108, 93, 19, 189, 180, 114, 121, 0)
True, True, 0.0214, (0, 206, 77, 214, 204, 146, 230, 118, 0)
True, True, 0.1251, (0, 179, 9, 2, 81, 307, 356, 413, 483, 328, 0)
True, True, 0.3754, (0, 383, 229, 126, 446, 360, 419, 318, 315, 370, 316, 0)
True, True, 0.2799, (0, 174, 95, 198, 192, 50, 30, 163, 20, 137, 217, 65, 0)
True, True, 0.1098, (0, 160, 99, 112, 177, 478, 47, 11, 67, 367, 198, 174, 0)
True, True, 0.1142, (0, 286, 296, 452, 372, 374, 368, 259, 262, 0)
True, True, 0.0551, (0, 386, 268, 402, 304, 22, 442, 247, 360, 419, 318, 0)
True, True, 0.3475, (0, 327, 211, 165, 245, 136, 90, 243, 6, 24, 197, 319, 0)
True, True, 0.2306, (0, 235, 37, 133, 111, 117, 179, 448, 0)
True, True, 0.1908, (0, 76, 241, 169, 310, 100, 51, 172, 284, 298, 407, 0)
True, True, 0.0478, (0, 329, 78, 284, 172, 85, 94, 256, 82, 470, 475, 0)
True, True, 0.0527, (0, 329, 78, 284, 172, 85, 51, 100, 169, 241, 76, 0)
True, True, 0.0058, (0, 95, 129, 367, 67, 11, 305, 92, 52, 185, 8, 160, 0)
True, True, 0.0525, (0, 121, 114, 180, 19, 93, 131, 97, 168, 240, 1, 16, 244, 197, 0)
True, True, 0.183, (0, 410, 124, 87, 393, 300, 203, 0)
True, True, 0.0928, (0, 430, 186, 321, 311, 435, 354, 274, 338, 0)
True, True, 0.0465, (0, 118, 59, 270, 204, 214, 96, 77, 396, 379, 0)
True, True, 0.0504, (0, 187, 234, 104, 454, 308, 237, 88, 27, 428, 408, 335, 0)
True, True, 0.1367, (0, 46, 369, 106, 18, 172, 256, 82, 470, 330, 173, 0)
False, True, 0.2136, (0, 71, 1, 182, 79, 25, 230, 146, 25, 79, 182, 168, 240, 0)
False, True, 0.1466, (0, 53, 102, 198, 95, 102, 207, 0)
False, True, 0.1023, (0, 213, 102, 198, 95, 102, 207, 0)
False, True, 0.2499, (0, 98, 263, 188, 3, 91, 213, 53, 98, 68, 0)
False, True, 0.2735, (0, 53, 213, 91, 3, 207, 102, 3, 91, 213, 53, 0)
False, True, 0.0137, (0, 68, 213, 91, 3, 207, 102, 174, 3, 91, 53, 0)
False, True, 0.1079, (0, 71, 240, 168, 97, 182, 79, 25, 230, 146, 25, 79, 182, 71, 0)
False, True, 0.313, (0, 5, 166, 344, 14, 158, 166, 80, 5, 0)
False, True, 0.1398, (0, 148, 170, 371, 456, 123, 148, 0)
False, True, 0.1557, (0, 148, 170, 456, 384, 123, 148, 0)
False, True, 0.1807, (0, 34, 405, 42, 467, 474, 34, 0)
False, True, 0.1542, (0, 57, 221, 367, 67, 11, 305, 52, 127, 185, 57, 0)
False, True, 0.0756, (0, 246, 27, 210, 164, 73, 69, 48, 142, 27, 246, 0)
False, True, 0.0434, (0, 344, 14, 383, 347, 171, 14, 344, 0)
False, True, 0.0895, (0, 412, 296, 488, 452, 273, 368, 374, 372, 298, 412, 0)
False, True, 0.1953, (0, 317, 411, 345, 261, 190, 397, 317, 0)
False, True, 0.1889, (0, 61, 184, 135, 131, 74, 135, 184, 61, 0)
False, True, 0.2707, (0, 54, 350, 475, 173, 330, 362, 106, 18, 369, 262, 54, 0)
False, True, 0.0493, (0, 226, 128, 157, 239, 161, 45, 128, 0)
False, True, 0.0516, (0, 101, 144, 233, 183, 289, 84, 224, 220, 144, 101, 351, 0)
False, True, 0.0632, (0, 70, 350, 475, 173, 330, 362, 106, 18, 369, 475, 350, 0)
False, True, 0.0129, (0, 81, 459, 293, 387, 294, 12, 218, 152, 292, 340, 81, 0)
False, True, 0.0879, (0, 91, 3, 207, 102, 3, 91, 98, 0)
False, True, 0.1531, (0, 448, 122, 373, 377, 86, 13, 122, 0)
False, True, 0.0552, (0, 1, 97, 182, 79, 25, 230, 146, 25, 79, 182, 97, 1, 0)
False, True, 0.1165, (0, 288, 438, 317, 397, 242, 258, 317, 438, 392, 0)
False, True, 0.038, (0, 228, 61, 135, 74, 16, 61, 228, 181, 0)
False, True, 0.106, (0, 101, 144, 233, 183, 289, 84, 224, 220, 144, 39, 0)
False, True, 0.3491, (0, 279, 181, 121, 114, 180, 189, 19, 108, 107, 228, 279, 0)
False, True, 0.2289, (0, 255, 128, 161, 45, 64, 109, 143, 239, 255, 0)
False, True, 0.1038, (0, 410, 490, 271, 125, 196, 89, 463, 339, 336, 410, 0)
False, True, 0.1702, (0, 157, 239, 143, 109, 45, 161, 157, 0)
False, True, 0.0855, (0, 150, 199, 409, 312, 40, 150, 0)
True, True, 0.5, (0, 208, 385, 0)
True, True, 0.0294, (0, 16, 74, 1, 240, 168, 97, 131, 93, 108, 19, 180, 114, 0)
True, True, 0.0214, (0, 425, 318, 315, 247, 442, 441, 333, 402, 268, 0)
True, True, 0.0895, (0, 363, 314, 354, 477, 342, 337, 426, 272, 461, 0)
False, True, 0.0462, (0, 208, 469, 17, 421, 208, 0)
False, True, 0.1557, (0, 148, 384, 456, 371, 170, 148, 0)
False, True, 0.0146, (0, 208, 476, 75, 148, 208, 0)
False, True, 0.1972, (0, 461, 251, 471, 355, 291, 251, 401, 0)
False, True, 0.009, (0, 212, 9, 358, 413, 356, 307, 81, 2, 212, 0)
False, True, 0.0414, (0, 148, 170, 371, 123, 75, 148, 0)
False, True, 0.0962, (0, 472, 453, 439, 481, 291, 453, 472, 0)
False, True, 0.0335, (0, 42, 467, 403, 202, 467, 42, 418, 0)
False, True, 0.2348, (0, 476, 469, 17, 33, 75, 476, 0)
True, True, 0.0527, (0, 412, 303, 398, 259, 262, 475, 70, 343, 266, 0)
False, True, 0.2018, (0, 472, 453, 481, 267, 427, 394, 472, 0)
False, True, 0.0252, (0, 269, 335, 27, 210, 164, 48, 29, 142, 88, 27, 0)
False, True, 0.1576, (0, 39, 101, 144, 178, 224, 84, 289, 183, 233, 144, 101, 0)
False, True, 0.1468, (0, 209, 326, 401, 445, 295, 287, 443, 209, 0)
True, True, 0.0246, (0, 186, 276, 450, 323, 415, 248, 324, 41, 254, 435, 380, 0)
False, True, 0.0992, (0, 86, 430, 159, 422, 110, 277, 86, 0)
False, True, 0.304, (0, 403, 348, 275, 10, 341, 403, 202, 0)
False, True, 0.0263, (0, 329, 78, 381, 284, 172, 94, 85, 51, 100, 375, 381, 78, 329, 0)
False, True, 0.0756, (0, 408, 88, 164, 73, 69, 29, 48, 142, 88, 408, 335, 0)
False, True, 0.0682, (0, 438, 482, 388, 411, 242, 397, 258, 482, 438, 448, 0)
False, False, 0.1799, (0, 212, 2, 81, 307, 406, 307, 81, 2, 0)
False, True, 0.0188, (0, 194, 438, 388, 411, 258, 397, 317, 438, 0)
False, True, 0.0596, (0, 35, 46, 390, 280, 486, 26, 390, 46, 35, 0)
False, True, 0.08, (0, 62, 50, 30, 138, 167, 23, 43, 232, 119, 138, 192, 62, 0)
True, True, 0.118, (0, 435, 416, 254, 41, 324, 248, 415, 323, 450, 276, 186, 0)
False, True, 0.12, (0, 217, 137, 50, 30, 163, 120, 201, 20, 163, 30, 50, 217, 0)
False, True, 0.1242, (0, 56, 226, 255, 157, 128, 145, 236, 60, 226, 0)
False, True, 0.0589, (0, 336, 410, 124, 271, 125, 196, 87, 410, 336, 0)
True, True, 0.0398, (0, 212, 2, 81, 307, 356, 413, 358, 328, 179, 0)
False, True, 0.1161, (0, 9, 358, 483, 413, 356, 307, 2, 9, 0)
False, True, 0.1584, (0, 26, 486, 376, 286, 486, 26, 35, 0)
False, True, 0.0301, (0, 46, 412, 250, 398, 372, 273, 452, 488, 296, 286, 46, 0)
False, True, 0.0421, (0, 158, 55, 386, 393, 300, 55, 0)
False, True, 0.026, (0, 57, 129, 367, 67, 11, 305, 52, 127, 185, 8, 57, 0)
True, True, 0.0129, (0, 292, 457, 205, 294, 397, 242, 190, 261, 345, 388, 482, 438, 0)
True, True, 0.0128, (0, 65, 444, 159, 422, 110, 346, 366, 277, 430, 377, 373, 0)
False, True, 0.0369, (0, 489, 466, 465, 278, 423, 489, 0)
False, True, 0.0757, (0, 132, 407, 390, 280, 486, 26, 390, 407, 132, 0)
False, True, 0.0871, (0, 207, 102, 198, 95, 57, 207, 213, 0)
False, True, 0.0169, (0, 405, 42, 467, 403, 105, 202, 467, 405, 0)
False, True, 0.05, (0, 425, 360, 464, 442, 247, 315, 318, 425, 0)
False, True, 0.0035, (0, 57, 221, 367, 67, 11, 305, 127, 52, 57, 0)
True, True, 0.0399, (0, 207, 102, 95, 198, 192, 50, 137, 217, 62, 0)
False, True, 0.0129, (0, 81, 359, 152, 292, 457, 205, 218, 12, 294, 387, 293, 400, 81, 0)
False, True, 0.0654, (0, 122, 373, 377, 399, 13, 122, 0)
False, True, 0.0328, (0, 317, 258, 397, 242, 388, 482, 317, 400, 0)
False, True, 0.0194, (0, 2, 307, 81, 359, 340, 292, 152, 359, 81, 307, 2, 0)
False, True, 0.0008, (0, 168, 97, 182, 79, 25, 230, 146, 25, 182, 97, 168, 240, 0)
False, True, 0.0008, (0, 240, 168, 97, 182, 79, 25, 230, 146, 25, 182, 97, 240, 0)
False, True, 0.04, (0, 394, 272, 426, 440, 424, 342, 337, 272, 0)
False, True, 0.0762, (0, 46, 412, 303, 250, 398, 372, 273, 488, 296, 286, 46, 0)
False, True, 0.0065, (0, 81, 359, 459, 292, 152, 218, 12, 205, 457, 387, 293, 459, 359, 81, 0)
False, True, 0.1468, (0, 211, 245, 24, 6, 243, 90, 136, 165, 211, 147, 0)
False, True, 0.075, (0, 394, 249, 440, 424, 342, 337, 249, 0)
False, True, 0.1329, (0, 286, 296, 372, 374, 368, 273, 488, 286, 0)
False, True, 0.0024, (0, 438, 482, 388, 411, 345, 261, 190, 482, 317, 0)
False, True, 0.2441, (0, 331, 390, 280, 486, 26, 390, 407, 418, 0)
True, True, 0.0675, (0, 287, 251, 332, 355, 471, 453, 394, 472, 0)
False, True, 0.0504, (0, 27, 113, 88, 142, 29, 48, 164, 210, 27, 0)
False, True, 0.0431, (0, 46, 412, 298, 296, 488, 452, 372, 398, 250, 303, 309, 46, 0)
False, True, 0.0194, (0, 81, 340, 459, 293, 387, 294, 12, 218, 205, 457, 459, 81, 0)
True, True, 0.0059, (0, 425, 419, 360, 464, 247, 442, 22, 333, 304, 402, 0)
False, True, 0.0126, (0, 425, 318, 419, 247, 442, 315, 318, 425, 383, 460, 0)
False, True, 0.0093, (0, 473, 489, 423, 278, 465, 466, 433, 473, 0)
True, True, 0.0008, (0, 244, 16, 1, 240, 168, 97, 131, 93, 108, 19, 114, 0)
all_elementary, False
all_cyc2, False
