Instance, X-n480-k70
capacity, 52
min_trucks, 70
output_file, output_uchoa/X-n480-k70-ng20.log
Start date, 2022-07-06
Start time, 14-48-32
capacity, 52
num_vehicles, 70
abort_early, False
methods, ['ng20']
max_vars, 100
time_limit, 86400
farley, False
ESPPRC_heur, True
initial time, initial max_it, max_stale_it
1, 20000.0, 20
heuristic Number of routes, heuristic Best Solution Value, heuristic number of iterations, adjusted time, adjusted max_it, measured total time
446736, 89836.0, 20000, 1, 20000.0, 32938.2
method, python time, total time, propagated dominance time, unpropagated dominance time, pricing_success, upper_bound, lower_bound, abort_early, num_paths, 
ESPPRC_heur, -0.0, 1.7, 0.8, 0.3, 0, 88728.7782, 88098.7782, True, 19
ESPPRC_heur, -0.0, 1.8, 0.9, 0.3, 0, 88727.8632, 88340.1199, True, 7
ng20, 0.2, 15014.8, 11323.2, 3640.5, 1, 88727.808, 85886.73, 0, 71
ESPPRC_heur, -0.0, 1.7, 0.9, 0.3, 0, 88702.0685, 88413.1766, True, 7
ESPPRC_heur, -0.0, 1.7, 0.9, 0.3, 0, 88702.0684, 88662.5422, True, 1
ng20, 0.2, 15381.5, 11665.3, 3670.9, 1, 88702.0684, 87921.4113, 0, 31
ESPPRC_heur, 0.0, 1.6, 0.8, 0.3, 0, 88701.5473, 88331.9897, True, 1
ng20, 0.2, 16253.8, 12383.7, 3815.5, 1, 88701.5473, 88701.5473, 0, 0
scip_total_time, 79785.038509
Solval, number of paths, impact cutoff
88701.54727650488, 396, 0.0001
Elementary, 2-Cycle, Path Value, Path
True, True, 0.1313, (0, 347, 333, 175, 407, 368, 138, 355, 221, 0)
True, True, 0.1644, (0, 410, 290, 205, 82, 108, 209, 0)
True, True, 0.9084, (0, 250, 280, 372, 422, 125, 360, 0)
True, True, 1.0, (0, 304, 44, 230, 107, 223, 36, 254, 0)
True, True, 0.64, (0, 263, 306, 363, 246, 315, 29, 220, 0)
True, True, 0.7099, (0, 153, 411, 251, 228, 460, 401, 18, 396, 0)
True, True, 0.2965, (0, 357, 259, 7, 235, 193, 139, 78, 0)
True, True, 0.0337, (0, 265, 74, 224, 132, 307, 187, 409, 0)
True, True, 0.6188, (0, 327, 450, 226, 394, 110, 152, 115, 0)
True, True, 0.8094, (0, 180, 120, 198, 285, 425, 51, 19, 0)
True, True, 0.7126, (0, 266, 333, 175, 260, 368, 407, 138, 355, 0)
True, True, 0.5, (0, 459, 350, 71, 83, 379, 68, 0)
True, True, 0.1133, (0, 1, 429, 395, 413, 119, 256, 351, 0)
True, True, 0.2851, (0, 30, 370, 284, 383, 222, 473, 245, 0)
True, True, 0.8252, (0, 94, 53, 393, 219, 210, 255, 324, 0)
True, True, 0.6806, (0, 77, 43, 338, 189, 207, 75, 0)
True, True, 0.1065, (0, 309, 114, 366, 33, 165, 334, 0)
True, True, 0.4474, (0, 316, 233, 339, 147, 9, 286, 243, 0)
True, True, 0.4584, (0, 340, 127, 328, 406, 330, 102, 39, 0)
True, True, 0.1191, (0, 316, 339, 147, 9, 286, 243, 442, 0)
True, True, 0.8356, (0, 161, 428, 410, 192, 203, 431, 0)
True, True, 0.1195, (0, 292, 303, 72, 409, 13, 162, 404, 0)
True, True, 0.2124, (0, 185, 400, 283, 387, 301, 275, 140, 0)
True, True, 0.1268, (0, 366, 33, 131, 378, 310, 100, 469, 0)
True, True, 0.2951, (0, 160, 50, 343, 341, 345, 8, 186, 0)
True, True, 0.0605, (0, 306, 96, 404, 162, 13, 72, 303, 218, 0)
True, True, 0.1906, (0, 327, 450, 198, 120, 425, 51, 19, 0)
True, True, 0.4092, (0, 88, 20, 166, 453, 48, 10, 0)
True, True, 0.0916, (0, 422, 370, 284, 383, 222, 473, 281, 0)
True, True, 0.048, (0, 433, 77, 338, 189, 88, 75, 0)
True, True, 0.4648, (0, 123, 412, 332, 389, 240, 74, 265, 0)
True, True, 0.2099, (0, 417, 52, 459, 350, 71, 68, 0)
True, True, 0.279, (0, 347, 41, 49, 302, 367, 128, 233, 0)
True, True, 0.0134, (0, 335, 309, 114, 32, 314, 270, 0)
True, True, 0.0444, (0, 442, 98, 185, 320, 196, 400, 234, 0)
True, True, 0.5383, (0, 194, 432, 163, 451, 25, 81, 15, 0)
True, True, 0.3246, (0, 334, 165, 114, 32, 314, 270, 0)
True, True, 0.1232, (0, 262, 293, 405, 227, 4, 22, 361, 0)
True, True, 0.0029, (0, 15, 81, 451, 25, 24, 244, 348, 0)
True, True, 0.2235, (0, 88, 48, 453, 166, 20, 374, 0)
True, True, 0.0023, (0, 66, 11, 86, 423, 274, 116, 60, 0)
True, True, 0.8419, (0, 6, 354, 106, 54, 14, 134, 249, 0)
True, True, 0.1062, (0, 437, 300, 239, 148, 26, 149, 342, 0)
True, True, 0.1124, (0, 276, 156, 183, 261, 419, 78, 96, 0)
True, True, 0.1155, (0, 98, 400, 196, 320, 9, 147, 339, 0)
True, True, 1.0, (0, 439, 371, 37, 136, 31, 184, 0)
True, True, 0.2932, (0, 173, 101, 2, 191, 211, 295, 328, 0)
True, True, 0.051, (0, 203, 192, 82, 108, 209, 431, 0)
True, True, 0.061, (0, 452, 269, 323, 113, 50, 160, 470, 0)
True, True, 0.1969, (0, 26, 148, 264, 42, 232, 146, 149, 0)
True, True, 0.3333, (0, 242, 426, 179, 352, 282, 416, 418, 0)
True, True, 0.7432, (0, 475, 331, 56, 130, 386, 380, 449, 0)
True, True, 0.3168, (0, 279, 67, 343, 341, 345, 8, 186, 0)
True, True, 0.6906, (0, 209, 108, 82, 205, 290, 472, 0)
True, True, 0.0002, (0, 244, 24, 25, 451, 354, 6, 143, 0)
True, True, 0.0148, (0, 80, 266, 333, 175, 407, 368, 138, 355, 0)
True, True, 0.2568, (0, 260, 41, 49, 302, 367, 128, 386, 0)
True, True, 0.1808, (0, 357, 390, 7, 259, 235, 193, 139, 0)
True, True, 0.0002, (0, 265, 132, 447, 105, 187, 162, 0)
True, True, 0.4385, (0, 89, 436, 47, 64, 248, 288, 313, 0)
True, True, 0.0706, (0, 218, 13, 409, 72, 303, 217, 215, 0)
True, True, 0.1093, (0, 472, 364, 85, 79, 62, 14, 249, 0)
True, True, 0.3763, (0, 340, 127, 39, 34, 197, 104, 172, 0)
True, True, 0.1864, (0, 162, 187, 105, 447, 132, 224, 74, 0)
True, True, 0.0941, (0, 348, 85, 216, 108, 82, 209, 0)
True, True, 0.14, (0, 251, 228, 263, 69, 170, 382, 379, 0)
True, True, 0.3333, (0, 356, 63, 416, 282, 352, 179, 241, 0)
True, True, 0.2157, (0, 268, 276, 156, 97, 479, 419, 261, 0)
True, True, 0.0004, (0, 330, 467, 211, 191, 2, 101, 173, 0)
True, True, 0.0404, (0, 477, 430, 267, 172, 104, 197, 34, 0)
True, True, 0.1501, (0, 228, 263, 306, 96, 69, 170, 379, 0)
True, True, 0.2568, (0, 271, 236, 397, 199, 242, 227, 4, 0)
True, True, 0.0504, (0, 414, 333, 175, 407, 368, 138, 355, 221, 0)
True, True, 0.4019, (0, 440, 258, 337, 171, 87, 458, 0)
True, True, 0.0967, (0, 385, 202, 351, 395, 429, 1, 237, 0)
True, True, 0.1385, (0, 374, 20, 166, 48, 10, 43, 0)
True, True, 0.4019, (0, 57, 362, 308, 124, 145, 433, 21, 0)
True, True, 0.0905, (0, 338, 10, 48, 453, 166, 20, 0)
True, True, 0.0151, (0, 4, 242, 199, 214, 126, 42, 264, 0)
True, True, 0.1013, (0, 370, 284, 383, 222, 473, 281, 245, 0)
True, True, 0.0425, (0, 77, 43, 338, 374, 88, 207, 0)
True, True, 0.2099, (0, 87, 171, 337, 55, 456, 287, 95, 0)
True, True, 0.8353, (0, 150, 84, 141, 117, 200, 464, 99, 273, 0)
True, True, 0.2714, (0, 415, 374, 88, 189, 207, 75, 0)
True, True, 0.0203, (0, 469, 253, 33, 366, 114, 314, 0)
True, True, 0.2622, (0, 296, 424, 92, 403, 398, 129, 0)
True, True, 0.0637, (0, 247, 245, 90, 281, 222, 473, 30, 0)
True, True, 0.3637, (0, 73, 212, 58, 435, 237, 471, 0)
True, True, 0.2568, (0, 331, 130, 56, 302, 49, 41, 347, 0)
True, True, 0.0079, (0, 463, 89, 47, 436, 372, 280, 360, 0)
True, True, 0.2548, (0, 279, 67, 375, 160, 113, 323, 452, 0)
True, True, 0.0496, (0, 272, 353, 384, 93, 445, 438, 3, 0)
True, True, 0.4555, (0, 1, 429, 395, 351, 202, 137, 385, 0)
True, True, 0.0443, (0, 394, 226, 442, 98, 234, 252, 319, 0)
True, True, 0.0128, (0, 457, 60, 116, 274, 461, 122, 444, 0)
True, True, 0.1499, (0, 98, 185, 196, 400, 420, 27, 252, 0)
True, True, 0.1706, (0, 476, 168, 158, 213, 178, 325, 383, 0)
True, True, 0.0968, (0, 316, 233, 147, 339, 367, 128, 208, 0)
True, True, 0.4535, (0, 278, 188, 17, 229, 392, 462, 321, 0)
True, True, 0.2806, (0, 363, 162, 404, 13, 409, 72, 218, 0)
True, True, 0.5745, (0, 91, 382, 170, 69, 346, 144, 256, 0)
True, True, 0.1012, (0, 129, 452, 323, 113, 269, 377, 470, 0)
True, True, 0.0006, (0, 463, 288, 248, 64, 436, 89, 313, 0)
True, True, 0.1822, (0, 240, 357, 193, 139, 332, 412, 0)
True, True, 0.2899, (0, 132, 16, 318, 447, 105, 307, 0)
True, True, 0.0703, (0, 405, 4, 227, 271, 236, 204, 455, 0)
True, True, 0.0973, (0, 365, 336, 358, 311, 208, 169, 449, 0)
True, True, 0.6365, (0, 221, 80, 369, 414, 470, 129, 296, 238, 0)
True, True, 0.4233, (0, 154, 438, 445, 93, 381, 388, 272, 0)
True, True, 0.3548, (0, 97, 479, 419, 261, 183, 276, 268, 0)
True, True, 0.0716, (0, 12, 169, 208, 311, 358, 297, 133, 0)
True, True, 0.0188, (0, 35, 324, 289, 164, 40, 150, 143, 0)
True, True, 0.0767, (0, 340, 127, 328, 295, 173, 101, 478, 152, 0)
True, True, 0.203, (0, 376, 353, 384, 388, 381, 3, 322, 0)
True, True, 0.1954, (0, 389, 357, 390, 231, 157, 16, 318, 187, 0)
True, True, 0.1012, (0, 424, 349, 92, 403, 398, 296, 0)
True, True, 0.6599, (0, 444, 122, 111, 408, 5, 103, 421, 0)
True, True, 0.0843, (0, 284, 325, 178, 213, 158, 476, 155, 0)
True, True, 0.1308, (0, 454, 121, 474, 212, 435, 237, 66, 0)
True, True, 0.1142, (0, 267, 135, 291, 402, 58, 73, 0)
True, True, 0.3133, (0, 90, 281, 473, 383, 222, 154, 245, 0)
True, True, 0.0171, (0, 218, 72, 303, 217, 298, 292, 399, 38, 0)
True, True, 0.5465, (0, 299, 188, 17, 229, 392, 462, 61, 0)
True, True, 0.1462, (0, 316, 233, 128, 367, 302, 49, 41, 0)
True, True, 0.1602, (0, 279, 375, 50, 113, 269, 377, 0)
True, True, 0.2568, (0, 475, 380, 169, 208, 311, 358, 297, 0)
True, True, 0.0686, (0, 35, 324, 142, 289, 164, 143, 194, 0)
True, True, 0.0369, (0, 78, 261, 479, 97, 156, 276, 268, 0)
True, True, 0.0519, (0, 35, 142, 143, 6, 354, 163, 151, 0)
True, True, 0.0976, (0, 23, 471, 237, 212, 121, 454, 0)
True, True, 0.5907, (0, 149, 26, 148, 239, 300, 437, 356, 0)
True, True, 0.0043, (0, 54, 294, 465, 446, 65, 85, 0)
True, True, 0.2089, (0, 373, 59, 181, 257, 177, 204, 361, 0)
True, True, 0.1906, (0, 327, 450, 285, 226, 394, 110, 115, 0)
True, True, 0.2513, (0, 478, 140, 275, 301, 387, 283, 185, 0)
True, True, 0.1363, (0, 23, 237, 435, 58, 212, 474, 0)
True, True, 0.1717, (0, 328, 406, 295, 173, 478, 319, 152, 0)
True, True, 0.0108, (0, 185, 283, 387, 301, 275, 140, 467, 0)
True, True, 0.2949, (0, 408, 417, 359, 55, 456, 287, 458, 0)
True, True, 0.3328, (0, 347, 343, 341, 345, 8, 186, 398, 0)
True, True, 0.1599, (0, 467, 109, 275, 301, 387, 283, 185, 0)
True, True, 0.7464, (0, 33, 448, 131, 310, 100, 253, 469, 0)
True, True, 0.0466, (0, 14, 294, 465, 446, 65, 85, 0)
True, True, 0.1471, (0, 448, 23, 471, 121, 474, 73, 454, 0)
True, True, 0.3164, (0, 34, 197, 104, 172, 135, 291, 430, 0)
True, True, 0.1024, (0, 195, 373, 204, 177, 257, 181, 59, 0)
True, True, 0.4341, (0, 424, 349, 133, 201, 403, 118, 92, 0)
True, True, 0.0553, (0, 186, 8, 345, 341, 343, 50, 452, 0)
True, True, 0.0421, (0, 94, 53, 393, 289, 40, 164, 324, 0)
True, True, 0.4336, (0, 319, 252, 234, 98, 286, 243, 442, 0)
True, True, 0.2299, (0, 22, 271, 236, 397, 242, 199, 293, 0)
True, True, 0.0114, (0, 101, 140, 275, 301, 387, 283, 185, 0)
True, True, 0.0533, (0, 103, 287, 456, 55, 417, 359, 111, 444, 0)
True, True, 0.1599, (0, 478, 101, 2, 191, 420, 27, 319, 0)
True, True, 0.1213, (0, 146, 232, 264, 42, 126, 199, 22, 0)
True, True, 0.0324, (0, 272, 384, 93, 445, 438, 281, 90, 0)
True, True, 0.0662, (0, 12, 311, 358, 297, 336, 365, 201, 0)
True, True, 0.1626, (0, 65, 294, 465, 200, 464, 99, 273, 0)
True, True, 0.2901, (0, 459, 350, 71, 68, 83, 52, 0)
True, True, 0.0341, (0, 24, 25, 451, 249, 354, 6, 143, 0)
True, True, 0.031, (0, 70, 11, 167, 86, 423, 274, 457, 0)
True, True, 0.1621, (0, 176, 46, 248, 64, 47, 436, 89, 0)
True, True, 0.0621, (0, 60, 86, 423, 274, 461, 122, 444, 0)
True, True, 0.2384, (0, 218, 72, 303, 217, 298, 292, 399, 215, 0)
True, True, 0.1012, (0, 80, 414, 452, 398, 403, 118, 92, 0)
True, True, 0.226, (0, 252, 27, 420, 400, 196, 320, 234, 0)
True, True, 0.1096, (0, 369, 414, 377, 269, 160, 323, 452, 0)
True, True, 0.0831, (0, 185, 320, 283, 387, 301, 140, 109, 0)
True, True, 0.0167, (0, 472, 244, 24, 25, 163, 81, 15, 0)
True, True, 0.0097, (0, 361, 271, 397, 199, 242, 227, 4, 0)
True, True, 0.1327, (0, 164, 40, 176, 329, 210, 219, 53, 0)
True, True, 0.1906, (0, 180, 316, 9, 147, 339, 367, 128, 0)
True, True, 0.0686, (0, 432, 151, 354, 6, 143, 142, 35, 0)
True, True, 0.0612, (0, 146, 232, 42, 126, 214, 199, 242, 0)
True, True, 0.4531, (0, 102, 330, 182, 61, 321, 109, 467, 0)
True, True, 0.0962, (0, 24, 62, 79, 85, 364, 472, 348, 0)
True, True, 0.0824, (0, 267, 278, 326, 190, 174, 38, 277, 0)
True, True, 0.2669, (0, 104, 278, 326, 190, 174, 292, 399, 38, 0)
True, True, 0.5906, (0, 376, 353, 384, 206, 322, 317, 247, 0)
True, True, 0.4877, (0, 364, 65, 28, 446, 465, 294, 79, 0)
True, True, 0.1527, (0, 267, 291, 402, 135, 172, 197, 0)
True, True, 0.0931, (0, 467, 182, 321, 109, 275, 140, 211, 0)
True, True, 0.032, (0, 405, 126, 214, 426, 179, 241, 455, 0)
True, True, 0.0132, (0, 276, 156, 183, 78, 332, 412, 0)
True, True, 0.0794, (0, 306, 96, 363, 246, 315, 29, 220, 0)
True, True, 0.2527, (0, 272, 206, 388, 3, 154, 281, 90, 0)
True, True, 0.1867, (0, 359, 52, 83, 379, 91, 137, 167, 0)
True, True, 0.4298, (0, 30, 370, 325, 178, 213, 158, 168, 155, 0)
True, True, 0.1137, (0, 312, 204, 177, 257, 181, 59, 373, 0)
True, True, 0.2099, (0, 258, 18, 401, 460, 411, 153, 52, 0)
True, True, 0.1062, (0, 45, 293, 405, 227, 4, 22, 361, 0)
True, True, 0.1969, (0, 300, 239, 418, 63, 42, 232, 0)
True, True, 0.5871, (0, 457, 60, 116, 423, 274, 461, 378, 0)
True, True, 0.0222, (0, 169, 208, 311, 358, 297, 365, 133, 0)
True, True, 0.0022, (0, 134, 106, 273, 99, 464, 141, 84, 150, 0)
True, True, 0.1065, (0, 469, 253, 310, 378, 131, 448, 366, 0)
True, True, 0.022, (0, 121, 212, 58, 435, 237, 70, 0)
True, True, 0.287, (0, 236, 397, 177, 257, 181, 59, 455, 0)
True, True, 0.0424, (0, 12, 208, 311, 358, 297, 336, 201, 0)
True, True, 0.094, (0, 405, 293, 199, 242, 271, 227, 4, 0)
True, True, 0.1274, (0, 467, 140, 275, 301, 387, 283, 9, 0)
True, True, 0.0306, (0, 297, 311, 128, 302, 49, 41, 260, 0)
True, True, 0.5595, (0, 476, 342, 159, 262, 45, 466, 195, 0)
True, True, 0.0287, (0, 402, 291, 267, 172, 197, 34, 0)
True, True, 0.0268, (0, 215, 217, 303, 409, 72, 218, 344, 0)
True, True, 0.2002, (0, 103, 287, 456, 55, 417, 359, 122, 444, 0)
True, True, 0.0515, (0, 362, 421, 440, 308, 145, 21, 0)
True, True, 0.3032, (0, 458, 87, 171, 337, 258, 308, 0)
True, True, 0.231, (0, 168, 158, 213, 178, 325, 284, 90, 0)
True, True, 0.2417, (0, 111, 359, 417, 55, 456, 287, 5, 0)
True, True, 0.0606, (0, 376, 353, 384, 206, 245, 317, 247, 0)
True, True, 0.2672, (0, 375, 67, 50, 113, 269, 377, 0)
True, True, 0.2055, (0, 413, 344, 427, 225, 144, 119, 395, 0)
True, True, 0.3173, (0, 155, 342, 159, 262, 45, 466, 312, 373, 0)
True, True, 0.1644, (0, 428, 348, 244, 24, 15, 81, 151, 0)
True, True, 0.1232, (0, 466, 293, 405, 227, 22, 361, 312, 0)
True, True, 0.2099, (0, 396, 220, 29, 391, 434, 443, 305, 0)
True, True, 0.0203, (0, 131, 70, 471, 121, 474, 73, 454, 0)
True, True, 0.1864, (0, 57, 95, 440, 308, 124, 145, 21, 0)
True, True, 0.0199, (0, 457, 60, 116, 423, 274, 461, 122, 0)
True, True, 0.2422, (0, 256, 119, 225, 427, 344, 277, 0)
True, True, 0.0033, (0, 289, 164, 40, 84, 150, 354, 6, 0)
True, True, 0.0884, (0, 169, 208, 311, 297, 336, 365, 133, 0)
True, True, 0.051, (0, 96, 78, 261, 183, 156, 479, 97, 0)
True, True, 0.1451, (0, 290, 205, 216, 65, 62, 244, 0)
True, True, 0.1027, (0, 364, 85, 216, 65, 62, 451, 0)
True, True, 0.2357, (0, 415, 443, 434, 391, 305, 46, 329, 0)
True, True, 0.0147, (0, 364, 85, 79, 62, 249, 25, 24, 0)
True, True, 0.3042, (0, 365, 336, 358, 311, 208, 169, 12, 0)
True, True, 0.0062, (0, 291, 267, 172, 197, 34, 39, 0)
True, True, 0.0327, (0, 91, 346, 170, 69, 96, 306, 263, 251, 0)
True, True, 0.1463, (0, 115, 110, 319, 252, 442, 226, 394, 0)
True, True, 0.1069, (0, 247, 317, 90, 281, 222, 473, 30, 0)
True, True, 0.0637, (0, 317, 76, 322, 206, 384, 353, 272, 0)
True, True, 0.0022, (0, 134, 14, 62, 79, 85, 364, 472, 0)
True, True, 0.0753, (0, 271, 214, 126, 42, 264, 232, 0)
True, True, 0.0837, (0, 89, 47, 436, 372, 125, 360, 0)
True, True, 0.1865, (0, 215, 217, 303, 72, 409, 13, 404, 0)
True, True, 0.1213, (0, 177, 241, 179, 426, 214, 42, 146, 0)
True, True, 0.3699, (0, 173, 101, 2, 191, 211, 295, 406, 0)
True, True, 0.0302, (0, 149, 26, 146, 232, 264, 239, 300, 0)
True, True, 0.1747, (0, 187, 318, 447, 132, 224, 74, 265, 0)
True, True, 0.3257, (0, 35, 142, 289, 40, 164, 143, 151, 0)
True, True, 0.0074, (0, 369, 470, 398, 403, 118, 349, 424, 0)
True, True, 0.0324, (0, 272, 353, 206, 322, 76, 317, 247, 0)
True, True, 0.0334, (0, 457, 461, 122, 111, 408, 5, 103, 0)
True, True, 0.1565, (0, 377, 269, 323, 160, 375, 279, 80, 0)
True, True, 0.0004, (0, 39, 102, 182, 61, 321, 109, 467, 0)
True, True, 0.3345, (0, 66, 1, 429, 351, 137, 202, 167, 11, 0)
True, True, 0.2406, (0, 312, 361, 204, 257, 181, 59, 373, 0)
True, True, 0.0006, (0, 47, 476, 155, 168, 158, 284, 370, 30, 0)
True, True, 0.0759, (0, 26, 264, 42, 126, 214, 199, 4, 0)
True, True, 0.3635, (0, 238, 35, 142, 289, 40, 164, 143, 0)
True, True, 0.0837, (0, 30, 370, 284, 158, 168, 476, 155, 280, 0)
True, True, 0.1382, (0, 224, 231, 390, 7, 259, 235, 139, 78, 0)
True, True, 0.0113, (0, 369, 414, 377, 160, 113, 323, 452, 0)
True, True, 0.2518, (0, 478, 27, 420, 400, 196, 320, 234, 0)
True, True, 0.07, (0, 413, 344, 218, 217, 399, 215, 277, 0)
True, True, 0.2109, (0, 454, 121, 474, 212, 435, 58, 430, 0)
True, True, 0.2124, (0, 27, 420, 196, 320, 98, 442, 0)
True, True, 0.1385, (0, 374, 20, 166, 453, 10, 338, 0)
True, True, 0.1012, (0, 187, 318, 157, 231, 390, 7, 259, 357, 0)
True, True, 0.1062, (0, 159, 148, 264, 232, 146, 293, 0)
True, True, 0.0166, (0, 454, 121, 212, 58, 237, 471, 0)
True, True, 0.0734, (0, 34, 278, 299, 190, 326, 38, 215, 277, 0)
True, True, 0.0916, (0, 250, 89, 436, 47, 64, 248, 463, 0)
True, True, 0.057, (0, 421, 95, 440, 308, 124, 145, 433, 0)
True, True, 0.104, (0, 132, 231, 157, 16, 318, 105, 187, 0)
True, True, 0.1371, (0, 299, 326, 174, 298, 292, 399, 215, 38, 0)
True, True, 0.1154, (0, 315, 268, 97, 479, 156, 276, 96, 0)
True, True, 0.085, (0, 77, 10, 258, 337, 171, 87, 0)
True, True, 0.051, (0, 62, 65, 28, 216, 85, 364, 0)
True, True, 0.0203, (0, 310, 461, 423, 274, 116, 60, 457, 0)
True, True, 0.0909, (0, 123, 78, 419, 261, 183, 156, 268, 0)
True, True, 0.0505, (0, 278, 326, 190, 174, 292, 399, 215, 430, 0)
True, True, 0.3447, (0, 116, 86, 385, 167, 11, 66, 70, 0)
True, True, 0.3546, (0, 477, 454, 73, 474, 121, 471, 23, 0)
True, True, 0.0079, (0, 281, 473, 222, 383, 284, 370, 125, 0)
True, True, 0.2622, (0, 118, 12, 297, 336, 365, 201, 133, 349, 0)
True, True, 0.022, (0, 70, 237, 435, 58, 212, 454, 0)
True, True, 0.156, (0, 405, 227, 271, 397, 236, 204, 455, 0)
True, True, 0.1404, (0, 246, 74, 224, 132, 447, 105, 187, 0)
True, True, 0.0372, (0, 119, 144, 346, 69, 96, 306, 263, 251, 0)
True, True, 0.1644, (0, 348, 244, 24, 15, 81, 151, 161, 0)
True, True, 0.1458, (0, 216, 376, 272, 76, 245, 317, 247, 0)
True, True, 0.2251, (0, 194, 432, 151, 163, 25, 24, 244, 348, 0)
True, True, 0.1828, (0, 91, 382, 346, 225, 427, 144, 119, 413, 0)
True, True, 0.0292, (0, 293, 199, 214, 126, 42, 232, 0)
True, True, 0.1012, (0, 424, 349, 133, 201, 92, 118, 398, 0)
True, True, 0.1329, (0, 463, 288, 89, 64, 195, 248, 46, 0)
True, True, 0.103, (0, 70, 11, 167, 385, 86, 60, 457, 0)
True, True, 0.07, (0, 277, 344, 427, 225, 346, 256, 0)
True, True, 0.129, (0, 395, 413, 119, 344, 277, 402, 0)
True, True, 0.0306, (0, 41, 49, 302, 367, 339, 147, 233, 0)
True, True, 0.0759, (0, 356, 300, 239, 264, 232, 146, 149, 0)
True, True, 0.18, (0, 455, 241, 179, 426, 214, 126, 146, 0)
True, True, 0.0638, (0, 190, 292, 298, 217, 303, 218, 344, 0)
True, True, 0.044, (0, 357, 235, 259, 7, 390, 231, 157, 307, 0)
True, True, 0.0938, (0, 424, 349, 201, 12, 403, 398, 118, 0)
True, True, 0.017, (0, 476, 342, 159, 45, 312, 373, 195, 0)
True, True, 0.1385, (0, 374, 453, 48, 10, 43, 77, 433, 0)
True, True, 0.0769, (0, 182, 109, 140, 301, 387, 283, 185, 0)
True, True, 0.1094, (0, 97, 479, 156, 183, 419, 78, 123, 0)
True, True, 0.0567, (0, 15, 81, 24, 244, 472, 192, 203, 0)
True, True, 0.2644, (0, 23, 70, 86, 423, 274, 461, 0)
True, True, 0.0418, (0, 176, 46, 305, 391, 434, 443, 374, 0)
True, True, 0.09, (0, 202, 413, 119, 225, 427, 344, 277, 0)
True, True, 0.0606, (0, 22, 4, 227, 271, 397, 204, 455, 0)
True, True, 0.243, (0, 277, 38, 174, 190, 326, 299, 182, 0)
True, True, 0.0413, (0, 313, 89, 436, 47, 248, 288, 463, 0)
True, True, 0.1393, (0, 12, 449, 169, 358, 297, 336, 365, 0)
True, True, 0.0885, (0, 152, 478, 101, 2, 191, 211, 295, 127, 0)
True, True, 0.0047, (0, 70, 11, 86, 423, 116, 60, 457, 0)
True, True, 0.1068, (0, 38, 292, 298, 217, 218, 225, 427, 413, 0)
True, True, 0.3032, (0, 21, 433, 145, 124, 440, 95, 362, 0)
True, True, 0.096, (0, 468, 309, 114, 366, 32, 112, 270, 0)
True, True, 0.1882, (0, 293, 405, 4, 22, 361, 312, 195, 0)
True, True, 0.1069, (0, 146, 232, 42, 126, 214, 199, 405, 0)
True, True, 0.0843, (0, 155, 476, 168, 213, 178, 325, 284, 0)
True, True, 0.1442, (0, 369, 470, 377, 269, 113, 323, 452, 0)
True, True, 0.0686, (0, 143, 150, 84, 40, 289, 142, 35, 0)
True, True, 0.0881, (0, 102, 330, 467, 211, 191, 2, 173, 0)
True, True, 0.0793, (0, 39, 34, 197, 267, 291, 402, 0)
True, True, 0.074, (0, 193, 235, 259, 7, 390, 231, 157, 307, 0)
True, True, 0.0083, (0, 276, 156, 183, 261, 78, 123, 96, 0)
True, True, 0.1467, (0, 326, 190, 174, 298, 217, 399, 215, 0)
True, True, 0.0118, (0, 362, 95, 5, 408, 111, 122, 444, 0)
True, True, 0.0515, (0, 21, 433, 124, 95, 421, 362, 57, 0)
True, True, 0.0801, (0, 52, 153, 411, 251, 460, 401, 18, 396, 0)
True, True, 0.1142, (0, 267, 135, 402, 58, 435, 237, 0)
True, True, 0.0793, (0, 430, 402, 267, 172, 34, 39, 0)
True, True, 0.0302, (0, 245, 281, 473, 222, 383, 284, 30, 0)
True, True, 0.0078, (0, 94, 393, 219, 210, 329, 176, 142, 0)
True, True, 0.1027, (0, 413, 344, 427, 225, 346, 170, 382, 0)
True, True, 0.008, (0, 457, 60, 116, 423, 86, 66, 70, 0)
True, True, 0.168, (0, 194, 432, 163, 451, 25, 24, 244, 348, 0)
True, True, 0.0567, (0, 431, 192, 348, 244, 24, 81, 15, 0)
True, True, 0.0055, (0, 21, 77, 207, 88, 374, 415, 0)
True, True, 0.0719, (0, 150, 141, 117, 313, 463, 46, 329, 176, 289, 0)
True, True, 0.0695, (0, 268, 276, 156, 479, 183, 246, 0)
True, True, 0.3031, (0, 437, 418, 63, 214, 126, 264, 0)
True, True, 0.3266, (0, 265, 224, 389, 332, 412, 240, 123, 0)
True, True, 0.1667, (0, 418, 416, 282, 352, 426, 241, 177, 0)
True, True, 0.0233, (0, 202, 137, 91, 379, 83, 52, 359, 0)
True, True, 0.1362, (0, 364, 79, 294, 465, 446, 28, 216, 0)
True, True, 0.0668, (0, 467, 182, 109, 275, 301, 140, 211, 0)
True, True, 0.0907, (0, 393, 176, 329, 46, 463, 313, 117, 141, 84, 0)
True, True, 0.0641, (0, 193, 235, 259, 7, 390, 231, 318, 187, 0)
True, True, 0.1667, (0, 455, 241, 426, 352, 282, 416, 63, 0)
True, True, 0.0474, (0, 455, 59, 181, 257, 204, 271, 22, 0)
True, True, 0.0668, (0, 182, 109, 140, 275, 387, 283, 320, 0)
True, True, 0.0132, (0, 240, 389, 332, 78, 261, 183, 276, 0)
True, True, 0.1268, (0, 270, 112, 314, 32, 366, 309, 468, 0)
True, True, 0.0734, (0, 38, 399, 217, 298, 174, 190, 278, 0)
True, True, 0.1626, (0, 62, 294, 446, 28, 216, 85, 0)
True, True, 0.1626, (0, 85, 216, 28, 446, 465, 62, 0)
True, True, 0.2168, (0, 298, 303, 409, 13, 162, 404, 96, 0)
True, True, 0.0132, (0, 240, 412, 78, 183, 156, 276, 0)
True, True, 0.0706, (0, 96, 404, 162, 246, 315, 29, 220, 0)
True, True, 0.1168, (0, 268, 97, 156, 183, 261, 419, 78, 0)
True, True, 0.0202, (0, 133, 365, 297, 311, 208, 169, 449, 12, 0)
True, True, 0.0022, (0, 176, 329, 46, 463, 313, 117, 200, 106, 0)
True, True, 0.1796, (0, 70, 66, 11, 86, 60, 457, 378, 0)
True, True, 0.1012, (0, 139, 193, 235, 7, 390, 157, 16, 0)
True, True, 0.1012, (0, 16, 157, 390, 259, 235, 193, 139, 0)
True, True, 0.0655, (0, 69, 96, 404, 162, 13, 409, 218, 0)
True, True, 0.0496, (0, 452, 323, 50, 67, 375, 377, 470, 0)
False, True, 0.0909, (0, 221, 80, 369, 414, 266, 355, 221, 0)
False, True, 0.1268, (0, 57, 362, 421, 95, 100, 253, 57, 0)
False, True, 0.0533, (0, 57, 362, 103, 5, 95, 421, 57, 0)
False, True, 0.3737, (0, 76, 381, 93, 445, 438, 3, 76, 0)
True, True, 0.1537, (0, 451, 134, 106, 54, 62, 79, 85, 0)
False, True, 0.1748, (0, 176, 329, 463, 313, 288, 46, 329, 176, 255, 0)
False, True, 0.0909, (0, 266, 333, 175, 407, 368, 138, 266, 0)
False, True, 0.3508, (0, 112, 314, 32, 366, 114, 112, 270, 0)
False, True, 0.2084, (0, 307, 231, 157, 16, 447, 105, 307, 0)
False, True, 0.0473, (0, 315, 276, 156, 479, 183, 315, 0)
False, True, 0.4933, (0, 335, 468, 309, 165, 334, 335, 0)
True, True, 0.1102, (0, 322, 3, 438, 445, 93, 388, 0)
True, True, 0.0107, (0, 76, 154, 3, 438, 445, 93, 388, 0)
False, True, 0.0283, (0, 431, 203, 472, 348, 203, 431, 0)
False, True, 0.4874, (0, 415, 441, 443, 434, 391, 305, 441, 0)
True, True, 0.1116, (0, 279, 375, 67, 50, 323, 160, 452, 0)
False, True, 0.0095, (0, 463, 313, 89, 436, 47, 64, 288, 463, 0)
False, True, 0.1329, (0, 463, 313, 436, 47, 64, 248, 288, 463, 0)
False, True, 0.0663, (0, 468, 314, 32, 366, 114, 309, 468, 0)
False, True, 0.0756, (0, 468, 334, 165, 309, 314, 112, 468, 0)
False, True, 0.3025, (0, 477, 430, 402, 291, 135, 267, 477, 0)
False, True, 0.0252, (0, 46, 441, 443, 434, 391, 305, 46, 0)
True, True, 0.0343, (0, 35, 176, 329, 210, 219, 393, 94, 0)
False, True, 0.0453, (0, 94, 324, 142, 164, 40, 94, 0)
False, True, 0.0376, (0, 289, 176, 329, 463, 313, 288, 46, 329, 176, 0)
False, True, 0.0221, (0, 270, 314, 32, 114, 309, 270, 0)
False, True, 0.0707, (0, 307, 132, 231, 157, 318, 105, 307, 0)
False, True, 0.0443, (0, 270, 340, 152, 319, 110, 115, 340, 0)
False, True, 0.0318, (0, 176, 463, 288, 64, 47, 436, 89, 463, 0)
all_elementary, False
all_cyc2, True
