Instance, X-n459-k26
capacity, 1106
min_trucks, 26
output_file, output_uchoa/X-n459-k26-cyc2.log
Start date, 2022-07-04
Start time, 16-40-26
capacity, 1106
num_vehicles, 26
abort_early, False
methods, ['cyc2']
max_vars, 100
time_limit, 86400
farley, False
ESPPRC_heur, True
initial time, initial max_it, max_stale_it
1, 20000.0, 20
heuristic Number of routes, heuristic Best Solution Value, heuristic number of iterations, adjusted time, adjusted max_it, measured total time
480725, 24275.0, 20000, 1, 20000.0, 35519.8
method, python time, total time, propagated dominance time, unpropagated dominance time, pricing_success, upper_bound, lower_bound, abort_early, num_paths, 
ESPPRC_heur, 0.2, 96.5, 90.4, 3.4, 0, 23953.3581, 19741.9285, True, 20929
ESPPRC_heur, 0.1, 167.9, 157.6, 6.5, 0, 23953.3581, 19932.4795, True, 18865
ESPPRC_heur, 0.1, 51.4, 46.2, 2.6, 0, 23953.3581, 20280.2786, True, 15523
ESPPRC_heur, 0.1, 130.5, 122.6, 4.6, 0, 23953.3581, 19887.9466, True, 19254
ESPPRC_heur, 0.0, 147.1, 137.9, 5.7, 0, 23953.3581, 20993.3231, True, 14140
ESPPRC_heur, 0.0, 77.0, 70.4, 3.5, 0, 23953.3581, 21480.0469, True, 7728
ESPPRC_heur, 0.0, 92.8, 85.6, 3.9, 0, 23953.3581, 21459.2139, True, 9241
ESPPRC_heur, 0.1, 126.0, 118.6, 4.1, 0, 23953.3581, 21322.3125, True, 12715
ESPPRC_heur, 0.1, 129.0, 121.3, 4.3, 0, 23953.3581, 22011.2795, True, 9090
ESPPRC_heur, 0.1, 116.4, 109.1, 4.0, 0, 23953.3581, 22302.2698, True, 7239
ESPPRC_heur, 0.1, 63.5, 56.6, 3.7, 0, 23953.3581, 21985.2327, True, 8895
ESPPRC_heur, 0.1, 110.7, 103.5, 3.9, 0, 23953.3581, 21697.1555, True, 10307
ESPPRC_heur, 0.1, 108.8, 101.7, 3.9, 0, 23953.3581, 22359.4203, True, 7850
ESPPRC_heur, 0.1, 121.3, 113.9, 4.2, 0, 23953.3581, 22346.8077, True, 7033
ESPPRC_heur, 0.1, 99.8, 93.5, 3.2, 0, 23953.3581, 22764.8837, True, 3720
ESPPRC_heur, 0.0, 69.7, 62.5, 3.9, 0, 23951.7615, 22384.6461, True, 7063
ESPPRC_heur, 0.1, 37.5, 32.4, 2.3, 0, 23951.7615, 22831.3185, True, 3263
ESPPRC_heur, 0.1, 50.5, 44.7, 2.9, 0, 23950.6629, 22633.1739, True, 4677
ESPPRC_heur, 0.0, 38.8, 33.6, 2.4, 0, 23950.6629, 23046.0183, True, 2633
ESPPRC_heur, 0.0, 63.5, 57.9, 2.9, 0, 23949.6762, 22494.4301, True, 4084
ESPPRC_heur, 0.1, 64.1, 58.6, 2.8, 0, 23949.6762, 23113.6034, True, 2887
ESPPRC_heur, 0.1, 49.5, 44.5, 2.4, 0, 23949.6762, 22937.4211, True, 2746
ESPPRC_heur, 0.1, 66.5, 60.8, 2.8, 0, 23948.9823, 23397.8744, True, 1911
ESPPRC_heur, 0.0, 71.5, 64.7, 3.6, 0, 23948.0286, 22435.9457, True, 7067
ESPPRC_heur, 0.0, 44.2, 38.8, 2.5, 0, 23948.0286, 23411.1278, True, 1439
ESPPRC_heur, 0.1, 65.8, 59.0, 3.6, 0, 23938.3708, 21375.3678, True, 13202
ESPPRC_heur, 0.1, 67.1, 60.5, 3.4, 0, 23938.3708, 22507.4179, True, 6995
ESPPRC_heur, 0.1, 104.7, 97.8, 3.6, 0, 23938.3708, 22408.031, True, 6158
ESPPRC_heur, 0.0, 88.7, 82.5, 3.1, 0, 23938.3708, 22778.3916, True, 2937
ESPPRC_heur, 0.1, 69.5, 63.6, 2.9, 0, 23938.3708, 22842.0395, True, 3351
ESPPRC_heur, 0.1, 38.5, 33.4, 2.3, 0, 23938.3708, 23265.2923, True, 1715
ESPPRC_heur, 0.1, 44.9, 39.4, 2.6, 0, 23938.2537, 23111.078, True, 2453
ESPPRC_heur, 0.1, 47.4, 41.7, 2.7, 0, 23938.2537, 23386.7808, True, 1646
ESPPRC_heur, 0.1, 58.4, 51.8, 3.4, 0, 23936.9781, 23010.0778, True, 3834
ESPPRC_heur, 0.1, 41.7, 36.2, 2.5, 0, 23936.9781, 23356.9355, True, 1779
ESPPRC_heur, 0.0, 119.0, 112.9, 3.1, 0, 23936.662, 7444.4592, True, 61512
ESPPRC_heur, 0.1, 78.5, 72.9, 2.8, 0, 23936.662, 23145.1992, True, 2481
ESPPRC_heur, 0.1, 87.5, 81.6, 3.0, 0, 23936.662, 23132.9142, True, 2393
ESPPRC_heur, 0.1, 98.0, 91.9, 3.1, 0, 23935.8966, 23157.8696, True, 2158
ESPPRC_heur, 0.1, 97.8, 91.6, 3.1, 0, 23935.8845, 23257.6387, True, 1640
ESPPRC_heur, 0.1, 76.7, 71.0, 2.8, 0, 23935.5663, 22448.6195, True, 2110
ESPPRC_heur, 0.0, 82.0, 76.3, 2.7, 0, 23935.5663, 23369.8694, True, 1225
ESPPRC_heur, 0.1, 79.6, 74.0, 2.7, 0, 23935.124, 23512.6979, True, 944
ESPPRC_heur, 0.1, 58.8, 53.5, 2.6, 0, 23931.8376, 22754.844, True, 2223
ESPPRC_heur, 0.1, 63.6, 58.2, 2.6, 0, 23931.8376, 23330.8974, True, 975
ESPPRC_heur, 0.1, 97.2, 90.0, 4.1, 0, 23930.2923, 21820.0631, True, 8128
ESPPRC_heur, 0.1, 66.4, 60.7, 2.8, 0, 23930.2923, 22783.4404, True, 3517
ESPPRC_heur, 0.1, 65.8, 60.2, 2.7, 0, 23930.2923, 23266.9267, True, 1913
ESPPRC_heur, 0.1, 38.6, 33.7, 2.3, 0, 23928.7362, 22921.2244, True, 1732
ESPPRC_heur, 0.1, 35.4, 30.3, 2.3, 0, 23928.6364, 22992.9677, True, 2141
ESPPRC_heur, 0.1, 37.9, 32.9, 2.3, 0, 23928.6364, 22828.4434, True, 1681
ESPPRC_heur, 0.1, 58.9, 53.6, 2.6, 0, 23928.3863, 23315.6157, True, 1306
ESPPRC_heur, 0.1, 47.7, 42.5, 2.4, 0, 23928.3699, 23318.2465, True, 1149
ESPPRC_heur, 0.1, 45.3, 40.2, 2.4, 0, 23927.9241, 23094.1698, True, 1344
ESPPRC_heur, 0.1, 38.7, 33.7, 2.3, 0, 23927.9241, 23482.3475, True, 701
ESPPRC_heur, 0.1, 57.3, 51.8, 2.7, 0, 23926.8599, 23187.6514, True, 1062
ESPPRC_heur, 0.1, 40.6, 35.6, 2.3, 0, 23925.7934, 23339.4979, True, 1056
ESPPRC_heur, 0.2, 49.1, 43.9, 2.4, 0, 23924.1607, 23007.2977, True, 1670
ESPPRC_heur, 0.1, 47.3, 42.1, 2.4, 0, 23923.0328, 23434.767, True, 840
ESPPRC_heur, 0.1, 34.8, 29.8, 2.3, 0, 23921.1822, 23565.3526, True, 497
ESPPRC_heur, 0.1, 61.2, 55.7, 2.6, 0, 23918.0906, 22527.8107, True, 2164
ESPPRC_heur, 0.1, 50.7, 45.5, 2.4, 0, 23918.0906, 23287.5616, True, 1102
ESPPRC_heur, 0.1, 47.1, 42.1, 2.3, 0, 23915.7893, 23642.0531, True, 405
ESPPRC_heur, 0.1, 72.8, 67.3, 2.6, 0, 23913.6569, 23462.3107, True, 667
ESPPRC_heur, 0.1, 44.6, 39.4, 2.4, 0, 23913.0907, 23337.8135, True, 856
ESPPRC_heur, 0.1, 40.2, 35.4, 2.2, 0, 23913.051, 23546.9106, True, 542
ESPPRC_heur, 0.1, 44.9, 40.1, 2.2, 0, 23911.7851, 23502.1325, True, 446
ESPPRC_heur, 0.1, 76.6, 71.1, 2.6, 0, 23909.1237, 23596.3399, True, 392
ESPPRC_heur, 0.1, 51.2, 45.9, 2.5, 0, 23907.4929, 23391.8181, True, 1030
ESPPRC_heur, 0.1, 48.0, 43.0, 2.3, 0, 23907.4929, 23350.0363, True, 770
ESPPRC_heur, 0.0, 51.3, 46.2, 2.3, 0, 23907.4929, 23486.2555, True, 499
ESPPRC_heur, 0.1, 40.1, 35.2, 2.2, 0, 23907.4929, 23674.1638, True, 164
ESPPRC_heur, 0.1, 54.4, 48.9, 2.6, 0, 23905.1481, 23186.1385, True, 1274
ESPPRC_heur, 0.1, 44.0, 38.9, 2.4, 0, 23903.9558, 23393.202, True, 678
ESPPRC_heur, 0.1, 78.5, 73.0, 2.7, 0, 23902.1454, 23195.7269, True, 1142
ESPPRC_heur, 0.1, 56.5, 51.2, 2.5, 0, 23901.9649, 23450.7087, True, 601
ESPPRC_heur, 0.0, 44.6, 39.4, 2.4, 0, 23901.5536, 23346.9614, True, 353
ESPPRC_heur, 0.1, 60.4, 54.8, 2.6, 0, 23899.4807, 23347.0123, True, 757
ESPPRC_heur, 0.1, 68.0, 62.5, 2.6, 0, 23899.4798, 23621.8684, True, 494
ESPPRC_heur, 0.1, 71.9, 66.4, 2.7, 0, 23897.5953, 23404.1653, True, 713
ESPPRC_heur, 0.1, 93.5, 87.2, 3.2, 0, 23896.9291, 23048.7799, True, 1920
ESPPRC_heur, 0.1, 74.0, 67.9, 3.0, 0, 23896.9291, 23409.8459, True, 920
ESPPRC_heur, 0.1, 47.6, 42.1, 2.6, 0, 23896.9291, 23553.1219, True, 685
ESPPRC_heur, 0.1, 35.7, 30.8, 2.2, 0, 23896.5841, 23596.4176, True, 419
ESPPRC_heur, 0.0, 38.3, 33.1, 2.4, 0, 23895.9709, 23653.5391, True, 309
ESPPRC_heur, 0.1, 40.4, 35.3, 2.3, 0, 23894.5562, 23581.0974, True, 426
ESPPRC_heur, 0.1, 37.5, 32.5, 2.3, 0, 23893.9005, 23607.0069, True, 340
ESPPRC_heur, 0.1, 35.6, 30.6, 2.2, 0, 23893.7148, 23708.5172, True, 189
ESPPRC_heur, 0.1, 42.6, 37.3, 2.4, 0, 23892.318, 23745.6691, True, 192
ESPPRC_heur, 0.1, 38.6, 33.5, 2.3, 0, 23890.9889, 23685.0495, True, 186
ESPPRC_heur, 0.1, 34.3, 29.4, 2.2, 0, 23890.1616, 23554.5605, True, 161
ESPPRC_heur, 0.1, 33.5, 28.8, 2.1, 0, 23889.6109, 23665.0483, True, 126
ESPPRC_heur, 0.1, 38.7, 33.7, 2.2, 0, 23889.0921, 23752.923, True, 82
ESPPRC_heur, 0.1, 32.8, 28.1, 2.1, 0, 23888.8824, 23452.6138, True, 176
ESPPRC_heur, 0.0, 33.9, 29.1, 2.1, 0, 23888.879, 23715.082, True, 66
ESPPRC_heur, 0.1, 34.1, 29.3, 2.2, 0, 23888.6688, 23692.9279, True, 76
ESPPRC_heur, 0.0, 33.8, 29.0, 2.1, 0, 23888.3354, 23799.4701, True, 23
ESPPRC_heur, -0.0, 34.3, 29.5, 2.1, 0, 23888.2801, 23721.6612, True, 9
ESPPRC_heur, 0.0, 35.5, 30.6, 2.1, 0, 23888.226, 23856.6099, True, 4
ESPPRC_heur, -0.0, 36.3, 31.3, 2.2, 0, 23888.1861, 23859.7463, True, 9
ESPPRC_heur, 0.0, 34.9, 30.0, 2.2, 0, 23888.1703, 23764.6303, True, 26
ESPPRC_heur, 0.0, 35.5, 30.6, 2.2, 0, 23888.1693, 23599.9509, True, 28
ESPPRC_heur, 0.0, 33.9, 29.0, 2.2, 0, 23888.1693, 23771.6718, True, 16
ESPPRC_heur, 0.0, 36.2, 31.2, 2.2, 0, 23888.1693, 23766.0063, True, 9
ESPPRC_heur, 0.0, 34.6, 29.7, 2.1, 0, 23888.1337, 23827.2349, True, 7
ESPPRC_heur, 0.1, 33.8, 29.1, 2.1, 0, 23888.0939, 23817.5907, True, 4
cyc2, 1.1, 742.5, 0.0, 0.0, 1, 23888.0939, 3044.649, 0, 1567422
ESPPRC_heur, 0.1, 205.5, 195.5, 5.9, 0, 23888.0939, 8322.8339, True, 93620
ESPPRC_heur, 0.1, 51.5, 45.6, 2.9, 0, 23884.4687, 22610.1301, True, 4196
ESPPRC_heur, 0.1, 42.3, 36.9, 2.5, 0, 23884.4687, 22759.6397, True, 3136
ESPPRC_heur, 0.1, 46.2, 40.5, 2.7, 0, 23884.0222, 22904.1139, True, 3115
ESPPRC_heur, 0.0, 35.9, 30.9, 2.2, 0, 23884.0188, 23411.7853, True, 747
ESPPRC_heur, 0.1, 31.2, 26.5, 2.1, 0, 23882.896, 23377.2841, True, 604
ESPPRC_heur, 0.1, 33.4, 28.5, 2.2, 0, 23882.2495, 23609.2843, True, 214
ESPPRC_heur, 0.1, 35.1, 30.4, 2.1, 0, 23882.0718, 23433.1803, True, 458
ESPPRC_heur, 0.1, 38.2, 33.3, 2.3, 0, 23881.988, 23076.291, True, 1216
ESPPRC_heur, 0.0, 28.2, 23.6, 1.9, 0, 23881.757, 23518.5117, True, 403
ESPPRC_heur, 0.1, 35.0, 30.2, 2.1, 0, 23881.4454, 23688.892, True, 156
ESPPRC_heur, 0.1, 29.0, 24.5, 1.9, 0, 23881.337, 23667.6045, True, 55
ESPPRC_heur, 0.1, 30.3, 25.8, 1.9, 0, 23881.1981, 23442.8862, True, 135
ESPPRC_heur, 0.1, 34.0, 29.4, 2.0, 0, 23881.1981, 23545.2545, True, 188
ESPPRC_heur, 0.1, 33.8, 29.1, 2.0, 0, 23881.0532, 23374.744, True, 270
ESPPRC_heur, 0.0, 30.4, 25.7, 2.0, 0, 23881.0532, 23663.5334, True, 69
ESPPRC_heur, 0.1, 33.0, 28.3, 2.0, 0, 23880.3126, 23554.039, True, 228
ESPPRC_heur, 0.1, 33.9, 29.1, 2.2, 0, 23878.4233, 23540.64, True, 291
ESPPRC_heur, 0.1, 33.5, 28.7, 2.2, 0, 23878.1411, 23441.2385, True, 388
ESPPRC_heur, 0.1, 32.6, 27.8, 2.1, 0, 23877.8324, 23206.7446, True, 300
ESPPRC_heur, 0.0, 33.7, 28.8, 2.2, 0, 23877.8324, 23660.9377, True, 149
ESPPRC_heur, 0.1, 33.0, 28.2, 2.1, 0, 23876.4678, 23420.9338, True, 192
ESPPRC_heur, 0.0, 32.0, 27.3, 2.1, 0, 23876.0887, 23797.7764, True, 41
ESPPRC_heur, 0.0, 31.3, 26.6, 2.1, 0, 23875.9597, 23781.8209, True, 35
ESPPRC_heur, 0.1, 32.5, 27.8, 2.1, 0, 23875.9083, 23690.2823, True, 50
ESPPRC_heur, 0.1, 33.4, 28.7, 2.1, 0, 23875.834, 23815.3524, True, 15
ESPPRC_heur, -0.0, 33.2, 28.4, 2.1, 0, 23875.8146, 23835.1521, True, 9
ESPPRC_heur, 0.0, 33.9, 29.1, 2.2, 0, 23875.6973, 23839.5656, True, 10
ESPPRC_heur, -0.0, 35.8, 30.8, 2.2, 0, 23875.6657, 23860.722, True, 4
ESPPRC_heur, -0.0, 35.6, 30.6, 2.2, 0, 23875.6592, 23868.7127, True, 4
ESPPRC_heur, 0.0, 36.3, 31.3, 2.3, 0, 23875.6556, 23831.7157, True, 3
ESPPRC_heur, 0.0, 35.0, 30.2, 2.2, 0, 23875.6422, 23858.7185, True, 2
cyc2, 1.1, 751.3, 0.0, 0.0, 1, 23875.6422, 11474.1004, 0, 919195
ESPPRC_heur, 0.1, 39.0, 33.9, 2.3, 0, 23864.189, 22982.2879, True, 795
ESPPRC_heur, 0.1, 40.7, 35.3, 2.5, 0, 23863.5971, 22643.251, True, 3255
ESPPRC_heur, 0.1, 34.8, 29.8, 2.3, 0, 23863.5971, 23067.7748, True, 1852
ESPPRC_heur, 0.1, 40.1, 34.8, 2.5, 0, 23863.2013, 23223.6751, True, 1546
ESPPRC_heur, 0.1, 42.2, 36.9, 2.5, 0, 23863.098, 23092.4128, True, 1564
ESPPRC_heur, 0.1, 35.4, 30.4, 2.2, 0, 23861.2927, 23236.2516, True, 674
ESPPRC_heur, 0.1, 37.3, 32.3, 2.2, 0, 23861.2927, 23494.928, True, 285
ESPPRC_heur, 0.1, 32.8, 28.1, 2.1, 0, 23861.12, 23579.4078, True, 139
ESPPRC_heur, 0.1, 37.4, 32.4, 2.2, 0, 23860.9508, 23751.5466, True, 83
ESPPRC_heur, 0.1, 32.9, 28.2, 2.1, 0, 23860.782, 23755.9253, True, 26
ESPPRC_heur, -0.0, 38.4, 33.3, 2.2, 0, 23860.6373, 23704.7567, True, 26
ESPPRC_heur, 0.0, 36.1, 31.2, 2.2, 0, 23860.3807, 23714.0388, True, 38
ESPPRC_heur, -0.0, 35.4, 30.5, 2.1, 0, 23860.2744, 23773.9112, True, 24
ESPPRC_heur, 0.0, 34.0, 29.2, 2.1, 0, 23860.2501, 23829.6034, True, 6
ESPPRC_heur, 0.1, 34.2, 29.4, 2.2, 0, 23860.2445, 23850.1788, True, 1
cyc2, 1.1, 770.8, 0.0, 0.0, 1, 23860.2445, 12031.7468, 0, 1000613
ESPPRC_heur, 0.1, 142.9, 133.2, 5.9, 0, 23838.8467, 20431.2793, True, 19286
ESPPRC_heur, 0.1, 65.8, 58.6, 4.0, 0, 23836.6412, 22249.0644, True, 6001
ESPPRC_heur, 0.1, 40.7, 35.3, 2.6, 0, 23836.0986, 22593.5858, True, 2988
ESPPRC_heur, 0.1, 37.8, 32.5, 2.5, 0, 23834.4817, 23017.6486, True, 1651
ESPPRC_heur, 0.1, 35.4, 30.4, 2.3, 0, 23834.4795, 23482.7517, True, 332
ESPPRC_heur, 0.1, 36.1, 31.1, 2.3, 0, 23832.8128, 23256.3518, True, 408
ESPPRC_heur, 0.1, 30.9, 26.2, 2.1, 0, 23832.0962, 23170.6908, True, 915
ESPPRC_heur, 0.1, 33.3, 28.5, 2.1, 0, 23831.5954, 23170.6068, True, 558
ESPPRC_heur, 0.1, 33.4, 28.6, 2.1, 0, 23829.9994, 23595.1621, True, 154
ESPPRC_heur, 0.1, 34.4, 29.5, 2.1, 0, 23829.4265, 23524.4255, True, 162
ESPPRC_heur, 0.0, 37.3, 32.2, 2.2, 0, 23829.115, 23681.7198, True, 107
ESPPRC_heur, 0.0, 39.7, 34.5, 2.3, 0, 23828.8281, 23653.5535, True, 45
ESPPRC_heur, 0.1, 37.6, 32.6, 2.3, 0, 23828.2836, 23517.2, True, 282
ESPPRC_heur, 0.1, 35.5, 30.6, 2.2, 0, 23828.2836, 23657.123, True, 55
ESPPRC_heur, 0.1, 36.8, 31.8, 2.3, 0, 23828.1126, 23488.0985, True, 132
ESPPRC_heur, 0.1, 38.0, 32.9, 2.3, 0, 23827.4813, 23624.2815, True, 143
ESPPRC_heur, 0.0, 39.6, 34.4, 2.3, 0, 23827.3925, 23674.7656, True, 60
ESPPRC_heur, 0.0, 40.1, 35.1, 2.3, 0, 23827.3143, 23746.6306, True, 20
ESPPRC_heur, 0.0, 40.4, 35.3, 2.3, 0, 23827.274, 23776.2315, True, 10
ESPPRC_heur, 0.0, 42.5, 37.4, 2.3, 0, 23827.1926, 23792.2698, True, 9
ESPPRC_heur, 0.1, 43.0, 37.8, 2.4, 0, 23827.1617, 23799.8193, True, 2
ESPPRC_heur, 0.0, 40.2, 35.0, 2.3, 0, 23827.1258, 23539.4558, True, 52
ESPPRC_heur, 0.1, 33.3, 28.6, 2.1, 0, 23826.1836, 23462.808, True, 160
ESPPRC_heur, 0.0, 35.0, 30.1, 2.2, 0, 23824.4619, 23570.2241, True, 56
ESPPRC_heur, 0.1, 43.1, 37.9, 2.4, 0, 23824.1769, 23650.9212, True, 34
ESPPRC_heur, 0.0, 42.7, 37.4, 2.5, 0, 23824.0926, 23584.6241, True, 35
ESPPRC_heur, 0.1, 46.1, 40.7, 2.6, 0, 23823.4553, 22806.9412, True, 1742
ESPPRC_heur, 0.1, 41.5, 36.3, 2.3, 0, 23823.4553, 23629.6054, True, 77
ESPPRC_heur, 0.1, 44.7, 39.4, 2.4, 0, 23823.3936, 23672.9876, True, 41
ESPPRC_heur, -0.0, 44.8, 39.4, 2.5, 0, 23823.3559, 23759.8509, True, 7
ESPPRC_heur, -0.0, 41.7, 36.4, 2.4, 0, 23823.3452, 23817.0439, True, 1
cyc2, 1.0, 742.0, 0.0, 0.0, 1, 23823.345, 17738.4107, 0, 319653
ESPPRC_heur, 0.0, 33.9, 29.0, 2.1, 0, 23818.1526, 23735.0246, True, 44
ESPPRC_heur, 0.0, 32.2, 27.4, 2.1, 0, 23818.1394, 23699.7879, True, 22
ESPPRC_heur, -0.0, 32.7, 27.8, 2.1, 0, 23818.0803, 23718.7461, True, 10
ESPPRC_heur, 0.1, 31.1, 26.3, 2.1, 0, 23818.0717, 23464.6508, True, 266
ESPPRC_heur, 0.1, 33.2, 28.4, 2.1, 0, 23818.05, 23604.5031, True, 24
ESPPRC_heur, 0.1, 30.2, 25.6, 2.0, 0, 23817.6254, 23574.605, True, 136
ESPPRC_heur, 0.1, 30.3, 25.7, 2.0, 0, 23817.5799, 23608.8187, True, 78
ESPPRC_heur, 0.0, 31.2, 26.5, 2.1, 0, 23817.5638, 23723.9569, True, 27
ESPPRC_heur, 0.0, 30.5, 25.8, 2.0, 0, 23817.4346, 23737.9735, True, 20
ESPPRC_heur, 0.0, 30.6, 25.9, 2.0, 0, 23817.3513, 23736.4607, True, 18
ESPPRC_heur, -0.0, 33.2, 28.3, 2.1, 0, 23817.3151, 23781.2752, True, 13
ESPPRC_heur, 0.0, 31.8, 27.0, 2.1, 0, 23817.3037, 23791.3308, True, 6
ESPPRC_heur, 0.0, 31.4, 26.7, 2.0, 0, 23817.2889, 23805.0725, True, 3
ESPPRC_heur, 0.0, 31.3, 26.6, 2.1, 0, 23817.2867, 23761.6484, True, 10
ESPPRC_heur, 0.0, 33.3, 28.5, 2.1, 0, 23817.2727, 23815.7698, True, 2
cyc2, 1.1, 746.0, 0.0, 0.0, 1, 23817.2727, 19059.9749, 0, 273103
ESPPRC_heur, 0.1, 37.6, 32.6, 2.2, 0, 23816.6891, 23517.6607, True, 138
ESPPRC_heur, 0.1, 34.0, 29.1, 2.1, 0, 23816.3248, 23542.9161, True, 94
ESPPRC_heur, 0.1, 35.6, 30.6, 2.2, 0, 23815.9474, 23168.8837, True, 645
ESPPRC_heur, 0.1, 33.6, 28.8, 2.1, 0, 23815.9474, 23525.326, True, 138
ESPPRC_heur, 0.1, 34.4, 29.5, 2.2, 0, 23815.9221, 23583.7782, True, 77
ESPPRC_heur, 0.0, 33.4, 28.6, 2.1, 0, 23815.0985, 23653.0428, True, 32
ESPPRC_heur, 0.1, 34.3, 29.4, 2.2, 0, 23815.0197, 23723.8344, True, 29
ESPPRC_heur, 0.0, 32.7, 27.9, 2.1, 0, 23814.9719, 23674.5797, True, 25
ESPPRC_heur, -0.0, 33.8, 28.9, 2.1, 0, 23814.5456, 23701.5709, True, 30
ESPPRC_heur, 0.0, 35.4, 30.4, 2.2, 0, 23814.4145, 23712.3423, True, 33
ESPPRC_heur, -0.0, 37.5, 32.4, 2.2, 0, 23814.3598, 23768.3302, True, 15
ESPPRC_heur, -0.0, 34.1, 29.1, 2.2, 0, 23814.3566, 23791.4912, True, 5
ESPPRC_heur, 0.0, 35.5, 30.5, 2.2, 0, 23814.3525, 23773.7264, True, 10
ESPPRC_heur, -0.0, 33.8, 28.9, 2.1, 0, 23814.2664, 23757.8419, True, 10
ESPPRC_heur, 0.0, 35.9, 30.9, 2.2, 0, 23813.9847, 23788.698, True, 5
ESPPRC_heur, 0.0, 37.1, 32.1, 2.2, 0, 23813.9743, 23809.0468, True, 4
cyc2, 1.0, 740.1, 0.0, 0.0, 1, 23813.9743, 19737.0623, 0, 239363
ESPPRC_heur, 0.0, 31.9, 27.1, 2.1, 0, 23812.8001, 23625.6751, True, 62
ESPPRC_heur, 0.0, 34.5, 29.6, 2.1, 0, 23812.6738, 23713.4011, True, 30
ESPPRC_heur, 0.1, 35.0, 30.1, 2.2, 0, 23812.5648, 23695.8409, True, 27
ESPPRC_heur, 0.0, 37.4, 32.5, 2.2, 0, 23812.5319, 23775.219, True, 10
ESPPRC_heur, 0.0, 39.0, 34.0, 2.3, 0, 23812.5257, 23781.9067, True, 7
ESPPRC_heur, -0.0, 36.2, 31.3, 2.2, 0, 23812.5217, 23807.1581, True, 1
ESPPRC_heur, 0.0, 37.8, 32.9, 2.2, 0, 23812.5217, 23812.4258, True, 1
cyc2, 1.0, 741.2, 0.0, 0.0, 1, 23812.5217, 19548.4008, 0, 229714
ESPPRC_heur, 0.1, 32.0, 27.2, 2.1, 0, 23809.26, 23512.4858, True, 125
ESPPRC_heur, 0.0, 31.3, 26.5, 2.1, 0, 23809.26, 23747.1132, True, 6
ESPPRC_heur, 0.0, 32.3, 27.5, 2.1, 0, 23809.2572, 23722.7952, True, 9
ESPPRC_heur, 0.0, 32.1, 27.3, 2.1, 0, 23809.1724, 23729.2394, True, 6
ESPPRC_heur, -0.0, 31.5, 26.7, 2.1, 0, 23809.153, 23763.1378, True, 3
ESPPRC_heur, 0.0, 32.1, 27.3, 2.1, 0, 23809.1435, 23773.2435, True, 5
cyc2, 1.0, 737.7, 0.0, 0.0, 1, 23809.1324, 20326.3661, 0, 197444
ESPPRC_heur, 0.0, 44.6, 39.0, 2.6, 0, 23807.6199, 23144.019, True, 1338
ESPPRC_heur, 0.1, 35.6, 30.5, 2.2, 0, 23807.6199, 23502.1337, True, 270
ESPPRC_heur, 0.0, 35.0, 30.0, 2.2, 0, 23807.6199, 23709.8308, True, 51
ESPPRC_heur, 0.0, 34.2, 29.2, 2.2, 0, 23807.1864, 23732.3615, True, 29
ESPPRC_heur, 0.0, 33.5, 28.5, 2.2, 0, 23806.7429, 23710.8319, True, 18
ESPPRC_heur, 0.1, 32.5, 27.6, 2.1, 0, 23806.6417, 23778.7441, True, 6
ESPPRC_heur, 0.0, 38.6, 33.6, 2.2, 0, 23806.6334, 23790.0177, True, 1
cyc2, 1.1, 751.7, 0.0, 0.0, 1, 23806.6334, 19909.6452, 0, 205906
ESPPRC_heur, 0.2, 35.4, 30.4, 2.2, 0, 23805.1961, 23431.8584, True, 118
ESPPRC_heur, 0.1, 32.2, 27.3, 2.1, 0, 23805.1961, 23289.6054, True, 170
ESPPRC_heur, -0.0, 32.2, 27.3, 2.1, 0, 23804.4556, 23759.5888, True, 22
ESPPRC_heur, 0.0, 32.5, 27.6, 2.1, 0, 23804.4173, 23732.9315, True, 6
cyc2, 1.0, 751.6, 0.0, 0.0, 1, 23804.4163, 20411.7913, 0, 182848
ESPPRC_heur, 0.1, 38.7, 33.5, 2.4, 0, 23798.8534, 23283.8324, True, 808
ESPPRC_heur, 0.1, 31.7, 26.9, 2.1, 0, 23798.7978, 23578.0577, True, 106
ESPPRC_heur, 0.0, 35.3, 30.2, 2.2, 0, 23798.4527, 23274.7578, True, 283
ESPPRC_heur, 0.0, 33.8, 28.8, 2.2, 0, 23798.4527, 23740.6631, True, 19
ESPPRC_heur, 0.0, 35.0, 30.1, 2.2, 0, 23798.4482, 23796.8187, True, 1
ESPPRC_heur, 0.0, 33.9, 29.0, 2.2, 0, 23798.4482, 23797.3387, True, 1
cyc2, 1.1, 746.8, 0.0, 0.0, 1, 23798.4482, 20931.8086, 0, 156535
ESPPRC_heur, 0.0, 37.8, 32.9, 2.2, 0, 23794.292, 23644.4307, True, 56
ESPPRC_heur, 0.0, 33.9, 29.1, 2.1, 0, 23794.279, 23693.8001, True, 16
ESPPRC_heur, -0.0, 33.6, 28.8, 2.1, 0, 23794.257, 23784.2833, True, 4
cyc2, 1.0, 744.0, 0.0, 0.0, 1, 23794.2538, 19419.2341, 0, 229133
ESPPRC_heur, 0.0, 28.6, 24.0, 2.0, 0, 23794.2538, 23507.1415, True, 71
ESPPRC_heur, 0.0, 30.2, 25.6, 2.0, 0, 23794.2523, 23668.1073, True, 20
ESPPRC_heur, 0.0, 31.3, 26.6, 2.1, 0, 23794.2523, 23714.3117, True, 9
ESPPRC_heur, -0.0, 30.1, 25.4, 2.0, 0, 23794.2523, 23711.9636, True, 11
ESPPRC_heur, -0.0, 31.6, 26.9, 2.0, 0, 23794.2439, 23754.7596, True, 11
ESPPRC_heur, 0.0, 31.2, 26.5, 2.0, 0, 23794.2439, 23787.0905, True, 2
ESPPRC_heur, -0.0, 30.2, 25.5, 2.0, 0, 23794.2439, 23790.0258, True, 1
cyc2, 1.0, 744.1, 0.0, 0.0, 1, 23794.2439, 21352.0211, 0, 140644
ESPPRC_heur, 0.1, 36.5, 31.6, 2.2, 0, 23784.7904, 23416.0151, True, 380
ESPPRC_heur, 0.1, 37.0, 32.0, 2.2, 0, 23783.4228, 23636.16, True, 70
ESPPRC_heur, 0.1, 36.8, 32.0, 2.1, 0, 23782.824, 23603.1976, True, 80
ESPPRC_heur, 0.1, 39.9, 34.7, 2.3, 0, 23782.0675, 23675.4126, True, 44
ESPPRC_heur, 0.1, 39.9, 34.9, 2.2, 0, 23781.8382, 23617.2913, True, 49
ESPPRC_heur, -0.0, 36.9, 31.8, 2.3, 0, 23781.5005, 23707.7259, True, 15
ESPPRC_heur, -0.0, 38.0, 33.0, 2.2, 0, 23781.4474, 23719.9404, True, 11
ESPPRC_heur, 0.0, 38.7, 33.7, 2.2, 0, 23781.4104, 23762.9529, True, 3
cyc2, 1.0, 737.3, 0.0, 0.0, 1, 23781.4104, 21385.3501, 0, 139421
ESPPRC_heur, 0.0, 40.0, 34.6, 2.5, 0, 23771.468, 23228.4428, True, 1156
ESPPRC_heur, 0.0, 35.9, 30.7, 2.3, 0, 23771.468, 23296.8829, True, 419
ESPPRC_heur, 0.1, 34.8, 29.8, 2.3, 0, 23771.1792, 23557.2209, True, 129
ESPPRC_heur, 0.1, 34.2, 29.1, 2.3, 0, 23769.9206, 23412.1359, True, 474
ESPPRC_heur, 0.1, 38.6, 33.4, 2.4, 0, 23769.7126, 23528.6413, True, 100
ESPPRC_heur, 0.1, 34.5, 29.6, 2.2, 0, 23769.6573, 23604.9212, True, 60
ESPPRC_heur, -0.0, 34.6, 29.6, 2.2, 0, 23769.5173, 23657.6909, True, 26
ESPPRC_heur, 0.0, 33.8, 28.8, 2.2, 0, 23769.3317, 23670.6103, True, 34
ESPPRC_heur, 0.0, 33.3, 28.4, 2.2, 0, 23769.3175, 23687.6526, True, 14
ESPPRC_heur, 0.1, 32.7, 27.9, 2.2, 0, 23769.2279, 23736.1545, True, 3
ESPPRC_heur, -0.0, 33.8, 28.8, 2.2, 0, 23769.2195, 23755.3331, True, 4
cyc2, 1.0, 745.7, 0.0, 0.0, 1, 23769.2078, 21590.9216, 0, 118040
ESPPRC_heur, 0.0, 36.1, 31.1, 2.2, 0, 23768.6052, 23643.6974, True, 43
ESPPRC_heur, 0.1, 34.5, 29.7, 2.2, 0, 23768.4993, 23667.3048, True, 15
ESPPRC_heur, -0.0, 38.4, 33.4, 2.2, 0, 23768.4281, 23723.4358, True, 7
ESPPRC_heur, -0.0, 37.1, 32.2, 2.2, 0, 23768.4038, 23723.5457, True, 4
ESPPRC_heur, -0.0, 30.2, 25.4, 2.1, 0, 23768.3913, 23603.8059, True, 12
ESPPRC_heur, 0.1, 36.1, 31.3, 2.2, 0, 23768.1556, 23719.9527, True, 9
ESPPRC_heur, 0.1, 49.5, 44.1, 2.6, 0, 23768.071, 23223.0626, True, 1001
ESPPRC_heur, 0.1, 37.3, 32.4, 2.2, 0, 23768.071, 23731.128, True, 12
ESPPRC_heur, 0.0, 39.7, 34.7, 2.3, 0, 23768.0477, 23761.9546, True, 1
cyc2, 0.9, 737.9, 0.0, 0.0, 1, 23768.0477, 21789.2713, 0, 101299
ESPPRC_heur, 0.1, 46.9, 41.0, 2.9, 0, 23763.5158, 22848.9759, True, 3624
ESPPRC_heur, 0.1, 42.3, 37.0, 2.5, 0, 23761.3472, 23224.8237, True, 793
ESPPRC_heur, 0.1, 40.0, 34.8, 2.4, 0, 23761.3472, 23413.0439, True, 401
ESPPRC_heur, 0.0, 39.0, 33.7, 2.4, 0, 23761.3472, 23443.9595, True, 327
ESPPRC_heur, 0.0, 54.5, 49.2, 2.4, 0, 23761.3472, 23621.985, True, 77
ESPPRC_heur, 0.1, 39.7, 34.5, 2.4, 0, 23761.3471, 23645.0337, True, 42
ESPPRC_heur, 0.0, 31.4, 26.7, 1.9, 0, 23761.3471, 23761.2672, True, 1
cyc2, 1.1, 725.9, 0.0, 0.0, 1, 23761.3471, 21236.964, 0, 115773
ESPPRC_heur, 0.1, 57.2, 51.5, 2.7, 0, 23759.7226, 23373.691, True, 497
ESPPRC_heur, 0.1, 49.7, 44.4, 2.4, 0, 23759.7226, 23541.4278, True, 123
ESPPRC_heur, 0.1, 47.7, 42.5, 2.4, 0, 23759.422, 23735.6158, True, 10
ESPPRC_heur, -0.0, 48.3, 43.0, 2.4, 0, 23759.3824, 23754.8954, True, 2
ESPPRC_heur, 0.1, 46.4, 41.3, 2.4, 0, 23759.3805, 23758.4901, True, 1
cyc2, 1.0, 729.7, 0.0, 0.0, 1, 23759.3805, 21921.7281, 0, 90077
ESPPRC_heur, 0.1, 45.7, 40.6, 2.4, 0, 23758.7605, 23586.5578, True, 21
ESPPRC_heur, 0.1, 56.2, 51.0, 2.5, 0, 23758.7528, 23717.6224, True, 9
cyc2, 1.1, 730.9, 0.0, 0.0, 1, 23758.7488, 22238.1027, 0, 86518
ESPPRC_heur, 0.0, 41.2, 36.2, 2.3, 0, 23752.8201, 23366.9564, True, 336
ESPPRC_heur, 0.0, 71.6, 66.4, 2.4, 0, 23751.8383, 23527.4036, True, 273
ESPPRC_heur, 0.1, 41.1, 36.3, 2.2, 0, 23751.7013, 23644.9526, True, 38
ESPPRC_heur, 0.0, 37.9, 33.1, 2.2, 0, 23751.6279, 23689.3662, True, 14
cyc2, 1.6, 732.8, 0.0, 0.0, 1, 23751.6197, 22256.1826, 0, 74081
ESPPRC_heur, 0.0, 54.1, 48.8, 2.5, 0, 23750.2456, 23661.9521, True, 29
ESPPRC_heur, 0.1, 49.1, 43.8, 2.5, 0, 23750.1754, 23698.1754, True, 7
ESPPRC_heur, 0.0, 47.7, 42.4, 2.5, 0, 23750.1146, 23723.5123, True, 2
ESPPRC_heur, 0.0, 46.0, 40.8, 2.4, 0, 23750.1067, 23750.0548, True, 1
cyc2, 1.1, 732.3, 0.0, 0.0, 1, 23750.1067, 22347.1968, 0, 75331
ESPPRC_heur, 0.1, 38.4, 33.6, 2.2, 0, 23747.0603, 23484.8555, True, 93
ESPPRC_heur, 0.0, 88.7, 83.5, 2.4, 0, 23747.0168, 23687.8718, True, 6
ESPPRC_heur, -0.0, 74.1, 68.5, 2.8, 0, 23746.9888, 23706.1313, True, 3
ESPPRC_heur, 0.1, 40.7, 35.8, 2.3, 0, 23746.9888, 23720.9888, True, 1
ESPPRC_heur, -0.0, 41.0, 36.0, 2.3, 0, 23746.9731, 23725.6238, True, 4
ESPPRC_heur, -0.0, 39.7, 34.7, 2.3, 0, 23746.9499, 23743.662, True, 1
ESPPRC_heur, 0.0, 38.4, 33.5, 2.2, 0, 23746.9499, 23745.6613, True, 1
cyc2, 1.6, 735.4, 0.0, 0.0, 1, 23746.9499, 22575.7694, 0, 59980
ESPPRC_heur, 0.1, 52.9, 47.6, 2.5, 0, 23738.0241, 23501.222, True, 190
ESPPRC_heur, 0.1, 50.8, 45.4, 2.6, 0, 23736.5992, 23571.8681, True, 123
ESPPRC_heur, 0.0, 51.6, 46.1, 2.6, 0, 23736.0118, 23615.2764, True, 84
ESPPRC_heur, 0.0, 48.2, 42.8, 2.5, 0, 23735.756, 23607.4499, True, 56
ESPPRC_heur, 0.0, 53.0, 47.8, 2.4, 0, 23735.3754, 23613.4791, True, 42
ESPPRC_heur, 0.1, 50.9, 45.5, 2.5, 0, 23735.19, 23547.2868, True, 104
ESPPRC_heur, 0.1, 46.5, 41.2, 2.5, 0, 23735.005, 23628.2103, True, 43
ESPPRC_heur, 0.1, 47.6, 42.3, 2.5, 0, 23734.8928, 23704.7199, True, 11
ESPPRC_heur, 0.1, 60.2, 54.8, 2.5, 0, 23734.858, 23596.0507, True, 20
ESPPRC_heur, -0.0, 57.2, 51.8, 2.5, 0, 23734.754, 23657.1122, True, 25
ESPPRC_heur, 0.1, 44.9, 39.7, 2.4, 0, 23734.7318, 23721.6375, True, 2
ESPPRC_heur, -0.0, 45.0, 39.7, 2.4, 0, 23734.7272, 23731.1073, True, 2
ESPPRC_heur, -0.0, 44.5, 39.2, 2.4, 0, 23734.7272, 23733.2715, True, 1
cyc2, 1.1, 733.8, 0.0, 0.0, 1, 23734.7272, 22478.1388, 0, 49571
ESPPRC_heur, 0.0, 41.2, 36.1, 2.3, 0, 23724.9039, 23483.9294, True, 133
ESPPRC_heur, 0.1, 45.4, 40.4, 2.3, 0, 23724.4455, 23525.5645, True, 71
ESPPRC_heur, 0.1, 45.9, 40.7, 2.4, 0, 23724.1974, 23502.8308, True, 102
ESPPRC_heur, 0.0, 47.0, 41.9, 2.4, 0, 23724.1924, 23556.1696, True, 49
ESPPRC_heur, 0.0, 56.5, 51.2, 2.4, 0, 23724.1628, 23674.0223, True, 21
ESPPRC_heur, -0.0, 54.1, 48.8, 2.4, 0, 23724.1473, 23692.4334, True, 16
ESPPRC_heur, 0.0, 55.5, 50.3, 2.4, 0, 23724.1269, 23674.9385, True, 9
ESPPRC_heur, 0.0, 55.8, 50.6, 2.4, 0, 23724.1248, 23704.9241, True, 2
ESPPRC_heur, -0.0, 53.7, 48.5, 2.4, 0, 23724.1083, 23710.1836, True, 5
ESPPRC_heur, 0.0, 52.4, 47.2, 2.4, 0, 23724.1082, 23722.0358, True, 1
cyc2, 1.2, 726.4, 0.0, 0.0, 1, 23724.1082, 22653.3149, 0, 48750
ESPPRC_heur, 0.1, 47.7, 42.6, 2.4, 0, 23721.2613, 23440.5993, True, 200
ESPPRC_heur, 0.0, 51.5, 46.3, 2.4, 0, 23720.8587, 23606.3587, True, 30
ESPPRC_heur, 0.0, 50.3, 45.2, 2.4, 0, 23720.6682, 23452.4506, True, 61
ESPPRC_heur, -0.0, 54.3, 49.0, 2.4, 0, 23720.6262, 23642.6262, True, 10
ESPPRC_heur, 0.0, 56.9, 51.6, 2.5, 0, 23720.3862, 23662.9179, True, 18
ESPPRC_heur, -0.0, 52.0, 46.8, 2.4, 0, 23720.2816, 23662.4878, True, 17
ESPPRC_heur, -0.0, 46.3, 41.2, 2.4, 0, 23720.2785, 23712.8991, True, 5
ESPPRC_heur, 0.0, 50.4, 45.3, 2.4, 0, 23720.2781, 23719.7531, True, 1
cyc2, 1.1, 730.0, 0.0, 0.0, 1, 23720.2781, 22024.1275, 0, 57812
ESPPRC_heur, 0.1, 48.3, 43.2, 2.3, 0, 23719.7248, 23521.4594, True, 38
ESPPRC_heur, 0.0, 51.2, 46.0, 2.4, 0, 23719.6655, 23596.199, True, 12
ESPPRC_heur, 0.0, 56.0, 50.8, 2.4, 0, 23719.6655, 23706.5337, True, 1
cyc2, 1.0, 727.3, 0.0, 0.0, 1, 23719.6655, 22822.9889, 0, 35940
ESPPRC_heur, 0.1, 51.8, 46.6, 2.4, 0, 23694.6108, 23437.7714, True, 147
ESPPRC_heur, 0.1, 58.7, 53.4, 2.5, 0, 23693.0101, 23471.7512, True, 120
ESPPRC_heur, 0.1, 60.0, 54.6, 2.5, 0, 23692.2988, 23547.8775, True, 76
ESPPRC_heur, 0.0, 54.1, 48.7, 2.5, 0, 23692.0979, 23561.1126, True, 25
ESPPRC_heur, -0.0, 53.2, 47.9, 2.4, 0, 23691.9933, 23647.5794, True, 7
ESPPRC_heur, 0.1, 57.3, 52.0, 2.5, 0, 23691.9384, 23502.8289, True, 89
ESPPRC_heur, 0.0, 55.0, 49.8, 2.4, 0, 23691.9374, 23656.2786, True, 6
cyc2, 1.1, 726.7, 0.0, 0.0, 1, 23691.9374, 22303.1257, 0, 60489
ESPPRC_heur, -0.0, 58.0, 52.6, 2.5, 0, 23691.4125, 23646.0566, True, 20
ESPPRC_heur, 0.1, 50.6, 45.5, 2.4, 0, 23691.406, 23602.0259, True, 21
ESPPRC_heur, 0.1, 56.8, 51.5, 2.4, 0, 23691.3873, 23573.797, True, 36
ESPPRC_heur, 0.0, 58.5, 53.2, 2.5, 0, 23691.3777, 23617.4855, True, 6
ESPPRC_heur, 0.0, 60.6, 55.1, 2.5, 0, 23691.3762, 23687.6295, True, 1
cyc2, 1.0, 729.7, 0.0, 0.0, 1, 23691.3762, 22449.132, 0, 46064
ESPPRC_heur, 0.1, 56.1, 50.8, 2.5, 0, 23689.8421, 23418.2747, True, 165
ESPPRC_heur, 0.1, 59.0, 53.7, 2.5, 0, 23689.6111, 23545.3084, True, 51
ESPPRC_heur, -0.0, 58.4, 53.0, 2.5, 0, 23689.5885, 23562.9972, True, 15
ESPPRC_heur, 0.0, 55.3, 49.9, 2.5, 0, 23689.5885, 23663.4142, True, 4
ESPPRC_heur, -0.0, 60.8, 55.3, 2.6, 0, 23689.5848, 23680.86, True, 7
ESPPRC_heur, -0.0, 60.0, 54.5, 2.5, 0, 23689.573, 23679.5806, True, 3
ESPPRC_heur, -0.0, 59.1, 53.7, 2.5, 0, 23689.5728, 23687.3102, True, 1
cyc2, 1.1, 728.1, 0.0, 0.0, 1, 23689.5728, 22836.1797, 0, 31253
ESPPRC_heur, 0.1, 69.2, 63.3, 2.8, 0, 23684.2051, 23355.5312, True, 613
ESPPRC_heur, 0.1, 55.2, 49.9, 2.5, 0, 23683.7505, 23503.1763, True, 145
ESPPRC_heur, 0.0, 57.2, 51.9, 2.5, 0, 23682.638, 23551.9392, True, 72
ESPPRC_heur, 0.0, 56.6, 51.2, 2.5, 0, 23682.2352, 23539.2877, True, 55
ESPPRC_heur, 0.0, 53.4, 48.0, 2.5, 0, 23681.4435, 23452.5265, True, 53
ESPPRC_heur, 0.1, 55.6, 50.4, 2.4, 0, 23681.4294, 23536.8212, True, 17
ESPPRC_heur, 0.0, 64.3, 58.8, 2.6, 0, 23681.109, 23512.5413, True, 91
ESPPRC_heur, 0.0, 59.1, 53.7, 2.5, 0, 23680.838, 23488.7836, True, 120
ESPPRC_heur, 0.0, 47.3, 42.1, 2.4, 0, 23680.5177, 23574.9386, True, 26
ESPPRC_heur, 0.1, 58.8, 53.5, 2.4, 0, 23680.4347, 23603.8747, True, 14
ESPPRC_heur, -0.0, 56.1, 50.8, 2.4, 0, 23680.4089, 23619.1883, True, 2
ESPPRC_heur, 0.1, 53.7, 48.6, 2.4, 0, 23680.3935, 23660.6746, True, 4
cyc2, 1.1, 729.3, 0.0, 0.0, 1, 23680.3863, 22922.8061, 0, 28407
ESPPRC_heur, 0.0, 45.6, 40.5, 2.3, 0, 23673.4489, 23588.5219, True, 43
ESPPRC_heur, 0.0, 43.5, 38.5, 2.2, 0, 23673.3564, 23589.1892, True, 18
ESPPRC_heur, 0.1, 38.8, 33.9, 2.2, 0, 23673.266, 23500.481, True, 45
ESPPRC_heur, 0.0, 43.2, 38.3, 2.2, 0, 23673.2037, 23602.3607, True, 14
ESPPRC_heur, 0.1, 42.1, 37.2, 2.2, 0, 23673.1177, 23556.8511, True, 33
ESPPRC_heur, -0.0, 43.5, 38.5, 2.2, 0, 23673.0758, 23665.9005, True, 2
ESPPRC_heur, 0.1, 41.8, 37.0, 2.2, 0, 23673.0736, 23670.091, True, 4
cyc2, 1.1, 727.3, 0.0, 0.0, 1, 23673.0729, 22644.9259, 0, 30433
cyc2, 1.1, 729.3, 0.0, 0.0, 1, 23673.0723, 23015.2639, 0, 21816
ESPPRC_heur, 0.1, 44.2, 39.2, 2.3, 0, 23667.9094, 23467.2202, True, 181
ESPPRC_heur, 0.0, 44.6, 39.5, 2.3, 0, 23667.5683, 23581.7195, True, 95
ESPPRC_heur, 0.1, 46.5, 41.4, 2.3, 0, 23667.3463, 23529.8934, True, 77
ESPPRC_heur, 0.1, 52.4, 47.1, 2.4, 0, 23667.2338, 23627.1051, True, 23
ESPPRC_heur, -0.0, 47.7, 42.5, 2.3, 0, 23667.1914, 23642.6564, True, 8
ESPPRC_heur, 0.0, 49.1, 43.9, 2.4, 0, 23667.1815, 23630.8639, True, 7
ESPPRC_heur, 0.0, 47.8, 42.6, 2.3, 0, 23667.1805, 23664.0502, True, 1
cyc2, 1.0, 726.9, 0.0, 0.0, 1, 23667.1798, 22892.5142, 0, 20569
ESPPRC_heur, 0.0, 51.8, 46.5, 2.4, 0, 23662.5841, 23573.2334, True, 57
ESPPRC_heur, 0.1, 50.0, 44.8, 2.4, 0, 23662.5078, 23522.7682, True, 74
ESPPRC_heur, 0.0, 49.8, 44.5, 2.4, 0, 23662.3417, 23626.2914, True, 14
cyc2, 1.0, 726.7, 0.0, 0.0, 1, 23662.2709, 22838.5156, 0, 16575
ESPPRC_heur, 0.1, 47.3, 42.1, 2.4, 0, 23657.9712, 23537.8934, True, 95
ESPPRC_heur, 0.1, 50.8, 45.6, 2.4, 0, 23657.572, 23525.9627, True, 42
ESPPRC_heur, -0.0, 50.6, 45.3, 2.4, 0, 23657.5174, 23505.3663, True, 47
ESPPRC_heur, -0.0, 50.6, 45.3, 2.4, 0, 23657.4546, 23505.5446, True, 30
ESPPRC_heur, -0.0, 48.0, 42.8, 2.3, 0, 23657.4102, 23613.3768, True, 10
ESPPRC_heur, 0.0, 47.4, 42.2, 2.4, 0, 23657.3853, 23587.651, True, 14
ESPPRC_heur, -0.0, 50.1, 44.9, 2.4, 0, 23657.3745, 23644.2212, True, 3
cyc2, 1.1, 722.6, 0.0, 0.0, 1, 23657.3737, 22804.6632, 0, 17101
ESPPRC_heur, 0.0, 49.8, 44.5, 2.4, 0, 23656.3814, 23539.2707, True, 29
ESPPRC_heur, 0.0, 45.6, 40.5, 2.3, 0, 23656.3656, 23617.6864, True, 4
ESPPRC_heur, 0.0, 50.4, 45.2, 2.4, 0, 23656.3421, 23610.0057, True, 5
cyc2, 1.0, 724.8, 0.0, 0.0, 1, 23656.3147, 23020.8525, 0, 15087
ESPPRC_heur, 0.1, 47.7, 42.5, 2.3, 0, 23653.1055, 23484.5106, True, 103
ESPPRC_heur, 0.0, 52.0, 46.6, 2.4, 0, 23652.7805, 23560.4073, True, 43
ESPPRC_heur, 0.1, 47.5, 42.4, 2.3, 0, 23652.7736, 23586.2799, True, 7
ESPPRC_heur, 0.0, 48.7, 43.5, 2.4, 0, 23652.7666, 23618.7518, True, 10
cyc2, 1.1, 726.4, 0.0, 0.0, 1, 23652.7666, 22138.0698, 0, 36272
ESPPRC_heur, -0.0, 50.3, 45.0, 2.4, 0, 23652.7666, 23602.3318, True, 3
ESPPRC_heur, 0.0, 53.1, 47.8, 2.5, 0, 23652.7666, 23609.7103, True, 1
ESPPRC_heur, 0.0, 47.0, 41.7, 2.4, 0, 23652.7666, 23630.1097, True, 4
cyc2, 1.2, 725.2, 0.0, 0.0, 1, 23652.7666, 23060.6903, 0, 13493
ESPPRC_heur, -0.0, 59.3, 53.8, 2.6, 0, 23652.6927, 23576.7511, True, 21
ESPPRC_heur, 0.0, 53.6, 48.3, 2.4, 0, 23652.6795, 23555.6035, True, 8
ESPPRC_heur, 0.0, 53.5, 48.2, 2.4, 0, 23652.634, 23602.077, True, 13
ESPPRC_heur, 0.0, 55.4, 50.1, 2.4, 0, 23652.6233, 23588.0934, True, 2
cyc2, 1.1, 724.8, 0.0, 0.0, 1, 23652.5997, 23171.1501, 0, 12479
ESPPRC_heur, 0.0, 33.2, 28.2, 2.2, 0, 23645.728, 23512.1902, True, 61
ESPPRC_heur, 0.0, 35.8, 30.6, 2.3, 0, 23644.8241, 23492.8658, True, 52
ESPPRC_heur, 0.0, 33.2, 28.2, 2.2, 0, 23644.5802, 23520.7006, True, 33
ESPPRC_heur, -0.0, 33.1, 28.1, 2.1, 0, 23644.5532, 23602.7885, True, 7
ESPPRC_heur, 0.1, 32.7, 27.8, 2.1, 0, 23644.4546, 23589.9845, True, 16
ESPPRC_heur, 0.0, 32.1, 27.2, 2.1, 0, 23644.3719, 23575.967, True, 17
ESPPRC_heur, 0.0, 31.5, 26.7, 2.1, 0, 23644.371, 23629.7037, True, 3
cyc2, 1.5, 723.8, 0.0, 0.0, 1, 23644.3695, 23153.408, 0, 10245
ESPPRC_heur, 0.1, 55.9, 50.6, 2.5, 0, 23639.1219, 23463.3394, True, 130
ESPPRC_heur, 0.0, 52.9, 47.6, 2.5, 0, 23638.8611, 23568.5064, True, 34
ESPPRC_heur, 0.0, 66.4, 61.0, 2.5, 0, 23638.7758, 23586.7758, True, 12
ESPPRC_heur, 0.0, 61.0, 55.6, 2.6, 0, 23638.6888, 23594.8315, True, 13
ESPPRC_heur, 0.1, 37.9, 32.8, 2.3, 0, 23638.6613, 23598.728, True, 4
ESPPRC_heur, -0.0, 36.4, 31.3, 2.3, 0, 23638.611, 23590.2352, True, 8
ESPPRC_heur, 0.0, 45.8, 40.8, 2.2, 0, 23638.6059, 23626.2859, True, 3
cyc2, 1.1, 729.7, 0.0, 0.0, 1, 23638.6058, 22588.3334, 0, 15874
ESPPRC_heur, 0.0, 41.9, 37.0, 2.2, 0, 23638.6058, 23623.179, True, 2
cyc2, 1.0, 728.5, 0.0, 0.0, 1, 23638.6058, 23165.4983, 0, 8431
ESPPRC_heur, 0.0, 48.7, 43.5, 2.3, 0, 23633.9862, 23541.8962, True, 49
ESPPRC_heur, 0.0, 40.2, 35.0, 2.3, 0, 23633.895, 23564.1694, True, 13
ESPPRC_heur, 0.0, 35.3, 30.3, 2.2, 0, 23633.8681, 23608.4754, True, 4
ESPPRC_heur, 0.0, 41.6, 36.5, 2.3, 0, 23633.8598, 23620.1077, True, 2
cyc2, 1.0, 729.8, 0.0, 0.0, 1, 23633.8597, 23184.719, 0, 9092
ESPPRC_heur, 0.1, 45.5, 40.1, 2.5, 0, 23633.4247, 23576.4163, True, 7
ESPPRC_heur, -0.0, 41.9, 36.6, 2.4, 0, 23633.3348, 23545.6716, True, 9
ESPPRC_heur, 0.0, 41.6, 36.3, 2.4, 0, 23633.2796, 23598.3163, True, 3
ESPPRC_heur, 0.0, 56.7, 51.3, 2.5, 0, 23633.2715, 23620.1526, True, 5
ESPPRC_heur, 0.0, 42.3, 37.0, 2.4, 0, 23633.2715, 23627.3778, True, 1
cyc2, 1.0, 732.5, 0.0, 0.0, 1, 23633.2715, 23146.0835, 0, 9084
cyc2, 1.0, 729.9, 0.0, 0.0, 1, 23633.2715, 23263.2585, 0, 6338
ESPPRC_heur, 0.0, 50.1, 44.8, 2.3, 0, 23630.2418, 23496.9197, True, 52
ESPPRC_heur, 0.0, 42.5, 37.3, 2.3, 0, 23630.1557, 23546.697, True, 21
ESPPRC_heur, 0.0, 39.1, 33.9, 2.3, 0, 23630.1045, 23538.7274, True, 30
ESPPRC_heur, -0.0, 35.9, 30.9, 2.2, 0, 23630.1011, 23573.4229, True, 18
ESPPRC_heur, -0.0, 38.4, 33.3, 2.2, 0, 23630.073, 23581.0785, True, 10
ESPPRC_heur, 0.0, 50.3, 44.7, 2.7, 0, 23630.0727, 23591.4849, True, 3
ESPPRC_heur, -0.0, 54.8, 49.4, 2.4, 0, 23630.0727, 23616.5474, True, 2
cyc2, 1.0, 731.2, 0.0, 0.0, 1, 23630.0727, 23076.7034, 0, 6404
ESPPRC_heur, 0.0, 39.2, 34.1, 2.3, 0, 23626.6937, 23503.4692, True, 18
ESPPRC_heur, -0.0, 38.8, 33.6, 2.3, 0, 23626.6152, 23571.1859, True, 14
ESPPRC_heur, -0.0, 41.5, 36.3, 2.3, 0, 23626.5764, 23606.9983, True, 3
ESPPRC_heur, -0.0, 56.0, 50.4, 2.7, 0, 23626.5764, 23623.911, True, 1
ESPPRC_heur, 0.0, 42.1, 36.9, 2.4, 0, 23626.5762, 23623.051, True, 2
cyc2, 1.1, 728.1, 0.0, 0.0, 1, 23626.5761, 22998.6068, 0, 8126
cyc2, 1.0, 726.4, 0.0, 0.0, 1, 23626.5761, 23306.7079, 0, 5287
ESPPRC_heur, 0.0, 42.9, 37.5, 2.4, 0, 23621.6198, 23506.5271, True, 62
ESPPRC_heur, -0.0, 39.8, 34.5, 2.4, 0, 23621.4243, 23495.9606, True, 31
ESPPRC_heur, 0.1, 37.3, 32.2, 2.3, 0, 23621.3024, 23539.2453, True, 21
ESPPRC_heur, 0.0, 48.5, 43.3, 2.3, 0, 23621.2752, 23582.4135, True, 6
ESPPRC_heur, 0.1, 61.3, 55.9, 2.5, 0, 23621.2259, 23583.0212, True, 15
ESPPRC_heur, -0.0, 43.8, 38.3, 2.5, 0, 23621.2195, 23603.418, True, 3
ESPPRC_heur, 0.0, 44.3, 38.9, 2.5, 0, 23621.2087, 23614.6697, True, 1
ESPPRC_heur, 0.1, 56.5, 51.0, 2.6, 0, 23621.2079, 23617.8195, True, 1
cyc2, 1.0, 726.8, 0.0, 0.0, 1, 23621.2078, 22902.4303, 0, 8551
cyc2, 1.0, 715.0, 0.0, 0.0, 1, 23621.2078, 23355.0387, 0, 4142
ESPPRC_heur, 0.1, 40.5, 35.4, 2.3, 0, 23616.1853, 23487.646, True, 35
ESPPRC_heur, 0.1, 33.4, 28.5, 2.2, 0, 23615.8428, 23408.6976, True, 97
ESPPRC_heur, 0.0, 31.5, 26.6, 2.1, 0, 23615.8413, 23505.6895, True, 13
ESPPRC_heur, 0.1, 31.9, 27.1, 2.1, 0, 23615.8413, 23562.2061, True, 10
ESPPRC_heur, -0.0, 32.0, 27.1, 2.1, 0, 23615.8045, 23568.8203, True, 10
ESPPRC_heur, -0.0, 32.5, 27.6, 2.1, 0, 23615.7735, 23601.6317, True, 3
ESPPRC_heur, -0.0, 50.3, 45.2, 2.3, 0, 23615.7734, 23609.0887, True, 1
ESPPRC_heur, -0.0, 46.3, 41.2, 2.3, 0, 23615.7734, 23609.4405, True, 2
cyc2, 1.1, 727.0, 0.0, 0.0, 1, 23615.7726, 22766.7077, 0, 11189
ESPPRC_heur, 0.0, 48.5, 43.4, 2.3, 0, 23615.7726, 23583.3172, True, 3
cyc2, 1.1, 726.2, 0.0, 0.0, 1, 23615.7726, 22903.2246, 0, 7480
cyc2, 0.9, 726.1, 0.0, 0.0, 1, 23615.7726, 23252.2778, 0, 4907
ESPPRC_heur, 0.1, 46.7, 41.4, 2.4, 0, 23615.0227, 23482.5159, True, 91
ESPPRC_heur, -0.0, 44.8, 39.5, 2.4, 0, 23614.9947, 23545.5778, True, 5
ESPPRC_heur, 0.0, 42.5, 37.3, 2.3, 0, 23614.9506, 23606.9814, True, 5
cyc2, 1.0, 746.6, 0.0, 0.0, 1, 23614.9501, 23268.4659, 0, 3727
ESPPRC_heur, 0.0, 43.6, 38.3, 2.4, 0, 23613.1775, 23538.2239, True, 21
ESPPRC_heur, 0.0, 39.0, 33.8, 2.3, 0, 23613.0962, 23603.0968, True, 6
ESPPRC_heur, 0.0, 40.6, 35.4, 2.4, 0, 23613.0658, 23578.3704, True, 2
ESPPRC_heur, 0.0, 40.6, 35.5, 2.3, 0, 23613.0621, 23603.4525, True, 2
cyc2, 1.0, 740.4, 0.0, 0.0, 1, 23613.0621, 23312.9856, 0, 3088
ESPPRC_heur, 0.0, 38.7, 33.5, 2.3, 0, 23610.8764, 23468.4315, True, 53
ESPPRC_heur, 0.1, 39.5, 34.4, 2.3, 0, 23610.7555, 23522.6021, True, 26
ESPPRC_heur, -0.0, 36.0, 31.0, 2.2, 0, 23610.6334, 23580.7175, True, 7
ESPPRC_heur, -0.0, 36.5, 31.4, 2.2, 0, 23610.6279, 23585.7812, True, 3
cyc2, 1.0, 743.6, 0.0, 0.0, 1, 23610.6257, 23361.8987, 0, 2916
ESPPRC_heur, 0.1, 45.9, 40.7, 2.4, 0, 23609.3524, 23557.7734, True, 12
ESPPRC_heur, 0.0, 42.3, 37.0, 2.4, 0, 23609.2973, 23518.1627, True, 32
ESPPRC_heur, -0.0, 42.3, 37.0, 2.4, 0, 23609.2898, 23572.0156, True, 3
cyc2, 1.0, 730.5, 0.0, 0.0, 1, 23609.2898, 22473.9665, 0, 16292
cyc2, 1.0, 736.0, 0.0, 0.0, 1, 23609.2898, 23317.3401, 0, 2547
ESPPRC_heur, 0.0, 40.4, 35.1, 2.4, 0, 23607.0334, 23582.2684, True, 8
cyc2, 1.0, 743.0, 0.0, 0.0, 1, 23606.9898, 23378.1482, 0, 2883
ESPPRC_heur, 0.0, 38.3, 33.2, 2.3, 0, 23605.1822, 23518.4089, True, 47
ESPPRC_heur, 0.1, 36.7, 31.6, 2.3, 0, 23605.017, 23573.5445, True, 10
ESPPRC_heur, -0.0, 37.0, 31.8, 2.3, 0, 23605.0132, 23576.5786, True, 3
ESPPRC_heur, 0.0, 36.9, 31.7, 2.3, 0, 23604.9803, 23587.0541, True, 7
cyc2, 0.9, 722.6, 0.0, 0.0, 1, 23604.9802, 23356.9112, 0, 2381
ESPPRC_heur, 0.0, 39.5, 34.4, 2.3, 0, 23604.2595, 23543.4477, True, 15
ESPPRC_heur, 0.0, 37.3, 32.2, 2.3, 0, 23604.2525, 23575.9959, True, 2
ESPPRC_heur, 0.0, 37.7, 32.6, 2.3, 0, 23604.2311, 23587.8105, True, 3
cyc2, 1.0, 728.3, 0.0, 0.0, 1, 23604.2309, 23138.1454, 0, 3635
cyc2, 0.9, 728.0, 0.0, 0.0, 1, 23604.2309, 23393.5279, 0, 2402
ESPPRC_heur, 0.0, 40.6, 35.3, 2.4, 0, 23603.0822, 23541.5106, True, 10
ESPPRC_heur, -0.0, 39.2, 33.9, 2.4, 0, 23603.0713, 23538.6199, True, 7
ESPPRC_heur, 0.1, 37.9, 32.8, 2.3, 0, 23603.0713, 23576.2914, True, 2
cyc2, 1.0, 727.5, 0.0, 0.0, 1, 23603.0713, 23427.6883, 0, 1961
ESPPRC_heur, 0.0, 38.3, 33.1, 2.3, 0, 23599.6964, 23309.1773, True, 79
ESPPRC_heur, -0.0, 38.3, 33.2, 2.2, 0, 23599.6577, 23502.7081, True, 10
ESPPRC_heur, 0.0, 39.3, 34.1, 2.3, 0, 23599.6466, 23572.4534, True, 4
cyc2, 1.0, 727.6, 0.0, 0.0, 1, 23599.6466, 23344.7561, 0, 3054
ESPPRC_heur, 0.0, 34.2, 29.3, 2.2, 0, 23598.968, 23410.168, True, 20
ESPPRC_heur, -0.0, 34.9, 29.9, 2.2, 0, 23598.8955, 23584.5277, True, 3
ESPPRC_heur, -0.0, 35.5, 30.4, 2.2, 0, 23598.8927, 23464.5187, True, 8
ESPPRC_heur, -0.0, 35.4, 30.3, 2.2, 0, 23598.8927, 23578.1267, True, 3
cyc2, 1.0, 725.0, 0.0, 0.0, 1, 23598.8926, 23356.8007, 0, 1813
ESPPRC_heur, 0.0, 35.4, 30.4, 2.2, 0, 23598.1403, 23440.5855, True, 21
ESPPRC_heur, 0.0, 34.8, 29.8, 2.2, 0, 23598.1037, 23550.1845, True, 11
ESPPRC_heur, 0.0, 35.9, 30.9, 2.2, 0, 23598.0696, 23591.0741, True, 1
cyc2, 1.0, 723.3, 0.0, 0.0, 1, 23598.0696, 23367.9251, 0, 2244
ESPPRC_heur, 0.0, 37.2, 32.1, 2.3, 0, 23598.064, 23592.7295, True, 1
ESPPRC_heur, 0.0, 37.6, 32.5, 2.3, 0, 23598.0635, 23597.9676, True, 1
cyc2, 1.0, 723.3, 0.0, 0.0, 1, 23598.0635, 23451.4327, 0, 1473
ESPPRC_heur, 0.0, 33.1, 28.1, 2.2, 0, 23595.6503, 23496.9869, True, 13
ESPPRC_heur, 0.0, 32.9, 27.8, 2.2, 0, 23595.6284, 23537.5698, True, 13
ESPPRC_heur, 0.0, 31.7, 26.7, 2.2, 0, 23595.6187, 23568.3831, True, 17
ESPPRC_heur, 0.0, 32.4, 27.4, 2.2, 0, 23595.6086, 23576.5893, True, 2
cyc2, 0.9, 730.7, 0.0, 0.0, 1, 23595.6086, 23335.9567, 0, 1667
ESPPRC_heur, 0.0, 39.2, 34.0, 2.3, 0, 23593.5994, 23513.9824, True, 22
ESPPRC_heur, 0.0, 37.8, 32.7, 2.3, 0, 23593.4737, 23517.2812, True, 8
ESPPRC_heur, 0.0, 37.8, 32.7, 2.2, 0, 23593.4724, 23584.3394, True, 1
ESPPRC_heur, -0.0, 37.7, 32.6, 2.2, 0, 23593.4724, 23590.667, True, 2
cyc2, 1.0, 741.9, 0.0, 0.0, 1, 23593.4723, 23344.3678, 0, 1276
ESPPRC_heur, -0.0, 36.2, 31.2, 2.2, 0, 23592.2472, 23535.6351, True, 18
ESPPRC_heur, 0.0, 35.4, 30.4, 2.2, 0, 23592.1888, 23471.8985, True, 24
ESPPRC_heur, -0.0, 37.0, 31.9, 2.2, 0, 23592.1751, 23584.2888, True, 4
cyc2, 1.0, 743.0, 0.0, 0.0, 1, 23592.1751, 23448.9996, 0, 999
ESPPRC_heur, -0.0, 41.0, 35.6, 2.4, 0, 23590.8596, 23554.2251, True, 16
ESPPRC_heur, -0.0, 38.6, 33.3, 2.4, 0, 23590.8243, 23589.6987, True, 2
cyc2, 0.9, 721.2, 0.0, 0.0, 1, 23590.8242, 23373.6571, 0, 1099
ESPPRC_heur, -0.0, 38.5, 33.2, 2.4, 0, 23590.601, 23584.4875, True, 1
cyc2, 0.9, 720.0, 0.0, 0.0, 1, 23590.6001, 23500.7919, 0, 710
ESPPRC_heur, 0.0, 38.6, 33.3, 2.4, 0, 23589.6449, 23540.572, True, 21
ESPPRC_heur, 0.0, 39.0, 33.8, 2.4, 0, 23589.6199, 23549.0419, True, 3
ESPPRC_heur, 0.0, 38.6, 33.4, 2.3, 0, 23589.6049, 23572.6483, True, 1
ESPPRC_heur, 0.0, 38.2, 33.0, 2.3, 0, 23589.6011, 23574.016, True, 2
cyc2, 1.0, 726.4, 0.0, 0.0, 1, 23589.6011, 23368.9112, 0, 732
ESPPRC_heur, 0.0, 37.7, 32.6, 2.3, 0, 23589.2522, 23565.1423, True, 2
cyc2, 0.9, 739.9, 0.0, 0.0, 1, 23589.2522, 23489.1464, 0, 576
ESPPRC_heur, 0.1, 41.7, 36.4, 2.4, 0, 23588.5722, 23552.5693, True, 18
cyc2, 1.0, 735.1, 0.0, 0.0, 1, 23588.5722, 23495.9415, 0, 446
ESPPRC_heur, 0.0, 35.7, 30.6, 2.3, 0, 23587.7834, 23559.9675, True, 3
ESPPRC_heur, -0.0, 37.0, 31.8, 2.3, 0, 23587.7834, 23582.4885, True, 1
cyc2, 1.0, 741.1, 0.0, 0.0, 1, 23587.7834, 23482.1533, 0, 532
ESPPRC_heur, 0.0, 38.6, 33.4, 2.3, 0, 23587.653, 23548.9657, True, 8
cyc2, 1.0, 741.7, 0.0, 0.0, 1, 23587.653, 23514.6518, 0, 365
ESPPRC_heur, -0.0, 38.9, 33.7, 2.3, 0, 23587.1974, 23568.3567, True, 2
cyc2, 0.9, 727.5, 0.0, 0.0, 1, 23587.1974, 23480.0448, 0, 339
ESPPRC_heur, 0.1, 38.1, 32.9, 2.3, 0, 23586.9642, 23573.2122, True, 5
cyc2, 1.0, 725.6, 0.0, 0.0, 1, 23586.9642, 23481.2193, 0, 264
ESPPRC_heur, -0.0, 37.1, 31.9, 2.3, 0, 23586.7292, 23569.171, True, 1
cyc2, 0.9, 739.6, 0.0, 0.0, 1, 23586.7292, 23508.8899, 0, 210
cyc2, 0.9, 740.9, 0.0, 0.0, 1, 23586.4844, 23529.7342, 0, 98
cyc2, 0.9, 730.5, 0.0, 0.0, 1, 23586.3943, 23520.7241, 0, 54
ESPPRC_heur, 0.0, 36.6, 31.4, 2.3, 0, 23586.335, 23585.7609, True, 1
cyc2, 0.8, 724.4, 0.0, 0.0, 1, 23586.335, 23570.138, 0, 15
cyc2, 0.9, 734.3, 0.0, 0.0, 1, 23586.3234, 23584.9173, 0, 1
cyc2, 0.9, 740.2, 0.0, 0.0, 1, 23586.3232, 23586.3232, 0, 0
scip_total_time, 132242.184544
Solval, number of paths, impact cutoff
23586.323190839244, 371, 0.0001
Elementary, 2-Cycle, Path Value, Path
True, True, 0.1217, (0, 280, 390, 143, 38, 30, 100, 316, 327, 278, 136, 445, 207, 79, 91, 0)
True, True, 0.0243, (0, 363, 300, 284, 206, 5, 156, 340, 397, 216, 111, 117, 194, 161, 269, 345, 32, 238, 0)
True, True, 0.1164, (0, 62, 118, 204, 439, 450, 135, 418, 265, 208, 218, 73, 17, 295, 125, 0)
True, True, 0.047, (0, 8, 361, 270, 24, 93, 115, 246, 441, 424, 414, 342, 177, 182, 189, 102, 0)
True, True, 0.0033, (0, 211, 358, 343, 59, 349, 113, 78, 139, 1, 362, 399, 333, 359, 410, 242, 40, 0)
True, True, 0.0252, (0, 247, 50, 334, 355, 7, 296, 45, 193, 39, 202, 198, 408, 9, 167, 168, 231, 0)
True, True, 0.0235, (0, 86, 129, 158, 284, 206, 5, 156, 340, 397, 216, 111, 117, 194, 305, 231, 0)
True, True, 0.1383, (0, 169, 390, 143, 38, 30, 100, 316, 327, 278, 136, 445, 207, 79, 91, 0)
True, True, 0.4729, (0, 10, 92, 257, 52, 226, 401, 301, 383, 302, 81, 60, 132, 444, 281, 77, 0)
True, True, 0.0932, (0, 129, 158, 284, 206, 5, 156, 340, 397, 216, 111, 117, 194, 161, 269, 345, 32, 238, 0)
True, True, 0.0023, (0, 386, 42, 375, 243, 274, 309, 121, 433, 181, 45, 296, 7, 355, 50, 0)
True, True, 0.0753, (0, 50, 334, 355, 7, 296, 45, 181, 433, 121, 309, 442, 382, 396, 375, 0)
True, True, 0.4611, (0, 182, 177, 123, 431, 109, 306, 350, 250, 337, 108, 144, 453, 387, 333, 456, 0)
True, True, 0.0964, (0, 182, 123, 431, 109, 306, 350, 250, 337, 108, 286, 223, 53, 420, 333, 359, 410, 0)
True, True, 0.0281, (0, 400, 386, 42, 375, 396, 243, 154, 84, 241, 119, 237, 55, 61, 29, 25, 264, 153, 392, 34, 260, 138, 47, 256, 0)
True, True, 0.0147, (0, 59, 63, 176, 407, 240, 418, 135, 450, 439, 204, 217, 118, 191, 0)
True, True, 0.1063, (0, 10, 92, 140, 98, 134, 401, 301, 383, 302, 81, 60, 132, 444, 281, 77, 0)
True, True, 0.1957, (0, 295, 17, 73, 218, 208, 265, 418, 135, 450, 439, 204, 118, 191, 171, 0)
True, True, 0.2564, (0, 164, 267, 36, 370, 376, 124, 427, 112, 409, 150, 178, 101, 21, 447, 0)
True, True, 0.1064, (0, 174, 361, 182, 177, 342, 414, 424, 441, 246, 115, 93, 24, 151, 96, 282, 0)
True, True, 0.1432, (0, 242, 410, 359, 333, 420, 53, 223, 286, 306, 350, 109, 431, 115, 93, 24, 270, 361, 0)
True, True, 0.1749, (0, 164, 213, 343, 36, 370, 376, 195, 63, 139, 1, 78, 113, 272, 456, 0)
True, True, 0.2096, (0, 256, 47, 138, 260, 34, 369, 392, 153, 264, 25, 55, 237, 119, 241, 84, 154, 243, 396, 375, 42, 386, 400, 0)
True, True, 0.0365, (0, 177, 123, 431, 109, 306, 350, 250, 337, 108, 144, 453, 387, 362, 399, 359, 0)
True, True, 0.0093, (0, 456, 359, 420, 53, 223, 286, 337, 250, 306, 350, 109, 431, 115, 93, 24, 270, 0)
True, True, 0.0622, (0, 323, 287, 73, 218, 208, 265, 418, 135, 450, 439, 204, 118, 191, 159, 0)
True, True, 0.1509, (0, 256, 47, 138, 260, 34, 369, 339, 425, 119, 436, 428, 196, 263, 13, 148, 372, 200, 76, 275, 237, 55, 25, 264, 116, 371, 0)
True, True, 0.0662, (0, 436, 428, 196, 263, 13, 130, 266, 299, 200, 372, 148, 76, 275, 237, 425, 153, 392, 260, 138, 0)
True, True, 0.0359, (0, 213, 343, 59, 36, 370, 376, 195, 139, 1, 78, 113, 272, 359, 410, 242, 0)
True, True, 0.4259, (0, 18, 31, 166, 416, 16, 67, 40, 242, 189, 373, 102, 72, 8, 174, 58, 0)
True, True, 0.2491, (0, 231, 305, 194, 117, 111, 216, 397, 340, 156, 5, 206, 126, 422, 129, 86, 0)
True, True, 0.0928, (0, 270, 24, 93, 115, 431, 109, 350, 250, 337, 108, 144, 453, 362, 399, 359, 0)
True, True, 0.2204, (0, 159, 217, 204, 439, 450, 135, 418, 265, 208, 218, 73, 287, 323, 124, 0)
True, True, 0.1113, (0, 211, 358, 267, 370, 376, 124, 323, 63, 195, 139, 1, 113, 78, 349, 59, 0)
True, True, 0.0017, (0, 446, 295, 17, 73, 218, 208, 265, 418, 135, 450, 439, 204, 217, 62, 0)
True, True, 0.1504, (0, 238, 32, 345, 269, 161, 194, 117, 111, 216, 397, 340, 170, 201, 421, 374, 56, 262, 438, 61, 29, 25, 264, 251, 222, 0)
True, True, 0.0291, (0, 256, 116, 251, 449, 29, 61, 438, 262, 56, 374, 421, 201, 170, 340, 397, 216, 111, 117, 194, 161, 269, 345, 32, 238, 0)
True, True, 0.0478, (0, 4, 294, 71, 452, 252, 415, 367, 110, 434, 413, 364, 328, 239, 163, 22, 437, 279, 321, 90, 432, 0)
True, True, 0.0528, (0, 41, 134, 303, 315, 209, 253, 49, 326, 432, 391, 357, 451, 412, 66, 423, 0)
True, True, 0.0781, (0, 213, 343, 59, 349, 113, 78, 139, 1, 362, 399, 333, 272, 359, 410, 242, 40, 0)
True, True, 0.0828, (0, 182, 177, 123, 431, 109, 350, 306, 250, 337, 108, 144, 387, 362, 399, 410, 0)
True, True, 0.004, (0, 382, 433, 384, 104, 89, 212, 196, 263, 148, 372, 200, 76, 275, 237, 425, 339, 369, 34, 260, 138, 47, 0)
True, True, 0.0593, (0, 21, 101, 178, 150, 409, 112, 427, 323, 124, 376, 36, 267, 343, 213, 0)
True, True, 0.0736, (0, 177, 123, 431, 109, 306, 250, 97, 75, 69, 240, 407, 176, 63, 195, 349, 0)
True, True, 0.0012, (0, 270, 24, 93, 115, 431, 109, 350, 250, 337, 108, 144, 453, 387, 399, 410, 0)
False, True, 0.0058, (0, 405, 23, 183, 105, 54, 379, 145, 185, 389, 230, 185, 389, 230, 185, 389, 230, 185, 389, 230, 185, 389, 230, 185, 389, 230, 185, 389, 230, 185, 389, 230, 185, 389, 230, 185, 389, 230, 185, 389, 230, 185, 389, 230, 415, 228, 229, 4, 0)
True, True, 0.1253, (0, 436, 428, 196, 263, 13, 130, 299, 266, 170, 201, 421, 374, 56, 262, 438, 55, 25, 264, 116, 371, 0)
False, True, 0.1928, (0, 91, 280, 169, 207, 79, 445, 207, 79, 445, 207, 79, 169, 280, 91, 0)
True, True, 0.163, (0, 44, 180, 455, 165, 283, 106, 103, 258, 426, 419, 147, 236, 417, 220, 100, 30, 38, 143, 390, 280, 0)
False, True, 0.0197, (0, 380, 88, 314, 457, 175, 105, 454, 46, 54, 379, 145, 429, 95, 185, 389, 230, 185, 389, 230, 185, 389, 230, 185, 389, 230, 185, 389, 230, 185, 389, 230, 185, 95, 429, 145, 379, 54, 46, 454, 105, 175, 307, 406, 222, 371, 0)
False, True, 0.1051, (0, 380, 88, 271, 406, 307, 175, 105, 454, 46, 54, 379, 145, 429, 95, 185, 389, 230, 185, 389, 230, 185, 389, 230, 185, 389, 230, 185, 389, 230, 185, 95, 429, 145, 379, 54, 46, 454, 105, 175, 307, 313, 251, 116, 371, 256, 0)
False, True, 0.0231, (0, 380, 88, 314, 457, 175, 105, 454, 46, 54, 379, 429, 95, 185, 389, 230, 185, 389, 230, 185, 389, 230, 185, 389, 230, 185, 389, 230, 185, 389, 230, 185, 95, 429, 379, 54, 46, 454, 105, 175, 307, 313, 251, 222, 0)
False, True, 0.0298, (0, 325, 329, 380, 88, 271, 406, 313, 307, 411, 378, 188, 310, 221, 155, 310, 221, 155, 310, 221, 155, 310, 221, 155, 310, 221, 155, 310, 188, 378, 411, 307, 313, 406, 271, 88, 380, 405, 329, 0)
True, True, 0.0391, (0, 442, 433, 384, 104, 89, 212, 196, 263, 148, 372, 200, 76, 275, 237, 425, 153, 392, 260, 47, 0)
True, True, 0.2709, (0, 58, 174, 8, 72, 102, 373, 189, 242, 40, 67, 16, 416, 166, 35, 18, 0)
False, True, 0.0167, (0, 400, 233, 65, 304, 131, 398, 339, 131, 398, 339, 131, 398, 339, 131, 398, 339, 131, 398, 304, 65, 233, 400, 0)
False, True, 0.1473, (0, 22, 163, 57, 20, 385, 261, 43, 385, 261, 43, 20, 57, 163, 22, 0)
False, True, 0.0914, (0, 2, 432, 27, 335, 285, 27, 335, 285, 27, 335, 285, 27, 335, 268, 0)
False, True, 0.0835, (0, 303, 268, 335, 27, 285, 335, 27, 285, 335, 27, 285, 335, 27, 432, 0)
True, True, 0.1583, (0, 134, 268, 285, 82, 377, 149, 219, 159, 62, 437, 163, 22, 248, 152, 11, 0)
False, True, 0.0042, (0, 30, 137, 227, 162, 293, 190, 214, 293, 190, 214, 293, 190, 162, 227, 137, 0)
False, True, 0.0077, (0, 137, 227, 162, 293, 190, 214, 293, 190, 214, 293, 190, 214, 137, 100, 0)
False, True, 0.0704, (0, 400, 233, 65, 304, 369, 392, 153, 369, 392, 153, 369, 392, 153, 369, 392, 153, 369, 392, 153, 369, 304, 65, 233, 400, 0)
False, True, 0.205, (0, 137, 227, 162, 214, 190, 293, 214, 190, 293, 214, 190, 293, 162, 227, 351, 26, 0)
True, True, 0.036, (0, 416, 456, 359, 272, 333, 399, 362, 1, 139, 195, 376, 370, 267, 358, 211, 0)
True, True, 0.088, (0, 164, 213, 343, 59, 349, 78, 113, 1, 139, 195, 376, 36, 267, 358, 211, 0)
False, True, 0.0258, (0, 325, 329, 380, 88, 271, 406, 313, 449, 264, 25, 449, 264, 25, 449, 264, 25, 449, 264, 25, 449, 264, 25, 449, 264, 25, 449, 313, 406, 271, 88, 380, 329, 0)
False, True, 0.0415, (0, 4, 294, 71, 452, 252, 415, 367, 215, 224, 19, 395, 172, 33, 15, 172, 395, 19, 224, 215, 367, 415, 252, 452, 71, 404, 294, 4, 0)
False, True, 0.1516, (0, 87, 58, 282, 151, 96, 282, 151, 96, 282, 151, 96, 282, 151, 96, 282, 58, 0)
False, True, 0.0962, (0, 124, 323, 318, 344, 85, 318, 344, 85, 318, 344, 85, 17, 295, 409, 125, 0)
False, True, 0.2393, (0, 238, 32, 345, 269, 161, 305, 348, 6, 167, 9, 6, 167, 9, 6, 167, 168, 247, 0)
False, True, 0.0674, (0, 238, 32, 345, 269, 161, 305, 348, 167, 6, 9, 167, 6, 348, 305, 161, 269, 345, 32, 238, 91, 0)
False, True, 0.1091, (0, 136, 278, 327, 443, 298, 225, 443, 298, 225, 443, 298, 225, 443, 316, 0)
False, True, 0.0035, (0, 231, 168, 348, 324, 394, 332, 68, 403, 122, 68, 332, 394, 324, 305, 168, 247, 0)
False, True, 0.0292, (0, 247, 168, 348, 324, 394, 332, 68, 403, 122, 68, 332, 394, 324, 348, 168, 247, 0)
False, True, 0.0419, (0, 87, 448, 179, 458, 255, 146, 444, 281, 18, 458, 179, 448, 87, 0)
True, True, 0.2041, (0, 11, 357, 391, 128, 90, 321, 199, 254, 248, 152, 322, 341, 48, 232, 0)
True, True, 0.0705, (0, 401, 268, 82, 377, 149, 219, 159, 62, 437, 22, 163, 239, 235, 322, 341, 0)
True, True, 0.0137, (0, 11, 357, 391, 128, 90, 321, 199, 254, 248, 152, 322, 341, 48, 232, 419, 245, 0)
False, True, 0.0313, (0, 96, 151, 24, 93, 115, 246, 441, 424, 246, 441, 424, 414, 342, 270, 361, 0)
False, True, 0.0932, (0, 448, 179, 458, 255, 146, 132, 35, 31, 146, 255, 458, 179, 448, 0)
True, True, 0.1164, (0, 191, 217, 204, 439, 450, 135, 418, 240, 176, 407, 287, 427, 446, 0)
False, True, 0.0445, (0, 331, 225, 298, 320, 440, 140, 98, 41, 140, 98, 41, 298, 225, 331, 0)
True, True, 0.0443, (0, 11, 152, 248, 254, 279, 437, 22, 163, 239, 328, 364, 413, 434, 110, 367, 415, 228, 229, 205, 120, 127, 0)
True, True, 0.069, (0, 4, 294, 404, 71, 452, 252, 228, 415, 367, 215, 224, 19, 395, 341, 322, 152, 11, 451, 412, 66, 338, 289, 297, 0)
True, True, 0.1694, (0, 41, 134, 315, 209, 253, 49, 326, 432, 391, 357, 451, 412, 66, 338, 297, 0)
False, True, 0.0013, (0, 400, 233, 47, 138, 371, 222, 116, 371, 222, 116, 371, 222, 116, 371, 222, 116, 371, 222, 116, 371, 222, 116, 371, 222, 116, 371, 222, 116, 371, 222, 116, 371, 222, 116, 371, 222, 116, 371, 222, 116, 371, 47, 233, 400, 0)
False, True, 0.307, (0, 360, 447, 51, 366, 290, 94, 210, 171, 94, 210, 171, 94, 210, 159, 219, 149, 377, 82, 0)
False, True, 0.2153, (0, 361, 270, 342, 414, 424, 441, 246, 424, 441, 246, 115, 93, 24, 270, 361, 0)
False, True, 0.0103, (0, 49, 268, 82, 377, 219, 149, 377, 219, 149, 377, 219, 149, 377, 82, 268, 0)
False, True, 0.2835, (0, 341, 322, 235, 239, 57, 20, 385, 261, 43, 385, 261, 62, 437, 254, 357, 0)
False, True, 0.0387, (0, 197, 330, 12, 447, 51, 366, 290, 51, 366, 290, 51, 366, 290, 149, 219, 432, 0)
False, True, 0.0227, (0, 99, 180, 165, 283, 245, 351, 236, 417, 220, 137, 402, 347, 137, 402, 347, 220, 417, 236, 351, 245, 283, 165, 180, 99, 0)
False, True, 0.0137, (0, 197, 330, 12, 447, 51, 366, 290, 51, 366, 290, 51, 447, 12, 330, 302, 0)
True, True, 0.003, (0, 410, 399, 387, 453, 144, 108, 337, 250, 350, 306, 109, 431, 414, 342, 270, 0)
False, True, 0.0786, (0, 400, 243, 274, 309, 121, 274, 309, 121, 274, 154, 243, 396, 375, 386, 0)
False, True, 0.0714, (0, 30, 347, 308, 142, 292, 273, 37, 28, 273, 37, 292, 142, 308, 347, 0)
False, True, 0.1122, (0, 211, 358, 343, 267, 370, 36, 267, 370, 36, 267, 343, 358, 211, 0)
False, True, 0.1719, (0, 297, 289, 423, 209, 315, 303, 209, 315, 303, 209, 315, 303, 134, 41, 440, 331, 0)
False, True, 0.0447, (0, 365, 44, 312, 276, 234, 393, 23, 336, 187, 160, 336, 187, 160, 336, 187, 160, 336, 187, 160, 336, 187, 160, 336, 187, 160, 336, 187, 160, 336, 187, 160, 336, 187, 160, 336, 187, 160, 336, 187, 23, 393, 234, 276, 312, 44, 365, 99, 0)
False, True, 0.2641, (0, 235, 239, 57, 20, 43, 217, 118, 191, 217, 118, 191, 62, 437, 279, 0)
False, True, 0.1509, (0, 30, 347, 308, 142, 292, 273, 37, 28, 273, 37, 28, 289, 297, 316, 0)
True, True, 0.0927, (0, 297, 289, 28, 338, 66, 412, 451, 11, 152, 322, 341, 395, 19, 224, 215, 228, 252, 452, 71, 294, 4, 0)
True, True, 0.0771, (0, 21, 101, 178, 150, 409, 112, 427, 124, 323, 63, 195, 376, 349, 59, 213, 0)
True, True, 0.1269, (0, 222, 251, 449, 29, 61, 438, 262, 56, 374, 421, 201, 170, 266, 299, 130, 13, 148, 263, 196, 428, 436, 0)
False, True, 0.091, (0, 331, 320, 440, 140, 98, 257, 226, 52, 257, 98, 140, 440, 320, 225, 0)
False, True, 0.0576, (0, 174, 8, 72, 102, 373, 189, 40, 67, 16, 373, 102, 72, 8, 174, 0)
False, True, 0.0576, (0, 423, 311, 2, 253, 326, 49, 253, 326, 49, 253, 2, 311, 412, 338, 289, 0)
False, True, 0.0988, (0, 91, 87, 445, 136, 278, 327, 316, 278, 136, 445, 207, 79, 169, 280, 0)
False, True, 0.0627, (0, 91, 87, 445, 136, 278, 327, 316, 278, 136, 445, 207, 79, 87, 91, 0)
False, True, 0.0595, (0, 272, 399, 420, 53, 286, 223, 53, 286, 223, 53, 286, 223, 53, 420, 333, 410, 0)
False, True, 0.0229, (0, 77, 281, 444, 288, 81, 60, 302, 81, 60, 288, 81, 60, 132, 444, 281, 77, 0)
False, True, 0.1646, (0, 297, 289, 28, 338, 412, 66, 451, 412, 66, 451, 412, 66, 338, 28, 289, 297, 0)
True, True, 0.1067, (0, 446, 427, 124, 323, 287, 407, 176, 240, 418, 135, 450, 439, 204, 171, 0)
False, True, 0.1151, (0, 280, 169, 390, 143, 38, 351, 106, 103, 258, 426, 419, 258, 103, 106, 351, 38, 143, 390, 169, 0)
False, True, 0.0307, (0, 458, 174, 8, 72, 373, 16, 67, 40, 16, 67, 373, 102, 72, 255, 0)
False, True, 0.0337, (0, 101, 178, 150, 295, 17, 344, 318, 85, 344, 318, 17, 295, 150, 178, 101, 0)
True, True, 0.0045, (0, 326, 432, 268, 82, 377, 149, 219, 159, 62, 437, 163, 22, 248, 152, 11, 0)
False, True, 0.0743, (0, 381, 405, 23, 160, 314, 346, 175, 105, 454, 46, 54, 379, 145, 429, 95, 277, 184, 356, 277, 184, 356, 277, 184, 356, 277, 184, 356, 277, 184, 356, 95, 429, 145, 379, 54, 46, 454, 105, 175, 346, 314, 160, 23, 88, 380, 329, 0)
False, True, 0.0674, (0, 21, 178, 150, 295, 17, 318, 344, 85, 318, 344, 85, 17, 295, 112, 125, 0)
False, True, 0.0803, (0, 189, 182, 177, 342, 123, 414, 424, 441, 246, 115, 93, 24, 342, 270, 361, 0)
False, True, 0.0678, (0, 282, 96, 151, 24, 342, 414, 441, 246, 115, 93, 414, 342, 24, 151, 96, 282, 0)
False, True, 0.0762, (0, 247, 9, 408, 202, 198, 39, 202, 198, 39, 202, 198, 408, 9, 167, 168, 231, 0)
False, True, 0.0928, (0, 247, 9, 408, 198, 202, 39, 198, 202, 39, 198, 202, 133, 6, 348, 168, 247, 0)
False, True, 0.1287, (0, 11, 152, 248, 254, 199, 321, 279, 199, 321, 90, 128, 357, 451, 338, 0)
False, True, 0.0229, (0, 352, 141, 158, 284, 206, 156, 5, 206, 156, 5, 206, 284, 158, 352, 0)
True, True, 0.0878, (0, 26, 419, 232, 48, 341, 322, 152, 248, 254, 199, 321, 90, 128, 432, 2, 311, 423, 0)
False, True, 0.0541, (0, 26, 245, 127, 120, 291, 229, 228, 215, 224, 33, 15, 235, 157, 328, 364, 157, 328, 364, 413, 434, 110, 367, 415, 14, 74, 186, 405, 381, 0)
False, True, 0.1572, (0, 181, 3, 430, 363, 368, 300, 284, 158, 173, 192, 368, 300, 363, 430, 80, 212, 154, 0)
False, True, 0.0546, (0, 99, 365, 44, 312, 276, 234, 393, 23, 336, 187, 160, 314, 346, 457, 183, 186, 404, 353, 114, 14, 353, 114, 14, 353, 114, 14, 353, 114, 74, 183, 457, 346, 314, 160, 187, 336, 23, 393, 234, 276, 312, 44, 365, 99, 0)
False, True, 0.0971, (0, 323, 287, 407, 240, 97, 75, 69, 97, 75, 69, 240, 407, 287, 323, 0)
False, True, 0.1083, (0, 26, 245, 127, 120, 291, 229, 228, 215, 224, 33, 15, 235, 157, 328, 364, 157, 328, 364, 413, 434, 110, 367, 415, 228, 229, 205, 120, 127, 245, 26, 0)
False, True, 0.1622, (0, 233, 386, 42, 50, 334, 355, 7, 296, 45, 7, 355, 334, 50, 42, 386, 0)
False, True, 0.0392, (0, 26, 245, 127, 120, 205, 291, 229, 228, 415, 367, 110, 434, 413, 364, 328, 157, 364, 328, 157, 413, 434, 110, 367, 415, 252, 452, 71, 294, 4, 0)
False, True, 0.1613, (0, 9, 408, 198, 202, 39, 198, 202, 39, 86, 193, 45, 296, 7, 355, 334, 50, 0)
False, True, 0.3306, (0, 400, 233, 65, 304, 398, 131, 83, 319, 241, 84, 319, 83, 131, 398, 304, 65, 233, 0)
False, True, 0.0826, (0, 63, 176, 407, 240, 97, 75, 69, 97, 75, 69, 240, 176, 63, 0)
False, True, 0.0369, (0, 42, 382, 442, 309, 121, 274, 309, 121, 274, 309, 121, 442, 382, 42, 0)
False, True, 0.0081, (0, 339, 425, 237, 275, 76, 372, 200, 299, 266, 130, 299, 266, 130, 299, 200, 372, 76, 275, 237, 425, 339, 0)
False, True, 0.143, (0, 288, 383, 197, 360, 330, 12, 447, 203, 388, 12, 330, 360, 197, 383, 288, 0)
False, True, 0.121, (0, 386, 382, 442, 433, 181, 3, 384, 104, 3, 181, 433, 442, 382, 386, 0)
False, True, 0.0157, (0, 436, 428, 196, 263, 13, 148, 372, 200, 148, 372, 200, 76, 275, 119, 425, 339, 34, 260, 138, 256, 0)
False, True, 0.0491, (0, 420, 223, 286, 250, 97, 75, 69, 97, 75, 69, 240, 176, 407, 287, 0)
False, True, 0.1008, (0, 87, 77, 10, 281, 444, 132, 35, 31, 146, 255, 458, 179, 448, 87, 0)
False, True, 0.0573, (0, 311, 2, 391, 128, 90, 321, 279, 199, 321, 90, 128, 391, 2, 311, 0)
False, True, 0.0025, (0, 255, 72, 373, 67, 40, 242, 189, 40, 67, 16, 373, 102, 72, 255, 0)
False, True, 0.036, (0, 456, 359, 272, 113, 78, 139, 1, 113, 78, 349, 59, 343, 358, 211, 164, 0)
False, True, 0.0638, (0, 349, 195, 63, 176, 407, 287, 176, 407, 287, 85, 344, 17, 295, 125, 0)
False, True, 0.0315, (0, 248, 22, 163, 261, 385, 43, 261, 385, 43, 20, 57, 163, 22, 248, 0)
False, True, 0.0522, (0, 99, 26, 245, 127, 120, 205, 229, 228, 415, 367, 110, 434, 413, 364, 328, 239, 163, 22, 239, 163, 22, 248, 11, 0)
False, True, 0.0288, (0, 255, 72, 102, 373, 67, 16, 40, 67, 16, 40, 67, 16, 416, 166, 35, 0)
False, True, 0.1144, (0, 382, 442, 181, 3, 80, 430, 363, 249, 430, 363, 249, 352, 45, 296, 334, 0)
False, True, 0.0743, (0, 164, 213, 59, 349, 78, 113, 139, 1, 362, 453, 387, 362, 399, 272, 456, 416, 0)
False, True, 0.0217, (0, 211, 446, 427, 318, 344, 85, 318, 344, 85, 318, 344, 85, 318, 427, 446, 0)
False, True, 0.041, (0, 154, 212, 80, 430, 249, 368, 192, 173, 141, 192, 368, 249, 430, 80, 212, 154, 0)
False, True, 0.0075, (0, 410, 420, 144, 337, 97, 75, 69, 97, 75, 69, 240, 407, 176, 139, 0)
False, True, 0.0229, (0, 222, 449, 29, 61, 438, 262, 56, 374, 421, 201, 170, 156, 5, 206, 156, 5, 284, 158, 141, 352, 0)
False, True, 0.0243, (0, 4, 258, 127, 120, 205, 291, 232, 48, 395, 172, 33, 15, 172, 395, 19, 48, 232, 162, 227, 0)
False, True, 0.0185, (0, 400, 386, 42, 375, 396, 243, 382, 396, 243, 375, 42, 386, 400, 0)
False, True, 0.1925, (0, 408, 39, 129, 422, 244, 435, 64, 107, 435, 64, 107, 403, 122, 68, 332, 133, 0)
False, True, 0.0337, (0, 352, 141, 173, 192, 141, 173, 192, 141, 173, 158, 141, 192, 173, 141, 352, 0)
False, True, 0.0234, (0, 325, 329, 381, 312, 276, 234, 393, 23, 187, 336, 314, 346, 457, 183, 186, 404, 353, 114, 74, 186, 404, 353, 114, 74, 14, 114, 353, 404, 186, 183, 457, 346, 314, 336, 187, 23, 393, 234, 276, 312, 44, 365, 99, 0)
False, True, 0.0369, (0, 325, 405, 380, 88, 271, 406, 313, 307, 411, 378, 188, 310, 155, 221, 310, 155, 221, 310, 155, 221, 310, 155, 221, 310, 155, 221, 188, 378, 411, 307, 313, 406, 271, 88, 380, 405, 325, 0)
False, True, 0.0636, (0, 380, 88, 346, 175, 105, 54, 379, 145, 429, 95, 356, 184, 277, 110, 434, 413, 364, 328, 157, 413, 434, 15, 33, 224, 215, 228, 229, 71, 294, 4, 0)
True, True, 0.329, (0, 238, 32, 345, 269, 161, 194, 117, 111, 216, 397, 340, 170, 201, 421, 374, 56, 262, 438, 55, 61, 29, 449, 222, 0)
False, True, 0.1588, (0, 30, 100, 347, 402, 137, 347, 402, 137, 347, 402, 137, 220, 417, 236, 351, 26, 455, 365, 0)
False, True, 0.205, (0, 86, 129, 126, 422, 244, 435, 64, 107, 435, 64, 107, 435, 64, 107, 394, 324, 133, 0)
False, True, 0.0405, (0, 446, 427, 295, 17, 85, 344, 318, 85, 344, 318, 85, 17, 295, 112, 125, 0)
False, True, 0.1093, (0, 456, 272, 399, 362, 387, 453, 144, 108, 286, 223, 53, 420, 399, 272, 0)
False, True, 0.1054, (0, 423, 311, 2, 391, 128, 90, 321, 199, 279, 90, 128, 391, 66, 338, 0)
False, True, 0.0847, (0, 361, 270, 342, 123, 414, 424, 123, 414, 424, 441, 246, 115, 93, 24, 151, 96, 0)
False, True, 0.1173, (0, 100, 347, 402, 308, 142, 292, 273, 37, 292, 142, 308, 402, 137, 30, 0)
False, True, 0.0183, (0, 11, 248, 22, 163, 57, 20, 385, 261, 20, 57, 163, 22, 248, 11, 0)
True, True, 0.1016, (0, 231, 305, 194, 117, 111, 216, 397, 340, 156, 5, 206, 284, 300, 80, 212, 0)
False, True, 0.0295, (0, 329, 380, 88, 23, 160, 314, 346, 457, 175, 105, 454, 46, 54, 379, 145, 230, 389, 367, 215, 224, 19, 48, 232, 19, 48, 232, 291, 205, 120, 127, 258, 103, 4, 0)
False, True, 0.2084, (0, 193, 129, 126, 206, 5, 156, 206, 5, 156, 170, 201, 421, 374, 56, 262, 438, 61, 29, 449, 251, 222, 0)
False, True, 0.0143, (0, 4, 103, 258, 127, 120, 205, 291, 232, 48, 19, 232, 48, 19, 224, 215, 367, 389, 230, 145, 379, 54, 46, 454, 105, 175, 307, 313, 406, 271, 88, 380, 0)
False, True, 0.0995, (0, 390, 143, 38, 236, 417, 220, 147, 417, 220, 147, 419, 426, 258, 103, 106, 283, 455, 180, 44, 365, 99, 0)
True, True, 0.0081, (0, 243, 274, 309, 121, 433, 384, 104, 89, 212, 196, 428, 436, 275, 237, 55, 25, 264, 116, 371, 256, 0)
False, True, 0.1117, (0, 359, 420, 144, 97, 75, 69, 97, 75, 69, 240, 176, 63, 195, 59, 0)
False, True, 0.2491, (0, 133, 332, 68, 122, 403, 244, 422, 126, 244, 403, 122, 394, 324, 348, 168, 231, 0)
False, True, 0.1118, (0, 423, 311, 2, 253, 49, 326, 432, 268, 326, 49, 253, 2, 311, 423, 289, 0)
False, True, 0.1257, (0, 4, 294, 71, 452, 252, 415, 367, 110, 434, 413, 157, 364, 328, 157, 413, 434, 110, 277, 184, 356, 95, 429, 145, 379, 54, 46, 454, 14, 74, 186, 23, 405, 381, 0)
False, True, 0.1383, (0, 136, 278, 327, 443, 298, 225, 443, 298, 225, 443, 316, 327, 278, 136, 0)
False, True, 0.0103, (0, 231, 305, 324, 394, 332, 68, 403, 122, 68, 332, 394, 324, 133, 6, 247, 0)
False, True, 0.0908, (0, 256, 47, 138, 260, 34, 398, 131, 83, 319, 241, 84, 436, 428, 84, 241, 319, 83, 131, 398, 304, 65, 0)
False, True, 0.0645, (0, 446, 427, 318, 344, 85, 318, 344, 85, 17, 295, 409, 150, 178, 101, 21, 0)
False, True, 0.1766, (0, 375, 396, 243, 274, 309, 121, 274, 309, 121, 274, 243, 396, 375, 0)
False, True, 0.01, (0, 382, 442, 433, 384, 104, 89, 212, 80, 104, 384, 433, 442, 382, 375, 0)
False, True, 0.1882, (0, 408, 193, 86, 352, 249, 363, 300, 368, 192, 141, 173, 158, 284, 192, 141, 352, 0)
False, True, 0.0159, (0, 408, 86, 129, 126, 422, 244, 126, 422, 244, 403, 122, 68, 394, 324, 305, 231, 0)
False, True, 0.0149, (0, 365, 44, 180, 455, 165, 283, 106, 351, 236, 417, 220, 147, 417, 220, 147, 419, 426, 258, 103, 106, 283, 165, 455, 180, 365, 0)
False, True, 0.0294, (0, 432, 159, 94, 171, 191, 118, 217, 191, 118, 217, 43, 20, 57, 239, 235, 0)
False, True, 0.222, (0, 231, 305, 324, 394, 332, 68, 403, 122, 68, 332, 394, 324, 133, 348, 168, 247, 0)
False, True, 0.1235, (0, 331, 320, 440, 140, 98, 257, 52, 226, 301, 401, 134, 41, 440, 320, 331, 0)
True, True, 0.0123, (0, 247, 50, 355, 7, 296, 45, 181, 433, 121, 309, 274, 154, 243, 396, 0)
False, True, 0.0452, (0, 10, 92, 140, 98, 257, 52, 401, 226, 52, 257, 98, 92, 10, 331, 0)
False, True, 0.0154, (0, 325, 329, 381, 405, 393, 234, 312, 276, 393, 234, 312, 276, 234, 312, 276, 234, 312, 276, 234, 312, 276, 234, 312, 276, 234, 312, 276, 234, 312, 276, 234, 312, 276, 234, 312, 276, 234, 393, 405, 329, 325, 0)
False, True, 0.0369, (0, 268, 82, 377, 290, 366, 51, 290, 366, 51, 290, 366, 51, 290, 366, 51, 447, 0)
False, True, 0.0452, (0, 99, 180, 165, 283, 245, 351, 419, 426, 227, 162, 293, 190, 214, 162, 293, 190, 214, 162, 227, 426, 419, 351, 26, 455, 0)
False, True, 0.1488, (0, 327, 331, 225, 298, 320, 440, 140, 98, 41, 140, 440, 320, 298, 443, 316, 0)
False, True, 0.0925, (0, 410, 223, 286, 337, 97, 75, 69, 97, 75, 69, 240, 407, 176, 63, 0)
False, True, 0.0602, (0, 334, 355, 7, 296, 45, 193, 198, 202, 39, 193, 45, 296, 7, 355, 50, 247, 0)
False, True, 0.0236, (0, 231, 168, 167, 408, 198, 202, 39, 198, 202, 193, 45, 296, 7, 355, 50, 247, 0)
False, True, 0.104, (0, 3, 430, 363, 368, 300, 284, 158, 173, 192, 141, 173, 158, 284, 300, 368, 249, 352, 0)
False, True, 0.0674, (0, 288, 197, 70, 388, 203, 101, 21, 290, 366, 51, 290, 366, 377, 82, 268, 0)
False, True, 0.001, (0, 329, 405, 393, 186, 74, 14, 454, 46, 54, 379, 145, 429, 95, 356, 184, 277, 356, 184, 277, 356, 184, 277, 356, 184, 277, 356, 184, 277, 356, 184, 277, 95, 429, 145, 379, 54, 46, 454, 14, 74, 186, 393, 405, 329, 0)
True, True, 0.0013, (0, 381, 405, 393, 186, 74, 175, 105, 454, 46, 54, 379, 145, 429, 95, 356, 184, 277, 110, 33, 15, 172, 395, 19, 48, 232, 291, 205, 120, 127, 258, 103, 4, 0)
False, True, 0.1667, (0, 320, 41, 134, 303, 315, 209, 49, 326, 253, 49, 326, 253, 2, 311, 423, 0)
False, True, 0.0058, (0, 134, 268, 285, 335, 27, 285, 335, 27, 285, 335, 27, 268, 326, 209, 0)
False, True, 0.1239, (0, 154, 196, 263, 13, 130, 266, 299, 130, 266, 299, 200, 372, 76, 275, 237, 425, 339, 369, 34, 0)
False, True, 0.0789, (0, 4, 294, 404, 71, 452, 252, 228, 215, 224, 33, 15, 172, 33, 15, 172, 395, 19, 48, 232, 291, 205, 120, 127, 245, 165, 0)
False, True, 0.0703, (0, 227, 232, 48, 19, 395, 172, 33, 15, 172, 395, 19, 48, 232, 291, 205, 120, 127, 245, 99, 0)
False, True, 0.0328, (0, 256, 339, 425, 119, 275, 76, 372, 200, 299, 266, 130, 299, 266, 130, 13, 263, 196, 212, 154, 0)
False, True, 0.0347, (0, 381, 405, 393, 186, 404, 71, 452, 252, 415, 215, 224, 19, 395, 172, 33, 15, 172, 395, 48, 232, 162, 227, 0)
False, True, 0.0166, (0, 315, 268, 285, 335, 27, 285, 335, 27, 285, 335, 27, 285, 268, 303, 0)
False, True, 0.0998, (0, 42, 50, 334, 355, 7, 296, 45, 193, 296, 45, 7, 355, 334, 50, 42, 0)
False, True, 0.0393, (0, 315, 268, 82, 377, 149, 219, 377, 149, 219, 377, 149, 219, 82, 268, 315, 0)
False, True, 0.2048, (0, 402, 308, 142, 292, 273, 37, 28, 273, 37, 292, 142, 308, 100, 0)
False, True, 0.0863, (0, 11, 152, 248, 254, 199, 279, 321, 199, 279, 90, 128, 391, 311, 423, 0)
False, True, 0.0313, (0, 91, 169, 390, 143, 38, 30, 100, 316, 327, 278, 136, 445, 87, 91, 0)
False, True, 0.1158, (0, 280, 169, 390, 143, 38, 236, 147, 417, 220, 147, 236, 351, 106, 283, 165, 455, 180, 44, 365, 99, 0)
False, True, 0.021, (0, 390, 143, 38, 236, 147, 417, 220, 147, 417, 220, 147, 236, 351, 245, 283, 165, 455, 180, 44, 0)
False, True, 0.0124, (0, 6, 133, 332, 68, 122, 403, 244, 422, 126, 244, 422, 126, 129, 86, 193, 50, 0)
False, True, 0.1614, (0, 442, 433, 384, 104, 89, 212, 80, 89, 212, 80, 89, 104, 384, 433, 382, 0)
False, True, 0.0225, (0, 408, 193, 86, 352, 141, 173, 158, 141, 173, 158, 284, 300, 249, 352, 86, 193, 408, 0)
False, True, 0.0307, (0, 448, 179, 18, 146, 31, 35, 302, 60, 81, 302, 60, 81, 288, 92, 10, 0)
False, True, 0.0421, (0, 21, 101, 178, 150, 295, 17, 318, 344, 85, 318, 17, 295, 112, 125, 446, 0)
False, True, 0.0052, (0, 331, 320, 140, 98, 257, 401, 226, 52, 257, 98, 140, 92, 10, 77, 0)
False, True, 0.0009, (0, 10, 92, 140, 98, 257, 52, 226, 401, 301, 226, 401, 134, 41, 331, 0)
False, True, 0.0232, (0, 3, 430, 249, 368, 192, 141, 158, 173, 141, 158, 173, 141, 158, 173, 141, 352, 0)
False, True, 0.0084, (0, 361, 270, 24, 93, 115, 246, 441, 93, 115, 246, 441, 414, 342, 177, 182, 0)
False, True, 0.0037, (0, 99, 26, 341, 235, 239, 57, 20, 385, 261, 43, 385, 261, 20, 57, 239, 235, 341, 0)
False, True, 0.0046, (0, 268, 82, 377, 149, 219, 159, 210, 171, 94, 210, 171, 94, 210, 159, 149, 377, 82, 0)
False, True, 0.0081, (0, 436, 428, 196, 263, 13, 130, 266, 299, 130, 266, 299, 148, 76, 428, 436, 0)
False, True, 0.0614, (0, 339, 425, 237, 275, 76, 372, 200, 299, 266, 130, 299, 266, 130, 13, 148, 76, 275, 237, 425, 339, 65, 0)
False, True, 0.0063, (0, 247, 168, 167, 408, 198, 202, 39, 86, 193, 45, 296, 7, 355, 334, 50, 247, 0)
False, True, 0.0508, (0, 70, 203, 211, 446, 125, 409, 112, 125, 446, 358, 211, 164, 166, 35, 0)
False, True, 0.0382, (0, 77, 18, 72, 102, 373, 67, 16, 40, 67, 16, 373, 102, 72, 8, 174, 0)
False, True, 0.0355, (0, 303, 268, 82, 285, 335, 27, 285, 335, 27, 285, 335, 27, 268, 303, 0)
False, True, 0.0202, (0, 432, 82, 149, 219, 159, 210, 171, 94, 210, 171, 94, 210, 159, 219, 149, 82, 268, 0)
False, True, 0.0012, (0, 11, 357, 128, 90, 279, 321, 199, 279, 254, 248, 322, 341, 48, 232, 0)
True, True, 0.0186, (0, 405, 380, 88, 314, 346, 175, 105, 454, 46, 54, 379, 145, 429, 95, 356, 184, 277, 110, 33, 15, 172, 395, 19, 48, 232, 291, 205, 120, 127, 258, 103, 4, 0)
False, True, 0.0125, (0, 65, 304, 398, 131, 83, 319, 241, 84, 436, 428, 84, 241, 119, 237, 55, 61, 29, 25, 264, 116, 371, 325, 0)
False, True, 0.0067, (0, 371, 116, 392, 153, 425, 237, 275, 76, 200, 372, 148, 200, 372, 148, 263, 196, 428, 436, 119, 339, 0)
False, True, 0.0723, (0, 339, 425, 237, 275, 76, 200, 372, 148, 200, 372, 148, 263, 196, 428, 436, 119, 425, 339, 369, 34, 260, 138, 47, 0)
False, True, 0.1124, (0, 164, 213, 59, 349, 78, 113, 1, 139, 195, 376, 370, 36, 267, 343, 213, 0)
False, True, 0.0478, (0, 423, 311, 2, 253, 49, 326, 432, 391, 128, 432, 391, 357, 451, 412, 338, 0)
False, True, 0.003, (0, 339, 425, 237, 275, 76, 200, 372, 148, 200, 372, 148, 13, 263, 196, 428, 436, 83, 0)
False, True, 0.0607, (0, 47, 138, 260, 34, 339, 119, 275, 76, 372, 200, 299, 266, 130, 299, 266, 130, 13, 148, 76, 275, 119, 339, 0)
False, True, 0.1089, (0, 371, 116, 392, 153, 425, 119, 275, 76, 200, 372, 148, 13, 263, 196, 428, 436, 119, 425, 153, 392, 34, 260, 138, 47, 256, 0)
False, True, 0.2908, (0, 448, 179, 458, 255, 146, 35, 31, 146, 255, 458, 179, 448, 87, 0)
False, True, 0.0197, (0, 222, 251, 313, 307, 175, 105, 454, 46, 54, 379, 145, 429, 95, 356, 184, 277, 356, 184, 277, 356, 184, 277, 356, 184, 277, 356, 184, 277, 95, 429, 145, 379, 54, 46, 454, 105, 175, 307, 271, 88, 380, 329, 0)
False, True, 0.0537, (0, 197, 360, 447, 51, 366, 290, 51, 366, 290, 51, 366, 290, 51, 447, 330, 360, 197, 0)
False, True, 0.0302, (0, 213, 343, 59, 349, 78, 113, 1, 362, 453, 387, 362, 399, 333, 272, 359, 410, 0)
False, True, 0.0002, (0, 302, 197, 360, 330, 12, 388, 203, 70, 388, 12, 330, 360, 197, 302, 0)
False, True, 0.1481, (0, 388, 203, 211, 358, 446, 125, 409, 112, 125, 446, 358, 211, 164, 166, 0)
False, True, 0.0354, (0, 197, 12, 447, 51, 366, 290, 51, 366, 290, 51, 366, 290, 149, 219, 82, 432, 0)
False, True, 0.0167, (0, 297, 289, 66, 412, 451, 11, 152, 322, 341, 152, 322, 341, 395, 48, 232, 426, 245, 26, 0)
False, True, 0.0639, (0, 375, 396, 243, 154, 274, 309, 121, 274, 154, 243, 396, 375, 42, 0)
False, True, 0.0638, (0, 189, 182, 177, 342, 414, 424, 441, 246, 115, 93, 414, 342, 270, 361, 8, 0)
False, True, 0.045, (0, 245, 127, 120, 205, 229, 228, 215, 224, 33, 15, 235, 157, 328, 364, 157, 328, 364, 413, 434, 110, 367, 415, 252, 452, 71, 294, 4, 0)
False, True, 0.0045, (0, 288, 302, 197, 360, 330, 12, 388, 70, 12, 330, 360, 197, 302, 288, 0)
False, True, 0.1019, (0, 301, 197, 360, 330, 12, 388, 70, 330, 12, 388, 70, 302, 288, 92, 0)
False, True, 0.0228, (0, 139, 176, 407, 240, 69, 75, 97, 69, 75, 97, 337, 108, 420, 410, 0)
False, True, 0.072, (0, 416, 456, 272, 399, 420, 53, 223, 286, 53, 223, 286, 53, 420, 333, 359, 410, 0)
False, True, 0.1422, (0, 70, 203, 21, 101, 178, 150, 409, 112, 150, 178, 101, 21, 203, 70, 0)
False, True, 0.0669, (0, 371, 116, 251, 313, 307, 411, 378, 188, 310, 155, 221, 259, 354, 317, 259, 354, 317, 259, 354, 317, 259, 354, 317, 259, 354, 317, 259, 354, 317, 259, 354, 317, 155, 221, 188, 378, 411, 307, 313, 406, 271, 88, 380, 329, 0)
False, True, 0.211, (0, 442, 181, 3, 384, 104, 89, 212, 80, 89, 104, 384, 433, 121, 309, 382, 0)
False, True, 0.0224, (0, 247, 9, 408, 193, 86, 352, 249, 430, 363, 249, 430, 363, 249, 430, 3, 181, 0)
False, True, 0.1083, (0, 137, 227, 162, 293, 190, 214, 227, 162, 293, 190, 214, 162, 227, 426, 419, 351, 245, 283, 165, 180, 99, 0)
False, True, 0.0473, (0, 209, 49, 326, 432, 128, 90, 321, 199, 279, 90, 128, 391, 2, 311, 0)
False, True, 0.0636, (0, 99, 180, 455, 165, 283, 106, 103, 258, 426, 127, 120, 205, 291, 229, 205, 291, 229, 205, 291, 229, 252, 452, 229, 291, 205, 229, 291, 205, 229, 291, 205, 120, 127, 426, 258, 103, 106, 283, 165, 455, 180, 44, 0)
False, True, 0.0025, (0, 325, 329, 405, 380, 88, 271, 406, 313, 449, 264, 25, 449, 264, 25, 55, 61, 29, 55, 61, 29, 55, 61, 29, 55, 61, 29, 55, 61, 29, 25, 264, 449, 313, 406, 271, 88, 380, 405, 381, 329, 325, 0)
True, True, 0.0487, (0, 358, 36, 370, 376, 124, 323, 63, 195, 139, 1, 113, 78, 349, 59, 416, 0)
False, True, 0.0101, (0, 410, 359, 333, 399, 420, 53, 286, 223, 53, 420, 387, 362, 399, 333, 359, 410, 242, 0)
False, True, 0.0159, (0, 247, 50, 355, 7, 296, 45, 193, 198, 202, 39, 198, 408, 6, 167, 247, 0)
False, True, 0.0614, (0, 400, 386, 42, 375, 396, 243, 154, 84, 241, 319, 83, 131, 398, 304, 400, 0)
False, True, 0.0516, (0, 245, 127, 120, 291, 229, 228, 415, 367, 110, 434, 413, 364, 328, 157, 364, 328, 157, 235, 322, 341, 48, 232, 0)
False, True, 0.0042, (0, 30, 137, 227, 162, 214, 293, 190, 214, 162, 293, 190, 214, 162, 227, 137, 0)
False, True, 0.0, (0, 213, 343, 36, 370, 376, 195, 63, 323, 124, 376, 370, 36, 59, 349, 0)
True, True, 0.0307, (0, 381, 405, 393, 186, 183, 175, 105, 454, 46, 54, 379, 429, 95, 356, 184, 277, 110, 33, 15, 172, 395, 19, 48, 232, 291, 205, 120, 127, 258, 103, 4, 0)
False, True, 0.0432, (0, 352, 249, 368, 192, 173, 141, 192, 173, 158, 284, 300, 368, 249, 430, 3, 181, 0)
False, True, 0.0282, (0, 181, 3, 430, 249, 368, 300, 284, 158, 173, 192, 368, 300, 363, 249, 352, 86, 193, 0)
False, True, 0.0251, (0, 325, 329, 380, 88, 271, 406, 314, 346, 457, 183, 74, 114, 353, 404, 186, 183, 457, 175, 105, 454, 46, 105, 175, 457, 183, 186, 404, 353, 114, 74, 183, 457, 346, 314, 271, 406, 251, 116, 371, 325, 0)
False, True, 0.0591, (0, 288, 302, 197, 330, 12, 388, 203, 12, 388, 203, 164, 166, 35, 18, 0)
False, True, 0.0359, (0, 217, 204, 439, 450, 135, 418, 265, 208, 73, 218, 265, 208, 295, 125, 0)
False, True, 0.0433, (0, 256, 47, 371, 116, 251, 313, 307, 411, 378, 188, 310, 155, 221, 317, 354, 259, 317, 354, 259, 317, 354, 259, 317, 354, 259, 317, 354, 259, 317, 354, 259, 317, 354, 259, 221, 155, 310, 188, 378, 411, 307, 313, 251, 116, 371, 0)
False, True, 0.0935, (0, 303, 268, 82, 377, 149, 219, 377, 149, 219, 159, 62, 437, 279, 254, 357, 451, 0)
False, True, 0.0127, (0, 225, 320, 440, 140, 98, 41, 140, 98, 41, 140, 440, 320, 225, 327, 0)
False, True, 0.0176, (0, 26, 127, 120, 291, 229, 228, 215, 224, 33, 15, 235, 239, 163, 22, 239, 163, 22, 248, 152, 11, 0)
False, True, 0.003, (0, 256, 47, 138, 260, 34, 369, 339, 319, 241, 84, 154, 274, 309, 121, 274, 309, 121, 274, 154, 243, 0)
False, True, 0.0187, (0, 99, 365, 44, 312, 276, 393, 234, 276, 312, 234, 276, 312, 393, 234, 312, 276, 234, 312, 276, 234, 312, 276, 234, 312, 276, 234, 312, 276, 234, 312, 276, 234, 312, 276, 234, 312, 276, 381, 329, 325, 0)
False, True, 0.0076, (0, 245, 127, 120, 291, 229, 228, 215, 224, 33, 15, 434, 413, 364, 328, 157, 413, 434, 110, 277, 184, 356, 95, 429, 145, 379, 54, 105, 175, 346, 88, 380, 0)
False, True, 0.0804, (0, 256, 47, 138, 260, 34, 392, 153, 339, 83, 319, 241, 84, 436, 428, 154, 84, 241, 119, 237, 55, 25, 264, 116, 371, 325, 0)
False, True, 0.0286, (0, 325, 329, 380, 88, 271, 406, 313, 307, 411, 378, 188, 411, 378, 188, 411, 378, 188, 411, 378, 188, 411, 378, 188, 411, 378, 188, 411, 378, 307, 175, 457, 346, 314, 271, 406, 251, 116, 371, 325, 0)
False, True, 0.0777, (0, 365, 44, 180, 455, 165, 283, 106, 103, 258, 426, 419, 147, 236, 417, 220, 236, 147, 419, 426, 258, 103, 106, 283, 165, 455, 180, 44, 365, 0)
False, True, 0.0859, (0, 10, 92, 98, 52, 226, 401, 301, 226, 52, 257, 98, 140, 92, 331, 0)
False, True, 0.0285, (0, 100, 347, 402, 308, 142, 292, 273, 37, 292, 142, 308, 347, 100, 30, 0)
False, True, 0.0435, (0, 381, 405, 186, 74, 175, 105, 54, 379, 145, 429, 95, 356, 184, 277, 110, 434, 413, 364, 328, 157, 413, 434, 110, 277, 184, 356, 95, 429, 145, 379, 54, 46, 454, 14, 74, 186, 405, 381, 0)
False, True, 0.0166, (0, 247, 50, 334, 355, 7, 296, 45, 7, 355, 334, 382, 396, 375, 386, 400, 0)
False, True, 0.0159, (0, 408, 202, 39, 422, 244, 126, 422, 244, 126, 422, 244, 403, 122, 332, 133, 6, 0)
False, True, 0.016, (0, 4, 294, 229, 228, 415, 367, 110, 57, 20, 385, 261, 43, 385, 261, 43, 20, 57, 239, 235, 322, 341, 0)
False, True, 0.0095, (0, 298, 41, 134, 401, 301, 226, 401, 301, 226, 52, 257, 98, 92, 10, 0)
False, True, 0.0333, (0, 11, 248, 22, 163, 437, 22, 163, 239, 22, 163, 239, 235, 322, 341, 0)
False, True, 0.0224, (0, 381, 405, 380, 88, 271, 406, 313, 307, 175, 105, 454, 46, 54, 379, 145, 429, 95, 389, 230, 145, 429, 95, 389, 230, 145, 429, 95, 389, 230, 145, 429, 95, 389, 230, 145, 379, 54, 46, 454, 105, 175, 307, 313, 406, 271, 88, 380, 405, 381, 0)
False, True, 0.0857, (0, 288, 197, 360, 330, 12, 388, 203, 70, 388, 12, 330, 70, 197, 288, 0)
False, True, 0.0011, (0, 408, 193, 86, 352, 249, 363, 430, 249, 363, 430, 249, 363, 430, 80, 89, 274, 0)
False, True, 0.1575, (0, 410, 359, 272, 399, 362, 453, 387, 362, 1, 139, 113, 78, 349, 59, 343, 213, 0)
False, True, 0.0204, (0, 359, 420, 53, 223, 286, 306, 250, 337, 108, 144, 453, 387, 399, 359, 410, 0)
False, True, 0.0792, (0, 390, 143, 38, 236, 417, 220, 147, 417, 220, 147, 419, 426, 258, 103, 106, 283, 165, 455, 180, 365, 99, 0)
False, True, 0.0612, (0, 381, 405, 393, 294, 404, 71, 452, 252, 415, 367, 215, 224, 19, 395, 172, 33, 15, 172, 395, 19, 48, 232, 419, 245, 26, 0)
False, True, 0.0186, (0, 382, 442, 181, 433, 384, 104, 212, 89, 104, 384, 433, 181, 442, 382, 0)
False, True, 0.0478, (0, 288, 383, 197, 360, 330, 447, 12, 330, 70, 388, 12, 330, 360, 197, 301, 0)
False, True, 0.0025, (0, 255, 72, 102, 373, 16, 67, 40, 242, 189, 40, 16, 416, 166, 35, 18, 0)
False, True, 0.0458, (0, 446, 427, 318, 344, 85, 287, 407, 176, 240, 407, 176, 63, 195, 349, 0)
False, True, 0.0081, (0, 371, 222, 251, 449, 29, 61, 438, 262, 56, 374, 421, 201, 170, 266, 130, 299, 266, 130, 13, 263, 428, 436, 0)
False, True, 0.0814, (0, 70, 203, 211, 358, 446, 125, 112, 409, 150, 178, 101, 21, 388, 70, 0)
False, True, 0.0227, (0, 325, 371, 116, 251, 406, 271, 314, 346, 457, 183, 74, 114, 353, 14, 74, 183, 457, 175, 105, 454, 46, 105, 454, 46, 105, 175, 457, 183, 186, 74, 183, 457, 346, 314, 271, 406, 251, 116, 371, 325, 0)
False, True, 0.024, (0, 232, 48, 341, 322, 152, 248, 254, 199, 321, 279, 199, 254, 248, 152, 11, 0)
False, True, 0.0585, (0, 77, 18, 146, 31, 35, 132, 81, 60, 302, 81, 60, 132, 444, 281, 18, 77, 0)
False, True, 0.0245, (0, 331, 320, 440, 98, 257, 52, 226, 401, 301, 226, 401, 134, 41, 225, 0)
False, True, 0.0088, (0, 248, 22, 163, 261, 385, 43, 261, 385, 43, 20, 57, 163, 22, 254, 0)
False, True, 0.0239, (0, 125, 409, 295, 17, 318, 344, 85, 318, 344, 85, 323, 124, 427, 446, 358, 0)
False, True, 0.087, (0, 331, 10, 281, 444, 288, 81, 60, 302, 383, 288, 81, 60, 132, 444, 281, 77, 0)
False, True, 0.0146, (0, 99, 365, 44, 312, 276, 234, 312, 276, 234, 312, 276, 234, 393, 23, 271, 406, 313, 271, 406, 313, 271, 406, 313, 271, 406, 313, 271, 406, 313, 271, 406, 251, 116, 222, 371, 325, 0)
False, True, 0.0426, (0, 99, 365, 44, 312, 276, 234, 393, 23, 336, 187, 160, 314, 346, 457, 183, 186, 404, 353, 114, 74, 183, 186, 404, 353, 114, 14, 353, 114, 14, 74, 183, 457, 346, 314, 336, 187, 23, 393, 234, 276, 312, 44, 365, 99, 0)
False, True, 0.0074, (0, 322, 235, 239, 57, 20, 43, 217, 118, 191, 217, 118, 191, 62, 279, 0)
False, True, 0.0209, (0, 125, 112, 295, 17, 318, 344, 85, 287, 407, 176, 287, 63, 195, 59, 0)
False, True, 0.0359, (0, 446, 427, 287, 73, 218, 265, 208, 73, 218, 265, 208, 218, 73, 17, 0)
False, True, 0.1301, (0, 204, 439, 450, 135, 418, 265, 208, 73, 218, 265, 208, 218, 73, 427, 0)
False, True, 0.0421, (0, 209, 432, 268, 82, 285, 335, 27, 285, 335, 27, 285, 335, 27, 432, 0)
False, True, 0.0068, (0, 203, 125, 112, 295, 17, 344, 318, 85, 344, 318, 17, 295, 112, 125, 0)
False, True, 0.0736, (0, 410, 420, 53, 223, 286, 306, 350, 250, 337, 108, 144, 286, 223, 53, 420, 0)
False, True, 0.0322, (0, 50, 296, 45, 352, 249, 430, 363, 249, 430, 363, 249, 352, 45, 296, 50, 0)
False, True, 0.0128, (0, 382, 442, 433, 384, 104, 212, 89, 104, 384, 3, 181, 433, 442, 382, 0)
False, True, 0.0036, (0, 225, 320, 440, 140, 98, 41, 140, 98, 41, 140, 440, 320, 225, 331, 0)
False, True, 0.0357, (0, 189, 182, 177, 342, 414, 424, 441, 246, 115, 93, 414, 342, 24, 151, 96, 0)
False, True, 0.0115, (0, 11, 152, 248, 22, 163, 239, 22, 163, 239, 235, 322, 341, 48, 232, 419, 245, 26, 0)
False, True, 0.0083, (0, 87, 77, 448, 179, 458, 255, 8, 174, 458, 179, 448, 77, 87, 0)
False, True, 0.0103, (0, 77, 10, 92, 140, 98, 52, 226, 401, 301, 226, 401, 134, 41, 225, 0)
False, True, 0.0051, (0, 292, 11, 357, 128, 90, 321, 279, 199, 321, 90, 128, 391, 311, 0)
False, True, 0.1011, (0, 325, 329, 381, 312, 276, 234, 393, 23, 187, 336, 314, 346, 457, 183, 186, 404, 353, 114, 14, 74, 186, 404, 353, 114, 14, 353, 114, 14, 74, 183, 457, 346, 314, 160, 187, 336, 23, 393, 234, 312, 276, 381, 329, 325, 0)
False, True, 0.0186, (0, 4, 294, 186, 74, 14, 454, 46, 54, 379, 145, 429, 95, 356, 184, 277, 110, 434, 413, 157, 364, 328, 157, 413, 434, 110, 367, 415, 252, 452, 71, 294, 4, 0)
False, True, 0.0138, (0, 255, 72, 373, 40, 242, 189, 182, 242, 40, 67, 16, 416, 166, 35, 18, 0)
False, True, 0.0106, (0, 99, 365, 44, 312, 276, 234, 393, 23, 187, 336, 314, 346, 457, 183, 186, 404, 353, 114, 14, 353, 114, 14, 353, 114, 14, 353, 114, 14, 74, 183, 457, 346, 314, 336, 187, 23, 393, 234, 276, 312, 44, 365, 99, 0)
False, True, 0.0139, (0, 436, 428, 196, 263, 13, 148, 372, 200, 148, 372, 200, 76, 275, 119, 339, 369, 34, 260, 138, 0)
False, True, 0.0417, (0, 408, 193, 86, 352, 141, 173, 192, 141, 158, 284, 300, 368, 249, 430, 3, 181, 0)
False, True, 0.0378, (0, 436, 428, 196, 263, 13, 130, 266, 299, 130, 266, 299, 148, 76, 275, 119, 339, 34, 138, 47, 256, 0)
False, True, 0.0286, (0, 329, 380, 88, 271, 406, 313, 307, 411, 378, 188, 221, 155, 317, 354, 259, 317, 354, 259, 317, 354, 259, 317, 354, 259, 317, 354, 259, 317, 354, 259, 317, 354, 259, 317, 354, 259, 221, 155, 310, 188, 61, 29, 25, 264, 116, 371, 0)
False, True, 0.0962, (0, 4, 294, 71, 452, 252, 415, 367, 215, 224, 33, 15, 172, 33, 15, 172, 395, 19, 224, 215, 228, 252, 452, 71, 404, 294, 393, 405, 0)
False, True, 0.0136, (0, 416, 456, 272, 399, 362, 453, 387, 362, 1, 139, 78, 113, 272, 456, 416, 0)
False, True, 0.0043, (0, 4, 103, 258, 127, 120, 205, 291, 232, 48, 395, 172, 33, 15, 172, 395, 48, 232, 291, 205, 120, 127, 258, 103, 4, 0)
False, True, 0.0051, (0, 30, 347, 142, 308, 214, 190, 293, 162, 214, 190, 293, 162, 227, 137, 30, 0)
False, True, 0.0049, (0, 325, 329, 380, 88, 271, 406, 313, 307, 175, 105, 454, 46, 54, 379, 145, 230, 389, 95, 429, 145, 230, 389, 95, 429, 145, 230, 389, 95, 429, 145, 379, 54, 46, 454, 105, 175, 307, 313, 406, 271, 88, 380, 405, 381, 329, 325, 0)
False, True, 0.0044, (0, 174, 361, 270, 24, 342, 414, 424, 441, 246, 115, 93, 24, 342, 177, 182, 0)
False, True, 0.0243, (0, 4, 294, 71, 452, 252, 228, 215, 224, 19, 395, 172, 33, 15, 172, 395, 19, 48, 232, 291, 205, 120, 127, 103, 4, 0)
False, True, 0.0079, (0, 227, 162, 293, 190, 214, 162, 293, 190, 214, 162, 293, 190, 214, 162, 227, 0)
False, True, 0.0564, (0, 436, 428, 196, 263, 13, 148, 372, 200, 148, 372, 200, 76, 275, 237, 425, 339, 260, 138, 47, 256, 0)
False, True, 0.007, (0, 301, 197, 360, 330, 12, 388, 203, 12, 388, 203, 70, 197, 302, 288, 0)
False, True, 0.0121, (0, 325, 329, 380, 88, 271, 406, 313, 307, 411, 378, 188, 310, 155, 221, 310, 155, 221, 310, 155, 221, 310, 155, 221, 310, 155, 221, 188, 378, 411, 307, 313, 251, 116, 222, 371, 47, 325, 0)
False, True, 0.0657, (0, 325, 329, 380, 88, 271, 406, 313, 307, 411, 378, 188, 310, 221, 155, 310, 221, 155, 310, 221, 155, 310, 221, 155, 310, 221, 155, 310, 188, 378, 411, 307, 313, 406, 271, 88, 380, 405, 381, 329, 0)
False, True, 0.0152, (0, 26, 245, 426, 127, 120, 291, 232, 48, 19, 395, 172, 33, 15, 172, 395, 19, 48, 232, 426, 245, 26, 0)
False, True, 0.0205, (0, 4, 294, 404, 71, 452, 252, 228, 215, 224, 19, 395, 172, 33, 15, 172, 395, 19, 48, 232, 291, 205, 120, 127, 245, 165, 0)
False, True, 0.0052, (0, 44, 180, 455, 165, 283, 245, 351, 236, 417, 220, 402, 137, 347, 402, 137, 220, 417, 236, 351, 245, 283, 165, 180, 0)
False, True, 0.05, (0, 325, 371, 222, 116, 251, 406, 271, 314, 346, 457, 183, 186, 404, 353, 114, 74, 183, 457, 175, 105, 454, 46, 105, 175, 457, 183, 186, 404, 353, 114, 74, 183, 457, 346, 314, 160, 23, 393, 405, 381, 329, 325, 0)
False, True, 0.0285, (0, 381, 405, 393, 186, 74, 14, 454, 46, 54, 379, 145, 429, 95, 356, 184, 277, 356, 184, 277, 356, 184, 277, 356, 184, 277, 356, 184, 277, 356, 184, 277, 95, 429, 145, 379, 54, 46, 454, 105, 175, 314, 160, 23, 405, 381, 0)
False, True, 0.0046, (0, 219, 159, 210, 171, 191, 118, 217, 191, 118, 217, 43, 20, 57, 110, 367, 415, 228, 229, 205, 120, 127, 0)
False, True, 0.0033, (0, 381, 405, 234, 294, 404, 71, 452, 252, 415, 215, 224, 33, 15, 172, 33, 15, 172, 395, 48, 232, 291, 205, 120, 127, 258, 103, 4, 0)
False, True, 0.0437, (0, 325, 329, 380, 88, 271, 406, 313, 449, 307, 411, 378, 188, 411, 378, 188, 411, 378, 188, 411, 378, 188, 411, 378, 188, 411, 378, 188, 29, 61, 55, 25, 264, 449, 313, 406, 271, 88, 380, 405, 329, 325, 0)
False, True, 0.0217, (0, 325, 329, 381, 312, 276, 234, 393, 23, 336, 187, 160, 314, 346, 457, 183, 74, 14, 114, 353, 404, 186, 183, 74, 14, 353, 114, 14, 353, 114, 14, 74, 183, 457, 346, 314, 160, 187, 336, 23, 393, 234, 312, 276, 381, 329, 325, 0)
all_elementary, False
all_cyc2, True
