Instance, X-n429-k61
capacity, 536
min_trucks, 62
output_file, output_uchoa/X-n429-k61-SPPRC.log
Start date, 2022-07-03
Start time, 05-55-05
capacity, 536
num_vehicles, 62
abort_early, False
methods, ['SPPRC']
max_vars, 100
time_limit, 86400
farley, False
ESPPRC_heur, True
initial time, initial max_it, max_stale_it
1, 20000.0, 20
heuristic Number of routes, heuristic Best Solution Value, heuristic number of iterations, adjusted time, adjusted max_it, measured total time
246263, 65704.0, 20000, 1, 20000.0, 24073.8
method, python time, total time, propagated dominance time, unpropagated dominance time, pricing_success, upper_bound, lower_bound, abort_early, num_paths, 
SPPRC, 0.1, 2.6, 1.6, 0.5, 1, 64822.3407, 50445.9176, 0, 2651
SPPRC, 0.1, 2.7, 1.7, 0.5, 1, 64724.4218, 52208.2858, 0, 2534
SPPRC, 0.0, 2.8, 1.7, 0.5, 1, 64699.9918, 55657.7499, 0, 2368
SPPRC, -0.0, 2.9, 1.8, 0.5, 1, 64511.77, 58159.7584, 0, 2145
SPPRC, 0.0, 2.9, 1.8, 0.5, 1, 64332.0981, 57978.7717, 0, 2043
SPPRC, 0.0, 2.9, 1.8, 0.5, 1, 64156.0493, 59083.8499, 0, 1681
SPPRC, 0.0, 3.0, 1.8, 0.6, 1, 64012.6786, 55855.3649, 0, 1904
SPPRC, 0.1, 3.0, 1.9, 0.6, 1, 63966.9842, 59676.1566, 0, 1604
SPPRC, 0.0, 3.0, 1.8, 0.6, 1, 63850.427, 58298.5747, 0, 1416
SPPRC, 0.0, 3.0, 1.8, 0.6, 1, 63787.2841, 57695.6228, 0, 1235
SPPRC, -0.0, 3.1, 1.9, 0.6, 1, 63703.4968, 60438.8781, 0, 1175
SPPRC, 0.0, 3.1, 1.9, 0.6, 1, 63635.8553, 58109.107, 0, 1184
SPPRC, 0.0, 3.1, 1.9, 0.6, 1, 63593.1037, 60275.1254, 0, 1066
SPPRC, 0.0, 3.2, 2.0, 0.6, 1, 63537.3693, 60748.7917, 0, 853
SPPRC, 0.1, 3.1, 1.9, 0.6, 1, 63501.2291, 60479.6696, 0, 797
SPPRC, 0.0, 3.3, 2.0, 0.6, 1, 63474.7613, 60535.5738, 0, 666
SPPRC, 0.1, 3.2, 2.0, 0.6, 1, 63433.4303, 61092.7043, 0, 580
SPPRC, -0.0, 3.3, 2.0, 0.6, 1, 63373.6478, 61916.4552, 0, 455
SPPRC, 0.0, 3.3, 2.0, 0.6, 1, 63334.3669, 62009.2578, 0, 408
SPPRC, 0.0, 3.2, 2.0, 0.6, 1, 63309.6292, 62320.0605, 0, 284
SPPRC, 0.0, 3.2, 2.0, 0.6, 1, 63291.5827, 62650.3256, 0, 194
SPPRC, 0.1, 3.2, 2.0, 0.6, 1, 63279.2954, 62742.5525, 0, 141
SPPRC, -0.0, 3.3, 2.0, 0.6, 1, 63275.0277, 63015.2573, 0, 51
SPPRC, 0.0, 3.2, 2.0, 0.6, 1, 63273.8484, 63009.0837, 0, 5
SPPRC, 0.0, 3.2, 2.0, 0.6, 1, 63273.7649, 63273.7649, 0, 0
scip_total_time, 24318.012448
Solval, number of paths, impact cutoff
63273.76491857988, 401, 0.0001
Elementary, 2-Cycle, Path Value, Path
True, True, 0.1608, (0, 329, 369, 213, 243, 288, 3, 62, 0)
True, True, 0.6284, (0, 174, 17, 108, 303, 323, 365, 202, 0)
True, True, 0.0661, (0, 202, 365, 323, 303, 108, 17, 32, 0)
True, True, 0.2496, (0, 347, 2, 60, 383, 343, 67, 401, 0)
True, True, 0.5117, (0, 86, 299, 272, 43, 279, 119, 46, 409, 0)
True, True, 0.017, (0, 83, 394, 156, 413, 381, 34, 139, 0)
True, True, 0.4895, (0, 390, 394, 156, 413, 381, 34, 139, 0)
True, True, 0.3679, (0, 153, 182, 350, 246, 103, 207, 237, 0)
True, True, 0.2531, (0, 393, 298, 226, 392, 64, 26, 249, 0)
True, True, 0.177, (0, 269, 216, 228, 47, 181, 17, 32, 174, 0)
True, True, 0.3055, (0, 356, 108, 303, 323, 365, 415, 0)
True, True, 0.5419, (0, 397, 95, 361, 372, 55, 7, 375, 0)
True, True, 0.0559, (0, 48, 325, 11, 59, 135, 229, 223, 0)
True, True, 0.1747, (0, 91, 226, 392, 64, 26, 249, 123, 0)
True, True, 0.1848, (0, 62, 3, 331, 51, 243, 259, 262, 0)
False, False, 0.1111, (0, 159, 75, 405, 75, 405, 75, 405, 12, 0)
False, False, 0.1824, (0, 318, 171, 63, 164, 63, 164, 63, 171, 318, 0)
False, False, 0.1546, (0, 22, 263, 22, 263, 22, 263, 22, 263, 282, 0)
False, False, 0.0881, (0, 164, 63, 164, 63, 164, 63, 164, 160, 0)
False, False, 0.1437, (0, 317, 371, 128, 371, 128, 371, 128, 371, 0)
False, False, 0.1467, (0, 355, 353, 29, 353, 29, 353, 355, 0)
False, False, 0.2636, (0, 426, 199, 426, 199, 426, 199, 0)
False, False, 0.0625, (0, 23, 183, 211, 183, 211, 183, 223, 0)
False, False, 0.013, (0, 106, 260, 106, 260, 106, 260, 351, 0)
False, False, 0.1985, (0, 159, 389, 405, 389, 12, 159, 0)
False, False, 0.1875, (0, 223, 183, 211, 183, 211, 183, 77, 0)
False, False, 0.0573, (0, 260, 18, 260, 18, 260, 18, 260, 83, 0)
False, False, 0.3147, (0, 325, 11, 325, 11, 325, 11, 0)
False, False, 0.1861, (0, 399, 321, 403, 321, 403, 321, 360, 0)
False, False, 0.1494, (0, 98, 141, 384, 141, 384, 93, 204, 0)
False, False, 0.25, (0, 56, 374, 308, 310, 308, 310, 308, 21, 0)
False, False, 0.2143, (0, 425, 406, 425, 406, 425, 406, 425, 0)
False, False, 0.1025, (0, 141, 254, 141, 254, 384, 93, 0)
False, False, 0.3333, (0, 412, 137, 412, 137, 412, 236, 0)
False, False, 0.1457, (0, 277, 227, 396, 266, 396, 227, 270, 0)
False, False, 0.1868, (0, 150, 194, 150, 194, 150, 341, 0)
False, False, 0.366, (0, 173, 320, 345, 187, 345, 320, 173, 0)
False, False, 0.083, (0, 107, 427, 9, 427, 9, 427, 153, 0)
False, False, 0.1698, (0, 222, 16, 222, 16, 222, 16, 222, 287, 0)
False, False, 0.033, (0, 214, 150, 194, 150, 194, 415, 0)
False, False, 0.0062, (0, 178, 258, 290, 245, 290, 258, 178, 0)
False, False, 0.3471, (0, 35, 267, 223, 72, 223, 72, 267, 35, 0)
False, False, 0.0882, (0, 422, 255, 422, 255, 422, 395, 0)
False, False, 0.2696, (0, 147, 208, 203, 208, 203, 147, 0)
False, False, 0.1536, (0, 147, 208, 203, 208, 203, 208, 0)
False, False, 0.2887, (0, 189, 304, 68, 391, 68, 304, 189, 0)
False, False, 0.193, (0, 407, 386, 96, 386, 96, 386, 377, 146, 0)
False, False, 0.0748, (0, 137, 4, 411, 35, 411, 4, 137, 0)
False, False, 0.4214, (0, 88, 253, 364, 33, 364, 253, 88, 0)
False, False, 0.2259, (0, 275, 180, 235, 180, 235, 180, 275, 38, 0)
False, False, 0.1154, (0, 48, 373, 359, 373, 359, 373, 48, 27, 0)
False, False, 0.366, (0, 324, 15, 198, 15, 198, 31, 362, 0)
False, False, 0.2794, (0, 395, 422, 255, 422, 255, 395, 0)
False, False, 0.2113, (0, 111, 68, 111, 68, 111, 189, 0)
False, False, 0.0636, (0, 86, 43, 272, 43, 272, 43, 272, 299, 0)
False, False, 0.2511, (0, 362, 122, 340, 122, 340, 122, 362, 374, 0)
False, False, 0.0768, (0, 203, 152, 424, 152, 424, 152, 203, 0)
False, False, 0.1488, (0, 418, 193, 418, 193, 418, 193, 418, 0)
False, False, 0.0503, (0, 352, 36, 29, 353, 29, 36, 352, 0)
False, False, 0.25, (0, 77, 211, 183, 211, 23, 77, 0)
False, False, 0.1801, (0, 118, 330, 118, 330, 118, 330, 118, 0)
False, False, 0.0137, (0, 193, 418, 193, 418, 193, 418, 193, 0)
False, False, 0.0654, (0, 138, 61, 138, 61, 138, 61, 138, 0)
False, False, 0.2526, (0, 351, 105, 351, 105, 351, 83, 0)
False, False, 0.3324, (0, 217, 6, 312, 6, 217, 135, 0)
False, False, 0.1276, (0, 42, 307, 74, 286, 74, 307, 42, 0)
False, False, 0.4186, (0, 152, 424, 346, 215, 346, 215, 424, 0)
False, False, 0.0173, (0, 182, 350, 366, 188, 366, 350, 182, 0)
False, False, 0.2929, (0, 85, 387, 349, 184, 349, 184, 85, 402, 0)
False, False, 0.0964, (0, 231, 29, 353, 29, 353, 29, 352, 0)
False, False, 0.0551, (0, 269, 228, 47, 228, 47, 228, 181, 32, 0)
False, False, 0.38, (0, 70, 238, 221, 224, 421, 224, 221, 238, 0)
False, False, 0.0415, (0, 85, 387, 184, 387, 184, 387, 402, 283, 0)
False, False, 0.3333, (0, 124, 284, 124, 284, 124, 284, 0)
False, False, 0.1842, (0, 256, 414, 420, 414, 420, 414, 0)
False, False, 0.2818, (0, 297, 27, 48, 27, 48, 27, 297, 0)
False, False, 0.2637, (0, 341, 338, 344, 54, 327, 54, 344, 0)
False, False, 0.086, (0, 314, 348, 143, 342, 143, 342, 143, 348, 314, 0)
False, False, 0.022, (0, 344, 54, 327, 54, 344, 338, 233, 0)
False, False, 0.1152, (0, 385, 192, 385, 192, 385, 235, 0)
False, False, 0.2438, (0, 374, 8, 40, 112, 40, 112, 40, 8, 0)
False, False, 0.3286, (0, 209, 218, 300, 218, 300, 218, 209, 0)
False, False, 0.0808, (0, 133, 176, 186, 176, 186, 176, 127, 133, 0)
False, False, 0.2528, (0, 28, 100, 28, 100, 28, 103, 207, 0)
False, False, 0.2165, (0, 280, 120, 380, 120, 380, 120, 280, 0)
False, False, 0.3459, (0, 165, 248, 367, 270, 367, 248, 165, 0)
False, False, 0.0275, (0, 274, 314, 348, 143, 342, 143, 348, 314, 250, 0)
False, False, 0.1194, (0, 428, 219, 410, 219, 428, 128, 371, 0)
False, False, 0.0807, (0, 21, 324, 330, 118, 330, 324, 21, 0)
False, False, 0.0079, (0, 326, 158, 326, 14, 326, 252, 0)
False, False, 0.0651, (0, 167, 334, 142, 247, 142, 334, 167, 0)
False, False, 0.1868, (0, 194, 150, 194, 150, 194, 376, 0)
False, False, 0.2747, (0, 341, 214, 233, 214, 233, 214, 341, 0)
False, False, 0.1426, (0, 400, 256, 109, 256, 109, 256, 400, 0)
False, False, 0.103, (0, 382, 257, 329, 257, 329, 257, 329, 257, 372, 0)
False, False, 0.2895, (0, 53, 210, 234, 210, 234, 210, 195, 0)
False, False, 0.4252, (0, 4, 411, 292, 416, 292, 411, 4, 0)
False, False, 0.0534, (0, 215, 301, 30, 301, 30, 301, 86, 152, 0)
False, False, 0.161, (0, 182, 350, 246, 350, 246, 207, 237, 0)
False, False, 0.3082, (0, 265, 126, 69, 126, 69, 270, 165, 0)
False, False, 0.2332, (0, 234, 20, 81, 20, 81, 20, 0)
False, False, 0.1328, (0, 105, 260, 106, 18, 106, 260, 105, 0)
False, False, 0.2399, (0, 261, 58, 36, 177, 36, 58, 229, 0)
False, False, 0.5, (0, 163, 145, 78, 249, 78, 145, 163, 0)
False, False, 0.4317, (0, 144, 1, 319, 79, 319, 1, 188, 0)
False, False, 0.0943, (0, 171, 164, 63, 164, 63, 164, 171, 360, 0)
False, False, 0.3022, (0, 293, 369, 213, 243, 213, 369, 293, 0)
False, False, 0.3529, (0, 161, 136, 155, 395, 155, 136, 161, 0)
False, False, 0.1968, (0, 322, 290, 244, 245, 244, 245, 244, 290, 322, 0)
False, False, 0.1948, (0, 42, 74, 302, 286, 302, 74, 42, 0)
False, False, 0.1631, (0, 204, 168, 93, 168, 93, 168, 204, 0)
False, False, 0.2018, (0, 66, 363, 195, 363, 195, 363, 66, 0)
False, False, 0.1511, (0, 423, 169, 2, 347, 2, 347, 2, 225, 0)
False, False, 0.3333, (0, 242, 175, 242, 175, 242, 175, 0)
False, True, 0.3662, (0, 171, 196, 326, 158, 14, 196, 360, 0)
False, False, 0.2182, (0, 237, 207, 182, 246, 182, 237, 0)
False, False, 0.0196, (0, 6, 312, 6, 312, 6, 229, 0)
False, False, 0.0921, (0, 121, 388, 377, 388, 377, 388, 121, 0)
False, False, 0.137, (0, 231, 355, 231, 355, 231, 355, 231, 0)
False, False, 0.2331, (0, 16, 89, 265, 428, 265, 89, 0)
False, False, 0.1529, (0, 337, 125, 39, 125, 39, 125, 337, 0)
False, False, 0.0936, (0, 337, 125, 39, 125, 337, 117, 37, 0)
False, False, 0.1047, (0, 320, 114, 197, 80, 197, 114, 0)
False, False, 0.1276, (0, 33, 66, 53, 66, 53, 66, 170, 0)
False, False, 0.1173, (0, 307, 132, 276, 81, 276, 132, 286, 0)
False, False, 0.1281, (0, 222, 89, 248, 367, 248, 89, 222, 0)
False, False, 0.4076, (0, 398, 50, 262, 259, 262, 50, 398, 0)
False, False, 0.2308, (0, 39, 67, 343, 67, 343, 423, 401, 0)
False, False, 0.1647, (0, 132, 276, 132, 276, 20, 276, 132, 0)
False, False, 0.1838, (0, 391, 274, 278, 143, 342, 143, 278, 274, 0)
False, False, 0.0805, (0, 103, 100, 205, 100, 28, 100, 103, 0)
False, False, 0.3201, (0, 154, 315, 104, 315, 104, 154, 0)
False, False, 0.0651, (0, 117, 402, 85, 402, 85, 402, 85, 402, 283, 117, 0)
False, False, 0.0638, (0, 21, 374, 21, 374, 21, 374, 21, 374, 0)
False, False, 0.0712, (0, 7, 130, 398, 130, 285, 130, 375, 0)
False, False, 0.0501, (0, 307, 74, 302, 286, 302, 74, 307, 0)
False, False, 0.174, (0, 140, 294, 268, 378, 268, 140, 0)
False, False, 0.1312, (0, 117, 283, 337, 283, 337, 283, 117, 37, 0)
False, False, 0.0441, (0, 391, 278, 314, 348, 314, 348, 314, 278, 274, 0)
False, False, 0.1637, (0, 334, 247, 282, 247, 282, 247, 251, 0)
False, False, 0.3333, (0, 131, 12, 389, 75, 405, 75, 159, 0)
False, False, 0.1773, (0, 366, 188, 366, 188, 366, 350, 153, 0)
False, False, 0.1429, (0, 92, 327, 54, 327, 54, 327, 344, 338, 0)
False, False, 0.1403, (0, 305, 313, 151, 313, 151, 313, 305, 0)
False, False, 0.1139, (0, 283, 402, 387, 349, 184, 349, 387, 402, 0)
False, True, 0.0606, (0, 40, 112, 34, 413, 381, 34, 40, 0)
False, False, 0.1012, (0, 129, 71, 129, 71, 129, 71, 7, 0)
False, False, 0.2056, (0, 335, 133, 186, 176, 186, 133, 335, 0)
False, False, 0.1585, (0, 102, 3, 288, 3, 288, 285, 0)
False, False, 0.1655, (0, 82, 142, 247, 282, 247, 142, 334, 0)
False, False, 0.1127, (0, 236, 275, 180, 235, 180, 275, 236, 38, 0)
False, False, 0.1527, (0, 10, 225, 169, 60, 169, 60, 169, 10, 0)
False, False, 0.0203, (0, 352, 36, 177, 36, 177, 36, 352, 0)
False, False, 0.0745, (0, 112, 34, 381, 413, 381, 34, 0)
False, False, 0.0925, (0, 361, 257, 329, 293, 329, 293, 257, 361, 0)
False, False, 0.1205, (0, 416, 297, 416, 297, 416, 297, 0)
False, False, 0.06, (0, 140, 73, 140, 73, 140, 99, 0)
False, False, 0.2504, (0, 333, 41, 291, 332, 291, 41, 240, 0)
False, False, 0.043, (0, 31, 178, 322, 178, 322, 178, 31, 0)
False, False, 0.0055, (0, 99, 318, 160, 318, 160, 408, 378, 73, 0)
False, False, 0.0874, (0, 12, 331, 51, 331, 51, 331, 0)
False, True, 0.0404, (0, 269, 216, 220, 357, 239, 220, 216, 0)
False, True, 0.1256, (0, 127, 277, 227, 396, 76, 266, 227, 277, 0)
False, False, 0.0559, (0, 197, 80, 417, 280, 417, 80, 0)
False, False, 0.1819, (0, 288, 51, 331, 51, 331, 51, 0)
False, False, 0.1057, (0, 9, 427, 9, 427, 9, 273, 107, 0)
False, False, 0.0985, (0, 289, 355, 231, 355, 231, 355, 289, 0)
False, False, 0.1662, (0, 59, 289, 230, 289, 230, 289, 59, 0)
False, False, 0.3637, (0, 269, 216, 220, 239, 220, 216, 269, 0)
False, False, 0.114, (0, 99, 318, 160, 318, 160, 318, 160, 318, 99, 0)
False, False, 0.0566, (0, 153, 189, 304, 111, 304, 189, 400, 0)
False, False, 0.2504, (0, 332, 127, 176, 186, 176, 127, 133, 335, 0)
False, False, 0.1193, (0, 340, 258, 290, 258, 290, 258, 178, 0)
False, False, 0.1658, (0, 227, 396, 76, 266, 76, 266, 227, 277, 0)
False, False, 0.0589, (0, 229, 230, 289, 230, 217, 230, 229, 0)
False, False, 0.1599, (0, 296, 5, 252, 5, 252, 403, 399, 0)
False, False, 0.1094, (0, 317, 128, 371, 128, 371, 128, 317, 417, 0)
False, False, 0.0044, (0, 70, 101, 336, 24, 336, 24, 101, 0)
False, False, 0.1095, (0, 178, 258, 244, 245, 244, 245, 178, 0)
False, False, 0.115, (0, 8, 112, 139, 112, 139, 340, 122, 0)
False, False, 0.1547, (0, 109, 304, 111, 304, 111, 109, 400, 0)
False, False, 0.2887, (0, 225, 169, 383, 343, 383, 67, 39, 0)
False, False, 0.3571, (0, 418, 281, 316, 281, 316, 356, 406, 0)
False, True, 0.0351, (0, 121, 146, 377, 386, 96, 377, 146, 121, 0)
False, False, 0.1271, (0, 86, 299, 22, 263, 22, 263, 22, 263, 282, 0)
False, False, 0.0195, (0, 257, 329, 293, 329, 257, 329, 257, 95, 0)
False, False, 0.2371, (0, 366, 97, 91, 148, 91, 97, 91, 0)
False, False, 0.247, (0, 38, 264, 149, 264, 149, 264, 38, 0)
False, False, 0.4479, (0, 101, 336, 24, 336, 24, 101, 421, 0)
False, False, 0.4721, (0, 99, 134, 295, 134, 295, 45, 140, 0)
False, False, 0.0785, (0, 91, 298, 226, 64, 26, 64, 123, 0)
False, False, 0.0835, (0, 95, 55, 130, 285, 130, 55, 7, 0)
False, False, 0.193, (0, 23, 377, 96, 386, 96, 386, 96, 407, 0)
False, False, 0.0156, (0, 287, 240, 116, 113, 41, 113, 240, 287, 0)
False, False, 0.0113, (0, 240, 113, 332, 291, 332, 291, 113, 0)
False, False, 0.1011, (0, 56, 73, 378, 268, 378, 73, 56, 0)
False, False, 0.1479, (0, 166, 167, 82, 167, 82, 167, 120, 0)
False, False, 0.0201, (0, 89, 248, 270, 367, 270, 277, 127, 0)
False, False, 0.3188, (0, 317, 428, 219, 410, 219, 410, 317, 0)
False, False, 0.0955, (0, 361, 257, 329, 293, 329, 293, 329, 257, 0)
False, False, 0.2111, (0, 45, 311, 408, 160, 408, 311, 45, 0)
False, False, 0.0179, (0, 339, 191, 339, 191, 52, 191, 339, 0)
False, False, 0.1348, (0, 12, 389, 405, 389, 12, 131, 0)
False, False, 0.25, (0, 21, 310, 308, 310, 8, 73, 56, 0)
False, False, 0.0869, (0, 371, 128, 428, 410, 219, 410, 428, 0)
False, False, 0.3059, (0, 59, 135, 59, 135, 229, 72, 267, 0)
False, False, 0.0058, (0, 324, 31, 198, 31, 198, 15, 324, 0)
False, False, 0.0147, (0, 70, 359, 238, 359, 48, 27, 416, 0)
False, False, 0.2737, (0, 97, 148, 393, 298, 226, 298, 123, 148, 0)
False, True, 0.2574, (0, 287, 240, 116, 89, 16, 116, 240, 287, 0)
False, False, 0.0827, (0, 423, 60, 383, 60, 383, 60, 423, 0)
False, False, 0.3064, (0, 407, 261, 312, 58, 312, 261, 407, 0)
False, False, 0.286, (0, 147, 256, 420, 414, 420, 109, 0)
False, False, 0.1429, (0, 193, 281, 316, 281, 316, 356, 425, 0)
False, False, 0.332, (0, 339, 368, 380, 368, 280, 417, 0)
False, False, 0.0958, (0, 220, 239, 379, 333, 379, 239, 220, 0)
False, False, 0.0131, (0, 339, 380, 120, 380, 368, 417, 0)
False, False, 0.0745, (0, 34, 413, 381, 413, 156, 394, 390, 0)
False, False, 0.0513, (0, 238, 221, 224, 221, 224, 221, 238, 70, 0)
False, False, 0.0249, (0, 197, 80, 339, 191, 339, 187, 0)
False, False, 0.2291, (0, 351, 105, 260, 106, 18, 106, 18, 0)
False, False, 0.1101, (0, 102, 62, 3, 288, 3, 102, 0)
False, False, 0.2512, (0, 250, 314, 348, 342, 143, 342, 348, 314, 250, 0)
False, False, 0.1714, (0, 25, 209, 131, 300, 131, 209, 25, 0)
False, False, 0.0541, (0, 393, 298, 226, 392, 226, 298, 393, 0)
False, False, 0.2304, (0, 294, 268, 311, 408, 160, 408, 311, 0)
False, True, 0.4261, (0, 166, 167, 334, 142, 251, 82, 166, 0)
False, False, 0.1429, (0, 92, 328, 233, 338, 233, 338, 233, 214, 0)
False, False, 0.5, (0, 354, 404, 190, 404, 190, 354, 0)
False, False, 0.2098, (0, 70, 373, 359, 373, 359, 373, 359, 70, 0)
False, False, 0.0442, (0, 250, 46, 30, 301, 30, 301, 346, 152, 0)
False, True, 0.4082, (0, 370, 271, 358, 93, 168, 204, 370, 0)
False, True, 0.2842, (0, 113, 332, 291, 41, 113, 116, 287, 0)
False, False, 0.0456, (0, 369, 259, 243, 288, 3, 288, 62, 0)
False, False, 0.0756, (0, 357, 335, 133, 127, 133, 335, 357, 0)
False, False, 0.1457, (0, 127, 277, 396, 76, 266, 76, 396, 277, 0)
False, False, 0.0359, (0, 369, 259, 243, 259, 243, 259, 369, 257, 0)
False, False, 0.1648, (0, 322, 178, 258, 290, 258, 178, 322, 0)
False, False, 0.0127, (0, 298, 226, 358, 271, 358, 271, 0)
False, False, 0.0073, (0, 224, 101, 336, 101, 336, 101, 224, 0)
False, False, 0.0018, (0, 128, 428, 410, 219, 410, 219, 334, 0)
False, False, 0.0166, (0, 179, 91, 97, 148, 97, 91, 97, 0)
False, False, 0.0596, (0, 109, 414, 420, 414, 256, 109, 0)
False, False, 0.2978, (0, 56, 73, 294, 378, 268, 378, 294, 0)
False, True, 0.182, (0, 23, 388, 313, 305, 388, 146, 0)
False, False, 0.1485, (0, 98, 347, 2, 347, 2, 347, 225, 10, 0)
False, False, 0.0811, (0, 125, 10, 423, 401, 423, 401, 39, 0)
False, False, 0.3333, (0, 382, 94, 110, 94, 110, 94, 110, 0)
False, False, 0.0935, (0, 196, 14, 158, 14, 158, 14, 196, 0)
False, False, 0.1837, (0, 192, 273, 192, 273, 192, 137, 0)
False, True, 0.3869, (0, 65, 157, 375, 25, 157, 65, 0)
False, False, 0.2589, (0, 19, 419, 19, 419, 149, 264, 0)
False, False, 0.1488, (0, 251, 299, 272, 43, 272, 299, 251, 0)
False, False, 0.0893, (0, 345, 187, 345, 187, 345, 320, 0)
False, False, 0.167, (0, 370, 271, 358, 271, 358, 393, 0)
False, False, 0.1029, (0, 98, 384, 254, 384, 254, 98, 392, 0)
False, False, 0.0011, (0, 97, 148, 97, 91, 97, 91, 97, 0)
False, False, 0.3401, (0, 321, 403, 252, 5, 241, 5, 241, 399, 0)
False, False, 0.4942, (0, 162, 212, 84, 212, 84, 162, 170, 0)
False, False, 0.0131, (0, 403, 326, 158, 14, 158, 326, 403, 0)
False, False, 0.0137, (0, 271, 358, 271, 358, 93, 204, 0)
False, False, 0.1562, (0, 35, 77, 23, 77, 23, 121, 0)
False, False, 0.0624, (0, 32, 181, 47, 228, 47, 228, 47, 32, 0)
False, False, 0.1711, (0, 305, 313, 305, 117, 200, 306, 144, 0)
False, False, 0.0058, (0, 99, 162, 84, 212, 84, 212, 399, 53, 0)
False, False, 0.1383, (0, 123, 392, 64, 392, 64, 392, 64, 123, 0)
False, False, 0.0947, (0, 10, 225, 60, 169, 60, 225, 10, 0)
False, False, 0.1642, (0, 296, 241, 90, 57, 90, 57, 296, 399, 0)
False, False, 0.1775, (0, 95, 372, 55, 372, 361, 95, 397, 0)
False, False, 0.022, (0, 70, 25, 336, 24, 336, 25, 70, 0)
False, False, 0.2143, (0, 328, 206, 44, 206, 44, 172, 328, 0)
False, False, 0.06, (0, 296, 87, 232, 382, 232, 87, 57, 296, 0)
False, True, 0.1122, (0, 92, 328, 172, 206, 44, 172, 328, 0)
False, False, 0.0439, (0, 363, 210, 234, 210, 234, 210, 363, 0)
False, True, 0.0499, (0, 99, 134, 318, 160, 408, 311, 45, 99, 0)
False, False, 0.0976, (0, 121, 146, 305, 313, 305, 146, 121, 0)
False, False, 0.2806, (0, 296, 90, 57, 87, 232, 87, 397, 81, 0)
False, False, 0.4834, (0, 391, 179, 115, 179, 115, 278, 274, 0)
False, False, 0.2025, (0, 114, 197, 80, 197, 114, 138, 0)
False, False, 0.1531, (0, 92, 328, 172, 44, 206, 44, 172, 0)
False, False, 0.0712, (0, 88, 66, 53, 66, 53, 66, 170, 0)
False, False, 0.0588, (0, 114, 155, 136, 155, 136, 155, 161, 0)
False, False, 0.2426, (0, 357, 333, 379, 333, 379, 239, 357, 0)
False, False, 0.0298, (0, 32, 181, 228, 47, 228, 47, 181, 32, 0)
False, False, 0.0748, (0, 292, 416, 297, 416, 292, 35, 0)
False, False, 0.1046, (0, 382, 426, 199, 426, 199, 382, 90, 0)
False, False, 0.3096, (0, 130, 285, 102, 62, 102, 129, 185, 0)
False, False, 0.0255, (0, 92, 328, 206, 44, 206, 328, 92, 0)
False, False, 0.2454, (0, 289, 230, 352, 230, 6, 217, 229, 0)
False, False, 0.0571, (0, 253, 364, 33, 364, 307, 42, 253, 0)
False, False, 0.0675, (0, 50, 259, 288, 3, 288, 259, 285, 0)
False, False, 0.4305, (0, 187, 339, 52, 191, 52, 191, 80, 0)
False, True, 0.1284, (0, 283, 402, 387, 349, 184, 387, 85, 313, 0)
False, False, 0.247, (0, 107, 9, 427, 9, 427, 153, 149, 0)
False, False, 0.2233, (0, 250, 46, 30, 301, 30, 301, 30, 301, 0)
False, False, 0.4936, (0, 98, 141, 309, 49, 309, 49, 26, 0)
False, False, 0.0804, (0, 252, 158, 326, 158, 14, 196, 171, 0)
False, False, 0.1535, (0, 170, 53, 363, 195, 363, 195, 53, 170, 0)
False, False, 0.1365, (0, 306, 79, 319, 79, 306, 205, 0)
False, False, 0.1318, (0, 362, 122, 340, 139, 34, 139, 340, 0)
False, False, 0.0803, (0, 144, 79, 337, 283, 337, 79, 306, 0)
False, False, 0.0091, (0, 85, 387, 349, 184, 349, 387, 402, 283, 0)
False, False, 0.0256, (0, 127, 186, 176, 186, 176, 127, 133, 335, 0)
False, False, 0.1585, (0, 352, 29, 353, 29, 353, 231, 159, 0)
False, False, 0.0945, (0, 131, 62, 331, 51, 331, 62, 131, 0)
False, True, 0.2137, (0, 352, 36, 177, 315, 104, 177, 58, 0)
False, False, 0.0627, (0, 409, 46, 30, 301, 30, 46, 409, 250, 0)
False, False, 0.1906, (0, 31, 178, 258, 245, 244, 245, 290, 322, 0)
False, False, 0.0882, (0, 161, 255, 422, 255, 422, 255, 161, 0)
False, False, 0.0346, (0, 237, 103, 100, 28, 100, 28, 121, 0)
False, False, 0.2679, (0, 138, 61, 138, 61, 114, 61, 173, 0)
False, False, 0.1126, (0, 82, 251, 282, 247, 282, 142, 334, 0)
False, False, 0.1256, (0, 277, 227, 396, 76, 266, 76, 266, 186, 0)
False, False, 0.1429, (0, 92, 338, 344, 327, 54, 327, 344, 338, 0)
False, False, 0.1136, (0, 55, 130, 285, 398, 285, 130, 7, 0)
False, False, 0.1131, (0, 65, 157, 25, 157, 25, 65, 0)
False, False, 0.2551, (0, 307, 286, 302, 286, 302, 74, 42, 0)
False, False, 0.0994, (0, 324, 330, 118, 330, 118, 330, 324, 0)
False, False, 0.1428, (0, 185, 71, 185, 71, 185, 71, 129, 300, 0)
False, False, 0.0967, (0, 236, 275, 235, 180, 235, 275, 236, 0)
False, False, 0.3597, (0, 121, 146, 388, 151, 154, 151, 377, 0)
False, False, 0.1276, (0, 92, 172, 206, 44, 206, 172, 92, 0)
False, False, 0.1672, (0, 400, 419, 19, 419, 19, 400, 38, 0)
False, False, 0.1174, (0, 257, 369, 213, 243, 213, 243, 259, 50, 0)
False, False, 0.0651, (0, 197, 80, 417, 280, 417, 197, 0)
False, False, 0.2517, (0, 360, 326, 14, 326, 158, 252, 0)
False, False, 0.0948, (0, 417, 368, 120, 380, 120, 417, 0)
False, True, 0.0012, (0, 261, 177, 315, 104, 177, 261, 407, 0)
False, True, 0.1615, (0, 357, 379, 335, 333, 379, 239, 357, 0)
False, False, 0.1346, (0, 205, 37, 200, 117, 200, 79, 144, 0)
False, False, 0.0981, (0, 350, 366, 188, 144, 188, 366, 189, 0)
False, False, 0.1495, (0, 193, 415, 202, 415, 202, 415, 0)
False, True, 0.0221, (0, 274, 278, 348, 342, 143, 348, 278, 274, 0)
False, False, 0.0154, (0, 229, 217, 6, 312, 6, 217, 0)
False, True, 0.1449, (0, 261, 177, 315, 104, 177, 36, 352, 0)
False, False, 0.0555, (0, 399, 296, 241, 90, 57, 90, 296, 399, 0)
False, False, 0.1141, (0, 417, 280, 368, 380, 368, 197, 0)
False, False, 0.1488, (0, 152, 86, 43, 279, 119, 279, 119, 409, 0)
False, False, 0.1964, (0, 254, 384, 254, 384, 254, 123, 0)
False, False, 0.0841, (0, 144, 200, 117, 283, 337, 283, 117, 37, 0)
False, False, 0.1365, (0, 1, 125, 401, 423, 401, 10, 125, 0)
False, False, 0.043, (0, 307, 33, 364, 33, 307, 33, 307, 42, 0)
False, False, 0.0918, (0, 246, 103, 100, 205, 100, 28, 103, 0)
False, True, 0.2095, (0, 390, 394, 156, 413, 381, 156, 394, 83, 0)
False, False, 0.0547, (0, 250, 409, 346, 215, 346, 215, 409, 250, 0)
False, True, 0.0245, (0, 416, 48, 373, 359, 48, 27, 416, 0)
False, True, 0.1945, (0, 356, 174, 32, 181, 228, 47, 181, 32, 0)
False, True, 0.1854, (0, 240, 116, 113, 332, 291, 41, 113, 0)
False, False, 0.0508, (0, 360, 403, 321, 403, 321, 360, 318, 0)
False, False, 0.0861, (0, 70, 238, 421, 224, 421, 221, 359, 48, 0)
False, False, 0.0588, (0, 114, 136, 155, 136, 155, 136, 161, 0)
False, False, 0.0989, (0, 97, 148, 393, 226, 393, 148, 97, 0)
False, False, 0.0171, (0, 8, 40, 112, 34, 112, 40, 8, 0)
False, True, 0.0074, (0, 401, 423, 383, 60, 169, 423, 401, 0)
False, False, 0.0893, (0, 324, 15, 31, 198, 31, 15, 324, 0)
False, True, 0.2125, (0, 205, 37, 306, 200, 37, 205, 0)
False, False, 0.0093, (0, 152, 424, 346, 301, 30, 301, 409, 250, 0)
False, False, 0.0739, (0, 400, 419, 19, 419, 19, 400, 320, 0)
False, False, 0.0113, (0, 99, 311, 268, 378, 268, 378, 73, 0)
False, False, 0.002, (0, 102, 3, 288, 3, 288, 259, 0)
False, False, 0.0696, (0, 10, 423, 401, 423, 225, 10, 249, 0)
False, False, 0.0459, (0, 90, 57, 87, 232, 382, 232, 87, 232, 87, 0)
False, True, 0.0143, (0, 218, 300, 129, 185, 71, 129, 300, 0)
False, False, 0.0606, (0, 339, 52, 191, 52, 339, 80, 197, 0)
False, False, 0.0825, (0, 130, 285, 185, 129, 71, 185, 71, 185, 0)
False, False, 0.0318, (0, 248, 69, 126, 69, 126, 265, 222, 0)
False, False, 0.0367, (0, 101, 24, 336, 24, 101, 224, 238, 0)
False, False, 0.2, (0, 376, 415, 201, 13, 201, 13, 201, 376, 0)
False, False, 0.1293, (0, 275, 385, 273, 107, 273, 107, 385, 0)
False, False, 0.0026, (0, 309, 49, 309, 49, 309, 141, 98, 0)
False, False, 0.0058, (0, 162, 318, 160, 408, 160, 318, 134, 99, 0)
False, False, 0.16, (0, 367, 270, 69, 126, 69, 126, 265, 0)
False, False, 0.0211, (0, 147, 256, 414, 250, 414, 256, 400, 0)
False, False, 0.0066, (0, 193, 376, 415, 202, 415, 376, 418, 0)
False, False, 0.1284, (0, 17, 181, 228, 47, 228, 47, 181, 32, 0)
False, False, 0.0326, (0, 222, 265, 428, 410, 219, 410, 128, 0)
False, False, 0.1063, (0, 236, 385, 107, 273, 107, 385, 236, 0)
False, False, 0.0164, (0, 399, 90, 57, 87, 232, 87, 57, 90, 399, 0)
False, False, 0.0954, (0, 152, 86, 279, 119, 279, 119, 46, 409, 0)
False, False, 0.1001, (0, 234, 87, 232, 382, 232, 382, 232, 57, 241, 0)
False, False, 0.043, (0, 88, 253, 33, 307, 33, 307, 33, 88, 0)
False, True, 0.1357, (0, 33, 132, 276, 81, 20, 276, 132, 0)
False, False, 0.2, (0, 193, 376, 13, 201, 13, 201, 13, 376, 0)
False, True, 0.0006, (0, 265, 428, 410, 219, 428, 265, 0)
False, False, 0.1025, (0, 271, 358, 271, 358, 168, 204, 0)
False, False, 0.0461, (0, 314, 348, 342, 143, 342, 348, 314, 348, 314, 0)
False, False, 0.1315, (0, 306, 200, 306, 200, 37, 205, 0)
False, False, 0.0026, (0, 347, 49, 309, 49, 309, 49, 249, 0)
False, False, 0.0166, (0, 274, 278, 115, 370, 115, 179, 274, 0)
False, False, 0.0835, (0, 324, 15, 198, 31, 198, 31, 21, 0)
False, False, 0.0227, (0, 107, 153, 427, 153, 427, 9, 153, 0)
False, False, 0.0443, (0, 7, 129, 71, 129, 71, 129, 7, 0)
False, False, 0.0399, (0, 117, 402, 387, 184, 349, 184, 387, 85, 0)
False, False, 0.0484, (0, 90, 57, 232, 382, 232, 87, 232, 57, 90, 0)
False, False, 0.0916, (0, 385, 192, 273, 192, 385, 235, 0)
False, False, 0.0352, (0, 192, 273, 107, 273, 107, 235, 236, 0)
False, False, 0.1185, (0, 83, 260, 106, 18, 106, 18, 260, 83, 0)
False, True, 0.0558, (0, 99, 295, 318, 160, 408, 311, 45, 99, 0)
False, True, 0.0069, (0, 333, 41, 332, 291, 41, 113, 240, 0)
False, False, 0.1133, (0, 8, 40, 112, 390, 83, 390, 83, 73, 0)
False, False, 0.0073, (0, 216, 228, 47, 228, 47, 228, 216, 0)
all_elementary, False
all_cyc2, False
