Instance, X-n429-k61
capacity, 536
min_trucks, 62
output_file, output_uchoa/X-n429-k61-ng20.log
Start date, 2022-07-03
Start time, 05-55-23
capacity, 536
num_vehicles, 62
abort_early, False
methods, ['ng20']
max_vars, 100
time_limit, 86400
farley, False
ESPPRC_heur, True
initial time, initial max_it, max_stale_it
1, 20000.0, 20
heuristic Number of routes, heuristic Best Solution Value, heuristic number of iterations, adjusted time, adjusted max_it, measured total time
245238, 65704.0, 20000, 1, 20000.0, 24118.6
method, python time, total time, propagated dominance time, unpropagated dominance time, pricing_success, upper_bound, lower_bound, abort_early, num_paths, 
ESPPRC_heur, -0.0, 2.7, 1.4, 0.5, 0, 64822.273, 62956.3854, True, 52
ESPPRC_heur, 0.0, 2.8, 1.5, 0.5, 0, 64814.2974, 64093.5887, True, 7
ng20, 0.3, 23018.7, 16783.4, 6150.6, 1, 64814.0784, 63296.5803, 0, 50
ESPPRC_heur, -0.0, 2.4, 1.3, 0.4, 0, 64805.7961, 64144.8366, True, 8
ng20, 0.3, 22620.6, 16608.1, 5939.0, 1, 64805.7637, 64419.2143, 0, 7
ng20, 0.3, 22631.3, 16556.5, 5999.4, 1, 64805.7577, 64805.7577, 0, 0
scip_total_time, 92531.736748
Solval, number of paths, impact cutoff
64805.75774862894, 379, 0.0001
Elementary, 2-Cycle, Path Value, Path
True, True, 0.0117, (0, 134, 295, 45, 311, 268, 294, 56, 0)
True, True, 0.8061, (0, 289, 352, 36, 29, 353, 231, 355, 0)
True, True, 0.6148, (0, 98, 49, 309, 141, 254, 384, 298, 0)
True, True, 0.1057, (0, 173, 155, 395, 255, 422, 136, 161, 0)
True, True, 0.1993, (0, 17, 181, 47, 228, 220, 239, 357, 269, 0)
True, True, 0.0001, (0, 327, 322, 290, 244, 245, 258, 178, 31, 0)
True, True, 0.0001, (0, 13, 201, 150, 194, 54, 344, 338, 0)
True, True, 0.0296, (0, 142, 247, 282, 263, 22, 251, 82, 0)
True, True, 0.0977, (0, 193, 376, 415, 202, 316, 281, 418, 0)
True, True, 0.0219, (0, 170, 53, 66, 363, 124, 284, 33, 0)
True, True, 0.5, (0, 157, 336, 24, 101, 224, 221, 238, 0)
True, True, 0.5564, (0, 10, 225, 169, 60, 423, 401, 125, 0)
True, True, 0.0901, (0, 328, 172, 44, 206, 344, 338, 233, 0)
True, True, 0.9098, (0, 21, 324, 330, 118, 327, 54, 344, 0)
True, True, 0.3414, (0, 121, 146, 305, 313, 151, 388, 377, 0)
True, True, 0.3169, (0, 240, 116, 16, 332, 291, 41, 113, 0)
True, True, 0.5256, (0, 333, 127, 176, 186, 133, 335, 379, 0)
True, True, 0.0171, (0, 77, 23, 146, 205, 100, 28, 0)
True, True, 0.4461, (0, 322, 290, 244, 245, 258, 178, 31, 362, 0)
True, True, 0.3605, (0, 176, 186, 266, 76, 396, 227, 277, 332, 0)
True, True, 0.3066, (0, 5, 252, 158, 326, 14, 196, 171, 0)
True, True, 0.1084, (0, 426, 199, 94, 110, 329, 257, 361, 0)
True, True, 0.4188, (0, 58, 177, 104, 315, 349, 184, 387, 0)
True, True, 0.1175, (0, 112, 34, 381, 413, 156, 394, 390, 0)
True, True, 0.5386, (0, 131, 12, 389, 405, 75, 159, 373, 0)
True, True, 0.1656, (0, 48, 325, 11, 289, 230, 217, 223, 0)
True, True, 0.4364, (0, 165, 248, 367, 270, 69, 126, 89, 0)
True, True, 0.3235, (0, 174, 17, 108, 303, 323, 365, 202, 0)
True, True, 0.3405, (0, 56, 140, 294, 45, 295, 134, 99, 0)
True, True, 0.0283, (0, 59, 135, 289, 230, 217, 229, 223, 0)
True, True, 0.7533, (0, 317, 371, 128, 410, 219, 428, 265, 0)
True, True, 0.4234, (0, 102, 3, 288, 51, 331, 131, 0)
True, True, 0.1656, (0, 376, 13, 201, 150, 194, 415, 418, 0)
True, True, 0.2027, (0, 190, 404, 216, 228, 47, 181, 174, 0)
True, True, 0.0901, (0, 21, 374, 308, 310, 8, 73, 56, 0)
True, True, 0.6349, (0, 408, 18, 106, 260, 105, 351, 83, 0)
True, True, 0.2588, (0, 236, 385, 273, 192, 137, 412, 0)
True, True, 0.0635, (0, 296, 241, 5, 403, 321, 360, 162, 0)
True, True, 0.0363, (0, 236, 235, 385, 192, 137, 412, 0)
True, True, 0.0249, (0, 166, 82, 251, 142, 334, 167, 280, 0)
True, True, 0.4132, (0, 202, 365, 323, 303, 108, 17, 32, 0)
True, True, 0.0621, (0, 117, 283, 402, 85, 387, 315, 104, 177, 0)
True, True, 0.3089, (0, 147, 256, 414, 420, 109, 419, 0)
True, True, 0.1728, (0, 92, 172, 44, 206, 328, 214, 341, 0)
True, True, 0.0485, (0, 360, 326, 158, 14, 196, 171, 160, 0)
True, True, 0.2427, (0, 393, 298, 226, 392, 64, 249, 78, 0)
True, True, 0.1581, (0, 214, 233, 338, 150, 194, 201, 13, 0)
True, True, 0.2159, (0, 318, 160, 360, 321, 84, 212, 162, 0)
True, True, 0.1032, (0, 256, 414, 420, 68, 111, 189, 0)
True, True, 0.2304, (0, 38, 264, 419, 19, 400, 345, 320, 0)
True, True, 0.1164, (0, 189, 304, 111, 68, 391, 250, 256, 0)
True, True, 0.1005, (0, 107, 9, 427, 153, 419, 19, 400, 0)
True, True, 0.1993, (0, 39, 67, 343, 383, 423, 225, 10, 0)
True, True, 0.5623, (0, 173, 138, 61, 161, 404, 190, 354, 0)
True, True, 0.0769, (0, 159, 75, 405, 389, 12, 62, 300, 0)
True, True, 0.1207, (0, 424, 86, 301, 30, 346, 215, 409, 250, 0)
True, True, 0.1507, (0, 193, 341, 328, 206, 44, 172, 92, 0)
True, True, 0.3457, (0, 92, 172, 44, 206, 328, 233, 341, 0)
True, True, 0.1656, (0, 425, 406, 281, 316, 202, 415, 376, 0)
True, True, 0.2446, (0, 86, 301, 30, 119, 279, 43, 272, 299, 0)
True, True, 0.1097, (0, 346, 301, 30, 279, 119, 46, 409, 250, 0)
True, True, 0.3226, (0, 335, 133, 127, 291, 41, 113, 240, 0)
True, True, 0.5746, (0, 139, 34, 381, 413, 156, 394, 390, 0)
True, True, 0.3845, (0, 285, 62, 12, 389, 405, 75, 159, 0)
True, True, 0.5636, (0, 277, 227, 266, 76, 396, 69, 126, 287, 0)
True, True, 0.0199, (0, 55, 130, 398, 285, 185, 71, 129, 0)
True, True, 0.0621, (0, 261, 58, 36, 29, 353, 231, 355, 0)
True, True, 0.1869, (0, 375, 218, 300, 129, 71, 185, 7, 0)
True, True, 1.0, (0, 175, 242, 0)
True, True, 0.197, (0, 27, 59, 135, 11, 325, 48, 373, 0)
True, True, 0.0048, (0, 314, 348, 342, 143, 115, 278, 274, 391, 0)
True, True, 0.0001, (0, 122, 340, 245, 244, 290, 258, 322, 330, 0)
True, True, 0.4003, (0, 151, 154, 315, 104, 177, 58, 261, 0)
True, True, 0.3089, (0, 19, 109, 420, 414, 256, 147, 0)
True, True, 0.2104, (0, 56, 294, 378, 268, 45, 295, 134, 0)
True, True, 0.1736, (0, 95, 361, 372, 293, 329, 110, 94, 0)
True, True, 0.3657, (0, 148, 393, 271, 358, 168, 204, 370, 0)
True, True, 0.0901, (0, 374, 308, 324, 330, 118, 327, 54, 338, 0)
True, True, 0.0715, (0, 56, 73, 294, 378, 268, 311, 295, 0)
True, True, 0.0366, (0, 148, 98, 49, 309, 141, 254, 384, 0)
True, True, 0.0594, (0, 302, 286, 132, 276, 20, 81, 53, 0)
True, True, 0.0259, (0, 97, 392, 64, 26, 226, 298, 393, 0)
True, True, 0.0322, (0, 251, 22, 263, 282, 247, 142, 368, 0)
True, True, 0.1145, (0, 417, 280, 368, 120, 166, 52, 339, 0)
True, True, 0.3065, (0, 197, 80, 417, 255, 422, 395, 0)
True, True, 0.2467, (0, 222, 265, 428, 219, 410, 128, 371, 0)
True, True, 0.1428, (0, 370, 271, 358, 93, 168, 204, 348, 0)
True, True, 0.0126, (0, 302, 359, 373, 48, 297, 416, 292, 0)
True, True, 0.0442, (0, 183, 211, 96, 386, 377, 23, 77, 0)
True, True, 0.1749, (0, 47, 228, 220, 239, 357, 216, 404, 0)
True, True, 0.4819, (0, 236, 385, 192, 273, 107, 235, 38, 0)
True, True, 0.4372, (0, 138, 61, 114, 187, 345, 320, 0)
True, True, 0.0569, (0, 379, 333, 41, 291, 332, 116, 287, 0)
True, True, 0.1492, (0, 83, 390, 394, 156, 413, 34, 112, 40, 0)
True, True, 0.0945, (0, 286, 70, 359, 373, 48, 297, 416, 0)
True, True, 0.1532, (0, 50, 262, 259, 288, 3, 102, 185, 0)
True, True, 0.2644, (0, 238, 421, 101, 24, 336, 25, 65, 0)
True, True, 0.2343, (0, 337, 39, 184, 349, 387, 85, 402, 283, 0)
True, True, 0.227, (0, 45, 311, 268, 378, 294, 73, 374, 0)
True, True, 0.064, (0, 269, 216, 228, 47, 181, 17, 32, 174, 0)
True, True, 0.4681, (0, 62, 331, 51, 243, 213, 369, 293, 0)
True, True, 0.4817, (0, 207, 246, 103, 100, 28, 121, 77, 0)
True, True, 0.0363, (0, 358, 93, 384, 254, 141, 26, 0)
True, True, 0.5256, (0, 165, 270, 367, 248, 89, 16, 222, 0)
True, True, 0.0404, (0, 152, 86, 43, 279, 119, 30, 46, 409, 0)
True, True, 0.1067, (0, 170, 53, 66, 195, 124, 284, 33, 0)
True, True, 0.0181, (0, 62, 3, 288, 243, 213, 369, 329, 0)
True, True, 0.1318, (0, 355, 231, 353, 29, 36, 352, 230, 0)
True, True, 0.0621, (0, 230, 352, 58, 312, 6, 217, 229, 0)
True, True, 0.7291, (0, 203, 152, 424, 346, 215, 409, 208, 0)
True, True, 0.0725, (0, 271, 358, 93, 168, 204, 143, 278, 0)
True, True, 0.0727, (0, 209, 218, 300, 129, 71, 185, 375, 0)
True, True, 0.0335, (0, 314, 342, 204, 168, 93, 358, 115, 0)
True, True, 0.2991, (0, 296, 241, 5, 252, 403, 321, 84, 0)
True, True, 0.0721, (0, 416, 297, 27, 223, 72, 267, 292, 0)
True, True, 0.019, (0, 127, 277, 266, 76, 396, 227, 367, 165, 0)
True, True, 0.027, (0, 378, 260, 106, 18, 164, 63, 171, 160, 0)
True, True, 0.019, (0, 165, 277, 227, 396, 76, 266, 186, 127, 0)
True, True, 0.0762, (0, 256, 420, 414, 208, 203, 147, 0)
True, True, 0.0734, (0, 237, 182, 189, 304, 111, 109, 0)
True, True, 0.1186, (0, 280, 368, 380, 120, 166, 52, 339, 0)
True, True, 0.2997, (0, 234, 81, 20, 276, 286, 74, 0)
True, True, 0.2518, (0, 123, 249, 26, 64, 392, 226, 91, 0)
True, True, 0.3089, (0, 189, 304, 111, 68, 391, 109, 400, 0)
True, True, 0.1404, (0, 334, 142, 247, 263, 22, 251, 82, 0)
True, True, 0.2847, (0, 154, 387, 349, 184, 85, 402, 283, 117, 0)
True, True, 0.4723, (0, 205, 37, 200, 306, 79, 319, 0)
True, True, 0.21, (0, 66, 195, 210, 399, 212, 84, 162, 0)
True, True, 0.7367, (0, 418, 425, 406, 356, 316, 281, 193, 0)
True, True, 0.1579, (0, 42, 74, 302, 286, 307, 253, 88, 0)
True, True, 0.7696, (0, 4, 411, 9, 427, 153, 149, 264, 0)
True, True, 0.0178, (0, 88, 253, 42, 307, 364, 33, 170, 0)
True, True, 0.1769, (0, 37, 200, 117, 305, 388, 377, 121, 0)
True, True, 0.1583, (0, 275, 180, 235, 107, 385, 137, 412, 0)
True, True, 0.4367, (0, 25, 209, 218, 300, 129, 71, 7, 0)
True, True, 0.1015, (0, 351, 260, 106, 18, 164, 63, 360, 0)
True, True, 0.0199, (0, 25, 209, 131, 300, 218, 375, 397, 0)
True, True, 0.2344, (0, 334, 142, 247, 282, 263, 22, 299, 86, 0)
True, True, 0.2508, (0, 164, 63, 196, 14, 158, 326, 321, 0)
True, True, 0.3263, (0, 35, 267, 72, 223, 297, 416, 292, 0)
True, True, 0.0765, (0, 4, 35, 267, 223, 27, 297, 416, 0)
True, True, 0.2307, (0, 307, 132, 276, 20, 81, 234, 363, 0)
True, True, 0.1504, (0, 341, 214, 233, 338, 150, 194, 13, 0)
True, True, 0.3444, (0, 114, 197, 80, 191, 339, 187, 0)
True, True, 0.1699, (0, 302, 70, 132, 276, 20, 81, 234, 0)
True, True, 0.0015, (0, 212, 403, 326, 14, 158, 252, 5, 0)
True, True, 0.2633, (0, 415, 365, 323, 303, 108, 356, 0)
True, True, 0.5, (0, 359, 221, 224, 421, 157, 65, 70, 0)
True, True, 0.2548, (0, 339, 191, 52, 120, 380, 280, 417, 0)
True, True, 0.2115, (0, 95, 361, 257, 110, 94, 426, 382, 0)
True, True, 0.52, (0, 72, 211, 183, 229, 135, 59, 27, 0)
True, True, 0.0005, (0, 138, 136, 422, 255, 395, 155, 173, 0)
True, True, 0.0294, (0, 198, 178, 258, 290, 244, 245, 340, 0)
True, True, 0.0027, (0, 183, 407, 96, 386, 377, 388, 146, 0)
True, True, 0.4436, (0, 401, 67, 343, 383, 60, 2, 347, 0)
True, True, 0.3459, (0, 15, 198, 31, 122, 340, 40, 8, 0)
True, True, 0.2709, (0, 46, 119, 314, 348, 342, 143, 278, 274, 0)
True, True, 0.1675, (0, 81, 397, 87, 232, 57, 90, 241, 296, 0)
True, True, 0.2929, (0, 415, 194, 150, 214, 13, 201, 376, 0)
True, True, 0.0806, (0, 269, 357, 239, 220, 228, 47, 181, 32, 0)
True, True, 0.3462, (0, 362, 122, 340, 139, 112, 40, 310, 308, 0)
True, True, 0.0597, (0, 298, 226, 64, 26, 249, 78, 163, 0)
True, True, 0.0488, (0, 140, 294, 378, 268, 311, 134, 99, 0)
True, True, 0.0361, (0, 257, 369, 213, 243, 51, 331, 288, 0)
True, True, 0.2976, (0, 212, 360, 196, 63, 164, 171, 160, 318, 0)
True, True, 0.3726, (0, 191, 52, 120, 167, 380, 368, 280, 0)
True, True, 0.1164, (0, 189, 304, 111, 68, 391, 250, 414, 0)
True, True, 0.0422, (0, 292, 267, 183, 211, 23, 77, 0)
True, True, 0.048, (0, 99, 134, 162, 84, 212, 399, 53, 170, 0)
True, True, 0.117, (0, 53, 195, 210, 284, 124, 307, 253, 0)
True, True, 0.113, (0, 97, 148, 123, 78, 249, 145, 319, 0)
True, True, 0.0005, (0, 237, 207, 103, 246, 350, 182, 153, 0)
True, True, 0.4155, (0, 237, 207, 103, 246, 350, 366, 182, 0)
True, True, 0.2091, (0, 397, 95, 361, 372, 55, 7, 375, 0)
True, True, 0.2467, (0, 82, 251, 282, 247, 142, 334, 317, 0)
True, True, 0.09, (0, 111, 179, 115, 342, 143, 278, 274, 0)
True, True, 0.0439, (0, 167, 334, 247, 282, 251, 82, 166, 0)
True, True, 0.332, (0, 161, 136, 155, 422, 255, 395, 320, 0)
True, True, 0.3344, (0, 299, 272, 43, 279, 119, 30, 301, 250, 0)
True, True, 0.1695, (0, 23, 386, 96, 407, 183, 211, 267, 0)
True, True, 0.0099, (0, 87, 95, 361, 372, 55, 7, 375, 0)
True, True, 0.2237, (0, 188, 319, 79, 306, 200, 37, 0)
True, True, 0.223, (0, 38, 275, 180, 235, 137, 412, 236, 0)
True, True, 0.1996, (0, 253, 42, 307, 364, 33, 66, 170, 0)
True, True, 0.019, (0, 248, 227, 396, 76, 266, 186, 133, 0)
True, True, 0.038, (0, 241, 382, 426, 199, 94, 361, 95, 0)
True, True, 0.0323, (0, 32, 181, 47, 228, 220, 239, 357, 354, 0)
True, True, 0.0901, (0, 295, 160, 408, 311, 268, 378, 294, 0)
True, True, 0.4718, (0, 46, 314, 348, 342, 143, 370, 115, 179, 0)
True, True, 0.4242, (0, 100, 205, 144, 188, 366, 350, 182, 0)
True, True, 0.1139, (0, 287, 116, 113, 332, 291, 41, 333, 0)
True, True, 0.0888, (0, 88, 364, 307, 286, 302, 74, 42, 0)
True, True, 0.0249, (0, 173, 197, 80, 339, 191, 52, 147, 0)
True, True, 0.1553, (0, 48, 325, 11, 135, 59, 223, 267, 0)
True, True, 0.0729, (0, 20, 81, 397, 87, 232, 57, 90, 399, 0)
True, True, 0.0252, (0, 351, 106, 164, 63, 171, 360, 162, 0)
True, True, 0.2759, (0, 134, 295, 311, 268, 378, 73, 56, 0)
True, True, 0.048, (0, 42, 74, 302, 416, 292, 411, 4, 0)
True, True, 0.0765, (0, 411, 35, 267, 223, 27, 297, 416, 0)
True, True, 0.219, (0, 87, 372, 293, 329, 257, 110, 94, 382, 0)
True, True, 0.2268, (0, 96, 261, 312, 6, 230, 217, 229, 0)
True, True, 0.0647, (0, 400, 19, 419, 153, 427, 9, 180, 0)
True, True, 0.1163, (0, 187, 80, 417, 255, 422, 155, 0)
True, True, 0.1414, (0, 105, 260, 106, 18, 164, 63, 171, 318, 0)
True, True, 0.0918, (0, 152, 424, 86, 299, 22, 263, 282, 247, 0)
True, True, 0.0434, (0, 25, 209, 218, 129, 71, 185, 55, 0)
True, True, 0.2997, (0, 210, 234, 132, 286, 302, 74, 42, 0)
True, True, 0.0163, (0, 213, 243, 51, 331, 62, 102, 71, 0)
True, True, 0.0725, (0, 250, 274, 391, 68, 111, 304, 189, 0)
True, True, 0.0065, (0, 237, 182, 246, 188, 366, 189, 0)
True, True, 0.224, (0, 211, 407, 96, 386, 377, 388, 146, 0)
True, True, 0.0626, (0, 37, 117, 283, 85, 402, 39, 125, 337, 0)
True, True, 0.2104, (0, 140, 45, 311, 408, 160, 318, 162, 0)
True, True, 0.0198, (0, 314, 342, 204, 168, 93, 358, 91, 0)
True, True, 0.2356, (0, 292, 416, 297, 48, 359, 238, 70, 0)
True, True, 0.1881, (0, 42, 307, 284, 124, 363, 66, 88, 0)
True, True, 0.1574, (0, 375, 71, 185, 285, 398, 55, 7, 0)
True, True, 0.0647, (0, 140, 268, 311, 408, 160, 318, 134, 0)
True, True, 0.3356, (0, 374, 308, 310, 8, 73, 140, 99, 0)
True, True, 0.186, (0, 170, 53, 195, 363, 124, 284, 364, 0)
True, True, 0.0268, (0, 123, 78, 249, 26, 64, 226, 298, 0)
True, True, 0.0001, (0, 118, 322, 290, 244, 245, 340, 122, 310, 0)
True, True, 0.2304, (0, 275, 180, 149, 419, 19, 400, 345, 0)
True, True, 0.0621, (0, 306, 337, 125, 39, 402, 313, 305, 0)
True, True, 0.0759, (0, 220, 239, 379, 333, 113, 116, 287, 0)
True, True, 0.1145, (0, 280, 368, 380, 167, 82, 166, 52, 0)
True, True, 0.0075, (0, 200, 337, 125, 145, 78, 163, 1, 0)
True, True, 0.0865, (0, 10, 225, 169, 2, 347, 98, 26, 392, 0)
True, True, 0.1395, (0, 339, 120, 380, 368, 417, 80, 0)
True, True, 0.0197, (0, 391, 274, 278, 115, 370, 342, 348, 314, 0)
True, True, 0.0567, (0, 96, 154, 315, 104, 177, 58, 230, 0)
True, True, 0.2309, (0, 23, 96, 386, 154, 151, 313, 305, 0)
True, True, 0.0199, (0, 185, 102, 331, 51, 243, 213, 329, 0)
True, True, 0.234, (0, 53, 195, 124, 284, 33, 364, 253, 0)
True, True, 0.2761, (0, 168, 93, 358, 271, 393, 91, 0)
True, True, 0.0647, (0, 38, 275, 180, 235, 385, 137, 412, 0)
True, True, 0.0309, (0, 375, 55, 130, 398, 293, 329, 257, 0)
True, True, 0.0995, (0, 322, 258, 290, 244, 245, 340, 122, 310, 0)
True, True, 0.019, (0, 422, 222, 16, 89, 113, 116, 240, 0)
True, True, 0.2356, (0, 65, 25, 209, 336, 24, 101, 421, 0)
True, True, 0.0704, (0, 95, 372, 55, 398, 293, 329, 257, 0)
True, True, 0.0579, (0, 302, 359, 373, 48, 27, 416, 292, 0)
True, True, 0.0314, (0, 247, 282, 263, 22, 272, 43, 86, 424, 0)
True, True, 0.0487, (0, 375, 218, 300, 129, 71, 185, 130, 0)
True, True, 0.0327, (0, 247, 282, 263, 22, 299, 86, 152, 203, 0)
True, True, 0.0759, (0, 354, 190, 216, 220, 228, 47, 269, 0)
True, True, 0.0347, (0, 423, 2, 347, 49, 309, 141, 254, 0)
True, True, 0.0759, (0, 379, 335, 133, 186, 176, 127, 291, 0)
True, True, 0.1059, (0, 74, 302, 297, 292, 35, 411, 4, 0)
True, True, 0.0726, (0, 252, 426, 199, 158, 326, 360, 0)
True, True, 0.0994, (0, 373, 359, 325, 11, 59, 223, 292, 0)
True, True, 0.1189, (0, 90, 382, 426, 199, 14, 326, 403, 0)
True, True, 0.0181, (0, 209, 218, 131, 102, 129, 71, 185, 0)
True, True, 0.2495, (0, 199, 94, 110, 329, 257, 361, 95, 0)
True, True, 0.0442, (0, 86, 299, 272, 22, 263, 282, 251, 167, 0)
True, True, 0.1803, (0, 341, 233, 338, 150, 194, 201, 13, 0)
True, True, 0.0498, (0, 122, 245, 244, 290, 258, 178, 198, 0)
True, True, 0.0759, (0, 116, 113, 41, 333, 379, 239, 357, 0)
True, True, 0.0551, (0, 366, 1, 319, 79, 200, 117, 305, 0)
True, True, 0.1215, (0, 254, 141, 309, 49, 2, 347, 10, 0)
True, True, 0.0112, (0, 269, 181, 47, 228, 216, 404, 354, 0)
True, True, 0.0525, (0, 92, 172, 44, 206, 338, 201, 13, 376, 0)
True, True, 0.4148, (0, 237, 28, 146, 23, 77, 35, 0)
True, True, 0.019, (0, 133, 176, 277, 270, 367, 248, 89, 0)
True, True, 0.0005, (0, 400, 19, 419, 427, 9, 273, 107, 0)
True, True, 0.2646, (0, 372, 55, 130, 398, 285, 185, 375, 0)
True, True, 0.0815, (0, 267, 72, 229, 135, 11, 325, 48, 0)
True, True, 0.1774, (0, 306, 79, 337, 125, 145, 163, 1, 0)
True, True, 0.0812, (0, 229, 217, 6, 312, 407, 23, 0)
True, True, 0.1139, (0, 240, 116, 332, 291, 41, 333, 379, 0)
True, True, 0.0488, (0, 406, 174, 32, 181, 47, 228, 269, 354, 0)
True, True, 0.0354, (0, 1, 78, 249, 26, 64, 392, 226, 0)
True, True, 0.0274, (0, 183, 407, 96, 154, 151, 388, 377, 0)
True, True, 0.038, (0, 240, 116, 113, 333, 335, 379, 357, 0)
True, True, 0.102, (0, 345, 187, 197, 395, 155, 136, 0)
True, True, 0.0904, (0, 337, 39, 67, 343, 383, 169, 225, 0)
True, True, 0.038, (0, 95, 372, 293, 329, 257, 110, 426, 0)
True, True, 0.1463, (0, 33, 124, 284, 210, 195, 363, 170, 0)
True, True, 0.0032, (0, 197, 80, 339, 191, 417, 422, 0)
True, True, 0.2706, (0, 163, 145, 249, 26, 64, 392, 226, 0)
True, True, 0.2404, (0, 296, 90, 57, 232, 87, 397, 276, 132, 0)
True, True, 0.0864, (0, 237, 207, 103, 246, 350, 366, 189, 0)
True, True, 0.1199, (0, 204, 93, 384, 254, 98, 26, 123, 0)
True, True, 0.0361, (0, 329, 369, 262, 50, 398, 130, 55, 0)
True, True, 0.0154, (0, 209, 218, 129, 185, 285, 398, 372, 0)
True, True, 0.0029, (0, 237, 207, 246, 350, 366, 304, 111, 0)
True, True, 0.0094, (0, 390, 394, 156, 413, 381, 112, 40, 308, 0)
True, True, 0.4053, (0, 369, 213, 259, 262, 50, 398, 130, 0)
True, True, 0.0645, (0, 144, 1, 319, 306, 200, 117, 37, 0)
True, True, 0.125, (0, 15, 198, 178, 258, 244, 290, 322, 0)
True, True, 0.1283, (0, 57, 232, 382, 426, 199, 14, 326, 0)
True, True, 0.0135, (0, 86, 43, 279, 30, 301, 346, 215, 250, 0)
True, True, 0.0361, (0, 62, 3, 331, 51, 243, 259, 262, 0)
True, True, 0.0846, (0, 360, 196, 14, 158, 252, 5, 241, 0)
True, True, 0.0376, (0, 194, 150, 338, 206, 44, 172, 92, 0)
True, True, 0.1169, (0, 377, 386, 261, 312, 6, 230, 217, 0)
True, True, 0.0028, (0, 5, 252, 158, 326, 196, 63, 164, 0)
True, True, 0.1618, (0, 188, 97, 91, 179, 278, 274, 391, 0)
True, True, 0.0792, (0, 8, 112, 139, 340, 122, 31, 15, 0)
True, True, 0.0092, (0, 171, 164, 63, 196, 326, 158, 5, 241, 0)
True, True, 0.0705, (0, 28, 100, 205, 144, 188, 350, 182, 0)
True, True, 0.019, (0, 176, 277, 266, 76, 396, 227, 270, 222, 0)
True, True, 0.0621, (0, 296, 57, 90, 5, 252, 403, 360, 0)
True, True, 0.2276, (0, 388, 313, 85, 402, 39, 337, 283, 117, 0)
True, True, 0.0459, (0, 83, 105, 260, 18, 164, 63, 171, 160, 0)
True, True, 0.4315, (0, 97, 148, 123, 78, 145, 163, 1, 144, 0)
True, True, 0.0674, (0, 225, 169, 383, 343, 67, 423, 125, 0)
True, True, 0.0149, (0, 193, 415, 194, 150, 338, 328, 92, 0)
True, True, 0.0178, (0, 135, 217, 230, 6, 312, 386, 96, 0)
True, True, 0.0094, (0, 182, 366, 188, 144, 205, 28, 103, 0)
True, True, 0.0715, (0, 305, 313, 283, 337, 79, 319, 1, 0)
True, True, 0.0301, (0, 78, 26, 64, 392, 226, 298, 91, 0)
True, True, 0.1583, (0, 209, 218, 300, 129, 285, 130, 55, 0)
True, True, 0.0621, (0, 305, 85, 184, 349, 315, 104, 177, 0)
True, True, 0.1675, (0, 20, 397, 87, 232, 57, 90, 241, 296, 0)
True, True, 0.0781, (0, 347, 49, 309, 141, 384, 93, 204, 0)
True, True, 0.3012, (0, 325, 11, 217, 6, 312, 407, 0)
True, True, 0.0571, (0, 347, 2, 169, 383, 343, 67, 39, 283, 0)
True, True, 0.1164, (0, 420, 250, 391, 68, 111, 304, 189, 0)
True, True, 0.0538, (0, 322, 178, 290, 244, 245, 340, 122, 362, 0)
True, True, 0.0286, (0, 351, 105, 260, 164, 63, 171, 360, 0)
True, True, 0.0783, (0, 251, 282, 263, 22, 272, 43, 86, 152, 0)
True, True, 0.0895, (0, 314, 342, 204, 168, 93, 271, 393, 0)
True, True, 0.3611, (0, 174, 32, 181, 220, 239, 357, 216, 269, 0)
True, True, 0.0607, (0, 57, 382, 426, 199, 14, 326, 403, 0)
True, True, 0.0361, (0, 130, 50, 259, 243, 213, 369, 329, 257, 0)
True, True, 0.038, (0, 113, 332, 127, 133, 335, 379, 357, 0)
True, True, 0.0533, (0, 97, 226, 93, 358, 271, 91, 0)
True, True, 0.09, (0, 274, 278, 314, 348, 143, 115, 179, 304, 0)
True, True, 0.0647, (0, 275, 9, 427, 153, 419, 19, 400, 0)
True, True, 0.1073, (0, 247, 282, 263, 22, 272, 43, 279, 46, 0)
True, True, 0.1385, (0, 287, 240, 116, 16, 222, 255, 155, 136, 0)
True, True, 0.1097, (0, 215, 301, 30, 279, 43, 272, 22, 263, 0)
True, True, 0.1939, (0, 230, 6, 312, 261, 386, 407, 183, 0)
True, True, 0.0781, (0, 204, 93, 384, 141, 309, 49, 2, 0)
True, True, 0.0097, (0, 152, 86, 272, 22, 263, 282, 247, 251, 0)
True, True, 0.0665, (0, 377, 313, 85, 402, 39, 125, 337, 117, 0)
True, True, 0.0363, (0, 384, 254, 309, 49, 2, 347, 10, 0)
True, True, 0.1422, (0, 423, 67, 343, 383, 169, 2, 347, 98, 0)
True, True, 0.227, (0, 53, 363, 210, 399, 212, 84, 162, 99, 0)
True, True, 0.0752, (0, 376, 201, 214, 338, 328, 44, 172, 92, 0)
True, True, 0.0752, (0, 92, 328, 172, 206, 338, 214, 201, 376, 0)
True, True, 0.1082, (0, 368, 167, 82, 203, 208, 147, 0)
True, True, 0.0179, (0, 152, 86, 299, 22, 263, 282, 251, 334, 0)
True, True, 0.1228, (0, 403, 158, 199, 426, 382, 232, 87, 397, 0)
True, True, 0.0651, (0, 136, 422, 417, 80, 197, 114, 0)
True, True, 0.0494, (0, 378, 351, 106, 18, 164, 63, 171, 318, 0)
True, True, 0.0752, (0, 376, 214, 233, 338, 206, 44, 328, 92, 0)
True, True, 0.1006, (0, 403, 158, 199, 426, 382, 232, 57, 399, 0)
True, True, 0.0005, (0, 61, 136, 155, 422, 255, 197, 320, 0)
True, True, 0.1032, (0, 304, 97, 91, 179, 115, 278, 274, 0)
True, True, 0.3692, (0, 50, 262, 259, 243, 288, 3, 102, 0)
True, True, 0.0533, (0, 148, 123, 392, 64, 26, 78, 163, 1, 0)
True, True, 0.0404, (0, 251, 263, 22, 272, 43, 279, 301, 86, 0)
True, True, 0.125, (0, 322, 290, 245, 258, 178, 198, 15, 0)
True, True, 0.1038, (0, 274, 278, 115, 91, 97, 1, 188, 0)
True, True, 0.1398, (0, 40, 112, 381, 413, 105, 351, 83, 0)
True, True, 0.223, (0, 412, 137, 192, 273, 107, 180, 275, 0)
True, True, 0.0094, (0, 40, 112, 34, 381, 413, 105, 83, 0)
True, True, 0.1492, (0, 8, 112, 34, 381, 156, 394, 390, 0)
True, True, 0.125, (0, 15, 198, 178, 245, 244, 258, 322, 0)
True, True, 0.0458, (0, 340, 245, 244, 290, 178, 198, 15, 0)
False, True, 0.1103, (0, 354, 269, 47, 228, 216, 190, 354, 0)
False, True, 0.0865, (0, 147, 256, 420, 414, 208, 147, 0)
False, True, 0.0831, (0, 68, 391, 274, 278, 115, 179, 68, 0)
True, True, 0.0253, (0, 362, 122, 245, 244, 290, 322, 198, 15, 0)
True, True, 0.0208, (0, 318, 171, 63, 164, 106, 260, 351, 83, 0)
False, True, 0.1707, (0, 399, 321, 403, 252, 5, 90, 241, 399, 0)
False, True, 0.0488, (0, 425, 406, 269, 404, 190, 354, 425, 0)
False, True, 0.1533, (0, 173, 136, 155, 395, 197, 114, 173, 0)
False, True, 0.0269, (0, 203, 424, 346, 301, 30, 215, 203, 0)
False, True, 0.2737, (0, 88, 253, 364, 33, 66, 170, 88, 0)
False, True, 0.0512, (0, 136, 287, 240, 116, 222, 422, 155, 136, 0)
False, True, 0.2918, (0, 166, 167, 334, 142, 251, 82, 166, 0)
False, True, 0.1286, (0, 374, 308, 310, 362, 31, 198, 15, 374, 0)
True, True, 0.0358, (0, 412, 137, 273, 107, 235, 180, 275, 0)
False, True, 0.0001, (0, 21, 324, 15, 198, 31, 122, 21, 0)
False, True, 0.0065, (0, 207, 246, 205, 100, 28, 103, 207, 0)
False, True, 0.0037, (0, 97, 226, 26, 64, 392, 123, 97, 0)
all_elementary, False
all_cyc2, True
