Instance, X-n449-k29
capacity, 777
min_trucks, 29
output_file, output_uchoa/X-n449-k29-SPPRC.log
Start date, 2022-07-03
Start time, 00-20-24
capacity, 777
num_vehicles, 29
abort_early, False
methods, ['SPPRC']
max_vars, 100
time_limit, 86400
farley, False
ESPPRC_heur, True
initial time, initial max_it, max_stale_it
1, 20000.0, 20
heuristic Number of routes, heuristic Best Solution Value, heuristic number of iterations, adjusted time, adjusted max_it, measured total time
561199, 56109.0, 20000, 1, 20000.0, 48700.6
method, python time, total time, propagated dominance time, unpropagated dominance time, pricing_success, upper_bound, lower_bound, abort_early, num_paths, 
SPPRC, 0.1, 861.8, 840.4, 16.5, 1, 54957.8062, 26950.9693, 0, 36344
SPPRC, 0.1, 741.2, 722.9, 13.8, 1, 54957.8062, 30668.9492, 0, 29741
SPPRC, 0.0, 789.8, 768.9, 16.0, 1, 54950.3456, 29380.3196, 0, 37367
SPPRC, 0.1, 878.4, 854.7, 18.1, 1, 54946.0496, 35399.4189, 0, 33397
SPPRC, 0.1, 802.6, 782.5, 14.3, 1, 54945.9824, 41787.4248, 0, 23043
SPPRC, 0.1, 898.6, 876.7, 15.9, 1, 54927.6356, 34774.415, 0, 27539
SPPRC, 0.1, 920.9, 899.3, 15.9, 1, 54927.6356, 39445.8227, 0, 26720
SPPRC, 0.1, 905.6, 884.1, 15.3, 1, 54927.6276, 43212.4231, 0, 21851
SPPRC, 0.1, 878.4, 858.2, 14.5, 1, 54906.3448, 45426.2091, 0, 20936
SPPRC, 0.1, 916.2, 893.0, 18.2, 1, 54881.1058, 35636.493, 0, 32386
SPPRC, 0.1, 896.0, 874.3, 15.5, 1, 54881.1058, 43825.818, 0, 22559
SPPRC, 0.1, 885.4, 863.7, 16.1, 1, 54858.5468, 44563.0836, 0, 22228
SPPRC, 0.1, 824.7, 806.1, 13.4, 1, 54856.1971, 45973.646, 0, 21437
SPPRC, 0.1, 922.4, 901.3, 15.2, 1, 54839.0511, 33649.3486, 0, 25831
SPPRC, 0.0, 924.7, 906.2, 13.7, 1, 54839.0511, 41064.8203, 0, 21677
SPPRC, 0.1, 922.2, 903.0, 14.1, 1, 54839.0511, 46686.0476, 0, 19684
SPPRC, 0.1, 800.1, 782.6, 12.5, 1, 54832.7631, 41355.9575, 0, 18804
SPPRC, 0.0, 804.3, 786.9, 12.3, 1, 54832.7631, 46998.4719, 0, 16965
SPPRC, 0.2, 804.1, 786.1, 12.8, 1, 54751.6336, 43958.5836, 0, 20106
SPPRC, 0.1, 714.8, 698.9, 11.0, 1, 54744.3512, 47148.7971, 0, 14610
SPPRC, 0.2, 939.0, 917.5, 16.3, 1, 54719.0087, 33385.8991, 0, 30945
SPPRC, 0.1, 814.6, 796.9, 12.5, 1, 54718.1021, 46090.374, 0, 15197
SPPRC, 0.1, 828.2, 811.3, 12.2, 1, 54704.7199, 47379.3919, 0, 14835
SPPRC, 0.2, 864.1, 846.2, 12.8, 1, 54688.2705, 47293.1651, 0, 15131
SPPRC, 0.1, 795.1, 777.7, 12.1, 1, 54684.5105, 47691.2522, 0, 13871
SPPRC, 0.0, 783.4, 766.9, 11.7, 1, 54586.1352, 47592.4199, 0, 14802
SPPRC, 0.1, 793.2, 776.1, 11.8, 1, 54561.0615, 48210.107, 0, 13111
SPPRC, 0.1, 784.0, 766.9, 12.0, 1, 54524.6916, 48015.078, 0, 14602
SPPRC, 0.1, 676.8, 660.3, 10.9, 1, 54490.2317, 46115.2696, 0, 14111
SPPRC, 0.0, 749.8, 733.5, 11.3, 1, 54489.1783, 49078.1814, 0, 11726
SPPRC, 0.1, 778.0, 761.6, 11.8, 1, 54414.9709, 45010.9783, 0, 14118
SPPRC, 0.1, 755.2, 738.5, 11.6, 1, 54414.9709, 46609.3143, 0, 12566
SPPRC, 0.0, 729.9, 714.5, 11.0, 1, 54411.9573, 47867.6753, 0, 12370
SPPRC, 0.1, 871.2, 852.2, 13.6, 1, 54402.9189, 39761.2764, 0, 19116
SPPRC, 0.1, 787.6, 771.0, 11.6, 1, 54402.9189, 47321.6322, 0, 12554
SPPRC, 0.0, 807.9, 790.0, 12.2, 1, 54399.4945, 48673.5933, 0, 10601
SPPRC, 0.0, 792.7, 775.7, 11.7, 1, 54355.5756, 44911.0045, 0, 13438
SPPRC, 0.1, 768.7, 751.1, 11.9, 1, 54355.291, 48179.283, 0, 11969
SPPRC, 0.0, 756.8, 741.0, 11.0, 1, 54355.291, 49020.3298, 0, 10960
SPPRC, 0.1, 794.2, 775.7, 12.2, 1, 54323.0602, 48889.3451, 0, 10787
SPPRC, 0.1, 808.5, 790.0, 12.3, 1, 54300.8652, 49138.1971, 0, 11380
SPPRC, 0.0, 804.4, 785.3, 12.9, 1, 54285.217, 47023.8822, 0, 11815
SPPRC, 0.0, 779.7, 762.9, 11.5, 1, 54284.8894, 49725.5844, 0, 9157
SPPRC, 0.1, 723.1, 708.0, 10.8, 1, 54259.76, 48995.8609, 0, 10779
SPPRC, 0.0, 758.0, 742.5, 11.0, 1, 54257.6931, 49837.1367, 0, 9671
SPPRC, 0.1, 719.9, 705.1, 10.6, 1, 54250.1064, 49456.2272, 0, 9287
SPPRC, 0.1, 683.2, 668.8, 10.3, 1, 54241.1553, 48634.6276, 0, 9416
SPPRC, 0.1, 716.5, 701.5, 10.7, 1, 54237.9557, 50187.5951, 0, 8648
SPPRC, 0.0, 733.3, 718.3, 10.6, 1, 54200.4732, 49426.1934, 0, 8025
SPPRC, 0.1, 695.3, 681.0, 10.0, 1, 54187.3865, 49876.7986, 0, 8657
SPPRC, 0.0, 745.0, 729.8, 10.8, 1, 54170.1392, 50171.3367, 0, 7949
SPPRC, 0.2, 787.4, 771.5, 11.4, 1, 54137.9568, 48122.6069, 0, 10087
SPPRC, 0.0, 737.8, 722.5, 10.9, 1, 54133.9838, 50438.7291, 0, 8147
SPPRC, 0.1, 745.2, 730.0, 10.8, 1, 54102.305, 49075.4463, 0, 8347
SPPRC, 0.1, 767.8, 751.5, 11.3, 1, 54092.0959, 48762.5656, 0, 8394
SPPRC, 0.0, 772.6, 754.6, 11.8, 1, 54089.6532, 50256.4487, 0, 7785
SPPRC, 0.1, 770.9, 752.5, 12.7, 1, 54064.6123, 44712.3766, 0, 14027
SPPRC, 0.1, 701.3, 684.9, 11.1, 1, 54063.7101, 45636.3094, 0, 9302
SPPRC, 0.1, 640.1, 625.6, 10.2, 1, 54061.9365, 50668.5533, 0, 6967
SPPRC, 0.1, 555.9, 542.5, 9.2, 1, 54036.9037, 49548.5486, 0, 7970
SPPRC, 0.1, 666.4, 650.9, 10.3, 1, 54031.721, 50148.1383, 0, 7539
SPPRC, 0.1, 669.7, 655.4, 10.1, 1, 54021.9002, 49747.1437, 0, 7052
SPPRC, 0.1, 676.7, 662.1, 10.4, 1, 54016.7881, 51066.173, 0, 6107
SPPRC, 0.1, 633.4, 619.6, 9.7, 1, 53984.3134, 51123.0404, 0, 5588
SPPRC, 0.1, 717.4, 702.3, 10.8, 1, 53940.2525, 49813.9743, 0, 6886
SPPRC, 0.1, 685.9, 671.4, 10.3, 1, 53932.0048, 50192.6564, 0, 6620
SPPRC, 0.1, 707.0, 692.2, 10.5, 1, 53927.5559, 50987.0388, 0, 5837
SPPRC, 0.1, 696.0, 680.7, 11.0, 1, 53882.8261, 49403.3483, 0, 6654
SPPRC, 0.0, 703.0, 688.0, 10.6, 1, 53880.638, 51194.5104, 0, 5622
SPPRC, 0.8, 938.7, 913.6, 20.5, 1, 53854.8705, 19930.2948, 0, 52384
SPPRC, 0.0, 656.6, 642.0, 10.3, 1, 53854.7083, 50477.8122, 0, 6905
SPPRC, 0.1, 643.9, 629.6, 10.1, 1, 53854.271, 51131.3981, 0, 5758
SPPRC, 0.0, 665.1, 650.3, 10.5, 1, 53823.8666, 50410.2423, 0, 6473
SPPRC, 0.1, 729.6, 714.3, 10.9, 1, 53821.8734, 51226.8973, 0, 5336
SPPRC, 0.1, 693.3, 677.6, 11.1, 1, 53782.2924, 51150.5011, 0, 5121
SPPRC, 0.1, 747.2, 730.7, 11.4, 1, 53769.3938, 50715.5409, 0, 4680
SPPRC, 0.1, 633.0, 619.1, 9.8, 1, 53764.4803, 50169.5467, 0, 4974
SPPRC, 0.1, 660.0, 645.6, 10.1, 1, 53762.884, 51581.4954, 0, 4567
SPPRC, 0.1, 690.1, 675.1, 10.8, 1, 53724.6836, 51082.5044, 0, 4648
SPPRC, 0.1, 728.2, 712.5, 11.1, 1, 53711.5086, 51133.6459, 0, 4710
SPPRC, 0.0, 701.4, 686.1, 10.7, 1, 53708.2013, 51307.6216, 0, 4412
SPPRC, 0.0, 704.4, 688.3, 11.7, 1, 53693.1754, 50650.4503, 0, 4153
SPPRC, 0.1, 666.6, 651.5, 10.9, 1, 53692.3107, 51933.6977, 0, 3730
SPPRC, 0.1, 600.2, 586.5, 9.6, 1, 53661.8663, 50593.3896, 0, 4218
SPPRC, 0.1, 548.1, 534.8, 9.4, 1, 53658.472, 51519.3549, 0, 3900
SPPRC, 0.1, 651.0, 636.3, 10.4, 1, 53648.8317, 51771.3472, 0, 3631
SPPRC, 0.0, 689.9, 674.5, 11.0, 1, 53624.5897, 50991.6281, 0, 4109
SPPRC, 0.1, 631.5, 617.1, 10.3, 1, 53615.2313, 51475.7577, 0, 3277
SPPRC, 0.1, 612.0, 598.1, 9.8, 1, 53600.814, 50797.6912, 0, 3443
SPPRC, 0.1, 698.7, 683.9, 10.5, 1, 53598.3629, 51849.3329, 0, 3075
SPPRC, 0.1, 700.7, 685.0, 11.4, 1, 53567.8141, 50984.6163, 0, 4022
SPPRC, 0.1, 710.7, 695.5, 10.9, 1, 53566.4456, 51602.9333, 0, 3344
SPPRC, 0.1, 664.5, 649.7, 10.6, 1, 53552.712, 50318.834, 0, 4090
SPPRC, 0.1, 637.7, 623.2, 10.4, 1, 53551.9449, 51888.3233, 0, 2918
SPPRC, 0.1, 633.9, 619.2, 10.6, 1, 53537.8337, 51057.1467, 0, 3531
SPPRC, 0.1, 599.5, 585.4, 10.0, 1, 53532.5662, 52048.3701, 0, 2689
SPPRC, 0.1, 554.4, 540.9, 9.5, 1, 53512.9675, 50759.04, 0, 3300
SPPRC, 0.0, 476.0, 462.8, 9.2, 1, 53512.3304, 51818.9774, 0, 2676
SPPRC, 0.1, 616.4, 602.1, 10.1, 1, 53501.7118, 51646.7819, 0, 2607
SPPRC, 0.1, 662.2, 646.8, 11.0, 1, 53498.7312, 51378.8098, 0, 2553
SPPRC, 0.1, 589.5, 574.5, 10.7, 1, 53497.2027, 51985.3204, 0, 2283
SPPRC, 0.0, 733.7, 717.4, 10.9, 1, 53493.1998, 52442.4891, 0, 1957
SPPRC, 0.1, 803.9, 787.0, 12.3, 1, 53467.8009, 50091.5653, 0, 4419
SPPRC, 0.0, 790.2, 773.0, 12.3, 1, 53467.4568, 52050.1567, 0, 2204
SPPRC, 0.1, 810.6, 793.7, 12.3, 1, 53458.2119, 52430.949, 0, 2014
SPPRC, 0.0, 764.2, 748.0, 11.6, 1, 53445.0127, 52110.6836, 0, 1818
SPPRC, 0.0, 756.9, 740.8, 11.5, 1, 53434.2469, 51442.4997, 0, 2361
SPPRC, 0.0, 750.4, 734.4, 11.4, 1, 53433.3506, 52165.1024, 0, 1846
SPPRC, 0.1, 804.8, 787.5, 12.3, 1, 53423.0646, 52432.6191, 0, 1669
SPPRC, 0.0, 722.5, 706.4, 11.6, 1, 53411.4282, 52403.352, 0, 1534
SPPRC, 0.1, 681.6, 666.3, 11.0, 1, 53398.5077, 52368.0277, 0, 1421
SPPRC, 0.1, 670.6, 655.3, 11.1, 1, 53385.9128, 52422.8975, 0, 1339
SPPRC, 0.0, 699.0, 683.4, 11.1, 1, 53376.0174, 52602.4173, 0, 1121
SPPRC, 0.1, 734.9, 718.6, 11.6, 1, 53356.4936, 52415.7847, 0, 1337
SPPRC, 0.1, 748.2, 731.9, 11.8, 1, 53349.5439, 52681.7454, 0, 1065
SPPRC, 0.0, 702.7, 687.1, 11.2, 1, 53337.075, 52472.0292, 0, 1048
SPPRC, 0.1, 741.1, 724.9, 11.6, 1, 53331.3318, 52678.6412, 0, 897
SPPRC, 0.1, 733.8, 717.8, 11.5, 1, 53320.9164, 52653.8165, 0, 873
SPPRC, 0.1, 706.6, 690.9, 11.3, 1, 53314.0091, 52740.7325, 0, 761
SPPRC, 0.0, 752.9, 736.5, 11.8, 1, 53302.4997, 52869.7157, 0, 610
SPPRC, 0.1, 771.1, 754.4, 12.1, 1, 53295.606, 52664.1078, 0, 631
SPPRC, 0.1, 730.3, 714.4, 11.4, 1, 53290.222, 52665.3784, 0, 602
SPPRC, 0.0, 735.9, 719.8, 11.6, 1, 53284.4978, 52687.9035, 0, 545
SPPRC, 0.0, 779.5, 762.7, 12.1, 1, 53277.5959, 52836.0076, 0, 474
SPPRC, 0.1, 799.1, 781.8, 12.5, 1, 53269.021, 52925.3398, 0, 441
SPPRC, 0.1, 726.4, 710.1, 11.7, 1, 53264.4759, 52980.5035, 0, 352
SPPRC, 0.1, 792.3, 774.8, 12.3, 1, 53258.7641, 52933.7081, 0, 303
SPPRC, 0.1, 831.1, 813.3, 12.8, 1, 53255.0815, 53057.1821, 0, 231
SPPRC, 0.1, 793.8, 777.0, 12.1, 1, 53252.961, 53081.5352, 0, 222
SPPRC, 0.1, 765.1, 748.7, 11.9, 1, 53251.1365, 53076.9565, 0, 141
SPPRC, 0.1, 792.3, 775.7, 12.0, 1, 53249.7878, 53117.9358, 0, 86
SPPRC, 0.1, 787.4, 770.8, 12.0, 1, 53249.197, 53184.6421, 0, 68
SPPRC, 0.0, 787.4, 770.8, 11.9, 1, 53248.8377, 53197.05, 0, 29
SPPRC, 0.1, 781.5, 765.0, 11.9, 1, 53248.6685, 53223.3746, 0, 13
SPPRC, 0.0, 783.9, 767.5, 11.8, 1, 53248.6534, 53248.1069, 0, 2
SPPRC, 0.0, 803.2, 786.5, 12.0, 1, 53248.6533, 53248.6533, 0, 0
scip_total_time, 153973.114357
Solval, number of paths, impact cutoff
53248.65327870019, 426, 0.0001
Elementary, 2-Cycle, Path Value, Path
True, True, 0.0776, (0, 352, 46, 158, 277, 209, 78, 364, 400, 392, 112, 8, 111, 0)
False, False, 0.0905, (0, 349, 322, 280, 322, 280, 322, 280, 322, 280, 322, 280, 322, 280, 322, 349, 0)
False, False, 0.0629, (0, 152, 288, 381, 368, 63, 368, 63, 368, 63, 368, 63, 368, 63, 368, 63, 368, 345, 0)
False, False, 0.1016, (0, 182, 89, 408, 310, 408, 310, 408, 310, 408, 310, 408, 310, 408, 89, 0)
False, False, 0.0062, (0, 288, 89, 408, 310, 408, 310, 408, 310, 408, 310, 408, 310, 408, 89, 0)
False, False, 0.1833, (0, 435, 343, 416, 271, 416, 271, 416, 271, 416, 271, 416, 343, 101, 0)
False, False, 0.2, (0, 179, 151, 252, 176, 125, 176, 125, 176, 125, 176, 125, 176, 151, 0)
False, False, 0.0182, (0, 435, 294, 12, 359, 127, 168, 264, 279, 164, 279, 164, 279, 164, 279, 264, 168, 127, 359, 12, 70, 0)
False, False, 0.064, (0, 252, 331, 345, 331, 345, 331, 345, 331, 345, 331, 252, 151, 0)
False, False, 0.0584, (0, 236, 84, 85, 429, 419, 224, 419, 224, 419, 224, 419, 429, 85, 84, 236, 0)
False, False, 0.0613, (0, 152, 288, 381, 335, 284, 103, 284, 103, 284, 103, 284, 103, 284, 103, 284, 103, 345, 0)
False, False, 0.1964, (0, 241, 391, 133, 286, 133, 286, 133, 286, 133, 286, 133, 286, 208, 217, 406, 0)
False, False, 0.0992, (0, 126, 143, 48, 11, 38, 11, 38, 11, 38, 11, 38, 11, 38, 11, 48, 143, 126, 0)
False, False, 0.0865, (0, 85, 249, 113, 389, 440, 389, 440, 389, 440, 389, 113, 85, 0)
False, False, 0.0201, (0, 103, 376, 70, 435, 101, 435, 101, 435, 101, 435, 101, 435, 101, 435, 101, 435, 101, 435, 101, 435, 70, 376, 284, 103, 0)
False, False, 0.0151, (0, 27, 411, 9, 411, 9, 411, 9, 411, 9, 411, 9, 411, 9, 411, 9, 411, 27, 0)
False, False, 0.1429, (0, 80, 318, 117, 92, 380, 92, 380, 92, 380, 92, 380, 92, 117, 318, 309, 259, 0)
False, False, 0.1727, (0, 429, 360, 130, 409, 276, 244, 276, 244, 276, 244, 276, 409, 130, 360, 0)
False, False, 0.1171, (0, 111, 47, 315, 156, 193, 374, 158, 374, 158, 374, 193, 156, 315, 382, 0)
False, True, 0.1417, (0, 10, 340, 248, 45, 272, 100, 437, 90, 100, 272, 45, 248, 340, 0)
False, False, 0.0519, (0, 179, 252, 152, 288, 256, 267, 83, 267, 83, 267, 256, 238, 0)
False, False, 0.0617, (0, 60, 332, 2, 263, 363, 228, 96, 228, 96, 228, 363, 263, 2, 60, 0)
False, False, 0.0144, (0, 51, 185, 173, 162, 64, 307, 401, 307, 401, 307, 401, 307, 401, 307, 401, 307, 401, 307, 401, 307, 64, 162, 173, 185, 182, 0)
False, False, 0.0158, (0, 60, 332, 362, 357, 265, 357, 265, 357, 265, 357, 265, 357, 265, 357, 265, 357, 362, 332, 60, 21, 0)
False, False, 0.0018, (0, 266, 77, 323, 245, 116, 441, 247, 441, 247, 441, 116, 245, 323, 77, 0)
False, False, 0.1069, (0, 72, 312, 86, 383, 404, 141, 95, 141, 95, 141, 95, 141, 404, 383, 86, 53, 312, 72, 0)
False, False, 0.0032, (0, 113, 389, 71, 37, 384, 37, 384, 37, 71, 113, 249, 0)
False, False, 0.0065, (0, 72, 312, 86, 383, 95, 141, 95, 141, 95, 141, 95, 383, 86, 53, 312, 0)
False, False, 0.1111, (0, 1, 55, 332, 278, 447, 278, 447, 278, 447, 278, 447, 278, 332, 55, 21, 0)
False, False, 0.0418, (0, 80, 318, 117, 31, 129, 36, 129, 36, 129, 31, 117, 318, 80, 0)
False, False, 0.0808, (0, 376, 70, 435, 294, 370, 422, 436, 422, 436, 422, 436, 422, 370, 294, 70, 376, 0)
False, False, 0.1618, (0, 9, 198, 1, 299, 236, 84, 200, 84, 200, 84, 200, 84, 236, 299, 1, 9, 0)
False, False, 0.2387, (0, 51, 185, 173, 162, 64, 377, 146, 377, 146, 377, 146, 264, 168, 127, 359, 294, 0)
False, False, 0.2108, (0, 333, 220, 22, 220, 22, 220, 22, 220, 22, 34, 7, 147, 121, 0)
False, False, 0.0155, (0, 349, 291, 212, 240, 361, 305, 361, 305, 361, 49, 240, 6, 71, 0)
False, False, 0.0043, (0, 198, 200, 203, 255, 203, 255, 203, 255, 203, 255, 203, 200, 84, 236, 299, 1, 0)
False, False, 0.0384, (0, 197, 113, 5, 177, 5, 177, 5, 177, 5, 177, 5, 177, 5, 177, 5, 113, 197, 0)
False, False, 0.0406, (0, 186, 348, 442, 119, 65, 98, 65, 98, 65, 98, 65, 98, 65, 119, 442, 348, 186, 0)
False, False, 0.0405, (0, 21, 60, 2, 263, 363, 301, 363, 301, 363, 301, 363, 263, 2, 263, 2, 60, 0)
False, False, 0.2362, (0, 154, 316, 313, 132, 242, 321, 225, 394, 43, 94, 43, 394, 225, 321, 242, 132, 313, 393, 0)
False, False, 0.0709, (0, 139, 223, 325, 395, 190, 371, 36, 129, 36, 371, 190, 395, 325, 223, 446, 404, 0)
False, False, 0.0982, (0, 216, 379, 295, 23, 443, 73, 369, 110, 369, 110, 369, 73, 443, 23, 295, 379, 202, 0)
False, False, 0.2065, (0, 282, 47, 315, 76, 41, 166, 367, 166, 367, 166, 41, 76, 315, 282, 111, 0)
False, False, 0.0369, (0, 206, 154, 316, 293, 150, 88, 150, 88, 150, 88, 150, 88, 150, 88, 150, 293, 210, 154, 206, 175, 0)
False, False, 0.0109, (0, 125, 238, 350, 111, 350, 111, 350, 111, 350, 111, 350, 111, 350, 111, 350, 111, 350, 111, 350, 323, 77, 266, 187, 0)
False, False, 0.0833, (0, 216, 234, 379, 295, 23, 443, 290, 274, 334, 274, 334, 274, 290, 443, 23, 295, 379, 216, 202, 0)
False, False, 0.0382, (0, 45, 326, 68, 227, 358, 58, 128, 58, 358, 227, 68, 326, 410, 0)
False, False, 0.0074, (0, 341, 181, 147, 75, 44, 19, 104, 196, 269, 18, 269, 196, 104, 19, 44, 75, 147, 181, 341, 0)
False, False, 0.0199, (0, 179, 152, 335, 268, 348, 170, 308, 170, 308, 170, 348, 268, 335, 0)
False, False, 0.0226, (0, 292, 317, 62, 366, 302, 91, 302, 91, 258, 157, 329, 218, 138, 18, 254, 235, 174, 0)
False, False, 0.0483, (0, 436, 12, 310, 127, 168, 264, 279, 164, 279, 164, 279, 164, 279, 264, 168, 359, 12, 0)
False, False, 0.0882, (0, 350, 116, 441, 247, 337, 25, 337, 25, 337, 25, 337, 25, 337, 25, 337, 25, 337, 25, 337, 25, 247, 441, 116, 350, 0)
False, False, 0.0846, (0, 158, 333, 169, 373, 251, 373, 79, 78, 364, 400, 303, 0)
False, False, 0.1129, (0, 381, 186, 192, 142, 421, 142, 421, 142, 421, 142, 192, 186, 288, 152, 0)
False, False, 0.1722, (0, 13, 212, 199, 49, 398, 213, 398, 213, 398, 49, 199, 24, 291, 349, 74, 0)
False, False, 0.0252, (0, 411, 85, 429, 357, 265, 233, 201, 155, 201, 155, 201, 155, 201, 233, 265, 357, 429, 85, 236, 0)
False, True, 0.1492, (0, 430, 344, 386, 356, 124, 15, 159, 29, 15, 124, 356, 432, 0)
False, False, 0.1156, (0, 379, 295, 23, 290, 73, 110, 369, 110, 369, 110, 369, 110, 73, 443, 23, 295, 379, 202, 0)
False, False, 0.25, (0, 30, 257, 412, 211, 413, 211, 413, 211, 413, 211, 412, 257, 30, 0)
False, False, 0.0051, (0, 430, 344, 356, 15, 159, 29, 159, 29, 159, 29, 10, 171, 430, 0)
False, False, 0.0669, (0, 268, 161, 89, 51, 89, 51, 89, 51, 89, 161, 182, 436, 376, 0)
False, False, 0.0511, (0, 74, 261, 291, 24, 291, 24, 212, 24, 212, 24, 291, 261, 349, 0)
False, False, 0.1143, (0, 262, 59, 417, 259, 417, 259, 417, 259, 417, 230, 417, 59, 262, 0)
False, False, 0.0475, (0, 205, 230, 206, 148, 415, 136, 415, 136, 415, 136, 415, 148, 206, 230, 205, 175, 0)
False, False, 0.0134, (0, 206, 154, 316, 293, 137, 293, 137, 239, 137, 239, 137, 293, 316, 154, 206, 0)
False, False, 0.0166, (0, 175, 205, 230, 206, 136, 415, 136, 415, 136, 415, 136, 415, 136, 206, 230, 205, 175, 0)
False, False, 0.0022, (0, 60, 332, 2, 82, 2, 82, 2, 82, 2, 82, 2, 332, 55, 1, 198, 411, 0)
False, False, 0.0087, (0, 246, 48, 11, 38, 281, 369, 110, 369, 110, 369, 281, 38, 11, 48, 143, 10, 0)
False, False, 0.0818, (0, 14, 406, 217, 208, 153, 347, 131, 232, 131, 232, 131, 347, 153, 217, 406, 0)
False, False, 0.0599, (0, 382, 315, 156, 193, 374, 277, 209, 277, 209, 277, 374, 193, 156, 41, 207, 0)
False, False, 0.0452, (0, 186, 348, 442, 119, 65, 98, 69, 98, 69, 98, 69, 98, 69, 98, 65, 119, 442, 348, 186, 0)
False, False, 0.0369, (0, 210, 239, 88, 150, 88, 150, 88, 150, 88, 150, 88, 150, 88, 150, 88, 150, 88, 239, 210, 0)
False, False, 0.1131, (0, 122, 312, 53, 311, 86, 311, 86, 311, 86, 311, 53, 312, 122, 0)
False, False, 0.0734, (0, 250, 355, 260, 424, 260, 424, 260, 424, 260, 355, 143, 126, 0)
False, False, 0.1505, (0, 335, 268, 348, 308, 170, 308, 170, 308, 170, 308, 268, 335, 0)
False, False, 0.2371, (0, 300, 145, 226, 54, 226, 54, 226, 54, 145, 300, 262, 0)
False, False, 0.1066, (0, 284, 376, 70, 435, 294, 370, 422, 370, 422, 370, 343, 101, 435, 70, 376, 284, 0)
False, False, 0.0693, (0, 135, 431, 194, 329, 157, 258, 91, 258, 157, 329, 194, 431, 135, 207, 0)
False, False, 0.0353, (0, 288, 51, 185, 173, 162, 289, 64, 289, 64, 289, 64, 289, 64, 289, 162, 173, 185, 51, 89, 182, 0)
False, False, 0.0945, (0, 152, 381, 368, 63, 335, 63, 335, 63, 335, 63, 368, 345, 331, 0)
False, False, 0.0936, (0, 60, 2, 263, 363, 301, 363, 301, 363, 301, 363, 263, 2, 332, 55, 21, 0)
False, False, 0.024, (0, 381, 186, 192, 421, 142, 421, 142, 421, 142, 421, 192, 186, 381, 288, 152, 0)
False, False, 0.033, (0, 116, 247, 175, 205, 102, 205, 102, 205, 102, 205, 102, 205, 54, 226, 175, 247, 116, 0)
False, False, 0.0582, (0, 126, 143, 48, 358, 128, 327, 281, 327, 281, 327, 281, 327, 281, 327, 281, 327, 281, 38, 11, 48, 246, 0)
False, False, 0.1844, (0, 27, 411, 9, 198, 299, 55, 299, 55, 1, 198, 9, 27, 0)
False, False, 0.04, (0, 360, 130, 409, 195, 163, 195, 163, 195, 163, 195, 409, 107, 14, 0)
False, False, 0.1772, (0, 391, 340, 403, 50, 403, 50, 403, 50, 403, 50, 403, 50, 72, 262, 0)
False, False, 0.0788, (0, 187, 266, 77, 323, 350, 323, 350, 323, 350, 323, 350, 323, 350, 323, 350, 111, 350, 323, 77, 266, 187, 0)
False, False, 0.0031, (0, 74, 291, 24, 199, 213, 420, 339, 420, 339, 420, 339, 420, 213, 199, 24, 291, 349, 202, 0)
False, False, 0.2491, (0, 10, 217, 153, 347, 131, 232, 131, 232, 131, 347, 244, 140, 107, 14, 0)
False, False, 0.1378, (0, 303, 402, 415, 144, 20, 426, 134, 426, 134, 426, 134, 426, 134, 251, 169, 418, 0)
False, False, 0.1492, (0, 74, 291, 24, 199, 49, 361, 305, 361, 49, 240, 6, 71, 0)
False, False, 0.0197, (0, 121, 147, 75, 44, 19, 196, 269, 196, 269, 196, 269, 196, 19, 44, 75, 147, 121, 341, 0)
False, False, 0.1011, (0, 27, 411, 9, 198, 299, 55, 299, 55, 299, 1, 198, 9, 0)
False, False, 0.0132, (0, 442, 69, 42, 121, 147, 75, 7, 34, 7, 34, 7, 75, 147, 121, 181, 46, 0)
False, False, 0.1207, (0, 80, 309, 283, 214, 283, 214, 283, 214, 283, 214, 309, 80, 353, 99, 0)
False, False, 0.0875, (0, 171, 406, 217, 208, 405, 208, 405, 208, 405, 208, 405, 208, 217, 406, 171, 0)
False, False, 0.0207, (0, 248, 45, 250, 410, 427, 439, 120, 326, 120, 439, 427, 410, 250, 45, 248, 0)
False, False, 0.346, (0, 382, 8, 112, 392, 400, 364, 78, 364, 400, 392, 112, 8, 0)
False, False, 0.143, (0, 378, 338, 328, 16, 222, 191, 165, 184, 165, 184, 165, 184, 165, 191, 222, 16, 328, 338, 378, 0)
False, False, 0.1532, (0, 186, 348, 442, 119, 65, 119, 65, 119, 65, 119, 65, 119, 442, 348, 186, 0)
False, False, 0.1078, (0, 432, 391, 375, 444, 375, 444, 375, 444, 375, 444, 375, 444, 375, 391, 159, 344, 0)
False, False, 0.0041, (0, 262, 300, 145, 59, 122, 50, 403, 50, 403, 50, 403, 340, 286, 208, 10, 0)
False, False, 0.0809, (0, 250, 326, 68, 227, 68, 227, 68, 227, 68, 326, 250, 0)
False, False, 0.1407, (0, 436, 12, 127, 168, 264, 164, 279, 164, 279, 164, 279, 164, 264, 168, 127, 359, 12, 436, 0)
False, False, 0.0442, (0, 378, 338, 328, 177, 191, 184, 165, 184, 165, 184, 165, 184, 165, 184, 222, 16, 328, 338, 378, 0)
False, False, 0.0704, (0, 376, 70, 435, 101, 343, 370, 422, 436, 422, 370, 343, 101, 294, 70, 376, 0)
False, False, 0.0002, (0, 263, 30, 201, 155, 397, 155, 397, 155, 397, 155, 201, 233, 265, 357, 429, 236, 0)
True, True, 0.0769, (0, 207, 193, 251, 426, 306, 390, 354, 62, 178, 366, 302, 91, 258, 157, 329, 438, 218, 138, 18, 254, 235, 174, 0)
False, False, 0.25, (0, 352, 46, 181, 167, 172, 167, 172, 167, 172, 167, 172, 46, 352, 0)
False, False, 0.0865, (0, 326, 139, 325, 395, 190, 371, 36, 129, 36, 129, 31, 117, 318, 309, 0)
False, False, 0.0784, (0, 383, 404, 446, 223, 215, 35, 215, 35, 215, 35, 215, 223, 446, 385, 0)
False, False, 0.0932, (0, 126, 143, 48, 38, 281, 369, 110, 369, 110, 369, 110, 73, 443, 23, 295, 379, 0)
False, False, 0.0713, (0, 120, 446, 223, 215, 35, 215, 35, 215, 35, 215, 223, 446, 120, 0)
False, False, 0.0901, (0, 411, 236, 85, 429, 419, 224, 419, 224, 419, 224, 233, 265, 357, 429, 85, 236, 411, 0)
False, False, 0.0815, (0, 255, 360, 130, 409, 140, 107, 140, 107, 140, 107, 140, 107, 140, 409, 130, 360, 203, 0)
False, False, 0.0123, (0, 353, 385, 427, 120, 446, 139, 58, 128, 58, 128, 58, 128, 58, 358, 227, 355, 246, 0)
False, False, 0.0832, (0, 320, 13, 6, 384, 37, 384, 37, 384, 37, 71, 389, 0)
False, False, 0.126, (0, 103, 376, 70, 435, 101, 343, 370, 422, 370, 422, 370, 294, 101, 435, 70, 376, 0)
False, False, 0.25, (0, 27, 296, 93, 296, 93, 296, 93, 296, 93, 27, 0)
False, False, 0.2, (0, 197, 320, 275, 297, 253, 297, 253, 297, 253, 297, 253, 297, 275, 320, 81, 163, 0)
False, False, 0.0375, (0, 14, 255, 360, 107, 140, 107, 140, 107, 140, 107, 140, 107, 140, 107, 140, 107, 140, 107, 255, 0)
False, False, 0.1243, (0, 14, 200, 203, 255, 406, 29, 159, 29, 15, 124, 356, 432, 241, 430, 0)
False, False, 0.0683, (0, 14, 197, 113, 440, 13, 440, 13, 440, 389, 113, 197, 14, 0)
False, False, 0.1198, (0, 207, 156, 374, 418, 209, 277, 209, 277, 209, 277, 374, 156, 0)
False, False, 0.0734, (0, 45, 250, 355, 424, 260, 424, 260, 424, 260, 424, 355, 143, 126, 10, 0)
False, False, 0.0332, (0, 101, 343, 416, 271, 359, 271, 359, 271, 359, 271, 359, 271, 359, 271, 359, 271, 416, 343, 101, 0)
False, False, 0.2431, (0, 248, 396, 28, 26, 28, 26, 28, 26, 28, 396, 246, 232, 0)
False, False, 0.0358, (0, 353, 312, 86, 383, 404, 141, 95, 141, 95, 141, 95, 141, 404, 383, 86, 311, 312, 353, 0)
False, False, 0.0087, (0, 341, 121, 147, 75, 44, 104, 196, 269, 196, 269, 196, 269, 196, 104, 19, 44, 75, 121, 181, 0)
False, False, 0.0683, (0, 385, 100, 410, 427, 439, 427, 439, 427, 439, 427, 410, 100, 385, 72, 0)
False, False, 0.0409, (0, 21, 60, 2, 263, 301, 228, 96, 228, 96, 228, 96, 228, 96, 228, 263, 2, 60, 0)
False, False, 0.1429, (0, 206, 154, 316, 210, 293, 137, 239, 380, 92, 380, 92, 380, 117, 318, 309, 80, 0)
False, False, 0.02, (0, 313, 132, 242, 321, 225, 394, 43, 94, 66, 229, 66, 229, 66, 229, 66, 229, 66, 229, 351, 129, 31, 318, 0)
False, False, 0.0279, (0, 313, 132, 242, 321, 225, 394, 43, 94, 66, 229, 66, 229, 66, 229, 351, 129, 35, 325, 223, 446, 0)
False, False, 0.0256, (0, 393, 292, 317, 62, 178, 366, 178, 366, 178, 366, 178, 366, 178, 366, 178, 62, 354, 390, 306, 292, 0)
False, False, 0.0758, (0, 69, 42, 314, 3, 445, 407, 433, 97, 433, 97, 433, 97, 433, 407, 445, 3, 114, 42, 0)
False, False, 0.1647, (0, 89, 185, 173, 162, 289, 64, 289, 162, 289, 64, 289, 64, 289, 162, 173, 185, 89, 0)
False, False, 0.0517, (0, 51, 185, 173, 162, 407, 97, 433, 97, 433, 97, 407, 97, 407, 445, 3, 114, 42, 0)
False, False, 0.0999, (0, 436, 12, 359, 342, 346, 342, 346, 342, 346, 342, 346, 342, 346, 342, 346, 342, 346, 342, 346, 342, 346, 343, 294, 70, 0)
False, False, 0.0714, (0, 74, 253, 291, 24, 199, 213, 339, 420, 339, 420, 339, 213, 398, 49, 240, 6, 71, 0)
False, False, 0.0318, (0, 21, 332, 362, 357, 265, 357, 265, 357, 265, 357, 265, 357, 265, 357, 265, 357, 265, 357, 362, 332, 1, 0)
False, False, 0.0711, (0, 381, 268, 161, 182, 161, 182, 161, 182, 161, 182, 161, 436, 422, 294, 70, 376, 0)
False, False, 0.0188, (0, 51, 185, 173, 162, 377, 146, 401, 307, 401, 307, 401, 307, 401, 307, 401, 307, 401, 307, 401, 264, 127, 359, 12, 0)
False, False, 0.0049, (0, 130, 163, 81, 320, 81, 320, 81, 320, 81, 320, 81, 320, 275, 81, 275, 81, 163, 130, 0)
False, False, 0.0107, (0, 171, 10, 29, 391, 444, 375, 444, 375, 444, 375, 444, 391, 29, 10, 171, 0)
False, False, 0.0728, (0, 263, 30, 201, 155, 319, 87, 319, 87, 319, 87, 319, 155, 201, 30, 301, 263, 0)
False, False, 0.0078, (0, 98, 42, 114, 3, 445, 3, 445, 3, 445, 3, 445, 3, 445, 3, 445, 3, 445, 3, 445, 3, 445, 3, 445, 3, 445, 3, 445, 3, 445, 3, 114, 42, 69, 0)
False, False, 0.0311, (0, 114, 3, 445, 407, 97, 433, 97, 433, 97, 433, 97, 407, 97, 407, 445, 3, 114, 0)
False, False, 0.1532, (0, 10, 202, 74, 349, 448, 261, 448, 261, 448, 261, 448, 261, 448, 349, 347, 202, 10, 0)
False, False, 0.0503, (0, 399, 99, 219, 118, 219, 118, 219, 118, 219, 118, 219, 118, 219, 99, 399, 425, 0)
False, False, 0.026, (0, 72, 45, 250, 396, 250, 396, 250, 396, 250, 90, 100, 385, 72, 0)
False, False, 0.136, (0, 136, 148, 52, 189, 221, 189, 221, 189, 221, 189, 221, 189, 52, 148, 0)
False, False, 0.0116, (0, 341, 181, 7, 34, 431, 194, 115, 270, 115, 270, 115, 194, 431, 135, 34, 0)
False, False, 0.1289, (0, 340, 248, 45, 272, 437, 90, 437, 90, 437, 90, 272, 45, 248, 340, 0)
False, False, 0.1535, (0, 151, 252, 152, 288, 256, 267, 83, 267, 83, 256, 238, 151, 0)
False, False, 0.057, (0, 206, 316, 210, 293, 137, 239, 137, 239, 137, 293, 210, 316, 154, 206, 179, 0)
True, True, 0.2295, (0, 207, 193, 426, 306, 317, 62, 178, 366, 302, 91, 258, 157, 329, 438, 218, 138, 18, 254, 235, 174, 0)
False, False, 0.0883, (0, 12, 127, 168, 264, 146, 377, 146, 377, 146, 377, 64, 162, 173, 51, 0)
False, False, 0.0764, (0, 360, 130, 409, 276, 244, 276, 244, 276, 244, 276, 409, 130, 360, 84, 236, 0)
False, False, 0.1429, (0, 440, 6, 106, 336, 106, 336, 106, 336, 106, 336, 106, 336, 106, 336, 106, 336, 384, 71, 0)
False, False, 0.0764, (0, 382, 221, 313, 132, 242, 321, 225, 394, 43, 94, 56, 94, 43, 394, 225, 321, 242, 132, 313, 0)
False, False, 0.0954, (0, 82, 301, 30, 397, 87, 273, 4, 273, 4, 273, 87, 319, 155, 201, 30, 301, 82, 0)
False, False, 0.1304, (0, 198, 200, 203, 255, 203, 255, 203, 255, 203, 255, 203, 200, 84, 236, 1, 198, 411, 0)
False, False, 0.1679, (0, 207, 193, 418, 78, 79, 20, 183, 123, 183, 123, 183, 20, 393, 144, 415, 402, 0)
False, False, 0.0219, (0, 187, 266, 77, 425, 434, 245, 434, 425, 77, 266, 187, 0)
False, False, 0.0291, (0, 247, 175, 205, 230, 417, 230, 259, 230, 259, 230, 259, 230, 102, 205, 175, 247, 0)
False, False, 0.0252, (0, 197, 71, 384, 37, 384, 37, 384, 37, 384, 71, 389, 0)
False, False, 0.1494, (0, 216, 23, 443, 290, 274, 334, 73, 334, 73, 334, 274, 290, 216, 0)
False, False, 0.0141, (0, 47, 315, 8, 112, 303, 392, 303, 392, 303, 392, 303, 392, 303, 392, 303, 392, 303, 112, 8, 315, 47, 0)
False, False, 0.0183, (0, 47, 76, 41, 285, 156, 193, 374, 158, 374, 193, 156, 285, 41, 76, 207, 47, 111, 0)
False, False, 0.0463, (0, 179, 252, 152, 288, 381, 368, 63, 368, 63, 368, 63, 368, 63, 368, 63, 368, 381, 152, 252, 0)
False, False, 0.0273, (0, 268, 161, 182, 161, 182, 161, 182, 161, 182, 161, 182, 161, 442, 348, 288, 0)
False, False, 0.0448, (0, 294, 12, 359, 127, 168, 264, 279, 164, 279, 164, 279, 164, 279, 264, 168, 127, 310, 12, 294, 0)
False, False, 0.114, (0, 187, 425, 423, 108, 423, 108, 423, 108, 423, 108, 423, 425, 266, 0)
False, False, 0.1809, (0, 187, 266, 77, 425, 434, 245, 434, 245, 434, 323, 238, 0)
False, False, 0.0147, (0, 436, 12, 271, 359, 127, 264, 279, 164, 279, 164, 279, 164, 279, 264, 168, 127, 310, 12, 0)
False, False, 0.0168, (0, 436, 12, 359, 127, 168, 346, 342, 346, 342, 346, 342, 346, 342, 346, 342, 346, 342, 168, 127, 359, 12, 436, 0)
False, False, 0.0416, (0, 238, 350, 382, 282, 441, 247, 441, 247, 441, 116, 245, 323, 77, 266, 0)
False, False, 0.071, (0, 179, 238, 350, 245, 434, 245, 434, 245, 434, 77, 187, 0)
False, False, 0.052, (0, 126, 143, 48, 358, 227, 358, 227, 358, 227, 68, 227, 68, 227, 355, 246, 0)
False, False, 0.0268, (0, 13, 212, 240, 361, 305, 361, 305, 361, 49, 240, 212, 13, 0)
False, False, 0.03, (0, 378, 338, 328, 16, 222, 16, 32, 304, 32, 304, 32, 304, 32, 304, 32, 304, 32, 16, 328, 338, 378, 0)
False, False, 0.2258, (0, 187, 241, 180, 17, 386, 105, 386, 105, 171, 105, 171, 105, 386, 344, 430, 0)
False, False, 0.1287, (0, 360, 409, 195, 163, 195, 163, 195, 163, 195, 130, 360, 14, 0)
False, False, 0.0147, (0, 436, 12, 127, 168, 264, 279, 164, 279, 164, 279, 164, 279, 164, 279, 127, 359, 12, 294, 0)
False, False, 0.1073, (0, 402, 144, 393, 292, 317, 62, 178, 366, 302, 91, 302, 91, 258, 194, 431, 135, 0)
False, False, 0.0161, (0, 207, 41, 158, 333, 169, 333, 169, 333, 169, 333, 158, 156, 207, 0)
False, False, 0.2427, (0, 282, 47, 76, 41, 285, 61, 285, 61, 285, 61, 367, 352, 192, 0)
False, False, 0.1685, (0, 333, 135, 431, 194, 270, 115, 270, 115, 270, 115, 194, 431, 135, 34, 0)
False, False, 0.1298, (0, 116, 300, 145, 59, 122, 59, 122, 59, 122, 59, 122, 59, 145, 300, 262, 0)
False, False, 0.0555, (0, 85, 429, 419, 224, 419, 224, 419, 224, 419, 265, 357, 429, 85, 0)
False, False, 0.0828, (0, 404, 31, 351, 229, 66, 94, 324, 287, 324, 287, 324, 287, 149, 324, 94, 43, 394, 225, 321, 242, 132, 313, 0)
False, False, 0.0981, (0, 171, 10, 29, 159, 391, 444, 375, 444, 375, 444, 375, 444, 391, 159, 344, 0)
False, False, 0.2431, (0, 72, 385, 410, 427, 439, 120, 326, 260, 424, 260, 424, 355, 26, 246, 0)
False, False, 0.0707, (0, 80, 309, 210, 293, 137, 239, 137, 239, 137, 293, 210, 316, 52, 148, 0)
False, False, 0.0965, (0, 202, 379, 295, 443, 73, 38, 281, 327, 281, 327, 281, 327, 281, 327, 281, 38, 11, 48, 143, 126, 0)
False, False, 0.1766, (0, 158, 333, 169, 373, 251, 373, 251, 373, 79, 144, 415, 402, 303, 0)
False, False, 0.1319, (0, 154, 210, 293, 150, 88, 204, 109, 204, 109, 204, 109, 204, 239, 210, 154, 0)
False, False, 0.126, (0, 21, 362, 231, 201, 155, 319, 87, 273, 4, 273, 4, 87, 319, 155, 201, 362, 0)
False, False, 0.0883, (0, 268, 182, 89, 51, 185, 408, 310, 408, 310, 408, 310, 408, 310, 12, 343, 101, 0)
False, False, 0.0961, (0, 158, 333, 169, 373, 79, 373, 79, 78, 418, 156, 0)
False, False, 0.0049, (0, 111, 47, 156, 158, 277, 209, 277, 209, 277, 158, 46, 352, 0)
False, False, 0.1819, (0, 69, 174, 235, 254, 18, 138, 218, 438, 329, 157, 258, 157, 329, 438, 218, 138, 18, 269, 254, 235, 174, 0)
False, False, 0.1715, (0, 341, 121, 147, 75, 44, 19, 104, 196, 269, 196, 269, 196, 269, 196, 104, 7, 341, 0)
False, False, 0.0497, (0, 51, 185, 173, 407, 433, 407, 433, 407, 433, 97, 433, 97, 433, 407, 97, 407, 173, 185, 51, 0)
False, False, 0.0115, (0, 378, 338, 328, 16, 304, 243, 414, 372, 414, 372, 188, 57, 32, 16, 328, 338, 160, 397, 0)
False, False, 0.0037, (0, 344, 391, 208, 153, 347, 131, 232, 131, 347, 244, 276, 140, 107, 255, 0)
False, False, 0.0239, (0, 202, 379, 295, 23, 443, 290, 274, 334, 274, 290, 274, 290, 274, 290, 443, 295, 379, 202, 0)
False, False, 0.0876, (0, 71, 6, 240, 305, 361, 305, 361, 305, 361, 305, 240, 212, 275, 0)
False, False, 0.1106, (0, 187, 241, 180, 17, 180, 17, 180, 17, 180, 17, 180, 17, 180, 17, 180, 17, 241, 430, 411, 0)
False, False, 0.042, (0, 323, 116, 441, 247, 337, 25, 337, 25, 337, 25, 337, 25, 337, 25, 337, 25, 337, 247, 441, 116, 350, 238, 0)
False, False, 0.002, (0, 432, 124, 391, 444, 375, 444, 375, 444, 375, 444, 375, 444, 391, 159, 344, 430, 0)
False, False, 0.0828, (0, 249, 113, 5, 177, 5, 177, 5, 177, 191, 222, 191, 222, 191, 222, 191, 222, 16, 328, 338, 378, 0)
False, False, 0.2081, (0, 241, 399, 99, 219, 365, 118, 365, 118, 365, 118, 365, 219, 99, 399, 425, 0)
False, False, 0.0612, (0, 246, 355, 358, 128, 325, 215, 35, 215, 35, 215, 35, 215, 223, 446, 404, 383, 0)
False, False, 0.0112, (0, 160, 413, 32, 304, 32, 304, 32, 304, 32, 304, 32, 304, 32, 413, 160, 397, 82, 0)
False, False, 0.138, (0, 341, 181, 147, 75, 44, 19, 104, 19, 104, 19, 104, 19, 44, 75, 121, 42, 69, 0)
False, False, 0.042, (0, 25, 303, 402, 415, 144, 79, 20, 183, 123, 183, 123, 183, 123, 52, 148, 136, 102, 175, 0)
False, False, 0.0905, (0, 216, 295, 23, 443, 290, 274, 334, 11, 38, 11, 334, 274, 290, 48, 143, 126, 0)
False, False, 0.011, (0, 341, 181, 34, 135, 431, 194, 115, 270, 138, 270, 138, 270, 115, 194, 431, 135, 34, 181, 341, 0)
False, False, 0.1421, (0, 432, 356, 124, 15, 159, 29, 159, 15, 124, 356, 432, 0)
False, False, 0.0253, (0, 249, 113, 5, 177, 5, 177, 191, 222, 191, 222, 191, 177, 5, 113, 249, 21, 0)
False, False, 0.1058, (0, 341, 174, 235, 254, 407, 433, 307, 401, 307, 401, 307, 401, 307, 401, 307, 401, 307, 401, 307, 401, 264, 168, 127, 359, 12, 0)
False, False, 0.1277, (0, 391, 208, 405, 153, 405, 153, 405, 153, 405, 217, 406, 171, 0)
False, False, 0.0543, (0, 46, 181, 121, 147, 75, 44, 7, 19, 104, 19, 104, 19, 44, 75, 147, 181, 46, 0)
False, False, 0.0299, (0, 111, 282, 47, 315, 76, 41, 367, 166, 61, 285, 61, 367, 352, 192, 0)
False, False, 0.0688, (0, 262, 300, 145, 54, 205, 102, 205, 102, 205, 102, 205, 226, 145, 300, 0)
False, False, 0.0675, (0, 82, 397, 160, 32, 304, 243, 414, 372, 188, 388, 188, 388, 188, 388, 57, 257, 0)
False, False, 0.1208, (0, 430, 344, 432, 356, 124, 15, 29, 159, 29, 406, 255, 203, 200, 14, 411, 0)
False, False, 0.0569, (0, 378, 177, 5, 37, 384, 37, 384, 37, 384, 37, 71, 389, 197, 0)
False, False, 0.007, (0, 175, 205, 102, 230, 417, 259, 417, 230, 259, 230, 259, 230, 102, 205, 175, 247, 0)
False, False, 0.16, (0, 80, 383, 404, 446, 139, 446, 139, 58, 128, 58, 128, 58, 128, 58, 358, 48, 143, 126, 0)
False, False, 0.0244, (0, 174, 235, 254, 18, 138, 218, 438, 329, 157, 258, 157, 258, 91, 258, 194, 431, 0)
False, False, 0.1339, (0, 175, 102, 136, 148, 52, 189, 221, 317, 62, 354, 390, 354, 390, 354, 390, 354, 390, 67, 134, 251, 169, 0)
False, False, 0.0511, (0, 197, 389, 71, 37, 384, 37, 384, 37, 384, 37, 5, 177, 328, 160, 0)
False, False, 0.0623, (0, 262, 300, 145, 226, 54, 226, 54, 226, 145, 300, 441, 0)
False, False, 0.0087, (0, 249, 197, 81, 275, 320, 275, 320, 275, 320, 81, 320, 275, 320, 275, 320, 275, 81, 275, 81, 163, 195, 130, 0)
False, False, 0.1323, (0, 272, 90, 410, 427, 439, 120, 326, 120, 439, 427, 410, 437, 100, 385, 0)
False, False, 0.0323, (0, 192, 352, 46, 158, 277, 209, 277, 209, 277, 418, 374, 193, 156, 0)
False, False, 0.1651, (0, 246, 355, 358, 327, 395, 190, 371, 36, 129, 36, 371, 190, 395, 325, 223, 139, 353, 0)
False, False, 0.0312, (0, 192, 442, 119, 65, 98, 69, 98, 69, 98, 69, 98, 65, 98, 65, 119, 442, 348, 186, 288, 0)
False, False, 0.0497, (0, 192, 442, 98, 69, 42, 114, 314, 114, 314, 114, 314, 114, 314, 114, 314, 114, 314, 114, 314, 114, 314, 114, 314, 114, 314, 114, 42, 69, 98, 442, 0)
False, False, 0.0386, (0, 202, 216, 379, 295, 23, 290, 274, 334, 274, 334, 73, 334, 274, 290, 48, 143, 126, 0)
False, False, 0.0135, (0, 120, 139, 325, 395, 190, 371, 36, 129, 36, 371, 190, 395, 327, 358, 48, 216, 0)
False, False, 0.0545, (0, 376, 436, 161, 182, 161, 182, 161, 182, 161, 182, 161, 182, 161, 268, 381, 0)
False, False, 0.0441, (0, 113, 389, 71, 6, 240, 6, 240, 6, 240, 6, 71, 440, 0)
False, False, 0.1459, (0, 82, 257, 412, 57, 388, 188, 372, 414, 372, 414, 243, 304, 32, 16, 328, 338, 378, 0)
False, False, 0.0422, (0, 253, 291, 212, 199, 213, 420, 339, 420, 339, 420, 339, 420, 339, 213, 398, 49, 240, 6, 71, 0)
False, False, 0.2277, (0, 82, 397, 160, 413, 32, 304, 243, 414, 372, 188, 388, 57, 388, 57, 412, 160, 397, 0)
False, False, 0.1168, (0, 382, 418, 78, 79, 20, 183, 123, 183, 123, 183, 20, 393, 144, 415, 303, 382, 0)
False, False, 0.0621, (0, 266, 77, 434, 423, 108, 423, 108, 423, 108, 423, 108, 434, 77, 266, 0)
False, False, 0.0132, (0, 382, 8, 303, 392, 400, 364, 415, 136, 415, 136, 415, 148, 206, 230, 205, 175, 247, 0)
False, False, 0.0704, (0, 179, 252, 152, 288, 256, 83, 267, 83, 256, 83, 256, 238, 0)
False, False, 0.0004, (0, 10, 248, 45, 272, 100, 437, 90, 437, 90, 100, 272, 45, 248, 340, 0)
False, False, 0.0082, (0, 139, 223, 325, 35, 129, 351, 109, 204, 109, 204, 109, 204, 109, 351, 31, 117, 318, 0)
False, False, 0.0038, (0, 341, 174, 445, 407, 433, 97, 433, 97, 433, 97, 433, 97, 433, 407, 173, 185, 51, 0)
False, False, 0.0426, (0, 197, 13, 6, 240, 6, 240, 6, 212, 24, 291, 261, 349, 0)
False, False, 0.0516, (0, 341, 181, 34, 135, 431, 194, 270, 438, 218, 438, 270, 115, 194, 431, 135, 34, 181, 341, 0)
False, False, 0.1136, (0, 393, 292, 317, 62, 178, 366, 178, 366, 302, 91, 302, 366, 178, 62, 317, 292, 418, 0)
False, False, 0.0242, (0, 430, 344, 386, 171, 105, 171, 105, 171, 105, 171, 105, 171, 386, 241, 430, 0)
False, False, 0.1891, (0, 125, 238, 256, 267, 83, 267, 83, 256, 152, 252, 0)
False, False, 0.0508, (0, 139, 223, 325, 35, 129, 351, 109, 204, 109, 204, 109, 204, 88, 150, 293, 210, 0)
False, False, 0.0067, (0, 192, 352, 367, 166, 61, 285, 61, 166, 367, 76, 315, 47, 282, 0)
False, False, 0.0112, (0, 69, 42, 114, 314, 33, 330, 33, 330, 33, 330, 33, 330, 33, 330, 33, 330, 33, 330, 33, 330, 33, 314, 114, 42, 69, 0)
False, False, 0.1146, (0, 179, 151, 331, 345, 331, 345, 331, 345, 331, 345, 331, 252, 151, 179, 0)
False, False, 0.1109, (0, 353, 385, 410, 326, 68, 227, 68, 227, 68, 227, 68, 326, 45, 0)
False, False, 0.0396, (0, 156, 374, 418, 209, 277, 209, 364, 400, 392, 303, 112, 8, 0)
False, False, 0.0016, (0, 70, 435, 294, 343, 416, 271, 416, 271, 416, 271, 416, 271, 416, 343, 294, 70, 0)
False, False, 0.0442, (0, 340, 248, 246, 396, 250, 396, 250, 396, 250, 396, 246, 0)
False, False, 0.0142, (0, 160, 57, 243, 184, 165, 184, 165, 184, 165, 184, 243, 57, 257, 82, 0)
False, False, 0.0477, (0, 353, 318, 117, 31, 351, 109, 204, 109, 204, 109, 204, 109, 351, 129, 31, 117, 309, 0)
False, False, 0.0316, (0, 425, 108, 399, 99, 219, 365, 219, 365, 219, 365, 219, 365, 219, 99, 399, 425, 0)
False, False, 0.0002, (0, 135, 431, 194, 258, 91, 302, 91, 258, 157, 329, 438, 218, 138, 18, 196, 174, 0)
False, False, 0.1388, (0, 442, 98, 42, 314, 330, 33, 330, 33, 330, 33, 330, 33, 330, 33, 330, 33, 314, 114, 42, 98, 442, 0)
False, False, 0.1293, (0, 175, 259, 80, 309, 283, 214, 283, 214, 283, 214, 283, 214, 309, 206, 175, 0)
False, False, 0.0539, (0, 353, 383, 404, 446, 223, 325, 395, 190, 371, 190, 371, 36, 371, 190, 395, 128, 358, 355, 246, 0)
False, False, 0.086, (0, 362, 233, 249, 237, 39, 237, 39, 237, 39, 237, 39, 237, 39, 249, 233, 0)
False, False, 0.0049, (0, 406, 217, 208, 405, 153, 340, 153, 340, 153, 340, 286, 208, 217, 406, 0)
False, False, 0.1089, (0, 111, 418, 209, 78, 79, 373, 79, 169, 333, 158, 46, 0)
False, False, 0.0615, (0, 385, 100, 437, 410, 427, 439, 120, 439, 120, 439, 427, 410, 100, 385, 0)
False, False, 0.0276, (0, 382, 303, 402, 144, 393, 20, 292, 306, 428, 67, 428, 67, 428, 67, 306, 292, 20, 393, 144, 402, 303, 0)
False, False, 0.0511, (0, 160, 338, 177, 5, 37, 384, 37, 384, 37, 384, 37, 71, 389, 197, 0)
False, False, 0.0044, (0, 255, 406, 217, 208, 405, 153, 405, 153, 340, 153, 405, 208, 217, 406, 0)
False, False, 0.1081, (0, 82, 301, 30, 257, 4, 273, 4, 273, 4, 273, 4, 87, 319, 155, 201, 40, 362, 21, 0)
False, False, 0.0521, (0, 174, 235, 254, 18, 138, 218, 438, 329, 157, 258, 91, 302, 91, 302, 354, 390, 306, 292, 393, 0)
False, False, 0.0044, (0, 174, 235, 254, 18, 138, 218, 438, 329, 258, 91, 302, 91, 302, 366, 178, 62, 390, 306, 292, 0)
False, False, 0.0672, (0, 236, 85, 429, 357, 265, 233, 231, 40, 231, 40, 231, 40, 231, 40, 231, 40, 231, 40, 231, 40, 231, 40, 231, 40, 231, 40, 231, 40, 231, 40, 231, 40, 233, 265, 357, 362, 332, 0)
False, False, 0.0651, (0, 318, 31, 351, 229, 66, 298, 56, 324, 287, 149, 287, 149, 287, 149, 287, 324, 56, 298, 66, 229, 351, 31, 318, 0)
False, False, 0.0355, (0, 397, 160, 32, 57, 388, 188, 372, 188, 372, 188, 243, 57, 412, 160, 397, 0)
False, False, 0.0582, (0, 335, 268, 348, 170, 308, 170, 308, 170, 308, 170, 268, 186, 0)
False, False, 0.0661, (0, 111, 282, 47, 207, 76, 41, 367, 166, 285, 61, 285, 61, 166, 367, 352, 192, 0)
False, False, 0.0241, (0, 207, 333, 169, 251, 220, 22, 220, 22, 220, 22, 135, 34, 7, 75, 121, 341, 0)
False, False, 0.0138, (0, 72, 122, 312, 53, 311, 53, 311, 53, 311, 53, 311, 53, 311, 53, 312, 122, 353, 0)
False, False, 0.0663, (0, 249, 113, 389, 440, 389, 440, 13, 389, 113, 197, 0)
False, False, 0.0313, (0, 378, 338, 328, 16, 304, 243, 188, 388, 188, 372, 188, 243, 304, 32, 160, 397, 82, 0)
False, False, 0.0245, (0, 409, 74, 349, 448, 261, 448, 261, 448, 261, 448, 261, 448, 349, 74, 409, 0)
False, False, 0.0386, (0, 14, 107, 140, 409, 195, 163, 195, 163, 195, 163, 195, 409, 140, 107, 14, 0)
False, False, 0.0862, (0, 74, 349, 280, 322, 280, 322, 280, 322, 280, 322, 280, 379, 234, 387, 234, 387, 216, 347, 202, 0)
False, False, 0.0086, (0, 418, 169, 251, 134, 306, 428, 306, 428, 67, 428, 67, 428, 306, 292, 123, 52, 148, 136, 175, 0)
False, False, 0.009, (0, 406, 217, 208, 405, 153, 340, 153, 405, 208, 133, 286, 133, 208, 217, 406, 0)
False, False, 0.0127, (0, 331, 368, 103, 284, 103, 284, 103, 284, 103, 284, 103, 284, 335, 63, 368, 0)
False, False, 0.0331, (0, 111, 282, 47, 315, 76, 41, 166, 285, 61, 285, 61, 166, 41, 76, 207, 47, 111, 0)
False, False, 0.003, (0, 135, 431, 194, 258, 91, 302, 366, 302, 91, 258, 194, 431, 135, 0)
False, False, 0.0671, (0, 152, 381, 368, 335, 103, 284, 103, 284, 103, 284, 103, 284, 103, 284, 103, 345, 0)
False, False, 0.0006, (0, 72, 385, 100, 90, 410, 427, 439, 427, 410, 427, 410, 90, 272, 0)
False, False, 0.0119, (0, 341, 7, 34, 135, 22, 220, 22, 220, 22, 220, 22, 220, 333, 0)
False, False, 0.0643, (0, 206, 154, 316, 293, 137, 239, 137, 239, 137, 239, 137, 293, 316, 206, 0)
False, False, 0.0034, (0, 126, 143, 48, 11, 38, 281, 369, 110, 369, 110, 369, 110, 73, 290, 23, 295, 379, 216, 0)
False, False, 0.1136, (0, 102, 136, 148, 52, 123, 292, 306, 428, 67, 428, 67, 428, 67, 306, 292, 123, 52, 148, 136, 102, 0)
False, False, 0.0394, (0, 74, 448, 261, 291, 24, 212, 24, 212, 24, 291, 261, 448, 349, 74, 0)
False, False, 0.0538, (0, 175, 206, 52, 189, 221, 317, 390, 354, 390, 354, 390, 354, 62, 317, 221, 189, 52, 148, 136, 0)
False, False, 0.0181, (0, 291, 24, 199, 213, 420, 339, 420, 339, 420, 339, 420, 339, 213, 199, 24, 291, 253, 0)
False, False, 0.004, (0, 42, 314, 445, 254, 407, 97, 433, 97, 433, 97, 433, 97, 407, 173, 185, 51, 0)
False, False, 0.0072, (0, 21, 332, 362, 357, 265, 357, 265, 357, 265, 357, 265, 357, 265, 357, 265, 357, 265, 357, 265, 357, 429, 85, 236, 0)
False, False, 0.1694, (0, 266, 77, 245, 116, 441, 247, 441, 247, 441, 116, 245, 323, 238, 0)
False, False, 0.0596, (0, 318, 117, 31, 129, 229, 66, 229, 66, 229, 66, 94, 43, 394, 225, 321, 242, 132, 313, 221, 0)
False, False, 0.0448, (0, 378, 338, 328, 16, 32, 304, 243, 184, 165, 184, 165, 184, 243, 304, 16, 328, 338, 378, 0)
False, False, 0.1165, (0, 13, 212, 199, 398, 213, 420, 339, 420, 339, 420, 339, 213, 398, 49, 199, 212, 13, 0)
False, False, 0.0412, (0, 187, 425, 423, 108, 399, 99, 399, 108, 423, 425, 77, 187, 0)
False, False, 0.0057, (0, 378, 177, 5, 37, 384, 37, 384, 37, 384, 37, 384, 37, 5, 0)
False, False, 0.0127, (0, 21, 362, 40, 201, 155, 319, 87, 273, 4, 273, 87, 319, 155, 201, 30, 301, 82, 21, 0)
False, False, 0.1111, (0, 21, 60, 332, 447, 278, 447, 278, 447, 278, 447, 278, 447, 332, 55, 1, 0)
False, False, 0.0458, (0, 175, 205, 230, 417, 259, 417, 230, 417, 230, 417, 59, 0)
False, False, 0.1144, (0, 117, 31, 351, 229, 66, 298, 56, 298, 56, 298, 56, 298, 56, 298, 56, 298, 56, 298, 66, 229, 351, 31, 117, 0)
False, False, 0.1447, (0, 130, 195, 163, 81, 320, 275, 320, 81, 320, 81, 275, 81, 275, 81, 197, 249, 233, 0)
False, False, 0.07, (0, 197, 113, 5, 177, 191, 222, 191, 222, 191, 177, 5, 177, 5, 113, 197, 0)
False, False, 0.0575, (0, 46, 181, 121, 147, 75, 44, 7, 44, 7, 34, 7, 34, 7, 75, 147, 121, 181, 46, 0)
True, True, 0.078, (0, 116, 8, 112, 303, 392, 400, 364, 209, 277, 158, 374, 156, 0)
False, False, 0.0437, (0, 69, 42, 114, 3, 445, 3, 445, 235, 445, 3, 445, 3, 445, 3, 445, 3, 445, 3, 445, 3, 445, 3, 445, 3, 445, 3, 445, 3, 445, 3, 314, 114, 42, 69, 0)
False, False, 0.114, (0, 21, 233, 249, 237, 39, 237, 39, 237, 39, 237, 39, 237, 39, 249, 224, 0)
False, False, 0.0397, (0, 378, 338, 328, 16, 222, 191, 184, 165, 184, 165, 184, 165, 184, 243, 57, 412, 160, 0)
False, False, 0.0095, (0, 303, 402, 136, 148, 52, 189, 221, 317, 62, 354, 390, 354, 62, 317, 221, 189, 52, 148, 136, 175, 0)
False, False, 0.0029, (0, 202, 379, 295, 443, 290, 334, 73, 334, 73, 334, 274, 290, 443, 23, 295, 379, 202, 0)
False, False, 0.0514, (0, 207, 156, 193, 374, 418, 277, 209, 277, 209, 277, 158, 374, 193, 156, 207, 0)
False, False, 0.0756, (0, 257, 57, 243, 414, 372, 414, 372, 414, 243, 304, 32, 160, 397, 0)
False, False, 0.029, (0, 34, 135, 431, 194, 115, 270, 115, 270, 218, 438, 218, 438, 218, 138, 18, 269, 254, 235, 174, 341, 0)
False, False, 0.07, (0, 288, 381, 335, 268, 348, 142, 421, 142, 421, 142, 421, 192, 186, 381, 0)
False, False, 0.004, (0, 406, 107, 409, 195, 163, 195, 163, 195, 163, 195, 130, 360, 14, 0)
False, False, 0.1016, (0, 72, 50, 385, 100, 437, 90, 250, 396, 250, 396, 250, 272, 0)
False, False, 0.0052, (0, 21, 362, 40, 201, 155, 319, 87, 319, 87, 319, 87, 319, 87, 319, 155, 201, 30, 82, 0)
False, False, 0.0721, (0, 21, 249, 113, 440, 13, 440, 13, 440, 389, 113, 249, 21, 0)
False, False, 0.0386, (0, 335, 268, 348, 170, 308, 170, 308, 170, 308, 170, 348, 268, 381, 0)
False, False, 0.0881, (0, 353, 312, 53, 311, 86, 311, 53, 311, 53, 311, 53, 311, 53, 312, 122, 353, 0)
False, False, 0.1218, (0, 169, 251, 134, 306, 428, 67, 428, 67, 428, 67, 428, 306, 292, 20, 144, 402, 0)
False, False, 0.0512, (0, 397, 160, 412, 32, 304, 243, 414, 372, 188, 388, 188, 388, 188, 57, 257, 0)
False, False, 0.0338, (0, 288, 381, 335, 268, 348, 170, 308, 170, 308, 170, 348, 268, 335, 381, 288, 0)
False, False, 0.0521, (0, 13, 212, 240, 49, 398, 213, 420, 339, 420, 339, 420, 213, 398, 199, 24, 291, 253, 0)
False, False, 0.0328, (0, 74, 349, 448, 261, 291, 24, 291, 24, 291, 24, 291, 261, 74, 0)
False, False, 0.0889, (0, 288, 381, 186, 192, 421, 142, 421, 142, 421, 142, 421, 192, 267, 179, 0)
False, False, 0.0171, (0, 333, 169, 251, 134, 426, 134, 426, 134, 426, 134, 426, 20, 144, 303, 0)
False, False, 0.0143, (0, 126, 143, 48, 358, 58, 128, 58, 128, 58, 128, 58, 128, 58, 139, 120, 385, 353, 0)
False, False, 0.013, (0, 249, 113, 5, 177, 5, 177, 191, 222, 16, 222, 16, 222, 16, 222, 16, 222, 16, 222, 16, 328, 338, 378, 0)
False, False, 0.0397, (0, 98, 42, 121, 147, 75, 44, 7, 44, 7, 44, 7, 34, 7, 75, 147, 121, 181, 46, 352, 0)
False, False, 0.0915, (0, 202, 347, 216, 387, 234, 387, 234, 387, 234, 387, 234, 387, 234, 387, 234, 387, 234, 387, 234, 387, 216, 232, 10, 0)
False, False, 0.0234, (0, 355, 227, 358, 58, 128, 58, 128, 58, 358, 227, 68, 326, 250, 45, 0)
False, False, 0.0282, (0, 382, 282, 47, 315, 8, 112, 303, 112, 303, 112, 8, 315, 47, 0)
False, False, 0.1026, (0, 60, 2, 263, 363, 228, 96, 362, 96, 228, 96, 363, 263, 2, 60, 0)
False, False, 0.0576, (0, 51, 185, 173, 407, 97, 433, 97, 433, 407, 97, 407, 97, 407, 445, 3, 314, 42, 69, 0)
False, False, 0.0044, (0, 51, 185, 173, 162, 64, 307, 401, 307, 401, 307, 401, 307, 401, 307, 401, 307, 401, 307, 64, 162, 173, 185, 89, 0)
False, True, 0.026, (0, 126, 143, 48, 290, 274, 334, 73, 38, 11, 334, 274, 290, 443, 295, 379, 0)
False, False, 0.1349, (0, 353, 312, 86, 383, 95, 141, 95, 141, 95, 141, 95, 383, 86, 53, 312, 122, 0)
True, True, 0.0479, (0, 402, 393, 123, 292, 317, 178, 366, 302, 91, 258, 157, 329, 438, 218, 138, 18, 254, 235, 174, 0)
False, False, 0.0285, (0, 175, 205, 230, 417, 230, 417, 259, 230, 259, 230, 259, 230, 205, 175, 0)
False, False, 0.0676, (0, 206, 154, 316, 293, 150, 88, 150, 88, 150, 88, 150, 88, 150, 88, 239, 210, 316, 154, 206, 0)
False, False, 0.0728, (0, 247, 175, 205, 102, 230, 417, 230, 259, 230, 259, 230, 417, 59, 262, 0)
False, False, 0.0414, (0, 425, 399, 99, 219, 118, 365, 118, 219, 118, 219, 99, 399, 432, 386, 344, 430, 0)
False, False, 0.003, (0, 187, 425, 108, 423, 108, 399, 99, 399, 108, 425, 77, 266, 0)
False, False, 0.0913, (0, 85, 429, 419, 224, 419, 224, 419, 224, 233, 265, 357, 362, 332, 0)
False, False, 0.0087, (0, 216, 48, 358, 128, 327, 281, 369, 110, 369, 110, 369, 281, 38, 11, 48, 126, 0)
False, False, 0.0043, (0, 202, 216, 234, 387, 234, 379, 280, 322, 280, 322, 280, 322, 280, 322, 280, 322, 280, 349, 202, 0)
False, False, 0.0544, (0, 382, 52, 316, 210, 293, 137, 239, 137, 239, 137, 293, 210, 316, 206, 0)
False, False, 0.0877, (0, 72, 403, 272, 100, 437, 90, 437, 90, 100, 272, 45, 248, 340, 0)
False, False, 0.0877, (0, 181, 34, 135, 431, 194, 115, 270, 115, 270, 138, 18, 269, 196, 104, 44, 75, 147, 121, 341, 0)
False, False, 0.0375, (0, 82, 301, 30, 257, 87, 273, 4, 273, 4, 273, 4, 87, 319, 155, 201, 362, 0)
False, False, 0.0162, (0, 74, 253, 291, 24, 199, 213, 420, 339, 420, 339, 420, 213, 398, 49, 199, 212, 13, 0)
False, False, 0.0509, (0, 288, 181, 7, 34, 135, 431, 194, 115, 270, 115, 270, 115, 194, 431, 135, 34, 0)
False, False, 0.1351, (0, 60, 332, 362, 96, 228, 96, 228, 96, 228, 301, 363, 263, 2, 82, 2, 60, 0)
False, False, 0.104, (0, 74, 212, 240, 305, 361, 305, 361, 305, 361, 305, 240, 6, 71, 0)
False, False, 0.0693, (0, 179, 111, 282, 47, 315, 76, 367, 166, 367, 166, 41, 76, 315, 47, 282, 111, 0)
False, False, 0.0198, (0, 179, 192, 442, 98, 69, 42, 51, 89, 51, 89, 51, 89, 161, 268, 288, 0)
False, False, 0.005, (0, 126, 143, 48, 11, 38, 281, 327, 281, 327, 281, 327, 281, 327, 395, 325, 128, 58, 139, 326, 0)
False, False, 0.0516, (0, 255, 406, 217, 208, 405, 153, 340, 153, 340, 153, 405, 208, 391, 344, 0)
False, False, 0.0067, (0, 313, 132, 242, 321, 225, 394, 43, 94, 56, 298, 56, 298, 56, 298, 56, 298, 56, 94, 66, 229, 351, 31, 353, 0)
False, False, 0.0266, (0, 378, 338, 328, 16, 32, 304, 243, 414, 372, 414, 243, 57, 32, 16, 328, 338, 378, 160, 397, 0)
False, False, 0.002, (0, 382, 303, 402, 136, 148, 52, 183, 123, 183, 123, 183, 123, 183, 20, 79, 78, 418, 0)
False, False, 0.0836, (0, 430, 344, 432, 356, 124, 15, 29, 15, 124, 356, 432, 386, 344, 430, 0)
False, False, 0.014, (0, 72, 403, 272, 90, 250, 396, 250, 396, 250, 45, 248, 340, 0)
False, False, 0.0194, (0, 238, 350, 245, 116, 441, 247, 441, 262, 99, 399, 108, 423, 425, 0)
False, False, 0.015, (0, 247, 175, 205, 102, 136, 415, 136, 415, 136, 415, 136, 415, 364, 400, 392, 303, 8, 0)
False, False, 0.0293, (0, 80, 383, 404, 446, 139, 58, 128, 58, 128, 58, 358, 227, 68, 326, 250, 45, 0)
False, False, 0.0, (0, 12, 127, 168, 264, 279, 164, 279, 164, 279, 164, 279, 164, 264, 168, 127, 359, 12, 294, 70, 0)
False, False, 0.0548, (0, 85, 429, 357, 265, 233, 201, 155, 319, 87, 319, 87, 319, 155, 201, 233, 265, 429, 85, 0)
False, False, 0.0312, (0, 116, 247, 175, 54, 205, 102, 205, 102, 205, 102, 205, 102, 205, 54, 247, 116, 0)
False, False, 0.0108, (0, 341, 121, 44, 19, 196, 269, 196, 269, 196, 269, 196, 269, 196, 19, 44, 75, 121, 0)
False, False, 0.0015, (0, 130, 163, 81, 320, 81, 320, 275, 320, 275, 320, 275, 81, 275, 81, 275, 81, 163, 195, 130, 0)
False, False, 0.0051, (0, 418, 169, 251, 134, 306, 67, 390, 354, 390, 354, 390, 354, 390, 354, 390, 317, 221, 189, 52, 148, 136, 0)
False, False, 0.02, (0, 402, 393, 292, 317, 62, 178, 366, 178, 366, 302, 91, 258, 329, 438, 218, 138, 18, 254, 174, 0)
False, False, 0.0029, (0, 303, 402, 136, 415, 144, 393, 123, 183, 123, 183, 123, 183, 123, 183, 123, 52, 148, 136, 102, 175, 0)
False, False, 0.0019, (0, 202, 234, 379, 295, 23, 443, 290, 274, 334, 73, 334, 274, 290, 443, 23, 295, 379, 234, 0)
False, False, 0.0139, (0, 248, 246, 396, 28, 26, 28, 26, 396, 250, 272, 45, 248, 0)
False, False, 0.0764, (0, 179, 266, 77, 434, 423, 108, 399, 99, 399, 99, 399, 108, 425, 77, 266, 0)
False, False, 0.0197, (0, 135, 431, 194, 258, 91, 302, 91, 258, 157, 329, 438, 218, 138, 18, 254, 174, 288, 0)
False, False, 0.0164, (0, 202, 349, 291, 24, 199, 420, 339, 420, 339, 420, 339, 213, 398, 49, 199, 24, 291, 0)
False, False, 0.0093, (0, 120, 446, 223, 215, 129, 351, 109, 204, 109, 204, 109, 351, 31, 117, 318, 309, 0)
False, False, 0.1154, (0, 313, 132, 242, 321, 225, 394, 43, 94, 324, 149, 287, 149, 287, 149, 324, 94, 66, 229, 351, 31, 318, 0)
False, False, 0.0369, (0, 341, 181, 7, 34, 22, 220, 134, 426, 134, 426, 134, 251, 169, 333, 0)
False, False, 0.0203, (0, 72, 272, 90, 410, 427, 439, 120, 439, 120, 439, 427, 410, 100, 385, 353, 0)
False, False, 0.0953, (0, 120, 139, 325, 395, 190, 371, 36, 129, 36, 371, 190, 395, 325, 128, 358, 355, 0)
False, False, 0.0271, (0, 378, 338, 328, 16, 304, 243, 414, 372, 414, 372, 188, 388, 188, 57, 160, 397, 0)
False, False, 0.0031, (0, 344, 391, 375, 444, 375, 444, 375, 444, 375, 444, 375, 444, 375, 391, 124, 432, 0)
False, False, 0.0022, (0, 101, 343, 416, 271, 416, 271, 416, 271, 359, 271, 359, 271, 416, 271, 12, 436, 0)
False, False, 0.049, (0, 353, 383, 404, 446, 223, 215, 35, 215, 35, 215, 35, 395, 327, 358, 48, 0)
False, True, 0.0044, (0, 378, 338, 328, 16, 32, 304, 243, 414, 372, 188, 243, 304, 32, 16, 328, 338, 378, 160, 397, 82, 0)
False, False, 0.0666, (0, 404, 446, 223, 325, 35, 129, 351, 109, 204, 109, 204, 109, 351, 129, 35, 325, 223, 139, 0)
False, False, 0.0082, (0, 126, 143, 48, 11, 38, 281, 327, 281, 369, 110, 369, 110, 73, 443, 216, 0)
False, False, 0.0622, (0, 139, 325, 395, 190, 371, 287, 324, 149, 287, 149, 324, 94, 43, 394, 225, 321, 242, 132, 313, 0)
False, False, 0.0013, (0, 353, 312, 86, 95, 141, 95, 141, 95, 141, 95, 141, 95, 86, 53, 353, 0)
False, False, 0.0545, (0, 303, 402, 144, 393, 20, 292, 306, 428, 67, 390, 354, 390, 354, 62, 317, 221, 189, 52, 148, 136, 402, 0)
False, False, 0.0248, (0, 236, 85, 429, 357, 265, 233, 201, 155, 397, 155, 397, 155, 201, 233, 265, 357, 429, 85, 84, 411, 0)
False, False, 0.0112, (0, 442, 98, 69, 42, 314, 330, 33, 330, 33, 330, 33, 330, 33, 330, 33, 330, 33, 330, 314, 42, 69, 442, 0)
False, False, 0.0218, (0, 236, 85, 429, 357, 265, 233, 201, 155, 397, 155, 201, 155, 201, 233, 265, 357, 429, 85, 236, 0)
False, False, 0.0006, (0, 72, 385, 53, 311, 86, 311, 86, 311, 86, 311, 53, 312, 72, 0)
False, False, 0.0146, (0, 341, 121, 75, 44, 19, 196, 269, 196, 269, 18, 269, 196, 104, 19, 44, 75, 341, 0)
False, False, 0.0313, (0, 404, 31, 351, 229, 66, 298, 56, 324, 149, 324, 149, 324, 149, 287, 149, 287, 149, 324, 287, 149, 287, 149, 324, 56, 94, 66, 229, 351, 31, 404, 0)
False, False, 0.0054, (0, 318, 31, 351, 229, 66, 298, 56, 324, 149, 324, 149, 324, 149, 287, 149, 324, 149, 287, 149, 324, 56, 298, 66, 229, 351, 31, 318, 0)
all_elementary, False
all_cyc2, False
