Instance, X-n429-k61
capacity, 536
min_trucks, 62
output_file, output_uchoa/X-n429-k61-ng8.log
Start date, 2022-07-03
Start time, 05-55-11
capacity, 536
num_vehicles, 62
abort_early, False
methods, ['ng8']
max_vars, 100
time_limit, 86400
farley, False
ESPPRC_heur, True
initial time, initial max_it, max_stale_it
1, 20000.0, 20
heuristic Number of routes, heuristic Best Solution Value, heuristic number of iterations, adjusted time, adjusted max_it, measured total time
244064, 65693.0, 20000, 1, 20000.0, 23872.7
method, python time, total time, propagated dominance time, unpropagated dominance time, pricing_success, upper_bound, lower_bound, abort_early, num_paths, 
ESPPRC_heur, 0.1, 2.3, 1.3, 0.4, 0, 64822.4142, 62651.0798, True, 76
ESPPRC_heur, -0.0, 2.4, 1.3, 0.4, 0, 64815.8833, 64103.1524, True, 14
ESPPRC_heur, -0.0, 2.4, 1.3, 0.4, 0, 64814.1628, 64608.2766, True, 2
ng8, 0.1, 493.3, 405.1, 80.4, 1, 64814.1628, 61751.6256, 0, 167
ESPPRC_heur, 0.0, 2.4, 1.3, 0.4, 0, 64754.7917, 63871.2829, True, 20
ESPPRC_heur, 0.0, 2.7, 1.5, 0.4, 0, 64754.7917, 64258.7917, True, 1
ESPPRC_heur, 0.0, 2.7, 1.5, 0.4, 0, 64754.7917, 64671.7854, True, 1
ng8, 0.0, 529.2, 434.0, 87.3, 1, 64754.7917, 64010.9995, 0, 42
ng8, 0.0, 566.2, 461.8, 95.5, 1, 64751.4369, 64468.033, 0, 13
ESPPRC_heur, 0.0, 2.7, 1.5, 0.5, 0, 64751.1591, 64747.5211, True, 2
ng8, 0.1, 568.0, 463.1, 95.7, 1, 64751.1591, 64751.1591, 0, 0
scip_total_time, 26164.632952
Solval, number of paths, impact cutoff
64751.15908385329, 381, 0.0001
Elementary, 2-Cycle, Path Value, Path
True, True, 0.0502, (0, 13, 194, 150, 338, 233, 214, 341, 0)
True, True, 0.4729, (0, 131, 331, 51, 288, 3, 102, 0)
True, True, 0.1506, (0, 236, 235, 385, 192, 137, 412, 0)
True, True, 0.0777, (0, 275, 180, 264, 419, 19, 400, 345, 0)
True, True, 0.2881, (0, 173, 155, 395, 255, 422, 136, 161, 0)
True, True, 0.1362, (0, 222, 16, 89, 248, 367, 270, 165, 0)
True, True, 0.1362, (0, 287, 126, 69, 396, 76, 266, 227, 277, 0)
True, True, 0.1265, (0, 48, 325, 11, 59, 135, 229, 223, 0)
True, True, 0.2316, (0, 159, 75, 405, 389, 12, 62, 300, 0)
True, True, 0.4076, (0, 173, 138, 61, 161, 404, 190, 354, 0)
True, True, 0.243, (0, 202, 365, 323, 303, 108, 17, 174, 0)
True, True, 0.0123, (0, 296, 241, 90, 57, 232, 87, 397, 81, 0)
True, True, 0.0589, (0, 333, 41, 291, 332, 113, 116, 240, 0)
True, True, 0.8188, (0, 317, 371, 128, 410, 219, 428, 265, 0)
True, True, 0.0984, (0, 170, 66, 33, 364, 307, 42, 253, 0)
True, True, 0.0985, (0, 28, 100, 205, 146, 23, 77, 0)
True, True, 0.0533, (0, 147, 203, 208, 414, 420, 256, 0)
True, True, 0.1362, (0, 333, 127, 176, 186, 133, 335, 379, 0)
True, True, 0.2178, (0, 409, 46, 119, 279, 43, 272, 299, 86, 0)
True, True, 0.2209, (0, 187, 339, 191, 80, 197, 114, 0)
True, True, 0.1694, (0, 176, 186, 266, 76, 396, 227, 277, 332, 0)
True, True, 0.3551, (0, 92, 172, 44, 206, 328, 214, 341, 0)
True, True, 0.26, (0, 112, 34, 381, 413, 156, 394, 390, 0)
True, True, 0.0722, (0, 265, 126, 69, 270, 367, 248, 240, 0)
True, True, 0.0553, (0, 48, 325, 11, 289, 230, 217, 223, 0)
True, True, 0.3206, (0, 92, 172, 44, 206, 328, 233, 341, 0)
True, True, 0.2551, (0, 393, 298, 226, 392, 64, 249, 78, 0)
True, True, 0.0194, (0, 214, 233, 338, 344, 206, 44, 172, 0)
True, True, 0.06, (0, 8, 112, 390, 394, 105, 351, 83, 0)
True, True, 0.4734, (0, 325, 355, 231, 353, 29, 36, 352, 0)
True, True, 0.6222, (0, 165, 248, 367, 270, 69, 126, 89, 0)
True, True, 0.0811, (0, 328, 172, 44, 206, 344, 338, 233, 0)
True, True, 0.4146, (0, 99, 134, 295, 45, 294, 140, 56, 0)
True, True, 0.2909, (0, 320, 345, 187, 114, 61, 138, 0)
True, True, 0.2055, (0, 95, 361, 372, 293, 329, 110, 94, 0)
True, True, 0.3519, (0, 174, 181, 47, 228, 216, 404, 190, 0)
True, True, 0.5949, (0, 202, 365, 323, 303, 108, 17, 32, 0)
True, True, 0.4191, (0, 355, 231, 353, 29, 36, 352, 289, 0)
True, True, 0.1371, (0, 400, 109, 391, 68, 111, 304, 189, 0)
True, True, 0.2597, (0, 179, 115, 370, 143, 342, 348, 314, 46, 0)
True, True, 0.3239, (0, 374, 308, 310, 8, 73, 140, 99, 0)
True, True, 0.5855, (0, 408, 18, 106, 260, 105, 351, 83, 0)
True, True, 0.4129, (0, 362, 31, 178, 258, 245, 244, 290, 322, 0)
True, True, 0.2055, (0, 412, 137, 192, 273, 385, 236, 0)
True, True, 0.0112, (0, 176, 186, 266, 76, 396, 227, 277, 165, 0)
True, True, 0.8379, (0, 21, 324, 330, 118, 327, 54, 344, 0)
True, True, 0.0694, (0, 70, 238, 359, 48, 27, 297, 416, 0)
True, True, 0.4247, (0, 236, 385, 192, 273, 107, 235, 38, 0)
True, True, 0.2945, (0, 160, 171, 196, 14, 158, 326, 360, 0)
True, True, 0.3618, (0, 151, 154, 315, 104, 177, 58, 261, 0)
True, True, 0.1011, (0, 407, 96, 386, 261, 312, 6, 217, 0)
True, True, 0.0317, (0, 118, 322, 290, 244, 245, 258, 122, 362, 0)
True, True, 0.3727, (0, 62, 331, 51, 243, 213, 369, 293, 0)
True, True, 0.1645, (0, 223, 229, 217, 230, 289, 135, 59, 0)
True, True, 1.0, (0, 242, 175, 0)
True, True, 0.2938, (0, 393, 298, 226, 392, 64, 26, 249, 0)
True, True, 0.231, (0, 170, 53, 66, 363, 124, 284, 33, 0)
True, True, 0.3434, (0, 319, 79, 306, 200, 37, 205, 0)
True, True, 0.5, (0, 238, 221, 224, 101, 24, 336, 157, 0)
True, True, 0.329, (0, 285, 62, 12, 389, 405, 75, 159, 0)
True, True, 0.4168, (0, 387, 184, 349, 315, 104, 177, 58, 0)
True, True, 0.5801, (0, 84, 321, 403, 252, 5, 241, 296, 0)
True, True, 0.56, (0, 390, 394, 156, 413, 381, 34, 139, 0)
True, True, 0.13, (0, 27, 59, 135, 11, 325, 48, 373, 0)
True, True, 0.1371, (0, 19, 109, 420, 414, 256, 147, 0)
True, True, 0.4394, (0, 373, 159, 75, 405, 389, 12, 131, 0)
True, True, 0.2575, (0, 109, 111, 304, 189, 182, 237, 0)
True, True, 0.0984, (0, 42, 74, 302, 286, 307, 364, 88, 0)
True, True, 0.1527, (0, 56, 73, 294, 378, 268, 311, 295, 0)
True, True, 0.4223, (0, 121, 146, 305, 313, 151, 388, 377, 0)
True, True, 0.1416, (0, 107, 9, 427, 153, 419, 19, 400, 0)
True, True, 0.1075, (0, 355, 231, 353, 29, 36, 58, 261, 0)
True, True, 0.0258, (0, 416, 297, 27, 223, 267, 35, 4, 0)
True, True, 0.018, (0, 299, 272, 43, 279, 119, 30, 301, 86, 0)
True, True, 0.098, (0, 314, 348, 342, 370, 115, 278, 274, 391, 0)
True, True, 0.2653, (0, 374, 73, 294, 378, 268, 311, 45, 0)
True, True, 0.3474, (0, 375, 7, 55, 372, 361, 95, 397, 0)
True, True, 0.0803, (0, 302, 359, 373, 48, 27, 297, 416, 0)
True, True, 0.218, (0, 113, 41, 291, 332, 16, 116, 240, 0)
True, True, 0.0639, (0, 412, 137, 385, 107, 235, 180, 275, 0)
True, True, 0.5564, (0, 10, 225, 169, 60, 423, 401, 125, 0)
True, True, 0.2174, (0, 129, 71, 185, 285, 398, 130, 55, 0)
True, True, 0.3603, (0, 395, 422, 255, 417, 80, 197, 0)
True, True, 0.0894, (0, 289, 230, 352, 58, 312, 6, 217, 0)
True, True, 0.06, (0, 351, 105, 156, 413, 381, 112, 40, 0)
True, True, 0.3761, (0, 308, 310, 40, 112, 139, 340, 122, 362, 0)
True, True, 0.021, (0, 132, 65, 157, 421, 224, 221, 359, 0)
True, True, 0.0617, (0, 31, 198, 258, 245, 244, 290, 322, 330, 0)
True, True, 0.2062, (0, 164, 63, 196, 14, 158, 326, 321, 0)
True, True, 0.06, (0, 83, 390, 394, 156, 413, 34, 112, 40, 0)
True, True, 0.0758, (0, 50, 262, 259, 288, 3, 102, 185, 0)
True, True, 0.4306, (0, 238, 421, 101, 24, 336, 25, 65, 0)
True, True, 0.0281, (0, 99, 134, 295, 311, 268, 378, 140, 0)
True, True, 0.0052, (0, 257, 329, 293, 398, 130, 55, 375, 0)
True, True, 0.1621, (0, 269, 216, 228, 47, 181, 17, 32, 174, 0)
True, True, 0.1418, (0, 418, 281, 316, 202, 415, 376, 193, 0)
True, True, 0.4471, (0, 207, 246, 103, 100, 28, 121, 77, 0)
True, True, 0.0228, (0, 404, 216, 357, 239, 220, 228, 47, 0)
True, True, 0.0309, (0, 172, 44, 327, 54, 344, 338, 233, 0)
True, True, 0.3751, (0, 170, 53, 66, 195, 124, 284, 33, 0)
True, True, 0.0119, (0, 95, 185, 71, 129, 300, 218, 209, 0)
True, True, 0.0203, (0, 354, 190, 404, 269, 406, 425, 418, 0)
True, True, 0.2231, (0, 271, 358, 93, 168, 204, 143, 278, 0)
True, True, 0.1118, (0, 346, 301, 30, 279, 119, 46, 409, 250, 0)
True, True, 0.1658, (0, 209, 218, 300, 129, 71, 185, 375, 0)
True, True, 0.1694, (0, 127, 277, 266, 76, 396, 227, 367, 165, 0)
True, True, 0.0567, (0, 337, 39, 184, 349, 387, 85, 402, 283, 0)
True, True, 0.1004, (0, 21, 374, 308, 310, 8, 73, 56, 0)
True, True, 0.4764, (0, 35, 267, 72, 223, 297, 416, 292, 0)
True, True, 0.1371, (0, 147, 256, 414, 420, 109, 419, 0)
True, True, 0.1049, (0, 334, 142, 247, 263, 22, 251, 82, 0)
True, True, 0.419, (0, 154, 387, 349, 184, 85, 402, 283, 117, 0)
True, True, 0.2955, (0, 66, 195, 210, 399, 212, 84, 162, 0)
True, True, 0.7078, (0, 4, 411, 9, 427, 153, 149, 264, 0)
True, True, 0.1527, (0, 212, 360, 196, 63, 164, 171, 160, 318, 0)
True, True, 0.1506, (0, 153, 182, 350, 246, 103, 207, 237, 0)
True, True, 0.011, (0, 148, 393, 271, 358, 168, 204, 370, 0)
True, True, 0.0137, (0, 236, 264, 149, 419, 19, 400, 38, 0)
True, True, 0.0123, (0, 46, 119, 279, 43, 272, 22, 263, 282, 0)
True, True, 0.0309, (0, 233, 338, 344, 54, 327, 206, 172, 0)
True, True, 0.3694, (0, 334, 142, 247, 282, 263, 22, 299, 86, 0)
True, True, 0.2055, (0, 38, 275, 180, 235, 137, 412, 236, 0)
True, True, 0.0794, (0, 399, 382, 426, 199, 158, 14, 326, 0)
True, True, 0.2794, (0, 189, 366, 350, 246, 103, 207, 237, 0)
True, True, 0.1083, (0, 237, 207, 103, 246, 350, 366, 182, 0)
True, True, 0.2823, (0, 146, 388, 377, 386, 96, 407, 211, 0)
True, True, 0.1625, (0, 87, 95, 361, 372, 55, 7, 375, 0)
True, True, 0.0926, (0, 282, 263, 22, 272, 43, 279, 119, 215, 0)
True, True, 0.1621, (0, 356, 108, 303, 323, 365, 415, 0)
True, True, 0.2008, (0, 38, 264, 419, 19, 400, 345, 320, 0)
True, True, 0.479, (0, 359, 221, 224, 421, 157, 65, 70, 0)
True, True, 0.8379, (0, 418, 425, 406, 356, 316, 281, 193, 0)
True, True, 0.162, (0, 7, 55, 398, 285, 185, 71, 375, 0)
True, True, 0.0226, (0, 329, 369, 213, 243, 288, 3, 62, 0)
True, True, 0.0764, (0, 152, 86, 272, 22, 263, 282, 247, 251, 0)
True, True, 0.1189, (0, 26, 141, 254, 384, 93, 358, 0)
True, True, 0.1018, (0, 416, 27, 48, 373, 359, 70, 286, 0)
True, True, 0.0102, (0, 425, 406, 281, 316, 202, 415, 376, 0)
True, True, 0.0604, (0, 251, 247, 282, 219, 410, 128, 371, 0)
True, True, 0.3184, (0, 72, 211, 183, 229, 135, 59, 27, 0)
True, True, 0.3056, (0, 234, 81, 20, 276, 286, 74, 0)
True, True, 0.0258, (0, 411, 35, 267, 223, 27, 297, 416, 0)
True, True, 0.2095, (0, 287, 116, 113, 332, 291, 41, 333, 0)
True, True, 0.2819, (0, 415, 194, 150, 338, 214, 201, 13, 0)
True, True, 0.3947, (0, 191, 52, 120, 167, 380, 368, 280, 0)
True, True, 0.0604, (0, 248, 69, 126, 428, 219, 410, 128, 0)
True, True, 0.0767, (0, 320, 395, 255, 422, 155, 136, 161, 0)
True, True, 0.3311, (0, 109, 420, 414, 208, 203, 147, 0)
True, True, 0.0569, (0, 52, 166, 82, 167, 380, 368, 280, 0)
True, True, 0.0538, (0, 208, 152, 86, 301, 30, 46, 409, 250, 0)
True, True, 0.3281, (0, 7, 71, 129, 300, 218, 209, 25, 0)
True, True, 0.2116, (0, 182, 350, 366, 188, 144, 205, 100, 0)
True, True, 0.0014, (0, 148, 298, 226, 26, 64, 392, 123, 1, 0)
True, True, 0.3715, (0, 68, 179, 115, 91, 148, 97, 366, 0)
True, True, 0.4293, (0, 130, 398, 50, 262, 259, 213, 369, 0)
True, True, 0.0877, (0, 397, 375, 218, 300, 131, 209, 25, 0)
True, True, 0.4012, (0, 37, 200, 306, 79, 319, 188, 0)
True, True, 0.0193, (0, 409, 46, 30, 301, 215, 424, 208, 0)
True, True, 0.1382, (0, 105, 260, 106, 18, 164, 63, 171, 318, 0)
True, True, 0.1165, (0, 388, 313, 85, 402, 39, 337, 283, 117, 0)
True, True, 0.1751, (0, 41, 291, 127, 176, 133, 335, 220, 0)
True, True, 0.0352, (0, 121, 377, 388, 305, 117, 200, 37, 0)
True, True, 0.1661, (0, 391, 278, 348, 342, 143, 115, 179, 304, 0)
True, True, 0.0694, (0, 375, 218, 300, 129, 71, 185, 130, 0)
True, True, 0.0188, (0, 123, 298, 271, 358, 93, 168, 204, 0)
True, True, 0.1327, (0, 33, 124, 284, 210, 195, 363, 170, 0)
True, True, 0.2398, (0, 234, 81, 20, 276, 132, 70, 302, 0)
True, True, 0.2575, (0, 183, 211, 96, 386, 377, 23, 77, 0)
True, True, 0.4155, (0, 401, 67, 343, 383, 60, 2, 347, 0)
True, True, 0.1249, (0, 48, 325, 11, 135, 59, 223, 267, 0)
True, True, 0.0764, (0, 274, 278, 143, 342, 348, 314, 119, 46, 0)
True, True, 0.0009, (0, 223, 229, 230, 6, 312, 261, 407, 0)
True, True, 0.1433, (0, 392, 49, 309, 141, 254, 384, 298, 0)
True, True, 0.1208, (0, 82, 251, 282, 247, 142, 334, 317, 0)
True, True, 0.2243, (0, 256, 414, 420, 68, 111, 189, 0)
True, True, 0.1385, (0, 163, 145, 249, 26, 64, 392, 226, 0)
True, True, 0.074, (0, 96, 261, 312, 6, 230, 217, 229, 0)
True, True, 0.0181, (0, 230, 352, 58, 312, 6, 217, 229, 0)
True, True, 0.1443, (0, 283, 39, 67, 343, 383, 169, 2, 347, 0)
True, True, 0.0944, (0, 208, 250, 391, 68, 111, 304, 189, 0)
True, True, 0.041, (0, 210, 234, 132, 286, 302, 74, 42, 0)
True, True, 0.035, (0, 138, 161, 136, 155, 197, 187, 320, 0)
True, True, 0.261, (0, 382, 426, 94, 110, 257, 361, 95, 0)
True, True, 0.0984, (0, 170, 53, 195, 363, 124, 284, 364, 0)
True, True, 0.0548, (0, 37, 200, 337, 402, 85, 313, 388, 0)
True, True, 0.0123, (0, 10, 225, 60, 383, 2, 347, 26, 0)
True, True, 0.1017, (0, 166, 82, 251, 142, 334, 167, 280, 0)
True, True, 0.1709, (0, 382, 94, 110, 257, 329, 293, 372, 87, 0)
True, True, 0.0622, (0, 123, 26, 347, 2, 169, 423, 10, 145, 0)
True, True, 0.3948, (0, 299, 272, 43, 279, 119, 30, 301, 250, 0)
True, True, 0.17, (0, 307, 132, 276, 20, 81, 234, 363, 0)
True, True, 0.0984, (0, 53, 195, 210, 284, 124, 33, 364, 0)
True, True, 0.1152, (0, 188, 97, 91, 179, 278, 274, 391, 0)
True, True, 0.1553, (0, 38, 275, 180, 235, 385, 137, 412, 0)
True, True, 0.2188, (0, 39, 67, 343, 383, 423, 225, 10, 0)
True, True, 0.0198, (0, 198, 178, 258, 290, 244, 245, 122, 0)
True, True, 0.2763, (0, 132, 276, 397, 87, 232, 57, 90, 296, 0)
True, True, 0.1641, (0, 339, 191, 52, 120, 380, 280, 417, 0)
True, True, 0.264, (0, 20, 81, 397, 87, 232, 57, 90, 399, 0)
True, True, 0.0436, (0, 257, 329, 369, 213, 243, 259, 50, 130, 0)
True, True, 0.2238, (0, 13, 201, 194, 150, 338, 233, 341, 0)
True, True, 0.0725, (0, 135, 230, 6, 312, 261, 96, 407, 0)
True, True, 0.2785, (0, 275, 180, 149, 419, 19, 400, 345, 0)
True, True, 0.0986, (0, 306, 337, 125, 39, 402, 313, 305, 0)
True, True, 0.2184, (0, 339, 120, 380, 368, 417, 80, 0)
True, True, 0.5133, (0, 97, 148, 123, 78, 145, 163, 1, 144, 0)
True, True, 0.2127, (0, 23, 96, 386, 154, 151, 313, 305, 0)
True, True, 0.0662, (0, 185, 102, 331, 51, 243, 213, 329, 0)
True, True, 0.0583, (0, 140, 45, 311, 408, 160, 318, 162, 0)
True, True, 0.1278, (0, 339, 52, 166, 120, 368, 280, 417, 0)
True, True, 0.1661, (0, 168, 93, 358, 271, 393, 91, 0)
True, True, 0.1562, (0, 134, 295, 45, 268, 378, 294, 56, 0)
True, True, 0.0436, (0, 257, 369, 213, 243, 51, 331, 288, 0)
True, True, 0.2343, (0, 23, 407, 312, 6, 217, 229, 0)
True, True, 0.0607, (0, 393, 271, 358, 168, 204, 348, 314, 0)
True, True, 0.1393, (0, 56, 73, 378, 268, 311, 295, 134, 0)
True, True, 0.0117, (0, 95, 372, 293, 329, 257, 110, 426, 0)
True, True, 0.1969, (0, 237, 28, 146, 23, 77, 35, 0)
True, True, 0.0515, (0, 198, 178, 258, 290, 244, 245, 340, 0)
True, True, 0.0472, (0, 91, 393, 271, 358, 204, 348, 314, 0)
True, True, 0.0123, (0, 20, 397, 87, 232, 57, 90, 241, 296, 0)
True, True, 0.1004, (0, 338, 54, 327, 118, 330, 324, 308, 374, 0)
True, True, 0.0694, (0, 65, 25, 209, 336, 24, 101, 421, 0)
True, True, 0.1661, (0, 91, 393, 271, 168, 204, 342, 314, 0)
True, True, 0.1234, (0, 15, 198, 178, 258, 244, 290, 322, 0)
True, True, 0.1382, (0, 318, 171, 63, 164, 18, 106, 351, 378, 0)
True, True, 0.1118, (0, 424, 86, 43, 272, 22, 263, 282, 247, 0)
True, True, 0.0502, (0, 341, 214, 233, 338, 150, 194, 201, 0)
True, True, 0.1317, (0, 269, 181, 47, 228, 216, 404, 354, 0)
True, True, 0.1355, (0, 61, 161, 136, 155, 395, 197, 320, 0)
True, True, 0.0634, (0, 267, 72, 229, 135, 11, 325, 48, 0)
True, True, 0.0057, (0, 332, 277, 227, 396, 76, 266, 186, 127, 0)
True, True, 0.3851, (0, 15, 198, 31, 122, 340, 40, 8, 0)
True, True, 0.1527, (0, 140, 268, 311, 408, 160, 318, 134, 0)
True, True, 0.0658, (0, 406, 174, 32, 181, 47, 228, 269, 354, 0)
True, True, 0.0073, (0, 237, 182, 246, 188, 366, 189, 0)
True, True, 0.1968, (0, 337, 39, 67, 343, 383, 169, 225, 0)
True, True, 0.1391, (0, 306, 79, 337, 125, 145, 163, 1, 0)
True, True, 0.1464, (0, 183, 407, 386, 261, 312, 6, 230, 0)
True, True, 0.1075, (0, 117, 283, 402, 85, 387, 315, 104, 177, 0)
True, True, 0.0363, (0, 191, 52, 167, 120, 368, 280, 417, 0)
True, True, 0.2428, (0, 28, 100, 205, 144, 188, 350, 182, 0)
True, True, 0.109, (0, 378, 311, 408, 160, 318, 295, 134, 99, 0)
True, True, 0.0177, (0, 144, 1, 319, 306, 200, 117, 37, 0)
True, True, 0.1119, (0, 92, 172, 44, 206, 328, 233, 214, 0)
True, True, 0.3311, (0, 256, 409, 215, 346, 424, 152, 208, 0)
True, True, 0.0075, (0, 78, 26, 64, 392, 226, 298, 91, 0)
True, True, 0.0064, (0, 121, 154, 315, 104, 177, 58, 230, 0)
True, True, 0.0818, (0, 222, 16, 332, 291, 41, 333, 357, 0)
True, True, 0.1189, (0, 423, 2, 347, 49, 309, 141, 254, 0)
True, True, 0.102, (0, 209, 218, 129, 185, 285, 398, 372, 0)
True, True, 0.1073, (0, 280, 368, 380, 167, 166, 52, 339, 0)
True, True, 0.0659, (0, 360, 326, 158, 252, 5, 241, 399, 0)
True, True, 0.0891, (0, 205, 200, 117, 305, 313, 388, 121, 0)
True, True, 0.0247, (0, 39, 67, 343, 169, 2, 347, 26, 392, 0)
True, True, 0.2568, (0, 357, 379, 335, 133, 127, 332, 113, 0)
True, True, 0.0347, (0, 305, 85, 402, 39, 125, 145, 163, 1, 0)
True, True, 0.0945, (0, 162, 318, 160, 408, 311, 268, 45, 0)
True, True, 0.0441, (0, 62, 3, 331, 51, 243, 259, 262, 0)
True, True, 0.0973, (0, 337, 125, 39, 402, 85, 283, 117, 37, 0)
True, True, 0.0595, (0, 204, 93, 384, 141, 309, 49, 347, 0)
True, True, 0.1055, (0, 209, 218, 300, 129, 285, 130, 55, 0)
True, True, 0.1694, (0, 176, 277, 266, 76, 396, 227, 270, 222, 0)
True, True, 0.168, (0, 298, 226, 64, 26, 249, 78, 123, 0)
True, True, 0.0472, (0, 123, 298, 226, 358, 93, 168, 204, 0)
True, True, 0.0157, (0, 10, 225, 347, 2, 423, 401, 337, 0)
True, True, 0.0068, (0, 80, 339, 52, 191, 417, 255, 136, 0)
True, True, 0.0764, (0, 409, 46, 30, 119, 279, 43, 86, 152, 0)
True, True, 0.0032, (0, 151, 313, 85, 402, 283, 117, 200, 37, 0)
True, True, 0.0083, (0, 53, 81, 20, 276, 132, 286, 302, 0)
True, True, 0.0884, (0, 164, 63, 196, 326, 158, 252, 5, 0)
True, True, 0.1075, (0, 305, 85, 184, 349, 315, 104, 177, 0)
True, True, 0.1506, (0, 400, 19, 419, 427, 9, 273, 107, 0)
True, True, 0.0502, (0, 376, 13, 201, 214, 338, 328, 172, 92, 0)
True, True, 0.03, (0, 310, 122, 340, 245, 244, 290, 322, 118, 0)
True, True, 0.0604, (0, 317, 371, 410, 219, 428, 265, 222, 0)
True, True, 0.0157, (0, 123, 26, 347, 2, 169, 60, 423, 10, 0)
True, True, 0.0266, (0, 325, 11, 217, 6, 312, 407, 0)
True, True, 0.164, (0, 90, 382, 426, 199, 14, 326, 403, 0)
True, True, 0.2436, (0, 74, 302, 286, 132, 234, 210, 363, 0)
True, True, 0.0729, (0, 287, 240, 116, 16, 222, 255, 155, 136, 0)
True, True, 0.0005, (0, 50, 259, 243, 51, 331, 288, 102, 0)
True, True, 0.0796, (0, 123, 249, 26, 64, 392, 226, 91, 0)
True, True, 0.0123, (0, 125, 401, 423, 383, 2, 347, 26, 0)
True, True, 0.0561, (0, 1, 145, 249, 26, 64, 392, 298, 148, 0)
True, True, 0.052, (0, 360, 196, 326, 158, 252, 241, 399, 0)
True, True, 0.0645, (0, 364, 33, 124, 284, 210, 53, 170, 0)
True, True, 0.0172, (0, 274, 278, 115, 370, 342, 348, 314, 409, 0)
True, True, 0.0582, (0, 274, 278, 314, 348, 143, 115, 179, 304, 0)
True, True, 0.0764, (0, 251, 263, 22, 272, 43, 279, 301, 86, 0)
True, True, 0.1772, (0, 269, 216, 357, 239, 220, 181, 32, 174, 0)
True, True, 0.1243, (0, 53, 363, 210, 399, 212, 84, 162, 99, 0)
True, True, 0.0089, (0, 163, 145, 78, 249, 26, 226, 298, 0)
True, True, 0.0029, (0, 377, 313, 85, 402, 39, 125, 337, 117, 0)
True, True, 0.2568, (0, 240, 113, 41, 291, 127, 133, 333, 0)
True, True, 0.0455, (0, 257, 329, 293, 130, 185, 71, 218, 209, 0)
True, True, 0.0146, (0, 103, 28, 205, 144, 188, 366, 182, 0)
True, True, 0.0473, (0, 37, 117, 337, 125, 145, 78, 123, 0)
True, True, 0.0604, (0, 16, 248, 69, 126, 428, 128, 371, 0)
True, True, 0.0864, (0, 155, 422, 255, 417, 80, 187, 0)
True, True, 0.2062, (0, 241, 5, 252, 158, 14, 196, 360, 0)
True, True, 0.12, (0, 160, 171, 63, 164, 18, 260, 105, 83, 0)
True, True, 0.0422, (0, 403, 326, 14, 199, 426, 382, 57, 0)
True, True, 0.0595, (0, 2, 49, 309, 141, 384, 93, 204, 0)
True, True, 0.3846, (0, 50, 262, 259, 243, 288, 3, 102, 0)
True, True, 0.0467, (0, 200, 117, 283, 337, 163, 123, 148, 91, 0)
True, True, 0.0874, (0, 292, 416, 27, 48, 373, 359, 302, 0)
True, True, 0.0287, (0, 8, 112, 139, 340, 122, 31, 15, 0)
True, True, 0.0182, (0, 318, 160, 171, 63, 164, 18, 260, 351, 0)
True, True, 0.1358, (0, 183, 407, 261, 312, 230, 289, 59, 0)
True, True, 0.1234, (0, 322, 290, 245, 258, 178, 198, 15, 0)
True, True, 0.06, (0, 8, 112, 34, 381, 156, 394, 390, 0)
True, True, 0.1234, (0, 15, 198, 178, 245, 244, 258, 322, 0)
True, True, 0.2192, (0, 412, 137, 192, 273, 107, 180, 275, 0)
True, True, 0.0364, (0, 40, 112, 34, 381, 413, 105, 83, 0)
False, True, 0.0301, (0, 374, 310, 40, 112, 139, 340, 122, 310, 0)
False, True, 0.0184, (0, 56, 374, 308, 310, 8, 73, 56, 0)
False, True, 0.4508, (0, 88, 253, 364, 307, 42, 253, 88, 0)
False, True, 0.1394, (0, 114, 197, 395, 155, 136, 114, 0)
False, True, 0.1332, (0, 4, 411, 416, 292, 35, 411, 4, 0)
False, True, 0.0808, (0, 374, 308, 310, 362, 31, 198, 15, 374, 0)
False, True, 0.3938, (0, 376, 415, 194, 150, 201, 13, 376, 0)
False, True, 0.1563, (0, 82, 251, 22, 263, 282, 247, 82, 0)
False, True, 0.2568, (0, 220, 239, 379, 335, 333, 239, 220, 0)
False, True, 0.0811, (0, 92, 214, 233, 338, 206, 44, 328, 92, 0)
False, True, 0.2166, (0, 274, 314, 348, 342, 143, 278, 274, 391, 0)
False, True, 0.1533, (0, 203, 424, 346, 301, 30, 215, 424, 0)
True, True, 0.0934, (0, 322, 178, 290, 244, 245, 340, 122, 362, 0)
False, True, 0.3071, (0, 370, 271, 358, 93, 168, 204, 370, 0)
False, True, 0.1434, (0, 304, 111, 391, 274, 68, 111, 304, 0)
False, True, 0.1358, (0, 11, 289, 230, 6, 217, 11, 0)
False, True, 0.2312, (0, 203, 152, 424, 346, 215, 152, 203, 0)
False, True, 0.2183, (0, 199, 94, 110, 257, 329, 199, 426, 0)
False, True, 0.1726, (0, 250, 409, 46, 30, 301, 346, 215, 250, 0)
False, True, 0.1751, (0, 357, 239, 379, 335, 133, 379, 357, 0)
False, True, 0.0522, (0, 15, 245, 244, 290, 258, 178, 15, 0)
False, True, 0.1806, (0, 287, 240, 116, 222, 16, 89, 116, 287, 0)
False, True, 0.1017, (0, 87, 232, 426, 199, 382, 232, 57, 90, 0)
False, True, 0.0117, (0, 57, 232, 382, 426, 199, 94, 382, 241, 0)
True, True, 0.1382, (0, 83, 351, 260, 106, 164, 63, 171, 318, 0)
False, True, 0.0025, (0, 1, 319, 337, 125, 163, 319, 1, 0)
False, True, 0.0293, (0, 68, 391, 274, 278, 115, 179, 274, 0)
False, True, 0.0662, (0, 257, 329, 369, 262, 50, 293, 329, 257, 0)
False, True, 0.1113, (0, 269, 181, 47, 228, 220, 239, 357, 269, 0)
False, True, 0.1612, (0, 292, 297, 373, 359, 48, 27, 297, 0)
False, True, 0.2137, (0, 162, 212, 360, 403, 321, 212, 162, 0)
False, True, 0.11, (0, 57, 232, 426, 199, 382, 232, 57, 90, 0)
True, True, 0.1189, (0, 10, 347, 2, 49, 309, 254, 384, 0)
False, True, 0.1522, (0, 173, 138, 114, 187, 345, 320, 173, 0)
False, True, 0.0102, (0, 193, 376, 415, 202, 316, 281, 193, 0)
False, True, 0.0051, (0, 310, 362, 122, 340, 139, 112, 40, 310, 0)
False, True, 0.1164, (0, 1, 319, 163, 337, 79, 319, 1, 0)
False, True, 0.1008, (0, 11, 230, 312, 6, 217, 11, 0)
False, True, 0.3032, (0, 166, 167, 334, 142, 251, 82, 166, 0)
False, True, 0.5, (0, 98, 254, 384, 141, 309, 49, 98, 0)
False, True, 0.1419, (0, 292, 267, 211, 183, 72, 267, 35, 0)
False, True, 0.0796, (0, 287, 240, 116, 16, 222, 287, 422, 136, 0)
False, True, 0.0112, (0, 140, 294, 378, 268, 45, 140, 0)
False, True, 0.1101, (0, 42, 74, 302, 70, 286, 74, 42, 0)
False, True, 0.0912, (0, 42, 307, 286, 302, 74, 307, 364, 0)
False, True, 0.1544, (0, 354, 190, 216, 228, 47, 269, 354, 0)
False, True, 0.3388, (0, 186, 277, 227, 396, 76, 266, 186, 176, 0)
False, True, 0.117, (0, 147, 256, 420, 414, 208, 147, 0)
False, True, 0.0088, (0, 117, 337, 125, 39, 402, 283, 117, 200, 0)
False, True, 0.0112, (0, 191, 52, 120, 380, 368, 280, 191, 0)
False, True, 0.0486, (0, 222, 265, 126, 69, 248, 16, 222, 0)
False, True, 0.1073, (0, 187, 147, 191, 339, 80, 187, 0)
False, True, 0.0309, (0, 21, 324, 31, 198, 15, 324, 21, 0)
True, True, 0.1089, (0, 320, 197, 255, 422, 155, 136, 61, 0)
False, True, 0.0658, (0, 425, 406, 269, 404, 190, 354, 425, 0)
False, True, 0.0236, (0, 8, 40, 112, 413, 381, 34, 40, 0)
False, True, 0.0073, (0, 207, 182, 366, 188, 350, 246, 207, 0)
False, True, 0.0237, (0, 382, 361, 257, 293, 329, 110, 94, 382, 0)
True, True, 0.0842, (0, 25, 209, 218, 185, 285, 398, 130, 0)
False, True, 0.0221, (0, 257, 293, 369, 213, 243, 259, 293, 257, 0)
False, True, 0.0595, (0, 399, 296, 241, 5, 90, 57, 296, 399, 0)
False, True, 0.0475, (0, 339, 191, 52, 368, 380, 120, 52, 0)
False, True, 0.0572, (0, 138, 61, 114, 155, 136, 161, 138, 0)
False, True, 0.0545, (0, 94, 110, 329, 293, 110, 94, 199, 0)
False, True, 0.061, (0, 240, 222, 16, 165, 89, 16, 222, 287, 0)
False, True, 0.0075, (0, 360, 326, 14, 158, 252, 360, 0)
all_elementary, False
all_cyc2, True
