Instance, X-n120-k6
capacity, 21
min_trucks, 6
output_file, output_uchoa_repeat_small/X-n120-k6-SPPRC.log
Start date, 2022-07-06
Start time, 20-00-38
capacity, 21
num_vehicles, 6
abort_early, False
methods, ['SPPRC']
max_vars, 100
time_limit, 86400
farley, False
ESPPRC_heur, True
initial time, initial max_it, max_stale_it
1, 20000.0, 20
heuristic Number of routes, heuristic Best Solution Value, heuristic number of iterations, adjusted time, adjusted max_it, measured total time
982, 13332.0, 1469, 1, 20000.0, 1483.9
method, python time, total time, propagated dominance time, unpropagated dominance time, pricing_success, upper_bound, lower_bound, abort_early, num_paths, 
SPPRC, 0.1, 0.0, 0.0, 0.0, 1, 13235.6531, -48431.294, 0, 1495
SPPRC, 0.1, 0.0, 0.0, 0.0, 1, 13235.6531, -63880.8769, 0, 1514
SPPRC, 0.1, 0.0, 0.0, 0.0, 1, 13235.6531, -43365.3314, 0, 1512
SPPRC, 0.1, 0.0, 0.0, 0.0, 1, 13235.6531, -38832.5521, 0, 1505
SPPRC, 0.1, 0.0, 0.0, 0.0, 1, 13235.6531, -27600.3583, 0, 1427
SPPRC, 0.1, 0.0, 0.0, 0.0, 1, 13235.6531, -25453.2135, 0, 1395
SPPRC, 0.1, 0.0, 0.0, 0.0, 1, 13235.6531, -35511.3146, 0, 1442
SPPRC, 0.1, 0.0, 0.0, 0.0, 1, 13235.6531, -22875.2122, 0, 1443
SPPRC, 0.1, 0.0, 0.0, 0.0, 1, 13235.6531, -18613.1806, 0, 1440
SPPRC, 0.1, 0.0, 0.0, 0.0, 1, 13235.6531, -22266.0288, 0, 1459
SPPRC, 0.1, 0.0, 0.0, 0.0, 1, 13235.6531, -28357.8148, 0, 1488
SPPRC, 0.1, 0.0, 0.0, 0.0, 1, 13235.6531, -13164.7287, 0, 1442
SPPRC, 0.1, 0.0, 0.0, 0.0, 1, 13235.6531, -18438.5167, 0, 1456
SPPRC, 0.1, 0.0, 0.0, 0.0, 1, 13235.6531, -8606.1627, 0, 1397
SPPRC, 0.1, 0.0, 0.0, 0.0, 1, 13235.6531, -1552.0172, 0, 1303
SPPRC, 0.1, 0.0, 0.0, 0.0, 1, 13235.6531, -11600.5055, 0, 1390
SPPRC, 0.1, 0.0, 0.0, 0.0, 1, 13235.6531, -6923.4558, 0, 1345
SPPRC, 0.1, 0.0, 0.0, 0.0, 1, 13235.6531, -3220.465, 0, 1325
SPPRC, 0.1, 0.0, 0.0, 0.0, 1, 13235.6531, -6431.6698, 0, 1355
SPPRC, 0.1, 0.0, 0.0, 0.0, 1, 13235.6531, -13050.3154, 0, 1411
SPPRC, 0.1, 0.0, 0.0, 0.0, 1, 13235.6531, -7476.7852, 0, 1428
SPPRC, 0.1, 0.0, 0.0, 0.0, 1, 13235.6531, -10163.8356, 0, 1456
SPPRC, 0.1, 0.0, 0.0, 0.0, 1, 13235.6531, -1355.6167, 0, 1346
SPPRC, 0.1, 0.0, 0.0, 0.0, 1, 13196.3958, -712.0777, 0, 1242
SPPRC, 0.1, 0.0, 0.0, 0.0, 1, 13196.3958, -12833.8092, 0, 1534
SPPRC, 0.1, 0.0, 0.0, 0.0, 1, 13196.3958, -241.6652, 0, 1174
SPPRC, 0.1, 0.0, 0.0, 0.0, 1, 13196.3958, -10241.8842, 0, 1384
SPPRC, 0.1, 0.0, 0.0, 0.0, 1, 13196.3958, 1458.0132, 0, 1132
SPPRC, 0.1, 0.0, 0.0, 0.0, 1, 13196.3958, -829.5161, 0, 1152
SPPRC, 0.1, 0.0, 0.0, 0.0, 1, 13196.3958, -39099.6367, 0, 1776
SPPRC, 0.1, 0.0, 0.0, 0.0, 1, 13196.3958, 2162.7033, 0, 1071
SPPRC, 0.1, 0.0, 0.0, 0.0, 1, 13196.3958, 5125.4594, 0, 983
SPPRC, 0.1, 0.0, 0.0, 0.0, 1, 13196.3958, 3874.8398, 0, 1027
SPPRC, 0.1, 0.0, 0.0, 0.0, 1, 13196.3958, 5169.7516, 0, 992
SPPRC, 0.0, 0.1, 0.0, 0.0, 1, 13196.3958, -11853.5723, 0, 1573
SPPRC, 0.0, 0.1, 0.0, 0.0, 1, 13196.3958, -1906.7123, 0, 1295
SPPRC, 0.0, 0.1, 0.0, 0.0, 1, 13196.248, 4732.0164, 0, 991
SPPRC, 0.0, 0.1, 0.0, 0.0, 1, 13196.248, 3901.8975, 0, 1016
SPPRC, 0.0, 0.1, 0.0, 0.0, 1, 13196.248, 4688.3868, 0, 941
SPPRC, 0.0, 0.1, 0.0, 0.0, 1, 13196.248, 7239.731, 0, 884
SPPRC, 0.0, 0.1, 0.0, 0.0, 1, 13195.9411, -9203.4156, 0, 1642
SPPRC, 0.0, 0.1, 0.0, 0.0, 1, 13195.9411, -4201.1456, 0, 1498
SPPRC, 0.0, 0.1, 0.0, 0.0, 1, 13195.4735, -16690.2343, 0, 1785
SPPRC, 0.0, 0.1, 0.0, 0.0, 1, 13190.7153, 5419.0357, 0, 1010
SPPRC, 0.0, 0.1, 0.0, 0.0, 1, 13190.7153, 6760.2491, 0, 931
SPPRC, 0.0, 0.1, 0.0, 0.0, 1, 13190.7153, 7065.7021, 0, 857
SPPRC, 0.0, 0.1, 0.0, 0.0, 1, 13190.7153, 8405.2058, 0, 792
SPPRC, 0.0, 0.1, 0.0, 0.0, 1, 13169.2402, 3820.1701, 0, 1023
SPPRC, 0.0, 0.1, 0.0, 0.0, 1, 13166.7144, 5658.0435, 0, 906
SPPRC, 0.1, 0.1, 0.0, 0.0, 1, 13166.7144, 9026.4126, 0, 735
SPPRC, 0.0, 0.1, 0.0, 0.0, 1, 13140.47, 5756.0107, 0, 977
SPPRC, 0.0, 0.1, 0.0, 0.0, 1, 13139.3703, 6763.3154, 0, 887
SPPRC, 0.0, 0.1, 0.0, 0.0, 1, 13121.9559, 8685.1869, 0, 726
SPPRC, 0.0, 0.1, 0.0, 0.0, 1, 13113.1367, -6050.3938, 0, 1335
SPPRC, 0.0, 0.1, 0.0, 0.0, 1, 13113.1367, 8385.0415, 0, 775
SPPRC, 0.0, 0.1, 0.0, 0.0, 1, 13111.2958, -88719.2895, 0, 2040
SPPRC, 0.0, 0.1, 0.0, 0.0, 1, 13109.405, 9718.3209, 0, 636
SPPRC, 0.0, 0.1, 0.0, 0.0, 1, 13087.2301, 8050.6283, 0, 797
SPPRC, 0.0, 0.1, 0.0, 0.0, 1, 13072.7368, 9719.0728, 0, 624
SPPRC, 0.0, 0.1, 0.0, 0.0, 1, 13052.6861, 6599.1849, 0, 835
SPPRC, 0.0, 0.1, 0.0, 0.0, 1, 13050.5095, 9203.0676, 0, 646
SPPRC, 0.0, 0.1, 0.0, 0.0, 1, 13036.6981, 9038.6835, 0, 604
SPPRC, 0.0, 0.1, 0.0, 0.0, 1, 13021.4471, 6903.3614, 0, 722
SPPRC, 0.0, 0.1, 0.0, 0.0, 1, 13019.1605, 8973.1459, 0, 571
SPPRC, 0.0, 0.1, 0.0, 0.0, 1, 13005.5026, 9617.0379, 0, 518
SPPRC, 0.0, 0.1, 0.0, 0.0, 1, 12989.3278, 7957.2486, 0, 755
SPPRC, 0.0, 0.1, 0.0, 0.0, 1, 12988.3214, 9480.5266, 0, 550
SPPRC, 0.0, 0.1, 0.0, 0.0, 1, 12966.7229, 9649.4975, 0, 553
SPPRC, 0.0, 0.1, 0.0, 0.0, 1, 12965.5807, 10216.0734, 0, 463
SPPRC, 0.0, 0.1, 0.0, 0.0, 1, 12926.4167, 10663.9891, 0, 439
SPPRC, 0.0, 0.1, 0.0, 0.0, 1, 12897.2269, 10703.734, 0, 420
SPPRC, 0.0, 0.1, 0.0, 0.0, 1, 12864.0579, 9872.7796, 0, 438
SPPRC, 0.0, 0.1, 0.0, 0.0, 1, 12847.1799, 10249.7711, 0, 376
SPPRC, 0.0, 0.1, 0.0, 0.0, 1, 12823.7205, 11168.9602, 0, 341
SPPRC, 0.0, 0.1, 0.0, 0.0, 1, 12802.9704, 10366.2571, 0, 326
SPPRC, 0.0, 0.1, 0.0, 0.0, 1, 12788.0216, 8449.0295, 0, 508
SPPRC, 0.0, 0.1, 0.0, 0.0, 1, 12775.5104, 10323.9221, 0, 346
SPPRC, 0.0, 0.1, 0.0, 0.0, 1, 12742.0402, 10752.6192, 0, 324
SPPRC, 0.0, 0.1, 0.0, 0.0, 1, 12719.8537, 9773.7586, 0, 441
SPPRC, 0.0, 0.1, 0.0, 0.0, 1, 12719.1483, 11106.6464, 0, 274
SPPRC, 0.0, 0.1, 0.0, 0.0, 1, 12671.181, 11183.9045, 0, 238
SPPRC, 0.0, 0.1, 0.0, 0.0, 1, 12635.3456, 10860.2646, 0, 246
SPPRC, 0.0, 0.1, 0.0, 0.0, 1, 12620.2349, 11515.8697, 0, 196
SPPRC, 0.1, 0.0, 0.0, 0.0, 1, 12579.0581, 11079.1845, 0, 233
SPPRC, 0.1, 0.0, 0.0, 0.0, 1, 12551.1223, 11285.6441, 0, 213
SPPRC, 0.1, 0.0, 0.0, 0.0, 1, 12510.7431, 11120.3881, 0, 217
SPPRC, 0.1, 0.0, 0.0, 0.0, 1, 12497.4398, 11650.7654, 0, 143
SPPRC, 0.1, 0.0, 0.0, 0.0, 1, 12474.6645, 11560.3242, 0, 141
SPPRC, 0.1, 0.0, 0.0, 0.0, 1, 12450.6763, 11880.5443, 0, 97
SPPRC, 0.1, 0.0, 0.0, 0.0, 1, 12431.332, 11684.7856, 0, 135
SPPRC, 0.1, 0.0, 0.0, 0.0, 1, 12424.762, 11905.2323, 0, 83
SPPRC, 0.1, 0.0, 0.0, 0.0, 1, 12406.5751, 11880.7624, 0, 89
SPPRC, 0.1, 0.0, 0.0, 0.0, 1, 12391.6976, 11990.8058, 0, 75
SPPRC, 0.1, 0.0, 0.0, 0.0, 1, 12381.7277, 12018.6042, 0, 67
SPPRC, 0.1, 0.0, 0.0, 0.0, 1, 12368.9951, 11827.8979, 0, 77
SPPRC, 0.1, 0.0, 0.0, 0.0, 1, 12363.1423, 12140.9267, 0, 55
SPPRC, 0.1, 0.0, 0.0, 0.0, 1, 12346.0923, 12127.0534, 0, 51
SPPRC, 0.1, 0.0, 0.0, 0.0, 1, 12332.3748, 12060.0883, 0, 59
SPPRC, 0.1, 0.0, 0.0, 0.0, 1, 12325.2147, 12159.409, 0, 47
SPPRC, 0.1, 0.0, 0.0, 0.0, 1, 12320.9872, 12195.4162, 0, 46
SPPRC, 0.1, 0.0, 0.0, 0.0, 1, 12316.2238, 12111.4238, 0, 50
SPPRC, 0.1, 0.0, 0.0, 0.0, 1, 12315.3855, 12232.7554, 0, 38
SPPRC, 0.1, 0.0, 0.0, 0.0, 1, 12313.1325, 12186.2089, 0, 28
SPPRC, 0.1, 0.0, 0.0, 0.0, 1, 12311.4711, 12226.7486, 0, 27
SPPRC, 0.1, 0.0, 0.0, 0.0, 1, 12310.9173, 12266.7297, 0, 20
SPPRC, 0.1, 0.0, 0.0, 0.0, 1, 12309.8898, 12248.1538, 0, 24
SPPRC, 0.1, 0.0, 0.0, 0.0, 1, 12309.1633, 12252.9491, 0, 21
SPPRC, -0.0, 0.1, 0.0, 0.0, 1, 12308.5926, 12232.0233, 0, 20
SPPRC, -0.0, 0.1, 0.0, 0.0, 1, 12308.4366, 12291.5386, 0, 12
SPPRC, -0.0, 0.1, 0.0, 0.0, 1, 12308.0774, 12302.5933, 0, 7
SPPRC, -0.0, 0.1, 0.0, 0.0, 1, 12308.0745, 12304.9427, 0, 6
SPPRC, -0.0, 0.1, 0.0, 0.0, 1, 12308.0739, 12308.0739, 0, 0
scip_total_time, 1498.648863
Solval, number of paths, impact cutoff
12308.073895905905, 110, 0.0001
Elementary, 2-Cycle, Path Value, Path
False, False, 0.0714, (0, 41, 117, 47, 101, 47, 101, 47, 101, 47, 101, 47, 101, 47, 101, 47, 101, 47, 101, 47, 117, 41, 0)
False, False, 0.0489, (0, 41, 85, 51, 63, 104, 105, 104, 105, 104, 105, 104, 105, 104, 105, 104, 105, 104, 63, 51, 85, 41, 0)
False, False, 0.0315, (0, 41, 85, 89, 51, 63, 105, 63, 105, 63, 105, 63, 105, 63, 105, 63, 105, 63, 51, 89, 85, 41, 0)
False, False, 0.0377, (0, 12, 9, 44, 18, 75, 117, 5, 26, 5, 26, 5, 26, 5, 26, 5, 117, 75, 18, 44, 9, 12, 0)
False, False, 0.0646, (0, 12, 9, 44, 18, 75, 117, 5, 26, 5, 26, 5, 26, 5, 26, 5, 117, 75, 18, 44, 15, 79, 0)
False, False, 0.0588, (0, 12, 99, 103, 17, 103, 17, 103, 17, 103, 17, 103, 17, 103, 17, 103, 17, 103, 17, 103, 99, 2, 0)
False, False, 0.0769, (0, 50, 52, 38, 29, 32, 91, 32, 91, 32, 91, 32, 91, 32, 91, 32, 91, 32, 29, 38, 52, 50, 0)
False, False, 0.1091, (0, 73, 67, 30, 118, 23, 14, 58, 83, 15, 83, 15, 83, 15, 83, 58, 14, 23, 118, 30, 67, 73, 0)
False, False, 0.0625, (0, 20, 107, 71, 112, 45, 3, 45, 3, 45, 3, 45, 3, 45, 3, 45, 3, 45, 112, 71, 107, 20, 0)
False, False, 0.0552, (0, 25, 30, 33, 36, 115, 48, 86, 48, 86, 48, 86, 48, 86, 48, 86, 48, 115, 36, 33, 30, 25, 0)
False, False, 0.0196, (0, 54, 62, 40, 6, 92, 35, 56, 1, 24, 37, 24, 37, 24, 1, 56, 35, 92, 6, 40, 62, 54, 0)
False, False, 0.073, (0, 116, 107, 54, 62, 87, 72, 102, 111, 102, 111, 102, 111, 102, 111, 102, 72, 87, 62, 54, 107, 116, 0)
False, False, 0.0335, (0, 31, 25, 67, 30, 118, 23, 14, 23, 14, 23, 14, 23, 14, 23, 14, 23, 118, 30, 67, 25, 31, 0)
False, False, 0.0813, (0, 67, 33, 36, 115, 48, 86, 65, 86, 65, 86, 65, 86, 65, 86, 65, 86, 48, 115, 36, 33, 67, 0)
False, False, 0.125, (0, 20, 116, 107, 96, 71, 96, 71, 96, 71, 96, 71, 96, 71, 96, 71, 96, 71, 96, 107, 116, 20, 0)
False, False, 0.0694, (0, 21, 79, 15, 19, 28, 19, 28, 19, 28, 19, 28, 19, 28, 19, 28, 19, 28, 19, 15, 79, 21, 0)
False, False, 0.0588, (0, 49, 99, 17, 103, 17, 103, 17, 103, 17, 103, 17, 103, 17, 103, 17, 103, 17, 103, 17, 99, 49, 0)
False, False, 0.0672, (0, 50, 88, 52, 38, 31, 73, 31, 73, 31, 73, 31, 73, 31, 73, 31, 73, 31, 38, 52, 88, 50, 0)
False, False, 0.0068, (0, 67, 33, 36, 115, 48, 65, 48, 65, 48, 65, 48, 65, 48, 65, 48, 65, 48, 115, 36, 33, 67, 0)
False, False, 0.0467, (0, 80, 49, 109, 82, 98, 13, 98, 13, 98, 13, 98, 13, 98, 13, 98, 13, 98, 82, 109, 49, 80, 0)
False, False, 0.1047, (0, 84, 55, 70, 39, 42, 109, 82, 109, 82, 109, 82, 109, 82, 109, 82, 109, 42, 39, 70, 55, 84, 0)
False, False, 0.0711, (0, 2, 99, 9, 44, 18, 75, 97, 46, 66, 108, 66, 108, 66, 46, 97, 75, 18, 44, 9, 99, 12, 0)
False, False, 0.0837, (0, 20, 116, 61, 119, 61, 119, 61, 119, 61, 119, 61, 119, 61, 119, 61, 119, 61, 119, 61, 116, 20, 0)
False, False, 0.0909, (0, 33, 36, 115, 48, 65, 74, 110, 74, 110, 74, 110, 74, 110, 74, 110, 74, 65, 48, 115, 36, 33, 0)
False, False, 0.0625, (0, 82, 41, 85, 51, 63, 105, 104, 105, 104, 105, 104, 105, 104, 105, 104, 105, 63, 51, 89, 85, 41, 0)
False, False, 0.0863, (0, 50, 88, 10, 94, 84, 16, 80, 16, 80, 16, 80, 16, 80, 16, 80, 16, 84, 94, 10, 88, 50, 0)
False, False, 0.0698, (0, 112, 90, 53, 77, 100, 77, 100, 77, 100, 77, 100, 77, 100, 77, 100, 77, 53, 90, 114, 8, 78, 0)
False, False, 0.0082, (0, 93, 42, 109, 82, 98, 13, 98, 13, 98, 13, 98, 13, 98, 13, 98, 13, 98, 82, 109, 42, 93, 0)
False, False, 0.0833, (0, 112, 90, 53, 69, 85, 89, 51, 89, 51, 89, 51, 89, 51, 89, 51, 89, 85, 69, 53, 90, 112, 0)
False, False, 0.0982, (0, 20, 107, 54, 62, 87, 72, 87, 72, 87, 72, 87, 72, 87, 72, 87, 72, 87, 62, 54, 107, 116, 0)
False, False, 0.0279, (0, 20, 116, 61, 119, 94, 119, 94, 119, 94, 119, 94, 10, 94, 10, 94, 10, 94, 119, 61, 116, 20, 0)
False, False, 0.0098, (0, 34, 56, 1, 24, 37, 57, 59, 22, 4, 95, 4, 95, 4, 22, 59, 57, 37, 24, 1, 56, 34, 0)
False, False, 0.0769, (0, 50, 52, 38, 29, 91, 32, 91, 32, 91, 32, 91, 32, 91, 32, 91, 32, 91, 29, 38, 52, 50, 0)
False, False, 0.1889, (0, 62, 40, 6, 92, 35, 56, 1, 24, 37, 57, 59, 57, 37, 24, 1, 56, 35, 92, 6, 40, 62, 0)
False, False, 0.0197, (0, 34, 56, 1, 24, 37, 59, 22, 4, 95, 4, 95, 4, 22, 59, 57, 37, 24, 1, 56, 34, 102, 0)
False, False, 0.0472, (0, 25, 30, 33, 36, 115, 48, 86, 65, 86, 65, 86, 65, 86, 65, 86, 48, 115, 36, 33, 30, 25, 0)
False, False, 0.0807, (0, 54, 102, 111, 34, 11, 27, 11, 27, 11, 27, 11, 27, 11, 27, 11, 27, 11, 34, 111, 102, 54, 0)
False, False, 0.0921, (0, 78, 8, 114, 90, 53, 81, 69, 81, 69, 81, 69, 81, 69, 81, 69, 81, 53, 90, 114, 8, 78, 0)
False, False, 0.0644, (0, 20, 107, 54, 112, 45, 3, 45, 3, 45, 3, 45, 3, 45, 3, 45, 3, 45, 112, 54, 107, 116, 0)
False, False, 0.0426, (0, 25, 23, 58, 106, 7, 97, 46, 108, 66, 108, 66, 108, 66, 108, 46, 97, 7, 106, 58, 23, 25, 0)
False, False, 0.0531, (0, 25, 23, 58, 106, 7, 97, 46, 108, 66, 108, 66, 108, 66, 108, 46, 97, 7, 106, 58, 14, 33, 0)
False, False, 0.0433, (0, 49, 13, 41, 117, 26, 5, 26, 5, 26, 5, 26, 5, 26, 5, 26, 5, 26, 117, 41, 13, 49, 0)
False, False, 0.0247, (0, 50, 88, 52, 88, 52, 88, 52, 88, 52, 88, 52, 88, 52, 88, 52, 88, 52, 88, 52, 88, 50, 0)
False, False, 0.0491, (0, 54, 72, 102, 111, 34, 27, 11, 27, 11, 27, 11, 27, 11, 27, 11, 27, 34, 111, 102, 72, 54, 0)
False, False, 0.0317, (0, 84, 93, 55, 70, 78, 8, 114, 8, 114, 8, 114, 8, 114, 8, 114, 8, 78, 70, 55, 93, 84, 0)
False, False, 0.0335, (0, 49, 99, 9, 44, 18, 75, 97, 46, 108, 46, 108, 46, 108, 46, 97, 75, 18, 44, 15, 79, 21, 0)
False, False, 0.0327, (0, 29, 21, 79, 23, 14, 58, 83, 15, 9, 99, 9, 99, 9, 15, 83, 58, 14, 23, 79, 21, 29, 0)
False, False, 0.0402, (0, 31, 25, 21, 12, 2, 43, 76, 43, 76, 43, 76, 43, 76, 43, 76, 43, 2, 12, 21, 29, 38, 0)
False, False, 0.004, (0, 49, 99, 9, 44, 18, 75, 97, 46, 108, 46, 108, 46, 108, 46, 97, 75, 18, 44, 9, 99, 49, 0)
False, False, 0.0223, (0, 88, 80, 16, 93, 55, 70, 45, 3, 45, 3, 45, 3, 45, 3, 45, 70, 55, 93, 16, 80, 88, 0)
False, False, 0.0883, (0, 20, 116, 61, 119, 94, 10, 94, 10, 94, 10, 94, 10, 94, 10, 94, 10, 94, 119, 61, 116, 20, 0)
False, False, 0.0714, (0, 41, 85, 51, 63, 105, 101, 47, 101, 47, 101, 47, 101, 47, 101, 47, 101, 105, 63, 51, 85, 41, 0)
False, False, 0.1245, (0, 50, 52, 31, 73, 25, 67, 30, 118, 79, 118, 79, 118, 79, 118, 30, 67, 25, 73, 31, 52, 50, 0)
False, False, 0.0148, (0, 84, 93, 49, 42, 109, 64, 113, 64, 113, 64, 113, 64, 113, 64, 113, 64, 109, 42, 49, 93, 84, 0)
False, False, 0.1977, (0, 88, 80, 16, 93, 55, 70, 78, 39, 42, 39, 42, 39, 42, 39, 78, 70, 55, 93, 16, 80, 88, 0)
False, False, 0.0746, (0, 112, 3, 114, 90, 53, 81, 69, 81, 69, 81, 69, 81, 69, 81, 69, 81, 53, 90, 114, 3, 112, 0)
False, False, 0.1071, (0, 10, 84, 93, 55, 70, 78, 8, 114, 8, 114, 8, 114, 8, 114, 8, 78, 70, 55, 93, 84, 10, 0)
False, False, 0.0326, (0, 49, 13, 41, 117, 26, 117, 26, 117, 26, 117, 26, 117, 26, 117, 26, 117, 75, 18, 44, 9, 12, 0)
False, False, 0.004, (0, 20, 107, 54, 62, 87, 72, 102, 111, 34, 111, 34, 111, 34, 111, 102, 72, 87, 62, 54, 107, 20, 0)
False, False, 0.0409, (0, 33, 14, 58, 83, 28, 19, 28, 19, 28, 19, 28, 19, 28, 19, 28, 19, 28, 83, 58, 23, 25, 0)
False, False, 0.0213, (0, 29, 21, 79, 23, 14, 115, 36, 115, 36, 115, 36, 115, 36, 115, 36, 115, 14, 23, 79, 21, 29, 0)
False, False, 0.0293, (0, 38, 29, 21, 12, 2, 76, 113, 64, 113, 64, 113, 64, 113, 64, 113, 76, 2, 12, 21, 29, 38, 0)
False, False, 0.0454, (0, 112, 90, 53, 68, 60, 68, 60, 68, 60, 68, 60, 68, 60, 95, 22, 59, 57, 35, 92, 6, 40, 0)
False, False, 0.0036, (0, 84, 55, 70, 78, 8, 109, 82, 109, 82, 109, 82, 109, 82, 109, 82, 109, 8, 78, 70, 55, 84, 0)
False, False, 0.0129, (0, 20, 54, 62, 87, 72, 102, 111, 34, 111, 34, 111, 34, 111, 34, 111, 102, 72, 87, 62, 54, 107, 0)
False, False, 0.0703, (0, 112, 90, 53, 68, 60, 68, 60, 68, 60, 68, 60, 68, 60, 68, 60, 68, 60, 68, 53, 90, 112, 0)
False, False, 0.0273, (0, 20, 107, 54, 62, 87, 72, 102, 111, 34, 111, 34, 111, 34, 111, 102, 72, 87, 62, 54, 107, 116, 0)
False, False, 0.0072, (0, 20, 116, 61, 119, 94, 84, 16, 80, 16, 80, 16, 80, 16, 80, 16, 84, 94, 119, 61, 116, 20, 0)
False, False, 0.0568, (0, 29, 21, 79, 23, 14, 58, 83, 15, 83, 15, 83, 15, 83, 15, 83, 58, 14, 23, 79, 21, 29, 0)
False, False, 0.0308, (0, 25, 23, 58, 106, 7, 97, 46, 66, 46, 66, 46, 66, 46, 66, 46, 97, 7, 106, 58, 14, 33, 0)
False, False, 0.0893, (0, 38, 29, 21, 12, 2, 43, 76, 113, 64, 113, 64, 113, 64, 113, 76, 43, 2, 12, 21, 29, 38, 0)
False, False, 0.0235, (0, 49, 98, 13, 41, 117, 5, 117, 5, 117, 5, 117, 5, 117, 5, 117, 5, 117, 41, 13, 98, 49, 0)
False, False, 0.0316, (0, 54, 102, 111, 34, 27, 11, 27, 11, 27, 11, 27, 11, 27, 11, 27, 11, 27, 34, 111, 102, 54, 0)
False, False, 0.0245, (0, 25, 23, 14, 58, 106, 7, 106, 7, 106, 7, 106, 7, 106, 7, 106, 7, 106, 58, 14, 33, 67, 0)
False, False, 0.0909, (0, 33, 36, 115, 48, 65, 110, 74, 110, 74, 110, 74, 110, 74, 110, 74, 110, 65, 48, 115, 36, 33, 0)
False, False, 0.0968, (0, 38, 29, 21, 12, 2, 43, 76, 43, 76, 43, 76, 43, 76, 43, 76, 43, 2, 12, 21, 29, 38, 0)
False, False, 0.0738, (0, 112, 90, 53, 77, 100, 77, 100, 77, 100, 77, 100, 57, 37, 24, 1, 56, 35, 92, 6, 40, 62, 0)
False, False, 0.0213, (0, 73, 67, 30, 33, 36, 115, 36, 115, 36, 115, 36, 115, 36, 115, 36, 115, 36, 33, 30, 67, 73, 0)
False, False, 0.0297, (0, 84, 55, 70, 78, 109, 64, 113, 64, 113, 64, 113, 64, 113, 64, 113, 64, 109, 78, 70, 55, 84, 0)
False, False, 0.0631, (0, 34, 56, 1, 24, 37, 59, 22, 95, 22, 95, 22, 95, 4, 22, 59, 37, 24, 1, 56, 34, 102, 0)
False, False, 0.0115, (0, 112, 90, 53, 100, 77, 100, 77, 100, 77, 100, 77, 100, 77, 100, 77, 100, 77, 100, 53, 90, 112, 0)
False, False, 0.0116, (0, 49, 13, 41, 117, 5, 117, 5, 117, 5, 117, 5, 117, 5, 117, 5, 117, 75, 18, 44, 9, 12, 0)
False, False, 0.0236, (0, 34, 56, 1, 24, 37, 59, 22, 4, 95, 4, 95, 4, 95, 4, 22, 59, 37, 24, 1, 56, 34, 0)
False, False, 0.0431, (0, 49, 64, 98, 13, 41, 85, 89, 85, 89, 85, 89, 85, 89, 85, 89, 85, 41, 13, 98, 64, 49, 0)
False, False, 0.0758, (0, 84, 93, 42, 109, 82, 98, 13, 98, 13, 98, 13, 98, 13, 98, 13, 98, 82, 109, 42, 93, 84, 0)
False, False, 0.0105, (0, 49, 2, 99, 9, 44, 18, 75, 97, 46, 108, 66, 108, 66, 46, 97, 75, 18, 44, 9, 99, 2, 0)
False, False, 0.1565, (0, 49, 2, 99, 9, 44, 18, 75, 97, 46, 108, 66, 108, 66, 46, 97, 75, 18, 44, 9, 99, 12, 0)
False, False, 0.0141, (0, 49, 2, 99, 9, 44, 18, 75, 97, 46, 66, 108, 66, 108, 66, 46, 97, 7, 106, 58, 14, 33, 0)
False, False, 0.1649, (0, 40, 6, 92, 35, 57, 59, 22, 4, 95, 4, 95, 4, 95, 4, 22, 59, 57, 35, 92, 6, 40, 0)
False, False, 0.007, (0, 50, 52, 38, 31, 73, 25, 67, 30, 118, 30, 118, 30, 118, 30, 67, 25, 73, 31, 38, 52, 50, 0)
False, False, 0.0391, (0, 84, 93, 49, 76, 113, 64, 113, 64, 113, 64, 113, 64, 113, 64, 113, 64, 113, 76, 49, 93, 84, 0)
False, False, 0.0184, (0, 49, 64, 98, 13, 41, 117, 26, 117, 26, 117, 26, 117, 26, 5, 26, 117, 75, 18, 44, 9, 12, 0)
False, False, 0.0191, (0, 21, 79, 23, 14, 58, 106, 7, 106, 7, 106, 7, 106, 7, 106, 7, 106, 58, 14, 23, 79, 21, 0)
False, False, 0.0432, (0, 31, 25, 67, 30, 118, 23, 14, 58, 83, 15, 83, 15, 83, 58, 14, 23, 118, 30, 67, 25, 31, 0)
False, False, 0.0014, (0, 41, 85, 89, 51, 63, 104, 63, 104, 63, 104, 63, 104, 63, 104, 63, 104, 63, 51, 89, 85, 41, 0)
False, False, 0.0043, (0, 49, 64, 98, 13, 41, 85, 89, 51, 89, 51, 89, 51, 89, 51, 89, 85, 41, 13, 98, 64, 49, 0)
False, False, 0.0365, (0, 50, 52, 38, 31, 73, 25, 67, 30, 118, 79, 118, 79, 118, 30, 67, 25, 73, 31, 38, 52, 50, 0)
False, False, 0.0309, (0, 25, 30, 14, 58, 106, 7, 106, 7, 106, 7, 106, 7, 106, 7, 106, 7, 106, 58, 14, 33, 67, 0)
False, False, 0.0674, (0, 82, 41, 85, 89, 51, 63, 104, 63, 104, 63, 104, 63, 104, 63, 104, 63, 51, 89, 85, 41, 82, 0)
False, False, 0.039, (0, 107, 54, 62, 87, 72, 102, 111, 34, 111, 34, 111, 34, 111, 34, 111, 102, 72, 87, 62, 54, 107, 0)
False, False, 0.0285, (0, 21, 79, 15, 28, 19, 28, 19, 28, 19, 28, 19, 28, 19, 28, 19, 28, 19, 28, 15, 79, 21, 0)
False, False, 0.0604, (0, 112, 90, 53, 59, 22, 95, 60, 68, 60, 68, 60, 68, 60, 95, 22, 59, 37, 24, 1, 56, 34, 0)
False, False, 0.0669, (0, 40, 6, 92, 35, 56, 1, 24, 37, 57, 100, 77, 100, 57, 37, 24, 1, 56, 35, 92, 6, 40, 0)
False, False, 0.0823, (0, 49, 2, 99, 9, 44, 18, 75, 97, 7, 106, 7, 106, 7, 97, 75, 18, 44, 9, 99, 2, 49, 0)
False, False, 0.0029, (0, 49, 2, 99, 9, 44, 18, 75, 97, 7, 106, 7, 106, 7, 106, 7, 106, 83, 58, 14, 33, 67, 0)
False, False, 0.0086, (0, 112, 90, 53, 77, 100, 77, 100, 77, 100, 77, 100, 77, 100, 77, 100, 77, 100, 77, 53, 90, 112, 0)
False, False, 0.0077, (0, 67, 33, 14, 58, 106, 7, 106, 7, 106, 7, 106, 7, 106, 7, 106, 7, 106, 58, 14, 33, 67, 0)
False, False, 0.0314, (0, 102, 34, 56, 1, 24, 37, 59, 22, 4, 22, 4, 22, 4, 22, 59, 37, 24, 1, 56, 34, 102, 0)
False, False, 0.0098, (0, 34, 56, 1, 37, 59, 22, 95, 60, 68, 60, 68, 60, 68, 60, 95, 22, 59, 37, 1, 56, 34, 0)
False, False, 0.0033, (0, 88, 80, 16, 93, 55, 70, 78, 8, 114, 8, 114, 8, 114, 8, 78, 70, 55, 93, 16, 80, 88, 0)
all_elementary, False
all_cyc2, False
