Instance, X-n176-k26
capacity, 142
min_trucks, 26
output_file, output_uchoa_repeat_small/X-n176-k26-ng20.log
Start date, 2022-07-06
Start time, 17-51-40
capacity, 142
num_vehicles, 26
abort_early, False
methods, ['ng20']
max_vars, 100
time_limit, 86400
farley, False
ESPPRC_heur, True
initial time, initial max_it, max_stale_it
1, 20000.0, 20
heuristic Number of routes, heuristic Best Solution Value, heuristic number of iterations, adjusted time, adjusted max_it, measured total time
3103, 47812.0, 2000, 10, 2000.0, 19937.4
method, python time, total time, propagated dominance time, unpropagated dominance time, pricing_success, upper_bound, lower_bound, abort_early, num_paths, 
ESPPRC_heur, 0.1, 0.5, 0.4, 0.1, 0, 47694.2031, 33299.7884, True, 2962
ESPPRC_heur, 0.1, 0.6, 0.4, 0.1, 0, 47694.2031, 30836.4041, True, 3632
ESPPRC_heur, -0.0, 0.5, 0.3, 0.1, 0, 47694.2031, 39596.9013, True, 1181
ESPPRC_heur, -0.0, 0.5, 0.3, 0.1, 0, 47694.2031, 41051.6063, True, 1091
ESPPRC_heur, 0.0, 0.6, 0.4, 0.1, 0, 47694.2031, 39442.2211, True, 1510
ESPPRC_heur, 0.1, 0.5, 0.4, 0.1, 0, 47694.2031, 38701.5054, True, 1354
ESPPRC_heur, -0.0, 0.6, 0.4, 0.1, 0, 47694.2031, 40407.8909, True, 1290
ESPPRC_heur, 0.1, 0.5, 0.4, 0.1, 0, 47690.0119, 43623.7288, True, 1074
ESPPRC_heur, 0.1, 0.5, 0.3, 0.1, 0, 47685.4147, 42627.3505, True, 1113
ESPPRC_heur, -0.0, 0.6, 0.4, 0.1, 0, 47671.7949, 44703.8298, True, 611
ESPPRC_heur, 0.1, 0.5, 0.4, 0.1, 0, 47652.7037, 43814.7439, True, 618
ESPPRC_heur, 0.0, 0.6, 0.4, 0.1, 0, 47652.7037, 44692.504, True, 514
ESPPRC_heur, 0.1, 0.5, 0.4, 0.1, 0, 47652.3797, 45692.8271, True, 497
ESPPRC_heur, 0.1, 0.5, 0.4, 0.1, 0, 47646.1368, 45437.4095, True, 424
ESPPRC_heur, 0.0, 0.6, 0.4, 0.1, 0, 47636.3657, 45261.5707, True, 377
ESPPRC_heur, 0.1, 0.5, 0.4, 0.1, 0, 47630.3541, 46106.5699, True, 223
ESPPRC_heur, 0.1, 0.5, 0.4, 0.1, 0, 47617.2004, 46757.1932, True, 242
ESPPRC_heur, -0.0, 0.6, 0.4, 0.1, 0, 47612.0675, 46807.9087, True, 105
ESPPRC_heur, -0.0, 0.6, 0.4, 0.1, 0, 47609.7799, 47136.1295, True, 54
ESPPRC_heur, -0.0, 0.6, 0.4, 0.1, 0, 47603.2551, 47241.9322, True, 41
ESPPRC_heur, 0.0, 0.5, 0.4, 0.1, 0, 47601.7868, 47234.5065, True, 14
ESPPRC_heur, 0.1, 0.5, 0.4, 0.1, 0, 47599.9689, 47473.2484, True, 14
ESPPRC_heur, 0.0, 0.5, 0.4, 0.1, 0, 47599.7598, 47482.1748, True, 1
ESPPRC_heur, 0.0, 0.5, 0.4, 0.1, 0, 47599.6881, 47548.2963, True, 1
ng20, 0.1, 5309.8, 4985.0, 313.5, 1, 47599.6484, 46723.8526, 0, 141
ESPPRC_heur, -0.0, 0.5, 0.3, 0.1, 0, 47589.9182, 47303.1412, True, 22
ESPPRC_heur, -0.0, 0.5, 0.3, 0.1, 0, 47589.7208, 47444.2563, True, 5
ng20, 0.1, 5345.5, 5007.0, 327.9, 1, 47589.6776, 47375.9482, 0, 70
ESPPRC_heur, 0.0, 0.5, 0.3, 0.1, 0, 47588.8631, 47512.0292, True, 2
ng20, 0.1, 5007.8, 4710.4, 288.2, 1, 47588.6706, 47460.5059, 0, 49
ng20, 0.1, 4934.3, 4648.1, 277.6, 1, 47588.4637, 47578.0637, 0, 11
ng20, 0.0, 4882.9, 4596.7, 277.6, 1, 47588.4365, 47588.4365, 0, 0
scip_total_time, 45436.676708
Solval, number of paths, impact cutoff
47588.43647525291, 139, 0.0001
Elementary, 2-Cycle, Path Value, Path
True, True, 0.745, (0, 75, 54, 109, 1, 100, 163, 70, 165, 0)
True, True, 0.0565, (0, 13, 170, 33, 69, 0)
True, True, 0.4839, (0, 133, 142, 35, 45, 119, 48, 83, 38, 117, 81, 0)
True, True, 0.1036, (0, 162, 29, 134, 21, 0)
True, True, 0.6824, (0, 9, 169, 11, 0)
True, True, 0.282, (0, 30, 53, 34, 42, 0)
True, True, 0.2155, (0, 88, 27, 32, 160, 0)
True, True, 0.702, (0, 17, 20, 67, 0)
True, True, 0.3324, (0, 111, 3, 31, 153, 0)
True, True, 0.5827, (0, 19, 166, 147, 79, 26, 120, 0)
True, True, 0.0403, (0, 13, 170, 109, 33, 69, 0)
True, True, 0.8964, (0, 21, 134, 29, 55, 0)
True, True, 0.1723, (0, 175, 10, 143, 0)
True, True, 0.4173, (0, 26, 12, 0)
True, True, 0.4173, (0, 19, 36, 0)
True, True, 0.2503, (0, 31, 3, 90, 111, 0)
True, True, 0.8412, (0, 172, 15, 159, 62, 39, 114, 0)
True, True, 0.0346, (0, 44, 35, 119, 48, 83, 38, 64, 86, 0)
True, True, 0.0794, (0, 66, 61, 160, 174, 49, 88, 6, 0)
True, True, 0.4146, (0, 14, 127, 36, 101, 157, 93, 0)
True, True, 0.2036, (0, 133, 162, 45, 4, 52, 128, 125, 168, 164, 95, 96, 103, 0)
True, True, 0.1246, (0, 16, 78, 43, 116, 82, 89, 137, 136, 0)
True, True, 0.4383, (0, 140, 2, 73, 25, 167, 153, 0)
True, True, 0.755, (0, 122, 60, 98, 171, 143, 10, 175, 0)
True, True, 0.0548, (0, 40, 23, 28, 110, 0)
True, True, 0.0727, (0, 175, 10, 143, 122, 0)
True, True, 0.4865, (0, 27, 32, 49, 160, 0)
True, True, 0.8093, (0, 69, 33, 170, 13, 74, 0)
True, True, 0.4173, (0, 34, 31, 0)
True, True, 0.1293, (0, 154, 99, 118, 22, 71, 144, 104, 92, 0)
True, True, 0.0133, (0, 91, 86, 81, 64, 77, 7, 158, 44, 0)
True, True, 0.1703, (0, 130, 18, 150, 78, 132, 47, 124, 0)
True, True, 0.0938, (0, 165, 75, 163, 100, 1, 109, 54, 70, 69, 0)
True, True, 0.0133, (0, 57, 13, 170, 33, 0)
True, True, 0.2186, (0, 160, 28, 23, 0)
True, True, 0.023, (0, 56, 106, 63, 139, 6, 66, 138, 0)
True, True, 0.6593, (0, 106, 63, 139, 6, 66, 40, 138, 56, 0)
True, True, 0.136, (0, 97, 47, 149, 132, 16, 49, 174, 0)
True, True, 0.1626, (0, 101, 161, 155, 8, 113, 84, 121, 58, 0)
True, True, 0.1848, (0, 20, 59, 50, 5, 0)
True, True, 0.2422, (0, 77, 7, 64, 85, 168, 164, 95, 96, 103, 0)
True, True, 0.2727, (0, 103, 96, 95, 164, 168, 125, 128, 52, 4, 110, 0)
True, True, 0.0128, (0, 93, 161, 101, 36, 14, 0)
True, True, 0.2687, (0, 158, 142, 35, 45, 119, 48, 83, 38, 64, 0)
True, True, 0.3811, (0, 88, 130, 107, 126, 5, 68, 152, 105, 76, 61, 0)
True, True, 0.2565, (0, 80, 129, 37, 112, 146, 108, 141, 50, 94, 59, 43, 124, 0)
True, True, 0.2586, (0, 104, 57, 91, 24, 173, 131, 41, 65, 151, 0)
True, True, 0.1037, (0, 156, 148, 118, 22, 71, 144, 104, 92, 0)
True, True, 0.0777, (0, 161, 155, 8, 113, 84, 121, 145, 123, 58, 90, 0)
True, True, 0.2293, (0, 153, 25, 102, 73, 2, 0)
True, True, 0.5786, (0, 156, 92, 144, 71, 22, 118, 99, 154, 0)
True, True, 0.1734, (0, 174, 18, 50, 94, 59, 46, 150, 0)
True, True, 0.1907, (0, 135, 74, 41, 131, 173, 24, 91, 57, 104, 0)
True, True, 0.0827, (0, 30, 51, 34, 44, 0)
True, True, 0.1771, (0, 115, 28, 23, 174, 0)
True, True, 0.1588, (0, 106, 63, 139, 140, 159, 15, 172, 0)
True, True, 0.0687, (0, 2, 34, 0)
True, True, 0.298, (0, 140, 17, 27, 0)
True, True, 0.3094, (0, 72, 136, 137, 89, 82, 116, 78, 16, 0)
True, True, 0.5374, (0, 148, 57, 91, 86, 77, 7, 158, 53, 51, 42, 0)
True, True, 0.1883, (0, 148, 118, 22, 71, 104, 92, 0)
True, True, 0.0301, (0, 124, 149, 23, 32, 88, 40, 0)
True, True, 0.1588, (0, 167, 25, 2, 62, 0)
True, True, 0.2296, (0, 32, 23, 149, 47, 97, 0)
True, True, 0.4173, (0, 120, 79, 147, 166, 155, 8, 113, 84, 121, 145, 123, 90, 0)
True, True, 0.0036, (0, 103, 96, 95, 164, 168, 125, 128, 52, 4, 45, 162, 0)
True, True, 0.2565, (0, 115, 80, 129, 37, 112, 146, 108, 141, 94, 50, 46, 150, 0)
True, True, 0.1319, (0, 136, 137, 82, 116, 43, 46, 18, 130, 0)
True, True, 0.0529, (0, 18, 46, 43, 78, 132, 47, 0)
True, True, 0.1277, (0, 40, 23, 105, 28, 0)
True, True, 0.0403, (0, 103, 96, 95, 85, 125, 128, 52, 4, 83, 38, 0)
True, True, 0.245, (0, 14, 3, 90, 111, 171, 0)
True, True, 0.2503, (0, 93, 157, 58, 12, 123, 145, 72, 102, 167, 0)
True, True, 0.0831, (0, 130, 107, 126, 152, 68, 112, 37, 129, 105, 87, 115, 0)
True, True, 0.1553, (0, 14, 127, 36, 161, 157, 93, 0)
True, True, 0.0261, (0, 46, 59, 50, 141, 108, 146, 68, 152, 126, 5, 130, 0)
True, True, 0.1526, (0, 127, 101, 161, 58, 12, 102, 167, 73, 0)
True, True, 0.1588, (0, 30, 60, 56, 9, 156, 0)
True, True, 0.0043, (0, 136, 137, 89, 82, 116, 43, 18, 40, 0)
True, True, 0.0806, (0, 42, 51, 34, 33, 0)
True, True, 0.0244, (0, 115, 130, 18, 43, 116, 82, 89, 137, 0)
True, True, 0.0571, (0, 107, 5, 68, 146, 108, 141, 50, 94, 59, 46, 149, 0)
True, True, 0.1132, (0, 72, 136, 137, 89, 82, 116, 20, 43, 78, 132, 149, 47, 124, 0)
True, True, 0.1602, (0, 61, 18, 43, 116, 82, 89, 137, 136, 0)
True, True, 0.1049, (0, 25, 102, 2, 140, 0)
True, True, 0.1075, (0, 61, 18, 43, 116, 82, 89, 72, 0)
True, True, 0.0903, (0, 81, 117, 85, 125, 128, 52, 4, 83, 48, 119, 0)
True, True, 0.0977, (0, 149, 132, 78, 150, 18, 174, 0)
True, True, 0.0831, (0, 102, 72, 145, 121, 84, 113, 8, 155, 127, 0)
True, True, 0.0727, (0, 30, 98, 114, 9, 156, 0)
True, True, 0.0862, (0, 30, 60, 114, 9, 156, 0)
True, True, 0.0794, (0, 39, 139, 63, 6, 66, 138, 0)
True, True, 0.1883, (0, 30, 169, 11, 144, 0)
True, True, 0.1237, (0, 40, 23, 107, 28, 0)
True, True, 0.167, (0, 58, 123, 145, 121, 84, 113, 8, 155, 161, 93, 0)
True, True, 0.0384, (0, 174, 32, 23, 149, 97, 0)
True, True, 0.1293, (0, 30, 169, 11, 104, 0)
True, True, 0.0244, (0, 136, 89, 82, 116, 43, 18, 130, 115, 0)
True, True, 0.0403, (0, 103, 168, 164, 85, 125, 128, 52, 4, 45, 142, 0)
True, True, 0.0457, (0, 115, 80, 129, 37, 112, 146, 108, 141, 50, 59, 46, 150, 0)
True, True, 0.1626, (0, 14, 3, 111, 98, 122, 0)
True, True, 0.0794, (0, 56, 138, 106, 66, 6, 139, 39, 0)
True, True, 0.1957, (0, 81, 117, 85, 125, 128, 52, 4, 110, 162, 133, 44, 0)
True, True, 0.1319, (0, 124, 132, 16, 78, 89, 137, 136, 72, 0)
True, True, 0.0903, (0, 44, 142, 35, 119, 48, 38, 64, 86, 0)
True, True, 0.0777, (0, 123, 121, 84, 113, 8, 155, 161, 101, 0)
True, True, 0.01, (0, 58, 123, 121, 84, 113, 8, 155, 161, 127, 0)
True, True, 0.1036, (0, 86, 64, 117, 85, 125, 128, 52, 4, 110, 55, 162, 0)
True, True, 0.0403, (0, 100, 170, 81, 86, 77, 7, 158, 53, 51, 0)
True, True, 0.2565, (0, 115, 80, 129, 37, 112, 146, 108, 141, 94, 59, 46, 150, 0)
True, True, 0.05, (0, 81, 85, 125, 128, 52, 4, 83, 38, 64, 0)
True, True, 0.0903, (0, 44, 86, 77, 142, 35, 162, 158, 53, 51, 0)
True, True, 0.0531, (0, 130, 18, 126, 152, 105, 76, 115, 0)
True, True, 0.0045, (0, 72, 145, 121, 84, 113, 8, 155, 161, 127, 0)
True, True, 0.0687, (0, 51, 34, 25, 0)
True, True, 0.294, (0, 88, 174, 49, 87, 76, 28, 110, 162, 44, 0)
True, True, 0.0266, (0, 77, 38, 83, 48, 119, 35, 142, 44, 0)
False, True, 0.0403, (0, 75, 70, 163, 100, 1, 109, 54, 70, 75, 0)
True, True, 0.0403, (0, 86, 81, 13, 64, 117, 85, 168, 164, 95, 96, 103, 0)
False, True, 0.2718, (0, 76, 87, 107, 126, 5, 68, 152, 105, 87, 61, 0)
False, True, 0.298, (0, 67, 97, 124, 47, 132, 16, 149, 97, 0)
True, True, 0.1168, (0, 44, 133, 7, 64, 85, 168, 164, 95, 96, 103, 0)
False, True, 0.2921, (0, 154, 135, 151, 65, 41, 24, 173, 131, 135, 0)
True, True, 0.0403, (0, 103, 96, 95, 164, 168, 85, 117, 64, 81, 13, 170, 54, 0)
True, True, 0.1798, (0, 157, 127, 101, 161, 58, 12, 102, 73, 0)
True, True, 0.0097, (0, 122, 98, 111, 90, 3, 14, 0)
False, True, 0.0403, (0, 165, 70, 163, 100, 1, 109, 54, 70, 165, 0)
False, True, 0.0794, (0, 138, 66, 6, 63, 106, 138, 56, 0)
True, True, 0.004, (0, 174, 49, 130, 107, 126, 152, 105, 80, 28, 0)
True, True, 0.0403, (0, 163, 1, 96, 95, 164, 168, 85, 117, 81, 0)
True, True, 0.0791, (0, 115, 87, 107, 126, 5, 68, 152, 105, 80, 110, 0)
False, True, 0.0345, (0, 99, 151, 65, 131, 173, 24, 41, 65, 135, 148, 0)
True, True, 0.0057, (0, 81, 117, 38, 83, 48, 119, 35, 162, 44, 0)
True, True, 0.1016, (0, 80, 129, 37, 112, 146, 108, 141, 68, 152, 126, 130, 0)
False, True, 0.0403, (0, 165, 75, 163, 100, 1, 109, 54, 75, 165, 0)
False, True, 0.05, (0, 42, 51, 44, 86, 77, 7, 158, 53, 51, 42, 0)
False, True, 0.1561, (0, 135, 151, 65, 131, 173, 24, 41, 65, 151, 99, 0)
False, True, 0.0334, (0, 148, 99, 151, 131, 173, 24, 41, 65, 99, 148, 0)
False, True, 0.0345, (0, 148, 99, 151, 131, 173, 24, 41, 65, 151, 135, 148, 0)
all_elementary, False
all_cyc2, True
