Instance, X-n162-k11
capacity, 1174
min_trucks, 11
output_file, output_uchoa_repeat_small/X-n162-k11-cyc2.log
Start date, 2022-07-06
Start time, 17-05-27
capacity, 1174
num_vehicles, 11
abort_early, False
methods, ['cyc2']
max_vars, 100
time_limit, 86400
farley, False
ESPPRC_heur, True
initial time, initial max_it, max_stale_it
1, 20000.0, 20
heuristic Number of routes, heuristic Best Solution Value, heuristic number of iterations, adjusted time, adjusted max_it, measured total time
672, 14138.0, 651, 1, 20000.0, 667.8
method, python time, total time, propagated dominance time, unpropagated dominance time, pricing_success, upper_bound, lower_bound, abort_early, num_paths, 
ESPPRC_heur, 0.1, 0.4, 0.3, 0.0, 0, 13945.5479, -30206.6438, True, 8029
ESPPRC_heur, 0.0, 0.4, 0.3, 0.0, 0, 13945.5479, -60093.6187, True, 7137
ESPPRC_heur, 0.0, 0.6, 0.4, 0.0, 0, 13945.5479, -84102.2237, True, 8841
ESPPRC_heur, 0.0, 0.5, 0.3, 0.0, 0, 13945.5479, -57717.3594, True, 7703
ESPPRC_heur, 0.0, 0.5, 0.3, 0.0, 0, 13945.5479, -58406.3863, True, 7791
ESPPRC_heur, 0.0, 0.7, 0.5, 0.0, 0, 13945.5479, -60417.3066, True, 9625
ESPPRC_heur, 0.1, 0.5, 0.4, 0.0, 0, 13945.5479, -15950.3445, True, 8381
ESPPRC_heur, 0.1, 0.4, 0.3, 0.0, 0, 13945.5479, -15920.7386, True, 7618
ESPPRC_heur, 0.0, 0.3, 0.2, 0.0, 0, 13945.5479, -38450.5264, True, 6285
ESPPRC_heur, 0.1, 0.5, 0.4, 0.0, 0, 13945.5479, -12592.8148, True, 7442
ESPPRC_heur, 0.0, 0.7, 0.5, 0.0, 0, 13945.5479, -11286.7785, True, 9611
ESPPRC_heur, 0.1, 0.6, 0.4, 0.0, 0, 13945.5479, -18198.9389, True, 8487
ESPPRC_heur, 0.1, 0.5, 0.4, 0.0, 0, 13945.5479, -13001.5351, True, 7575
ESPPRC_heur, 0.1, 0.6, 0.4, 0.1, 0, 13945.5479, -19690.7052, True, 8656
ESPPRC_heur, 0.1, 0.5, 0.4, 0.0, 0, 13945.5479, -17321.4765, True, 7995
ESPPRC_heur, 0.1, 0.6, 0.5, 0.1, 0, 13945.5479, -14825.1318, True, 9004
ESPPRC_heur, 0.0, 0.6, 0.4, 0.0, 0, 13945.5479, -26679.872, True, 8278
ESPPRC_heur, 0.1, 0.6, 0.5, 0.0, 0, 13945.5479, -22897.7729, True, 8643
ESPPRC_heur, 0.0, 0.7, 0.5, 0.1, 0, 13945.5479, -14704.0528, True, 9438
ESPPRC_heur, 0.1, 0.6, 0.4, 0.1, 0, 13945.5479, -2359.8679, True, 8559
ESPPRC_heur, 0.0, 0.6, 0.4, 0.0, 0, 13945.5479, -17544.4062, True, 8330
ESPPRC_heur, 0.0, 1.0, 0.8, 0.1, 0, 13945.5479, -30644.3945, True, 11434
ESPPRC_heur, 0.1, 0.6, 0.5, 0.0, 0, 13945.5479, -13122.7814, True, 8523
ESPPRC_heur, 0.1, 0.7, 0.6, 0.1, 0, 13945.5479, -8937.2864, True, 9667
ESPPRC_heur, 0.1, 0.8, 0.6, 0.1, 0, 13945.5479, -14487.5335, True, 9503
ESPPRC_heur, 0.1, 0.8, 0.7, 0.1, 0, 13945.5479, -24215.9577, True, 10745
ESPPRC_heur, 0.1, 0.5, 0.4, 0.0, 0, 13945.5479, -16639.5004, True, 7945
ESPPRC_heur, 0.1, 0.6, 0.4, 0.0, 0, 13945.5479, -10289.396, True, 8374
ESPPRC_heur, 0.1, 0.8, 0.6, 0.1, 0, 13945.5479, -11729.1831, True, 10626
ESPPRC_heur, 0.1, 0.6, 0.5, 0.0, 0, 13945.5479, -12851.2098, True, 8783
ESPPRC_heur, 0.0, 0.7, 0.5, 0.1, 0, 13945.5479, -11082.675, True, 8742
ESPPRC_heur, 0.1, 0.7, 0.6, 0.1, 0, 13945.5479, -11384.941, True, 9581
ESPPRC_heur, 0.1, 0.5, 0.4, 0.0, 0, 13945.5479, -11287.7376, True, 7862
ESPPRC_heur, 0.0, 0.8, 0.6, 0.1, 0, 13945.5479, -3564.7284, True, 9530
ESPPRC_heur, 0.1, 0.7, 0.5, 0.1, 0, 13945.5479, -4616.539, True, 9668
ESPPRC_heur, 0.1, 0.5, 0.3, 0.0, 0, 13945.5479, -3415.132, True, 7031
ESPPRC_heur, 0.1, 0.7, 0.5, 0.1, 0, 13945.5479, -4855.898, True, 9355
ESPPRC_heur, 0.0, 0.7, 0.5, 0.1, 0, 13945.5479, 110.2206, True, 8586
ESPPRC_heur, 0.0, 0.7, 0.5, 0.1, 0, 13945.5479, -1500.1274, True, 8545
ESPPRC_heur, 0.0, 0.6, 0.4, 0.1, 0, 13945.5479, -2778.4499, True, 7753
ESPPRC_heur, 0.1, 0.5, 0.4, 0.0, 0, 13945.5479, -15069.3051, True, 8034
ESPPRC_heur, 0.1, 0.6, 0.4, 0.1, 0, 13945.5479, -21578.5181, True, 9556
ESPPRC_heur, 0.0, 0.8, 0.6, 0.1, 0, 13945.5479, -15868.0119, True, 10492
ESPPRC_heur, 0.1, 0.5, 0.4, 0.0, 0, 13945.5479, -8434.0941, True, 7850
ESPPRC_heur, 0.1, 0.5, 0.4, 0.0, 0, 13945.5479, -7516.6258, True, 7609
ESPPRC_heur, 0.1, 0.5, 0.4, 0.0, 0, 13945.5479, -9902.0293, True, 7176
ESPPRC_heur, 0.0, 0.6, 0.4, 0.0, 0, 13945.5479, -10780.0072, True, 8239
ESPPRC_heur, 0.1, 0.6, 0.4, 0.1, 0, 13945.5479, -1075.941, True, 7852
ESPPRC_heur, 0.0, 0.5, 0.3, 0.0, 0, 13945.5479, -11140.6006, True, 7424
ESPPRC_heur, 0.1, 0.7, 0.6, 0.1, 0, 13945.5479, -8722.6621, True, 9645
ESPPRC_heur, 0.1, 0.5, 0.4, 0.0, 0, 13945.5479, -5318.5527, True, 7494
ESPPRC_heur, 0.0, 0.6, 0.4, 0.1, 0, 13945.5479, -4060.6685, True, 7478
ESPPRC_heur, 0.1, 0.6, 0.5, 0.1, 0, 13945.5479, -2617.7726, True, 8268
ESPPRC_heur, 0.0, 0.6, 0.4, 0.1, 0, 13945.5479, -1507.9968, True, 7738
ESPPRC_heur, 0.1, 0.8, 0.6, 0.1, 0, 13945.5479, -203.9386, True, 9767
ESPPRC_heur, 0.0, 0.7, 0.5, 0.1, 0, 13945.5479, 20.4725, True, 8821
ESPPRC_heur, 0.0, 0.7, 0.5, 0.1, 0, 13945.5479, 1832.8108, True, 8481
ESPPRC_heur, 0.0, 0.7, 0.5, 0.1, 0, 13945.5479, -7534.3226, True, 8745
ESPPRC_heur, 0.1, 0.7, 0.5, 0.1, 0, 13945.5479, -362.7112, True, 8582
ESPPRC_heur, 0.0, 0.6, 0.4, 0.1, 0, 13945.5479, -2218.9896, True, 7592
ESPPRC_heur, 0.1, 0.5, 0.4, 0.1, 0, 13945.5479, -1185.1098, True, 7594
ESPPRC_heur, 0.1, 0.7, 0.5, 0.1, 0, 13945.5479, -4020.2492, True, 9011
ESPPRC_heur, 0.1, 0.6, 0.4, 0.1, 0, 13945.5479, -9244.7524, True, 7707
ESPPRC_heur, 0.0, 0.7, 0.5, 0.1, 0, 13945.5479, 2101.6485, True, 8110
ESPPRC_heur, 0.1, 0.5, 0.4, 0.0, 0, 13945.5479, -1614.8908, True, 7820
ESPPRC_heur, 0.1, 0.6, 0.4, 0.1, 0, 13945.5479, -690.039, True, 8274
ESPPRC_heur, 0.1, 0.5, 0.3, 0.0, 0, 13945.5479, 3586.5909, True, 6375
ESPPRC_heur, 0.1, 0.6, 0.4, 0.1, 0, 13945.5479, 829.2221, True, 7460
ESPPRC_heur, 0.0, 0.5, 0.3, 0.0, 0, 13945.5479, 4041.3772, True, 5640
ESPPRC_heur, 0.1, 0.7, 0.5, 0.1, 0, 13945.5479, 3674.9674, True, 8167
ESPPRC_heur, 0.1, 0.5, 0.4, 0.0, 0, 13945.5479, -526.6099, True, 6983
ESPPRC_heur, 0.1, 0.8, 0.6, 0.1, 0, 13945.5479, 1780.0026, True, 9258
ESPPRC_heur, 0.0, 0.6, 0.4, 0.1, 0, 13945.5479, 211.9589, True, 6772
ESPPRC_heur, 0.0, 0.7, 0.5, 0.1, 0, 13945.5479, 2183.329, True, 8617
ESPPRC_heur, 0.0, 0.6, 0.4, 0.1, 0, 13945.5479, 6074.1876, True, 6691
ESPPRC_heur, 0.1, 0.7, 0.5, 0.1, 0, 13945.5479, 1221.0743, True, 9695
ESPPRC_heur, 0.1, 0.5, 0.4, 0.0, 0, 13945.5479, 832.7144, True, 6998
ESPPRC_heur, 0.1, 0.5, 0.4, 0.0, 0, 13945.5479, 3690.6403, True, 6349
ESPPRC_heur, 0.0, 0.4, 0.2, 0.0, 0, 13945.5479, 1495.4955, True, 6224
ESPPRC_heur, 0.1, 0.4, 0.3, 0.0, 0, 13945.5479, 2647.263, True, 6346
ESPPRC_heur, 0.1, 0.7, 0.6, 0.1, 0, 13945.5479, 1539.0503, True, 8933
ESPPRC_heur, 0.0, 0.4, 0.2, 0.0, 0, 13945.5479, 3537.6163, True, 5816
ESPPRC_heur, 0.1, 0.5, 0.3, 0.0, 0, 13945.5479, 3859.2717, True, 6276
ESPPRC_heur, 0.1, 0.5, 0.3, 0.0, 0, 13945.5479, 3574.2767, True, 6616
ESPPRC_heur, 0.1, 0.6, 0.4, 0.1, 0, 13945.5479, 4140.0791, True, 7243
ESPPRC_heur, 0.0, 0.7, 0.5, 0.1, 0, 13945.5479, 1737.458, True, 8146
ESPPRC_heur, 0.0, 0.6, 0.4, 0.1, 0, 13945.5479, 3046.7705, True, 6831
ESPPRC_heur, 0.0, 0.6, 0.4, 0.1, 0, 13945.5479, 2210.1065, True, 6940
ESPPRC_heur, 0.0, 0.8, 0.6, 0.1, 0, 13945.5479, -2161.107, True, 7839
ESPPRC_heur, 0.1, 0.5, 0.3, 0.1, 0, 13945.5479, 1682.3485, True, 6695
ESPPRC_heur, 0.1, 0.7, 0.5, 0.1, 0, 13945.5479, 2035.5034, True, 8051
ESPPRC_heur, 0.1, 0.4, 0.3, 0.0, 0, 13945.5479, 2108.0402, True, 5433
ESPPRC_heur, 0.1, 0.5, 0.3, 0.1, 0, 13945.5479, 3827.5934, True, 6049
ESPPRC_heur, 0.1, 0.5, 0.3, 0.0, 0, 13945.5479, -2696.9912, True, 6270
ESPPRC_heur, 0.1, 0.6, 0.4, 0.1, 0, 13945.5479, 2622.6454, True, 7642
ESPPRC_heur, 0.0, 0.6, 0.4, 0.1, 0, 13945.5479, 1313.6156, True, 6877
ESPPRC_heur, 0.0, 0.6, 0.4, 0.1, 0, 13945.5479, 3839.7263, True, 7656
ESPPRC_heur, 0.1, 0.5, 0.3, 0.0, 0, 13945.5479, 2210.6966, True, 6463
ESPPRC_heur, 0.1, 0.6, 0.4, 0.1, 0, 13945.5479, 3683.4272, True, 7636
ESPPRC_heur, 0.0, 0.5, 0.3, 0.1, 0, 13945.5479, 6809.1652, True, 4777
ESPPRC_heur, 0.1, 0.4, 0.3, 0.0, 0, 13945.5479, 4690.6519, True, 5296
ESPPRC_heur, 0.1, 0.5, 0.3, 0.1, 0, 13945.5479, 5196.807, True, 5946
ESPPRC_heur, 0.1, 0.5, 0.3, 0.1, 0, 13945.5479, 7076.4362, True, 5373
ESPPRC_heur, 0.1, 0.7, 0.5, 0.1, 0, 13945.5479, 4242.8608, True, 8075
ESPPRC_heur, 0.1, 0.7, 0.5, 0.1, 0, 13945.5479, 6546.0326, True, 7215
ESPPRC_heur, 0.1, 0.6, 0.4, 0.1, 0, 13945.5479, 6119.8903, True, 7243
ESPPRC_heur, 0.0, 0.7, 0.5, 0.1, 0, 13945.5479, 7145.3829, True, 6644
ESPPRC_heur, 0.0, 0.5, 0.3, 0.0, 0, 13945.5479, 6264.293, True, 5253
ESPPRC_heur, -0.0, 0.4, 0.2, 0.0, 0, 13945.5479, 6705.7882, True, 4652
ESPPRC_heur, 0.0, 0.5, 0.3, 0.1, 0, 13945.5479, 6273.4374, True, 5877
ESPPRC_heur, 0.0, 0.6, 0.4, 0.1, 0, 13945.5479, 3263.5616, True, 6857
ESPPRC_heur, 0.1, 0.4, 0.3, 0.0, 0, 13945.5479, 6398.0023, True, 4713
ESPPRC_heur, 0.1, 0.6, 0.4, 0.1, 0, 13945.5479, 2956.9768, True, 7768
ESPPRC_heur, 0.1, 0.5, 0.4, 0.1, 0, 13945.5479, 7294.0401, True, 5731
ESPPRC_heur, 0.0, 0.6, 0.4, 0.1, 0, 13945.5479, 2691.7471, True, 7405
ESPPRC_heur, 0.0, 0.5, 0.3, 0.1, 0, 13945.5479, 7827.4545, True, 4895
ESPPRC_heur, 0.1, 0.5, 0.3, 0.1, 0, 13945.5479, 8532.5753, True, 4985
ESPPRC_heur, 0.0, 0.7, 0.5, 0.1, 0, 13945.5479, 5855.548, True, 7221
ESPPRC_heur, 0.0, 0.5, 0.3, 0.1, 0, 13945.5479, 8848.4407, True, 4108
ESPPRC_heur, 0.1, 0.5, 0.3, 0.1, 0, 13945.5479, 7678.3941, True, 4619
ESPPRC_heur, 0.1, 0.4, 0.3, 0.1, 0, 13945.5479, 7646.5226, True, 4542
ESPPRC_heur, 0.0, 0.7, 0.5, 0.1, 0, 13945.5479, 7760.211, True, 5952
ESPPRC_heur, 0.1, 0.4, 0.3, 0.1, 0, 13945.5479, 8551.8104, True, 3741
ESPPRC_heur, 0.1, 0.5, 0.3, 0.1, 0, 13945.5479, 8210.7293, True, 5145
ESPPRC_heur, 0.1, 0.5, 0.3, 0.1, 0, 13945.5479, 8869.4107, True, 4460
ESPPRC_heur, 0.1, 0.4, 0.2, 0.0, 0, 13945.5479, 6037.4153, True, 4364
ESPPRC_heur, 0.0, 0.5, 0.3, 0.1, 0, 13945.5479, 9586.6112, True, 3883
ESPPRC_heur, 0.1, 0.5, 0.3, 0.1, 0, 13945.5479, 7799.2695, True, 4450
ESPPRC_heur, 0.1, 0.6, 0.4, 0.1, 0, 13945.5479, 5447.378, True, 5023
ESPPRC_heur, 0.0, 0.5, 0.3, 0.1, 0, 13945.5479, 5759.8113, True, 5507
ESPPRC_heur, 0.0, 0.5, 0.3, 0.1, 0, 13945.5479, 7687.5763, True, 4414
ESPPRC_heur, 0.1, 0.6, 0.4, 0.1, 0, 13945.5479, 6000.3552, True, 6347
ESPPRC_heur, 0.1, 0.4, 0.2, 0.0, 0, 13945.5479, 8185.8146, True, 3182
ESPPRC_heur, 0.0, 0.5, 0.3, 0.1, 0, 13945.5479, 8227.7644, True, 3896
ESPPRC_heur, 0.1, 0.5, 0.3, 0.1, 0, 13945.5479, 7719.1812, True, 4242
ESPPRC_heur, 0.1, 0.4, 0.2, 0.1, 0, 13945.5479, 9589.5966, True, 2983
ESPPRC_heur, 0.0, 0.5, 0.3, 0.1, 0, 13945.5479, 9655.2164, True, 3937
ESPPRC_heur, 0.0, 0.5, 0.3, 0.1, 0, 13945.5479, 8922.0625, True, 3565
ESPPRC_heur, 0.1, 0.4, 0.3, 0.1, 0, 13945.5479, 10180.1554, True, 3400
ESPPRC_heur, 0.1, 0.4, 0.2, 0.0, 0, 13945.5479, 8390.9079, True, 3607
ESPPRC_heur, 0.0, 0.4, 0.2, 0.0, 0, 13945.5479, 9443.2806, True, 2867
ESPPRC_heur, 0.1, 0.5, 0.3, 0.1, 0, 13945.5479, 7057.371, True, 4978
ESPPRC_heur, 0.1, 0.6, 0.4, 0.1, 0, 13945.4781, 4744.6012, True, 7104
ESPPRC_heur, 0.0, 0.6, 0.4, 0.1, 0, 13945.4781, 3256.8481, True, 6390
ESPPRC_heur, 0.0, 0.5, 0.3, 0.1, 0, 13945.4781, 9022.7539, True, 4036
ESPPRC_heur, 0.1, 0.4, 0.3, 0.1, 0, 13945.4781, 9920.4528, True, 2459
ESPPRC_heur, 0.0, 0.7, 0.4, 0.1, 0, 13945.4554, 4627.0599, True, 7197
ESPPRC_heur, 0.1, 0.4, 0.2, 0.0, 0, 13945.454, 8350.7076, True, 3453
ESPPRC_heur, 0.1, 0.5, 0.3, 0.1, 0, 13945.454, 7298.8765, True, 4624
ESPPRC_heur, 0.0, 0.4, 0.2, 0.0, 0, 13945.4535, 9251.6955, True, 2659
ESPPRC_heur, 0.1, 0.5, 0.3, 0.1, 0, 13945.453, 10601.2567, True, 3025
ESPPRC_heur, 0.1, 0.5, 0.3, 0.1, 0, 13945.2341, 8116.2775, True, 4553
ESPPRC_heur, 0.0, 0.5, 0.3, 0.1, 0, 13945.0505, 9305.525, True, 3772
ESPPRC_heur, 0.1, 0.4, 0.2, 0.1, 0, 13944.8099, 9870.5194, True, 2570
ESPPRC_heur, 0.1, 0.5, 0.3, 0.1, 0, 13944.4696, 10869.62, True, 3002
ESPPRC_heur, 0.1, 0.5, 0.3, 0.1, 0, 13942.247, 10266.7654, True, 3594
ESPPRC_heur, 0.1, 0.4, 0.2, 0.1, 0, 13941.1833, 10867.5389, True, 2016
ESPPRC_heur, 0.1, 0.5, 0.3, 0.1, 0, 13939.7768, 8128.5842, True, 3843
ESPPRC_heur, 0.0, 0.6, 0.3, 0.1, 0, 13939.7373, 9884.5185, True, 3172
ESPPRC_heur, 0.1, 0.5, 0.3, 0.1, 0, 13939.5946, 11490.2216, True, 2126
ESPPRC_heur, 0.0, 0.5, 0.3, 0.1, 0, 13935.4923, 10522.4902, True, 2315
ESPPRC_heur, 0.1, 0.5, 0.3, 0.1, 0, 13935.3301, 10915.3985, True, 2624
ESPPRC_heur, 0.1, 0.4, 0.2, 0.1, 0, 13934.5632, 10425.6674, True, 2546
ESPPRC_heur, 0.0, 0.5, 0.3, 0.1, 0, 13934.2406, 10618.2209, True, 1805
ESPPRC_heur, 0.1, 0.5, 0.3, 0.1, 0, 13933.5223, 10110.0512, True, 1958
ESPPRC_heur, 0.1, 0.4, 0.2, 0.1, 0, 13933.4511, 12066.1972, True, 1380
ESPPRC_heur, 0.1, 0.4, 0.3, 0.1, 0, 13928.8237, 11003.7149, True, 1793
ESPPRC_heur, 0.0, 0.5, 0.3, 0.1, 0, 13926.1543, 11600.4912, True, 1960
ESPPRC_heur, 0.0, 0.5, 0.3, 0.1, 0, 13923.9387, 12324.6021, True, 1133
ESPPRC_heur, 0.1, 0.5, 0.3, 0.1, 0, 13919.4492, 11422.5167, True, 1877
ESPPRC_heur, 0.1, 0.4, 0.2, 0.1, 0, 13907.7518, 11071.8279, True, 2283
ESPPRC_heur, 0.0, 0.5, 0.3, 0.1, 0, 13907.7518, 11812.8334, True, 1725
ESPPRC_heur, 0.1, 0.5, 0.3, 0.1, 0, 13898.7031, 9959.6858, True, 2263
ESPPRC_heur, 0.1, 0.5, 0.3, 0.1, 0, 13898.7031, 11676.7082, True, 1907
ESPPRC_heur, 0.1, 0.4, 0.2, 0.1, 0, 13894.5348, 11361.6167, True, 1738
ESPPRC_heur, 0.1, 0.4, 0.2, 0.1, 0, 13894.2802, 12078.5289, True, 1122
ESPPRC_heur, 0.0, 0.5, 0.3, 0.1, 0, 13891.7397, 12166.3051, True, 1123
ESPPRC_heur, 0.0, 0.5, 0.3, 0.1, 0, 13885.4315, 11418.6239, True, 1764
ESPPRC_heur, 0.1, 0.4, 0.2, 0.1, 0, 13882.2862, 12271.5438, True, 1071
ESPPRC_heur, 0.1, 0.5, 0.3, 0.1, 0, 13879.9961, 12125.4037, True, 1561
ESPPRC_heur, 0.1, 0.4, 0.2, 0.1, 0, 13879.4591, 12233.4426, True, 1012
ESPPRC_heur, 0.0, 0.5, 0.3, 0.1, 0, 13875.548, 12780.5623, True, 759
ESPPRC_heur, 0.1, 0.5, 0.3, 0.1, 0, 13868.0347, 12514.984, True, 713
ESPPRC_heur, 0.1, 0.5, 0.3, 0.1, 0, 13867.3255, 12639.5262, True, 829
ESPPRC_heur, 0.1, 0.4, 0.2, 0.1, 0, 13861.6519, 12262.3101, True, 944
ESPPRC_heur, 0.1, 0.4, 0.2, 0.1, 0, 13857.632, 12583.0352, True, 679
ESPPRC_heur, 0.1, 0.5, 0.3, 0.1, 0, 13857.076, 12720.5641, True, 774
ESPPRC_heur, 0.1, 0.5, 0.3, 0.1, 0, 13851.396, 12486.1364, True, 798
ESPPRC_heur, 0.0, 0.5, 0.3, 0.1, 0, 13848.3324, 12823.9567, True, 586
ESPPRC_heur, 0.0, 0.5, 0.3, 0.1, 0, 13839.9186, 12532.0262, True, 1106
ESPPRC_heur, 0.1, 0.5, 0.3, 0.1, 0, 13839.6014, 12772.9515, True, 755
ESPPRC_heur, 0.0, 0.6, 0.3, 0.1, 0, 13836.4695, 12761.8598, True, 721
ESPPRC_heur, 0.1, 0.5, 0.3, 0.1, 0, 13836.1458, 13038.0071, True, 437
ESPPRC_heur, 0.1, 0.5, 0.3, 0.1, 0, 13824.6122, 12642.1662, True, 864
ESPPRC_heur, 0.1, 0.5, 0.3, 0.1, 0, 13823.3091, 12953.1543, True, 436
ESPPRC_heur, 0.1, 0.5, 0.3, 0.1, 0, 13819.1219, 12594.436, True, 609
ESPPRC_heur, 0.1, 0.5, 0.3, 0.1, 0, 13817.7547, 13055.4507, True, 425
ESPPRC_heur, 0.0, 0.5, 0.3, 0.1, 0, 13815.8957, 12973.3638, True, 423
ESPPRC_heur, 0.0, 0.5, 0.2, 0.1, 0, 13809.1271, 12935.631, True, 409
ESPPRC_heur, 0.1, 0.5, 0.3, 0.1, 0, 13803.886, 13068.2532, True, 538
ESPPRC_heur, 0.1, 0.4, 0.2, 0.1, 0, 13798.1477, 12888.7554, True, 423
ESPPRC_heur, 0.1, 0.4, 0.2, 0.1, 0, 13798.1477, 13317.5287, True, 314
ESPPRC_heur, 0.1, 0.5, 0.3, 0.1, 0, 13796.7829, 13171.0387, True, 282
ESPPRC_heur, 0.0, 0.5, 0.3, 0.1, 0, 13786.6838, 13378.2506, True, 201
ESPPRC_heur, 0.0, 0.5, 0.3, 0.1, 0, 13777.658, 13166.4323, True, 234
ESPPRC_heur, 0.0, 0.5, 0.3, 0.1, 0, 13776.2626, 13180.9114, True, 276
ESPPRC_heur, 0.1, 0.5, 0.3, 0.1, 0, 13771.399, 13425.1222, True, 140
ESPPRC_heur, 0.1, 0.5, 0.3, 0.1, 0, 13764.1478, 13309.2116, True, 166
ESPPRC_heur, 0.1, 0.5, 0.3, 0.1, 0, 13759.7211, 13466.8679, True, 187
ESPPRC_heur, 0.0, 0.5, 0.3, 0.1, 0, 13754.5922, 13402.7908, True, 111
ESPPRC_heur, 0.1, 0.5, 0.3, 0.1, 0, 13750.9435, 13455.5564, True, 80
ESPPRC_heur, 0.1, 0.5, 0.3, 0.1, 0, 13744.368, 13213.3358, True, 254
ESPPRC_heur, 0.1, 0.5, 0.3, 0.1, 0, 13743.3677, 13453.1293, True, 111
ESPPRC_heur, 0.1, 0.5, 0.3, 0.1, 0, 13741.8146, 13418.3399, True, 83
ESPPRC_heur, 0.0, 0.6, 0.3, 0.1, 0, 13740.4594, 13407.5557, True, 72
ESPPRC_heur, 0.0, 0.6, 0.3, 0.1, 0, 13736.74, 13344.1531, True, 101
ESPPRC_heur, 0.1, 0.5, 0.3, 0.1, 0, 13733.7472, 13024.9184, True, 378
ESPPRC_heur, 0.1, 0.5, 0.3, 0.1, 0, 13733.7472, 13483.2258, True, 112
ESPPRC_heur, 0.1, 0.5, 0.3, 0.1, 0, 13732.5656, 13493.129, True, 111
ESPPRC_heur, 0.0, 0.5, 0.3, 0.1, 0, 13732.0935, 13556.0935, True, 52
ESPPRC_heur, 0.1, 0.5, 0.3, 0.1, 0, 13730.6957, 13575.1107, True, 49
ESPPRC_heur, 0.1, 0.5, 0.3, 0.1, 0, 13729.9788, 13529.3557, True, 51
ESPPRC_heur, 0.1, 0.5, 0.3, 0.1, 0, 13728.8418, 13583.2772, True, 31
ESPPRC_heur, 0.1, 0.5, 0.3, 0.1, 0, 13727.5496, 13599.9388, True, 24
ESPPRC_heur, 0.0, 0.5, 0.3, 0.1, 0, 13727.0148, 13654.8703, True, 8
ESPPRC_heur, 0.0, 0.5, 0.3, 0.1, 0, 13726.7343, 13698.9518, True, 6
ESPPRC_heur, 0.0, 0.5, 0.3, 0.1, 0, 13726.5971, 13722.3387, True, 1
cyc2, 0.4, 72.2, 0.0, 0.0, 1, 13726.5971, 7886.3158, 0, 129347
ESPPRC_heur, 0.1, 0.5, 0.3, 0.1, 0, 13726.5971, 13597.0248, True, 9
ESPPRC_heur, 0.0, 0.5, 0.3, 0.1, 0, 13726.4944, 13677.9313, True, 4
cyc2, 0.3, 72.7, 0.0, 0.0, 1, 13726.4944, 9583.1498, 0, 90520
ESPPRC_heur, 0.1, 0.4, 0.2, 0.1, 0, 13647.7493, 12357.7272, True, 613
ESPPRC_heur, 0.0, 0.4, 0.2, 0.1, 0, 13647.7493, 12707.8367, True, 157
ESPPRC_heur, 0.0, 0.4, 0.2, 0.1, 0, 13647.7493, 12732.5688, True, 220
ESPPRC_heur, 0.0, 0.4, 0.2, 0.1, 0, 13647.7493, 13015.5092, True, 107
ESPPRC_heur, 0.0, 0.4, 0.2, 0.1, 0, 13645.2391, 12878.6344, True, 200
ESPPRC_heur, 0.0, 0.4, 0.2, 0.1, 0, 13645.2391, 13233.087, True, 121
ESPPRC_heur, 0.1, 0.4, 0.2, 0.1, 0, 13643.3055, 13152.6056, True, 132
ESPPRC_heur, 0.0, 0.4, 0.2, 0.1, 0, 13641.9688, 13106.2887, True, 122
ESPPRC_heur, 0.0, 0.4, 0.2, 0.1, 0, 13641.806, 13357.5371, True, 70
ESPPRC_heur, 0.0, 0.4, 0.2, 0.1, 0, 13639.7183, 13368.3533, True, 66
ESPPRC_heur, 0.0, 0.4, 0.2, 0.1, 0, 13638.8035, 13467.9473, True, 43
ESPPRC_heur, -0.0, 0.5, 0.3, 0.1, 0, 13637.1347, 13488.4337, True, 36
ESPPRC_heur, 0.0, 0.4, 0.3, 0.1, 0, 13636.9016, 13562.9032, True, 11
ESPPRC_heur, 0.0, 0.4, 0.2, 0.1, 0, 13636.9016, 13447.3676, True, 23
ESPPRC_heur, 0.1, 0.4, 0.3, 0.1, 0, 13636.9016, 13514.8264, True, 9
ESPPRC_heur, 0.0, 0.4, 0.3, 0.1, 0, 13636.8731, 13628.1689, True, 1
cyc2, 0.4, 50.3, 0.0, 0.0, 1, 13636.8731, 8712.5291, 0, 92478
ESPPRC_heur, 0.1, 0.6, 0.3, 0.1, 0, 13610.0612, 12810.4068, True, 284
ESPPRC_heur, 0.1, 0.5, 0.3, 0.1, 0, 13599.2711, 13011.74, True, 175
ESPPRC_heur, 0.0, 0.6, 0.3, 0.1, 0, 13599.2711, 13290.5996, True, 57
ESPPRC_heur, 0.2, 0.5, 0.3, 0.1, 0, 13597.2133, 13260.333, True, 121
ESPPRC_heur, 0.1, 0.5, 0.3, 0.1, 0, 13597.2133, 13287.8123, True, 116
ESPPRC_heur, 0.0, 0.5, 0.3, 0.1, 0, 13596.7499, 13308.6581, True, 26
ESPPRC_heur, 0.1, 0.5, 0.3, 0.1, 0, 13596.6236, 13491.449, True, 13
ESPPRC_heur, 0.0, 0.5, 0.3, 0.1, 0, 13596.6205, 13452.0295, True, 7
cyc2, 0.4, 72.7, 0.0, 0.0, 1, 13596.6205, 10999.5393, 0, 52464
ESPPRC_heur, 0.1, 0.5, 0.3, 0.1, 0, 13590.9313, 13151.7564, True, 72
ESPPRC_heur, 0.0, 0.6, 0.3, 0.1, 0, 13587.4542, 13278.2885, True, 43
ESPPRC_heur, 0.0, 0.6, 0.3, 0.1, 0, 13587.2113, 13496.9211, True, 25
ESPPRC_heur, 0.1, 0.6, 0.4, 0.1, 0, 13585.6264, 13479.5814, True, 22
ESPPRC_heur, -0.0, 0.6, 0.3, 0.1, 0, 13585.5755, 13405.8366, True, 13
ESPPRC_heur, -0.0, 0.6, 0.3, 0.1, 0, 13585.5755, 13556.0242, True, 4
cyc2, 0.4, 73.4, 0.0, 0.0, 1, 13585.5755, 11939.8423, 0, 37238
ESPPRC_heur, 0.0, 0.5, 0.2, 0.1, 0, 13564.2575, 13156.2233, True, 100
ESPPRC_heur, 0.0, 0.5, 0.3, 0.1, 0, 13560.8633, 13358.8024, True, 44
ESPPRC_heur, 0.0, 0.5, 0.3, 0.1, 0, 13557.1552, 13295.2771, True, 37
ESPPRC_heur, -0.0, 0.5, 0.3, 0.1, 0, 13556.1851, 13447.2311, True, 24
ESPPRC_heur, -0.0, 0.5, 0.3, 0.1, 0, 13555.995, 13374.5717, True, 10
ESPPRC_heur, 0.0, 0.5, 0.3, 0.1, 0, 13555.1758, 13486.0209, True, 6
ESPPRC_heur, 0.0, 0.5, 0.3, 0.1, 0, 13554.9942, 13489.6034, True, 2
ESPPRC_heur, -0.0, 0.5, 0.3, 0.1, 0, 13554.733, 13508.4817, True, 6
cyc2, 0.2, 51.3, 0.0, 0.0, 1, 13554.733, 11106.4516, 0, 25895
ESPPRC_heur, 0.0, 0.4, 0.2, 0.1, 0, 13550.1041, 13395.1053, True, 10
ESPPRC_heur, 0.0, 0.4, 0.2, 0.1, 0, 13549.8502, 13405.473, True, 14
ESPPRC_heur, -0.0, 0.5, 0.3, 0.1, 0, 13549.6591, 13322.1223, True, 19
ESPPRC_heur, -0.0, 0.5, 0.3, 0.1, 0, 13549.0795, 13537.6166, True, 5
cyc2, 0.4, 73.2, 0.0, 0.0, 1, 13549.0737, 11534.5385, 0, 24964
ESPPRC_heur, 0.1, 0.5, 0.3, 0.1, 0, 13536.1962, 13027.9709, True, 130
ESPPRC_heur, 0.0, 0.5, 0.3, 0.1, 0, 13535.6113, 13316.8953, True, 41
ESPPRC_heur, 0.0, 0.5, 0.3, 0.1, 0, 13534.7965, 13452.4375, True, 14
ESPPRC_heur, 0.0, 0.5, 0.3, 0.1, 0, 13534.5765, 13491.0829, True, 7
ESPPRC_heur, 0.0, 0.5, 0.3, 0.1, 0, 13534.4738, 13531.9763, True, 2
ESPPRC_heur, 0.0, 0.5, 0.3, 0.1, 0, 13534.4726, 13494.6092, True, 1
cyc2, 0.3, 54.0, 0.0, 0.0, 1, 13534.4726, 11639.6223, 0, 19547
ESPPRC_heur, 0.0, 0.5, 0.3, 0.1, 0, 13531.844, 13201.6883, True, 46
ESPPRC_heur, 0.0, 0.5, 0.3, 0.1, 0, 13531.6962, 13470.2275, True, 8
cyc2, 0.4, 68.5, 0.0, 0.0, 1, 13531.6951, 11906.9871, 0, 19666
ESPPRC_heur, -0.0, 0.5, 0.3, 0.1, 0, 13531.6951, 13426.8155, True, 3
ESPPRC_heur, 0.0, 0.5, 0.3, 0.1, 0, 13531.6951, 13513.1287, True, 5
ESPPRC_heur, 0.0, 0.5, 0.3, 0.1, 0, 13531.6951, 13516.6443, True, 2
cyc2, 0.3, 58.3, 0.0, 0.0, 1, 13531.6951, 12568.0795, 0, 11631
ESPPRC_heur, 0.0, 0.5, 0.3, 0.1, 0, 13509.6388, 12909.0302, True, 363
ESPPRC_heur, 0.1, 0.4, 0.3, 0.1, 0, 13509.6388, 13081.6214, True, 25
ESPPRC_heur, 0.0, 0.4, 0.2, 0.1, 0, 13507.3817, 12720.9524, True, 208
ESPPRC_heur, 0.0, 0.4, 0.2, 0.1, 0, 13507.3817, 13206.3705, True, 79
ESPPRC_heur, 0.0, 0.4, 0.2, 0.1, 0, 13505.526, 13303.1819, True, 26
ESPPRC_heur, -0.0, 0.4, 0.2, 0.1, 0, 13505.4949, 13408.2513, True, 16
ESPPRC_heur, 0.0, 0.4, 0.2, 0.1, 0, 13505.4949, 13467.8611, True, 5
ESPPRC_heur, -0.0, 0.4, 0.2, 0.1, 0, 13505.2569, 13475.9872, True, 4
ESPPRC_heur, -0.0, 0.4, 0.2, 0.1, 0, 13505.2314, 13468.5331, True, 3
ESPPRC_heur, -0.0, 0.4, 0.2, 0.1, 0, 13505.2314, 13492.409, True, 2
cyc2, 0.3, 51.7, 0.0, 0.0, 1, 13505.2314, 11699.7585, 0, 19103
ESPPRC_heur, 0.0, 0.4, 0.2, 0.1, 0, 13505.2161, 13394.3531, True, 6
ESPPRC_heur, -0.0, 0.4, 0.2, 0.1, 0, 13505.1695, 13462.0527, True, 3
ESPPRC_heur, -0.0, 0.4, 0.2, 0.1, 0, 13505.1373, 13496.6547, True, 1
ESPPRC_heur, -0.0, 0.4, 0.2, 0.1, 0, 13505.1369, 13502.3607, True, 1
cyc2, 0.3, 43.6, 0.0, 0.0, 1, 13505.1369, 12308.2824, 0, 11302
ESPPRC_heur, 0.1, 0.4, 0.3, 0.1, 0, 13493.2895, 13207.2174, True, 37
ESPPRC_heur, 0.0, 0.4, 0.3, 0.1, 0, 13492.3062, 13451.7098, True, 5
ESPPRC_heur, 0.0, 0.4, 0.3, 0.1, 0, 13491.9496, 13458.9496, True, 3
cyc2, 0.3, 42.1, 0.0, 0.0, 1, 13491.9496, 12180.5162, 0, 7646
ESPPRC_heur, 0.0, 0.4, 0.2, 0.1, 0, 13486.8822, 13052.4536, True, 80
ESPPRC_heur, 0.0, 0.4, 0.2, 0.1, 0, 13485.5384, 13308.0228, True, 10
ESPPRC_heur, 0.0, 0.4, 0.2, 0.1, 0, 13485.4815, 13367.8258, True, 11
ESPPRC_heur, -0.0, 0.4, 0.2, 0.1, 0, 13485.2677, 13397.2879, True, 1
ESPPRC_heur, 0.0, 0.4, 0.2, 0.1, 0, 13484.9305, 13467.6194, True, 2
cyc2, 0.3, 43.7, 0.0, 0.0, 1, 13484.9283, 12351.0038, 0, 6623
ESPPRC_heur, 0.0, 0.5, 0.2, 0.1, 0, 13471.0304, 12969.5644, True, 137
ESPPRC_heur, 0.1, 0.4, 0.2, 0.1, 0, 13470.6283, 13260.3, True, 31
ESPPRC_heur, -0.0, 0.5, 0.3, 0.1, 0, 13470.4624, 13380.2302, True, 11
ESPPRC_heur, -0.0, 0.5, 0.2, 0.1, 0, 13470.3233, 13393.3233, True, 5
ESPPRC_heur, -0.0, 0.5, 0.2, 0.1, 0, 13470.2825, 13466.6546, True, 1
cyc2, 0.3, 62.0, 0.0, 0.0, 1, 13470.2825, 12512.5702, 0, 6892
ESPPRC_heur, -0.0, 0.5, 0.3, 0.1, 0, 13470.2825, 13321.2868, True, 13
ESPPRC_heur, -0.0, 0.5, 0.3, 0.1, 0, 13469.4813, 13374.5674, True, 6
ESPPRC_heur, -0.0, 0.5, 0.3, 0.1, 0, 13469.47, 13385.9598, True, 10
ESPPRC_heur, -0.0, 0.5, 0.3, 0.1, 0, 13469.4401, 13456.3445, True, 2
cyc2, 0.4, 61.7, 0.0, 0.0, 1, 13469.439, 12847.5829, 0, 4236
ESPPRC_heur, -0.0, 0.5, 0.2, 0.1, 0, 13465.5991, 13302.6985, True, 27
ESPPRC_heur, 0.0, 0.4, 0.2, 0.1, 0, 13464.915, 13321.7976, True, 19
ESPPRC_heur, 0.0, 0.5, 0.3, 0.1, 0, 13464.322, 13156.322, True, 38
ESPPRC_heur, 0.0, 0.4, 0.2, 0.1, 0, 13464.2314, 13373.9072, True, 6
ESPPRC_heur, -0.0, 0.5, 0.2, 0.1, 0, 13464.1276, 13407.4421, True, 6
ESPPRC_heur, -0.0, 0.5, 0.3, 0.1, 0, 13463.9228, 13350.5325, True, 7
ESPPRC_heur, -0.0, 0.5, 0.3, 0.1, 0, 13463.9228, 13384.5155, True, 5
cyc2, 0.6, 59.2, 0.0, 0.0, 1, 13463.9228, 12902.9228, 0, 5371
ESPPRC_heur, 0.0, 0.4, 0.2, 0.1, 0, 13456.3668, 13360.5257, True, 22
ESPPRC_heur, 0.0, 0.5, 0.3, 0.1, 0, 13456.2871, 13387.7978, True, 3
cyc2, 0.4, 60.4, 0.0, 0.0, 1, 13456.2871, 13037.8151, 0, 2822
ESPPRC_heur, -0.0, 0.5, 0.2, 0.1, 0, 13422.6532, 13225.2806, True, 47
ESPPRC_heur, -0.0, 0.5, 0.2, 0.1, 0, 13420.7469, 13259.9389, True, 35
ESPPRC_heur, -0.0, 0.5, 0.2, 0.1, 0, 13420.724, 13353.4115, True, 13
ESPPRC_heur, -0.0, 0.5, 0.2, 0.1, 0, 13420.7198, 13378.6733, True, 5
ESPPRC_heur, -0.0, 0.5, 0.2, 0.1, 0, 13420.6695, 13361.4615, True, 3
cyc2, 0.3, 44.0, 0.0, 0.0, 1, 13420.6695, 12801.8442, 0, 3862
ESPPRC_heur, 0.0, 0.4, 0.2, 0.1, 0, 13420.6695, 13377.6983, True, 5
cyc2, 0.5, 58.9, 0.0, 0.0, 1, 13420.6695, 13065.8014, 0, 1307
ESPPRC_heur, 0.0, 0.5, 0.3, 0.1, 0, 13412.9461, 13246.0571, True, 48
ESPPRC_heur, 0.0, 0.5, 0.3, 0.1, 0, 13411.7588, 13339.2236, True, 12
ESPPRC_heur, -0.0, 0.5, 0.3, 0.1, 0, 13411.4864, 13374.6217, True, 7
ESPPRC_heur, -0.0, 0.5, 0.3, 0.1, 0, 13411.4531, 13405.445, True, 2
cyc2, 0.4, 56.9, 0.0, 0.0, 1, 13411.4406, 13025.0622, 0, 1051
ESPPRC_heur, 0.0, 0.5, 0.3, 0.1, 0, 13401.1402, 13201.5629, True, 19
ESPPRC_heur, 0.0, 0.5, 0.3, 0.1, 0, 13401.1166, 13371.5137, True, 3
ESPPRC_heur, 0.0, 0.5, 0.3, 0.1, 0, 13401.1166, 13393.3345, True, 1
cyc2, 0.5, 58.2, 0.0, 0.0, 1, 13401.1166, 12587.4593, 0, 4334
ESPPRC_heur, 0.0, 0.5, 0.3, 0.1, 0, 13401.1166, 13336.4247, True, 2
ESPPRC_heur, 0.0, 0.5, 0.3, 0.1, 0, 13401.1166, 13380.2245, True, 3
ESPPRC_heur, 0.0, 0.5, 0.3, 0.1, 0, 13401.1166, 13320.8874, True, 2
cyc2, 0.5, 57.3, 0.0, 0.0, 1, 13401.1166, 12971.4479, 0, 1356
ESPPRC_heur, -0.0, 0.5, 0.2, 0.1, 0, 13400.3397, 13326.7127, True, 8
ESPPRC_heur, -0.0, 0.5, 0.2, 0.1, 0, 13400.3351, 13359.6442, True, 5
ESPPRC_heur, -0.0, 0.5, 0.3, 0.1, 0, 13400.1021, 13299.6117, True, 6
ESPPRC_heur, -0.0, 0.5, 0.3, 0.1, 0, 13400.1021, 13375.7115, True, 1
cyc2, 0.3, 47.9, 0.0, 0.0, 1, 13400.1021, 13139.66, 0, 538
ESPPRC_heur, 0.0, 0.5, 0.3, 0.1, 0, 13396.4447, 13270.8195, True, 34
ESPPRC_heur, -0.0, 0.5, 0.3, 0.1, 0, 13396.4412, 13320.0648, True, 18
ESPPRC_heur, 0.0, 0.5, 0.3, 0.1, 0, 13396.4384, 13353.386, True, 10
ESPPRC_heur, 0.0, 0.5, 0.3, 0.1, 0, 13396.4148, 13370.8586, True, 8
ESPPRC_heur, -0.0, 0.5, 0.3, 0.1, 0, 13396.302, 13371.9289, True, 1
ESPPRC_heur, 0.0, 0.5, 0.3, 0.1, 0, 13396.2676, 13389.3737, True, 2
cyc2, 0.5, 57.1, 0.0, 0.0, 1, 13396.2676, 13118.3609, 0, 957
ESPPRC_heur, -0.0, 0.5, 0.3, 0.1, 0, 13395.9712, 13328.3786, True, 9
cyc2, 0.5, 53.8, 0.0, 0.0, 1, 13395.9539, 13218.6377, 0, 281
ESPPRC_heur, -0.0, 0.5, 0.3, 0.1, 0, 13393.5657, 13351.3099, True, 17
ESPPRC_heur, -0.0, 0.5, 0.3, 0.1, 0, 13393.553, 13346.5212, True, 8
ESPPRC_heur, 0.0, 0.5, 0.3, 0.1, 0, 13393.4871, 13371.3913, True, 2
ESPPRC_heur, 0.0, 0.5, 0.3, 0.1, 0, 13393.4777, 13389.3746, True, 1
cyc2, 0.4, 50.3, 0.0, 0.0, 1, 13393.4777, 13188.4017, 0, 449
ESPPRC_heur, 0.0, 0.4, 0.2, 0.1, 0, 13393.0126, 13321.6203, True, 7
ESPPRC_heur, 0.0, 0.4, 0.2, 0.1, 0, 13393.0113, 13388.081, True, 1
ESPPRC_heur, 0.0, 0.4, 0.2, 0.1, 0, 13393.0043, 13370.0361, True, 6
cyc2, 0.5, 52.8, 0.0, 0.0, 1, 13393.0042, 13272.1836, 0, 204
ESPPRC_heur, -0.0, 0.5, 0.3, 0.1, 0, 13392.387, 13360.8917, True, 3
cyc2, 0.4, 58.1, 0.0, 0.0, 1, 13392.387, 13356.4507, 0, 60
ESPPRC_heur, -0.0, 0.5, 0.3, 0.1, 0, 13392.2869, 13388.0083, True, 1
cyc2, 0.4, 58.1, 0.0, 0.0, 1, 13392.2869, 13361.009, 0, 12
ESPPRC_heur, -0.0, 0.5, 0.2, 0.1, 0, 13392.2576, 13377.3508, True, 1
cyc2, 0.4, 58.1, 0.0, 0.0, 1, 13392.2576, 13342.6095, 0, 33
cyc2, 0.3, 58.7, 0.0, 0.0, 1, 13392.2564, 13392.2564, 0, 0
scip_total_time, 2772.903683
Solval, number of paths, impact cutoff
13392.25642406965, 106, 0.0001
Elementary, 2-Cycle, Path Value, Path
True, True, 0.586, (0, 59, 0)
True, True, 0.9311, (0, 127, 17, 149, 89, 14, 1, 55, 60, 21, 9, 27, 117, 97, 77, 161, 0)
True, True, 0.1367, (0, 8, 69, 65, 42, 51, 12, 70, 113, 63, 104, 83, 98, 47, 25, 0)
True, True, 0.4977, (0, 25, 47, 98, 83, 104, 63, 113, 70, 12, 51, 42, 65, 69, 46, 0)
True, True, 0.2104, (0, 50, 45, 152, 23, 24, 49, 6, 37, 71, 13, 120, 158, 81, 91, 136, 0)
True, True, 0.0441, (0, 116, 102, 95, 129, 142, 43, 123, 56, 66, 94, 36, 35, 99, 130, 86, 0)
True, True, 0.0658, (0, 25, 47, 98, 83, 104, 63, 113, 70, 12, 51, 65, 46, 61, 8, 0)
True, True, 0.0282, (0, 116, 111, 31, 106, 100, 66, 56, 123, 43, 142, 129, 95, 114, 62, 67, 52, 0)
True, True, 0.1595, (0, 115, 103, 30, 118, 82, 2, 109, 148, 134, 124, 128, 110, 147, 159, 135, 141, 0)
True, True, 0.0253, (0, 72, 15, 29, 10, 105, 139, 17, 149, 89, 97, 77, 161, 98, 47, 25, 0)
True, True, 0.0746, (0, 105, 143, 160, 153, 128, 124, 134, 148, 109, 2, 82, 118, 30, 40, 103, 115, 0)
True, True, 0.0067, (0, 29, 10, 105, 126, 143, 84, 160, 85, 121, 147, 159, 135, 141, 115, 156, 0)
True, True, 0.1753, (0, 154, 140, 31, 106, 100, 66, 56, 123, 43, 142, 88, 102, 114, 62, 67, 20, 0)
True, True, 0.0742, (0, 156, 103, 40, 30, 118, 82, 2, 109, 148, 134, 124, 128, 110, 153, 85, 144, 0)
True, True, 0.1255, (0, 115, 103, 40, 30, 118, 82, 2, 109, 148, 134, 124, 128, 110, 153, 160, 85, 0)
True, True, 0.003, (0, 115, 103, 40, 30, 118, 82, 2, 109, 148, 134, 124, 128, 110, 147, 159, 141, 0)
True, True, 0.0307, (0, 54, 61, 46, 69, 65, 42, 51, 12, 70, 113, 63, 104, 83, 98, 25, 0)
True, True, 0.2131, (0, 116, 102, 96, 88, 142, 43, 123, 56, 66, 94, 36, 35, 58, 68, 145, 90, 0)
True, True, 0.056, (0, 141, 135, 85, 110, 128, 124, 134, 148, 109, 2, 82, 118, 30, 40, 103, 156, 0)
True, True, 0.0742, (0, 119, 121, 85, 153, 110, 128, 124, 134, 148, 109, 2, 82, 118, 30, 103, 115, 0)
True, True, 0.0053, (0, 72, 15, 10, 105, 126, 138, 133, 107, 14, 97, 77, 161, 98, 47, 25, 0)
False, True, 0.2335, (0, 59, 54, 8, 76, 41, 61, 76, 41, 61, 76, 41, 61, 76, 41, 8, 54, 0)
False, True, 0.158, (0, 80, 116, 111, 140, 154, 111, 140, 154, 111, 140, 154, 111, 140, 154, 80, 0)
True, True, 0.0029, (0, 52, 20, 67, 62, 114, 102, 96, 88, 142, 43, 123, 56, 66, 100, 106, 31, 86, 0)
True, True, 0.0009, (0, 141, 135, 121, 85, 160, 153, 110, 128, 55, 60, 21, 1, 14, 89, 17, 127, 0)
True, True, 0.0708, (0, 54, 61, 46, 69, 42, 51, 12, 70, 113, 63, 104, 83, 98, 47, 25, 0)
True, True, 0.0307, (0, 54, 8, 46, 69, 65, 51, 12, 70, 113, 63, 104, 83, 47, 25, 0)
True, True, 0.0307, (0, 54, 8, 41, 46, 69, 42, 51, 12, 70, 113, 63, 104, 83, 98, 47, 0)
True, True, 0.1555, (0, 119, 144, 143, 160, 153, 110, 128, 124, 134, 148, 109, 2, 82, 118, 103, 115, 0)
False, True, 0.139, (0, 152, 23, 24, 49, 6, 37, 71, 13, 6, 49, 24, 23, 152, 45, 0)
False, True, 0.0258, (0, 54, 75, 3, 33, 75, 3, 33, 75, 3, 33, 75, 44, 7, 34, 78, 0)
False, True, 0.2169, (0, 45, 152, 23, 24, 49, 6, 37, 71, 13, 6, 49, 24, 23, 45, 0)
False, True, 0.1288, (0, 150, 28, 26, 48, 11, 73, 38, 11, 73, 38, 11, 48, 26, 28, 150, 0)
False, True, 0.188, (0, 80, 53, 90, 145, 68, 58, 99, 130, 68, 58, 130, 99, 86, 53, 80, 0)
False, True, 0.1667, (0, 74, 108, 137, 39, 146, 151, 101, 87, 4, 101, 151, 146, 39, 137, 108, 92, 155, 0)
False, True, 0.1084, (0, 50, 45, 152, 150, 90, 145, 28, 26, 145, 90, 150, 152, 45, 50, 59, 0)
False, True, 0.0052, (0, 91, 120, 5, 16, 131, 57, 32, 131, 57, 16, 5, 120, 158, 81, 91, 0)
True, True, 0.066, (0, 8, 76, 46, 42, 51, 12, 70, 113, 63, 104, 83, 98, 47, 25, 0)
False, True, 0.0251, (0, 59, 72, 29, 15, 10, 29, 15, 10, 29, 15, 10, 29, 15, 72, 0)
False, True, 0.0556, (0, 116, 102, 96, 129, 95, 96, 129, 95, 96, 129, 95, 114, 62, 67, 20, 52, 0)
False, True, 0.0624, (0, 78, 34, 7, 44, 33, 3, 64, 18, 19, 64, 18, 19, 44, 7, 34, 78, 0)
True, True, 0.0007, (0, 105, 143, 160, 153, 110, 128, 124, 134, 148, 109, 2, 82, 118, 30, 103, 115, 0)
False, True, 0.1994, (0, 86, 130, 99, 31, 106, 100, 31, 106, 100, 94, 36, 35, 58, 68, 145, 90, 0)
False, True, 0.052, (0, 86, 130, 99, 35, 36, 94, 100, 106, 31, 100, 106, 31, 140, 154, 80, 0)
False, True, 0.195, (0, 50, 136, 91, 74, 81, 158, 74, 81, 158, 74, 81, 158, 74, 91, 136, 50, 0)
False, True, 0.2606, (0, 72, 15, 139, 126, 143, 84, 122, 107, 133, 138, 126, 105, 10, 29, 72, 0)
False, True, 0.3455, (0, 78, 79, 22, 34, 7, 44, 75, 33, 3, 64, 18, 19, 22, 79, 78, 0)
False, True, 0.318, (0, 52, 20, 67, 62, 114, 95, 129, 96, 88, 129, 95, 114, 62, 67, 20, 52, 0)
False, True, 0.0198, (0, 29, 10, 105, 126, 138, 143, 84, 122, 107, 133, 138, 126, 105, 10, 15, 0)
False, True, 0.0204, (0, 90, 145, 28, 26, 48, 38, 73, 11, 38, 73, 48, 26, 28, 150, 50, 0)
False, True, 0.0792, (0, 52, 20, 22, 34, 7, 44, 75, 33, 3, 64, 18, 19, 44, 7, 34, 78, 0)
True, True, 0.0308, (0, 8, 41, 46, 42, 51, 12, 70, 113, 63, 104, 83, 98, 47, 25, 0)
True, True, 0.0045, (0, 8, 41, 46, 69, 65, 12, 70, 113, 63, 104, 83, 98, 47, 25, 0)
False, True, 0.2, (0, 13, 71, 37, 5, 16, 131, 57, 32, 131, 57, 32, 16, 5, 120, 91, 0)
False, True, 0.0661, (0, 54, 8, 61, 46, 69, 65, 42, 69, 65, 42, 69, 65, 46, 61, 8, 54, 0)
False, True, 0.0779, (0, 136, 91, 13, 71, 37, 13, 71, 37, 13, 71, 37, 6, 49, 24, 23, 152, 0)
False, True, 0.0009, (0, 139, 138, 133, 107, 55, 60, 21, 1, 55, 60, 21, 1, 14, 149, 139, 0)
False, True, 0.1667, (0, 125, 93, 132, 87, 4, 101, 87, 4, 101, 87, 4, 132, 93, 125, 92, 155, 0)
False, True, 0.0808, (0, 72, 141, 135, 159, 147, 121, 159, 147, 121, 159, 147, 121, 144, 119, 141, 72, 0)
False, True, 0.0542, (0, 150, 28, 48, 73, 38, 11, 73, 38, 11, 73, 38, 11, 48, 28, 150, 0)
False, True, 0.3333, (0, 155, 92, 108, 137, 39, 146, 151, 101, 4, 87, 151, 146, 39, 137, 108, 92, 155, 0)
True, True, 0.0652, (0, 139, 138, 84, 160, 153, 110, 124, 134, 148, 109, 2, 82, 118, 30, 103, 115, 0)
True, True, 0.132, (0, 139, 138, 84, 160, 153, 110, 128, 124, 134, 148, 109, 2, 82, 118, 103, 115, 0)
False, True, 0.3333, (0, 156, 125, 93, 132, 112, 157, 40, 112, 157, 40, 30, 157, 112, 132, 93, 125, 156, 0)
False, True, 0.0903, (0, 136, 91, 120, 5, 16, 32, 57, 131, 32, 57, 131, 16, 5, 120, 136, 0)
False, True, 0.1599, (0, 156, 115, 141, 119, 144, 135, 119, 144, 135, 119, 144, 105, 10, 29, 15, 72, 0)
False, True, 0.1084, (0, 150, 28, 26, 48, 73, 38, 11, 73, 38, 11, 73, 38, 48, 26, 150, 0)
False, True, 0.1409, (0, 136, 120, 5, 16, 131, 57, 32, 131, 57, 32, 16, 5, 120, 158, 81, 0)
False, True, 0.0766, (0, 119, 144, 121, 85, 147, 159, 85, 147, 159, 121, 85, 147, 159, 135, 141, 0)
False, True, 0.1101, (0, 141, 135, 159, 147, 121, 85, 160, 153, 128, 110, 153, 160, 85, 121, 135, 141, 0)
False, True, 0.1939, (0, 53, 86, 68, 58, 35, 36, 94, 66, 56, 94, 36, 35, 99, 130, 86, 53, 0)
False, True, 0.0071, (0, 17, 97, 117, 27, 9, 117, 27, 9, 21, 1, 14, 97, 17, 127, 0)
False, True, 0.0427, (0, 79, 34, 19, 18, 64, 3, 33, 75, 3, 33, 75, 44, 7, 34, 78, 0)
False, True, 0.1622, (0, 80, 53, 90, 145, 28, 26, 48, 73, 38, 11, 48, 26, 28, 150, 50, 0)
False, True, 0.1292, (0, 54, 34, 7, 44, 75, 33, 3, 64, 18, 19, 64, 18, 19, 22, 79, 0)
False, True, 0.0534, (0, 34, 7, 44, 75, 33, 3, 64, 18, 19, 64, 18, 19, 22, 79, 52, 0)
True, True, 0.0432, (0, 119, 144, 121, 85, 160, 153, 110, 124, 134, 148, 109, 2, 82, 118, 103, 115, 0)
True, True, 0.0027, (0, 127, 139, 138, 133, 107, 55, 60, 124, 134, 148, 109, 2, 82, 118, 103, 156, 0)
False, True, 0.0935, (0, 116, 102, 88, 142, 43, 123, 142, 43, 123, 56, 66, 100, 106, 31, 102, 116, 0)
False, True, 0.0531, (0, 74, 81, 158, 120, 5, 16, 131, 57, 32, 131, 57, 32, 16, 5, 120, 0)
False, True, 0.0076, (0, 15, 139, 149, 89, 14, 1, 55, 60, 21, 1, 14, 97, 77, 161, 127, 0)
False, True, 0.0045, (0, 79, 22, 34, 7, 44, 75, 33, 3, 75, 33, 3, 51, 42, 46, 54, 0)
False, True, 0.3402, (0, 29, 10, 105, 126, 143, 84, 122, 107, 133, 122, 107, 133, 138, 139, 15, 0)
False, True, 0.0365, (0, 79, 34, 7, 44, 75, 33, 3, 75, 33, 3, 75, 44, 7, 34, 78, 0)
False, True, 0.0427, (0, 52, 79, 22, 19, 18, 64, 3, 33, 75, 3, 33, 75, 44, 7, 54, 0)
True, True, 0.0337, (0, 156, 103, 30, 118, 82, 2, 109, 148, 134, 124, 128, 153, 160, 84, 138, 139, 0)
False, True, 0.0067, (0, 127, 139, 149, 89, 14, 1, 55, 60, 21, 9, 27, 117, 77, 161, 127, 0)
False, True, 0.051, (0, 52, 67, 62, 114, 102, 96, 129, 95, 96, 129, 95, 102, 114, 62, 67, 20, 52, 0)
False, True, 0.024, (0, 139, 138, 122, 55, 60, 21, 9, 27, 117, 9, 27, 117, 77, 161, 0)
True, True, 0.0223, (0, 53, 86, 130, 99, 31, 106, 100, 66, 56, 123, 43, 142, 88, 96, 102, 116, 0)
False, True, 0.012, (0, 127, 17, 149, 89, 97, 14, 1, 55, 60, 21, 1, 14, 89, 149, 17, 127, 0)
False, True, 0.0518, (0, 86, 130, 99, 35, 36, 94, 66, 56, 94, 36, 35, 99, 130, 86, 53, 0)
False, True, 0.0762, (0, 141, 119, 144, 121, 147, 159, 121, 85, 160, 84, 143, 126, 105, 10, 29, 0)
False, True, 0.1521, (0, 116, 102, 96, 88, 142, 43, 123, 142, 43, 123, 56, 66, 100, 106, 31, 111, 0)
False, True, 0.0052, (0, 91, 158, 5, 16, 32, 131, 57, 32, 131, 57, 32, 16, 5, 91, 0)
False, True, 0.047, (0, 80, 116, 111, 154, 140, 111, 154, 140, 111, 154, 140, 111, 116, 80, 59, 0)
False, True, 0.0052, (0, 91, 81, 120, 5, 16, 131, 57, 32, 131, 57, 32, 16, 5, 120, 91, 0)
True, True, 0.0357, (0, 54, 8, 46, 65, 51, 12, 70, 113, 63, 104, 83, 98, 47, 25, 0)
False, True, 0.0228, (0, 116, 102, 95, 129, 96, 88, 142, 43, 123, 56, 66, 100, 106, 31, 102, 116, 0)
False, True, 0.0656, (0, 72, 141, 135, 159, 147, 121, 159, 147, 85, 160, 84, 143, 138, 139, 15, 0)
False, True, 0.0171, (0, 28, 26, 48, 73, 38, 11, 73, 38, 11, 73, 38, 11, 48, 26, 28, 0)
False, True, 0.0044, (0, 127, 17, 97, 14, 1, 55, 60, 21, 1, 60, 55, 107, 133, 138, 139, 127, 0)
False, True, 0.0088, (0, 150, 28, 26, 48, 68, 58, 130, 99, 58, 68, 48, 26, 28, 150, 0)
False, True, 0.0137, (0, 119, 144, 121, 159, 147, 85, 121, 159, 147, 121, 85, 147, 159, 135, 141, 0)
False, True, 0.0107, (0, 15, 139, 138, 133, 107, 122, 133, 107, 138, 126, 139, 105, 10, 29, 72, 0)
False, True, 0.0044, (0, 127, 139, 138, 133, 107, 122, 55, 60, 21, 1, 14, 89, 149, 139, 15, 0)
all_elementary, False
all_cyc2, True
