Instance, X-n120-k6
capacity, 21
min_trucks, 6
output_file, output_uchoa_repeat_small/X-n120-k6-ng8.log
Start date, 2022-07-06
Start time, 20-33-04
capacity, 21
num_vehicles, 6
abort_early, False
methods, ['ng8']
max_vars, 100
time_limit, 86400
farley, False
ESPPRC_heur, True
initial time, initial max_it, max_stale_it
1, 20000.0, 20
heuristic Number of routes, heuristic Best Solution Value, heuristic number of iterations, adjusted time, adjusted max_it, measured total time
689, 13332.0, 807, 1, 20000.0, 819.9
method, python time, total time, propagated dominance time, unpropagated dominance time, pricing_success, upper_bound, lower_bound, abort_early, num_paths, 
ESPPRC_heur, 0.1, 0.0, 0.0, 0.0, 0, 13245.2575, -19547.8342, True, 1383
ESPPRC_heur, 0.1, 0.0, 0.0, 0.0, 0, 13245.2575, -46028.0385, True, 1455
ESPPRC_heur, 0.1, 0.0, 0.0, 0.0, 0, 13245.2575, -54537.7044, True, 1398
ESPPRC_heur, 0.1, 0.0, 0.0, 0.0, 0, 13245.2575, -64466.1005, True, 1397
ESPPRC_heur, 0.1, 0.0, 0.0, 0.0, 0, 13245.2575, -71181.6181, True, 1441
ESPPRC_heur, 0.1, 0.0, 0.0, 0.0, 0, 13245.2575, -50781.5872, True, 1567
ESPPRC_heur, 0.1, 0.0, 0.0, 0.0, 0, 13245.2575, -26885.8899, True, 1580
ESPPRC_heur, 0.1, 0.0, 0.0, 0.0, 0, 13245.2575, -31373.0735, True, 1554
ESPPRC_heur, 0.1, 0.0, 0.0, 0.0, 0, 13245.2575, -36399.1766, True, 1466
ESPPRC_heur, 0.1, 0.0, 0.0, 0.0, 0, 13245.2575, -24251.7101, True, 1568
ESPPRC_heur, 0.1, 0.0, 0.0, 0.0, 0, 13245.2575, -38019.4675, True, 1556
ESPPRC_heur, 0.1, 0.0, 0.0, 0.0, 0, 13245.2575, -14772.3659, True, 1479
ESPPRC_heur, 0.1, 0.0, 0.0, 0.0, 0, 13245.2575, -14935.2173, True, 1595
ESPPRC_heur, 0.1, 0.0, 0.0, 0.0, 0, 13245.2575, -19391.9191, True, 1523
ESPPRC_heur, 0.1, 0.0, 0.0, 0.0, 0, 13245.2575, -18093.0454, True, 1578
ESPPRC_heur, 0.1, 0.0, 0.0, 0.0, 0, 13245.2575, -11274.712, True, 1531
ESPPRC_heur, 0.1, 0.0, 0.0, 0.0, 0, 13245.2575, -16711.3527, True, 1445
ESPPRC_heur, 0.1, 0.0, 0.0, 0.0, 0, 13245.2575, -23757.6613, True, 1516
ESPPRC_heur, 0.1, 0.0, 0.0, 0.0, 0, 13245.2575, -13784.6761, True, 1592
ESPPRC_heur, 0.1, 0.0, 0.0, 0.0, 0, 13245.2575, -19957.1998, True, 1536
ESPPRC_heur, 0.1, 0.0, 0.0, 0.0, 0, 13245.2575, -55743.6554, True, 1620
ESPPRC_heur, 0.1, 0.0, 0.0, 0.0, 0, 13245.2575, -12696.4522, True, 1479
ESPPRC_heur, 0.1, 0.0, 0.0, 0.0, 0, 13245.2575, -18913.8313, True, 1619
ESPPRC_heur, 0.1, 0.0, 0.0, 0.0, 0, 13245.2575, -19606.7226, True, 1607
ESPPRC_heur, 0.1, 0.0, 0.0, 0.0, 0, 13245.2575, -31083.7995, True, 1722
ESPPRC_heur, 0.1, 0.0, 0.0, 0.0, 0, 13245.2575, -16561.5689, True, 1684
ESPPRC_heur, 0.1, 0.0, 0.0, 0.0, 0, 13245.2575, -34599.3656, True, 1585
ESPPRC_heur, 0.1, 0.0, 0.0, 0.0, 0, 13245.2575, -43370.7711, True, 1636
ESPPRC_heur, 0.1, 0.0, 0.0, 0.0, 0, 13245.2575, -23830.5055, True, 1771
ESPPRC_heur, 0.1, 0.0, 0.0, 0.0, 0, 13245.2575, -23103.2817, True, 1678
ESPPRC_heur, 0.1, 0.0, 0.0, 0.0, 0, 13245.2575, -38368.1895, True, 1678
ESPPRC_heur, 0.1, 0.0, 0.0, 0.0, 0, 13245.2575, -21001.0575, True, 1697
ESPPRC_heur, 0.1, 0.0, 0.0, 0.0, 0, 13245.2575, -51460.3444, True, 1731
ESPPRC_heur, 0.1, 0.0, 0.0, 0.0, 0, 13245.2575, -47863.5418, True, 1814
ESPPRC_heur, 0.1, 0.0, 0.0, 0.0, 0, 13245.2575, -46414.6143, True, 1667
ESPPRC_heur, 0.1, 0.0, 0.0, 0.0, 0, 13245.2575, -40677.4415, True, 1819
ESPPRC_heur, 0.1, 0.0, 0.0, 0.0, 0, 13245.2575, -32312.7165, True, 1803
ESPPRC_heur, 0.1, 0.0, 0.0, 0.0, 0, 13245.2575, -26640.3244, True, 1749
ESPPRC_heur, 0.1, 0.0, 0.0, 0.0, 0, 13245.2575, -12936.3943, True, 1547
ESPPRC_heur, 0.1, 0.0, 0.0, 0.0, 0, 13245.2575, -32216.3489, True, 1792
ESPPRC_heur, 0.1, 0.0, 0.0, 0.0, 0, 13245.2575, -19030.7485, True, 1644
ESPPRC_heur, 0.1, 0.0, 0.0, 0.0, 0, 13245.2575, -19839.5709, True, 1620
ESPPRC_heur, 0.1, 0.0, 0.0, 0.0, 0, 13245.2575, -27106.73, True, 1716
ESPPRC_heur, 0.1, 0.0, 0.0, 0.0, 0, 13245.2575, -30353.7192, True, 1729
ESPPRC_heur, 0.1, 0.0, 0.0, 0.0, 0, 13245.2575, -25321.0202, True, 1683
ESPPRC_heur, 0.1, 0.0, 0.0, 0.0, 0, 13245.2575, -25757.1953, True, 1627
ESPPRC_heur, 0.1, 0.0, 0.0, 0.0, 0, 13245.2575, -28815.1251, True, 1642
ESPPRC_heur, 0.1, 0.0, 0.0, 0.0, 0, 13245.2575, -25790.0673, True, 1678
ESPPRC_heur, 0.1, 0.0, 0.0, 0.0, 0, 13245.2575, -13200.0539, True, 1716
ESPPRC_heur, 0.1, 0.0, 0.0, 0.0, 0, 13245.2575, -11599.09, True, 1547
ESPPRC_heur, 0.1, 0.0, 0.0, 0.0, 0, 13245.2575, -39928.3847, True, 1635
ESPPRC_heur, 0.1, 0.0, 0.0, 0.0, 0, 13245.2575, -21095.7042, True, 1645
ESPPRC_heur, 0.1, 0.0, 0.0, 0.0, 0, 13245.2575, -24514.2439, True, 1697
ESPPRC_heur, 0.1, 0.0, 0.0, 0.0, 0, 13245.2575, -22516.3871, True, 1651
ESPPRC_heur, 0.1, 0.0, 0.0, 0.0, 0, 13245.2575, -23454.7037, True, 1636
ESPPRC_heur, 0.1, 0.0, 0.0, 0.0, 0, 13245.2575, -27814.7653, True, 1668
ESPPRC_heur, 0.1, 0.0, 0.0, 0.0, 0, 13245.2575, -16469.0747, True, 1550
ESPPRC_heur, 0.1, 0.0, 0.0, 0.0, 0, 13245.2575, -23346.4303, True, 1674
ESPPRC_heur, 0.1, 0.0, 0.0, 0.0, 0, 13245.2575, -17954.9684, True, 1622
ESPPRC_heur, 0.1, 0.0, 0.0, 0.0, 0, 13245.2575, -19043.4873, True, 1685
ESPPRC_heur, 0.1, 0.0, 0.0, 0.0, 0, 13245.2575, -22059.0036, True, 1591
ESPPRC_heur, 0.1, 0.0, 0.0, 0.0, 0, 13245.2575, -21419.4912, True, 1543
ESPPRC_heur, 0.1, 0.0, 0.0, 0.0, 0, 13245.2575, -16285.2108, True, 1601
ESPPRC_heur, 0.1, 0.0, 0.0, 0.0, 0, 13245.2575, -12959.026, True, 1573
ESPPRC_heur, 0.1, 0.0, 0.0, 0.0, 0, 13245.2575, -9536.7488, True, 1496
ESPPRC_heur, 0.1, 0.0, 0.0, 0.0, 0, 13245.2575, -9119.2617, True, 1666
ESPPRC_heur, 0.1, 0.0, 0.0, 0.0, 0, 13245.2575, -20444.1602, True, 1549
ESPPRC_heur, 0.1, 0.0, 0.0, 0.0, 0, 13245.2575, -21106.3931, True, 1601
ESPPRC_heur, 0.1, 0.0, 0.0, 0.0, 0, 13245.2575, -8937.641, True, 1536
ESPPRC_heur, 0.1, 0.0, 0.0, 0.0, 0, 13245.2575, -14341.7735, True, 1716
ESPPRC_heur, 0.1, 0.0, 0.0, 0.0, 0, 13245.2575, -16036.9453, True, 1812
ESPPRC_heur, 0.1, 0.0, 0.0, 0.0, 0, 13245.2575, -7934.6467, True, 1617
ESPPRC_heur, 0.1, 0.0, 0.0, 0.0, 0, 13245.2575, -13388.2331, True, 1654
ESPPRC_heur, 0.1, 0.0, 0.0, 0.0, 0, 13245.2575, -12079.7695, True, 1536
ESPPRC_heur, 0.1, 0.0, 0.0, 0.0, 0, 13245.2575, -17478.0819, True, 1698
ESPPRC_heur, 0.1, 0.0, 0.0, 0.0, 0, 13245.2575, -9962.2994, True, 1551
ESPPRC_heur, 0.1, 0.0, 0.0, 0.0, 0, 13245.2575, -10420.9528, True, 1467
ESPPRC_heur, 0.1, 0.0, 0.0, 0.0, 0, 13245.2575, -10962.9983, True, 1476
ESPPRC_heur, 0.1, 0.0, 0.0, 0.0, 0, 13245.2575, -10553.2064, True, 1554
ESPPRC_heur, 0.1, 0.0, 0.0, 0.0, 0, 13245.2575, -7610.3168, True, 1508
ESPPRC_heur, 0.1, 0.0, 0.0, 0.0, 0, 13245.2575, -17007.3973, True, 1646
ESPPRC_heur, 0.1, 0.0, 0.0, 0.0, 0, 13245.2575, -16911.8957, True, 1583
ESPPRC_heur, 0.1, 0.0, 0.0, 0.0, 0, 13245.2575, -13539.8379, True, 1629
ESPPRC_heur, 0.1, 0.0, 0.0, 0.0, 0, 13245.2575, -17162.6895, True, 1574
ESPPRC_heur, 0.1, 0.0, 0.0, 0.0, 0, 13245.2575, -16009.1808, True, 1652
ESPPRC_heur, 0.1, 0.0, 0.0, 0.0, 0, 13245.2575, -7398.0324, True, 1499
ESPPRC_heur, 0.1, 0.0, 0.0, 0.0, 0, 13245.2575, -7418.2241, True, 1497
ESPPRC_heur, 0.1, 0.0, 0.0, 0.0, 0, 13245.2575, -11446.5809, True, 1506
ESPPRC_heur, 0.1, 0.0, 0.0, 0.0, 0, 13245.2575, -9132.3917, True, 1506
ESPPRC_heur, 0.1, 0.0, 0.0, 0.0, 0, 13245.2575, -9661.388, True, 1562
ESPPRC_heur, 0.1, 0.0, 0.0, 0.0, 0, 13245.2575, -5715.4256, True, 1651
ESPPRC_heur, 0.1, 0.0, 0.0, 0.0, 0, 13245.2575, -8173.2935, True, 1627
ESPPRC_heur, 0.1, 0.0, 0.0, 0.0, 0, 13245.2575, -2410.885, True, 1540
ESPPRC_heur, 0.1, 0.0, 0.0, 0.0, 0, 13245.2575, -3047.4498, True, 1324
ESPPRC_heur, 0.1, 0.0, 0.0, 0.0, 0, 13245.2575, -6746.4144, True, 1401
ESPPRC_heur, 0.1, 0.0, 0.0, 0.0, 0, 13245.2575, -6673.5521, True, 1492
ESPPRC_heur, 0.1, 0.0, 0.0, 0.0, 0, 13245.2575, -1791.5154, True, 1552
ESPPRC_heur, 0.1, 0.0, 0.0, 0.0, 0, 13245.2575, -1194.0888, True, 1374
ESPPRC_heur, 0.1, 0.0, 0.0, 0.0, 0, 13245.2575, -10551.1678, True, 1675
ESPPRC_heur, 0.1, 0.0, 0.0, 0.0, 0, 13245.2575, -1950.3803, True, 1312
ESPPRC_heur, 0.1, 0.0, 0.0, 0.0, 0, 13245.2575, -4195.5344, True, 1473
ESPPRC_heur, 0.1, 0.0, 0.0, 0.0, 0, 13245.2575, -3991.9882, True, 1400
ESPPRC_heur, 0.1, 0.0, 0.0, 0.0, 0, 13245.2575, -3495.7349, True, 1331
ESPPRC_heur, 0.2, 0.0, 0.0, 0.0, 0, 13245.2575, -7705.3748, True, 1378
ESPPRC_heur, 0.1, 0.0, 0.0, 0.0, 0, 13245.2575, -5557.6604, True, 1442
ESPPRC_heur, 0.1, 0.0, 0.0, 0.0, 0, 13245.2575, -5301.5806, True, 1391
ESPPRC_heur, 0.1, 0.0, 0.0, 0.0, 0, 13245.2575, -2491.018, True, 1403
ESPPRC_heur, 0.1, 0.0, 0.0, 0.0, 0, 13245.2575, -3372.2112, True, 1501
ESPPRC_heur, 0.1, 0.0, 0.0, 0.0, 0, 13245.2575, -11018.4899, True, 1678
ESPPRC_heur, 0.1, 0.0, 0.0, 0.0, 0, 13245.2575, -3225.8857, True, 1444
ESPPRC_heur, 0.1, 0.0, 0.0, 0.0, 0, 13245.2575, -4613.7394, True, 1405
ESPPRC_heur, 0.1, 0.0, 0.0, 0.0, 0, 13245.2575, -3392.1177, True, 1404
ESPPRC_heur, 0.1, 0.0, 0.0, 0.0, 0, 13245.2575, 1409.3666, True, 1275
ESPPRC_heur, 0.1, 0.0, 0.0, 0.0, 0, 13245.2575, -41.4467, True, 1353
ESPPRC_heur, 0.1, 0.0, 0.0, 0.0, 0, 13245.2575, 829.278, True, 1380
ESPPRC_heur, 0.1, 0.0, 0.0, 0.0, 0, 13245.2575, -4784.9003, True, 1360
ESPPRC_heur, 0.1, 0.0, 0.0, 0.0, 0, 13245.2575, -4342.061, True, 1458
ESPPRC_heur, 0.1, 0.0, 0.0, 0.0, 0, 13245.2575, -1251.8365, True, 1313
ESPPRC_heur, 0.1, 0.0, 0.0, 0.0, 0, 13245.2575, -3269.8507, True, 1395
ESPPRC_heur, 0.1, 0.0, 0.0, 0.0, 0, 13245.2575, 1154.1833, True, 1437
ESPPRC_heur, 0.1, 0.0, 0.0, 0.0, 0, 13245.2575, 400.406, True, 1331
ESPPRC_heur, 0.1, 0.0, 0.0, 0.0, 0, 13245.2575, 3283.252, True, 1204
ESPPRC_heur, 0.1, 0.0, 0.0, 0.0, 0, 13245.2575, -3054.7567, True, 1263
ESPPRC_heur, 0.1, 0.0, 0.0, 0.0, 0, 13245.2575, 3125.2733, True, 1168
ESPPRC_heur, 0.1, 0.0, 0.0, 0.0, 0, 13245.2575, -400.6325, True, 1347
ESPPRC_heur, 0.1, 0.0, 0.0, 0.0, 0, 13245.2575, -1119.3935, True, 1405
ESPPRC_heur, 0.1, 0.0, 0.0, 0.0, 0, 13245.2575, -1733.5755, True, 1475
ESPPRC_heur, 0.1, 0.0, 0.0, 0.0, 0, 13245.2575, -2178.695, True, 1420
ESPPRC_heur, 0.1, 0.0, 0.0, 0.0, 0, 13245.2575, 2400.7433, True, 1347
ESPPRC_heur, 0.1, 0.0, 0.0, 0.0, 0, 13245.2575, -333.0817, True, 1326
ESPPRC_heur, 0.1, 0.0, 0.0, 0.0, 0, 13245.2575, -928.5287, True, 1364
ESPPRC_heur, 0.1, 0.0, 0.0, 0.0, 0, 13245.2575, 895.6069, True, 1232
ESPPRC_heur, 0.1, 0.0, 0.0, 0.0, 0, 13245.2575, -3499.2642, True, 1467
ESPPRC_heur, 0.1, 0.0, 0.0, 0.0, 0, 13245.2575, 1851.4863, True, 1222
ESPPRC_heur, 0.1, 0.0, 0.0, 0.0, 0, 13245.2575, 2783.0754, True, 1200
ESPPRC_heur, 0.1, 0.0, 0.0, 0.0, 0, 13245.2575, -2592.252, True, 1433
ESPPRC_heur, 0.1, 0.0, 0.0, 0.0, 0, 13245.2575, 2268.197, True, 1282
ESPPRC_heur, 0.1, 0.0, 0.0, 0.0, 0, 13245.2575, -1810.093, True, 1361
ESPPRC_heur, 0.1, 0.0, 0.0, 0.0, 0, 13245.2575, 1534.447, True, 1318
ESPPRC_heur, 0.1, 0.0, 0.0, 0.0, 0, 13245.2575, 725.749, True, 1242
ESPPRC_heur, 0.1, 0.0, 0.0, 0.0, 0, 13245.2575, -406.015, True, 1313
ESPPRC_heur, 0.1, 0.0, 0.0, 0.0, 0, 13245.2575, -144.3982, True, 1424
ESPPRC_heur, 0.1, 0.0, 0.0, 0.0, 0, 13245.2575, 2035.357, True, 1242
ESPPRC_heur, 0.1, 0.0, 0.0, 0.0, 0, 13245.2575, 1984.5284, True, 1178
ESPPRC_heur, 0.1, 0.0, 0.0, 0.0, 0, 13245.2575, 3220.724, True, 1206
ESPPRC_heur, 0.1, 0.0, 0.0, 0.0, 0, 13245.2575, -1102.6208, True, 1427
ESPPRC_heur, 0.1, 0.0, 0.0, 0.0, 0, 13245.2575, 5609.8934, True, 1079
ESPPRC_heur, 0.1, 0.0, 0.0, 0.0, 0, 13245.2575, 1340.2198, True, 1251
ESPPRC_heur, 0.1, 0.0, 0.0, 0.0, 0, 13245.2575, -4142.9513, True, 1443
ESPPRC_heur, 0.1, 0.0, 0.0, 0.0, 0, 13245.2575, 2930.2548, True, 1276
ESPPRC_heur, 0.1, 0.0, 0.0, 0.0, 0, 13245.2575, 775.7542, True, 1306
ESPPRC_heur, 0.1, 0.0, 0.0, 0.0, 0, 13245.2575, 1643.6245, True, 1365
ESPPRC_heur, 0.1, 0.0, 0.0, 0.0, 0, 13245.2575, 1493.7723, True, 1237
ESPPRC_heur, 0.1, 0.0, 0.0, 0.0, 0, 13245.2575, 3652.6923, True, 1115
ESPPRC_heur, 0.1, 0.0, 0.0, 0.0, 0, 13245.2575, 4453.347, True, 1081
ESPPRC_heur, 0.1, 0.0, 0.0, 0.0, 0, 13245.2575, 4854.695, True, 1110
ESPPRC_heur, 0.1, 0.0, 0.0, 0.0, 0, 13245.2575, 2465.0289, True, 1244
ESPPRC_heur, 0.1, 0.0, 0.0, 0.0, 0, 13245.2575, 5640.923, True, 998
ESPPRC_heur, 0.1, 0.0, 0.0, 0.0, 0, 13245.2575, 6241.2884, True, 1105
ESPPRC_heur, 0.1, 0.0, 0.0, 0.0, 0, 13245.2575, 2893.2441, True, 1191
ESPPRC_heur, 0.1, 0.0, 0.0, 0.0, 0, 13245.2575, 1087.5801, True, 1137
ESPPRC_heur, 0.1, 0.0, 0.0, 0.0, 0, 13245.2575, 4567.4781, True, 999
ESPPRC_heur, 0.1, 0.0, 0.0, 0.0, 0, 13245.2575, 4501.6018, True, 1116
ESPPRC_heur, 0.1, 0.0, 0.0, 0.0, 0, 13245.2575, -69.4287, True, 1186
ESPPRC_heur, 0.1, 0.0, 0.0, 0.0, 0, 13245.2575, 2754.8149, True, 1127
ESPPRC_heur, 0.1, 0.0, 0.0, 0.0, 0, 13245.2575, 4097.2173, True, 1129
ESPPRC_heur, 0.1, 0.0, 0.0, 0.0, 0, 13245.2575, 6233.9551, True, 932
ESPPRC_heur, 0.1, 0.0, 0.0, 0.0, 0, 13245.2575, 6642.5358, True, 959
ESPPRC_heur, 0.1, 0.0, 0.0, 0.0, 0, 13245.2575, 5682.7478, True, 959
ESPPRC_heur, 0.1, 0.0, 0.0, 0.0, 0, 13245.2575, 2809.8084, True, 1266
ESPPRC_heur, 0.1, 0.0, 0.0, 0.0, 0, 13245.2575, 4557.5299, True, 1090
ESPPRC_heur, 0.1, 0.0, 0.0, 0.0, 0, 13245.2575, 5086.4769, True, 1116
ESPPRC_heur, 0.1, 0.0, 0.0, 0.0, 0, 13245.2575, 3484.7643, True, 1172
ESPPRC_heur, 0.1, 0.0, 0.0, 0.0, 0, 13245.2575, 6847.6628, True, 963
ESPPRC_heur, 0.1, 0.0, 0.0, 0.0, 0, 13245.2575, 5660.5124, True, 1091
ESPPRC_heur, 0.1, 0.0, 0.0, 0.0, 0, 13245.2575, 8110.2008, True, 805
ESPPRC_heur, 0.1, 0.0, 0.0, 0.0, 0, 13245.2575, 7475.4683, True, 899
ESPPRC_heur, 0.1, 0.0, 0.0, 0.0, 0, 13245.2575, 6835.2207, True, 1000
ESPPRC_heur, 0.1, 0.0, 0.0, 0.0, 0, 13245.2575, 6608.1456, True, 885
ESPPRC_heur, 0.1, 0.0, 0.0, 0.0, 0, 13245.2575, 7346.1473, True, 923
ESPPRC_heur, 0.1, 0.0, 0.0, 0.0, 0, 13245.2575, 6882.6413, True, 840
ESPPRC_heur, 0.1, 0.0, 0.0, 0.0, 0, 13245.2575, 8323.126, True, 739
ESPPRC_heur, 0.1, 0.0, 0.0, 0.0, 0, 13245.2575, 5824.7708, True, 974
ESPPRC_heur, 0.1, 0.0, 0.0, 0.0, 0, 13245.2575, 3958.9021, True, 1110
ESPPRC_heur, 0.1, 0.0, 0.0, 0.0, 0, 13245.2575, 5232.3951, True, 1015
ESPPRC_heur, 0.1, 0.0, 0.0, 0.0, 0, 13245.2575, 1531.9377, True, 1143
ESPPRC_heur, 0.1, 0.0, 0.0, 0.0, 0, 13245.2575, 6925.9707, True, 963
ESPPRC_heur, 0.1, 0.0, 0.0, 0.0, 0, 13245.2575, 7596.0576, True, 837
ESPPRC_heur, 0.1, 0.0, 0.0, 0.0, 0, 13245.2575, 4794.0147, True, 1087
ESPPRC_heur, 0.1, 0.0, 0.0, 0.0, 0, 13245.2575, 7040.0505, True, 902
ESPPRC_heur, 0.1, 0.0, 0.0, 0.0, 0, 13245.2575, 5214.6354, True, 922
ESPPRC_heur, 0.1, 0.0, 0.0, 0.0, 0, 13245.2575, 7074.7413, True, 1000
ESPPRC_heur, 0.1, 0.0, 0.0, 0.0, 0, 13245.2575, 6394.3135, True, 917
ESPPRC_heur, 0.1, 0.0, 0.0, 0.0, 0, 13245.2575, 5032.5114, True, 979
ESPPRC_heur, 0.1, 0.0, 0.0, 0.0, 0, 13245.2575, 5922.5282, True, 1011
ESPPRC_heur, 0.1, 0.0, 0.0, 0.0, 0, 13245.2575, 7367.209, True, 795
ESPPRC_heur, 0.1, 0.0, 0.0, 0.0, 0, 13245.2575, 7931.9802, True, 728
ESPPRC_heur, 0.1, 0.0, 0.0, 0.0, 0, 13245.2575, 7970.4097, True, 795
ESPPRC_heur, 0.1, 0.0, 0.0, 0.0, 0, 13245.2575, 7692.5049, True, 713
ESPPRC_heur, 0.1, 0.0, 0.0, 0.0, 0, 13245.2575, 7021.093, True, 901
ESPPRC_heur, 0.1, 0.0, 0.0, 0.0, 0, 13245.2575, 7113.1922, True, 768
ESPPRC_heur, 0.1, 0.0, 0.0, 0.0, 0, 13245.2575, 6448.2962, True, 1061
ESPPRC_heur, 0.1, 0.0, 0.0, 0.0, 0, 13245.2394, 6994.2327, True, 992
ESPPRC_heur, 0.1, 0.0, 0.0, 0.0, 0, 13245.2067, 9339.9757, True, 602
ESPPRC_heur, 0.1, 0.0, 0.0, 0.0, 0, 13244.7774, 9617.3523, True, 589
ESPPRC_heur, 0.1, 0.0, 0.0, 0.0, 0, 13244.5992, 10131.4106, True, 540
ESPPRC_heur, 0.1, 0.0, 0.0, 0.0, 0, 13243.8893, 7813.9812, True, 784
ESPPRC_heur, 0.1, 0.0, 0.0, 0.0, 0, 13243.5124, 8435.2315, True, 637
ESPPRC_heur, 0.1, 0.0, 0.0, 0.0, 0, 13243.2986, 9426.6219, True, 616
ESPPRC_heur, 0.1, 0.0, 0.0, 0.0, 0, 13242.4824, 9609.9278, True, 619
ESPPRC_heur, 0.1, 0.0, 0.0, 0.0, 0, 13242.3085, 9164.9269, True, 588
ESPPRC_heur, 0.1, 0.0, 0.0, 0.0, 0, 13241.3499, 10250.3523, True, 509
ESPPRC_heur, 0.1, 0.0, 0.0, 0.0, 0, 13239.8757, 9086.0137, True, 588
ESPPRC_heur, 0.1, 0.0, 0.0, 0.0, 0, 13239.6033, 9465.6576, True, 499
ESPPRC_heur, 0.1, 0.0, 0.0, 0.0, 0, 13239.5138, 9312.3602, True, 503
ESPPRC_heur, 0.1, 0.0, 0.0, 0.0, 0, 13239.3851, 9849.2818, True, 521
ESPPRC_heur, 0.1, 0.0, 0.0, 0.0, 0, 13239.3825, 10200.6049, True, 510
ESPPRC_heur, 0.1, 0.0, 0.0, 0.0, 0, 13239.3148, 10041.0442, True, 421
ESPPRC_heur, 0.1, 0.0, 0.0, 0.0, 0, 13238.9348, 9883.9275, True, 464
ESPPRC_heur, 0.1, 0.0, 0.0, 0.0, 0, 13238.8842, 10181.782, True, 450
ESPPRC_heur, 0.1, 0.0, 0.0, 0.0, 0, 13238.8534, 10453.9327, True, 467
ESPPRC_heur, 0.1, 0.0, 0.0, 0.0, 0, 13238.7717, 10463.8588, True, 464
ESPPRC_heur, 0.1, 0.0, 0.0, 0.0, 0, 13238.7187, 9890.9988, True, 522
ESPPRC_heur, 0.1, 0.0, 0.0, 0.0, 0, 13238.7187, 10634.4518, True, 418
ESPPRC_heur, 0.1, 0.0, 0.0, 0.0, 0, 13238.1897, 9452.1999, True, 594
ESPPRC_heur, 0.1, 0.0, 0.0, 0.0, 0, 13238.0419, 10264.3008, True, 446
ESPPRC_heur, 0.1, 0.0, 0.0, 0.0, 0, 13237.6815, 10556.9639, True, 422
ESPPRC_heur, 0.1, 0.0, 0.0, 0.0, 0, 13236.9526, 11312.423, True, 347
ESPPRC_heur, 0.1, 0.0, 0.0, 0.0, 0, 13236.5241, 11008.2407, True, 327
ESPPRC_heur, 0.1, 0.0, 0.0, 0.0, 0, 13233.0688, 9852.5435, True, 543
ESPPRC_heur, 0.1, 0.0, 0.0, 0.0, 0, 13231.665, 9794.6153, True, 449
ESPPRC_heur, 0.1, 0.0, 0.0, 0.0, 0, 13231.2917, 9789.0316, True, 468
ESPPRC_heur, 0.1, 0.0, 0.0, 0.0, 0, 13230.9997, 10206.122, True, 439
ESPPRC_heur, 0.1, 0.0, 0.0, 0.0, 0, 13230.6782, 11017.7486, True, 359
ESPPRC_heur, 0.1, 0.0, 0.0, 0.0, 0, 13229.716, 9644.6096, True, 454
ESPPRC_heur, 0.1, 0.0, 0.0, 0.0, 0, 13229.5794, 11338.2069, True, 293
ESPPRC_heur, 0.1, 0.0, 0.0, 0.0, 0, 13200.8077, 10249.7323, True, 412
ESPPRC_heur, 0.1, 0.0, 0.0, 0.0, 0, 13200.4206, 8794.136, True, 529
ESPPRC_heur, 0.1, 0.0, 0.0, 0.0, 0, 13200.4206, 8804.9534, True, 572
ESPPRC_heur, 0.1, 0.0, 0.0, 0.0, 0, 13200.42, 9848.3409, True, 459
ESPPRC_heur, 0.1, 0.0, 0.0, 0.0, 0, 13199.9249, 10138.4466, True, 484
ESPPRC_heur, 0.1, 0.0, 0.0, 0.0, 0, 13199.785, 10279.9033, True, 484
ESPPRC_heur, 0.1, 0.0, 0.0, 0.0, 0, 13199.5867, 9461.9727, True, 507
ESPPRC_heur, 0.1, 0.0, 0.0, 0.0, 0, 13199.4818, 9310.5854, True, 581
ESPPRC_heur, 0.1, 0.0, 0.0, 0.0, 0, 13199.4818, 9768.5942, True, 407
ESPPRC_heur, 0.1, 0.0, 0.0, 0.0, 0, 13199.4818, 9244.4995, True, 511
ESPPRC_heur, 0.1, 0.0, 0.0, 0.0, 0, 13199.4818, 9398.5208, True, 509
ESPPRC_heur, 0.1, 0.0, 0.0, 0.0, 0, 13199.4818, 10030.5563, True, 400
ESPPRC_heur, 0.1, 0.0, 0.0, 0.0, 0, 13199.4132, 8925.809, True, 574
ESPPRC_heur, 0.1, 0.0, 0.0, 0.0, 0, 13199.4132, 9090.2064, True, 559
ESPPRC_heur, 0.1, 0.0, 0.0, 0.0, 0, 13199.4132, 10149.6914, True, 469
ESPPRC_heur, 0.1, 0.0, 0.0, 0.0, 0, 13199.3169, 10145.7025, True, 432
ESPPRC_heur, 0.1, 0.0, 0.0, 0.0, 0, 13199.3169, 10784.7376, True, 379
ESPPRC_heur, 0.1, 0.0, 0.0, 0.0, 0, 13199.2533, 10452.3441, True, 374
ESPPRC_heur, 0.1, 0.0, 0.0, 0.0, 0, 13199.2533, 11205.6126, True, 287
ESPPRC_heur, 0.1, 0.0, 0.0, 0.0, 0, 13198.6938, 9295.9206, True, 572
ESPPRC_heur, 0.1, 0.0, 0.0, 0.0, 0, 13198.6938, 10427.0007, True, 358
ESPPRC_heur, 0.2, 0.0, 0.0, 0.0, 0, 13198.6938, 10031.1418, True, 373
ESPPRC_heur, 0.1, 0.0, 0.0, 0.0, 0, 13198.6938, 10407.9664, True, 355
ESPPRC_heur, 0.1, 0.0, 0.0, 0.0, 0, 13198.6938, 10592.3662, True, 370
ESPPRC_heur, 0.1, 0.0, 0.0, 0.0, 0, 13198.6938, 10499.8212, True, 337
ESPPRC_heur, 0.1, 0.0, 0.0, 0.0, 0, 13198.6938, 10714.4984, True, 388
ESPPRC_heur, 0.1, 0.0, 0.0, 0.0, 0, 13198.6938, 10795.0087, True, 326
ESPPRC_heur, 0.1, 0.0, 0.0, 0.0, 0, 13198.6303, 10055.2515, True, 390
ESPPRC_heur, 0.1, 0.0, 0.0, 0.0, 0, 13198.6303, 10066.4389, True, 372
ESPPRC_heur, 0.1, 0.0, 0.0, 0.0, 0, 13198.6303, 10999.9361, True, 270
ESPPRC_heur, 0.1, 0.0, 0.0, 0.0, 0, 13196.6391, 9469.9248, True, 482
ESPPRC_heur, 0.1, 0.0, 0.0, 0.0, 0, 13196.6391, 11287.4029, True, 288
ESPPRC_heur, 0.1, 0.0, 0.0, 0.0, 0, 13196.369, 9894.1637, True, 446
ESPPRC_heur, 0.1, 0.0, 0.0, 0.0, 0, 13196.369, 10519.0367, True, 345
ESPPRC_heur, 0.0, 0.1, 0.0, 0.0, 0, 13195.5241, 11131.3961, True, 335
ESPPRC_heur, 0.0, 0.1, 0.0, 0.0, 0, 13195.1528, 9418.6999, True, 536
ESPPRC_heur, 0.0, 0.1, 0.0, 0.0, 0, 13195.1528, 10189.4534, True, 383
ESPPRC_heur, 0.1, 0.0, 0.0, 0.0, 0, 13195.1528, 9325.2186, True, 524
ESPPRC_heur, 0.1, 0.0, 0.0, 0.0, 0, 13195.1528, 9954.2932, True, 473
ESPPRC_heur, 0.1, 0.0, 0.0, 0.0, 0, 13195.1528, 10895.1757, True, 325
ESPPRC_heur, 0.1, 0.0, 0.0, 0.0, 0, 13195.1528, 11225.6452, True, 249
ESPPRC_heur, 0.1, 0.0, 0.0, 0.0, 0, 13195.0692, 9830.9582, True, 539
ESPPRC_heur, 0.0, 0.1, 0.0, 0.0, 0, 13195.0692, 10172.6408, True, 487
ESPPRC_heur, 0.1, 0.0, 0.0, 0.0, 0, 13195.0692, 10947.8304, True, 313
ESPPRC_heur, 0.0, 0.1, 0.0, 0.0, 0, 13195.0692, 10868.2378, True, 379
ESPPRC_heur, 0.0, 0.1, 0.0, 0.0, 0, 13195.0692, 11080.0254, True, 310
ESPPRC_heur, 0.1, 0.0, 0.0, 0.0, 0, 13195.0692, 11192.2242, True, 277
ESPPRC_heur, 0.1, 0.0, 0.0, 0.0, 0, 13195.0692, 11498.8339, True, 211
ESPPRC_heur, 0.0, 0.1, 0.0, 0.0, 0, 13167.727, 9327.9478, True, 577
ESPPRC_heur, 0.1, 0.0, 0.0, 0.0, 0, 13167.727, 9784.5176, True, 499
ESPPRC_heur, 0.1, 0.0, 0.0, 0.0, 0, 13167.727, 9260.1758, True, 619
ESPPRC_heur, 0.1, 0.0, 0.0, 0.0, 0, 13167.727, 9923.7704, True, 461
ESPPRC_heur, 0.1, 0.0, 0.0, 0.0, 0, 13167.727, 10234.4518, True, 422
ESPPRC_heur, 0.1, 0.0, 0.0, 0.0, 0, 13167.727, 9504.0553, True, 529
ESPPRC_heur, 0.0, 0.1, 0.0, 0.0, 0, 13167.727, 10396.5654, True, 430
ESPPRC_heur, 0.0, 0.1, 0.0, 0.0, 0, 13167.727, 11270.5549, True, 281
ESPPRC_heur, 0.1, 0.0, 0.0, 0.0, 0, 13167.727, 11185.7945, True, 291
ESPPRC_heur, 0.1, 0.0, 0.0, 0.0, 0, 13167.727, 11407.4881, True, 255
ESPPRC_heur, 0.1, 0.0, 0.0, 0.0, 0, 13167.727, 11200.1781, True, 285
ESPPRC_heur, 0.1, 0.0, 0.0, 0.0, 0, 13167.727, 11401.1575, True, 259
ESPPRC_heur, 0.1, 0.0, 0.0, 0.0, 0, 13167.727, 10486.8529, True, 388
ESPPRC_heur, 0.1, 0.0, 0.0, 0.0, 0, 13167.727, 10977.1624, True, 304
ESPPRC_heur, 0.1, 0.0, 0.0, 0.0, 0, 13167.727, 11301.2577, True, 277
ESPPRC_heur, 0.1, 0.0, 0.0, 0.0, 0, 13167.727, 10850.818, True, 360
ESPPRC_heur, 0.1, 0.0, 0.0, 0.0, 0, 13167.727, 11489.2591, True, 228
ESPPRC_heur, 0.1, 0.0, 0.0, 0.0, 0, 13167.1748, 9829.37, True, 504
ESPPRC_heur, 0.1, 0.0, 0.0, 0.0, 0, 13167.1748, 10415.0452, True, 358
ESPPRC_heur, 0.1, 0.0, 0.0, 0.0, 0, 13167.1748, 10203.0796, True, 456
ESPPRC_heur, 0.1, 0.0, 0.0, 0.0, 0, 13167.1748, 11466.0264, True, 251
ESPPRC_heur, 0.1, 0.0, 0.0, 0.0, 0, 13164.9613, 11365.0444, True, 251
ESPPRC_heur, 0.1, 0.0, 0.0, 0.0, 0, 13164.9613, 11414.8898, True, 258
ESPPRC_heur, 0.1, 0.0, 0.0, 0.0, 0, 13164.9613, 11224.4607, True, 294
ESPPRC_heur, 0.1, 0.0, 0.0, 0.0, 0, 13164.9613, 11456.2899, True, 268
ESPPRC_heur, 0.1, 0.0, 0.0, 0.0, 0, 13164.9613, 11798.9698, True, 200
ESPPRC_heur, 0.1, 0.0, 0.0, 0.0, 0, 13162.8094, 11550.0744, True, 252
ESPPRC_heur, 0.1, 0.0, 0.0, 0.0, 0, 13162.8094, 11732.3942, True, 190
ESPPRC_heur, 0.1, 0.0, 0.0, 0.0, 0, 13162.4545, 11467.7812, True, 255
ESPPRC_heur, 0.1, 0.0, 0.0, 0.0, 0, 13162.4545, 10674.8935, True, 335
ESPPRC_heur, 0.1, 0.0, 0.0, 0.0, 0, 13162.4545, 11433.4311, True, 215
ESPPRC_heur, 0.1, 0.0, 0.0, 0.0, 0, 13162.4545, 11665.7044, True, 207
ESPPRC_heur, 0.1, 0.0, 0.0, 0.0, 0, 13162.2432, 11501.455, True, 229
ESPPRC_heur, 0.1, 0.0, 0.0, 0.0, 0, 13162.0529, 11161.3594, True, 292
ESPPRC_heur, 0.1, 0.0, 0.0, 0.0, 0, 13161.7742, 11492.1281, True, 247
ESPPRC_heur, 0.1, 0.0, 0.0, 0.0, 0, 13161.5314, 11865.4657, True, 201
ESPPRC_heur, 0.1, 0.0, 0.0, 0.0, 0, 13158.6979, 11472.5763, True, 256
ESPPRC_heur, 0.1, 0.0, 0.0, 0.0, 0, 13158.5559, 11654.5608, True, 180
ESPPRC_heur, 0.1, 0.0, 0.0, 0.0, 0, 13157.7064, 11439.7567, True, 226
ESPPRC_heur, 0.1, 0.0, 0.0, 0.0, 0, 13156.9952, 11322.5411, True, 227
ESPPRC_heur, 0.1, 0.0, 0.0, 0.0, 0, 13156.6581, 11302.2657, True, 247
ESPPRC_heur, 0.1, 0.0, 0.0, 0.0, 0, 13156.413, 11263.0508, True, 317
ESPPRC_heur, 0.1, 0.0, 0.0, 0.0, 0, 13156.413, 11662.1733, True, 194
ESPPRC_heur, 0.1, 0.0, 0.0, 0.0, 0, 13155.763, 11142.6115, True, 234
ESPPRC_heur, 0.1, 0.0, 0.0, 0.0, 0, 13155.763, 11652.7938, True, 236
ESPPRC_heur, 0.1, 0.0, 0.0, 0.0, 0, 13155.763, 11648.4779, True, 217
ESPPRC_heur, 0.1, 0.0, 0.0, 0.0, 0, 13155.7555, 11643.8266, True, 201
ESPPRC_heur, 0.1, 0.0, 0.0, 0.0, 0, 13155.7538, 11840.533, True, 168
ESPPRC_heur, 0.1, 0.0, 0.0, 0.0, 0, 13144.6267, 11255.4121, True, 263
ESPPRC_heur, 0.1, 0.0, 0.0, 0.0, 0, 13144.6194, 11688.4914, True, 203
ESPPRC_heur, 0.1, 0.0, 0.0, 0.0, 0, 13144.3597, 11567.9256, True, 200
ESPPRC_heur, 0.1, 0.0, 0.0, 0.0, 0, 13142.843, 11118.4175, True, 289
ESPPRC_heur, 0.1, 0.0, 0.0, 0.0, 0, 13142.843, 11879.252, True, 198
ESPPRC_heur, 0.1, 0.0, 0.0, 0.0, 0, 13141.7753, 11437.472, True, 270
ESPPRC_heur, 0.1, 0.0, 0.0, 0.0, 0, 13141.7182, 11407.5829, True, 239
ESPPRC_heur, 0.1, 0.0, 0.0, 0.0, 0, 13141.6611, 11704.0608, True, 157
ESPPRC_heur, 0.1, 0.0, 0.0, 0.0, 0, 13139.254, 11441.7645, True, 248
ESPPRC_heur, 0.1, 0.0, 0.0, 0.0, 0, 13139.254, 11702.2909, True, 207
ESPPRC_heur, 0.1, 0.0, 0.0, 0.0, 0, 13139.254, 11692.8139, True, 205
ESPPRC_heur, 0.1, 0.0, 0.0, 0.0, 0, 13139.0878, 11437.2637, True, 228
ESPPRC_heur, 0.1, 0.0, 0.0, 0.0, 0, 13139.0878, 11500.098, True, 196
ESPPRC_heur, 0.1, 0.0, 0.0, 0.0, 0, 13139.0851, 11905.3122, True, 172
ESPPRC_heur, 0.1, 0.0, 0.0, 0.0, 0, 13139.0851, 11467.4014, True, 212
ESPPRC_heur, 0.1, 0.0, 0.0, 0.0, 0, 13138.6718, 11884.9399, True, 162
ESPPRC_heur, 0.1, 0.0, 0.0, 0.0, 0, 13137.5614, 11428.1225, True, 239
ESPPRC_heur, 0.1, 0.0, 0.0, 0.0, 0, 13137.5614, 11832.9528, True, 206
ESPPRC_heur, 0.1, 0.0, 0.0, 0.0, 0, 13134.0319, 11776.2908, True, 213
ESPPRC_heur, 0.1, 0.0, 0.0, 0.0, 0, 13132.4945, 11598.2225, True, 206
ESPPRC_heur, 0.1, 0.0, 0.0, 0.0, 0, 13132.4945, 11828.881, True, 184
ESPPRC_heur, 0.1, 0.0, 0.0, 0.0, 0, 13132.4945, 11960.3033, True, 146
ESPPRC_heur, 0.1, 0.0, 0.0, 0.0, 0, 13130.8764, 10801.0229, True, 294
ESPPRC_heur, 0.1, 0.0, 0.0, 0.0, 0, 13130.8764, 11845.1675, True, 173
ESPPRC_heur, 0.1, 0.0, 0.0, 0.0, 0, 13130.8764, 11932.094, True, 158
ESPPRC_heur, 0.1, 0.0, 0.0, 0.0, 0, 13126.5116, 10940.4481, True, 297
ESPPRC_heur, 0.1, 0.0, 0.0, 0.0, 0, 13126.5116, 11041.6644, True, 259
ESPPRC_heur, 0.1, 0.0, 0.0, 0.0, 0, 13126.5116, 11781.2804, True, 168
ESPPRC_heur, 0.1, 0.0, 0.0, 0.0, 0, 13126.5116, 11920.0982, True, 156
ESPPRC_heur, 0.1, 0.0, 0.0, 0.0, 0, 13126.5116, 11492.1815, True, 234
ESPPRC_heur, 0.1, 0.0, 0.0, 0.0, 0, 13126.5116, 12144.3377, True, 142
ESPPRC_heur, 0.1, 0.0, 0.0, 0.0, 0, 13125.5655, 11264.6292, True, 239
ESPPRC_heur, 0.1, 0.0, 0.0, 0.0, 0, 13125.5655, 11616.1214, True, 219
ESPPRC_heur, 0.1, 0.0, 0.0, 0.0, 0, 13125.5655, 11854.1271, True, 195
ESPPRC_heur, 0.1, 0.0, 0.0, 0.0, 0, 13125.5655, 11785.1825, True, 213
ESPPRC_heur, 0.1, 0.0, 0.0, 0.0, 0, 13125.5414, 11895.2412, True, 171
ESPPRC_heur, 0.1, 0.0, 0.0, 0.0, 0, 13124.9928, 11576.4853, True, 203
ESPPRC_heur, 0.1, 0.0, 0.0, 0.0, 0, 13124.9928, 12020.9458, True, 139
ESPPRC_heur, 0.1, 0.0, 0.0, 0.0, 0, 13124.9928, 12084.6137, True, 140
ESPPRC_heur, 0.1, 0.0, 0.0, 0.0, 0, 13124.9847, 11064.8052, True, 256
ESPPRC_heur, 0.1, 0.0, 0.0, 0.0, 0, 13124.9826, 12273.5653, True, 123
ESPPRC_heur, 0.1, 0.0, 0.0, 0.0, 0, 13123.7619, 11496.7593, True, 231
ESPPRC_heur, 0.1, 0.0, 0.0, 0.0, 0, 13123.7619, 12309.1418, True, 132
ESPPRC_heur, 0.1, 0.0, 0.0, 0.0, 0, 13119.7386, 11755.8149, True, 172
ESPPRC_heur, 0.1, 0.0, 0.0, 0.0, 0, 13119.4388, 11552.5115, True, 192
ESPPRC_heur, 0.1, 0.0, 0.0, 0.0, 0, 13119.4388, 12267.0933, True, 113
ESPPRC_heur, 0.1, 0.0, 0.0, 0.0, 0, 13113.0349, 11835.8604, True, 171
ESPPRC_heur, 0.1, 0.0, 0.0, 0.0, 0, 13113.0349, 11819.7887, True, 134
ESPPRC_heur, 0.1, 0.0, 0.0, 0.0, 0, 13110.5649, 11929.385, True, 143
ESPPRC_heur, 0.1, 0.0, 0.0, 0.0, 0, 13109.8801, 11626.0681, True, 190
ESPPRC_heur, 0.1, 0.0, 0.0, 0.0, 0, 13109.8795, 11973.37, True, 133
ESPPRC_heur, 0.1, 0.0, 0.0, 0.0, 0, 13109.5072, 12286.3683, True, 109
ESPPRC_heur, 0.1, 0.0, 0.0, 0.0, 0, 13109.4017, 12353.82, True, 103
ESPPRC_heur, 0.1, 0.0, 0.0, 0.0, 0, 13106.677, 12326.9532, True, 90
ESPPRC_heur, 0.1, 0.0, 0.0, 0.0, 0, 13102.7447, 12112.2619, True, 124
ESPPRC_heur, 0.1, 0.0, 0.0, 0.0, 0, 13102.6029, 12006.1275, True, 141
ESPPRC_heur, 0.1, 0.0, 0.0, 0.0, 0, 13102.6029, 11841.1791, True, 127
ESPPRC_heur, 0.1, 0.0, 0.0, 0.0, 0, 13102.6029, 12255.2578, True, 109
ESPPRC_heur, 0.1, 0.0, 0.0, 0.0, 0, 13100.1753, 12134.8747, True, 141
ESPPRC_heur, 0.1, 0.0, 0.0, 0.0, 0, 13099.4341, 12433.9456, True, 100
ESPPRC_heur, 0.1, 0.0, 0.0, 0.0, 0, 13098.9876, 12393.7376, True, 91
ESPPRC_heur, 0.1, 0.0, 0.0, 0.0, 0, 13097.1198, 11762.7658, True, 163
ESPPRC_heur, 0.1, 0.0, 0.0, 0.0, 0, 13096.0862, 12264.244, True, 89
ESPPRC_heur, 0.1, 0.0, 0.0, 0.0, 0, 13094.5988, 12051.5164, True, 153
ESPPRC_heur, 0.1, 0.0, 0.0, 0.0, 0, 13094.5988, 12009.9638, True, 159
ESPPRC_heur, 0.1, 0.0, 0.0, 0.0, 0, 13094.5988, 11938.7811, True, 167
ESPPRC_heur, 0.1, 0.0, 0.0, 0.0, 0, 13094.5988, 12069.2371, True, 149
ESPPRC_heur, 0.1, 0.0, 0.0, 0.0, 0, 13094.5988, 12349.3181, True, 111
ESPPRC_heur, 0.1, 0.0, 0.0, 0.0, 0, 13089.7785, 11661.9988, True, 181
ESPPRC_heur, 0.1, 0.0, 0.0, 0.0, 0, 13089.7785, 12103.9613, True, 144
ESPPRC_heur, 0.1, 0.0, 0.0, 0.0, 0, 13089.7785, 11859.2346, True, 192
ESPPRC_heur, 0.1, 0.0, 0.0, 0.0, 0, 13089.7785, 11916.8709, True, 148
ESPPRC_heur, 0.1, 0.0, 0.0, 0.0, 0, 13088.1093, 12201.2785, True, 123
ESPPRC_heur, 0.1, 0.0, 0.0, 0.0, 0, 13088.0732, 12425.1901, True, 93
ESPPRC_heur, 0.1, 0.0, 0.0, 0.0, 0, 13087.3117, 11980.6895, True, 141
ESPPRC_heur, 0.1, 0.0, 0.0, 0.0, 0, 13087.3117, 12140.7572, True, 144
ESPPRC_heur, 0.1, 0.0, 0.0, 0.0, 0, 13086.8418, 12163.1464, True, 107
ESPPRC_heur, 0.1, 0.0, 0.0, 0.0, 0, 13086.8418, 12482.4402, True, 83
ESPPRC_heur, 0.1, 0.0, 0.0, 0.0, 0, 13086.5368, 12563.1768, True, 65
ESPPRC_heur, 0.1, 0.0, 0.0, 0.0, 0, 13082.8197, 11962.855, True, 154
ESPPRC_heur, 0.2, 0.0, 0.0, 0.0, 0, 13082.8197, 12064.311, True, 136
ESPPRC_heur, 0.1, 0.0, 0.0, 0.0, 0, 13082.3813, 12415.4895, True, 95
ESPPRC_heur, 0.1, 0.0, 0.0, 0.0, 0, 13080.9209, 12187.459, True, 129
ESPPRC_heur, 0.1, 0.0, 0.0, 0.0, 0, 13080.9209, 12130.1557, True, 116
ESPPRC_heur, 0.1, 0.0, 0.0, 0.0, 0, 13080.2771, 11965.4569, True, 167
ESPPRC_heur, 0.1, 0.0, 0.0, 0.0, 0, 13080.2771, 12026.2518, True, 151
ESPPRC_heur, 0.1, 0.0, 0.0, 0.0, 0, 13080.2771, 12060.9869, True, 138
ESPPRC_heur, 0.1, 0.0, 0.0, 0.0, 0, 13080.2771, 12086.1374, True, 110
ESPPRC_heur, 0.1, 0.0, 0.0, 0.0, 0, 13080.2771, 12101.9492, True, 133
ESPPRC_heur, 0.1, 0.0, 0.0, 0.0, 0, 13080.2771, 12303.1852, True, 118
ESPPRC_heur, 0.1, 0.0, 0.0, 0.0, 0, 13080.1743, 12464.9494, True, 75
ESPPRC_heur, 0.1, 0.0, 0.0, 0.0, 0, 13080.1202, 12409.5014, True, 98
ESPPRC_heur, 0.1, 0.0, 0.0, 0.0, 0, 13079.2423, 11544.1512, True, 227
ESPPRC_heur, 0.1, 0.0, 0.0, 0.0, 0, 13079.2423, 11955.822, True, 160
ESPPRC_heur, 0.1, 0.0, 0.0, 0.0, 0, 13079.2423, 12483.3731, True, 75
ESPPRC_heur, 0.1, 0.0, 0.0, 0.0, 0, 13079.2196, 12268.3625, True, 94
ESPPRC_heur, 0.1, 0.0, 0.0, 0.0, 0, 13078.3363, 12543.989, True, 55
ESPPRC_heur, 0.1, 0.0, 0.0, 0.0, 0, 13078.0842, 12115.6607, True, 136
ESPPRC_heur, 0.1, 0.0, 0.0, 0.0, 0, 13078.0842, 12390.8611, True, 75
ESPPRC_heur, 0.1, 0.0, 0.0, 0.0, 0, 13077.5365, 12345.5297, True, 72
ESPPRC_heur, 0.1, 0.0, 0.0, 0.0, 0, 13077.4945, 12614.0439, True, 60
ESPPRC_heur, 0.1, 0.0, 0.0, 0.0, 0, 13075.6844, 11865.7766, True, 141
ESPPRC_heur, 0.1, 0.0, 0.0, 0.0, 0, 13075.6844, 12475.4852, True, 86
ESPPRC_heur, 0.1, 0.0, 0.0, 0.0, 0, 13075.0206, 12103.5715, True, 81
ESPPRC_heur, 0.1, 0.0, 0.0, 0.0, 0, 13074.4408, 12549.6992, True, 74
ESPPRC_heur, 0.1, 0.0, 0.0, 0.0, 0, 13073.6273, 12591.5747, True, 68
ESPPRC_heur, 0.1, 0.0, 0.0, 0.0, 0, 13073.4136, 12671.2456, True, 47
ESPPRC_heur, 0.1, 0.0, 0.0, 0.0, 0, 13072.9058, 12178.0962, True, 131
ESPPRC_heur, 0.1, 0.0, 0.0, 0.0, 0, 13072.9058, 12343.9084, True, 117
ESPPRC_heur, 0.1, 0.0, 0.0, 0.0, 0, 13072.9058, 12496.6676, True, 66
ESPPRC_heur, 0.1, 0.0, 0.0, 0.0, 0, 13072.8707, 12418.5422, True, 98
ESPPRC_heur, 0.1, 0.0, 0.0, 0.0, 0, 13072.8707, 12315.7559, True, 98
ESPPRC_heur, 0.1, 0.0, 0.0, 0.0, 0, 13072.8707, 12213.4744, True, 119
ESPPRC_heur, 0.1, 0.0, 0.0, 0.0, 0, 13072.8707, 12458.955, True, 73
ESPPRC_heur, 0.1, 0.0, 0.0, 0.0, 0, 13072.8707, 12397.7137, True, 84
ESPPRC_heur, 0.1, 0.0, 0.0, 0.0, 0, 13072.8707, 12480.6382, True, 86
ESPPRC_heur, 0.1, 0.0, 0.0, 0.0, 0, 13072.4763, 12428.3833, True, 79
ESPPRC_heur, 0.1, 0.0, 0.0, 0.0, 0, 13072.2824, 12474.6359, True, 69
ESPPRC_heur, 0.1, 0.0, 0.0, 0.0, 0, 13072.2824, 12499.9879, True, 63
ESPPRC_heur, 0.1, 0.0, 0.0, 0.0, 0, 13072.2662, 12290.1537, True, 85
ESPPRC_heur, 0.1, 0.0, 0.0, 0.0, 0, 13072.2634, 12470.9483, True, 66
ESPPRC_heur, 0.1, 0.0, 0.0, 0.0, 0, 13069.4626, 12531.8361, True, 64
ESPPRC_heur, 0.1, 0.0, 0.0, 0.0, 0, 13068.632, 12502.7329, True, 79
ESPPRC_heur, 0.1, 0.0, 0.0, 0.0, 0, 13068.632, 12374.1931, True, 78
ESPPRC_heur, 0.1, 0.0, 0.0, 0.0, 0, 13066.8169, 12285.5007, True, 91
ESPPRC_heur, 0.1, 0.0, 0.0, 0.0, 0, 13066.8169, 12415.7743, True, 64
ESPPRC_heur, 0.1, 0.0, 0.0, 0.0, 0, 13066.7012, 12603.9458, True, 63
ESPPRC_heur, 0.1, 0.0, 0.0, 0.0, 0, 13063.635, 12463.7891, True, 93
ESPPRC_heur, 0.1, 0.0, 0.0, 0.0, 0, 13062.884, 12272.8733, True, 114
ESPPRC_heur, 0.1, 0.0, 0.0, 0.0, 0, 13062.6571, 12290.4947, True, 103
ESPPRC_heur, 0.1, 0.0, 0.0, 0.0, 0, 13062.6444, 12154.2226, True, 151
ESPPRC_heur, 0.1, 0.0, 0.0, 0.0, 0, 13062.6444, 12634.7512, True, 66
ESPPRC_heur, 0.1, 0.0, 0.0, 0.0, 0, 13062.4743, 12363.9748, True, 91
ESPPRC_heur, 0.1, 0.0, 0.0, 0.0, 0, 13061.9708, 12386.8168, True, 60
ESPPRC_heur, 0.1, 0.0, 0.0, 0.0, 0, 13061.6014, 12523.3125, True, 84
ESPPRC_heur, 0.1, 0.0, 0.0, 0.0, 0, 13061.6014, 12570.5736, True, 51
ESPPRC_heur, 0.1, 0.0, 0.0, 0.0, 0, 13060.3979, 12411.9726, True, 86
ESPPRC_heur, 0.1, 0.0, 0.0, 0.0, 0, 13060.3895, 12458.5382, True, 61
ESPPRC_heur, 0.1, 0.0, 0.0, 0.0, 0, 13060.1902, 12429.8819, True, 74
ESPPRC_heur, 0.1, 0.0, 0.0, 0.0, 0, 13059.11, 12153.1443, True, 102
ESPPRC_heur, 0.1, 0.0, 0.0, 0.0, 0, 13059.11, 12743.7441, True, 37
ESPPRC_heur, 0.1, 0.0, 0.0, 0.0, 0, 13058.3254, 12422.0106, True, 82
ESPPRC_heur, 0.1, 0.0, 0.0, 0.0, 0, 13058.3254, 12554.2522, True, 65
ESPPRC_heur, 0.1, 0.0, 0.0, 0.0, 0, 13057.9156, 12628.9464, True, 54
ESPPRC_heur, 0.1, 0.0, 0.0, 0.0, 0, 13055.9304, 12421.7029, True, 71
ESPPRC_heur, 0.1, 0.0, 0.0, 0.0, 0, 13055.8837, 12478.6756, True, 56
ESPPRC_heur, 0.1, 0.0, 0.0, 0.0, 0, 13055.7686, 12830.2093, True, 36
ESPPRC_heur, 0.1, 0.0, 0.0, 0.0, 0, 13054.539, 12357.9289, True, 81
ESPPRC_heur, 0.1, 0.0, 0.0, 0.0, 0, 13052.5992, 12533.0556, True, 74
ESPPRC_heur, 0.1, 0.0, 0.0, 0.0, 0, 13052.4841, 12447.5177, True, 77
ESPPRC_heur, 0.1, 0.0, 0.0, 0.0, 0, 13052.4841, 12723.7325, True, 58
ESPPRC_heur, 0.1, 0.0, 0.0, 0.0, 0, 13050.5566, 12630.1618, True, 46
ESPPRC_heur, 0.1, 0.0, 0.0, 0.0, 0, 13050.4467, 12294.4078, True, 91
ESPPRC_heur, 0.1, 0.0, 0.0, 0.0, 0, 13050.4439, 12599.3993, True, 64
ESPPRC_heur, 0.1, 0.0, 0.0, 0.0, 0, 13050.4439, 12581.7827, True, 53
ESPPRC_heur, 0.1, 0.0, 0.0, 0.0, 0, 13050.0137, 12555.2722, True, 65
ESPPRC_heur, 0.1, 0.0, 0.0, 0.0, 0, 13046.7568, 12275.6183, True, 104
ESPPRC_heur, 0.1, 0.0, 0.0, 0.0, 0, 13046.7568, 12447.8874, True, 80
ESPPRC_heur, 0.1, 0.0, 0.0, 0.0, 0, 13043.9511, 12325.4929, True, 111
ESPPRC_heur, 0.1, 0.0, 0.0, 0.0, 0, 13043.9511, 12390.5113, True, 79
ESPPRC_heur, 0.1, 0.0, 0.0, 0.0, 0, 13043.9511, 12517.7919, True, 59
ESPPRC_heur, 0.1, 0.0, 0.0, 0.0, 0, 13042.7634, 12292.9682, True, 102
ESPPRC_heur, 0.1, 0.0, 0.0, 0.0, 0, 13042.2528, 12345.9638, True, 84
ESPPRC_heur, 0.1, 0.0, 0.0, 0.0, 0, 13041.8646, 12417.0362, True, 92
ESPPRC_heur, 0.1, 0.0, 0.0, 0.0, 0, 13041.8646, 12384.72, True, 87
ESPPRC_heur, 0.1, 0.0, 0.0, 0.0, 0, 13041.8646, 12553.3822, True, 77
ESPPRC_heur, 0.1, 0.0, 0.0, 0.0, 0, 13041.8646, 12538.822, True, 65
ESPPRC_heur, 0.1, 0.0, 0.0, 0.0, 0, 13041.2545, 12388.274, True, 94
ESPPRC_heur, 0.1, 0.0, 0.0, 0.0, 0, 13041.2545, 12678.1516, True, 50
ESPPRC_heur, 0.1, 0.0, 0.0, 0.0, 0, 13039.6552, 12216.8302, True, 103
ESPPRC_heur, 0.1, 0.0, 0.0, 0.0, 0, 13039.3965, 12536.4291, True, 64
ESPPRC_heur, 0.1, 0.0, 0.0, 0.0, 0, 13039.3965, 12161.5786, True, 129
ESPPRC_heur, 0.1, 0.0, 0.0, 0.0, 0, 13039.3965, 12673.998, True, 61
ESPPRC_heur, 0.1, 0.0, 0.0, 0.0, 0, 13039.1545, 12244.6524, True, 101
ESPPRC_heur, 0.1, 0.0, 0.0, 0.0, 0, 13039.1545, 12702.3349, True, 58
ESPPRC_heur, 0.1, 0.0, 0.0, 0.0, 0, 13028.2466, 12152.3536, True, 116
ESPPRC_heur, 0.1, 0.0, 0.0, 0.0, 0, 13028.2466, 12337.4152, True, 95
ESPPRC_heur, 0.1, 0.0, 0.0, 0.0, 0, 13025.1779, 12490.6194, True, 72
ESPPRC_heur, 0.1, 0.0, 0.0, 0.0, 0, 13025.1779, 12530.8335, True, 61
ESPPRC_heur, 0.1, 0.0, 0.0, 0.0, 0, 13024.8244, 12481.4445, True, 62
ESPPRC_heur, 0.1, 0.0, 0.0, 0.0, 0, 13024.8244, 12600.5701, True, 58
ESPPRC_heur, 0.1, 0.0, 0.0, 0.0, 0, 13022.6912, 11859.7978, True, 140
ESPPRC_heur, 0.1, 0.0, 0.0, 0.0, 0, 13022.6912, 12001.4099, True, 112
ESPPRC_heur, 0.1, 0.0, 0.0, 0.0, 0, 13022.6912, 11947.2677, True, 134
ESPPRC_heur, 0.1, 0.0, 0.0, 0.0, 0, 13022.6912, 12393.9139, True, 69
ESPPRC_heur, 0.1, 0.0, 0.0, 0.0, 0, 13022.6912, 12511.8344, True, 71
ESPPRC_heur, 0.1, 0.0, 0.0, 0.0, 0, 13021.8606, 11705.5969, True, 171
ESPPRC_heur, 0.1, 0.0, 0.0, 0.0, 0, 13021.8606, 11900.5838, True, 149
ESPPRC_heur, 0.1, 0.0, 0.0, 0.0, 0, 13021.8606, 11873.4943, True, 151
ESPPRC_heur, 0.1, 0.0, 0.0, 0.0, 0, 13021.8606, 12571.2455, True, 67
ESPPRC_heur, 0.1, 0.0, 0.0, 0.0, 0, 13021.0699, 12257.6567, True, 110
ESPPRC_heur, 0.1, 0.0, 0.0, 0.0, 0, 13021.0699, 12421.825, True, 74
ESPPRC_heur, 0.1, 0.0, 0.0, 0.0, 0, 13019.9601, 11398.0058, True, 204
ESPPRC_heur, 0.1, 0.0, 0.0, 0.0, 0, 13019.9601, 11839.6876, True, 163
ESPPRC_heur, 0.1, 0.0, 0.0, 0.0, 0, 13019.9601, 11405.27, True, 179
ESPPRC_heur, 0.1, 0.0, 0.0, 0.0, 0, 13019.9601, 11978.6557, True, 126
ESPPRC_heur, 0.1, 0.0, 0.0, 0.0, 0, 13019.9601, 12425.3952, True, 75
ESPPRC_heur, 0.1, 0.0, 0.0, 0.0, 0, 13019.5014, 12097.6497, True, 125
ESPPRC_heur, 0.1, 0.0, 0.0, 0.0, 0, 13019.5014, 12528.2392, True, 67
ESPPRC_heur, 0.1, 0.0, 0.0, 0.0, 0, 13019.5014, 12663.2053, True, 61
ESPPRC_heur, 0.1, 0.0, 0.0, 0.0, 0, 13018.6719, 12427.8213, True, 67
ESPPRC_heur, 0.1, 0.0, 0.0, 0.0, 0, 13018.1001, 12567.7942, True, 70
ESPPRC_heur, 0.1, 0.0, 0.0, 0.0, 0, 13018.1001, 12480.5924, True, 66
ESPPRC_heur, 0.1, 0.0, 0.0, 0.0, 0, 13018.1001, 12564.7507, True, 67
ESPPRC_heur, 0.1, 0.0, 0.0, 0.0, 0, 13017.5888, 12076.3857, True, 130
ESPPRC_heur, 0.1, 0.0, 0.0, 0.0, 0, 13017.5888, 12319.6219, True, 76
ESPPRC_heur, 0.1, 0.0, 0.0, 0.0, 0, 13017.5888, 12089.7381, True, 88
ESPPRC_heur, 0.1, 0.0, 0.0, 0.0, 0, 13017.5888, 12471.8018, True, 66
ESPPRC_heur, 0.1, 0.0, 0.0, 0.0, 0, 13017.5888, 12406.09, True, 85
ESPPRC_heur, 0.1, 0.0, 0.0, 0.0, 0, 13017.5888, 12549.4204, True, 66
ESPPRC_heur, 0.1, 0.0, 0.0, 0.0, 0, 13017.075, 12291.3125, True, 84
ESPPRC_heur, 0.1, 0.0, 0.0, 0.0, 0, 13016.6287, 12286.1159, True, 93
ESPPRC_heur, 0.1, 0.0, 0.0, 0.0, 0, 13016.4309, 12607.5787, True, 77
ESPPRC_heur, 0.1, 0.0, 0.0, 0.0, 0, 13016.1279, 12359.6832, True, 91
ESPPRC_heur, 0.1, 0.0, 0.0, 0.0, 0, 13016.1279, 12750.7326, True, 44
ESPPRC_heur, 0.1, 0.0, 0.0, 0.0, 0, 13016.1279, 12825.1191, True, 42
ESPPRC_heur, 0.1, 0.0, 0.0, 0.0, 0, 13015.8663, 12567.9468, True, 76
ESPPRC_heur, 0.1, 0.0, 0.0, 0.0, 0, 13015.8663, 12667.7962, True, 52
ESPPRC_heur, 0.1, 0.0, 0.0, 0.0, 0, 13015.1527, 12638.0903, True, 48
ESPPRC_heur, 0.1, 0.0, 0.0, 0.0, 0, 13014.986, 12487.3879, True, 65
ESPPRC_heur, 0.1, 0.0, 0.0, 0.0, 0, 13014.986, 12478.6779, True, 69
ESPPRC_heur, 0.1, 0.0, 0.0, 0.0, 0, 13014.986, 12621.5656, True, 66
ESPPRC_heur, 0.1, 0.0, 0.0, 0.0, 0, 13014.9573, 12468.9917, True, 68
ESPPRC_heur, 0.1, 0.0, 0.0, 0.0, 0, 13014.9573, 12616.9481, True, 67
ESPPRC_heur, 0.1, 0.0, 0.0, 0.0, 0, 13014.9573, 12622.8712, True, 50
ESPPRC_heur, 0.1, 0.0, 0.0, 0.0, 0, 13014.9573, 12609.9497, True, 54
ESPPRC_heur, 0.1, 0.0, 0.0, 0.0, 0, 13014.7549, 12601.1897, True, 49
ESPPRC_heur, 0.1, 0.0, 0.0, 0.0, 0, 13014.678, 12681.5076, True, 48
ESPPRC_heur, 0.1, 0.0, 0.0, 0.0, 0, 13014.4789, 12646.2209, True, 67
ESPPRC_heur, 0.1, 0.0, 0.0, 0.0, 0, 13014.4789, 12596.4092, True, 55
ESPPRC_heur, 0.1, 0.0, 0.0, 0.0, 0, 13013.4846, 12481.3277, True, 72
ESPPRC_heur, 0.1, 0.0, 0.0, 0.0, 0, 13013.4846, 12624.4796, True, 67
ESPPRC_heur, 0.1, 0.0, 0.0, 0.0, 0, 13013.4846, 12773.597, True, 51
ESPPRC_heur, 0.1, 0.0, 0.0, 0.0, 0, 13013.4846, 12666.4739, True, 56
ESPPRC_heur, 0.1, 0.0, 0.0, 0.0, 0, 13013.4846, 12273.3607, True, 83
ESPPRC_heur, 0.1, 0.0, 0.0, 0.0, 0, 13013.4846, 12672.4126, True, 54
ESPPRC_heur, 0.1, 0.0, 0.0, 0.0, 0, 13013.4846, 12557.8771, True, 56
ESPPRC_heur, 0.1, 0.0, 0.0, 0.0, 0, 13013.4846, 12737.6473, True, 62
ESPPRC_heur, 0.1, 0.0, 0.0, 0.0, 0, 13013.4846, 12803.1125, True, 44
ESPPRC_heur, 0.1, 0.0, 0.0, 0.0, 0, 13013.303, 12517.2036, True, 64
ESPPRC_heur, 0.1, 0.0, 0.0, 0.0, 0, 13012.795, 12851.8877, True, 30
ESPPRC_heur, 0.1, 0.0, 0.0, 0.0, 0, 13012.5655, 12698.8817, True, 48
ESPPRC_heur, 0.0, 0.0, 0.0, 0.0, 0, 13012.5655, 12954.9979, True, 14
ESPPRC_heur, 0.1, 0.0, 0.0, 0.0, 0, 13012.3539, 12823.8399, True, 24
ESPPRC_heur, 0.1, 0.0, 0.0, 0.0, 0, 13011.9347, 12599.3442, True, 62
ESPPRC_heur, 0.1, 0.0, 0.0, 0.0, 0, 13011.9347, 12799.5452, True, 46
ESPPRC_heur, 0.1, 0.0, 0.0, 0.0, 0, 13011.6835, 12652.7164, True, 31
ESPPRC_heur, 0.1, 0.0, 0.0, 0.0, 0, 13011.6835, 12853.4556, True, 28
ESPPRC_heur, 0.1, 0.0, 0.0, 0.0, 0, 13011.6835, 12904.4639, True, 21
ESPPRC_heur, 0.1, 0.0, 0.0, 0.0, 0, 13011.5961, 12926.2728, True, 15
ESPPRC_heur, 0.1, 0.0, 0.0, 0.0, 0, 13011.5956, 12952.2334, True, 10
ESPPRC_heur, 0.1, 0.0, 0.0, 0.0, 0, 13011.5779, 12889.2519, True, 22
ESPPRC_heur, 0.0, 0.0, 0.0, 0.0, 0, 13011.5778, 12941.9063, True, 7
ESPPRC_heur, 0.0, 0.0, 0.0, 0.0, 0, 13011.5778, 12934.4752, True, 9
ESPPRC_heur, 0.0, 0.0, 0.0, 0.0, 0, 13011.5778, 12972.1192, True, 3
ESPPRC_heur, 0.0, 0.0, 0.0, 0.0, 0, 13011.5208, 12953.9781, True, 9
ESPPRC_heur, 0.1, 0.0, 0.0, 0.0, 0, 13011.4769, 12695.5257, True, 37
ESPPRC_heur, 0.1, 0.0, 0.0, 0.0, 0, 13009.5351, 12790.5481, True, 55
ESPPRC_heur, 0.1, 0.0, 0.0, 0.0, 0, 13008.9703, 12683.4523, True, 38
ESPPRC_heur, 0.1, 0.0, 0.0, 0.0, 0, 13008.9703, 12758.1858, True, 28
ESPPRC_heur, 0.1, 0.0, 0.0, 0.0, 0, 13008.4007, 12767.999, True, 41
ESPPRC_heur, 0.1, 0.0, 0.0, 0.0, 0, 13007.7829, 12580.7108, True, 68
ESPPRC_heur, 0.1, 0.0, 0.0, 0.0, 0, 13007.0646, 12740.9149, True, 54
ESPPRC_heur, 0.0, 0.0, 0.0, 0.0, 0, 13007.0371, 12969.3879, True, 7
ESPPRC_heur, 0.1, 0.0, 0.0, 0.0, 0, 13007.0065, 12742.7318, True, 31
ESPPRC_heur, 0.1, 0.0, 0.0, 0.0, 0, 13007.0065, 12931.286, True, 10
ESPPRC_heur, 0.1, 0.0, 0.0, 0.0, 0, 13006.9757, 12805.3855, True, 17
ESPPRC_heur, 0.0, 0.0, 0.0, 0.0, 0, 13006.9606, 12912.57, True, 7
ESPPRC_heur, 0.0, 0.0, 0.0, 0.0, 0, 13006.9606, 12988.5335, True, 3
ESPPRC_heur, 0.0, 0.0, 0.0, 0.0, 0, 13006.9606, 13002.3614, True, 2
ESPPRC_heur, 0.0, 0.0, 0.0, 0.0, 0, 13006.9576, 12909.145, True, 6
ESPPRC_heur, 0.1, 0.0, 0.0, 0.0, 0, 13006.9576, 12810.2547, True, 16
ESPPRC_heur, 0.1, 0.0, 0.0, 0.0, 0, 13006.9576, 12777.3206, True, 34
ESPPRC_heur, 0.1, 0.0, 0.0, 0.0, 0, 13006.9576, 12873.6716, True, 13
ESPPRC_heur, 0.1, 0.0, 0.0, 0.0, 0, 13006.923, 12802.4023, True, 18
ESPPRC_heur, 0.1, 0.0, 0.0, 0.0, 0, 13006.923, 12904.697, True, 20
ESPPRC_heur, 0.1, 0.0, 0.0, 0.0, 0, 13006.9221, 12841.6247, True, 21
ESPPRC_heur, 0.1, 0.0, 0.0, 0.0, 0, 13006.9221, 12892.8506, True, 15
ESPPRC_heur, 0.1, 0.0, 0.0, 0.0, 0, 13006.637, 12369.6386, True, 81
ESPPRC_heur, 0.1, 0.0, 0.0, 0.0, 0, 13006.637, 12374.5018, True, 75
ESPPRC_heur, 0.1, 0.0, 0.0, 0.0, 0, 13006.637, 12508.5637, True, 68
ESPPRC_heur, 0.1, 0.0, 0.0, 0.0, 0, 13006.637, 12459.3821, True, 69
ESPPRC_heur, 0.1, 0.0, 0.0, 0.0, 0, 13006.637, 12598.1014, True, 65
ESPPRC_heur, 0.1, 0.0, 0.0, 0.0, 0, 13006.637, 12344.9565, True, 75
ESPPRC_heur, 0.1, 0.0, 0.0, 0.0, 0, 13006.637, 12359.0402, True, 72
ESPPRC_heur, 0.1, 0.0, 0.0, 0.0, 0, 13006.637, 12579.9863, True, 63
ESPPRC_heur, 0.0, 0.0, 0.0, 0.0, 0, 13006.637, 12892.2405, True, 18
ESPPRC_heur, 0.1, 0.0, 0.0, 0.0, 0, 13006.4239, 11984.3108, True, 126
ESPPRC_heur, 0.1, 0.0, 0.0, 0.0, 0, 13006.4239, 12526.1254, True, 69
ESPPRC_heur, 0.1, 0.0, 0.0, 0.0, 0, 13006.4239, 12344.7083, True, 91
ESPPRC_heur, 0.1, 0.0, 0.0, 0.0, 0, 13006.4239, 12533.7736, True, 62
ESPPRC_heur, 0.1, 0.0, 0.0, 0.0, 0, 13006.4239, 12741.8993, True, 42
ESPPRC_heur, 0.1, 0.0, 0.0, 0.0, 0, 13006.4239, 12897.5, True, 13
ESPPRC_heur, 0.1, 0.0, 0.0, 0.0, 0, 13006.4239, 12771.7948, True, 39
ESPPRC_heur, 0.1, 0.0, 0.0, 0.0, 0, 13006.4206, 12837.7663, True, 33
ESPPRC_heur, 0.1, 0.0, 0.0, 0.0, 0, 13006.4206, 12833.5682, True, 26
ESPPRC_heur, 0.1, 0.0, 0.0, 0.0, 0, 13006.4164, 12514.343, True, 68
ESPPRC_heur, 0.1, 0.0, 0.0, 0.0, 0, 13006.4164, 12691.6993, True, 43
ESPPRC_heur, 0.1, 0.0, 0.0, 0.0, 0, 13006.4164, 12775.9073, True, 34
ESPPRC_heur, 0.1, 0.0, 0.0, 0.0, 0, 13006.4164, 12821.4474, True, 28
ESPPRC_heur, 0.1, 0.0, 0.0, 0.0, 0, 13006.4023, 12702.819, True, 55
ESPPRC_heur, 0.1, 0.0, 0.0, 0.0, 0, 13006.4023, 12738.2982, True, 54
ESPPRC_heur, 0.1, 0.0, 0.0, 0.0, 0, 13006.4023, 12808.1689, True, 31
ESPPRC_heur, 0.1, 0.0, 0.0, 0.0, 0, 13006.4023, 12767.7169, True, 42
ESPPRC_heur, 0.1, 0.0, 0.0, 0.0, 0, 13006.4023, 12819.4653, True, 39
ESPPRC_heur, 0.1, 0.0, 0.0, 0.0, 0, 13006.4014, 12729.4884, True, 35
ESPPRC_heur, 0.0, 0.0, 0.0, 0.0, 0, 13006.4014, 12869.8569, True, 22
ESPPRC_heur, 0.0, 0.0, 0.0, 0.0, 0, 13006.4014, 12894.2562, True, 9
ESPPRC_heur, 0.0, 0.0, 0.0, 0.0, 0, 13006.4014, 12902.0396, True, 11
ESPPRC_heur, 0.0, 0.0, 0.0, 0.0, 0, 13006.4014, 12936.0746, True, 6
ESPPRC_heur, 0.0, 0.0, 0.0, 0.0, 0, 13006.4014, 12937.788, True, 5
ESPPRC_heur, 0.0, 0.0, 0.0, 0.0, 0, 13006.4014, 12977.9798, True, 2
ESPPRC_heur, 0.0, 0.0, 0.0, 0.0, 0, 13006.4014, 12977.8743, True, 2
ESPPRC_heur, 0.0, 0.0, 0.0, 0.0, 0, 13006.4014, 12993.5433, True, 2
ESPPRC_heur, 0.0, 0.0, 0.0, 0.0, 0, 13006.4014, 12999.4141, True, 2
ESPPRC_heur, 0.0, 0.0, 0.0, 0.0, 0, 13006.4014, 13003.109, True, 1
ng8, 0.1, 2.1, 1.7, 0.2, 1, 13006.4014, 12545.1314, 0, 278
ESPPRC_heur, 0.1, 0.0, 0.0, 0.0, 0, 12994.9163, 12264.1762, True, 74
ESPPRC_heur, 0.1, 0.0, 0.0, 0.0, 0, 12994.8858, 12357.2362, True, 96
ESPPRC_heur, 0.1, 0.0, 0.0, 0.0, 0, 12994.8858, 12455.7295, True, 69
ESPPRC_heur, 0.1, 0.0, 0.0, 0.0, 0, 12994.8858, 12522.5457, True, 69
ESPPRC_heur, 0.1, 0.0, 0.0, 0.0, 0, 12994.739, 12458.3762, True, 71
ESPPRC_heur, 0.1, 0.0, 0.0, 0.0, 0, 12994.739, 12466.008, True, 69
ESPPRC_heur, 0.1, 0.0, 0.0, 0.0, 0, 12994.739, 12642.9799, True, 51
ESPPRC_heur, 0.1, 0.0, 0.0, 0.0, 0, 12994.5164, 12680.3129, True, 45
ESPPRC_heur, 0.1, 0.0, 0.0, 0.0, 0, 12993.8875, 12582.5714, True, 68
ESPPRC_heur, 0.1, 0.0, 0.0, 0.0, 0, 12993.8875, 12801.0179, True, 40
ESPPRC_heur, 0.1, 0.0, 0.0, 0.0, 0, 12993.8875, 12652.9046, True, 61
ESPPRC_heur, 0.1, 0.0, 0.0, 0.0, 0, 12993.4177, 12540.2664, True, 69
ESPPRC_heur, 0.1, 0.0, 0.0, 0.0, 0, 12993.4177, 12778.1732, True, 35
ESPPRC_heur, 0.1, 0.0, 0.0, 0.0, 0, 12992.8228, 12664.6906, True, 64
ESPPRC_heur, 0.1, 0.0, 0.0, 0.0, 0, 12992.8228, 12625.3101, True, 63
ESPPRC_heur, 0.1, 0.0, 0.0, 0.0, 0, 12992.1747, 12620.6753, True, 65
ESPPRC_heur, 0.1, 0.0, 0.0, 0.0, 0, 12990.8704, 12623.5099, True, 43
ESPPRC_heur, 0.1, 0.0, 0.0, 0.0, 0, 12990.8064, 12661.1728, True, 59
ESPPRC_heur, 0.1, 0.0, 0.0, 0.0, 0, 12990.7988, 12635.025, True, 34
ESPPRC_heur, 0.1, 0.0, 0.0, 0.0, 0, 12990.7054, 12481.3649, True, 62
ESPPRC_heur, 0.1, 0.0, 0.0, 0.0, 0, 12989.2651, 11830.5744, True, 153
ESPPRC_heur, 0.1, 0.0, 0.0, 0.0, 0, 12989.2651, 11884.2481, True, 125
ESPPRC_heur, 0.1, 0.0, 0.0, 0.0, 0, 12989.2651, 12299.2777, True, 78
ESPPRC_heur, 0.1, 0.0, 0.0, 0.0, 0, 12989.2651, 12158.8051, True, 97
ESPPRC_heur, 0.1, 0.0, 0.0, 0.0, 0, 12989.2651, 12637.2401, True, 35
ESPPRC_heur, 0.1, 0.0, 0.0, 0.0, 0, 12989.2637, 12676.4293, True, 37
ESPPRC_heur, 0.1, 0.0, 0.0, 0.0, 0, 12986.8748, 12751.3157, True, 40
ESPPRC_heur, 0.1, 0.0, 0.0, 0.0, 0, 12986.6467, 12729.9478, True, 36
ESPPRC_heur, 0.0, 0.0, 0.0, 0.0, 0, 12985.8264, 12853.1858, True, 13
ESPPRC_heur, 0.0, 0.0, 0.0, 0.0, 0, 12985.6488, 12936.1921, True, 9
ESPPRC_heur, 0.0, 0.0, 0.0, 0.0, 0, 12985.6255, 12978.4611, True, 1
ESPPRC_heur, 0.0, 0.0, 0.0, 0.0, 0, 12985.6007, 12971.4743, True, 2
ESPPRC_heur, 0.0, 0.0, 0.0, 0.0, 0, 12985.5635, 12978.0929, True, 1
ng8, 0.0, 1.3, 1.0, 0.1, 1, 12985.5635, 11604.2801, 0, 465
ESPPRC_heur, 0.1, 0.0, 0.0, 0.0, 0, 12985.5635, 12604.1195, True, 55
ESPPRC_heur, 0.1, 0.0, 0.0, 0.0, 0, 12985.5635, 12661.6944, True, 44
ESPPRC_heur, 0.0, 0.0, 0.0, 0.0, 0, 12985.5635, 12789.9773, True, 15
ESPPRC_heur, 0.1, 0.0, 0.0, 0.0, 0, 12985.5635, 12648.6618, True, 61
ESPPRC_heur, 0.1, 0.0, 0.0, 0.0, 0, 12984.7025, 12809.0473, True, 19
ESPPRC_heur, 0.1, 0.0, 0.0, 0.0, 0, 12984.1352, 12771.4034, True, 30
ESPPRC_heur, 0.1, 0.0, 0.0, 0.0, 0, 12983.7418, 12595.5409, True, 59
ESPPRC_heur, 0.1, 0.0, 0.0, 0.0, 0, 12971.9872, 12648.1044, True, 47
ESPPRC_heur, 0.1, 0.0, 0.0, 0.0, 0, 12970.7815, 12729.492, True, 38
ESPPRC_heur, 0.1, 0.0, 0.0, 0.0, 0, 12970.771, 12818.1691, True, 20
ESPPRC_heur, 0.1, 0.0, 0.0, 0.0, 0, 12970.771, 12580.1611, True, 53
ESPPRC_heur, 0.1, 0.0, 0.0, 0.0, 0, 12970.7187, 12499.0752, True, 67
ESPPRC_heur, 0.0, 0.0, 0.0, 0.0, 0, 12970.7187, 12939.2751, True, 10
ESPPRC_heur, 0.1, 0.0, 0.0, 0.0, 0, 12970.456, 12548.4277, True, 44
ESPPRC_heur, 0.1, 0.0, 0.0, 0.0, 0, 12970.456, 12522.3905, True, 44
ESPPRC_heur, 0.0, 0.0, 0.0, 0.0, 0, 12970.456, 12819.0896, True, 6
ESPPRC_heur, 0.1, 0.0, 0.0, 0.0, 0, 12970.456, 12733.2289, True, 12
ESPPRC_heur, 0.0, 0.0, 0.0, 0.0, 0, 12970.456, 12880.9162, True, 6
ESPPRC_heur, 0.1, 0.0, 0.0, 0.0, 0, 12970.2936, 12782.849, True, 16
ESPPRC_heur, 0.1, 0.0, 0.0, 0.0, 0, 12970.1281, 12845.7645, True, 14
ESPPRC_heur, 0.1, 0.0, 0.0, 0.0, 0, 12970.1166, 12777.2163, True, 22
ESPPRC_heur, 0.1, 0.0, 0.0, 0.0, 0, 12970.09, 12625.995, True, 29
ESPPRC_heur, 0.1, 0.0, 0.0, 0.0, 0, 12970.09, 12690.0211, True, 32
ESPPRC_heur, 0.1, 0.0, 0.0, 0.0, 0, 12970.0791, 12547.4055, True, 55
ESPPRC_heur, 0.1, 0.0, 0.0, 0.0, 0, 12970.0593, 12604.6196, True, 55
ESPPRC_heur, 0.1, 0.0, 0.0, 0.0, 0, 12970.0593, 12776.0988, True, 19
ESPPRC_heur, 0.1, 0.0, 0.0, 0.0, 0, 12970.0593, 12899.1704, True, 11
ESPPRC_heur, 0.1, 0.0, 0.0, 0.0, 0, 12969.9841, 12554.3505, True, 58
ESPPRC_heur, 0.0, 0.0, 0.0, 0.0, 0, 12969.9841, 12920.8462, True, 7
ESPPRC_heur, 0.0, 0.0, 0.0, 0.0, 0, 12969.9726, 12946.9506, True, 4
ESPPRC_heur, 0.0, 0.0, 0.0, 0.0, 0, 12969.9363, 12919.8444, True, 7
ESPPRC_heur, 0.0, 0.0, 0.0, 0.0, 0, 12969.7908, 12866.634, True, 10
ESPPRC_heur, 0.0, 0.0, 0.0, 0.0, 0, 12969.7896, 12947.2281, True, 3
ESPPRC_heur, 0.0, 0.0, 0.0, 0.0, 0, 12969.7119, 12926.8558, True, 1
ng8, 0.1, 2.1, 1.7, 0.2, 1, 12969.7119, 12448.6552, 0, 154
ESPPRC_heur, 0.1, 0.0, 0.0, 0.0, 0, 12968.3815, 12778.5311, True, 26
ESPPRC_heur, 0.1, 0.0, 0.0, 0.0, 0, 12968.3815, 12817.8244, True, 26
ESPPRC_heur, 0.1, 0.0, 0.0, 0.0, 0, 12968.3815, 12843.4299, True, 13
ESPPRC_heur, 0.1, 0.0, 0.0, 0.0, 0, 12967.8966, 12752.6336, True, 32
ESPPRC_heur, 0.1, 0.0, 0.0, 0.0, 0, 12967.8966, 12863.7624, True, 22
ESPPRC_heur, 0.1, 0.0, 0.0, 0.0, 0, 12967.8858, 12886.9188, True, 15
ESPPRC_heur, 0.1, 0.0, 0.0, 0.0, 0, 12967.8858, 12885.6965, True, 12
ESPPRC_heur, 0.1, 0.0, 0.0, 0.0, 0, 12967.8858, 12884.0238, True, 10
ESPPRC_heur, 0.1, 0.0, 0.0, 0.0, 0, 12967.8858, 12876.5271, True, 15
ESPPRC_heur, 0.1, 0.0, 0.0, 0.0, 0, 12967.8858, 12921.4571, True, 11
ESPPRC_heur, 0.0, 0.0, 0.0, 0.0, 0, 12967.4503, 12918.7379, True, 5
ESPPRC_heur, 0.0, 0.0, 0.0, 0.0, 0, 12967.2486, 12918.4825, True, 3
ESPPRC_heur, 0.0, 0.0, 0.0, 0.0, 0, 12967.2486, 12942.3566, True, 4
ESPPRC_heur, 0.0, 0.0, 0.0, 0.0, 0, 12967.0914, 12932.8271, True, 8
ESPPRC_heur, 0.0, 0.0, 0.0, 0.0, 0, 12967.0914, 12954.0708, True, 7
ESPPRC_heur, 0.0, 0.0, 0.0, 0.0, 0, 12967.0914, 12957.9247, True, 1
ESPPRC_heur, 0.0, 0.0, 0.0, 0.0, 0, 12967.0821, 12957.1671, True, 1
ESPPRC_heur, 0.0, 0.0, 0.0, 0.0, 0, 12967.0821, 12962.3314, True, 2
ng8, 0.2, 2.0, 1.6, 0.2, 1, 12967.0821, 12379.8832, 0, 218
ESPPRC_heur, 0.1, 0.0, 0.0, 0.0, 0, 12967.0821, 12590.2487, True, 29
ESPPRC_heur, 0.1, 0.0, 0.0, 0.0, 0, 12967.0821, 12772.8498, True, 14
ESPPRC_heur, 0.0, 0.0, 0.0, 0.0, 0, 12967.0821, 12797.685, True, 7
ESPPRC_heur, 0.1, 0.0, 0.0, 0.0, 0, 12967.0821, 12917.7735, True, 9
ESPPRC_heur, 0.0, 0.0, 0.0, 0.0, 0, 12967.0821, 12917.7735, True, 9
ESPPRC_heur, 0.0, 0.0, 0.0, 0.0, 0, 12967.0821, 12917.7735, True, 7
ESPPRC_heur, 0.1, 0.0, 0.0, 0.0, 0, 12967.0821, 12853.51, True, 10
ESPPRC_heur, 0.1, 0.0, 0.0, 0.0, 0, 12967.0821, 12843.0778, True, 11
ESPPRC_heur, 0.0, 0.0, 0.0, 0.0, 0, 12967.0821, 12871.8346, True, 9
ESPPRC_heur, 0.0, 0.0, 0.0, 0.0, 0, 12967.0304, 12920.0826, True, 8
ESPPRC_heur, 0.1, 0.0, 0.0, 0.0, 0, 12967.0304, 12864.5152, True, 10
ESPPRC_heur, 0.1, 0.0, 0.0, 0.0, 0, 12966.1782, 12878.1733, True, 22
ESPPRC_heur, 0.1, 0.0, 0.0, 0.0, 0, 12966.1782, 12819.6651, True, 18
ESPPRC_heur, 0.1, 0.0, 0.0, 0.0, 0, 12966.1562, 12788.147, True, 17
ESPPRC_heur, 0.0, 0.0, 0.0, 0.0, 0, 12966.151, 12948.6659, True, 7
ESPPRC_heur, 0.0, 0.0, 0.0, 0.0, 0, 12966.151, 12960.151, True, 1
ng8, 0.0, 2.1, 1.6, 0.2, 1, 12966.151, 12566.0972, 0, 156
ESPPRC_heur, 0.1, 0.0, 0.0, 0.0, 0, 12964.8701, 12406.4256, True, 67
ESPPRC_heur, 0.1, 0.0, 0.0, 0.0, 0, 12964.8701, 12784.597, True, 24
ESPPRC_heur, 0.1, 0.0, 0.0, 0.0, 0, 12964.5553, 12617.5547, True, 53
ESPPRC_heur, 0.0, 0.0, 0.0, 0.0, 0, 12964.5553, 12940.5553, True, 7
ESPPRC_heur, 0.0, 0.0, 0.0, 0.0, 0, 12963.5406, 12945.5406, True, 3
ng8, 0.1, 1.4, 1.1, 0.1, 1, 12963.5406, 12146.3556, 0, 241
ESPPRC_heur, 0.1, 0.0, 0.0, 0.0, 0, 12963.5406, 12612.0768, True, 64
ESPPRC_heur, 0.1, 0.0, 0.0, 0.0, 0, 12963.5406, 12795.9337, True, 25
ESPPRC_heur, 0.0, 0.0, 0.0, 0.0, 0, 12963.5406, 12871.4397, True, 9
ESPPRC_heur, 0.0, 0.0, 0.0, 0.0, 0, 12963.5406, 12875.8543, True, 15
ESPPRC_heur, 0.0, 0.0, 0.0, 0.0, 0, 12963.4732, 12942.5567, True, 7
ESPPRC_heur, 0.0, 0.0, 0.0, 0.0, 0, 12963.4732, 12858.7643, True, 5
ESPPRC_heur, 0.0, 0.0, 0.0, 0.0, 0, 12963.4732, 12879.1075, True, 8
ESPPRC_heur, 0.0, 0.0, 0.0, 0.0, 0, 12963.4732, 12956.0343, True, 3
ng8, 0.0, 1.6, 1.2, 0.1, 1, 12963.4732, 12452.8481, 0, 146
ESPPRC_heur, 0.0, 0.0, 0.0, 0.0, 0, 12963.4732, 12816.2028, True, 20
ESPPRC_heur, 0.0, 0.0, 0.0, 0.0, 0, 12963.4732, 12861.2894, True, 16
ESPPRC_heur, 0.0, 0.0, 0.0, 0.0, 0, 12963.4732, 12881.9014, True, 10
ESPPRC_heur, 0.0, 0.0, 0.0, 0.0, 0, 12963.4732, 12903.5659, True, 9
ESPPRC_heur, 0.0, 0.0, 0.0, 0.0, 0, 12963.0366, 12927.2564, True, 5
ESPPRC_heur, 0.0, 0.0, 0.0, 0.0, 0, 12963.0366, 12946.3975, True, 3
ESPPRC_heur, 0.0, 0.0, 0.0, 0.0, 0, 12963.0366, 12957.0366, True, 3
ESPPRC_heur, 0.0, 0.0, 0.0, 0.0, 0, 12963.0366, 12957.0366, True, 1
ng8, 0.0, 1.9, 1.5, 0.1, 1, 12962.9913, 12587.6379, 0, 154
ESPPRC_heur, 0.1, 0.0, 0.0, 0.0, 0, 12961.0424, 12684.1343, True, 31
ESPPRC_heur, 0.1, 0.0, 0.0, 0.0, 0, 12961.0424, 12743.1761, True, 28
ESPPRC_heur, 0.1, 0.0, 0.0, 0.0, 0, 12961.0095, 12650.0787, True, 52
ESPPRC_heur, 0.1, 0.0, 0.0, 0.0, 0, 12961.0095, 12668.6913, True, 57
ESPPRC_heur, 0.1, 0.0, 0.0, 0.0, 0, 12961.0095, 12767.2907, True, 22
ESPPRC_heur, 0.1, 0.0, 0.0, 0.0, 0, 12961.0095, 12558.1046, True, 33
ESPPRC_heur, 0.0, 0.0, 0.0, 0.0, 0, 12961.0095, 12819.1094, True, 19
ESPPRC_heur, 0.0, 0.0, 0.0, 0.0, 0, 12961.0095, 12942.0398, True, 6
ESPPRC_heur, 0.0, 0.0, 0.0, 0.0, 0, 12961.0095, 12949.4909, True, 5
ESPPRC_heur, 0.0, 0.0, 0.0, 0.0, 0, 12961.0095, 12959.8637, True, 2
ng8, 0.1, 1.7, 1.4, 0.1, 1, 12961.0095, 12556.343, 0, 154
ESPPRC_heur, 0.1, 0.0, 0.0, 0.0, 0, 12958.7398, 12579.0579, True, 55
ESPPRC_heur, 0.0, 0.0, 0.0, 0.0, 0, 12958.7398, 12847.6202, True, 17
ESPPRC_heur, 0.0, 0.0, 0.0, 0.0, 0, 12958.644, 12952.2112, True, 7
ESPPRC_heur, 0.0, 0.0, 0.0, 0.0, 0, 12958.644, 12955.1618, True, 4
ESPPRC_heur, 0.0, 0.0, 0.0, 0.0, 0, 12958.644, 12955.9481, True, 3
ESPPRC_heur, 0.0, 0.0, 0.0, 0.0, 0, 12958.644, 12956.1115, True, 3
ng8, 0.1, 1.6, 1.3, 0.1, 1, 12958.644, 12557.2196, 0, 161
ESPPRC_heur, 0.1, 0.0, 0.0, 0.0, 0, 12958.644, 12576.709, True, 69
ESPPRC_heur, 0.0, 0.0, 0.0, 0.0, 0, 12958.644, 12807.897, True, 18
ESPPRC_heur, 0.0, 0.0, 0.0, 0.0, 0, 12958.644, 12902.7612, True, 4
ESPPRC_heur, 0.0, 0.0, 0.0, 0.0, 0, 12958.644, 12915.1304, True, 4
ESPPRC_heur, 0.0, 0.0, 0.0, 0.0, 0, 12958.644, 12940.5232, True, 2
ng8, 0.1, 1.5, 1.2, 0.1, 1, 12958.644, 12366.282, 0, 169
ESPPRC_heur, 0.0, 0.0, 0.0, 0.0, 0, 12958.644, 12894.6888, True, 1
ng8, 0.1, 1.8, 1.4, 0.2, 1, 12958.644, 12594.5565, 0, 134
ESPPRC_heur, 0.1, 0.0, 0.0, 0.0, 0, 12957.6435, 12862.3815, True, 20
ESPPRC_heur, 0.0, 0.0, 0.0, 0.0, 0, 12957.4255, 12907.0514, True, 5
ESPPRC_heur, 0.0, 0.0, 0.0, 0.0, 0, 12957.4126, 12826.5388, True, 6
ESPPRC_heur, 0.0, 0.0, 0.0, 0.0, 0, 12957.4126, 12956.2747, True, 1
ESPPRC_heur, 0.0, 0.0, 0.0, 0.0, 0, 12957.4081, 12957.3152, True, 2
ESPPRC_heur, 0.0, 0.0, 0.0, 0.0, 0, 12957.4081, 12957.1691, True, 1
ESPPRC_heur, 0.0, 0.0, 0.0, 0.0, 0, 12957.408, 12956.9948, True, 1
ng8, 0.1, 2.0, 1.6, 0.2, 1, 12957.4078, 12586.1205, 0, 136
ESPPRC_heur, 0.1, 0.0, 0.0, 0.0, 0, 12955.0298, 12300.7888, True, 68
ESPPRC_heur, 0.1, 0.0, 0.0, 0.0, 0, 12955.0298, 12459.8693, True, 33
ESPPRC_heur, 0.1, 0.0, 0.0, 0.0, 0, 12955.0298, 12669.9392, True, 45
ESPPRC_heur, 0.0, 0.0, 0.0, 0.0, 0, 12955.0298, 12831.7433, True, 15
ESPPRC_heur, 0.0, 0.0, 0.0, 0.0, 0, 12954.9906, 12842.533, True, 19
ESPPRC_heur, 0.0, 0.0, 0.0, 0.0, 0, 12954.8486, 12860.4729, True, 13
ESPPRC_heur, 0.0, 0.0, 0.0, 0.0, 0, 12954.8486, 12916.1742, True, 6
ESPPRC_heur, 0.0, 0.0, 0.0, 0.0, 0, 12954.8486, 12885.3242, True, 8
ESPPRC_heur, 0.0, 0.0, 0.0, 0.0, 0, 12954.8468, 12927.9912, True, 2
ESPPRC_heur, 0.0, 0.0, 0.0, 0.0, 0, 12954.8468, 12927.9912, True, 4
ESPPRC_heur, 0.0, 0.0, 0.0, 0.0, 0, 12954.8241, 12932.8016, True, 4
ESPPRC_heur, 0.0, 0.0, 0.0, 0.0, 0, 12954.8241, 12924.6309, True, 4
ESPPRC_heur, 0.0, 0.0, 0.0, 0.0, 0, 12954.8241, 12926.7526, True, 5
ESPPRC_heur, 0.0, 0.0, 0.0, 0.0, 0, 12954.8241, 12936.9681, True, 3
ng8, 0.0, 1.8, 1.4, 0.1, 1, 12954.8241, 12351.203, 0, 196
ESPPRC_heur, 0.0, 0.0, 0.0, 0.0, 0, 12954.8241, 12880.7452, True, 4
ESPPRC_heur, 0.0, 0.0, 0.0, 0.0, 0, 12954.8241, 12907.5863, True, 2
ng8, 0.1, 1.8, 1.4, 0.1, 1, 12954.8241, 12608.1438, 0, 153
ESPPRC_heur, 0.0, 0.0, 0.0, 0.0, 0, 12954.8241, 12943.164, True, 1
ng8, 0.0, 1.9, 1.5, 0.2, 1, 12954.8241, 12659.0079, 0, 127
ESPPRC_heur, 0.1, 0.0, 0.0, 0.0, 0, 12950.9073, 12538.9855, True, 74
ESPPRC_heur, 0.1, 0.0, 0.0, 0.0, 0, 12950.9073, 12624.8837, True, 30
ESPPRC_heur, 0.1, 0.0, 0.0, 0.0, 0, 12950.8992, 12705.7721, True, 13
ESPPRC_heur, 0.1, 0.0, 0.0, 0.0, 0, 12950.8992, 12884.9796, True, 11
ESPPRC_heur, 0.0, 0.0, 0.0, 0.0, 0, 12950.8992, 12781.233, True, 6
ESPPRC_heur, 0.1, 0.0, 0.0, 0.0, 0, 12950.8992, 12856.5847, True, 11
ESPPRC_heur, 0.1, 0.0, 0.0, 0.0, 0, 12950.8992, 12888.9887, True, 11
ESPPRC_heur, 0.1, 0.0, 0.0, 0.0, 0, 12950.8904, 12908.2982, True, 11
ESPPRC_heur, 0.1, 0.0, 0.0, 0.0, 0, 12950.8534, 12911.2935, True, 14
ESPPRC_heur, 0.0, 0.0, 0.0, 0.0, 0, 12950.8534, 12937.4653, True, 2
ng8, 0.0, 2.0, 1.5, 0.2, 1, 12950.8534, 12415.7139, 0, 154
ESPPRC_heur, 0.0, 0.0, 0.0, 0.0, 0, 12950.8534, 12920.1365, True, 3
ESPPRC_heur, 0.0, 0.0, 0.0, 0.0, 0, 12950.8534, 12897.7633, True, 4
ESPPRC_heur, 0.0, 0.0, 0.0, 0.0, 0, 12950.8534, 12950.2155, True, 1
ng8, 0.0, 2.0, 1.5, 0.2, 1, 12950.8534, 12482.5075, 0, 166
ESPPRC_heur, 0.1, 0.0, 0.0, 0.0, 0, 12950.8534, 12758.6127, True, 25
ESPPRC_heur, 0.1, 0.0, 0.0, 0.0, 0, 12950.8534, 12818.5527, True, 16
ESPPRC_heur, 0.0, 0.0, 0.0, 0.0, 0, 12950.8534, 12834.8391, True, 8
ESPPRC_heur, 0.0, 0.0, 0.0, 0.0, 0, 12950.8534, 12910.2771, True, 4
ESPPRC_heur, 0.0, 0.0, 0.0, 0.0, 0, 12950.8534, 12922.1017, True, 2
ESPPRC_heur, 0.0, 0.0, 0.0, 0.0, 0, 12950.8534, 12889.8168, True, 6
ESPPRC_heur, 0.0, 0.0, 0.0, 0.0, 0, 12950.6703, 12914.6176, True, 7
ESPPRC_heur, 0.0, 0.0, 0.0, 0.0, 0, 12950.6563, 12940.5523, True, 1
ng8, 0.1, 2.3, 1.8, 0.2, 1, 12950.6563, 12622.5652, 0, 130
ESPPRC_heur, 0.1, 0.0, 0.0, 0.0, 0, 12949.6743, 12704.8599, True, 29
ESPPRC_heur, 0.0, 0.0, 0.0, 0.0, 0, 12949.0419, 12782.2815, True, 12
ESPPRC_heur, 0.0, 0.0, 0.0, 0.0, 0, 12949.0419, 12848.1129, True, 5
ESPPRC_heur, 0.0, 0.0, 0.0, 0.0, 0, 12949.0419, 12896.3321, True, 7
ESPPRC_heur, 0.0, 0.0, 0.0, 0.0, 0, 12948.835, 12906.835, True, 7
ESPPRC_heur, 0.1, 0.0, 0.0, 0.0, 0, 12948.0251, 12860.8287, True, 12
ESPPRC_heur, 0.0, 0.0, 0.0, 0.0, 0, 12948.0251, 12925.1569, True, 1
ESPPRC_heur, 0.0, 0.0, 0.0, 0.0, 0, 12948.0251, 12933.9295, True, 1
ESPPRC_heur, 0.0, 0.0, 0.0, 0.0, 0, 12948.0251, 12947.3467, True, 1
ng8, 0.0, 2.0, 1.5, 0.2, 1, 12948.0251, 12523.3275, 0, 136
ESPPRC_heur, 0.0, 0.0, 0.0, 0.0, 0, 12948.0251, 12876.557, True, 4
ESPPRC_heur, 0.0, 0.0, 0.0, 0.0, 0, 12948.0251, 12927.1762, True, 4
ESPPRC_heur, 0.0, 0.0, 0.0, 0.0, 0, 12948.0251, 12924.0251, True, 4
ng8, 0.1, 2.0, 1.6, 0.2, 1, 12948.0251, 12705.2366, 0, 111
ESPPRC_heur, 0.0, 0.0, 0.0, 0.0, 0, 12947.2871, 12944.631, True, 4
ESPPRC_heur, 0.0, 0.0, 0.0, 0.0, 0, 12947.2871, 12905.4645, True, 2
ESPPRC_heur, 0.0, 0.0, 0.0, 0.0, 0, 12947.2871, 12944.0089, True, 2
ng8, 0.1, 2.0, 1.6, 0.2, 1, 12947.2871, 12607.7336, 0, 133
ESPPRC_heur, 0.0, 0.0, 0.0, 0.0, 0, 12947.2871, 12941.9638, True, 3
ESPPRC_heur, 0.0, 0.0, 0.0, 0.0, 0, 12947.276, 12939.8801, True, 2
ng8, 0.0, 2.1, 1.6, 0.2, 1, 12947.276, 12658.4454, 0, 89
ng8, 0.1, 2.1, 1.7, 0.2, 1, 12947.0904, 12693.0074, 0, 89
ESPPRC_heur, 0.0, 0.0, 0.0, 0.0, 0, 12946.8998, 12941.9118, True, 1
ESPPRC_heur, 0.0, 0.0, 0.0, 0.0, 0, 12946.8998, 12928.1312, True, 1
ng8, 0.1, 2.2, 1.8, 0.2, 1, 12946.8998, 12767.2522, 0, 73
ESPPRC_heur, 0.1, 0.0, 0.0, 0.0, 0, 12942.1193, 12488.6586, True, 74
ESPPRC_heur, 0.1, 0.0, 0.0, 0.0, 0, 12942.1193, 12699.7909, True, 45
ESPPRC_heur, 0.1, 0.0, 0.0, 0.0, 0, 12941.973, 12592.8122, True, 48
ESPPRC_heur, 0.1, 0.0, 0.0, 0.0, 0, 12941.973, 12842.1228, True, 17
ESPPRC_heur, 0.1, 0.0, 0.0, 0.0, 0, 12941.9727, 12847.092, True, 18
ESPPRC_heur, 0.1, 0.0, 0.0, 0.0, 0, 12941.9727, 12878.5131, True, 13
ESPPRC_heur, 0.1, 0.0, 0.0, 0.0, 0, 12941.9727, 12857.7309, True, 11
ESPPRC_heur, 0.0, 0.0, 0.0, 0.0, 0, 12941.9727, 12921.7323, True, 3
ESPPRC_heur, 0.0, 0.0, 0.0, 0.0, 0, 12941.9727, 12927.3664, True, 3
ESPPRC_heur, 0.0, 0.0, 0.0, 0.0, 0, 12941.9727, 12938.5275, True, 2
ESPPRC_heur, 0.0, 0.0, 0.0, 0.0, 0, 12941.9727, 12939.8054, True, 2
ng8, 0.1, 1.8, 1.4, 0.2, 1, 12941.9727, 12612.3669, 0, 133
ESPPRC_heur, 0.0, 0.0, 0.0, 0.0, 0, 12941.9727, 12833.849, True, 9
ESPPRC_heur, 0.0, 0.0, 0.0, 0.0, 0, 12941.9727, 12880.0299, True, 8
ESPPRC_heur, 0.1, 0.0, 0.0, 0.0, 0, 12941.9727, 12778.066, True, 21
ESPPRC_heur, 0.1, 0.0, 0.0, 0.0, 0, 12941.9727, 12814.6935, True, 18
ESPPRC_heur, 0.1, 0.0, 0.0, 0.0, 0, 12941.9727, 12832.8982, True, 12
ESPPRC_heur, 0.0, 0.0, 0.0, 0.0, 0, 12941.9727, 12913.5455, True, 10
ESPPRC_heur, 0.0, 0.0, 0.0, 0.0, 0, 12941.9727, 12913.93, True, 4
ESPPRC_heur, 0.0, 0.0, 0.0, 0.0, 0, 12941.9727, 12929.5416, True, 1
ESPPRC_heur, 0.0, 0.0, 0.0, 0.0, 0, 12941.9727, 12909.8617, True, 3
ESPPRC_heur, 0.0, 0.0, 0.0, 0.0, 0, 12941.9727, 12933.9822, True, 3
ng8, 0.0, 2.1, 1.6, 0.2, 1, 12941.9727, 12716.898, 0, 107
ESPPRC_heur, 0.1, 0.0, 0.0, 0.0, 0, 12941.1935, 12684.5038, True, 37
ESPPRC_heur, 0.1, 0.0, 0.0, 0.0, 0, 12941.1795, 12689.1785, True, 35
ESPPRC_heur, 0.1, 0.0, 0.0, 0.0, 0, 12941.1795, 12676.2151, True, 32
ESPPRC_heur, 0.1, 0.0, 0.0, 0.0, 0, 12941.1795, 12786.7546, True, 16
ESPPRC_heur, 0.0, 0.0, 0.0, 0.0, 0, 12941.1716, 12924.151, True, 2
ng8, 0.0, 2.0, 1.5, 0.2, 1, 12941.1716, 12539.2881, 0, 144
ESPPRC_heur, 0.1, 0.0, 0.0, 0.0, 0, 12941.1716, 12772.5969, True, 14
ESPPRC_heur, 0.1, 0.0, 0.0, 0.0, 0, 12941.1716, 12763.5381, True, 21
ESPPRC_heur, 0.0, 0.0, 0.0, 0.0, 0, 12941.1716, 12929.9569, True, 3
ESPPRC_heur, 0.0, 0.0, 0.0, 0.0, 0, 12941.1716, 12931.3068, True, 3
ESPPRC_heur, 0.0, 0.0, 0.0, 0.0, 0, 12941.1716, 12933.1152, True, 2
ng8, 0.0, 2.2, 1.7, 0.2, 1, 12941.1716, 12716.3744, 0, 91
ESPPRC_heur, 0.0, 0.0, 0.0, 0.0, 0, 12941.076, 12922.7876, True, 5
ESPPRC_heur, 0.0, 0.0, 0.0, 0.0, 0, 12941.076, 12922.3122, True, 4
ESPPRC_heur, 0.0, 0.0, 0.0, 0.0, 0, 12941.076, 12918.0476, True, 6
ESPPRC_heur, 0.0, 0.0, 0.0, 0.0, 0, 12941.076, 12937.7081, True, 3
ESPPRC_heur, 0.0, 0.0, 0.0, 0.0, 0, 12941.076, 12940.557, True, 2
ng8, 0.0, 2.2, 1.7, 0.2, 1, 12941.076, 12750.5779, 0, 64
ESPPRC_heur, 0.0, 0.0, 0.0, 0.0, 0, 12941.0751, 12906.0717, True, 4
ESPPRC_heur, 0.0, 0.0, 0.0, 0.0, 0, 12941.0751, 12938.6394, True, 2
ESPPRC_heur, 0.0, 0.0, 0.0, 0.0, 0, 12941.0751, 12940.8526, True, 2
ng8, -0.0, 2.2, 1.7, 0.2, 1, 12941.0751, 12788.9913, 0, 52
ESPPRC_heur, 0.0, 0.0, 0.0, 0.0, 0, 12940.9328, 12927.9622, True, 2
ESPPRC_heur, 0.0, 0.0, 0.0, 0.0, 0, 12940.9328, 12933.3978, True, 3
ESPPRC_heur, 0.0, 0.0, 0.0, 0.0, 0, 12940.9328, 12940.5465, True, 2
ng8, -0.0, 2.2, 1.7, 0.2, 1, 12940.9328, 12815.0401, 0, 49
ESPPRC_heur, 0.0, 0.0, 0.0, 0.0, 0, 12940.2715, 12914.6133, True, 6
ESPPRC_heur, 0.0, 0.0, 0.0, 0.0, 0, 12940.2715, 12924.9004, True, 3
ng8, 0.0, 2.1, 1.6, 0.2, 1, 12940.2715, 12801.4231, 0, 52
ESPPRC_heur, 0.0, 0.0, 0.0, 0.0, 0, 12940.239, 12932.3187, True, 2
ESPPRC_heur, 0.0, 0.0, 0.0, 0.0, 0, 12940.239, 12936.918, True, 1
ng8, 0.0, 2.2, 1.7, 0.2, 1, 12940.239, 12848.512, 0, 43
ESPPRC_heur, 0.0, 0.0, 0.0, 0.0, 0, 12940.0182, 12924.2562, True, 1
ESPPRC_heur, 0.0, 0.0, 0.0, 0.0, 0, 12940.0182, 12935.3694, True, 2
ng8, 0.0, 2.2, 1.7, 0.2, 1, 12940.0182, 12830.6741, 0, 46
ESPPRC_heur, 0.0, 0.0, 0.0, 0.0, 0, 12939.9805, 12933.3037, True, 4
ESPPRC_heur, 0.0, 0.0, 0.0, 0.0, 0, 12939.9577, 12935.9577, True, 1
ESPPRC_heur, 0.0, 0.0, 0.0, 0.0, 0, 12939.9577, 12935.9577, True, 1
ESPPRC_heur, 0.0, 0.0, 0.0, 0.0, 0, 12939.9577, 12935.9577, True, 1
ESPPRC_heur, 0.0, 0.0, 0.0, 0.0, 0, 12939.9577, 12933.9577, True, 2
ng8, 0.0, 2.2, 1.8, 0.2, 1, 12939.9577, 12829.9502, 0, 38
ng8, 0.1, 2.1, 1.7, 0.2, 1, 12939.953, 12860.9939, 0, 32
ESPPRC_heur, 0.0, 0.0, 0.0, 0.0, 0, 12939.7811, 12929.8566, True, 2
ng8, 0.1, 2.2, 1.8, 0.2, 1, 12939.7811, 12903.6503, 0, 29
ng8, 0.1, 2.2, 1.8, 0.2, 1, 12939.6435, 12893.6344, 0, 35
ng8, 0.0, 2.2, 1.8, 0.2, 1, 12939.6385, 12918.8476, 0, 22
ng8, 0.1, 2.2, 1.8, 0.2, 1, 12939.6222, 12921.6222, 0, 16
ng8, 0.1, 2.2, 1.8, 0.2, 1, 12939.6222, 12921.6222, 0, 9
ng8, 0.0, 2.2, 1.8, 0.2, 1, 12939.6222, 12939.6222, 0, 0
scip_total_time, 1152.39111
Solval, number of paths, impact cutoff
12939.622172684192, 62, 0.0001
Elementary, 2-Cycle, Path Value, Path
True, True, 0.1957, (0, 34, 27, 11, 56, 1, 24, 37, 57, 77, 100, 59, 22, 4, 95, 60, 68, 69, 81, 53, 8, 78, 0)
True, True, 0.1016, (0, 99, 17, 103, 41, 85, 89, 51, 63, 104, 105, 101, 47, 5, 26, 117, 108, 66, 46, 75, 18, 9, 0)
True, True, 0.1633, (0, 50, 52, 38, 29, 32, 91, 21, 12, 2, 49, 42, 39, 78, 70, 55, 93, 16, 84, 94, 119, 61, 0)
True, True, 0.0049, (0, 10, 94, 84, 93, 55, 70, 39, 42, 109, 82, 64, 113, 76, 43, 2, 12, 21, 91, 32, 80, 88, 0)
True, True, 0.023, (0, 80, 49, 43, 76, 113, 98, 13, 103, 17, 18, 44, 9, 15, 83, 58, 14, 23, 118, 30, 25, 31, 0)
True, True, 0.0168, (0, 52, 38, 29, 91, 21, 12, 2, 43, 76, 113, 64, 82, 109, 42, 39, 70, 55, 93, 16, 94, 10, 0)
True, True, 0.0131, (0, 88, 80, 49, 43, 76, 113, 64, 98, 13, 99, 9, 15, 83, 58, 14, 23, 118, 30, 67, 25, 31, 0)
True, True, 0.1404, (0, 102, 111, 34, 27, 11, 56, 1, 24, 37, 59, 22, 4, 95, 60, 68, 69, 81, 53, 90, 114, 3, 0)
True, True, 0.0396, (0, 102, 111, 34, 27, 11, 56, 1, 24, 37, 59, 22, 4, 95, 60, 68, 69, 81, 53, 90, 114, 45, 0)
False, True, 0.1628, (0, 20, 116, 61, 119, 94, 10, 88, 52, 38, 31, 73, 25, 29, 80, 16, 84, 94, 119, 10, 88, 50, 0)
False, True, 0.1179, (0, 20, 54, 72, 87, 62, 40, 6, 92, 35, 56, 11, 27, 34, 111, 102, 72, 87, 62, 54, 107, 116, 0)
False, True, 0.0625, (0, 20, 116, 61, 119, 94, 10, 88, 38, 31, 73, 25, 29, 80, 16, 84, 94, 119, 61, 10, 88, 50, 0)
True, True, 0.3049, (0, 9, 44, 18, 75, 46, 66, 108, 117, 26, 5, 47, 101, 105, 104, 63, 51, 89, 85, 41, 13, 98, 0)
True, True, 0.0779, (0, 20, 107, 96, 71, 112, 45, 78, 39, 42, 109, 82, 64, 113, 76, 43, 2, 49, 93, 84, 119, 61, 0)
True, True, 0.0159, (0, 80, 49, 43, 76, 113, 64, 98, 13, 99, 9, 15, 83, 58, 14, 23, 79, 118, 30, 67, 25, 31, 0)
True, True, 0.0154, (0, 20, 107, 96, 71, 112, 45, 3, 8, 109, 82, 64, 113, 76, 43, 2, 12, 21, 91, 29, 38, 52, 0)
True, True, 0.0931, (0, 116, 107, 96, 71, 112, 45, 78, 39, 42, 109, 82, 64, 113, 76, 43, 2, 49, 93, 16, 94, 10, 0)
True, True, 0.1514, (0, 61, 84, 93, 55, 70, 39, 42, 109, 82, 64, 113, 76, 43, 2, 12, 21, 91, 32, 29, 38, 52, 0)
True, True, 0.0063, (0, 10, 94, 16, 93, 55, 70, 39, 42, 109, 82, 64, 113, 76, 43, 2, 12, 21, 91, 32, 80, 88, 0)
True, True, 0.0923, (0, 33, 36, 115, 48, 86, 65, 74, 110, 106, 7, 97, 46, 66, 108, 75, 18, 44, 9, 99, 12, 80, 0)
True, True, 0.0322, (0, 116, 107, 96, 71, 112, 45, 78, 39, 42, 109, 82, 64, 113, 76, 43, 2, 12, 32, 29, 38, 52, 0)
True, True, 0.1016, (0, 33, 36, 115, 48, 86, 65, 74, 110, 106, 7, 97, 46, 66, 108, 75, 17, 103, 13, 98, 64, 49, 0)
True, True, 0.0528, (0, 40, 6, 92, 35, 1, 24, 37, 57, 77, 100, 59, 22, 4, 95, 60, 68, 69, 81, 53, 8, 78, 0)
True, True, 0.16, (0, 40, 6, 92, 35, 1, 24, 37, 57, 77, 100, 59, 22, 4, 95, 60, 68, 69, 81, 53, 90, 112, 0)
True, True, 0.1435, (0, 40, 6, 92, 35, 1, 24, 37, 57, 77, 100, 59, 22, 4, 95, 60, 68, 69, 81, 53, 90, 114, 0)
True, True, 0.3158, (0, 116, 107, 96, 71, 112, 45, 3, 8, 109, 82, 64, 113, 76, 43, 2, 12, 21, 91, 32, 80, 88, 0)
True, True, 0.0486, (0, 10, 16, 93, 55, 70, 39, 42, 109, 82, 64, 113, 76, 43, 2, 12, 21, 91, 32, 29, 38, 52, 0)
True, True, 0.1506, (0, 54, 87, 72, 102, 111, 34, 27, 11, 56, 1, 24, 37, 57, 100, 77, 90, 114, 8, 78, 70, 55, 0)
True, True, 0.1174, (0, 54, 40, 6, 92, 35, 57, 77, 100, 59, 22, 4, 95, 60, 68, 69, 81, 53, 90, 114, 3, 45, 0)
True, True, 0.1311, (0, 54, 62, 40, 6, 92, 35, 57, 77, 100, 59, 22, 4, 95, 60, 68, 69, 81, 53, 90, 114, 3, 0)
False, True, 0.0348, (0, 50, 52, 38, 80, 16, 93, 55, 70, 78, 8, 114, 3, 45, 70, 55, 93, 16, 80, 38, 52, 50, 0)
True, True, 0.0119, (0, 20, 107, 96, 71, 112, 45, 3, 8, 78, 39, 42, 49, 2, 12, 21, 91, 32, 29, 38, 52, 50, 0)
False, True, 0.0979, (0, 20, 107, 96, 71, 112, 62, 87, 72, 102, 111, 40, 90, 114, 8, 3, 45, 112, 71, 96, 107, 116, 0)
False, True, 0.0489, (0, 102, 111, 34, 27, 11, 56, 1, 24, 37, 100, 77, 57, 37, 24, 1, 56, 11, 27, 34, 111, 102, 0)
False, True, 0.0979, (0, 20, 54, 62, 87, 72, 102, 111, 34, 27, 11, 56, 35, 92, 6, 111, 102, 72, 87, 62, 54, 20, 0)
True, True, 0.2495, (0, 29, 79, 23, 14, 58, 83, 28, 19, 97, 7, 106, 110, 74, 65, 86, 48, 115, 36, 33, 67, 73, 0)
False, True, 0.042, (0, 20, 54, 72, 87, 62, 40, 6, 92, 35, 56, 11, 27, 34, 111, 102, 72, 87, 62, 71, 96, 107, 0)
False, True, 0.187, (0, 50, 52, 38, 31, 73, 25, 67, 30, 118, 79, 21, 91, 32, 80, 16, 84, 94, 119, 10, 88, 50, 0)
True, True, 0.0529, (0, 31, 73, 67, 30, 118, 23, 14, 58, 83, 15, 9, 99, 13, 98, 64, 113, 76, 43, 49, 93, 10, 0)
True, True, 0.0431, (0, 61, 119, 84, 16, 93, 55, 70, 78, 39, 42, 49, 2, 12, 79, 118, 30, 67, 73, 31, 52, 50, 0)
False, True, 0.0149, (0, 61, 119, 84, 16, 93, 55, 70, 78, 8, 114, 3, 45, 70, 55, 93, 16, 84, 94, 10, 88, 50, 0)
True, True, 0.1443, (0, 31, 73, 67, 30, 118, 23, 14, 58, 83, 15, 9, 99, 13, 98, 82, 109, 42, 39, 70, 55, 61, 0)
True, True, 0.0102, (0, 45, 3, 114, 90, 53, 81, 69, 68, 60, 95, 4, 22, 59, 37, 24, 1, 35, 92, 6, 40, 62, 0)
False, True, 0.1179, (0, 116, 96, 71, 62, 87, 72, 102, 111, 34, 27, 11, 56, 35, 92, 6, 40, 62, 87, 72, 54, 20, 0)
True, True, 0.0194, (0, 20, 107, 96, 71, 112, 45, 78, 39, 42, 49, 2, 12, 79, 118, 30, 67, 25, 73, 31, 52, 50, 0)
False, True, 0.3672, (0, 99, 17, 103, 41, 85, 89, 51, 63, 104, 105, 101, 47, 5, 26, 117, 103, 17, 18, 44, 15, 79, 0)
True, True, 0.0787, (0, 20, 107, 96, 71, 112, 45, 3, 114, 8, 78, 39, 42, 49, 12, 21, 91, 32, 29, 38, 52, 50, 0)
False, True, 0.0316, (0, 61, 119, 94, 84, 16, 93, 55, 70, 78, 8, 114, 3, 45, 70, 55, 93, 16, 84, 94, 119, 61, 0)
True, True, 0.0076, (0, 31, 73, 67, 30, 118, 79, 23, 14, 58, 83, 15, 9, 99, 13, 98, 113, 76, 43, 49, 80, 88, 0)
False, True, 0.0541, (0, 61, 84, 93, 55, 70, 39, 42, 109, 82, 64, 113, 76, 43, 49, 42, 39, 70, 55, 93, 16, 10, 0)
True, True, 0.007, (0, 33, 36, 115, 48, 86, 65, 74, 110, 106, 7, 97, 46, 66, 108, 75, 19, 28, 83, 15, 79, 29, 0)
False, True, 0.0937, (0, 25, 118, 23, 14, 58, 83, 28, 19, 97, 7, 106, 110, 74, 65, 86, 48, 115, 36, 33, 30, 25, 0)
True, True, 0.1581, (0, 25, 118, 23, 14, 58, 83, 28, 19, 97, 7, 106, 110, 74, 65, 86, 48, 115, 36, 33, 30, 31, 0)
True, True, 0.1016, (0, 33, 36, 115, 48, 86, 65, 74, 110, 106, 7, 97, 46, 66, 108, 75, 19, 28, 44, 9, 99, 49, 0)
True, True, 0.1316, (0, 67, 33, 36, 115, 48, 86, 65, 74, 110, 106, 7, 97, 19, 28, 83, 58, 14, 23, 118, 30, 25, 0)
True, True, 0.0323, (0, 79, 15, 83, 28, 19, 75, 108, 66, 46, 97, 7, 106, 110, 74, 65, 86, 48, 115, 36, 33, 67, 0)
True, True, 0.071, (0, 31, 73, 67, 30, 118, 79, 23, 14, 58, 83, 15, 9, 99, 13, 98, 113, 76, 43, 49, 93, 10, 0)
True, True, 0.0393, (0, 15, 44, 18, 75, 46, 66, 108, 117, 26, 5, 47, 101, 105, 104, 63, 51, 89, 85, 41, 13, 98, 0)
True, True, 0.0093, (0, 54, 62, 40, 6, 92, 35, 1, 24, 37, 59, 22, 4, 95, 60, 68, 69, 81, 53, 90, 114, 45, 0)
True, True, 0.0393, (0, 31, 25, 30, 118, 23, 14, 58, 15, 9, 44, 28, 19, 18, 17, 103, 13, 98, 82, 109, 49, 80, 0)
True, True, 0.187, (0, 15, 28, 19, 75, 46, 66, 108, 117, 26, 5, 47, 101, 105, 104, 63, 51, 89, 85, 41, 13, 98, 0)
True, True, 0.0323, (0, 49, 99, 9, 44, 18, 75, 108, 66, 46, 97, 7, 106, 110, 74, 65, 86, 48, 115, 36, 33, 67, 0)
all_elementary, False
all_cyc2, True
