Instance, X-n172-k51
capacity, 161
min_trucks, 53
output_file, output_uchoa_repeat_small/X-n172-k51-SPPRC.log
Start date, 2022-07-06
Start time, 19-22-30
capacity, 161
num_vehicles, 53
abort_early, False
methods, ['SPPRC']
max_vars, 100
time_limit, 86400
farley, False
ESPPRC_heur, True
initial time, initial max_it, max_stale_it
1, 20000.0, 20
heuristic Number of routes, heuristic Best Solution Value, heuristic number of iterations, adjusted time, adjusted max_it, measured total time
21648, 45607.0, 18973, 1, 20000.0, 19076.8
method, python time, total time, propagated dominance time, unpropagated dominance time, pricing_success, upper_bound, lower_bound, abort_early, num_paths, 
SPPRC, 0.0, 0.1, 0.0, 0.0, 1, 45312.6779, 5533.9442, 0, 1042
SPPRC, 0.1, 0.1, 0.0, 0.0, 1, 45258.7546, 27698.3757, 0, 679
SPPRC, 0.0, 0.1, 0.0, 0.0, 1, 45224.8013, 34440.8425, 0, 458
SPPRC, 0.0, 0.1, 0.0, 0.0, 1, 44929.1644, 32903.0764, 0, 390
SPPRC, 0.0, 0.1, 0.0, 0.0, 1, 44886.1809, 39268.1809, 0, 255
SPPRC, 0.0, 0.1, 0.0, 0.0, 1, 44720.9901, 40146.6364, 0, 195
SPPRC, 0.0, 0.1, 0.0, 0.0, 1, 44648.8926, 40560.3212, 0, 129
SPPRC, 0.0, 0.1, 0.0, 0.0, 1, 44626.4853, 42653.1336, 0, 77
SPPRC, 0.0, 0.1, 0.0, 0.0, 1, 44616.1779, 43893.3281, 0, 32
SPPRC, 0.0, 0.1, 0.0, 0.0, 1, 44613.3228, 44150.1753, 0, 17
SPPRC, 0.0, 0.1, 0.0, 0.0, 1, 44611.3741, 44303.3938, 0, 10
SPPRC, 0.0, 0.1, 0.0, 0.0, 1, 44610.143, 44610.143, 0, 0
scip_total_time, 19081.041833
Solval, number of paths, impact cutoff
44610.14303803383, 148, 0.0001
Elementary, 2-Cycle, Path Value, Path
True, True, 0.7055, (0, 124, 0)
True, True, 0.5199, (0, 74, 59, 151, 0)
True, True, 0.5, (0, 115, 40, 0)
True, True, 0.6716, (0, 109, 2, 0)
True, True, 0.3233, (0, 75, 52, 0)
True, True, 1.0, (0, 118, 117, 0)
True, True, 1.0, (0, 148, 71, 0)
True, True, 0.5, (0, 58, 97, 0)
True, True, 0.5, (0, 150, 143, 0)
True, True, 1.0, (0, 47, 157, 0)
True, True, 1.0, (0, 36, 125, 0)
True, True, 1.0, (0, 162, 27, 0)
True, True, 1.0, (0, 163, 50, 0)
True, True, 1.0, (0, 100, 153, 0)
True, True, 1.0, (0, 46, 160, 0)
True, True, 0.7824, (0, 121, 127, 122, 112, 0)
True, True, 1.0, (0, 25, 28, 0)
True, True, 1.0, (0, 165, 168, 0)
True, True, 0.5, (0, 159, 116, 0)
True, True, 0.5, (0, 35, 167, 0)
True, True, 1.0, (0, 83, 21, 0)
True, True, 1.0, (0, 26, 139, 0)
True, True, 0.875, (0, 76, 55, 0)
True, True, 1.0, (0, 166, 3, 0)
True, True, 0.75, (0, 57, 20, 14, 0)
True, True, 1.0, (0, 134, 156, 86, 0)
True, True, 1.0, (0, 147, 101, 80, 0)
True, True, 0.3233, (0, 24, 38, 0)
True, True, 0.3284, (0, 109, 74, 0)
True, True, 0.5, (0, 49, 115, 0)
True, True, 0.125, (0, 145, 146, 53, 11, 68, 0)
True, True, 0.5, (0, 90, 95, 0)
True, True, 0.5, (0, 150, 137, 0)
True, True, 0.5, (0, 90, 113, 0)
True, True, 1.0, (0, 85, 12, 0)
True, True, 1.0, (0, 41, 84, 0)
True, True, 0.5, (0, 159, 146, 0)
True, True, 0.6767, (0, 52, 24, 0)
True, True, 0.5, (0, 129, 35, 0)
True, True, 0.5, (0, 116, 138, 13, 0)
True, True, 0.5, (0, 97, 75, 0)
True, True, 0.0397, (0, 79, 66, 38, 0)
True, True, 0.5, (0, 143, 130, 0)
True, True, 0.625, (0, 171, 11, 53, 88, 141, 0)
True, True, 0.1767, (0, 2, 75, 0)
True, True, 0.5, (0, 102, 145, 0)
True, True, 0.5, (0, 49, 40, 6, 0)
True, True, 0.125, (0, 48, 88, 102, 0)
True, True, 0.2812, (0, 138, 60, 13, 48, 0)
True, True, 0.5, (0, 167, 129, 0)
True, True, 0.5, (0, 95, 113, 0)
True, True, 0.1562, (0, 88, 141, 48, 67, 0)
True, True, 0.125, (0, 55, 57, 154, 0)
True, True, 0.5199, (0, 73, 30, 38, 0)
True, True, 0.1172, (0, 63, 73, 38, 0)
True, True, 0.1517, (0, 2, 74, 0)
True, True, 0.2945, (0, 136, 124, 0)
True, True, 0.0625, (0, 13, 60, 141, 0)
True, True, 0.5, (0, 58, 126, 0)
True, True, 0.2929, (0, 31, 64, 8, 81, 78, 19, 0)
True, True, 0.0625, (0, 141, 138, 48, 67, 0)
True, True, 1.0, (0, 111, 34, 0)
True, True, 0.125, (0, 76, 57, 0)
True, True, 0.25, (0, 152, 131, 70, 114, 11, 0)
True, True, 0.375, (0, 48, 102, 145, 0)
True, True, 0.011, (0, 78, 81, 8, 64, 56, 44, 0)
True, True, 0.1562, (0, 138, 60, 53, 13, 0)
True, True, 0.0938, (0, 141, 88, 53, 68, 171, 0)
True, True, 0.5399, (0, 44, 79, 56, 31, 39, 82, 128, 0)
False, False, 0.1413, (0, 128, 5, 9, 29, 9, 29, 9, 29, 9, 29, 9, 29, 9, 5, 0)
False, False, 0.2079, (0, 151, 43, 15, 43, 6, 0)
False, False, 0.3347, (0, 51, 132, 161, 132, 51, 0)
False, False, 0.5, (0, 33, 4, 33, 0)
False, False, 0.3219, (0, 1, 140, 1, 140, 1, 0)
False, False, 0.3724, (0, 63, 72, 45, 72, 45, 0)
False, False, 0.1653, (0, 18, 132, 161, 132, 22, 0)
False, False, 0.1881, (0, 151, 15, 43, 15, 43, 0)
False, False, 0.5, (0, 133, 126, 133, 0)
False, False, 0.5, (0, 69, 60, 69, 0)
False, False, 0.0634, (0, 19, 140, 19, 140, 19, 140, 19, 140, 19, 0)
False, False, 0.375, (0, 120, 146, 120, 0)
False, False, 0.25, (0, 144, 120, 144, 0)
False, False, 0.0093, (0, 154, 135, 154, 135, 154, 135, 0)
False, False, 0.4801, (0, 59, 66, 30, 66, 0)
False, False, 0.0725, (0, 161, 152, 161, 18, 51, 0)
False, False, 0.5, (0, 123, 144, 123, 0)
False, False, 0.1, (0, 114, 149, 155, 149, 155, 149, 0)
False, False, 0.4475, (0, 170, 42, 104, 42, 77, 0)
False, False, 0.1, (0, 87, 103, 155, 149, 155, 114, 0)
False, True, 0.25, (0, 54, 14, 4, 54, 0)
False, False, 0.187, (0, 108, 119, 108, 119, 37, 119, 0)
False, False, 0.0574, (0, 56, 64, 8, 64, 56, 0)
False, False, 0.3, (0, 103, 155, 149, 155, 149, 0)
False, False, 0.1152, (0, 119, 108, 119, 108, 119, 108, 7, 0)
False, False, 0.22, (0, 81, 64, 8, 64, 0)
False, False, 0.1413, (0, 128, 5, 29, 8, 64, 8, 0)
False, False, 0.0841, (0, 151, 6, 15, 43, 15, 6, 0)
False, False, 0.1088, (0, 32, 91, 122, 7, 122, 0)
False, False, 0.3527, (0, 136, 169, 136, 0)
False, False, 0.3236, (0, 169, 77, 169, 0)
False, False, 0.0287, (0, 73, 44, 79, 44, 79, 44, 79, 44, 0)
False, False, 0.5, (0, 65, 137, 65, 0)
False, False, 0.0144, (0, 105, 164, 93, 98, 89, 98, 93, 164, 0)
False, True, 0.25, (0, 54, 20, 4, 54, 0)
False, False, 0.132, (0, 131, 87, 103, 87, 103, 87, 62, 0)
False, False, 0.1381, (0, 110, 114, 110, 92, 110, 62, 0)
False, False, 0.0891, (0, 91, 127, 105, 127, 121, 0)
False, False, 0.2812, (0, 67, 171, 68, 61, 18, 61, 22, 68, 67, 0)
False, False, 0.1806, (0, 154, 17, 154, 135, 17, 135, 17, 154, 0)
False, True, 0.2552, (0, 63, 72, 45, 63, 0)
False, False, 0.0928, (0, 107, 94, 98, 96, 98, 93, 158, 0)
False, False, 0.1528, (0, 154, 135, 17, 135, 17, 135, 17, 135, 154, 0)
False, False, 0.0685, (0, 170, 104, 170, 104, 170, 104, 170, 104, 170, 0)
True, True, 0.12, (0, 39, 81, 8, 29, 9, 5, 0)
False, False, 0.0449, (0, 82, 5, 10, 23, 10, 5, 10, 5, 82, 0)
False, False, 0.0086, (0, 22, 152, 62, 131, 62, 152, 22, 0)
False, False, 0.3054, (0, 22, 152, 131, 152, 161, 0)
False, False, 0.0394, (0, 51, 121, 127, 121, 0)
False, False, 0.1051, (0, 77, 42, 104, 170, 104, 170, 0)
False, False, 0.1672, (0, 73, 44, 79, 56, 31, 56, 79, 44, 73, 0)
False, False, 0.1238, (0, 77, 15, 43, 15, 6, 0)
False, False, 0.2188, (0, 51, 18, 61, 18, 61, 68, 67, 0)
False, False, 0.0312, (0, 105, 119, 37, 119, 37, 119, 105, 0)
False, False, 0.3044, (0, 106, 16, 106, 32, 16, 32, 16, 106, 0)
False, False, 0.0833, (0, 128, 5, 23, 10, 23, 10, 23, 10, 23, 10, 23, 10, 23, 10, 23, 10, 23, 5, 0)
False, True, 0.0508, (0, 7, 158, 93, 98, 96, 93, 158, 7, 0)
False, False, 0.0435, (0, 106, 32, 16, 32, 16, 106, 18, 0)
False, False, 0.0978, (0, 32, 91, 7, 91, 7, 91, 32, 0)
False, False, 0.34, (0, 19, 82, 78, 81, 78, 39, 0)
False, False, 0.1361, (0, 131, 92, 110, 92, 110, 92, 62, 0)
False, False, 0.1336, (0, 107, 96, 89, 96, 89, 96, 98, 93, 0)
False, False, 0.0239, (0, 128, 5, 10, 23, 10, 23, 10, 23, 10, 23, 10, 23, 10, 23, 10, 23, 10, 5, 128, 0)
False, False, 0.1316, (0, 22, 62, 70, 114, 70, 62, 0)
False, False, 0.1657, (0, 107, 94, 142, 99, 142, 99, 142, 99, 164, 7, 0)
False, True, 0.1733, (0, 62, 70, 110, 92, 70, 0)
False, False, 0.0303, (0, 128, 5, 23, 10, 23, 10, 23, 5, 23, 10, 5, 82, 0)
False, False, 0.1518, (0, 105, 94, 96, 89, 96, 89, 96, 94, 0)
False, False, 0.0342, (0, 104, 140, 19, 140, 1, 140, 104, 0)
False, False, 0.168, (0, 112, 87, 103, 87, 103, 87, 131, 0)
False, False, 0.016, (0, 128, 5, 9, 29, 9, 29, 8, 81, 78, 19, 0)
False, True, 0.0497, (0, 22, 161, 152, 121, 112, 22, 0)
False, False, 0.2804, (0, 91, 7, 108, 158, 164, 158, 164, 37, 0)
False, False, 0.1402, (0, 62, 92, 114, 70, 114, 110, 92, 0)
False, False, 0.0163, (0, 7, 158, 164, 99, 142, 99, 142, 99, 37, 105, 0)
False, False, 0.1864, (0, 107, 98, 89, 98, 93, 94, 107, 0)
False, True, 0.2283, (0, 105, 164, 93, 98, 89, 93, 158, 91, 0)
False, False, 0.2188, (0, 105, 37, 107, 94, 142, 99, 142, 99, 37, 105, 0)
False, False, 0.0163, (0, 7, 37, 99, 142, 94, 142, 94, 107, 0)
all_elementary, False
all_cyc2, False
