Instance, X-n129-k18
capacity, 39
min_trucks, 18
output_file, output_uchoa_repeat_small/X-n129-k18-ng8.log
Start date, 2022-07-06
Start time, 12-29-30
capacity, 39
num_vehicles, 18
abort_early, False
methods, ['ng8']
max_vars, 100
time_limit, 86400
farley, False
ESPPRC_heur, True
initial time, initial max_it, max_stale_it
1, 20000.0, 20
heuristic Number of routes, heuristic Best Solution Value, heuristic number of iterations, adjusted time, adjusted max_it, measured total time
17770, 28940.0, 15784, 1, 20000.0, 15857.0
method, python time, total time, propagated dominance time, unpropagated dominance time, pricing_success, upper_bound, lower_bound, abort_early, num_paths, 
ESPPRC_heur, 0.1, 0.1, 0.1, 0.0, 0, 28597.9942, 7277.2863, True, 1888
ESPPRC_heur, 0.0, 0.1, 0.0, 0.0, 0, 28597.9942, 7332.8201, True, 2037
ESPPRC_heur, 0.0, 0.1, 0.0, 0.0, 0, 28597.9942, 25058.1871, True, 298
ESPPRC_heur, 0.0, 0.1, 0.0, 0.0, 0, 28546.6271, 25869.2872, True, 168
ESPPRC_heur, 0.0, 0.1, 0.0, 0.0, 0, 28535.1336, 26063.4987, True, 155
ESPPRC_heur, 0.0, 0.1, 0.0, 0.0, 0, 28535.1336, 27770.8587, True, 44
ESPPRC_heur, -0.0, 0.1, 0.0, 0.0, 0, 28526.1662, 28024.7681, True, 16
ESPPRC_heur, -0.0, 0.1, 0.0, 0.0, 0, 28517.1396, 28175.1396, True, 10
ESPPRC_heur, -0.0, 0.1, 0.0, 0.0, 0, 28512.2171, 28353.8964, True, 9
ng8, 0.0, 4.3, 3.1, 0.8, 1, 28511.5005, 26338.0559, 0, 53
ESPPRC_heur, -0.0, 0.1, 0.0, 0.0, 0, 28446.3252, 28068.9626, True, 16
ESPPRC_heur, -0.0, 0.1, 0.0, 0.0, 0, 28445.5114, 28297.1485, True, 2
ESPPRC_heur, -0.0, 0.1, 0.0, 0.0, 0, 28445.5114, 28443.9951, True, 1
ng8, -0.0, 4.6, 3.3, 0.9, 1, 28445.5114, 27916.0905, 0, 31
ESPPRC_heur, -0.0, 0.1, 0.0, 0.0, 0, 28440.0644, 28197.544, True, 5
ng8, 0.1, 4.7, 3.5, 0.9, 1, 28439.8746, 28159.5545, 0, 8
ESPPRC_heur, -0.0, 0.1, 0.0, 0.0, 0, 28439.136, 28380.3179, True, 3
ng8, -0.0, 4.8, 3.5, 0.9, 1, 28439.1165, 28394.1113, 0, 4
ng8, -0.0, 4.8, 3.5, 0.9, 1, 28439.0662, 28439.0662, 0, 0
scip_total_time, 15886.04124
Solval, number of paths, impact cutoff
28439.066182625844, 102, 0.0001
Elementary, 2-Cycle, Path Value, Path
True, True, 0.5406, (0, 125, 31, 69, 120, 51, 109, 83, 0)
True, True, 0.4235, (0, 47, 127, 28, 118, 38, 0)
True, True, 0.1912, (0, 100, 49, 92, 116, 95, 96, 73, 114, 32, 0)
True, True, 0.3862, (0, 123, 5, 106, 122, 115, 117, 70, 0)
True, True, 0.0909, (0, 62, 56, 13, 57, 35, 77, 60, 0)
True, True, 0.4148, (0, 64, 18, 59, 23, 1, 44, 90, 0)
True, True, 0.2794, (0, 102, 112, 72, 108, 71, 126, 26, 0)
True, True, 0.2353, (0, 65, 105, 104, 10, 79, 76, 11, 17, 110, 0)
True, True, 0.125, (0, 54, 46, 33, 21, 34, 2, 48, 29, 0)
True, True, 0.4706, (0, 65, 105, 11, 76, 79, 10, 104, 71, 126, 0)
True, True, 0.5299, (0, 88, 113, 27, 52, 20, 50, 78, 0)
True, True, 0.4338, (0, 16, 12, 96, 95, 116, 92, 49, 73, 114, 32, 0)
True, True, 0.2175, (0, 80, 68, 98, 4, 111, 94, 121, 63, 0)
True, True, 0.4545, (0, 84, 25, 77, 35, 57, 13, 56, 62, 0)
True, True, 0.5415, (0, 87, 121, 94, 111, 81, 36, 107, 128, 0)
True, True, 0.375, (0, 46, 33, 21, 34, 2, 48, 45, 19, 0)
True, True, 0.3636, (0, 60, 57, 13, 56, 62, 30, 0)
True, True, 0.1471, (0, 42, 16, 114, 73, 96, 95, 116, 92, 49, 100, 0)
True, True, 0.25, (0, 46, 33, 21, 34, 2, 48, 29, 6, 0)
True, True, 0.2722, (0, 119, 80, 4, 98, 68, 106, 5, 53, 0)
True, True, 0.1176, (0, 121, 101, 58, 40, 55, 41, 61, 85, 11, 17, 110, 0)
True, True, 0.1974, (0, 20, 87, 94, 111, 4, 98, 68, 80, 0)
True, True, 0.0123, (0, 24, 83, 51, 120, 69, 97, 31, 99, 14, 0)
True, True, 0.125, (0, 54, 22, 46, 33, 21, 34, 2, 48, 6, 19, 0)
True, True, 0.3637, (0, 47, 127, 70, 53, 119, 50, 78, 0)
True, True, 0.0123, (0, 14, 99, 31, 97, 69, 51, 109, 83, 125, 0)
True, True, 0.375, (0, 82, 124, 7, 54, 9, 63, 0)
True, True, 0.3015, (0, 66, 64, 18, 59, 1, 44, 90, 0)
True, True, 0.0518, (0, 98, 81, 36, 107, 128, 122, 123, 0)
True, True, 0.0063, (0, 125, 31, 97, 69, 42, 99, 117, 14, 0)
True, True, 0.375, (0, 9, 6, 29, 45, 22, 7, 0)
True, True, 0.0221, (0, 117, 14, 28, 118, 38, 24, 0)
True, True, 0.0909, (0, 23, 60, 35, 57, 13, 56, 62, 43, 0)
True, True, 0.1159, (0, 80, 68, 122, 115, 117, 0)
True, True, 0.0123, (0, 14, 99, 31, 97, 69, 120, 109, 83, 0)
True, True, 0.2618, (0, 123, 5, 106, 122, 115, 117, 14, 0)
True, True, 0.0736, (0, 80, 68, 81, 36, 107, 128, 0)
True, True, 0.0029, (0, 4, 81, 36, 107, 128, 122, 70, 0)
True, True, 0.2727, (0, 39, 84, 25, 77, 35, 60, 23, 0)
True, True, 0.1531, (0, 90, 44, 1, 59, 18, 103, 0)
True, True, 0.2695, (0, 93, 88, 82, 113, 27, 52, 86, 0)
True, True, 0.1471, (0, 110, 101, 58, 40, 55, 41, 61, 85, 76, 79, 10, 0)
True, True, 0.0058, (0, 115, 128, 107, 36, 81, 80, 0)
True, True, 0.0662, (0, 32, 73, 49, 92, 116, 95, 96, 12, 16, 42, 0)
True, True, 0.0344, (0, 24, 38, 28, 14, 117, 70, 0)
True, True, 0.0361, (0, 119, 80, 87, 121, 4, 98, 68, 106, 5, 0)
True, True, 0.0352, (0, 113, 82, 124, 9, 52, 0)
True, True, 0.1064, (0, 24, 47, 127, 70, 123, 53, 119, 20, 78, 0)
True, True, 0.375, (0, 86, 124, 30, 43, 39, 67, 0)
True, True, 0.0368, (0, 42, 16, 96, 95, 116, 10, 104, 71, 126, 0)
True, True, 0.382, (0, 83, 109, 51, 120, 69, 31, 97, 42, 99, 0)
True, True, 0.1765, (0, 65, 11, 85, 61, 41, 55, 40, 58, 101, 0)
True, True, 0.1064, (0, 47, 127, 70, 123, 53, 119, 20, 50, 0)
True, True, 0.0437, (0, 119, 80, 87, 121, 94, 4, 98, 68, 106, 123, 0)
True, True, 0.0294, (0, 42, 16, 114, 96, 73, 100, 108, 26, 0)
True, True, 0.1866, (0, 74, 115, 128, 107, 36, 81, 4, 0)
True, True, 0.0662, (0, 26, 126, 71, 108, 100, 112, 99, 0)
True, True, 0.1076, (0, 53, 117, 14, 28, 118, 38, 0)
True, True, 0.1377, (0, 122, 128, 107, 36, 81, 98, 87, 0)
True, True, 0.1471, (0, 110, 101, 58, 40, 55, 41, 61, 85, 76, 79, 104, 126, 0)
True, True, 0.0599, (0, 119, 63, 9, 124, 82, 113, 0)
True, True, 0.01, (0, 52, 27, 113, 82, 89, 66, 0)
True, True, 0.0699, (0, 15, 66, 64, 89, 103, 75, 93, 91, 0)
True, True, 0.0437, (0, 74, 14, 117, 115, 122, 5, 123, 53, 0)
True, True, 0.0555, (0, 64, 23, 60, 77, 25, 84, 43, 67, 0)
True, True, 0.0294, (0, 16, 32, 73, 49, 100, 108, 26, 0)
True, True, 0.0378, (0, 80, 68, 98, 4, 111, 121, 87, 63, 0)
True, True, 0.0123, (0, 109, 51, 120, 31, 97, 42, 99, 14, 0)
True, True, 0.0662, (0, 99, 72, 100, 108, 71, 26, 0)
True, True, 0.1307, (0, 67, 30, 43, 39, 59, 18, 0)
True, True, 0.0885, (0, 75, 89, 44, 90, 15, 0)
True, True, 0.2651, (0, 3, 91, 75, 89, 15, 0)
True, True, 0.0063, (0, 125, 83, 109, 51, 120, 97, 42, 99, 14, 0)
True, True, 0.0599, (0, 52, 82, 124, 9, 63, 20, 0)
True, True, 0.0294, (0, 65, 105, 104, 10, 92, 116, 95, 73, 114, 0)
True, True, 0.306, (0, 15, 66, 103, 75, 93, 91, 3, 0)
True, True, 0.1307, (0, 67, 30, 43, 39, 23, 1, 0)
True, True, 0.2006, (0, 91, 75, 103, 89, 88, 3, 0)
True, True, 0.1584, (0, 3, 91, 93, 103, 89, 64, 66, 15, 0)
True, True, 0.0909, (0, 93, 67, 43, 84, 25, 77, 35, 60, 0)
True, True, 0.0699, (0, 15, 66, 89, 103, 75, 93, 86, 3, 0)
True, True, 0.0354, (0, 93, 67, 43, 84, 25, 77, 60, 23, 0)
True, True, 0.0955, (0, 86, 52, 27, 113, 82, 89, 0)
False, True, 0.2353, (0, 17, 101, 58, 40, 55, 41, 61, 85, 17, 0)
False, True, 0.4124, (0, 24, 38, 118, 28, 125, 14, 24, 0)
False, True, 0.0294, (0, 26, 71, 105, 65, 71, 26, 0)
False, True, 0.25, (0, 19, 54, 7, 22, 45, 29, 6, 19, 63, 0)
False, True, 0.0909, (0, 67, 43, 84, 25, 39, 67, 0)
False, False, 0.5, (0, 8, 37, 12, 37, 8, 97, 0)
False, True, 0.25, (0, 74, 102, 112, 72, 100, 108, 26, 102, 0)
True, True, 0.0221, (0, 32, 114, 96, 95, 116, 10, 104, 71, 0)
True, True, 0.0588, (0, 65, 105, 104, 10, 92, 49, 108, 0)
False, True, 0.0422, (0, 66, 103, 89, 44, 90, 66, 15, 0)
False, True, 0.0735, (0, 42, 16, 114, 73, 49, 92, 116, 95, 96, 114, 32, 0)
False, True, 0.125, (0, 22, 46, 33, 21, 34, 2, 48, 22, 54, 0)
False, True, 0.0951, (0, 86, 82, 124, 9, 27, 86, 0)
False, True, 0.1838, (0, 99, 42, 16, 32, 112, 72, 99, 0)
False, True, 0.1765, (0, 110, 17, 101, 58, 40, 55, 41, 61, 85, 105, 110, 0)
True, True, 0.0344, (0, 74, 14, 99, 42, 97, 69, 120, 51, 109, 83, 118, 0)
False, True, 0.0058, (0, 119, 87, 121, 111, 4, 98, 68, 119, 0)
False, True, 0.2206, (0, 74, 102, 112, 72, 100, 108, 26, 74, 0)
False, True, 0.0221, (0, 74, 14, 125, 31, 97, 42, 99, 117, 74, 0)
all_elementary, False
all_cyc2, False
