Instance, X-n190-k8
capacity, 138
min_trucks, 8
output_file, output_uchoa_repeat_small/X-n190-k8-cyc2.log
Start date, 2022-07-06
Start time, 11-44-48
capacity, 138
num_vehicles, 8
abort_early, False
methods, ['cyc2']
max_vars, 100
time_limit, 86400
farley, False
ESPPRC_heur, True
initial time, initial max_it, max_stale_it
1, 20000.0, 20
heuristic Number of routes, heuristic Best Solution Value, heuristic number of iterations, adjusted time, adjusted max_it, measured total time
127727, 17060.0, 20000, 1, 20000.0, 21036.4
method, python time, total time, propagated dominance time, unpropagated dominance time, pricing_success, upper_bound, lower_bound, abort_early, num_paths, 
ESPPRC_heur, 0.1, 3.1, 2.6, 0.2, 0, 16593.9668, 13461.7296, True, 3658
ESPPRC_heur, 0.1, 2.9, 2.4, 0.2, 0, 16593.9668, 14346.4158, True, 2704
ESPPRC_heur, 0.1, 3.0, 2.5, 0.2, 0, 16593.9668, 15045.4595, True, 1740
ESPPRC_heur, 0.1, 3.1, 2.6, 0.2, 0, 16593.9668, 15479.7657, True, 1184
ESPPRC_heur, 0.1, 3.0, 2.5, 0.2, 0, 16593.9668, 15172.6114, True, 1429
ESPPRC_heur, 0.1, 3.1, 2.6, 0.2, 0, 16593.9668, 15493.3878, True, 1177
ESPPRC_heur, 0.1, 3.0, 2.5, 0.2, 0, 16593.9668, 15304.6534, True, 1403
ESPPRC_heur, 0.1, 2.9, 2.4, 0.2, 0, 16593.9668, 15348.5936, True, 1328
ESPPRC_heur, 0.1, 3.1, 2.5, 0.2, 0, 16593.9668, 15532.2293, True, 1044
ESPPRC_heur, 0.0, 3.1, 2.5, 0.2, 0, 16593.9668, 15549.3418, True, 784
ESPPRC_heur, 0.1, 3.1, 2.6, 0.2, 0, 16593.9668, 15645.6378, True, 852
ESPPRC_heur, 0.1, 3.1, 2.6, 0.2, 0, 16593.9668, 16011.2091, True, 527
ESPPRC_heur, 0.1, 3.2, 2.7, 0.2, 0, 16592.6059, 15802.6831, True, 605
ESPPRC_heur, 0.1, 3.2, 2.7, 0.2, 0, 16592.6059, 16031.9916, True, 486
ESPPRC_heur, 0.1, 3.3, 2.8, 0.2, 0, 16590.762, 15490.1053, True, 740
ESPPRC_heur, 0.0, 3.4, 2.8, 0.2, 0, 16590.6049, 15843.0868, True, 418
ESPPRC_heur, 0.1, 3.2, 2.7, 0.2, 0, 16588.9727, 15779.8265, True, 786
ESPPRC_heur, 0.0, 3.3, 2.7, 0.2, 0, 16588.9727, 15959.8992, True, 637
ESPPRC_heur, 0.1, 3.3, 2.7, 0.2, 0, 16588.9727, 16148.3554, True, 342
ESPPRC_heur, 0.1, 3.3, 2.8, 0.2, 0, 16586.4651, 16089.1283, True, 443
ESPPRC_heur, 0.1, 3.3, 2.8, 0.2, 0, 16586.0434, 16163.1534, True, 353
ESPPRC_heur, 0.0, 3.3, 2.7, 0.2, 0, 16585.6525, 16136.6366, True, 411
ESPPRC_heur, 0.1, 3.2, 2.7, 0.2, 0, 16585.3921, 15960.7951, True, 547
ESPPRC_heur, 0.0, 3.5, 2.9, 0.2, 0, 16585.3921, 16276.8247, True, 243
ESPPRC_heur, 0.2, 3.1, 2.6, 0.2, 0, 16582.2742, 16126.1019, True, 437
ESPPRC_heur, 0.1, 3.1, 2.5, 0.2, 0, 16582.2742, 16271.2232, True, 268
ESPPRC_heur, 0.1, 3.2, 2.6, 0.2, 0, 16582.2626, 16309.7645, True, 215
ESPPRC_heur, 0.1, 3.3, 2.8, 0.2, 0, 16581.054, 15974.0568, True, 581
ESPPRC_heur, 0.1, 3.3, 2.8, 0.2, 0, 16581.054, 16059.877, True, 369
ESPPRC_heur, 0.1, 3.5, 2.9, 0.2, 0, 16579.0072, 16246.9587, True, 256
ESPPRC_heur, 0.1, 3.3, 2.8, 0.2, 0, 16578.1641, 16093.929, True, 476
ESPPRC_heur, 0.0, 3.4, 2.8, 0.2, 0, 16577.4946, 16289.4547, True, 231
ESPPRC_heur, 0.1, 3.3, 2.7, 0.2, 0, 16576.8636, 16282.6089, True, 246
ESPPRC_heur, 0.1, 3.3, 2.7, 0.2, 0, 16576.8636, 16365.3136, True, 181
ESPPRC_heur, 0.1, 3.3, 2.7, 0.2, 0, 16574.8767, 16295.354, True, 179
ESPPRC_heur, 0.1, 3.3, 2.7, 0.2, 0, 16572.6759, 16223.5747, True, 289
ESPPRC_heur, 0.1, 3.3, 2.8, 0.2, 0, 16572.1329, 16328.4542, True, 186
ESPPRC_heur, 0.1, 3.3, 2.7, 0.2, 0, 16570.2077, 16385.5534, True, 103
ESPPRC_heur, 0.1, 3.3, 2.7, 0.2, 0, 16569.7539, 16351.2443, True, 146
ESPPRC_heur, 0.1, 3.3, 2.8, 0.2, 0, 16569.2822, 16090.2134, True, 487
ESPPRC_heur, 0.1, 3.3, 2.7, 0.2, 0, 16569.2822, 16307.5595, True, 240
ESPPRC_heur, 0.1, 3.3, 2.7, 0.2, 0, 16569.2692, 15982.6425, True, 448
ESPPRC_heur, 0.1, 3.3, 2.7, 0.2, 0, 16569.2692, 16257.8457, True, 237
ESPPRC_heur, 0.1, 3.3, 2.7, 0.2, 0, 16569.2692, 16378.5864, True, 167
ESPPRC_heur, 0.1, 3.3, 2.8, 0.2, 0, 16568.3597, 16366.3533, True, 153
ESPPRC_heur, 0.1, 3.3, 2.7, 0.2, 0, 16567.0876, 16186.1775, True, 227
ESPPRC_heur, 0.1, 3.3, 2.8, 0.2, 0, 16567.0876, 16353.6428, True, 133
ESPPRC_heur, 0.1, 3.3, 2.8, 0.2, 0, 16563.291, 16383.5852, True, 125
ESPPRC_heur, 0.1, 3.3, 2.7, 0.2, 0, 16562.9908, 16268.7111, True, 164
ESPPRC_heur, 0.1, 3.3, 2.8, 0.2, 0, 16562.8657, 16375.1789, True, 122
ESPPRC_heur, 0.1, 3.1, 2.5, 0.2, 0, 16562.6677, 16442.5639, True, 85
ESPPRC_heur, 0.1, 3.2, 2.6, 0.2, 0, 16562.5207, 16408.7161, True, 86
ESPPRC_heur, 0.1, 3.2, 2.7, 0.2, 0, 16559.5722, 16430.8602, True, 91
ESPPRC_heur, 0.1, 3.2, 2.7, 0.2, 0, 16559.3728, 16380.6502, True, 135
ESPPRC_heur, 0.1, 3.3, 2.7, 0.2, 0, 16558.4805, 16277.1134, True, 152
ESPPRC_heur, 0.1, 3.3, 2.7, 0.2, 0, 16558.4805, 16323.5254, True, 126
ESPPRC_heur, 0.0, 3.4, 2.8, 0.2, 0, 16558.0918, 16420.5949, True, 85
ESPPRC_heur, 0.1, 3.4, 2.9, 0.2, 0, 16557.3438, 16385.1126, True, 126
ESPPRC_heur, 0.1, 3.2, 2.7, 0.2, 0, 16557.3438, 16381.8841, True, 101
ESPPRC_heur, 0.1, 3.2, 2.7, 0.2, 0, 16557.0047, 16395.9181, True, 103
ESPPRC_heur, 0.0, 3.2, 2.7, 0.2, 0, 16556.7466, 16237.1306, True, 156
ESPPRC_heur, 0.1, 3.2, 2.7, 0.2, 0, 16556.7466, 16462.415, True, 80
ESPPRC_heur, 0.0, 3.2, 2.7, 0.2, 0, 16556.4845, 16281.9244, True, 132
ESPPRC_heur, 0.1, 3.2, 2.8, 0.2, 0, 16556.3096, 16375.9619, True, 96
ESPPRC_heur, 0.0, 3.2, 2.7, 0.2, 0, 16556.0907, 16406.1877, True, 78
ESPPRC_heur, 0.0, 3.2, 2.7, 0.2, 0, 16555.495, 16422.4546, True, 68
ESPPRC_heur, 0.1, 3.2, 2.7, 0.2, 0, 16554.8861, 16395.2094, True, 77
ESPPRC_heur, 0.1, 3.2, 2.8, 0.2, 0, 16553.4271, 16343.1811, True, 92
ESPPRC_heur, 0.1, 3.2, 2.7, 0.2, 0, 16552.961, 16405.3856, True, 74
ESPPRC_heur, 0.1, 3.2, 2.7, 0.2, 0, 16551.7545, 16330.2048, True, 103
ESPPRC_heur, 0.0, 3.2, 2.7, 0.2, 0, 16551.3949, 16370.4324, True, 66
ESPPRC_heur, 0.1, 3.2, 2.7, 0.2, 0, 16550.5201, 16300.6837, True, 97
ESPPRC_heur, 0.0, 3.2, 2.7, 0.2, 0, 16549.6628, 16472.9818, True, 58
ESPPRC_heur, 0.0, 3.2, 2.7, 0.2, 0, 16549.1008, 16468.5545, True, 53
ESPPRC_heur, 0.1, 3.2, 2.8, 0.2, 0, 16548.3963, 16452.6755, True, 44
ESPPRC_heur, 0.1, 3.2, 2.7, 0.2, 0, 16548.1958, 16358.7221, True, 111
ESPPRC_heur, 0.0, 3.2, 2.7, 0.2, 0, 16548.1957, 16448.7739, True, 42
ESPPRC_heur, 0.0, 3.3, 2.8, 0.2, 0, 16548.1081, 16508.6844, True, 40
ESPPRC_heur, 0.0, 3.4, 2.8, 0.2, 0, 16547.6445, 16465.4692, True, 31
ESPPRC_heur, 0.0, 3.4, 2.8, 0.2, 0, 16547.4974, 16396.6184, True, 36
ESPPRC_heur, 0.0, 3.5, 2.9, 0.2, 0, 16547.365, 16460.3897, True, 53
ESPPRC_heur, 0.1, 3.4, 2.9, 0.2, 0, 16547.3535, 16477.2439, True, 44
ESPPRC_heur, 0.1, 3.5, 2.9, 0.2, 0, 16547.1829, 16213.4817, True, 326
ESPPRC_heur, 0.1, 3.4, 2.9, 0.2, 0, 16547.1829, 16476.8927, True, 41
ESPPRC_heur, 0.1, 3.4, 2.8, 0.2, 0, 16546.872, 16423.2085, True, 52
ESPPRC_heur, 0.1, 3.4, 2.9, 0.2, 0, 16546.1965, 16467.3976, True, 62
ESPPRC_heur, 0.1, 3.4, 2.9, 0.2, 0, 16545.5737, 16285.2684, True, 113
ESPPRC_heur, 0.1, 3.4, 2.9, 0.2, 0, 16545.5608, 16461.4711, True, 59
ESPPRC_heur, 0.1, 3.4, 2.8, 0.2, 0, 16545.5284, 16267.7451, True, 145
ESPPRC_heur, 0.1, 3.4, 2.8, 0.2, 0, 16545.5284, 16388.3784, True, 75
ESPPRC_heur, 0.1, 3.4, 2.9, 0.2, 0, 16545.5284, 16424.508, True, 41
ESPPRC_heur, 0.1, 3.4, 2.8, 0.2, 0, 16545.4373, 16470.5674, True, 53
ESPPRC_heur, 0.1, 3.4, 2.9, 0.2, 0, 16545.3762, 16448.5702, True, 35
ESPPRC_heur, 0.0, 3.5, 2.9, 0.2, 0, 16544.4829, 16494.0409, True, 26
ESPPRC_heur, 0.0, 3.5, 2.9, 0.2, 0, 16544.3414, 16516.9845, True, 12
ESPPRC_heur, 0.1, 3.4, 2.9, 0.2, 0, 16544.2103, 16516.8071, True, 21
ESPPRC_heur, 0.0, 3.4, 2.8, 0.2, 0, 16544.0217, 16506.3661, True, 15
ESPPRC_heur, 0.0, 3.4, 2.8, 0.2, 0, 16543.8855, 16515.8842, True, 12
ESPPRC_heur, 0.0, 3.4, 2.8, 0.2, 0, 16543.8395, 16522.0461, True, 14
ESPPRC_heur, -0.0, 3.4, 2.8, 0.2, 0, 16543.757, 16462.861, True, 29
ESPPRC_heur, 0.0, 3.4, 2.8, 0.2, 0, 16543.5667, 16511.6227, True, 19
ESPPRC_heur, 0.0, 3.4, 2.9, 0.2, 0, 16543.566, 16528.2549, True, 8
ESPPRC_heur, -0.0, 3.4, 2.8, 0.2, 0, 16543.566, 16534.1578, True, 4
ESPPRC_heur, -0.0, 3.4, 2.8, 0.2, 0, 16543.5659, 16529.4807, True, 1
ESPPRC_heur, -0.0, 3.4, 2.8, 0.2, 0, 16543.5659, 16542.485, True, 1
cyc2, 0.3, 5.5, 0.0, 0.0, 1, 16543.5659, 3225.1531, 0, 89467
ESPPRC_heur, 0.0, 3.4, 2.8, 0.2, 0, 16543.5659, 16409.6468, True, 40
ESPPRC_heur, 0.0, 3.4, 2.8, 0.2, 0, 16543.5659, 16459.8216, True, 18
ESPPRC_heur, -0.0, 3.4, 2.8, 0.2, 0, 16543.5659, 16484.2516, True, 13
ESPPRC_heur, -0.0, 3.4, 2.8, 0.2, 0, 16543.5659, 16485.5501, True, 8
ESPPRC_heur, -0.0, 3.4, 2.8, 0.2, 0, 16543.5659, 16464.3185, True, 9
ESPPRC_heur, 0.0, 3.4, 2.9, 0.2, 0, 16543.5659, 16433.1231, True, 18
ESPPRC_heur, -0.0, 3.5, 2.9, 0.2, 0, 16543.542, 16503.6788, True, 8
ESPPRC_heur, -0.0, 3.5, 2.9, 0.2, 0, 16543.2072, 16467.4714, True, 24
ESPPRC_heur, -0.0, 3.5, 2.9, 0.2, 0, 16542.8673, 16503.4898, True, 21
ESPPRC_heur, -0.0, 3.5, 2.9, 0.2, 0, 16542.5482, 16497.7279, True, 31
ESPPRC_heur, -0.0, 3.5, 2.9, 0.2, 0, 16542.5482, 16513.9953, True, 6
ESPPRC_heur, -0.0, 3.5, 2.9, 0.2, 0, 16542.47, 16509.1826, True, 19
ESPPRC_heur, 0.1, 3.4, 2.9, 0.2, 0, 16542.2812, 16508.8525, True, 27
ESPPRC_heur, -0.0, 3.5, 2.9, 0.2, 0, 16542.2065, 16518.57, True, 19
ESPPRC_heur, 0.0, 3.4, 2.8, 0.2, 0, 16542.0555, 16501.9065, True, 31
ESPPRC_heur, 0.0, 3.4, 2.9, 0.2, 0, 16541.2909, 16460.662, True, 32
ESPPRC_heur, -0.0, 3.4, 2.8, 0.2, 0, 16540.5194, 16449.3942, True, 39
ESPPRC_heur, 0.0, 3.4, 2.9, 0.2, 0, 16539.0214, 16491.8022, True, 17
ESPPRC_heur, 0.0, 3.4, 2.9, 0.2, 0, 16539.0214, 16495.374, True, 19
ESPPRC_heur, -0.0, 3.5, 2.9, 0.2, 0, 16538.9789, 16476.1046, True, 22
ESPPRC_heur, 0.1, 3.3, 2.8, 0.2, 0, 16538.4031, 16497.5395, True, 26
ESPPRC_heur, 0.0, 3.2, 2.8, 0.2, 0, 16538.314, 16519.6764, True, 8
ESPPRC_heur, 0.0, 3.2, 2.8, 0.2, 0, 16538.2808, 16515.958, True, 6
ESPPRC_heur, 0.0, 3.2, 2.7, 0.2, 0, 16538.2009, 16494.7284, True, 10
ESPPRC_heur, 0.0, 3.2, 2.7, 0.2, 0, 16538.1358, 16511.0315, True, 7
ESPPRC_heur, 0.0, 3.2, 2.7, 0.2, 0, 16538.134, 16511.4034, True, 7
ESPPRC_heur, 0.0, 3.2, 2.7, 0.2, 0, 16538.134, 16513.872, True, 4
ESPPRC_heur, 0.0, 3.2, 2.7, 0.2, 0, 16538.1335, 16450.9752, True, 14
ESPPRC_heur, 0.0, 3.2, 2.7, 0.2, 0, 16538.1331, 16533.017, True, 3
ESPPRC_heur, 0.0, 3.2, 2.7, 0.2, 0, 16538.1204, 16517.5472, True, 5
cyc2, 0.1, 4.0, 0.0, 0.0, 1, 16538.1187, 12419.5779, 0, 16941
ESPPRC_heur, 0.1, 3.1, 2.7, 0.2, 0, 16493.5265, 16138.6973, True, 272
ESPPRC_heur, 0.1, 3.1, 2.7, 0.2, 0, 16493.5265, 16152.9496, True, 262
ESPPRC_heur, 0.1, 3.2, 2.7, 0.2, 0, 16493.2979, 16264.1784, True, 162
ESPPRC_heur, 0.0, 3.3, 2.8, 0.2, 0, 16492.7338, 16288.8724, True, 129
ESPPRC_heur, 0.1, 3.2, 2.8, 0.2, 0, 16492.5586, 16325.7791, True, 90
ESPPRC_heur, 0.0, 3.3, 2.8, 0.2, 0, 16491.7913, 16361.1776, True, 68
ESPPRC_heur, 0.0, 3.3, 2.8, 0.2, 0, 16491.3772, 16353.9307, True, 74
ESPPRC_heur, -0.0, 3.3, 2.8, 0.2, 0, 16490.488, 16379.6823, True, 60
ESPPRC_heur, 0.1, 3.2, 2.7, 0.2, 0, 16489.783, 16352.3854, True, 92
ESPPRC_heur, 0.0, 3.3, 2.8, 0.2, 0, 16489.4633, 16423.0422, True, 42
ESPPRC_heur, 0.1, 3.2, 2.7, 0.2, 0, 16489.129, 16392.0142, True, 35
ESPPRC_heur, -0.0, 3.3, 2.8, 0.2, 0, 16488.3483, 16412.3628, True, 46
ESPPRC_heur, -0.0, 3.3, 2.8, 0.2, 0, 16487.505, 16400.6855, True, 54
ESPPRC_heur, 0.0, 3.2, 2.7, 0.2, 0, 16486.9053, 16408.1756, True, 17
ESPPRC_heur, 0.0, 3.2, 2.7, 0.2, 0, 16486.7635, 16418.7795, True, 27
ESPPRC_heur, 0.0, 3.2, 2.7, 0.2, 0, 16486.7386, 16447.7391, True, 24
ESPPRC_heur, 0.0, 3.2, 2.7, 0.2, 0, 16486.5241, 16444.6002, True, 19
ESPPRC_heur, 0.0, 3.2, 2.7, 0.2, 0, 16486.2227, 16446.99, True, 21
ESPPRC_heur, 0.1, 3.2, 2.7, 0.2, 0, 16486.1765, 16389.2341, True, 43
ESPPRC_heur, 0.0, 3.2, 2.7, 0.2, 0, 16485.1323, 16398.0346, True, 32
ESPPRC_heur, 0.0, 3.2, 2.7, 0.2, 0, 16484.9312, 16393.3262, True, 31
ESPPRC_heur, 0.0, 3.2, 2.7, 0.2, 0, 16484.7395, 16418.8391, True, 23
ESPPRC_heur, 0.1, 3.2, 2.8, 0.2, 0, 16484.4022, 16397.6518, True, 43
ESPPRC_heur, 0.1, 3.2, 2.8, 0.2, 0, 16484.4022, 16415.5271, True, 27
ESPPRC_heur, 0.1, 3.2, 2.8, 0.2, 0, 16484.2417, 16458.1545, True, 17
ESPPRC_heur, 0.0, 3.2, 2.7, 0.2, 0, 16484.1762, 16470.688, True, 15
ESPPRC_heur, 0.0, 3.3, 2.8, 0.2, 0, 16484.1661, 16469.5029, True, 7
ESPPRC_heur, 0.0, 3.3, 2.8, 0.2, 0, 16484.1466, 16451.7487, True, 10
ESPPRC_heur, 0.1, 3.3, 2.8, 0.2, 0, 16484.0504, 16429.4229, True, 33
ESPPRC_heur, 0.0, 3.3, 2.7, 0.2, 0, 16483.9603, 16445.7082, True, 16
ESPPRC_heur, 0.1, 3.3, 2.8, 0.2, 0, 16483.7389, 16391.2963, True, 14
ESPPRC_heur, -0.0, 3.4, 2.8, 0.2, 0, 16483.3314, 16454.4388, True, 15
ESPPRC_heur, 0.0, 3.3, 2.8, 0.2, 0, 16483.301, 16469.1375, True, 10
ESPPRC_heur, 0.0, 3.3, 2.8, 0.2, 0, 16483.2357, 16463.4689, True, 11
ESPPRC_heur, -0.0, 3.4, 2.8, 0.2, 0, 16483.1723, 16464.2509, True, 11
ESPPRC_heur, -0.0, 3.5, 2.9, 0.2, 0, 16483.0167, 16438.7909, True, 19
ESPPRC_heur, 0.0, 3.4, 2.9, 0.2, 0, 16482.9089, 16471.1851, True, 6
ESPPRC_heur, 0.0, 3.4, 2.9, 0.2, 0, 16482.9089, 16478.4247, True, 6
ESPPRC_heur, 0.0, 3.4, 2.9, 0.2, 0, 16482.8973, 16469.4915, True, 5
ESPPRC_heur, -0.0, 3.5, 2.9, 0.2, 0, 16482.8966, 16481.2236, True, 1
ESPPRC_heur, 0.0, 3.4, 2.9, 0.2, 0, 16482.8926, 16476.4503, True, 2
ESPPRC_heur, 0.0, 3.4, 2.9, 0.2, 0, 16482.8538, 16474.1877, True, 8
ESPPRC_heur, 0.0, 3.4, 2.9, 0.2, 0, 16482.8538, 16479.0867, True, 1
ESPPRC_heur, 0.0, 3.4, 2.9, 0.2, 0, 16482.8538, 16463.5461, True, 6
ESPPRC_heur, 0.0, 3.4, 2.9, 0.2, 0, 16482.8538, 16464.8535, True, 7
ESPPRC_heur, 0.1, 3.4, 2.9, 0.2, 0, 16482.8538, 16473.3589, True, 2
ESPPRC_heur, 0.0, 3.4, 2.8, 0.2, 0, 16482.8538, 16480.5058, True, 1
cyc2, 0.1, 5.7, 0.0, 0.0, 1, 16482.8538, 14220.0607, 0, 14398
ESPPRC_heur, 0.1, 3.1, 2.7, 0.2, 0, 16462.0987, 16208.9845, True, 63
ESPPRC_heur, 0.0, 3.2, 2.7, 0.2, 0, 16461.4123, 16107.1798, True, 67
ESPPRC_heur, 0.0, 3.2, 2.7, 0.2, 0, 16456.8052, 16208.4924, True, 85
ESPPRC_heur, 0.1, 3.1, 2.7, 0.2, 0, 16456.4714, 16265.2101, True, 51
ESPPRC_heur, 0.1, 3.3, 2.8, 0.2, 0, 16455.5538, 16062.1667, True, 53
ESPPRC_heur, 0.1, 3.3, 2.8, 0.2, 0, 16455.4271, 16036.6658, True, 66
ESPPRC_heur, 0.1, 3.4, 2.9, 0.2, 0, 16455.0995, 16208.1602, True, 54
ESPPRC_heur, 0.1, 3.4, 2.9, 0.2, 0, 16454.8262, 16246.7403, True, 29
ESPPRC_heur, -0.0, 3.5, 2.9, 0.2, 0, 16454.8212, 16181.9476, True, 30
ESPPRC_heur, 0.1, 3.4, 2.8, 0.2, 0, 16454.1258, 16174.524, True, 49
ESPPRC_heur, 0.0, 3.4, 2.8, 0.2, 0, 16454.0197, 16393.8455, True, 10
ESPPRC_heur, -0.0, 3.4, 2.8, 0.2, 0, 16453.9675, 16310.3893, True, 17
ESPPRC_heur, -0.0, 3.3, 2.8, 0.2, 0, 16453.2017, 16355.6351, True, 23
ESPPRC_heur, 0.0, 3.2, 2.7, 0.2, 0, 16452.7243, 16425.22, True, 16
ESPPRC_heur, 0.0, 3.3, 2.8, 0.2, 0, 16452.6595, 16425.2374, True, 21
ESPPRC_heur, -0.0, 3.4, 2.8, 0.2, 0, 16452.627, 16420.5217, True, 9
ESPPRC_heur, 0.0, 3.3, 2.8, 0.2, 0, 16452.6073, 16421.1087, True, 11
ESPPRC_heur, 0.0, 3.3, 2.7, 0.2, 0, 16452.5432, 16430.9846, True, 14
ESPPRC_heur, 0.0, 3.3, 2.8, 0.2, 0, 16452.4954, 16437.3914, True, 9
ESPPRC_heur, -0.0, 3.4, 2.8, 0.2, 0, 16452.3728, 16442.322, True, 11
ESPPRC_heur, 0.0, 3.2, 2.6, 0.2, 0, 16452.3592, 16430.1878, True, 13
ESPPRC_heur, -0.0, 3.2, 2.6, 0.2, 0, 16452.3475, 16434.1364, True, 7
ESPPRC_heur, 0.0, 3.1, 2.6, 0.2, 0, 16452.2695, 16439.5523, True, 4
ESPPRC_heur, -0.0, 3.2, 2.6, 0.2, 0, 16452.2695, 16444.2806, True, 1
ESPPRC_heur, 0.0, 3.3, 2.7, 0.2, 0, 16452.2695, 16451.6147, True, 2
ESPPRC_heur, 0.0, 3.2, 2.7, 0.2, 0, 16452.2695, 16451.3197, True, 2
ESPPRC_heur, 0.0, 3.3, 2.8, 0.2, 0, 16452.2694, 16351.01, True, 1
ESPPRC_heur, 0.1, 3.2, 2.6, 0.2, 0, 16450.8286, 16240.979, True, 45
ESPPRC_heur, 0.0, 3.2, 2.6, 0.2, 0, 16450.8286, 16368.8806, True, 6
ESPPRC_heur, 0.0, 3.2, 2.6, 0.2, 0, 16450.4142, 16338.5268, True, 20
ESPPRC_heur, 0.1, 3.3, 2.8, 0.2, 0, 16448.6263, 16328.3204, True, 27
ESPPRC_heur, 0.0, 3.1, 2.6, 0.2, 0, 16448.4951, 16433.9112, True, 13
ESPPRC_heur, 0.0, 3.2, 2.6, 0.2, 0, 16448.4792, 16420.9716, True, 6
ESPPRC_heur, 0.0, 3.4, 2.8, 0.2, 0, 16448.355, 16415.2921, True, 11
ESPPRC_heur, 0.0, 3.1, 2.6, 0.2, 0, 16448.355, 16432.0574, True, 7
ESPPRC_heur, -0.0, 3.4, 2.8, 0.2, 0, 16448.348, 16436.6554, True, 7
ESPPRC_heur, -0.0, 3.2, 2.6, 0.2, 0, 16448.3479, 16448.0655, True, 1
ESPPRC_heur, 0.0, 3.2, 2.6, 0.2, 0, 16448.3478, 16446.1541, True, 3
ESPPRC_heur, 0.0, 3.2, 2.6, 0.2, 0, 16448.342, 16440.8369, True, 2
cyc2, 0.2, 6.7, 0.0, 0.0, 1, 16448.342, 14479.3452, 0, 12199
ESPPRC_heur, 0.0, 3.2, 2.6, 0.2, 0, 16444.4888, 16238.5743, True, 39
ESPPRC_heur, 0.0, 3.2, 2.6, 0.2, 0, 16443.9464, 16081.8611, True, 38
ESPPRC_heur, -0.0, 3.3, 2.7, 0.2, 0, 16442.1289, 16366.982, True, 26
ESPPRC_heur, 0.0, 3.3, 2.7, 0.2, 0, 16441.6578, 16395.3034, True, 30
ESPPRC_heur, 0.0, 3.3, 2.7, 0.2, 0, 16441.5411, 16368.4526, True, 20
ESPPRC_heur, 0.0, 3.3, 2.8, 0.2, 0, 16441.4943, 16388.5119, True, 17
ESPPRC_heur, 0.0, 3.5, 2.9, 0.2, 0, 16441.2638, 16426.6489, True, 13
ESPPRC_heur, 0.0, 3.3, 2.7, 0.2, 0, 16441.2501, 16409.0964, True, 17
ESPPRC_heur, 0.0, 3.2, 2.7, 0.2, 0, 16441.2418, 16410.5708, True, 13
ESPPRC_heur, 0.0, 3.4, 2.8, 0.2, 0, 16441.2238, 16409.2238, True, 6
ESPPRC_heur, 0.1, 3.5, 2.9, 0.2, 0, 16441.1735, 16402.7295, True, 4
cyc2, 0.2, 6.9, 0.0, 0.0, 1, 16441.1693, 15166.6263, 0, 9070
ESPPRC_heur, -0.0, 3.2, 2.6, 0.2, 0, 16439.7556, 16315.7142, True, 17
ESPPRC_heur, -0.0, 3.4, 2.8, 0.2, 0, 16438.739, 16317.028, True, 16
ESPPRC_heur, 0.1, 3.3, 2.7, 0.2, 0, 16438.0432, 16336.0895, True, 25
ESPPRC_heur, -0.0, 3.3, 2.7, 0.2, 0, 16437.2583, 16351.3226, True, 14
ESPPRC_heur, 0.0, 3.3, 2.7, 0.2, 0, 16437.1468, 16403.1253, True, 15
ESPPRC_heur, 0.1, 3.1, 2.7, 0.2, 0, 16436.9979, 16366.4393, True, 9
ESPPRC_heur, -0.0, 3.2, 2.7, 0.2, 0, 16436.9674, 16404.7753, True, 7
ESPPRC_heur, -0.0, 3.2, 2.7, 0.2, 0, 16436.9182, 16415.3158, True, 11
ESPPRC_heur, 0.0, 3.3, 2.8, 0.2, 0, 16436.8476, 16413.6053, True, 8
ESPPRC_heur, 0.0, 3.2, 2.7, 0.2, 0, 16436.7512, 16415.1845, True, 10
ESPPRC_heur, 0.0, 3.4, 2.8, 0.2, 0, 16436.5832, 16424.9326, True, 10
ESPPRC_heur, 0.0, 3.3, 2.8, 0.2, 0, 16436.5698, 16410.7032, True, 9
ESPPRC_heur, 0.0, 3.2, 2.7, 0.2, 0, 16436.4553, 16432.213, True, 2
ESPPRC_heur, 0.0, 3.3, 2.8, 0.2, 0, 16436.4553, 16430.543, True, 2
ESPPRC_heur, -0.0, 3.4, 2.8, 0.2, 0, 16436.4553, 16428.5245, True, 3
cyc2, 0.1, 5.8, 0.0, 0.0, 1, 16436.454, 14428.6559, 0, 11751
ESPPRC_heur, 0.0, 3.4, 2.8, 0.2, 0, 16432.2468, 16371.3483, True, 18
ESPPRC_heur, -0.0, 3.2, 2.7, 0.2, 0, 16431.8056, 16315.9548, True, 9
ESPPRC_heur, -0.0, 3.4, 2.8, 0.2, 0, 16431.7524, 16361.6446, True, 9
ESPPRC_heur, 0.1, 3.3, 2.8, 0.2, 0, 16431.5039, 16395.8685, True, 8
ESPPRC_heur, 0.0, 3.3, 2.8, 0.2, 0, 16431.5009, 16422.2473, True, 7
ESPPRC_heur, 0.0, 3.2, 2.7, 0.2, 0, 16431.4991, 16428.6515, True, 2
cyc2, 0.1, 4.5, 0.0, 0.0, 1, 16431.4991, 14906.4501, 0, 12580
ESPPRC_heur, -0.0, 3.3, 2.8, 0.2, 0, 16431.4739, 16412.7259, True, 4
cyc2, 0.1, 4.2, 0.0, 0.0, 1, 16431.471, 15195.1375, 0, 7883
ESPPRC_heur, 0.1, 3.4, 2.9, 0.2, 0, 16428.4118, 16184.9548, True, 25
ESPPRC_heur, 0.1, 3.4, 2.9, 0.2, 0, 16426.1081, 16340.9309, True, 12
ESPPRC_heur, 0.0, 3.4, 2.9, 0.2, 0, 16426.0049, 16389.4627, True, 12
ESPPRC_heur, 0.0, 3.4, 2.8, 0.2, 0, 16425.8447, 16353.7805, True, 18
ESPPRC_heur, -0.0, 3.5, 2.9, 0.2, 0, 16425.3534, 16396.857, True, 14
ESPPRC_heur, 0.0, 3.4, 2.8, 0.2, 0, 16425.3534, 16424.0743, True, 1
cyc2, 0.1, 5.0, 0.0, 0.0, 1, 16425.353, 15456.5652, 0, 5729
ESPPRC_heur, 0.0, 3.4, 2.8, 0.2, 0, 16413.8574, 16239.2899, True, 58
ESPPRC_heur, 0.0, 3.5, 2.9, 0.2, 0, 16411.1591, 16306.4878, True, 42
ESPPRC_heur, 0.1, 3.5, 2.9, 0.2, 0, 16410.8767, 16306.8052, True, 51
ESPPRC_heur, 0.0, 3.5, 2.9, 0.2, 0, 16410.1609, 16326.683, True, 30
ESPPRC_heur, 0.0, 3.3, 2.8, 0.2, 0, 16409.2163, 16375.0902, True, 21
ESPPRC_heur, 0.0, 3.4, 2.8, 0.2, 0, 16409.0409, 16344.8024, True, 26
ESPPRC_heur, 0.1, 3.4, 2.9, 0.2, 0, 16408.2074, 16364.2565, True, 29
ESPPRC_heur, -0.0, 3.5, 2.9, 0.2, 0, 16408.1357, 16357.1001, True, 22
ESPPRC_heur, 0.0, 3.5, 2.9, 0.2, 0, 16407.9477, 16381.2549, True, 24
ESPPRC_heur, 0.1, 3.4, 2.9, 0.2, 0, 16407.8819, 16272.3712, True, 52
ESPPRC_heur, 0.1, 3.4, 2.9, 0.2, 0, 16407.7367, 16347.8955, True, 24
ESPPRC_heur, -0.0, 3.5, 2.9, 0.2, 0, 16406.9627, 16340.5353, True, 25
ESPPRC_heur, 0.0, 3.4, 2.8, 0.2, 0, 16406.7113, 16356.8444, True, 21
ESPPRC_heur, 0.1, 3.4, 2.9, 0.2, 0, 16406.5499, 16392.6036, True, 11
ESPPRC_heur, 0.0, 3.4, 2.9, 0.2, 0, 16406.5469, 16388.4191, True, 2
ESPPRC_heur, 0.0, 3.4, 2.9, 0.2, 0, 16406.5251, 16401.0089, True, 5
ESPPRC_heur, 0.0, 3.4, 2.9, 0.2, 0, 16406.5219, 16403.3848, True, 4
ESPPRC_heur, -0.0, 3.4, 2.8, 0.2, 0, 16406.5219, 16405.4273, True, 2
ESPPRC_heur, -0.0, 3.4, 2.8, 0.2, 0, 16406.5218, 16403.9901, True, 1
ESPPRC_heur, -0.0, 3.4, 2.8, 0.2, 0, 16406.5201, 16405.1872, True, 1
ESPPRC_heur, -0.0, 3.4, 2.8, 0.2, 0, 16406.5201, 16405.4354, True, 1
ESPPRC_heur, -0.0, 3.4, 2.8, 0.2, 0, 16406.5197, 16404.661, True, 1
cyc2, 0.1, 4.5, 0.0, 0.0, 1, 16406.5197, 15619.7031, 0, 5191
ESPPRC_heur, 0.0, 3.2, 2.7, 0.2, 0, 16400.8658, 16342.0038, True, 30
ESPPRC_heur, 0.1, 3.1, 2.6, 0.2, 0, 16400.6367, 16356.3047, True, 27
ESPPRC_heur, -0.0, 3.2, 2.7, 0.2, 0, 16400.2432, 16357.0951, True, 25
ESPPRC_heur, 0.0, 3.3, 2.7, 0.2, 0, 16399.6722, 16379.5438, True, 8
ESPPRC_heur, 0.0, 3.3, 2.7, 0.2, 0, 16399.6184, 16392.0685, True, 8
ESPPRC_heur, 0.0, 3.1, 2.6, 0.2, 0, 16399.6092, 16389.6964, True, 2
ESPPRC_heur, 0.0, 3.1, 2.6, 0.2, 0, 16399.5992, 16386.9924, True, 2
ESPPRC_heur, 0.0, 3.1, 2.7, 0.2, 0, 16399.5992, 16394.1488, True, 1
ESPPRC_heur, 0.0, 3.1, 2.6, 0.2, 0, 16399.5992, 16398.6109, True, 1
cyc2, 0.1, 4.4, 0.0, 0.0, 1, 16399.5991, 15525.8357, 0, 3408
ESPPRC_heur, 0.1, 3.3, 2.8, 0.2, 0, 16393.0948, 16341.1585, True, 33
ESPPRC_heur, 0.0, 3.3, 2.8, 0.2, 0, 16392.8261, 16366.8263, True, 17
ESPPRC_heur, 0.0, 3.3, 2.8, 0.2, 0, 16392.5825, 16372.1785, True, 21
ESPPRC_heur, 0.0, 3.3, 2.8, 0.2, 0, 16392.5488, 16383.13, True, 6
ESPPRC_heur, 0.1, 3.2, 2.7, 0.2, 0, 16392.542, 16381.548, True, 14
ESPPRC_heur, 0.0, 3.3, 2.8, 0.2, 0, 16392.5377, 16384.6191, True, 12
ESPPRC_heur, 0.0, 3.1, 2.6, 0.2, 0, 16392.4945, 16378.1548, True, 8
ESPPRC_heur, 0.0, 3.1, 2.6, 0.2, 0, 16392.4432, 16382.1249, True, 12
ESPPRC_heur, 0.1, 3.2, 2.7, 0.2, 0, 16392.4018, 16380.9432, True, 9
ESPPRC_heur, 0.0, 3.3, 2.8, 0.2, 0, 16392.3645, 16378.5538, True, 10
ESPPRC_heur, 0.0, 3.3, 2.8, 0.2, 0, 16392.3413, 16377.9583, True, 11
ESPPRC_heur, 0.0, 3.3, 2.8, 0.2, 0, 16392.2893, 16375.5477, True, 16
ESPPRC_heur, 0.0, 3.3, 2.8, 0.2, 0, 16392.2289, 16357.9432, True, 17
ESPPRC_heur, 0.0, 3.3, 2.8, 0.2, 0, 16392.1514, 16342.672, True, 17
ESPPRC_heur, -0.0, 3.2, 2.7, 0.2, 0, 16391.9358, 16389.5949, True, 6
ESPPRC_heur, 0.0, 3.1, 2.6, 0.2, 0, 16391.9333, 16388.4544, True, 2
ESPPRC_heur, -0.0, 3.2, 2.6, 0.2, 0, 16391.9332, 16384.4477, True, 3
ESPPRC_heur, 0.0, 3.3, 2.8, 0.2, 0, 16391.9118, 16345.3953, True, 14
ESPPRC_heur, 0.1, 3.2, 2.7, 0.2, 0, 16391.8753, 16351.1067, True, 8
ESPPRC_heur, 0.0, 3.1, 2.6, 0.2, 0, 16391.8032, 16391.5313, True, 1
ESPPRC_heur, -0.0, 3.3, 2.7, 0.2, 0, 16391.8029, 16387.8202, True, 1
ESPPRC_heur, 0.0, 3.1, 2.6, 0.2, 0, 16391.7773, 16391.4986, True, 1
cyc2, 0.1, 4.4, 0.0, 0.0, 1, 16391.7773, 15074.1502, 0, 3589
ESPPRC_heur, 0.0, 3.3, 2.8, 0.2, 0, 16389.7613, 16214.0009, True, 15
ESPPRC_heur, -0.0, 3.4, 2.8, 0.2, 0, 16389.2476, 16348.7966, True, 10
ESPPRC_heur, 0.0, 3.2, 2.7, 0.2, 0, 16389.057, 16359.0772, True, 10
ESPPRC_heur, 0.0, 3.1, 2.7, 0.2, 0, 16388.9713, 16362.8657, True, 12
ESPPRC_heur, 0.1, 3.3, 2.8, 0.2, 0, 16388.9554, 16384.5288, True, 7
ESPPRC_heur, 0.0, 3.4, 2.8, 0.2, 0, 16388.9405, 16386.9828, True, 1
ESPPRC_heur, 0.0, 3.3, 2.8, 0.2, 0, 16388.9402, 16387.5251, True, 1
ESPPRC_heur, -0.0, 3.4, 2.8, 0.2, 0, 16388.9354, 16387.3064, True, 2
cyc2, 0.1, 4.5, 0.0, 0.0, 1, 16388.9354, 15722.8411, 0, 2921
ESPPRC_heur, 0.0, 3.2, 2.7, 0.2, 0, 16385.4727, 16372.5687, True, 17
ESPPRC_heur, 0.0, 3.2, 2.6, 0.2, 0, 16385.459, 16375.6149, True, 15
ESPPRC_heur, -0.0, 3.2, 2.7, 0.2, 0, 16385.4071, 16365.4827, True, 8
ESPPRC_heur, -0.0, 3.3, 2.7, 0.2, 0, 16385.3509, 16383.4276, True, 4
ESPPRC_heur, -0.0, 3.2, 2.7, 0.2, 0, 16385.3509, 16384.0503, True, 1
ESPPRC_heur, 0.0, 3.1, 2.6, 0.2, 0, 16385.3496, 16363.2804, True, 4
ESPPRC_heur, 0.0, 3.1, 2.6, 0.2, 0, 16385.3495, 16385.2835, True, 1
cyc2, 0.1, 4.8, 0.0, 0.0, 1, 16385.3495, 15833.6602, 0, 1915
ESPPRC_heur, 0.1, 3.2, 2.7, 0.2, 0, 16380.3718, 16291.032, True, 62
ESPPRC_heur, 0.0, 3.2, 2.7, 0.2, 0, 16380.3348, 16327.8697, True, 41
ESPPRC_heur, 0.0, 3.2, 2.7, 0.2, 0, 16379.7837, 16336.5302, True, 19
ESPPRC_heur, -0.0, 3.3, 2.7, 0.2, 0, 16379.6779, 16354.9091, True, 14
ESPPRC_heur, 0.0, 3.3, 2.7, 0.2, 0, 16379.6059, 16308.4385, True, 31
ESPPRC_heur, 0.0, 3.3, 2.8, 0.2, 0, 16379.6059, 16358.7145, True, 11
ESPPRC_heur, 0.0, 3.3, 2.8, 0.2, 0, 16379.6034, 16367.9477, True, 4
ESPPRC_heur, 0.0, 3.3, 2.7, 0.2, 0, 16379.6003, 16345.4768, True, 9
ESPPRC_heur, -0.0, 3.3, 2.7, 0.2, 0, 16379.6, 16339.5525, True, 10
ESPPRC_heur, -0.0, 3.3, 2.7, 0.2, 0, 16379.5923, 16349.8143, True, 15
ESPPRC_heur, -0.0, 3.3, 2.7, 0.2, 0, 16379.592, 16359.2913, True, 6
ESPPRC_heur, 0.0, 3.3, 2.7, 0.2, 0, 16379.4282, 16312.2459, True, 27
ESPPRC_heur, 0.0, 3.3, 2.8, 0.2, 0, 16379.4269, 16364.0429, True, 4
ESPPRC_heur, -0.0, 3.3, 2.7, 0.2, 0, 16379.3659, 16358.8125, True, 19
ESPPRC_heur, -0.0, 3.3, 2.7, 0.2, 0, 16379.3648, 16365.1997, True, 5
ESPPRC_heur, -0.0, 3.3, 2.7, 0.2, 0, 16379.3381, 16356.0694, True, 6
cyc2, 0.2, 5.5, 0.0, 0.0, 1, 16379.3374, 15818.4189, 0, 2169
ESPPRC_heur, 0.0, 3.4, 2.8, 0.2, 0, 16377.5289, 16293.0409, True, 25
ESPPRC_heur, 0.0, 3.4, 2.9, 0.2, 0, 16377.107, 16365.5278, True, 11
ESPPRC_heur, -0.0, 3.5, 2.9, 0.2, 0, 16377.0268, 16331.3027, True, 4
ESPPRC_heur, 0.0, 3.4, 2.9, 0.2, 0, 16376.8846, 16368.7241, True, 3
ESPPRC_heur, 0.0, 3.4, 2.9, 0.2, 0, 16376.8846, 16364.0929, True, 1
ESPPRC_heur, 0.0, 3.4, 2.9, 0.2, 0, 16376.7876, 16368.7876, True, 3
ESPPRC_heur, 0.0, 3.4, 2.8, 0.2, 0, 16376.7471, 16374.2358, True, 5
ESPPRC_heur, -0.0, 3.2, 2.7, 0.2, 0, 16376.7423, 16374.3113, True, 3
cyc2, 0.1, 4.4, 0.0, 0.0, 1, 16376.7409, 15983.7247, 0, 1250
ESPPRC_heur, -0.0, 3.3, 2.7, 0.2, 0, 16365.8324, 16314.8448, True, 37
ESPPRC_heur, 0.0, 3.3, 2.7, 0.2, 0, 16365.0402, 16331.2699, True, 26
ESPPRC_heur, -0.0, 3.2, 2.6, 0.2, 0, 16364.4869, 16313.6799, True, 30
ESPPRC_heur, 0.0, 3.1, 2.5, 0.2, 0, 16364.2231, 16328.6102, True, 14
ESPPRC_heur, 0.0, 3.1, 2.5, 0.2, 0, 16364.1806, 16330.2297, True, 18
ESPPRC_heur, -0.0, 3.2, 2.7, 0.2, 0, 16364.1076, 16325.2503, True, 15
ESPPRC_heur, 0.0, 3.2, 2.7, 0.2, 0, 16364.0789, 16357.4111, True, 6
ESPPRC_heur, -0.0, 3.4, 2.8, 0.2, 0, 16364.0696, 16349.6178, True, 4
ESPPRC_heur, 0.0, 3.1, 2.7, 0.2, 0, 16364.0193, 16338.5013, True, 15
ESPPRC_heur, 0.0, 3.1, 2.6, 0.2, 0, 16363.9054, 16337.0182, True, 14
ESPPRC_heur, 0.0, 3.1, 2.6, 0.2, 0, 16363.8886, 16346.6814, True, 8
ESPPRC_heur, -0.0, 3.2, 2.7, 0.2, 0, 16363.8048, 16335.806, True, 12
ESPPRC_heur, 0.0, 3.1, 2.6, 0.2, 0, 16363.4901, 16304.3758, True, 25
ESPPRC_heur, 0.1, 3.2, 2.7, 0.2, 0, 16363.4217, 16345.2222, True, 7
ESPPRC_heur, 0.0, 3.3, 2.7, 0.2, 0, 16363.4024, 16313.6208, True, 17
ESPPRC_heur, 0.0, 3.3, 2.8, 0.2, 0, 16363.4024, 16347.5282, True, 8
ESPPRC_heur, 0.0, 3.3, 2.8, 0.2, 0, 16363.4024, 16334.0718, True, 7
ESPPRC_heur, 0.0, 3.3, 2.8, 0.2, 0, 16363.3553, 16351.9032, True, 5
ESPPRC_heur, 0.0, 3.1, 2.5, 0.2, 0, 16363.3548, 16307.143, True, 7
ESPPRC_heur, 0.0, 3.1, 2.5, 0.2, 0, 16363.3548, 16358.9042, True, 1
ESPPRC_heur, 0.0, 3.1, 2.5, 0.2, 0, 16363.3532, 16327.4463, True, 16
ESPPRC_heur, 0.0, 3.1, 2.5, 0.2, 0, 16363.0097, 16320.4934, True, 15
ESPPRC_heur, 0.0, 3.2, 2.7, 0.2, 0, 16363.0097, 16359.528, True, 2
cyc2, 0.1, 4.4, 0.0, 0.0, 1, 16363.0097, 15965.5523, 0, 1419
ESPPRC_heur, -0.0, 3.4, 2.8, 0.2, 0, 16353.5059, 16265.6043, True, 25
ESPPRC_heur, 0.0, 3.4, 2.8, 0.2, 0, 16352.5304, 16305.9014, True, 24
ESPPRC_heur, 0.0, 3.3, 2.8, 0.2, 0, 16351.9336, 16333.9245, True, 18
ESPPRC_heur, 0.0, 3.2, 2.6, 0.2, 0, 16351.8791, 16311.3157, True, 24
ESPPRC_heur, -0.0, 3.3, 2.7, 0.2, 0, 16351.7649, 16297.84, True, 24
ESPPRC_heur, 0.0, 3.3, 2.8, 0.2, 0, 16351.7199, 16303.8939, True, 16
ESPPRC_heur, -0.0, 3.2, 2.6, 0.2, 0, 16351.7199, 16311.1744, True, 10
ESPPRC_heur, 0.0, 3.2, 2.7, 0.2, 0, 16351.6759, 16327.6499, True, 10
ESPPRC_heur, 0.0, 3.2, 2.7, 0.2, 0, 16351.6565, 16348.1857, True, 3
ESPPRC_heur, 0.1, 3.3, 2.8, 0.2, 0, 16351.6528, 16348.9042, True, 2
ESPPRC_heur, -0.0, 3.4, 2.8, 0.2, 0, 16351.6511, 16350.1726, True, 1
ESPPRC_heur, 0.0, 3.4, 2.8, 0.2, 0, 16351.6509, 16344.1552, True, 1
cyc2, 0.1, 5.8, 0.0, 0.0, 1, 16351.6509, 15935.01, 0, 1505
cyc2, 0.1, 8.2, 0.0, 0.0, 1, 16351.6498, 16085.5188, 0, 893
ESPPRC_heur, 0.1, 3.1, 2.7, 0.2, 0, 16342.7636, 16271.5589, True, 47
ESPPRC_heur, 0.0, 3.2, 2.6, 0.2, 0, 16342.4329, 16289.0717, True, 34
ESPPRC_heur, 0.1, 3.2, 2.7, 0.2, 0, 16342.2665, 16255.1422, True, 48
ESPPRC_heur, 0.1, 3.3, 2.8, 0.2, 0, 16341.9773, 16310.749, True, 21
ESPPRC_heur, 0.0, 3.2, 2.7, 0.2, 0, 16341.6802, 16295.6837, True, 29
ESPPRC_heur, -0.0, 3.3, 2.8, 0.2, 0, 16341.4245, 16307.3254, True, 22
ESPPRC_heur, 0.0, 3.4, 2.8, 0.2, 0, 16341.1565, 16312.9444, True, 20
ESPPRC_heur, 0.0, 3.4, 2.8, 0.2, 0, 16340.9561, 16301.874, True, 23
ESPPRC_heur, -0.0, 3.4, 2.8, 0.2, 0, 16340.8523, 16329.4511, True, 12
ESPPRC_heur, 0.1, 3.3, 2.8, 0.2, 0, 16340.7952, 16285.9538, True, 24
ESPPRC_heur, -0.0, 3.2, 2.6, 0.2, 0, 16340.784, 16331.524, True, 6
ESPPRC_heur, 0.1, 3.1, 2.5, 0.2, 0, 16340.7656, 16332.8591, True, 7
ESPPRC_heur, 0.0, 3.1, 2.5, 0.2, 0, 16340.743, 16322.9588, True, 8
ESPPRC_heur, 0.0, 3.1, 2.5, 0.2, 0, 16340.743, 16327.8063, True, 4
ESPPRC_heur, 0.0, 3.1, 2.5, 0.2, 0, 16340.7395, 16339.6521, True, 1
cyc2, 0.1, 7.4, 0.0, 0.0, 1, 16340.7392, 16042.2163, 0, 804
ESPPRC_heur, -0.0, 3.2, 2.7, 0.2, 0, 16339.3692, 16320.4743, True, 23
ESPPRC_heur, 0.1, 3.1, 2.6, 0.2, 0, 16339.3096, 16316.728, True, 13
ESPPRC_heur, 0.1, 3.1, 2.5, 0.2, 0, 16339.3096, 16287.5443, True, 15
ESPPRC_heur, -0.0, 3.0, 2.4, 0.2, 0, 16339.2377, 16301.5413, True, 19
ESPPRC_heur, 0.0, 3.1, 2.6, 0.2, 0, 16339.0217, 16320.6351, True, 12
ESPPRC_heur, 0.0, 3.1, 2.5, 0.2, 0, 16338.9633, 16330.9633, True, 12
ESPPRC_heur, 0.0, 3.1, 2.5, 0.2, 0, 16338.8465, 16333.7613, True, 6
ESPPRC_heur, 0.0, 3.1, 2.5, 0.2, 0, 16338.8376, 16331.3074, True, 5
ESPPRC_heur, -0.0, 3.1, 2.5, 0.2, 0, 16338.7829, 16319.0556, True, 7
ESPPRC_heur, -0.0, 3.2, 2.6, 0.2, 0, 16338.7037, 16330.7037, True, 4
ESPPRC_heur, -0.0, 3.2, 2.7, 0.2, 0, 16338.6488, 16333.6785, True, 3
ESPPRC_heur, 0.0, 3.2, 2.7, 0.2, 0, 16338.6355, 16336.9016, True, 1
ESPPRC_heur, 0.0, 3.1, 2.7, 0.2, 0, 16338.6355, 16337.801, True, 1
cyc2, 0.1, 5.9, 0.0, 0.0, 1, 16338.6354, 15947.0935, 0, 1280
ESPPRC_heur, 0.0, 3.2, 2.7, 0.2, 0, 16337.8688, 16324.3739, True, 5
ESPPRC_heur, 0.0, 3.1, 2.5, 0.2, 0, 16337.8476, 16335.602, True, 1
ESPPRC_heur, 0.0, 3.1, 2.5, 0.2, 0, 16337.8444, 16334.6708, True, 2
ESPPRC_heur, 0.0, 3.1, 2.5, 0.2, 0, 16337.8436, 16314.9047, True, 5
ESPPRC_heur, 0.0, 3.1, 2.5, 0.2, 0, 16337.8362, 16336.6409, True, 1
cyc2, 0.1, 4.3, 0.0, 0.0, 1, 16337.835, 16068.8075, 0, 902
ESPPRC_heur, 0.0, 3.1, 2.5, 0.2, 0, 16337.026, 16301.0923, True, 15
ESPPRC_heur, 0.1, 3.1, 2.7, 0.2, 0, 16336.9378, 16293.2624, True, 30
ESPPRC_heur, 0.0, 3.1, 2.6, 0.2, 0, 16336.9378, 16328.4744, True, 3
ESPPRC_heur, -0.0, 3.2, 2.7, 0.2, 0, 16336.9356, 16333.9301, True, 1
ESPPRC_heur, 0.0, 3.3, 2.8, 0.2, 0, 16336.9302, 16330.0407, True, 6
cyc2, 0.1, 5.9, 0.0, 0.0, 1, 16336.9197, 16168.6392, 0, 543
ESPPRC_heur, 0.1, 3.2, 2.7, 0.2, 0, 16332.3448, 16281.297, True, 18
ESPPRC_heur, -0.0, 3.3, 2.7, 0.2, 0, 16332.0644, 16304.2203, True, 13
ESPPRC_heur, 0.1, 3.1, 2.7, 0.2, 0, 16332.0572, 16317.0462, True, 8
ESPPRC_heur, -0.0, 3.4, 2.8, 0.2, 0, 16332.0325, 16329.2484, True, 1
cyc2, 0.1, 4.5, 0.0, 0.0, 1, 16332.0309, 16067.0314, 0, 645
ESPPRC_heur, 0.0, 3.4, 2.8, 0.2, 0, 16328.2042, 16300.5113, True, 9
ESPPRC_heur, -0.0, 3.5, 2.9, 0.2, 0, 16328.1891, 16318.3448, True, 4
ESPPRC_heur, 0.0, 3.4, 2.8, 0.2, 0, 16328.1891, 16298.4977, True, 7
ESPPRC_heur, -0.0, 3.5, 2.9, 0.2, 0, 16328.1891, 16308.3239, True, 2
cyc2, 0.2, 6.3, 0.0, 0.0, 1, 16328.1891, 16061.0539, 0, 426
ESPPRC_heur, -0.0, 3.5, 2.9, 0.2, 0, 16326.0856, 16265.7667, True, 21
ESPPRC_heur, -0.0, 3.7, 3.0, 0.2, 0, 16326.009, 16302.657, True, 14
ESPPRC_heur, -0.0, 3.5, 2.9, 0.2, 0, 16325.8659, 16292.6421, True, 13
ESPPRC_heur, -0.0, 3.3, 2.8, 0.2, 0, 16325.8609, 16312.6946, True, 6
ESPPRC_heur, -0.0, 3.5, 2.9, 0.2, 0, 16325.8609, 16308.657, True, 4
ESPPRC_heur, -0.0, 3.5, 2.9, 0.2, 0, 16325.8173, 16311.0279, True, 9
ESPPRC_heur, -0.0, 3.5, 2.9, 0.2, 0, 16325.8168, 16320.3545, True, 1
ESPPRC_heur, -0.0, 3.5, 2.9, 0.2, 0, 16325.8168, 16325.1951, True, 2
cyc2, 0.1, 6.2, 0.0, 0.0, 1, 16325.8156, 16087.3841, 0, 574
ESPPRC_heur, -0.0, 3.6, 3.0, 0.2, 0, 16325.2492, 16265.0895, True, 17
ESPPRC_heur, 0.0, 3.5, 2.9, 0.2, 0, 16325.2483, 16301.6114, True, 7
ESPPRC_heur, 0.0, 3.4, 2.8, 0.2, 0, 16325.1533, 16318.7612, True, 7
ESPPRC_heur, -0.0, 3.5, 2.8, 0.3, 0, 16325.1414, 16322.1558, True, 3
cyc2, 0.1, 6.2, 0.0, 0.0, 1, 16325.1404, 16180.6289, 0, 338
ESPPRC_heur, 0.0, 3.3, 2.7, 0.2, 0, 16323.0957, 16288.7091, True, 25
ESPPRC_heur, 0.1, 3.3, 2.7, 0.3, 0, 16322.722, 16278.8304, True, 20
ESPPRC_heur, 0.0, 3.4, 2.7, 0.3, 0, 16322.5547, 16280.2301, True, 21
ESPPRC_heur, 0.1, 3.3, 2.7, 0.3, 0, 16322.4151, 16295.9402, True, 6
ESPPRC_heur, 0.0, 3.3, 2.7, 0.2, 0, 16322.2045, 16312.0169, True, 8
ESPPRC_heur, 0.0, 3.3, 2.8, 0.2, 0, 16322.1986, 16314.8938, True, 6
ESPPRC_heur, 0.0, 3.2, 2.7, 0.2, 0, 16322.1986, 16316.1499, True, 3
cyc2, 0.1, 4.4, 0.0, 0.0, 1, 16322.1985, 16196.3393, 0, 323
ESPPRC_heur, 0.1, 3.1, 2.7, 0.2, 0, 16320.2483, 16285.1873, True, 14
ESPPRC_heur, 0.0, 3.2, 2.7, 0.2, 0, 16320.2271, 16286.7411, True, 10
ESPPRC_heur, -0.0, 3.4, 2.8, 0.2, 0, 16320.1662, 16295.653, True, 14
ESPPRC_heur, -0.0, 3.4, 2.8, 0.2, 0, 16320.1386, 16288.1386, True, 4
ESPPRC_heur, 0.0, 3.4, 2.8, 0.2, 0, 16320.0596, 16310.1948, True, 6
ESPPRC_heur, -0.0, 3.4, 2.8, 0.2, 0, 16319.9553, 16302.7118, True, 4
ESPPRC_heur, -0.0, 3.4, 2.8, 0.2, 0, 16319.9319, 16299.5928, True, 5
ESPPRC_heur, 0.0, 3.4, 2.8, 0.2, 0, 16319.9003, 16313.111, True, 2
ESPPRC_heur, 0.0, 3.4, 2.8, 0.2, 0, 16319.9003, 16306.9811, True, 1
cyc2, 0.1, 6.2, 0.0, 0.0, 1, 16319.9003, 16147.1024, 0, 303
ESPPRC_heur, -0.0, 3.3, 2.7, 0.2, 0, 16317.9295, 16284.5693, True, 22
ESPPRC_heur, 0.0, 3.3, 2.7, 0.2, 0, 16317.9149, 16291.3213, True, 19
ESPPRC_heur, 0.0, 3.3, 2.7, 0.2, 0, 16317.8862, 16294.3121, True, 8
ESPPRC_heur, 0.0, 3.3, 2.7, 0.2, 0, 16317.8613, 16265.2843, True, 10
ESPPRC_heur, 0.0, 3.3, 2.7, 0.2, 0, 16317.8284, 16282.264, True, 20
ESPPRC_heur, 0.0, 3.3, 2.7, 0.2, 0, 16317.5153, 16315.0396, True, 5
ESPPRC_heur, 0.0, 3.2, 2.7, 0.2, 0, 16317.5153, 16298.9831, True, 7
cyc2, 0.1, 6.2, 0.0, 0.0, 1, 16317.5153, 16194.9833, 0, 318
ESPPRC_heur, -0.0, 3.4, 2.8, 0.2, 0, 16316.0209, 16280.5666, True, 17
ESPPRC_heur, 0.0, 3.2, 2.7, 0.2, 0, 16316.0209, 16294.6647, True, 9
ESPPRC_heur, 0.1, 3.1, 2.7, 0.2, 0, 16315.9782, 16291.876, True, 10
ESPPRC_heur, -0.0, 3.4, 2.8, 0.2, 0, 16315.9644, 16294.6902, True, 10
ESPPRC_heur, -0.0, 3.3, 2.8, 0.2, 0, 16315.9606, 16306.6356, True, 4
ESPPRC_heur, 0.0, 3.3, 2.8, 0.2, 0, 16315.9585, 16313.6866, True, 2
ESPPRC_heur, 0.0, 3.3, 2.8, 0.2, 0, 16315.9515, 16313.8805, True, 6
ESPPRC_heur, -0.0, 3.4, 2.8, 0.2, 0, 16315.9506, 16302.332, True, 2
ESPPRC_heur, -0.0, 3.3, 2.8, 0.2, 0, 16315.9082, 16306.829, True, 4
ESPPRC_heur, -0.0, 3.4, 2.8, 0.2, 0, 16315.9082, 16273.946, True, 12
cyc2, 0.1, 6.2, 0.0, 0.0, 1, 16315.9082, 16172.1743, 0, 282
ESPPRC_heur, 0.1, 3.5, 2.9, 0.2, 0, 16313.2987, 16233.2692, True, 27
ESPPRC_heur, -0.0, 3.5, 2.9, 0.2, 0, 16313.2585, 16306.1097, True, 7
ESPPRC_heur, 0.1, 3.5, 2.9, 0.2, 0, 16313.2432, 16307.1555, True, 7
ESPPRC_heur, 0.1, 3.5, 3.0, 0.2, 0, 16313.2002, 16309.5956, True, 5
ESPPRC_heur, 0.0, 3.4, 2.8, 0.2, 0, 16313.1987, 16304.9593, True, 5
ESPPRC_heur, 0.0, 3.1, 2.5, 0.2, 0, 16313.188, 16305.3443, True, 5
ESPPRC_heur, 0.0, 3.1, 2.5, 0.2, 0, 16313.1865, 16309.3175, True, 2
cyc2, 0.1, 7.3, 0.0, 0.0, 1, 16313.1822, 16165.4369, 0, 269
ESPPRC_heur, 0.0, 3.1, 2.5, 0.2, 0, 16312.8995, 16292.8034, True, 14
ESPPRC_heur, 0.1, 3.1, 2.5, 0.2, 0, 16312.8717, 16297.7617, True, 9
ESPPRC_heur, 0.1, 3.1, 2.5, 0.2, 0, 16312.8598, 16302.3898, True, 4
cyc2, 0.1, 6.9, 0.0, 0.0, 1, 16312.8577, 16149.3474, 0, 222
ESPPRC_heur, 0.0, 3.2, 2.6, 0.2, 0, 16312.6292, 16289.3887, True, 11
ESPPRC_heur, 0.0, 3.3, 2.7, 0.2, 0, 16312.6292, 16312.3642, True, 2
cyc2, 0.2, 5.8, 0.0, 0.0, 1, 16312.6291, 16202.5268, 0, 217
ESPPRC_heur, 0.0, 3.3, 2.8, 0.2, 0, 16311.9918, 16302.5931, True, 7
ESPPRC_heur, 0.0, 3.3, 2.8, 0.2, 0, 16311.97, 16306.9707, True, 6
ESPPRC_heur, 0.0, 3.3, 2.8, 0.2, 0, 16311.9596, 16308.8716, True, 2
ESPPRC_heur, 0.0, 3.3, 2.8, 0.2, 0, 16311.9504, 16310.8549, True, 2
cyc2, 0.1, 6.2, 0.0, 0.0, 1, 16311.9494, 16233.6382, 0, 199
ESPPRC_heur, -0.0, 3.3, 2.7, 0.2, 0, 16310.9052, 16246.3657, True, 10
ESPPRC_heur, -0.0, 3.3, 2.7, 0.2, 0, 16310.9021, 16310.0993, True, 2
ESPPRC_heur, 0.0, 3.3, 2.8, 0.2, 0, 16310.9015, 16294.9331, True, 4
cyc2, 0.1, 6.2, 0.0, 0.0, 1, 16310.9015, 16183.7797, 0, 216
ESPPRC_heur, 0.0, 3.2, 2.7, 0.2, 0, 16309.9758, 16286.4928, True, 16
ESPPRC_heur, 0.1, 3.2, 2.7, 0.2, 0, 16309.9275, 16296.6965, True, 17
ESPPRC_heur, 0.0, 3.2, 2.7, 0.2, 0, 16309.916, 16300.9743, True, 4
ESPPRC_heur, 0.0, 3.2, 2.7, 0.2, 0, 16309.9073, 16305.5883, True, 2
ESPPRC_heur, 0.0, 3.2, 2.7, 0.2, 0, 16309.9006, 16305.0463, True, 2
ESPPRC_heur, 0.0, 3.2, 2.7, 0.2, 0, 16309.8821, 16306.5816, True, 3
cyc2, 0.1, 6.1, 0.0, 0.0, 1, 16309.8717, 16234.4919, 0, 194
ESPPRC_heur, 0.0, 3.2, 2.7, 0.2, 0, 16309.1288, 16296.5599, True, 5
ESPPRC_heur, -0.0, 3.3, 2.7, 0.2, 0, 16309.1173, 16293.5049, True, 5
cyc2, 0.1, 6.2, 0.0, 0.0, 1, 16309.1173, 16156.1553, 0, 315
ESPPRC_heur, -0.0, 3.3, 2.7, 0.2, 0, 16309.1173, 16297.5504, True, 3
ESPPRC_heur, 0.0, 3.2, 2.7, 0.2, 0, 16309.1097, 16307.6205, True, 1
cyc2, 0.2, 6.1, 0.0, 0.0, 1, 16309.1057, 16257.6962, 0, 146
ESPPRC_heur, 0.1, 3.2, 2.7, 0.2, 0, 16307.5899, 16278.7147, True, 18
ESPPRC_heur, -0.0, 3.3, 2.7, 0.2, 0, 16307.5772, 16300.0924, True, 7
ESPPRC_heur, -0.0, 3.3, 2.7, 0.2, 0, 16307.5761, 16304.8715, True, 4
ESPPRC_heur, -0.0, 3.3, 2.7, 0.2, 0, 16307.5738, 16285.2713, True, 2
ESPPRC_heur, -0.0, 3.3, 2.7, 0.2, 0, 16307.5738, 16305.6075, True, 2
ESPPRC_heur, -0.0, 3.3, 2.7, 0.2, 0, 16307.5737, 16302.6868, True, 1
ESPPRC_heur, -0.0, 3.3, 2.7, 0.2, 0, 16307.5737, 16307.5246, True, 1
cyc2, 0.1, 6.2, 0.0, 0.0, 1, 16307.5737, 16256.0497, 0, 137
ESPPRC_heur, 0.1, 3.2, 2.7, 0.2, 0, 16306.8626, 16290.8279, True, 7
ESPPRC_heur, 0.0, 3.2, 2.7, 0.2, 0, 16306.859, 16298.5693, True, 1
cyc2, 0.1, 6.2, 0.0, 0.0, 1, 16306.859, 16240.1165, 0, 142
ESPPRC_heur, -0.0, 3.2, 2.7, 0.2, 0, 16306.3819, 16293.397, True, 4
ESPPRC_heur, 0.0, 3.1, 2.7, 0.2, 0, 16306.3804, 16305.55, True, 1
cyc2, 0.2, 7.4, 0.0, 0.0, 1, 16306.3804, 16265.6643, 0, 113
ESPPRC_heur, -0.0, 3.2, 2.6, 0.2, 0, 16305.7509, 16299.4373, True, 4
cyc2, 0.2, 7.4, 0.0, 0.0, 1, 16305.7509, 16218.0649, 0, 143
ESPPRC_heur, 0.0, 3.2, 2.6, 0.2, 0, 16305.6612, 16291.2296, True, 13
ESPPRC_heur, -0.0, 3.2, 2.6, 0.2, 0, 16305.6612, 16299.229, True, 6
ESPPRC_heur, -0.0, 3.2, 2.6, 0.2, 0, 16305.6612, 16304.5902, True, 1
ESPPRC_heur, -0.0, 3.2, 2.6, 0.2, 0, 16305.6601, 16304.1106, True, 1
ESPPRC_heur, -0.0, 3.3, 2.7, 0.2, 0, 16305.6601, 16304.168, True, 1
ESPPRC_heur, -0.0, 3.3, 2.7, 0.2, 0, 16305.6601, 16305.2002, True, 1
cyc2, 0.1, 6.2, 0.0, 0.0, 1, 16305.66, 16250.5756, 0, 106
ESPPRC_heur, 0.0, 3.1, 2.5, 0.2, 0, 16305.0297, 16302.3716, True, 3
cyc2, 0.1, 7.1, 0.0, 0.0, 1, 16305.0291, 16263.652, 0, 81
ESPPRC_heur, -0.0, 3.3, 2.8, 0.2, 0, 16304.7443, 16300.7386, True, 2
cyc2, 0.1, 7.2, 0.0, 0.0, 1, 16304.7425, 16274.6105, 0, 83
ESPPRC_heur, -0.0, 3.2, 2.7, 0.2, 0, 16304.3627, 16289.8004, True, 2
cyc2, 0.1, 4.5, 0.0, 0.0, 1, 16304.3627, 16261.5535, 0, 80
cyc2, 0.1, 6.1, 0.0, 0.0, 1, 16304.2011, 16276.4428, 0, 67
ESPPRC_heur, 0.0, 3.3, 2.8, 0.2, 0, 16304.0888, 16300.9958, True, 4
ESPPRC_heur, -0.0, 3.3, 2.7, 0.2, 0, 16304.0888, 16301.5193, True, 1
cyc2, 0.1, 7.5, 0.0, 0.0, 1, 16304.0862, 16282.892, 0, 54
ESPPRC_heur, -0.0, 3.2, 2.6, 0.2, 0, 16303.94, 16303.5287, True, 1
cyc2, 0.1, 7.4, 0.0, 0.0, 1, 16303.94, 16285.7078, 0, 47
ESPPRC_heur, -0.0, 3.2, 2.6, 0.2, 0, 16303.8547, 16303.3145, True, 1
cyc2, 0.1, 6.3, 0.0, 0.0, 1, 16303.8545, 16288.4682, 0, 41
cyc2, 0.0, 6.2, 0.0, 0.0, 1, 16303.8171, 16276.9546, 0, 51
cyc2, 0.1, 6.1, 0.0, 0.0, 1, 16303.8135, 16290.9436, 0, 24
cyc2, 0.0, 6.2, 0.0, 0.0, 1, 16303.7763, 16246.4291, 0, 48
cyc2, 0.0, 6.2, 0.0, 0.0, 1, 16303.7661, 16293.9909, 0, 23
cyc2, 0.1, 6.4, 0.0, 0.0, 1, 16303.7544, 16297.0381, 0, 13
cyc2, -0.0, 6.2, 0.0, 0.0, 1, 16303.7537, 16300.5574, 0, 3
cyc2, 0.0, 6.2, 0.0, 0.0, 1, 16303.7537, 16303.7537, 0, 0
scip_total_time, 24368.879364
Solval, number of paths, impact cutoff
16303.753729725302, 132, 0.0001
Elementary, 2-Cycle, Path Value, Path
True, True, 0.0109, (0, 81, 68, 21, 179, 62, 42, 90, 96, 9, 114, 65, 20, 162, 7, 33, 107, 113, 23, 164, 158, 121, 75, 93, 51, 67, 14, 0)
True, True, 0.0418, (0, 81, 68, 21, 179, 62, 42, 90, 96, 9, 114, 65, 20, 162, 7, 33, 107, 113, 23, 164, 158, 75, 93, 51, 67, 14, 118, 0)
True, True, 0.0335, (0, 81, 68, 21, 178, 179, 62, 42, 90, 96, 59, 91, 113, 111, 74, 161, 132, 173, 157, 166, 16, 0)
False, True, 0.1281, (0, 37, 29, 184, 182, 160, 184, 182, 160, 184, 182, 160, 184, 182, 160, 184, 182, 83, 29, 37, 0)
False, True, 0.1204, (0, 143, 123, 177, 71, 52, 123, 177, 71, 52, 123, 177, 71, 52, 123, 177, 71, 52, 123, 177, 71, 52, 177, 123, 143, 95, 0)
False, True, 0.0246, (0, 95, 143, 123, 177, 71, 52, 123, 177, 71, 52, 123, 177, 71, 52, 123, 177, 71, 52, 123, 177, 71, 52, 176, 24, 78, 169, 112, 0)
True, True, 0.0363, (0, 118, 14, 67, 51, 93, 75, 158, 164, 23, 113, 107, 33, 162, 53, 154, 189, 140, 124, 187, 27, 15, 3, 96, 59, 55, 69, 121, 31, 0)
True, True, 0.0498, (0, 106, 117, 175, 11, 122, 82, 116, 60, 79, 17, 155, 7, 162, 20, 65, 114, 9, 91, 59, 55, 69, 121, 75, 93, 51, 67, 14, 118, 0)
True, True, 0.0883, (0, 35, 68, 179, 62, 42, 90, 96, 3, 15, 27, 187, 124, 140, 189, 154, 53, 7, 17, 155, 134, 132, 173, 157, 170, 0)
True, True, 0.1048, (0, 81, 68, 21, 179, 62, 42, 90, 96, 3, 15, 27, 187, 124, 53, 114, 9, 91, 59, 55, 69, 135, 0)
False, True, 0.0722, (0, 31, 156, 108, 46, 135, 92, 81, 145, 144, 115, 145, 144, 115, 145, 144, 115, 145, 81, 92, 46, 103, 0)
False, True, 0.0871, (0, 105, 19, 57, 63, 172, 127, 44, 88, 127, 44, 88, 127, 44, 88, 127, 44, 165, 1, 149, 45, 99, 118, 37, 0)
False, True, 0.0958, (0, 105, 19, 63, 66, 110, 163, 128, 4, 163, 128, 4, 163, 128, 4, 163, 128, 110, 66, 63, 57, 188, 105, 0)
False, True, 0.0317, (0, 172, 168, 34, 73, 43, 58, 28, 138, 85, 80, 150, 147, 80, 85, 138, 28, 58, 43, 73, 34, 168, 172, 0)
False, True, 0.1029, (0, 34, 73, 43, 58, 28, 138, 85, 80, 150, 147, 30, 150, 80, 85, 138, 28, 58, 43, 10, 83, 0)
False, True, 0.0239, (0, 105, 19, 57, 66, 110, 163, 128, 4, 163, 128, 4, 163, 128, 4, 163, 128, 4, 110, 66, 57, 19, 105, 0)
False, True, 0.1241, (0, 168, 34, 73, 112, 143, 97, 147, 150, 30, 147, 150, 30, 39, 85, 138, 28, 58, 43, 73, 34, 168, 172, 0)
False, True, 0.0252, (0, 31, 156, 108, 46, 135, 92, 46, 135, 92, 46, 135, 92, 46, 135, 92, 46, 135, 92, 46, 67, 16, 118, 0)
True, True, 0.0645, (0, 135, 94, 50, 178, 179, 62, 42, 90, 96, 59, 91, 113, 111, 74, 161, 132, 173, 157, 166, 16, 0)
False, True, 0.0479, (0, 19, 57, 66, 110, 4, 163, 128, 4, 163, 128, 4, 163, 128, 4, 163, 128, 4, 110, 66, 63, 57, 19, 0)
True, True, 0.0956, (0, 35, 68, 21, 179, 62, 42, 90, 3, 15, 27, 187, 124, 140, 189, 154, 17, 155, 134, 157, 166, 170, 0)
False, True, 0.026, (0, 188, 64, 25, 183, 136, 167, 148, 98, 141, 70, 76, 185, 18, 84, 153, 180, 61, 32, 180, 153, 84, 18, 185, 76, 126, 54, 48, 6, 0)
True, True, 0.0189, (0, 106, 117, 175, 11, 122, 82, 116, 60, 79, 17, 155, 7, 162, 20, 65, 114, 9, 91, 113, 23, 164, 158, 75, 93, 67, 14, 118, 0)
False, True, 0.101, (0, 159, 142, 104, 89, 109, 35, 68, 21, 178, 179, 55, 69, 178, 21, 68, 35, 109, 89, 104, 142, 159, 0)
True, True, 0.0092, (0, 92, 178, 179, 62, 42, 90, 96, 3, 15, 27, 187, 124, 140, 189, 154, 17, 155, 134, 132, 173, 157, 170, 0)
False, True, 0.1269, (0, 95, 97, 24, 12, 86, 125, 137, 151, 174, 48, 54, 126, 181, 41, 152, 87, 186, 146, 152, 87, 186, 146, 101, 47, 176, 12, 24, 97, 95, 0)
False, True, 0.004, (0, 168, 34, 73, 43, 58, 159, 142, 104, 89, 109, 104, 89, 109, 35, 89, 104, 142, 159, 58, 43, 73, 34, 168, 172, 0)
False, True, 0.0714, (0, 131, 119, 49, 26, 119, 49, 26, 119, 49, 26, 119, 49, 26, 119, 49, 26, 119, 49, 26, 119, 49, 26, 170, 16, 14, 45, 31, 118, 131, 0)
False, True, 0.0946, (0, 37, 29, 83, 165, 1, 139, 72, 133, 156, 129, 108, 103, 129, 108, 103, 129, 156, 133, 72, 139, 1, 149, 45, 99, 118, 131, 0)
False, True, 0.0956, (0, 106, 117, 175, 11, 122, 82, 116, 60, 79, 116, 60, 79, 116, 60, 79, 17, 155, 134, 132, 173, 51, 67, 14, 0)
False, True, 0.2, (0, 31, 156, 108, 46, 92, 145, 115, 144, 94, 50, 178, 21, 50, 94, 144, 115, 145, 81, 92, 46, 103, 0)
True, True, 0.0358, (0, 170, 157, 173, 134, 155, 17, 7, 162, 53, 154, 189, 140, 124, 187, 27, 15, 3, 90, 42, 62, 179, 68, 35, 0)
False, True, 0.0042, (0, 131, 99, 45, 149, 1, 165, 127, 44, 88, 165, 127, 44, 88, 165, 1, 88, 165, 1, 149, 45, 99, 131, 0)
False, True, 0.004, (0, 118, 14, 16, 170, 166, 51, 93, 135, 92, 46, 135, 92, 46, 135, 92, 81, 142, 159, 58, 43, 73, 34, 0)
False, True, 0.005, (0, 102, 10, 43, 58, 28, 138, 85, 80, 150, 147, 30, 150, 147, 80, 85, 138, 28, 58, 43, 10, 0)
False, True, 0.0825, (0, 168, 34, 73, 112, 169, 80, 150, 147, 97, 143, 24, 147, 150, 80, 85, 138, 28, 58, 43, 10, 102, 83, 29, 0)
True, True, 0.0966, (0, 16, 67, 51, 93, 75, 158, 164, 23, 111, 113, 91, 9, 114, 65, 20, 162, 7, 33, 107, 161, 74, 132, 173, 157, 166, 170, 0)
True, True, 0.0193, (0, 16, 51, 93, 75, 121, 158, 164, 23, 111, 113, 91, 9, 114, 65, 20, 162, 7, 33, 107, 161, 74, 132, 173, 157, 166, 170, 0)
False, True, 0.0653, (0, 95, 143, 97, 24, 12, 86, 125, 176, 5, 101, 47, 5, 101, 47, 5, 101, 47, 5, 101, 47, 5, 101, 47, 5, 176, 125, 86, 12, 24, 147, 78, 169, 112, 34, 0)
False, True, 0.1281, (0, 131, 99, 45, 149, 139, 72, 133, 156, 129, 108, 103, 129, 108, 103, 129, 133, 72, 139, 1, 165, 160, 83, 29, 37, 0)
False, True, 0.1101, (0, 112, 78, 24, 176, 47, 101, 146, 186, 152, 87, 186, 146, 152, 87, 186, 146, 87, 152, 41, 181, 126, 54, 48, 174, 151, 137, 77, 22, 39, 0)
False, True, 0.0137, (0, 102, 10, 159, 142, 104, 89, 109, 35, 68, 21, 178, 68, 21, 178, 50, 94, 144, 115, 135, 46, 103, 0)
False, True, 0.0831, (0, 16, 67, 135, 94, 50, 178, 179, 62, 42, 90, 96, 3, 90, 42, 62, 179, 178, 50, 94, 135, 0)
False, True, 0.25, (0, 105, 19, 57, 63, 172, 120, 13, 171, 110, 66, 171, 120, 13, 171, 110, 66, 13, 120, 171, 13, 120, 172, 63, 57, 19, 105, 0)
False, True, 0.2032, (0, 168, 34, 73, 43, 58, 28, 138, 85, 80, 78, 97, 147, 150, 30, 39, 85, 138, 28, 58, 43, 10, 102, 83, 29, 0)
False, True, 0.0241, (0, 37, 29, 83, 182, 160, 165, 127, 44, 88, 127, 44, 88, 127, 44, 88, 165, 1, 149, 45, 99, 118, 37, 0)
True, True, 0.0314, (0, 16, 67, 51, 93, 75, 121, 158, 164, 23, 113, 91, 9, 114, 107, 33, 7, 155, 17, 79, 60, 116, 82, 122, 11, 175, 117, 106, 0)
False, True, 0.0046, (0, 109, 6, 48, 174, 41, 181, 70, 185, 18, 84, 153, 180, 61, 40, 32, 61, 180, 153, 84, 18, 185, 70, 181, 41, 174, 48, 6, 0)
False, True, 0.076, (0, 81, 68, 130, 56, 100, 8, 56, 130, 100, 8, 130, 56, 100, 8, 130, 56, 100, 8, 130, 56, 8, 100, 62, 179, 178, 50, 94, 135, 0)
False, True, 0.0008, (0, 106, 117, 175, 11, 122, 82, 140, 189, 154, 53, 189, 154, 53, 65, 20, 162, 33, 107, 111, 23, 164, 158, 75, 93, 31, 0)
False, True, 0.0219, (0, 131, 99, 45, 149, 1, 165, 88, 127, 44, 88, 127, 44, 88, 127, 44, 88, 165, 1, 149, 184, 83, 29, 37, 0)
False, True, 0.0022, (0, 37, 29, 83, 184, 149, 1, 165, 88, 127, 44, 88, 1, 165, 127, 44, 88, 165, 1, 149, 45, 99, 118, 37, 0)
False, True, 0.0421, (0, 170, 166, 51, 93, 75, 158, 164, 23, 111, 107, 33, 162, 20, 65, 114, 9, 107, 33, 161, 74, 132, 173, 157, 166, 170, 0)
False, True, 0.0765, (0, 95, 143, 52, 71, 146, 186, 152, 87, 186, 146, 152, 87, 186, 146, 87, 152, 41, 181, 126, 54, 48, 174, 151, 137, 125, 86, 12, 24, 78, 169, 112, 168, 0)
False, True, 0.0076, (0, 168, 73, 112, 169, 80, 30, 39, 36, 22, 77, 125, 86, 77, 22, 36, 38, 6, 35, 109, 89, 104, 142, 159, 10, 102, 0)
False, True, 0.0714, (0, 131, 99, 14, 16, 170, 26, 49, 119, 26, 49, 119, 26, 49, 119, 26, 49, 119, 26, 49, 119, 26, 49, 119, 26, 49, 119, 0)
True, True, 0.0895, (0, 118, 14, 16, 166, 157, 173, 132, 134, 161, 74, 111, 113, 91, 59, 55, 69, 178, 50, 94, 144, 115, 135, 46, 0)
False, True, 0.0824, (0, 105, 19, 57, 63, 66, 110, 163, 128, 4, 163, 128, 4, 163, 128, 4, 163, 128, 4, 110, 66, 172, 0)
False, True, 0.1112, (0, 106, 117, 175, 11, 122, 82, 140, 124, 187, 27, 15, 124, 187, 27, 15, 3, 96, 59, 55, 69, 121, 75, 93, 67, 14, 118, 0)
True, True, 0.069, (0, 35, 130, 56, 8, 100, 42, 90, 96, 3, 15, 27, 187, 124, 140, 189, 154, 53, 162, 33, 107, 111, 23, 164, 158, 121, 0)
False, True, 0.1239, (0, 131, 99, 45, 149, 139, 72, 133, 139, 72, 133, 139, 72, 133, 156, 129, 108, 103, 129, 156, 133, 72, 139, 1, 149, 45, 99, 131, 0)
False, True, 0.1114, (0, 31, 121, 69, 55, 59, 96, 3, 15, 27, 187, 124, 140, 189, 154, 53, 20, 65, 114, 9, 91, 59, 55, 69, 135, 31, 0)
False, True, 0.0052, (0, 95, 143, 97, 24, 12, 86, 125, 137, 151, 174, 48, 151, 174, 48, 151, 174, 48, 151, 174, 48, 151, 174, 48, 137, 125, 86, 12, 24, 97, 143, 95, 0)
False, True, 0.0444, (0, 64, 25, 183, 136, 167, 148, 98, 141, 70, 76, 185, 18, 84, 153, 180, 61, 40, 76, 70, 181, 41, 174, 48, 6, 0)
False, True, 0.091, (0, 105, 19, 57, 63, 172, 127, 44, 88, 165, 127, 44, 88, 127, 44, 88, 165, 1, 149, 45, 99, 131, 37, 0)
False, True, 0.0479, (0, 168, 34, 73, 43, 58, 28, 138, 85, 80, 147, 150, 30, 39, 85, 138, 28, 58, 43, 73, 34, 4, 168, 172, 0)
False, True, 0.0281, (0, 92, 115, 94, 50, 178, 179, 62, 42, 90, 96, 3, 90, 42, 62, 179, 178, 50, 94, 144, 92, 0)
False, True, 0.0428, (0, 103, 46, 92, 81, 145, 115, 144, 94, 50, 68, 21, 50, 94, 144, 115, 145, 81, 92, 46, 103, 0)
False, True, 0.0991, (0, 37, 29, 83, 182, 160, 184, 149, 1, 165, 127, 44, 88, 165, 127, 44, 88, 165, 1, 149, 45, 99, 131, 0)
False, True, 0.3121, (0, 188, 64, 25, 183, 136, 167, 148, 141, 98, 84, 153, 180, 61, 32, 40, 18, 185, 76, 70, 141, 98, 148, 167, 136, 183, 25, 64, 188, 0)
False, True, 0.0518, (0, 37, 131, 118, 31, 99, 45, 184, 160, 182, 184, 160, 182, 184, 160, 182, 184, 160, 182, 83, 29, 37, 0)
False, True, 0.0913, (0, 16, 166, 157, 173, 132, 134, 161, 74, 134, 161, 74, 134, 161, 74, 134, 161, 74, 111, 23, 164, 158, 121, 75, 93, 51, 166, 170, 16, 0)
False, True, 0.0455, (0, 10, 159, 142, 104, 89, 109, 35, 6, 2, 38, 22, 77, 125, 86, 77, 22, 36, 39, 30, 80, 169, 112, 34, 0)
False, True, 0.0141, (0, 102, 10, 159, 142, 104, 89, 109, 35, 6, 38, 2, 36, 38, 2, 36, 38, 2, 39, 30, 80, 169, 112, 73, 34, 0)
False, True, 0.0252, (0, 102, 10, 159, 142, 104, 89, 109, 6, 38, 2, 36, 38, 2, 36, 38, 2, 6, 35, 109, 89, 104, 142, 159, 10, 83, 0)
False, True, 0.009, (0, 131, 99, 45, 149, 139, 72, 133, 156, 129, 133, 156, 129, 108, 103, 129, 108, 103, 129, 133, 72, 139, 149, 45, 99, 131, 0)
False, True, 0.018, (0, 31, 156, 108, 46, 92, 81, 145, 115, 144, 94, 50, 21, 68, 178, 21, 68, 35, 109, 89, 104, 142, 159, 0)
False, True, 0.0267, (0, 16, 166, 157, 173, 132, 134, 161, 74, 132, 134, 161, 74, 132, 134, 161, 74, 111, 161, 74, 132, 173, 157, 166, 16, 0)
False, True, 0.0294, (0, 37, 118, 99, 45, 149, 1, 165, 88, 127, 44, 88, 165, 1, 88, 165, 1, 184, 160, 182, 83, 29, 37, 0)
False, True, 0.2302, (0, 31, 121, 158, 164, 23, 111, 113, 107, 33, 7, 155, 17, 79, 60, 116, 79, 60, 116, 82, 122, 11, 175, 117, 106, 0)
False, True, 0.0385, (0, 95, 143, 97, 24, 176, 52, 71, 177, 123, 52, 71, 177, 123, 52, 71, 177, 123, 52, 71, 177, 123, 143, 97, 112, 0)
False, True, 0.0138, (0, 169, 78, 12, 176, 137, 151, 41, 181, 70, 76, 185, 18, 84, 153, 180, 32, 40, 76, 70, 141, 98, 148, 167, 136, 183, 25, 64, 0)
False, True, 0.0034, (0, 188, 64, 25, 183, 136, 167, 148, 98, 141, 70, 76, 185, 18, 84, 153, 180, 32, 40, 76, 70, 181, 41, 151, 137, 176, 12, 78, 0)
False, True, 0.009, (0, 118, 14, 16, 67, 46, 92, 145, 115, 144, 94, 50, 178, 21, 68, 50, 94, 144, 115, 145, 81, 92, 46, 103, 0)
False, True, 0.009, (0, 131, 99, 45, 149, 139, 72, 133, 139, 72, 133, 129, 108, 103, 129, 108, 103, 129, 156, 72, 139, 149, 45, 99, 131, 0)
False, True, 0.0206, (0, 95, 143, 97, 24, 12, 86, 125, 176, 5, 101, 47, 5, 101, 47, 5, 101, 47, 5, 176, 125, 86, 77, 22, 39, 30, 80, 169, 112, 73, 168, 0)
False, True, 0.1416, (0, 169, 78, 12, 176, 137, 151, 41, 181, 70, 185, 18, 84, 153, 180, 32, 40, 61, 32, 40, 76, 70, 141, 98, 148, 167, 136, 183, 25, 64, 188, 0)
False, True, 0.0671, (0, 102, 10, 159, 142, 104, 89, 2, 38, 36, 22, 77, 125, 86, 77, 22, 36, 39, 30, 80, 169, 112, 34, 0)
False, True, 0.012, (0, 95, 143, 52, 71, 146, 186, 152, 87, 186, 146, 152, 87, 186, 146, 87, 152, 41, 181, 126, 54, 48, 174, 151, 137, 77, 22, 39, 85, 0)
False, True, 0.0524, (0, 16, 51, 93, 75, 158, 164, 23, 111, 113, 91, 9, 114, 65, 20, 162, 65, 20, 162, 7, 155, 17, 82, 122, 11, 175, 117, 106, 0)
False, True, 0.0055, (0, 169, 78, 12, 176, 137, 151, 174, 48, 54, 126, 76, 185, 18, 84, 153, 180, 61, 40, 32, 61, 40, 32, 61, 40, 32, 180, 153, 84, 18, 185, 76, 126, 54, 48, 6, 109, 0)
False, True, 0.1105, (0, 106, 117, 175, 11, 122, 82, 140, 189, 154, 53, 189, 154, 53, 20, 65, 114, 9, 91, 59, 55, 69, 121, 75, 93, 51, 67, 14, 118, 0)
True, True, 0.0176, (0, 135, 69, 55, 59, 96, 3, 15, 27, 187, 124, 140, 189, 154, 53, 65, 20, 162, 7, 17, 155, 134, 173, 157, 170, 0)
False, True, 0.0061, (0, 31, 156, 108, 46, 92, 145, 115, 144, 94, 50, 178, 21, 68, 50, 94, 144, 115, 145, 81, 92, 46, 156, 31, 0)
True, True, 0.0393, (0, 14, 67, 121, 69, 55, 91, 9, 114, 53, 154, 189, 140, 124, 187, 27, 15, 3, 96, 90, 42, 62, 100, 8, 56, 130, 35, 0)
False, True, 0.0739, (0, 81, 68, 21, 179, 62, 100, 8, 56, 130, 100, 8, 130, 56, 100, 8, 130, 56, 100, 8, 56, 130, 100, 8, 56, 130, 21, 68, 81, 0)
False, True, 0.0881, (0, 95, 112, 169, 78, 147, 150, 30, 39, 36, 2, 38, 36, 2, 38, 36, 2, 6, 35, 109, 89, 104, 142, 159, 10, 102, 0)
False, True, 0.1497, (0, 102, 10, 159, 142, 104, 89, 109, 35, 6, 2, 38, 22, 77, 125, 86, 77, 22, 36, 39, 30, 80, 169, 112, 73, 168, 0)
True, True, 0.0808, (0, 109, 6, 130, 56, 8, 100, 42, 90, 96, 3, 15, 27, 187, 124, 140, 189, 154, 53, 162, 7, 17, 155, 134, 132, 173, 157, 170, 0)
False, True, 0.0112, (0, 14, 67, 51, 93, 75, 158, 164, 23, 113, 91, 9, 114, 65, 20, 162, 65, 20, 162, 33, 107, 113, 23, 164, 158, 75, 93, 51, 16, 0)
True, True, 0.0424, (0, 16, 166, 157, 173, 132, 134, 161, 74, 111, 113, 91, 59, 96, 90, 42, 62, 179, 178, 21, 68, 35, 0)
False, True, 0.0071, (0, 131, 118, 99, 45, 149, 139, 72, 133, 156, 129, 103, 108, 156, 129, 108, 103, 129, 156, 133, 72, 139, 1, 165, 83, 29, 37, 0)
False, True, 0.0236, (0, 95, 97, 24, 176, 5, 146, 186, 152, 87, 186, 146, 152, 87, 186, 146, 87, 152, 41, 181, 126, 54, 48, 174, 151, 137, 77, 22, 39, 0)
False, True, 0.0188, (0, 188, 64, 25, 183, 136, 167, 148, 98, 141, 70, 76, 185, 18, 84, 153, 180, 61, 32, 40, 61, 32, 40, 76, 126, 54, 48, 174, 151, 137, 125, 78, 0)
False, True, 0.0431, (0, 102, 159, 142, 104, 89, 109, 6, 2, 38, 36, 2, 38, 36, 2, 38, 36, 2, 6, 89, 104, 142, 159, 10, 102, 0)
False, True, 0.0631, (0, 14, 67, 51, 75, 158, 164, 23, 113, 107, 33, 7, 155, 17, 79, 60, 116, 79, 60, 116, 82, 122, 11, 175, 117, 106, 0)
True, True, 0.0617, (0, 35, 130, 56, 8, 100, 62, 42, 90, 3, 15, 27, 187, 124, 140, 189, 154, 53, 114, 9, 91, 59, 55, 69, 121, 0)
False, True, 0.1084, (0, 118, 14, 67, 51, 93, 75, 158, 164, 23, 111, 113, 107, 33, 162, 20, 65, 114, 9, 107, 33, 161, 74, 132, 173, 157, 166, 170, 0)
False, True, 0.0709, (0, 95, 143, 176, 137, 151, 174, 48, 54, 126, 76, 40, 32, 61, 40, 32, 61, 180, 153, 84, 18, 185, 70, 141, 98, 148, 167, 136, 183, 25, 64, 188, 0)
False, True, 0.0193, (0, 188, 64, 25, 183, 136, 167, 148, 98, 141, 70, 76, 185, 18, 84, 153, 180, 61, 40, 76, 126, 54, 48, 174, 151, 137, 77, 22, 0)
False, True, 0.1236, (0, 95, 143, 97, 24, 12, 86, 125, 176, 5, 101, 47, 5, 101, 47, 5, 101, 47, 5, 176, 86, 77, 22, 38, 6, 89, 104, 142, 159, 102, 0)
False, True, 0.0905, (0, 169, 78, 12, 125, 137, 151, 174, 48, 54, 126, 76, 185, 18, 84, 153, 180, 61, 40, 32, 61, 180, 153, 84, 18, 185, 70, 181, 41, 174, 48, 6, 109, 0)
False, True, 0.0143, (0, 169, 78, 12, 176, 137, 151, 174, 48, 54, 126, 76, 185, 18, 84, 153, 180, 61, 40, 32, 180, 153, 84, 18, 185, 76, 126, 54, 48, 174, 151, 137, 125, 12, 78, 169, 0)
False, True, 0.0266, (0, 106, 117, 175, 11, 122, 82, 116, 60, 79, 17, 155, 7, 33, 107, 9, 114, 33, 107, 111, 23, 164, 158, 75, 93, 51, 67, 14, 0)
False, True, 0.012, (0, 95, 143, 52, 71, 146, 186, 87, 152, 186, 146, 87, 152, 41, 181, 126, 54, 41, 181, 126, 54, 48, 174, 151, 137, 77, 22, 39, 28, 0)
False, True, 0.012, (0, 95, 143, 97, 24, 12, 86, 125, 137, 48, 174, 41, 181, 126, 54, 41, 181, 126, 54, 48, 174, 151, 137, 77, 22, 39, 138, 102, 0)
False, True, 0.1048, (0, 106, 117, 175, 11, 122, 82, 140, 189, 154, 53, 65, 20, 162, 65, 20, 162, 7, 155, 17, 82, 122, 11, 175, 117, 106, 0)
False, True, 0.0036, (0, 39, 22, 77, 137, 151, 174, 48, 54, 126, 181, 41, 54, 126, 181, 41, 54, 126, 181, 41, 174, 48, 137, 77, 22, 78, 169, 168, 0)
False, True, 0.0591, (0, 31, 156, 108, 46, 135, 92, 81, 145, 144, 115, 145, 144, 115, 145, 81, 92, 135, 93, 51, 166, 170, 16, 0)
False, True, 0.061, (0, 102, 10, 159, 142, 104, 89, 109, 6, 38, 36, 2, 38, 36, 2, 38, 36, 2, 6, 109, 89, 104, 142, 159, 10, 102, 0)
False, True, 0.0377, (0, 64, 25, 183, 136, 167, 148, 98, 141, 70, 76, 185, 18, 84, 153, 180, 61, 32, 180, 153, 84, 18, 185, 76, 126, 54, 48, 6, 109, 0)
False, True, 0.0102, (0, 39, 22, 77, 137, 151, 174, 48, 54, 126, 181, 41, 54, 126, 181, 41, 54, 126, 181, 41, 151, 137, 125, 86, 12, 24, 78, 112, 0)
False, True, 0.0409, (0, 39, 22, 77, 137, 151, 174, 48, 54, 126, 181, 41, 54, 126, 181, 41, 54, 126, 181, 41, 174, 151, 137, 77, 22, 78, 169, 168, 0)
False, True, 0.0318, (0, 170, 166, 157, 173, 132, 74, 161, 107, 33, 7, 162, 20, 65, 114, 9, 91, 113, 23, 164, 158, 75, 93, 51, 166, 170, 0)
False, True, 0.0039, (0, 39, 22, 77, 137, 151, 174, 48, 54, 126, 181, 41, 54, 126, 181, 41, 152, 87, 186, 146, 101, 5, 176, 24, 97, 143, 95, 0)
False, True, 0.0094, (0, 109, 6, 48, 174, 41, 181, 70, 76, 185, 18, 84, 153, 180, 32, 40, 61, 32, 40, 61, 180, 153, 84, 18, 185, 76, 126, 54, 48, 6, 109, 0)
False, True, 0.0238, (0, 95, 143, 24, 12, 86, 125, 137, 151, 174, 48, 54, 126, 181, 41, 54, 126, 181, 41, 174, 151, 137, 125, 86, 12, 24, 147, 78, 112, 0)
False, True, 0.0138, (0, 112, 78, 147, 24, 12, 86, 125, 137, 151, 174, 48, 54, 126, 181, 41, 54, 126, 181, 41, 174, 151, 137, 125, 86, 12, 24, 78, 169, 112, 0)
False, True, 0.0034, (0, 170, 166, 51, 93, 75, 158, 164, 23, 111, 113, 107, 33, 162, 20, 65, 114, 9, 91, 113, 111, 23, 164, 158, 75, 93, 51, 67, 14, 0)
False, True, 0.02, (0, 95, 143, 52, 71, 146, 186, 152, 87, 146, 186, 87, 152, 41, 181, 126, 54, 41, 181, 126, 54, 48, 174, 151, 137, 77, 22, 78, 169, 112, 0)
False, True, 0.0278, (0, 118, 14, 67, 93, 75, 121, 69, 55, 59, 96, 3, 15, 27, 187, 124, 140, 189, 154, 53, 114, 9, 91, 59, 55, 69, 135, 0)
False, True, 0.0039, (0, 112, 78, 24, 12, 176, 5, 47, 146, 186, 152, 87, 186, 146, 87, 152, 186, 146, 87, 152, 41, 181, 126, 54, 48, 174, 151, 137, 77, 22, 39, 0)
all_elementary, False
all_cyc2, True
