Instance, X-n110-k13
capacity, 66
min_trucks, 13
output_file, output_uchoa_repeat_small/X-n110-k13-ng20.log
Start date, 2022-07-06
Start time, 18-23-00
capacity, 66
num_vehicles, 13
abort_early, False
methods, ['ng20']
max_vars, 100
time_limit, 86400
farley, False
ESPPRC_heur, True
initial time, initial max_it, max_stale_it
1, 20000.0, 20
heuristic Number of routes, heuristic Best Solution Value, heuristic number of iterations, adjusted time, adjusted max_it, measured total time
38, 14971.0, 48, 1, 20000.0, 58.1
method, python time, total time, propagated dominance time, unpropagated dominance time, pricing_success, upper_bound, lower_bound, abort_early, num_paths, 
ESPPRC_heur, 0.0, 0.0, 0.0, 0.0, 0, 14971.0, -50718.0, True, 833
ESPPRC_heur, 0.0, 0.0, 0.0, 0.0, 0, 14971.0, -93592.0, True, 771
ESPPRC_heur, 0.0, 0.0, 0.0, 0.0, 0, 14971.0, -41722.0, True, 1046
ESPPRC_heur, 0.1, 0.0, 0.0, 0.0, 0, 14971.0, -51628.2606, True, 1521
ESPPRC_heur, 0.0, 0.0, 0.0, 0.0, 0, 14971.0, -36507.9277, True, 1063
ESPPRC_heur, 0.1, 0.0, 0.0, 0.0, 0, 14971.0, -17033.0491, True, 1143
ESPPRC_heur, 0.1, 0.0, 0.0, 0.0, 0, 14971.0, -15898.2762, True, 1516
ESPPRC_heur, 0.1, 0.0, 0.0, 0.0, 0, 14971.0, -30951.5151, True, 1420
ESPPRC_heur, 0.1, 0.0, 0.0, 0.0, 0, 14971.0, -28857.0939, True, 1235
ESPPRC_heur, 0.1, 0.0, 0.0, 0.0, 0, 14971.0, -36100.7622, True, 1448
ESPPRC_heur, 0.1, 0.0, 0.0, 0.0, 0, 14971.0, -21613.2812, True, 1642
ESPPRC_heur, 0.1, 0.0, 0.0, 0.0, 0, 14971.0, -17760.3287, True, 1391
ESPPRC_heur, 0.1, 0.0, 0.0, 0.0, 0, 14971.0, -13779.895, True, 1608
ESPPRC_heur, 0.1, 0.0, 0.0, 0.0, 0, 14971.0, -13700.7443, True, 1425
ESPPRC_heur, 0.1, 0.0, 0.0, 0.0, 0, 14971.0, -18199.01, True, 1821
ESPPRC_heur, 0.1, 0.0, 0.0, 0.0, 0, 14971.0, -6938.8808, True, 1662
ESPPRC_heur, 0.1, 0.0, 0.0, 0.0, 0, 14971.0, -4391.9747, True, 1775
ESPPRC_heur, 0.1, 0.0, 0.0, 0.0, 0, 14971.0, -2354.1721, True, 1511
ESPPRC_heur, 0.1, 0.0, 0.0, 0.0, 0, 14971.0, -1991.0559, True, 1542
ESPPRC_heur, 0.1, 0.0, 0.0, 0.0, 0, 14971.0, -753.0623, True, 1492
ESPPRC_heur, 0.1, 0.0, 0.0, 0.0, 0, 14971.0, -8665.546, True, 1954
ESPPRC_heur, 0.1, 0.0, 0.0, 0.0, 0, 14971.0, -2484.2653, True, 1601
ESPPRC_heur, 0.1, 0.0, 0.0, 0.0, 0, 14971.0, -3249.4916, True, 1623
ESPPRC_heur, 0.1, 0.0, 0.0, 0.0, 0, 14971.0, -2092.2034, True, 1712
ESPPRC_heur, 0.1, 0.0, 0.0, 0.0, 0, 14971.0, -1800.366, True, 1876
ESPPRC_heur, 0.1, 0.0, 0.0, 0.0, 0, 14971.0, -687.4448, True, 1565
ESPPRC_heur, 0.1, 0.0, 0.0, 0.0, 0, 14971.0, -1946.2787, True, 1556
ESPPRC_heur, 0.1, 0.0, 0.0, 0.0, 0, 14971.0, -883.7219, True, 1748
ESPPRC_heur, 0.1, 0.0, 0.0, 0.0, 0, 14971.0, -3208.8811, True, 1714
ESPPRC_heur, 0.1, 0.0, 0.0, 0.0, 0, 14971.0, 2254.2849, True, 1518
ESPPRC_heur, 0.1, 0.0, 0.0, 0.0, 0, 14971.0, -3224.8486, True, 1875
ESPPRC_heur, 0.1, 0.0, 0.0, 0.0, 0, 14971.0, -951.6603, True, 1573
ESPPRC_heur, 0.1, 0.0, 0.0, 0.0, 0, 14971.0, 1560.7478, True, 1948
ESPPRC_heur, -0.0, 0.1, 0.0, 0.0, 0, 14971.0, -867.4713, True, 2205
ESPPRC_heur, 0.1, 0.0, 0.0, 0.0, 0, 14971.0, 5673.0208, True, 1438
ESPPRC_heur, 0.1, 0.0, 0.0, 0.0, 0, 14971.0, -3172.7462, True, 1755
ESPPRC_heur, 0.1, 0.0, 0.0, 0.0, 0, 14971.0, 6790.1492, True, 1288
ESPPRC_heur, -0.0, 0.1, 0.0, 0.0, 0, 14971.0, 6492.4202, True, 1441
ESPPRC_heur, 0.1, 0.0, 0.0, 0.0, 0, 14971.0, 5558.005, True, 1285
ESPPRC_heur, 0.1, 0.0, 0.0, 0.0, 0, 14971.0, 5360.7065, True, 1343
ESPPRC_heur, -0.0, 0.1, 0.0, 0.0, 0, 14971.0, 7282.9776, True, 1078
ESPPRC_heur, 0.1, 0.0, 0.0, 0.0, 0, 14971.0, 7588.1603, True, 1077
ESPPRC_heur, 0.1, 0.0, 0.0, 0.0, 0, 14971.0, 7900.378, True, 958
ESPPRC_heur, 0.1, 0.0, 0.0, 0.0, 0, 14971.0, 9537.9445, True, 792
ESPPRC_heur, 0.1, 0.0, 0.0, 0.0, 0, 14971.0, 9528.0228, True, 953
ESPPRC_heur, 0.1, 0.0, 0.0, 0.0, 0, 14971.0, 7525.9783, True, 1090
ESPPRC_heur, 0.1, 0.0, 0.0, 0.0, 0, 14971.0, 10104.8404, True, 771
ESPPRC_heur, 0.1, 0.0, 0.0, 0.0, 0, 14971.0, 9785.2134, True, 692
ESPPRC_heur, 0.1, 0.0, 0.0, 0.0, 0, 14971.0, 7917.1194, True, 853
ESPPRC_heur, 0.1, 0.0, 0.0, 0.0, 0, 14971.0, 9856.8752, True, 733
ESPPRC_heur, -0.0, 0.1, 0.0, 0.0, 0, 14971.0, 8634.9424, True, 1115
ESPPRC_heur, 0.1, 0.0, 0.0, 0.0, 0, 14971.0, 9272.3555, True, 838
ESPPRC_heur, 0.1, 0.0, 0.0, 0.0, 0, 14971.0, 8790.9135, True, 813
ESPPRC_heur, 0.1, 0.0, 0.0, 0.0, 0, 14971.0, 10175.639, True, 655
ESPPRC_heur, 0.1, 0.0, 0.0, 0.0, 0, 14971.0, 10822.8858, True, 698
ESPPRC_heur, 0.1, 0.0, 0.0, 0.0, 0, 14971.0, 11548.8998, True, 507
ESPPRC_heur, 0.1, 0.0, 0.0, 0.0, 0, 14971.0, 11516.1275, True, 494
ESPPRC_heur, 0.1, 0.0, 0.0, 0.0, 0, 14971.0, 11617.0603, True, 638
ESPPRC_heur, 0.1, 0.0, 0.0, 0.0, 0, 14971.0, 11814.7263, True, 489
ESPPRC_heur, 0.1, 0.0, 0.0, 0.0, 0, 14971.0, 12649.885, True, 353
ESPPRC_heur, 0.1, 0.0, 0.0, 0.0, 0, 14971.0, 11586.7805, True, 360
ESPPRC_heur, 0.1, 0.0, 0.0, 0.0, 0, 14971.0, 11989.1134, True, 328
ESPPRC_heur, 0.1, 0.0, 0.0, 0.0, 0, 14971.0, 11506.8397, True, 417
ESPPRC_heur, 0.1, 0.0, 0.0, 0.0, 0, 14971.0, 12708.3683, True, 349
ESPPRC_heur, 0.1, 0.0, 0.0, 0.0, 0, 14970.4622, 12245.3836, True, 313
ESPPRC_heur, 0.1, 0.0, 0.0, 0.0, 0, 14959.6624, 12235.491, True, 295
ESPPRC_heur, 0.1, 0.0, 0.0, 0.0, 0, 14943.7192, 11899.3853, True, 464
ESPPRC_heur, 0.1, 0.0, 0.0, 0.0, 0, 14943.3405, 13375.3607, True, 206
ESPPRC_heur, 0.1, 0.0, 0.0, 0.0, 0, 14915.16, 12214.818, True, 232
ESPPRC_heur, 0.1, 0.0, 0.0, 0.0, 0, 14897.4561, 13387.8957, True, 149
ESPPRC_heur, 0.1, 0.0, 0.0, 0.0, 0, 14859.5762, 13800.1397, True, 111
ESPPRC_heur, 0.1, 0.0, 0.0, 0.0, 0, 14824.9217, 13934.7865, True, 116
ESPPRC_heur, 0.1, 0.0, 0.0, 0.0, 0, 14805.6483, 14000.0942, True, 75
ESPPRC_heur, 0.1, 0.0, 0.0, 0.0, 0, 14786.5106, 14167.0822, True, 56
ESPPRC_heur, 0.1, 0.0, 0.0, 0.0, 0, 14781.0508, 14419.5702, True, 18
ESPPRC_heur, 0.0, 0.0, 0.0, 0.0, 0, 14780.624, 14374.5781, True, 15
ESPPRC_heur, 0.0, 0.0, 0.0, 0.0, 0, 14778.3295, 14386.927, True, 11
ESPPRC_heur, 0.0, 0.0, 0.0, 0.0, 0, 14778.2377, 14668.734, True, 10
ESPPRC_heur, 0.0, 0.0, 0.0, 0.0, 0, 14777.4161, 14686.4161, True, 4
ESPPRC_heur, 0.0, 0.0, 0.0, 0.0, 0, 14777.409, 14740.255, True, 2
ESPPRC_heur, 0.0, 0.0, 0.0, 0.0, 0, 14777.3922, 14767.7112, True, 1
ng20, 0.1, 479.1, 358.0, 117.0, 1, 14777.3922, 14074.9209, 0, 124
ESPPRC_heur, 0.1, 0.0, 0.0, 0.0, 0, 14740.4137, 14147.8775, True, 69
ESPPRC_heur, 0.0, 0.0, 0.0, 0.0, 0, 14739.1219, 14243.2106, True, 29
ESPPRC_heur, 0.0, 0.0, 0.0, 0.0, 0, 14738.3772, 14512.9644, True, 7
ESPPRC_heur, 0.0, 0.0, 0.0, 0.0, 0, 14738.3168, 14515.0882, True, 4
ESPPRC_heur, 0.0, 0.0, 0.0, 0.0, 0, 14738.3168, 14720.5115, True, 1
ng20, 0.1, 589.0, 448.8, 135.6, 1, 14738.3168, 14536.2414, 0, 46
ng20, 0.1, 617.7, 465.5, 147.7, 1, 14736.011, 14632.011, 0, 9
ESPPRC_heur, 0.0, 0.0, 0.0, 0.0, 0, 14735.9592, 14734.6031, True, 2
ng20, 0.1, 549.9, 407.3, 138.0, 1, 14735.9584, 14727.0414, 0, 2
ng20, 0.1, 548.4, 412.1, 132.0, 1, 14735.9499, 14735.9499, 0, 0
scip_total_time, 2850.598875
Solval, number of paths, impact cutoff
14735.949926507894, 73, 0.0001
Elementary, 2-Cycle, Path Value, Path
True, True, 0.5, (0, 52, 50, 39, 28, 31, 17, 95, 59, 27, 0)
True, True, 0.3472, (0, 68, 54, 96, 88, 75, 21, 41, 12, 58, 0)
True, True, 0.1691, (0, 40, 47, 48, 82, 107, 57, 13, 23, 0)
True, True, 1.0, (0, 1, 90, 16, 29, 78, 74, 32, 79, 0)
True, True, 0.2496, (0, 105, 20, 92, 97, 42, 106, 67, 34, 45, 0)
True, True, 0.1773, (0, 30, 55, 76, 83, 22, 61, 60, 104, 93, 80, 0)
True, True, 0.1008, (0, 6, 77, 87, 26, 53, 15, 66, 98, 85, 46, 0)
True, True, 0.1196, (0, 109, 18, 25, 103, 24, 84, 77, 5, 91, 0)
True, True, 0.0417, (0, 56, 55, 83, 22, 61, 60, 104, 64, 99, 0)
True, True, 0.3752, (0, 105, 20, 92, 97, 42, 106, 45, 89, 0)
True, True, 0.0417, (0, 56, 55, 76, 83, 22, 60, 104, 64, 99, 0)
True, True, 0.1114, (0, 63, 72, 21, 75, 88, 96, 54, 50, 0)
True, True, 0.0417, (0, 99, 64, 36, 65, 59, 95, 28, 39, 0)
True, True, 0.0417, (0, 99, 64, 36, 65, 59, 95, 39, 50, 0)
True, True, 0.125, (0, 71, 2, 43, 99, 65, 27, 31, 28, 0)
True, True, 0.2194, (0, 23, 70, 44, 81, 94, 37, 7, 48, 0)
True, True, 0.1654, (0, 13, 70, 44, 81, 94, 37, 7, 48, 0)
True, True, 0.0417, (0, 99, 36, 64, 104, 60, 61, 22, 83, 76, 0)
True, True, 0.296, (0, 109, 18, 24, 4, 101, 33, 9, 102, 56, 30, 0)
True, True, 0.2368, (0, 51, 11, 98, 66, 53, 15, 26, 87, 6, 0)
True, True, 0.0843, (0, 77, 87, 26, 15, 53, 66, 98, 11, 46, 0)
True, True, 0.195, (0, 8, 62, 100, 10, 72, 63, 12, 41, 68, 0)
True, True, 0.2296, (0, 49, 19, 58, 12, 41, 68, 50, 52, 0)
True, True, 0.034, (0, 49, 19, 58, 12, 41, 68, 54, 50, 52, 0)
True, True, 0.125, (0, 39, 28, 31, 17, 59, 65, 36, 99, 0)
True, True, 0.0833, (0, 52, 50, 39, 28, 31, 17, 95, 54, 41, 0)
True, True, 0.1196, (0, 14, 3, 108, 91, 6, 109, 69, 0)
True, True, 0.0833, (0, 71, 2, 43, 64, 36, 65, 59, 95, 0)
True, True, 0.3333, (0, 27, 65, 36, 64, 43, 2, 80, 71, 0)
True, True, 0.1042, (0, 23, 13, 57, 82, 107, 35, 73, 40, 0)
True, True, 0.7608, (0, 14, 3, 108, 38, 46, 5, 91, 0)
True, True, 0.201, (0, 69, 109, 18, 25, 103, 24, 84, 77, 6, 0)
True, True, 0.1654, (0, 70, 44, 81, 94, 37, 7, 107, 57, 0)
True, True, 0.2083, (0, 71, 80, 2, 43, 93, 64, 36, 99, 0)
True, True, 0.3333, (0, 30, 56, 55, 76, 83, 22, 61, 60, 104, 93, 0)
True, True, 0.5074, (0, 86, 73, 35, 107, 82, 57, 13, 23, 0)
True, True, 0.1667, (0, 39, 17, 95, 59, 65, 99, 2, 80, 71, 0)
True, True, 0.0417, (0, 56, 55, 76, 83, 61, 60, 104, 64, 99, 0)
True, True, 0.2083, (0, 55, 76, 83, 22, 61, 60, 104, 93, 43, 0)
True, True, 0.0539, (0, 47, 73, 35, 7, 107, 82, 57, 13, 0)
True, True, 0.0417, (0, 55, 76, 83, 22, 61, 64, 36, 99, 0)
True, True, 0.0417, (0, 55, 76, 22, 61, 60, 104, 64, 36, 99, 0)
True, True, 0.1483, (0, 77, 85, 98, 66, 15, 53, 26, 87, 84, 18, 0)
True, True, 0.1654, (0, 70, 44, 81, 94, 37, 7, 82, 48, 0)
True, True, 0.0417, (0, 28, 31, 17, 59, 65, 99, 2, 71, 0)
True, True, 0.0417, (0, 39, 31, 27, 65, 36, 64, 43, 2, 0)
True, True, 0.123, (0, 18, 84, 4, 101, 9, 33, 102, 103, 25, 109, 0)
True, True, 0.1272, (0, 69, 25, 103, 4, 101, 9, 33, 102, 56, 30, 0)
False, True, 0.212, (0, 49, 62, 100, 10, 86, 47, 40, 8, 49, 0)
True, True, 0.136, (0, 77, 11, 85, 51, 67, 34, 45, 89, 0)
True, True, 0.3834, (0, 69, 25, 103, 102, 9, 33, 101, 4, 24, 84, 0)
True, True, 0.1256, (0, 38, 45, 34, 67, 51, 85, 11, 77, 6, 0)
True, True, 0.0539, (0, 40, 47, 73, 35, 37, 94, 81, 44, 70, 0)
True, True, 0.4173, (0, 87, 26, 53, 15, 66, 98, 11, 85, 51, 0)
True, True, 0.034, (0, 12, 41, 96, 88, 75, 21, 72, 63, 0)
True, True, 0.2304, (0, 40, 47, 35, 7, 37, 94, 81, 44, 70, 0)
True, True, 0.0502, (0, 62, 100, 10, 86, 73, 35, 48, 47, 8, 0)
True, True, 0.0833, (0, 28, 31, 17, 95, 96, 88, 75, 21, 12, 0)
True, True, 0.1531, (0, 52, 54, 96, 88, 75, 21, 72, 63, 19, 0)
True, True, 0.3124, (0, 49, 8, 62, 100, 10, 72, 63, 58, 19, 0)
True, True, 0.3752, (0, 105, 20, 92, 97, 42, 106, 34, 67, 89, 0)
True, True, 0.1942, (0, 19, 63, 72, 21, 75, 88, 96, 54, 68, 0)
True, True, 0.0779, (0, 14, 3, 108, 5, 6, 109, 69, 0)
True, True, 0.0727, (0, 56, 55, 76, 83, 22, 61, 60, 104, 93, 80, 0)
True, True, 0.072, (0, 38, 89, 45, 34, 67, 51, 85, 77, 6, 0)
True, True, 0.0768, (0, 54, 96, 88, 75, 21, 41, 12, 58, 19, 0)
True, True, 0.0417, (0, 5, 46, 89, 67, 34, 45, 38, 108, 0)
True, True, 0.0417, (0, 71, 80, 30, 69, 109, 18, 6, 3, 14, 0)
True, True, 0.0246, (0, 69, 18, 103, 4, 101, 33, 9, 102, 56, 30, 0)
True, True, 0.2304, (0, 8, 40, 47, 48, 73, 86, 10, 100, 62, 0)
True, True, 0.0246, (0, 6, 18, 84, 4, 101, 33, 9, 102, 25, 69, 0)
True, True, 0.0212, (0, 109, 18, 25, 103, 4, 101, 9, 33, 102, 56, 0)
True, True, 0.0124, (0, 46, 51, 98, 66, 53, 15, 26, 87, 77, 0)
all_elementary, False
all_cyc2, True
