Instance, X-n129-k18
capacity, 39
min_trucks, 18
output_file, output_uchoa_repeat_small/X-n129-k18-cyc2.log
Start date, 2022-07-06
Start time, 12-05-28
capacity, 39
num_vehicles, 18
abort_early, False
methods, ['cyc2']
max_vars, 100
time_limit, 86400
farley, False
ESPPRC_heur, True
initial time, initial max_it, max_stale_it
1, 20000.0, 20
heuristic Number of routes, heuristic Best Solution Value, heuristic number of iterations, adjusted time, adjusted max_it, measured total time
17329, 28940.0, 14676, 1, 20000.0, 14742.9
method, python time, total time, propagated dominance time, unpropagated dominance time, pricing_success, upper_bound, lower_bound, abort_early, num_paths, 
ESPPRC_heur, 0.0, 0.1, 0.0, 0.0, 0, 28590.5375, 9081.8027, True, 1834
ESPPRC_heur, 0.0, 0.1, 0.0, 0.0, 0, 28590.5375, 19015.6483, True, 943
ESPPRC_heur, -0.0, 0.1, 0.0, 0.0, 0, 28590.5375, 23532.6114, True, 365
ESPPRC_heur, 0.0, 0.1, 0.0, 0.0, 0, 28574.829, 26560.2546, True, 159
ESPPRC_heur, -0.0, 0.1, 0.0, 0.0, 0, 28530.026, 27282.9365, True, 73
ESPPRC_heur, -0.0, 0.1, 0.0, 0.0, 0, 28527.6933, 28067.7386, True, 20
ESPPRC_heur, -0.0, 0.1, 0.0, 0.0, 0, 28514.7579, 28124.6588, True, 21
ESPPRC_heur, -0.0, 0.1, 0.0, 0.0, 0, 28513.6781, 28481.2503, True, 3
ESPPRC_heur, -0.0, 0.1, 0.0, 0.0, 0, 28513.6564, 28499.0027, True, 1
cyc2, 0.1, 0.4, 0.0, 0.0, 1, 28513.6469, 24876.1389, 0, 619
ESPPRC_heur, -0.0, 0.1, 0.0, 0.0, 0, 28492.9874, 28210.7124, True, 12
ESPPRC_heur, -0.0, 0.1, 0.0, 0.0, 0, 28490.5907, 28243.0821, True, 7
ESPPRC_heur, -0.0, 0.1, 0.0, 0.0, 0, 28490.2629, 28399.2322, True, 3
cyc2, 0.0, 0.4, 0.0, 0.0, 1, 28490.2629, 27277.3982, 0, 402
ESPPRC_heur, -0.0, 0.1, 0.0, 0.0, 0, 28423.4094, 28116.905, True, 14
ESPPRC_heur, -0.0, 0.1, 0.0, 0.0, 0, 28419.434, 28269.1208, True, 7
ESPPRC_heur, -0.0, 0.1, 0.0, 0.0, 0, 28418.3051, 28234.8417, True, 6
ESPPRC_heur, -0.0, 0.1, 0.0, 0.0, 0, 28417.8619, 28316.4215, True, 1
cyc2, 0.0, 0.4, 0.0, 0.0, 1, 28417.4656, 27445.4656, 0, 228
ESPPRC_heur, -0.0, 0.1, 0.0, 0.0, 0, 28382.7314, 27836.8196, True, 25
ESPPRC_heur, -0.0, 0.1, 0.0, 0.0, 0, 28381.6765, 28134.7861, True, 3
cyc2, 0.0, 0.4, 0.0, 0.0, 1, 28381.6765, 27958.3978, 0, 104
ESPPRC_heur, -0.0, 0.1, 0.0, 0.0, 0, 28366.9687, 28202.6835, True, 6
cyc2, 0.0, 0.4, 0.0, 0.0, 1, 28366.6799, 28144.6347, 0, 32
ESPPRC_heur, -0.0, 0.1, 0.0, 0.0, 0, 28366.1878, 28345.468, True, 1
cyc2, 0.0, 0.4, 0.0, 0.0, 1, 28366.1749, 28267.4428, 0, 14
cyc2, 0.0, 0.4, 0.0, 0.0, 1, 28365.6064, 28365.6064, 0, 0
scip_total_time, 14751.510775
Solval, number of paths, impact cutoff
28365.606374216663, 107, 0.0001
Elementary, 2-Cycle, Path Value, Path
True, True, 0.2065, (0, 125, 31, 69, 120, 51, 109, 83, 0)
True, True, 0.1162, (0, 100, 49, 92, 116, 95, 96, 73, 114, 32, 0)
True, True, 0.3348, (0, 123, 5, 106, 122, 115, 117, 70, 0)
True, True, 0.562, (0, 126, 11, 85, 61, 41, 55, 40, 58, 101, 17, 110, 0)
True, True, 0.1733, (0, 38, 118, 28, 127, 47, 0)
True, True, 0.1006, (0, 60, 77, 35, 57, 13, 56, 62, 0)
True, True, 0.6047, (0, 16, 12, 96, 95, 116, 92, 49, 73, 114, 32, 0)
True, True, 0.2249, (0, 80, 68, 98, 4, 111, 94, 121, 63, 0)
True, True, 0.3852, (0, 19, 45, 48, 2, 34, 21, 33, 46, 0)
True, True, 0.5333, (0, 84, 25, 77, 35, 57, 13, 56, 62, 0)
True, True, 0.0312, (0, 29, 48, 2, 34, 21, 33, 46, 54, 0)
True, True, 0.3446, (0, 60, 57, 13, 56, 62, 30, 0)
True, True, 0.1816, (0, 86, 88, 113, 27, 52, 50, 78, 0)
True, True, 0.0194, (0, 26, 126, 71, 108, 72, 112, 102, 0)
True, True, 0.1227, (0, 63, 19, 6, 22, 45, 29, 111, 121, 0)
True, True, 0.354, (0, 46, 33, 21, 34, 2, 48, 29, 6, 0)
True, True, 0.269, (0, 47, 127, 53, 123, 119, 20, 50, 78, 0)
True, True, 0.0646, (0, 65, 105, 76, 79, 10, 104, 92, 116, 95, 49, 0)
True, True, 0.0457, (0, 88, 113, 27, 52, 20, 50, 78, 0)
True, True, 0.2273, (0, 53, 123, 5, 106, 122, 115, 117, 74, 0)
True, True, 0.5037, (0, 47, 127, 70, 53, 119, 50, 78, 0)
True, True, 0.037, (0, 19, 46, 33, 21, 34, 2, 48, 58, 101, 17, 110, 0)
True, True, 0.0215, (0, 43, 62, 56, 13, 57, 35, 60, 23, 0)
True, True, 0.2983, (0, 128, 26, 108, 100, 72, 112, 0)
True, True, 0.0851, (0, 42, 16, 12, 96, 95, 116, 92, 49, 73, 32, 0)
True, True, 0.0982, (0, 110, 17, 11, 76, 79, 10, 104, 92, 116, 95, 49, 0)
True, True, 0.0764, (0, 101, 58, 40, 55, 41, 61, 85, 11, 65, 0)
True, True, 0.1689, (0, 123, 5, 106, 122, 115, 117, 14, 0)
True, True, 0.225, (0, 87, 94, 111, 29, 45, 22, 6, 19, 0)
True, True, 0.2118, (0, 39, 84, 25, 77, 35, 60, 23, 0)
True, True, 0.0047, (0, 5, 106, 68, 98, 4, 111, 121, 87, 0)
True, True, 0.1628, (0, 8, 37, 96, 73, 32, 0)
True, True, 0.091, (0, 36, 126, 71, 108, 72, 112, 0)
True, True, 0.0312, (0, 16, 12, 96, 95, 116, 92, 49, 73, 100, 0)
True, True, 0.0539, (0, 83, 120, 8, 37, 16, 99, 0)
True, True, 0.2642, (0, 20, 80, 87, 121, 94, 4, 98, 68, 106, 5, 0)
True, True, 0.1177, (0, 110, 101, 58, 40, 55, 41, 61, 85, 76, 79, 104, 126, 0)
True, True, 0.2077, (0, 119, 63, 9, 124, 82, 113, 0)
True, True, 0.0018, (0, 7, 22, 45, 29, 111, 94, 0)
True, True, 0.037, (0, 108, 104, 79, 76, 85, 61, 41, 55, 40, 58, 0)
True, True, 0.3333, (0, 3, 88, 89, 103, 75, 91, 0)
True, True, 0.1328, (0, 1, 60, 35, 77, 25, 84, 43, 0)
True, True, 0.2785, (0, 67, 30, 43, 39, 23, 1, 0)
True, True, 0.222, (0, 7, 22, 45, 29, 111, 87, 0)
False, True, 0.4133, (0, 24, 38, 28, 118, 38, 24, 0)
True, True, 0.1111, (0, 15, 75, 89, 88, 86, 3, 0)
False, True, 0.0764, (0, 104, 10, 79, 76, 10, 79, 76, 10, 79, 76, 105, 0)
False, True, 0.3333, (0, 66, 44, 59, 18, 44, 90, 0)
False, True, 0.1435, (0, 124, 7, 54, 6, 7, 54, 19, 9, 0)
False, True, 0.0433, (0, 63, 19, 54, 7, 22, 45, 29, 6, 19, 0)
False, True, 0.1333, (0, 64, 44, 59, 18, 44, 90, 64, 0)
False, True, 0.1918, (0, 104, 10, 79, 76, 10, 104, 71, 0)
False, True, 0.037, (0, 110, 17, 101, 58, 40, 55, 41, 101, 17, 110, 0)
False, True, 0.027, (0, 47, 127, 74, 70, 127, 47, 0)
False, True, 0.3968, (0, 14, 99, 42, 97, 31, 69, 97, 31, 125, 0)
False, True, 0.2255, (0, 128, 107, 81, 36, 107, 81, 0)
False, True, 0.2073, (0, 68, 98, 4, 68, 98, 80, 0)
False, True, 0.0196, (0, 119, 68, 98, 4, 68, 80, 20, 0)
False, True, 0.1345, (0, 117, 122, 115, 117, 70, 0)
False, True, 0.1758, (0, 93, 67, 39, 43, 30, 67, 86, 0)
False, True, 0.3574, (0, 52, 113, 82, 27, 52, 86, 0)
False, True, 0.2073, (0, 81, 128, 107, 36, 81, 4, 0)
False, True, 0.1115, (0, 124, 7, 54, 6, 7, 54, 124, 0)
True, True, 0.0546, (0, 118, 51, 8, 37, 16, 42, 99, 14, 0)
True, True, 0.1785, (0, 20, 63, 9, 124, 82, 88, 93, 0)
False, True, 0.0328, (0, 80, 87, 121, 94, 87, 121, 94, 4, 98, 68, 80, 0)
False, True, 0.0008, (0, 83, 109, 120, 51, 109, 120, 83, 0)
False, True, 0.2, (0, 18, 59, 23, 1, 59, 18, 90, 0)
False, True, 0.2791, (0, 8, 37, 114, 12, 37, 8, 0)
False, True, 0.0322, (0, 67, 39, 43, 30, 39, 93, 0)
True, True, 0.2222, (0, 3, 91, 93, 103, 89, 64, 66, 15, 0)
False, True, 0.0959, (0, 17, 85, 61, 41, 55, 40, 58, 101, 17, 0)
False, True, 0.1497, (0, 86, 27, 113, 82, 27, 88, 0)
False, True, 0.223, (0, 9, 124, 7, 54, 9, 63, 20, 0)
False, True, 0.0867, (0, 24, 118, 28, 125, 14, 28, 24, 0)
False, True, 0.24, (0, 125, 83, 120, 51, 109, 83, 28, 0)
False, True, 0.1345, (0, 115, 122, 128, 81, 36, 128, 0)
False, True, 0.0579, (0, 93, 27, 113, 82, 27, 52, 0)
False, True, 0.1689, (0, 67, 43, 39, 30, 43, 67, 0)
True, True, 0.2222, (0, 15, 66, 64, 103, 75, 93, 91, 3, 0)
False, True, 0.2222, (0, 15, 66, 64, 89, 103, 75, 15, 0)
True, True, 0.1006, (0, 39, 84, 25, 60, 1, 0)
True, True, 0.0215, (0, 43, 84, 25, 77, 60, 23, 1, 0)
False, True, 0.1926, (0, 22, 48, 2, 34, 21, 33, 46, 22, 54, 0)
False, True, 0.0667, (0, 90, 23, 1, 60, 23, 1, 64, 0)
False, True, 0.1465, (0, 65, 105, 104, 10, 79, 76, 105, 65, 0)
False, True, 0.2635, (0, 71, 105, 65, 11, 105, 65, 71, 0)
False, True, 0.4477, (0, 102, 112, 72, 100, 108, 26, 102, 74, 0)
False, True, 0.0638, (0, 74, 102, 112, 72, 100, 108, 26, 74, 0)
False, True, 0.1705, (0, 99, 42, 16, 37, 8, 42, 99, 14, 74, 0)
False, True, 0.0994, (0, 80, 87, 121, 111, 94, 121, 111, 94, 121, 87, 80, 0)
False, True, 0.0244, (0, 86, 82, 124, 9, 82, 0)
False, True, 0.0196, (0, 80, 98, 4, 68, 98, 4, 94, 121, 87, 0)
False, True, 0.0667, (0, 90, 18, 59, 1, 23, 18, 90, 0)
False, True, 0.039, (0, 65, 105, 76, 79, 10, 76, 79, 10, 104, 126, 0)
False, True, 0.0156, (0, 99, 32, 112, 72, 32, 99, 0)
False, True, 0.1709, (0, 107, 36, 126, 71, 26, 36, 107, 0)
False, True, 0.037, (0, 110, 85, 61, 41, 55, 40, 41, 61, 85, 110, 0)
True, True, 0.037, (0, 104, 79, 76, 85, 61, 55, 40, 58, 101, 17, 110, 0)
False, True, 0.0214, (0, 112, 72, 108, 100, 72, 0)
False, True, 0.0667, (0, 90, 1, 23, 59, 44, 90, 0)
False, True, 0.1364, (0, 118, 51, 120, 109, 51, 120, 69, 97, 0)
False, True, 0.035, (0, 125, 97, 69, 120, 51, 109, 69, 97, 125, 0)
False, True, 0.1225, (0, 14, 99, 42, 69, 109, 120, 51, 109, 83, 0)
False, True, 0.1111, (0, 3, 91, 75, 89, 93, 91, 0)
False, True, 0.0214, (0, 102, 112, 72, 108, 100, 112, 0)
False, True, 0.0678, (0, 118, 83, 109, 120, 51, 109, 69, 83, 118, 0)
all_elementary, False
all_cyc2, True
