Instance, E-n101-k14
capacity, 112
min_trucks, 14
output_file, output_E/E-n101-k14-ng20.log
Start date, 2022-07-07
Start time, 10-35-51
capacity, 112
num_vehicles, 14
abort_early, False
methods, ['ng20']
max_vars, 100
time_limit, 86400
farley, False
ESPPRC_heur, True
initial time, initial max_it, max_stale_it
1, 20000.0, 20
heuristic Number of routes, heuristic Best Solution Value, heuristic number of iterations, adjusted time, adjusted max_it, measured total time
123, 1067.0, 188, 1, 20000.0, 197.5
method, python time, total time, propagated dominance time, unpropagated dominance time, pricing_success, upper_bound, lower_bound, abort_early, num_paths, 
ESPPRC_heur, 0.1, 0.0, 0.0, 0.0, 0, 1067.0, -2758.5, True, 1570
ESPPRC_heur, 0.1, 0.0, 0.0, 0.0, 0, 1067.0, -3277.6667, True, 1874
ESPPRC_heur, 0.0, 0.0, 0.0, 0.0, 0, 1067.0, -2215.2222, True, 1551
ESPPRC_heur, 0.1, 0.0, 0.0, 0.0, 0, 1067.0, -2619.3838, True, 2066
ESPPRC_heur, 0.1, 0.0, 0.0, 0.0, 0, 1067.0, -2363.3142, True, 2011
ESPPRC_heur, 0.1, 0.0, 0.0, 0.0, 0, 1067.0, -2476.0521, True, 1618
ESPPRC_heur, 0.1, 0.0, 0.0, 0.0, 0, 1067.0, -1546.1478, True, 1736
ESPPRC_heur, 0.1, 0.0, 0.0, 0.0, 0, 1067.0, -989.4629, True, 2098
ESPPRC_heur, 0.1, 0.0, 0.0, 0.0, 0, 1067.0, -1054.8251, True, 1987
ESPPRC_heur, 0.1, 0.0, 0.0, 0.0, 0, 1067.0, -776.4229, True, 2456
ESPPRC_heur, -0.0, 0.1, 0.0, 0.0, 0, 1067.0, -1299.511, True, 3167
ESPPRC_heur, -0.0, 0.1, 0.0, 0.0, 0, 1067.0, -574.5936, True, 2649
ESPPRC_heur, 0.1, 0.0, 0.0, 0.0, 0, 1067.0, -256.0578, True, 2097
ESPPRC_heur, 0.1, 0.0, 0.0, 0.0, 0, 1067.0, -743.8194, True, 2266
ESPPRC_heur, 0.1, 0.0, 0.0, 0.0, 0, 1067.0, -82.9267, True, 1794
ESPPRC_heur, 0.1, 0.0, 0.0, 0.0, 0, 1067.0, -547.8603, True, 2580
ESPPRC_heur, 0.1, 0.0, 0.0, 0.0, 0, 1067.0, -422.9479, True, 2223
ESPPRC_heur, 0.1, 0.0, 0.0, 0.0, 0, 1067.0, -618.3514, True, 2325
ESPPRC_heur, 0.1, 0.0, 0.0, 0.0, 0, 1067.0, -695.5306, True, 2670
ESPPRC_heur, 0.1, 0.0, 0.0, 0.0, 0, 1067.0, 236.8943, True, 1543
ESPPRC_heur, 0.1, 0.0, 0.0, 0.0, 0, 1067.0, -124.3188, True, 2606
ESPPRC_heur, 0.1, 0.0, 0.0, 0.0, 0, 1067.0, 22.0939, True, 1709
ESPPRC_heur, 0.1, 0.0, 0.0, 0.0, 0, 1067.0, -85.6994, True, 2322
ESPPRC_heur, 0.1, 0.0, 0.0, 0.0, 0, 1067.0, -544.9658, True, 2669
ESPPRC_heur, 0.1, 0.0, 0.0, 0.0, 0, 1067.0, -23.7262, True, 2285
ESPPRC_heur, 0.1, 0.0, 0.0, 0.0, 0, 1067.0, 141.268, True, 1938
ESPPRC_heur, 0.1, 0.0, 0.0, 0.0, 0, 1067.0, 147.3074, True, 1623
ESPPRC_heur, 0.1, 0.0, 0.0, 0.0, 0, 1067.0, 55.7996, True, 1554
ESPPRC_heur, 0.1, 0.0, 0.0, 0.0, 0, 1067.0, 219.9338, True, 1360
ESPPRC_heur, 0.1, 0.0, 0.0, 0.0, 0, 1067.0, 84.3511, True, 1617
ESPPRC_heur, 0.1, 0.0, 0.0, 0.0, 0, 1067.0, 246.2997, True, 1965
ESPPRC_heur, 0.1, 0.0, 0.0, 0.0, 0, 1067.0, 418.6223, True, 1147
ESPPRC_heur, 0.1, 0.0, 0.0, 0.0, 0, 1067.0, 564.1687, True, 992
ESPPRC_heur, 0.1, 0.0, 0.0, 0.0, 0, 1067.0, 418.2564, True, 1394
ESPPRC_heur, -0.0, 0.1, 0.0, 0.0, 0, 1067.0, -97.4008, True, 2648
ESPPRC_heur, 0.1, 0.0, 0.0, 0.0, 0, 1067.0, 23.3847, True, 2171
ESPPRC_heur, 0.1, 0.0, 0.0, 0.0, 0, 1067.0, 578.7929, True, 1210
ESPPRC_heur, 0.1, 0.0, 0.0, 0.0, 0, 1067.0, 595.2969, True, 1133
ESPPRC_heur, 0.1, 0.0, 0.0, 0.0, 0, 1067.0, 363.1194, True, 1342
ESPPRC_heur, 0.1, 0.0, 0.0, 0.0, 0, 1067.0, 468.2531, True, 1183
ESPPRC_heur, 0.1, 0.0, 0.0, 0.0, 0, 1067.0, 709.0632, True, 766
ESPPRC_heur, 0.1, 0.0, 0.0, 0.0, 0, 1067.0, 507.0336, True, 1341
ESPPRC_heur, 0.1, 0.0, 0.0, 0.0, 0, 1067.0, 732.4578, True, 787
ESPPRC_heur, 0.1, 0.0, 0.0, 0.0, 0, 1067.0, 591.8134, True, 1253
ESPPRC_heur, 0.1, 0.0, 0.0, 0.0, 0, 1067.0, 649.1334, True, 873
ESPPRC_heur, 0.1, 0.0, 0.0, 0.0, 0, 1067.0, 699.0699, True, 896
ESPPRC_heur, 0.1, 0.0, 0.0, 0.0, 0, 1066.7924, 578.0276, True, 803
ESPPRC_heur, 0.1, 0.0, 0.0, 0.0, 0, 1066.0887, 860.5452, True, 519
ESPPRC_heur, 0.1, 0.0, 0.0, 0.0, 0, 1064.0353, 757.7565, True, 567
ESPPRC_heur, 0.1, 0.0, 0.0, 0.0, 0, 1063.3902, 898.5326, True, 451
ESPPRC_heur, 0.1, 0.0, 0.0, 0.0, 0, 1061.3165, 901.5861, True, 375
ESPPRC_heur, 0.1, 0.0, 0.0, 0.0, 0, 1059.9139, 954.1338, True, 209
ESPPRC_heur, 0.1, 0.0, 0.0, 0.0, 0, 1058.0455, 880.4458, True, 269
ESPPRC_heur, 0.1, 0.0, 0.0, 0.0, 0, 1056.8532, 983.6649, True, 178
ESPPRC_heur, 0.1, 0.0, 0.0, 0.0, 0, 1054.5318, 984.4028, True, 158
ESPPRC_heur, 0.1, 0.0, 0.0, 0.0, 0, 1050.5993, 979.7091, True, 103
ESPPRC_heur, 0.0, 0.0, 0.0, 0.0, 0, 1049.7635, 1008.749, True, 48
ESPPRC_heur, 0.0, 0.0, 0.0, 0.0, 0, 1048.7856, 1034.5975, True, 18
ESPPRC_heur, 0.0, 0.0, 0.0, 0.0, 0, 1048.4491, 1034.4491, True, 14
ESPPRC_heur, 0.0, 0.0, 0.0, 0.0, 0, 1048.2164, 1042.9492, True, 4
ESPPRC_heur, 0.0, 0.0, 0.0, 0.0, 0, 1048.1665, 1046.6348, True, 2
