Instance, E-n23-k3
capacity, 4500
min_trucks, 3
output_file, output_E/E-n23-k3-ng20.log
Start date, 2022-07-07
Start time, 10-34-24
capacity, 4500
num_vehicles, 3
abort_early, False
methods, ['ng20']
max_vars, 100
time_limit, 86400
farley, False
ESPPRC_heur, True
initial time, initial max_it, max_stale_it
1, 20000.0, 20
heuristic Number of routes, heuristic Best Solution Value, heuristic number of iterations, adjusted time, adjusted max_it, measured total time
6, 569.0, 25, 1, 20000.0, 26.3
method, python time, total time, propagated dominance time, unpropagated dominance time, pricing_success, upper_bound, lower_bound, abort_early, num_paths, 
ESPPRC_heur, 0.0, 0.0, 0.0, 0.0, 0, 569.0, -289.0, True, 41
ESPPRC_heur, 0.0, 0.0, 0.0, 0.0, 0, 569.0, 65.0, True, 45
ESPPRC_heur, 0.0, 0.0, 0.0, 0.0, 0, 569.0, 347.0, True, 47
ESPPRC_heur, 0.0, 0.0, 0.0, 0.0, 0, 569.0, 341.0, True, 54
ESPPRC_heur, 0.0, 0.0, 0.0, 0.0, 0, 569.0, 417.5, True, 51
ESPPRC_heur, 0.0, 0.0, 0.0, 0.0, 0, 569.0, 330.5, True, 59
ESPPRC_heur, 0.0, 0.0, 0.0, 0.0, 0, 569.0, 370.0, True, 85
ESPPRC_heur, 0.0, 0.0, 0.0, 0.0, 0, 569.0, 442.4, True, 46
ESPPRC_heur, 0.0, 0.0, 0.0, 0.0, 0, 569.0, 478.9091, True, 45
ESPPRC_heur, 0.0, 0.0, 0.0, 0.0, 0, 569.0, 520.25, True, 15
ESPPRC_heur, 0.0, 0.0, 0.0, 0.0, 0, 569.0, 512.0, True, 33
ESPPRC_heur, 0.0, 0.0, 0.0, 0.0, 0, 569.0, 434.6, True, 82
ESPPRC_heur, 0.0, 0.0, 0.0, 0.0, 0, 569.0, 375.5, True, 109
ESPPRC_heur, 0.0, 0.0, 0.0, 0.0, 0, 569.0, 366.8, True, 172
ESPPRC_heur, 0.0, 0.0, 0.0, 0.0, 0, 569.0, 413.0, True, 101
ESPPRC_heur, 0.0, 0.0, 0.0, 0.0, 0, 569.0, 435.9286, True, 98
ESPPRC_heur, 0.0, 0.0, 0.0, 0.0, 0, 569.0, 462.1, True, 81
ESPPRC_heur, 0.0, 0.0, 0.0, 0.0, 0, 569.0, 444.7143, True, 66
ESPPRC_heur, 0.0, 0.0, 0.0, 0.0, 0, 569.0, 466.25, True, 55
ESPPRC_heur, 0.0, 0.0, 0.0, 0.0, 0, 569.0, 436.0, True, 101
ESPPRC_heur, 0.0, 0.0, 0.0, 0.0, 0, 569.0, 478.2653, True, 70
ESPPRC_heur, 0.0, 0.0, 0.0, 0.0, 0, 569.0, 414.0, True, 87
ESPPRC_heur, 0.0, 0.0, 0.0, 0.0, 0, 569.0, 393.68, True, 70
ESPPRC_heur, 0.0, 0.0, 0.0, 0.0, 0, 569.0, 462.2632, True, 42
ESPPRC_heur, 0.0, 0.0, 0.0, 0.0, 0, 569.0, 469.625, True, 30
ESPPRC_heur, 0.0, 0.0, 0.0, 0.0, 0, 569.0, 560.0, True, 1
ESPPRC_heur, 0.0, 0.0, 0.0, 0.0, 0, 569.0, 493.6311, True, 15
ESPPRC_heur, 0.0, 0.0, 0.0, 0.0, 0, 569.0, 465.8, True, 55
ESPPRC_heur, 0.0, 0.0, 0.0, 0.0, 0, 569.0, 528.3571, True, 10
ESPPRC_heur, 0.0, 0.0, 0.0, 0.0, 0, 569.0, 484.5, True, 41
ESPPRC_heur, 0.0, 0.0, 0.0, 0.0, 0, 569.0, 500.5556, True, 20
ESPPRC_heur, 0.0, 0.0, 0.0, 0.0, 0, 569.0, 450.6667, True, 50
ESPPRC_heur, 0.0, 0.0, 0.0, 0.0, 0, 569.0, 507.38, True, 10
ESPPRC_heur, 0.0, 0.0, 0.0, 0.0, 0, 569.0, 506.1304, True, 6
ESPPRC_heur, 0.0, 0.0, 0.0, 0.0, 0, 569.0, 560.0, True, 4
ESPPRC_heur, 0.0, 0.0, 0.0, 0.0, 0, 569.0, 563.0, True, 5
ESPPRC_heur, 0.0, 0.0, 0.0, 0.0, 0, 569.0, 503.0, True, 29
ESPPRC_heur, 0.0, 0.0, 0.0, 0.0, 0, 569.0, 476.9, True, 53
ESPPRC_heur, 0.0, 0.0, 0.0, 0.0, 0, 569.0, 521.0, True, 11
ng20, 0.1, 5.8, 3.8, 1.8, 1, 567.0, 495.0, 0, 1117
ng20, 0.1, 3.6, 2.5, 1.0, 1, 563.5476, 511.494, 0, 332
ESPPRC_heur, 0.0, 0.0, 0.0, 0.0, 0, 559.4384, 555.1233, True, 1
ng20, 0.0, 1.2, 0.8, 0.3, 1, 559.0, 517.8571, 0, 97
ng20, -0.0, 1.3, 0.9, 0.4, 1, 559.0, 553.0, 0, 5
ng20, -0.0, 2.6, 1.7, 0.8, 1, 558.9529, 558.9529, 0, 0
scip_total_time, 41.850997
Solval, number of paths, impact cutoff
558.9529411764705, 15, 0.0001
Elementary, 2-Cycle, Path Value, Path
True, True, 0.1765, (0, 10, 13, 0)
True, True, 0.1882, (0, 11, 10, 0)
True, True, 0.6353, (0, 12, 10, 0)
True, True, 0.0118, (0, 21, 4, 5, 8, 9, 6, 2, 16, 15, 14, 20, 19, 18, 0)
True, True, 0.0471, (0, 21, 4, 5, 8, 9, 6, 1, 2, 3, 16, 15, 17, 22, 20, 19, 18, 0)
True, True, 0.1765, (0, 7, 21, 4, 5, 8, 9, 13, 11, 12, 0)
True, True, 0.0118, (0, 18, 19, 20, 14, 15, 16, 3, 2, 1, 9, 8, 5, 4, 21, 0)
True, True, 0.4118, (0, 21, 4, 5, 8, 7, 11, 6, 1, 2, 3, 16, 15, 14, 17, 22, 20, 19, 18, 0)
True, True, 0.0118, (0, 21, 4, 5, 8, 9, 6, 1, 3, 15, 14, 20, 19, 18, 0)
True, True, 0.4118, (0, 7, 9, 13, 6, 1, 2, 3, 16, 15, 14, 17, 22, 20, 19, 18, 0)
True, True, 0.0118, (0, 18, 19, 20, 14, 16, 3, 2, 1, 6, 9, 8, 5, 4, 21, 0)
True, True, 0.0471, (0, 18, 19, 22, 17, 14, 15, 16, 3, 2, 1, 6, 9, 8, 5, 4, 21, 0)
True, True, 0.1882, (0, 21, 4, 5, 8, 9, 13, 11, 12, 0)
True, True, 0.0471, (0, 20, 22, 17, 14, 15, 16, 3, 2, 1, 6, 13, 9, 8, 5, 4, 21, 0)
True, True, 0.0353, (0, 14, 17, 22, 20, 19, 18, 21, 4, 5, 8, 9, 11, 0)
all_elementary, True
all_cyc2, True
