Instance, E-n30-k3
capacity, 4500
min_trucks, 3
output_file, output_E/E-n30-k3-SPPRC.log
Start date, 2022-07-07
Start time, 10-36-47
capacity, 4500
num_vehicles, 3
abort_early, False
methods, ['SPPRC']
max_vars, 100
time_limit, 86400
farley, False
ESPPRC_heur, True
initial time, initial max_it, max_stale_it
1, 20000.0, 20
heuristic Number of routes, heuristic Best Solution Value, heuristic number of iterations, adjusted time, adjusted max_it, measured total time
6, 534.0, 27, 1, 20000.0, 29.0
method, python time, total time, propagated dominance time, unpropagated dominance time, pricing_success, upper_bound, lower_bound, abort_early, num_paths, 
SPPRC, 0.0, 0.0, 0.0, 0.0, 1, 534.0, -5793.0, 0, 167
SPPRC, 0.1, 0.0, 0.0, 0.0, 1, 534.0, -4135.2, 0, 269
SPPRC, 0.0, 0.0, 0.0, 0.0, 1, 534.0, -2262.18, 0, 330
SPPRC, 0.1, 0.0, 0.0, 0.0, 1, 534.0, -4140.0, 0, 254
SPPRC, 0.1, 0.0, 0.0, 0.0, 1, 534.0, -1369.8, 0, 439
SPPRC, 0.1, 0.0, 0.0, 0.0, 1, 534.0, -5827.5, 0, 403
SPPRC, 0.1, 0.0, 0.0, 0.0, 1, 534.0, -2082.0, 0, 399
SPPRC, 0.1, 0.0, 0.0, 0.0, 1, 534.0, -1842.0, 0, 372
SPPRC, 0.1, 0.0, 0.0, 0.0, 1, 534.0, -1106.3691, 0, 373
SPPRC, 0.1, 0.0, 0.0, 0.0, 1, 534.0, -4983.375, 0, 525
SPPRC, 0.1, 0.0, 0.0, 0.0, 1, 534.0, -4596.0, 0, 283
SPPRC, 0.1, 0.0, 0.0, 0.0, 1, 534.0, -4622.5714, 0, 664
SPPRC, 0.0, 0.0, 0.0, 0.0, 1, 534.0, -614.5227, 0, 374
SPPRC, 0.1, 0.0, 0.0, 0.0, 1, 534.0, -2231.9258, 0, 1215
SPPRC, 0.1, 0.0, 0.0, 0.0, 1, 534.0, -1628.1445, 0, 605
SPPRC, 0.1, 0.0, 0.0, 0.0, 1, 534.0, -957.9267, 0, 630
SPPRC, 0.1, 0.0, 0.0, 0.0, 1, 534.0, -1076.305, 0, 867
SPPRC, 0.1, 0.0, 0.0, 0.0, 1, 534.0, -873.0203, 0, 584
SPPRC, 0.1, 0.0, 0.0, 0.0, 1, 534.0, -474.0, 0, 591
SPPRC, 0.0, 0.0, 0.0, 0.0, 1, 534.0, -184.0688, 0, 626
SPPRC, 0.1, 0.0, 0.0, 0.0, 1, 534.0, -1849.6749, 0, 1560
SPPRC, 0.1, 0.0, 0.0, 0.0, 1, 534.0, -407.4216, 0, 1087
SPPRC, 0.1, 0.0, 0.0, 0.0, 1, 534.0, -2596.4883, 0, 1516
SPPRC, 0.1, 0.0, 0.0, 0.0, 1, 534.0, -2040.8159, 0, 1354
SPPRC, 0.1, 0.0, 0.0, 0.0, 1, 534.0, -1171.7322, 0, 636
SPPRC, 0.1, 0.0, 0.0, 0.0, 1, 534.0, -327.9767, 0, 591
SPPRC, 0.1, 0.0, 0.0, 0.0, 1, 534.0, -2559.6018, 0, 1546
SPPRC, 0.1, 0.0, 0.0, 0.0, 1, 534.0, -185.1453, 0, 973
SPPRC, 0.1, 0.0, 0.0, 0.0, 1, 534.0, -708.0746, 0, 1036
SPPRC, 0.1, 0.0, 0.0, 0.0, 1, 534.0, -84.5763, 0, 814
SPPRC, 0.1, 0.0, 0.0, 0.0, 1, 522.4161, -171.8538, 0, 500
SPPRC, 0.0, 0.0, 0.0, 0.0, 1, 504.4203, 53.493, 0, 500
SPPRC, 0.1, 0.0, 0.0, 0.0, 1, 489.0174, 306.3029, 0, 428
SPPRC, 0.1, 0.0, 0.0, 0.0, 1, 479.6666, 337.6252, 0, 337
SPPRC, 0.1, 0.0, 0.0, 0.0, 1, 467.2934, 363.0116, 0, 256
SPPRC, 0.1, 0.0, 0.0, 0.0, 1, 459.9939, 416.5103, 0, 151
SPPRC, 0.1, 0.0, 0.0, 0.0, 1, 452.3282, 407.1558, 0, 138
SPPRC, 0.0, 0.0, 0.0, 0.0, 1, 450.2629, 424.9571, 0, 81
SPPRC, 0.0, 0.0, 0.0, 0.0, 1, 447.5115, 427.444, 0, 45
SPPRC, 0.0, 0.0, 0.0, 0.0, 1, 446.4672, 436.7, 0, 29
SPPRC, 0.0, 0.0, 0.0, 0.0, 1, 445.5796, 440.7292, 0, 17
SPPRC, 0.0, 0.0, 0.0, 0.0, 1, 445.4861, 442.484, 0, 11
SPPRC, 0.0, 0.0, 0.0, 0.0, 1, 445.0753, 444.8025, 0, 2
SPPRC, 0.0, 0.0, 0.0, 0.0, 1, 445.0753, 445.0753, 0, 0
scip_total_time, 32.310365
Solval, number of paths, impact cutoff
445.07525846702316, 23, 0.0001
Elementary, 2-Cycle, Path Value, Path
False, False, 0.2, (0, 8, 14, 8, 14, 8, 14, 8, 14, 8, 14, 21, 0)
False, False, 0.0588, (0, 10, 9, 17, 9, 17, 9, 17, 9, 17, 9, 17, 9, 17, 9, 17, 9, 17, 9, 17, 9, 17, 9, 10, 0)
False, False, 0.0037, (0, 15, 16, 15, 16, 15, 16, 15, 16, 15, 16, 7, 16, 15, 18, 0)
False, False, 0.2, (0, 21, 23, 18, 23, 18, 23, 21, 0)
False, False, 0.2, (0, 21, 23, 18, 23, 21, 0)
False, False, 0.0142, (0, 18, 10, 15, 16, 7, 13, 7, 13, 7, 13, 7, 13, 7, 13, 7, 13, 7, 13, 7, 13, 7, 13, 7, 16, 15, 0)
True, True, 0.2545, (0, 22, 2, 5, 1, 24, 6, 3, 0)
False, False, 0.25, (0, 10, 12, 11, 12, 11, 12, 11, 12, 11, 10, 0)
False, False, 0.0182, (0, 20, 6, 1, 6, 1, 4, 2, 22, 0)
False, False, 0.0364, (0, 26, 28, 27, 29, 25, 24, 1, 24, 1, 6, 19, 0)
False, True, 0.2909, (0, 26, 28, 27, 29, 25, 24, 29, 27, 28, 26, 0)
False, False, 0.0182, (0, 20, 3, 4, 5, 4, 5, 2, 20, 0)
False, False, 0.0588, (0, 18, 15, 16, 13, 7, 17, 9, 17, 9, 17, 9, 17, 9, 17, 9, 17, 9, 17, 7, 16, 15, 0)
False, False, 0.0909, (0, 26, 28, 27, 29, 25, 24, 1, 6, 1, 6, 1, 6, 20, 0)
False, True, 0.0182, (0, 22, 3, 4, 5, 2, 22, 20, 19, 0)
False, True, 0.2, (0, 19, 20, 22, 2, 4, 3, 20, 0)
False, False, 0.2364, (0, 22, 3, 4, 5, 2, 5, 4, 3, 19, 0)
False, False, 0.0364, (0, 22, 2, 4, 6, 1, 6, 1, 6, 3, 0)
False, False, 0.0448, (0, 18, 10, 15, 16, 15, 16, 15, 16, 13, 7, 13, 7, 13, 7, 13, 7, 13, 16, 15, 10, 0)
False, False, 0.0319, (0, 18, 10, 15, 16, 15, 16, 15, 16, 15, 16, 13, 7, 13, 7, 13, 16, 15, 0)
False, False, 0.1233, (0, 18, 10, 15, 16, 15, 16, 15, 16, 7, 13, 7, 13, 7, 13, 7, 13, 16, 15, 10, 18, 0)
False, False, 0.2909, (0, 26, 28, 27, 25, 29, 25, 24, 1, 6, 19, 0)
False, True, 0.2182, (0, 19, 20, 22, 2, 5, 4, 20, 0)
all_elementary, False
all_cyc2, False
