Instance, E-n33-k4
capacity, 8000
min_trucks, 4
output_file, output_E/E-n33-k4-cyc2.log
Start date, 2022-07-07
Start time, 10-33-48
capacity, 8000
num_vehicles, 4
abort_early, False
methods, ['cyc2']
max_vars, 100
time_limit, 86400
farley, False
ESPPRC_heur, True
initial time, initial max_it, max_stale_it
1, 20000.0, 20
heuristic Number of routes, heuristic Best Solution Value, heuristic number of iterations, adjusted time, adjusted max_it, measured total time
14, 835.0, 30, 1, 20000.0, 32.4
method, python time, total time, propagated dominance time, unpropagated dominance time, pricing_success, upper_bound, lower_bound, abort_early, num_paths, 
ESPPRC_heur, 0.0, 0.0, 0.0, 0.0, 0, 835.0, -1565.0, True, 107
ESPPRC_heur, 0.0, 0.0, 0.0, 0.0, 0, 835.0, -953.0, True, 324
ESPPRC_heur, 0.0, 0.0, 0.0, 0.0, 0, 835.0, -2045.0, True, 221
ESPPRC_heur, 0.0, 0.0, 0.0, 0.0, 0, 835.0, -1247.2222, True, 125
ESPPRC_heur, 0.0, 0.0, 0.0, 0.0, 0, 835.0, -1152.5, True, 338
ESPPRC_heur, 0.0, 0.0, 0.0, 0.0, 0, 835.0, -713.0, True, 426
ESPPRC_heur, 0.0, 0.0, 0.0, 0.0, 0, 835.0, -1155.8905, True, 454
ESPPRC_heur, 0.0, 0.0, 0.0, 0.0, 0, 835.0, 363.014, True, 391
ESPPRC_heur, 0.0, 0.0, 0.0, 0.0, 0, 835.0, 143.3429, True, 483
ESPPRC_heur, 0.0, 0.0, 0.0, 0.0, 0, 835.0, 247.2714, True, 482
ESPPRC_heur, 0.0, 0.0, 0.0, 0.0, 0, 835.0, 7.7389, True, 392
ESPPRC_heur, 0.0, 0.0, 0.0, 0.0, 0, 835.0, 531.526, True, 329
ESPPRC_heur, 0.0, 0.0, 0.0, 0.0, 0, 835.0, 255.2102, True, 569
ESPPRC_heur, 0.1, 0.0, 0.0, 0.0, 0, 835.0, 320.8429, True, 385
ESPPRC_heur, 0.0, 0.0, 0.0, 0.0, 0, 835.0, 560.7089, True, 331
ESPPRC_heur, 0.1, 0.0, 0.0, 0.0, 0, 835.0, 594.3261, True, 299
ESPPRC_heur, 0.1, 0.0, 0.0, 0.0, 0, 835.0, 605.6501, True, 237
ESPPRC_heur, 0.1, 0.0, 0.0, 0.0, 0, 835.0, 567.003, True, 399
ESPPRC_heur, 0.1, 0.0, 0.0, 0.0, 0, 835.0, 681.7878, True, 232
ESPPRC_heur, 0.0, 0.0, 0.0, 0.0, 0, 834.1519, 484.2388, True, 320
ESPPRC_heur, 0.1, 0.0, 0.0, 0.0, 0, 831.1341, 656.3326, True, 244
ESPPRC_heur, 0.0, 0.0, 0.0, 0.0, 0, 825.7036, 677.5634, True, 110
ESPPRC_heur, 0.1, 0.0, 0.0, 0.0, 0, 822.3538, 744.3278, True, 127
ESPPRC_heur, 0.1, 0.0, 0.0, 0.0, 0, 819.2932, 713.6652, True, 136
ESPPRC_heur, 0.0, 0.0, 0.0, 0.0, 0, 817.8364, 752.8335, True, 83
ESPPRC_heur, 0.0, 0.0, 0.0, 0.0, 0, 815.0435, 738.9275, True, 65
ESPPRC_heur, 0.0, 0.0, 0.0, 0.0, 0, 812.5455, 733.4141, True, 42
ESPPRC_heur, 0.0, 0.0, 0.0, 0.0, 0, 811.8828, 763.3091, True, 51
ESPPRC_heur, 0.0, 0.0, 0.0, 0.0, 0, 806.7986, 724.4737, True, 68
ESPPRC_heur, 0.0, 0.0, 0.0, 0.0, 0, 806.7706, 766.8149, True, 46
ESPPRC_heur, 0.0, 0.0, 0.0, 0.0, 0, 806.7532, 776.6494, True, 15
ESPPRC_heur, 0.0, 0.0, 0.0, 0.0, 0, 806.7287, 786.7287, True, 8
ESPPRC_heur, 0.0, 0.0, 0.0, 0.0, 0, 804.8778, 792.9303, True, 7
ESPPRC_heur, 0.0, 0.0, 0.0, 0.0, 0, 804.2778, 800.2778, True, 2
cyc2, 0.1, 1.0, 0.0, 0.0, 1, 803.7778, 594.0, 0, 14035
ESPPRC_heur, 0.0, 0.0, 0.0, 0.0, 0, 803.7778, 756.2222, True, 46
ESPPRC_heur, 0.0, 0.0, 0.0, 0.0, 0, 803.7778, 787.8562, True, 4
ESPPRC_heur, 0.0, 0.0, 0.0, 0.0, 0, 803.7778, 780.6667, True, 9
ESPPRC_heur, 0.0, 0.0, 0.0, 0.0, 0, 803.7703, 787.0112, True, 10
ESPPRC_heur, 0.0, 0.0, 0.0, 0.0, 0, 803.5898, 797.9389, True, 3
cyc2, 0.1, 0.9, 0.0, 0.0, 1, 803.4971, 679.8171, 0, 5040
ESPPRC_heur, 0.0, 0.0, 0.0, 0.0, 0, 802.6746, 785.6228, True, 3
ESPPRC_heur, 0.0, 0.0, 0.0, 0.0, 0, 802.6648, 796.2989, True, 2
ESPPRC_heur, 0.0, 0.0, 0.0, 0.0, 0, 802.6415, 799.0961, True, 1
ESPPRC_heur, 0.0, 0.0, 0.0, 0.0, 0, 802.6047, 802.3642, True, 1
cyc2, 0.1, 0.9, 0.0, 0.0, 1, 802.6035, 745.4309, 0, 1475
ESPPRC_heur, 0.0, 0.0, 0.0, 0.0, 0, 797.0705, 761.0213, True, 28
ESPPRC_heur, 0.0, 0.0, 0.0, 0.0, 0, 797.0236, 788.914, True, 9
ESPPRC_heur, 0.0, 0.0, 0.0, 0.0, 0, 797.0236, 793.7854, True, 2
cyc2, 0.1, 0.8, 0.0, 0.0, 1, 797.0168, 746.5348, 0, 1025
ESPPRC_heur, 0.0, 0.0, 0.0, 0.0, 0, 794.8934, 771.9852, True, 19
ESPPRC_heur, 0.0, 0.0, 0.0, 0.0, 0, 794.5442, 788.2459, True, 3
cyc2, 0.1, 0.8, 0.0, 0.0, 1, 794.5442, 770.1324, 0, 158
cyc2, -0.0, 0.9, 0.0, 0.0, 1, 793.2675, 783.9613, 0, 9
cyc2, 0.1, 0.8, 0.0, 0.0, 1, 793.1438, 792.8081, 0, 5
cyc2, 0.1, 0.8, 0.0, 0.0, 1, 793.1438, 793.1438, 0, 0
scip_total_time, 41.732674
Solval, number of paths, impact cutoff
793.1438034829605, 25, 0.0001
Elementary, 2-Cycle, Path Value, Path
True, True, 0.2309, (0, 29, 28, 16, 27, 26, 15, 1, 0)
True, True, 0.3018, (0, 14, 15, 17, 25, 26, 0)
True, True, 0.1725, (0, 30, 31, 14, 15, 1, 13, 2, 3, 0)
True, True, 0.1182, (0, 30, 29, 28, 26, 0)
True, True, 0.2962, (0, 30, 29, 28, 16, 27, 25, 17, 1, 0)
True, True, 0.1119, (0, 4, 7, 8, 10, 32, 11, 12, 3, 0)
True, True, 0.3565, (0, 4, 5, 6, 7, 9, 8, 32, 11, 12, 2, 0)
True, True, 0.0606, (0, 4, 5, 6, 7, 9, 8, 32, 11, 12, 3, 0)
True, True, 0.2309, (0, 1, 14, 26, 31, 0)
True, True, 0.0047, (0, 4, 5, 6, 7, 8, 10, 32, 11, 2, 0)
True, True, 0.1887, (0, 4, 7, 9, 10, 32, 11, 2, 3, 0)
True, True, 0.1182, (0, 29, 16, 27, 26, 25, 17, 13, 0)
False, True, 0.2837, (0, 13, 19, 18, 21, 20, 23, 24, 22, 23, 24, 25, 17, 0)
False, True, 0.274, (0, 30, 31, 15, 14, 31, 0)
False, True, 0.1887, (0, 3, 2, 12, 11, 32, 10, 8, 9, 10, 8, 6, 5, 3, 0)
False, True, 0.0445, (0, 12, 11, 32, 10, 8, 9, 10, 8, 6, 5, 4, 0)
False, True, 0.1182, (0, 29, 28, 27, 16, 28, 27, 16, 28, 27, 16, 29, 0)
False, True, 0.0674, (0, 13, 18, 19, 22, 20, 23, 24, 22, 20, 21, 19, 18, 10, 6, 5, 0)
False, True, 0.0487, (0, 30, 31, 1, 30, 0)
False, True, 0.0744, (0, 12, 18, 19, 21, 20, 22, 21, 20, 22, 24, 23, 20, 21, 19, 18, 0)
False, True, 0.0208, (0, 30, 14, 15, 1, 30, 0)
False, True, 0.0445, (0, 3, 2, 12, 5, 6, 7, 9, 10, 32, 11, 12, 2, 3, 0)
False, True, 0.1166, (0, 4, 5, 6, 7, 10, 9, 7, 6, 5, 4, 0)
False, True, 0.1419, (0, 13, 19, 18, 21, 22, 20, 21, 22, 24, 23, 20, 21, 19, 18, 13, 0)
False, True, 0.0744, (0, 13, 18, 19, 22, 24, 23, 20, 24, 23, 22, 19, 18, 12, 0)
all_elementary, False
all_cyc2, True
