Instance, E-n30-k3
capacity, 4500
min_trucks, 3
output_file, output_E/E-n30-k3-cyc2.log
Start date, 2022-07-07
Start time, 10-36-53
capacity, 4500
num_vehicles, 3
abort_early, False
methods, ['cyc2']
max_vars, 100
time_limit, 86400
farley, False
ESPPRC_heur, True
initial time, initial max_it, max_stale_it
1, 20000.0, 20
heuristic Number of routes, heuristic Best Solution Value, heuristic number of iterations, adjusted time, adjusted max_it, measured total time
6, 534.0, 27, 1, 20000.0, 29.0
method, python time, total time, propagated dominance time, unpropagated dominance time, pricing_success, upper_bound, lower_bound, abort_early, num_paths, 
ESPPRC_heur, 0.0, 0.0, 0.0, 0.0, 0, 534.0, -183.0, True, 32
ESPPRC_heur, 0.0, 0.0, 0.0, 0.0, 0, 534.0, -72.0, True, 79
ESPPRC_heur, 0.0, 0.0, 0.0, 0.0, 0, 534.0, -390.0, True, 133
ESPPRC_heur, 0.0, 0.0, 0.0, 0.0, 0, 534.0, 130.0, True, 175
ESPPRC_heur, 0.0, 0.0, 0.0, 0.0, 0, 534.0, -50.5714, True, 288
ESPPRC_heur, 0.0, 0.0, 0.0, 0.0, 0, 534.0, 351.6, True, 141
ESPPRC_heur, 0.0, 0.0, 0.0, 0.0, 0, 534.0, 250.7557, True, 206
ESPPRC_heur, 0.0, 0.0, 0.0, 0.0, 0, 534.0, 216.75, True, 249
ESPPRC_heur, 0.0, 0.0, 0.0, 0.0, 0, 534.0, 356.5714, True, 115
ESPPRC_heur, 0.0, 0.0, 0.0, 0.0, 0, 534.0, 296.2286, True, 153
ESPPRC_heur, 0.0, 0.0, 0.0, 0.0, 0, 534.0, 298.1786, True, 184
ESPPRC_heur, 0.0, 0.0, 0.0, 0.0, 0, 534.0, 208.5, True, 178
ESPPRC_heur, 0.1, 0.0, 0.0, 0.0, 0, 534.0, 211.3287, True, 258
ESPPRC_heur, 0.0, 0.0, 0.0, 0.0, 0, 534.0, 158.25, True, 271
ESPPRC_heur, 0.0, 0.0, 0.0, 0.0, 0, 534.0, 225.0581, True, 228
ESPPRC_heur, 0.0, 0.0, 0.0, 0.0, 0, 534.0, 286.323, True, 249
ESPPRC_heur, 0.0, 0.0, 0.0, 0.0, 0, 534.0, 323.2985, True, 246
ESPPRC_heur, 0.0, 0.0, 0.0, 0.0, 0, 534.0, 243.2286, True, 361
ESPPRC_heur, 0.0, 0.0, 0.0, 0.0, 0, 534.0, 232.3135, True, 298
ESPPRC_heur, 0.0, 0.0, 0.0, 0.0, 0, 534.0, 110.0082, True, 458
ESPPRC_heur, 0.0, 0.0, 0.0, 0.0, 0, 534.0, 358.3548, True, 168
ESPPRC_heur, 0.0, 0.0, 0.0, 0.0, 0, 534.0, 366.2043, True, 166
ESPPRC_heur, 0.0, 0.0, 0.0, 0.0, 0, 534.0, 285.6105, True, 183
ESPPRC_heur, 0.0, 0.0, 0.0, 0.0, 0, 534.0, 305.3377, True, 237
ESPPRC_heur, 0.0, 0.0, 0.0, 0.0, 0, 515.9432, 376.1266, True, 118
ESPPRC_heur, 0.0, 0.0, 0.0, 0.0, 0, 511.1607, 435.4643, True, 89
ESPPRC_heur, 0.0, 0.0, 0.0, 0.0, 0, 503.5, 457.6, True, 27
ESPPRC_heur, 0.0, 0.0, 0.0, 0.0, 0, 500.5, 452.5, True, 29
ESPPRC_heur, 0.0, 0.0, 0.0, 0.0, 0, 497.3625, 450.2625, True, 6
ESPPRC_heur, 0.0, 0.0, 0.0, 0.0, 0, 496.6025, 425.5625, True, 25
ESPPRC_heur, 0.0, 0.0, 0.0, 0.0, 0, 495.386, 436.4449, True, 9
ESPPRC_heur, 0.0, 0.0, 0.0, 0.0, 0, 494.4167, 455.4167, True, 17
ESPPRC_heur, 0.0, 0.0, 0.0, 0.0, 0, 489.6875, 457.4375, True, 9
ESPPRC_heur, 0.0, 0.0, 0.0, 0.0, 0, 489.2292, 456.2292, True, 4
ESPPRC_heur, 0.0, 0.0, 0.0, 0.0, 0, 489.2292, 474.2292, True, 5
ESPPRC_heur, 0.0, 0.0, 0.0, 0.0, 0, 488.9911, 485.9911, True, 2
ESPPRC_heur, 0.0, 0.0, 0.0, 0.0, 0, 488.753, 485.753, True, 1
cyc2, 0.1, 0.1, 0.0, 0.0, 1, 488.5149, 378.372, 0, 3671
ESPPRC_heur, 0.0, 0.0, 0.0, 0.0, 0, 487.6659, 455.9073, True, 4
ESPPRC_heur, 0.0, 0.0, 0.0, 0.0, 0, 487.6659, 450.3211, True, 5
ESPPRC_heur, 0.0, 0.0, 0.0, 0.0, 0, 486.742, 479.8574, True, 1
ESPPRC_heur, 0.0, 0.0, 0.0, 0.0, 0, 486.574, 473.7119, True, 3
ESPPRC_heur, 0.0, 0.0, 0.0, 0.0, 0, 485.778, 477.5519, True, 1
ESPPRC_heur, 0.0, 0.0, 0.0, 0.0, 0, 485.7489, 468.7659, True, 3
ESPPRC_heur, 0.0, 0.0, 0.0, 0.0, 0, 485.6163, 465.5163, True, 4
ESPPRC_heur, 0.0, 0.0, 0.0, 0.0, 0, 485.4261, 471.8807, True, 3
ESPPRC_heur, 0.0, 0.0, 0.0, 0.0, 0, 485.0786, 465.627, True, 4
cyc2, 0.1, 0.1, 0.0, 0.0, 1, 484.5625, 401.3125, 0, 1998
ESPPRC_heur, 0.0, 0.0, 0.0, 0.0, 0, 474.3579, 463.5684, True, 11
ESPPRC_heur, 0.0, 0.0, 0.0, 0.0, 0, 474.2427, 464.5635, True, 4
cyc2, 0.1, 0.1, 0.0, 0.0, 1, 473.7731, 420.6636, 0, 1352
ESPPRC_heur, 0.0, 0.0, 0.0, 0.0, 0, 470.2551, 454.9824, True, 7
ESPPRC_heur, 0.0, 0.0, 0.0, 0.0, 0, 470.1724, 465.0445, True, 5
ESPPRC_heur, 0.0, 0.0, 0.0, 0.0, 0, 470.04, 468.0, True, 2
cyc2, 0.1, 0.1, 0.0, 0.0, 1, 470.0336, 414.7836, 0, 334
cyc2, 0.1, 0.1, 0.0, 0.0, 1, 466.9978, 439.4978, 0, 385
ESPPRC_heur, 0.0, 0.0, 0.0, 0.0, 0, 466.2339, 463.2339, True, 1
cyc2, 0.1, 0.1, 0.0, 0.0, 1, 466.2339, 457.0403, 0, 111
ESPPRC_heur, 0.0, 0.0, 0.0, 0.0, 0, 464.9758, 459.5869, True, 5
cyc2, 0.0, 0.1, 0.0, 0.0, 1, 464.9758, 456.3725, 0, 44
cyc2, 0.0, 0.1, 0.0, 0.0, 1, 464.4761, 458.0475, 0, 30
cyc2, 0.0, 0.1, 0.0, 0.0, 1, 464.3295, 462.5987, 0, 8
cyc2, 0.0, 0.1, 0.0, 0.0, 1, 464.2955, 464.2955, 0, 0
scip_total_time, 32.014329
Solval, number of paths, impact cutoff
464.2955391823169, 20, 0.0001
Elementary, 2-Cycle, Path Value, Path
False, True, 0.0088, (0, 26, 28, 27, 25, 29, 6, 25, 29, 6, 0)
False, True, 0.2832, (0, 26, 28, 27, 29, 25, 24, 29, 27, 28, 26, 0)
True, True, 0.5487, (0, 22, 2, 5, 4, 1, 6, 3, 19, 0)
False, True, 0.0708, (0, 20, 3, 6, 1, 24, 29, 25, 24, 1, 4, 3, 20, 0)
False, True, 0.1629, (0, 15, 16, 13, 7, 17, 9, 14, 8, 17, 9, 8, 14, 21, 0)
False, True, 0.31, (0, 21, 23, 18, 21, 23, 18, 0)
False, True, 0.115, (0, 26, 28, 27, 29, 25, 24, 1, 25, 27, 28, 26, 0)
False, True, 0.2851, (0, 18, 10, 11, 12, 10, 11, 12, 8, 14, 9, 17, 7, 13, 16, 15, 0)
False, True, 0.0181, (0, 18, 23, 10, 15, 16, 13, 7, 17, 9, 14, 8, 9, 17, 7, 13, 16, 15, 10, 23, 18, 0)
False, True, 0.0354, (0, 19, 6, 1, 24, 29, 25, 24, 1, 6, 19, 0)
False, True, 0.3363, (0, 19, 20, 4, 5, 2, 22, 20, 0)
False, True, 0.1681, (0, 26, 28, 27, 25, 24, 29, 25, 24, 6, 3, 0)
False, True, 0.1493, (0, 21, 14, 8, 12, 11, 10, 12, 11, 10, 0)
False, True, 0.0708, (0, 20, 2, 5, 1, 6, 3, 20, 0)
False, True, 0.0362, (0, 23, 10, 12, 11, 15, 16, 13, 7, 17, 9, 12, 11, 15, 0)
False, True, 0.0442, (0, 22, 3, 4, 5, 2, 22, 20, 19, 0)
False, True, 0.095, (0, 23, 15, 16, 13, 7, 17, 9, 14, 8, 9, 17, 7, 13, 16, 7, 13, 16, 15, 23, 0)
False, True, 0.0265, (0, 26, 28, 27, 29, 25, 24, 1, 6, 24, 1, 6, 3, 22, 0)
False, True, 0.0679, (0, 21, 14, 8, 9, 17, 7, 13, 16, 15, 13, 7, 16, 15, 0)
False, True, 0.0588, (0, 18, 23, 10, 15, 16, 13, 7, 17, 9, 14, 8, 12, 11, 15, 23, 0)
all_elementary, False
all_cyc2, True
