Instance, E-n51-k5
capacity, 160
min_trucks, 5
output_file, output_E/E-n51-k5-cyc2.log
Start date, 2022-07-07
Start time, 10-33-48
capacity, 160
num_vehicles, 5
abort_early, False
methods, ['cyc2']
max_vars, 100
time_limit, 86400
farley, False
ESPPRC_heur, True
initial time, initial max_it, max_stale_it
1, 20000.0, 20
heuristic Number of routes, heuristic Best Solution Value, heuristic number of iterations, adjusted time, adjusted max_it, measured total time
22, 521.0, 46, 1, 20000.0, 50.2
method, python time, total time, propagated dominance time, unpropagated dominance time, pricing_success, upper_bound, lower_bound, abort_early, num_paths, 
ESPPRC_heur, 0.0, 0.0, 0.0, 0.0, 0, 521.0, -629.0, True, 407
ESPPRC_heur, 0.0, 0.0, 0.0, 0.0, 0, 521.0, -1434.0, True, 590
ESPPRC_heur, 0.0, 0.0, 0.0, 0.0, 0, 521.0, -599.0, True, 513
ESPPRC_heur, 0.0, 0.0, 0.0, 0.0, 0, 521.0, -971.7273, True, 566
ESPPRC_heur, 0.0, 0.0, 0.0, 0.0, 0, 521.0, -937.1818, True, 629
ESPPRC_heur, 0.0, 0.0, 0.0, 0.0, 0, 521.0, -659.8333, True, 889
ESPPRC_heur, 0.0, 0.0, 0.0, 0.0, 0, 521.0, -899.0, True, 754
ESPPRC_heur, 0.1, 0.0, 0.0, 0.0, 0, 521.0, -182.3926, True, 891
ESPPRC_heur, 0.0, 0.0, 0.0, 0.0, 0, 521.0, 68.9397, True, 660
ESPPRC_heur, 0.1, 0.0, 0.0, 0.0, 0, 521.0, -185.9411, True, 777
ESPPRC_heur, 0.1, 0.0, 0.0, 0.0, 0, 521.0, -83.8336, True, 948
ESPPRC_heur, 0.1, 0.0, 0.0, 0.0, 0, 521.0, 81.4251, True, 682
ESPPRC_heur, 0.0, 0.0, 0.0, 0.0, 0, 521.0, 178.9284, True, 616
ESPPRC_heur, 0.1, 0.0, 0.0, 0.0, 0, 521.0, -293.5612, True, 1041
ESPPRC_heur, 0.1, 0.0, 0.0, 0.0, 0, 521.0, 45.3596, True, 1031
ESPPRC_heur, 0.1, 0.0, 0.0, 0.0, 0, 521.0, 34.3145, True, 766
ESPPRC_heur, 0.1, 0.0, 0.0, 0.0, 0, 521.0, 167.614, True, 623
ESPPRC_heur, 0.1, 0.0, 0.0, 0.0, 0, 521.0, 138.1131, True, 856
ESPPRC_heur, 0.0, 0.0, 0.0, 0.0, 0, 521.0, 56.9365, True, 1044
ESPPRC_heur, 0.0, 0.0, 0.0, 0.0, 0, 521.0, 44.0013, True, 794
ESPPRC_heur, 0.0, 0.0, 0.0, 0.0, 0, 521.0, 293.7215, True, 630
ESPPRC_heur, 0.0, 0.0, 0.0, 0.0, 0, 521.0, 168.1936, True, 759
ESPPRC_heur, 0.0, 0.0, 0.0, 0.0, 0, 521.0, 69.7976, True, 1003
ESPPRC_heur, 0.0, 0.0, 0.0, 0.0, 0, 521.0, 288.8343, True, 705
ESPPRC_heur, 0.0, 0.0, 0.0, 0.0, 0, 521.0, 225.9342, True, 624
ESPPRC_heur, 0.0, 0.0, 0.0, 0.0, 0, 521.0, 322.4128, True, 424
ESPPRC_heur, 0.0, 0.0, 0.0, 0.0, 0, 521.0, 266.251, True, 484
ESPPRC_heur, 0.0, 0.0, 0.0, 0.0, 0, 521.0, 236.5251, True, 661
ESPPRC_heur, 0.0, 0.0, 0.0, 0.0, 0, 521.0, 289.7136, True, 586
ESPPRC_heur, 0.0, 0.0, 0.0, 0.0, 0, 521.0, 251.5313, True, 621
ESPPRC_heur, 0.0, 0.0, 0.0, 0.0, 0, 521.0, 285.8461, True, 478
ESPPRC_heur, 0.0, 0.0, 0.0, 0.0, 0, 521.0, 330.3956, True, 411
ESPPRC_heur, 0.0, 0.0, 0.0, 0.0, 0, 521.0, 392.4024, True, 350
ESPPRC_heur, 0.0, 0.0, 0.0, 0.0, 0, 521.0, 399.8211, True, 284
ESPPRC_heur, 0.0, 0.0, 0.0, 0.0, 0, 521.0, 420.8077, True, 234
ESPPRC_heur, 0.0, 0.0, 0.0, 0.0, 0, 521.0, 439.0418, True, 293
ESPPRC_heur, 0.0, 0.0, 0.0, 0.0, 0, 521.0, 417.0309, True, 272
ESPPRC_heur, 0.0, 0.0, 0.0, 0.0, 0, 521.0, 415.6777, True, 270
ESPPRC_heur, 0.0, 0.0, 0.0, 0.0, 0, 521.0, 426.6022, True, 178
ESPPRC_heur, 0.0, 0.0, 0.0, 0.0, 0, 521.0, 459.0152, True, 103
ESPPRC_heur, 0.0, 0.0, 0.0, 0.0, 0, 521.0, 446.7942, True, 248
ESPPRC_heur, 0.0, 0.0, 0.0, 0.0, 0, 521.0, 471.2584, True, 106
ESPPRC_heur, 0.0, 0.0, 0.0, 0.0, 0, 521.0, 476.7003, True, 76
ESPPRC_heur, 0.0, 0.0, 0.0, 0.0, 0, 521.0, 474.37, True, 88
ESPPRC_heur, 0.0, 0.0, 0.0, 0.0, 0, 521.0, 488.2214, True, 69
ESPPRC_heur, 0.0, 0.0, 0.0, 0.0, 0, 521.0, 481.0063, True, 51
ESPPRC_heur, 0.0, 0.0, 0.0, 0.0, 0, 519.925, 442.2539, True, 138
ESPPRC_heur, 0.0, 0.0, 0.0, 0.0, 0, 519.5, 354.5, True, 342
ESPPRC_heur, 0.0, 0.0, 0.0, 0.0, 0, 519.5, 491.0, True, 19
ESPPRC_heur, 0.0, 0.0, 0.0, 0.0, 0, 518.9537, 471.8695, True, 44
ESPPRC_heur, 0.0, 0.0, 0.0, 0.0, 0, 518.3041, 503.7957, True, 24
ESPPRC_heur, 0.0, 0.0, 0.0, 0.0, 0, 518.1062, 499.9067, True, 18
ESPPRC_heur, 0.0, 0.0, 0.0, 0.0, 0, 518.0751, 507.2491, True, 6
ESPPRC_heur, 0.0, 0.0, 0.0, 0.0, 0, 518.0742, 517.5406, True, 1
ESPPRC_heur, 0.0, 0.0, 0.0, 0.0, 0, 518.0723, 514.918, True, 1
cyc2, 0.0, 0.3, 0.0, 0.0, 1, 518.0723, 473.8438, 0, 923
ESPPRC_heur, 0.0, 0.0, 0.0, 0.0, 0, 516.9975, 495.7257, True, 29
ESPPRC_heur, 0.1, 0.0, 0.0, 0.0, 0, 516.5145, 496.4812, True, 15
ESPPRC_heur, 0.0, 0.0, 0.0, 0.0, 0, 515.7978, 503.6978, True, 16
ESPPRC_heur, 0.0, 0.0, 0.0, 0.0, 0, 515.7145, 512.1683, True, 4
ESPPRC_heur, 0.0, 0.0, 0.0, 0.0, 0, 515.6897, 510.6897, True, 7
ESPPRC_heur, 0.0, 0.0, 0.0, 0.0, 0, 515.6567, 504.6646, True, 9
ESPPRC_heur, 0.0, 0.0, 0.0, 0.0, 0, 515.4892, 509.9337, True, 5
ESPPRC_heur, 0.0, 0.0, 0.0, 0.0, 0, 515.4545, 506.6753, True, 4
ESPPRC_heur, 0.0, 0.0, 0.0, 0.0, 0, 515.3284, 511.214, True, 2
ESPPRC_heur, 0.0, 0.0, 0.0, 0.0, 0, 515.1674, 512.0232, True, 2
cyc2, 0.1, 0.3, 0.0, 0.0, 1, 515.1674, 440.3031, 0, 1137
ESPPRC_heur, 0.0, 0.0, 0.0, 0.0, 0, 515.1674, 514.0744, True, 1
ESPPRC_heur, 0.0, 0.0, 0.0, 0.0, 0, 515.1674, 510.1674, True, 4
ESPPRC_heur, 0.0, 0.0, 0.0, 0.0, 0, 515.1652, 514.5924, True, 1
cyc2, 0.1, 0.3, 0.0, 0.0, 1, 515.1652, 479.9129, 0, 303
ESPPRC_heur, 0.0, 0.0, 0.0, 0.0, 0, 514.4155, 503.1567, True, 12
ESPPRC_heur, 0.0, 0.0, 0.0, 0.0, 0, 514.2583, 507.6945, True, 6
ESPPRC_heur, 0.0, 0.0, 0.0, 0.0, 0, 514.2343, 510.8479, True, 1
cyc2, 0.1, 0.2, 0.0, 0.0, 1, 514.2343, 473.9305, 0, 458
ESPPRC_heur, 0.0, 0.0, 0.0, 0.0, 0, 513.7451, 502.0385, True, 7
ESPPRC_heur, 0.0, 0.0, 0.0, 0.0, 0, 513.3086, 510.7078, True, 3
ESPPRC_heur, 0.0, 0.0, 0.0, 0.0, 0, 513.2746, 507.096, True, 2
ESPPRC_heur, 0.0, 0.0, 0.0, 0.0, 0, 513.2425, 511.2912, True, 2
ESPPRC_heur, 0.0, 0.0, 0.0, 0.0, 0, 513.2335, 513.1736, True, 1
cyc2, 0.1, 0.3, 0.0, 0.0, 1, 513.2332, 492.76, 0, 90
ESPPRC_heur, 0.0, 0.0, 0.0, 0.0, 0, 512.7321, 505.3507, True, 2
ESPPRC_heur, 0.0, 0.0, 0.0, 0.0, 0, 512.6548, 512.3584, True, 3
cyc2, 0.0, 0.3, 0.0, 0.0, 1, 512.6514, 509.915, 0, 13
cyc2, -0.0, 0.4, 0.0, 0.0, 1, 512.6503, 512.6503, 0, 0
scip_total_time, 55.676285
Solval, number of paths, impact cutoff
512.6503364199586, 40, 0.0001
Elementary, 2-Cycle, Path Value, Path
True, True, 0.2461, (0, 46, 5, 49, 10, 39, 33, 45, 15, 44, 37, 12, 0)
True, True, 0.5107, (0, 12, 17, 37, 44, 15, 45, 33, 39, 10, 49, 5, 0)
True, True, 0.034, (0, 12, 17, 42, 40, 19, 41, 13, 25, 14, 0)
True, True, 0.0168, (0, 32, 1, 22, 28, 3, 36, 35, 20, 29, 21, 50, 9, 38, 0)
True, True, 0.0984, (0, 27, 8, 31, 28, 3, 36, 35, 20, 2, 0)
True, True, 0.0285, (0, 48, 26, 31, 28, 3, 36, 35, 20, 2, 32, 0)
True, True, 0.4674, (0, 11, 38, 9, 30, 34, 50, 16, 2, 32, 0)
True, True, 0.1395, (0, 46, 5, 49, 9, 30, 34, 21, 29, 2, 32, 0)
True, True, 0.1474, (0, 6, 14, 25, 18, 47, 12, 0)
True, True, 0.0697, (0, 48, 8, 26, 31, 28, 3, 20, 29, 21, 16, 38, 0)
False, True, 0.0984, (0, 6, 23, 24, 43, 7, 23, 24, 43, 7, 23, 6, 0)
False, True, 0.3244, (0, 27, 48, 23, 7, 43, 24, 23, 7, 43, 24, 6, 0)
True, True, 0.045, (0, 32, 2, 29, 21, 50, 34, 30, 9, 38, 11, 0)
True, True, 0.0618, (0, 5, 49, 10, 39, 30, 34, 21, 29, 2, 32, 0)
True, True, 0.0419, (0, 47, 4, 17, 44, 15, 45, 33, 39, 10, 49, 5, 46, 0)
False, True, 0.0697, (0, 1, 22, 3, 36, 35, 3, 28, 31, 26, 8, 48, 27, 0)
False, True, 0.4027, (0, 47, 18, 25, 14, 18, 0)
False, True, 0.2515, (0, 4, 13, 41, 40, 19, 41, 13, 4, 47, 0)
False, True, 0.2538, (0, 27, 48, 8, 26, 31, 8, 26, 31, 28, 22, 1, 27, 0)
True, True, 0.045, (0, 38, 9, 50, 34, 21, 29, 20, 35, 36, 3, 22, 1, 0)
True, True, 0.0414, (0, 47, 4, 17, 37, 15, 45, 33, 39, 10, 30, 9, 38, 46, 0)
False, True, 0.1394, (0, 1, 22, 20, 35, 36, 20, 35, 36, 3, 22, 1, 32, 0)
False, True, 0.0394, (0, 47, 4, 42, 19, 40, 42, 19, 40, 42, 44, 17, 4, 47, 0)
True, True, 0.0783, (0, 6, 14, 25, 13, 41, 40, 42, 44, 37, 0)
True, True, 0.3357, (0, 1, 22, 28, 3, 36, 35, 20, 29, 21, 50, 16, 11, 46, 0)
True, True, 0.0364, (0, 47, 4, 17, 44, 15, 45, 33, 39, 10, 30, 9, 38, 0)
False, True, 0.0984, (0, 6, 24, 43, 7, 26, 8, 31, 26, 8, 48, 6, 0)
False, True, 0.0253, (0, 46, 11, 38, 9, 30, 34, 21, 29, 2, 11, 0)
False, True, 0.0618, (0, 17, 37, 15, 45, 33, 39, 10, 33, 45, 15, 37, 17, 12, 0)
False, True, 0.2121, (0, 14, 25, 13, 41, 19, 42, 40, 19, 42, 4, 0)
False, True, 0.0281, (0, 6, 48, 23, 7, 43, 24, 23, 7, 43, 24, 6, 0)
False, True, 0.0472, (0, 18, 13, 41, 40, 42, 19, 40, 42, 44, 17, 0)
False, True, 0.0866, (0, 14, 25, 13, 41, 40, 42, 19, 40, 42, 17, 4, 0)
False, True, 0.0003, (0, 46, 32, 1, 22, 28, 31, 26, 8, 31, 26, 8, 48, 6, 0)
False, True, 0.0389, (0, 17, 42, 40, 19, 42, 40, 19, 41, 13, 25, 14, 0)
False, True, 0.0328, (0, 46, 11, 2, 29, 21, 50, 34, 21, 29, 2, 32, 0)
False, True, 0.0573, (0, 38, 9, 30, 34, 50, 21, 34, 30, 9, 38, 0)
True, True, 0.0573, (0, 48, 8, 26, 31, 28, 3, 36, 35, 20, 29, 16, 0)
True, True, 0.0698, (0, 48, 26, 31, 28, 3, 36, 35, 20, 29, 21, 16, 38, 0)
False, True, 0.0685, (0, 46, 32, 2, 29, 21, 34, 30, 9, 38, 11, 46, 0)
all_elementary, False
all_cyc2, True
