Instance, E-n76-k10
capacity, 140
min_trucks, 10
output_file, output_E/E-n76-k10-SPPRC.log
Start date, 2022-07-07
Start time, 10-34-29
capacity, 140
num_vehicles, 10
abort_early, False
methods, ['SPPRC']
max_vars, 100
time_limit, 86400
farley, False
ESPPRC_heur, True
initial time, initial max_it, max_stale_it
1, 20000.0, 20
heuristic Number of routes, heuristic Best Solution Value, heuristic number of iterations, adjusted time, adjusted max_it, measured total time
36, 830.0, 63, 1, 20000.0, 69.7
method, python time, total time, propagated dominance time, unpropagated dominance time, pricing_success, upper_bound, lower_bound, abort_early, num_paths, 
SPPRC, 0.1, 0.0, 0.0, 0.0, 1, 830.0, -2910.0, 0, 1144
SPPRC, 0.1, 0.0, 0.0, 0.0, 1, 830.0, -7555.0, 0, 873
SPPRC, 0.1, 0.0, 0.0, 0.0, 1, 830.0, -5001.0, 0, 925
SPPRC, 0.0, 0.0, 0.0, 0.0, 1, 830.0, -2390.0, 0, 768
SPPRC, 0.1, 0.0, 0.0, 0.0, 1, 830.0, -4230.0, 0, 603
SPPRC, 0.1, 0.0, 0.0, 0.0, 1, 830.0, -4035.0, 0, 753
SPPRC, 0.0, 0.0, 0.0, 0.0, 1, 830.0, -1881.25, 0, 1152
SPPRC, 0.1, 0.0, 0.0, 0.0, 1, 830.0, -6455.7143, 0, 869
SPPRC, 0.1, 0.0, 0.0, 0.0, 1, 830.0, -4811.3954, 0, 1253
SPPRC, 0.1, 0.0, 0.0, 0.0, 1, 830.0, -3238.9298, 0, 1330
SPPRC, 0.1, 0.0, 0.0, 0.0, 1, 830.0, -3561.0728, 0, 1201
SPPRC, 0.0, 0.0, 0.0, 0.0, 1, 830.0, -2326.1806, 0, 1040
SPPRC, 0.1, 0.0, 0.0, 0.0, 1, 830.0, -2246.2987, 0, 850
SPPRC, 0.1, 0.0, 0.0, 0.0, 1, 830.0, -2461.6, 0, 1188
SPPRC, 0.0, 0.0, 0.0, 0.0, 1, 830.0, -1840.65, 0, 1106
SPPRC, 0.1, 0.0, 0.0, 0.0, 1, 830.0, -2969.317, 0, 1210
SPPRC, 0.1, 0.0, 0.0, 0.0, 1, 830.0, -2060.75, 0, 1543
SPPRC, 0.1, 0.0, 0.0, 0.0, 1, 830.0, -1050.0, 0, 1229
SPPRC, 0.1, 0.0, 0.0, 0.0, 1, 830.0, -2224.2857, 0, 1097
SPPRC, 0.1, 0.0, 0.0, 0.0, 1, 830.0, -1157.3294, 0, 2269
SPPRC, 0.1, 0.0, 0.0, 0.0, 1, 830.0, -1240.1996, 0, 1208
SPPRC, 0.1, 0.0, 0.0, 0.0, 1, 830.0, -2583.4324, 0, 1657
SPPRC, 0.1, 0.0, 0.0, 0.0, 1, 830.0, -1070.2812, 0, 1253
SPPRC, 0.1, 0.0, 0.0, 0.0, 1, 830.0, -5012.235, 0, 1695
SPPRC, 0.1, 0.0, 0.0, 0.0, 1, 830.0, -313.0506, 0, 1484
SPPRC, 0.1, 0.0, 0.0, 0.0, 1, 830.0, -2931.3377, 0, 1702
SPPRC, 0.1, 0.0, 0.0, 0.0, 1, 830.0, -1888.02, 0, 2168
SPPRC, 0.1, 0.0, 0.0, 0.0, 1, 830.0, -1922.92, 0, 1452
SPPRC, 0.1, 0.0, 0.0, 0.0, 1, 830.0, -1190.1034, 0, 1346
SPPRC, 0.1, 0.0, 0.0, 0.0, 1, 830.0, -331.7452, 0, 1935
SPPRC, 0.1, 0.0, 0.0, 0.0, 1, 830.0, -85.2754, 0, 1431
SPPRC, 0.0, 0.0, 0.0, 0.0, 1, 830.0, 145.3983, 0, 1089
SPPRC, 0.1, 0.0, 0.0, 0.0, 1, 830.0, -311.9709, 0, 1107
SPPRC, 0.1, 0.0, 0.0, 0.0, 1, 830.0, 89.7364, 0, 1107
SPPRC, 0.1, 0.0, 0.0, 0.0, 1, 830.0, 422.0707, 0, 1068
SPPRC, 0.1, 0.0, 0.0, 0.0, 1, 830.0, -94.0974, 0, 1763
SPPRC, 0.1, 0.0, 0.0, 0.0, 1, 830.0, -96.2174, 0, 1040
SPPRC, 0.1, 0.0, 0.0, 0.0, 1, 830.0, -47.7216, 0, 1239
SPPRC, 0.1, 0.0, 0.0, 0.0, 1, 830.0, 473.6809, 0, 910
SPPRC, 0.1, 0.0, 0.0, 0.0, 1, 830.0, -1088.6671, 0, 1140
SPPRC, 0.1, 0.0, 0.0, 0.0, 1, 830.0, -470.1643, 0, 1329
SPPRC, 0.1, 0.0, 0.0, 0.0, 1, 830.0, 261.8899, 0, 1247
SPPRC, 0.1, 0.0, 0.0, 0.0, 1, 830.0, -87.7655, 0, 1274
SPPRC, 0.1, 0.0, 0.0, 0.0, 1, 830.0, 221.9982, 0, 888
SPPRC, 0.1, 0.0, 0.0, 0.0, 1, 828.8291, 17.3305, 0, 921
SPPRC, 0.1, 0.0, 0.0, 0.0, 1, 828.1256, 434.1005, 0, 774
SPPRC, 0.1, 0.0, 0.0, 0.0, 1, 827.3544, 633.4801, 0, 575
SPPRC, 0.1, 0.0, 0.0, 0.0, 1, 823.5667, -488.1547, 0, 1305
SPPRC, 0.1, 0.0, 0.0, 0.0, 1, 823.5667, 578.423, 0, 619
SPPRC, 0.1, 0.0, 0.0, 0.0, 1, 815.9452, 654.0071, 0, 440
SPPRC, 0.1, 0.0, 0.0, 0.0, 1, 802.884, 649.0388, 0, 429
SPPRC, 0.1, 0.0, 0.0, 0.0, 1, 797.9817, 705.3033, 0, 228
SPPRC, 0.1, 0.0, 0.0, 0.0, 1, 792.1968, 719.7366, 0, 201
SPPRC, 0.1, 0.0, 0.0, 0.0, 1, 789.4451, 743.3371, 0, 94
SPPRC, 0.1, 0.0, 0.0, 0.0, 1, 786.5622, 738.0653, 0, 71
SPPRC, 0.1, 0.0, 0.0, 0.0, 1, 785.2969, 763.2677, 0, 65
SPPRC, 0.0, 0.0, 0.0, 0.0, 1, 784.9804, 767.4523, 0, 27
SPPRC, 0.0, 0.0, 0.0, 0.0, 1, 784.9295, 784.0325, 0, 7
SPPRC, 0.0, 0.0, 0.0, 0.0, 1, 784.9275, 784.9275, 0, 0
scip_total_time, 73.907315
Solval, number of paths, impact cutoff
784.9274936263016, 62, 0.0001
Elementary, 2-Cycle, Path Value, Path
True, True, 0.572, (0, 30, 74, 21, 61, 28, 2, 68, 0)
False, False, 0.097, (0, 16, 49, 24, 49, 24, 49, 24, 49, 16, 0)
False, False, 0.3414, (0, 26, 12, 40, 12, 40, 17, 0)
False, False, 0.375, (0, 4, 45, 29, 45, 4, 75, 0)
False, False, 0.0214, (0, 16, 23, 56, 23, 56, 23, 56, 23, 16, 0)
False, False, 0.123, (0, 75, 6, 33, 73, 33, 6, 75, 0)
False, False, 0.428, (0, 5, 37, 20, 70, 20, 37, 5, 29, 0)
False, False, 0.1682, (0, 52, 27, 13, 54, 13, 54, 13, 27, 52, 0)
False, False, 0.5, (0, 26, 58, 10, 31, 10, 58, 0)
False, False, 0.097, (0, 32, 50, 18, 50, 18, 24, 51, 0)
False, False, 0.2154, (0, 52, 27, 52, 27, 52, 34, 67, 0)
False, False, 0.0276, (0, 67, 34, 46, 34, 67, 0)
False, False, 0.144, (0, 48, 47, 69, 36, 69, 36, 47, 48, 30, 0)
True, True, 0.7034, (0, 38, 65, 66, 11, 53, 35, 0)
False, False, 0.197, (0, 27, 57, 15, 57, 15, 57, 15, 57, 15, 29, 45, 0)
False, False, 0.1121, (0, 17, 3, 44, 3, 44, 3, 44, 3, 17, 0)
False, False, 0.2431, (0, 67, 34, 46, 8, 46, 34, 0)
False, False, 0.288, (0, 68, 62, 22, 64, 42, 64, 22, 62, 0)
False, False, 0.07, (0, 74, 61, 69, 71, 60, 70, 60, 70, 60, 71, 69, 36, 47, 0)
False, False, 0.2212, (0, 8, 19, 54, 13, 54, 13, 54, 19, 8, 0)
False, False, 0.1612, (0, 32, 18, 50, 18, 50, 18, 32, 0)
False, False, 0.3047, (0, 16, 63, 23, 56, 23, 56, 23, 56, 63, 0)
False, False, 0.125, (0, 75, 4, 75, 4, 75, 0)
False, False, 0.1121, (0, 32, 50, 18, 50, 18, 50, 44, 0)
True, True, 0.138, (0, 7, 35, 53, 11, 59, 19, 8, 0)
False, False, 0.2431, (0, 7, 14, 59, 14, 59, 19, 0)
False, False, 0.272, (0, 12, 72, 39, 9, 39, 9, 40, 0)
False, False, 0.0963, (0, 73, 1, 43, 41, 43, 41, 43, 1, 73, 0)
False, False, 0.2431, (0, 67, 46, 34, 46, 67, 0)
False, False, 0.0793, (0, 7, 35, 14, 59, 14, 35, 7, 0)
False, False, 0.25, (0, 72, 31, 55, 25, 55, 25, 55, 25, 55, 25, 31, 72, 0)
False, False, 0.0477, (0, 6, 73, 1, 43, 41, 43, 1, 33, 0)
False, False, 0.144, (0, 5, 37, 20, 70, 60, 70, 60, 71, 36, 47, 0)
True, True, 0.2105, (0, 6, 1, 43, 41, 42, 64, 22, 62, 0)
False, False, 0.1979, (0, 17, 32, 9, 39, 9, 39, 72, 0)
False, False, 0.0462, (0, 6, 33, 73, 1, 73, 1, 33, 6, 0)
True, True, 0.0999, (0, 7, 38, 65, 66, 59, 19, 8, 0)
False, False, 0.015, (0, 12, 72, 39, 9, 39, 9, 39, 72, 12, 0)
True, True, 0.1586, (0, 7, 11, 66, 65, 38, 26, 0)
True, True, 0.214, (0, 2, 28, 61, 21, 48, 30, 0)
True, True, 0.0381, (0, 7, 14, 59, 66, 65, 38, 0)
False, False, 0.0491, (0, 17, 32, 50, 18, 50, 18, 50, 0)
False, False, 0.0214, (0, 73, 1, 43, 41, 56, 41, 43, 1, 73, 0)
False, False, 0.0039, (0, 6, 33, 73, 1, 73, 62, 2, 75, 0)
False, False, 0.0226, (0, 17, 40, 32, 40, 17, 0)
False, False, 0.1839, (0, 51, 3, 44, 32, 44, 3, 44, 3, 51, 0)
False, False, 0.14, (0, 48, 47, 36, 69, 71, 60, 71, 69, 36, 47, 48, 0)
False, False, 0.0696, (0, 73, 1, 43, 42, 41, 42, 64, 22, 62, 0)
False, False, 0.0819, (0, 7, 53, 14, 59, 14, 7, 0)
False, False, 0.1272, (0, 6, 33, 63, 16, 63, 16, 51, 17, 0)
False, False, 0.0357, (0, 45, 15, 57, 15, 57, 15, 57, 15, 57, 13, 27, 0)
False, False, 0.0767, (0, 53, 14, 59, 14, 19, 8, 0)
False, False, 0.144, (0, 74, 21, 69, 71, 60, 70, 60, 71, 36, 47, 48, 0)
False, False, 0.1361, (0, 6, 33, 73, 33, 63, 33, 6, 0)
False, False, 0.204, (0, 51, 24, 49, 24, 49, 24, 49, 16, 51, 0)
False, False, 0.0744, (0, 33, 1, 43, 41, 42, 41, 43, 1, 0)
False, False, 0.0173, (0, 45, 15, 57, 15, 57, 15, 57, 15, 57, 13, 52, 0)
False, False, 0.144, (0, 73, 1, 43, 41, 42, 41, 42, 64, 22, 73, 0)
False, False, 0.07, (0, 68, 2, 62, 28, 62, 2, 68, 0)
False, False, 0.015, (0, 17, 32, 9, 39, 9, 12, 0)
False, True, 0.07, (0, 30, 74, 28, 61, 21, 74, 2, 0)
False, False, 0.074, (0, 74, 28, 61, 69, 71, 60, 71, 69, 36, 47, 48, 0)
all_elementary, False
all_cyc2, False
