Instance, E-n76-k10
capacity, 140
min_trucks, 10
output_file, output_E/E-n76-k10-cyc2.log
Start date, 2022-07-07
Start time, 10-34-42
capacity, 140
num_vehicles, 10
abort_early, False
methods, ['cyc2']
max_vars, 100
time_limit, 86400
farley, False
ESPPRC_heur, True
initial time, initial max_it, max_stale_it
1, 20000.0, 20
heuristic Number of routes, heuristic Best Solution Value, heuristic number of iterations, adjusted time, adjusted max_it, measured total time
22, 830.0, 32, 1, 20000.0, 38.7
method, python time, total time, propagated dominance time, unpropagated dominance time, pricing_success, upper_bound, lower_bound, abort_early, num_paths, 
ESPPRC_heur, 0.0, 0.0, 0.0, 0.0, 0, 830.0, -1580.0, True, 541
ESPPRC_heur, 0.0, 0.0, 0.0, 0.0, 0, 830.0, -2090.0, True, 592
ESPPRC_heur, 0.0, 0.0, 0.0, 0.0, 0, 830.0, -1500.0, True, 670
ESPPRC_heur, 0.0, 0.0, 0.0, 0.0, 0, 830.0, -1761.1111, True, 811
ESPPRC_heur, 0.0, 0.0, 0.0, 0.0, 0, 830.0, -1125.8084, True, 1096
ESPPRC_heur, 0.0, 0.0, 0.0, 0.0, 0, 830.0, -530.1614, True, 914
ESPPRC_heur, 0.0, 0.0, 0.0, 0.0, 0, 830.0, -686.6823, True, 844
ESPPRC_heur, 0.1, 0.0, 0.0, 0.0, 0, 830.0, -263.4705, True, 1289
ESPPRC_heur, 0.0, 0.0, 0.0, 0.0, 0, 830.0, -131.6661, True, 1062
ESPPRC_heur, 0.1, 0.0, 0.0, 0.0, 0, 830.0, -425.9026, True, 1197
ESPPRC_heur, 0.1, 0.0, 0.0, 0.0, 0, 830.0, -174.3763, True, 1159
ESPPRC_heur, 0.0, 0.0, 0.0, 0.0, 0, 830.0, -127.111, True, 1292
ESPPRC_heur, 0.1, 0.0, 0.0, 0.0, 0, 830.0, -617.1449, True, 1439
ESPPRC_heur, 0.1, 0.0, 0.0, 0.0, 0, 830.0, -97.5031, True, 949
ESPPRC_heur, 0.0, 0.0, 0.0, 0.0, 0, 830.0, -178.1505, True, 1150
ESPPRC_heur, 0.1, 0.0, 0.0, 0.0, 0, 830.0, -453.0379, True, 1286
ESPPRC_heur, 0.1, 0.0, 0.0, 0.0, 0, 830.0, -318.6737, True, 1554
ESPPRC_heur, 0.1, 0.0, 0.0, 0.0, 0, 830.0, -202.9916, True, 1564
ESPPRC_heur, 0.1, 0.0, 0.0, 0.0, 0, 830.0, 17.6848, True, 1066
ESPPRC_heur, 0.1, 0.0, 0.0, 0.0, 0, 830.0, 82.3115, True, 1068
ESPPRC_heur, 0.1, 0.0, 0.0, 0.0, 0, 830.0, 182.1401, True, 1027
ESPPRC_heur, 0.0, 0.0, 0.0, 0.0, 0, 830.0, 205.8357, True, 736
ESPPRC_heur, 0.1, 0.0, 0.0, 0.0, 0, 830.0, 54.8699, True, 1174
ESPPRC_heur, 0.1, 0.0, 0.0, 0.0, 0, 830.0, 266.7349, True, 1045
ESPPRC_heur, 0.1, 0.0, 0.0, 0.0, 0, 830.0, 273.2005, True, 751
ESPPRC_heur, 0.0, 0.0, 0.0, 0.0, 0, 830.0, 319.5892, True, 721
ESPPRC_heur, 0.1, 0.0, 0.0, 0.0, 0, 830.0, 513.4664, True, 684
ESPPRC_heur, 0.1, 0.0, 0.0, 0.0, 0, 830.0, 319.222, True, 1135
ESPPRC_heur, 0.0, 0.0, 0.0, 0.0, 0, 830.0, 479.5912, True, 575
ESPPRC_heur, 0.1, 0.0, 0.0, 0.0, 0, 830.0, 521.2584, True, 602
ESPPRC_heur, 0.0, 0.0, 0.0, 0.0, 0, 830.0, 605.215, True, 446
ESPPRC_heur, 0.1, 0.0, 0.0, 0.0, 0, 830.0, 611.79, True, 491
ESPPRC_heur, 0.1, 0.0, 0.0, 0.0, 0, 830.0, 526.4201, True, 529
ESPPRC_heur, 0.1, 0.0, 0.0, 0.0, 0, 830.0, 649.5949, True, 388
ESPPRC_heur, 0.1, 0.0, 0.0, 0.0, 0, 830.0, 545.4718, True, 450
ESPPRC_heur, 0.0, 0.0, 0.0, 0.0, 0, 830.0, 644.958, True, 406
ESPPRC_heur, 0.1, 0.0, 0.0, 0.0, 0, 830.0, 706.6356, True, 273
ESPPRC_heur, 0.1, 0.0, 0.0, 0.0, 0, 830.0, 677.0049, True, 366
ESPPRC_heur, 0.0, 0.0, 0.0, 0.0, 0, 830.0, 651.1202, True, 298
ESPPRC_heur, 0.0, 0.0, 0.0, 0.0, 0, 830.0, 666.585, True, 272
ESPPRC_heur, 0.1, 0.0, 0.0, 0.0, 0, 826.6282, 194.9852, True, 1030
ESPPRC_heur, 0.1, 0.0, 0.0, 0.0, 0, 826.6102, 634.5635, True, 387
ESPPRC_heur, 0.1, 0.0, 0.0, 0.0, 0, 826.4658, 739.7025, True, 195
ESPPRC_heur, 0.1, 0.0, 0.0, 0.0, 0, 823.2244, 704.4638, True, 216
ESPPRC_heur, 0.1, 0.0, 0.0, 0.0, 0, 821.1925, 742.0795, True, 117
ESPPRC_heur, 0.0, 0.0, 0.0, 0.0, 0, 816.6359, 745.993, True, 93
ESPPRC_heur, 0.0, 0.0, 0.0, 0.0, 0, 815.2234, 785.1672, True, 47
ESPPRC_heur, 0.0, 0.0, 0.0, 0.0, 0, 814.1809, 784.1809, True, 17
ESPPRC_heur, 0.0, 0.0, 0.0, 0.0, 0, 813.5032, 804.8669, True, 10
ESPPRC_heur, 0.0, 0.0, 0.0, 0.0, 0, 813.3013, 786.2567, True, 12
ESPPRC_heur, 0.0, 0.0, 0.0, 0.0, 0, 813.1811, 800.2973, True, 9
ESPPRC_heur, 0.0, 0.0, 0.0, 0.0, 0, 813.142, 789.92, True, 9
ESPPRC_heur, 0.0, 0.0, 0.0, 0.0, 0, 812.8374, 810.5389, True, 4
cyc2, 0.0, 0.7, 0.0, 0.0, 1, 812.8374, 772.4682, 0, 197
ESPPRC_heur, 0.0, 0.0, 0.0, 0.0, 0, 811.7387, 797.6089, True, 9
ESPPRC_heur, 0.0, 0.0, 0.0, 0.0, 0, 811.7248, 811.665, True, 1
cyc2, 0.0, 0.7, 0.0, 0.0, 1, 811.7248, 782.7854, 0, 114
ESPPRC_heur, 0.0, 0.0, 0.0, 0.0, 0, 811.4445, 802.024, True, 8
ESPPRC_heur, 0.0, 0.0, 0.0, 0.0, 0, 811.4386, 805.2546, True, 1
ESPPRC_heur, 0.0, 0.0, 0.0, 0.0, 0, 811.3942, 811.3092, True, 1
cyc2, -0.0, 0.7, 0.0, 0.0, 1, 811.3942, 805.3284, 0, 15
ESPPRC_heur, 0.0, 0.0, 0.0, 0.0, 0, 811.3167, 809.3257, True, 2
cyc2, -0.0, 0.7, 0.0, 0.0, 1, 811.3167, 810.2725, 0, 5
cyc2, -0.0, 0.7, 0.0, 0.0, 1, 811.3167, 811.3167, 0, 0
scip_total_time, 45.538495
Solval, number of paths, impact cutoff
811.3167184758274, 56, 0.0001
Elementary, 2-Cycle, Path Value, Path
True, True, 0.2351, (0, 16, 49, 24, 56, 23, 63, 33, 6, 0)
True, True, 0.7773, (0, 30, 74, 21, 61, 28, 2, 68, 0)
True, True, 0.2682, (0, 29, 37, 20, 70, 60, 71, 69, 36, 47, 48, 0)
True, True, 0.1058, (0, 75, 4, 27, 52, 34, 67, 0)
True, True, 0.2597, (0, 17, 3, 44, 32, 9, 39, 72, 12, 0)
True, True, 0.3702, (0, 26, 58, 72, 39, 9, 40, 17, 0)
True, True, 0.5, (0, 7, 14, 59, 66, 65, 38, 0)
True, True, 0.3915, (0, 45, 29, 5, 15, 57, 13, 54, 19, 8, 0)
True, True, 0.1566, (0, 63, 23, 56, 41, 43, 1, 33, 6, 0)
True, True, 0.1105, (0, 26, 58, 10, 31, 39, 40, 0)
True, True, 0.0186, (0, 57, 15, 37, 20, 70, 60, 71, 36, 47, 48, 0)
True, True, 0.3824, (0, 62, 22, 64, 42, 43, 1, 73, 33, 0)
True, True, 0.2857, (0, 75, 4, 34, 46, 67, 0)
True, True, 0.0415, (0, 63, 23, 56, 41, 64, 42, 43, 1, 73, 0)
True, True, 0.5, (0, 35, 53, 11, 66, 65, 38, 0)
True, True, 0.1809, (0, 49, 24, 18, 50, 25, 55, 31, 10, 72, 0)
True, True, 0.4286, (0, 75, 4, 45, 27, 52, 46, 0)
True, True, 0.135, (0, 16, 49, 24, 18, 55, 25, 50, 32, 0)
True, True, 0.18, (0, 67, 34, 52, 27, 45, 4, 0)
True, True, 0.249, (0, 51, 63, 23, 56, 41, 42, 64, 22, 62, 0)
True, True, 0.0947, (0, 16, 49, 24, 18, 55, 25, 31, 10, 72, 0)
True, True, 0.0415, (0, 30, 48, 47, 21, 74, 2, 68, 0)
True, True, 0.2989, (0, 47, 36, 69, 71, 60, 70, 20, 37, 5, 29, 0)
True, True, 0.0458, (0, 6, 51, 3, 44, 32, 40, 17, 0)
True, True, 0.0035, (0, 51, 49, 24, 18, 50, 32, 40, 0)
True, True, 0.0186, (0, 30, 48, 47, 36, 69, 61, 28, 74, 0)
True, True, 0.0905, (0, 27, 57, 15, 20, 37, 5, 48, 30, 0)
True, True, 0.1212, (0, 48, 47, 36, 69, 61, 28, 74, 2, 0)
True, True, 0.0107, (0, 48, 47, 36, 69, 61, 28, 2, 68, 0)
True, True, 0.1362, (0, 48, 21, 69, 71, 60, 70, 20, 37, 5, 0)
True, True, 0.2597, (0, 58, 10, 31, 55, 25, 9, 12, 0)
True, True, 0.0947, (0, 12, 72, 10, 31, 55, 25, 50, 32, 0)
True, True, 0.1107, (0, 62, 22, 64, 42, 41, 43, 1, 6, 0)
True, True, 0.0307, (0, 2, 28, 61, 21, 48, 30, 0)
True, True, 0.0143, (0, 21, 69, 71, 60, 70, 20, 37, 15, 57, 27, 0)
True, True, 0.1105, (0, 17, 3, 44, 32, 9, 40, 0)
True, True, 0.0415, (0, 6, 33, 73, 22, 61, 28, 74, 30, 0)
True, True, 0.1844, (0, 16, 63, 23, 56, 41, 43, 1, 73, 6, 0)
False, True, 0.0829, (0, 6, 33, 73, 62, 1, 73, 33, 6, 0)
False, True, 0.1429, (0, 67, 34, 52, 46, 34, 75, 0)
False, True, 0.2597, (0, 26, 12, 39, 31, 10, 58, 26, 0)
True, True, 0.0415, (0, 48, 36, 69, 71, 60, 70, 20, 37, 5, 29, 0)
True, True, 0.5, (0, 7, 53, 11, 59, 14, 35, 0)
False, True, 0.1176, (0, 32, 50, 18, 55, 25, 50, 18, 55, 25, 0)
False, True, 0.3508, (0, 51, 3, 44, 50, 18, 24, 49, 16, 51, 0)
False, True, 0.0186, (0, 75, 68, 6, 33, 73, 2, 68, 75, 0)
False, True, 0.1069, (0, 17, 3, 44, 32, 40, 17, 0)
False, True, 0.1263, (0, 40, 32, 44, 3, 40, 12, 0)
False, True, 0.0415, (0, 73, 43, 41, 42, 43, 41, 42, 64, 22, 73, 0)
True, True, 0.0905, (0, 48, 47, 36, 69, 71, 60, 70, 37, 15, 57, 27, 0)
False, True, 0.0415, (0, 73, 1, 43, 41, 64, 22, 62, 73, 6, 0)
False, True, 0.3043, (0, 8, 19, 54, 13, 57, 15, 13, 54, 19, 8, 0)
True, True, 0.0415, (0, 48, 47, 36, 71, 60, 70, 20, 37, 5, 0)
False, True, 0.1429, (0, 67, 34, 52, 46, 67, 0)
True, True, 0.1334, (0, 68, 62, 22, 64, 42, 41, 56, 23, 63, 0)
True, True, 0.0905, (0, 27, 57, 15, 20, 70, 60, 71, 36, 47, 48, 0)
all_elementary, False
all_cyc2, True
