Instance, E-n76-k14
capacity, 100
min_trucks, 14
output_file, output_E/E-n76-k14-ng8.log
Start date, 2022-07-07
Start time, 10-33-48
capacity, 100
num_vehicles, 14
abort_early, False
methods, ['ng8']
max_vars, 100
time_limit, 86400
farley, False
ESPPRC_heur, True
initial time, initial max_it, max_stale_it
1, 20000.0, 20
heuristic Number of routes, heuristic Best Solution Value, heuristic number of iterations, adjusted time, adjusted max_it, measured total time
166, 1021.0, 118, 1, 20000.0, 124.8
method, python time, total time, propagated dominance time, unpropagated dominance time, pricing_success, upper_bound, lower_bound, abort_early, num_paths, 
ESPPRC_heur, 0.1, 0.0, 0.0, 0.0, 0, 1020.1667, -1681.8333, True, 1000
ESPPRC_heur, 0.0, 0.0, 0.0, 0.0, 0, 1020.1667, -422.7083, True, 819
ESPPRC_heur, 0.0, 0.0, 0.0, 0.0, 0, 1020.1667, -279.22, True, 824
ESPPRC_heur, 0.0, 0.0, 0.0, 0.0, 0, 1020.1667, 79.1621, True, 671
ESPPRC_heur, 0.0, 0.0, 0.0, 0.0, 0, 1020.1667, -55.8059, True, 669
ESPPRC_heur, 0.1, 0.0, 0.0, 0.0, 0, 1020.1667, 563.6813, True, 501
ESPPRC_heur, 0.0, 0.0, 0.0, 0.0, 0, 1020.1667, 364.9996, True, 728
ESPPRC_heur, 0.0, 0.0, 0.0, 0.0, 0, 1020.1667, 613.1589, True, 417
ESPPRC_heur, 0.0, 0.0, 0.0, 0.0, 0, 1020.1667, 775.4858, True, 260
ESPPRC_heur, 0.0, 0.0, 0.0, 0.0, 0, 1017.0, 456.0781, True, 531
ESPPRC_heur, 0.1, 0.0, 0.0, 0.0, 0, 1014.1358, 657.7407, True, 235
ESPPRC_heur, 0.0, 0.0, 0.0, 0.0, 0, 1013.0016, 842.4182, True, 152
ESPPRC_heur, 0.1, 0.0, 0.0, 0.0, 0, 1010.255, 840.0879, True, 114
ESPPRC_heur, 0.0, 0.0, 0.0, 0.0, 0, 1005.4942, 881.2565, True, 96
ESPPRC_heur, 0.0, 0.0, 0.0, 0.0, 0, 1004.0074, 913.034, True, 42
ESPPRC_heur, 0.0, 0.0, 0.0, 0.0, 0, 1003.4905, 980.4078, True, 20
ESPPRC_heur, 0.0, 0.0, 0.0, 0.0, 0, 1002.9159, 988.9159, True, 1
ng8, 0.0, 0.2, 0.1, 0.0, 1, 1002.7693, 970.18, 0, 9
ESPPRC_heur, 0.0, 0.0, 0.0, 0.0, 0, 1002.0749, 968.6811, True, 14
ESPPRC_heur, 0.0, 0.0, 0.0, 0.0, 0, 1001.9378, 991.4234, True, 2
ng8, -0.0, 0.2, 0.1, 0.0, 1, 1001.8627, 1000.9034, 0, 3
ng8, -0.0, 0.2, 0.1, 0.0, 1, 1001.8528, 1001.8528, 0, 0
scip_total_time, 126.578301
Solval, number of paths, impact cutoff
1001.8528429349296, 66, 0.0001
Elementary, 2-Cycle, Path Value, Path
True, True, 0.5, (0, 63, 23, 56, 41, 43, 1, 73, 0)
True, True, 0.3002, (0, 6, 33, 62, 2, 68, 0)
True, True, 0.2684, (0, 30, 48, 47, 21, 74, 0)
True, True, 0.2711, (0, 37, 20, 70, 60, 71, 36, 69, 61, 0)
True, True, 0.0572, (0, 75, 4, 34, 67, 0)
True, True, 0.1791, (0, 65, 66, 11, 7, 0)
True, True, 0.0905, (0, 72, 31, 10, 38, 58, 0)
True, True, 0.2977, (0, 51, 49, 24, 18, 55, 25, 50, 0)
True, True, 0.1899, (0, 17, 44, 3, 24, 49, 16, 0)
True, True, 0.1144, (0, 38, 11, 53, 7, 0)
True, True, 0.442, (0, 17, 40, 12, 26, 0)
True, True, 0.558, (0, 58, 72, 39, 9, 40, 0)
True, True, 0.324, (0, 8, 19, 54, 13, 27, 52, 0)
True, True, 0.1675, (0, 59, 66, 11, 0)
True, True, 0.2381, (0, 51, 16, 49, 24, 18, 50, 0)
True, True, 0.0511, (0, 27, 57, 15, 5, 29, 45, 0)
True, True, 0.1129, (0, 48, 47, 36, 37, 5, 29, 0)
True, True, 0.4605, (0, 62, 28, 61, 21, 74, 0)
True, True, 0.1417, (0, 26, 58, 10, 65, 38, 0)
True, True, 0.4743, (0, 53, 11, 14, 35, 0)
True, True, 0.5, (0, 22, 64, 42, 41, 56, 23, 0)
True, True, 0.482, (0, 75, 4, 34, 46, 0)
True, True, 0.3035, (0, 51, 3, 44, 32, 9, 0)
True, True, 0.6534, (0, 38, 65, 66, 59, 0)
True, True, 0.2411, (0, 2, 28, 61, 21, 0)
True, True, 0.3466, (0, 7, 53, 14, 19, 8, 0)
True, True, 0.4609, (0, 67, 46, 52, 34, 0)
True, True, 0.0572, (0, 46, 8, 35, 7, 67, 0)
True, True, 0.4425, (0, 30, 48, 5, 29, 45, 0)
True, True, 0.305, (0, 15, 20, 70, 60, 71, 69, 36, 47, 0)
True, True, 0.1791, (0, 35, 14, 59, 54, 52, 0)
True, True, 0.2711, (0, 68, 2, 28, 74, 30, 0)
True, True, 0.0273, (0, 47, 36, 71, 60, 70, 20, 37, 0)
True, True, 0.5124, (0, 10, 31, 55, 25, 32, 0)
True, True, 0.1608, (0, 68, 6, 33, 63, 16, 51, 0)
True, True, 0.2246, (0, 27, 57, 13, 54, 19, 35, 7, 0)
True, True, 0.1762, (0, 48, 47, 36, 69, 71, 60, 70, 37, 0)
True, True, 0.1417, (0, 72, 31, 25, 55, 18, 50, 44, 0)
True, True, 0.0257, (0, 35, 53, 11, 65, 58, 0)
True, True, 0.0361, (0, 52, 27, 29, 45, 4, 0)
True, True, 0.147, (0, 75, 4, 67, 0)
True, True, 0.0456, (0, 58, 10, 31, 39, 0)
True, True, 0.1048, (0, 45, 27, 13, 54, 19, 8, 0)
True, True, 0.2778, (0, 75, 4, 67, 26, 0)
True, True, 0.0697, (0, 62, 22, 64, 42, 43, 63, 0)
True, True, 0.0273, (0, 28, 61, 69, 36, 37, 5, 0)
True, True, 0.1326, (0, 49, 24, 18, 50, 44, 3, 0)
True, True, 0.0999, (0, 22, 64, 42, 43, 33, 0)
True, True, 0.1417, (0, 3, 50, 18, 24, 49, 16, 0)
True, True, 0.1791, (0, 29, 5, 37, 15, 57, 13, 27, 0)
True, True, 0.0299, (0, 21, 69, 71, 60, 70, 20, 37, 0)
True, True, 0.0482, (0, 39, 25, 55, 18, 50, 44, 3, 0)
True, True, 0.1102, (0, 47, 69, 71, 60, 70, 20, 15, 57, 0)
True, True, 0.0803, (0, 36, 69, 71, 60, 70, 20, 57, 27, 0)
True, True, 0.1675, (0, 8, 54, 13, 57, 15, 29, 45, 0)
True, True, 0.1762, (0, 57, 15, 20, 37, 5, 45, 0)
False, True, 0.2695, (0, 6, 33, 63, 16, 6, 0)
False, True, 0.1841, (0, 17, 32, 44, 3, 17, 0)
False, True, 0.0109, (0, 45, 57, 15, 5, 29, 45, 0)
False, True, 0.0391, (0, 7, 35, 53, 11, 7, 0)
False, True, 0.25, (0, 73, 22, 64, 42, 43, 1, 73, 0)
False, True, 0.2098, (0, 12, 72, 10, 31, 39, 12, 0)
True, True, 0.0804, (0, 68, 22, 64, 42, 43, 1, 0)
True, True, 0.1696, (0, 33, 1, 62, 2, 68, 0)
False, True, 0.018, (0, 75, 30, 2, 68, 75, 0)
True, True, 0.1385, (0, 12, 9, 39, 58, 26, 0)
all_elementary, False
all_cyc2, True
