Instance, E-n76-k7
capacity, 220
min_trucks, 7
output_file, output_E/E-n76-k7-cyc2.log
Start date, 2022-07-07
Start time, 10-36-12
capacity, 220
num_vehicles, 7
abort_early, False
methods, ['cyc2']
max_vars, 100
time_limit, 86400
farley, False
ESPPRC_heur, True
initial time, initial max_it, max_stale_it
1, 20000.0, 20
heuristic Number of routes, heuristic Best Solution Value, heuristic number of iterations, adjusted time, adjusted max_it, measured total time
18, 682.0, 36, 1, 20000.0, 42.7
method, python time, total time, propagated dominance time, unpropagated dominance time, pricing_success, upper_bound, lower_bound, abort_early, num_paths, 
ESPPRC_heur, 0.0, 0.0, 0.0, 0.0, 0, 682.0, -2111.0, True, 607
ESPPRC_heur, 0.0, 0.0, 0.0, 0.0, 0, 682.0, -6661.0, True, 531
ESPPRC_heur, 0.0, 0.0, 0.0, 0.0, 0, 682.0, -1649.0, True, 696
ESPPRC_heur, 0.1, 0.0, 0.0, 0.0, 0, 682.0, -1833.8824, True, 1128
ESPPRC_heur, 0.1, 0.0, 0.0, 0.0, 0, 682.0, -2221.2769, True, 1093
ESPPRC_heur, 0.1, 0.0, 0.0, 0.0, 0, 682.0, -2108.5328, True, 1155
ESPPRC_heur, 0.1, 0.0, 0.0, 0.0, 0, 682.0, -1012.1344, True, 905
ESPPRC_heur, 0.1, 0.0, 0.0, 0.0, 0, 682.0, -1252.8596, True, 1002
ESPPRC_heur, 0.1, 0.0, 0.0, 0.0, 0, 682.0, -1186.4083, True, 1177
ESPPRC_heur, 0.1, 0.0, 0.0, 0.0, 0, 682.0, -429.2789, True, 1180
ESPPRC_heur, 0.1, 0.0, 0.0, 0.0, 0, 682.0, -775.9819, True, 1512
ESPPRC_heur, 0.1, 0.0, 0.0, 0.0, 0, 682.0, -607.7985, True, 1262
ESPPRC_heur, 0.1, 0.0, 0.0, 0.0, 0, 682.0, -553.3325, True, 1358
ESPPRC_heur, 0.1, 0.0, 0.0, 0.0, 0, 682.0, -807.9404, True, 1437
ESPPRC_heur, 0.1, 0.0, 0.0, 0.0, 0, 682.0, -671.683, True, 1703
ESPPRC_heur, 0.1, 0.0, 0.0, 0.0, 0, 682.0, -1024.968, True, 1728
ESPPRC_heur, 0.1, 0.0, 0.0, 0.0, 0, 682.0, -675.8433, True, 1481
ESPPRC_heur, 0.1, 0.0, 0.0, 0.0, 0, 682.0, -434.5305, True, 2240
ESPPRC_heur, 0.1, 0.0, 0.0, 0.0, 0, 682.0, -468.4418, True, 2542
ESPPRC_heur, 0.1, 0.0, 0.0, 0.0, 0, 682.0, -700.3896, True, 1701
ESPPRC_heur, 0.1, 0.0, 0.0, 0.0, 0, 682.0, -1051.8659, True, 1884
ESPPRC_heur, 0.1, 0.0, 0.0, 0.0, 0, 682.0, -665.192, True, 2060
ESPPRC_heur, 0.1, 0.0, 0.0, 0.0, 0, 682.0, -301.0234, True, 1913
ESPPRC_heur, 0.1, 0.0, 0.0, 0.0, 0, 682.0, -185.4794, True, 2458
ESPPRC_heur, 0.1, 0.0, 0.0, 0.0, 0, 682.0, 21.1413, True, 1442
ESPPRC_heur, 0.1, 0.0, 0.0, 0.0, 0, 682.0, -708.5715, True, 1570
ESPPRC_heur, 0.1, 0.0, 0.0, 0.0, 0, 682.0, -164.0876, True, 1915
ESPPRC_heur, 0.1, 0.0, 0.0, 0.0, 0, 682.0, -300.8804, True, 1806
ESPPRC_heur, 0.1, 0.0, 0.0, 0.0, 0, 682.0, -662.7419, True, 1762
ESPPRC_heur, 0.1, 0.0, 0.0, 0.0, 0, 682.0, -876.7372, True, 2793
ESPPRC_heur, 0.1, 0.0, 0.0, 0.0, 0, 682.0, -803.4391, True, 2732
ESPPRC_heur, 0.1, 0.0, 0.0, 0.0, 0, 682.0, -461.2341, True, 1903
ESPPRC_heur, 0.1, 0.0, 0.0, 0.0, 0, 682.0, -394.1895, True, 2222
ESPPRC_heur, 0.1, 0.0, 0.0, 0.0, 0, 682.0, -283.0018, True, 2116
ESPPRC_heur, 0.1, 0.0, 0.0, 0.0, 0, 682.0, -145.2044, True, 1753
ESPPRC_heur, 0.1, 0.0, 0.0, 0.0, 0, 682.0, -570.828, True, 1922
ESPPRC_heur, 0.1, 0.0, 0.0, 0.0, 0, 682.0, -646.4532, True, 2242
ESPPRC_heur, 0.1, 0.0, 0.0, 0.0, 0, 682.0, -269.2762, True, 2290
ESPPRC_heur, 0.1, 0.0, 0.0, 0.0, 0, 682.0, 40.2725, True, 1762
ESPPRC_heur, 0.1, 0.0, 0.0, 0.0, 0, 682.0, -82.3376, True, 1830
ESPPRC_heur, 0.1, 0.0, 0.0, 0.0, 0, 682.0, -116.3339, True, 2000
ESPPRC_heur, 0.1, 0.1, 0.0, 0.0, 0, 682.0, -176.7983, True, 2801
ESPPRC_heur, 0.1, 0.0, 0.0, 0.0, 0, 682.0, -287.8256, True, 2443
ESPPRC_heur, 0.1, 0.0, 0.0, 0.0, 0, 682.0, 3.82, True, 2174
ESPPRC_heur, 0.1, 0.0, 0.0, 0.0, 0, 682.0, -335.8449, True, 2333
ESPPRC_heur, 0.1, 0.0, 0.0, 0.0, 0, 682.0, 56.8311, True, 1760
ESPPRC_heur, 0.1, 0.0, 0.0, 0.0, 0, 682.0, -126.2975, True, 2323
ESPPRC_heur, -0.0, 0.1, 0.0, 0.0, 0, 682.0, -143.8566, True, 2956
ESPPRC_heur, 0.1, 0.0, 0.0, 0.0, 0, 682.0, -81.8437, True, 1976
ESPPRC_heur, 0.1, 0.0, 0.0, 0.0, 0, 682.0, -181.4976, True, 2017
ESPPRC_heur, 0.1, 0.0, 0.0, 0.0, 0, 682.0, 1.9808, True, 1803
ESPPRC_heur, 0.1, 0.0, 0.0, 0.0, 0, 682.0, 83.0017, True, 1842
ESPPRC_heur, 0.1, 0.0, 0.0, 0.0, 0, 682.0, 60.9057, True, 1825
ESPPRC_heur, 0.1, 0.0, 0.0, 0.0, 0, 682.0, 145.1358, True, 1666
ESPPRC_heur, 0.1, 0.0, 0.0, 0.0, 0, 682.0, 188.1732, True, 1593
ESPPRC_heur, 0.1, 0.0, 0.0, 0.0, 0, 682.0, 201.6541, True, 1577
ESPPRC_heur, 0.1, 0.0, 0.0, 0.0, 0, 682.0, 232.9918, True, 1371
ESPPRC_heur, 0.1, 0.0, 0.0, 0.0, 0, 682.0, 43.3654, True, 1853
ESPPRC_heur, 0.1, 0.0, 0.0, 0.0, 0, 682.0, 129.7835, True, 1500
ESPPRC_heur, 0.1, 0.0, 0.0, 0.0, 0, 682.0, 261.0832, True, 1460
ESPPRC_heur, 0.1, 0.0, 0.0, 0.0, 0, 682.0, 60.0019, True, 1974
ESPPRC_heur, 0.1, 0.0, 0.0, 0.0, 0, 682.0, 161.4177, True, 1758
ESPPRC_heur, 0.1, 0.0, 0.0, 0.0, 0, 682.0, 214.4032, True, 1683
ESPPRC_heur, 0.1, 0.0, 0.0, 0.0, 0, 682.0, 52.3351, True, 2047
ESPPRC_heur, 0.1, 0.0, 0.0, 0.0, 0, 682.0, 128.7432, True, 2157
ESPPRC_heur, 0.1, 0.0, 0.0, 0.0, 0, 682.0, 252.0676, True, 1641
ESPPRC_heur, 0.1, 0.0, 0.0, 0.0, 0, 682.0, 228.3049, True, 1284
ESPPRC_heur, 0.1, 0.0, 0.0, 0.0, 0, 682.0, 289.7739, True, 1198
ESPPRC_heur, 0.1, 0.0, 0.0, 0.0, 0, 682.0, 294.0802, True, 1403
ESPPRC_heur, 0.1, 0.0, 0.0, 0.0, 0, 682.0, 337.7004, True, 1640
ESPPRC_heur, 0.1, 0.0, 0.0, 0.0, 0, 682.0, 348.2776, True, 1001
ESPPRC_heur, 0.1, 0.0, 0.0, 0.0, 0, 682.0, 270.5215, True, 1439
ESPPRC_heur, 0.1, 0.0, 0.0, 0.0, 0, 682.0, 354.6001, True, 1353
ESPPRC_heur, 0.1, 0.0, 0.0, 0.0, 0, 682.0, 316.1057, True, 1428
ESPPRC_heur, 0.1, 0.0, 0.0, 0.0, 0, 682.0, 406.5708, True, 1283
ESPPRC_heur, 0.1, 0.0, 0.0, 0.0, 0, 682.0, 323.8241, True, 1174
ESPPRC_heur, 0.1, 0.0, 0.0, 0.0, 0, 682.0, 417.7268, True, 1100
ESPPRC_heur, 0.1, 0.0, 0.0, 0.0, 0, 682.0, 413.7779, True, 953
ESPPRC_heur, 0.1, 0.0, 0.0, 0.0, 0, 682.0, 438.4477, True, 947
ESPPRC_heur, 0.1, 0.0, 0.0, 0.0, 0, 682.0, 511.4399, True, 754
ESPPRC_heur, 0.1, 0.0, 0.0, 0.0, 0, 682.0, 390.9079, True, 1170
ESPPRC_heur, 0.1, 0.0, 0.0, 0.0, 0, 682.0, 457.9689, True, 718
ESPPRC_heur, 0.1, 0.0, 0.0, 0.0, 0, 682.0, 401.9862, True, 912
ESPPRC_heur, 0.1, 0.0, 0.0, 0.0, 0, 682.0, 463.4911, True, 1070
ESPPRC_heur, 0.1, 0.0, 0.0, 0.0, 0, 682.0, 445.3959, True, 677
ESPPRC_heur, 0.1, 0.0, 0.0, 0.0, 0, 682.0, 452.0408, True, 837
ESPPRC_heur, 0.1, 0.0, 0.0, 0.0, 0, 682.0, 425.8372, True, 1059
ESPPRC_heur, 0.1, 0.0, 0.0, 0.0, 0, 682.0, 393.2332, True, 1184
ESPPRC_heur, 0.1, 0.0, 0.0, 0.0, 0, 682.0, 459.198, True, 713
ESPPRC_heur, 0.1, 0.0, 0.0, 0.0, 0, 682.0, 499.9065, True, 626
ESPPRC_heur, 0.1, 0.0, 0.0, 0.0, 0, 682.0, 516.9221, True, 520
ESPPRC_heur, 0.1, 0.0, 0.0, 0.0, 0, 682.0, 503.0876, True, 747
ESPPRC_heur, 0.1, 0.0, 0.0, 0.0, 0, 682.0, 543.5456, True, 489
ESPPRC_heur, 0.1, 0.0, 0.0, 0.0, 0, 682.0, 496.417, True, 915
ESPPRC_heur, 0.1, 0.0, 0.0, 0.0, 0, 682.0, 516.7041, True, 826
ESPPRC_heur, 0.1, 0.0, 0.0, 0.0, 0, 682.0, 563.0359, True, 448
ESPPRC_heur, 0.1, 0.0, 0.0, 0.0, 0, 682.0, 521.4164, True, 517
ESPPRC_heur, 0.1, 0.0, 0.0, 0.0, 0, 682.0, 539.1061, True, 513
ESPPRC_heur, 0.1, 0.0, 0.0, 0.0, 0, 682.0, 532.2868, True, 723
ESPPRC_heur, 0.1, 0.0, 0.0, 0.0, 0, 682.0, 603.3364, True, 249
ESPPRC_heur, 0.1, 0.0, 0.0, 0.0, 0, 679.0, 503.6119, True, 605
ESPPRC_heur, 0.1, 0.0, 0.0, 0.0, 0, 679.0, 565.3222, True, 415
ESPPRC_heur, 0.1, 0.0, 0.0, 0.0, 0, 678.9392, 523.8959, True, 582
ESPPRC_heur, 0.1, 0.0, 0.0, 0.0, 0, 678.3704, 581.079, True, 395
ESPPRC_heur, 0.1, 0.0, 0.0, 0.0, 0, 677.9709, 574.0339, True, 354
ESPPRC_heur, 0.1, 0.0, 0.0, 0.0, 0, 676.4395, 596.8898, True, 206
ESPPRC_heur, 0.1, 0.0, 0.0, 0.0, 0, 675.4146, 525.4976, True, 884
ESPPRC_heur, 0.1, 0.0, 0.0, 0.0, 0, 675.4146, 600.0139, True, 247
ESPPRC_heur, 0.1, 0.0, 0.0, 0.0, 0, 674.8734, 610.1299, True, 238
ESPPRC_heur, 0.1, 0.0, 0.0, 0.0, 0, 673.0799, 616.4607, True, 208
ESPPRC_heur, 0.1, 0.0, 0.0, 0.0, 0, 670.9077, 623.3772, True, 128
ESPPRC_heur, 0.1, 0.0, 0.0, 0.0, 0, 669.2453, 629.1213, True, 161
ESPPRC_heur, 0.1, 0.0, 0.0, 0.0, 0, 668.1618, 631.4692, True, 142
ESPPRC_heur, 0.1, 0.0, 0.0, 0.0, 0, 667.9448, 640.6698, True, 115
ESPPRC_heur, 0.1, 0.0, 0.0, 0.0, 0, 667.66, 633.402, True, 72
ESPPRC_heur, 0.1, 0.0, 0.0, 0.0, 0, 667.0716, 652.9803, True, 68
ESPPRC_heur, 0.1, 0.0, 0.0, 0.0, 0, 666.3981, 631.2537, True, 179
ESPPRC_heur, 0.0, 0.0, 0.0, 0.0, 0, 666.3981, 642.1201, True, 45
ESPPRC_heur, 0.0, 0.0, 0.0, 0.0, 0, 665.8522, 650.4365, True, 33
ESPPRC_heur, 0.1, 0.0, 0.0, 0.0, 0, 665.2611, 615.7261, True, 91
ESPPRC_heur, 0.0, 0.0, 0.0, 0.0, 0, 664.9252, 644.5283, True, 32
ESPPRC_heur, 0.0, 0.0, 0.0, 0.0, 0, 664.4352, 642.0459, True, 28
ESPPRC_heur, 0.0, 0.0, 0.0, 0.0, 0, 664.2074, 653.8504, True, 21
ESPPRC_heur, 0.0, 0.0, 0.0, 0.0, 0, 664.1699, 660.5024, True, 14
ESPPRC_heur, 0.0, 0.0, 0.0, 0.0, 0, 664.1309, 661.4906, True, 3
cyc2, 0.1, 1.2, 0.0, 0.0, 1, 664.1309, 580.2404, 0, 3240
ESPPRC_heur, 0.0, 0.0, 0.0, 0.0, 0, 664.1309, 657.2059, True, 9
ESPPRC_heur, 0.0, 0.0, 0.0, 0.0, 0, 664.1309, 657.2185, True, 5
ESPPRC_heur, 0.0, 0.0, 0.0, 0.0, 0, 663.9773, 662.4788, True, 4
ESPPRC_heur, 0.0, 0.0, 0.0, 0.0, 0, 663.9711, 663.1138, True, 2
cyc2, 0.1, 1.2, 0.0, 0.0, 1, 663.9711, 617.8203, 0, 318
ESPPRC_heur, 0.0, 0.0, 0.0, 0.0, 0, 662.2533, 641.348, True, 43
ESPPRC_heur, 0.1, 0.0, 0.0, 0.0, 0, 662.1175, 626.8722, True, 67
ESPPRC_heur, 0.0, 0.0, 0.0, 0.0, 0, 662.0926, 654.2304, True, 9
ESPPRC_heur, 0.0, 0.0, 0.0, 0.0, 0, 662.0238, 657.0019, True, 8
cyc2, 0.1, 1.2, 0.0, 0.0, 1, 661.9744, 625.9592, 0, 704
ESPPRC_heur, 0.0, 0.0, 0.0, 0.0, 0, 661.9744, 656.2969, True, 2
ESPPRC_heur, 0.0, 0.0, 0.0, 0.0, 0, 661.8936, 651.1578, True, 4
ESPPRC_heur, 0.0, 0.0, 0.0, 0.0, 0, 661.5105, 656.4022, True, 12
ESPPRC_heur, 0.0, 0.0, 0.0, 0.0, 0, 661.5105, 655.2276, True, 5
cyc2, 0.1, 1.2, 0.0, 0.0, 1, 661.5096, 648.575, 0, 139
ESPPRC_heur, 0.0, 0.0, 0.0, 0.0, 0, 660.9138, 646.0102, True, 14
ESPPRC_heur, 0.0, 0.0, 0.0, 0.0, 0, 660.9138, 658.4988, True, 2
cyc2, 0.1, 1.2, 0.0, 0.0, 1, 660.9052, 651.5044, 0, 81
ESPPRC_heur, 0.0, 0.0, 0.0, 0.0, 0, 660.8049, 658.382, True, 2
cyc2, 0.0, 1.2, 0.0, 0.0, 1, 660.8049, 658.7082, 0, 11
cyc2, 0.0, 1.2, 0.0, 0.0, 1, 660.8038, 660.8038, 0, 0
scip_total_time, 64.241306
Solval, number of paths, impact cutoff
660.8038005432732, 52, 0.0001
Elementary, 2-Cycle, Path Value, Path
True, True, 0.0281, (0, 17, 3, 44, 32, 50, 18, 24, 49, 56, 23, 63, 16, 51, 0)
True, True, 0.2965, (0, 26, 58, 10, 38, 65, 66, 11, 53, 35, 7, 0)
True, True, 0.0334, (0, 75, 68, 2, 62, 22, 64, 42, 43, 1, 73, 33, 6, 0)
True, True, 0.0447, (0, 17, 40, 32, 9, 39, 31, 10, 58, 26, 0)
True, True, 0.2498, (0, 75, 30, 48, 47, 36, 69, 71, 60, 70, 20, 37, 5, 29, 45, 0)
True, True, 0.0405, (0, 4, 48, 47, 21, 61, 28, 62, 2, 68, 75, 0)
True, True, 0.0332, (0, 68, 2, 62, 28, 61, 21, 47, 48, 45, 4, 0)
True, True, 0.107, (0, 6, 33, 73, 1, 43, 42, 64, 22, 62, 28, 74, 30, 0)
True, True, 0.208, (0, 46, 8, 19, 14, 59, 66, 11, 53, 35, 0)
True, True, 0.139, (0, 51, 16, 63, 23, 56, 41, 42, 64, 22, 61, 28, 74, 30, 0)
True, True, 0.1764, (0, 74, 28, 61, 21, 69, 36, 71, 60, 70, 20, 37, 5, 29, 45, 0)
True, True, 0.1548, (0, 7, 53, 14, 59, 66, 11, 65, 38, 58, 0)
True, True, 0.2744, (0, 7, 35, 14, 59, 66, 65, 38, 10, 31, 72, 12, 0)
True, True, 0.0407, (0, 4, 45, 29, 48, 47, 21, 61, 28, 62, 2, 0)
True, True, 0.1387, (0, 67, 34, 52, 27, 13, 54, 57, 15, 5, 29, 45, 4, 0)
True, True, 0.1067, (0, 6, 33, 73, 1, 43, 41, 42, 64, 22, 61, 28, 74, 68, 0)
True, True, 0.3638, (0, 6, 33, 63, 23, 56, 41, 43, 1, 73, 62, 2, 68, 75, 0)
True, True, 0.2427, (0, 46, 8, 19, 54, 13, 57, 15, 5, 48, 29, 45, 4, 0)
True, True, 0.0184, (0, 75, 68, 2, 62, 22, 64, 42, 43, 41, 56, 23, 63, 16, 0)
True, True, 0.062, (0, 68, 2, 62, 28, 61, 21, 47, 48, 30, 4, 0)
True, True, 0.0562, (0, 51, 3, 44, 32, 9, 39, 31, 10, 58, 72, 12, 26, 0)
True, True, 0.036, (0, 6, 33, 73, 1, 43, 42, 64, 22, 61, 28, 2, 68, 0)
True, True, 0.0711, (0, 68, 2, 28, 61, 22, 64, 42, 41, 56, 23, 63, 16, 51, 0)
False, True, 0.4307, (0, 67, 34, 52, 27, 13, 54, 19, 8, 46, 34, 67, 0)
False, True, 0.277, (0, 17, 40, 39, 9, 72, 39, 9, 32, 44, 3, 17, 0)
False, True, 0.0512, (0, 40, 44, 3, 24, 49, 23, 56, 49, 24, 3, 44, 40, 0)
False, True, 0.1141, (0, 40, 32, 44, 3, 24, 49, 23, 56, 24, 49, 16, 51, 0)
False, True, 0.1175, (0, 26, 12, 40, 9, 39, 31, 55, 25, 9, 39, 72, 12, 0)
True, True, 0.0221, (0, 7, 35, 14, 59, 11, 65, 38, 10, 31, 72, 12, 0)
True, True, 0.0402, (0, 6, 33, 73, 1, 43, 42, 64, 22, 28, 74, 30, 75, 0)
True, True, 0.1472, (0, 6, 73, 1, 43, 41, 42, 64, 22, 61, 21, 48, 4, 0)
True, True, 0.1956, (0, 51, 16, 63, 49, 24, 18, 50, 25, 55, 31, 10, 58, 26, 0)
True, True, 0.0693, (0, 4, 48, 21, 47, 36, 69, 71, 60, 70, 20, 37, 15, 57, 27, 0)
True, True, 0.1472, (0, 33, 73, 1, 43, 42, 64, 22, 61, 28, 62, 2, 68, 0)
True, True, 0.3613, (0, 30, 74, 21, 47, 36, 69, 71, 60, 70, 20, 37, 15, 57, 27, 52, 0)
False, True, 0.0442, (0, 7, 35, 53, 14, 59, 66, 11, 53, 7, 0)
False, True, 0.0407, (0, 30, 48, 47, 36, 69, 71, 60, 70, 20, 37, 5, 48, 4, 0)
False, True, 0.0577, (0, 51, 16, 49, 24, 18, 50, 25, 55, 18, 50, 32, 40, 0)
False, True, 0.0332, (0, 4, 29, 5, 37, 20, 70, 60, 71, 69, 36, 47, 48, 4, 0)
False, True, 0.2406, (0, 51, 16, 49, 24, 18, 50, 25, 55, 18, 50, 25, 55, 31, 72, 12, 0)
False, True, 0.1432, (0, 17, 40, 32, 44, 3, 32, 44, 3, 40, 17, 0)
False, True, 0.0867, (0, 16, 49, 24, 18, 50, 25, 55, 18, 50, 32, 44, 3, 17, 0)
False, True, 0.049, (0, 51, 3, 44, 32, 9, 39, 31, 55, 25, 9, 39, 12, 0)
False, True, 0.1417, (0, 26, 58, 38, 65, 11, 59, 14, 53, 7, 26, 0)
True, True, 0.1106, (0, 35, 53, 14, 59, 11, 65, 38, 10, 58, 12, 0)
True, True, 0.1186, (0, 46, 8, 19, 54, 13, 57, 15, 5, 29, 45, 4, 75, 0)
False, True, 0.0303, (0, 6, 33, 63, 23, 56, 24, 49, 23, 56, 24, 49, 16, 51, 0)
False, True, 0.0061, (0, 26, 12, 72, 39, 9, 25, 55, 50, 18, 55, 25, 9, 39, 72, 12, 0)
False, True, 0.0221, (0, 7, 35, 14, 59, 66, 11, 59, 14, 35, 0)
True, True, 0.0693, (0, 52, 54, 13, 57, 15, 37, 20, 70, 60, 71, 69, 36, 47, 21, 74, 68, 0)
True, True, 0.1354, (0, 6, 33, 63, 23, 56, 41, 42, 64, 22, 62, 2, 75, 0)
True, True, 0.0184, (0, 51, 16, 63, 23, 56, 41, 42, 64, 22, 1, 73, 62, 2, 68, 0)
all_elementary, False
all_cyc2, True
