Instance, E-n33-k4
capacity, 8000
min_trucks, 4
output_file, output_farley/E-n33-k4-SPPRC.log
Start date, 2022-07-07
Start time, 12-58-51
capacity, 8000
num_vehicles, 4
abort_early, False
methods, ['SPPRC']
max_vars, 100
time_limit, 43200
farley, True
ESPPRC_heur, True
initial time, initial max_it, max_stale_it
1, 20000.0, 20
heuristic Number of routes, heuristic Best Solution Value, heuristic number of iterations, adjusted time, adjusted max_it, measured total time
14, 835.0, 30, 1, 20000.0, 32.4
method, python time, total time, propagated dominance time, unpropagated dominance time, pricing_success, upper_bound, lower_bound, abort_early, num_paths, 
SPPRC, 0.3, 0.0, 0.0, 0.0, 1, 835.0, -50117.0, 0, 1074
Farley, 0.3, 0.0, 0.0, 0.0, 0, 835.0, 24.8058, 0, Not Applicable
SPPRC, 0.1, 0.0, 0.0, 0.0, 1, 835.0, -13997.0, 0, 467
Farley, 0.1, 0.1, 0.1, 0.0, 0, 835.0, 111.2735, 0, Not Applicable
SPPRC, 0.1, 0.0, 0.0, 0.0, 1, 835.0, -9411.2462, 0, 630
Farley, 0.1, 0.2, 0.1, 0.0, 0, 835.0, 118.1604, 0, Not Applicable
SPPRC, 0.0, 0.0, 0.0, 0.0, 1, 835.0, -4917.0, 0, 558
Farley, 0.1, 1.5, 1.2, 0.3, 0, 835.0, 122.8233, 0, Not Applicable
SPPRC, 0.0, 0.0, 0.0, 0.0, 1, 835.0, -4881.0, 0, 542
Farley, 0.0, 3.9, 3.0, 0.8, 0, 835.0, 148.6553, 0, Not Applicable
SPPRC, 0.0, 0.0, 0.0, 0.0, 1, 835.0, -5825.0, 0, 568
Farley, 0.0, 4.0, 3.0, 0.9, 0, 835.0, 114.6503, 0, Not Applicable
SPPRC, 0.1, 0.0, 0.0, 0.0, 1, 835.0, -5979.3417, 0, 565
Farley, 0.1, 0.6, 0.5, 0.1, 0, 835.0, 129.3188, 0, Not Applicable
SPPRC, 0.0, 0.0, 0.0, 0.0, 1, 835.0, -2949.0, 0, 646
Farley, 0.1, 2.8, 2.2, 0.6, 0, 835.0, 204.5582, 0, Not Applicable
SPPRC, 0.0, 0.0, 0.0, 0.0, 1, 835.0, -3204.6512, 0, 705
Farley, 0.1, 51.9, 41.6, 10.2, 0, 835.0, 191.3646, 0, Not Applicable
SPPRC, 0.0, 0.0, 0.0, 0.0, 1, 835.0, -1954.8895, 0, 944
Farley, 0.0, 18.3, 14.0, 4.1, 0, 835.0, 258.7411, 0, Not Applicable
SPPRC, 0.1, 0.0, 0.0, 0.0, 1, 835.0, -3439.3986, 0, 1645
Farley, 0.1, 32.0, 24.6, 7.2, 0, 835.0, 258.7411, 0, Not Applicable
SPPRC, 0.1, 0.0, 0.0, 0.0, 1, 835.0, -1179.7378, 0, 669
Farley, 0.1, 24.2, 18.7, 5.4, 0, 835.0, 334.429, 0, Not Applicable
SPPRC, 0.1, 0.0, 0.0, 0.0, 1, 835.0, -4752.8515, 0, 1288
Farley, 0.1, 0.4, 0.3, 0.1, 0, 835.0, 112.6235, 0, Not Applicable
SPPRC, 0.0, 0.0, 0.0, 0.0, 1, 835.0, -1915.1678, 0, 476
Farley, 0.0, 1.0, 0.7, 0.3, 0, 835.0, 170.1828, 0, Not Applicable
SPPRC, 0.1, 0.0, 0.0, 0.0, 1, 835.0, -1161.4188, 0, 501
Farley, 0.0, 1.4, 1.0, 0.3, 0, 835.0, 252.8204, 0, Not Applicable
SPPRC, 0.0, 0.0, 0.0, 0.0, 1, 835.0, -476.5943, 0, 500
Farley, 0.1, 0.6, 0.4, 0.2, 0, 835.0, 399.6481, 0, Not Applicable
SPPRC, 0.1, 0.0, 0.0, 0.0, 1, 835.0, -3918.2066, 0, 2618
Farley, 0.2, 827.1, 707.8, 118.6, 0, 835.0, 259.377, 0, Not Applicable
SPPRC, 0.1, 0.0, 0.0, 0.0, 1, 835.0, -4039.7947, 0, 1293
Farley, 0.1, 140.0, 118.2, 21.5, 0, 835.0, 188.7726, 0, Not Applicable
SPPRC, 0.1, 0.0, 0.0, 0.0, 1, 835.0, -9597.8525, 0, 1534
Farley, 0.1, 388.2, 335.7, 52.0, 0, 835.0, 140.15, 0, Not Applicable
SPPRC, 0.1, 0.0, 0.0, 0.0, 1, 835.0, -9126.7908, 0, 1483
Farley, 0.1, 499.7, 429.8, 69.3, 0, 835.0, 167.7262, 0, Not Applicable
SPPRC, 0.1, 0.0, 0.0, 0.0, 1, 835.0, -2534.656, 0, 847
Farley, 0.1, 1.3, 1.1, 0.2, 0, 835.0, 161.4973, 0, Not Applicable
SPPRC, 0.1, 0.0, 0.0, 0.0, 1, 835.0, -2552.6137, 0, 1171
Farley, 0.0, 10.3, 8.5, 1.7, 0, 835.0, 222.6452, 0, Not Applicable
SPPRC, 0.1, 0.1, 0.0, 0.0, 1, 835.0, -5116.3722, 0, 3738
Farley, 0.3, 4478.9, 4028.0, 448.4, 0, 835.0, 200.2902, 0, Not Applicable
SPPRC, 0.1, 0.0, 0.0, 0.0, 1, 835.0, -3681.2945, 0, 1875
Farley, 0.2, 21.5, 18.0, 3.3, 0, 835.0, 237.6541, 0, Not Applicable
SPPRC, 0.2, 0.1, 0.1, 0.0, 1, 835.0, -1925.9571, 0, 5795
Farley, 0.3, 832.3, 729.9, 101.5, 0, 835.0, 244.1722, 0, Not Applicable
SPPRC, 0.1, 0.0, 0.0, 0.0, 1, 835.0, -1159.6207, 0, 1368
Farley, 0.0, 526.1, 456.9, 68.5, 0, 835.0, 250.1078, 0, Not Applicable
SPPRC, 0.1, 0.0, 0.0, 0.0, 1, 835.0, -788.7934, 0, 2163
Farley, 0.1, 1090.5, 936.6, 152.9, 0, 835.0, 376.3227, 0, Not Applicable
SPPRC, 0.1, 0.0, 0.0, 0.0, 1, 835.0, -190.0694, 0, 1526
Farley, 0.1, 2905.2, 2488.6, 415.0, 0, 835.0, 434.2018, 0, Not Applicable
SPPRC, 0.1, 0.0, 0.0, 0.0, 1, 835.0, -706.5601, 0, 1466
Farley, 0.1, 661.7, 575.8, 85.3, 0, 835.0, 277.8088, 0, Not Applicable
SPPRC, 0.1, 0.0, 0.0, 0.0, 1, 835.0, -1063.6973, 0, 1763
Farley, 0.2, 1032.7, 857.2, 174.7, 0, 835.0, 322.2075, 0, Not Applicable
SPPRC, 0.1, 0.0, 0.0, 0.0, 1, 835.0, -198.5954, 0, 1905
Farley, 0.2, 798.0, 694.4, 102.8, 0, 835.0, 342.9639, 0, Not Applicable
SPPRC, 0.1, 0.0, 0.0, 0.0, 1, 835.0, -414.2031, 0, 2275
Farley, 0.2, 4881.0, 4254.1, 624.3, 0, 835.0, 296.0599, 0, Not Applicable
SPPRC, 0.1, 0.0, 0.0, 0.0, 1, 835.0, -910.5091, 0, 1958
Farley, 0.2, 2442.6, 2078.2, 362.8, 0, 835.0, 366.1929, 0, Not Applicable
SPPRC, 0.1, 0.0, 0.0, 0.0, 1, 835.0, -469.197, 0, 525
Farley, 0.1, 1.0, 0.8, 0.2, 0, 835.0, 413.0618, 0, Not Applicable
SPPRC, 0.0, 0.0, 0.0, 0.0, 1, 835.0, 136.5348, 0, 684
Farley, 0.0, 75.8, 60.7, 14.8, 0, 835.0, 445.7895, 0, Not Applicable
SPPRC, 0.1, 0.0, 0.0, 0.0, 1, 835.0, -175.5687, 0, 1391
Farley, 0.1, 1801.6, 1578.9, 221.3, 0, 835.0, 380.8161, 0, Not Applicable
SPPRC, 0.1, 0.0, 0.0, 0.0, 1, 835.0, 255.3422, 0, 743
Farley, 0.1, 2238.3, 1937.1, 299.6, 0, 835.0, 515.8435, 0, Not Applicable
SPPRC, 0.1, 0.0, 0.0, 0.0, 1, 835.0, 404.127, 0, 957
Farley, 0.1, 5219.4, 4455.2, 761.6, 0, 835.0, 561.2971, 0, Not Applicable
SPPRC, 0.0, 0.1, 0.0, 0.0, 1, 835.0, 129.8169, 0, 2373
Farley, 0.1, 3721.5, 3192.2, 527.0, 0, 835.0, 411.3534, 0, Not Applicable
SPPRC, 0.1, 0.0, 0.0, 0.0, 1, 835.0, 513.1233, 0, 752
Farley, 0.1, 1548.4, 1316.0, 231.0, 0, 835.0, 572.6196, 0, Not Applicable
SPPRC, 0.0, 0.0, 0.0, 0.0, 1, 825.6507, 396.7519, 0, 606
Farley, 0.1, 1539.3, 1303.6, 234.4, 0, 825.6507, 525.9725, 0, Not Applicable
SPPRC, 0.1, 0.0, 0.0, 0.0, 1, 815.0988, 524.5029, 0, 450
Farley, 0.1, 541.4, 469.8, 70.9, 0, 815.0988, 646.2231, 0, Not Applicable
SPPRC, 0.1, 0.0, 0.0, 0.0, 1, 804.6794, 560.5691, 0, 484
Farley, 0.1, 2695.1, 2320.6, 372.7, 0, 804.6794, 676.4703, 0, Not Applicable
SPPRC, 0.1, 0.0, 0.0, 0.0, 1, 799.1797, 651.843, 0, 508
Farley, 0.1, 2080.8, 1799.8, 279.3, 0, 799.1797, 634.574, 0, Not Applicable
SPPRC, 0.1, 0.0, 0.0, 0.0, 1, 793.8838, 693.0051, 0, 160
Farley, 0.2, 7376.2, 6279.3, 1093.5, 0, 793.8838, 705.3792, 0, Not Applicable
SPPRC, 0.1, 0.0, 0.0, 0.0, 1, 788.0715, 710.9825, 0, 168
Farley, 0.1, 2035.9, 1720.2, 314.0, 0, 788.0715, 697.2739, 0, Not Applicable
SPPRC, 0.0, 0.0, 0.0, 0.0, 1, 784.0244, 738.0593, 0, 78
Farley, 0.1, 1873.6, 1570.0, 302.2, 0, 784.0244, 738.9345, 0, Not Applicable
SPPRC, 0.0, 0.0, 0.0, 0.0, 1, 780.3347, 756.5493, 0, 67
Farley, 0.1, 1404.7, 1183.4, 220.1, 0, 780.3347, 757.1156, 0, Not Applicable
SPPRC, 0.1, 0.0, 0.0, 0.0, 1, 778.1344, 757.7134, 0, 67
Farley, 0.1, 2508.2, 2142.9, 363.4, 0, 778.1344, 753.8541, 0, Not Applicable
SPPRC, 0.0, 0.0, 0.0, 0.0, 1, 777.5687, 765.6124, 0, 20
Farley, 0.1, 3983.4, 3377.7, 603.2, 0, 777.5687, 765.4268, 0, Not Applicable
SPPRC, 0.0, 0.0, 0.0, 0.0, 1, 777.1754, 770.82, 0, 11
Farley, 0.1, 3205.6, 2721.9, 481.5, 0, 777.1754, 770.1027, 0, Not Applicable
SPPRC, 0.0, 0.0, 0.0, 0.0, 1, 776.7917, 773.0633, 0, 6
Farley, 0.1, 3779.4, 3210.5, 566.8, 0, 776.7917, 773.2605, 0, Not Applicable
SPPRC, 0.0, 0.0, 0.0, 0.0, 1, 776.7013, 776.0594, 0, 1
Farley, 0.0, 3291.0, 2792.8, 496.2, 0, 776.7013, 776.0526, 0, Not Applicable
SPPRC, 0.0, 0.0, 0.0, 0.0, 1, 776.6966, 776.6966, 0, 0
Farley, 0.1, 3100.5, 2646.4, 452.4, 0, 776.6966, 776.6966, 0, Not Applicable
scip_total_time, 75739.750826
Solval, number of paths, impact cutoff
776.6966109243052, 29, 0.0001
Elementary, 2-Cycle, Path Value, Path
True, True, 0.2476, (0, 29, 28, 16, 27, 26, 15, 1, 0)
False, False, 0.1903, (0, 4, 5, 6, 7, 6, 7, 6, 7, 6, 5, 3, 0)
False, False, 0.0004, (0, 13, 19, 22, 20, 22, 20, 22, 20, 21, 20, 22, 19, 13, 0)
False, False, 0.3762, (0, 29, 28, 16, 28, 27, 26, 0)
False, False, 0.4405, (0, 31, 14, 15, 14, 30, 0)
False, False, 0.0169, (0, 3, 12, 11, 32, 10, 9, 10, 32, 11, 12, 0)
False, False, 0.0832, (0, 3, 2, 12, 11, 32, 8, 32, 11, 12, 2, 3, 0)
False, False, 0.1468, (0, 30, 31, 30, 0)
False, False, 0.1559, (0, 15, 17, 25, 17, 25, 17, 25, 17, 15, 1, 0)
False, False, 0.0911, (0, 21, 20, 23, 24, 23, 24, 23, 24, 23, 24, 23, 20, 21, 0)
False, False, 0.1111, (0, 13, 18, 19, 18, 19, 18, 19, 18, 19, 18, 19, 18, 19, 18, 19, 18, 19, 18, 13, 0)
False, False, 0.0389, (0, 2, 12, 11, 32, 10, 8, 10, 11, 12, 2, 3, 0)
True, True, 0.1903, (0, 2, 12, 11, 32, 10, 8, 7, 4, 0)
True, True, 0.3762, (0, 29, 16, 27, 26, 25, 17, 13, 0)
False, False, 0.1468, (0, 3, 31, 1, 13, 1, 31, 30, 0)
False, False, 0.119, (0, 30, 31, 1, 14, 1, 2, 3, 0)
False, False, 0.0192, (0, 21, 20, 23, 24, 23, 24, 23, 24, 23, 24, 22, 19, 0)
False, False, 0.0911, (0, 19, 22, 24, 23, 24, 23, 24, 23, 24, 25, 0)
False, False, 0.0389, (0, 4, 5, 32, 10, 9, 10, 32, 11, 12, 2, 3, 0)
False, False, 0.0852, (0, 2, 12, 11, 32, 10, 9, 10, 32, 11, 12, 0)
False, False, 0.1239, (0, 12, 21, 22, 20, 22, 21, 20, 21, 20, 22, 21, 22, 13, 0)
False, False, 0.0631, (0, 4, 5, 8, 9, 8, 9, 8, 9, 8, 6, 5, 4, 0)
True, True, 0.2389, (0, 4, 5, 7, 9, 10, 32, 11, 2, 3, 0)
False, False, 0.0649, (0, 13, 22, 23, 24, 23, 24, 23, 24, 25, 1, 0)
False, False, 0.0836, (0, 4, 5, 9, 10, 9, 8, 10, 32, 11, 12, 2, 0)
False, False, 0.0439, (0, 4, 5, 6, 8, 10, 9, 8, 9, 8, 9, 8, 6, 5, 3, 0)
False, False, 0.0575, (0, 12, 21, 20, 22, 20, 22, 20, 22, 21, 20, 22, 21, 12, 0)
False, False, 0.0326, (0, 13, 22, 20, 21, 20, 21, 20, 21, 20, 22, 20, 21, 20, 22, 13, 0)
False, False, 0.0439, (0, 4, 6, 8, 9, 8, 9, 8, 9, 8, 6, 5, 4, 0)
all_elementary, False
all_cyc2, False
