Instance, E-n76-k8
capacity, 180
min_trucks, 8
output_file, output_farley/E-n76-k8-ng8.log
Start date, 2022-07-07
Start time, 16-16-50
capacity, 180
num_vehicles, 8
abort_early, False
methods, ['ng8']
max_vars, 100
time_limit, 43200
farley, True
ESPPRC_heur, True
initial time, initial max_it, max_stale_it
1, 20000.0, 20
heuristic Number of routes, heuristic Best Solution Value, heuristic number of iterations, adjusted time, adjusted max_it, measured total time
55, 735.0, 87, 1, 20000.0, 93.8
method, python time, total time, propagated dominance time, unpropagated dominance time, pricing_success, upper_bound, lower_bound, abort_early, num_paths, 
ESPPRC_heur, 0.0, 0.0, 0.0, 0.0, 0, 735.0, -1505.0, True, 764
ESPPRC_heur, 0.1, 0.0, 0.0, 0.0, 0, 735.0, -2781.0, True, 1083
ESPPRC_heur, 0.1, 0.0, 0.0, 0.0, 0, 735.0, -1382.1613, True, 1280
ESPPRC_heur, 0.0, 0.0, 0.0, 0.0, 0, 735.0, -1221.8889, True, 1058
ESPPRC_heur, 0.1, 0.0, 0.0, 0.0, 0, 735.0, -942.6124, True, 1278
ESPPRC_heur, 0.1, 0.0, 0.0, 0.0, 0, 735.0, -207.0435, True, 1800
ESPPRC_heur, 0.1, 0.0, 0.0, 0.0, 0, 735.0, -503.5133, True, 1673
ESPPRC_heur, 0.1, 0.0, 0.0, 0.0, 0, 735.0, -69.6883, True, 978
ESPPRC_heur, 0.1, 0.0, 0.0, 0.0, 0, 735.0, -790.5333, True, 1840
ESPPRC_heur, 0.0, 0.0, 0.0, 0.0, 0, 735.0, -147.2737, True, 996
ESPPRC_heur, 0.1, 0.0, 0.0, 0.0, 0, 735.0, -173.4626, True, 1668
ESPPRC_heur, 0.1, 0.0, 0.0, 0.0, 0, 735.0, 24.8489, True, 1286
ESPPRC_heur, 0.1, 0.0, 0.0, 0.0, 0, 735.0, -101.0295, True, 1610
ESPPRC_heur, 0.1, 0.0, 0.0, 0.0, 0, 735.0, -130.4551, True, 1467
ESPPRC_heur, 0.1, 0.0, 0.0, 0.0, 0, 735.0, -349.5957, True, 1541
ESPPRC_heur, 0.1, 0.0, 0.0, 0.0, 0, 735.0, -61.5148, True, 1641
ESPPRC_heur, 0.1, 0.0, 0.0, 0.0, 0, 735.0, 149.535, True, 1301
ESPPRC_heur, 0.1, 0.0, 0.0, 0.0, 0, 735.0, 82.205, True, 1340
ESPPRC_heur, 0.1, 0.0, 0.0, 0.0, 0, 735.0, -549.3081, True, 1752
ESPPRC_heur, 0.1, 0.0, 0.0, 0.0, 0, 735.0, 28.7115, True, 1151
ESPPRC_heur, 0.1, 0.0, 0.0, 0.0, 0, 735.0, 85.5924, True, 1512
ESPPRC_heur, 0.1, 0.0, 0.0, 0.0, 0, 735.0, -102.0406, True, 1599
ESPPRC_heur, 0.1, 0.0, 0.0, 0.0, 0, 735.0, 233.4487, True, 1091
ESPPRC_heur, 0.1, 0.0, 0.0, 0.0, 0, 735.0, -100.312, True, 1311
ESPPRC_heur, 0.1, 0.0, 0.0, 0.0, 0, 735.0, -130.598, True, 1668
ESPPRC_heur, 0.1, 0.0, 0.0, 0.0, 0, 735.0, -177.2529, True, 2220
ESPPRC_heur, 0.1, 0.0, 0.0, 0.0, 0, 735.0, 158.7647, True, 1486
ESPPRC_heur, 0.1, 0.0, 0.0, 0.0, 0, 735.0, 245.4159, True, 1356
ESPPRC_heur, 0.1, 0.0, 0.0, 0.0, 0, 735.0, 381.8692, True, 1002
ESPPRC_heur, 0.1, 0.0, 0.0, 0.0, 0, 735.0, 355.4059, True, 1100
ESPPRC_heur, 0.1, 0.0, 0.0, 0.0, 0, 735.0, 372.2684, True, 988
ESPPRC_heur, 0.1, 0.0, 0.0, 0.0, 0, 735.0, 392.5696, True, 1016
ESPPRC_heur, 0.1, 0.0, 0.0, 0.0, 0, 735.0, 344.4368, True, 1149
ESPPRC_heur, 0.1, 0.0, 0.0, 0.0, 0, 735.0, 101.152, True, 1488
ESPPRC_heur, 0.1, 0.0, 0.0, 0.0, 0, 735.0, 272.3208, True, 1040
ESPPRC_heur, 0.1, 0.0, 0.0, 0.0, 0, 735.0, 382.7981, True, 950
ESPPRC_heur, 0.1, 0.0, 0.0, 0.0, 0, 735.0, 342.6714, True, 914
ESPPRC_heur, 0.1, 0.0, 0.0, 0.0, 0, 735.0, 356.1398, True, 951
ESPPRC_heur, 0.1, 0.0, 0.0, 0.0, 0, 735.0, 484.3394, True, 735
ESPPRC_heur, 0.1, 0.0, 0.0, 0.0, 0, 735.0, 502.9929, True, 738
ESPPRC_heur, 0.1, 0.0, 0.0, 0.0, 0, 735.0, 340.3339, True, 843
ESPPRC_heur, 0.1, 0.0, 0.0, 0.0, 0, 735.0, 425.0904, True, 729
ESPPRC_heur, 0.1, 0.0, 0.0, 0.0, 0, 735.0, 517.5153, True, 611
ESPPRC_heur, 0.1, 0.0, 0.0, 0.0, 0, 735.0, 481.1669, True, 746
ESPPRC_heur, 0.1, 0.0, 0.0, 0.0, 0, 735.0, 514.9892, True, 662
ESPPRC_heur, 0.1, 0.0, 0.0, 0.0, 0, 735.0, 511.4854, True, 672
ESPPRC_heur, 0.1, 0.0, 0.0, 0.0, 0, 735.0, 533.8608, True, 684
ESPPRC_heur, 0.1, 0.0, 0.0, 0.0, 0, 735.0, 494.1404, True, 695
ESPPRC_heur, 0.1, 0.0, 0.0, 0.0, 0, 735.0, 585.125, True, 460
ESPPRC_heur, 0.1, 0.0, 0.0, 0.0, 0, 735.0, 585.8321, True, 392
ESPPRC_heur, 0.1, 0.0, 0.0, 0.0, 0, 735.0, 522.7476, True, 546
ESPPRC_heur, 0.1, 0.0, 0.0, 0.0, 0, 735.0, 590.3028, True, 377
ESPPRC_heur, 0.1, 0.0, 0.0, 0.0, 0, 735.0, 556.5394, True, 434
ESPPRC_heur, 0.1, 0.0, 0.0, 0.0, 0, 734.3733, 646.3346, True, 227
ESPPRC_heur, 0.1, 0.0, 0.0, 0.0, 0, 731.1825, 581.385, True, 414
ESPPRC_heur, 0.1, 0.0, 0.0, 0.0, 0, 730.9094, 634.621, True, 328
ESPPRC_heur, 0.1, 0.0, 0.0, 0.0, 0, 730.0673, 641.3569, True, 274
ESPPRC_heur, 0.1, 0.0, 0.0, 0.0, 0, 727.6499, 661.9006, True, 205
ESPPRC_heur, 0.1, 0.0, 0.0, 0.0, 0, 725.3907, 662.9477, True, 184
ESPPRC_heur, 0.1, 0.0, 0.0, 0.0, 0, 723.485, 650.2469, True, 207
ESPPRC_heur, 0.1, 0.0, 0.0, 0.0, 0, 722.5324, 673.5768, True, 155
ESPPRC_heur, 0.1, 0.0, 0.0, 0.0, 0, 721.9701, 673.796, True, 135
ESPPRC_heur, 0.1, 0.0, 0.0, 0.0, 0, 720.9572, 683.1788, True, 106
ESPPRC_heur, 0.1, 0.0, 0.0, 0.0, 0, 720.305, 690.2913, True, 67
ESPPRC_heur, 0.0, 0.0, 0.0, 0.0, 0, 720.0451, 701.5051, True, 37
ESPPRC_heur, 0.0, 0.0, 0.0, 0.0, 0, 719.715, 709.0725, True, 20
ESPPRC_heur, 0.0, 0.0, 0.0, 0.0, 0, 719.527, 696.5973, True, 24
ESPPRC_heur, 0.0, 0.0, 0.0, 0.0, 0, 719.5172, 699.454, True, 10
ESPPRC_heur, 0.0, 0.0, 0.0, 0.0, 0, 719.2096, 707.8179, True, 11
ESPPRC_heur, 0.0, 0.0, 0.0, 0.0, 0, 719.1035, 703.1035, True, 5
ESPPRC_heur, 0.0, 0.0, 0.0, 0.0, 0, 718.8763, 713.293, True, 4
ESPPRC_heur, 0.0, 0.0, 0.0, 0.0, 0, 718.874, 709.859, True, 6
ESPPRC_heur, 0.0, 0.0, 0.0, 0.0, 0, 718.8613, 711.5623, True, 5
ESPPRC_heur, 0.0, 0.0, 0.0, 0.0, 0, 718.8366, 716.4372, True, 1
ESPPRC_heur, 0.0, 0.0, 0.0, 0.0, 0, 718.8264, 714.7814, True, 1
ng8, 0.1, 0.9, 0.6, 0.1, 1, 718.8159, 703.2992, 0, 44
Farley, 1.1, 43201.1, 36394.0, 6784.1, 1, 718.8159, 0, 1, Not Applicable
ESPPRC_heur, 0.0, 0.0, 0.0, 0.0, 0, 717.494, 709.0315, True, 11
ESPPRC_heur, 0.0, 0.0, 0.0, 0.0, 0, 717.4146, 713.1, True, 7
ng8, 0.0, 0.9, 0.6, 0.1, 1, 717.4146, 708.8723, 0, 35
Farley, 1.2, 43201.1, 37109.9, 6071.6, 1, 717.4146, 0, 1, Not Applicable
ESPPRC_heur, 0.0, 0.0, 0.0, 0.0, 0, 717.3052, 712.0328, True, 5
ng8, -0.0, 1.1, 0.7, 0.2, 1, 717.3, 715.305, 0, 6
Farley, 1.3, 43201.1, 37351.5, 5829.7, 1, 717.3, 0, 1, Not Applicable
ESPPRC_heur, 0.0, 0.0, 0.0, 0.0, 0, 717.2916, 716.9697, True, 1
ng8, -0.0, 0.9, 0.6, 0.1, 1, 717.2905, 717.1779, 0, 1
Farley, 1.1, 43201.0, 37394.6, 5788.2, 1, 717.2905, 0, 1, Not Applicable
ng8, 0.0, 0.9, 0.6, 0.1, 1, 717.2905, 717.2905, 0, 0
Farley, 1.1, 43201.1, 37371.5, 5813.8, 1, 717.2905, 0, 1, Not Applicable
scip_total_time, 216110.744409
Solval, number of paths, impact cutoff
717.2904703170495, 58, 0.0001
Elementary, 2-Cycle, Path Value, Path
True, True, 0.0733, (0, 75, 30, 74, 21, 61, 28, 62, 2, 68, 0)
True, True, 0.1733, (0, 45, 29, 5, 37, 20, 70, 60, 71, 69, 36, 47, 48, 0)
True, True, 0.2238, (0, 51, 16, 49, 24, 18, 50, 25, 55, 31, 72, 12, 26, 0)
True, True, 0.0941, (0, 68, 2, 74, 28, 61, 21, 47, 48, 30, 0)
True, True, 0.3578, (0, 29, 5, 37, 20, 70, 60, 71, 69, 36, 47, 48, 30, 0)
True, True, 0.5363, (0, 16, 49, 24, 18, 50, 25, 55, 31, 10, 58, 0)
True, True, 0.1228, (0, 6, 33, 63, 23, 56, 41, 42, 64, 22, 62, 73, 0)
True, True, 0.4062, (0, 35, 14, 59, 66, 11, 53, 7, 0)
True, True, 0.1804, (0, 6, 33, 73, 1, 43, 41, 56, 23, 63, 16, 51, 0)
True, True, 0.3055, (0, 67, 34, 46, 52, 27, 4, 75, 0)
True, True, 0.0622, (0, 52, 54, 57, 15, 37, 20, 70, 60, 71, 69, 36, 47, 48, 0)
True, True, 0.0622, (0, 67, 34, 52, 27, 13, 54, 19, 8, 46, 0)
True, True, 0.0276, (0, 62, 28, 61, 22, 64, 42, 41, 43, 1, 73, 68, 0)
True, True, 0.1684, (0, 7, 35, 19, 54, 13, 57, 15, 5, 29, 45, 4, 0)
True, True, 0.2187, (0, 12, 72, 31, 10, 38, 65, 11, 53, 7, 0)
True, True, 0.1492, (0, 8, 19, 14, 59, 66, 65, 38, 58, 0)
True, True, 0.0141, (0, 51, 3, 44, 50, 18, 55, 25, 9, 40, 17, 0)
True, True, 0.2548, (0, 68, 73, 1, 43, 42, 64, 22, 61, 28, 74, 30, 0)
True, True, 0.017, (0, 68, 2, 62, 22, 64, 42, 43, 1, 63, 33, 0)
True, True, 0.0678, (0, 68, 2, 62, 22, 64, 42, 41, 43, 1, 63, 51, 0)
True, True, 0.0188, (0, 6, 33, 73, 1, 22, 64, 42, 41, 56, 23, 63, 0)
True, True, 0.1875, (0, 51, 3, 44, 32, 9, 39, 40, 12, 26, 0)
True, True, 0.0551, (0, 4, 45, 29, 5, 15, 57, 13, 54, 8, 46, 0)
True, True, 0.0501, (0, 67, 34, 52, 27, 45, 4, 75, 0)
True, True, 0.0816, (0, 35, 14, 59, 11, 65, 38, 10, 72, 12, 0)
True, True, 0.1875, (0, 35, 53, 11, 66, 65, 38, 58, 26, 0)
True, True, 0.0867, (0, 35, 14, 59, 11, 65, 38, 10, 72, 26, 0)
True, True, 0.3126, (0, 74, 21, 47, 36, 69, 71, 60, 70, 20, 37, 15, 57, 27, 0)
True, True, 0.0672, (0, 75, 68, 2, 74, 28, 61, 21, 48, 30, 0)
True, True, 0.1875, (0, 7, 53, 14, 59, 66, 65, 38, 26, 0)
True, True, 0.0226, (0, 6, 73, 1, 43, 41, 42, 64, 22, 61, 21, 74, 0)
True, True, 0.0695, (0, 35, 14, 59, 66, 65, 38, 10, 72, 12, 0)
True, True, 0.0622, (0, 28, 61, 69, 36, 71, 60, 70, 20, 37, 15, 57, 13, 52, 0)
True, True, 0.2454, (0, 68, 2, 62, 28, 61, 21, 48, 29, 45, 0)
False, True, 0.1563, (0, 34, 52, 13, 54, 19, 8, 46, 34, 67, 0)
False, True, 0.493, (0, 17, 40, 39, 9, 32, 44, 3, 17, 0)
False, True, 0.1563, (0, 67, 34, 52, 27, 13, 54, 19, 8, 67, 0)
False, True, 0.102, (0, 6, 33, 73, 1, 43, 56, 23, 63, 33, 6, 0)
True, True, 0.0141, (0, 12, 72, 39, 31, 55, 25, 50, 18, 24, 49, 16, 51, 0)
True, True, 0.007, (0, 63, 23, 56, 49, 24, 18, 50, 32, 44, 3, 51, 0)
True, True, 0.0191, (0, 26, 58, 38, 65, 11, 59, 14, 7, 0)
True, True, 0.2047, (0, 12, 72, 39, 9, 25, 55, 18, 50, 32, 40, 0)
True, True, 0.2823, (0, 33, 63, 23, 56, 41, 42, 64, 22, 62, 2, 0)
True, True, 0.1906, (0, 51, 3, 44, 24, 49, 23, 56, 41, 43, 1, 73, 6, 0)
True, True, 0.1008, (0, 40, 3, 44, 32, 9, 39, 72, 58, 26, 0)
True, True, 0.1132, (0, 67, 34, 46, 8, 52, 27, 4, 75, 0)
False, True, 0.0407, (0, 6, 33, 73, 1, 43, 42, 64, 22, 62, 6, 0)
True, True, 0.0266, (0, 51, 16, 63, 23, 56, 41, 42, 64, 22, 62, 6, 0)
False, True, 0.0281, (0, 6, 33, 63, 49, 24, 56, 23, 63, 33, 6, 0)
True, True, 0.0622, (0, 75, 4, 45, 15, 57, 13, 54, 19, 8, 46, 0)
True, True, 0.2454, (0, 46, 8, 19, 54, 13, 57, 15, 5, 45, 4, 0)
True, True, 0.0398, (0, 6, 33, 73, 62, 22, 64, 42, 43, 1, 63, 51, 0)
False, True, 0.1529, (0, 75, 30, 74, 21, 61, 28, 2, 68, 75, 0)
True, True, 0.007, (0, 26, 58, 10, 31, 55, 25, 32, 44, 3, 51, 0)
True, True, 0.0188, (0, 51, 16, 63, 23, 56, 43, 42, 64, 22, 62, 6, 0)
True, True, 0.0319, (0, 21, 69, 36, 71, 60, 70, 20, 37, 15, 57, 13, 54, 52, 0)
True, True, 0.0226, (0, 51, 63, 23, 56, 41, 42, 64, 22, 28, 74, 75, 0)
True, True, 0.038, (0, 62, 22, 64, 42, 41, 43, 1, 63, 33, 6, 0)
all_elementary, False
all_cyc2, True
