Instance, E-n101-k14
capacity, 112
min_trucks, 14
output_file, output_E/E-n101-k14-ng8.log
Start date, 2022-07-07
Start time, 10-35-43
capacity, 112
num_vehicles, 14
abort_early, False
methods, ['ng8']
max_vars, 100
time_limit, 86400
farley, False
ESPPRC_heur, True
initial time, initial max_it, max_stale_it
1, 20000.0, 20
heuristic Number of routes, heuristic Best Solution Value, heuristic number of iterations, adjusted time, adjusted max_it, measured total time
157, 1067.0, 160, 1, 20000.0, 169.5
method, python time, total time, propagated dominance time, unpropagated dominance time, pricing_success, upper_bound, lower_bound, abort_early, num_paths, 
ESPPRC_heur, 0.1, 0.0, 0.0, 0.0, 0, 1067.0, -1838.0, True, 1800
ESPPRC_heur, 0.1, 0.0, 0.0, 0.0, 0, 1067.0, -2189.1667, True, 2180
ESPPRC_heur, 0.1, 0.0, 0.0, 0.0, 0, 1067.0, -2317.4444, True, 2014
ESPPRC_heur, 0.1, 0.0, 0.0, 0.0, 0, 1067.0, -1392.5137, True, 2089
ESPPRC_heur, 0.1, 0.0, 0.0, 0.0, 0, 1067.0, -1359.1175, True, 2009
ESPPRC_heur, 0.1, 0.0, 0.0, 0.0, 0, 1067.0, -452.6618, True, 2634
ESPPRC_heur, 0.1, 0.0, 0.0, 0.0, 0, 1067.0, -621.5273, True, 2297
ESPPRC_heur, 0.1, 0.0, 0.0, 0.0, 0, 1067.0, -427.8118, True, 2411
ESPPRC_heur, 0.1, 0.0, 0.0, 0.0, 0, 1067.0, -1082.4606, True, 2763
ESPPRC_heur, -0.0, 0.1, 0.0, 0.0, 0, 1067.0, -595.2123, True, 2769
ESPPRC_heur, 0.1, 0.0, 0.0, 0.0, 0, 1067.0, -5.7563, True, 1979
ESPPRC_heur, 0.1, 0.0, 0.0, 0.0, 0, 1067.0, -752.2664, True, 2478
ESPPRC_heur, 0.1, 0.0, 0.0, 0.0, 0, 1067.0, -158.9949, True, 2180
ESPPRC_heur, 0.1, 0.0, 0.0, 0.0, 0, 1067.0, 252.431, True, 1490
ESPPRC_heur, 0.1, 0.0, 0.0, 0.0, 0, 1067.0, -1080.9787, True, 2663
ESPPRC_heur, 0.1, 0.0, 0.0, 0.0, 0, 1067.0, -173.2948, True, 2116
ESPPRC_heur, 0.1, 0.0, 0.0, 0.0, 0, 1067.0, -434.7764, True, 2167
ESPPRC_heur, 0.1, 0.0, 0.0, 0.0, 0, 1067.0, 153.7421, True, 1594
ESPPRC_heur, 0.1, 0.0, 0.0, 0.0, 0, 1067.0, 34.5131, True, 1887
ESPPRC_heur, 0.1, 0.0, 0.0, 0.0, 0, 1067.0, 62.8998, True, 2221
ESPPRC_heur, 0.1, 0.0, 0.0, 0.0, 0, 1067.0, -277.4645, True, 1660
ESPPRC_heur, 0.1, 0.0, 0.0, 0.0, 0, 1067.0, 393.8133, True, 1369
ESPPRC_heur, 0.1, 0.0, 0.0, 0.0, 0, 1067.0, 294.6611, True, 1611
ESPPRC_heur, 0.1, 0.0, 0.0, 0.0, 0, 1067.0, 323.4866, True, 1575
ESPPRC_heur, 0.1, 0.0, 0.0, 0.0, 0, 1067.0, 50.832, True, 1948
ESPPRC_heur, 0.1, 0.0, 0.0, 0.0, 0, 1067.0, 391.1759, True, 1669
ESPPRC_heur, 0.1, 0.0, 0.0, 0.0, 0, 1067.0, 514.9116, True, 1086
ESPPRC_heur, 0.1, 0.0, 0.0, 0.0, 0, 1067.0, 309.6963, True, 1259
ESPPRC_heur, 0.1, 0.0, 0.0, 0.0, 0, 1066.6815, -1299.3877, True, 1604
ESPPRC_heur, 0.1, 0.0, 0.0, 0.0, 0, 1066.6443, -97.3032, True, 2062
ESPPRC_heur, 0.1, 0.0, 0.0, 0.0, 0, 1066.4862, 195.7716, True, 1465
ESPPRC_heur, 0.1, 0.0, 0.0, 0.0, 0, 1066.0963, 706.7051, True, 840
ESPPRC_heur, 0.1, 0.0, 0.0, 0.0, 0, 1065.2012, 521.3108, True, 1124
ESPPRC_heur, 0.1, 0.0, 0.0, 0.0, 0, 1065.2012, 648.7887, True, 936
ESPPRC_heur, 0.1, 0.0, 0.0, 0.0, 0, 1065.2012, 692.1158, True, 859
ESPPRC_heur, 0.1, 0.0, 0.0, 0.0, 0, 1065.0258, 575.2138, True, 1172
ESPPRC_heur, 0.1, 0.0, 0.0, 0.0, 0, 1064.8023, 724.1847, True, 764
ESPPRC_heur, 0.1, 0.0, 0.0, 0.0, 0, 1064.3733, 827.3636, True, 695
ESPPRC_heur, 0.1, 0.0, 0.0, 0.0, 0, 1063.2171, 815.4701, True, 465
ESPPRC_heur, 0.1, 0.0, 0.0, 0.0, 0, 1062.1208, 783.5254, True, 449
ESPPRC_heur, 0.1, 0.0, 0.0, 0.0, 0, 1060.4256, 905.3516, True, 402
ESPPRC_heur, 0.1, 0.0, 0.0, 0.0, 0, 1059.6508, 919.189, True, 332
ESPPRC_heur, 0.1, 0.0, 0.0, 0.0, 0, 1058.0046, 903.9401, True, 288
ESPPRC_heur, 0.1, 0.0, 0.0, 0.0, 0, 1056.2607, 985.2343, True, 169
ESPPRC_heur, 0.1, 0.0, 0.0, 0.0, 0, 1054.3668, 981.178, True, 157
ESPPRC_heur, 0.1, 0.0, 0.0, 0.0, 0, 1051.0358, 1019.4377, True, 56
ESPPRC_heur, 0.0, 0.0, 0.0, 0.0, 0, 1049.2493, 1023.7559, True, 44
ESPPRC_heur, 0.0, 0.0, 0.0, 0.0, 0, 1048.6098, 1034.4933, True, 11
ESPPRC_heur, 0.0, 0.0, 0.0, 0.0, 0, 1048.5252, 1036.0559, True, 13
ESPPRC_heur, 0.0, 0.0, 0.0, 0.0, 0, 1048.4468, 1046.2609, True, 5
ESPPRC_heur, 0.0, 0.0, 0.0, 0.0, 0, 1048.4372, 1046.2289, True, 1
ng8, -0.0, 1.0, 0.6, 0.2, 1, 1048.4363, 1011.1776, 0, 43
ESPPRC_heur, 0.0, 0.0, 0.0, 0.0, 0, 1045.1649, 1018.9329, True, 28
ESPPRC_heur, 0.0, 0.0, 0.0, 0.0, 0, 1044.8888, 1013.1922, True, 8
ESPPRC_heur, 0.0, 0.0, 0.0, 0.0, 0, 1044.8416, 1043.4373, True, 2
ng8, -0.0, 1.1, 0.7, 0.2, 1, 1044.8415, 1039.1389, 0, 17
ESPPRC_heur, 0.0, 0.0, 0.0, 0.0, 0, 1044.8131, 1044.3317, True, 1
ng8, -0.0, 1.2, 0.7, 0.2, 1, 1044.8131, 1044.4769, 0, 1
ng8, 0.1, 1.1, 0.7, 0.2, 1, 1044.8128, 1044.8128, 0, 0
scip_total_time, 178.260501
Solval, number of paths, impact cutoff
1044.812806516253, 78, 0.0001
Elementary, 2-Cycle, Path Value, Path
True, True, 0.2255, (0, 98, 91, 44, 38, 86, 16, 61, 0)
True, True, 0.4748, (0, 13, 87, 97, 95, 94, 0)
True, True, 0.7142, (0, 69, 70, 30, 32, 90, 63, 10, 31, 0)
True, True, 0.4283, (0, 82, 48, 47, 19, 7, 52, 0)
True, True, 0.0008, (0, 52, 18, 83, 8, 45, 17, 84, 5, 60, 89, 0)
True, True, 0.472, (0, 28, 76, 77, 3, 68, 12, 0)
True, True, 0.472, (0, 80, 24, 29, 78, 34, 35, 71, 65, 66, 20, 0)
True, True, 0.358, (0, 94, 95, 59, 92, 97, 13, 0)
True, True, 0.1553, (0, 97, 37, 100, 85, 93, 99, 6, 0)
True, True, 0.0587, (0, 50, 51, 9, 71, 65, 35, 34, 78, 29, 24, 0)
True, True, 0.285, (0, 88, 62, 11, 19, 48, 82, 0)
True, True, 0.037, (0, 79, 78, 34, 35, 65, 71, 9, 51, 0)
True, True, 0.1672, (0, 53, 58, 13, 95, 94, 0)
True, True, 0.0008, (0, 52, 7, 19, 11, 64, 49, 36, 46, 8, 83, 60, 0)
True, True, 0.1861, (0, 54, 55, 25, 67, 23, 56, 72, 0)
True, True, 0.5, (0, 4, 39, 67, 23, 56, 0)
True, True, 0.0575, (0, 50, 33, 81, 78, 34, 35, 9, 51, 1, 0)
True, True, 0.2858, (0, 50, 33, 81, 9, 51, 1, 69, 27, 0)
True, True, 0.1703, (0, 79, 78, 34, 35, 65, 66, 20, 1, 0)
True, True, 0.0073, (0, 79, 78, 34, 35, 65, 66, 20, 51, 0)
True, True, 0.2255, (0, 42, 14, 44, 86, 16, 61, 0)
True, True, 0.0156, (0, 26, 4, 56, 75, 22, 41, 74, 73, 21, 0)
True, True, 0.0515, (0, 28, 77, 79, 81, 33, 50, 0)
True, True, 0.4283, (0, 88, 62, 11, 64, 49, 36, 46, 45, 83, 0)
True, True, 0.4406, (0, 96, 99, 93, 85, 59, 0)
True, True, 0.2279, (0, 1, 51, 9, 71, 66, 20, 30, 70, 0)
True, True, 0.0073, (0, 33, 81, 9, 71, 66, 20, 1, 0)
True, True, 0.0575, (0, 70, 20, 66, 65, 71, 9, 51, 1, 0)
True, True, 0.2059, (0, 50, 33, 81, 79, 29, 24, 80, 12, 0)
True, True, 0.2374, (0, 6, 61, 16, 86, 38, 14, 42, 0)
True, True, 0.2192, (0, 12, 80, 68, 77, 76, 28, 0)
True, True, 0.1409, (0, 6, 96, 99, 5, 84, 17, 45, 8, 83, 60, 89, 0)
True, True, 0.1286, (0, 50, 51, 9, 81, 33, 79, 3, 0)
True, True, 0.0004, (0, 7, 19, 11, 63, 90, 32, 30, 70, 27, 0)
True, True, 0.1829, (0, 6, 61, 16, 86, 17, 84, 5, 60, 0)
True, True, 0.2842, (0, 18, 8, 46, 36, 49, 64, 11, 19, 7, 52, 0)
True, True, 0.2059, (0, 68, 24, 29, 79, 3, 77, 76, 0)
True, True, 0.2582, (0, 2, 57, 15, 43, 14, 38, 44, 91, 100, 37, 92, 0)
True, True, 0.2132, (0, 2, 57, 15, 43, 14, 38, 44, 91, 100, 98, 0)
True, True, 0.0286, (0, 57, 15, 43, 14, 38, 44, 91, 100, 98, 37, 0)
True, True, 0.0312, (0, 54, 55, 25, 67, 23, 41, 22, 73, 0)
True, True, 0.2671, (0, 54, 55, 25, 67, 23, 56, 75, 74, 0)
True, True, 0.2858, (0, 18, 82, 48, 47, 46, 8, 83, 0)
True, True, 0.0846, (0, 6, 59, 37, 98, 85, 93, 0)
True, True, 0.1421, (0, 27, 1, 50, 33, 81, 79, 3, 0)
True, True, 0.0119, (0, 60, 5, 84, 17, 86, 44, 91, 98, 37, 92, 0)
True, True, 0.0252, (0, 87, 42, 14, 38, 44, 91, 100, 37, 0)
True, True, 0.0008, (0, 8, 46, 36, 49, 64, 11, 19, 62, 88, 0)
True, True, 0.0177, (0, 92, 98, 37, 100, 85, 93, 99, 6, 0)
True, True, 0.2854, (0, 32, 90, 63, 64, 49, 36, 47, 7, 0)
True, True, 0.1168, (0, 60, 5, 84, 17, 86, 16, 91, 100, 92, 0)
False, True, 0.2858, (0, 89, 18, 8, 45, 17, 84, 5, 60, 89, 0)
False, True, 0.0514, (0, 28, 12, 80, 68, 77, 28, 0)
False, True, 0.1433, (0, 89, 18, 83, 45, 17, 84, 5, 60, 89, 0)
False, True, 0.4844, (0, 26, 54, 55, 25, 39, 4, 26, 0)
True, True, 0.0698, (0, 50, 33, 78, 34, 35, 65, 71, 9, 51, 0)
False, True, 0.37, (0, 53, 58, 2, 57, 15, 43, 42, 87, 58, 0)
False, True, 0.1831, (0, 53, 21, 73, 41, 22, 75, 72, 21, 0)
True, True, 0.0929, (0, 53, 73, 72, 74, 22, 41, 57, 2, 58, 0)
True, True, 0.0063, (0, 87, 42, 43, 15, 41, 22, 74, 72, 73, 0)
True, True, 0.1237, (0, 53, 21, 73, 74, 22, 41, 15, 43, 42, 87, 0)
True, True, 0.0372, (0, 53, 40, 73, 72, 75, 22, 41, 57, 2, 0)
False, True, 0.2858, (0, 27, 52, 88, 62, 10, 31, 27, 0)
False, True, 0.4814, (0, 40, 21, 72, 75, 41, 22, 74, 73, 40, 0)
True, True, 0.0156, (0, 26, 54, 55, 25, 67, 23, 56, 73, 0)
True, True, 0.1206, (0, 92, 98, 37, 100, 91, 85, 93, 96, 0)
True, True, 0.0514, (0, 28, 76, 3, 79, 81, 33, 1, 0)
True, True, 0.0575, (0, 24, 29, 78, 34, 35, 65, 66, 20, 30, 0)
True, True, 0.1168, (0, 92, 37, 98, 85, 61, 17, 84, 5, 60, 0)
True, True, 0.0008, (0, 5, 84, 17, 45, 8, 48, 82, 0)
True, True, 0.0119, (0, 97, 42, 14, 38, 44, 16, 61, 99, 0)
True, True, 0.0156, (0, 2, 41, 22, 75, 56, 39, 25, 55, 54, 0)
True, True, 0.0643, (0, 6, 96, 93, 85, 100, 98, 37, 0)
False, True, 0.0515, (0, 28, 76, 68, 80, 12, 28, 0)
False, True, 0.0004, (0, 7, 47, 36, 49, 64, 11, 19, 7, 0)
False, True, 0.1168, (0, 96, 99, 93, 98, 37, 59, 99, 96, 6, 0)
True, True, 0.0698, (0, 81, 78, 34, 35, 65, 71, 9, 51, 0)
False, True, 0.013, (0, 53, 21, 73, 72, 74, 22, 41, 2, 53, 0)
all_elementary, False
all_cyc2, True
