Instance, E-n23-k3
capacity, 4500
min_trucks, 3
output_file, output_E/E-n23-k3-cyc2.log
Start date, 2022-07-07
Start time, 10-34-17
capacity, 4500
num_vehicles, 3
abort_early, False
methods, ['cyc2']
max_vars, 100
time_limit, 86400
farley, False
ESPPRC_heur, True
initial time, initial max_it, max_stale_it
1, 20000.0, 20
heuristic Number of routes, heuristic Best Solution Value, heuristic number of iterations, adjusted time, adjusted max_it, measured total time
6, 569.0, 25, 1, 20000.0, 26.4
method, python time, total time, propagated dominance time, unpropagated dominance time, pricing_success, upper_bound, lower_bound, abort_early, num_paths, 
ESPPRC_heur, 0.0, 0.0, 0.0, 0.0, 0, 569.0, -289.0, True, 41
ESPPRC_heur, 0.0, 0.0, 0.0, 0.0, 0, 569.0, 65.0, True, 45
ESPPRC_heur, 0.0, 0.0, 0.0, 0.0, 0, 569.0, 347.0, True, 47
ESPPRC_heur, 0.0, 0.0, 0.0, 0.0, 0, 569.0, 341.0, True, 54
ESPPRC_heur, 0.0, 0.0, 0.0, 0.0, 0, 569.0, 417.5, True, 51
ESPPRC_heur, 0.0, 0.0, 0.0, 0.0, 0, 569.0, 330.5, True, 59
ESPPRC_heur, 0.0, 0.0, 0.0, 0.0, 0, 569.0, 370.0, True, 85
ESPPRC_heur, 0.0, 0.0, 0.0, 0.0, 0, 569.0, 442.4, True, 46
ESPPRC_heur, 0.0, 0.0, 0.0, 0.0, 0, 569.0, 478.9091, True, 45
ESPPRC_heur, 0.0, 0.0, 0.0, 0.0, 0, 569.0, 520.25, True, 15
ESPPRC_heur, 0.0, 0.0, 0.0, 0.0, 0, 569.0, 512.0, True, 33
ESPPRC_heur, 0.0, 0.0, 0.0, 0.0, 0, 569.0, 434.6, True, 82
ESPPRC_heur, 0.0, 0.0, 0.0, 0.0, 0, 569.0, 375.5, True, 109
ESPPRC_heur, 0.0, 0.0, 0.0, 0.0, 0, 569.0, 366.8, True, 172
ESPPRC_heur, 0.0, 0.0, 0.0, 0.0, 0, 569.0, 413.0, True, 101
ESPPRC_heur, 0.0, 0.0, 0.0, 0.0, 0, 569.0, 435.9286, True, 98
ESPPRC_heur, 0.0, 0.0, 0.0, 0.0, 0, 569.0, 462.1, True, 81
ESPPRC_heur, 0.0, 0.0, 0.0, 0.0, 0, 569.0, 444.7143, True, 66
ESPPRC_heur, 0.0, 0.0, 0.0, 0.0, 0, 569.0, 466.25, True, 55
ESPPRC_heur, 0.0, 0.0, 0.0, 0.0, 0, 569.0, 436.0, True, 101
ESPPRC_heur, 0.0, 0.0, 0.0, 0.0, 0, 569.0, 478.2653, True, 70
ESPPRC_heur, 0.0, 0.0, 0.0, 0.0, 0, 569.0, 414.0, True, 87
ESPPRC_heur, 0.0, 0.0, 0.0, 0.0, 0, 569.0, 393.68, True, 70
ESPPRC_heur, 0.0, 0.0, 0.0, 0.0, 0, 569.0, 462.2632, True, 42
ESPPRC_heur, 0.0, 0.0, 0.0, 0.0, 0, 569.0, 469.625, True, 30
ESPPRC_heur, 0.0, 0.0, 0.0, 0.0, 0, 569.0, 560.0, True, 1
ESPPRC_heur, 0.0, 0.0, 0.0, 0.0, 0, 569.0, 493.6311, True, 15
ESPPRC_heur, 0.0, 0.0, 0.0, 0.0, 0, 569.0, 465.8, True, 55
ESPPRC_heur, 0.0, 0.0, 0.0, 0.0, 0, 569.0, 528.3571, True, 10
ESPPRC_heur, 0.0, 0.0, 0.0, 0.0, 0, 569.0, 484.5, True, 41
ESPPRC_heur, 0.0, 0.0, 0.0, 0.0, 0, 569.0, 500.5556, True, 20
ESPPRC_heur, 0.0, 0.0, 0.0, 0.0, 0, 569.0, 450.6667, True, 50
ESPPRC_heur, 0.0, 0.0, 0.0, 0.0, 0, 569.0, 507.38, True, 10
ESPPRC_heur, 0.0, 0.0, 0.0, 0.0, 0, 569.0, 506.1304, True, 6
ESPPRC_heur, 0.0, 0.0, 0.0, 0.0, 0, 569.0, 560.0, True, 4
ESPPRC_heur, 0.0, 0.0, 0.0, 0.0, 0, 569.0, 563.0, True, 5
ESPPRC_heur, 0.0, 0.0, 0.0, 0.0, 0, 569.0, 503.0, True, 29
ESPPRC_heur, 0.0, 0.0, 0.0, 0.0, 0, 569.0, 476.9, True, 53
ESPPRC_heur, 0.0, 0.0, 0.0, 0.0, 0, 569.0, 521.0, True, 11
cyc2, 0.1, 1.2, 0.0, 0.0, 1, 567.0, 249.75, 0, 72403
ESPPRC_heur, 0.0, 0.0, 0.0, 0.0, 0, 561.25, 428.5, True, 42
ESPPRC_heur, 0.0, 0.0, 0.0, 0.0, 0, 560.9375, 478.5781, True, 55
ESPPRC_heur, 0.0, 0.0, 0.0, 0.0, 0, 546.5882, 389.287, True, 75
ESPPRC_heur, 0.0, 0.0, 0.0, 0.0, 0, 546.5882, 441.6968, True, 41
ESPPRC_heur, 0.0, 0.0, 0.0, 0.0, 0, 546.5882, 444.5882, True, 80
ESPPRC_heur, 0.0, 0.0, 0.0, 0.0, 0, 546.5882, 543.5882, True, 2
cyc2, 0.2, 1.3, 0.0, 0.0, 1, 546.5882, 297.9853, 0, 67487
ESPPRC_heur, 0.0, 0.0, 0.0, 0.0, 0, 546.5882, 451.9697, True, 65
ESPPRC_heur, 0.0, 0.0, 0.0, 0.0, 0, 546.5882, 524.4412, True, 7
cyc2, 0.1, 1.5, 0.0, 0.0, 1, 546.5882, 414.0588, 0, 4304
cyc2, 0.2, 1.4, 0.0, 0.0, 1, 543.1667, 346.5267, 0, 85562
ESPPRC_heur, 0.0, 0.0, 0.0, 0.0, 0, 543.1667, 509.2142, True, 15
ESPPRC_heur, 0.0, 0.0, 0.0, 0.0, 0, 543.1667, 526.4058, True, 3
ESPPRC_heur, 0.0, 0.0, 0.0, 0.0, 0, 543.1667, 539.8333, True, 1
cyc2, 0.2, 1.3, 0.0, 0.0, 1, 543.1667, 441.2284, 0, 13577
ESPPRC_heur, 0.0, 0.0, 0.0, 0.0, 0, 543.1667, 524.7222, True, 7
cyc2, 0.2, 1.5, 0.0, 0.0, 1, 542.9688, 478.8438, 0, 373
ESPPRC_heur, 0.0, 0.0, 0.0, 0.0, 0, 541.1671, 539.5661, True, 1
ESPPRC_heur, 0.0, 0.0, 0.0, 0.0, 0, 541.1425, 517.2263, True, 5
cyc2, 0.2, 1.2, 0.0, 0.0, 1, 541.1425, 180.8743, 0, 113197
cyc2, 0.2, 1.4, 0.0, 0.0, 1, 540.9605, 416.6949, 0, 14364
cyc2, 0.1, 1.5, 0.0, 0.0, 1, 540.4376, 478.412, 0, 6831
cyc2, 0.1, 1.5, 0.0, 0.0, 1, 540.148, 523.1809, 0, 510
cyc2, 0.1, 1.5, 0.0, 0.0, 1, 539.5894, 534.3668, 0, 30
cyc2, 0.1, 1.5, 0.0, 0.0, 1, 539.5208, 536.8208, 0, 4
cyc2, 0.1, 1.5, 0.0, 0.0, 1, 539.5168, 538.3918, 0, 6
cyc2, 0.1, 1.5, 0.0, 0.0, 1, 539.5168, 539.5168, 0, 0
scip_total_time, 49.122725
Solval, number of paths, impact cutoff
539.5168439716313, 12, 0.0001
Elementary, 2-Cycle, Path Value, Path
True, True, 0.5426, (0, 11, 10, 0)
True, True, 0.4574, (0, 12, 10, 0)
False, True, 0.0408, (0, 21, 8, 5, 4, 8, 5, 4, 8, 5, 4, 8, 5, 4, 21, 7, 0)
True, True, 0.4592, (0, 7, 9, 13, 6, 1, 2, 3, 16, 15, 14, 17, 22, 20, 19, 18, 0)
False, True, 0.3777, (0, 12, 11, 13, 9, 7, 21, 8, 5, 4, 8, 5, 4, 21, 0)
False, True, 0.2083, (0, 18, 19, 20, 22, 17, 14, 16, 15, 14, 17, 22, 20, 19, 18, 0)
False, True, 0.0133, (0, 12, 11, 6, 1, 2, 6, 1, 2, 6, 1, 2, 6, 1, 2, 3, 16, 15, 14, 17, 22, 20, 19, 18, 0)
False, True, 0.0443, (0, 18, 19, 20, 22, 17, 14, 15, 16, 3, 2, 6, 1, 2, 3, 16, 15, 3, 16, 15, 3, 16, 15, 3, 2, 1, 6, 12, 0)
False, True, 0.0612, (0, 21, 7, 9, 13, 6, 1, 3, 2, 1, 6, 13, 9, 7, 21, 0)
False, True, 0.0408, (0, 12, 6, 1, 3, 2, 1, 6, 13, 9, 8, 5, 4, 8, 5, 4, 21, 0)
False, True, 0.0621, (0, 12, 11, 6, 1, 2, 3, 16, 15, 3, 2, 6, 1, 2, 6, 1, 2, 3, 16, 15, 14, 17, 22, 20, 19, 18, 0)
False, True, 0.0044, (0, 12, 11, 6, 1, 2, 6, 1, 3, 16, 15, 3, 16, 15, 3, 16, 15, 3, 16, 15, 14, 17, 22, 20, 19, 18, 0)
all_elementary, False
all_cyc2, True
