Instance, E-n23-k3
capacity, 4500
min_trucks, 3
output_file, output_E/E-n23-k3-SPPRC.log
Start date, 2022-07-07
Start time, 10-34-17
capacity, 4500
num_vehicles, 3
abort_early, False
methods, ['SPPRC']
max_vars, 100
time_limit, 86400
farley, False
ESPPRC_heur, True
initial time, initial max_it, max_stale_it
1, 20000.0, 20
heuristic Number of routes, heuristic Best Solution Value, heuristic number of iterations, adjusted time, adjusted max_it, measured total time
6, 569.0, 25, 1, 20000.0, 26.3
method, python time, total time, propagated dominance time, unpropagated dominance time, pricing_success, upper_bound, lower_bound, abort_early, num_paths, 
SPPRC, 0.2, 0.0, 0.0, 0.0, 1, 569.0, -14803.0, 0, 646
SPPRC, 0.1, 0.0, 0.0, 0.0, 1, 569.0, -23134.75, 0, 325
SPPRC, 0.1, 0.0, 0.0, 0.0, 1, 569.0, -9277.8571, 0, 551
SPPRC, 0.1, 0.0, 0.0, 0.0, 1, 569.0, -3141.5565, 0, 1044
SPPRC, 0.1, 0.0, 0.0, 0.0, 1, 569.0, -2476.0, 0, 643
SPPRC, 0.1, 0.0, 0.0, 0.0, 1, 569.0, -3821.2527, 0, 674
SPPRC, 0.1, 0.0, 0.0, 0.0, 1, 569.0, -5338.3458, 0, 423
SPPRC, 0.0, 0.0, 0.0, 0.0, 1, 569.0, -1807.0, 0, 462
SPPRC, 0.0, 0.0, 0.0, 0.0, 1, 569.0, -1015.0, 0, 587
SPPRC, 0.1, 0.0, 0.0, 0.0, 1, 569.0, -2277.2483, 0, 1867
SPPRC, 0.1, 0.0, 0.0, 0.0, 1, 569.0, -5827.1375, 0, 1582
SPPRC, 0.1, 0.0, 0.0, 0.0, 1, 569.0, -6234.7479, 0, 1782
SPPRC, 0.0, 0.0, 0.0, 0.0, 1, 569.0, -590.5191, 0, 698
SPPRC, 0.1, 0.0, 0.0, 0.0, 1, 569.0, -862.5888, 0, 1660
SPPRC, 0.1, 0.0, 0.0, 0.0, 1, 564.5994, -611.4006, 0, 666
SPPRC, 0.1, 0.0, 0.0, 0.0, 1, 564.5994, -226.0915, 0, 516
SPPRC, 0.1, 0.0, 0.0, 0.0, 1, 564.5994, -732.4831, 0, 777
SPPRC, 0.0, 0.0, 0.0, 0.0, 1, 561.7911, 205.6929, 0, 380
SPPRC, 0.1, 0.0, 0.0, 0.0, 1, 522.6062, 358.5258, 0, 398
SPPRC, 0.1, 0.0, 0.0, 0.0, 1, 508.8937, 178.4857, 0, 615
SPPRC, 0.1, 0.0, 0.0, 0.0, 1, 507.8243, 345.7911, 0, 201
SPPRC, 0.1, 0.0, 0.0, 0.0, 1, 499.8896, 441.1249, 0, 99
SPPRC, 0.1, 0.0, 0.0, 0.0, 1, 495.9271, 474.4393, 0, 75
SPPRC, 0.1, 0.0, 0.0, 0.0, 1, 494.168, 472.87, 0, 83
SPPRC, 0.1, 0.0, 0.0, 0.0, 1, 493.5257, 475.0626, 0, 45
SPPRC, 0.0, 0.0, 0.0, 0.0, 1, 493.2437, 483.7774, 0, 24
SPPRC, 0.0, 0.0, 0.0, 0.0, 1, 493.1102, 489.6717, 0, 11
SPPRC, 0.0, 0.0, 0.0, 0.0, 1, 493.1026, 490.6851, 0, 5
SPPRC, 0.0, 0.0, 0.0, 0.0, 1, 493.0582, 491.3869, 0, 2
SPPRC, 0.0, 0.0, 0.0, 0.0, 1, 493.0443, 490.7967, 0, 1
SPPRC, 0.0, 0.0, 0.0, 0.0, 1, 493.0157, 493.0157, 0, 0
scip_total_time, 28.463653
Solval, number of paths, impact cutoff
493.01570665634677, 19, 0.0001
Elementary, 2-Cycle, Path Value, Path
True, True, 0.0885, (0, 10, 13, 0)
False, False, 0.072, (0, 18, 19, 18, 19, 18, 19, 18, 19, 18, 19, 18, 19, 18, 0)
True, True, 0.6341, (0, 11, 10, 0)
False, False, 0.168, (0, 18, 19, 20, 22, 20, 22, 20, 22, 20, 22, 20, 19, 18, 0)
False, False, 0.1111, (0, 7, 8, 5, 4, 5, 4, 5, 4, 5, 4, 5, 8, 7, 0)
False, False, 0.072, (0, 19, 22, 17, 14, 17, 14, 17, 14, 17, 14, 17, 14, 0)
False, False, 0.0027, (0, 12, 11, 13, 9, 13, 9, 13, 11, 12, 0)
False, False, 0.064, (0, 18, 19, 20, 22, 17, 14, 17, 14, 17, 14, 17, 14, 0)
False, False, 0.1111, (0, 21, 8, 4, 5, 4, 5, 4, 5, 4, 5, 4, 8, 21, 0)
False, False, 0.096, (0, 18, 19, 22, 20, 22, 17, 14, 17, 14, 17, 14, 17, 14, 0)
True, True, 0.2774, (0, 12, 10, 0)
False, False, 0.0629, (0, 21, 8, 9, 13, 9, 13, 9, 8, 21, 0)
False, False, 0.0692, (0, 12, 11, 13, 9, 13, 9, 8, 21, 7, 8, 7, 0)
False, False, 0.2914, (0, 12, 11, 13, 9, 13, 9, 8, 21, 7, 21, 7, 0)
False, False, 0.0283, (0, 7, 9, 13, 9, 13, 9, 7, 0)
False, False, 0.0306, (0, 12, 6, 1, 6, 1, 6, 1, 3, 2, 3, 2, 3, 2, 3, 2, 3, 2, 3, 2, 3, 2, 3, 2, 3, 2, 3, 2, 3, 1, 6, 1, 6, 1, 6, 1, 6, 1, 6, 12, 0)
False, False, 0.0306, (0, 12, 6, 1, 6, 1, 6, 1, 6, 1, 6, 1, 2, 3, 2, 3, 2, 3, 2, 3, 2, 3, 2, 3, 2, 3, 2, 3, 2, 3, 2, 3, 2, 3, 2, 3, 2, 3, 2, 3, 2, 1, 6, 12, 0)
False, False, 0.0337, (0, 12, 6, 1, 6, 1, 6, 1, 6, 1, 6, 1, 6, 1, 6, 1, 6, 1, 6, 1, 6, 1, 6, 1, 3, 2, 3, 2, 1, 6, 12, 0)
False, False, 0.0833, (0, 12, 6, 1, 2, 3, 15, 16, 15, 16, 15, 16, 15, 16, 15, 16, 15, 16, 15, 16, 15, 16, 15, 16, 15, 16, 15, 16, 15, 16, 3, 2, 1, 6, 12, 0)
all_elementary, False
all_cyc2, False
