Instance, E-n22-k4
capacity, 6000
min_trucks, 4
output_file, output_E/E-n22-k4-ESPPRC.log
Start date, 2022-07-07
Start time, 10-34-17
capacity, 6000
num_vehicles, 4
abort_early, False
methods, ['ESPPRC']
max_vars, 100
time_limit, 86400
farley, False
ESPPRC_heur, True
initial time, initial max_it, max_stale_it
1, 20000.0, 20
heuristic Number of routes, heuristic Best Solution Value, heuristic number of iterations, adjusted time, adjusted max_it, measured total time
8, 375.0, 28, 1, 20000.0, 29.2
method, python time, total time, propagated dominance time, unpropagated dominance time, pricing_success, upper_bound, lower_bound, abort_early, num_paths, 
ESPPRC_heur, 0.0, 0.0, 0.0, 0.0, 0, 375.0, -97.0, True, 64
ESPPRC_heur, 0.0, 0.0, 0.0, 0.0, 0, 375.0, -5.0, True, 107
ESPPRC_heur, 0.0, 0.0, 0.0, 0.0, 0, 375.0, 181.0, True, 76
ESPPRC_heur, 0.0, 0.0, 0.0, 0.0, 0, 375.0, 156.3333, True, 101
ESPPRC_heur, 0.0, 0.0, 0.0, 0.0, 0, 375.0, 154.2, True, 125
ESPPRC_heur, 0.0, 0.0, 0.0, 0.0, 0, 375.0, 316.3333, True, 26
ESPPRC_heur, 0.0, 0.0, 0.0, 0.0, 0, 375.0, 273.0, True, 31
ESPPRC_heur, 0.0, 0.0, 0.0, 0.0, 0, 375.0, 319.0, True, 10
ESPPRC_heur, 0.0, 0.0, 0.0, 0.0, 0, 375.0, 259.0, True, 66
ESPPRC_heur, 0.0, 0.0, 0.0, 0.0, 0, 375.0, 336.4286, True, 10
ESPPRC_heur, 0.0, 0.0, 0.0, 0.0, 0, 375.0, 287.0, True, 37
ESPPRC_heur, 0.0, 0.0, 0.0, 0.0, 0, 375.0, 313.0, True, 13
ESPPRC_heur, 0.0, 0.0, 0.0, 0.0, 0, 373.875, 365.875, True, 2
ESPPRC, 0.0, 0.0, 0.0, 0.0, 1, 373.7083, 373.7083, 0, 0
scip_total_time, 29.482121
Solval, number of paths, impact cutoff
373.7083333333333, 12, 0.0001
Elementary, 2-Cycle, Path Value, Path
True, True, 0.8333, (0, 14, 21, 19, 16, 0)
True, True, 0.9167, (0, 17, 20, 18, 15, 12, 0)
True, True, 0.375, (0, 13, 11, 4, 3, 8, 10, 0)
True, True, 0.0833, (0, 16, 13, 0)
True, True, 0.125, (0, 7, 2, 1, 3, 4, 11, 0)
True, True, 0.625, (0, 8, 6, 1, 2, 5, 7, 9, 0)
True, True, 0.0833, (0, 14, 17, 21, 19, 13, 0)
True, True, 0.375, (0, 10, 6, 3, 4, 11, 13, 0)
True, True, 0.0833, (0, 13, 19, 16, 0)
True, True, 0.25, (0, 9, 7, 5, 2, 1, 10, 0)
True, True, 0.125, (0, 11, 4, 3, 5, 9, 0)
True, True, 0.0833, (0, 12, 15, 18, 20, 21, 14, 0)
all_elementary, True
all_cyc2, True
