Instance, E-n76-k14
capacity, 100
min_trucks, 14
output_file, output_E/E-n76-k14-ng20.log
Start date, 2022-07-07
Start time, 10-33-48
capacity, 100
num_vehicles, 14
abort_early, False
methods, ['ng20']
max_vars, 100
time_limit, 86400
farley, False
ESPPRC_heur, True
initial time, initial max_it, max_stale_it
1, 20000.0, 20
heuristic Number of routes, heuristic Best Solution Value, heuristic number of iterations, adjusted time, adjusted max_it, measured total time
166, 1021.0, 118, 1, 20000.0, 124.9
method, python time, total time, propagated dominance time, unpropagated dominance time, pricing_success, upper_bound, lower_bound, abort_early, num_paths, 
ESPPRC_heur, 0.0, 0.0, 0.0, 0.0, 0, 1020.1667, -1681.8333, True, 1000
ESPPRC_heur, 0.0, 0.0, 0.0, 0.0, 0, 1020.1667, -1437.6111, True, 1104
ESPPRC_heur, 0.0, 0.0, 0.0, 0.0, 0, 1020.1667, -159.0417, True, 674
ESPPRC_heur, 0.0, 0.0, 0.0, 0.0, 0, 1020.1667, -182.2404, True, 1184
ESPPRC_heur, 0.0, 0.0, 0.0, 0.0, 0, 1020.1667, -145.5372, True, 838
ESPPRC_heur, 0.0, 0.0, 0.0, 0.0, 0, 1020.1667, 12.7128, True, 912
ESPPRC_heur, 0.0, 0.0, 0.0, 0.0, 0, 1020.1667, 77.1645, True, 792
ESPPRC_heur, 0.0, 0.0, 0.0, 0.0, 0, 1020.1667, -698.2637, True, 831
ESPPRC_heur, 0.0, 0.0, 0.0, 0.0, 0, 1020.1667, 309.7925, True, 604
ESPPRC_heur, 0.0, 0.0, 0.0, 0.0, 0, 1020.1667, 653.3052, True, 303
ESPPRC_heur, 0.0, 0.0, 0.0, 0.0, 0, 1020.1667, 722.8874, True, 347
ESPPRC_heur, 0.0, 0.0, 0.0, 0.0, 0, 1020.1667, 721.4103, True, 245
ESPPRC_heur, 0.0, 0.0, 0.0, 0.0, 0, 1016.0833, 411.75, True, 495
ESPPRC_heur, 0.0, 0.0, 0.0, 0.0, 0, 1015.3771, 498.9669, True, 461
ESPPRC_heur, 0.0, 0.0, 0.0, 0.0, 0, 1014.6153, 806.2394, True, 226
ESPPRC_heur, 0.0, 0.0, 0.0, 0.0, 0, 1011.4323, 894.9236, True, 148
ESPPRC_heur, 0.0, 0.0, 0.0, 0.0, 0, 1007.7491, 838.0662, True, 136
ESPPRC_heur, 0.0, 0.0, 0.0, 0.0, 0, 1005.716, 892.5577, True, 70
ESPPRC_heur, 0.0, 0.0, 0.0, 0.0, 0, 1004.2326, 962.2326, True, 30
ESPPRC_heur, 0.0, 0.0, 0.0, 0.0, 0, 1003.1789, 949.9668, True, 25
ESPPRC_heur, 0.0, 0.0, 0.0, 0.0, 0, 1003.1578, 994.1974, True, 1
ng20, 0.0, 9.2, 5.1, 3.7, 1, 1003.1491, 968.4395, 0, 6
ESPPRC_heur, 0.0, 0.0, 0.0, 0.0, 0, 1002.7716, 1001.4783, True, 5
ng20, -0.0, 8.7, 4.8, 3.5, 1, 1002.7693, 1002.7693, 0, 0
scip_total_time, 144.148249
Solval, number of paths, impact cutoff
1002.7692573402418, 66, 0.0001
Elementary, 2-Cycle, Path Value, Path
True, True, 0.5, (0, 63, 23, 56, 41, 43, 1, 73, 0)
True, True, 0.5085, (0, 6, 33, 62, 2, 68, 0)
True, True, 0.2949, (0, 30, 48, 47, 21, 74, 0)
True, True, 0.2418, (0, 37, 20, 70, 60, 71, 36, 69, 61, 0)
True, True, 0.0653, (0, 75, 4, 34, 67, 0)
True, True, 0.1862, (0, 65, 66, 11, 7, 0)
True, True, 0.1111, (0, 72, 31, 10, 38, 58, 0)
True, True, 0.2032, (0, 51, 49, 24, 18, 55, 25, 50, 0)
True, True, 0.0183, (0, 45, 29, 5, 15, 57, 27, 0)
True, True, 0.2937, (0, 17, 44, 3, 24, 49, 16, 0)
True, True, 0.0429, (0, 39, 25, 55, 18, 50, 32, 0)
True, True, 0.1623, (0, 59, 66, 11, 0)
True, True, 0.5073, (0, 58, 72, 39, 9, 40, 0)
True, True, 0.0958, (0, 75, 34, 46, 67, 0)
True, True, 0.0858, (0, 58, 10, 65, 38, 26, 0)
True, True, 0.1307, (0, 7, 53, 11, 38, 0)
True, True, 0.2345, (0, 50, 18, 24, 49, 16, 51, 0)
True, True, 0.3312, (0, 8, 19, 54, 13, 27, 52, 0)
True, True, 0.4927, (0, 17, 40, 12, 26, 0)
True, True, 0.4633, (0, 62, 28, 61, 21, 74, 0)
True, True, 0.4445, (0, 53, 11, 14, 35, 0)
True, True, 0.0533, (0, 29, 5, 37, 36, 47, 48, 0)
True, True, 0.6515, (0, 38, 65, 66, 59, 0)
True, True, 0.187, (0, 51, 3, 44, 32, 9, 0)
True, True, 0.5031, (0, 10, 31, 55, 25, 32, 0)
True, True, 0.0653, (0, 67, 46, 8, 35, 7, 0)
True, True, 0.267, (0, 12, 39, 9, 32, 3, 0)
True, True, 0.3868, (0, 26, 67, 4, 75, 0)
True, True, 0.1064, (0, 47, 69, 71, 60, 70, 20, 15, 57, 0)
True, True, 0.3693, (0, 7, 53, 14, 19, 8, 0)
True, True, 0.5, (0, 23, 56, 41, 42, 64, 22, 0)
True, True, 0.2056, (0, 12, 72, 31, 10, 58, 0)
True, True, 0.0347, (0, 12, 39, 72, 10, 58, 26, 0)
True, True, 0.1862, (0, 35, 14, 59, 54, 52, 0)
True, True, 0.3868, (0, 67, 46, 52, 34, 0)
True, True, 0.2418, (0, 30, 74, 28, 2, 68, 0)
True, True, 0.4633, (0, 45, 29, 5, 48, 30, 0)
True, True, 0.1862, (0, 27, 13, 57, 15, 37, 5, 29, 0)
True, True, 0.23, (0, 2, 28, 61, 21, 0)
True, True, 0.1885, (0, 37, 70, 60, 71, 69, 36, 47, 48, 0)
True, True, 0.2136, (0, 6, 33, 63, 16, 17, 0)
True, True, 0.1256, (0, 44, 50, 18, 24, 49, 51, 0)
True, True, 0.4718, (0, 73, 1, 43, 42, 64, 22, 0)
True, True, 0.0197, (0, 6, 33, 73, 62, 2, 0)
True, True, 0.0388, (0, 10, 31, 39, 9, 0)
True, True, 0.0209, (0, 11, 65, 38, 10, 0)
True, True, 0.3175, (0, 47, 36, 69, 71, 60, 70, 20, 15, 0)
True, True, 0.4521, (0, 46, 34, 4, 75, 0)
True, True, 0.051, (0, 45, 27, 13, 54, 19, 8, 0)
True, True, 0.2485, (0, 7, 35, 19, 54, 13, 57, 27, 0)
True, True, 0.0555, (0, 35, 53, 11, 65, 58, 0)
True, True, 0.1414, (0, 44, 50, 18, 55, 25, 31, 72, 0)
True, True, 0.143, (0, 49, 24, 18, 50, 44, 3, 0)
True, True, 0.2497, (0, 68, 6, 33, 63, 16, 51, 0)
True, True, 0.0085, (0, 63, 43, 42, 64, 22, 62, 0)
True, True, 0.0649, (0, 28, 61, 69, 36, 37, 5, 0)
True, True, 0.0118, (0, 21, 69, 71, 60, 70, 20, 37, 0)
True, True, 0.0085, (0, 6, 33, 73, 1, 63, 16, 0)
True, True, 0.1094, (0, 3, 44, 50, 18, 55, 25, 39, 0)
True, True, 0.1885, (0, 57, 15, 20, 37, 5, 45, 0)
True, True, 0.0958, (0, 4, 45, 29, 27, 52, 0)
True, True, 0.0394, (0, 47, 36, 71, 60, 70, 20, 37, 0)
True, True, 0.069, (0, 36, 69, 71, 60, 70, 20, 57, 27, 0)
True, True, 0.1831, (0, 8, 54, 13, 57, 15, 29, 45, 0)
True, True, 0.0255, (0, 36, 71, 60, 70, 20, 37, 5, 0)
True, True, 0.0197, (0, 22, 64, 42, 43, 1, 63, 0)
all_elementary, True
all_cyc2, True
