Instance, E-n101-k14
capacity, 112
min_trucks, 14
output_file, output_farley/E-n101-k14-ng8.log
Start date, 2022-07-07
Start time, 16-16-50
capacity, 112
num_vehicles, 14
abort_early, False
methods, ['ng8']
max_vars, 100
time_limit, 43200
farley, True
ESPPRC_heur, True
initial time, initial max_it, max_stale_it
1, 20000.0, 20
heuristic Number of routes, heuristic Best Solution Value, heuristic number of iterations, adjusted time, adjusted max_it, measured total time
87, 1067.0, 51, 1, 20000.0, 60.2
method, python time, total time, propagated dominance time, unpropagated dominance time, pricing_success, upper_bound, lower_bound, abort_early, num_paths, 
ESPPRC_heur, 0.1, 0.0, 0.0, 0.0, 0, 1067.0, -3066.5, True, 1788
ESPPRC_heur, 0.1, 0.0, 0.0, 0.0, 0, 1067.0, -2783.0, True, 1860
ESPPRC_heur, 0.1, 0.0, 0.0, 0.0, 0, 1067.0, -2083.875, True, 1764
ESPPRC_heur, 0.1, 0.0, 0.0, 0.0, 0, 1067.0, -1626.5959, True, 2019
ESPPRC_heur, 0.1, 0.0, 0.0, 0.0, 0, 1067.0, -1594.0816, True, 2039
ESPPRC_heur, 0.1, 0.0, 0.0, 0.0, 0, 1067.0, -1619.5726, True, 2432
ESPPRC_heur, 0.1, 0.0, 0.0, 0.0, 0, 1067.0, -1095.1912, True, 2906
ESPPRC_heur, 0.1, 0.0, 0.0, 0.0, 0, 1067.0, -1197.2136, True, 2151
ESPPRC_heur, 0.1, 0.0, 0.0, 0.0, 0, 1067.0, -451.8422, True, 2431
ESPPRC_heur, 0.1, 0.0, 0.0, 0.0, 0, 1067.0, -841.7055, True, 2401
ESPPRC_heur, 0.1, 0.0, 0.0, 0.0, 0, 1067.0, -1643.2818, True, 2325
ESPPRC_heur, 0.1, 0.0, 0.0, 0.0, 0, 1067.0, -1046.6816, True, 2519
ESPPRC_heur, 0.1, 0.0, 0.0, 0.0, 0, 1067.0, -321.801, True, 1776
ESPPRC_heur, 0.1, 0.0, 0.0, 0.0, 0, 1067.0, -1113.6381, True, 2420
ESPPRC_heur, 0.1, 0.0, 0.0, 0.0, 0, 1067.0, -724.8163, True, 2486
ESPPRC_heur, 0.1, 0.0, 0.0, 0.0, 0, 1067.0, -804.384, True, 2213
ESPPRC_heur, -0.0, 0.1, 0.0, 0.0, 0, 1067.0, -484.5135, True, 2534
ESPPRC_heur, 0.0, 0.1, 0.0, 0.0, 0, 1067.0, -933.4833, True, 3242
ESPPRC_heur, 0.0, 0.1, 0.0, 0.0, 0, 1067.0, -1186.5028, True, 2935
ESPPRC_heur, 0.0, 0.1, 0.0, 0.0, 0, 1067.0, -1920.3517, True, 3139
ESPPRC_heur, 0.0, 0.1, 0.0, 0.0, 0, 1067.0, -643.7419, True, 2707
ESPPRC_heur, 0.0, 0.1, 0.0, 0.0, 0, 1067.0, -1170.5403, True, 3488
ESPPRC_heur, 0.1, 0.0, 0.0, 0.0, 0, 1067.0, -385.7207, True, 2246
ESPPRC_heur, 0.1, 0.0, 0.0, 0.0, 0, 1067.0, -386.224, True, 2215
ESPPRC_heur, -0.0, 0.1, 0.0, 0.0, 0, 1067.0, -405.953, True, 2828
ESPPRC_heur, 0.0, 0.1, 0.0, 0.0, 0, 1067.0, -371.9764, True, 2754
ESPPRC_heur, 0.1, 0.0, 0.0, 0.0, 0, 1067.0, -158.7615, True, 2294
ESPPRC_heur, 0.2, 0.0, 0.0, 0.0, 0, 1067.0, -63.0836, True, 2120
ESPPRC_heur, 0.1, 0.0, 0.0, 0.0, 0, 1067.0, 128.5124, True, 1885
ESPPRC_heur, 0.1, 0.0, 0.0, 0.0, 0, 1067.0, 18.7433, True, 1846
ESPPRC_heur, 0.1, 0.0, 0.0, 0.0, 0, 1067.0, 303.6949, True, 1712
ESPPRC_heur, 0.0, 0.1, 0.0, 0.0, 0, 1067.0, -256.0887, True, 2622
ESPPRC_heur, -0.0, 0.1, 0.0, 0.0, 0, 1067.0, 364.7372, True, 1811
ESPPRC_heur, -0.0, 0.1, 0.0, 0.0, 0, 1067.0, -1.2142, True, 2216
ESPPRC_heur, 0.1, 0.0, 0.0, 0.0, 0, 1067.0, -178.7814, True, 2294
ESPPRC_heur, 0.1, 0.0, 0.0, 0.0, 0, 1067.0, 105.0052, True, 1994
ESPPRC_heur, 0.1, 0.0, 0.0, 0.0, 0, 1067.0, 164.9997, True, 1689
ESPPRC_heur, 0.1, 0.0, 0.0, 0.0, 0, 1067.0, 254.7776, True, 1713
ESPPRC_heur, 0.1, 0.0, 0.0, 0.0, 0, 1067.0, 454.8194, True, 1680
ESPPRC_heur, 0.1, 0.0, 0.0, 0.0, 0, 1067.0, 192.2368, True, 1884
ESPPRC_heur, 0.1, 0.0, 0.0, 0.0, 0, 1067.0, 142.6338, True, 1688
ESPPRC_heur, 0.1, 0.0, 0.0, 0.0, 0, 1067.0, 307.1731, True, 1696
ESPPRC_heur, 0.1, 0.0, 0.0, 0.0, 0, 1067.0, 427.903, True, 1491
ESPPRC_heur, 0.1, 0.0, 0.0, 0.0, 0, 1067.0, 362.4519, True, 1542
ESPPRC_heur, 0.1, 0.0, 0.0, 0.0, 0, 1067.0, 429.7912, True, 1493
ESPPRC_heur, 0.1, 0.0, 0.0, 0.0, 0, 1067.0, 491.8809, True, 1257
ESPPRC_heur, 0.1, 0.0, 0.0, 0.0, 0, 1067.0, 570.4114, True, 1141
ESPPRC_heur, 0.1, 0.0, 0.0, 0.0, 0, 1067.0, 319.4483, True, 1850
ESPPRC_heur, 0.1, 0.0, 0.0, 0.0, 0, 1067.0, 328.8254, True, 1521
ESPPRC_heur, 0.1, 0.0, 0.0, 0.0, 0, 1067.0, 611.8018, True, 926
ESPPRC_heur, 0.1, 0.0, 0.0, 0.0, 0, 1067.0, 453.1375, True, 1470
ESPPRC_heur, 0.1, 0.0, 0.0, 0.0, 0, 1067.0, 613.9158, True, 1024
ESPPRC_heur, 0.1, 0.0, 0.0, 0.0, 0, 1067.0, 630.8941, True, 1123
ESPPRC_heur, 0.1, 0.0, 0.0, 0.0, 0, 1067.0, 691.7347, True, 898
ESPPRC_heur, 0.1, 0.0, 0.0, 0.0, 0, 1067.0, 515.7182, True, 1100
ESPPRC_heur, 0.1, 0.0, 0.0, 0.0, 0, 1067.0, 785.3949, True, 761
ESPPRC_heur, 0.1, 0.0, 0.0, 0.0, 0, 1067.0, 797.5676, True, 635
ESPPRC_heur, 0.1, 0.0, 0.0, 0.0, 0, 1067.0, 773.2244, True, 751
ESPPRC_heur, 0.1, 0.0, 0.0, 0.0, 0, 1067.0, 620.2617, True, 910
ESPPRC_heur, -0.0, 0.1, 0.0, 0.0, 0, 1065.7153, 348.3822, True, 2056
ESPPRC_heur, 0.1, 0.0, 0.0, 0.0, 0, 1065.6411, 803.4224, True, 639
ESPPRC_heur, 0.1, 0.0, 0.0, 0.0, 0, 1063.9487, 891.2043, True, 395
ESPPRC_heur, 0.1, 0.0, 0.0, 0.0, 0, 1061.3919, 902.9114, True, 333
ESPPRC_heur, 0.1, 0.0, 0.0, 0.0, 0, 1057.8017, 867.6015, True, 453
ESPPRC_heur, 0.1, 0.0, 0.0, 0.0, 0, 1057.0549, 954.2483, True, 277
ESPPRC_heur, 0.1, 0.0, 0.0, 0.0, 0, 1055.2802, 946.6965, True, 243
ESPPRC_heur, 0.1, 0.0, 0.0, 0.0, 0, 1052.3509, 950.1366, True, 199
ESPPRC_heur, 0.1, 0.0, 0.0, 0.0, 0, 1051.5519, 948.0553, True, 159
ESPPRC_heur, 0.1, 0.0, 0.0, 0.0, 0, 1049.6163, 982.6769, True, 116
ESPPRC_heur, 0.1, 0.0, 0.0, 0.0, 0, 1049.0755, 1018.4452, True, 29
ESPPRC_heur, 0.0, 0.0, 0.0, 0.0, 0, 1048.6234, 1027.1651, True, 30
ESPPRC_heur, 0.0, 0.0, 0.0, 0.0, 0, 1048.5234, 1030.6802, True, 15
ESPPRC_heur, 0.0, 0.0, 0.0, 0.0, 0, 1048.4922, 1043.0449, True, 4
ESPPRC_heur, 0.0, 0.0, 0.0, 0.0, 0, 1048.4628, 1028.1654, True, 7
ESPPRC_heur, 0.0, 0.0, 0.0, 0.0, 0, 1048.3184, 1044.1373, True, 5
ESPPRC_heur, 0.0, 0.0, 0.0, 0.0, 0, 1048.2923, 1046.4785, True, 1
ESPPRC_heur, 0.0, 0.0, 0.0, 0.0, 0, 1048.2889, 1046.3878, True, 1
ng8, 0.1, 1.1, 0.7, 0.2, 1, 1048.2884, 1009.3806, 0, 46
Farley, 1.5, 43201.0, 31154.5, 12018.9, 1, 1048.2884, 0, 1, Not Applicable
ESPPRC_heur, 0.1, 0.0, 0.0, 0.0, 0, 1045.4642, 1015.667, True, 40
ESPPRC_heur, 0.0, 0.0, 0.0, 0.0, 0, 1045.0484, 1031.7624, True, 9
ESPPRC_heur, 0.0, 0.0, 0.0, 0.0, 0, 1045.0288, 1040.752, True, 2
ESPPRC_heur, 0.0, 0.0, 0.0, 0.0, 0, 1045.0288, 1040.4865, True, 1
ESPPRC_heur, 0.0, 0.0, 0.0, 0.0, 0, 1045.0288, 1044.0673, True, 1
ng8, -0.0, 1.0, 0.6, 0.2, 1, 1045.0288, 1031.0288, 0, 15
Farley, 1.2, 43201.1, 32013.8, 11161.6, 1, 1045.0288, 0, 1, Not Applicable
ng8, 0.0, 0.9, 0.6, 0.2, 1, 1044.8154, 1044.3544, 0, 3
Farley, 1.2, 43201.1, 32791.8, 10386.4, 1, 1044.8154, 0, 1, Not Applicable
ESPPRC_heur, 0.0, 0.0, 0.0, 0.0, 0, 1044.8128, 1044.3021, True, 4
ESPPRC_heur, 0.0, 0.0, 0.0, 0.0, 0, 1044.8128, 1044.3021, True, 2
ESPPRC_heur, 0.0, 0.0, 0.0, 0.0, 0, 1044.8128, 1044.78, True, 1
ng8, -0.0, 0.9, 0.6, 0.2, 1, 1044.8128, 1043.549, 0, 2
Farley, 1.1, 43201.1, 32886.8, 10293.6, 1, 1044.8128, 0, 1, Not Applicable
ng8, -0.0, 0.9, 0.5, 0.2, 1, 1044.8128, 1044.8128, 0, 0
Farley, 1.1, 43201.0, 32985.1, 10196.4, 1, 1044.8128, 0, 1, Not Applicable
scip_total_time, 216079.754179
Solval, number of paths, impact cutoff
1044.812806516253, 78, 0.0001
Elementary, 2-Cycle, Path Value, Path
True, True, 0.2255, (0, 98, 91, 44, 38, 86, 16, 61, 0)
True, True, 0.4748, (0, 13, 87, 97, 95, 94, 0)
True, True, 0.472, (0, 12, 68, 3, 77, 76, 28, 0)
True, True, 0.472, (0, 20, 66, 65, 71, 35, 34, 78, 29, 24, 80, 0)
True, True, 0.7142, (0, 69, 70, 30, 32, 90, 63, 10, 31, 0)
True, True, 0.4283, (0, 82, 48, 47, 19, 7, 52, 0)
True, True, 0.1553, (0, 6, 99, 93, 85, 100, 37, 97, 0)
True, True, 0.0008, (0, 89, 60, 5, 84, 17, 45, 8, 83, 18, 52, 0)
True, True, 0.358, (0, 94, 95, 59, 92, 97, 13, 0)
True, True, 0.0587, (0, 50, 51, 9, 71, 65, 35, 34, 78, 29, 24, 0)
True, True, 0.2132, (0, 2, 57, 15, 43, 14, 38, 44, 91, 100, 98, 0)
True, True, 0.0575, (0, 70, 20, 66, 65, 71, 9, 51, 1, 0)
True, True, 0.5, (0, 56, 23, 67, 39, 4, 0)
True, True, 0.0156, (0, 26, 54, 55, 25, 67, 23, 56, 73, 0)
True, True, 0.0575, (0, 1, 51, 9, 35, 34, 78, 81, 33, 50, 0)
True, True, 0.0008, (0, 8, 46, 36, 49, 64, 11, 19, 62, 88, 0)
True, True, 0.1829, (0, 6, 61, 16, 86, 17, 84, 5, 60, 0)
True, True, 0.2255, (0, 42, 14, 44, 86, 16, 61, 0)
True, True, 0.4283, (0, 88, 62, 11, 64, 49, 36, 46, 45, 83, 0)
True, True, 0.4406, (0, 99, 93, 85, 59, 96, 0)
True, True, 0.0846, (0, 6, 59, 93, 85, 98, 37, 0)
True, True, 0.2858, (0, 50, 33, 81, 9, 51, 1, 69, 27, 0)
True, True, 0.1409, (0, 89, 60, 83, 8, 45, 17, 84, 5, 99, 96, 6, 0)
True, True, 0.2192, (0, 12, 80, 68, 77, 76, 28, 0)
True, True, 0.0286, (0, 57, 15, 43, 14, 38, 44, 91, 100, 37, 98, 0)
True, True, 0.1286, (0, 50, 51, 9, 81, 33, 79, 3, 0)
True, True, 0.0252, (0, 87, 42, 14, 38, 44, 91, 100, 37, 0)
True, True, 0.0156, (0, 54, 55, 25, 39, 56, 75, 22, 41, 2, 0)
True, True, 0.1206, (0, 92, 98, 37, 100, 91, 85, 93, 96, 0)
True, True, 0.0073, (0, 79, 78, 34, 35, 65, 66, 20, 51, 0)
True, True, 0.1703, (0, 79, 78, 34, 35, 65, 66, 20, 1, 0)
True, True, 0.037, (0, 79, 78, 34, 35, 65, 71, 9, 51, 0)
True, True, 0.1237, (0, 53, 21, 73, 74, 22, 41, 15, 43, 42, 87, 0)
True, True, 0.0156, (0, 21, 73, 74, 41, 22, 75, 56, 4, 26, 0)
True, True, 0.2059, (0, 68, 24, 29, 79, 3, 77, 76, 0)
True, True, 0.0073, (0, 1, 20, 66, 71, 9, 81, 33, 0)
True, True, 0.2854, (0, 7, 47, 36, 49, 64, 63, 90, 32, 0)
True, True, 0.1421, (0, 27, 1, 50, 33, 81, 79, 3, 0)
True, True, 0.2279, (0, 1, 51, 9, 71, 66, 20, 30, 70, 0)
True, True, 0.2059, (0, 12, 80, 24, 29, 79, 81, 33, 50, 0)
True, True, 0.2671, (0, 74, 75, 56, 23, 67, 25, 55, 54, 0)
True, True, 0.0515, (0, 50, 33, 81, 79, 77, 28, 0)
True, True, 0.285, (0, 88, 62, 11, 19, 48, 82, 0)
True, True, 0.2374, (0, 42, 14, 38, 86, 16, 61, 6, 0)
True, True, 0.2842, (0, 52, 7, 19, 11, 64, 49, 36, 46, 8, 18, 0)
True, True, 0.2582, (0, 92, 37, 100, 91, 44, 38, 14, 43, 15, 57, 2, 0)
True, True, 0.1672, (0, 53, 58, 13, 95, 94, 0)
True, True, 0.0004, (0, 27, 70, 30, 32, 90, 63, 11, 19, 7, 0)
True, True, 0.0575, (0, 24, 29, 78, 34, 35, 65, 66, 20, 30, 0)
True, True, 0.2858, (0, 82, 48, 47, 46, 8, 83, 18, 0)
True, True, 0.0643, (0, 6, 96, 93, 85, 100, 98, 37, 0)
True, True, 0.1168, (0, 60, 5, 84, 17, 61, 85, 98, 37, 92, 0)
True, True, 0.0177, (0, 6, 99, 93, 85, 100, 98, 37, 92, 0)
True, True, 0.0929, (0, 73, 72, 74, 22, 41, 57, 2, 58, 53, 0)
False, True, 0.2858, (0, 89, 18, 8, 45, 17, 84, 5, 60, 89, 0)
False, True, 0.0515, (0, 28, 76, 68, 80, 12, 28, 0)
False, True, 0.0514, (0, 28, 77, 68, 80, 12, 28, 0)
False, True, 0.1433, (0, 89, 18, 83, 45, 17, 84, 5, 60, 89, 0)
False, True, 0.4844, (0, 26, 54, 55, 25, 39, 4, 26, 0)
False, True, 0.37, (0, 53, 58, 2, 57, 15, 43, 42, 87, 58, 0)
True, True, 0.0063, (0, 87, 42, 43, 15, 41, 22, 74, 72, 73, 0)
True, True, 0.0514, (0, 28, 76, 3, 79, 81, 33, 1, 0)
True, True, 0.0372, (0, 53, 40, 73, 72, 75, 22, 41, 57, 2, 0)
False, True, 0.2858, (0, 27, 52, 88, 62, 10, 31, 27, 0)
False, True, 0.4814, (0, 40, 73, 74, 41, 22, 75, 72, 21, 40, 0)
True, True, 0.1861, (0, 54, 55, 25, 67, 23, 56, 72, 0)
True, True, 0.0008, (0, 5, 84, 17, 45, 8, 48, 82, 0)
True, True, 0.0119, (0, 60, 5, 84, 17, 86, 44, 91, 98, 37, 92, 0)
True, True, 0.1168, (0, 60, 5, 84, 17, 86, 16, 91, 100, 92, 0)
True, True, 0.0119, (0, 97, 42, 14, 38, 44, 16, 61, 99, 0)
False, True, 0.0004, (0, 7, 47, 36, 49, 64, 11, 19, 7, 0)
False, True, 0.1168, (0, 96, 99, 93, 98, 37, 59, 99, 96, 6, 0)
False, True, 0.1831, (0, 21, 73, 41, 22, 75, 72, 21, 53, 0)
True, True, 0.0312, (0, 54, 55, 25, 67, 23, 41, 22, 73, 0)
True, True, 0.0698, (0, 51, 9, 71, 65, 35, 34, 78, 81, 0)
True, True, 0.0698, (0, 50, 33, 78, 34, 35, 65, 71, 9, 51, 0)
False, True, 0.013, (0, 53, 21, 73, 72, 74, 22, 41, 2, 53, 0)
True, True, 0.0008, (0, 52, 7, 19, 11, 64, 49, 36, 46, 8, 83, 60, 0)
all_elementary, False
all_cyc2, True
