Instance, E-n101-k14
capacity, 112
min_trucks, 14
output_file, output_farley/E-n101-k14-ng20.log
Start date, 2022-07-07
Start time, 10-54-57
capacity, 112
num_vehicles, 14
abort_early, False
methods, ['ng20']
max_vars, 100
time_limit, 43200
farley, True
ESPPRC_heur, True
initial time, initial max_it, max_stale_it
1, 20000.0, 20
heuristic Number of routes, heuristic Best Solution Value, heuristic number of iterations, adjusted time, adjusted max_it, measured total time
174, 1067.0, 322, 1, 20000.0, 331.8
method, python time, total time, propagated dominance time, unpropagated dominance time, pricing_success, upper_bound, lower_bound, abort_early, num_paths, 
ESPPRC_heur, 0.1, 0.0, 0.0, 0.0, 0, 1066.5, -1906.1667, True, 1857
ESPPRC_heur, 0.1, 0.0, 0.0, 0.0, 0, 1066.5, -2067.5556, True, 1826
ESPPRC_heur, 0.1, 0.0, 0.0, 0.0, 0, 1066.5, -651.5855, True, 1905
ESPPRC_heur, 0.1, 0.0, 0.0, 0.0, 0, 1066.5, -764.5762, True, 2267
ESPPRC_heur, 0.1, 0.0, 0.0, 0.0, 0, 1066.5, -1111.1351, True, 2376
ESPPRC_heur, 0.1, 0.0, 0.0, 0.0, 0, 1066.5, -159.4951, True, 1869
ESPPRC_heur, 0.2, 0.0, 0.0, 0.0, 0, 1066.5, -334.4562, True, 2228
ESPPRC_heur, 0.1, 0.0, 0.0, 0.0, 0, 1066.5, -1343.1442, True, 2718
ESPPRC_heur, 0.1, 0.0, 0.0, 0.0, 0, 1066.5, -595.9707, True, 2215
ESPPRC_heur, 0.1, 0.0, 0.0, 0.0, 0, 1066.5, -469.3117, True, 2259
ESPPRC_heur, 0.0, 0.1, 0.0, 0.0, 0, 1066.5, -879.5277, True, 2747
ESPPRC_heur, 0.1, 0.0, 0.0, 0.0, 0, 1066.5, -915.2175, True, 2372
ESPPRC_heur, 0.1, 0.0, 0.0, 0.0, 0, 1066.5, -739.6312, True, 2376
ESPPRC_heur, 0.1, 0.0, 0.0, 0.0, 0, 1066.5, -161.3434, True, 2269
ESPPRC_heur, 0.1, 0.0, 0.0, 0.0, 0, 1066.5, 53.0672, True, 1990
ESPPRC_heur, 0.1, 0.0, 0.0, 0.0, 0, 1066.5, -843.5148, True, 2322
ESPPRC_heur, 0.0, 0.1, 0.0, 0.0, 0, 1066.5, -849.696, True, 2690
ESPPRC_heur, 0.1, 0.0, 0.0, 0.0, 0, 1066.5, 20.686, True, 1933
ESPPRC_heur, 0.0, 0.1, 0.0, 0.0, 0, 1066.5, -1147.8811, True, 3440
ESPPRC_heur, 0.0, 0.1, 0.0, 0.0, 0, 1066.5, -253.2915, True, 2840
ESPPRC_heur, 0.1, 0.0, 0.0, 0.0, 0, 1066.5, 44.6753, True, 1523
ESPPRC_heur, 0.1, 0.0, 0.0, 0.0, 0, 1066.5, -33.3122, True, 1807
ESPPRC_heur, -0.0, 0.1, 0.0, 0.0, 0, 1066.5, 265.5839, True, 1776
ESPPRC_heur, 0.1, 0.0, 0.0, 0.0, 0, 1066.5, 408.609, True, 1426
ESPPRC_heur, 0.1, 0.0, 0.0, 0.0, 0, 1066.5, 246.9306, True, 1582
ESPPRC_heur, 0.1, 0.0, 0.0, 0.0, 0, 1066.5, 50.7407, True, 1996
ESPPRC_heur, 0.1, 0.0, 0.0, 0.0, 0, 1066.5, 607.4745, True, 1151
ESPPRC_heur, 0.1, 0.0, 0.0, 0.0, 0, 1066.5, -244.1839, True, 1758
ESPPRC_heur, 0.1, 0.0, 0.0, 0.0, 0, 1066.5, 33.6301, True, 1823
ESPPRC_heur, 0.1, 0.0, 0.0, 0.0, 0, 1066.5, 168.3247, True, 2020
ESPPRC_heur, 0.1, 0.0, 0.0, 0.0, 0, 1066.5, 113.5369, True, 1760
ESPPRC_heur, 0.1, 0.0, 0.0, 0.0, 0, 1066.5, 535.9306, True, 1129
ESPPRC_heur, 0.1, 0.0, 0.0, 0.0, 0, 1065.7449, 572.9567, True, 1074
ESPPRC_heur, 0.1, 0.0, 0.0, 0.0, 0, 1065.1928, 778.0112, True, 666
ESPPRC_heur, 0.1, 0.0, 0.0, 0.0, 0, 1063.4125, 656.1203, True, 901
ESPPRC_heur, 0.1, 0.0, 0.0, 0.0, 0, 1062.6833, 850.3453, True, 622
ESPPRC_heur, 0.1, 0.0, 0.0, 0.0, 0, 1061.615, 722.0724, True, 617
ESPPRC_heur, 0.1, 0.0, 0.0, 0.0, 0, 1061.2577, 853.7249, True, 589
ESPPRC_heur, 0.1, 0.0, 0.0, 0.0, 0, 1059.7577, 833.737, True, 443
ESPPRC_heur, 0.1, 0.0, 0.0, 0.0, 0, 1058.9519, 937.3134, True, 288
ESPPRC_heur, 0.1, 0.0, 0.0, 0.0, 0, 1056.7714, 864.9871, True, 348
ESPPRC_heur, 0.1, 0.0, 0.0, 0.0, 0, 1056.1742, 963.4955, True, 227
ESPPRC_heur, 0.1, 0.0, 0.0, 0.0, 0, 1055.6458, 970.7609, True, 180
ESPPRC_heur, 0.1, 0.0, 0.0, 0.0, 0, 1054.3243, 951.5573, True, 173
ESPPRC_heur, 0.1, 0.0, 0.0, 0.0, 0, 1052.214, 939.453, True, 178
ESPPRC_heur, 0.1, 0.0, 0.0, 0.0, 0, 1050.1921, 986.2155, True, 122
ESPPRC_heur, 0.0, 0.0, 0.0, 0.0, 0, 1049.3376, 1005.8556, True, 50
ESPPRC_heur, 0.0, 0.0, 0.0, 0.0, 0, 1048.6331, 1029.1663, True, 13
ESPPRC_heur, 0.0, 0.0, 0.0, 0.0, 0, 1048.4677, 1036.8109, True, 15
ESPPRC_heur, 0.0, 0.0, 0.0, 0.0, 0, 1048.3435, 1039.7864, True, 13
ESPPRC_heur, 0.0, 0.0, 0.0, 0.0, 0, 1048.3308, 1044.7311, True, 2
ng20, 0.0, 78.2, 55.8, 20.8, 1, 1048.3294, 1014.1181, 0, 56
Farley, 78.4, 22011.8, 19514.7, 2482.8, 0, 1048.3294, 750.238, 0, Not Applicable
ESPPRC_heur, 0.1, 0.0, 0.0, 0.0, 0, 1046.941, 1024.0095, True, 12
ESPPRC_heur, 0.0, 0.0, 0.0, 0.0, 0, 1046.9226, 1045.1133, True, 2
ESPPRC_heur, 0.0, 0.0, 0.0, 0.0, 0, 1046.9214, 1046.7123, True, 1
ng20, 0.0, 82.5, 58.1, 22.5, 1, 1046.9214, 1033.3939, 0, 17
Farley, 82.7, 32072.4, 27854.0, 4200.0, 0, 1046.9214, 733.5347, 0, Not Applicable
ESPPRC_heur, -0.0, 0.1, 0.0, 0.0, 0, 1046.7789, 1043.0555, True, 2
ng20, 0.1, 80.0, 57.1, 21.1, 1, 1046.7783, 1041.3117, 0, 4
Farley, 80.2, 29968.3, 26064.5, 3888.0, 0, 1046.7783, 743.6673, 0, Not Applicable
ng20, 0.0, 62.2, 43.6, 16.9, 1, 1046.7762, 1046.7762, 0, 0
Farley, 62.3, 29228.1, 25445.6, 3767.7, 0, 1046.7762, 742.8635, 0, Not Applicable
scip_total_time, 113921.090368
Solval, number of paths, impact cutoff
1046.776197801841, 73, 0.0001
Elementary, 2-Cycle, Path Value, Path
True, True, 0.1971, (0, 98, 91, 44, 38, 86, 16, 61, 0)
True, True, 0.582, (0, 13, 87, 97, 95, 94, 0)
True, True, 0.243, (0, 12, 68, 3, 77, 76, 28, 0)
True, True, 0.548, (0, 20, 66, 65, 71, 35, 34, 78, 29, 24, 80, 0)
True, True, 0.7379, (0, 69, 70, 30, 32, 90, 63, 10, 31, 0)
True, True, 0.0972, (0, 88, 62, 11, 64, 49, 36, 46, 8, 18, 0)
True, True, 0.5119, (0, 82, 48, 47, 19, 7, 52, 0)
True, True, 0.3707, (0, 94, 95, 59, 92, 97, 13, 0)
True, True, 0.003, (0, 6, 93, 85, 98, 37, 59, 0)
True, True, 0.0178, (0, 94, 96, 99, 59, 92, 97, 13, 0)
True, True, 0.13, (0, 54, 55, 25, 67, 39, 4, 21, 0)
True, True, 0.244, (0, 32, 90, 63, 64, 49, 36, 47, 7, 0)
True, True, 0.2498, (0, 27, 1, 50, 33, 81, 79, 3, 0)
True, True, 0.0875, (0, 73, 72, 74, 22, 41, 15, 43, 42, 87, 0)
True, True, 0.0722, (0, 50, 33, 81, 78, 34, 35, 9, 51, 1, 0)
True, True, 0.1072, (0, 50, 33, 81, 79, 77, 28, 0)
True, True, 0.0235, (0, 6, 96, 99, 59, 92, 97, 95, 94, 0)
True, True, 0.0059, (0, 53, 58, 13, 95, 94, 0)
True, True, 0.2686, (0, 28, 76, 77, 68, 80, 12, 0)
True, True, 0.244, (0, 83, 8, 46, 47, 48, 82, 18, 0)
True, True, 0.1971, (0, 42, 14, 44, 86, 16, 61, 0)
True, True, 0.4147, (0, 83, 45, 46, 36, 49, 64, 11, 62, 88, 0)
True, True, 0.5791, (0, 99, 93, 85, 59, 96, 0)
True, True, 0.435, (0, 4, 39, 67, 23, 56, 0)
True, True, 0.3315, (0, 57, 15, 43, 14, 38, 44, 91, 100, 98, 37, 0)
True, True, 0.1492, (0, 2, 57, 15, 43, 14, 38, 44, 91, 100, 37, 92, 0)
True, True, 0.305, (0, 12, 54, 55, 25, 39, 4, 26, 0)
True, True, 0.4028, (0, 60, 5, 84, 17, 86, 16, 61, 6, 0)
True, True, 0.2591, (0, 40, 21, 72, 75, 22, 41, 2, 58, 0)
True, True, 0.0138, (0, 54, 55, 25, 67, 23, 56, 75, 74, 0)
True, True, 0.1333, (0, 26, 54, 55, 25, 67, 23, 56, 73, 0)
True, True, 0.0028, (0, 28, 76, 3, 79, 29, 24, 54, 26, 0)
True, True, 0.1971, (0, 6, 61, 16, 86, 38, 14, 42, 0)
True, True, 0.1806, (0, 26, 54, 24, 29, 79, 3, 77, 76, 0)
True, True, 0.0178, (0, 96, 93, 85, 98, 37, 95, 0)
True, True, 0.13, (0, 54, 55, 25, 39, 23, 56, 4, 0)
True, True, 0.0059, (0, 92, 37, 98, 85, 61, 17, 84, 5, 60, 0)
True, True, 0.1911, (0, 92, 98, 37, 100, 91, 85, 93, 96, 0)
True, True, 0.1834, (0, 28, 68, 80, 12, 26, 53, 0)
True, True, 0.244, (0, 18, 8, 46, 36, 49, 64, 11, 19, 7, 52, 0)
True, True, 0.0541, (0, 30, 20, 66, 65, 35, 34, 78, 29, 24, 0)
True, True, 0.0532, (0, 40, 21, 72, 75, 74, 73, 58, 53, 0)
True, True, 0.0865, (0, 37, 100, 91, 44, 38, 14, 42, 87, 0)
True, True, 0.2621, (0, 50, 33, 81, 9, 51, 1, 69, 27, 0)
True, True, 0.244, (0, 88, 62, 11, 19, 48, 82, 0)
True, True, 0.0722, (0, 70, 20, 66, 65, 71, 9, 51, 1, 0)
True, True, 0.0905, (0, 28, 76, 77, 68, 26, 53, 0)
True, True, 0.11, (0, 68, 24, 29, 79, 3, 77, 76, 0)
True, True, 0.2137, (0, 50, 51, 9, 81, 33, 79, 3, 0)
True, True, 0.018, (0, 31, 10, 63, 90, 32, 30, 1, 0)
True, True, 0.0386, (0, 92, 98, 100, 91, 44, 38, 14, 42, 43, 15, 57, 0)
True, True, 0.1899, (0, 70, 30, 20, 66, 71, 9, 51, 1, 0)
True, True, 0.0957, (0, 53, 40, 73, 72, 75, 22, 41, 57, 2, 0)
True, True, 0.203, (0, 92, 98, 37, 100, 85, 93, 99, 6, 0)
True, True, 0.1358, (0, 79, 78, 34, 35, 65, 66, 20, 1, 0)
False, True, 0.244, (0, 89, 60, 5, 84, 17, 45, 8, 18, 89, 0)
False, True, 0.1706, (0, 89, 60, 5, 84, 17, 45, 83, 18, 89, 0)
True, True, 0.095, (0, 51, 9, 71, 65, 35, 34, 78, 33, 50, 0)
False, True, 0.2182, (0, 58, 87, 42, 43, 15, 57, 2, 58, 53, 0)
True, True, 0.0082, (0, 87, 42, 43, 15, 41, 22, 74, 73, 21, 53, 0)
False, True, 0.0175, (0, 53, 2, 57, 15, 43, 42, 87, 13, 53, 0)
True, True, 0.045, (0, 40, 21, 73, 74, 75, 22, 41, 15, 43, 42, 57, 2, 0)
True, True, 0.1706, (0, 89, 60, 83, 8, 45, 17, 84, 5, 99, 96, 6, 0)
True, True, 0.2453, (0, 58, 73, 74, 22, 41, 75, 72, 21, 0)
False, True, 0.244, (0, 27, 31, 10, 62, 88, 52, 27, 0)
True, True, 0.1044, (0, 26, 54, 24, 29, 68, 76, 28, 0)
True, True, 0.2878, (0, 55, 25, 67, 23, 56, 75, 74, 73, 40, 0)
True, True, 0.0059, (0, 60, 5, 84, 17, 86, 16, 91, 98, 37, 0)
True, True, 0.0603, (0, 2, 57, 42, 43, 15, 41, 22, 74, 72, 21, 40, 0)
False, True, 0.1549, (0, 53, 2, 41, 22, 74, 72, 21, 40, 53, 0)
True, True, 0.0439, (0, 40, 21, 73, 72, 74, 22, 41, 15, 43, 42, 57, 0)
True, True, 0.095, (0, 51, 9, 71, 65, 35, 34, 78, 81, 0)
True, True, 0.0059, (0, 13, 97, 37, 98, 93, 59, 99, 0)
all_elementary, False
all_cyc2, True
