Instance, E-n76-k14
capacity, 100
min_trucks, 14
output_file, output_farley/E-n76-k14-SPPRC.log
Start date, 2022-07-07
Start time, 12-58-51
capacity, 100
num_vehicles, 14
abort_early, False
methods, ['SPPRC']
max_vars, 100
time_limit, 43200
farley, True
ESPPRC_heur, True
initial time, initial max_it, max_stale_it
1, 20000.0, 20
heuristic Number of routes, heuristic Best Solution Value, heuristic number of iterations, adjusted time, adjusted max_it, measured total time
162, 1021.0, 118, 1, 20000.0, 124.8
method, python time, total time, propagated dominance time, unpropagated dominance time, pricing_success, upper_bound, lower_bound, abort_early, num_paths, 
SPPRC, 0.1, 0.0, 0.0, 0.0, 1, 1020.1667, -3072.5, 0, 1900
Farley, 0.1, 6.3, 4.2, 2.0, 0, 1020.1667, 285.2283, 0, Not Applicable
SPPRC, 0.0, 0.0, 0.0, 0.0, 1, 1020.1667, -2330.5, 0, 1007
Farley, 0.1, 0.4, 0.2, 0.1, 0, 1020.1667, 322.3195, 0, Not Applicable
SPPRC, 0.0, 0.0, 0.0, 0.0, 1, 1020.1667, -4929.8333, 0, 649
Farley, 0.1, 0.3, 0.2, 0.1, 0, 1020.1667, 298.7228, 0, Not Applicable
SPPRC, 0.0, 0.0, 0.0, 0.0, 1, 1020.1667, -2255.8333, 0, 925
Farley, 0.0, 0.4, 0.2, 0.1, 0, 1020.1667, 287.8998, 0, Not Applicable
SPPRC, 0.0, 0.0, 0.0, 0.0, 1, 1020.1667, -1704.3889, 0, 1515
Farley, 0.1, 0.8, 0.5, 0.2, 0, 1020.1667, 358.594, 0, Not Applicable
SPPRC, 0.1, 0.0, 0.0, 0.0, 1, 1020.1667, -1257.4778, 0, 911
Farley, 0.0, 1.0, 0.6, 0.3, 0, 1020.1667, 338.2287, 0, Not Applicable
SPPRC, 0.0, 0.0, 0.0, 0.0, 1, 1020.1667, -722.0556, 0, 885
Farley, 0.0, 1.3, 0.8, 0.4, 0, 1020.1667, 469.0893, 0, Not Applicable
SPPRC, 0.0, 0.0, 0.0, 0.0, 1, 1020.1667, -311.5833, 0, 954
Farley, 0.0, 47.7, 29.2, 18.1, 0, 1020.1667, 466.9242, 0, Not Applicable
SPPRC, 0.0, 0.0, 0.0, 0.0, 1, 1020.1667, -439.1369, 0, 941
Farley, 0.0, 14.7, 9.2, 5.2, 0, 1020.1667, 479.0348, 0, Not Applicable
SPPRC, 0.0, 0.0, 0.0, 0.0, 1, 1020.1667, 377.36, 0, 573
Farley, 0.0, 48.9, 31.1, 17.4, 0, 1020.1667, 400.7959, 0, Not Applicable
SPPRC, 0.0, 0.0, 0.0, 0.0, 1, 1020.1667, -1959.5, 0, 897
Farley, 0.0, 27.5, 17.9, 9.2, 0, 1020.1667, 498.0212, 0, Not Applicable
SPPRC, 0.1, 0.0, 0.0, 0.0, 1, 1019.0, -729.4091, 0, 1556
Farley, 0.0, 77.8, 52.4, 24.8, 0, 1019.0, 548.3208, 0, Not Applicable
SPPRC, 0.0, 0.0, 0.0, 0.0, 1, 1019.0, 330.9916, 0, 626
Farley, 0.1, 387.8, 285.0, 101.8, 0, 1019.0, 600.0498, 0, Not Applicable
SPPRC, 0.0, 0.0, 0.0, 0.0, 1, 1019.0, 723.2771, 0, 463
Farley, 0.0, 297.7, 206.1, 90.7, 0, 1019.0, 753.6698, 0, Not Applicable
SPPRC, 0.0, 0.0, 0.0, 0.0, 1, 1014.193, 137.4005, 0, 599
Farley, 0.1, 415.3, 298.4, 115.9, 0, 1014.193, 629.6597, 0, Not Applicable
SPPRC, 0.0, 0.0, 0.0, 0.0, 1, 1011.7267, 616.2267, 0, 411
Farley, 0.0, 291.9, 211.8, 79.2, 0, 1011.7267, 770.0245, 0, Not Applicable
SPPRC, 0.0, 0.0, 0.0, 0.0, 1, 1001.5942, 601.3039, 0, 451
Farley, 0.0, 117.6, 73.2, 43.9, 0, 1001.5942, 750.7584, 0, Not Applicable
SPPRC, 0.0, 0.0, 0.0, 0.0, 1, 993.4898, 812.618, 0, 232
Farley, 0.1, 133.5, 89.2, 43.6, 0, 993.4898, 765.7888, 0, Not Applicable
SPPRC, 0.0, 0.0, 0.0, 0.0, 1, 986.1117, 825.7806, 0, 179
Farley, 0.0, 349.0, 246.6, 101.4, 0, 986.1117, 870.5757, 0, Not Applicable
SPPRC, 0.0, 0.0, 0.0, 0.0, 1, 979.1338, 865.5789, 0, 142
Farley, 0.1, 67.6, 42.2, 24.9, 0, 979.1338, 885.5286, 0, Not Applicable
SPPRC, 0.0, 0.0, 0.0, 0.0, 1, 976.2445, 891.8338, 0, 41
Farley, -0.0, 365.7, 253.7, 111.1, 0, 976.2445, 853.6922, 0, Not Applicable
SPPRC, 0.0, 0.0, 0.0, 0.0, 1, 974.9992, 949.0424, 0, 32
Farley, -0.0, 321.2, 226.1, 94.2, 0, 974.9992, 925.1723, 0, Not Applicable
SPPRC, 0.0, 0.0, 0.0, 0.0, 1, 974.6085, 969.2563, 0, 8
Farley, 0.1, 219.7, 151.4, 67.7, 0, 974.6085, 967.7571, 0, Not Applicable
SPPRC, 0.0, 0.0, 0.0, 0.0, 1, 974.5333, 970.3479, 0, 1
Farley, 0.0, 241.6, 167.6, 73.2, 0, 974.5333, 971.7925, 0, Not Applicable
SPPRC, 0.0, 0.0, 0.0, 0.0, 1, 974.5241, 974.5241, 0, 0
Farley, 0.0, 251.5, 173.9, 76.8, 0, 974.5241, 974.5241, 0, Not Applicable
scip_total_time, 3813.192205
Solval, number of paths, impact cutoff
974.5240935429227, 75, 0.0001
Elementary, 2-Cycle, Path Value, Path
True, True, 0.2941, (0, 63, 23, 56, 41, 43, 1, 73, 0)
True, True, 0.199, (0, 30, 48, 47, 21, 74, 0)
True, True, 0.2334, (0, 7, 53, 11, 38, 0)
True, True, 0.7598, (0, 26, 12, 40, 17, 0)
True, True, 0.7578, (0, 11, 66, 59, 0)
True, True, 0.7485, (0, 62, 28, 61, 21, 74, 0)
False, False, 0.1429, (0, 25, 55, 25, 55, 25, 55, 25, 55, 25, 0)
False, False, 0.1539, (0, 13, 57, 15, 57, 15, 57, 13, 27, 0)
False, False, 0.1429, (0, 31, 55, 25, 55, 25, 55, 31, 72, 0)
False, False, 0.1231, (0, 51, 3, 44, 3, 44, 3, 17, 0)
False, False, 0.1539, (0, 5, 37, 20, 70, 20, 15, 0)
False, False, 0.1765, (0, 63, 23, 56, 23, 56, 23, 16, 0)
False, False, 0.2422, (0, 35, 14, 59, 14, 0)
False, False, 0.2941, (0, 22, 64, 42, 64, 22, 73, 0)
False, False, 0.1539, (0, 5, 37, 20, 37, 5, 0)
False, False, 0.1294, (0, 22, 64, 42, 64, 1, 0)
False, False, 0.4026, (0, 72, 10, 31, 10, 58, 0)
False, False, 0.1346, (0, 15, 57, 15, 57, 15, 57, 15, 57, 13, 0)
False, False, 0.0974, (0, 10, 31, 10, 58, 0)
False, False, 0.0088, (0, 58, 38, 65, 38, 58, 0)
False, False, 0.2422, (0, 65, 66, 65, 38, 58, 0)
False, False, 0.1689, (0, 38, 65, 38, 65, 38, 65, 0)
False, False, 0.0046, (0, 61, 69, 71, 70, 60, 70, 60, 71, 69, 61, 0)
True, True, 0.0259, (0, 51, 3, 44, 32, 9, 0)
True, True, 0.2222, (0, 29, 37, 20, 70, 60, 71, 69, 61, 0)
False, False, 0.2445, (0, 67, 46, 8, 46, 0)
False, False, 0.0876, (0, 40, 32, 40, 0)
False, False, 0.3173, (0, 75, 4, 75, 4, 0)
True, True, 0.5382, (0, 45, 29, 5, 48, 30, 0)
True, True, 0.0524, (0, 21, 69, 71, 60, 70, 20, 37, 0)
False, False, 0.1526, (0, 39, 9, 39, 9, 0)
False, False, 0.4118, (0, 6, 33, 73, 33, 6, 0)
False, False, 0.0201, (0, 2, 28, 61, 28, 0)
False, False, 0.3333, (0, 52, 27, 52, 27, 52, 0)
False, False, 0.1294, (0, 43, 41, 42, 41, 64, 22, 0)
False, False, 0.1402, (0, 24, 18, 50, 18, 50, 0)
False, False, 0.1689, (0, 47, 36, 69, 71, 60, 71, 69, 36, 47, 0)
False, False, 0.2402, (0, 12, 39, 9, 39, 72, 58, 0)
False, False, 0.0149, (0, 47, 36, 69, 71, 69, 71, 70, 20, 37, 0)
False, False, 0.5, (0, 34, 46, 34, 67, 0)
False, False, 0.3338, (0, 32, 18, 50, 18, 50, 0)
False, False, 0.0088, (0, 7, 53, 11, 53, 0)
False, True, 0.2353, (0, 1, 43, 42, 41, 43, 1, 0)
False, False, 0.2334, (0, 7, 53, 14, 53, 35, 0)
False, False, 0.1059, (0, 1, 43, 41, 42, 41, 42, 22, 0)
False, False, 0.285, (0, 51, 49, 24, 49, 24, 49, 16, 0)
False, False, 0.0044, (0, 67, 7, 35, 7, 67, 0)
False, False, 0.2245, (0, 7, 35, 19, 54, 13, 54, 8, 0)
False, False, 0.0521, (0, 24, 49, 24, 18, 32, 0)
True, True, 0.2821, (0, 7, 53, 14, 19, 8, 0)
False, False, 0.2487, (0, 36, 71, 60, 70, 60, 70, 20, 37, 0)
False, False, 0.2627, (0, 68, 2, 30, 2, 68, 0)
False, False, 0.2734, (0, 51, 3, 44, 32, 44, 3, 0)
False, False, 0.1179, (0, 26, 67, 26, 67, 0)
False, False, 0.0928, (0, 16, 24, 49, 24, 16, 0)
False, False, 0.058, (0, 51, 44, 32, 44, 3, 51, 0)
True, True, 0.065, (0, 40, 32, 44, 17, 0)
False, False, 0.0576, (0, 35, 19, 54, 13, 54, 13, 27, 0)
False, False, 0.011, (0, 67, 8, 35, 8, 46, 0)
False, False, 0.1765, (0, 16, 63, 56, 23, 56, 63, 0)
False, False, 0.2179, (0, 8, 19, 54, 13, 54, 19, 35, 0)
False, False, 0.0068, (0, 68, 74, 28, 74, 2, 68, 0)
False, True, 0.1218, (0, 4, 45, 27, 4, 0)
False, False, 0.1245, (0, 48, 47, 69, 36, 69, 36, 47, 0)
False, True, 0.0497, (0, 48, 47, 69, 36, 47, 48, 0)
True, True, 0.1765, (0, 68, 6, 33, 63, 16, 51, 0)
False, False, 0.0235, (0, 68, 62, 22, 64, 22, 62, 0)
False, False, 0.1004, (0, 68, 45, 29, 45, 29, 45, 0)
False, False, 0.0045, (0, 26, 7, 8, 35, 8, 35, 7, 0)
False, False, 0.2143, (0, 9, 39, 9, 31, 72, 0)
False, False, 0.1218, (0, 75, 68, 75, 4, 75, 0)
False, False, 0.0521, (0, 17, 32, 50, 32, 0)
False, True, 0.2044, (0, 2, 62, 28, 2, 0)
True, True, 0.0389, (0, 45, 29, 48, 74, 2, 68, 0)
False, True, 0.05, (0, 47, 36, 71, 70, 60, 71, 69, 36, 47, 0)
all_elementary, False
all_cyc2, False
