Instance, E-n76-k10
capacity, 140
min_trucks, 10
output_file, output_farley/E-n76-k10-SPPRC.log
Start date, 2022-07-07
Start time, 12-58-51
capacity, 140
num_vehicles, 10
abort_early, False
methods, ['SPPRC']
max_vars, 100
time_limit, 43200
farley, True
ESPPRC_heur, True
initial time, initial max_it, max_stale_it
1, 20000.0, 20
heuristic Number of routes, heuristic Best Solution Value, heuristic number of iterations, adjusted time, adjusted max_it, measured total time
22, 830.0, 32, 1, 20000.0, 38.7
method, python time, total time, propagated dominance time, unpropagated dominance time, pricing_success, upper_bound, lower_bound, abort_early, num_paths, 
SPPRC, 0.0, 0.0, 0.0, 0.0, 1, 830.0, -2830.0, 0, 776
Farley, 0.0, 0.6, 0.4, 0.2, 0, 830.0, 239.1525, 0, Not Applicable
SPPRC, 0.1, 0.0, 0.0, 0.0, 1, 830.0, -8630.0, 0, 775
Farley, 0.1, 0.7, 0.5, 0.2, 0, 830.0, 112.678, 0, Not Applicable
SPPRC, 0.1, 0.0, 0.0, 0.0, 1, 830.0, -3449.1667, 0, 1385
Farley, 0.1, 6.8, 4.8, 1.9, 0, 830.0, 239.1525, 0, Not Applicable
SPPRC, 0.0, 0.0, 0.0, 0.0, 1, 830.0, -2360.0, 0, 662
Farley, 0.0, 8.1, 5.6, 2.4, 0, 830.0, 239.1525, 0, Not Applicable
SPPRC, 0.1, 0.0, 0.0, 0.0, 1, 830.0, -4230.0, 0, 579
Farley, 0.1, 10.0, 7.5, 2.4, 0, 830.0, 152.1116, 0, Not Applicable
SPPRC, 0.0, 0.0, 0.0, 0.0, 1, 830.0, -1726.6667, 0, 849
Farley, 0.0, 19.2, 13.6, 5.4, 0, 830.0, 239.1525, 0, Not Applicable
SPPRC, 0.1, 0.0, 0.0, 0.0, 1, 830.0, -4100.0, 0, 1041
Farley, 0.1, 352.0, 285.8, 65.6, 0, 830.0, 235.9883, 0, Not Applicable
SPPRC, 0.1, 0.0, 0.0, 0.0, 1, 830.0, -4270.0, 0, 921
Farley, 0.1, 119.1, 93.4, 25.4, 0, 830.0, 195.0273, 0, Not Applicable
SPPRC, 0.1, 0.0, 0.0, 0.0, 1, 830.0, -3290.0, 0, 1207
Farley, 0.1, 10.2, 7.3, 2.7, 0, 830.0, 248.4354, 0, Not Applicable
SPPRC, 0.1, 0.0, 0.0, 0.0, 1, 830.0, -4856.3194, 0, 917
Farley, 0.0, 25.2, 17.7, 7.3, 0, 830.0, 248.4354, 0, Not Applicable
SPPRC, 0.0, 0.0, 0.0, 0.0, 1, 830.0, -4944.8684, 0, 447
Farley, 0.1, 5.4, 3.9, 1.4, 0, 830.0, 248.4354, 0, Not Applicable
SPPRC, 0.0, 0.0, 0.0, 0.0, 1, 830.0, -2220.0, 0, 919
Farley, 0.0, 19.5, 14.0, 5.3, 0, 830.0, 248.4354, 0, Not Applicable
SPPRC, 0.0, 0.0, 0.0, 0.0, 1, 830.0, -2894.9091, 0, 639
Farley, 0.0, 50.4, 38.7, 11.4, 0, 830.0, 166.0368, 0, Not Applicable
SPPRC, 0.0, 0.0, 0.0, 0.0, 1, 830.0, -3219.6076, 0, 578
Farley, 0.1, 9.3, 6.9, 2.3, 0, 830.0, 220.2865, 0, Not Applicable
SPPRC, 0.0, 0.0, 0.0, 0.0, 1, 830.0, -1600.0, 0, 1112
Farley, 0.1, 75.8, 56.2, 19.2, 0, 830.0, 248.4354, 0, Not Applicable
SPPRC, 0.1, 0.0, 0.0, 0.0, 1, 830.0, -3810.6143, 0, 1728
Farley, 0.0, 19.7, 13.9, 5.6, 0, 830.0, 181.4188, 0, Not Applicable
SPPRC, 0.0, 0.0, 0.0, 0.0, 1, 830.0, -1715.0, 0, 1495
Farley, 0.1, 19.0, 14.0, 4.8, 0, 830.0, 264.4402, 0, Not Applicable
SPPRC, 0.1, 0.0, 0.0, 0.0, 1, 830.0, -6758.9744, 0, 765
Farley, 0.1, 8.4, 6.4, 1.9, 0, 830.0, 209.7717, 0, Not Applicable
SPPRC, 0.0, 0.0, 0.0, 0.0, 1, 830.0, -992.5, 0, 1283
Farley, 0.1, 335.0, 267.4, 67.0, 0, 830.0, 283.4146, 0, Not Applicable
SPPRC, 0.0, 0.0, 0.0, 0.0, 1, 830.0, -1595.8627, 0, 1054
Farley, 0.1, 24.2, 18.3, 5.7, 0, 830.0, 240.5542, 0, Not Applicable
SPPRC, 0.0, 0.0, 0.0, 0.0, 1, 830.0, -1390.7055, 0, 1401
Farley, 0.0, 3.2, 2.4, 0.8, 0, 830.0, 223.8296, 0, Not Applicable
SPPRC, 0.0, 0.0, 0.0, 0.0, 1, 830.0, -1061.8363, 0, 1024
Farley, 0.1, 6.5, 4.9, 1.5, 0, 830.0, 249.0, 0, Not Applicable
SPPRC, 0.1, 0.0, 0.0, 0.0, 1, 830.0, -4494.0468, 0, 1777
Farley, 0.1, 7.3, 5.7, 1.5, 0, 830.0, 204.4437, 0, Not Applicable
SPPRC, 0.1, 0.0, 0.0, 0.0, 1, 830.0, -3026.5259, 0, 1849
Farley, 0.0, 19.9, 15.1, 4.5, 0, 830.0, 154.9115, 0, Not Applicable
SPPRC, 0.0, 0.0, 0.0, 0.0, 1, 830.0, -1740.0, 0, 1145
Farley, 0.1, 245.4, 192.6, 52.2, 0, 830.0, 173.6615, 0, Not Applicable
SPPRC, 0.1, 0.0, 0.0, 0.0, 1, 830.0, -624.2357, 0, 1638
Farley, 0.1, 51.7, 38.2, 13.2, 0, 830.0, 293.2943, 0, Not Applicable
SPPRC, 0.1, 0.0, 0.0, 0.0, 1, 830.0, -310.0, 0, 1338
Farley, 0.1, 2163.9, 1772.7, 388.9, 0, 830.0, 298.427, 0, Not Applicable
SPPRC, 0.1, 0.0, 0.0, 0.0, 1, 830.0, -688.9101, 0, 1389
Farley, 0.1, 32.6, 23.9, 8.4, 0, 830.0, 282.8571, 0, Not Applicable
SPPRC, 0.1, 0.0, 0.0, 0.0, 1, 830.0, -873.8512, 0, 1271
Farley, 0.0, 313.8, 246.3, 66.8, 0, 830.0, 188.2474, 0, Not Applicable
SPPRC, 0.1, 0.0, 0.0, 0.0, 1, 830.0, -955.4899, 0, 1843
Farley, 0.1, 472.4, 398.7, 72.8, 0, 830.0, 297.9535, 0, Not Applicable
SPPRC, 0.1, 0.0, 0.0, 0.0, 1, 830.0, -182.0357, 0, 1970
Farley, 0.1, 88.0, 66.4, 21.2, 0, 830.0, 331.0797, 0, Not Applicable
SPPRC, 0.0, 0.0, 0.0, 0.0, 1, 830.0, 48.5943, 0, 1146
Farley, 0.1, 1017.2, 865.1, 150.6, 0, 830.0, 309.391, 0, Not Applicable
SPPRC, 0.1, 0.0, 0.0, 0.0, 1, 830.0, -5.1524, 0, 1403
Farley, 0.1, 44.3, 33.3, 10.7, 0, 830.0, 391.8597, 0, Not Applicable
SPPRC, 0.0, 0.0, 0.0, 0.0, 1, 830.0, 242.8008, 0, 1143
Farley, 0.1, 2002.7, 1687.4, 313.0, 0, 830.0, 451.3676, 0, Not Applicable
SPPRC, 0.0, 0.0, 0.0, 0.0, 1, 830.0, 448.8235, 0, 1088
Farley, 0.1, 2769.9, 2351.4, 415.5, 0, 830.0, 439.4121, 0, Not Applicable
SPPRC, 0.1, 0.0, 0.0, 0.0, 1, 830.0, 262.4132, 0, 769
Farley, 0.1, 2601.9, 2231.5, 367.3, 0, 830.0, 455.9719, 0, Not Applicable
SPPRC, 0.1, 0.0, 0.0, 0.0, 1, 830.0, 470.0384, 0, 1127
Farley, 0.1, 1736.8, 1490.3, 244.1, 0, 830.0, 421.4178, 0, Not Applicable
SPPRC, 0.1, 0.0, 0.0, 0.0, 1, 830.0, -39.5969, 0, 1127
Farley, 0.2, 2487.4, 2143.3, 341.0, 0, 830.0, 448.0321, 0, Not Applicable
SPPRC, 0.1, 0.0, 0.0, 0.0, 1, 830.0, 234.1283, 0, 975
Farley, 0.1, 3038.3, 2599.8, 435.0, 0, 830.0, 395.8151, 0, Not Applicable
SPPRC, 0.1, 0.0, 0.0, 0.0, 1, 830.0, -938.7505, 0, 1556
Farley, 0.1, 373.8, 309.1, 63.7, 0, 830.0, 412.665, 0, Not Applicable
SPPRC, 0.1, 0.0, 0.0, 0.0, 1, 830.0, -0.6709, 0, 989
Farley, 0.1, 877.4, 757.2, 118.6, 0, 830.0, 547.5134, 0, Not Applicable
SPPRC, 0.1, 0.0, 0.0, 0.0, 1, 830.0, 472.2673, 0, 1170
Farley, 0.1, 758.5, 652.1, 105.0, 0, 830.0, 518.4393, 0, Not Applicable
SPPRC, 0.1, 0.0, 0.0, 0.0, 1, 830.0, 394.8823, 0, 792
Farley, 0.2, 1251.9, 1089.1, 160.8, 0, 830.0, 345.3146, 0, Not Applicable
SPPRC, 0.1, 0.0, 0.0, 0.0, 1, 827.7988, 50.3673, 0, 1143
Farley, 0.1, 1873.2, 1558.5, 312.3, 0, 827.7988, 448.6631, 0, Not Applicable
SPPRC, 0.0, 0.0, 0.0, 0.0, 1, 827.7988, 445.8429, 0, 697
Farley, 0.1, 859.6, 718.2, 139.9, 0, 827.7988, 530.0627, 0, Not Applicable
SPPRC, 0.1, 0.0, 0.0, 0.0, 1, 825.1287, 578.0233, 0, 700
Farley, 0.1, 3406.0, 2867.4, 535.1, 0, 825.1287, 646.5193, 0, Not Applicable
SPPRC, 0.1, 0.0, 0.0, 0.0, 1, 821.5621, 662.2572, 0, 483
Farley, 0.1, 5788.4, 4848.2, 935.3, 0, 821.5621, 620.6149, 0, Not Applicable
SPPRC, 0.1, 0.0, 0.0, 0.0, 1, 807.1664, 550.9487, 0, 508
Farley, 0.1, 2730.4, 2217.4, 509.9, 0, 807.1664, 666.1162, 0, Not Applicable
SPPRC, 0.1, 0.0, 0.0, 0.0, 1, 804.4395, 653.3288, 0, 417
Farley, 0.1, 1432.3, 1177.4, 252.9, 0, 804.4395, 673.8863, 0, Not Applicable
SPPRC, 0.1, 0.0, 0.0, 0.0, 1, 794.8725, 692.1737, 0, 275
Farley, 0.1, 3507.1, 2886.1, 617.5, 0, 794.8725, 706.9123, 0, Not Applicable
SPPRC, 0.1, 0.0, 0.0, 0.0, 1, 792.4593, 712.64, 0, 287
Farley, 0.2, 5405.6, 4478.9, 922.1, 0, 792.4593, 668.0676, 0, Not Applicable
SPPRC, 0.1, 0.0, 0.0, 0.0, 1, 790.0864, 749.3149, 0, 138
Farley, 0.2, 4780.5, 3934.4, 841.7, 0, 790.0864, 755.2122, 0, Not Applicable
SPPRC, 0.1, 0.0, 0.0, 0.0, 1, 785.7454, 725.5707, 0, 106
Farley, 0.1, 2226.9, 1856.4, 367.5, 0, 785.7454, 745.6818, 0, Not Applicable
SPPRC, 0.0, 0.0, 0.0, 0.0, 1, 785.2878, 769.5675, 0, 29
Farley, 0.1, 3557.7, 2937.5, 616.7, 0, 785.2878, 775.2162, 0, Not Applicable
SPPRC, 0.0, 0.0, 0.0, 0.0, 1, 785.1436, 772.6204, 0, 17
Farley, 0.0, 2037.0, 1675.2, 359.0, 0, 785.1436, 775.9759, 0, Not Applicable
SPPRC, 0.0, 0.0, 0.0, 0.0, 1, 784.9291, 784.7096, 0, 2
Farley, 0.1, 1859.5, 1526.7, 330.4, 0, 784.9291, 784.7831, 0, Not Applicable
SPPRC, 0.0, 0.0, 0.0, 0.0, 1, 784.9275, 784.9275, 0, 0
Farley, 0.0, 2014.1, 1667.9, 344.0, 0, 784.9275, 784.9275, 0, Not Applicable
scip_total_time, 65005.565227
Solval, number of paths, impact cutoff
784.9274936263016, 61, 0.0001
Elementary, 2-Cycle, Path Value, Path
True, True, 0.572, (0, 30, 74, 21, 61, 28, 2, 68, 0)
False, False, 0.0767, (0, 53, 14, 59, 14, 19, 8, 0)
False, False, 0.3047, (0, 16, 63, 56, 23, 56, 23, 56, 23, 63, 0)
False, False, 0.097, (0, 16, 49, 24, 49, 24, 49, 24, 49, 16, 0)
True, True, 0.1586, (0, 26, 38, 65, 66, 11, 7, 0)
False, False, 0.5, (0, 26, 58, 10, 31, 10, 58, 0)
False, False, 0.125, (0, 75, 4, 75, 4, 75, 0)
False, False, 0.428, (0, 5, 37, 20, 70, 20, 37, 5, 29, 0)
False, False, 0.288, (0, 68, 62, 22, 64, 42, 64, 22, 62, 0)
False, False, 0.0477, (0, 6, 73, 1, 43, 41, 43, 1, 33, 0)
True, True, 0.2105, (0, 6, 1, 43, 41, 42, 64, 22, 62, 0)
False, False, 0.1682, (0, 52, 27, 13, 54, 13, 54, 13, 27, 52, 0)
False, False, 0.144, (0, 48, 47, 69, 36, 69, 36, 47, 48, 30, 0)
True, True, 0.8414, (0, 35, 53, 11, 66, 65, 38, 0)
False, False, 0.375, (0, 4, 45, 29, 45, 4, 75, 0)
False, False, 0.0052, (0, 7, 14, 59, 14, 59, 19, 0)
False, False, 0.0793, (0, 7, 35, 14, 59, 14, 35, 7, 0)
False, False, 0.097, (0, 51, 24, 18, 50, 18, 50, 32, 0)
False, False, 0.138, (0, 7, 14, 59, 14, 59, 7, 0)
False, False, 0.0276, (0, 67, 34, 46, 34, 67, 0)
False, False, 0.0039, (0, 75, 2, 62, 73, 1, 73, 33, 6, 0)
False, False, 0.0173, (0, 52, 13, 57, 15, 57, 15, 57, 15, 57, 13, 27, 0)
True, True, 0.214, (0, 2, 28, 61, 21, 48, 30, 0)
False, False, 0.1612, (0, 32, 18, 50, 18, 50, 18, 32, 0)
False, False, 0.2154, (0, 67, 34, 52, 27, 52, 27, 52, 0)
False, False, 0.144, (0, 73, 22, 64, 42, 41, 42, 41, 43, 1, 73, 0)
False, False, 0.0963, (0, 73, 1, 43, 41, 43, 41, 43, 1, 73, 0)
False, False, 0.0491, (0, 17, 32, 50, 18, 50, 18, 50, 0)
False, False, 0.2431, (0, 67, 46, 34, 46, 67, 0)
False, False, 0.2212, (0, 8, 19, 54, 13, 54, 13, 54, 19, 8, 0)
False, False, 0.1121, (0, 17, 3, 44, 3, 44, 3, 44, 3, 17, 0)
False, False, 0.1361, (0, 6, 33, 73, 33, 63, 33, 6, 0)
False, False, 0.3414, (0, 26, 12, 40, 12, 40, 17, 0)
False, False, 0.1839, (0, 51, 3, 44, 32, 44, 3, 44, 3, 51, 0)
False, False, 0.272, (0, 12, 72, 39, 9, 39, 9, 40, 0)
False, False, 0.1121, (0, 32, 50, 18, 50, 18, 50, 44, 0)
False, False, 0.14, (0, 48, 47, 36, 69, 71, 60, 71, 69, 36, 47, 48, 0)
False, False, 0.1272, (0, 17, 51, 16, 63, 16, 63, 33, 6, 0)
False, False, 0.0744, (0, 1, 43, 41, 42, 41, 43, 1, 33, 0)
False, False, 0.2431, (0, 34, 46, 8, 46, 34, 67, 0)
False, False, 0.144, (0, 47, 36, 71, 60, 70, 60, 70, 20, 37, 5, 0)
False, False, 0.0226, (0, 17, 40, 32, 40, 17, 0)
False, False, 0.25, (0, 72, 31, 55, 25, 55, 25, 55, 25, 55, 25, 31, 72, 0)
False, False, 0.0696, (0, 62, 22, 64, 42, 41, 42, 43, 1, 73, 0)
False, False, 0.2378, (0, 7, 19, 59, 14, 59, 19, 8, 0)
False, False, 0.015, (0, 12, 72, 39, 9, 39, 9, 39, 72, 12, 0)
False, False, 0.0819, (0, 7, 53, 14, 59, 14, 7, 0)
False, False, 0.07, (0, 74, 61, 69, 71, 60, 70, 60, 70, 60, 71, 69, 36, 47, 0)
False, False, 0.204, (0, 51, 24, 49, 24, 49, 24, 49, 16, 51, 0)
False, False, 0.1979, (0, 17, 32, 9, 39, 9, 39, 72, 0)
False, True, 0.07, (0, 30, 74, 21, 61, 28, 74, 2, 0)
False, False, 0.0462, (0, 6, 33, 73, 1, 73, 1, 33, 6, 0)
False, False, 0.07, (0, 68, 2, 62, 28, 62, 2, 68, 0)
False, False, 0.015, (0, 17, 32, 9, 39, 9, 12, 0)
False, False, 0.0185, (0, 45, 15, 57, 15, 57, 15, 57, 15, 57, 13, 27, 0)
False, False, 0.0173, (0, 45, 15, 57, 15, 57, 15, 57, 15, 57, 15, 45, 0)
False, False, 0.123, (0, 75, 6, 33, 73, 33, 6, 75, 0)
False, False, 0.197, (0, 45, 29, 15, 57, 15, 57, 15, 57, 15, 57, 27, 0)
False, False, 0.0429, (0, 73, 1, 43, 41, 56, 23, 56, 23, 16, 0)
False, False, 0.144, (0, 48, 47, 36, 71, 60, 70, 60, 71, 69, 21, 74, 0)
False, False, 0.074, (0, 48, 47, 36, 69, 71, 60, 71, 69, 61, 28, 74, 0)
all_elementary, False
all_cyc2, False
