Instance, X-n125-k30
capacity, 188
min_trucks, 30
output_file, output_uchoa/X-n125-k30-ng20.log
Start date, 2022-06-26
Start time, 22-29-45
capacity, 188
num_vehicles, 30
abort_early, False
methods, ['ng20']
max_vars, 10000
time_limit, 86400
farley, False
initial time, initial max_it, max_stale_it
1, 20000.0, 20
heuristic Number of routes, heuristic Best Solution Value, heuristic number of iterations, adjusted time, adjusted max_it, measured total time
20061, 55546.0, 20000, 1, 20000.0, 20054.3
method, python time, total time, propagated dominance time, unpropagated dominance time, pricing_success, upper_bound, lower_bound, abort_early, num_paths, 
ng20, 3.9, 5.1, 2.8, 0.8, 1, 55319.86, -246543.6695, 0, 26802
ng20, 2.9, 3.0, 1.7, 0.4, 1, 55319.86, -62893.1989, 0, 17351
ng20, 2.7, 37.5, 25.5, 10.8, 1, 55319.86, 27934.1737, 0, 11907
ng20, 2.9, 3770.2, 2475.0, 1286.5, 1, 55319.86, 44375.86, 0, 17396
ng20, 0.8, 8311.3, 5492.2, 2804.9, 1, 55319.86, 52808.6835, 0, 2249
ng20, 0.1, 10651.1, 6983.0, 3651.9, 1, 55315.6364, 54963.2848, 0, 37
ng20, 0.1, 11059.2, 7111.4, 3931.0, 1, 55313.4763, 55306.1037, 0, 1
ng20, 0.1, 10530.9, 6829.5, 3685.2, 1, 55313.4651, 55313.4651, 0, 0
scip_total_time, 64438.148428
Solval, number of paths, impact cutoff
55313.46509712346, 104, 0.0001
Elementary, 2-Cycle, Path Value, Path
True, True, 0.2231, (0, 26, 0)
True, True, 0.7769, (0, 93, 26, 0)
True, True, 0.3334, (0, 4, 107, 41, 7, 77, 0)
True, True, 0.451, (0, 21, 10, 20, 95, 0)
True, True, 1.0, (0, 12, 37, 0)
True, True, 1.0, (0, 35, 103, 0)
True, True, 0.1299, (0, 99, 112, 0)
True, True, 0.7931, (0, 38, 96, 0)
True, True, 0.6034, (0, 60, 90, 102, 0)
True, True, 0.2985, (0, 3, 31, 0)
True, True, 0.2824, (0, 106, 43, 16, 81, 42, 123, 0)
True, True, 0.5, (0, 56, 82, 0)
True, True, 0.4757, (0, 51, 105, 89, 88, 115, 0)
True, True, 0.0043, (0, 5, 53, 98, 0)
True, True, 0.0205, (0, 113, 32, 48, 0)
True, True, 0.2985, (0, 122, 83, 61, 0)
True, True, 0.549, (0, 91, 10, 67, 64, 0)
True, True, 0.0405, (0, 17, 78, 28, 59, 6, 34, 2, 124, 0)
True, True, 0.3211, (0, 5, 33, 113, 0)
True, True, 0.9838, (0, 86, 111, 0)
True, True, 0.6789, (0, 32, 33, 53, 0)
True, True, 1.0, (0, 75, 120, 0)
True, True, 0.0162, (0, 43, 106, 86, 0)
True, True, 0.2985, (0, 14, 123, 44, 52, 102, 0)
True, True, 0.0248, (0, 72, 8, 113, 0)
True, True, 0.6832, (0, 57, 39, 100, 0)
True, True, 0.6746, (0, 48, 5, 8, 0)
True, True, 0.3966, (0, 60, 31, 0)
True, True, 0.2338, (0, 17, 78, 59, 70, 6, 34, 2, 124, 50, 0)
True, True, 0.7015, (0, 61, 122, 110, 0)
True, True, 0.0286, (0, 101, 77, 7, 107, 4, 95, 0)
True, True, 0.9752, (0, 72, 98, 69, 0)
True, True, 0.3168, (0, 57, 39, 113, 0)
True, True, 0.5243, (0, 70, 115, 88, 89, 105, 51, 0)
True, True, 0.3335, (0, 4, 107, 77, 101, 121, 0)
True, True, 0.7015, (0, 76, 106, 43, 52, 0)
True, True, 0.043, (0, 101, 7, 107, 41, 80, 0)
True, True, 0.2963, (0, 119, 71, 104, 29, 20, 0)
True, True, 0.1524, (0, 18, 99, 0)
True, True, 0.2579, (0, 84, 64, 71, 45, 0)
True, True, 0.2985, (0, 110, 83, 76, 0)
True, True, 0.2257, (0, 17, 15, 28, 124, 116, 0)
True, True, 0.1461, (0, 121, 54, 91, 21, 0)
True, True, 0.2433, (0, 117, 36, 63, 46, 1, 27, 30, 108, 0)
True, True, 0.0205, (0, 54, 98, 71, 104, 80, 58, 0)
True, True, 0.2824, (0, 13, 9, 19, 11, 114, 87, 92, 0)
True, True, 0.2419, (0, 17, 50, 34, 6, 2, 124, 78, 15, 0)
True, True, 0.8476, (0, 18, 112, 0)
True, True, 0.0996, (0, 20, 29, 71, 104, 65, 80, 58, 0)
True, True, 0.3006, (0, 8, 32, 101, 0)
True, True, 0.098, (0, 102, 31, 0)
True, True, 0.0248, (0, 65, 104, 71, 69, 0)
True, True, 0.2198, (0, 108, 27, 1, 46, 79, 63, 118, 25, 0)
True, True, 0.2581, (0, 15, 124, 50, 116, 66, 0)
True, True, 0.2579, (0, 54, 29, 104, 119, 45, 0)
True, True, 0.1009, (0, 117, 55, 36, 63, 79, 27, 30, 108, 0)
True, True, 0.2338, (0, 66, 2, 34, 6, 59, 19, 9, 28, 0)
True, True, 0.2609, (0, 54, 45, 119, 29, 58, 0)
True, True, 0.3049, (0, 73, 91, 48, 0)
True, True, 0.0081, (0, 66, 116, 50, 28, 15, 0)
True, True, 0.1514, (0, 58, 80, 4, 107, 41, 7, 64, 0)
True, True, 0.1531, (0, 95, 20, 4, 80, 65, 40, 22, 47, 68, 25, 0)
True, True, 0.1977, (0, 109, 36, 79, 46, 1, 27, 85, 0)
True, True, 0.3168, (0, 53, 113, 100, 0)
True, True, 0.1313, (0, 119, 71, 104, 65, 80, 0)
True, True, 0.4029, (0, 84, 67, 21, 83, 0)
True, True, 0.3966, (0, 73, 99, 16, 90, 0)
True, True, 0.7176, (0, 42, 81, 87, 114, 11, 92, 74, 0)
True, True, 0.0157, (0, 80, 41, 107, 77, 101, 0)
True, True, 0.1599, (0, 95, 94, 47, 22, 40, 118, 25, 109, 117, 0)
True, True, 0.2985, (0, 73, 99, 16, 97, 0)
True, True, 0.1404, (0, 94, 47, 68, 25, 109, 36, 55, 30, 108, 0)
True, True, 0.4191, (0, 3, 44, 123, 97, 13, 14, 0)
True, True, 0.1965, (0, 101, 7, 41, 65, 40, 22, 68, 0)
True, True, 0.0162, (0, 49, 66, 116, 50, 15, 17, 13, 0)
True, True, 0.2824, (0, 14, 13, 74, 97, 44, 3, 0)
True, True, 0.0225, (0, 16, 99, 112, 0)
True, True, 0.5, (0, 24, 23, 56, 0)
True, True, 0.0081, (0, 15, 28, 59, 6, 34, 2, 116, 0)
True, True, 0.1808, (0, 68, 118, 63, 79, 46, 1, 55, 85, 62, 0)
True, True, 0.2419, (0, 116, 2, 59, 19, 9, 28, 78, 0)
True, True, 0.0528, (0, 68, 40, 65, 41, 107, 121, 0)
True, True, 0.0417, (0, 68, 47, 22, 40, 65, 107, 77, 64, 0)
True, True, 0.2069, (0, 38, 31, 0)
True, True, 0.231, (0, 94, 47, 22, 118, 25, 109, 117, 62, 0)
True, True, 0.0162, (0, 111, 93, 0)
True, True, 0.0958, (0, 117, 55, 109, 25, 118, 40, 22, 47, 94, 0)
True, True, 0.5, (0, 24, 23, 49, 82, 0)
True, True, 0.2419, (0, 66, 34, 6, 70, 59, 19, 9, 28, 78, 0)
True, True, 0.1781, (0, 94, 47, 40, 65, 80, 58, 121, 0)
True, True, 0.2073, (0, 95, 58, 80, 41, 7, 77, 54, 121, 0)
True, True, 0.2069, (0, 96, 93, 0)
False, True, 0.0082, (0, 54, 67, 119, 45, 54, 0)
False, True, 0.1645, (0, 62, 85, 109, 55, 30, 85, 62, 0)
False, True, 0.0107, (0, 108, 62, 85, 117, 109, 85, 62, 0)
True, True, 0.1127, (0, 94, 68, 118, 63, 36, 55, 30, 85, 62, 0)
False, True, 0.0625, (0, 62, 117, 36, 79, 46, 1, 55, 85, 62, 0)
False, True, 0.1696, (0, 84, 104, 71, 45, 84, 0)
False, True, 0.1424, (0, 108, 30, 55, 36, 63, 79, 27, 108, 0)
False, True, 0.2419, (0, 49, 66, 116, 50, 15, 17, 49, 0)
True, True, 0.0399, (0, 68, 22, 40, 65, 29, 67, 7, 77, 0)
True, True, 0.0958, (0, 85, 30, 27, 1, 46, 79, 117, 0)
True, True, 0.0821, (0, 94, 68, 22, 40, 65, 58, 101, 121, 0)
False, True, 0.0454, (0, 54, 45, 119, 29, 54, 0)
all_elementary, False
all_cyc2, True
