Instance, X-n167-k10
capacity, 133
min_trucks, 10
output_file, output_uchoa/X-n167-k10-ng8.log
Start date, 2022-06-27
Start time, 04-40-19
capacity, 133
num_vehicles, 10
abort_early, False
methods, ['ng8']
max_vars, 10000
time_limit, 86400
farley, False
initial time, initial max_it, max_stale_it
1, 20000.0, 20
heuristic Number of routes, heuristic Best Solution Value, heuristic number of iterations, adjusted time, adjusted max_it, measured total time
51719, 20557.0, 20000, 1, 20000.0, 20138.3
method, python time, total time, propagated dominance time, unpropagated dominance time, pricing_success, upper_bound, lower_bound, abort_early, num_paths, 
ng8, 4.5, 1.4, 1.0, 0.1, 1, 20381.2651, -42164.4236, 0, 11017
ng8, 4.0, 1.9, 1.5, 0.1, 1, 20381.2651, -8503.5195, 0, 10152
ng8, 3.7, 2.3, 1.8, 0.1, 1, 20374.055, -5804.5794, 0, 9713
ng8, 4.7, 7.0, 5.8, 0.4, 1, 20374.055, 6094.3831, 0, 12599
ng8, 3.7, 7.1, 6.0, 0.4, 1, 20374.055, 8798.6633, 0, 8907
ng8, 4.7, 14.6, 12.7, 0.8, 1, 20366.6982, 13567.0119, 0, 10774
ng8, 4.2, 27.2, 24.5, 1.3, 1, 20343.0276, 15567.3716, 0, 8886
ng8, 4.9, 34.2, 31.3, 1.5, 1, 20326.9538, 14285.8219, 0, 9805
ng8, 2.5, 95.4, 90.8, 2.6, 1, 20326.9538, 16559.8066, 0, 4850
ng8, 1.4, 139.8, 133.6, 3.6, 1, 20311.3704, 17826.8799, 0, 2843
ng8, 4.4, 2.0, 1.3, 0.1, 1, 20303.1588, -132001.2082, 0, 14295
ng8, 3.5, 3.9, 3.1, 0.3, 1, 20303.1588, -546.7838, 0, 8444
ng8, 2.0, 93.3, 88.8, 2.5, 1, 20303.1588, 17524.3801, 0, 3878
ng8, 0.8, 172.1, 164.8, 4.5, 1, 20303.1588, 18626.5214, 0, 1620
ng8, 3.8, 71.4, 67.5, 2.0, 1, 20285.8826, 15583.8861, 0, 7835
ng8, 1.2, 143.4, 137.3, 3.6, 1, 20285.8826, 18682.6652, 0, 2398
ng8, 1.2, 127.9, 122.1, 3.3, 1, 20279.1443, 18534.3574, 0, 2355
ng8, 0.7, 172.0, 164.7, 4.6, 1, 20278.2898, 19281.3569, 0, 1118
ng8, 0.7, 182.3, 175.0, 4.5, 1, 20274.7161, 19113.6537, 0, 1411
ng8, 0.8, 245.7, 236.4, 6.2, 1, 20267.2641, 19038.6036, 0, 1443
ng8, 2.6, 159.7, 152.9, 4.4, 1, 20260.654, 17015.9849, 0, 4687
ng8, 1.0, 226.6, 218.1, 5.6, 1, 20260.654, 18469.3788, 0, 1796
ng8, 2.7, 178.9, 172.1, 4.3, 1, 20257.7217, 17106.4071, 0, 5267
ng8, 0.5, 248.5, 239.0, 6.3, 1, 20257.6883, 19423.3411, 0, 916
ng8, 0.5, 278.2, 267.7, 7.2, 1, 20251.3883, 19414.9435, 0, 741
ng8, 0.4, 258.2, 248.6, 6.5, 1, 20245.2483, 19298.7501, 0, 587
ng8, 1.0, 204.6, 196.5, 5.3, 1, 20241.7864, 18412.0129, 0, 1835
ng8, 0.4, 285.9, 274.8, 7.7, 1, 20241.7864, 19530.2244, 0, 599
ng8, 0.7, 243.8, 234.7, 6.0, 1, 20235.6554, 19271.0687, 0, 1188
ng8, 0.2, 342.5, 329.9, 8.9, 1, 20235.6554, 19657.2886, 0, 415
ng8, 0.2, 322.3, 310.3, 8.4, 1, 20226.3384, 19695.7433, 0, 331
ng8, 0.2, 300.3, 288.5, 8.1, 1, 20216.8549, 19822.7652, 0, 301
ng8, 0.2, 333.4, 320.8, 8.9, 1, 20214.2815, 19856.6125, 0, 254
ng8, 0.2, 279.1, 267.9, 7.5, 1, 20213.0742, 19977.675, 0, 174
ng8, 0.2, 263.4, 253.0, 6.9, 1, 20210.6022, 19938.2485, 0, 189
ng8, 0.2, 335.3, 322.1, 9.4, 1, 20209.7937, 19942.074, 0, 112
ng8, 0.1, 325.2, 312.7, 8.7, 1, 20207.0966, 19928.6575, 0, 135
ng8, 0.1, 318.3, 306.1, 8.5, 1, 20206.3665, 19922.0558, 0, 96
ng8, 0.1, 339.3, 326.4, 9.1, 1, 20205.9206, 20088.2443, 0, 55
ng8, 2.7, 1.1, 0.8, 0.1, 1, 20205.2307, -81175.6885, 0, 9243
ng8, 3.5, 8.1, 6.8, 0.5, 1, 20205.2307, 4743.8323, 0, 8703
ng8, 1.1, 112.6, 106.3, 3.7, 1, 20205.2307, 18064.224, 0, 2257
ng8, 0.3, 247.6, 237.3, 6.8, 1, 20205.2307, 19634.1257, 0, 425
ng8, 0.1, 450.4, 433.8, 12.5, 1, 20205.2307, 20094.6078, 0, 85
ng8, 0.1, 377.2, 362.5, 10.7, 1, 20205.1414, 20097.2064, 0, 43
ng8, 0.0, 366.6, 352.6, 10.1, 1, 20204.8669, 20138.291, 0, 26
ng8, 0.0, 348.3, 334.7, 9.7, 1, 20204.8359, 20112.675, 0, 15
ng8, 0.0, 348.4, 334.9, 9.6, 1, 20204.7108, 20143.8088, 0, 14
ng8, 0.1, 354.3, 340.6, 9.8, 1, 20204.7074, 20204.6067, 0, 4
ng8, 0.0, 350.6, 337.0, 9.7, 1, 20204.7074, 20204.7074, 0, 0
scip_total_time, 30041.38302
Solval, number of paths, impact cutoff
20204.707409992392, 117, 0.0001
Elementary, 2-Cycle, Path Value, Path
True, True, 0.301, (0, 80, 105, 36, 110, 65, 34, 164, 81, 45, 98, 150, 135, 100, 102, 108, 27, 101, 18, 144, 0)
True, True, 0.0667, (0, 137, 83, 69, 118, 47, 155, 56, 58, 61, 127, 126, 78, 165, 26, 35, 123, 9, 157, 0)
True, True, 0.0327, (0, 44, 30, 92, 15, 159, 17, 96, 14, 85, 128, 62, 162, 68, 48, 119, 140, 134, 0)
True, True, 0.1614, (0, 21, 149, 160, 75, 95, 59, 112, 53, 32, 28, 29, 2, 16, 109, 4, 131, 55, 0)
True, True, 0.1035, (0, 138, 20, 49, 64, 107, 104, 12, 57, 77, 13, 1, 122, 111, 88, 163, 145, 129, 8, 0)
True, True, 0.2441, (0, 158, 95, 59, 112, 53, 72, 10, 51, 146, 39, 11, 141, 70, 133, 24, 31, 40, 100, 18, 0)
True, True, 0.1939, (0, 46, 15, 17, 96, 38, 151, 153, 116, 148, 97, 115, 156, 85, 14, 52, 119, 140, 0)
True, True, 0.3598, (0, 21, 149, 4, 160, 75, 109, 16, 2, 29, 28, 32, 72, 53, 112, 59, 95, 158, 0)
True, True, 0.1613, (0, 80, 105, 36, 110, 65, 34, 164, 81, 45, 98, 150, 135, 40, 50, 19, 102, 108, 27, 18, 0)
True, True, 0.0382, (0, 44, 30, 92, 15, 159, 17, 96, 14, 128, 62, 162, 68, 48, 119, 140, 134, 67, 0)
True, True, 0.0159, (0, 144, 18, 27, 108, 102, 19, 50, 40, 135, 150, 98, 45, 81, 164, 34, 65, 110, 36, 105, 0)
True, True, 0.023, (0, 8, 129, 145, 163, 88, 111, 122, 1, 13, 77, 57, 12, 104, 107, 64, 49, 20, 66, 0)
True, True, 0.0125, (0, 80, 101, 27, 108, 100, 40, 31, 24, 133, 70, 141, 11, 39, 120, 82, 142, 132, 154, 23, 54, 0)
True, True, 0.2739, (0, 128, 138, 41, 74, 33, 106, 166, 94, 90, 161, 91, 49, 147, 117, 43, 66, 125, 85, 0)
True, True, 0.0651, (0, 43, 117, 147, 107, 64, 104, 12, 57, 77, 13, 1, 122, 111, 88, 163, 145, 129, 8, 0)
True, True, 0.2805, (0, 134, 52, 14, 85, 156, 115, 97, 148, 116, 153, 151, 38, 96, 17, 159, 92, 30, 44, 0)
True, True, 0.1551, (0, 67, 134, 119, 140, 46, 92, 159, 15, 52, 48, 68, 62, 162, 9, 157, 7, 89, 0)
True, True, 0.0052, (0, 67, 157, 9, 48, 68, 162, 62, 128, 14, 96, 17, 159, 15, 92, 30, 44, 86, 0)
True, True, 0.2, (0, 3, 130, 143, 71, 113, 21, 149, 4, 131, 151, 153, 116, 148, 97, 115, 38, 55, 44, 0)
True, True, 0.0312, (0, 21, 160, 75, 32, 72, 10, 51, 146, 84, 37, 136, 114, 163, 145, 129, 117, 43, 125, 156, 0)
True, True, 0.1818, (0, 54, 23, 142, 82, 120, 39, 11, 141, 70, 133, 24, 31, 40, 50, 19, 102, 108, 27, 101, 80, 0)
True, True, 0.122, (0, 89, 7, 157, 9, 48, 68, 162, 62, 128, 14, 96, 17, 15, 46, 140, 119, 134, 0)
True, True, 0.0597, (0, 125, 43, 117, 147, 129, 145, 163, 114, 136, 37, 84, 146, 51, 10, 72, 32, 75, 160, 21, 0)
True, True, 0.1346, (0, 138, 20, 49, 107, 64, 104, 12, 57, 77, 13, 1, 122, 111, 88, 37, 84, 10, 72, 0)
True, True, 0.0196, (0, 76, 60, 158, 95, 59, 112, 53, 32, 28, 29, 2, 16, 109, 160, 149, 21, 0)
True, True, 0.0486, (0, 142, 82, 120, 146, 84, 37, 88, 111, 122, 1, 13, 77, 57, 12, 104, 129, 8, 131, 0)
True, True, 0.0594, (0, 5, 86, 67, 134, 119, 140, 46, 30, 79, 121, 42, 87, 124, 63, 99, 0)
False, True, 0.3301, (0, 5, 86, 103, 63, 124, 152, 121, 79, 42, 87, 124, 63, 103, 86, 5, 0)
False, True, 0.0955, (0, 6, 7, 25, 93, 118, 47, 126, 127, 61, 58, 56, 155, 69, 83, 22, 73, 25, 7, 0)
False, True, 0.043, (0, 89, 7, 25, 93, 118, 47, 126, 127, 61, 58, 56, 155, 69, 83, 22, 73, 25, 89, 0)
True, True, 0.0722, (0, 137, 83, 69, 155, 56, 58, 61, 127, 126, 78, 165, 26, 35, 123, 62, 162, 68, 48, 0)
False, True, 0.1627, (0, 67, 89, 137, 83, 69, 22, 73, 25, 93, 123, 62, 162, 68, 48, 9, 157, 6, 89, 0)
True, True, 0.2107, (0, 6, 93, 118, 47, 127, 155, 56, 58, 61, 106, 33, 74, 41, 78, 165, 26, 35, 123, 0)
False, True, 0.049, (0, 99, 5, 86, 103, 63, 124, 87, 42, 79, 121, 152, 103, 86, 5, 99, 0)
False, True, 0.0002, (0, 137, 22, 73, 25, 93, 118, 47, 126, 127, 61, 58, 56, 155, 69, 22, 73, 25, 7, 0)
False, True, 0.0886, (0, 105, 36, 101, 27, 108, 100, 135, 150, 98, 45, 81, 164, 34, 65, 101, 36, 105, 80, 0)
True, True, 0.1087, (0, 128, 138, 90, 161, 91, 49, 64, 107, 129, 145, 163, 114, 136, 37, 84, 51, 146, 120, 82, 0)
True, True, 0.1335, (0, 6, 157, 9, 123, 35, 26, 165, 78, 126, 127, 61, 58, 56, 155, 69, 22, 73, 137, 0)
True, True, 0.0593, (0, 76, 60, 132, 142, 19, 50, 40, 135, 150, 98, 45, 81, 164, 34, 65, 110, 36, 105, 0)
False, True, 0.0069, (0, 35, 165, 78, 41, 74, 33, 166, 94, 161, 91, 20, 90, 94, 166, 33, 74, 41, 138, 128, 0)
True, True, 0.0584, (0, 158, 82, 120, 51, 84, 37, 88, 111, 122, 1, 13, 77, 57, 12, 104, 129, 8, 0)
True, True, 0.0665, (0, 55, 131, 109, 16, 2, 29, 28, 10, 84, 37, 136, 114, 163, 145, 129, 8, 115, 0)
True, True, 0.1132, (0, 152, 121, 79, 3, 130, 143, 71, 113, 60, 132, 154, 139, 23, 76, 54, 87, 99, 0)
True, True, 0.0836, (0, 121, 79, 3, 130, 143, 71, 113, 60, 132, 154, 139, 23, 76, 54, 87, 124, 63, 0)
True, True, 0.1968, (0, 99, 152, 42, 54, 76, 23, 139, 154, 132, 60, 113, 71, 143, 130, 3, 79, 121, 0)
False, True, 0.0661, (0, 76, 154, 142, 19, 50, 31, 24, 133, 70, 141, 11, 39, 120, 82, 142, 19, 50, 102, 139, 0)
True, True, 0.1418, (0, 125, 66, 20, 147, 107, 64, 104, 12, 57, 77, 13, 1, 122, 111, 88, 163, 145, 8, 0)
True, True, 0.0098, (0, 158, 82, 120, 146, 84, 37, 88, 111, 122, 1, 13, 77, 57, 12, 104, 91, 20, 66, 0)
True, True, 0.1772, (0, 5, 86, 44, 30, 92, 159, 15, 52, 48, 68, 62, 162, 9, 157, 7, 6, 67, 0)
False, True, 0.1438, (0, 128, 138, 41, 74, 33, 106, 166, 94, 161, 91, 20, 90, 94, 166, 106, 126, 47, 118, 0)
True, True, 0.0527, (0, 55, 131, 109, 16, 28, 10, 84, 37, 136, 114, 163, 145, 129, 117, 43, 66, 125, 156, 0)
True, True, 0.0464, (0, 93, 118, 47, 126, 106, 166, 94, 90, 161, 91, 49, 147, 117, 43, 66, 125, 156, 14, 0)
True, True, 0.143, (0, 99, 63, 87, 144, 54, 76, 23, 139, 154, 132, 60, 113, 71, 143, 130, 3, 42, 0)
True, True, 0.0753, (0, 131, 8, 114, 136, 88, 111, 122, 1, 13, 77, 57, 12, 104, 64, 107, 147, 117, 43, 66, 0)
False, True, 0.1726, (0, 67, 89, 6, 7, 157, 9, 162, 62, 68, 48, 52, 15, 46, 140, 119, 134, 67, 0)
False, True, 0.1387, (0, 137, 73, 25, 93, 118, 47, 126, 127, 61, 58, 56, 155, 83, 22, 73, 25, 7, 89, 0)
True, True, 0.0205, (0, 96, 156, 125, 66, 43, 117, 147, 49, 91, 161, 90, 94, 166, 106, 126, 47, 118, 93, 0)
True, True, 0.143, (0, 152, 42, 3, 130, 143, 71, 113, 60, 132, 154, 139, 23, 76, 54, 87, 124, 99, 0)
False, True, 0.0048, (0, 99, 63, 124, 87, 42, 121, 79, 30, 46, 140, 119, 134, 44, 152, 103, 99, 0)
True, True, 0.022, (0, 149, 4, 109, 2, 29, 28, 10, 84, 37, 136, 114, 163, 145, 129, 117, 43, 66, 125, 0)
False, True, 0.1866, (0, 137, 83, 69, 22, 73, 25, 93, 118, 47, 126, 127, 61, 58, 56, 155, 69, 83, 22, 137, 0)
False, True, 0.0703, (0, 30, 92, 159, 17, 96, 14, 85, 156, 115, 97, 148, 116, 153, 151, 38, 55, 30, 0)
True, True, 0.0527, (0, 55, 131, 16, 2, 29, 28, 10, 51, 146, 39, 11, 141, 70, 133, 24, 31, 40, 100, 0)
False, True, 0.161, (0, 123, 35, 26, 165, 78, 41, 90, 94, 166, 106, 33, 74, 78, 165, 26, 35, 123, 0)
True, True, 0.0041, (0, 55, 151, 153, 8, 129, 145, 163, 114, 136, 37, 84, 146, 51, 10, 72, 32, 75, 21, 0)
True, True, 0.0465, (0, 3, 130, 143, 71, 113, 21, 149, 160, 4, 131, 151, 38, 55, 96, 17, 92, 30, 44, 0)
True, True, 0.0187, (0, 158, 120, 146, 51, 84, 37, 88, 111, 122, 1, 13, 77, 57, 12, 104, 91, 20, 66, 0)
False, True, 0.0002, (0, 89, 7, 25, 73, 22, 83, 69, 155, 56, 58, 61, 127, 126, 47, 118, 93, 25, 73, 0)
False, True, 0.0886, (0, 144, 18, 101, 110, 34, 164, 81, 98, 135, 150, 45, 65, 34, 110, 36, 105, 80, 144, 0)
True, True, 0.0052, (0, 44, 30, 92, 15, 159, 17, 96, 14, 128, 62, 162, 68, 48, 119, 140, 46, 5, 0)
False, True, 0.0478, (0, 137, 73, 25, 93, 118, 47, 126, 127, 61, 58, 56, 155, 69, 83, 22, 73, 25, 93, 6, 0)
True, True, 0.0069, (0, 128, 125, 66, 43, 117, 147, 49, 91, 161, 90, 94, 166, 33, 74, 41, 78, 165, 26, 0)
True, True, 0.1558, (0, 156, 125, 66, 43, 117, 147, 20, 91, 161, 90, 94, 166, 33, 74, 41, 78, 165, 26, 35, 0)
False, True, 0.0815, (0, 99, 103, 152, 121, 79, 44, 119, 140, 46, 92, 30, 79, 121, 152, 103, 99, 0)
True, True, 0.0812, (0, 55, 131, 109, 16, 2, 29, 10, 51, 146, 39, 11, 141, 70, 133, 24, 31, 40, 100, 0)
True, True, 0.0506, (0, 125, 66, 20, 49, 107, 104, 12, 57, 77, 13, 1, 122, 111, 88, 136, 114, 8, 116, 0)
True, True, 0.0886, (0, 110, 65, 164, 81, 45, 98, 150, 135, 31, 24, 133, 70, 141, 11, 39, 120, 82, 158, 0)
False, True, 0.0569, (0, 134, 119, 140, 46, 15, 17, 96, 14, 128, 62, 162, 68, 48, 119, 140, 134, 67, 0)
False, True, 0.0069, (0, 123, 35, 26, 138, 41, 74, 33, 166, 94, 161, 91, 90, 94, 166, 33, 74, 41, 138, 128, 0)
True, True, 0.005, (0, 157, 9, 123, 35, 26, 165, 138, 78, 126, 127, 61, 58, 56, 155, 69, 22, 73, 137, 0)
True, True, 0.0601, (0, 38, 97, 148, 8, 129, 145, 163, 114, 136, 37, 84, 146, 51, 10, 72, 32, 75, 160, 21, 0)
True, True, 0.1025, (0, 153, 8, 114, 136, 88, 111, 122, 1, 13, 77, 57, 12, 104, 64, 107, 147, 117, 43, 0)
True, True, 0.1544, (0, 60, 158, 95, 59, 112, 53, 32, 28, 29, 2, 16, 109, 75, 160, 4, 131, 55, 0)
True, True, 0.0151, (0, 125, 66, 20, 49, 64, 104, 12, 57, 77, 13, 1, 122, 111, 88, 136, 114, 8, 97, 0)
True, True, 0.0308, (0, 55, 131, 109, 2, 29, 28, 10, 51, 146, 39, 11, 141, 70, 133, 24, 31, 40, 100, 0)
True, True, 0.0739, (0, 99, 87, 144, 54, 76, 23, 139, 154, 132, 60, 113, 71, 143, 130, 3, 42, 103, 0)
True, True, 0.161, (0, 128, 138, 20, 161, 91, 49, 64, 107, 129, 145, 163, 114, 136, 37, 84, 51, 146, 120, 82, 142, 0)
True, True, 0.0355, (0, 125, 66, 20, 49, 64, 104, 12, 57, 77, 13, 1, 122, 111, 88, 136, 114, 8, 148, 0)
False, True, 0.0205, (0, 46, 15, 159, 17, 14, 85, 156, 115, 97, 148, 116, 153, 151, 38, 96, 17, 15, 46, 0)
False, True, 0.0483, (0, 21, 149, 160, 75, 95, 59, 112, 53, 32, 28, 29, 2, 16, 109, 75, 160, 149, 0)
True, True, 0.0061, (0, 115, 129, 104, 12, 57, 77, 13, 1, 122, 111, 88, 37, 84, 10, 32, 75, 149, 0)
False, True, 0.1075, (0, 44, 30, 92, 159, 17, 96, 38, 151, 153, 116, 148, 97, 115, 156, 85, 14, 159, 46, 0)
True, True, 0.056, (0, 149, 4, 75, 32, 72, 10, 51, 146, 84, 37, 136, 114, 163, 145, 129, 8, 116, 151, 55, 0)
True, True, 0.011, (0, 158, 95, 59, 112, 53, 72, 10, 51, 146, 84, 37, 136, 114, 163, 145, 129, 8, 148, 97, 0)
True, True, 0.0204, (0, 138, 41, 90, 161, 91, 104, 12, 57, 77, 13, 1, 122, 111, 88, 136, 114, 8, 97, 0)
True, True, 0.0187, (0, 158, 82, 120, 146, 51, 10, 84, 37, 136, 114, 163, 145, 129, 147, 117, 43, 66, 125, 128, 0)
True, True, 0.0287, (0, 8, 129, 104, 12, 57, 77, 13, 1, 122, 111, 88, 37, 84, 10, 72, 32, 149, 0)
True, True, 0.0339, (0, 115, 8, 114, 136, 88, 111, 122, 1, 13, 77, 57, 12, 104, 64, 107, 117, 43, 125, 0)
True, True, 0.0285, (0, 138, 90, 161, 104, 12, 57, 77, 13, 1, 122, 111, 88, 37, 84, 10, 28, 131, 0)
False, True, 0.0361, (0, 76, 132, 142, 19, 50, 31, 24, 133, 70, 141, 11, 39, 120, 82, 142, 19, 50, 102, 139, 0)
False, True, 0.1445, (0, 144, 80, 105, 36, 110, 65, 34, 164, 81, 45, 98, 150, 135, 100, 108, 27, 101, 18, 144, 0)
True, True, 0.002, (0, 125, 43, 117, 129, 145, 163, 114, 136, 37, 84, 10, 28, 29, 2, 16, 109, 149, 0)
True, True, 0.0094, (0, 128, 125, 66, 43, 117, 147, 129, 145, 163, 114, 136, 37, 84, 10, 72, 32, 75, 160, 21, 0)
True, True, 0.0204, (0, 125, 66, 43, 117, 147, 49, 91, 161, 90, 94, 166, 33, 74, 78, 165, 26, 35, 123, 0)
True, True, 0.0132, (0, 101, 27, 108, 102, 19, 50, 40, 31, 24, 133, 70, 141, 11, 39, 120, 82, 158, 60, 76, 0)
False, True, 0.0175, (0, 139, 102, 50, 19, 142, 82, 120, 39, 11, 141, 70, 133, 24, 31, 40, 50, 19, 102, 139, 0)
False, True, 0.0865, (0, 139, 102, 50, 19, 142, 82, 120, 39, 11, 141, 70, 133, 24, 31, 50, 19, 142, 132, 154, 0)
True, True, 0.0446, (0, 105, 101, 27, 108, 100, 40, 31, 24, 133, 70, 141, 11, 39, 120, 82, 142, 19, 50, 102, 18, 0)
True, True, 0.0206, (0, 134, 140, 119, 52, 14, 85, 156, 115, 97, 148, 116, 153, 151, 38, 55, 30, 44, 0)
False, True, 0.0105, (0, 54, 139, 102, 50, 19, 142, 82, 11, 39, 141, 70, 133, 24, 31, 50, 19, 102, 139, 54, 0)
True, True, 0.0216, (0, 54, 154, 142, 82, 120, 39, 11, 141, 70, 133, 24, 31, 40, 50, 19, 102, 108, 27, 101, 80, 0)
True, True, 0.0077, (0, 54, 154, 142, 82, 120, 39, 11, 141, 70, 133, 24, 31, 40, 50, 19, 102, 108, 27, 101, 105, 0)
True, True, 0.0036, (0, 158, 82, 11, 39, 146, 51, 84, 37, 136, 114, 163, 145, 129, 147, 117, 43, 66, 125, 128, 0)
True, True, 0.0522, (0, 76, 23, 154, 132, 142, 19, 50, 40, 135, 150, 98, 45, 81, 164, 34, 65, 110, 36, 0)
False, True, 0.0036, (0, 101, 27, 108, 102, 19, 50, 40, 31, 24, 133, 70, 141, 82, 142, 19, 50, 102, 108, 27, 101, 0)
False, True, 0.0009, (0, 54, 139, 142, 19, 50, 31, 24, 133, 70, 141, 39, 11, 82, 142, 19, 50, 102, 139, 54, 0)
False, True, 0.0014, (0, 55, 131, 109, 16, 2, 29, 28, 32, 72, 53, 112, 59, 95, 75, 160, 149, 55, 0)
all_elementary, False
all_cyc2, True
