Instance, X-n153-k22
capacity, 144
min_trucks, 23
output_file, output_uchoa/X-n153-k22-ng8.log
Start date, 2022-06-27
Start time, 01-18-58
capacity, 144
num_vehicles, 23
abort_early, False
methods, ['ng8']
max_vars, 10000
time_limit, 86400
farley, False
initial time, initial max_it, max_stale_it
1, 20000.0, 20
heuristic Number of routes, heuristic Best Solution Value, heuristic number of iterations, adjusted time, adjusted max_it, measured total time
604, 21223.0, 313, 10, 2000.0, 3038.4
method, python time, total time, propagated dominance time, unpropagated dominance time, pricing_success, upper_bound, lower_bound, abort_early, num_paths, 
ng8, 3.6, 2.2, 1.6, 0.2, 1, 21172.7889, -23291.4522, 0, 13002
ng8, 10.1, 1.4, 1.0, 0.1, 1, 21172.7889, -30550.1015, 0, 10900
ng8, 6.2, 3.1, 2.2, 0.2, 1, 21172.7889, -1069.4698, 0, 13624
ng8, 4.5, 1.6, 1.2, 0.1, 1, 21172.7889, -22936.5537, 0, 11003
ng8, 5.7, 2.9, 2.1, 0.2, 1, 21172.7889, -17350.7588, 0, 13149
ng8, 6.5, 2.5, 1.9, 0.2, 1, 21172.7889, 1111.6099, 0, 9188
ng8, 3.6, 2.4, 1.8, 0.2, 1, 21077.0274, 10527.5523, 0, 7905
ng8, 5.1, 3.1, 2.4, 0.2, 1, 21051.877, 8376.7564, 0, 7650
ng8, 3.1, 2.6, 2.0, 0.2, 1, 21024.0407, 9133.386, 0, 7043
ng8, 2.6, 3.3, 2.6, 0.3, 1, 21018.9034, 11719.7276, 0, 6522
ng8, 1.8, 4.0, 3.1, 0.3, 1, 20996.4718, 16144.537, 0, 4819
ng8, 1.2, 2.9, 2.2, 0.2, 1, 20989.4724, 16525.6304, 0, 2943
ng8, 0.8, 3.1, 2.3, 0.3, 1, 20983.269, 17851.5509, 0, 2042
ng8, 1.0, 2.8, 2.1, 0.2, 1, 20980.5385, 16891.2727, 0, 2466
ng8, 0.4, 4.7, 3.7, 0.4, 1, 20979.8066, 19476.6531, 0, 1070
ng8, 0.4, 5.4, 4.3, 0.5, 1, 20978.5276, 19490.796, 0, 866
ng8, 0.1, 6.1, 4.9, 0.5, 1, 20978.2263, 20402.8724, 0, 256
ng8, 0.1, 5.0, 3.9, 0.4, 1, 20972.6515, 19816.6196, 0, 216
ng8, 0.1, 4.8, 3.8, 0.4, 1, 20971.2706, 20556.0715, 0, 149
ng8, 0.0, 5.5, 4.4, 0.4, 1, 20969.6622, 20628.5787, 0, 70
ng8, -0.0, 5.4, 4.2, 0.4, 1, 20968.0273, 20761.0843, 0, 29
ng8, 0.0, 5.4, 4.2, 0.5, 1, 20963.4226, 20859.6765, 0, 32
ng8, 0.1, 5.3, 4.2, 0.5, 1, 20963.3132, 20888.4582, 0, 17
ng8, 0.1, 5.2, 4.1, 0.4, 1, 20963.2192, 20936.2472, 0, 4
ng8, 0.1, 5.1, 4.1, 0.4, 1, 20963.2192, 20955.0993, 0, 3
ng8, 0.0, 5.2, 4.1, 0.4, 1, 20963.2191, 20963.2191, 0, 0
scip_total_time, 3199.035377
Solval, number of paths, impact cutoff
20963.219097260368, 107, 0.0001
Elementary, 2-Cycle, Path Value, Path
True, True, 0.1253, (0, 16, 0)
True, True, 1.0, (0, 21, 0)
True, True, 1.0, (0, 8, 83, 0)
True, True, 0.5101, (0, 37, 52, 103, 20, 72, 81, 44, 54, 142, 73, 128, 0)
True, True, 0.7493, (0, 143, 16, 146, 130, 0)
True, True, 0.9595, (0, 7, 11, 0)
True, True, 0.6731, (0, 56, 132, 96, 22, 3, 0)
True, True, 0.1682, (0, 95, 25, 0)
True, True, 0.0552, (0, 145, 109, 28, 79, 30, 0)
True, True, 0.0405, (0, 4, 6, 0)
True, True, 0.4, (0, 139, 9, 29, 0)
True, True, 0.0405, (0, 36, 7, 11, 0)
True, True, 0.4448, (0, 105, 110, 14, 144, 41, 88, 74, 0)
True, True, 0.3483, (0, 149, 15, 5, 141, 0)
True, True, 0.0547, (0, 3, 96, 22, 59, 122, 0)
True, True, 0.431, (0, 139, 60, 28, 30, 0)
True, True, 0.069, (0, 139, 9, 5, 0)
True, True, 0.5138, (0, 28, 13, 0)
True, True, 0.0448, (0, 47, 40, 1, 89, 66, 144, 41, 88, 74, 0)
True, True, 0.8318, (0, 42, 25, 95, 0)
True, True, 0.1517, (0, 102, 87, 47, 40, 1, 89, 66, 144, 41, 88, 0)
True, True, 0.3802, (0, 48, 77, 135, 20, 103, 44, 54, 142, 73, 128, 0)
True, True, 0.5918, (0, 121, 12, 17, 0)
True, True, 0.3333, (0, 4, 51, 122, 59, 70, 100, 137, 91, 119, 140, 94, 134, 0)
True, True, 0.4724, (0, 101, 62, 27, 32, 35, 106, 125, 111, 131, 65, 147, 0)
True, True, 0.2183, (0, 152, 116, 19, 133, 46, 108, 94, 134, 38, 0)
True, True, 0.3521, (0, 71, 84, 2, 121, 55, 93, 138, 68, 63, 33, 90, 0)
True, True, 0.3333, (0, 116, 133, 31, 126, 10, 0)
True, True, 0.0861, (0, 3, 22, 59, 122, 51, 0)
True, True, 0.0561, (0, 69, 58, 26, 112, 121, 55, 93, 138, 68, 63, 33, 0)
True, True, 0.1698, (0, 10, 31, 140, 116, 0)
True, True, 0.2931, (0, 107, 78, 61, 80, 24, 79, 136, 123, 113, 49, 129, 0)
True, True, 0.2507, (0, 143, 19, 31, 0)
True, True, 0.4082, (0, 12, 17, 124, 0)
True, True, 0.24, (0, 71, 69, 58, 2, 138, 68, 63, 33, 90, 0)
True, True, 0.2462, (0, 10, 126, 31, 38, 0)
True, True, 0.2242, (0, 115, 134, 94, 108, 46, 133, 19, 152, 93, 0)
True, True, 0.6517, (0, 107, 120, 78, 61, 80, 24, 79, 136, 123, 113, 49, 129, 0)
True, True, 0.184, (0, 84, 26, 112, 38, 75, 115, 82, 64, 104, 57, 53, 0)
False, False, 0.4586, (0, 34, 13, 34, 0)
True, True, 0.069, (0, 87, 5, 29, 0)
True, True, 0.5517, (0, 23, 15, 0)
True, True, 0.0793, (0, 101, 62, 27, 32, 67, 150, 92, 86, 40, 0)
True, True, 0.531, (0, 39, 9, 29, 0)
True, True, 0.5138, (0, 5, 99, 109, 30, 0)
True, True, 0.1655, (0, 102, 87, 149, 141, 86, 60, 1, 89, 145, 39, 0)
True, True, 0.069, (0, 105, 110, 145, 66, 89, 1, 40, 47, 102, 0)
True, True, 0.0138, (0, 47, 40, 60, 86, 99, 92, 150, 67, 35, 32, 101, 13, 34, 0)
True, True, 0.1682, (0, 42, 53, 57, 104, 64, 82, 69, 58, 2, 0)
True, True, 0.0276, (0, 47, 86, 99, 92, 150, 67, 32, 27, 62, 101, 61, 0)
True, True, 0.3, (0, 47, 86, 99, 92, 150, 67, 32, 27, 62, 101, 120, 0)
False, False, 0.1253, (0, 130, 146, 16, 146, 130, 0)
True, True, 0.1276, (0, 105, 110, 145, 66, 89, 1, 40, 47, 87, 102, 0)
True, True, 0.3759, (0, 147, 65, 131, 111, 125, 106, 35, 67, 150, 92, 109, 145, 14, 0)
True, True, 0.0045, (0, 100, 22, 96, 3, 0)
True, True, 0.1, (0, 139, 23, 15, 0)
True, True, 0.0414, (0, 147, 65, 131, 111, 125, 106, 35, 67, 150, 92, 99, 23, 39, 0)
True, True, 0.2345, (0, 39, 66, 89, 1, 40, 141, 149, 87, 102, 0)
False, True, 0.0138, (0, 74, 88, 41, 144, 14, 110, 105, 74, 0)
False, True, 0.0276, (0, 74, 88, 41, 144, 14, 110, 105, 88, 74, 0)
True, True, 0.2084, (0, 90, 33, 63, 68, 138, 2, 84, 71, 0)
False, True, 0.1379, (0, 74, 88, 41, 144, 66, 14, 110, 105, 74, 0)
True, True, 0.0138, (0, 27, 32, 35, 67, 150, 92, 86, 40, 0)
True, True, 0.2517, (0, 47, 23, 40, 60, 86, 141, 149, 87, 102, 0)
True, True, 0.0276, (0, 147, 65, 131, 111, 125, 106, 35, 67, 24, 80, 129, 0)
True, True, 0.0276, (0, 49, 80, 24, 67, 35, 106, 125, 111, 131, 65, 147, 0)
True, True, 0.1517, (0, 105, 110, 145, 89, 1, 66, 144, 41, 88, 74, 0)
False, True, 0.0276, (0, 34, 107, 78, 61, 101, 62, 27, 107, 34, 0)
True, True, 0.0103, (0, 147, 65, 131, 111, 125, 106, 35, 150, 92, 99, 86, 23, 0)
True, True, 0.0276, (0, 129, 49, 113, 123, 136, 109, 1, 89, 66, 145, 110, 105, 0)
True, True, 0.0561, (0, 33, 63, 68, 138, 93, 55, 112, 26, 69, 71, 0)
True, True, 0.0561, (0, 33, 63, 68, 138, 93, 55, 112, 26, 58, 71, 0)
True, True, 0.0448, (0, 147, 65, 131, 111, 125, 106, 150, 92, 86, 60, 23, 0)
False, True, 0.0276, (0, 41, 144, 66, 145, 113, 123, 136, 109, 1, 89, 66, 39, 0)
True, True, 0.0313, (0, 71, 84, 2, 93, 138, 68, 63, 33, 90, 0)
True, True, 0.0138, (0, 34, 13, 62, 32, 35, 67, 150, 92, 99, 86, 60, 40, 47, 0)
True, True, 0.0276, (0, 60, 86, 99, 92, 150, 67, 32, 27, 62, 101, 78, 0)
True, True, 0.0034, (0, 60, 86, 99, 92, 150, 67, 35, 32, 27, 62, 101, 0)
True, True, 0.0483, (0, 60, 86, 99, 92, 150, 67, 32, 27, 62, 101, 120, 0)
True, True, 0.0045, (0, 3, 96, 22, 137, 70, 126, 0)
True, True, 0.0561, (0, 71, 84, 26, 58, 69, 82, 64, 104, 57, 53, 0)
True, True, 0.1015, (0, 38, 108, 140, 119, 91, 137, 100, 70, 122, 51, 4, 0)
True, True, 0.0007, (0, 73, 97, 118, 151, 43, 132, 96, 70, 100, 137, 91, 126, 19, 0)
True, True, 0.1698, (0, 152, 10, 51, 122, 59, 70, 100, 137, 91, 119, 126, 46, 0)
True, True, 0.0547, (0, 152, 10, 51, 59, 70, 100, 137, 91, 119, 140, 108, 116, 0)
True, True, 0.0819, (0, 152, 19, 126, 91, 119, 140, 108, 38, 0)
True, True, 0.1772, (0, 3, 96, 22, 122, 51, 0)
True, True, 0.1636, (0, 116, 46, 126, 140, 119, 91, 137, 100, 70, 59, 4, 127, 0)
True, True, 0.2242, (0, 75, 134, 94, 108, 46, 133, 19, 152, 93, 0)
False, True, 0.0505, (0, 73, 97, 118, 151, 43, 56, 4, 51, 122, 59, 70, 100, 137, 96, 132, 43, 151, 118, 97, 0)
True, True, 0.0007, (0, 97, 118, 151, 43, 56, 4, 51, 122, 59, 70, 100, 137, 119, 140, 108, 0)
True, True, 0.2066, (0, 117, 148, 98, 50, 85, 76, 114, 18, 81, 135, 77, 48, 0)
True, True, 0.4237, (0, 53, 57, 124, 104, 64, 82, 115, 75, 26, 58, 69, 0)
True, True, 0.1682, (0, 53, 57, 124, 104, 64, 82, 115, 75, 38, 112, 26, 84, 0)
False, True, 0.2154, (0, 37, 72, 127, 97, 118, 151, 43, 132, 4, 56, 43, 151, 118, 97, 127, 72, 37, 0)
True, True, 0.2066, (0, 45, 148, 98, 50, 85, 76, 114, 18, 81, 135, 77, 48, 0)
True, True, 0.0087, (0, 108, 140, 119, 91, 137, 100, 70, 96, 132, 4, 72, 0)
True, True, 0.0262, (0, 152, 10, 51, 122, 59, 70, 100, 137, 96, 132, 43, 151, 118, 97, 114, 0)
True, True, 0.0604, (0, 97, 118, 151, 43, 56, 4, 59, 70, 100, 137, 91, 119, 140, 108, 116, 0)
False, True, 0.0585, (0, 90, 128, 73, 142, 54, 44, 20, 103, 52, 37, 90, 0)
False, True, 0.1803, (0, 117, 45, 148, 98, 50, 85, 76, 18, 114, 135, 77, 48, 45, 117, 0)
False, True, 0.4797, (0, 36, 6, 112, 55, 6, 36, 0)
True, True, 0.0255, (0, 127, 4, 132, 70, 100, 137, 91, 119, 140, 108, 0)
True, True, 0.3802, (0, 52, 127, 151, 43, 118, 97, 18, 114, 76, 85, 50, 98, 148, 45, 117, 0)
True, True, 0.0505, (0, 52, 103, 20, 72, 81, 44, 54, 142, 128, 90, 0)
False, True, 0.0262, (0, 117, 45, 148, 98, 50, 85, 76, 18, 81, 135, 77, 48, 45, 117, 0)
True, True, 0.0007, (0, 37, 52, 152, 20, 103, 44, 54, 142, 128, 90, 0)
all_elementary, False
all_cyc2, False
