Instance, X-n101-k25
capacity, 206
min_trucks, 26
output_file, output_uchoa/X-n101-k25-cyc2.log
Start date, 2022-06-27
Start time, 09-29-10
capacity, 206
num_vehicles, 26
abort_early, False
methods, ['cyc2']
max_vars, 10000
time_limit, 86400
farley, False
initial time, initial max_it, max_stale_it
1, 20000.0, 20
heuristic Number of routes, heuristic Best Solution Value, heuristic number of iterations, adjusted time, adjusted max_it, measured total time
80, 27591.0, 72, 1, 20000.0, 81.2
method, python time, total time, propagated dominance time, unpropagated dominance time, pricing_success, upper_bound, lower_bound, abort_early, num_paths, 
cyc2, 4.1, 2.3, 0.0, 0.0, 1, 27591.0, -109481.0, 0, 39295
cyc2, 7.3, 3.1, 0.0, 0.0, 1, 27591.0, -319301.0, 0, 53715
cyc2, 4.3, 2.3, 0.0, 0.0, 1, 27591.0, -73646.9149, 0, 40790
cyc2, 4.2, 2.2, 0.0, 0.0, 1, 27591.0, -149915.3333, 0, 38499
cyc2, 4.4, 2.5, 0.0, 0.0, 1, 27591.0, -230668.8384, 0, 44562
cyc2, 3.2, 2.0, 0.0, 0.0, 1, 27591.0, -47288.9125, 0, 35273
cyc2, 5.2, 3.6, 0.0, 0.0, 1, 27591.0, -110259.2049, 0, 65666
cyc2, 4.4, 3.9, 0.0, 0.0, 1, 27591.0, -123230.1956, 0, 68886
cyc2, 2.2, 2.6, 0.0, 0.0, 1, 27591.0, -12988.1513, 0, 36346
cyc2, 4.6, 4.0, 0.0, 0.0, 1, 27591.0, -39263.6502, 0, 58598
cyc2, 2.5, 2.5, 0.0, 0.0, 1, 27591.0, -6834.9084, 0, 31926
cyc2, 3.0, 1.8, 0.0, 0.0, 1, 27591.0, 10182.265, 0, 16485
cyc2, 1.9, 1.3, 0.0, 0.0, 1, 27591.0, 13813.355, 0, 6981
cyc2, 0.5, 1.5, 0.0, 0.0, 1, 27366.8507, 19857.3533, 0, 2035
cyc2, 0.0, 1.4, 0.0, 0.0, 1, 27121.508, 24889.45, 0, 107
cyc2, 0.0, 1.4, 0.0, 0.0, 1, 27080.7344, 26655.0401, 0, 11
cyc2, 0.0, 1.4, 0.0, 0.0, 1, 27080.0976, 27080.0976, 0, 0
scip_total_time, 173.939959
Solval, number of paths, impact cutoff
27080.09762136501, 74, 0.0001
Elementary, 2-Cycle, Path Value, Path
True, True, 0.5, (0, 15, 22, 41, 20, 0)
True, True, 0.3148, (0, 54, 70, 1, 0)
True, True, 0.2019, (0, 92, 9, 86, 0)
True, True, 0.0757, (0, 69, 16, 55, 76, 0)
True, True, 1.0, (0, 58, 12, 5, 0)
True, True, 0.1852, (0, 39, 10, 18, 0)
True, True, 0.6574, (0, 17, 8, 0)
True, True, 0.3148, (0, 38, 47, 26, 48, 96, 64, 34, 0)
True, True, 0.8966, (0, 71, 62, 99, 98, 89, 0)
True, True, 0.8699, (0, 44, 67, 60, 0)
False, True, 0.2, (0, 32, 95, 31, 24, 32, 0)
True, True, 1.0, (0, 91, 27, 100, 0)
False, True, 0.2, (0, 24, 32, 31, 24, 0)
True, True, 0.68, (0, 18, 4, 25, 0)
True, True, 0.0345, (0, 26, 47, 89, 99, 51, 0)
True, True, 0.5, (0, 90, 76, 55, 74, 0)
True, True, 0.5, (0, 13, 16, 9, 0)
False, True, 0.5, (0, 30, 85, 11, 30, 85, 11, 0)
False, True, 0.5, (0, 46, 35, 20, 46, 0)
True, True, 0.6, (0, 75, 93, 33, 0)
True, True, 0.1713, (0, 80, 8, 0)
True, True, 0.069, (0, 83, 71, 51, 0)
True, True, 1.0, (0, 79, 50, 23, 0)
True, True, 0.0345, (0, 38, 89, 98, 99, 71, 0)
True, True, 0.5, (0, 35, 41, 22, 15, 0)
True, True, 0.6, (0, 53, 73, 31, 0)
False, True, 0.0252, (0, 69, 74, 55, 69, 0)
False, True, 0.4, (0, 95, 73, 53, 33, 95, 24, 0)
False, True, 0.1009, (0, 68, 90, 84, 68, 0)
False, True, 0.035, (0, 78, 37, 6, 78, 0)
True, True, 0.1713, (0, 34, 96, 94, 8, 0)
True, True, 0.4861, (0, 94, 3, 80, 0)
False, True, 0.3103, (0, 81, 83, 51, 81, 0)
True, True, 0.25, (0, 7, 2, 49, 36, 87, 0)
True, True, 0.1348, (0, 14, 39, 4, 18, 0)
False, True, 0.32, (0, 39, 25, 10, 39, 0)
True, True, 0.3493, (0, 56, 96, 3, 40, 0)
True, True, 0.1034, (0, 51, 62, 52, 0)
True, True, 0.1852, (0, 4, 92, 54, 0)
True, True, 0.4231, (0, 84, 68, 86, 1, 0)
True, True, 0.125, (0, 84, 54, 70, 0)
False, True, 0.5, (0, 72, 82, 57, 72, 82, 0)
False, True, 0.0505, (0, 13, 74, 69, 13, 0)
True, True, 0.0067, (0, 63, 14, 77, 40, 0)
False, True, 0.0345, (0, 98, 99, 89, 98, 0)
True, True, 1.0, (0, 61, 97, 19, 0)
True, True, 0.1034, (0, 51, 83, 21, 0)
True, True, 0.4, (0, 75, 93, 32, 0)
True, True, 0.07, (0, 65, 78, 6, 37, 28, 0)
True, True, 0.3991, (0, 90, 55, 69, 13, 0)
True, True, 0.262, (0, 92, 70, 1, 0)
True, True, 0.2536, (0, 63, 14, 77, 40, 34, 0)
False, True, 0.3509, (0, 66, 92, 84, 66, 0)
True, True, 0.3793, (0, 81, 51, 52, 21, 0)
False, True, 0.25, (0, 7, 49, 45, 2, 49, 28, 0)
True, True, 0.4243, (0, 76, 16, 69, 74, 0)
True, True, 0.3951, (0, 65, 42, 6, 37, 0)
True, True, 0.7397, (0, 59, 88, 77, 63, 0)
True, True, 0.25, (0, 87, 36, 45, 49, 78, 0)
True, True, 0.3426, (0, 94, 17, 80, 0)
True, True, 0.0345, (0, 96, 48, 3, 0)
False, True, 0.5, (0, 64, 87, 29, 43, 36, 29, 43, 45, 2, 7, 0)
True, True, 0.4949, (0, 14, 42, 65, 10, 0)
True, True, 0.5172, (0, 83, 52, 21, 0)
False, True, 0.1301, (0, 40, 88, 60, 59, 88, 0)
True, True, 0.375, (0, 86, 54, 68, 0)
True, True, 0.0751, (0, 40, 67, 59, 34, 0)
True, True, 0.5, (0, 57, 37, 6, 78, 28, 0)
True, True, 0.6507, (0, 56, 26, 48, 47, 38, 0)
True, True, 0.2981, (0, 70, 9, 66, 0)
True, True, 0.0551, (0, 40, 67, 59, 64, 34, 0)
True, True, 0.1301, (0, 44, 40, 3, 96, 64, 34, 0)
False, True, 0.07, (0, 28, 78, 42, 28, 14, 0)
True, True, 0.0401, (0, 14, 28, 42, 78, 65, 39, 0)
all_elementary, False
all_cyc2, True
