Instance, X-n110-k13
capacity, 66
min_trucks, 13
output_file, output_uchoa/X-n110-k13-ng20.log
Start date, 2022-06-27
Start time, 04-28-55
capacity, 66
num_vehicles, 13
abort_early, False
methods, ['ng20']
max_vars, 10000
time_limit, 86400
farley, False
initial time, initial max_it, max_stale_it
1, 20000.0, 20
heuristic Number of routes, heuristic Best Solution Value, heuristic number of iterations, adjusted time, adjusted max_it, measured total time
36, 14971.0, 29, 1, 20000.0, 39.0
method, python time, total time, propagated dominance time, unpropagated dominance time, pricing_success, upper_bound, lower_bound, abort_early, num_paths, 
ng20, 0.3, 0.0, 0.0, 0.0, 1, 14971.0, -78265.0, 0, 1089
ng20, 0.7, 0.1, 0.0, 0.0, 1, 14971.0, -34533.0, 0, 3114
ng20, 1.3, 0.1, 0.1, 0.0, 1, 14971.0, -23970.5, 0, 5338
ng20, 1.1, 0.1, 0.0, 0.0, 1, 14971.0, -21520.4815, 0, 3636
ng20, 1.1, 0.2, 0.1, 0.0, 1, 14971.0, -18934.1331, 0, 4802
ng20, 2.1, 0.9, 0.7, 0.1, 1, 14971.0, -6808.0114, 0, 8850
ng20, 2.8, 5.9, 3.9, 0.7, 1, 14971.0, 3094.7708, 0, 23298
ng20, 2.3, 0.6, 0.4, 0.1, 1, 14971.0, -10644.2049, 0, 9147
ng20, 2.8, 3.7, 2.4, 0.4, 1, 14971.0, 3953.7664, 0, 17644
ng20, 2.9, 12.8, 8.5, 2.1, 1, 14971.0, 8282.1941, 0, 29248
ng20, 2.9, 9.4, 6.7, 1.3, 1, 14971.0, 8278.1572, 0, 18063
ng20, 3.1, 21.8, 14.9, 5.4, 1, 14971.0, 7765.5947, 0, 13758
ng20, 2.6, 0.7, 0.5, 0.1, 1, 14971.0, -3409.9839, 0, 9801
ng20, 3.2, 44.4, 29.7, 12.7, 1, 14971.0, 11082.0442, 0, 10808
ng20, 1.3, 73.9, 50.0, 21.3, 1, 14971.0, 12280.7556, 0, 4403
ng20, 1.4, 64.0, 45.5, 16.2, 1, 14909.0386, 11050.1754, 0, 4777
ng20, 0.4, 178.9, 131.3, 43.7, 1, 14863.9587, 13593.9672, 0, 1140
ng20, 0.2, 158.0, 115.5, 38.7, 1, 14756.4282, 13914.8155, 0, 340
ng20, 0.1, 235.0, 171.6, 59.1, 1, 14737.6496, 14353.9799, 0, 64
ng20, 0.0, 262.7, 193.2, 65.0, 1, 14735.9499, 14692.2812, 0, 4
ng20, 0.0, 259.2, 191.1, 63.6, 1, 14735.9499, 14735.9499, 0, 0
scip_total_time, 1407.005278
Solval, number of paths, impact cutoff
14735.949926507894, 73, 0.0001
Elementary, 2-Cycle, Path Value, Path
True, True, 0.5, (0, 52, 50, 39, 28, 31, 17, 95, 59, 27, 0)
True, True, 0.1942, (0, 68, 54, 96, 88, 75, 21, 41, 12, 58, 0)
True, True, 0.1691, (0, 40, 47, 48, 82, 107, 57, 13, 23, 0)
True, True, 1.0, (0, 1, 90, 16, 29, 78, 74, 32, 79, 0)
True, True, 0.2496, (0, 105, 20, 92, 97, 42, 106, 67, 34, 45, 0)
True, True, 0.1773, (0, 80, 93, 104, 60, 61, 22, 83, 76, 55, 30, 0)
True, True, 0.1196, (0, 14, 3, 108, 91, 6, 109, 69, 0)
True, True, 0.2296, (0, 52, 50, 68, 41, 12, 58, 19, 49, 0)
True, True, 0.2194, (0, 48, 7, 37, 94, 81, 44, 70, 23, 0)
True, True, 0.1654, (0, 48, 7, 37, 94, 81, 44, 70, 13, 0)
True, True, 0.1654, (0, 48, 82, 7, 37, 94, 81, 44, 70, 0)
True, True, 0.1654, (0, 57, 107, 7, 37, 94, 81, 44, 70, 0)
True, True, 0.0539, (0, 40, 47, 73, 35, 37, 94, 81, 44, 70, 0)
True, True, 0.2304, (0, 40, 47, 35, 7, 37, 94, 81, 44, 70, 0)
True, True, 0.2304, (0, 8, 40, 47, 48, 73, 86, 10, 100, 62, 0)
False, True, 0.212, (0, 49, 62, 100, 10, 86, 47, 40, 8, 49, 0)
True, True, 0.7608, (0, 91, 5, 46, 38, 108, 3, 14, 0)
True, True, 0.2083, (0, 43, 93, 104, 60, 61, 22, 83, 76, 55, 0)
True, True, 0.034, (0, 12, 41, 96, 88, 75, 21, 72, 63, 0)
True, True, 0.0124, (0, 46, 51, 98, 66, 53, 15, 26, 87, 77, 0)
True, True, 0.195, (0, 68, 41, 12, 63, 72, 10, 100, 62, 8, 0)
True, True, 0.0539, (0, 47, 73, 35, 7, 107, 82, 57, 13, 0)
True, True, 0.3124, (0, 49, 8, 62, 100, 10, 72, 63, 58, 19, 0)
True, True, 0.5074, (0, 86, 73, 35, 107, 82, 57, 13, 23, 0)
True, True, 0.1042, (0, 23, 13, 57, 82, 107, 35, 73, 40, 0)
True, True, 0.3472, (0, 19, 63, 72, 21, 75, 88, 96, 54, 68, 0)
True, True, 0.0417, (0, 99, 64, 104, 60, 61, 22, 83, 55, 56, 0)
True, True, 0.034, (0, 52, 50, 54, 68, 41, 12, 58, 19, 49, 0)
True, True, 0.136, (0, 89, 45, 34, 67, 51, 85, 11, 77, 0)
True, True, 0.3333, (0, 71, 80, 2, 43, 64, 36, 65, 27, 0)
True, True, 0.2083, (0, 71, 80, 2, 43, 93, 64, 36, 99, 0)
True, True, 0.0417, (0, 108, 38, 45, 34, 67, 89, 46, 5, 0)
True, True, 0.0768, (0, 54, 96, 88, 75, 21, 41, 12, 58, 19, 0)
True, True, 0.1483, (0, 18, 84, 87, 26, 53, 15, 66, 98, 85, 77, 0)
True, True, 0.4173, (0, 51, 85, 11, 98, 66, 53, 15, 26, 87, 0)
True, True, 0.3333, (0, 30, 56, 55, 76, 83, 22, 61, 60, 104, 93, 0)
True, True, 0.3752, (0, 89, 45, 106, 42, 97, 92, 20, 105, 0)
True, True, 0.0833, (0, 28, 31, 17, 95, 96, 88, 75, 21, 12, 0)
True, True, 0.125, (0, 71, 2, 43, 99, 65, 27, 31, 28, 0)
True, True, 0.0417, (0, 71, 2, 99, 65, 59, 17, 31, 28, 0)
True, True, 0.296, (0, 109, 18, 24, 4, 101, 33, 9, 102, 56, 30, 0)
True, True, 0.0246, (0, 69, 18, 103, 4, 101, 33, 9, 102, 56, 30, 0)
True, True, 0.0417, (0, 2, 43, 64, 36, 65, 27, 31, 39, 0)
True, True, 0.1667, (0, 71, 80, 2, 99, 65, 59, 95, 17, 39, 0)
True, True, 0.125, (0, 99, 36, 65, 59, 17, 31, 28, 39, 0)
True, True, 0.0833, (0, 52, 50, 39, 28, 31, 17, 95, 54, 41, 0)
True, True, 0.0417, (0, 99, 36, 64, 104, 60, 61, 22, 76, 55, 0)
True, True, 0.0212, (0, 109, 18, 25, 103, 4, 101, 33, 9, 102, 56, 0)
True, True, 0.0417, (0, 99, 64, 104, 60, 22, 83, 76, 55, 56, 0)
True, True, 0.1531, (0, 52, 54, 96, 88, 75, 21, 41, 12, 58, 0)
True, True, 0.0246, (0, 6, 18, 84, 4, 101, 33, 9, 102, 25, 69, 0)
True, True, 0.0417, (0, 99, 36, 64, 104, 60, 61, 22, 83, 76, 0)
True, True, 0.0727, (0, 56, 55, 76, 83, 22, 61, 60, 104, 93, 80, 0)
True, True, 0.123, (0, 109, 18, 25, 103, 102, 33, 9, 101, 4, 84, 0)
True, True, 0.3752, (0, 105, 20, 92, 97, 42, 106, 34, 67, 89, 0)
True, True, 0.1196, (0, 109, 18, 25, 103, 24, 84, 77, 5, 91, 0)
True, True, 0.0833, (0, 71, 2, 43, 64, 36, 65, 59, 95, 0)
True, True, 0.201, (0, 69, 109, 18, 25, 103, 24, 84, 77, 6, 0)
True, True, 0.1256, (0, 6, 77, 11, 85, 51, 67, 34, 45, 38, 0)
True, True, 0.0843, (0, 77, 87, 26, 53, 15, 66, 98, 11, 46, 0)
True, True, 0.1008, (0, 6, 77, 87, 26, 53, 15, 66, 98, 85, 46, 0)
True, True, 0.1114, (0, 63, 72, 21, 75, 88, 96, 54, 50, 0)
True, True, 0.2368, (0, 6, 87, 26, 53, 15, 66, 98, 11, 51, 0)
True, True, 0.0502, (0, 62, 100, 10, 86, 73, 35, 48, 47, 8, 0)
True, True, 0.0417, (0, 99, 64, 36, 65, 59, 95, 39, 50, 0)
True, True, 0.0417, (0, 99, 36, 64, 61, 22, 83, 76, 55, 0)
True, True, 0.0417, (0, 99, 64, 104, 60, 61, 83, 76, 55, 56, 0)
True, True, 0.3834, (0, 69, 25, 103, 102, 33, 9, 101, 4, 24, 84, 0)
True, True, 0.0779, (0, 69, 109, 6, 5, 108, 3, 14, 0)
True, True, 0.1272, (0, 69, 25, 103, 4, 101, 33, 9, 102, 56, 30, 0)
True, True, 0.072, (0, 6, 77, 85, 51, 67, 34, 45, 89, 38, 0)
True, True, 0.0417, (0, 71, 80, 30, 69, 109, 18, 6, 3, 14, 0)
True, True, 0.0417, (0, 99, 64, 36, 65, 59, 95, 28, 39, 0)
all_elementary, False
all_cyc2, True
