Instance, X-n110-k13
capacity, 66
min_trucks, 13
output_file, output_uchoa/X-n110-k13-cyc2.log
Start date, 2022-06-27
Start time, 04-26-47
capacity, 66
num_vehicles, 13
abort_early, False
methods, ['cyc2']
max_vars, 10000
time_limit, 86400
farley, False
initial time, initial max_it, max_stale_it
1, 20000.0, 20
heuristic Number of routes, heuristic Best Solution Value, heuristic number of iterations, adjusted time, adjusted max_it, measured total time
36, 14971.0, 29, 1, 20000.0, 39.0
method, python time, total time, propagated dominance time, unpropagated dominance time, pricing_success, upper_bound, lower_bound, abort_early, num_paths, 
cyc2, 2.2, 0.0, 0.0, 0.0, 1, 14971.0, -62457.0, 0, 9053
cyc2, 3.0, 0.9, 0.0, 0.0, 1, 14971.0, -66032.0, 0, 20788
cyc2, 2.4, 0.3, 0.0, 0.0, 1, 14971.0, -26679.4046, 0, 12919
cyc2, 2.7, 0.7, 0.0, 0.0, 1, 14971.0, -30901.125, 0, 17791
cyc2, 2.6, 0.8, 0.0, 0.0, 1, 14971.0, -22356.3855, 0, 19049
cyc2, 2.8, 1.0, 0.0, 0.0, 1, 14971.0, -41142.4462, 0, 21283
cyc2, 3.0, 1.3, 0.0, 0.0, 1, 14971.0, -39354.7443, 0, 24078
cyc2, 2.6, 1.0, 0.0, 0.0, 1, 14971.0, -17361.4115, 0, 20571
cyc2, 2.7, 1.3, 0.0, 0.0, 1, 14971.0, -16662.0406, 0, 22869
cyc2, 3.2, 1.5, 0.0, 0.0, 1, 14971.0, -22007.287, 0, 25146
cyc2, 2.8, 1.1, 0.0, 0.0, 1, 14971.0, -6335.3029, 0, 20118
cyc2, 2.8, 1.5, 0.0, 0.0, 1, 14971.0, -14021.8142, 0, 25602
cyc2, 2.9, 1.6, 0.0, 0.0, 1, 14971.0, -14868.6446, 0, 26234
cyc2, 2.8, 1.0, 0.0, 0.0, 1, 14971.0, -194.8695, 0, 18261
cyc2, 2.8, 0.8, 0.0, 0.0, 1, 14971.0, 4142.8846, 0, 13919
cyc2, 2.8, 1.0, 0.0, 0.0, 1, 14971.0, 663.7975, 0, 16173
cyc2, 3.0, 1.6, 0.0, 0.0, 1, 14971.0, -4059.4131, 0, 24267
cyc2, 2.9, 1.0, 0.0, 0.0, 1, 14971.0, 4443.1881, 0, 14696
cyc2, 1.9, 0.6, 0.0, 0.0, 1, 14971.0, 8551.5309, 0, 7093
cyc2, 1.4, 0.6, 0.0, 0.0, 1, 14971.0, 10834.4772, 0, 4743
cyc2, 1.2, 0.6, 0.0, 0.0, 1, 14927.75, 11033.5002, 0, 3596
cyc2, 1.7, 0.7, 0.0, 0.0, 1, 14834.0854, 7517.8299, 0, 5617
cyc2, 0.5, 0.7, 0.0, 0.0, 1, 14778.1911, 12826.8113, 0, 1666
cyc2, 0.4, 0.6, 0.0, 0.0, 1, 14642.2676, 12002.2264, 0, 1162
cyc2, 0.1, 0.7, 0.0, 0.0, 1, 14582.3738, 13646.4088, 0, 296
cyc2, 0.2, 0.6, 0.0, 0.0, 1, 14532.7858, 13612.5772, 0, 195
cyc2, 0.1, 0.6, 0.0, 0.0, 1, 14515.3595, 14136.01, 0, 49
cyc2, 0.1, 0.6, 0.0, 0.0, 1, 14510.827, 14432.4302, 0, 9
cyc2, 0.0, 0.6, 0.0, 0.0, 1, 14510.8241, 14510.8241, 0, 0
scip_total_time, 127.006514
Solval, number of paths, impact cutoff
14510.82406582429, 82, 0.0001
Elementary, 2-Cycle, Path Value, Path
True, True, 0.4388, (0, 40, 47, 48, 82, 107, 57, 13, 23, 0)
True, True, 0.6799, (0, 1, 90, 16, 29, 78, 74, 32, 79, 0)
True, True, 0.3882, (0, 80, 93, 104, 60, 61, 22, 83, 76, 55, 30, 0)
False, True, 0.086, (0, 49, 62, 8, 40, 100, 62, 8, 49, 0)
False, True, 0.037, (0, 62, 8, 100, 62, 8, 100, 62, 8, 0)
True, True, 0.0796, (0, 54, 96, 88, 75, 21, 72, 63, 58, 0)
True, True, 0.3407, (0, 54, 96, 88, 75, 21, 72, 63, 10, 100, 0)
False, True, 0.0007, (0, 105, 20, 92, 106, 42, 92, 20, 74, 32, 0)
False, True, 0.1694, (0, 105, 20, 92, 106, 42, 92, 20, 105, 38, 0)
True, True, 0.086, (0, 13, 57, 82, 107, 7, 35, 73, 47, 0)
False, True, 0.0247, (0, 48, 57, 107, 82, 57, 13, 23, 0)
True, True, 0.0962, (0, 70, 44, 81, 94, 37, 7, 107, 57, 0)
True, True, 0.086, (0, 23, 70, 44, 81, 94, 37, 7, 48, 0)
True, True, 0.0147, (0, 16, 70, 44, 81, 94, 37, 7, 48, 0)
False, True, 0.4204, (0, 49, 19, 58, 12, 41, 58, 12, 41, 68, 0)
False, True, 0.1701, (0, 105, 92, 97, 42, 106, 97, 42, 106, 34, 0)
True, True, 0.0294, (0, 90, 70, 44, 81, 94, 37, 7, 48, 0)
False, True, 0.0147, (0, 70, 44, 81, 94, 37, 7, 94, 37, 107, 0)
False, True, 0.1674, (0, 49, 14, 3, 108, 91, 3, 14, 0)
False, True, 0.3333, (0, 91, 108, 5, 91, 108, 3, 14, 0)
False, True, 0.166, (0, 14, 3, 108, 5, 91, 3, 14, 0)
False, True, 0.0909, (0, 109, 18, 69, 109, 18, 69, 109, 0)
True, True, 0.1218, (0, 71, 80, 2, 43, 64, 36, 65, 27, 0)
False, True, 0.2384, (0, 8, 62, 100, 10, 86, 47, 40, 8, 62, 0)
False, True, 0.1818, (0, 109, 18, 25, 103, 24, 25, 103, 24, 84, 6, 0)
False, True, 0.1201, (0, 8, 62, 100, 10, 86, 47, 40, 8, 49, 0)
False, True, 0.1667, (0, 98, 66, 53, 15, 98, 66, 53, 26, 87, 77, 0)
False, True, 0.1111, (0, 98, 66, 53, 15, 98, 66, 53, 15, 26, 87, 0)
True, True, 0.1598, (0, 30, 56, 55, 76, 83, 22, 61, 60, 104, 93, 0)
True, True, 0.0154, (0, 79, 78, 29, 44, 70, 16, 90, 1, 0)
True, True, 0.1303, (0, 90, 16, 78, 29, 44, 70, 23, 13, 0)
True, True, 0.2407, (0, 10, 86, 73, 35, 7, 37, 94, 81, 44, 0)
True, True, 0.219, (0, 95, 59, 65, 36, 64, 43, 2, 71, 0)
True, True, 0.3201, (0, 23, 13, 57, 82, 107, 35, 73, 86, 0)
False, True, 0.3607, (0, 52, 50, 39, 31, 28, 39, 50, 52, 0)
False, True, 0.0014, (0, 38, 89, 45, 67, 34, 45, 89, 38, 0)
False, True, 0.5, (0, 77, 11, 85, 51, 11, 85, 51, 46, 0)
True, True, 0.121, (0, 70, 44, 81, 94, 37, 7, 82, 48, 0)
False, True, 0.0147, (0, 70, 44, 81, 94, 37, 81, 29, 16, 0)
True, True, 0.1593, (0, 52, 54, 96, 88, 75, 21, 72, 63, 19, 0)
False, True, 0.1639, (0, 38, 89, 67, 34, 45, 67, 34, 45, 38, 0)
True, True, 0.276, (0, 70, 81, 94, 37, 7, 35, 73, 48, 0)
False, True, 0.0369, (0, 71, 2, 99, 64, 36, 99, 2, 71, 0)
True, True, 0.1694, (0, 67, 106, 42, 97, 92, 20, 74, 32, 79, 0)
False, True, 0.0007, (0, 5, 89, 67, 45, 34, 67, 45, 89, 0)
False, True, 0.1118, (0, 2, 43, 99, 36, 64, 43, 99, 0)
True, True, 0.0147, (0, 1, 78, 74, 20, 92, 97, 42, 106, 105, 0)
False, True, 0.2727, (0, 69, 109, 18, 69, 109, 18, 69, 0)
False, True, 0.145, (0, 1, 90, 16, 70, 44, 29, 78, 1, 0)
False, True, 0.0909, (0, 6, 84, 24, 4, 101, 33, 9, 4, 24, 84, 6, 0)
False, True, 0.0139, (0, 6, 87, 26, 53, 66, 98, 15, 26, 87, 6, 0)
True, True, 0.0638, (0, 55, 76, 83, 22, 61, 60, 104, 93, 43, 0)
False, True, 0.3319, (0, 38, 89, 67, 34, 45, 89, 46, 5, 0)
False, True, 0.1667, (0, 6, 77, 87, 26, 53, 15, 26, 87, 77, 6, 0)
False, True, 0.0909, (0, 6, 84, 4, 101, 33, 9, 101, 4, 103, 25, 18, 0)
True, True, 0.4204, (0, 68, 54, 96, 88, 75, 21, 72, 63, 19, 0)
False, True, 0.0025, (0, 6, 84, 24, 4, 101, 33, 9, 101, 102, 103, 25, 0)
False, True, 0.0398, (0, 52, 39, 28, 31, 95, 17, 59, 95, 17, 27, 0)
False, True, 0.1803, (0, 31, 28, 95, 17, 59, 95, 17, 31, 28, 0)
True, True, 0.0147, (0, 107, 7, 37, 94, 81, 44, 29, 78, 32, 0)
False, True, 0.1681, (0, 5, 46, 89, 45, 67, 34, 45, 38, 0)
False, True, 0.0796, (0, 52, 50, 68, 41, 12, 68, 41, 12, 58, 0)
False, True, 0.1317, (0, 71, 99, 64, 36, 99, 43, 2, 71, 0)
True, True, 0.1019, (0, 71, 80, 2, 99, 65, 59, 95, 17, 27, 0)
False, True, 0.1991, (0, 27, 17, 95, 59, 17, 31, 28, 39, 50, 0)
False, True, 0.0972, (0, 84, 87, 26, 53, 66, 98, 15, 26, 87, 84, 0)
False, True, 0.1667, (0, 84, 87, 26, 15, 98, 66, 53, 15, 66, 98, 0)
True, True, 0.0199, (0, 31, 17, 95, 59, 65, 99, 43, 2, 0)
False, True, 0.0909, (0, 30, 56, 102, 33, 9, 102, 33, 9, 102, 25, 0)
False, True, 0.1587, (0, 27, 65, 99, 64, 36, 99, 65, 27, 0)
True, True, 0.2201, (0, 71, 2, 43, 64, 36, 65, 59, 27, 0)
False, True, 0.0199, (0, 39, 28, 31, 17, 95, 59, 17, 28, 39, 0)
True, True, 0.0566, (0, 70, 44, 81, 94, 37, 35, 73, 47, 40, 0)
True, True, 0.1353, (0, 105, 106, 42, 97, 92, 20, 74, 32, 79, 0)
True, True, 0.3882, (0, 56, 55, 76, 83, 22, 61, 60, 104, 93, 80, 0)
True, True, 0.0206, (0, 44, 81, 94, 37, 7, 35, 73, 86, 100, 0)
False, True, 0.0909, (0, 30, 56, 102, 33, 9, 102, 33, 9, 102, 103, 0)
False, True, 0.1701, (0, 105, 20, 97, 106, 42, 97, 92, 20, 105, 0)
False, True, 0.0601, (0, 49, 62, 100, 40, 47, 86, 10, 100, 62, 49, 0)
False, True, 0.1818, (0, 25, 103, 4, 101, 102, 33, 9, 4, 24, 84, 6, 0)
False, True, 0.2702, (0, 30, 56, 102, 101, 33, 9, 101, 4, 24, 103, 25, 0)
False, True, 0.0047, (0, 48, 82, 57, 107, 82, 57, 48, 0)
all_elementary, False
all_cyc2, True
