Instance, X-n176-k26
capacity, 142
min_trucks, 26
output_file, output_uchoa/X-n176-k26-ng8.log
Start date, 2022-06-27
Start time, 04-00-13
capacity, 142
num_vehicles, 26
abort_early, False
methods, ['ng8']
max_vars, 10000
time_limit, 86400
farley, False
initial time, initial max_it, max_stale_it
1, 20000.0, 20
heuristic Number of routes, heuristic Best Solution Value, heuristic number of iterations, adjusted time, adjusted max_it, measured total time
2160, 47812.0, 2000, 10, 2000.0, 19927.1
method, python time, total time, propagated dominance time, unpropagated dominance time, pricing_success, upper_bound, lower_bound, abort_early, num_paths, 
ng8, 3.8, 1.8, 1.3, 0.2, 1, 47699.0701, -1075.9157, 0, 7407
ng8, 2.3, 3.6, 2.8, 0.3, 1, 47692.6401, 27531.6923, 0, 7090
ng8, 1.2, 6.2, 5.1, 0.4, 1, 47679.088, 39674.4387, 0, 3644
ng8, 1.0, 6.9, 5.7, 0.5, 1, 47672.7369, 41797.1541, 0, 3317
ng8, 0.4, 8.9, 7.4, 0.6, 1, 47669.072, 44351.9125, 0, 1520
ng8, 0.6, 7.4, 6.1, 0.5, 1, 47624.5331, 39430.9276, 0, 1845
ng8, 0.2, 11.5, 9.7, 0.8, 1, 47612.7947, 45650.2451, 0, 694
ng8, 0.1, 12.1, 10.2, 0.9, 1, 47596.2625, 46466.1361, 0, 434
ng8, 0.1, 11.9, 10.1, 0.9, 1, 47593.7466, 46816.9367, 0, 193
ng8, 0.0, 13.0, 11.1, 0.9, 1, 47584.8756, 47241.5585, 0, 84
ng8, 0.0, 12.9, 11.0, 0.9, 1, 47578.9135, 47282.6999, 0, 65
ng8, -0.0, 12.8, 10.8, 0.9, 1, 47576.4902, 47466.2008, 0, 19
ng8, 0.1, 13.3, 11.3, 0.9, 1, 47576.1662, 47570.4437, 0, 8
ng8, 0.0, 13.0, 11.0, 0.9, 1, 47576.1548, 47569.6548, 0, 2
ng8, 0.0, 12.6, 10.7, 0.9, 1, 47576.1548, 47576.1548, 0, 0
scip_total_time, 20085.674469
Solval, number of paths, impact cutoff
47576.1547593218, 136, 0.0001
Elementary, 2-Cycle, Path Value, Path
True, True, 0.4649, (0, 133, 142, 35, 45, 119, 48, 83, 38, 117, 81, 0)
True, True, 1.0, (0, 9, 169, 11, 0)
True, True, 0.1322, (0, 30, 53, 34, 42, 0)
True, True, 0.1517, (0, 110, 28, 23, 40, 0)
True, True, 0.0005, (0, 88, 27, 32, 160, 0)
True, True, 0.595, (0, 17, 20, 67, 0)
True, True, 0.1981, (0, 136, 137, 89, 82, 116, 43, 78, 16, 0)
True, True, 0.1524, (0, 111, 3, 31, 153, 0)
True, True, 0.5724, (0, 19, 166, 147, 79, 26, 120, 0)
True, True, 0.4045, (0, 27, 17, 140, 0)
True, True, 0.1275, (0, 33, 34, 51, 42, 0)
True, True, 0.176, (0, 72, 136, 137, 89, 82, 116, 78, 16, 0)
True, True, 1.0, (0, 114, 39, 62, 159, 15, 172, 0)
True, True, 0.4276, (0, 26, 12, 0)
True, True, 0.8282, (0, 55, 29, 134, 21, 0)
True, True, 0.3896, (0, 36, 19, 0)
True, True, 0.3127, (0, 2, 34, 0)
True, True, 0.4339, (0, 106, 63, 139, 6, 66, 138, 0)
True, True, 0.42, (0, 31, 3, 90, 111, 0)
True, True, 0.5661, (0, 122, 60, 98, 171, 143, 10, 175, 0)
True, True, 0.1718, (0, 21, 134, 29, 162, 0)
True, True, 0.0615, (0, 120, 79, 147, 166, 155, 8, 113, 84, 121, 145, 123, 0)
True, True, 0.3522, (0, 93, 157, 101, 36, 127, 14, 0)
True, True, 0.0422, (0, 13, 170, 109, 33, 69, 0)
True, True, 0.2201, (0, 122, 98, 171, 143, 10, 175, 0)
True, True, 0.2345, (0, 133, 162, 45, 4, 52, 128, 125, 168, 164, 95, 96, 103, 0)
True, True, 0.078, (0, 165, 75, 70, 54, 109, 1, 100, 163, 69, 0)
True, True, 0.5955, (0, 153, 167, 25, 73, 2, 140, 0)
True, True, 0.4276, (0, 31, 34, 0)
True, True, 0.7272, (0, 163, 100, 1, 109, 54, 70, 75, 165, 0)
True, True, 0.0184, (0, 103, 95, 164, 168, 85, 125, 128, 52, 4, 45, 133, 0)
True, True, 0.2887, (0, 88, 130, 107, 126, 5, 68, 152, 105, 76, 61, 0)
True, True, 0.595, (0, 160, 49, 32, 27, 0)
True, True, 0.0918, (0, 2, 73, 102, 25, 0)
True, True, 0.8303, (0, 69, 33, 170, 13, 74, 0)
True, True, 0.2609, (0, 5, 50, 59, 20, 0)
True, True, 0.2392, (0, 110, 4, 52, 128, 125, 168, 164, 95, 96, 103, 0)
True, True, 0.2096, (0, 23, 28, 160, 0)
True, True, 0.0491, (0, 92, 104, 144, 71, 22, 118, 99, 154, 0)
True, True, 0.1413, (0, 106, 63, 139, 6, 66, 138, 56, 0)
True, True, 0.2956, (0, 101, 161, 155, 8, 113, 84, 121, 58, 0)
True, True, 0.2138, (0, 175, 10, 143, 0)
True, True, 0.16, (0, 115, 28, 23, 174, 0)
True, True, 0.4755, (0, 156, 92, 144, 71, 22, 118, 99, 154, 0)
True, True, 0.1601, (0, 80, 129, 37, 112, 146, 108, 141, 50, 94, 59, 43, 124, 0)
True, True, 0.5245, (0, 42, 51, 53, 158, 7, 77, 86, 91, 57, 148, 0)
True, True, 0.3273, (0, 130, 18, 150, 78, 132, 47, 124, 0)
True, True, 0.052, (0, 174, 18, 50, 94, 59, 46, 150, 0)
True, True, 0.107, (0, 77, 7, 64, 85, 168, 164, 95, 96, 103, 0)
True, True, 0.2141, (0, 64, 38, 83, 48, 119, 45, 35, 142, 158, 0)
True, True, 0.0426, (0, 42, 51, 53, 158, 7, 77, 86, 91, 57, 118, 0)
True, True, 0.4248, (0, 56, 138, 40, 66, 6, 139, 63, 106, 0)
True, True, 0.0426, (0, 156, 104, 144, 71, 22, 99, 154, 0)
True, True, 0.0818, (0, 81, 117, 85, 125, 128, 52, 4, 110, 55, 53, 0)
True, True, 0.0613, (0, 61, 130, 46, 59, 94, 50, 141, 108, 146, 112, 37, 129, 80, 0)
True, True, 0.1076, (0, 40, 88, 32, 23, 149, 124, 0)
True, True, 0.0743, (0, 28, 105, 23, 40, 0)
True, True, 0.3902, (0, 156, 92, 104, 144, 22, 118, 99, 154, 0)
True, True, 0.3662, (0, 120, 79, 147, 166, 155, 8, 113, 84, 121, 145, 123, 90, 0)
True, True, 0.1441, (0, 130, 18, 46, 43, 116, 82, 137, 136, 0)
False, True, 0.4339, (0, 30, 60, 56, 30, 0)
True, True, 0.038, (0, 93, 19, 36, 0)
True, True, 0.2138, (0, 171, 111, 3, 14, 0)
True, True, 0.2202, (0, 93, 157, 161, 36, 127, 14, 0)
True, True, 0.0422, (0, 103, 96, 95, 164, 168, 85, 117, 64, 81, 13, 170, 54, 0)
True, True, 0.2521, (0, 93, 157, 58, 12, 123, 145, 72, 102, 167, 153, 0)
False, True, 0.0775, (0, 25, 123, 145, 72, 25, 0)
True, True, 0.1448, (0, 127, 101, 161, 58, 12, 102, 167, 73, 0)
True, True, 0.1679, (0, 157, 127, 101, 161, 58, 12, 102, 73, 0)
False, True, 0.0788, (0, 25, 102, 123, 25, 0)
True, True, 0.0021, (0, 127, 161, 155, 8, 113, 84, 121, 123, 58, 0)
False, True, 0.1441, (0, 102, 72, 136, 137, 89, 82, 116, 43, 20, 89, 137, 136, 72, 0)
True, True, 0.1299, (0, 58, 123, 145, 121, 84, 113, 8, 155, 161, 93, 0)
True, True, 0.2609, (0, 115, 80, 129, 37, 112, 146, 108, 141, 94, 50, 46, 150, 0)
False, True, 0.0974, (0, 165, 70, 163, 100, 1, 109, 54, 70, 75, 0)
True, True, 0.2138, (0, 122, 98, 111, 90, 3, 14, 0)
False, True, 0.3839, (0, 97, 124, 47, 132, 16, 149, 97, 67, 0)
False, True, 0.0103, (0, 67, 124, 47, 149, 16, 132, 47, 124, 67, 0)
True, True, 0.1128, (0, 127, 155, 8, 113, 84, 121, 145, 72, 102, 0)
True, True, 0.0165, (0, 61, 130, 107, 126, 152, 68, 112, 37, 129, 80, 110, 0)
True, True, 0.0636, (0, 130, 107, 126, 152, 68, 112, 37, 129, 105, 87, 115, 0)
False, True, 0.0487, (0, 165, 75, 163, 100, 1, 109, 54, 75, 165, 0)
True, True, 0.09, (0, 81, 85, 125, 128, 52, 4, 83, 38, 64, 0)
True, True, 0.0944, (0, 174, 49, 130, 107, 126, 152, 105, 80, 28, 0)
True, True, 0.004, (0, 130, 5, 126, 152, 68, 146, 108, 141, 94, 59, 46, 0)
True, True, 0.0076, (0, 167, 102, 12, 58, 161, 101, 157, 93, 0)
False, True, 0.2317, (0, 149, 132, 78, 16, 149, 47, 97, 0)
True, True, 0.0319, (0, 123, 121, 84, 113, 8, 155, 161, 101, 0)
True, True, 0.043, (0, 69, 103, 96, 95, 164, 168, 85, 117, 64, 81, 13, 170, 131, 0)
False, True, 0.0362, (0, 148, 135, 151, 65, 41, 24, 173, 131, 151, 154, 0)
False, True, 0.0426, (0, 156, 92, 104, 144, 22, 118, 104, 92, 156, 0)
False, True, 0.0866, (0, 42, 51, 44, 86, 77, 7, 158, 53, 51, 42, 0)
True, True, 0.1935, (0, 135, 151, 131, 173, 24, 91, 57, 71, 104, 0)
False, True, 0.0028, (0, 148, 135, 74, 41, 131, 173, 24, 41, 74, 135, 0)
True, True, 0.1935, (0, 61, 18, 43, 116, 82, 89, 137, 136, 0)
True, True, 0.0904, (0, 115, 107, 126, 5, 68, 108, 141, 50, 94, 59, 46, 0)
False, True, 0.3278, (0, 135, 151, 65, 41, 131, 173, 24, 41, 65, 0)
True, True, 0.0005, (0, 61, 160, 174, 49, 88, 17, 47, 124, 97, 67, 0)
True, True, 0.0932, (0, 61, 18, 43, 116, 82, 89, 72, 0)
True, True, 0.1087, (0, 107, 126, 152, 68, 146, 112, 37, 129, 105, 76, 0)
True, True, 0.0512, (0, 44, 133, 162, 110, 4, 52, 128, 125, 85, 117, 81, 0)
True, True, 0.0509, (0, 88, 18, 43, 116, 82, 89, 0)
True, True, 0.197, (0, 44, 133, 7, 64, 85, 168, 164, 95, 96, 103, 0)
True, True, 0.004, (0, 149, 46, 59, 94, 50, 141, 108, 146, 68, 5, 107, 0)
True, True, 0.0595, (0, 115, 87, 107, 126, 5, 68, 152, 105, 80, 110, 0)
True, True, 0.0184, (0, 160, 115, 76, 87, 105, 80, 52, 4, 162, 0)
True, True, 0.0422, (0, 81, 117, 85, 168, 164, 95, 96, 1, 163, 0)
False, True, 0.1209, (0, 40, 88, 32, 23, 88, 40, 0)
True, True, 0.0721, (0, 61, 152, 68, 146, 108, 141, 50, 18, 0)
True, True, 0.0159, (0, 47, 132, 78, 43, 46, 18, 0)
True, True, 0.0183, (0, 115, 105, 152, 5, 68, 108, 141, 50, 94, 59, 46, 0)
False, True, 0.2742, (0, 61, 87, 107, 126, 5, 68, 152, 105, 87, 76, 0)
True, True, 0.107, (0, 44, 142, 35, 119, 48, 83, 38, 77, 0)
True, True, 0.09, (0, 44, 142, 35, 119, 48, 38, 64, 86, 0)
True, True, 0.3101, (0, 44, 162, 110, 28, 76, 87, 49, 174, 88, 0)
False, True, 0.0362, (0, 151, 65, 41, 173, 24, 41, 65, 151, 99, 0)
True, True, 0.0422, (0, 51, 53, 158, 7, 77, 64, 117, 81, 170, 100, 0)
True, True, 0.0341, (0, 142, 45, 4, 52, 128, 125, 85, 164, 168, 103, 0)
True, True, 0.0647, (0, 151, 65, 131, 173, 24, 91, 57, 71, 104, 0)
True, True, 0.0309, (0, 174, 18, 150, 78, 132, 149, 0)
False, True, 0.176, (0, 174, 32, 23, 174, 160, 0)
True, True, 0.0341, (0, 86, 64, 38, 83, 48, 119, 35, 44, 0)
False, True, 0.0081, (0, 103, 96, 85, 125, 128, 4, 52, 128, 125, 85, 64, 0)
True, True, 0.09, (0, 119, 48, 83, 4, 52, 128, 125, 85, 117, 81, 0)
True, True, 0.09, (0, 162, 55, 110, 4, 52, 128, 125, 85, 117, 64, 86, 0)
False, True, 0.0102, (0, 81, 117, 85, 125, 128, 4, 52, 128, 125, 85, 96, 0)
True, True, 0.0422, (0, 86, 81, 13, 64, 117, 85, 168, 164, 95, 96, 103, 0)
True, True, 0.1746, (0, 148, 135, 131, 173, 24, 91, 57, 71, 104, 0)
True, True, 0.3289, (0, 150, 46, 59, 94, 141, 108, 146, 112, 37, 129, 80, 115, 0)
True, True, 0.0201, (0, 47, 78, 46, 59, 94, 50, 18, 0)
True, True, 0.09, (0, 51, 53, 158, 162, 35, 142, 77, 86, 44, 0)
True, True, 0.0341, (0, 103, 96, 95, 85, 125, 128, 52, 4, 45, 162, 133, 44, 0)
False, True, 0.0981, (0, 148, 135, 151, 65, 74, 41, 24, 173, 131, 151, 135, 148, 0)
False, True, 0.0069, (0, 135, 151, 65, 41, 173, 24, 41, 74, 65, 151, 0)
True, True, 0.0065, (0, 156, 148, 154, 99, 163, 100, 1, 109, 54, 69, 0)
False, True, 0.0592, (0, 151, 65, 41, 131, 173, 24, 41, 74, 135, 148, 0)
all_elementary, False
all_cyc2, True
