Instance, X-n139-k10
capacity, 106
min_trucks, 10
output_file, output_uchoa/X-n139-k10-ng20.log
Start date, 2022-06-26
Start time, 22-29-45
capacity, 106
num_vehicles, 10
abort_early, False
methods, ['ng20']
max_vars, 10000
time_limit, 86400
farley, False
initial time, initial max_it, max_stale_it
1, 20000.0, 20
heuristic Number of routes, heuristic Best Solution Value, heuristic number of iterations, adjusted time, adjusted max_it, measured total time
110, 13590.0, 141, 1, 20000.0, 154.1
method, python time, total time, propagated dominance time, unpropagated dominance time, pricing_success, upper_bound, lower_bound, abort_early, num_paths, 
ng20, 1.4, 0.1, 0.1, 0.0, 1, 13590.0, -68872.5, 0, 4364
ng20, 1.0, 0.1, 0.0, 0.0, 1, 13590.0, -66195.0, 0, 3158
ng20, 2.9, 0.5, 0.4, 0.0, 1, 13590.0, -31970.0, 0, 9370
ng20, 2.0, 0.3, 0.2, 0.0, 1, 13590.0, -25531.0, 0, 6529
ng20, 3.6, 1.5, 1.1, 0.1, 1, 13590.0, -13397.0243, 0, 12952
ng20, 1.7, 0.3, 0.2, 0.0, 1, 13590.0, -32933.7784, 0, 5738
ng20, 3.9, 1.8, 1.2, 0.1, 1, 13590.0, -18707.8143, 0, 14119
ng20, 4.1, 3.7, 2.4, 0.2, 1, 13590.0, -10658.4846, 0, 22368
ng20, 1.7, 0.3, 0.2, 0.0, 1, 13590.0, -40118.0699, 0, 5850
ng20, 4.0, 5.2, 3.5, 0.2, 1, 13590.0, -9612.1995, 0, 25630
ng20, 4.0, 7.3, 4.9, 0.3, 1, 13590.0, -6490.3453, 0, 31315
ng20, 3.9, 2.4, 1.6, 0.1, 1, 13590.0, -17289.778, 0, 16489
ng20, 4.0, 9.0, 6.4, 0.4, 1, 13590.0, -10689.9033, 0, 32954
ng20, 4.1, 2.9, 2.0, 0.1, 1, 13590.0, -11441.9103, 0, 15733
ng20, 4.3, 19.7, 15.7, 1.1, 1, 13590.0, -4824.705, 0, 33849
ng20, 4.4, 200.4, 172.1, 16.3, 1, 13590.0, -4208.5237, 0, 127896
ng20, 4.1, 28.6, 22.8, 1.3, 1, 13590.0, -2180.5184, 0, 54411
ng20, 4.0, 81.2, 68.7, 4.9, 1, 13590.0, -3512.4464, 0, 85624
ng20, 3.3, 0.9, 0.7, 0.1, 1, 13590.0, -33310.7161, 0, 10117
ng20, 4.3, 29.3, 23.4, 1.3, 1, 13590.0, -1278.1609, 0, 55245
ng20, 3.6, 3.5, 2.3, 0.2, 1, 13590.0, -10295.8781, 0, 19218
ng20, 4.2, 59.6, 48.8, 3.8, 1, 13590.0, 315.9094, 0, 82227
ng20, 4.2, 23.5, 18.4, 0.9, 1, 13590.0, 1300.5474, 0, 48147
ng20, 4.3, 188.6, 165.2, 12.0, 1, 13590.0, 2908.7772, 0, 103645
ng20, 4.4, 25.6, 20.9, 1.0, 1, 13590.0, 2923.1972, 0, 40469
ng20, 4.2, 44.2, 38.0, 1.9, 1, 13590.0, 4348.6476, 0, 40894
ng20, 4.3, 760.2, 708.1, 38.3, 1, 13590.0, 7322.8758, 0, 105328
ng20, 4.1, 65.1, 57.5, 2.6, 1, 13590.0, 6050.8288, 0, 37261
ng20, 4.1, 156.4, 141.1, 7.5, 1, 13590.0, 6979.6555, 0, 57044
ng20, 4.4, 553.6, 507.1, 36.0, 1, 13590.0, 8133.9149, 0, 62317
ng20, 4.5, 252.6, 228.3, 16.3, 1, 13590.0, 8173.015, 0, 46734
ng20, 4.5, 271.1, 248.4, 13.5, 1, 13590.0, 8082.4164, 0, 57479
ng20, 4.2, 880.0, 785.6, 84.4, 1, 13590.0, 10758.2626, 0, 31668
ng20, 4.3, 720.5, 663.0, 47.9, 1, 13590.0, 11104.5765, 0, 25804
ng20, 4.5, 1423.9, 1313.0, 99.0, 1, 13590.0, 11168.6255, 0, 19624
ng20, 4.3, 904.2, 823.8, 69.8, 1, 13590.0, 10953.0698, 0, 30115
ng20, 4.2, 1258.8, 1129.4, 115.7, 1, 13590.0, 9874.0482, 0, 48284
ng20, 4.2, 805.8, 713.8, 83.6, 1, 13544.2549, 8822.9893, 0, 25684
ng20, 4.3, 944.0, 844.4, 89.5, 1, 13524.7058, 11217.5727, 0, 12618
ng20, 4.2, 708.8, 648.3, 52.0, 1, 13498.94, 10548.8616, 0, 20241
ng20, 2.4, 3838.6, 3419.1, 399.8, 1, 13498.2129, 12595.0583, 0, 4878
ng20, 3.7, 20.1, 16.6, 1.4, 1, 13411.4069, -88.8177, 0, 22047
ng20, 4.1, 316.8, 291.3, 17.9, 1, 13411.4069, 9623.7122, 0, 37354
ng20, 1.1, 3181.8, 2842.9, 321.5, 1, 13411.4069, 12187.6437, 0, 2025
ng20, 1.5, 3109.1, 2788.3, 306.6, 1, 13375.9366, 12150.1832, 0, 2883
ng20, 0.6, 3193.5, 2810.1, 366.2, 1, 13372.1246, 12806.9306, 0, 686
ng20, 1.1, 2722.7, 2421.7, 285.6, 1, 13344.8508, 12565.2818, 0, 1806
ng20, 0.4, 3316.3, 2939.9, 358.3, 1, 13341.22, 13017.2015, 0, 331
ng20, 0.4, 3118.9, 2746.9, 354.5, 1, 13332.9665, 13180.8572, 0, 179
ng20, 0.3, 3393.0, 2988.8, 386.0, 1, 13327.7317, 13262.134, 0, 63
ng20, 0.3, 3246.4, 2866.4, 362.2, 1, 13326.7946, 13279.8393, 0, 19
ng20, 0.1, 3242.0, 2866.3, 357.9, 1, 13326.6311, 13311.9578, 0, 4
ng20, 0.1, 3185.8, 2811.9, 356.3, 1, 13326.6311, 13326.6311, 0, 0
scip_total_time, 46694.339812
Solval, number of paths, impact cutoff
13326.631118530018, 86, 0.0001
Elementary, 2-Cycle, Path Value, Path
True, True, 0.5115, (0, 91, 71, 100, 67, 42, 59, 60, 15, 8, 39, 51, 84, 30, 7, 0)
True, True, 0.035, (0, 56, 75, 133, 64, 127, 130, 93, 132, 107, 92, 41, 80, 78, 120, 73, 0)
True, True, 0.2634, (0, 124, 9, 26, 108, 94, 69, 38, 131, 34, 115, 27, 123, 50, 74, 0)
True, True, 0.1696, (0, 98, 3, 0)
True, True, 0.102, (0, 95, 126, 99, 2, 49, 53, 129, 36, 125, 25, 137, 114, 32, 16, 0)
True, True, 0.0567, (0, 32, 114, 137, 112, 22, 108, 94, 69, 38, 131, 34, 115, 27, 123, 0)
True, True, 0.336, (0, 118, 85, 24, 36, 125, 25, 112, 22, 9, 23, 4, 62, 70, 88, 0)
True, True, 0.0025, (0, 16, 114, 137, 112, 22, 108, 94, 69, 38, 131, 34, 115, 27, 123, 70, 0)
True, True, 0.0501, (0, 81, 86, 33, 135, 14, 101, 128, 119, 47, 17, 37, 40, 134, 102, 0)
True, True, 0.047, (0, 118, 85, 24, 114, 137, 112, 22, 108, 94, 69, 38, 131, 62, 124, 0)
True, True, 0.2267, (0, 91, 89, 81, 71, 100, 67, 42, 59, 60, 39, 51, 84, 30, 7, 0)
True, True, 0.0458, (0, 124, 62, 4, 38, 131, 34, 115, 27, 123, 50, 31, 97, 13, 0)
True, True, 0.094, (0, 76, 111, 105, 82, 106, 43, 46, 55, 18, 1, 21, 103, 28, 0)
True, True, 0.146, (0, 63, 28, 103, 21, 18, 1, 119, 47, 11, 101, 14, 135, 33, 0)
True, True, 0.0445, (0, 87, 99, 2, 49, 129, 53, 113, 90, 12, 66, 19, 48, 65, 44, 0)
True, True, 0.0851, (0, 45, 110, 58, 35, 78, 92, 107, 132, 93, 130, 127, 64, 133, 75, 54, 0)
True, True, 0.1627, (0, 87, 99, 2, 49, 129, 53, 96, 5, 6, 61, 19, 66, 72, 44, 57, 0)
True, True, 0.0213, (0, 13, 97, 31, 50, 123, 27, 115, 34, 131, 38, 23, 4, 62, 0)
True, True, 0.0811, (0, 124, 4, 23, 26, 108, 94, 69, 38, 131, 34, 115, 27, 123, 70, 0)
True, True, 0.1182, (0, 29, 57, 44, 65, 48, 61, 19, 66, 12, 117, 87, 52, 126, 95, 0)
True, True, 0.094, (0, 45, 110, 58, 35, 78, 92, 41, 80, 31, 97, 13, 10, 109, 0)
True, True, 0.3239, (0, 95, 126, 52, 99, 2, 49, 129, 53, 96, 5, 6, 113, 90, 12, 117, 0)
False, True, 0.3102, (0, 16, 32, 118, 85, 24, 36, 125, 25, 112, 22, 137, 114, 32, 16, 0)
True, True, 0.1061, (0, 124, 62, 4, 23, 26, 9, 22, 112, 137, 114, 24, 85, 32, 16, 0)
True, True, 0.1864, (0, 3, 7, 30, 84, 51, 39, 8, 15, 60, 59, 42, 67, 100, 71, 0)
True, True, 0.538, (0, 122, 138, 21, 1, 18, 55, 46, 43, 77, 106, 82, 105, 111, 0)
True, True, 0.072, (0, 70, 74, 50, 123, 27, 115, 34, 131, 38, 69, 94, 108, 26, 9, 16, 0)
True, True, 0.0429, (0, 95, 126, 52, 87, 99, 2, 49, 129, 53, 113, 90, 12, 72, 44, 57, 0)
True, True, 0.0753, (0, 29, 57, 8, 15, 65, 48, 19, 66, 72, 117, 87, 52, 126, 95, 0)
True, True, 0.0753, (0, 87, 99, 2, 49, 129, 53, 113, 90, 66, 19, 61, 48, 65, 44, 0)
True, True, 0.0429, (0, 29, 117, 49, 129, 53, 96, 5, 6, 113, 90, 66, 19, 48, 65, 57, 0)
True, True, 0.1627, (0, 29, 57, 15, 65, 48, 61, 19, 66, 72, 117, 87, 52, 126, 95, 0)
True, True, 0.051, (0, 52, 87, 99, 2, 49, 53, 129, 36, 125, 25, 137, 114, 24, 118, 0)
True, True, 0.0688, (0, 16, 32, 114, 137, 112, 22, 94, 69, 108, 26, 9, 23, 4, 62, 0)
True, True, 0.154, (0, 62, 4, 23, 26, 108, 94, 69, 38, 131, 34, 115, 27, 123, 70, 0)
True, True, 0.0568, (0, 109, 10, 74, 50, 123, 27, 115, 34, 131, 38, 23, 4, 62, 0)
True, True, 0.0342, (0, 124, 23, 26, 108, 94, 69, 38, 131, 34, 115, 27, 123, 62, 70, 0)
True, True, 0.0113, (0, 89, 104, 86, 101, 11, 17, 37, 40, 134, 14, 135, 33, 81, 0)
True, True, 0.0874, (0, 95, 126, 52, 87, 99, 2, 36, 125, 25, 137, 114, 24, 85, 118, 0)
True, True, 0.0178, (0, 95, 126, 52, 36, 125, 25, 112, 22, 137, 114, 24, 85, 118, 32, 0)
False, True, 0.146, (0, 76, 122, 138, 21, 55, 46, 43, 77, 106, 82, 105, 111, 76, 0)
True, True, 0.0465, (0, 89, 104, 136, 83, 68, 116, 101, 11, 17, 37, 40, 134, 102, 81, 0)
False, True, 0.2249, (0, 98, 124, 88, 109, 110, 45, 20, 121, 79, 54, 56, 98, 0)
True, True, 0.062, (0, 104, 86, 33, 135, 14, 101, 128, 119, 47, 17, 37, 40, 134, 102, 0)
True, True, 0.051, (0, 118, 85, 114, 137, 25, 125, 36, 129, 53, 49, 2, 99, 87, 52, 0)
True, True, 0.094, (0, 76, 111, 105, 82, 106, 77, 130, 93, 132, 107, 133, 120, 73, 121, 54, 0)
True, True, 0.0113, (0, 89, 104, 136, 83, 68, 116, 101, 11, 17, 37, 40, 134, 102, 71, 0)
False, True, 0.0759, (0, 76, 111, 105, 82, 106, 77, 43, 46, 55, 18, 1, 21, 76, 0)
True, True, 0.064, (0, 89, 81, 71, 100, 67, 42, 59, 60, 15, 8, 39, 51, 84, 0)
True, True, 0.1751, (0, 79, 121, 73, 120, 35, 58, 13, 97, 31, 50, 74, 10, 70, 88, 0)
True, True, 0.09, (0, 45, 110, 58, 35, 78, 41, 80, 31, 97, 13, 10, 70, 88, 0)
True, True, 0.2174, (0, 104, 86, 33, 135, 14, 11, 128, 119, 47, 17, 37, 40, 134, 102, 0)
True, True, 0.052, (0, 56, 76, 111, 105, 82, 106, 77, 43, 46, 55, 18, 1, 103, 0)
True, True, 0.2808, (0, 81, 102, 134, 40, 37, 17, 47, 119, 128, 116, 68, 83, 136, 86, 104, 0)
False, True, 0.2617, (0, 3, 56, 91, 89, 104, 63, 28, 103, 138, 122, 76, 56, 98, 0)
True, True, 0.1217, (0, 75, 133, 64, 127, 130, 93, 132, 107, 92, 41, 80, 58, 35, 73, 20, 0)
True, True, 0.094, (0, 63, 28, 103, 1, 18, 55, 46, 43, 77, 130, 127, 64, 133, 75, 54, 0)
True, True, 0.0591, (0, 3, 29, 44, 72, 12, 90, 113, 6, 5, 96, 53, 129, 49, 2, 99, 87, 0)
True, True, 0.0116, (0, 23, 26, 108, 94, 69, 38, 131, 34, 115, 27, 123, 50, 10, 109, 0)
True, True, 0.0398, (0, 104, 136, 83, 68, 116, 128, 101, 11, 17, 37, 40, 134, 102, 81, 0)
True, True, 0.0434, (0, 79, 73, 120, 78, 80, 41, 92, 107, 132, 93, 130, 127, 64, 133, 75, 0)
True, True, 0.0283, (0, 29, 117, 49, 53, 129, 36, 125, 25, 137, 114, 24, 85, 118, 32, 16, 0)
False, True, 0.2486, (0, 29, 72, 12, 90, 113, 96, 5, 6, 61, 19, 66, 48, 65, 44, 29, 0)
True, True, 0.0543, (0, 76, 122, 138, 103, 136, 83, 68, 116, 101, 11, 14, 135, 33, 0)
False, True, 0.1627, (0, 57, 8, 65, 48, 61, 6, 5, 96, 113, 90, 12, 117, 72, 44, 57, 0)
True, True, 0.1063, (0, 81, 102, 134, 40, 37, 17, 11, 101, 128, 116, 68, 83, 136, 28, 63, 0)
True, True, 0.094, (0, 109, 10, 13, 97, 31, 80, 41, 92, 107, 132, 93, 127, 64, 75, 0)
True, True, 0.3071, (0, 109, 10, 74, 50, 31, 97, 13, 58, 35, 110, 45, 20, 79, 0)
True, True, 0.0057, (0, 7, 84, 51, 39, 60, 59, 42, 67, 100, 102, 14, 135, 33, 81, 0)
True, True, 0.0697, (0, 7, 30, 57, 44, 65, 48, 61, 19, 66, 72, 117, 87, 52, 126, 95, 0)
True, True, 0.0805, (0, 89, 86, 33, 135, 14, 101, 128, 119, 47, 17, 37, 40, 134, 102, 0)
True, True, 0.0162, (0, 3, 29, 44, 72, 117, 49, 53, 129, 36, 125, 25, 137, 114, 24, 85, 118, 0)
False, True, 0.1189, (0, 98, 3, 56, 54, 79, 121, 20, 45, 110, 109, 88, 124, 3, 0)
True, True, 0.0787, (0, 124, 9, 26, 108, 94, 69, 38, 131, 34, 115, 27, 123, 74, 10, 0)
True, True, 0.08, (0, 121, 73, 120, 78, 41, 80, 31, 97, 13, 58, 35, 110, 45, 0)
True, True, 0.2274, (0, 75, 133, 64, 127, 130, 93, 132, 107, 92, 41, 80, 78, 120, 73, 20, 0)
True, True, 0.075, (0, 123, 27, 115, 34, 131, 38, 69, 94, 108, 26, 9, 23, 4, 62, 0)
True, True, 0.2979, (0, 89, 86, 33, 135, 14, 11, 101, 116, 68, 83, 136, 103, 28, 63, 0)
False, True, 0.1307, (0, 121, 75, 133, 64, 127, 130, 93, 132, 107, 92, 78, 120, 73, 121, 79, 0)
True, True, 0.0692, (0, 104, 136, 83, 68, 116, 128, 119, 47, 11, 14, 135, 33, 81, 3, 0)
True, True, 0.0057, (0, 81, 33, 135, 14, 102, 100, 67, 42, 59, 60, 39, 51, 84, 30, 0)
False, True, 0.1687, (0, 54, 120, 78, 80, 41, 92, 107, 132, 93, 130, 127, 64, 133, 75, 54, 0)
True, True, 0.0457, (0, 109, 10, 13, 97, 31, 80, 41, 78, 120, 73, 121, 54, 56, 0)
True, True, 0.094, (0, 81, 102, 134, 40, 37, 17, 47, 119, 128, 101, 116, 68, 83, 136, 63, 0)
True, True, 0.047, (0, 109, 10, 74, 50, 123, 27, 115, 34, 31, 97, 13, 58, 35, 73, 0)
True, True, 0.0551, (0, 118, 114, 137, 112, 22, 94, 69, 108, 26, 23, 4, 62, 70, 88, 0)
all_elementary, False
all_cyc2, True
