Instance, X-n110-k13
capacity, 66
min_trucks, 13
output_file, output_uchoa/X-n110-k13-SPPRC.log
Start date, 2022-06-27
Start time, 04-25-53
capacity, 66
num_vehicles, 13
abort_early, False
methods, ['SPPRC']
max_vars, 10000
time_limit, 86400
farley, False
initial time, initial max_it, max_stale_it
1, 20000.0, 20
heuristic Number of routes, heuristic Best Solution Value, heuristic number of iterations, adjusted time, adjusted max_it, measured total time
36, 14971.0, 29, 1, 20000.0, 39.0
method, python time, total time, propagated dominance time, unpropagated dominance time, pricing_success, upper_bound, lower_bound, abort_early, num_paths, 
SPPRC, 0.2, 0.0, 0.0, 0.0, 1, 14971.0, -78265.0, 0, 779
SPPRC, 0.3, 0.0, 0.0, 0.0, 1, 14971.0, -47260.0, 0, 1110
SPPRC, 0.2, 0.0, 0.0, 0.0, 1, 14971.0, -80365.3535, 0, 845
SPPRC, 0.2, 0.0, 0.0, 0.0, 1, 14971.0, -91461.625, 0, 746
SPPRC, 0.3, 0.0, 0.0, 0.0, 1, 14971.0, -40108.1091, 0, 1025
SPPRC, 0.4, 0.0, 0.0, 0.0, 1, 14971.0, -36516.8, 0, 1411
SPPRC, 0.5, 0.0, 0.0, 0.0, 1, 14971.0, -60719.4909, 0, 2076
SPPRC, 0.3, 0.0, 0.0, 0.0, 1, 14971.0, -43625.2619, 0, 1341
SPPRC, 0.4, 0.0, 0.0, 0.0, 1, 14971.0, -23784.8411, 0, 1576
SPPRC, 0.4, 0.0, 0.0, 0.0, 1, 14971.0, -33190.012, 0, 1443
SPPRC, 0.4, 0.0, 0.0, 0.0, 1, 14971.0, -18693.673, 0, 1614
SPPRC, 0.4, 0.0, 0.0, 0.0, 1, 14971.0, -4048.3829, 0, 1711
SPPRC, 0.6, 0.0, 0.0, 0.0, 1, 14971.0, -7939.8422, 0, 2041
SPPRC, 0.5, 0.0, 0.0, 0.0, 1, 14971.0, -10103.6164, 0, 1793
SPPRC, 0.9, 0.1, 0.0, 0.0, 1, 14971.0, -22904.2601, 0, 2013
SPPRC, 0.5, 0.0, 0.0, 0.0, 1, 14971.0, -11284.417, 0, 2117
SPPRC, 0.5, 0.1, 0.0, 0.0, 1, 14971.0, -2813.4734, 0, 2059
SPPRC, 0.5, 0.0, 0.0, 0.0, 1, 14971.0, -7265.9023, 0, 1796
SPPRC, 0.3, 0.1, 0.0, 0.0, 1, 14971.0, 858.6649, 0, 1459
SPPRC, 0.3, 0.1, 0.0, 0.0, 1, 14971.0, 3616.178, 0, 1463
SPPRC, 0.2, 0.0, 0.0, 0.0, 1, 14971.0, -7830.2462, 0, 873
SPPRC, 0.3, 0.1, 0.0, 0.0, 1, 14971.0, 2468.8519, 0, 1439
SPPRC, 0.3, 0.1, 0.0, 0.0, 1, 14971.0, -11602.441, 0, 1236
SPPRC, 0.4, 0.1, 0.0, 0.0, 1, 14971.0, -12790.3146, 0, 1413
SPPRC, 0.4, 0.1, 0.1, 0.0, 1, 14971.0, -992.2813, 0, 1489
SPPRC, 0.4, 0.1, 0.0, 0.0, 1, 14839.6495, 3268.3788, 0, 1600
SPPRC, 0.2, 0.1, 0.0, 0.0, 1, 14830.5973, 9340.0669, 0, 973
SPPRC, 0.2, 0.1, 0.0, 0.0, 1, 14658.1733, 9173.425, 0, 899
SPPRC, 0.1, 0.1, 0.0, 0.0, 1, 14466.6354, 8689.064, 0, 673
SPPRC, 0.1, 0.1, 0.0, 0.0, 1, 14305.2856, 10545.6306, 0, 538
SPPRC, 0.1, 0.1, 0.0, 0.0, 1, 14184.4474, 11792.6697, 0, 390
SPPRC, 0.0, 0.1, 0.0, 0.0, 1, 14125.8498, 12782.1553, 0, 224
SPPRC, 0.0, 0.1, 0.0, 0.0, 1, 14034.2363, 12852.4275, 0, 148
SPPRC, -0.0, 0.1, 0.0, 0.0, 1, 13978.6956, 13383.4963, 0, 103
SPPRC, -0.0, 0.1, 0.0, 0.0, 1, 13945.5238, 13531.0422, 0, 60
SPPRC, -0.0, 0.1, 0.0, 0.0, 1, 13932.9063, 13632.6829, 0, 38
SPPRC, -0.0, 0.1, 0.0, 0.0, 1, 13928.153, 13588.6473, 0, 21
SPPRC, -0.0, 0.1, 0.0, 0.0, 1, 13926.5886, 13845.182, 0, 7
SPPRC, -0.0, 0.1, 0.0, 0.0, 1, 13925.0941, 13902.1025, 0, 4
SPPRC, -0.0, 0.1, 0.0, 0.0, 1, 13924.6216, 13924.6216, 0, 0
scip_total_time, 53.849779
Solval, number of paths, impact cutoff
13924.621570535184, 96, 0.0001
Elementary, 2-Cycle, Path Value, Path
True, True, 0.7895, (0, 1, 90, 16, 29, 78, 74, 32, 79, 0)
False, False, 0.2, (0, 98, 66, 98, 66, 98, 66, 98, 66, 98, 66, 0)
False, False, 0.1209, (0, 54, 96, 88, 21, 75, 21, 75, 21, 0)
False, False, 0.0625, (0, 5, 46, 5, 46, 5, 46, 5, 0)
False, False, 0.0494, (0, 58, 21, 75, 21, 75, 21, 75, 21, 0)
False, False, 0.5, (0, 14, 3, 108, 91, 108, 3, 14, 0)
False, False, 0.1875, (0, 52, 50, 52, 50, 52, 50, 52, 50, 0)
False, False, 0.0341, (0, 109, 69, 109, 69, 109, 69, 109, 0)
False, False, 0.2711, (0, 27, 65, 36, 64, 36, 65, 59, 27, 0)
False, False, 0.0526, (0, 70, 81, 94, 37, 94, 37, 94, 37, 7, 0)
False, False, 0.2813, (0, 30, 56, 55, 76, 55, 76, 55, 56, 30, 0)
False, False, 0.1306, (0, 19, 58, 63, 72, 63, 72, 63, 58, 0)
False, False, 0.2105, (0, 23, 70, 44, 81, 44, 70, 16, 90, 0)
False, False, 0.0263, (0, 32, 74, 20, 92, 20, 92, 20, 74, 32, 0)
False, False, 0.2299, (0, 48, 57, 13, 23, 13, 57, 48, 0)
False, False, 0.1735, (0, 19, 58, 63, 72, 63, 72, 10, 100, 62, 0)
False, False, 0.1306, (0, 100, 10, 72, 63, 72, 63, 72, 10, 100, 0)
True, True, 0.2214, (0, 48, 82, 107, 7, 35, 73, 47, 40, 0)
False, False, 0.0526, (0, 38, 79, 32, 79, 32, 79, 32, 79, 1, 0)
False, False, 0.0526, (0, 82, 107, 7, 107, 7, 107, 82, 13, 0)
False, False, 0.25, (0, 39, 28, 31, 28, 31, 28, 39, 50, 0)
False, False, 0.0799, (0, 49, 62, 8, 62, 8, 62, 8, 62, 0)
False, False, 0.1748, (0, 99, 64, 104, 60, 61, 22, 83, 22, 83, 0)
False, False, 0.2485, (0, 40, 47, 73, 35, 73, 35, 73, 86, 100, 0)
False, False, 0.0726, (0, 49, 19, 58, 41, 12, 41, 12, 58, 19, 0)
False, True, 0.2498, (0, 54, 96, 88, 75, 21, 88, 96, 54, 68, 0)
False, False, 0.1253, (0, 49, 40, 47, 86, 10, 86, 10, 86, 47, 40, 0)
False, False, 0.082, (0, 48, 57, 82, 107, 82, 57, 48, 0)
False, False, 0.2534, (0, 49, 8, 100, 62, 8, 62, 8, 49, 0)
False, False, 0.125, (0, 52, 39, 31, 28, 31, 28, 31, 39, 52, 0)
True, True, 0.0333, (0, 47, 73, 35, 7, 107, 82, 57, 13, 0)
False, False, 0.086, (0, 71, 2, 99, 36, 64, 36, 65, 27, 0)
False, False, 0.1731, (0, 25, 102, 9, 33, 9, 33, 9, 102, 56, 30, 0)
False, False, 0.2152, (0, 70, 44, 81, 94, 37, 94, 37, 7, 35, 0)
False, False, 0.2285, (0, 99, 43, 93, 43, 93, 43, 2, 71, 0)
False, False, 0.2059, (0, 70, 44, 81, 94, 37, 94, 37, 7, 107, 0)
False, False, 0.25, (0, 91, 5, 46, 5, 46, 5, 91, 0)
False, False, 0.1776, (0, 6, 77, 11, 85, 51, 85, 11, 77, 6, 0)
False, False, 0.1907, (0, 68, 41, 12, 41, 12, 41, 12, 58, 19, 0)
False, False, 0.1573, (0, 80, 2, 93, 43, 93, 43, 2, 80, 0)
False, False, 0.1548, (0, 48, 82, 57, 82, 57, 13, 23, 0)
False, False, 0.18, (0, 68, 96, 88, 75, 21, 75, 88, 96, 54, 0)
False, False, 0.0739, (0, 65, 36, 64, 36, 64, 36, 65, 0)
False, False, 0.0748, (0, 99, 64, 104, 60, 61, 22, 61, 60, 104, 2, 0)
False, False, 0.0349, (0, 27, 17, 59, 95, 59, 95, 59, 95, 59, 17, 0)
False, False, 0.0312, (0, 31, 17, 95, 59, 95, 17, 95, 59, 17, 31, 0)
False, False, 0.1353, (0, 105, 20, 92, 20, 92, 106, 42, 106, 67, 0)
False, False, 0.0526, (0, 1, 78, 29, 81, 44, 81, 29, 78, 0)
False, False, 0.0789, (0, 105, 74, 20, 92, 20, 92, 20, 74, 105, 0)
False, False, 0.1119, (0, 11, 51, 85, 51, 85, 51, 85, 11, 0)
False, False, 0.1028, (0, 19, 68, 54, 68, 41, 12, 41, 12, 58, 19, 0)
False, False, 0.099, (0, 71, 80, 71, 80, 71, 80, 2, 80, 71, 80, 71, 0)
False, False, 0.3134, (0, 18, 25, 103, 24, 103, 24, 103, 24, 84, 18, 0)
False, False, 0.0475, (0, 30, 76, 83, 22, 83, 22, 83, 76, 30, 0)
False, False, 0.2248, (0, 38, 89, 67, 34, 45, 34, 67, 89, 38, 0)
True, True, 0.1904, (0, 71, 80, 2, 99, 65, 59, 95, 17, 39, 0)
False, False, 0.0634, (0, 100, 10, 86, 10, 86, 10, 86, 10, 86, 47, 40, 0)
False, False, 0.0772, (0, 49, 19, 68, 54, 68, 41, 12, 58, 19, 49, 0)
False, False, 0.0299, (0, 109, 18, 25, 103, 24, 103, 25, 18, 69, 0)
False, False, 0.1053, (0, 67, 106, 97, 42, 97, 42, 106, 67, 89, 0)
False, False, 0.0097, (0, 68, 54, 96, 88, 21, 88, 96, 54, 68, 0)
False, False, 0.1448, (0, 46, 11, 51, 85, 51, 11, 77, 6, 0)
False, False, 0.1053, (0, 23, 70, 81, 44, 81, 29, 78, 1, 0)
False, False, 0.1331, (0, 23, 13, 107, 7, 107, 82, 13, 23, 0)
False, False, 0.2, (0, 25, 102, 33, 9, 33, 9, 33, 102, 25, 0)
False, False, 0.1226, (0, 27, 17, 95, 59, 95, 17, 95, 17, 95, 17, 27, 0)
False, False, 0.1439, (0, 38, 89, 45, 34, 45, 34, 45, 38, 0)
True, True, 0.0333, (0, 23, 13, 57, 82, 107, 7, 35, 40, 0)
False, False, 0.039, (0, 56, 55, 76, 55, 76, 55, 76, 55, 0)
False, False, 0.0677, (0, 105, 92, 20, 92, 97, 106, 97, 106, 67, 0)
False, False, 0.0171, (0, 69, 109, 69, 109, 69, 18, 69, 0)
False, False, 0.2665, (0, 69, 109, 69, 109, 18, 109, 69, 0)
False, False, 0.0067, (0, 30, 104, 60, 104, 60, 104, 60, 104, 60, 104, 93, 2, 0)
False, False, 0.105, (0, 38, 89, 45, 34, 45, 34, 89, 38, 0)
False, False, 0.0596, (0, 27, 17, 59, 95, 59, 95, 59, 17, 31, 39, 0)
False, False, 0.061, (0, 49, 40, 47, 86, 10, 86, 47, 40, 47, 40, 0)
False, False, 0.0035, (0, 89, 34, 45, 34, 45, 34, 89, 46, 0)
False, False, 0.0185, (0, 93, 104, 60, 61, 22, 83, 22, 83, 76, 56, 0)
False, False, 0.015, (0, 105, 20, 92, 97, 42, 97, 42, 106, 67, 0)
False, False, 0.2328, (0, 84, 87, 26, 53, 15, 53, 15, 26, 87, 77, 0)
False, False, 0.0422, (0, 89, 67, 45, 67, 45, 34, 45, 89, 0)
False, False, 0.1017, (0, 93, 104, 60, 61, 22, 83, 22, 61, 60, 104, 93, 0)
False, False, 0.2068, (0, 56, 76, 83, 61, 60, 104, 60, 104, 64, 99, 0)
False, False, 0.2932, (0, 105, 20, 92, 97, 42, 97, 42, 106, 105, 0)
False, False, 0.0299, (0, 6, 84, 24, 4, 101, 102, 101, 4, 101, 4, 84, 18, 0)
False, False, 0.0269, (0, 25, 102, 9, 33, 9, 33, 9, 101, 4, 25, 0)
False, False, 0.032, (0, 99, 36, 64, 36, 65, 59, 17, 27, 0)
False, False, 0.0779, (0, 30, 83, 61, 22, 61, 22, 61, 22, 83, 30, 0)
False, False, 0.0493, (0, 46, 11, 85, 51, 85, 51, 11, 46, 0)
False, False, 0.0376, (0, 105, 92, 20, 92, 97, 106, 42, 106, 67, 0)
False, False, 0.0067, (0, 30, 83, 22, 61, 60, 61, 60, 104, 64, 99, 0)
False, False, 0.1015, (0, 6, 84, 4, 101, 4, 101, 4, 101, 102, 101, 4, 84, 6, 0)
False, False, 0.0015, (0, 31, 17, 95, 17, 59, 65, 59, 17, 31, 0)
False, False, 0.0328, (0, 46, 51, 85, 51, 85, 51, 11, 46, 0)
False, False, 0.0955, (0, 84, 4, 101, 102, 101, 4, 101, 4, 101, 4, 101, 4, 84, 0)
False, False, 0.2672, (0, 77, 87, 26, 53, 15, 53, 15, 26, 87, 6, 0)
all_elementary, False
all_cyc2, False
