Instance, X-n148-k46
capacity, 18
min_trucks, 47
output_file, output_uchoa_repeat_small/X-n148-k46-cyc2.log
Start date, 2022-07-06
Start time, 11-44-48
capacity, 18
num_vehicles, 47
abort_early, False
methods, ['cyc2']
max_vars, 100
time_limit, 86400
farley, False
ESPPRC_heur, True
initial time, initial max_it, max_stale_it
1, 20000.0, 20
heuristic Number of routes, heuristic Best Solution Value, heuristic number of iterations, adjusted time, adjusted max_it, measured total time
2416, 43448.0, 2723, 1, 20000.0, 2745.1
method, python time, total time, propagated dominance time, unpropagated dominance time, pricing_success, upper_bound, lower_bound, abort_early, num_paths, 
ESPPRC_heur, 0.0, 0.0, 0.0, 0.0, 0, 43147.395, 29505.645, True, 144
ESPPRC_heur, 0.0, 0.0, 0.0, 0.0, 0, 43147.395, 24887.6712, True, 106
ESPPRC_heur, 0.0, 0.0, 0.0, 0.0, 0, 43142.6607, 35310.7961, True, 24
ESPPRC_heur, 0.0, 0.0, 0.0, 0.0, 0, 43142.4574, 39069.124, True, 20
ESPPRC_heur, 0.0, 0.0, 0.0, 0.0, 0, 43139.2988, 41964.2988, True, 6
cyc2, -0.0, 0.2, 0.0, 0.0, 1, 43139.2927, 38134.7998, 0, 91
ESPPRC_heur, 0.0, 0.0, 0.0, 0.0, 0, 43046.9245, 39086.5653, True, 17
cyc2, -0.0, 0.2, 0.0, 0.0, 1, 43032.1662, 38628.0618, 0, 32
cyc2, -0.0, 0.2, 0.0, 0.0, 1, 43022.8097, 42176.8097, 0, 6
cyc2, -0.0, 0.2, 0.0, 0.0, 1, 43018.7115, 43018.7115, 0, 0
scip_total_time, 2746.44354
Solval, number of paths, impact cutoff
43018.71150407116, 105, 0.0001
Elementary, 2-Cycle, Path Value, Path
True, True, 0.5, (0, 89, 39, 0)
True, True, 1.0, (0, 131, 144, 65, 0)
True, True, 0.6087, (0, 94, 41, 78, 0)
True, True, 1.0, (0, 56, 30, 0)
True, True, 1.0, (0, 124, 121, 140, 0)
True, True, 0.5, (0, 38, 69, 29, 25, 0)
True, True, 1.0, (0, 93, 21, 0)
True, True, 1.0, (0, 83, 76, 143, 0)
True, True, 1.0, (0, 95, 87, 0)
True, True, 1.0, (0, 28, 5, 71, 0)
True, True, 1.0, (0, 1, 59, 0)
True, True, 1.0, (0, 22, 55, 27, 0)
True, True, 0.5, (0, 2, 122, 86, 0)
True, True, 0.75, (0, 113, 35, 0)
True, True, 1.0, (0, 18, 75, 0)
True, True, 1.0, (0, 44, 88, 0)
True, True, 0.9553, (0, 14, 61, 67, 98, 0)
True, True, 0.9218, (0, 7, 81, 120, 0)
True, True, 0.7655, (0, 26, 130, 57, 0)
True, True, 0.3333, (0, 52, 48, 119, 80, 20, 0)
True, True, 1.0, (0, 105, 40, 0)
True, True, 0.3918, (0, 116, 90, 15, 0)
True, True, 0.8128, (0, 8, 3, 12, 117, 0)
True, True, 1.0, (0, 132, 97, 0)
True, True, 1.0, (0, 118, 62, 107, 0)
True, True, 0.2708, (0, 134, 109, 77, 0)
True, True, 0.1153, (0, 90, 74, 0)
True, True, 0.5, (0, 86, 84, 134, 0)
True, True, 0.4929, (0, 31, 90, 116, 0)
True, True, 0.1153, (0, 15, 3, 12, 16, 0)
True, True, 0.5, (0, 84, 122, 0)
True, True, 0.5, (0, 47, 73, 0)
True, True, 0.391, (0, 37, 135, 115, 6, 0)
True, True, 0.827, (0, 108, 74, 16, 0)
True, True, 0.5, (0, 123, 146, 79, 92, 0)
True, True, 1.0, (0, 139, 91, 0)
True, True, 0.25, (0, 17, 112, 2, 0)
True, True, 0.5, (0, 99, 42, 0)
True, True, 0.5368, (0, 60, 64, 138, 102, 19, 0)
True, True, 0.3333, (0, 20, 80, 103, 101, 0)
True, True, 0.5, (0, 46, 47, 23, 0)
True, True, 0.2826, (0, 25, 29, 63, 38, 0)
True, True, 1.0, (0, 43, 58, 72, 0)
True, True, 0.5, (0, 142, 70, 112, 17, 0)
True, True, 0.4375, (0, 104, 32, 127, 0)
True, True, 0.875, (0, 136, 137, 110, 0)
True, True, 0.3913, (0, 147, 141, 50, 0)
True, True, 0.2826, (0, 51, 9, 69, 0)
True, True, 0.0719, (0, 102, 12, 3, 117, 0)
True, True, 0.0577, (0, 15, 16, 117, 108, 0)
True, True, 0.125, (0, 82, 32, 136, 0)
True, True, 0.125, (0, 137, 127, 85, 0)
True, True, 0.2757, (0, 6, 115, 135, 125, 0)
True, True, 0.3913, (0, 41, 133, 24, 11, 0)
True, True, 0.25, (0, 70, 35, 123, 0)
True, True, 0.3542, (0, 85, 77, 109, 0)
True, True, 0.3333, (0, 20, 80, 119, 103, 0)
True, True, 0.2292, (0, 127, 142, 77, 85, 0)
True, True, 0.6087, (0, 45, 141, 51, 0)
True, True, 0.1458, (0, 109, 142, 77, 127, 0)
True, True, 1.0, (0, 106, 129, 0)
True, True, 0.125, (0, 142, 70, 113, 104, 0)
True, True, 0.2345, (0, 26, 37, 125, 114, 0)
True, True, 0.0577, (0, 74, 117, 15, 31, 0)
True, True, 1.0, (0, 111, 49, 145, 34, 96, 0)
True, True, 0.0719, (0, 60, 64, 138, 31, 0)
True, True, 0.5, (0, 39, 89, 126, 0)
True, True, 0.2292, (0, 134, 109, 85, 0)
True, True, 0.201, (0, 4, 114, 130, 0)
True, True, 0.2174, (0, 50, 11, 9, 24, 63, 25, 0)
True, True, 0.5, (0, 23, 73, 126, 0)
True, True, 0.1153, (0, 31, 15, 108, 116, 125, 0)
True, True, 0.1087, (0, 11, 24, 9, 51, 0)
True, True, 0.0335, (0, 67, 61, 7, 57, 0)
True, True, 0.1304, (0, 9, 63, 29, 0)
True, True, 0.2174, (0, 147, 133, 24, 63, 69, 0)
True, True, 0.3913, (0, 45, 60, 64, 138, 102, 0)
True, True, 0.5, (0, 128, 146, 79, 0)
True, True, 0.087, (0, 29, 63, 11, 38, 0)
True, True, 0.5, (0, 99, 42, 46, 0)
True, True, 0.3333, (0, 100, 6, 48, 119, 101, 0)
True, True, 0.3913, (0, 147, 133, 78, 94, 0)
True, True, 0.0335, (0, 98, 57, 7, 130, 0)
False, True, 0.3333, (0, 54, 68, 10, 54, 0)
False, True, 0.4632, (0, 53, 19, 4, 53, 0)
False, True, 0.4375, (0, 82, 32, 104, 82, 0)
False, True, 0.3333, (0, 68, 10, 54, 68, 10, 0)
False, True, 0.0112, (0, 14, 61, 7, 57, 14, 0)
False, True, 0.125, (0, 17, 113, 70, 17, 0)
False, True, 0.2222, (0, 33, 36, 13, 66, 36, 13, 33, 0)
False, True, 0.0652, (0, 38, 9, 24, 63, 38, 0)
False, True, 0.1957, (0, 50, 9, 11, 50, 0)
False, True, 0.3333, (0, 52, 101, 103, 48, 52, 0)
False, True, 0.0736, (0, 4, 31, 15, 4, 53, 0)
False, True, 0.1111, (0, 13, 66, 36, 13, 66, 0)
False, True, 0.3333, (0, 100, 115, 135, 100, 0)
False, True, 0.0625, (0, 110, 127, 85, 110, 0)
False, True, 0.1886, (0, 4, 114, 15, 31, 114, 0)
True, True, 0.25, (0, 92, 128, 123, 2, 0)
True, True, 0.25, (0, 128, 92, 112, 0)
False, True, 0.0112, (0, 14, 67, 98, 14, 0)
False, True, 0.0556, (0, 66, 13, 33, 66, 13, 33, 0)
False, True, 0.1872, (0, 37, 125, 8, 37, 125, 114, 0)
False, True, 0.2222, (0, 33, 66, 36, 13, 66, 36, 33, 0)
False, True, 0.0782, (0, 57, 120, 81, 57, 0)
all_elementary, False
all_cyc2, True
