Instance, X-n167-k10
capacity, 133
min_trucks, 10
output_file, output_uchoa_repeat_small/X-n167-k10-SPPRC.log
Start date, 2022-07-06
Start time, 19-11-06
capacity, 133
num_vehicles, 10
abort_early, False
methods, ['SPPRC']
max_vars, 100
time_limit, 86400
farley, False
ESPPRC_heur, True
initial time, initial max_it, max_stale_it
1, 20000.0, 20
heuristic Number of routes, heuristic Best Solution Value, heuristic number of iterations, adjusted time, adjusted max_it, measured total time
58382, 20557.0, 20000, 1, 20000.0, 20267.5
method, python time, total time, propagated dominance time, unpropagated dominance time, pricing_success, upper_bound, lower_bound, abort_early, num_paths, 
SPPRC, 0.1, 0.5, 0.4, 0.0, 1, 20382.7237, -38590.8045, 0, 6381
SPPRC, 0.0, 0.5, 0.3, 0.0, 1, 20382.7237, -14682.5379, 0, 5118
SPPRC, 0.1, 1.1, 0.9, 0.1, 1, 20382.7237, -9485.7373, 0, 8241
SPPRC, 0.1, 0.8, 0.6, 0.1, 1, 20382.7237, -5443.082, 0, 5560
SPPRC, 0.1, 0.6, 0.4, 0.1, 1, 20382.7237, -9425.5665, 0, 4906
SPPRC, 0.0, 1.0, 0.8, 0.1, 1, 20382.7237, 3825.8453, 0, 5305
SPPRC, 0.1, 1.2, 1.0, 0.1, 1, 20382.7237, 8483.8216, 0, 5380
SPPRC, 0.1, 0.9, 0.7, 0.1, 1, 20382.7237, -153.0288, 0, 5092
SPPRC, 0.0, 1.0, 0.7, 0.1, 1, 20382.7237, -25502.2792, 0, 7276
SPPRC, 0.1, 1.1, 0.9, 0.1, 1, 20382.7237, -2995.0915, 0, 5912
SPPRC, 0.1, 1.4, 1.2, 0.1, 1, 20382.7237, -2654.3756, 0, 7187
SPPRC, 0.0, 1.1, 0.8, 0.1, 1, 20382.7237, 3500.3624, 0, 4522
SPPRC, 0.1, 1.1, 0.9, 0.1, 1, 20382.7237, 6923.6868, 0, 5158
SPPRC, 0.1, 1.5, 1.2, 0.1, 1, 20371.4661, -171628.853, 0, 14294
SPPRC, 0.0, 1.1, 0.9, 0.1, 1, 20371.4661, -722.6335, 0, 5576
SPPRC, 0.0, 1.3, 1.0, 0.1, 1, 20366.1027, 11398.4412, 0, 4367
SPPRC, 0.0, 1.1, 0.9, 0.1, 1, 20289.8418, 5934.766, 0, 4399
SPPRC, 0.0, 1.4, 1.1, 0.1, 1, 20286.046, 12438.4568, 0, 4930
SPPRC, 0.1, 1.2, 1.0, 0.1, 1, 20210.2691, 13332.8868, 0, 4174
SPPRC, 0.1, 1.1, 0.9, 0.1, 1, 20160.629, 9284.9007, 0, 3908
SPPRC, 0.1, 1.3, 1.1, 0.1, 1, 20133.1891, 14527.3404, 0, 3736
SPPRC, 0.1, 1.2, 1.0, 0.1, 1, 20044.5199, 14623.3609, 0, 2942
SPPRC, 0.0, 1.2, 1.0, 0.1, 1, 19975.7415, 13704.1218, 0, 2949
SPPRC, 0.1, 1.3, 1.0, 0.1, 1, 19859.5361, 15052.5013, 0, 2610
SPPRC, 0.1, 1.3, 1.1, 0.1, 1, 19835.6695, 15207.2823, 0, 2979
SPPRC, 0.0, 1.3, 1.0, 0.1, 1, 19823.6198, 15839.5554, 0, 2662
SPPRC, 0.1, 1.2, 0.9, 0.1, 1, 19788.5766, 15686.1963, 0, 2163
SPPRC, 0.1, 1.2, 1.0, 0.1, 1, 19787.0058, 16387.1848, 0, 2233
SPPRC, 0.1, 1.2, 1.0, 0.1, 1, 19749.0239, 13507.0508, 0, 3236
SPPRC, 0.0, 1.2, 0.9, 0.1, 1, 19749.0239, 15109.2595, 0, 2596
SPPRC, 0.0, 1.2, 1.0, 0.1, 1, 19743.1678, 15648.7736, 0, 2625
SPPRC, 0.1, 1.2, 1.0, 0.1, 1, 19739.914, 16386.933, 0, 2405
SPPRC, 0.0, 1.3, 1.0, 0.1, 1, 19730.1079, 15663.7393, 0, 2487
SPPRC, 0.0, 1.3, 1.0, 0.1, 1, 19721.4897, 15922.5517, 0, 2240
SPPRC, 0.1, 1.2, 1.0, 0.1, 1, 19721.4897, 16987.4732, 0, 1850
SPPRC, 0.0, 1.3, 1.0, 0.1, 1, 19716.6258, 16941.1767, 0, 2099
SPPRC, 0.1, 1.2, 1.0, 0.1, 1, 19678.1076, 16162.6275, 0, 1997
SPPRC, 0.0, 1.2, 1.0, 0.1, 1, 19678.1076, 17190.9707, 0, 1493
SPPRC, 0.1, 1.2, 1.0, 0.1, 1, 19597.493, 15742.5917, 0, 2415
SPPRC, 0.0, 1.3, 1.0, 0.1, 1, 19597.493, 16623.9971, 0, 2043
SPPRC, 0.0, 1.2, 1.0, 0.1, 1, 19573.0828, 12348.2895, 0, 2701
SPPRC, 0.1, 1.2, 1.0, 0.1, 1, 19564.2223, 16690.3525, 0, 1911
SPPRC, 0.1, 1.3, 1.0, 0.1, 1, 19546.1971, 16973.265, 0, 1483
SPPRC, 0.1, 1.2, 1.0, 0.1, 1, 19542.0998, 17675.3068, 0, 1261
SPPRC, 0.1, 1.2, 1.0, 0.1, 1, 19502.6808, 17045.1666, 0, 1552
SPPRC, 0.0, 1.2, 0.9, 0.1, 1, 19495.6684, 17626.671, 0, 1139
SPPRC, 0.0, 1.3, 1.0, 0.1, 1, 19466.7443, 16723.105, 0, 1164
SPPRC, 0.1, 1.3, 1.0, 0.1, 1, 19456.5084, 17678.9159, 0, 1173
SPPRC, 0.1, 1.3, 1.0, 0.1, 1, 19412.6611, 16471.7114, 0, 1553
SPPRC, 0.0, 1.2, 1.0, 0.1, 1, 19411.2295, 17250.0853, 0, 1144
SPPRC, 0.0, 1.2, 0.9, 0.1, 1, 19397.8618, 17905.61, 0, 932
SPPRC, 0.1, 1.2, 1.0, 0.1, 1, 19346.6581, 18237.2039, 0, 723
SPPRC, 0.1, 1.3, 1.0, 0.1, 1, 19320.4027, 18111.9998, 0, 667
SPPRC, 0.1, 1.3, 1.0, 0.1, 1, 19298.2255, 18070.4876, 0, 559
SPPRC, 0.1, 1.2, 1.0, 0.1, 1, 19284.9474, 18427.0152, 0, 464
SPPRC, 0.1, 1.2, 1.0, 0.1, 1, 19241.4862, 17593.8679, 0, 672
SPPRC, 0.1, 1.2, 1.0, 0.1, 1, 19241.4608, 18219.0589, 0, 484
SPPRC, 0.1, 1.2, 1.0, 0.1, 1, 19234.8262, 18581.258, 0, 312
SPPRC, 0.1, 1.2, 1.0, 0.1, 1, 19206.5976, 17496.1523, 0, 569
SPPRC, 0.0, 1.3, 1.0, 0.1, 1, 19206.5976, 18692.4853, 0, 283
SPPRC, 0.0, 1.3, 1.0, 0.1, 1, 19188.0478, 18640.912, 0, 252
SPPRC, 0.1, 1.3, 1.0, 0.1, 1, 19167.4407, 18604.3186, 0, 203
SPPRC, 0.1, 1.3, 1.0, 0.1, 1, 19150.7513, 18794.8629, 0, 148
SPPRC, 0.0, 1.3, 1.0, 0.1, 1, 19133.2592, 18846.4824, 0, 111
SPPRC, 0.1, 1.2, 1.0, 0.1, 1, 19124.7721, 18690.0799, 0, 126
SPPRC, 0.1, 1.2, 1.0, 0.1, 1, 19117.8633, 18855.0132, 0, 83
SPPRC, 0.1, 1.2, 1.0, 0.1, 1, 19111.1975, 18926.7897, 0, 63
SPPRC, 0.0, 1.2, 1.0, 0.1, 1, 19106.707, 18920.5786, 0, 56
SPPRC, 0.1, 1.2, 1.0, 0.1, 1, 19101.1925, 18955.1697, 0, 46
SPPRC, 0.1, 1.2, 1.0, 0.1, 1, 19097.4324, 18977.4485, 0, 34
SPPRC, 0.0, 1.2, 1.0, 0.1, 1, 19094.1093, 18903.1882, 0, 36
SPPRC, 0.0, 1.2, 1.0, 0.1, 1, 19090.5644, 18992.0108, 0, 32
SPPRC, 0.0, 1.2, 1.0, 0.1, 1, 19089.6684, 19037.9363, 0, 23
SPPRC, 0.0, 1.2, 1.0, 0.1, 1, 19089.1789, 19044.914, 0, 20
SPPRC, 0.0, 1.2, 1.0, 0.1, 1, 19088.7566, 19066.2566, 0, 11
SPPRC, 0.0, 1.2, 1.0, 0.1, 1, 19088.6101, 19028.3434, 0, 9
SPPRC, 0.0, 1.2, 1.0, 0.1, 1, 19088.5909, 19051.0909, 0, 4
SPPRC, 0.0, 1.2, 1.0, 0.1, 1, 19088.5722, 19068.801, 0, 3
SPPRC, 0.0, 1.2, 1.0, 0.1, 1, 19088.5442, 19073.6046, 0, 2
SPPRC, 0.0, 1.2, 1.0, 0.1, 1, 19088.5442, 19074.5554, 0, 2
SPPRC, 0.0, 1.2, 1.0, 0.1, 1, 19088.5141, 19087.6182, 0, 2
SPPRC, 0.0, 1.2, 1.0, 0.1, 1, 19088.5137, 19088.5137, 0, 0
scip_total_time, 20461.936273
Solval, number of paths, impact cutoff
19088.513740200906, 160, 0.0001
Elementary, 2-Cycle, Path Value, Path
False, False, 0.0533, (0, 99, 63, 124, 63, 124, 63, 124, 63, 124, 63, 124, 63, 124, 63, 99, 0)
False, False, 0.1094, (0, 5, 86, 5, 86, 5, 86, 5, 86, 5, 86, 5, 86, 5, 86, 5, 0)
False, False, 0.0281, (0, 9, 123, 35, 26, 165, 26, 165, 26, 165, 26, 165, 26, 35, 123, 9, 134, 0)
False, False, 0.1318, (0, 87, 144, 80, 105, 36, 105, 36, 105, 36, 105, 36, 105, 36, 105, 36, 105, 80, 144, 87, 0)
False, False, 0.0662, (0, 3, 130, 143, 71, 113, 71, 113, 71, 113, 71, 113, 71, 113, 71, 76, 54, 144, 0)
False, False, 0.1098, (0, 44, 30, 92, 159, 15, 159, 15, 159, 15, 159, 15, 159, 15, 159, 15, 92, 30, 44, 0)
False, False, 0.0153, (0, 67, 134, 48, 68, 162, 62, 162, 62, 162, 62, 162, 62, 162, 68, 48, 134, 67, 0)
False, False, 0.1114, (0, 46, 17, 14, 85, 156, 85, 156, 85, 156, 85, 156, 85, 156, 85, 14, 17, 46, 0)
False, False, 0.0141, (0, 99, 103, 86, 103, 86, 103, 86, 103, 86, 103, 86, 103, 86, 103, 99, 0)
False, False, 0.0415, (0, 80, 101, 110, 34, 164, 34, 164, 34, 164, 34, 164, 34, 164, 34, 110, 101, 18, 144, 0)
False, False, 0.0161, (0, 36, 110, 34, 164, 34, 164, 34, 164, 34, 164, 34, 164, 34, 164, 34, 110, 36, 0)
False, False, 0.0049, (0, 158, 95, 112, 53, 72, 10, 51, 146, 51, 146, 51, 146, 51, 10, 72, 53, 112, 95, 158, 0)
False, False, 0.0551, (0, 8, 114, 136, 88, 122, 111, 122, 111, 122, 111, 122, 88, 136, 114, 8, 151, 0)
False, False, 0.0746, (0, 67, 134, 46, 140, 119, 140, 119, 140, 119, 140, 46, 140, 119, 46, 134, 67, 0)
False, False, 0.1132, (0, 54, 154, 142, 82, 120, 11, 39, 11, 39, 11, 39, 11, 39, 11, 120, 82, 142, 154, 76, 0)
False, False, 0.0231, (0, 67, 134, 140, 119, 140, 119, 140, 119, 140, 119, 140, 119, 140, 134, 67, 0)
False, False, 0.1148, (0, 99, 103, 152, 87, 42, 87, 42, 87, 42, 87, 42, 152, 103, 86, 5, 0)
False, False, 0.097, (0, 152, 42, 3, 130, 143, 130, 143, 130, 143, 130, 143, 130, 143, 130, 3, 42, 152, 99, 0)
False, False, 0.0067, (0, 157, 123, 35, 26, 165, 78, 138, 78, 138, 78, 138, 78, 138, 78, 165, 26, 35, 123, 157, 0)
False, False, 0.0795, (0, 44, 30, 92, 15, 17, 96, 14, 96, 14, 96, 14, 96, 17, 15, 92, 30, 44, 0)
False, False, 0.0411, (0, 44, 30, 92, 55, 131, 4, 160, 4, 160, 4, 149, 4, 149, 4, 149, 4, 160, 4, 131, 55, 92, 0)
False, False, 0.0483, (0, 55, 131, 4, 75, 109, 16, 109, 16, 109, 16, 109, 16, 109, 75, 160, 21, 0)
False, False, 0.0467, (0, 89, 7, 157, 9, 157, 9, 157, 9, 157, 9, 157, 9, 157, 7, 89, 67, 0)
False, False, 0.0288, (0, 52, 125, 66, 43, 117, 147, 49, 64, 107, 64, 107, 64, 107, 64, 107, 64, 49, 147, 20, 66, 125, 0)
False, False, 0.0054, (0, 43, 117, 129, 57, 12, 104, 12, 104, 12, 104, 12, 104, 12, 104, 12, 57, 129, 117, 43, 0)
False, False, 0.0189, (0, 76, 154, 142, 82, 120, 39, 11, 39, 11, 39, 11, 39, 120, 82, 142, 102, 108, 27, 101, 0)
False, False, 0.0828, (0, 115, 129, 57, 77, 57, 77, 57, 77, 57, 77, 57, 77, 1, 88, 136, 114, 8, 0)
False, False, 0.0128, (0, 124, 144, 80, 105, 36, 105, 36, 105, 36, 105, 36, 105, 36, 105, 80, 18, 54, 87, 124, 0)
False, False, 0.0125, (0, 42, 54, 76, 23, 139, 23, 139, 23, 139, 23, 139, 23, 139, 23, 76, 54, 42, 0)
False, False, 0.0348, (0, 80, 101, 27, 108, 102, 142, 19, 50, 19, 50, 19, 50, 19, 50, 19, 142, 102, 108, 27, 101, 0)
False, False, 0.1559, (0, 8, 129, 57, 12, 104, 12, 104, 12, 104, 12, 104, 12, 104, 12, 104, 57, 129, 115, 0)
False, False, 0.0844, (0, 44, 3, 130, 143, 71, 113, 71, 113, 71, 113, 71, 143, 130, 3, 42, 152, 103, 0)
False, False, 0.0484, (0, 123, 35, 165, 78, 41, 74, 33, 106, 33, 106, 33, 74, 41, 78, 165, 35, 123, 0)
False, False, 0.1289, (0, 137, 56, 61, 58, 61, 58, 61, 58, 61, 58, 61, 58, 61, 58, 56, 127, 47, 118, 93, 0)
False, False, 0.2061, (0, 110, 65, 81, 45, 98, 150, 135, 150, 135, 150, 135, 150, 98, 45, 81, 65, 110, 0)
False, False, 0.1045, (0, 99, 103, 63, 124, 63, 124, 63, 124, 63, 124, 63, 124, 63, 103, 99, 0)
False, False, 0.0592, (0, 128, 138, 41, 74, 33, 106, 166, 94, 166, 94, 166, 106, 33, 74, 41, 78, 35, 123, 0)
False, False, 0.0926, (0, 67, 89, 6, 7, 6, 7, 6, 7, 6, 7, 6, 7, 6, 7, 6, 7, 89, 67, 0)
False, False, 0.0977, (0, 67, 134, 119, 140, 119, 140, 119, 140, 119, 140, 119, 140, 119, 134, 67, 0)
False, False, 0.0354, (0, 18, 102, 100, 40, 31, 24, 133, 70, 141, 70, 133, 70, 141, 70, 133, 24, 31, 40, 100, 102, 18, 0)
False, False, 0.0054, (0, 66, 20, 147, 49, 104, 12, 104, 12, 104, 12, 104, 12, 104, 12, 104, 12, 104, 49, 20, 0)
False, False, 0.0016, (0, 144, 18, 23, 154, 132, 60, 132, 60, 132, 60, 132, 60, 132, 154, 139, 23, 76, 54, 0)
False, False, 0.0551, (0, 18, 102, 100, 40, 31, 24, 133, 141, 70, 141, 70, 141, 133, 24, 31, 40, 100, 27, 101, 80, 0)
False, False, 0.0481, (0, 3, 21, 149, 4, 160, 4, 149, 21, 149, 21, 149, 21, 149, 4, 149, 4, 131, 55, 92, 0)
False, False, 0.0918, (0, 80, 101, 65, 81, 45, 98, 150, 135, 98, 135, 98, 135, 98, 45, 81, 65, 110, 0)
False, False, 0.0538, (0, 76, 154, 142, 82, 120, 146, 51, 146, 51, 146, 51, 146, 51, 146, 51, 10, 72, 32, 75, 160, 0)
False, False, 0.0241, (0, 131, 75, 32, 72, 10, 37, 84, 37, 84, 37, 84, 37, 84, 37, 84, 146, 120, 82, 142, 0)
False, False, 0.0313, (0, 8, 114, 136, 88, 122, 111, 122, 111, 122, 111, 122, 111, 88, 114, 8, 148, 0)
False, False, 0.0286, (0, 137, 83, 69, 83, 69, 83, 69, 83, 69, 83, 69, 83, 69, 83, 69, 83, 69, 83, 69, 83, 137, 89, 0)
False, False, 0.0422, (0, 30, 92, 55, 38, 151, 38, 151, 38, 151, 38, 151, 38, 55, 92, 30, 0)
False, False, 0.0124, (0, 43, 117, 129, 145, 163, 114, 136, 114, 136, 114, 136, 114, 136, 114, 136, 114, 163, 145, 129, 117, 43, 0)
False, False, 0.1477, (0, 3, 158, 95, 59, 112, 53, 32, 28, 29, 2, 29, 2, 16, 109, 131, 55, 0)
False, False, 0.1321, (0, 124, 87, 144, 54, 76, 23, 139, 23, 139, 23, 139, 23, 139, 23, 76, 54, 144, 87, 0)
False, False, 0.2287, (0, 137, 25, 118, 47, 126, 127, 155, 56, 155, 56, 155, 56, 155, 127, 126, 47, 118, 93, 0)
False, False, 0.0574, (0, 54, 76, 23, 139, 154, 132, 60, 132, 60, 132, 60, 132, 154, 139, 23, 76, 54, 144, 0)
False, False, 0.0097, (0, 113, 158, 95, 59, 112, 59, 112, 59, 112, 59, 112, 59, 95, 75, 160, 149, 3, 0)
False, False, 0.0132, (0, 128, 138, 41, 90, 161, 91, 161, 91, 161, 91, 161, 91, 161, 90, 94, 166, 106, 78, 35, 0)
False, False, 0.0174, (0, 44, 30, 55, 131, 4, 149, 21, 149, 21, 149, 21, 149, 4, 149, 4, 131, 55, 30, 44, 0)
False, False, 0.1111, (0, 99, 152, 121, 79, 121, 79, 121, 79, 121, 79, 121, 79, 121, 152, 103, 99, 0)
False, False, 0.1019, (0, 158, 95, 59, 112, 53, 72, 10, 72, 10, 72, 10, 72, 32, 53, 112, 59, 95, 158, 0)
False, False, 0.1092, (0, 158, 95, 59, 112, 53, 32, 28, 29, 2, 29, 2, 29, 28, 109, 75, 160, 0)
False, False, 0.005, (0, 5, 86, 103, 86, 103, 86, 103, 86, 103, 86, 103, 86, 103, 86, 5, 0)
False, False, 0.0485, (0, 3, 143, 113, 21, 149, 21, 149, 21, 149, 21, 149, 21, 149, 21, 113, 143, 3, 0)
False, False, 0.1885, (0, 158, 95, 59, 112, 53, 32, 28, 29, 2, 29, 2, 16, 109, 75, 160, 21, 0)
False, False, 0.159, (0, 44, 30, 92, 15, 159, 17, 96, 14, 96, 14, 96, 14, 96, 17, 159, 92, 30, 44, 0)
False, False, 0.1211, (0, 89, 6, 157, 9, 48, 68, 48, 68, 48, 68, 48, 68, 48, 68, 48, 134, 67, 0)
False, False, 0.0023, (0, 131, 75, 32, 10, 84, 37, 84, 37, 84, 37, 84, 37, 84, 37, 84, 10, 32, 75, 0)
False, False, 0.1, (0, 18, 101, 27, 108, 102, 50, 19, 50, 19, 50, 19, 50, 19, 50, 19, 50, 142, 154, 76, 0)
False, False, 0.0193, (0, 158, 95, 59, 112, 53, 72, 10, 51, 146, 51, 10, 72, 53, 112, 59, 95, 158, 113, 0)
False, False, 0.0482, (0, 128, 138, 78, 106, 166, 90, 161, 91, 161, 91, 161, 90, 166, 106, 126, 47, 118, 0)
False, False, 0.0484, (0, 128, 125, 66, 43, 117, 20, 147, 20, 147, 20, 147, 20, 147, 20, 147, 20, 117, 43, 66, 125, 128, 0)
False, False, 0.0174, (0, 3, 130, 143, 113, 71, 113, 71, 113, 71, 113, 71, 113, 71, 143, 130, 3, 152, 0)
False, False, 0.1712, (0, 67, 157, 9, 123, 35, 26, 165, 26, 165, 26, 165, 26, 35, 123, 9, 157, 0)
False, False, 0.1111, (0, 99, 103, 152, 42, 79, 121, 79, 121, 79, 121, 79, 42, 152, 103, 99, 0)
False, False, 0.0591, (0, 3, 130, 143, 71, 113, 60, 132, 60, 132, 60, 132, 60, 113, 71, 143, 130, 3, 0)
False, False, 0.1031, (0, 55, 131, 4, 75, 109, 16, 28, 16, 28, 16, 28, 16, 109, 75, 160, 21, 0)
False, False, 0.0813, (0, 80, 101, 110, 65, 164, 34, 164, 34, 164, 34, 164, 34, 164, 34, 164, 65, 110, 36, 0)
False, False, 0.0944, (0, 54, 154, 142, 82, 120, 39, 11, 39, 11, 39, 11, 39, 11, 39, 120, 82, 142, 102, 54, 0)
False, False, 0.1371, (0, 89, 137, 22, 73, 22, 73, 22, 73, 22, 73, 22, 73, 25, 93, 25, 7, 89, 0)
False, False, 0.0034, (0, 93, 118, 47, 126, 127, 56, 58, 61, 58, 61, 58, 61, 58, 56, 127, 126, 47, 118, 93, 0)
False, False, 0.0709, (0, 115, 129, 57, 77, 13, 1, 13, 1, 13, 1, 13, 1, 13, 77, 57, 129, 115, 0)
False, False, 0.0784, (0, 128, 125, 66, 43, 117, 20, 147, 49, 91, 161, 91, 161, 90, 166, 106, 126, 47, 118, 0)
False, False, 0.07, (0, 128, 138, 41, 90, 161, 91, 49, 91, 49, 91, 49, 91, 161, 90, 74, 41, 138, 128, 0)
False, False, 0.1092, (0, 8, 163, 88, 122, 111, 122, 111, 122, 111, 122, 111, 88, 136, 2, 131, 0)
False, False, 0.0235, (0, 137, 118, 47, 127, 155, 56, 58, 61, 58, 61, 58, 61, 58, 56, 127, 126, 47, 118, 137, 0)
False, False, 0.0551, (0, 8, 114, 136, 88, 111, 122, 111, 122, 111, 122, 111, 88, 136, 114, 8, 151, 0)
False, False, 0.0403, (0, 115, 129, 145, 163, 88, 1, 13, 77, 13, 77, 13, 1, 13, 1, 88, 136, 114, 8, 0)
False, False, 0.0313, (0, 110, 65, 81, 45, 98, 135, 98, 45, 81, 45, 81, 45, 81, 65, 110, 36, 0)
False, False, 0.0546, (0, 137, 25, 93, 25, 93, 25, 93, 25, 93, 25, 93, 25, 93, 25, 93, 25, 7, 6, 89, 67, 0)
False, False, 0.0563, (0, 3, 158, 95, 59, 112, 120, 82, 120, 82, 120, 82, 120, 82, 120, 82, 142, 154, 76, 0)
False, False, 0.0087, (0, 80, 101, 27, 108, 102, 100, 40, 31, 24, 31, 24, 31, 24, 31, 40, 100, 102, 108, 27, 101, 80, 0)
False, False, 0.0645, (0, 134, 48, 162, 62, 162, 62, 162, 62, 162, 62, 162, 62, 162, 9, 157, 6, 89, 0)
False, False, 0.0605, (0, 137, 25, 118, 47, 126, 127, 155, 127, 126, 127, 126, 127, 126, 127, 126, 47, 118, 93, 0)
False, False, 0.0151, (0, 152, 42, 3, 130, 143, 71, 113, 71, 113, 71, 113, 71, 143, 130, 3, 152, 103, 0)
False, False, 0.0061, (0, 115, 129, 145, 163, 88, 1, 77, 13, 77, 1, 77, 13, 1, 88, 163, 145, 129, 115, 0)
False, False, 0.1549, (0, 128, 138, 41, 74, 33, 166, 94, 90, 94, 90, 94, 90, 94, 166, 106, 78, 35, 123, 0)
False, False, 0.0779, (0, 160, 75, 32, 72, 10, 37, 84, 37, 84, 37, 84, 37, 84, 37, 10, 28, 109, 131, 0)
False, False, 0.0286, (0, 137, 73, 22, 69, 83, 69, 83, 69, 83, 69, 83, 69, 83, 69, 83, 69, 83, 69, 22, 73, 137, 0)
False, False, 0.1462, (0, 144, 54, 76, 23, 139, 154, 132, 60, 132, 60, 132, 60, 132, 60, 154, 139, 18, 144, 0)
False, False, 0.0131, (0, 8, 163, 88, 122, 111, 122, 111, 122, 111, 122, 111, 88, 163, 114, 8, 0)
False, False, 0.1295, (0, 125, 66, 43, 117, 129, 145, 163, 145, 163, 145, 163, 145, 163, 145, 163, 145, 129, 117, 43, 0)
False, False, 0.1249, (0, 52, 125, 66, 43, 117, 20, 147, 49, 107, 64, 107, 64, 107, 49, 147, 20, 117, 43, 66, 125, 52, 0)
False, False, 0.1404, (0, 46, 17, 38, 151, 153, 116, 153, 116, 153, 116, 153, 116, 153, 151, 38, 55, 0)
False, False, 0.0132, (0, 128, 125, 66, 43, 117, 147, 49, 107, 64, 107, 64, 107, 64, 49, 147, 117, 43, 66, 125, 128, 0)
False, False, 0.0757, (0, 160, 75, 53, 72, 10, 84, 37, 84, 37, 84, 37, 84, 37, 84, 10, 72, 32, 75, 131, 0)
False, False, 0.0768, (0, 89, 6, 157, 9, 68, 162, 62, 162, 62, 162, 62, 162, 62, 68, 62, 68, 48, 134, 0)
False, False, 0.0551, (0, 128, 138, 41, 74, 33, 106, 166, 94, 166, 94, 166, 94, 166, 106, 126, 47, 118, 137, 0)
False, False, 0.1385, (0, 158, 95, 59, 112, 53, 32, 72, 10, 51, 146, 51, 146, 51, 146, 51, 146, 120, 82, 142, 0)
False, False, 0.0291, (0, 55, 131, 4, 160, 75, 109, 16, 28, 16, 28, 32, 53, 112, 59, 95, 158, 3, 0)
False, False, 0.0111, (0, 8, 114, 136, 88, 1, 77, 1, 13, 1, 13, 1, 13, 1, 13, 1, 88, 136, 114, 8, 0)
False, False, 0.1945, (0, 18, 27, 108, 102, 100, 40, 31, 24, 133, 141, 70, 141, 70, 133, 24, 31, 40, 100, 108, 27, 18, 0)
False, False, 0.0065, (0, 123, 35, 165, 78, 74, 33, 106, 33, 106, 33, 106, 33, 74, 41, 78, 165, 35, 0)
False, False, 0.0115, (0, 44, 30, 92, 15, 159, 17, 96, 17, 96, 17, 96, 17, 96, 17, 159, 15, 92, 30, 44, 0)
False, False, 0.0671, (0, 80, 101, 27, 108, 102, 100, 40, 31, 24, 133, 141, 70, 141, 70, 133, 24, 31, 40, 100, 102, 54, 0)
False, False, 0.0963, (0, 46, 52, 85, 156, 115, 97, 148, 97, 148, 97, 148, 116, 153, 116, 153, 151, 38, 55, 0)
False, False, 0.028, (0, 93, 118, 47, 127, 61, 58, 61, 58, 61, 58, 61, 58, 61, 127, 126, 47, 118, 93, 0)
False, False, 0.0787, (0, 128, 138, 78, 74, 90, 161, 91, 161, 91, 161, 91, 161, 91, 161, 90, 74, 41, 138, 128, 0)
False, False, 0.102, (0, 46, 52, 85, 156, 115, 97, 148, 116, 153, 116, 148, 97, 148, 97, 115, 156, 85, 52, 134, 0)
False, False, 0.0858, (0, 137, 83, 69, 83, 69, 83, 69, 83, 69, 83, 69, 83, 69, 22, 73, 22, 73, 22, 73, 137, 0)
False, False, 0.0751, (0, 131, 8, 114, 136, 88, 1, 13, 77, 13, 1, 13, 1, 13, 77, 1, 88, 136, 114, 8, 0)
False, False, 0.0129, (0, 80, 101, 110, 65, 34, 164, 34, 164, 34, 164, 34, 164, 34, 164, 65, 110, 101, 18, 0)
False, False, 0.052, (0, 92, 55, 131, 4, 160, 4, 160, 4, 149, 21, 149, 21, 149, 4, 149, 4, 131, 55, 30, 44, 0)
False, False, 0.0384, (0, 46, 52, 156, 115, 97, 148, 116, 148, 97, 148, 97, 148, 97, 148, 97, 148, 97, 115, 156, 52, 46, 0)
False, False, 0.0652, (0, 80, 101, 27, 108, 102, 142, 19, 50, 19, 50, 19, 50, 19, 50, 19, 102, 108, 27, 101, 80, 0)
False, False, 0.0349, (0, 89, 7, 157, 9, 48, 68, 62, 162, 62, 162, 62, 68, 48, 9, 157, 6, 89, 0)
False, False, 0.033, (0, 110, 65, 81, 45, 81, 45, 81, 45, 81, 45, 98, 135, 40, 100, 108, 27, 101, 0)
False, False, 0.0595, (0, 115, 8, 114, 136, 88, 1, 13, 77, 57, 77, 57, 77, 13, 1, 88, 136, 114, 8, 0)
False, False, 0.068, (0, 46, 17, 38, 151, 38, 151, 38, 151, 38, 151, 38, 151, 38, 55, 30, 44, 0)
False, False, 0.0308, (0, 46, 52, 14, 156, 115, 97, 148, 97, 148, 97, 148, 97, 148, 97, 115, 156, 85, 14, 17, 46, 0)
False, False, 0.0054, (0, 128, 138, 41, 90, 161, 91, 49, 64, 107, 64, 107, 64, 107, 64, 49, 147, 117, 43, 125, 52, 0)
False, False, 0.0319, (0, 134, 48, 68, 162, 62, 162, 62, 162, 62, 162, 62, 162, 68, 9, 157, 7, 89, 0)
False, False, 0.0197, (0, 123, 78, 41, 74, 33, 106, 33, 106, 33, 106, 33, 74, 41, 78, 165, 35, 123, 0)
False, False, 0.0524, (0, 115, 43, 117, 129, 145, 163, 114, 136, 114, 136, 114, 136, 114, 163, 145, 129, 49, 20, 66, 125, 0)
False, False, 0.0919, (0, 123, 35, 26, 165, 78, 41, 74, 33, 106, 33, 106, 33, 74, 41, 78, 138, 128, 134, 0)
False, False, 0.0011, (0, 137, 118, 47, 127, 155, 56, 58, 61, 58, 61, 58, 61, 58, 61, 58, 61, 58, 56, 137, 0)
False, False, 0.0097, (0, 158, 82, 120, 10, 84, 37, 84, 37, 84, 37, 84, 37, 84, 10, 72, 32, 75, 160, 0)
False, False, 0.004, (0, 123, 35, 165, 78, 138, 78, 138, 78, 138, 78, 138, 78, 138, 78, 165, 26, 35, 123, 9, 0)
False, False, 0.0037, (0, 46, 52, 156, 115, 97, 148, 97, 148, 97, 148, 97, 148, 97, 148, 116, 153, 151, 38, 17, 46, 0)
False, False, 0.0906, (0, 52, 125, 66, 43, 117, 20, 147, 49, 64, 107, 64, 107, 64, 107, 64, 49, 147, 20, 66, 125, 52, 0)
False, False, 0.0051, (0, 80, 101, 65, 81, 45, 81, 45, 98, 150, 135, 150, 98, 45, 81, 65, 101, 80, 0)
False, False, 0.0068, (0, 92, 55, 131, 4, 149, 21, 149, 21, 149, 21, 149, 4, 149, 4, 149, 4, 131, 55, 92, 0)
False, False, 0.0368, (0, 80, 101, 65, 81, 45, 98, 135, 150, 98, 150, 98, 45, 81, 45, 81, 65, 110, 0)
False, False, 0.0397, (0, 76, 154, 142, 82, 120, 146, 51, 146, 51, 146, 51, 10, 72, 53, 112, 59, 95, 158, 113, 0)
False, False, 0.0209, (0, 128, 138, 41, 74, 33, 166, 94, 166, 94, 166, 94, 166, 94, 166, 33, 74, 41, 138, 128, 0)
False, False, 0.0026, (0, 131, 8, 114, 136, 88, 1, 13, 77, 57, 77, 13, 1, 13, 1, 88, 136, 114, 8, 131, 0)
False, False, 0.031, (0, 134, 123, 35, 165, 78, 138, 78, 138, 78, 138, 78, 138, 78, 138, 78, 165, 26, 35, 123, 134, 0)
False, False, 0.0097, (0, 158, 95, 53, 72, 10, 84, 37, 84, 37, 84, 37, 84, 37, 84, 10, 53, 95, 158, 0)
False, False, 0.0551, (0, 18, 108, 100, 40, 31, 24, 133, 141, 70, 141, 70, 141, 70, 133, 24, 31, 40, 100, 102, 18, 0)
False, False, 0.0312, (0, 128, 138, 41, 90, 161, 91, 161, 91, 161, 91, 49, 147, 20, 147, 20, 117, 43, 66, 125, 52, 0)
False, False, 0.0079, (0, 80, 101, 27, 108, 100, 40, 31, 24, 133, 24, 31, 24, 31, 24, 31, 40, 100, 108, 27, 101, 80, 0)
False, False, 0.0059, (0, 115, 129, 145, 163, 145, 163, 145, 163, 145, 163, 145, 163, 145, 163, 145, 129, 8, 115, 0)
False, False, 0.0196, (0, 160, 75, 32, 72, 10, 37, 84, 37, 84, 37, 84, 37, 84, 37, 10, 72, 32, 75, 131, 0)
False, False, 0.0004, (0, 46, 52, 85, 156, 115, 97, 148, 97, 148, 97, 148, 97, 148, 97, 115, 156, 85, 52, 46, 134, 0)
False, False, 0.0456, (0, 52, 125, 66, 43, 117, 147, 49, 107, 64, 107, 64, 107, 64, 107, 64, 49, 147, 20, 66, 125, 52, 0)
False, False, 0.0347, (0, 123, 35, 165, 78, 74, 33, 106, 33, 106, 33, 74, 41, 78, 165, 26, 35, 123, 0)
False, False, 0.0071, (0, 18, 102, 100, 40, 31, 24, 133, 141, 133, 141, 133, 70, 133, 24, 31, 40, 100, 108, 27, 101, 80, 0)
False, True, 0.044, (0, 18, 101, 27, 108, 102, 100, 40, 31, 24, 133, 141, 70, 133, 24, 31, 40, 100, 108, 27, 101, 80, 0)
False, False, 0.0087, (0, 80, 101, 27, 108, 100, 40, 31, 24, 133, 141, 70, 141, 133, 24, 133, 24, 31, 40, 100, 102, 18, 0)
False, False, 0.0279, (0, 80, 101, 110, 65, 34, 164, 34, 164, 34, 164, 34, 164, 34, 164, 34, 110, 101, 80, 0)
False, False, 0.0042, (0, 101, 65, 164, 81, 45, 81, 45, 98, 45, 81, 45, 81, 45, 81, 65, 110, 0)
all_elementary, False
all_cyc2, False
