Instance, X-n157-k13
capacity, 12
min_trucks, 13
output_file, output_uchoa_repeat_small/X-n157-k13-SPPRC.log
Start date, 2022-07-06
Start time, 11-44-48
capacity, 12
num_vehicles, 13
abort_early, False
methods, ['SPPRC']
max_vars, 100
time_limit, 86400
farley, False
ESPPRC_heur, True
initial time, initial max_it, max_stale_it
1, 20000.0, 20
heuristic Number of routes, heuristic Best Solution Value, heuristic number of iterations, adjusted time, adjusted max_it, measured total time
1039, 16876.0, 1213, 1, 20000.0, 1231.1
method, python time, total time, propagated dominance time, unpropagated dominance time, pricing_success, upper_bound, lower_bound, abort_early, num_paths, 
SPPRC, 0.1, 0.0, 0.0, 0.0, 1, 16865.375, -73653.625, 0, 1131
SPPRC, 0.1, 0.0, 0.0, 0.0, 1, 16865.375, -58188.5285, 0, 1128
SPPRC, 0.1, 0.0, 0.0, 0.0, 1, 16865.375, -94388.625, 0, 1148
SPPRC, 0.1, 0.0, 0.0, 0.0, 1, 16865.375, -90384.625, 0, 1148
SPPRC, 0.1, 0.0, 0.0, 0.0, 1, 16865.375, -66313.825, 0, 1176
SPPRC, 0.1, 0.0, 0.0, 0.0, 1, 16865.375, -50640.7741, 0, 1135
SPPRC, 0.1, 0.0, 0.0, 0.0, 1, 16865.375, -51440.0227, 0, 1139
SPPRC, 0.1, 0.0, 0.0, 0.0, 1, 16865.375, -49834.9773, 0, 1141
SPPRC, 0.1, 0.0, 0.0, 0.0, 1, 16865.375, -34878.2, 0, 1084
SPPRC, 0.1, 0.0, 0.0, 0.0, 1, 16865.375, -41580.6793, 0, 1107
SPPRC, 0.1, 0.0, 0.0, 0.0, 1, 16865.375, -25966.6811, 0, 1053
SPPRC, 0.1, 0.0, 0.0, 0.0, 1, 16865.375, -15046.7426, 0, 998
SPPRC, 0.1, 0.0, 0.0, 0.0, 1, 16865.375, -33107.883, 0, 1126
SPPRC, 0.1, 0.0, 0.0, 0.0, 1, 16865.375, -14086.1533, 0, 990
SPPRC, 0.1, 0.0, 0.0, 0.0, 1, 16865.375, -12161.5253, 0, 1010
SPPRC, 0.1, 0.0, 0.0, 0.0, 1, 16865.375, -10806.75, 0, 995
SPPRC, 0.1, 0.0, 0.0, 0.0, 1, 16865.375, -6758.875, 0, 981
SPPRC, 0.1, 0.0, 0.0, 0.0, 1, 16865.375, -39735.3428, 0, 1100
SPPRC, 0.1, 0.0, 0.0, 0.0, 1, 16865.375, -16000.1403, 0, 1062
SPPRC, 0.1, 0.0, 0.0, 0.0, 1, 16865.375, -8771.6242, 0, 842
SPPRC, 0.1, 0.0, 0.0, 0.0, 1, 16865.375, -22803.0029, 0, 1041
SPPRC, 0.1, 0.0, 0.0, 0.0, 1, 16865.375, -1927.2336, 0, 803
SPPRC, 0.1, 0.0, 0.0, 0.0, 1, 16865.375, -3898.6509, 0, 818
SPPRC, 0.1, 0.0, 0.0, 0.0, 1, 16865.375, -49835.6959, 0, 1187
SPPRC, 0.1, 0.0, 0.0, 0.0, 1, 16865.375, 4374.2216, 0, 754
SPPRC, 0.1, 0.0, 0.0, 0.0, 1, 16865.375, -2505.291, 0, 852
SPPRC, 0.1, 0.0, 0.0, 0.0, 1, 16865.375, 2884.8946, 0, 770
SPPRC, 0.1, 0.0, 0.0, 0.0, 1, 16865.375, 1459.4664, 0, 783
SPPRC, 0.1, 0.0, 0.0, 0.0, 1, 16857.5938, 6327.5938, 0, 677
SPPRC, 0.1, 0.0, 0.0, 0.0, 1, 16790.4703, -2338.4973, 0, 948
SPPRC, 0.1, 0.0, 0.0, 0.0, 1, 16790.4703, -1376.2912, 0, 937
SPPRC, 0.1, 0.0, 0.0, 0.0, 1, 16790.4703, 5976.9129, 0, 702
SPPRC, 0.1, 0.0, 0.0, 0.0, 1, 16790.4703, 6209.7058, 0, 659
SPPRC, 0.1, 0.0, 0.0, 0.0, 1, 16790.4703, -3006.742, 0, 833
SPPRC, 0.1, 0.0, 0.0, 0.0, 1, 16790.4703, 5235.8626, 0, 707
SPPRC, 0.1, 0.0, 0.0, 0.0, 1, 16790.4703, 9273.0071, 0, 621
SPPRC, 0.1, 0.0, 0.0, 0.0, 1, 16788.5419, -48268.6838, 0, 1292
SPPRC, 0.1, 0.0, 0.0, 0.0, 1, 16788.5419, -136903.8518, 0, 1473
SPPRC, 0.1, 0.0, 0.0, 0.0, 1, 16788.5419, -141547.8108, 0, 1486
SPPRC, 0.1, 0.0, 0.0, 0.0, 1, 16784.9013, -3833.2254, 0, 681
SPPRC, 0.1, 0.0, 0.0, 0.0, 1, 16783.7877, 1524.5121, 0, 589
SPPRC, 0.1, 0.0, 0.0, 0.0, 1, 16775.941, 6403.4543, 0, 586
SPPRC, 0.1, 0.0, 0.0, 0.0, 1, 16775.941, 9711.0371, 0, 550
SPPRC, 0.1, 0.0, 0.0, 0.0, 1, 16775.941, 8204.466, 0, 637
SPPRC, 0.1, 0.0, 0.0, 0.0, 1, 16769.5516, 11119.0049, 0, 516
SPPRC, 0.1, 0.0, 0.0, 0.0, 1, 16769.5516, 11094.2034, 0, 451
SPPRC, 0.1, 0.0, 0.0, 0.0, 1, 16769.5516, 11145.8178, 0, 487
SPPRC, 0.1, 0.0, 0.0, 0.0, 1, 16769.5516, 11407.5085, 0, 445
SPPRC, 0.1, 0.0, 0.0, 0.0, 1, 16769.5516, 13188.5085, 0, 350
SPPRC, 0.1, 0.0, 0.0, 0.0, 1, 16751.6531, 8867.8768, 0, 569
SPPRC, 0.1, 0.0, 0.0, 0.0, 1, 16751.6531, 11761.1345, 0, 486
SPPRC, 0.1, 0.0, 0.0, 0.0, 1, 16748.6834, 7923.6756, 0, 449
SPPRC, 0.1, 0.0, 0.0, 0.0, 1, 16747.7027, 12748.937, 0, 340
SPPRC, 0.1, 0.0, 0.0, 0.0, 1, 16742.6226, 11920.37, 0, 359
SPPRC, 0.1, 0.0, 0.0, 0.0, 1, 16733.4949, 13781.0348, 0, 260
SPPRC, 0.1, 0.0, 0.0, 0.0, 1, 16717.7556, 13509.1915, 0, 301
SPPRC, 0.1, 0.0, 0.0, 0.0, 1, 16696.0256, 13546.7, 0, 317
SPPRC, 0.1, 0.0, 0.0, 0.0, 1, 16680.9213, 13719.5299, 0, 299
SPPRC, 0.1, 0.0, 0.0, 0.0, 1, 16658.29, 12627.3782, 0, 297
SPPRC, 0.1, 0.0, 0.0, 0.0, 1, 16632.8724, 11347.2782, 0, 385
SPPRC, 0.1, 0.0, 0.0, 0.0, 1, 16632.8724, 14067.9924, 0, 234
SPPRC, 0.1, 0.0, 0.0, 0.0, 1, 16609.5259, 12225.9423, 0, 354
SPPRC, 0.1, 0.0, 0.0, 0.0, 1, 16607.8774, 14710.0869, 0, 217
SPPRC, 0.1, 0.0, 0.0, 0.0, 1, 16574.7249, 14628.2954, 0, 194
SPPRC, 0.1, 0.0, 0.0, 0.0, 1, 16565.968, 14299.3161, 0, 213
SPPRC, 0.1, 0.0, 0.0, 0.0, 1, 16553.9295, 14843.6525, 0, 191
SPPRC, 0.1, 0.0, 0.0, 0.0, 1, 16532.9112, 14972.8727, 0, 182
SPPRC, 0.1, 0.0, 0.0, 0.0, 1, 16519.6144, 15370.5687, 0, 160
SPPRC, 0.1, 0.0, 0.0, 0.0, 1, 16501.1405, 15582.0556, 0, 152
SPPRC, 0.1, 0.0, 0.0, 0.0, 1, 16470.5902, 15156.7479, 0, 173
SPPRC, 0.1, 0.0, 0.0, 0.0, 1, 16455.8455, 15544.8529, 0, 151
SPPRC, 0.1, 0.0, 0.0, 0.0, 1, 16433.2435, 15550.848, 0, 152
SPPRC, 0.1, 0.0, 0.0, 0.0, 1, 16410.6037, 15721.5273, 0, 142
SPPRC, 0.1, 0.0, 0.0, 0.0, 1, 16379.0604, 15741.5306, 0, 135
SPPRC, 0.1, 0.0, 0.0, 0.0, 1, 16362.2803, 15027.0441, 0, 156
SPPRC, 0.1, 0.0, 0.0, 0.0, 1, 16355.2192, 15486.545, 0, 116
SPPRC, 0.1, 0.0, 0.0, 0.0, 1, 16338.2239, 15964.0528, 0, 103
SPPRC, 0.1, 0.0, 0.0, 0.0, 1, 16329.3512, 16095.556, 0, 93
SPPRC, 0.1, 0.0, 0.0, 0.0, 1, 16324.0797, 16015.4778, 0, 82
SPPRC, 0.1, 0.0, 0.0, 0.0, 1, 16320.8527, 16164.7053, 0, 67
SPPRC, 0.1, 0.0, 0.0, 0.0, 1, 16317.3529, 16097.5632, 0, 67
SPPRC, 0.1, 0.0, 0.0, 0.0, 1, 16313.6277, 16050.7356, 0, 70
SPPRC, 0.1, 0.0, 0.0, 0.0, 1, 16311.3659, 16197.2941, 0, 52
SPPRC, 0.1, 0.0, 0.0, 0.0, 1, 16309.9555, 16253.77, 0, 37
SPPRC, 0.1, 0.0, 0.0, 0.0, 1, 16306.047, 16241.1727, 0, 42
SPPRC, 0.1, 0.0, 0.0, 0.0, 1, 16305.6189, 16271.6857, 0, 23
SPPRC, 0.0, 0.0, 0.0, 0.0, 1, 16304.7362, 16263.253, 0, 15
SPPRC, 0.0, 0.0, 0.0, 0.0, 1, 16304.5993, 16294.6837, 0, 8
SPPRC, 0.0, 0.0, 0.0, 0.0, 1, 16304.5126, 16299.3837, 0, 9
SPPRC, 0.0, 0.0, 0.0, 0.0, 1, 16304.4714, 16298.3135, 0, 10
SPPRC, 0.0, 0.0, 0.0, 0.0, 1, 16304.4552, 16298.6506, 0, 4
SPPRC, 0.0, 0.0, 0.0, 0.0, 1, 16304.4496, 16304.4496, 0, 0
scip_total_time, 1239.323195
Solval, number of paths, impact cutoff
16304.449587991268, 117, 0.0001
Elementary, 2-Cycle, Path Value, Path
False, False, 0.1157, (0, 152, 105, 152, 105, 152, 105, 152, 105, 152, 105, 152, 101, 0)
False, False, 0.1157, (0, 101, 37, 116, 37, 116, 37, 116, 37, 116, 37, 116, 105, 0)
False, False, 0.1667, (0, 27, 19, 46, 104, 145, 127, 145, 127, 145, 104, 94, 86, 0)
False, False, 0.2, (0, 69, 99, 93, 99, 93, 99, 93, 99, 93, 99, 93, 32, 0)
False, False, 0.0623, (0, 69, 16, 103, 65, 103, 65, 103, 65, 103, 65, 103, 16, 0)
False, False, 0.5, (0, 101, 61, 17, 56, 67, 4, 35, 4, 67, 56, 17, 61, 0)
False, False, 0.0556, (0, 71, 96, 102, 111, 132, 111, 132, 111, 124, 44, 19, 27, 0)
False, False, 0.1898, (0, 151, 72, 34, 48, 33, 48, 33, 48, 33, 48, 34, 72, 0)
False, True, 0.1111, (0, 18, 107, 52, 134, 10, 58, 39, 10, 134, 52, 107, 18, 0)
False, False, 0.0556, (0, 27, 44, 124, 130, 46, 130, 46, 130, 124, 44, 19, 27, 0)
False, False, 0.008, (0, 34, 138, 25, 138, 25, 138, 25, 138, 25, 138, 34, 72, 0)
False, False, 0.1991, (0, 113, 82, 11, 77, 45, 77, 45, 77, 11, 82, 113, 151, 0)
False, False, 0.0556, (0, 151, 129, 91, 129, 91, 129, 91, 129, 91, 129, 13, 148, 0)
False, False, 0.0556, (0, 151, 100, 51, 90, 51, 90, 51, 90, 51, 100, 91, 151, 0)
False, False, 0.0833, (0, 71, 44, 124, 130, 46, 130, 46, 130, 124, 44, 19, 27, 0)
False, False, 0.08, (0, 121, 140, 85, 144, 53, 123, 53, 123, 53, 144, 85, 140, 0)
False, False, 0.1111, (0, 13, 63, 64, 63, 64, 63, 64, 63, 64, 63, 13, 148, 0)
False, False, 0.1667, (0, 96, 102, 86, 94, 104, 127, 145, 127, 104, 46, 19, 27, 0)
False, False, 0.041, (0, 88, 47, 70, 92, 139, 125, 139, 125, 139, 92, 70, 47, 0)
False, False, 0.5, (0, 49, 14, 120, 26, 142, 128, 142, 128, 26, 120, 14, 49, 0)
False, False, 0.1667, (0, 156, 137, 7, 28, 66, 28, 66, 28, 66, 94, 86, 102, 0)
False, False, 0.14, (0, 131, 133, 50, 154, 98, 123, 53, 123, 53, 123, 98, 140, 0)
False, False, 0.03, (0, 69, 32, 42, 3, 106, 73, 106, 73, 106, 3, 32, 69, 0)
False, False, 0.032, (0, 72, 48, 33, 48, 33, 48, 33, 48, 33, 48, 34, 72, 0)
False, False, 0.1296, (0, 84, 30, 155, 22, 155, 22, 155, 22, 155, 22, 30, 84, 0)
False, False, 0.14, (0, 95, 131, 133, 50, 154, 98, 154, 98, 154, 50, 133, 131, 0)
False, False, 0.1389, (0, 149, 44, 124, 130, 46, 130, 46, 130, 124, 44, 19, 27, 0)
False, False, 0.0282, (0, 72, 34, 79, 74, 79, 74, 79, 74, 79, 74, 34, 72, 0)
False, False, 0.0194, (0, 83, 2, 119, 81, 109, 60, 109, 60, 109, 60, 12, 11, 0)
False, False, 0.2222, (0, 84, 134, 10, 39, 58, 29, 114, 29, 114, 29, 114, 12, 0)
False, False, 0.25, (0, 13, 141, 24, 43, 24, 43, 24, 43, 24, 43, 141, 13, 0)
False, False, 0.1325, (0, 118, 16, 103, 65, 87, 65, 87, 65, 87, 65, 103, 16, 0)
False, False, 0.0556, (0, 27, 19, 44, 124, 44, 124, 44, 124, 44, 19, 116, 37, 0)
False, False, 0.0184, (0, 118, 20, 16, 103, 65, 87, 65, 87, 65, 103, 16, 69, 0)
False, False, 0.1667, (0, 156, 137, 7, 28, 66, 28, 66, 28, 66, 94, 86, 96, 0)
False, False, 0.0316, (0, 100, 90, 45, 2, 119, 12, 119, 12, 119, 2, 45, 100, 0)
False, False, 0.008, (0, 72, 34, 25, 138, 25, 138, 25, 138, 25, 138, 25, 34, 0)
False, False, 0.1818, (0, 47, 126, 1, 117, 1, 117, 1, 117, 1, 126, 70, 47, 0)
False, False, 0.1667, (0, 96, 102, 86, 94, 104, 145, 127, 145, 127, 104, 94, 86, 0)
False, False, 0.0895, (0, 103, 87, 97, 62, 97, 62, 97, 62, 97, 62, 97, 87, 0)
False, False, 0.0914, (0, 101, 152, 105, 116, 37, 116, 37, 116, 37, 116, 37, 101, 0)
False, False, 0.1111, (0, 13, 64, 63, 64, 63, 64, 63, 64, 63, 64, 13, 148, 0)
False, False, 0.1667, (0, 96, 102, 132, 111, 132, 111, 132, 111, 132, 102, 96, 150, 0)
False, False, 0.1556, (0, 100, 51, 90, 51, 90, 51, 90, 51, 90, 51, 100, 151, 0)
False, False, 0.0556, (0, 27, 19, 124, 130, 46, 130, 46, 130, 124, 44, 19, 27, 0)
False, False, 0.25, (0, 32, 42, 3, 106, 73, 106, 73, 106, 3, 42, 32, 69, 0)
False, False, 0.0895, (0, 87, 62, 97, 62, 97, 62, 97, 62, 97, 62, 87, 103, 0)
False, False, 0.2917, (0, 148, 71, 149, 59, 150, 8, 150, 8, 59, 149, 71, 148, 0)
False, False, 0.0595, (0, 69, 16, 68, 36, 68, 36, 68, 36, 68, 36, 16, 69, 0)
False, False, 0.1367, (0, 73, 140, 144, 85, 144, 85, 144, 85, 144, 85, 140, 73, 0)
False, False, 0.0556, (0, 84, 30, 155, 22, 30, 155, 30, 155, 30, 22, 30, 84, 0)
False, False, 0.0367, (0, 121, 21, 23, 31, 140, 31, 140, 31, 50, 133, 131, 95, 0)
False, False, 0.1537, (0, 69, 16, 68, 36, 68, 36, 68, 36, 68, 36, 16, 118, 0)
False, False, 0.1111, (0, 27, 19, 44, 124, 111, 132, 111, 132, 111, 102, 96, 150, 0)
False, False, 0.1444, (0, 151, 129, 91, 129, 91, 129, 91, 129, 91, 129, 91, 151, 0)
False, False, 0.2222, (0, 18, 107, 52, 134, 10, 39, 58, 39, 58, 52, 107, 18, 0)
False, False, 0.0777, (0, 38, 122, 118, 20, 75, 20, 75, 20, 75, 118, 122, 38, 0)
False, False, 0.0333, (0, 143, 42, 3, 42, 3, 42, 3, 42, 3, 42, 32, 69, 0)
False, False, 0.0694, (0, 148, 71, 149, 59, 8, 59, 8, 59, 8, 59, 149, 71, 0)
False, False, 0.0202, (0, 72, 34, 48, 33, 48, 33, 48, 33, 48, 33, 34, 72, 0)
False, False, 0.1111, (0, 18, 107, 52, 134, 10, 39, 58, 39, 10, 134, 155, 84, 0)
False, False, 0.0487, (0, 103, 87, 97, 62, 97, 62, 97, 62, 97, 62, 87, 103, 0)
False, False, 0.1779, (0, 38, 122, 118, 20, 75, 20, 75, 20, 75, 20, 75, 118, 0)
False, False, 0.128, (0, 83, 2, 119, 81, 89, 112, 89, 112, 89, 112, 136, 153, 0)
False, True, 0.298, (0, 156, 137, 7, 80, 40, 108, 9, 40, 80, 7, 137, 156, 0)
False, False, 0.2222, (0, 34, 25, 138, 25, 138, 25, 138, 25, 138, 52, 107, 18, 0)
False, False, 0.0078, (0, 34, 138, 25, 138, 25, 138, 25, 138, 25, 138, 25, 34, 0)
False, False, 0.0533, (0, 54, 6, 121, 135, 21, 135, 21, 135, 21, 121, 6, 54, 0)
False, False, 0.0694, (0, 148, 71, 149, 59, 8, 150, 8, 150, 8, 59, 149, 71, 0)
False, False, 0.0926, (0, 84, 30, 155, 22, 30, 22, 30, 22, 30, 22, 30, 84, 0)
False, False, 0.02, (0, 95, 131, 133, 50, 31, 23, 31, 23, 50, 133, 131, 95, 0)
False, False, 0.0814, (0, 113, 82, 12, 81, 109, 60, 109, 60, 81, 12, 82, 113, 0)
False, False, 0.0368, (0, 118, 20, 68, 36, 68, 36, 68, 36, 68, 36, 16, 118, 0)
False, False, 0.0067, (0, 140, 85, 144, 85, 144, 85, 144, 85, 144, 85, 140, 73, 0)
False, False, 0.21, (0, 121, 21, 23, 31, 23, 31, 23, 31, 50, 133, 131, 95, 0)
False, False, 0.0553, (0, 118, 75, 16, 103, 65, 87, 65, 87, 65, 103, 16, 118, 0)
False, False, 0.0733, (0, 140, 98, 154, 98, 154, 98, 154, 98, 154, 50, 133, 131, 0)
False, False, 0.0067, (0, 140, 144, 53, 123, 53, 123, 53, 123, 53, 144, 85, 140, 0)
False, False, 0.1111, (0, 84, 155, 134, 10, 58, 29, 114, 29, 114, 29, 114, 12, 0)
False, False, 0.5, (0, 41, 110, 54, 6, 115, 55, 115, 55, 95, 35, 110, 41, 0)
False, False, 0.1509, (0, 141, 47, 70, 92, 139, 125, 139, 125, 139, 92, 70, 47, 0)
False, False, 0.1, (0, 143, 121, 135, 21, 135, 21, 135, 21, 135, 121, 6, 54, 0)
False, False, 0.05, (0, 32, 42, 3, 42, 3, 42, 3, 42, 3, 42, 32, 69, 0)
False, False, 0.1164, (0, 141, 88, 57, 5, 153, 76, 136, 76, 153, 5, 57, 88, 0)
False, False, 0.0859, (0, 92, 78, 146, 40, 108, 9, 108, 9, 108, 9, 78, 92, 0)
False, False, 0.0733, (0, 121, 23, 31, 23, 31, 23, 31, 23, 50, 133, 131, 95, 0)
False, False, 0.0889, (0, 88, 57, 5, 153, 76, 136, 76, 153, 2, 45, 90, 100, 0)
False, False, 0.0533, (0, 73, 140, 85, 144, 53, 123, 53, 123, 53, 144, 85, 140, 0)
False, False, 0.3333, (0, 143, 38, 122, 147, 15, 147, 15, 147, 15, 122, 38, 143, 0)
False, False, 0.0045, (0, 100, 11, 12, 81, 109, 60, 109, 60, 109, 81, 12, 11, 0)
False, False, 0.0101, (0, 88, 5, 126, 1, 117, 1, 117, 1, 117, 1, 126, 47, 0)
False, False, 0.2218, (0, 72, 34, 79, 74, 79, 74, 79, 74, 79, 74, 33, 72, 0)
False, False, 0.0573, (0, 100, 11, 12, 81, 109, 60, 109, 60, 109, 81, 119, 83, 0)
False, False, 0.0428, (0, 101, 152, 105, 152, 105, 152, 105, 152, 105, 152, 105, 101, 0)
False, False, 0.0303, (0, 88, 57, 5, 126, 1, 117, 1, 117, 1, 126, 70, 47, 0)
False, False, 0.1467, (0, 143, 54, 6, 121, 135, 21, 135, 21, 135, 121, 6, 54, 0)
False, False, 0.0533, (0, 143, 32, 42, 3, 106, 73, 106, 73, 106, 3, 32, 69, 0)
False, False, 0.1335, (0, 83, 2, 119, 81, 109, 60, 109, 60, 81, 119, 2, 83, 0)
False, False, 0.1027, (0, 88, 57, 5, 153, 136, 76, 136, 76, 153, 5, 57, 88, 0)
False, False, 0.1176, (0, 88, 57, 5, 153, 76, 136, 76, 136, 76, 153, 83, 100, 0)
False, False, 0.0657, (0, 70, 125, 117, 78, 146, 78, 146, 78, 146, 78, 117, 126, 0)
False, False, 0.1467, (0, 131, 133, 50, 154, 98, 123, 53, 123, 53, 144, 85, 140, 0)
False, False, 0.2121, (0, 88, 57, 5, 126, 125, 139, 125, 139, 92, 70, 47, 141, 0)
False, False, 0.0153, (0, 100, 11, 12, 60, 109, 60, 109, 60, 109, 60, 12, 11, 0)
False, False, 0.0909, (0, 126, 1, 117, 78, 146, 80, 146, 80, 146, 78, 125, 70, 0)
False, False, 0.0934, (0, 113, 82, 11, 12, 60, 109, 60, 109, 60, 12, 11, 100, 0)
False, False, 0.0505, (0, 126, 117, 78, 146, 80, 146, 80, 146, 78, 117, 1, 126, 0)
False, False, 0.0205, (0, 88, 57, 5, 57, 5, 57, 5, 57, 5, 57, 88, 141, 0)
False, False, 0.2054, (0, 83, 136, 112, 89, 112, 89, 112, 89, 81, 119, 2, 83, 0)
False, False, 0.0906, (0, 113, 82, 11, 77, 2, 119, 12, 119, 2, 45, 90, 100, 0)
False, False, 0.0152, (0, 126, 117, 78, 146, 80, 40, 80, 146, 78, 117, 125, 70, 0)
False, False, 0.0104, (0, 88, 57, 5, 153, 76, 136, 76, 136, 76, 153, 5, 88, 0)
False, False, 0.1162, (0, 92, 78, 146, 40, 108, 9, 108, 9, 40, 146, 78, 92, 0)
False, False, 0.0469, (0, 113, 82, 12, 81, 109, 60, 109, 81, 119, 2, 45, 100, 0)
False, False, 0.0101, (0, 70, 125, 117, 78, 146, 80, 146, 80, 146, 78, 125, 70, 0)
False, False, 0.0707, (0, 126, 9, 108, 9, 108, 9, 108, 40, 80, 7, 137, 156, 0)
False, False, 0.1041, (0, 113, 82, 11, 77, 45, 77, 45, 77, 45, 11, 82, 113, 0)
all_elementary, False
all_cyc2, False
