Instance, X-n106-k14
capacity, 600
min_trucks, 14
output_file, output_uchoa_repeat_small/X-n106-k14-cyc2.log
Start date, 2022-07-06
Start time, 18-28-49
capacity, 600
num_vehicles, 14
abort_early, False
methods, ['cyc2']
max_vars, 100
time_limit, 86400
farley, False
ESPPRC_heur, True
initial time, initial max_it, max_stale_it
1, 20000.0, 20
heuristic Number of routes, heuristic Best Solution Value, heuristic number of iterations, adjusted time, adjusted max_it, measured total time
2913, 26404.0, 3146, 1, 20000.0, 3164.2
method, python time, total time, propagated dominance time, unpropagated dominance time, pricing_success, upper_bound, lower_bound, abort_early, num_paths, 
ESPPRC_heur, 0.0, 0.3, 0.2, 0.0, 0, 25649.7283, 12724.5353, True, 3848
ESPPRC_heur, 0.0, 0.3, 0.2, 0.1, 0, 25649.7283, 17097.3154, True, 2382
ESPPRC_heur, 0.0, 0.4, 0.3, 0.1, 0, 25649.7283, 21606.1283, True, 1553
ESPPRC_heur, 0.1, 0.5, 0.4, 0.1, 0, 25595.84, 20769.394, True, 1657
ESPPRC_heur, 0.0, 0.8, 0.5, 0.1, 0, 25595.84, 21230.9828, True, 2230
ESPPRC_heur, 0.1, 0.7, 0.5, 0.1, 0, 25595.84, 24654.5903, True, 218
ESPPRC_heur, 0.1, 0.7, 0.5, 0.1, 0, 25551.2506, 24668.4047, True, 166
ESPPRC_heur, 0.1, 0.7, 0.5, 0.1, 0, 25529.5535, 25071.1151, True, 106
ESPPRC_heur, -0.0, 0.8, 0.6, 0.1, 0, 25518.6624, 25310.3234, True, 32
ESPPRC_heur, -0.0, 0.8, 0.6, 0.1, 0, 25514.9325, 25363.1365, True, 18
ESPPRC_heur, -0.0, 0.8, 0.6, 0.1, 0, 25511.3432, 25452.9784, True, 12
cyc2, 0.1, 6.0, 0.0, 0.0, 1, 25511.3186, 23957.3186, 0, 1006
ESPPRC_heur, -0.0, 0.8, 0.6, 0.1, 0, 25473.0979, 25261.0354, True, 60
ESPPRC_heur, -0.0, 0.8, 0.6, 0.1, 0, 25465.2711, 25292.5215, True, 24
ESPPRC_heur, -0.0, 0.8, 0.6, 0.1, 0, 25460.0447, 25406.308, True, 8
ESPPRC_heur, -0.0, 0.8, 0.6, 0.1, 0, 25459.8488, 25202.9931, True, 3
ESPPRC_heur, -0.0, 0.8, 0.6, 0.1, 0, 25459.0699, 25409.0278, True, 10
ESPPRC_heur, -0.0, 0.8, 0.6, 0.1, 0, 25458.9393, 25456.8012, True, 1
cyc2, 0.1, 5.9, 0.0, 0.0, 1, 25458.9383, 24913.4543, 0, 410
ESPPRC_heur, -0.0, 0.8, 0.6, 0.1, 0, 25430.7664, 25282.2512, True, 25
ESPPRC_heur, -0.0, 0.8, 0.6, 0.1, 0, 25428.1704, 25354.781, True, 17
ESPPRC_heur, -0.0, 0.8, 0.6, 0.1, 0, 25427.7838, 25417.3395, True, 3
cyc2, 0.1, 5.8, 0.0, 0.0, 1, 25427.7441, 25010.917, 0, 256
ESPPRC_heur, 0.0, 0.8, 0.6, 0.1, 0, 25413.9503, 25070.919, True, 20
ESPPRC_heur, 0.0, 0.8, 0.6, 0.1, 0, 25412.9716, 25400.9733, True, 6
cyc2, 0.1, 5.7, 0.0, 0.0, 1, 25412.9385, 25236.6554, 0, 102
cyc2, 0.0, 5.8, 0.0, 0.0, 1, 25410.0189, 25359.1523, 0, 6
cyc2, 0.1, 5.7, 0.0, 0.0, 1, 25409.9821, 25409.9821, 0, 0
scip_total_time, 3220.966625
Solval, number of paths, impact cutoff
25409.98205791305, 101, 0.0001
Elementary, 2-Cycle, Path Value, Path
True, True, 0.0854, (0, 55, 98, 4, 70, 6, 81, 50, 39, 0)
True, True, 0.2872, (0, 29, 63, 40, 31, 17, 69, 105, 64, 94, 57, 0)
True, True, 0.2696, (0, 86, 18, 41, 10, 16, 20, 56, 0)
True, True, 0.1511, (0, 32, 42, 98, 70, 6, 81, 50, 39, 0)
True, True, 0.0678, (0, 14, 58, 88, 91, 36, 8, 48, 67, 0)
True, True, 0.096, (0, 24, 12, 9, 84, 75, 7, 26, 0)
True, True, 0.0781, (0, 82, 94, 64, 105, 69, 17, 2, 83, 77, 54, 0)
True, True, 0.014, (0, 102, 12, 9, 84, 75, 7, 62, 0)
True, True, 0.3148, (0, 47, 61, 80, 65, 6, 81, 50, 39, 0)
True, True, 0.3297, (0, 78, 19, 27, 37, 79, 46, 66, 101, 22, 0)
True, True, 0.1643, (0, 9, 66, 46, 71, 79, 37, 19, 78, 0)
True, True, 0.3162, (0, 78, 19, 27, 37, 79, 84, 75, 26, 0)
True, True, 0.1805, (0, 74, 11, 99, 49, 71, 46, 9, 0)
True, True, 0.1471, (0, 59, 89, 30, 42, 23, 55, 32, 73, 35, 0)
True, True, 0.0287, (0, 12, 9, 66, 97, 93, 101, 103, 53, 0)
True, True, 0.1898, (0, 14, 58, 8, 36, 91, 88, 27, 37, 0)
True, True, 0.1051, (0, 49, 14, 58, 48, 2, 83, 77, 85, 0)
True, True, 0.1283, (0, 21, 67, 2, 17, 105, 64, 94, 57, 82, 0)
True, True, 0.2393, (0, 13, 40, 31, 17, 2, 83, 77, 67, 49, 0)
True, True, 0.2874, (0, 104, 12, 9, 66, 97, 28, 103, 53, 0)
True, True, 0.1967, (0, 10, 55, 23, 98, 42, 30, 38, 59, 0)
True, True, 0.3155, (0, 59, 38, 4, 98, 23, 3, 32, 73, 35, 0)
True, True, 0.1536, (0, 18, 41, 10, 16, 20, 35, 95, 56, 0)
True, True, 0.2506, (0, 47, 61, 80, 65, 70, 6, 50, 39, 0)
True, True, 0.33, (0, 71, 49, 99, 11, 34, 72, 96, 0)
True, True, 0.0826, (0, 82, 57, 63, 40, 13, 85, 21, 11, 0)
True, True, 0.0298, (0, 27, 86, 88, 91, 36, 8, 48, 49, 0)
True, True, 0.0983, (0, 7, 84, 79, 71, 46, 66, 97, 101, 0)
True, True, 0.1741, (0, 39, 50, 81, 70, 4, 65, 80, 61, 0)
True, True, 0.0111, (0, 26, 7, 75, 84, 9, 12, 1, 0)
True, True, 0.1536, (0, 86, 41, 10, 16, 20, 56, 25, 0)
True, True, 0.098, (0, 71, 14, 58, 48, 2, 83, 77, 67, 0)
True, True, 0.1727, (0, 13, 40, 31, 2, 48, 83, 77, 67, 21, 0)
True, True, 0.2395, (0, 82, 57, 63, 13, 54, 85, 99, 74, 0)
True, True, 0.1725, (0, 48, 8, 36, 91, 69, 64, 94, 57, 82, 0)
True, True, 0.0898, (0, 82, 57, 63, 40, 13, 85, 21, 74, 0)
True, True, 0.1725, (0, 14, 58, 88, 91, 69, 105, 17, 31, 63, 0)
False, True, 0.1667, (0, 5, 15, 76, 87, 60, 76, 15, 0)
False, True, 0.1334, (0, 32, 55, 3, 23, 55, 3, 42, 30, 38, 0)
False, True, 0.1667, (0, 5, 15, 60, 87, 76, 60, 51, 0)
False, True, 0.4232, (0, 25, 68, 95, 47, 68, 95, 56, 25, 0)
False, True, 0.0057, (0, 80, 65, 70, 81, 6, 70, 65, 80, 0)
False, True, 0.0711, (0, 38, 4, 70, 81, 6, 70, 4, 0)
False, True, 0.0983, (0, 88, 86, 41, 18, 86, 88, 14, 46, 0)
False, True, 0.0109, (0, 73, 32, 55, 3, 23, 55, 3, 32, 73, 35, 0)
False, True, 0.0983, (0, 58, 88, 86, 18, 41, 86, 27, 0)
True, True, 0.0692, (0, 59, 89, 30, 4, 98, 42, 3, 32, 16, 0)
True, True, 0.0859, (0, 20, 32, 55, 3, 42, 98, 4, 30, 89, 0)
True, True, 0.1074, (0, 89, 4, 70, 81, 6, 65, 80, 61, 0)
True, True, 0.1951, (0, 83, 48, 8, 36, 91, 69, 105, 64, 94, 0)
True, True, 0.0504, (0, 21, 13, 40, 31, 17, 69, 105, 64, 94, 63, 0)
True, True, 0.2179, (0, 5, 1, 12, 9, 84, 7, 62, 0)
True, True, 0.0373, (0, 97, 46, 71, 49, 74, 72, 29, 96, 0)
True, True, 0.0915, (0, 84, 79, 71, 46, 66, 97, 93, 101, 0)
False, True, 0.1309, (0, 68, 59, 89, 38, 30, 89, 73, 35, 0)
False, True, 0.0914, (0, 14, 88, 36, 8, 91, 36, 8, 58, 0)
False, True, 0.0895, (0, 21, 54, 67, 77, 83, 2, 77, 67, 54, 0)
False, True, 0.0111, (0, 54, 85, 83, 77, 2, 83, 77, 54, 21, 0)
False, True, 0.2171, (0, 96, 29, 72, 34, 74, 11, 34, 0)
False, True, 0.3234, (0, 45, 100, 44, 45, 100, 44, 45, 100, 96, 0)
False, True, 0.1536, (0, 88, 86, 18, 41, 10, 18, 19, 78, 0)
False, True, 0.1322, (0, 20, 73, 89, 38, 73, 16, 20, 0)
False, True, 0.069, (0, 52, 26, 92, 102, 90, 92, 52, 0)
False, True, 0.1056, (0, 54, 85, 77, 67, 85, 54, 21, 99, 0)
False, True, 0.2682, (0, 33, 62, 52, 26, 62, 33, 22, 0)
False, True, 0.3999, (0, 90, 24, 75, 7, 24, 90, 102, 0)
False, True, 0.1864, (0, 29, 72, 74, 11, 34, 72, 29, 0)
False, True, 0.0093, (0, 99, 21, 54, 85, 67, 54, 21, 99, 0)
False, True, 0.0228, (0, 52, 90, 24, 104, 1, 90, 52, 0)
False, True, 0.0811, (0, 14, 58, 36, 8, 91, 36, 8, 48, 0)
False, True, 0.001, (0, 33, 62, 26, 102, 92, 52, 33, 0)
False, True, 0.2309, (0, 33, 52, 62, 26, 52, 33, 22, 0)
True, True, 0.0779, (0, 82, 63, 40, 31, 2, 48, 58, 14, 49, 0)
False, True, 0.1369, (0, 51, 87, 76, 60, 87, 51, 5, 0)
False, True, 0.0181, (0, 78, 19, 27, 58, 14, 27, 19, 78, 0)
False, True, 0.0442, (0, 82, 94, 64, 105, 69, 17, 105, 64, 94, 82, 0)
False, True, 0.0856, (0, 22, 102, 92, 90, 102, 92, 52, 22, 0)
False, True, 0.1865, (0, 53, 43, 103, 28, 93, 97, 43, 44, 0)
False, True, 0.0114, (0, 68, 61, 80, 65, 39, 61, 47, 68, 0)
False, True, 0.0297, (0, 51, 87, 76, 60, 87, 51, 100, 0)
False, True, 0.0297, (0, 53, 43, 103, 28, 93, 43, 53, 45, 0)
False, True, 0.0224, (0, 53, 103, 28, 97, 93, 28, 103, 53, 0)
False, True, 0.1667, (0, 51, 76, 87, 60, 51, 15, 5, 0)
False, True, 0.1204, (0, 59, 89, 30, 42, 3, 55, 23, 3, 73, 0)
False, True, 0.2187, (0, 53, 43, 103, 93, 97, 28, 93, 101, 0)
False, True, 0.3449, (0, 92, 104, 1, 12, 104, 1, 102, 92, 0)
True, True, 0.076, (0, 35, 89, 30, 42, 98, 23, 55, 32, 16, 0)
False, True, 0.0428, (0, 96, 29, 74, 34, 72, 29, 82, 96, 0)
False, True, 0.0291, (0, 53, 43, 28, 97, 93, 28, 101, 1, 0)
False, True, 0.1256, (0, 99, 21, 54, 85, 13, 54, 85, 21, 0)
False, True, 0.0077, (0, 26, 7, 75, 84, 7, 75, 24, 0)
False, True, 0.0652, (0, 61, 80, 65, 81, 70, 65, 80, 61, 0)
False, True, 0.1667, (0, 44, 15, 51, 60, 87, 76, 15, 0)
False, True, 0.0737, (0, 24, 84, 75, 7, 84, 75, 7, 0)
False, True, 0.0114, (0, 39, 50, 81, 70, 6, 81, 50, 0)
False, True, 0.0294, (0, 43, 103, 101, 28, 93, 103, 101, 1, 0)
False, True, 0.1452, (0, 43, 103, 101, 28, 93, 43, 53, 5, 0)
False, True, 0.0729, (0, 18, 41, 10, 16, 35, 20, 16, 35, 0)
False, True, 0.0033, (0, 96, 34, 74, 11, 34, 74, 96, 0)
False, True, 0.0013, (0, 39, 50, 81, 6, 70, 81, 6, 0)
False, True, 0.0202, (0, 35, 30, 42, 98, 4, 30, 38, 59, 0)
all_elementary, False
all_cyc2, True
