Instance, X-n172-k51
capacity, 161
min_trucks, 53
output_file, output_uchoa_repeat_small/X-n172-k51-cyc2.log
Start date, 2022-07-06
Start time, 19-30-02
capacity, 161
num_vehicles, 53
abort_early, False
methods, ['cyc2']
max_vars, 100
time_limit, 86400
farley, False
ESPPRC_heur, True
initial time, initial max_it, max_stale_it
1, 20000.0, 20
heuristic Number of routes, heuristic Best Solution Value, heuristic number of iterations, adjusted time, adjusted max_it, measured total time
22223, 45607.0, 20000, 1, 20000.0, 20105.3
method, python time, total time, propagated dominance time, unpropagated dominance time, pricing_success, upper_bound, lower_bound, abort_early, num_paths, 
ESPPRC_heur, 0.0, 0.1, 0.0, 0.0, 0, 45312.6779, 41733.2737, True, 34
ESPPRC_heur, -0.0, 0.1, 0.0, 0.0, 0, 45307.1708, 45053.874, True, 3
cyc2, 0.1, 2.7, 0.0, 0.0, 1, 45307.0545, 31424.5577, 0, 1316
ESPPRC_heur, 0.0, 0.1, 0.0, 0.0, 0, 45213.0282, 44046.2537, True, 10
ESPPRC_heur, -0.0, 0.1, 0.0, 0.0, 0, 45212.9326, 44712.5946, True, 2
cyc2, 0.1, 2.6, 0.0, 0.0, 1, 45212.9326, 39917.127, 0, 532
ESPPRC_heur, -0.0, 0.1, 0.0, 0.0, 0, 45157.6829, 45156.6923, True, 1
cyc2, 0.1, 2.6, 0.0, 0.0, 1, 45157.6813, 42158.8779, 0, 165
ESPPRC_heur, 0.0, 0.1, 0.0, 0.0, 0, 45123.9208, 44752.9208, True, 5
cyc2, 0.1, 2.7, 0.0, 0.0, 1, 45123.9208, 44012.7044, 0, 57
cyc2, 0.1, 2.7, 0.0, 0.0, 1, 45119.2876, 44519.9888, 0, 23
cyc2, 0.0, 2.7, 0.0, 0.0, 1, 45117.3086, 45093.3204, 0, 1
cyc2, 0.1, 2.7, 0.0, 0.0, 1, 45117.3032, 45117.3032, 0, 0
scip_total_time, 20129.030457
Solval, number of paths, impact cutoff
45117.30315538138, 131, 0.0001
Elementary, 2-Cycle, Path Value, Path
True, True, 1.0, (0, 80, 101, 147, 0)
True, True, 0.6701, (0, 74, 59, 151, 0)
True, True, 0.5, (0, 115, 40, 0)
True, True, 0.6701, (0, 109, 2, 0)
True, True, 0.4618, (0, 75, 52, 0)
True, True, 1.0, (0, 118, 117, 0)
True, True, 1.0, (0, 148, 71, 0)
True, True, 0.8958, (0, 58, 97, 0)
True, True, 0.5734, (0, 150, 143, 0)
True, True, 1.0, (0, 47, 157, 0)
True, True, 1.0, (0, 162, 27, 0)
True, True, 1.0, (0, 163, 50, 0)
True, True, 1.0, (0, 100, 153, 0)
True, True, 1.0, (0, 126, 133, 111, 0)
True, True, 1.0, (0, 46, 160, 0)
True, True, 0.5734, (0, 137, 65, 0)
True, True, 0.7046, (0, 121, 127, 122, 112, 0)
True, True, 0.2627, (0, 51, 18, 161, 132, 61, 0)
True, True, 0.1863, (0, 22, 62, 92, 110, 70, 131, 0)
True, True, 1.0, (0, 25, 28, 0)
True, True, 0.6667, (0, 120, 144, 123, 0)
True, True, 1.0, (0, 165, 168, 0)
True, True, 0.3333, (0, 159, 116, 0)
True, True, 0.5, (0, 35, 167, 0)
True, True, 1.0, (0, 83, 21, 0)
True, True, 1.0, (0, 26, 139, 0)
True, True, 1.0, (0, 76, 55, 0)
True, True, 1.0, (0, 166, 3, 0)
True, True, 1.0, (0, 57, 20, 14, 0)
True, True, 1.0, (0, 134, 156, 86, 0)
True, True, 0.4256, (0, 31, 64, 8, 29, 9, 5, 10, 23, 0)
True, True, 0.1488, (0, 72, 44, 79, 30, 66, 0)
True, True, 0.4618, (0, 24, 38, 0)
True, True, 0.3299, (0, 109, 74, 0)
True, True, 0.5, (0, 49, 115, 0)
True, True, 1.0, (0, 125, 36, 0)
True, True, 1.0, (0, 90, 113, 0)
True, True, 1.0, (0, 34, 95, 0)
True, True, 1.0, (0, 85, 12, 0)
True, True, 1.0, (0, 41, 84, 0)
True, True, 0.6667, (0, 159, 146, 0)
True, True, 0.5, (0, 4, 33, 154, 0)
True, True, 0.5382, (0, 52, 24, 0)
True, True, 0.8333, (0, 169, 77, 136, 0)
True, True, 0.2802, (0, 138, 60, 13, 48, 0)
True, True, 0.4266, (0, 137, 150, 0)
True, True, 0.1488, (0, 45, 31, 39, 81, 78, 82, 0)
True, True, 0.3095, (0, 39, 78, 81, 29, 9, 5, 10, 23, 128, 0)
True, True, 0.3333, (0, 69, 146, 120, 0)
True, True, 0.5, (0, 35, 129, 0)
True, True, 0.1667, (0, 136, 143, 0)
True, True, 0.3299, (0, 2, 75, 0)
True, True, 0.2599, (0, 130, 143, 0)
True, True, 0.3333, (0, 102, 145, 0)
True, True, 0.4686, (0, 87, 103, 70, 110, 92, 62, 0)
True, True, 0.4672, (0, 171, 11, 53, 88, 141, 0)
True, True, 0.2927, (0, 59, 30, 66, 15, 0)
True, True, 0.5, (0, 49, 40, 6, 0)
True, True, 0.2068, (0, 23, 10, 5, 9, 29, 8, 64, 56, 0)
True, True, 0.1012, (0, 110, 114, 149, 155, 103, 0)
True, True, 0.5, (0, 167, 129, 0)
True, True, 0.0531, (0, 88, 141, 48, 67, 0)
True, True, 0.6667, (0, 13, 138, 116, 0)
True, True, 0.1566, (0, 132, 161, 152, 18, 51, 0)
True, True, 0.3532, (0, 73, 30, 38, 0)
True, True, 0.3126, (0, 155, 149, 96, 89, 98, 93, 107, 0)
True, True, 0.6667, (0, 145, 102, 48, 0)
True, True, 0.0372, (0, 73, 44, 30, 66, 59, 0)
True, True, 0.101, (0, 152, 131, 114, 110, 92, 62, 0)
True, True, 0.0418, (0, 121, 103, 114, 110, 92, 0)
True, True, 0.066, (0, 73, 66, 38, 6, 0)
True, True, 0.1042, (0, 75, 97, 0)
True, True, 0.4247, (0, 7, 108, 158, 164, 99, 142, 94, 37, 0)
True, True, 0.4266, (0, 124, 67, 65, 0)
True, True, 0.2128, (0, 44, 56, 64, 8, 81, 78, 0)
True, True, 0.0818, (0, 38, 66, 79, 0)
True, True, 0.4797, (0, 171, 68, 53, 88, 141, 0)
True, True, 0.0531, (0, 138, 60, 53, 13, 0)
True, True, 0.0372, (0, 15, 73, 66, 38, 0)
True, True, 0.3451, (0, 11, 114, 70, 131, 152, 0)
True, True, 0.3333, (0, 69, 60, 123, 0)
True, True, 0.1877, (0, 152, 131, 87, 103, 114, 11, 0)
True, True, 0.4256, (0, 128, 82, 39, 31, 56, 79, 44, 0)
True, True, 0.1205, (0, 155, 149, 94, 142, 164, 119, 105, 0)
True, True, 0.0358, (0, 121, 122, 91, 32, 0)
True, True, 0.0654, (0, 91, 7, 158, 93, 94, 142, 99, 37, 0)
True, True, 0.0654, (0, 105, 94, 89, 98, 93, 158, 91, 0)
True, True, 0.3333, (0, 144, 60, 69, 0)
True, True, 0.1548, (0, 128, 82, 81, 8, 64, 56, 0)
True, True, 0.1656, (0, 121, 127, 91, 32, 0)
True, True, 0.1042, (0, 58, 75, 6, 0)
False, True, 0.0833, (0, 104, 140, 1, 19, 140, 1, 104, 0)
False, True, 0.1978, (0, 106, 16, 32, 106, 16, 32, 18, 0)
False, True, 0.1667, (0, 19, 140, 1, 19, 140, 1, 135, 17, 0)
False, True, 0.25, (0, 1, 140, 19, 1, 140, 19, 170, 0)
False, True, 0.2015, (0, 16, 106, 32, 16, 106, 32, 16, 106, 0)
False, True, 0.5, (0, 63, 45, 72, 63, 0)
False, True, 0.1667, (0, 154, 17, 135, 154, 17, 135, 154, 0)
False, True, 0.207, (0, 67, 68, 61, 22, 18, 61, 68, 67, 0)
False, True, 0.2917, (0, 170, 104, 42, 170, 104, 42, 0)
False, True, 0.0387, (0, 82, 78, 81, 29, 9, 78, 82, 19, 0)
False, True, 0.0165, (0, 51, 18, 61, 22, 18, 61, 22, 51, 0)
False, True, 0.3437, (0, 87, 155, 149, 96, 98, 89, 96, 107, 0)
False, True, 0.1701, (0, 43, 15, 73, 43, 15, 0)
False, True, 0.0833, (0, 169, 42, 104, 169, 0)
False, True, 0.1221, (0, 62, 103, 155, 149, 114, 62, 0)
False, True, 0.1298, (0, 91, 122, 127, 7, 122, 0)
False, True, 0.1841, (0, 51, 22, 161, 132, 61, 51, 0)
False, True, 0.1534, (0, 22, 132, 112, 161, 132, 0)
False, True, 0.0193, (0, 128, 82, 23, 10, 5, 23, 10, 5, 23, 10, 82, 0)
False, True, 0.0522, (0, 22, 161, 152, 121, 112, 22, 0)
False, True, 0.0193, (0, 128, 82, 78, 81, 29, 9, 5, 82, 0)
False, True, 0.5, (0, 135, 17, 54, 33, 4, 54, 0)
False, True, 0.1012, (0, 161, 92, 110, 114, 92, 131, 0)
False, True, 0.0714, (0, 78, 81, 39, 78, 82, 128, 0)
False, True, 0.3299, (0, 43, 15, 6, 43, 151, 0)
False, True, 0.0457, (0, 91, 7, 108, 119, 158, 108, 119, 105, 0)
False, True, 0.1756, (0, 45, 72, 79, 44, 72, 45, 0)
False, True, 0.0898, (0, 51, 132, 161, 112, 18, 51, 0)
False, True, 0.1205, (0, 105, 119, 99, 142, 94, 99, 164, 158, 7, 0)
False, True, 0.0531, (0, 67, 171, 68, 61, 22, 18, 61, 68, 67, 0)
False, True, 0.1667, (0, 42, 170, 104, 42, 77, 0)
False, True, 0.2783, (0, 91, 158, 93, 98, 89, 93, 164, 105, 0)
False, True, 0.0561, (0, 107, 94, 142, 99, 94, 142, 99, 164, 108, 105, 0)
False, True, 0.1682, (0, 73, 66, 79, 30, 66, 73, 0)
False, True, 0.0654, (0, 105, 119, 37, 142, 99, 37, 119, 105, 0)
False, True, 0.0446, (0, 78, 81, 39, 78, 82, 19, 0)
False, True, 0.2139, (0, 108, 119, 107, 37, 119, 108, 7, 91, 0)
False, True, 0.0737, (0, 105, 37, 107, 94, 142, 99, 37, 119, 105, 0)
False, True, 0.0787, (0, 22, 152, 131, 103, 152, 0)
False, True, 0.0177, (0, 105, 119, 99, 142, 94, 37, 119, 105, 0)
all_elementary, False
all_cyc2, True
