Instance, X-n143-k7
capacity, 1190
min_trucks, 7
output_file, output_uchoa_repeat_small/X-n143-k7-cyc2.log
Start date, 2022-07-06
Start time, 12-41-15
capacity, 1190
num_vehicles, 7
abort_early, False
methods, ['cyc2']
max_vars, 100
time_limit, 86400
farley, False
ESPPRC_heur, True
initial time, initial max_it, max_stale_it
1, 20000.0, 20
heuristic Number of routes, heuristic Best Solution Value, heuristic number of iterations, adjusted time, adjusted max_it, measured total time
20113, 15700.0, 20000, 1, 20000.0, 20091.0
method, python time, total time, propagated dominance time, unpropagated dominance time, pricing_success, upper_bound, lower_bound, abort_early, num_paths, 
ESPPRC_heur, 0.1, 3.8, 3.3, 0.2, 0, 15560.3834, 3250.5169, True, 18830
ESPPRC_heur, 0.1, 2.3, 1.9, 0.1, 0, 15560.3834, 2155.8603, True, 13296
ESPPRC_heur, 0.1, 2.1, 1.8, 0.1, 0, 15560.3834, 312.7346, True, 13319
ESPPRC_heur, 0.1, 2.6, 2.2, 0.2, 0, 15560.3834, 7844.1251, True, 11572
ESPPRC_heur, 0.1, 3.2, 2.8, 0.2, 0, 15560.3834, 7889.1216, True, 12947
ESPPRC_heur, 0.1, 3.2, 2.7, 0.2, 0, 15560.3834, 10481.7709, True, 10127
ESPPRC_heur, 0.1, 2.2, 1.9, 0.1, 0, 15560.3834, 7393.884, True, 9437
ESPPRC_heur, 0.1, 2.2, 2.0, 0.1, 0, 15560.3834, 8519.1179, True, 9081
ESPPRC_heur, 0.1, 3.0, 2.6, 0.2, 0, 15560.3834, 9275.8415, True, 10830
ESPPRC_heur, 0.1, 2.2, 1.8, 0.1, 0, 15560.3834, 10260.0606, True, 7333
ESPPRC_heur, 0.1, 4.0, 3.5, 0.2, 0, 15560.3834, 9264.0514, True, 12595
ESPPRC_heur, 0.0, 2.5, 2.1, 0.1, 0, 15560.3834, 11979.8919, True, 5391
ESPPRC_heur, 0.1, 2.7, 2.3, 0.1, 0, 15560.3834, 6355.7453, True, 13461
ESPPRC_heur, 0.1, 2.4, 2.1, 0.1, 0, 15560.3834, 11037.5068, True, 7464
ESPPRC_heur, 0.0, 2.6, 2.2, 0.1, 0, 15560.3834, 9785.6839, True, 9518
ESPPRC_heur, 0.0, 3.0, 2.6, 0.1, 0, 15560.3834, 3874.4254, True, 15585
ESPPRC_heur, 0.1, 2.5, 2.2, 0.1, 0, 15560.3834, 11052.0183, True, 6804
ESPPRC_heur, 0.1, 3.5, 3.0, 0.2, 0, 15560.3834, 11137.737, True, 9341
ESPPRC_heur, 0.1, 2.3, 1.9, 0.1, 0, 15560.3834, 11070.0221, True, 7013
ESPPRC_heur, 0.1, 3.5, 3.0, 0.2, 0, 15560.3834, 12787.5832, True, 6203
ESPPRC_heur, 0.1, 3.1, 2.7, 0.2, 0, 15560.3834, 10939.3928, True, 7784
ESPPRC_heur, 0.1, 3.1, 2.7, 0.2, 0, 15560.3834, 12564.7435, True, 5862
ESPPRC_heur, 0.1, 4.0, 3.5, 0.2, 0, 15560.3834, 11350.3508, True, 8774
ESPPRC_heur, 0.1, 4.8, 4.2, 0.2, 0, 15560.3834, 11079.6048, True, 10760
ESPPRC_heur, 0.0, 3.4, 2.9, 0.2, 0, 15560.3834, 11564.6057, True, 7658
ESPPRC_heur, 0.1, 2.8, 2.4, 0.1, 0, 15560.3834, 12927.1487, True, 4364
ESPPRC_heur, 0.1, 2.1, 1.8, 0.1, 0, 15560.3834, 11769.8795, True, 5121
ESPPRC_heur, 0.1, 2.8, 2.4, 0.1, 0, 15560.3834, 12390.7709, True, 4887
ESPPRC_heur, 0.1, 3.3, 2.8, 0.2, 0, 15560.3834, 13217.2469, True, 3861
ESPPRC_heur, 0.1, 2.6, 2.2, 0.1, 0, 15560.3834, 11846.5846, True, 6577
ESPPRC_heur, 0.1, 3.0, 2.6, 0.2, 0, 15560.3834, 13305.9722, True, 3891
ESPPRC_heur, 0.1, 2.5, 2.1, 0.1, 0, 15560.3834, 11823.8487, True, 6097
ESPPRC_heur, 0.1, 2.6, 2.1, 0.1, 0, 15560.3834, 13383.842, True, 3921
ESPPRC_heur, 0.1, 2.3, 1.9, 0.1, 0, 15560.3834, 13142.8018, True, 3894
ESPPRC_heur, 0.1, 2.9, 2.5, 0.1, 0, 15560.3834, 13918.3028, True, 3353
ESPPRC_heur, 0.1, 3.4, 2.9, 0.2, 0, 15560.3834, 12692.6826, True, 4877
ESPPRC_heur, 0.1, 3.1, 2.7, 0.2, 0, 15560.3834, 12600.4412, True, 5894
ESPPRC_heur, 0.1, 3.1, 2.6, 0.2, 0, 15560.3834, 13198.2607, True, 4201
ESPPRC_heur, 0.1, 2.1, 1.8, 0.1, 0, 15560.3834, 12564.7443, True, 3637
ESPPRC_heur, 0.1, 2.2, 1.8, 0.1, 0, 15560.3834, 13146.4294, True, 2860
ESPPRC_heur, 0.1, 2.8, 2.4, 0.2, 0, 15560.3834, 13635.7929, True, 3514
ESPPRC_heur, 0.1, 3.0, 2.6, 0.2, 0, 15560.3834, 13581.8057, True, 3337
ESPPRC_heur, 0.1, 2.2, 1.8, 0.1, 0, 15560.3834, 13109.3693, True, 3114
ESPPRC_heur, 0.1, 3.2, 2.7, 0.2, 0, 15560.3834, 13683.7447, True, 4027
ESPPRC_heur, 0.1, 2.5, 2.0, 0.1, 0, 15560.3834, 13866.687, True, 2436
ESPPRC_heur, 0.1, 3.3, 2.8, 0.2, 0, 15560.3834, 14198.5928, True, 1712
ESPPRC_heur, 0.1, 3.0, 2.6, 0.2, 0, 15467.7882, 13627.4979, True, 2336
ESPPRC_heur, 0.1, 3.2, 2.7, 0.2, 0, 15467.7882, 13400.2769, True, 3474
ESPPRC_heur, 0.1, 2.8, 2.4, 0.1, 0, 15467.7882, 14035.5718, True, 2171
ESPPRC_heur, 0.1, 2.8, 2.4, 0.1, 0, 15467.787, 13324.1915, True, 3475
ESPPRC_heur, 0.1, 2.9, 2.4, 0.2, 0, 15467.787, 13285.0861, True, 4057
ESPPRC_heur, 0.1, 3.2, 2.7, 0.2, 0, 15467.787, 13681.4782, True, 3028
ESPPRC_heur, 0.1, 3.4, 2.8, 0.2, 0, 15467.787, 13571.6799, True, 3086
ESPPRC_heur, 0.1, 3.3, 2.8, 0.2, 0, 15467.787, 13221.5694, True, 4340
ESPPRC_heur, 0.1, 3.8, 3.2, 0.2, 0, 15467.787, 14274.3223, True, 1269
ESPPRC_heur, 0.1, 3.0, 2.5, 0.2, 0, 15467.787, 13805.8961, True, 3095
ESPPRC_heur, 0.1, 3.5, 3.0, 0.2, 0, 15467.787, 13467.9679, True, 3976
ESPPRC_heur, 0.1, 2.3, 1.9, 0.1, 0, 15467.787, 14122.6142, True, 1843
ESPPRC_heur, 0.1, 2.8, 2.3, 0.2, 0, 15467.787, 14153.1839, True, 2721
ESPPRC_heur, 0.0, 4.0, 3.4, 0.2, 0, 15467.787, 14158.9298, True, 2556
ESPPRC_heur, 0.1, 3.0, 2.6, 0.2, 0, 15467.787, 13777.8949, True, 2490
ESPPRC_heur, 0.1, 3.0, 2.5, 0.2, 0, 15467.787, 13692.0959, True, 3752
ESPPRC_heur, 0.1, 3.2, 2.7, 0.2, 0, 15467.787, 13609.3749, True, 2693
ESPPRC_heur, 0.1, 4.0, 3.4, 0.2, 0, 15467.787, 14165.5426, True, 2462
ESPPRC_heur, 0.1, 2.5, 2.1, 0.1, 0, 15467.787, 14092.3292, True, 1459
ESPPRC_heur, 0.0, 3.9, 3.3, 0.2, 0, 15467.787, 14123.5288, True, 1380
ESPPRC_heur, 0.1, 3.5, 3.1, 0.2, 0, 15467.787, 14139.907, True, 2345
ESPPRC_heur, 0.1, 3.6, 3.1, 0.2, 0, 15467.787, 14247.7308, True, 1617
ESPPRC_heur, 0.0, 2.3, 1.9, 0.1, 0, 15467.787, 13253.7105, True, 2440
ESPPRC_heur, 0.0, 3.4, 3.0, 0.2, 0, 15467.787, 14683.5373, True, 1076
ESPPRC_heur, 0.0, 3.0, 2.6, 0.1, 0, 15458.8268, 14552.2192, True, 1309
ESPPRC_heur, 0.1, 3.9, 3.4, 0.2, 0, 15455.8812, 13461.9958, True, 4158
ESPPRC_heur, 0.1, 3.3, 2.9, 0.2, 0, 15455.8812, 14214.5149, True, 1875
ESPPRC_heur, 0.1, 3.5, 3.0, 0.2, 0, 15455.8812, 14497.2526, True, 1411
ESPPRC_heur, 0.1, 3.4, 2.9, 0.2, 0, 15455.8812, 14703.0312, True, 848
ESPPRC_heur, 0.1, 3.5, 3.0, 0.2, 0, 15445.9528, 14111.2893, True, 3029
ESPPRC_heur, 0.1, 3.8, 3.2, 0.2, 0, 15445.9528, 13925.9309, True, 3199
ESPPRC_heur, 0.0, 2.7, 2.2, 0.1, 0, 15445.9528, 14323.7247, True, 866
ESPPRC_heur, 0.1, 3.4, 3.0, 0.2, 0, 15445.9528, 14784.2148, True, 995
ESPPRC_heur, 0.1, 3.7, 3.2, 0.2, 0, 15441.9131, 13763.3958, True, 3963
ESPPRC_heur, 0.1, 2.3, 2.0, 0.1, 0, 15441.9131, 14569.4963, True, 884
ESPPRC_heur, 0.1, 3.0, 2.6, 0.2, 0, 15441.9131, 14682.8431, True, 554
ESPPRC_heur, 0.0, 3.0, 2.5, 0.2, 0, 15441.9131, 14208.3837, True, 455
ESPPRC_heur, 0.1, 2.6, 2.2, 0.1, 0, 15441.9131, 14414.8044, True, 1495
ESPPRC_heur, 0.1, 2.6, 2.2, 0.1, 0, 15441.9047, 14261.8686, True, 499
ESPPRC_heur, 0.1, 3.3, 2.8, 0.2, 0, 15441.9047, 14577.4244, True, 567
ESPPRC_heur, 0.1, 3.0, 2.6, 0.2, 0, 15441.9013, 13260.5344, True, 3624
ESPPRC_heur, 0.0, 3.3, 2.8, 0.2, 0, 15441.9004, 13834.0982, True, 1688
ESPPRC_heur, 0.1, 3.9, 3.4, 0.2, 0, 15441.8915, 14573.115, True, 1540
ESPPRC_heur, 0.1, 3.0, 2.5, 0.2, 0, 15441.8915, 14922.5485, True, 363
ESPPRC_heur, 0.1, 2.8, 2.3, 0.2, 0, 15432.5386, 14465.2196, True, 730
ESPPRC_heur, 0.1, 2.8, 2.3, 0.2, 0, 15432.1075, 14251.9298, True, 1176
ESPPRC_heur, 0.1, 3.5, 2.9, 0.2, 0, 15431.8969, 14452.8716, True, 1649
ESPPRC_heur, 0.0, 2.5, 2.0, 0.1, 0, 15431.7858, 14452.4934, True, 563
ESPPRC_heur, 0.1, 2.8, 2.4, 0.2, 0, 15431.7858, 15053.2649, True, 205
ESPPRC_heur, 0.1, 3.6, 3.1, 0.2, 0, 15424.4965, 14354.9659, True, 1715
ESPPRC_heur, 0.1, 3.0, 2.5, 0.2, 0, 15424.4965, 14664.4202, True, 844
ESPPRC_heur, 0.1, 4.0, 3.4, 0.2, 0, 15424.4965, 14307.4884, True, 1846
ESPPRC_heur, 0.1, 3.0, 2.6, 0.2, 0, 15424.4965, 14843.4414, True, 577
ESPPRC_heur, 0.1, 3.0, 2.6, 0.2, 0, 15424.3729, 15033.2508, True, 164
ESPPRC_heur, 0.1, 2.8, 2.4, 0.1, 0, 15415.9476, 14908.5493, True, 281
ESPPRC_heur, 0.0, 3.3, 2.8, 0.2, 0, 15412.665, 14861.9297, True, 265
ESPPRC_heur, 0.1, 3.1, 2.7, 0.2, 0, 15409.7927, 14505.6945, True, 1113
ESPPRC_heur, 0.0, 2.8, 2.3, 0.1, 0, 15409.7927, 15052.3138, True, 93
ESPPRC_heur, 0.1, 3.0, 2.6, 0.2, 0, 15402.8623, 14848.2377, True, 418
ESPPRC_heur, 0.0, 3.4, 2.8, 0.2, 0, 15402.8623, 14821.8468, True, 519
ESPPRC_heur, 0.1, 2.9, 2.5, 0.1, 0, 15402.8623, 14925.0762, True, 201
ESPPRC_heur, 0.1, 3.3, 2.9, 0.2, 0, 15401.2964, 15051.2766, True, 209
ESPPRC_heur, 0.0, 10.2, 9.3, 0.4, 0, 15400.6076, 5186.022, True, 32181
ESPPRC_heur, 0.1, 3.1, 2.7, 0.2, 0, 15400.6076, 13871.502, True, 2340
ESPPRC_heur, 0.1, 3.3, 2.9, 0.2, 0, 15400.6076, 14757.408, True, 1047
ESPPRC_heur, 0.1, 3.2, 2.7, 0.2, 0, 15400.6076, 14393.2367, True, 1681
ESPPRC_heur, 0.1, 3.0, 2.5, 0.2, 0, 15400.6076, 14742.2976, True, 756
ESPPRC_heur, 0.1, 2.8, 2.4, 0.2, 0, 15400.6076, 15116.5292, True, 86
ESPPRC_heur, 0.1, 3.8, 3.2, 0.2, 0, 15399.4192, 14990.497, True, 313
ESPPRC_heur, 0.1, 3.1, 2.7, 0.2, 0, 15397.6098, 14811.6578, True, 432
ESPPRC_heur, 0.1, 3.5, 3.0, 0.2, 0, 15397.6098, 14937.4431, True, 399
ESPPRC_heur, 0.1, 3.5, 3.0, 0.2, 0, 15397.3188, 14933.9044, True, 415
ESPPRC_heur, 0.0, 3.1, 2.6, 0.2, 0, 15397.3188, 15159.874, True, 163
ESPPRC_heur, 0.1, 3.2, 2.7, 0.2, 0, 15394.4152, 14689.2857, True, 896
ESPPRC_heur, 0.1, 3.1, 2.7, 0.2, 0, 15394.4152, 14940.4426, True, 186
ESPPRC_heur, 0.1, 3.1, 2.6, 0.2, 0, 15392.2411, 15074.0766, True, 180
ESPPRC_heur, 0.1, 3.2, 2.8, 0.2, 0, 15391.3971, 15129.9213, True, 53
ESPPRC_heur, 0.1, 3.0, 2.6, 0.2, 0, 15390.6575, 15060.2014, True, 74
ESPPRC_heur, 0.0, 3.2, 2.6, 0.2, 0, 15389.5269, 14960.8803, True, 326
ESPPRC_heur, 0.1, 3.4, 2.9, 0.2, 0, 15389.5269, 15022.4843, True, 269
ESPPRC_heur, 0.1, 3.6, 3.0, 0.2, 0, 15389.5269, 15191.696, True, 190
ESPPRC_heur, 0.1, 3.2, 2.8, 0.2, 0, 15388.8818, 14959.2152, True, 86
ESPPRC_heur, 0.1, 3.7, 3.2, 0.2, 0, 15388.6242, 14854.8567, True, 314
ESPPRC_heur, 0.1, 3.4, 2.9, 0.2, 0, 15388.6242, 15037.3517, True, 177
ESPPRC_heur, 0.0, 3.7, 3.2, 0.2, 0, 15388.6242, 15240.9104, True, 61
ESPPRC_heur, 0.0, 3.5, 3.0, 0.2, 0, 15388.6057, 15137.0142, True, 102
ESPPRC_heur, 0.1, 3.8, 3.3, 0.2, 0, 15388.0632, 15255.1994, True, 20
ESPPRC_heur, 0.0, 3.2, 2.7, 0.2, 0, 15387.8984, 15231.5544, True, 36
ESPPRC_heur, 0.1, 6.7, 6.0, 0.3, 0, 15384.0583, -1300.9365, True, 34593
ESPPRC_heur, 0.1, 3.5, 3.1, 0.2, 0, 15384.0583, 14371.0674, True, 1490
ESPPRC_heur, 0.1, 3.9, 3.4, 0.2, 0, 15384.0583, 14598.8753, True, 1261
ESPPRC_heur, 0.1, 3.3, 2.9, 0.2, 0, 15384.0583, 14853.3851, True, 418
ESPPRC_heur, 0.1, 3.8, 3.3, 0.2, 0, 15384.0583, 14787.4352, True, 645
ESPPRC_heur, 0.1, 4.3, 3.8, 0.2, 0, 15384.0583, 15097.4291, True, 207
ESPPRC_heur, 0.2, 3.5, 3.1, 0.2, 0, 15382.6333, 14828.5733, True, 449
ESPPRC_heur, 0.1, 3.8, 3.3, 0.2, 0, 15382.6333, 15057.6765, True, 240
ESPPRC_heur, 0.0, 4.0, 3.4, 0.2, 0, 15382.6333, 15202.814, True, 84
ESPPRC_heur, 0.1, 3.1, 2.6, 0.2, 0, 15381.8303, 14850.9441, True, 206
ESPPRC_heur, 0.1, 3.6, 3.1, 0.2, 0, 15381.4516, 15125.0982, True, 72
ESPPRC_heur, 0.1, 3.5, 3.0, 0.2, 0, 15381.3503, 15278.9476, True, 29
ESPPRC_heur, -0.0, 3.6, 3.1, 0.2, 0, 15379.1047, 15124.7347, True, 52
ESPPRC_heur, 0.0, 3.2, 2.8, 0.2, 0, 15378.9135, 15269.9863, True, 22
ESPPRC_heur, -0.0, 3.2, 2.8, 0.2, 0, 15378.8989, 15272.8705, True, 23
ESPPRC_heur, -0.0, 3.2, 2.7, 0.2, 0, 15378.8446, 15304.2322, True, 13
ESPPRC_heur, 0.1, 3.3, 2.9, 0.2, 0, 15378.8413, 15312.4175, True, 6
ESPPRC_heur, 0.1, 3.7, 3.2, 0.2, 0, 15378.6854, 14427.3045, True, 980
ESPPRC_heur, 0.1, 3.5, 3.0, 0.2, 0, 15378.6854, 14725.8086, True, 390
ESPPRC_heur, 0.1, 3.8, 3.3, 0.2, 0, 15378.6854, 15291.9462, True, 24
ESPPRC_heur, 0.0, 3.8, 3.3, 0.2, 0, 15378.598, 15326.408, True, 15
ESPPRC_heur, 0.1, 3.6, 3.1, 0.2, 0, 15378.0466, 15202.2185, True, 53
ESPPRC_heur, 0.0, 3.7, 3.2, 0.2, 0, 15377.4071, 15244.167, True, 22
ESPPRC_heur, 0.0, 4.0, 3.5, 0.2, 0, 15377.0699, 15259.82, True, 26
ESPPRC_heur, 0.0, 4.3, 3.7, 0.2, 0, 15376.3861, 15182.6402, True, 79
ESPPRC_heur, 0.1, 4.2, 3.7, 0.2, 0, 15376.379, 15233.4056, True, 56
ESPPRC_heur, 0.1, 4.1, 3.6, 0.2, 0, 15375.2562, 15243.5012, True, 37
ESPPRC_heur, 0.1, 4.3, 3.8, 0.2, 0, 15374.9115, 15207.3777, True, 71
ESPPRC_heur, 0.0, 5.4, 4.7, 0.3, 0, 15374.5268, 15243.9157, True, 60
ESPPRC_heur, 0.0, 6.2, 5.5, 0.3, 0, 15374.5031, 15243.0233, True, 61
ESPPRC_heur, 0.0, 5.0, 4.4, 0.3, 0, 15374.5016, 15325.7487, True, 8
ESPPRC_heur, -0.0, 4.8, 4.1, 0.3, 0, 15374.5016, 15336.2929, True, 8
ESPPRC_heur, -0.0, 4.9, 4.2, 0.3, 0, 15374.5016, 15339.096, True, 4
ESPPRC_heur, -0.0, 4.8, 4.1, 0.3, 0, 15374.4773, 15351.799, True, 5
ESPPRC_heur, 0.0, 5.1, 4.4, 0.3, 0, 15374.4741, 15340.0407, True, 4
cyc2, 0.8, 63.4, 0.0, 0.0, 1, 15374.4741, -12540.5659, 0, 970268
ESPPRC_heur, 0.1, 4.3, 3.7, 0.2, 0, 15374.4741, 15008.244, True, 229
ESPPRC_heur, 0.0, 4.4, 3.8, 0.2, 0, 15372.9318, 15291.2306, True, 14
ESPPRC_heur, 0.0, 4.6, 4.0, 0.3, 0, 15372.807, 15308.4538, True, 17
ESPPRC_heur, 0.0, 4.7, 4.1, 0.3, 0, 15372.807, 15272.1114, True, 21
ESPPRC_heur, 0.1, 5.0, 4.2, 0.3, 0, 15372.4152, 15054.5505, True, 118
ESPPRC_heur, 0.1, 4.5, 3.9, 0.2, 0, 15372.4152, 15219.4157, True, 32
ESPPRC_heur, 0.0, 4.1, 3.5, 0.2, 0, 15372.3745, 15275.4233, True, 16
ESPPRC_heur, -0.0, 4.2, 3.6, 0.2, 0, 15372.224, 15239.224, True, 19
ESPPRC_heur, 0.0, 4.0, 3.6, 0.2, 0, 15372.224, 15359.5049, True, 3
ESPPRC_heur, 0.0, 4.3, 3.8, 0.2, 0, 15372.1885, 15328.0603, True, 15
ESPPRC_heur, 0.1, 4.1, 3.7, 0.2, 0, 15372.1885, 15362.75, True, 2
ESPPRC_heur, 0.0, 4.1, 3.6, 0.2, 0, 15372.1885, 15335.0277, True, 3
ESPPRC_heur, 0.0, 4.0, 3.5, 0.2, 0, 15372.1885, 15343.0823, True, 6
ESPPRC_heur, 0.0, 4.3, 3.8, 0.2, 0, 15372.1308, 15326.1322, True, 10
ESPPRC_heur, -0.0, 3.9, 3.4, 0.2, 0, 15371.714, 15352.7932, True, 2
ESPPRC_heur, -0.0, 3.6, 3.1, 0.2, 0, 15371.714, 15351.9038, True, 2
ESPPRC_heur, -0.0, 3.7, 3.1, 0.2, 0, 15371.714, 15305.7568, True, 2
ESPPRC_heur, -0.0, 3.8, 3.2, 0.2, 0, 15371.714, 15364.3119, True, 2
cyc2, 0.5, 42.4, 0.0, 0.0, 1, 15371.714, 6078.9877, 0, 403197
ESPPRC_heur, 0.1, 3.1, 2.7, 0.2, 0, 15316.5819, 14738.9141, True, 475
ESPPRC_heur, 0.1, 3.6, 3.1, 0.2, 0, 15305.0478, 14817.8026, True, 633
ESPPRC_heur, 0.1, 3.4, 2.9, 0.2, 0, 15305.0478, 15043.9073, True, 171
ESPPRC_heur, 0.1, 4.1, 3.5, 0.2, 0, 15304.4574, 15044.336, True, 96
ESPPRC_heur, 0.1, 3.7, 3.2, 0.2, 0, 15303.7819, 15086.2134, True, 108
ESPPRC_heur, 0.0, 3.7, 3.2, 0.2, 0, 15303.0093, 14983.8214, True, 132
ESPPRC_heur, 0.0, 3.9, 3.3, 0.2, 0, 15302.985, 15095.3169, True, 97
ESPPRC_heur, 0.1, 3.8, 3.3, 0.2, 0, 15299.7223, 15109.7125, True, 136
ESPPRC_heur, 0.1, 3.8, 3.3, 0.2, 0, 15298.4835, 15065.411, True, 92
ESPPRC_heur, 0.0, 4.1, 3.5, 0.2, 0, 15296.3338, 15116.901, True, 76
ESPPRC_heur, 0.1, 4.0, 3.5, 0.2, 0, 15295.7663, 15093.5377, True, 66
ESPPRC_heur, 0.0, 4.0, 3.4, 0.2, 0, 15294.6913, 15028.7322, True, 59
ESPPRC_heur, 0.1, 4.2, 3.6, 0.2, 0, 15292.4189, 15107.6849, True, 97
ESPPRC_heur, 0.0, 3.1, 2.6, 0.2, 0, 15285.8017, 14585.8347, True, 814
ESPPRC_heur, 0.1, 3.1, 2.7, 0.2, 0, 15285.8017, 14780.8867, True, 309
ESPPRC_heur, 0.1, 3.3, 2.9, 0.2, 0, 15285.8017, 14998.2923, True, 124
ESPPRC_heur, 0.0, 3.5, 3.1, 0.2, 0, 15285.453, 15157.0808, True, 47
ESPPRC_heur, 0.1, 3.5, 3.1, 0.2, 0, 15284.7341, 15177.6223, True, 19
ESPPRC_heur, 0.1, 4.2, 3.6, 0.2, 0, 15284.3859, 15166.684, True, 19
ESPPRC_heur, 0.0, 4.0, 3.4, 0.2, 0, 15284.0054, 15225.5768, True, 8
ESPPRC_heur, 0.0, 4.5, 3.9, 0.2, 0, 15284.0054, 15282.916, True, 1
cyc2, 0.5, 43.7, 0.0, 0.0, 1, 15284.0054, 7581.304, 0, 350348
ESPPRC_heur, -0.0, 3.6, 3.1, 0.2, 0, 15284.0054, 15208.6665, True, 15
ESPPRC_heur, 0.1, 3.6, 3.1, 0.2, 0, 15284.0054, 15161.4994, True, 33
ESPPRC_heur, 0.1, 3.5, 3.1, 0.2, 0, 15283.7557, 15083.6653, True, 69
ESPPRC_heur, 0.0, 3.3, 2.8, 0.2, 0, 15283.2389, 15029.7842, True, 48
ESPPRC_heur, -0.0, 3.4, 2.9, 0.2, 0, 15283.234, 15237.3564, True, 6
ESPPRC_heur, -0.0, 3.5, 3.0, 0.2, 0, 15283.234, 15169.0696, True, 18
ESPPRC_heur, 0.0, 3.2, 2.7, 0.2, 0, 15282.629, 15190.7909, True, 18
ESPPRC_heur, -0.0, 3.3, 2.8, 0.2, 0, 15282.1081, 15188.0585, True, 15
ESPPRC_heur, 0.0, 3.2, 2.7, 0.2, 0, 15282.1081, 15033.5919, True, 43
ESPPRC_heur, -0.0, 3.0, 2.5, 0.2, 0, 15282.1081, 15157.1441, True, 22
ESPPRC_heur, 0.0, 3.1, 2.7, 0.2, 0, 15282.1078, 15168.2138, True, 10
ESPPRC_heur, -0.0, 3.3, 2.8, 0.2, 0, 15282.1078, 15164.9809, True, 11
ESPPRC_heur, 0.1, 3.7, 3.2, 0.2, 0, 15282.0221, 15113.8868, True, 35
ESPPRC_heur, -0.0, 3.8, 3.2, 0.2, 0, 15281.9255, 15255.6054, True, 3
cyc2, 0.3, 40.5, 0.0, 0.0, 1, 15281.9253, 8565.5349, 0, 294760
ESPPRC_heur, 0.1, 3.7, 3.2, 0.2, 0, 15281.9253, 15054.0445, True, 85
ESPPRC_heur, 0.1, 3.7, 3.2, 0.2, 0, 15281.9253, 15008.8272, True, 140
ESPPRC_heur, 0.1, 4.0, 3.4, 0.2, 0, 15281.9253, 15062.1293, True, 126
ESPPRC_heur, 0.1, 3.4, 2.9, 0.2, 0, 15280.5637, 14963.6295, True, 148
ESPPRC_heur, 0.0, 3.7, 3.1, 0.2, 0, 15280.5637, 15104.1533, True, 28
ESPPRC_heur, 0.0, 3.2, 2.7, 0.2, 0, 15280.5548, 15134.9184, True, 20
ESPPRC_heur, -0.0, 3.4, 2.9, 0.2, 0, 15280.3281, 15131.2044, True, 19
ESPPRC_heur, -0.0, 3.1, 2.7, 0.2, 0, 15279.8561, 15223.574, True, 20
ESPPRC_heur, -0.0, 3.1, 2.6, 0.2, 0, 15279.8517, 15219.0472, True, 9
ESPPRC_heur, 0.0, 3.0, 2.6, 0.2, 0, 15279.8517, 15279.4907, True, 2
cyc2, 0.5, 50.5, 0.0, 0.0, 1, 15279.8517, 10352.0227, 0, 207363
ESPPRC_heur, 0.0, 3.1, 2.6, 0.2, 0, 15278.7291, 15125.5309, True, 37
ESPPRC_heur, 0.0, 3.1, 2.6, 0.2, 0, 15278.3078, 15184.949, True, 10
ESPPRC_heur, 0.1, 3.1, 2.6, 0.2, 0, 15278.2589, 15241.8444, True, 13
ESPPRC_heur, 0.0, 3.0, 2.5, 0.2, 0, 15278.2514, 15261.7425, True, 3
ESPPRC_heur, 0.0, 3.3, 2.9, 0.2, 0, 15278.2505, 15276.6857, True, 1
cyc2, 0.4, 40.9, 0.0, 0.0, 1, 15278.2501, 12507.8016, 0, 114572
ESPPRC_heur, 0.1, 2.9, 2.5, 0.1, 0, 15215.5344, 14786.2578, True, 446
ESPPRC_heur, 0.1, 3.5, 3.1, 0.2, 0, 15207.7637, 14897.7513, True, 202
ESPPRC_heur, 0.1, 3.1, 2.7, 0.2, 0, 15202.5207, 14991.4711, True, 90
ESPPRC_heur, 0.1, 2.6, 2.3, 0.1, 0, 15201.3265, 15038.1262, True, 39
ESPPRC_heur, 0.0, 3.1, 2.7, 0.1, 0, 15199.0544, 15060.3115, True, 63
ESPPRC_heur, 0.0, 3.7, 3.3, 0.2, 0, 15198.0387, 14962.6169, True, 56
ESPPRC_heur, 0.1, 2.8, 2.3, 0.2, 0, 15195.9535, 15001.9207, True, 53
ESPPRC_heur, 0.0, 3.2, 2.7, 0.2, 0, 15195.4181, 15090.6282, True, 17
ESPPRC_heur, 0.1, 2.9, 2.4, 0.2, 0, 15195.2698, 15048.393, True, 64
ESPPRC_heur, 0.1, 2.9, 2.4, 0.2, 0, 15194.4629, 15057.0946, True, 49
ESPPRC_heur, -0.0, 3.0, 2.5, 0.2, 0, 15194.3484, 15151.5023, True, 10
ESPPRC_heur, 0.0, 3.0, 2.5, 0.2, 0, 15194.2289, 15097.8853, True, 6
ESPPRC_heur, 0.1, 2.7, 2.2, 0.2, 0, 15192.9402, 14960.4155, True, 60
ESPPRC_heur, -0.0, 3.0, 2.5, 0.2, 0, 15192.9234, 15144.4673, True, 13
ESPPRC_heur, 0.1, 3.1, 2.6, 0.2, 0, 15192.592, 15152.374, True, 5
ESPPRC_heur, -0.0, 3.0, 2.5, 0.2, 0, 15192.5601, 15118.7694, True, 5
ESPPRC_heur, 0.0, 2.9, 2.4, 0.2, 0, 15192.5601, 15190.1297, True, 1
cyc2, 0.5, 49.9, 0.0, 0.0, 1, 15192.5601, 12930.2743, 0, 85125
ESPPRC_heur, 0.0, 3.1, 2.6, 0.2, 0, 15192.4693, 15120.7863, True, 17
ESPPRC_heur, 0.1, 3.1, 2.6, 0.2, 0, 15190.9576, 15090.9198, True, 37
ESPPRC_heur, 0.0, 3.2, 2.7, 0.2, 0, 15190.8235, 15118.3308, True, 15
ESPPRC_heur, -0.0, 3.2, 2.7, 0.2, 0, 15189.2508, 15139.1765, True, 22
ESPPRC_heur, -0.0, 3.2, 2.6, 0.2, 0, 15189.2025, 15161.9078, True, 9
ESPPRC_heur, 0.0, 3.0, 2.5, 0.2, 0, 15189.1379, 15159.7394, True, 6
ESPPRC_heur, -0.0, 3.1, 2.6, 0.2, 0, 15189.1061, 15147.2191, True, 13
ESPPRC_heur, -0.0, 3.1, 2.6, 0.2, 0, 15188.9838, 15175.132, True, 1
ESPPRC_heur, -0.0, 3.2, 2.6, 0.2, 0, 15188.9503, 15170.1285, True, 2
ESPPRC_heur, -0.0, 3.1, 2.6, 0.2, 0, 15188.9503, 15183.5381, True, 1
ESPPRC_heur, -0.0, 3.1, 2.5, 0.2, 0, 15188.9435, 15183.91, True, 2
cyc2, 0.4, 51.3, 0.0, 0.0, 1, 15188.9419, 13522.2556, 0, 53440
ESPPRC_heur, 0.1, 3.5, 2.9, 0.2, 0, 15168.6879, 15000.0217, True, 90
ESPPRC_heur, 0.1, 3.2, 2.7, 0.2, 0, 15168.3427, 14893.4216, True, 118
ESPPRC_heur, 0.0, 3.0, 2.5, 0.2, 0, 15167.6334, 15024.0306, True, 32
ESPPRC_heur, 0.0, 3.2, 2.7, 0.2, 0, 15167.4578, 15055.4444, True, 17
ESPPRC_heur, 0.0, 3.3, 2.9, 0.2, 0, 15166.6455, 15022.5943, True, 43
ESPPRC_heur, 0.0, 3.8, 3.3, 0.2, 0, 15164.1748, 15054.1662, True, 34
ESPPRC_heur, -0.0, 3.8, 3.3, 0.2, 0, 15163.8532, 15102.8244, True, 11
ESPPRC_heur, -0.0, 3.8, 3.3, 0.2, 0, 15163.5607, 15098.8647, True, 10
ESPPRC_heur, 0.0, 3.9, 3.4, 0.2, 0, 15163.5262, 15072.0614, True, 11
ESPPRC_heur, 0.0, 3.6, 3.2, 0.2, 0, 15163.3486, 15122.0673, True, 11
ESPPRC_heur, 0.0, 3.5, 3.1, 0.2, 0, 15163.2541, 15140.5496, True, 4
ESPPRC_heur, 0.0, 3.6, 3.2, 0.2, 0, 15163.2406, 15137.5181, True, 3
ESPPRC_heur, 0.0, 3.6, 3.2, 0.2, 0, 15163.2406, 15076.3923, True, 1
ESPPRC_heur, 0.0, 4.0, 3.4, 0.2, 0, 15162.8397, 15078.7384, True, 30
ESPPRC_heur, 0.1, 3.7, 3.2, 0.2, 0, 15162.7874, 15096.5277, True, 15
ESPPRC_heur, 0.1, 3.8, 3.2, 0.2, 0, 15162.5948, 15095.188, True, 11
ESPPRC_heur, 0.1, 3.9, 3.3, 0.2, 0, 15162.4461, 15103.1538, True, 11
ESPPRC_heur, 0.0, 3.6, 3.1, 0.2, 0, 15162.1179, 15115.1447, True, 5
ESPPRC_heur, -0.0, 3.6, 3.0, 0.2, 0, 15161.8673, 15081.9814, True, 12
ESPPRC_heur, -0.0, 3.7, 3.1, 0.2, 0, 15161.8673, 15088.3305, True, 5
ESPPRC_heur, -0.0, 3.7, 3.1, 0.2, 0, 15161.8673, 15120.1918, True, 2
cyc2, 0.4, 49.7, 0.0, 0.0, 1, 15161.8673, 13032.8927, 0, 70545
ESPPRC_heur, 0.0, 3.4, 2.9, 0.2, 0, 15161.8673, 15019.0994, True, 15
cyc2, 0.4, 40.6, 0.0, 0.0, 1, 15161.8673, 13529.9101, 0, 49359
ESPPRC_heur, 0.0, 3.4, 2.9, 0.2, 0, 15146.7853, 15039.8975, True, 30
ESPPRC_heur, 0.0, 3.5, 3.0, 0.2, 0, 15144.1552, 15007.1099, True, 33
ESPPRC_heur, -0.0, 3.5, 3.0, 0.2, 0, 15143.8604, 15120.6522, True, 3
ESPPRC_heur, 0.0, 3.4, 2.9, 0.2, 0, 15143.8604, 15106.0789, True, 2
ESPPRC_heur, 0.0, 3.7, 3.2, 0.2, 0, 15143.8393, 15068.812, True, 8
ESPPRC_heur, -0.0, 3.5, 3.0, 0.2, 0, 15143.8281, 15083.8259, True, 3
ESPPRC_heur, 0.0, 3.5, 3.0, 0.2, 0, 15143.5681, 14973.3205, True, 20
cyc2, 0.4, 41.6, 0.0, 0.0, 1, 15143.5543, 13316.5126, 0, 53182
ESPPRC_heur, -0.0, 3.6, 3.1, 0.2, 0, 15143.5543, 14993.5281, True, 21
ESPPRC_heur, 0.1, 3.6, 3.1, 0.2, 0, 15143.5543, 15137.2467, True, 1
cyc2, 0.4, 42.3, 0.0, 0.0, 1, 15143.5543, 13576.1037, 0, 43053
ESPPRC_heur, 0.1, 3.3, 2.8, 0.2, 0, 15132.0511, 14901.5587, True, 144
ESPPRC_heur, 0.1, 3.4, 2.9, 0.2, 0, 15127.9603, 14894.4372, True, 112
ESPPRC_heur, 0.0, 3.3, 2.8, 0.2, 0, 15126.7857, 14968.2136, True, 24
ESPPRC_heur, 0.1, 2.9, 2.4, 0.2, 0, 15126.3547, 15069.6301, True, 10
ESPPRC_heur, -0.0, 3.1, 2.6, 0.2, 0, 15125.1576, 15065.3243, True, 13
ESPPRC_heur, 0.1, 3.1, 2.6, 0.2, 0, 15124.7308, 15088.1534, True, 3
ESPPRC_heur, 0.0, 3.1, 2.6, 0.2, 0, 15124.6218, 15094.1817, True, 5
ESPPRC_heur, -0.0, 3.0, 2.5, 0.2, 0, 15124.4756, 15114.2618, True, 2
ESPPRC_heur, 0.0, 2.9, 2.4, 0.2, 0, 15124.4747, 15105.9409, True, 2
ESPPRC_heur, -0.0, 2.9, 2.4, 0.2, 0, 15124.4741, 15105.0087, True, 1
ESPPRC_heur, 0.0, 2.9, 2.4, 0.2, 0, 15124.4155, 15079.0004, True, 4
ESPPRC_heur, 0.0, 2.9, 2.4, 0.2, 0, 15124.1467, 15082.9126, True, 3
ESPPRC_heur, 0.0, 2.9, 2.4, 0.2, 0, 15124.1402, 15042.5543, True, 2
ESPPRC_heur, 0.0, 3.1, 2.6, 0.2, 0, 15124.0248, 15089.4907, True, 8
ESPPRC_heur, -0.0, 3.2, 2.7, 0.2, 0, 15123.8863, 15112.0396, True, 1
cyc2, 0.4, 41.3, 0.0, 0.0, 1, 15123.851, 13623.8188, 0, 32750
ESPPRC_heur, 0.1, 3.3, 2.8, 0.2, 0, 15117.3504, 14807.0743, True, 234
ESPPRC_heur, 0.0, 3.1, 2.6, 0.2, 0, 15115.72, 15017.3368, True, 17
ESPPRC_heur, 0.1, 3.0, 2.6, 0.2, 0, 15115.2307, 14965.8308, True, 33
ESPPRC_heur, 0.1, 3.1, 2.7, 0.2, 0, 15115.2169, 15023.9547, True, 27
ESPPRC_heur, 0.0, 3.1, 2.6, 0.2, 0, 15115.1422, 15047.5522, True, 14
ESPPRC_heur, 0.0, 2.9, 2.5, 0.2, 0, 15114.8866, 15036.5375, True, 6
ESPPRC_heur, 0.0, 3.0, 2.5, 0.2, 0, 15114.3504, 15102.9041, True, 2
cyc2, 0.4, 40.1, 0.0, 0.0, 1, 15114.3471, 13186.0382, 0, 48108
cyc2, 0.3, 34.9, 0.0, 0.0, 1, 15114.3471, 13857.5029, 0, 36661
ESPPRC_heur, 0.0, 3.4, 3.0, 0.2, 0, 15111.695, 14942.7165, True, 21
ESPPRC_heur, 0.0, 3.4, 3.0, 0.2, 0, 15111.6946, 15041.6946, True, 3
ESPPRC_heur, -0.0, 3.1, 2.7, 0.2, 0, 15111.3058, 15064.4119, True, 6
ESPPRC_heur, 0.0, 3.0, 2.6, 0.2, 0, 15111.0028, 15040.6789, True, 9
ESPPRC_heur, -0.0, 2.8, 2.4, 0.1, 0, 15110.7367, 15038.7808, True, 6
ESPPRC_heur, 0.0, 2.6, 2.3, 0.1, 0, 15110.3897, 15076.3732, True, 2
ESPPRC_heur, 0.0, 2.8, 2.4, 0.1, 0, 15110.2411, 14967.4489, True, 10
ESPPRC_heur, -0.0, 2.8, 2.4, 0.1, 0, 15109.6965, 15013.2809, True, 9
ESPPRC_heur, 0.0, 2.8, 2.3, 0.2, 0, 15109.2854, 15049.3245, True, 10
ESPPRC_heur, -0.0, 2.9, 2.4, 0.2, 0, 15109.2318, 15043.5108, True, 3
ESPPRC_heur, -0.0, 2.9, 2.4, 0.2, 0, 15109.192, 15082.8157, True, 1
ESPPRC_heur, 0.0, 3.1, 2.6, 0.2, 0, 15109.1667, 14932.6041, True, 57
ESPPRC_heur, 0.0, 3.3, 2.8, 0.2, 0, 15108.5423, 15054.2226, True, 3
ESPPRC_heur, -0.0, 3.5, 3.0, 0.2, 0, 15108.398, 15063.9163, True, 10
ESPPRC_heur, 0.0, 3.3, 2.8, 0.2, 0, 15107.7261, 15004.9153, True, 14
ESPPRC_heur, -0.0, 3.3, 2.8, 0.2, 0, 15107.3023, 15070.024, True, 8
ESPPRC_heur, 0.0, 2.8, 2.3, 0.2, 0, 15106.9423, 15092.666, True, 1
cyc2, 0.4, 43.3, 0.0, 0.0, 1, 15106.9423, 13818.1897, 0, 34829
ESPPRC_heur, 0.1, 3.2, 2.7, 0.2, 0, 15100.0491, 14883.6082, True, 99
ESPPRC_heur, 0.0, 3.3, 2.8, 0.2, 0, 15098.5748, 14985.0196, True, 44
ESPPRC_heur, -0.0, 3.1, 2.6, 0.2, 0, 15098.1848, 15014.5673, True, 27
ESPPRC_heur, 0.0, 3.3, 2.8, 0.2, 0, 15097.8625, 14948.489, True, 25
ESPPRC_heur, 0.0, 2.9, 2.5, 0.2, 0, 15096.5219, 14872.2107, True, 111
ESPPRC_heur, 0.1, 2.9, 2.5, 0.2, 0, 15096.5219, 14993.9358, True, 23
ESPPRC_heur, 0.0, 3.0, 2.6, 0.2, 0, 15096.4606, 15015.6211, True, 11
ESPPRC_heur, 0.0, 2.9, 2.4, 0.2, 0, 15096.3838, 15034.9779, True, 7
ESPPRC_heur, 0.0, 3.0, 2.5, 0.2, 0, 15096.3661, 15013.7645, True, 6
ESPPRC_heur, 0.0, 3.0, 2.5, 0.2, 0, 15095.8168, 15033.9378, True, 8
ESPPRC_heur, 0.0, 3.0, 2.5, 0.2, 0, 15095.7678, 15043.6511, True, 5
ESPPRC_heur, 0.1, 3.3, 2.8, 0.2, 0, 15095.2906, 15020.2565, True, 17
ESPPRC_heur, 0.0, 3.2, 2.7, 0.2, 0, 15095.2749, 15075.0927, True, 8
ESPPRC_heur, 0.0, 3.1, 2.6, 0.2, 0, 15095.2708, 15092.683, True, 1
cyc2, 0.5, 48.2, 0.0, 0.0, 1, 15095.2708, 14034.2141, 0, 23711
ESPPRC_heur, -0.0, 3.2, 2.7, 0.2, 0, 15093.333, 15053.4169, True, 5
ESPPRC_heur, -0.0, 3.2, 2.7, 0.2, 0, 15093.3279, 15084.4295, True, 2
ESPPRC_heur, -0.0, 3.1, 2.6, 0.2, 0, 15093.2832, 15046.6204, True, 5
ESPPRC_heur, -0.0, 3.0, 2.5, 0.2, 0, 15093.2592, 14984.4829, True, 5
cyc2, 0.5, 48.2, 0.0, 0.0, 1, 15093.2592, 12723.3945, 0, 46253
cyc2, 0.5, 46.6, 0.0, 0.0, 1, 15093.2592, 14183.3342, 0, 22586
ESPPRC_heur, 0.1, 2.8, 2.3, 0.2, 0, 15066.5697, 14704.2721, True, 224
ESPPRC_heur, 0.1, 3.0, 2.5, 0.2, 0, 15066.255, 14885.6782, True, 85
ESPPRC_heur, -0.0, 3.2, 2.7, 0.2, 0, 15064.3666, 14942.1587, True, 36
ESPPRC_heur, 0.0, 3.1, 2.6, 0.2, 0, 15064.0529, 14923.988, True, 23
ESPPRC_heur, 0.1, 3.0, 2.6, 0.2, 0, 15063.5381, 14882.0711, True, 33
ESPPRC_heur, -0.0, 3.3, 2.8, 0.2, 0, 15063.5361, 14970.8143, True, 18
ESPPRC_heur, 0.0, 2.7, 2.3, 0.1, 0, 15062.977, 14865.3949, True, 53
ESPPRC_heur, 0.0, 2.9, 2.5, 0.1, 0, 15062.7524, 14971.9433, True, 10
ESPPRC_heur, 0.0, 3.0, 2.6, 0.1, 0, 15061.3182, 14916.6517, True, 49
ESPPRC_heur, -0.0, 2.9, 2.5, 0.1, 0, 15061.2648, 15030.31, True, 10
ESPPRC_heur, 0.0, 2.9, 2.5, 0.1, 0, 15061.2354, 15016.2674, True, 8
ESPPRC_heur, 0.0, 2.8, 2.5, 0.1, 0, 15061.0303, 15029.1436, True, 4
ESPPRC_heur, -0.0, 2.8, 2.4, 0.1, 0, 15061.0302, 15006.7293, True, 4
cyc2, 0.3, 42.5, 0.0, 0.0, 1, 15061.0302, 14307.1205, 0, 16640
ESPPRC_heur, 0.0, 3.8, 3.3, 0.2, 0, 15048.341, 14801.7633, True, 106
ESPPRC_heur, 0.1, 4.0, 3.4, 0.2, 0, 15045.5645, 14858.6248, True, 82
ESPPRC_heur, -0.0, 3.3, 2.8, 0.2, 0, 15044.3728, 14893.4441, True, 31
ESPPRC_heur, 0.0, 3.2, 2.7, 0.2, 0, 15044.0877, 14969.5708, True, 15
ESPPRC_heur, -0.0, 3.3, 2.8, 0.2, 0, 15043.9949, 14970.0231, True, 18
ESPPRC_heur, 0.0, 3.1, 2.7, 0.2, 0, 15043.8442, 14971.8072, True, 12
ESPPRC_heur, 0.1, 2.8, 2.4, 0.2, 0, 15043.8176, 15035.3335, True, 4
ESPPRC_heur, 0.0, 2.9, 2.4, 0.2, 0, 15043.8078, 14865.1359, True, 32
ESPPRC_heur, 0.0, 3.0, 2.5, 0.2, 0, 15042.2365, 14931.1266, True, 9
ESPPRC_heur, -0.0, 2.9, 2.4, 0.2, 0, 15042.2343, 14910.8999, True, 9
ESPPRC_heur, -0.0, 2.9, 2.4, 0.2, 0, 15041.4824, 15016.6353, True, 6
ESPPRC_heur, -0.0, 3.1, 2.7, 0.1, 0, 15041.3757, 15021.8807, True, 6
ESPPRC_heur, 0.0, 3.1, 2.7, 0.1, 0, 15041.3642, 14986.054, True, 4
ESPPRC_heur, 0.0, 2.8, 2.5, 0.1, 0, 15041.2928, 15034.4831, True, 3
cyc2, 0.4, 38.0, 0.0, 0.0, 1, 15041.2794, 13895.7262, 0, 24627
ESPPRC_heur, 0.1, 2.8, 2.4, 0.1, 0, 15033.2049, 14911.2913, True, 53
ESPPRC_heur, 0.1, 2.9, 2.4, 0.2, 0, 15033.1885, 14972.9908, True, 10
ESPPRC_heur, 0.0, 3.1, 2.6, 0.2, 0, 15032.5949, 14997.7063, True, 6
ESPPRC_heur, -0.0, 3.2, 2.7, 0.2, 0, 15032.2564, 15006.3331, True, 4
ESPPRC_heur, 0.0, 3.1, 2.6, 0.2, 0, 15032.1199, 15029.0726, True, 3
cyc2, 0.4, 40.7, 0.0, 0.0, 1, 15032.1196, 14280.4633, 0, 15958
ESPPRC_heur, -0.0, 3.4, 2.9, 0.2, 0, 15018.352, 14950.7792, True, 30
ESPPRC_heur, -0.0, 3.3, 2.8, 0.2, 0, 15018.0663, 14996.1096, True, 8
ESPPRC_heur, 0.0, 3.2, 2.7, 0.2, 0, 15018.0061, 14999.8828, True, 2
cyc2, 0.3, 41.0, 0.0, 0.0, 1, 15017.9847, 14262.7713, 0, 14416
ESPPRC_heur, 0.0, 3.4, 2.8, 0.2, 0, 15007.5085, 14816.7036, True, 54
ESPPRC_heur, 0.0, 3.5, 2.9, 0.2, 0, 15007.4659, 14915.604, True, 25
ESPPRC_heur, 0.0, 3.5, 2.9, 0.2, 0, 15007.0203, 14992.9728, True, 2
ESPPRC_heur, 0.1, 3.4, 2.9, 0.2, 0, 15006.9814, 14991.8052, True, 2
cyc2, 0.4, 40.5, 0.0, 0.0, 1, 15006.9814, 14407.6751, 0, 11377
ESPPRC_heur, 0.0, 3.0, 2.5, 0.2, 0, 14986.9203, 14865.6443, True, 26
ESPPRC_heur, 0.0, 2.8, 2.3, 0.2, 0, 14986.3605, 14929.623, True, 18
ESPPRC_heur, -0.0, 3.0, 2.5, 0.2, 0, 14985.9343, 14941.0866, True, 12
ESPPRC_heur, 0.0, 2.9, 2.5, 0.2, 0, 14985.5593, 14937.3858, True, 3
ESPPRC_heur, -0.0, 2.8, 2.4, 0.1, 0, 14985.2107, 14849.4552, True, 35
ESPPRC_heur, -0.0, 2.9, 2.5, 0.1, 0, 14985.0915, 14915.9127, True, 2
ESPPRC_heur, 0.0, 2.9, 2.5, 0.2, 0, 14985.0915, 14910.3446, True, 3
cyc2, 0.5, 33.9, 0.0, 0.0, 1, 14985.0915, 13708.2838, 0, 33164
ESPPRC_heur, 0.0, 3.5, 2.9, 0.2, 0, 14980.809, 14894.6009, True, 38
ESPPRC_heur, 0.0, 3.2, 2.7, 0.2, 0, 14980.2898, 14959.3255, True, 9
ESPPRC_heur, 0.0, 2.8, 2.3, 0.2, 0, 14980.1578, 14927.646, True, 9
ESPPRC_heur, 0.0, 3.0, 2.5, 0.2, 0, 14979.8557, 14978.1125, True, 1
ESPPRC_heur, -0.0, 3.1, 2.5, 0.2, 0, 14979.8552, 14979.3051, True, 1
ESPPRC_heur, 0.0, 3.0, 2.5, 0.2, 0, 14979.8552, 14943.3389, True, 6
ESPPRC_heur, 0.0, 3.1, 2.6, 0.2, 0, 14979.8497, 14964.7525, True, 1
ESPPRC_heur, 0.0, 3.0, 2.5, 0.2, 0, 14979.817, 14965.6412, True, 3
ESPPRC_heur, 0.0, 3.0, 2.5, 0.2, 0, 14979.8162, 14979.2392, True, 1
ESPPRC_heur, 0.0, 3.0, 2.5, 0.2, 0, 14979.8161, 14968.5915, True, 2
cyc2, 0.4, 49.8, 0.0, 0.0, 1, 14979.8161, 13959.359, 0, 15564
cyc2, 0.5, 51.1, 0.0, 0.0, 1, 14979.8161, 14256.2897, 0, 11888
ESPPRC_heur, -0.0, 3.1, 2.6, 0.2, 0, 14976.7043, 14865.0307, True, 27
ESPPRC_heur, 0.0, 2.9, 2.4, 0.2, 0, 14975.0779, 14911.1054, True, 14
ESPPRC_heur, -0.0, 3.2, 2.6, 0.2, 0, 14974.7393, 14937.2196, True, 8
ESPPRC_heur, 0.1, 3.1, 2.6, 0.2, 0, 14974.7294, 14921.2982, True, 6
ESPPRC_heur, 0.0, 3.1, 2.6, 0.2, 0, 14974.2971, 14971.5446, True, 2
cyc2, 0.5, 50.7, 0.0, 0.0, 1, 14974.2969, 14413.8508, 0, 6277
ESPPRC_heur, -0.0, 3.0, 2.5, 0.2, 0, 14961.9486, 14937.6712, True, 2
ESPPRC_heur, -0.0, 3.2, 2.6, 0.2, 0, 14961.8975, 14947.8975, True, 2
ESPPRC_heur, -0.0, 3.1, 2.5, 0.2, 0, 14961.7622, 14949.3924, True, 2
ESPPRC_heur, -0.0, 3.2, 2.6, 0.2, 0, 14961.7476, 14954.1445, True, 1
cyc2, 0.4, 47.9, 0.0, 0.0, 1, 14961.736, 14245.0839, 0, 8837
ESPPRC_heur, 0.1, 3.0, 2.5, 0.2, 0, 14961.736, 14916.5224, True, 5
ESPPRC_heur, 0.0, 3.1, 2.6, 0.2, 0, 14961.736, 14918.7183, True, 4
cyc2, 0.4, 40.6, 0.0, 0.0, 1, 14961.6344, 14343.1979, 0, 7389
ESPPRC_heur, -0.0, 3.1, 2.6, 0.2, 0, 14961.4834, 14867.9485, True, 5
ESPPRC_heur, 0.1, 3.1, 2.7, 0.2, 0, 14961.4342, 14900.2306, True, 4
ESPPRC_heur, -0.0, 3.0, 2.5, 0.2, 0, 14961.3084, 14950.5125, True, 1
cyc2, 0.4, 45.6, 0.0, 0.0, 1, 14961.3084, 14390.9363, 0, 6737
ESPPRC_heur, 0.0, 3.1, 2.6, 0.2, 0, 14960.6091, 14900.2919, True, 16
ESPPRC_heur, 0.0, 3.1, 2.6, 0.2, 0, 14960.2119, 14924.9645, True, 13
ESPPRC_heur, 0.0, 3.1, 2.7, 0.2, 0, 14960.1269, 14925.7684, True, 6
ESPPRC_heur, -0.0, 3.2, 2.7, 0.2, 0, 14960.0337, 14925.3201, True, 6
ESPPRC_heur, 0.0, 3.0, 2.6, 0.2, 0, 14959.8609, 14932.1855, True, 1
ESPPRC_heur, -0.0, 3.2, 2.7, 0.2, 0, 14959.7973, 14952.4592, True, 1
cyc2, 0.4, 50.4, 0.0, 0.0, 1, 14959.7814, 14525.4562, 0, 5913
ESPPRC_heur, 0.0, 3.5, 3.1, 0.2, 0, 14956.715, 14904.4456, True, 6
ESPPRC_heur, -0.0, 3.6, 3.1, 0.2, 0, 14956.6681, 14928.4553, True, 3
ESPPRC_heur, 0.0, 3.3, 2.9, 0.2, 0, 14956.4928, 14933.4982, True, 2
ESPPRC_heur, 0.0, 3.6, 3.2, 0.2, 0, 14956.4006, 14908.8912, True, 3
cyc2, 0.4, 39.6, 0.0, 0.0, 1, 14956.4006, 14607.1549, 0, 3769
ESPPRC_heur, 0.1, 3.0, 2.6, 0.2, 0, 14947.7477, 14822.7459, True, 29
ESPPRC_heur, 0.0, 3.5, 3.0, 0.2, 0, 14947.7477, 14924.7805, True, 9
cyc2, 0.4, 39.0, 0.0, 0.0, 1, 14947.7425, 14585.5767, 0, 3162
ESPPRC_heur, 0.1, 3.6, 3.1, 0.2, 0, 14942.1066, 14881.0327, True, 21
ESPPRC_heur, 0.0, 3.2, 2.7, 0.2, 0, 14941.4519, 14894.2075, True, 11
ESPPRC_heur, 0.0, 3.5, 3.0, 0.2, 0, 14941.0405, 14909.4631, True, 4
cyc2, 0.4, 47.5, 0.0, 0.0, 1, 14941.0405, 14722.9228, 0, 1670
ESPPRC_heur, -0.0, 3.4, 2.9, 0.2, 0, 14932.0502, 14828.9682, True, 15
ESPPRC_heur, 0.1, 3.6, 3.2, 0.2, 0, 14932.0497, 14851.0677, True, 15
cyc2, 0.4, 40.7, 0.0, 0.0, 1, 14932.0497, 14544.8594, 0, 3221
cyc2, 0.3, 33.5, 0.0, 0.0, 1, 14932.0497, 14652.2262, 0, 2116
ESPPRC_heur, -0.0, 4.1, 3.5, 0.2, 0, 14926.6201, 14899.8155, True, 5
ESPPRC_heur, -0.0, 4.0, 3.5, 0.2, 0, 14926.561, 14908.3444, True, 4
ESPPRC_heur, 0.0, 3.7, 3.2, 0.2, 0, 14926.4396, 14857.9746, True, 16
ESPPRC_heur, -0.0, 4.2, 3.6, 0.2, 0, 14926.2586, 14915.848, True, 4
cyc2, 0.4, 39.9, 0.0, 0.0, 1, 14926.2586, 14590.4248, 0, 2469
ESPPRC_heur, 0.0, 4.2, 3.7, 0.2, 0, 14926.1798, 14899.9735, True, 4
ESPPRC_heur, -0.0, 4.4, 3.8, 0.2, 0, 14926.1798, 14902.1914, True, 1
cyc2, 0.4, 40.2, 0.0, 0.0, 1, 14926.1798, 14762.9988, 0, 1103
ESPPRC_heur, 0.0, 3.9, 3.4, 0.2, 0, 14920.1789, 14869.3465, True, 10
ESPPRC_heur, -0.0, 4.0, 3.4, 0.2, 0, 14919.732, 14899.5112, True, 3
ESPPRC_heur, 0.0, 4.0, 3.4, 0.2, 0, 14919.6776, 14919.2575, True, 1
cyc2, 0.4, 37.5, 0.0, 0.0, 1, 14919.677, 14390.0995, 0, 4666
cyc2, 0.5, 47.7, 0.0, 0.0, 1, 14919.677, 14647.6246, 0, 1955
ESPPRC_heur, -0.0, 4.0, 3.4, 0.2, 0, 14918.725, 14904.3356, True, 3
cyc2, 0.4, 44.8, 0.0, 0.0, 1, 14918.6998, 14738.6945, 0, 1083
ESPPRC_heur, 0.0, 4.1, 3.5, 0.2, 0, 14917.6425, 14886.5305, True, 3
ESPPRC_heur, -0.0, 4.0, 3.4, 0.2, 0, 14917.6425, 14896.6425, True, 2
cyc2, 0.5, 46.5, 0.0, 0.0, 1, 14917.6425, 14795.2401, 0, 686
ESPPRC_heur, -0.0, 3.7, 3.1, 0.2, 0, 14914.8206, 14906.0459, True, 2
cyc2, 0.5, 44.6, 0.0, 0.0, 1, 14914.8199, 14689.7113, 0, 1182
ESPPRC_heur, -0.0, 4.6, 4.0, 0.2, 0, 14914.293, 14905.9525, True, 2
cyc2, 0.3, 32.3, 0.0, 0.0, 1, 14914.2806, 14812.6203, 0, 513
cyc2, 0.5, 40.2, 0.0, 0.0, 1, 14909.9848, 14768.2026, 0, 751
ESPPRC_heur, 0.0, 3.5, 3.0, 0.2, 0, 14908.6507, 14902.6556, True, 2
cyc2, 0.5, 42.9, 0.0, 0.0, 1, 14908.6507, 14823.994, 0, 334
ESPPRC_heur, 0.0, 4.0, 3.5, 0.2, 0, 14905.8033, 14859.8779, True, 2
cyc2, 0.4, 45.4, 0.0, 0.0, 1, 14905.8033, 14785.2305, 0, 491
ESPPRC_heur, 0.1, 3.4, 2.9, 0.2, 0, 14905.1981, 14871.173, True, 1
cyc2, 0.6, 51.1, 0.0, 0.0, 1, 14905.1981, 14768.1216, 0, 421
ESPPRC_heur, 0.0, 3.6, 3.0, 0.2, 0, 14904.8661, 14853.0087, True, 9
ESPPRC_heur, 0.0, 3.8, 3.2, 0.2, 0, 14904.8661, 14897.0306, True, 2
cyc2, 0.5, 51.4, 0.0, 0.0, 1, 14904.8661, 14801.3242, 0, 303
ESPPRC_heur, -0.0, 3.6, 3.0, 0.2, 0, 14904.5262, 14824.4055, True, 19
ESPPRC_heur, 0.0, 3.6, 3.0, 0.2, 0, 14904.5262, 14871.9576, True, 2
cyc2, 0.5, 51.7, 0.0, 0.0, 1, 14904.5262, 14790.1532, 0, 320
ESPPRC_heur, 0.0, 4.1, 3.5, 0.2, 0, 14904.2245, 14902.6551, True, 1
ESPPRC_heur, -0.0, 4.1, 3.5, 0.2, 0, 14904.2244, 14904.1071, True, 1
cyc2, 0.5, 42.7, 0.0, 0.0, 1, 14904.2244, 14862.9848, 0, 177
cyc2, 0.5, 43.1, 0.0, 0.0, 1, 14903.7572, 14870.8776, 0, 94
cyc2, 0.4, 45.3, 0.0, 0.0, 1, 14903.5812, 14873.8923, 0, 60
cyc2, 0.3, 40.8, 0.0, 0.0, 1, 14903.3658, 14896.2513, 0, 13
cyc2, 0.3, 43.0, 0.0, 0.0, 1, 14903.3478, 14895.5688, 0, 4
cyc2, 0.4, 51.6, 0.0, 0.0, 1, 14903.3478, 14903.3478, 0, 0
scip_total_time, 24526.764572
Solval, number of paths, impact cutoff
14903.34783667943, 104, 0.0001
Elementary, 2-Cycle, Path Value, Path
True, True, 0.25, (0, 116, 2, 41, 86, 8, 43, 114, 110, 53, 102, 6, 31, 98, 79, 60, 72, 111, 1, 87, 107, 5, 93, 136, 0)
True, True, 0.1581, (0, 4, 135, 58, 67, 46, 30, 121, 34, 138, 105, 129, 76, 3, 113, 10, 103, 38, 15, 27, 106, 24, 66, 71, 0)
True, True, 0.0398, (0, 99, 66, 24, 106, 27, 15, 38, 103, 10, 113, 3, 76, 129, 105, 138, 34, 121, 30, 46, 67, 58, 135, 0)
True, True, 0.0194, (0, 130, 101, 117, 134, 92, 38, 103, 63, 10, 113, 3, 76, 129, 105, 138, 34, 30, 46, 67, 58, 48, 93, 0)
False, True, 0.1632, (0, 68, 84, 127, 128, 84, 127, 128, 84, 127, 128, 84, 127, 13, 126, 0)
True, True, 0.051, (0, 93, 48, 58, 67, 46, 30, 121, 34, 138, 105, 129, 76, 3, 113, 10, 103, 38, 108, 117, 101, 4, 0)
True, True, 0.0193, (0, 135, 58, 67, 46, 30, 34, 138, 105, 129, 76, 3, 94, 75, 26, 112, 63, 103, 38, 134, 117, 101, 0)
False, True, 0.0983, (0, 68, 128, 118, 54, 12, 89, 65, 12, 89, 65, 12, 89, 65, 12, 54, 118, 128, 68, 0)
True, True, 0.1598, (0, 85, 35, 91, 56, 83, 142, 55, 137, 82, 123, 125, 33, 62, 96, 47, 18, 44, 64, 45, 65, 54, 0)
False, True, 0.0865, (0, 13, 36, 16, 32, 7, 97, 120, 19, 97, 120, 19, 97, 120, 19, 97, 120, 19, 97, 7, 32, 16, 36, 13, 0)
True, True, 0.0558, (0, 120, 85, 35, 91, 56, 83, 142, 55, 137, 82, 123, 125, 33, 62, 96, 47, 18, 44, 64, 61, 65, 54, 118, 0)
True, True, 0.0159, (0, 4, 124, 70, 40, 59, 135, 48, 87, 1, 111, 72, 60, 79, 98, 31, 6, 102, 53, 110, 114, 43, 8, 5, 93, 0)
True, True, 0.0755, (0, 93, 48, 87, 121, 34, 138, 105, 129, 76, 3, 94, 75, 26, 112, 63, 10, 103, 38, 92, 108, 117, 101, 130, 0)
False, True, 0.0993, (0, 118, 54, 65, 61, 64, 44, 74, 81, 100, 11, 74, 81, 100, 11, 74, 81, 100, 11, 74, 81, 100, 11, 74, 81, 100, 11, 74, 81, 100, 11, 44, 64, 61, 45, 65, 54, 0)
False, True, 0.0674, (0, 118, 65, 61, 64, 44, 74, 81, 100, 11, 74, 81, 100, 11, 74, 81, 100, 11, 74, 81, 100, 11, 74, 81, 100, 11, 74, 81, 100, 11, 44, 64, 61, 45, 65, 118, 0)
False, True, 0.029, (0, 118, 54, 12, 89, 45, 61, 90, 133, 28, 91, 56, 83, 91, 28, 133, 90, 61, 45, 89, 12, 54, 118, 0)
False, True, 0.0922, (0, 118, 54, 89, 45, 90, 133, 28, 91, 83, 56, 91, 28, 133, 90, 44, 64, 61, 45, 89, 12, 54, 118, 0)
False, True, 0.1019, (0, 118, 54, 12, 89, 45, 61, 64, 44, 90, 133, 28, 91, 56, 83, 28, 133, 90, 61, 45, 89, 12, 118, 0)
False, True, 0.1552, (0, 130, 109, 9, 71, 50, 49, 73, 57, 95, 139, 55, 142, 137, 55, 142, 137, 55, 142, 83, 56, 91, 35, 85, 16, 36, 0)
False, True, 0.0033, (0, 16, 85, 35, 91, 83, 142, 55, 137, 142, 55, 137, 142, 55, 137, 142, 55, 83, 56, 91, 35, 85, 16, 0)
False, True, 0.0398, (0, 126, 136, 115, 124, 70, 40, 59, 52, 20, 99, 52, 20, 59, 40, 70, 124, 115, 136, 0)
False, True, 0.0497, (0, 95, 139, 77, 22, 119, 80, 39, 42, 29, 80, 39, 69, 131, 42, 29, 80, 39, 42, 29, 80, 119, 22, 77, 139, 95, 0)
False, True, 0.0527, (0, 93, 48, 58, 67, 46, 30, 121, 34, 117, 134, 92, 108, 117, 34, 121, 30, 46, 67, 135, 0)
False, True, 0.0055, (0, 126, 78, 2, 41, 86, 5, 107, 1, 111, 72, 102, 6, 79, 98, 31, 6, 102, 72, 60, 111, 1, 107, 5, 86, 41, 2, 78, 0)
False, True, 0.1435, (0, 68, 84, 127, 25, 36, 16, 32, 7, 19, 120, 97, 19, 7, 32, 16, 36, 25, 127, 84, 68, 0)
False, True, 0.0047, (0, 124, 70, 40, 59, 135, 48, 87, 5, 107, 87, 5, 107, 87, 5, 107, 87, 5, 107, 87, 48, 58, 135, 59, 40, 70, 124, 4, 0)
False, True, 0.033, (0, 12, 89, 45, 61, 64, 44, 18, 133, 28, 91, 56, 28, 133, 18, 44, 64, 61, 45, 89, 12, 54, 118, 0)
False, True, 0.1825, (0, 101, 24, 106, 27, 15, 141, 140, 131, 69, 39, 80, 29, 42, 131, 69, 39, 29, 42, 131, 69, 140, 141, 15, 27, 57, 0)
False, True, 0.0694, (0, 12, 89, 45, 61, 64, 44, 18, 133, 28, 91, 56, 83, 28, 133, 18, 44, 64, 61, 45, 89, 12, 0)
False, True, 0.0691, (0, 85, 35, 28, 125, 33, 104, 132, 23, 21, 125, 33, 62, 96, 47, 133, 28, 35, 85, 0)
False, True, 0.0943, (0, 78, 2, 41, 86, 8, 43, 114, 110, 53, 102, 6, 31, 98, 79, 60, 72, 53, 110, 114, 43, 8, 107, 5, 93, 4, 0)
False, True, 0.0284, (0, 4, 48, 87, 121, 138, 105, 129, 76, 3, 113, 10, 63, 112, 26, 75, 94, 3, 113, 10, 63, 103, 38, 15, 27, 106, 24, 66, 130, 0)
False, True, 0.0645, (0, 85, 56, 83, 55, 137, 82, 123, 21, 23, 132, 104, 21, 23, 132, 104, 62, 96, 47, 18, 90, 25, 0)
False, True, 0.0357, (0, 93, 48, 87, 121, 138, 105, 129, 76, 3, 113, 94, 75, 26, 112, 63, 10, 113, 3, 76, 129, 105, 138, 121, 87, 48, 0)
False, True, 0.0164, (0, 4, 124, 70, 40, 59, 135, 58, 67, 46, 30, 121, 34, 30, 46, 67, 58, 135, 59, 40, 70, 124, 4, 126, 0)
False, True, 0.0137, (0, 85, 35, 91, 83, 142, 82, 123, 125, 33, 96, 62, 33, 125, 123, 82, 137, 142, 83, 91, 35, 85, 0)
False, True, 0.0958, (0, 57, 27, 15, 141, 140, 131, 69, 80, 39, 69, 131, 42, 29, 80, 39, 69, 131, 42, 29, 80, 119, 22, 77, 139, 95, 0)
False, True, 0.1154, (0, 68, 128, 25, 36, 16, 32, 7, 19, 120, 97, 32, 7, 97, 120, 19, 7, 32, 16, 36, 25, 128, 68, 0)
False, True, 0.0114, (0, 68, 128, 25, 36, 16, 32, 7, 97, 32, 7, 97, 32, 7, 97, 19, 7, 32, 16, 36, 25, 128, 68, 0)
False, True, 0.116, (0, 57, 95, 139, 14, 37, 122, 77, 14, 37, 122, 77, 141, 140, 112, 63, 103, 38, 106, 24, 66, 0)
False, True, 0.1455, (0, 130, 66, 24, 106, 38, 103, 10, 113, 94, 75, 26, 112, 63, 10, 113, 3, 76, 129, 105, 138, 34, 30, 46, 67, 58, 48, 0)
True, True, 0.1091, (0, 78, 2, 41, 86, 8, 43, 114, 110, 53, 102, 6, 31, 98, 79, 60, 111, 1, 87, 48, 135, 59, 40, 124, 4, 0)
False, True, 0.125, (0, 126, 136, 115, 116, 78, 17, 116, 78, 17, 116, 78, 17, 116, 78, 17, 116, 78, 17, 116, 115, 136, 0)
False, True, 0.0105, (0, 128, 118, 12, 89, 65, 12, 89, 65, 12, 89, 65, 45, 89, 12, 118, 128, 0)
False, True, 0.097, (0, 101, 117, 134, 10, 63, 112, 140, 141, 77, 122, 22, 119, 122, 22, 119, 37, 14, 82, 137, 55, 0)
False, True, 0.0111, (0, 101, 117, 108, 92, 38, 103, 10, 113, 94, 75, 26, 94, 75, 26, 94, 75, 26, 94, 75, 26, 112, 140, 141, 15, 27, 106, 24, 66, 0)
False, True, 0.4602, (0, 13, 109, 9, 71, 50, 49, 51, 88, 99, 20, 52, 99, 20, 52, 59, 40, 70, 124, 115, 126, 0)
False, True, 0.0598, (0, 90, 18, 47, 96, 62, 104, 132, 23, 21, 104, 132, 23, 21, 123, 82, 142, 28, 85, 0)
False, True, 0.0334, (0, 4, 135, 58, 67, 46, 30, 121, 34, 134, 92, 108, 117, 34, 121, 30, 46, 67, 58, 135, 40, 4, 0)
False, True, 0.0909, (0, 66, 101, 117, 108, 92, 134, 108, 92, 134, 108, 92, 134, 108, 92, 134, 117, 101, 66, 0)
False, True, 0.0368, (0, 68, 84, 127, 36, 16, 32, 7, 97, 120, 19, 97, 120, 19, 97, 7, 32, 16, 36, 25, 128, 68, 0)
False, True, 0.0357, (0, 4, 70, 40, 59, 135, 48, 87, 1, 111, 60, 72, 53, 110, 114, 43, 8, 72, 60, 111, 1, 107, 5, 86, 41, 2, 78, 0)
False, True, 0.0012, (0, 85, 35, 91, 56, 83, 142, 55, 137, 82, 123, 125, 33, 62, 96, 47, 18, 133, 28, 35, 85, 16, 36, 0)
False, True, 0.1799, (0, 126, 136, 115, 124, 70, 71, 50, 49, 88, 51, 73, 88, 51, 73, 88, 51, 49, 50, 9, 109, 130, 13, 0)
False, True, 0.0369, (0, 35, 123, 14, 37, 122, 22, 119, 80, 29, 42, 39, 80, 29, 42, 39, 80, 29, 42, 131, 69, 140, 141, 15, 27, 57, 0)
False, True, 0.0994, (0, 85, 35, 91, 56, 83, 142, 55, 137, 82, 123, 125, 33, 62, 96, 47, 18, 133, 28, 35, 85, 120, 109, 0)
False, True, 0.1581, (0, 130, 9, 73, 57, 95, 139, 82, 123, 125, 33, 104, 132, 23, 21, 125, 33, 62, 96, 47, 18, 90, 25, 0)
False, True, 0.0299, (0, 73, 95, 139, 77, 22, 119, 80, 39, 42, 29, 80, 39, 42, 29, 80, 39, 42, 29, 80, 39, 69, 131, 140, 141, 15, 27, 73, 0)
False, True, 0.0286, (0, 4, 59, 101, 117, 134, 92, 108, 134, 92, 108, 134, 92, 108, 134, 92, 108, 117, 101, 59, 4, 0)
False, True, 0.0957, (0, 85, 35, 56, 83, 142, 137, 82, 123, 21, 23, 132, 104, 21, 23, 132, 104, 62, 96, 47, 133, 90, 0)
False, True, 0.0057, (0, 73, 57, 95, 139, 14, 37, 119, 22, 122, 119, 22, 122, 77, 14, 37, 122, 22, 119, 37, 14, 82, 137, 0)
False, True, 0.0033, (0, 36, 85, 35, 91, 56, 83, 142, 137, 55, 142, 137, 55, 142, 137, 55, 142, 83, 56, 91, 35, 85, 36, 0)
False, True, 0.0303, (0, 4, 124, 70, 40, 59, 135, 58, 67, 46, 101, 67, 46, 58, 135, 59, 40, 70, 124, 115, 136, 0)
False, True, 0.1849, (0, 17, 2, 41, 86, 8, 43, 114, 110, 53, 102, 6, 79, 98, 31, 6, 102, 72, 60, 111, 1, 107, 5, 93, 136, 0)
False, True, 0.0927, (0, 17, 2, 41, 86, 5, 107, 8, 43, 114, 110, 53, 102, 6, 31, 98, 79, 31, 98, 79, 60, 72, 111, 1, 107, 5, 86, 41, 2, 17, 0)
False, True, 0.0785, (0, 65, 90, 18, 47, 96, 62, 104, 132, 23, 21, 104, 132, 23, 21, 123, 82, 139, 95, 57, 73, 109, 0)
False, True, 0.0466, (0, 4, 135, 58, 67, 46, 30, 121, 34, 117, 134, 92, 108, 134, 92, 108, 117, 101, 66, 71, 9, 130, 0)
False, True, 0.002, (0, 78, 2, 41, 86, 8, 43, 114, 110, 53, 72, 60, 79, 98, 31, 6, 102, 72, 60, 111, 1, 107, 5, 86, 41, 2, 78, 126, 0)
False, True, 0.0507, (0, 48, 87, 30, 121, 138, 105, 129, 76, 3, 113, 10, 63, 112, 26, 75, 94, 26, 75, 94, 3, 76, 129, 105, 138, 34, 30, 87, 48, 0)
False, True, 0.0461, (0, 65, 61, 64, 44, 18, 47, 96, 62, 104, 132, 23, 21, 125, 33, 62, 96, 47, 133, 25, 0)
False, True, 0.0255, (0, 25, 90, 133, 33, 125, 21, 23, 132, 104, 21, 23, 132, 104, 62, 96, 47, 18, 90, 25, 0)
False, True, 0.0626, (0, 66, 24, 106, 38, 103, 63, 112, 140, 141, 77, 122, 22, 119, 37, 14, 77, 22, 119, 37, 14, 123, 0)
False, True, 0.0136, (0, 130, 4, 124, 70, 40, 59, 135, 58, 67, 46, 101, 67, 46, 101, 67, 46, 58, 135, 59, 40, 124, 4, 130, 0)
False, True, 0.0528, (0, 4, 135, 58, 67, 46, 30, 34, 117, 134, 92, 108, 134, 92, 108, 134, 92, 108, 117, 101, 4, 0)
False, True, 0.0236, (0, 13, 36, 16, 32, 7, 19, 120, 97, 32, 7, 97, 120, 19, 7, 32, 16, 36, 25, 127, 84, 68, 0)
False, True, 0.0247, (0, 109, 50, 49, 73, 57, 95, 139, 82, 123, 125, 33, 96, 62, 33, 125, 123, 82, 137, 55, 83, 56, 91, 35, 85, 0)
False, True, 0.0013, (0, 68, 128, 118, 25, 36, 16, 32, 7, 19, 97, 120, 19, 7, 32, 19, 7, 32, 16, 36, 25, 128, 68, 0)
False, True, 0.0022, (0, 85, 35, 91, 83, 142, 55, 137, 142, 55, 137, 142, 55, 137, 142, 55, 83, 56, 91, 35, 85, 120, 0)
False, True, 0.002, (0, 90, 18, 47, 96, 62, 33, 125, 21, 23, 132, 104, 33, 125, 123, 82, 139, 95, 57, 73, 109, 130, 0)
False, True, 0.0385, (0, 25, 28, 125, 33, 104, 132, 23, 21, 104, 132, 23, 21, 125, 33, 47, 18, 90, 25, 0)
False, True, 0.0047, (0, 78, 2, 41, 86, 5, 107, 1, 111, 72, 60, 79, 98, 31, 79, 98, 31, 6, 102, 53, 110, 114, 43, 8, 86, 5, 93, 0)
False, True, 0.0127, (0, 136, 93, 5, 107, 8, 43, 114, 110, 53, 72, 8, 43, 114, 110, 53, 72, 60, 111, 1, 107, 5, 93, 136, 0)
False, True, 0.0617, (0, 78, 2, 41, 86, 5, 107, 1, 111, 72, 53, 110, 114, 43, 8, 72, 60, 111, 1, 87, 48, 58, 135, 59, 40, 70, 4, 0)
False, True, 0.0047, (0, 130, 101, 117, 108, 92, 38, 103, 63, 112, 26, 75, 94, 26, 75, 94, 26, 75, 94, 3, 76, 129, 105, 138, 121, 87, 5, 41, 2, 17, 0)
False, True, 0.0136, (0, 73, 57, 95, 139, 14, 37, 122, 22, 119, 122, 22, 119, 122, 22, 119, 122, 22, 119, 37, 14, 139, 95, 73, 0)
False, True, 0.007, (0, 95, 139, 77, 22, 119, 80, 39, 42, 29, 80, 39, 42, 29, 80, 39, 42, 29, 39, 80, 119, 22, 122, 37, 14, 123, 0)
False, True, 0.0418, (0, 35, 123, 14, 37, 119, 22, 122, 77, 14, 37, 122, 77, 141, 140, 112, 63, 103, 38, 15, 27, 106, 24, 101, 130, 0)
False, True, 0.1262, (0, 66, 24, 106, 27, 15, 38, 103, 63, 112, 26, 75, 94, 26, 75, 94, 26, 75, 94, 113, 3, 76, 129, 105, 138, 121, 87, 48, 93, 0)
False, True, 0.0316, (0, 101, 117, 92, 38, 103, 63, 112, 140, 141, 77, 14, 37, 122, 22, 119, 37, 14, 139, 95, 57, 73, 0)
False, True, 0.0042, (0, 73, 57, 95, 139, 14, 37, 122, 22, 119, 37, 14, 77, 141, 140, 112, 63, 103, 38, 15, 27, 106, 24, 101, 0)
False, True, 0.0242, (0, 130, 27, 15, 141, 140, 69, 131, 42, 29, 80, 39, 69, 131, 42, 29, 80, 39, 42, 29, 39, 80, 119, 22, 77, 139, 95, 0)
False, True, 0.0367, (0, 66, 24, 106, 27, 15, 141, 140, 112, 26, 75, 94, 26, 75, 94, 3, 76, 129, 105, 138, 121, 30, 46, 67, 58, 135, 0)
False, True, 0.0456, (0, 35, 137, 82, 14, 37, 119, 22, 122, 119, 22, 122, 77, 14, 37, 122, 22, 119, 37, 14, 139, 95, 57, 73, 0)
False, True, 0.0465, (0, 93, 5, 107, 1, 111, 72, 60, 79, 98, 31, 79, 98, 31, 79, 98, 31, 6, 102, 72, 60, 111, 1, 107, 5, 86, 41, 2, 78, 0)
False, True, 0.0178, (0, 93, 48, 87, 121, 138, 105, 129, 76, 3, 94, 75, 26, 94, 75, 26, 112, 63, 10, 103, 38, 92, 108, 117, 101, 130, 0)
False, True, 0.0238, (0, 4, 135, 58, 67, 46, 30, 121, 34, 117, 108, 92, 117, 34, 121, 30, 46, 67, 58, 135, 40, 130, 0)
False, True, 0.0019, (0, 130, 66, 24, 106, 27, 15, 38, 103, 63, 112, 140, 141, 77, 14, 37, 122, 22, 119, 37, 14, 139, 95, 57, 0)
False, True, 0.0481, (0, 135, 58, 67, 46, 30, 34, 138, 105, 129, 76, 3, 113, 10, 63, 112, 26, 75, 94, 113, 10, 134, 117, 101, 130, 0)
False, True, 0.0253, (0, 4, 70, 40, 59, 135, 48, 87, 107, 8, 43, 114, 110, 53, 72, 111, 1, 87, 48, 135, 59, 40, 70, 124, 4, 0)
False, True, 0.0239, (0, 73, 57, 95, 139, 77, 122, 37, 14, 77, 122, 22, 119, 37, 14, 77, 22, 119, 37, 14, 139, 95, 57, 73, 0)
False, True, 0.0061, (0, 118, 54, 89, 45, 90, 133, 28, 91, 83, 56, 91, 28, 133, 18, 44, 64, 61, 45, 89, 12, 54, 118, 0)
False, True, 0.0284, (0, 48, 87, 121, 34, 138, 105, 129, 76, 113, 3, 76, 129, 105, 138, 34, 121, 30, 46, 67, 58, 135, 0)
False, True, 0.004, (0, 126, 78, 2, 41, 86, 5, 107, 8, 43, 114, 110, 53, 102, 6, 31, 98, 79, 72, 111, 1, 107, 5, 86, 41, 2, 78, 126, 0)
False, True, 0.0453, (0, 66, 24, 106, 38, 103, 63, 112, 140, 141, 77, 14, 37, 122, 119, 22, 122, 37, 14, 139, 95, 0)
all_elementary, False
all_cyc2, True
