Instance, X-n139-k10
capacity, 106
min_trucks, 10
output_file, output_uchoa_repeat_small/X-n139-k10-SPPRC.log
Start date, 2022-07-06
Start time, 11-44-48
capacity, 106
num_vehicles, 10
abort_early, False
methods, ['SPPRC']
max_vars, 100
time_limit, 86400
farley, False
ESPPRC_heur, True
initial time, initial max_it, max_stale_it
1, 20000.0, 20
heuristic Number of routes, heuristic Best Solution Value, heuristic number of iterations, adjusted time, adjusted max_it, measured total time
539, 13590.0, 823, 1, 20000.0, 838.0
method, python time, total time, propagated dominance time, unpropagated dominance time, pricing_success, upper_bound, lower_bound, abort_early, num_paths, 
SPPRC, 0.0, 0.1, 0.0, 0.0, 1, 13537.4025, -119267.8688, 0, 2973
SPPRC, 0.0, 0.1, 0.0, 0.0, 1, 13537.4025, -103673.8331, 0, 2557
SPPRC, 0.1, 0.1, 0.1, 0.0, 1, 13537.4025, -57719.609, 0, 3708
SPPRC, 0.1, 0.1, 0.1, 0.0, 1, 13537.4025, -59678.3455, 0, 3985
SPPRC, 0.1, 0.1, 0.1, 0.0, 1, 13537.4025, -45062.6379, 0, 3804
SPPRC, 0.1, 0.2, 0.2, 0.0, 1, 13537.4025, -42402.7209, 0, 5445
SPPRC, 0.1, 0.2, 0.2, 0.0, 1, 13537.4025, -64348.3786, 0, 5602
SPPRC, 0.1, 0.1, 0.1, 0.0, 1, 13537.4025, -50035.9573, 0, 3842
SPPRC, 0.1, 0.2, 0.2, 0.0, 1, 13537.4025, -90329.3041, 0, 5626
SPPRC, 0.1, 0.1, 0.1, 0.0, 1, 13537.4025, -61697.9835, 0, 4110
SPPRC, 0.1, 0.1, 0.1, 0.0, 1, 13537.4025, -40178.0679, 0, 4212
SPPRC, 0.1, 0.3, 0.2, 0.0, 1, 13537.4025, -41937.7862, 0, 6400
SPPRC, 0.1, 0.2, 0.1, 0.0, 1, 13537.4025, -19753.635, 0, 4899
SPPRC, 0.1, 0.2, 0.1, 0.0, 1, 13537.4025, -27158.6239, 0, 4599
SPPRC, 0.1, 0.1, 0.1, 0.0, 1, 13537.4025, -20641.786, 0, 3845
SPPRC, 0.1, 0.2, 0.1, 0.0, 1, 13537.4025, -16138.365, 0, 5116
SPPRC, 0.1, 0.1, 0.1, 0.0, 1, 13537.4025, -48970.4446, 0, 4211
SPPRC, 0.0, 0.1, 0.0, 0.0, 1, 13537.4025, -44995.8632, 0, 2127
SPPRC, 0.0, 0.2, 0.1, 0.0, 1, 13537.4025, -39020.0216, 0, 4299
SPPRC, 0.1, 0.1, 0.1, 0.0, 1, 13537.4025, -16659.7126, 0, 3019
SPPRC, 0.1, 0.2, 0.1, 0.0, 1, 13537.4025, -10581.3442, 0, 4649
SPPRC, 0.1, 0.1, 0.1, 0.0, 1, 13537.4025, -48669.4956, 0, 2523
SPPRC, 0.1, 0.4, 0.3, 0.0, 1, 13537.4025, -44511.1095, 0, 7019
SPPRC, 0.0, 0.2, 0.1, 0.0, 1, 13537.4025, -40111.4916, 0, 4182
SPPRC, 0.1, 0.2, 0.1, 0.0, 1, 13537.4025, -9219.2052, 0, 4340
SPPRC, 0.1, 0.1, 0.1, 0.0, 1, 13537.4025, -13772.9646, 0, 2468
SPPRC, 0.0, 0.2, 0.1, 0.0, 1, 13537.4025, -3373.3703, 0, 3110
SPPRC, 0.0, 0.2, 0.1, 0.0, 1, 13537.4025, -8627.1343, 0, 3891
SPPRC, 0.1, 0.1, 0.1, 0.0, 1, 13537.4025, -22289.6626, 0, 2417
SPPRC, 0.1, 0.2, 0.1, 0.0, 1, 13537.4025, -3303.7349, 0, 4458
SPPRC, 0.0, 0.2, 0.1, 0.0, 1, 13537.4025, 453.2558, 0, 3370
SPPRC, 0.0, 0.2, 0.1, 0.0, 1, 13537.4025, -18851.1179, 0, 3773
SPPRC, 0.1, 0.2, 0.1, 0.0, 1, 13537.0869, -13852.5446, 0, 3932
SPPRC, 0.1, 0.3, 0.2, 0.0, 1, 13537.0869, -9842.7423, 0, 4894
SPPRC, 0.1, 0.2, 0.1, 0.0, 1, 13537.0869, -1860.4453, 0, 3374
SPPRC, 0.0, 0.2, 0.1, 0.0, 1, 13537.069, 1848.9573, 0, 3181
SPPRC, 0.0, 0.2, 0.1, 0.0, 1, 13537.069, -1053.2573, 0, 3084
SPPRC, 0.1, 0.2, 0.1, 0.0, 1, 13537.069, -1452.058, 0, 3239
SPPRC, 0.1, 0.2, 0.1, 0.0, 1, 13446.0955, 2164.8568, 0, 3680
SPPRC, 0.0, 0.2, 0.1, 0.0, 1, 13446.018, -8136.0919, 0, 3748
SPPRC, 0.1, 0.2, 0.2, 0.0, 1, 13446.018, -16033.0591, 0, 4431
SPPRC, 0.1, 0.2, 0.1, 0.0, 1, 13443.7709, 3050.5649, 0, 3196
SPPRC, 0.0, 0.3, 0.2, 0.0, 1, 13443.7709, 4752.7112, 0, 3610
SPPRC, 0.1, 0.2, 0.1, 0.0, 1, 13443.7709, 6104.6146, 0, 3289
SPPRC, 0.1, 0.3, 0.2, 0.0, 1, 13418.6652, 735.5908, 0, 4449
SPPRC, 0.1, 0.2, 0.1, 0.0, 1, 13411.9969, 6446.2318, 0, 2951
SPPRC, 0.1, 0.4, 0.3, 0.0, 1, 13376.064, -1212.4566, 0, 5776
SPPRC, 0.1, 0.2, 0.2, 0.0, 1, 13374.8787, -1775.0102, 0, 3221
SPPRC, 0.1, 0.2, 0.1, 0.0, 1, 13372.7231, 4379.87, 0, 3275
SPPRC, 0.1, 0.2, 0.1, 0.0, 1, 13362.0797, 5931.9773, 0, 2883
SPPRC, 0.0, 0.3, 0.2, 0.0, 1, 13355.1384, -2755.4975, 0, 3308
SPPRC, 0.1, 0.2, 0.1, 0.0, 1, 13352.39, 2522.7931, 0, 3524
SPPRC, 0.0, 0.2, 0.1, 0.0, 1, 13352.39, 4766.6103, 0, 2569
SPPRC, 0.1, 0.1, 0.0, 0.0, 1, 13300.8678, -52395.1844, 0, 2846
SPPRC, 0.0, 0.1, 0.0, 0.0, 1, 13300.8678, -69719.7804, 0, 2366
SPPRC, 0.0, 0.2, 0.1, 0.0, 1, 13300.8678, 2683.9251, 0, 2985
SPPRC, 0.1, 0.2, 0.1, 0.0, 1, 13278.2865, 5697.5611, 0, 2938
SPPRC, 0.1, 0.2, 0.1, 0.0, 1, 13259.6437, 6463.1768, 0, 2941
SPPRC, 0.1, 0.2, 0.1, 0.0, 1, 13241.1522, 8326.5182, 0, 2524
SPPRC, 0.0, 0.2, 0.1, 0.0, 1, 13168.6698, 6746.3674, 0, 2697
SPPRC, 0.0, 0.2, 0.1, 0.0, 1, 13156.4081, -67863.6582, 0, 3963
SPPRC, 0.1, 0.2, 0.1, 0.0, 1, 13155.8189, 1802.399, 0, 2956
SPPRC, 0.0, 0.2, 0.1, 0.0, 1, 13155.725, 6812.4539, 0, 2637
SPPRC, 0.1, 0.2, 0.1, 0.0, 1, 13155.2698, 8830.9214, 0, 2679
SPPRC, 0.0, 0.2, 0.1, 0.0, 1, 13043.7931, 7092.8434, 0, 2593
SPPRC, 0.1, 0.2, 0.1, 0.0, 1, 13026.6518, 9205.0515, 0, 2496
SPPRC, 0.0, 0.2, 0.1, 0.0, 1, 12989.4175, 6739.4952, 0, 2241
SPPRC, 0.0, 0.2, 0.1, 0.0, 1, 12944.6773, 7882.296, 0, 1880
SPPRC, 0.0, 0.2, 0.1, 0.0, 1, 12905.551, 9743.2635, 0, 1821
SPPRC, 0.0, 0.2, 0.1, 0.0, 1, 12865.3421, 9974.7849, 0, 1849
SPPRC, 0.0, 0.2, 0.1, 0.0, 1, 12782.3202, 10335.7236, 0, 1304
SPPRC, 0.0, 0.2, 0.1, 0.0, 1, 12702.2573, 7747.1308, 0, 1538
SPPRC, 0.0, 0.2, 0.1, 0.0, 1, 12698.7613, 9659.2057, 0, 1143
SPPRC, 0.0, 0.2, 0.1, 0.0, 1, 12674.4363, 10596.1672, 0, 1046
SPPRC, 0.0, 0.2, 0.1, 0.0, 1, 12621.9404, 2641.4667, 0, 1716
SPPRC, 0.0, 0.2, 0.1, 0.0, 1, 12610.7035, 9594.8157, 0, 1362
SPPRC, 0.0, 0.2, 0.1, 0.0, 1, 12598.0744, 11087.9338, 0, 1068
SPPRC, 0.0, 0.2, 0.1, 0.0, 1, 12507.4939, 10758.6028, 0, 909
SPPRC, 0.0, 0.2, 0.1, 0.0, 1, 12463.766, 10719.6059, 0, 834
SPPRC, 0.0, 0.2, 0.1, 0.0, 1, 12446.813, 10933.7665, 0, 700
SPPRC, 0.0, 0.2, 0.1, 0.0, 1, 12435.1256, 11227.0483, 0, 558
SPPRC, 0.0, 0.2, 0.1, 0.0, 1, 12353.4923, 11267.4383, 0, 499
SPPRC, 0.0, 0.2, 0.1, 0.0, 1, 12311.735, 11530.2478, 0, 358
SPPRC, 0.0, 0.2, 0.1, 0.0, 1, 12272.0825, 11388.9431, 0, 343
SPPRC, 0.0, 0.2, 0.1, 0.0, 1, 12242.4173, 11273.6705, 0, 313
SPPRC, 0.0, 0.2, 0.1, 0.0, 1, 12228.9053, 11745.1719, 0, 209
SPPRC, 0.1, 0.2, 0.1, 0.0, 1, 12204.7813, 11634.524, 0, 199
SPPRC, 0.0, 0.2, 0.1, 0.0, 1, 12192.8124, 11828.2441, 0, 110
SPPRC, 0.0, 0.2, 0.1, 0.0, 1, 12178.0884, 11902.943, 0, 95
SPPRC, 0.0, 0.2, 0.1, 0.0, 1, 12167.3049, 12010.9621, 0, 58
SPPRC, 0.0, 0.2, 0.1, 0.0, 1, 12164.861, 12066.2204, 0, 32
SPPRC, 0.0, 0.2, 0.1, 0.0, 1, 12161.9596, 11966.575, 0, 35
SPPRC, 0.0, 0.2, 0.1, 0.0, 1, 12160.8766, 12078.1477, 0, 16
SPPRC, -0.0, 0.2, 0.1, 0.0, 1, 12158.9752, 12104.8945, 0, 6
SPPRC, -0.0, 0.2, 0.1, 0.0, 1, 12158.7084, 12133.2539, 0, 8
SPPRC, -0.0, 0.2, 0.1, 0.0, 1, 12158.6616, 12157.8449, 0, 2
SPPRC, -0.0, 0.2, 0.1, 0.0, 1, 12158.6616, 12158.1495, 0, 4
SPPRC, -0.0, 0.2, 0.1, 0.0, 1, 12158.6611, 12158.6611, 0, 0
scip_total_time, 862.847625
Solval, number of paths, impact cutoff
12158.661095202498, 118, 0.0001
Elementary, 2-Cycle, Path Value, Path
False, False, 0.1429, (0, 16, 32, 16, 32, 16, 32, 16, 32, 16, 32, 16, 32, 16, 32, 0)
False, False, 0.0104, (0, 95, 52, 126, 52, 126, 52, 126, 52, 126, 52, 126, 52, 126, 52, 95, 0)
False, False, 0.1429, (0, 98, 3, 98, 3, 98, 3, 98, 3, 98, 3, 98, 3, 98, 0)
False, False, 0.0821, (0, 7, 30, 7, 30, 7, 30, 7, 30, 7, 30, 7, 30, 7, 30, 7, 30, 7, 30, 7, 30, 7, 0)
False, False, 0.0632, (0, 124, 88, 124, 88, 124, 88, 124, 88, 124, 88, 124, 0)
False, False, 0.125, (0, 29, 57, 8, 15, 8, 15, 8, 15, 8, 15, 8, 57, 84, 0)
False, False, 0.1337, (0, 76, 111, 105, 82, 106, 77, 43, 46, 43, 77, 82, 105, 111, 76, 0)
False, False, 0.1946, (0, 73, 120, 78, 92, 41, 80, 41, 80, 41, 92, 78, 120, 73, 20, 0)
False, False, 0.1722, (0, 109, 10, 13, 31, 97, 31, 97, 31, 97, 31, 13, 10, 109, 0)
False, False, 0.0352, (0, 29, 44, 72, 12, 90, 12, 90, 12, 90, 12, 90, 12, 72, 44, 57, 0)
False, False, 0.0241, (0, 73, 120, 78, 92, 107, 132, 107, 132, 107, 132, 107, 132, 107, 132, 107, 132, 107, 133, 75, 0)
False, False, 0.1667, (0, 91, 89, 104, 63, 28, 103, 28, 103, 28, 63, 28, 63, 104, 89, 91, 0)
False, False, 0.0827, (0, 118, 85, 24, 85, 24, 85, 24, 85, 24, 85, 24, 85, 24, 85, 24, 85, 24, 85, 118, 0)
False, False, 0.2, (0, 56, 76, 122, 138, 122, 138, 122, 138, 122, 138, 122, 76, 56, 0)
False, False, 0.1145, (0, 124, 62, 4, 23, 4, 23, 4, 23, 4, 62, 124, 0)
False, False, 0.0446, (0, 111, 105, 82, 106, 77, 106, 77, 106, 77, 106, 82, 105, 111, 0)
False, False, 0.0572, (0, 84, 39, 60, 42, 59, 42, 59, 42, 59, 42, 60, 39, 84, 0)
False, False, 0.0175, (0, 84, 51, 39, 51, 39, 51, 39, 51, 39, 51, 84, 7, 0)
False, False, 0.0943, (0, 84, 51, 39, 60, 42, 60, 42, 60, 42, 59, 42, 67, 100, 0)
False, False, 0.2209, (0, 88, 70, 62, 4, 23, 26, 9, 26, 9, 23, 4, 62, 70, 88, 0)
False, False, 0.0824, (0, 56, 54, 121, 20, 45, 110, 45, 110, 45, 110, 45, 20, 79, 0)
False, False, 0.025, (0, 88, 70, 62, 4, 23, 4, 23, 4, 23, 4, 62, 88, 0)
False, False, 0.1434, (0, 9, 26, 108, 69, 94, 69, 94, 69, 94, 69, 94, 108, 26, 9, 124, 0)
False, False, 0.1931, (0, 109, 10, 74, 50, 123, 27, 123, 27, 123, 50, 74, 10, 109, 0)
False, False, 0.0979, (0, 118, 24, 36, 25, 36, 25, 125, 25, 125, 25, 36, 25, 36, 0)
False, False, 0.0938, (0, 100, 67, 42, 59, 60, 59, 60, 59, 60, 59, 60, 59, 42, 67, 100, 0)
False, False, 0.0801, (0, 20, 73, 120, 78, 92, 78, 92, 78, 92, 78, 92, 78, 120, 73, 54, 0)
False, False, 0.0698, (0, 124, 23, 38, 131, 38, 131, 38, 131, 38, 131, 38, 23, 0)
False, False, 0.2102, (0, 102, 134, 40, 37, 17, 11, 101, 11, 17, 37, 40, 134, 102, 71, 0)
False, False, 0.134, (0, 63, 28, 103, 21, 55, 18, 1, 18, 1, 18, 1, 18, 55, 0)
False, False, 0.0214, (0, 57, 65, 48, 61, 19, 66, 19, 66, 19, 61, 48, 65, 44, 0)
False, False, 0.1075, (0, 84, 51, 39, 51, 39, 51, 39, 51, 39, 51, 84, 30, 0)
False, False, 0.1687, (0, 117, 12, 90, 113, 96, 5, 6, 5, 6, 5, 96, 113, 90, 12, 117, 29, 0)
False, False, 0.0042, (0, 28, 103, 21, 55, 46, 55, 46, 55, 46, 55, 46, 105, 111, 0)
False, False, 0.1137, (0, 70, 74, 50, 123, 27, 115, 34, 115, 34, 115, 27, 123, 50, 74, 70, 0)
False, False, 0.3333, (0, 87, 99, 2, 49, 129, 53, 129, 53, 129, 53, 49, 2, 99, 87, 0)
False, False, 0.1269, (0, 3, 91, 89, 81, 71, 81, 71, 81, 71, 81, 89, 91, 56, 0)
False, False, 0.0768, (0, 28, 103, 21, 1, 18, 1, 18, 1, 18, 1, 21, 138, 0)
False, False, 0.0571, (0, 28, 103, 21, 1, 18, 1, 18, 1, 18, 1, 21, 103, 0)
False, False, 0.0836, (0, 29, 44, 72, 12, 90, 113, 96, 5, 6, 5, 6, 96, 113, 90, 12, 72, 44, 0)
False, False, 0.0298, (0, 28, 103, 21, 55, 46, 43, 46, 43, 46, 43, 46, 55, 21, 138, 0)
False, False, 0.1141, (0, 87, 99, 2, 49, 113, 96, 6, 5, 6, 5, 96, 113, 49, 2, 99, 87, 0)
False, False, 0.0271, (0, 20, 73, 120, 35, 80, 41, 80, 41, 80, 41, 80, 35, 120, 73, 0)
False, False, 0.0625, (0, 95, 126, 95, 126, 95, 52, 95, 52, 95, 52, 95, 52, 95, 0)
False, False, 0.0637, (0, 73, 120, 78, 92, 80, 41, 80, 41, 80, 92, 78, 120, 73, 54, 0)
False, False, 0.0012, (0, 75, 133, 64, 133, 64, 127, 130, 93, 130, 93, 130, 127, 64, 133, 75, 0)
False, False, 0.1487, (0, 75, 133, 64, 133, 64, 127, 93, 130, 93, 130, 93, 127, 64, 133, 75, 0)
False, False, 0.012, (0, 20, 110, 58, 35, 58, 35, 58, 35, 58, 35, 120, 73, 20, 79, 0)
False, False, 0.0208, (0, 20, 73, 120, 35, 58, 35, 58, 35, 58, 35, 58, 35, 120, 73, 20, 0)
False, False, 0.0782, (0, 88, 70, 10, 13, 97, 31, 97, 31, 97, 13, 97, 13, 109, 0)
False, False, 0.0569, (0, 88, 70, 10, 13, 97, 13, 97, 13, 97, 13, 10, 70, 88, 0)
False, False, 0.0426, (0, 9, 26, 108, 94, 108, 94, 108, 94, 108, 69, 108, 94, 69, 108, 26, 9, 0)
False, False, 0.0737, (0, 36, 125, 36, 125, 36, 125, 25, 125, 25, 125, 36, 24, 118, 0)
False, False, 0.0446, (0, 111, 105, 82, 106, 82, 106, 77, 106, 77, 106, 82, 105, 111, 0)
False, False, 0.0698, (0, 124, 62, 131, 38, 131, 38, 131, 38, 131, 38, 131, 62, 0)
False, False, 0.0543, (0, 124, 62, 131, 38, 131, 38, 131, 38, 131, 38, 62, 124, 0)
False, False, 0.0387, (0, 109, 10, 13, 31, 13, 31, 13, 31, 13, 31, 13, 10, 109, 0)
False, False, 0.1667, (0, 22, 112, 22, 112, 22, 112, 22, 112, 22, 112, 22, 112, 137, 118, 0)
False, False, 0.1118, (0, 91, 86, 136, 83, 68, 116, 128, 101, 128, 116, 68, 83, 136, 86, 104, 0)
False, False, 0.1323, (0, 73, 120, 35, 58, 35, 58, 35, 58, 35, 58, 35, 58, 35, 110, 45, 0)
False, False, 0.1234, (0, 54, 75, 133, 64, 127, 130, 127, 130, 93, 130, 127, 64, 133, 75, 54, 0)
False, False, 0.0155, (0, 9, 108, 38, 131, 38, 131, 38, 131, 38, 131, 38, 131, 62, 0)
False, False, 0.1335, (0, 63, 103, 21, 55, 46, 43, 46, 55, 21, 55, 21, 103, 63, 0)
False, False, 0.0297, (0, 91, 81, 102, 14, 135, 14, 135, 14, 135, 14, 135, 14, 102, 71, 0)
False, False, 0.2081, (0, 111, 105, 82, 106, 77, 43, 46, 43, 77, 106, 82, 105, 111, 76, 0)
False, False, 0.0352, (0, 29, 117, 12, 90, 113, 96, 6, 96, 6, 96, 6, 96, 113, 49, 2, 99, 87, 0)
False, False, 0.1187, (0, 89, 104, 86, 33, 135, 33, 135, 33, 135, 33, 86, 104, 89, 0)
False, False, 0.1354, (0, 95, 126, 95, 126, 52, 126, 52, 126, 52, 126, 52, 126, 95, 52, 95, 0)
False, False, 0.1953, (0, 56, 54, 121, 79, 121, 79, 121, 79, 121, 79, 54, 56, 0)
False, False, 0.0853, (0, 9, 26, 108, 94, 108, 69, 108, 69, 108, 94, 69, 94, 69, 108, 26, 9, 0)
False, False, 0.0155, (0, 62, 131, 38, 131, 38, 131, 38, 131, 38, 131, 38, 108, 26, 0)
False, False, 0.0214, (0, 57, 44, 65, 48, 61, 66, 19, 66, 61, 48, 65, 44, 57, 0)
False, False, 0.1137, (0, 74, 50, 123, 27, 34, 115, 34, 115, 34, 115, 34, 27, 50, 74, 70, 0)
False, False, 0.047, (0, 75, 133, 64, 127, 93, 132, 107, 132, 107, 132, 107, 132, 107, 132, 92, 78, 120, 73, 0)
False, False, 0.0933, (0, 138, 21, 55, 46, 55, 46, 43, 77, 106, 82, 105, 111, 76, 0)
False, False, 0.2001, (0, 71, 102, 14, 134, 40, 37, 17, 11, 17, 37, 40, 134, 14, 81, 0)
True, True, 0.1793, (0, 71, 102, 14, 134, 40, 37, 17, 11, 101, 128, 116, 83, 136, 86, 0)
False, False, 0.0352, (0, 29, 117, 12, 90, 113, 90, 113, 90, 12, 90, 12, 49, 2, 99, 87, 0)
False, False, 0.0097, (0, 63, 136, 83, 116, 128, 101, 11, 101, 128, 116, 68, 83, 136, 104, 0)
False, False, 0.1667, (0, 118, 85, 24, 114, 137, 114, 137, 114, 137, 114, 137, 114, 137, 114, 118, 0)
False, False, 0.0416, (0, 136, 128, 47, 119, 47, 119, 47, 119, 47, 119, 47, 119, 68, 83, 136, 0)
False, False, 0.008, (0, 3, 7, 30, 7, 30, 7, 30, 7, 30, 7, 30, 7, 30, 7, 30, 7, 30, 7, 30, 7, 3, 0)
False, False, 0.125, (0, 84, 51, 39, 15, 8, 15, 8, 15, 8, 15, 51, 84, 0)
False, False, 0.1037, (0, 20, 110, 58, 80, 41, 80, 41, 80, 58, 110, 20, 0)
False, False, 0.0352, (0, 29, 72, 12, 90, 113, 96, 6, 5, 6, 5, 6, 96, 113, 90, 12, 72, 44, 0)
False, False, 0.012, (0, 75, 64, 127, 93, 132, 107, 132, 107, 132, 107, 132, 107, 132, 107, 92, 78, 120, 73, 0)
False, False, 0.0689, (0, 75, 64, 127, 130, 93, 130, 93, 130, 93, 130, 93, 127, 64, 75, 0)
False, False, 0.031, (0, 63, 28, 103, 21, 1, 18, 1, 18, 55, 46, 105, 111, 76, 0)
False, False, 0.0229, (0, 75, 133, 107, 132, 107, 132, 107, 132, 107, 132, 107, 132, 107, 132, 107, 132, 107, 133, 75, 0)
False, False, 0.0148, (0, 118, 85, 36, 125, 36, 125, 25, 125, 25, 125, 36, 25, 36, 0)
False, False, 0.0681, (0, 54, 121, 20, 45, 110, 45, 110, 45, 110, 45, 20, 121, 54, 0)
False, False, 0.081, (0, 57, 44, 72, 117, 72, 117, 72, 117, 72, 117, 72, 117, 72, 117, 72, 117, 72, 44, 57, 0)
False, False, 0.0794, (0, 74, 50, 123, 27, 115, 34, 115, 34, 115, 34, 115, 34, 27, 50, 74, 0)
False, False, 0.0801, (0, 75, 133, 64, 127, 93, 132, 107, 132, 107, 132, 107, 132, 107, 132, 107, 92, 133, 75, 0)
False, False, 0.0172, (0, 79, 20, 45, 110, 109, 45, 109, 45, 109, 45, 109, 45, 20, 79, 0)
False, False, 0.0865, (0, 89, 104, 136, 83, 68, 116, 68, 116, 68, 116, 68, 83, 136, 86, 89, 0)
False, False, 0.1356, (0, 84, 39, 60, 59, 42, 67, 100, 67, 100, 67, 100, 67, 100, 67, 100, 0)
False, False, 0.0024, (0, 91, 89, 104, 136, 83, 68, 116, 68, 116, 68, 116, 68, 83, 136, 104, 0)
False, False, 0.0741, (0, 118, 36, 125, 36, 125, 25, 125, 25, 125, 25, 36, 85, 118, 0)
False, False, 0.017, (0, 102, 14, 11, 47, 119, 47, 119, 47, 119, 47, 119, 128, 101, 136, 0)
False, False, 0.016, (0, 36, 25, 125, 25, 125, 25, 125, 25, 125, 25, 125, 25, 36, 0)
False, False, 0.0132, (0, 75, 133, 64, 127, 130, 127, 130, 127, 130, 93, 130, 127, 64, 133, 75, 0)
False, False, 0.0449, (0, 79, 20, 45, 110, 109, 110, 45, 110, 45, 110, 45, 20, 79, 0)
False, False, 0.0573, (0, 86, 101, 128, 119, 47, 119, 47, 119, 47, 119, 47, 128, 101, 86, 0)
False, False, 0.0307, (0, 84, 51, 39, 60, 59, 60, 59, 60, 59, 42, 59, 42, 67, 100, 0)
False, False, 0.1238, (0, 86, 101, 128, 119, 47, 119, 47, 119, 47, 119, 47, 11, 14, 102, 0)
False, False, 0.4571, (0, 57, 65, 48, 61, 66, 19, 66, 19, 61, 48, 65, 44, 29, 0)
False, False, 0.0244, (0, 63, 136, 83, 68, 116, 128, 101, 128, 101, 128, 116, 68, 83, 136, 63, 0)
False, False, 0.0024, (0, 100, 67, 100, 67, 100, 67, 42, 59, 42, 59, 42, 59, 42, 67, 100, 0)
False, False, 0.0648, (0, 104, 136, 83, 68, 83, 68, 116, 128, 101, 128, 116, 68, 83, 136, 104, 0)
False, False, 0.0124, (0, 29, 117, 12, 90, 113, 96, 6, 5, 6, 96, 113, 90, 12, 117, 72, 44, 29, 0)
False, False, 0.1313, (0, 91, 81, 33, 135, 33, 135, 33, 135, 14, 135, 33, 81, 91, 0)
False, False, 0.0435, (0, 104, 136, 83, 68, 116, 128, 101, 11, 101, 116, 68, 83, 136, 104, 0)
False, False, 0.0157, (0, 57, 44, 72, 12, 90, 113, 96, 6, 5, 6, 96, 113, 90, 12, 72, 44, 57, 0)
False, False, 0.0112, (0, 86, 136, 83, 68, 116, 128, 101, 128, 116, 68, 116, 68, 83, 136, 86, 0)
False, False, 0.0174, (0, 87, 99, 2, 49, 90, 12, 90, 12, 90, 12, 49, 2, 99, 87, 0)
False, False, 0.0062, (0, 86, 136, 116, 128, 101, 11, 101, 128, 116, 68, 83, 136, 86, 91, 0)
False, False, 0.0094, (0, 63, 103, 21, 55, 46, 55, 46, 55, 46, 55, 46, 105, 111, 0)
all_elementary, False
all_cyc2, False
