Instance, X-n129-k18
capacity, 39
min_trucks, 18
output_file, output_uchoa_repeat_small/X-n129-k18-ng20.log
Start date, 2022-07-06
Start time, 12-29-33
capacity, 39
num_vehicles, 18
abort_early, False
methods, ['ng20']
max_vars, 100
time_limit, 86400
farley, False
ESPPRC_heur, True
initial time, initial max_it, max_stale_it
1, 20000.0, 20
heuristic Number of routes, heuristic Best Solution Value, heuristic number of iterations, adjusted time, adjusted max_it, measured total time
17492, 28940.0, 14676, 1, 20000.0, 14744.7
method, python time, total time, propagated dominance time, unpropagated dominance time, pricing_success, upper_bound, lower_bound, abort_early, num_paths, 
ESPPRC_heur, 0.0, 0.1, 0.0, 0.0, 0, 28588.302, 9285.7134, True, 1720
ESPPRC_heur, 0.0, 0.1, 0.0, 0.0, 0, 28588.302, 11025.0676, True, 1763
ESPPRC_heur, 0.0, 0.1, 0.0, 0.0, 0, 28588.302, 23648.1408, True, 463
ESPPRC_heur, 0.0, 0.1, 0.0, 0.0, 0, 28585.8712, 23776.8167, True, 357
ESPPRC_heur, -0.0, 0.1, 0.0, 0.0, 0, 28545.7481, 27573.0779, True, 54
ESPPRC_heur, -0.0, 0.1, 0.0, 0.0, 0, 28528.9655, 27929.8564, True, 21
ESPPRC_heur, -0.0, 0.1, 0.0, 0.0, 0, 28520.4674, 28323.2302, True, 13
ESPPRC_heur, -0.0, 0.1, 0.0, 0.0, 0, 28516.4024, 28381.7477, True, 4
ng20, 0.0, 1681.2, 1340.4, 334.9, 1, 28515.6364, 27463.7241, 0, 64
ESPPRC_heur, -0.0, 0.1, 0.0, 0.0, 0, 28502.8225, 28252.2371, True, 10
ESPPRC_heur, -0.0, 0.1, 0.0, 0.0, 0, 28502.6007, 28394.6007, True, 2
ESPPRC_heur, -0.0, 0.1, 0.0, 0.0, 0, 28501.901, 28388.9962, True, 6
ng20, 0.1, 1967.2, 1567.1, 392.8, 1, 28501.8486, 28387.1046, 0, 8
ng20, 0.1, 2055.3, 1633.8, 414.7, 1, 28501.7336, 28501.7336, 0, 0
scip_total_time, 20452.817924
Solval, number of paths, impact cutoff
28501.733647956, 101, 0.0001
Elementary, 2-Cycle, Path Value, Path
True, True, 0.5516, (0, 125, 31, 69, 120, 51, 109, 83, 0)
True, True, 0.2308, (0, 100, 49, 92, 116, 95, 96, 73, 114, 32, 0)
True, True, 0.4386, (0, 123, 5, 106, 122, 115, 117, 70, 0)
True, True, 0.2814, (0, 126, 11, 85, 61, 41, 55, 40, 58, 101, 17, 110, 0)
True, True, 0.1795, (0, 64, 18, 59, 23, 1, 44, 90, 0)
True, True, 0.0153, (0, 119, 80, 87, 121, 94, 4, 98, 68, 5, 123, 0)
True, True, 0.5461, (0, 38, 118, 28, 127, 47, 0)
True, True, 0.3349, (0, 19, 45, 48, 2, 34, 21, 33, 46, 0)
True, True, 0.2194, (0, 32, 114, 73, 49, 92, 116, 95, 96, 12, 16, 0)
True, True, 0.4208, (0, 90, 44, 1, 59, 18, 64, 66, 0)
True, True, 0.2762, (0, 78, 50, 52, 27, 113, 88, 86, 0)
True, True, 0.0488, (0, 65, 105, 11, 76, 79, 10, 104, 71, 126, 0)
True, True, 0.3629, (0, 80, 68, 98, 4, 111, 94, 121, 63, 0)
True, True, 0.3641, (0, 65, 105, 104, 10, 79, 76, 11, 17, 110, 0)
True, True, 0.106, (0, 80, 68, 98, 4, 111, 94, 87, 20, 0)
True, True, 0.3349, (0, 19, 6, 48, 2, 34, 21, 33, 46, 22, 54, 0)
True, True, 0.5, (0, 62, 56, 13, 57, 35, 77, 25, 84, 0)
True, True, 0.1733, (0, 54, 46, 33, 21, 34, 2, 48, 29, 0)
True, True, 0.3328, (0, 60, 57, 13, 56, 62, 30, 0)
True, True, 0.5967, (0, 102, 112, 72, 108, 71, 126, 26, 0)
True, True, 0.0585, (0, 126, 65, 105, 85, 61, 41, 55, 40, 58, 101, 0)
True, True, 0.0153, (0, 119, 80, 87, 121, 94, 4, 98, 68, 106, 123, 0)
True, True, 0.2944, (0, 53, 5, 106, 68, 98, 4, 80, 119, 0)
True, True, 0.2517, (0, 53, 123, 5, 106, 122, 115, 117, 74, 0)
True, True, 0.1653, (0, 117, 14, 28, 118, 38, 24, 0)
True, True, 0.2421, (0, 63, 9, 54, 7, 124, 82, 0)
True, True, 0.1398, (0, 65, 105, 76, 79, 10, 104, 92, 116, 95, 49, 0)
True, True, 0.1568, (0, 46, 33, 21, 34, 2, 48, 29, 6, 0)
True, True, 0.3725, (0, 88, 113, 27, 52, 20, 50, 78, 0)
True, True, 0.051, (0, 14, 99, 16, 32, 12, 37, 8, 97, 0)
True, True, 0.1441, (0, 80, 68, 81, 36, 107, 128, 0)
True, True, 0.1748, (0, 47, 127, 70, 53, 119, 50, 78, 0)
True, True, 0.2366, (0, 128, 107, 36, 81, 111, 94, 121, 87, 0)
True, True, 0.0368, (0, 112, 72, 100, 108, 26, 128, 0)
True, True, 0.3514, (0, 9, 6, 29, 45, 22, 7, 0)
True, True, 0.3008, (0, 101, 58, 40, 55, 41, 61, 85, 11, 65, 0)
True, True, 0.0015, (0, 67, 39, 25, 77, 60, 0)
True, True, 0.0756, (0, 63, 19, 6, 22, 45, 29, 111, 121, 0)
True, True, 0.0015, (0, 60, 35, 57, 13, 56, 62, 84, 93, 0)
True, True, 0.062, (0, 80, 81, 36, 107, 128, 115, 0)
True, True, 0.3514, (0, 67, 39, 43, 30, 124, 86, 0)
True, True, 0.0048, (0, 126, 71, 104, 10, 79, 76, 85, 61, 101, 17, 110, 0)
True, True, 0.2418, (0, 90, 44, 1, 59, 18, 103, 0)
True, True, 0.1656, (0, 23, 60, 35, 57, 13, 56, 62, 43, 0)
True, True, 0.1025, (0, 50, 20, 119, 53, 123, 70, 127, 47, 0)
True, True, 0.1684, (0, 82, 124, 7, 54, 19, 9, 20, 0)
True, True, 0.3399, (0, 105, 79, 76, 85, 61, 41, 55, 40, 58, 101, 17, 110, 0)
True, True, 0.3313, (0, 23, 60, 35, 77, 25, 84, 39, 0)
True, True, 0.1572, (0, 14, 99, 31, 97, 69, 120, 109, 83, 0)
True, True, 0.102, (0, 14, 99, 42, 16, 12, 37, 8, 51, 83, 0)
True, True, 0.0972, (0, 122, 128, 107, 36, 81, 4, 119, 0)
True, True, 0.1636, (0, 8, 37, 96, 73, 32, 0)
True, True, 0.1161, (0, 100, 49, 73, 12, 37, 8, 0)
True, True, 0.1765, (0, 24, 47, 127, 70, 123, 53, 119, 20, 78, 0)
True, True, 0.1723, (0, 86, 52, 27, 82, 113, 88, 93, 0)
True, True, 0.0163, (0, 16, 12, 96, 95, 116, 92, 49, 73, 100, 0)
True, True, 0.074, (0, 82, 124, 9, 63, 20, 50, 0)
True, True, 0.2912, (0, 97, 69, 8, 37, 12, 114, 32, 16, 42, 99, 0)
True, True, 0.1579, (0, 18, 59, 39, 43, 30, 67, 0)
True, True, 0.0368, (0, 81, 36, 107, 122, 117, 74, 0)
True, True, 0.0315, (0, 87, 94, 4, 81, 36, 107, 128, 122, 0)
True, True, 0.0154, (0, 74, 115, 128, 107, 36, 81, 4, 0)
True, True, 0.0048, (0, 126, 104, 79, 76, 85, 61, 41, 55, 40, 58, 101, 110, 0)
True, True, 0.1441, (0, 122, 128, 107, 36, 81, 98, 87, 0)
True, True, 0.044, (0, 114, 73, 95, 116, 92, 104, 10, 79, 76, 65, 0)
True, True, 0.081, (0, 24, 125, 31, 97, 99, 117, 70, 0)
True, True, 0.0552, (0, 99, 42, 16, 37, 8, 51, 109, 83, 0)
True, True, 0.1658, (0, 16, 114, 73, 96, 37, 8, 0)
True, True, 0.1641, (0, 63, 9, 124, 67, 82, 93, 0)
True, True, 0.1656, (0, 64, 23, 60, 77, 25, 84, 43, 67, 0)
True, True, 0.2323, (0, 87, 121, 94, 81, 36, 107, 128, 115, 0)
True, True, 0.0048, (0, 19, 29, 58, 40, 55, 41, 101, 17, 110, 0)
True, True, 0.0211, (0, 15, 66, 64, 89, 103, 75, 93, 91, 0)
True, True, 0.0048, (0, 126, 105, 11, 85, 61, 41, 55, 40, 58, 101, 17, 0)
True, True, 0.1837, (0, 109, 51, 120, 31, 97, 42, 99, 14, 0)
True, True, 0.1579, (0, 75, 89, 44, 90, 15, 0)
True, True, 0.2629, (0, 3, 91, 75, 89, 15, 0)
True, True, 0.146, (0, 71, 104, 10, 92, 116, 95, 96, 12, 42, 0)
True, True, 0.0015, (0, 93, 67, 43, 84, 25, 77, 35, 60, 0)
True, True, 0.1568, (0, 7, 22, 45, 29, 111, 87, 0)
True, True, 0.044, (0, 65, 105, 104, 10, 116, 49, 100, 0)
True, True, 0.179, (0, 3, 91, 93, 103, 89, 64, 66, 15, 0)
True, True, 0.0812, (0, 63, 19, 6, 29, 45, 22, 54, 7, 93, 0)
True, True, 0.3241, (0, 15, 66, 103, 75, 93, 91, 3, 0)
True, True, 0.179, (0, 91, 75, 103, 89, 88, 3, 0)
True, True, 0.0523, (0, 125, 83, 109, 51, 120, 97, 42, 99, 14, 0)
True, True, 0.0211, (0, 15, 66, 89, 103, 75, 93, 86, 3, 0)
True, True, 0.179, (0, 86, 52, 27, 113, 82, 89, 0)
False, True, 0.2886, (0, 24, 38, 118, 28, 125, 14, 24, 0)
True, True, 0.0048, (0, 114, 95, 116, 10, 79, 76, 85, 61, 41, 55, 40, 58, 0)
True, True, 0.1579, (0, 1, 23, 39, 43, 30, 67, 0)
False, True, 0.3296, (0, 74, 102, 112, 72, 100, 108, 26, 74, 0)
True, True, 0.0488, (0, 71, 104, 76, 79, 10, 92, 49, 100, 0)
False, True, 0.0368, (0, 74, 102, 112, 72, 100, 108, 26, 102, 0)
False, True, 0.062, (0, 119, 87, 121, 111, 4, 98, 68, 119, 0)
True, True, 0.0339, (0, 15, 66, 64, 103, 75, 93, 91, 3, 0)
True, True, 0.0265, (0, 70, 117, 99, 42, 97, 31, 83, 125, 0)
True, True, 0.014, (0, 71, 104, 10, 92, 116, 95, 96, 12, 97, 0)
True, True, 0.1407, (0, 71, 104, 10, 92, 116, 95, 49, 100, 0)
True, True, 0.0552, (0, 97, 42, 16, 37, 8, 120, 51, 83, 0)
False, True, 0.044, (0, 97, 42, 16, 12, 96, 95, 49, 73, 114, 32, 42, 97, 0)
all_elementary, False
all_cyc2, True
