Instance, X-n125-k30
capacity, 188
min_trucks, 30
output_file, output_uchoa_repeat_small/X-n125-k30-ng8.log
Start date, 2022-07-06
Start time, 11-44-48
capacity, 188
num_vehicles, 30
abort_early, False
methods, ['ng8']
max_vars, 100
time_limit, 86400
farley, False
ESPPRC_heur, True
initial time, initial max_it, max_stale_it
1, 20000.0, 20
heuristic Number of routes, heuristic Best Solution Value, heuristic number of iterations, adjusted time, adjusted max_it, measured total time
25851, 55551.0, 20000, 1, 20000.0, 20105.4
method, python time, total time, propagated dominance time, unpropagated dominance time, pricing_success, upper_bound, lower_bound, abort_early, num_paths, 
ESPPRC_heur, -0.0, 0.4, 0.2, 0.1, 0, 55320.2706, 31716.8761, True, 3033
ESPPRC_heur, 0.0, 0.3, 0.2, 0.1, 0, 55320.2706, 39042.3807, True, 1317
ESPPRC_heur, 0.0, 0.3, 0.1, 0.1, 0, 55320.2706, 52242.5183, True, 122
ESPPRC_heur, 0.0, 0.3, 0.2, 0.1, 0, 55319.6868, 54149.6868, True, 58
ESPPRC_heur, 0.0, 0.3, 0.2, 0.1, 0, 55318.9239, 54792.407, True, 20
ESPPRC_heur, 0.0, 0.3, 0.2, 0.1, 0, 55318.9239, 55155.1037, True, 3
ng8, -0.0, 16.9, 10.8, 5.5, 1, 55318.9239, 53792.4739, 0, 72
ng8, 0.0, 17.6, 11.2, 5.9, 1, 55298.0869, 55085.3836, 0, 9
ng8, -0.0, 16.0, 10.5, 5.0, 1, 55297.3698, 55297.3698, 0, 0
scip_total_time, 20162.131403
Solval, number of paths, impact cutoff
55297.36983867868, 107, 0.0001
Elementary, 2-Cycle, Path Value, Path
True, True, 0.2379, (0, 26, 0)
True, True, 0.7621, (0, 26, 93, 0)
True, True, 0.4, (0, 77, 7, 41, 107, 4, 0)
True, True, 0.8402, (0, 69, 98, 72, 0)
True, True, 0.0986, (0, 21, 91, 54, 121, 0)
True, True, 0.4275, (0, 5, 33, 113, 0)
True, True, 1.0, (0, 12, 37, 0)
True, True, 1.0, (0, 35, 103, 0)
True, True, 1.0, (0, 86, 111, 0)
True, True, 0.381, (0, 61, 83, 122, 0)
True, True, 0.7621, (0, 96, 38, 0)
True, True, 0.619, (0, 60, 90, 102, 0)
True, True, 0.381, (0, 3, 31, 0)
True, True, 0.3079, (0, 106, 43, 16, 81, 42, 123, 0)
True, True, 0.5, (0, 82, 56, 0)
True, True, 0.548, (0, 51, 105, 89, 88, 115, 0)
True, True, 0.3154, (0, 20, 29, 104, 71, 119, 0)
True, True, 0.1373, (0, 5, 53, 98, 0)
True, True, 0.7679, (0, 100, 39, 57, 0)
True, True, 0.2824, (0, 99, 18, 0)
True, True, 0.3366, (0, 64, 67, 10, 91, 0)
True, True, 0.1304, (0, 3, 44, 123, 97, 13, 14, 0)
True, True, 0.452, (0, 70, 115, 88, 89, 105, 51, 0)
True, True, 0.0986, (0, 99, 112, 0)
True, True, 1.0, (0, 120, 75, 0)
True, True, 0.381, (0, 60, 31, 0)
True, True, 0.0128, (0, 17, 78, 28, 59, 6, 34, 2, 124, 0)
True, True, 0.1083, (0, 72, 8, 113, 0)
True, True, 0.5725, (0, 32, 33, 53, 0)
True, True, 0.4352, (0, 48, 5, 8, 0)
True, True, 0.4048, (0, 17, 78, 59, 70, 6, 34, 2, 124, 50, 0)
True, True, 0.7176, (0, 18, 112, 0)
True, True, 0.619, (0, 110, 122, 61, 0)
True, True, 0.5, (0, 56, 23, 24, 0)
True, True, 0.1598, (0, 65, 104, 71, 69, 0)
True, True, 0.2321, (0, 113, 39, 57, 0)
True, True, 0.4275, (0, 101, 32, 8, 0)
True, True, 0.0459, (0, 84, 64, 71, 45, 0)
True, True, 0.381, (0, 110, 83, 76, 0)
True, True, 0.1771, (0, 17, 15, 28, 124, 116, 0)
True, True, 0.2077, (0, 117, 36, 63, 46, 1, 27, 30, 108, 0)
True, True, 0.4885, (0, 3, 44, 97, 74, 13, 14, 0)
True, True, 0.6634, (0, 95, 20, 10, 21, 0)
True, True, 0.381, (0, 14, 123, 44, 52, 102, 0)
True, True, 0.5, (0, 24, 23, 49, 82, 0)
True, True, 0.381, (0, 90, 16, 99, 73, 0)
True, True, 0.3538, (0, 74, 92, 11, 114, 87, 81, 42, 0)
True, True, 0.0225, (0, 98, 71, 104, 65, 0)
True, True, 0.285, (0, 13, 9, 19, 11, 114, 87, 92, 0)
True, True, 0.1075, (0, 123, 92, 87, 114, 11, 19, 9, 78, 0)
True, True, 0.0542, (0, 97, 16, 99, 73, 0)
True, True, 0.0459, (0, 54, 29, 104, 119, 45, 0)
True, True, 0.2621, (0, 15, 124, 50, 116, 66, 0)
True, True, 0.1909, (0, 85, 27, 1, 46, 79, 36, 109, 0)
True, True, 0.0549, (0, 100, 113, 53, 0)
True, True, 0.619, (0, 76, 106, 43, 52, 0)
True, True, 0.1793, (0, 109, 63, 79, 46, 1, 117, 62, 0)
True, True, 0.2379, (0, 31, 38, 0)
True, True, 0.1838, (0, 112, 99, 16, 0)
True, True, 0.187, (0, 119, 71, 104, 65, 80, 0)
True, True, 0.5648, (0, 48, 91, 73, 0)
True, True, 0.1768, (0, 25, 118, 63, 79, 46, 1, 27, 108, 0)
True, True, 0.1772, (0, 84, 53, 113, 100, 0)
True, True, 0.0212, (0, 95, 20, 4, 80, 65, 40, 22, 47, 68, 25, 0)
True, True, 0.2033, (0, 64, 7, 41, 107, 4, 80, 58, 0)
True, True, 0.2379, (0, 84, 67, 21, 83, 0)
True, True, 0.1423, (0, 15, 78, 124, 2, 6, 34, 50, 17, 0)
True, True, 0.1924, (0, 95, 94, 47, 22, 40, 118, 25, 109, 117, 0)
True, True, 0.1485, (0, 94, 47, 68, 25, 109, 36, 55, 30, 108, 0)
True, True, 0.4447, (0, 58, 29, 119, 45, 54, 0)
True, True, 0.0846, (0, 19, 11, 114, 87, 81, 0)
True, True, 0.0595, (0, 116, 2, 34, 6, 59, 28, 15, 0)
True, True, 0.2374, (0, 66, 2, 34, 6, 59, 19, 9, 28, 0)
True, True, 0.0731, (0, 106, 43, 16, 81, 74, 97, 0)
True, True, 0.1074, (0, 94, 47, 22, 118, 25, 109, 117, 62, 0)
True, True, 0.1432, (0, 66, 34, 6, 70, 59, 19, 9, 28, 78, 0)
True, True, 0.0093, (0, 117, 36, 79, 63, 46, 1, 55, 85, 108, 0)
True, True, 0.096, (0, 13, 15, 28, 92, 81, 42, 97, 0)
True, True, 0.1056, (0, 94, 47, 22, 118, 63, 79, 36, 117, 0)
True, True, 0.2033, (0, 58, 80, 4, 107, 41, 77, 64, 0)
True, True, 0.0846, (0, 97, 92, 87, 114, 11, 9, 28, 0)
True, True, 0.2192, (0, 62, 30, 55, 36, 79, 1, 46, 63, 118, 68, 0)
True, True, 0.1126, (0, 94, 47, 22, 40, 118, 25, 109, 55, 117, 0)
True, True, 0.1423, (0, 78, 28, 9, 19, 59, 2, 116, 0)
True, True, 0.069, (0, 109, 25, 68, 118, 63, 79, 36, 55, 117, 62, 0)
True, True, 0.0731, (0, 123, 97, 42, 92, 15, 17, 116, 66, 49, 0)
True, True, 0.2379, (0, 96, 93, 0)
False, True, 0.0009, (0, 116, 50, 124, 2, 116, 0)
False, True, 0.1899, (0, 49, 66, 116, 50, 15, 17, 49, 0)
False, False, 0.029, (0, 53, 8, 53, 0)
False, True, 0.1317, (0, 94, 47, 40, 65, 80, 58, 94, 0)
False, True, 0.3915, (0, 62, 85, 30, 27, 55, 85, 108, 0)
False, True, 0.3967, (0, 121, 54, 77, 7, 101, 121, 0)
False, True, 0.0168, (0, 62, 85, 55, 1, 46, 79, 36, 117, 62, 0)
False, True, 0.0515, (0, 64, 107, 41, 67, 72, 64, 0)
False, True, 0.0471, (0, 49, 66, 116, 78, 28, 116, 66, 0)
False, True, 0.187, (0, 67, 45, 29, 67, 0)
False, True, 0.1722, (0, 25, 68, 22, 40, 65, 80, 4, 65, 40, 22, 68, 0)
False, True, 0.017, (0, 68, 47, 22, 40, 65, 80, 58, 65, 40, 118, 68, 0)
False, True, 0.0846, (0, 42, 11, 114, 87, 81, 42, 74, 0)
False, True, 0.2695, (0, 84, 104, 71, 45, 84, 0)
False, True, 0.0351, (0, 94, 68, 22, 40, 65, 47, 94, 95, 0)
False, True, 0.0331, (0, 108, 27, 79, 63, 36, 55, 30, 108, 0)
False, True, 0.007, (0, 54, 45, 119, 29, 54, 0)
False, True, 0.0643, (0, 68, 47, 22, 40, 80, 65, 40, 47, 68, 0)
False, True, 0.0879, (0, 101, 107, 41, 101, 95, 0)
False, True, 0.054, (0, 121, 64, 107, 41, 64, 121, 0)
all_elementary, False
all_cyc2, False
