Instance, X-n209-k16
capacity, 101
min_trucks, 16
output_file, output_uchoa/X-n209-k16-ng20.log
Start date, 2022-06-30
Start time, 11-07-29
capacity, 101
num_vehicles, 16
abort_early, False
methods, ['ng20']
max_vars, 100
time_limit, 86400
farley, False
ESPPRC_heur, True
initial time, initial max_it, max_stale_it
1, 20000.0, 20
heuristic Number of routes, heuristic Best Solution Value, heuristic number of iterations, adjusted time, adjusted max_it, measured total time
98440, 30680.0, 20000, 1, 20000.0, 20330.5
method, python time, total time, propagated dominance time, unpropagated dominance time, pricing_success, upper_bound, lower_bound, abort_early, num_paths, 
ESPPRC_heur, 0.1, 0.8, 0.5, 0.1, 0, 30154.0611, 26453.8509, True, 1004
ESPPRC_heur, 0.0, 0.8, 0.5, 0.1, 0, 30154.0611, 28057.1323, True, 462
ESPPRC_heur, 0.0, 0.8, 0.5, 0.1, 0, 30154.0611, 28812.4817, True, 247
ESPPRC_heur, 0.0, 0.8, 0.5, 0.1, 0, 30146.5829, 29211.7096, True, 175
ESPPRC_heur, 0.1, 0.8, 0.6, 0.1, 0, 30136.9157, 29340.1266, True, 104
ESPPRC_heur, 0.0, 0.8, 0.5, 0.1, 0, 30135.7652, 29587.6251, True, 64
ESPPRC_heur, 0.0, 0.8, 0.6, 0.1, 0, 30134.1696, 29659.8731, True, 36
ESPPRC_heur, 0.0, 0.8, 0.5, 0.1, 0, 30133.1335, 29584.7175, True, 29
ESPPRC_heur, 0.0, 0.8, 0.5, 0.1, 0, 30128.325, 29484.904, True, 35
ESPPRC_heur, 0.0, 0.8, 0.6, 0.1, 0, 30126.9809, 29816.7584, True, 15
ESPPRC_heur, 0.0, 0.8, 0.5, 0.1, 0, 30126.9264, 29933.0069, True, 11
ESPPRC_heur, -0.0, 0.8, 0.5, 0.1, 0, 30126.2664, 29956.0238, True, 9
ESPPRC_heur, 0.1, 0.8, 0.5, 0.1, 0, 30126.1186, 28361.6589, True, 186
ESPPRC_heur, 0.0, 0.8, 0.5, 0.1, 0, 30126.1186, 29913.6126, True, 8
ESPPRC_heur, 0.0, 0.8, 0.5, 0.1, 0, 30125.1121, 29906.8018, True, 9
ESPPRC_heur, -0.0, 0.8, 0.5, 0.1, 0, 30124.0649, 30093.15, True, 3
ESPPRC_heur, 0.0, 0.8, 0.5, 0.1, 0, 30124.0241, 30073.6574, True, 4
ESPPRC_heur, -0.0, 0.8, 0.5, 0.1, 0, 30123.6983, 30079.0604, True, 2
ESPPRC_heur, -0.0, 0.8, 0.5, 0.1, 0, 30123.6823, 30121.9807, True, 1
ng20, 0.4, 60301.1, 55374.6, 4855.0, 1, 30123.6823, 29253.1512, 0, 247
ESPPRC_heur, 0.1, 0.9, 0.6, 0.1, 0, 30095.8723, 29510.297, True, 58
ESPPRC_heur, 0.0, 0.9, 0.6, 0.1, 0, 30095.6424, 29888.9218, True, 12
ESPPRC_heur, 0.0, 0.9, 0.6, 0.1, 0, 30094.997, 29911.3139, True, 12
ESPPRC_heur, 0.1, 0.9, 0.6, 0.1, 0, 30094.7631, 29935.5139, True, 3
ESPPRC_heur, -0.0, 0.9, 0.6, 0.1, 0, 30094.7631, 30021.5496, True, 2
ng20, 0.3, 69696.4, 63767.0, 5839.4, 1, 30094.7631, 29742.7631, 0, 135
ESPPRC_heur, 0.0, 0.8, 0.6, 0.1, 0, 30089.1643, 29988.2874, True, 14
ESPPRC_heur, 0.0, 0.8, 0.5, 0.1, 0, 30089.038, 30056.8186, True, 2
ESPPRC_heur, 0.0, 0.8, 0.5, 0.1, 0, 30089.0233, 29946.6175, True, 2
ng20, 0.4, 72546.6, 66715.3, 5742.4, 1, 30089.0115, 29972.854, 0, 71
ESPPRC_heur, -0.0, 1.0, 0.6, 0.1, 0, 30087.9859, 30072.9604, True, 1
ng20, 0.4, 75762.2, 69403.0, 6265.7, 1, 30087.9817, 30040.331, 0, 10
ng20, 0.3, 71394.5, 65462.9, 5852.9, 1, 30087.7228, 30087.7228, 0, 0
scip_total_time, 370120.481118
Solval, number of paths, impact cutoff
30087.722773415804, 170, 0.0001
Elementary, 2-Cycle, Path Value, Path
True, True, 0.6923, (0, 159, 0)
True, True, 0.1913, (0, 112, 39, 81, 25, 35, 15, 106, 147, 142, 181, 122, 188, 207, 71, 0)
True, True, 0.0191, (0, 161, 199, 47, 72, 54, 29, 98, 84, 63, 136, 78, 105, 110, 0)
True, True, 0.0587, (0, 149, 188, 122, 181, 142, 147, 106, 15, 35, 25, 81, 39, 112, 77, 0)
True, True, 0.0062, (0, 163, 104, 145, 114, 135, 123, 73, 129, 170, 192, 67, 31, 27, 165, 91, 0)
True, True, 0.0015, (0, 75, 97, 81, 25, 35, 39, 15, 106, 147, 142, 181, 122, 112, 111, 0)
True, True, 0.1993, (0, 51, 120, 61, 182, 157, 24, 189, 109, 32, 158, 171, 85, 197, 30, 124, 0)
True, True, 0.1394, (0, 190, 34, 175, 50, 88, 128, 177, 68, 18, 132, 45, 183, 131, 16, 65, 0)
True, True, 0.2222, (0, 84, 152, 207, 188, 122, 181, 142, 147, 106, 82, 57, 14, 44, 0)
True, True, 0.0686, (0, 86, 151, 93, 4, 9, 116, 193, 92, 12, 125, 6, 196, 60, 43, 127, 0)
True, True, 0.191, (0, 58, 187, 77, 111, 112, 39, 15, 35, 25, 81, 97, 75, 40, 119, 0)
True, True, 0.4354, (0, 48, 168, 160, 52, 133, 59, 137, 79, 146, 55, 164, 76, 19, 21, 0)
True, True, 0.0457, (0, 163, 104, 145, 13, 62, 117, 139, 66, 195, 1, 83, 2, 113, 126, 0)
True, True, 0.0749, (0, 64, 153, 11, 28, 115, 36, 202, 185, 179, 154, 150, 41, 184, 140, 0)
True, True, 0.0303, (0, 162, 197, 157, 189, 24, 1, 195, 66, 139, 117, 62, 13, 145, 104, 0)
True, True, 0.2951, (0, 16, 131, 183, 45, 132, 68, 177, 128, 169, 110, 88, 50, 175, 34, 190, 0)
True, True, 0.0098, (0, 134, 153, 11, 28, 115, 36, 202, 185, 179, 154, 150, 41, 139, 2, 0)
True, True, 0.1802, (0, 190, 34, 38, 56, 173, 203, 103, 29, 54, 72, 47, 199, 161, 88, 0)
True, True, 0.0315, (0, 48, 168, 160, 52, 180, 22, 138, 121, 151, 86, 10, 118, 143, 0)
True, True, 0.1144, (0, 127, 43, 60, 196, 6, 125, 12, 92, 193, 191, 116, 9, 4, 93, 3, 0)
True, True, 0.2831, (0, 167, 124, 30, 158, 171, 85, 197, 182, 61, 120, 51, 8, 90, 0)
True, True, 0.0004, (0, 102, 31, 67, 192, 170, 7, 166, 37, 172, 96, 155, 95, 5, 14, 0)
True, True, 0.101, (0, 145, 13, 62, 117, 139, 140, 184, 41, 195, 66, 83, 2, 113, 0)
True, True, 0.0593, (0, 18, 119, 40, 178, 75, 97, 111, 77, 187, 58, 149, 20, 53, 105, 0)
True, True, 0.0135, (0, 93, 4, 9, 116, 193, 92, 46, 141, 107, 12, 125, 6, 60, 43, 0)
True, True, 0.2588, (0, 205, 100, 70, 49, 26, 33, 148, 206, 101, 130, 156, 176, 200, 0)
True, True, 0.1694, (0, 1, 41, 150, 154, 179, 185, 202, 36, 115, 28, 11, 153, 134, 89, 0)
True, True, 0.1177, (0, 169, 105, 78, 53, 136, 63, 84, 98, 29, 103, 54, 47, 161, 0)
True, True, 0.1335, (0, 98, 44, 14, 57, 82, 106, 147, 142, 181, 122, 188, 207, 71, 0)
True, True, 0.2425, (0, 113, 2, 83, 1, 195, 66, 139, 117, 62, 89, 13, 145, 104, 163, 0)
True, True, 0.0125, (0, 132, 128, 110, 199, 47, 54, 29, 103, 203, 173, 56, 38, 34, 0)
True, True, 0.0914, (0, 105, 78, 53, 136, 63, 20, 149, 71, 152, 98, 84, 72, 199, 0)
True, True, 0.08, (0, 174, 113, 2, 83, 1, 66, 195, 41, 184, 140, 117, 62, 13, 104, 0)
True, True, 0.0152, (0, 48, 168, 160, 52, 180, 22, 138, 121, 208, 186, 198, 201, 0)
True, True, 0.217, (0, 126, 113, 2, 83, 1, 195, 66, 139, 117, 62, 89, 135, 114, 102, 0)
True, True, 0.0875, (0, 31, 7, 166, 37, 172, 11, 28, 115, 202, 185, 36, 153, 134, 64, 0)
True, True, 0.0125, (0, 177, 128, 110, 199, 47, 54, 29, 103, 203, 173, 56, 38, 34, 0)
True, True, 0.0208, (0, 87, 163, 104, 145, 114, 135, 123, 73, 129, 170, 192, 67, 27, 165, 200, 0)
True, True, 0.0637, (0, 128, 110, 199, 47, 72, 54, 29, 103, 203, 173, 56, 38, 190, 0)
True, True, 0.0203, (0, 93, 4, 9, 191, 23, 46, 141, 107, 12, 125, 6, 196, 127, 0)
True, True, 0.0949, (0, 102, 114, 135, 64, 123, 73, 129, 170, 192, 67, 31, 27, 17, 165, 91, 0)
True, True, 0.2322, (0, 119, 40, 178, 58, 187, 149, 20, 63, 136, 53, 78, 105, 110, 0)
True, True, 0.0251, (0, 102, 104, 145, 13, 62, 117, 139, 66, 195, 1, 83, 2, 113, 174, 0)
True, True, 0.1021, (0, 133, 90, 8, 51, 120, 61, 182, 197, 85, 171, 158, 30, 124, 93, 0)
True, True, 0.1201, (0, 127, 196, 6, 125, 12, 193, 92, 107, 141, 46, 23, 191, 9, 0)
True, True, 0.1554, (0, 38, 56, 203, 200, 176, 156, 70, 100, 205, 42, 98, 84, 0)
True, True, 0.0647, (0, 58, 187, 77, 111, 112, 39, 15, 35, 25, 81, 97, 75, 119, 18, 0)
True, True, 0.0263, (0, 199, 72, 42, 205, 100, 70, 44, 49, 26, 156, 176, 200, 203, 0)
True, True, 0.1681, (0, 162, 197, 157, 24, 189, 109, 32, 94, 23, 191, 116, 9, 4, 93, 0)
True, True, 0.0074, (0, 93, 23, 94, 46, 141, 107, 92, 193, 12, 125, 6, 196, 43, 0)
True, True, 0.1971, (0, 18, 119, 40, 178, 58, 187, 149, 20, 63, 136, 53, 78, 110, 0)
True, True, 0.2152, (0, 17, 99, 108, 74, 96, 172, 37, 166, 7, 170, 192, 67, 31, 91, 0)
True, True, 0.061, (0, 200, 176, 17, 165, 27, 99, 101, 206, 148, 130, 26, 156, 42, 0)
True, True, 0.2332, (0, 91, 165, 27, 99, 67, 192, 170, 129, 73, 123, 135, 114, 102, 163, 87, 0)
True, True, 0.0002, (0, 75, 97, 112, 39, 81, 25, 35, 15, 122, 181, 142, 188, 207, 152, 0)
True, True, 0.105, (0, 84, 98, 152, 44, 49, 26, 156, 70, 100, 205, 42, 47, 0)
True, True, 0.0684, (0, 127, 196, 6, 125, 12, 193, 92, 107, 141, 46, 23, 191, 4, 0)
True, True, 0.0312, (0, 194, 21, 19, 87, 55, 164, 76, 59, 133, 52, 160, 168, 48, 201, 0)
True, True, 0.0537, (0, 208, 121, 90, 8, 126, 174, 137, 79, 146, 55, 164, 76, 194, 0)
True, True, 0.0777, (0, 34, 38, 56, 173, 203, 103, 29, 54, 47, 199, 110, 177, 132, 0)
True, True, 0.0503, (0, 124, 30, 158, 171, 85, 157, 24, 189, 109, 32, 94, 23, 9, 4, 0)
True, True, 0.0345, (0, 174, 113, 2, 83, 1, 195, 66, 139, 117, 62, 13, 145, 102, 87, 0)
True, True, 0.091, (0, 31, 7, 153, 11, 28, 115, 36, 202, 185, 179, 154, 150, 184, 140, 0)
True, True, 0.0231, (0, 56, 173, 200, 176, 156, 26, 49, 70, 100, 205, 42, 103, 72, 0)
True, True, 0.0302, (0, 145, 13, 62, 117, 139, 140, 184, 41, 195, 66, 1, 182, 61, 0)
True, True, 0.0211, (0, 127, 43, 60, 9, 4, 124, 162, 51, 120, 8, 90, 126, 174, 133, 0)
True, True, 0.0235, (0, 38, 173, 200, 176, 156, 26, 49, 70, 100, 205, 42, 103, 161, 0)
True, True, 0.2557, (0, 178, 75, 97, 81, 25, 35, 15, 39, 112, 111, 77, 187, 58, 169, 0)
True, True, 0.1935, (0, 87, 102, 114, 135, 89, 123, 73, 129, 170, 192, 67, 27, 17, 165, 91, 0)
True, True, 0.0783, (0, 14, 82, 57, 5, 95, 155, 96, 172, 37, 166, 7, 129, 31, 0)
True, True, 0.117, (0, 42, 130, 101, 108, 74, 96, 172, 37, 166, 7, 170, 192, 67, 31, 0)
True, True, 0.172, (0, 194, 21, 76, 164, 55, 146, 79, 137, 59, 133, 52, 160, 168, 48, 0)
True, True, 0.0124, (0, 91, 165, 17, 27, 99, 101, 206, 148, 33, 26, 49, 70, 100, 0)
True, True, 0.0365, (0, 165, 17, 99, 108, 74, 155, 95, 5, 57, 82, 14, 44, 0)
True, True, 0.0901, (0, 68, 169, 105, 78, 53, 136, 63, 84, 98, 29, 54, 72, 199, 161, 0)
True, True, 0.012, (0, 91, 165, 17, 27, 99, 101, 206, 148, 130, 26, 49, 70, 100, 205, 0)
True, True, 0.0142, (0, 87, 163, 102, 91, 200, 176, 156, 26, 49, 70, 100, 205, 42, 103, 0)
True, True, 0.0149, (0, 18, 169, 105, 78, 53, 136, 63, 84, 98, 29, 54, 72, 199, 161, 0)
True, True, 0.1163, (0, 119, 40, 178, 75, 97, 111, 77, 71, 149, 20, 53, 78, 105, 169, 0)
True, True, 0.006, (0, 111, 112, 39, 81, 25, 35, 15, 106, 147, 142, 181, 122, 188, 149, 0)
True, True, 0.0795, (0, 161, 72, 84, 98, 152, 71, 149, 20, 63, 136, 53, 78, 105, 0)
True, True, 0.0312, (0, 208, 3, 167, 90, 8, 126, 174, 137, 79, 146, 55, 164, 194, 0)
True, True, 0.1757, (0, 196, 6, 125, 12, 193, 92, 107, 141, 46, 94, 23, 191, 93, 0)
True, True, 0.0578, (0, 133, 174, 113, 2, 83, 139, 117, 62, 89, 135, 114, 145, 104, 163, 87, 0)
True, True, 0.0024, (0, 51, 61, 182, 1, 66, 195, 41, 184, 140, 139, 83, 2, 113, 174, 0)
True, True, 0.0218, (0, 84, 152, 14, 33, 148, 206, 101, 130, 26, 49, 70, 100, 42, 0)
True, True, 0.0633, (0, 56, 173, 200, 176, 156, 26, 49, 70, 100, 205, 42, 103, 161, 0)
True, True, 0.3095, (0, 44, 14, 33, 5, 95, 155, 96, 172, 37, 166, 7, 129, 31, 0)
True, True, 0.1802, (0, 38, 56, 173, 203, 103, 29, 54, 72, 47, 199, 161, 50, 190, 0)
True, True, 0.2079, (0, 201, 198, 69, 186, 180, 22, 138, 121, 208, 118, 80, 143, 0)
True, True, 0.0409, (0, 44, 14, 82, 57, 5, 95, 155, 74, 108, 206, 101, 130, 0)
True, True, 0.1406, (0, 152, 82, 57, 5, 95, 155, 74, 108, 206, 148, 130, 156, 0)
True, True, 0.0034, (0, 87, 102, 64, 123, 73, 129, 170, 192, 67, 99, 17, 165, 176, 200, 0)
True, True, 0.0394, (0, 188, 122, 181, 142, 147, 106, 82, 57, 95, 5, 33, 26, 205, 0)
True, True, 0.0479, (0, 83, 66, 195, 41, 184, 150, 154, 179, 185, 202, 36, 134, 123, 64, 0)
True, True, 0.0225, (0, 198, 69, 48, 168, 160, 52, 180, 22, 138, 121, 208, 10, 204, 0)
True, True, 0.0075, (0, 126, 113, 2, 83, 1, 66, 195, 41, 184, 140, 89, 135, 114, 102, 0)
True, True, 0.1379, (0, 105, 136, 63, 20, 149, 71, 77, 111, 97, 75, 178, 40, 119, 18, 0)
True, True, 0.0875, (0, 108, 74, 96, 166, 37, 11, 28, 115, 36, 153, 134, 73, 64, 0)
True, True, 0.0297, (0, 64, 123, 134, 153, 11, 28, 115, 36, 179, 154, 150, 41, 1, 83, 0)
True, True, 0.0034, (0, 130, 148, 155, 96, 166, 37, 172, 11, 28, 115, 36, 153, 134, 89, 0)
True, True, 0.0602, (0, 104, 145, 114, 135, 123, 73, 129, 170, 192, 67, 99, 17, 165, 91, 0)
True, True, 0.0893, (0, 116, 193, 92, 107, 141, 46, 94, 109, 189, 24, 157, 182, 61, 51, 0)
True, True, 0.216, (0, 13, 140, 184, 150, 154, 179, 185, 202, 115, 28, 11, 153, 134, 64, 0)
True, True, 0.0868, (0, 176, 130, 148, 206, 108, 74, 155, 95, 5, 57, 82, 152, 0)
True, True, 0.0641, (0, 127, 196, 6, 125, 12, 107, 141, 46, 94, 23, 191, 116, 60, 0)
True, True, 0.1179, (0, 2, 139, 140, 184, 41, 150, 154, 179, 185, 202, 36, 134, 123, 64, 0)
True, True, 0.0588, (0, 174, 113, 2, 83, 1, 66, 195, 41, 184, 140, 139, 117, 13, 104, 0)
True, True, 0.0375, (0, 64, 123, 134, 153, 36, 185, 202, 115, 28, 11, 172, 96, 155, 148, 130, 0)
True, True, 0.027, (0, 51, 61, 182, 1, 66, 195, 41, 184, 140, 139, 117, 62, 13, 104, 0)
True, True, 0.021, (0, 162, 197, 85, 109, 32, 94, 46, 141, 107, 92, 193, 116, 9, 0)
True, True, 0.1132, (0, 98, 152, 207, 188, 122, 181, 142, 147, 106, 15, 39, 112, 111, 0)
True, True, 0.1961, (0, 43, 60, 116, 191, 23, 94, 32, 109, 189, 24, 157, 85, 197, 162, 0)
True, True, 0.0479, (0, 140, 41, 150, 154, 179, 185, 202, 36, 115, 28, 11, 153, 134, 64, 0)
True, True, 0.0501, (0, 83, 66, 195, 41, 150, 154, 179, 185, 202, 36, 115, 28, 11, 172, 96, 0)
False, True, 0.1539, (0, 159, 144, 201, 10, 118, 80, 204, 143, 144, 159, 0)
False, True, 0.3853, (0, 65, 16, 131, 183, 45, 175, 50, 88, 128, 177, 68, 132, 18, 65, 0)
False, True, 0.3461, (0, 144, 143, 204, 80, 118, 10, 208, 186, 69, 198, 201, 144, 0)
True, True, 0.0015, (0, 152, 14, 33, 5, 95, 57, 82, 106, 147, 142, 122, 188, 77, 0)
False, True, 0.0901, (0, 175, 38, 56, 173, 203, 103, 29, 54, 72, 47, 199, 161, 175, 0)
False, True, 0.0312, (0, 194, 21, 19, 87, 163, 146, 79, 137, 126, 174, 59, 164, 76, 19, 194, 0)
False, True, 0.1045, (0, 194, 21, 19, 55, 146, 79, 137, 126, 174, 59, 164, 76, 19, 21, 194, 0)
True, True, 0.1135, (0, 152, 207, 188, 122, 181, 142, 147, 106, 35, 25, 81, 39, 112, 77, 0)
True, True, 0.4082, (0, 204, 10, 86, 151, 3, 167, 121, 138, 22, 180, 186, 69, 198, 0)
True, True, 0.1554, (0, 200, 176, 17, 27, 99, 101, 206, 148, 33, 26, 49, 100, 205, 0)
True, True, 0.1554, (0, 91, 165, 17, 27, 99, 101, 206, 148, 33, 14, 49, 70, 42, 0)
True, True, 0.0152, (0, 69, 186, 180, 22, 138, 121, 167, 3, 151, 86, 118, 204, 143, 0)
False, True, 0.148, (0, 162, 51, 120, 61, 182, 157, 24, 189, 109, 32, 85, 171, 158, 30, 162, 0)
True, True, 0.0116, (0, 194, 21, 19, 87, 163, 102, 104, 145, 113, 120, 51, 8, 90, 174, 133, 0)
True, True, 0.0073, (0, 143, 204, 118, 10, 86, 151, 3, 167, 121, 138, 22, 180, 186, 0)
True, True, 0.1161, (0, 194, 87, 163, 102, 104, 145, 113, 120, 51, 8, 90, 126, 174, 59, 0)
False, True, 0.1695, (0, 127, 196, 6, 125, 12, 107, 141, 46, 92, 193, 116, 60, 43, 127, 0)
False, True, 0.1089, (0, 163, 104, 145, 114, 135, 64, 73, 123, 89, 62, 13, 145, 104, 163, 87, 0)
True, True, 0.055, (0, 205, 26, 130, 148, 206, 108, 74, 155, 95, 5, 57, 82, 207, 0)
True, True, 0.0953, (0, 73, 134, 153, 11, 28, 115, 36, 179, 154, 150, 41, 184, 140, 0)
True, True, 0.0567, (0, 43, 196, 6, 125, 12, 193, 92, 107, 141, 46, 94, 23, 124, 0)
False, True, 0.0727, (0, 4, 9, 116, 193, 92, 107, 141, 46, 94, 23, 191, 4, 0)
False, True, 0.0659, (0, 173, 200, 176, 156, 26, 49, 44, 70, 100, 205, 42, 200, 173, 0)
False, True, 0.0901, (0, 65, 16, 131, 183, 45, 132, 68, 177, 169, 110, 128, 45, 183, 131, 16, 0)
True, True, 0.0312, (0, 86, 151, 3, 167, 90, 8, 126, 174, 137, 146, 55, 76, 194, 0)
False, True, 0.1413, (0, 190, 34, 38, 56, 173, 203, 103, 29, 54, 72, 47, 199, 161, 34, 0)
True, True, 0.0601, (0, 84, 98, 100, 70, 44, 49, 26, 156, 176, 200, 203, 38, 0)
True, True, 0.0632, (0, 20, 71, 188, 122, 181, 142, 147, 106, 15, 35, 25, 81, 97, 75, 40, 0)
True, True, 0.1653, (0, 71, 207, 82, 57, 5, 95, 155, 74, 108, 101, 130, 42, 0)
True, True, 0.0305, (0, 143, 80, 10, 208, 138, 22, 180, 52, 160, 168, 48, 201, 0)
True, True, 0.0501, (0, 117, 140, 184, 41, 150, 154, 179, 185, 202, 36, 153, 134, 73, 0)
True, True, 0.1685, (0, 201, 48, 168, 160, 52, 180, 22, 138, 121, 208, 118, 80, 0)
True, True, 0.0013, (0, 75, 97, 81, 25, 35, 39, 112, 122, 181, 142, 188, 207, 152, 84, 0)
False, True, 0.1612, (0, 143, 86, 151, 127, 43, 60, 9, 4, 93, 167, 3, 151, 86, 0)
True, True, 0.0844, (0, 133, 174, 126, 90, 8, 162, 124, 4, 9, 60, 43, 93, 3, 86, 0)
True, True, 0.0235, (0, 201, 48, 168, 160, 52, 180, 22, 138, 121, 208, 80, 204, 0)
True, True, 0.0844, (0, 151, 3, 93, 43, 60, 9, 4, 124, 162, 8, 90, 126, 174, 133, 0)
True, True, 0.0465, (0, 48, 168, 160, 52, 180, 22, 138, 121, 208, 118, 80, 143, 0)
True, True, 0.0093, (0, 162, 30, 158, 171, 32, 109, 94, 46, 141, 107, 12, 125, 6, 0)
True, True, 0.0312, (0, 194, 19, 87, 55, 146, 79, 174, 126, 8, 90, 167, 3, 151, 86, 0)
True, True, 0.0015, (0, 128, 105, 78, 53, 20, 149, 77, 111, 97, 75, 178, 40, 119, 18, 0)
True, True, 0.0459, (0, 102, 64, 123, 73, 7, 166, 37, 172, 96, 155, 95, 5, 33, 0)
True, True, 0.0015, (0, 20, 71, 207, 188, 142, 147, 106, 181, 122, 112, 111, 97, 75, 40, 0)
False, True, 0.0515, (0, 75, 97, 111, 188, 122, 181, 142, 147, 106, 15, 35, 25, 81, 97, 75, 0)
True, True, 0.0015, (0, 75, 97, 112, 39, 15, 106, 147, 181, 122, 188, 207, 152, 84, 0)
True, True, 0.1186, (0, 124, 30, 158, 171, 32, 109, 189, 24, 157, 182, 61, 120, 8, 90, 0)
False, True, 0.0201, (0, 169, 105, 78, 136, 63, 84, 98, 152, 71, 149, 20, 78, 105, 0)
False, True, 0.0227, (0, 43, 60, 196, 116, 193, 92, 46, 141, 107, 12, 125, 6, 196, 127, 0)
False, True, 0.0552, (0, 165, 27, 67, 192, 170, 7, 166, 37, 172, 96, 74, 108, 99, 165, 0)
True, True, 0.0893, (0, 162, 30, 158, 171, 32, 94, 46, 141, 107, 12, 125, 6, 196, 0)
True, True, 0.0232, (0, 201, 48, 168, 160, 52, 180, 22, 138, 208, 118, 80, 204, 0)
True, True, 0.0312, (0, 194, 76, 164, 79, 137, 174, 126, 8, 90, 167, 3, 208, 0)
True, True, 0.0028, (0, 38, 42, 205, 100, 70, 49, 26, 156, 176, 200, 91, 102, 163, 87, 0)
True, True, 0.0015, (0, 75, 97, 81, 25, 35, 39, 15, 106, 147, 142, 181, 188, 207, 152, 0)
False, True, 0.1095, (0, 194, 21, 19, 76, 164, 59, 174, 126, 137, 79, 146, 55, 87, 19, 194, 0)
all_elementary, False
all_cyc2, True
