Instance, X-n242-k48
capacity, 28
min_trucks, 48
output_file, output_uchoa/X-n242-k48-ng8.log
Start date, 2022-06-30
Start time, 23-40-43
capacity, 28
num_vehicles, 48
abort_early, False
methods, ['ng8']
max_vars, 100
time_limit, 86400
farley, False
ESPPRC_heur, True
initial time, initial max_it, max_stale_it
1, 20000.0, 20
heuristic Number of routes, heuristic Best Solution Value, heuristic number of iterations, adjusted time, adjusted max_it, measured total time
108226, 83141.0, 20000, 1, 20000.0, 20619.6
method, python time, total time, propagated dominance time, unpropagated dominance time, pricing_success, upper_bound, lower_bound, abort_early, num_paths, 
ESPPRC_heur, 0.1, 0.2, 0.1, 0.0, 0, 82140.125, 80859.7565, True, 22
ESPPRC_heur, 0.0, 0.2, 0.1, 0.0, 0, 82138.7335, 81778.5146, True, 3
ESPPRC_heur, 0.0, 0.2, 0.1, 0.0, 0, 82138.7335, 81898.7335, True, 1
ng8, 0.0, 4.8, 2.8, 1.3, 1, 82138.5057, 79402.5057, 0, 55
ESPPRC_heur, 0.0, 0.2, 0.1, 0.0, 0, 82089.047, 81884.4235, True, 4
ng8, 0.1, 4.9, 3.1, 1.3, 1, 82088.9956, 81051.1779, 0, 15
ng8, -0.0, 5.0, 3.1, 1.3, 1, 82087.7912, 82008.7837, 0, 3
ng8, 0.0, 4.8, 3.0, 1.3, 1, 82087.7814, 82087.7814, 0, 0
scip_total_time, 20689.630754
Solval, number of paths, impact cutoff
82087.78135921573, 194, 0.0001
Elementary, 2-Cycle, Path Value, Path
True, True, 0.3558, (0, 186, 52, 179, 185, 218, 0)
True, True, 0.1994, (0, 115, 194, 51, 227, 0)
True, True, 0.7649, (0, 78, 113, 145, 66, 0)
True, True, 0.1821, (0, 89, 161, 192, 238, 0)
True, True, 0.1013, (0, 173, 129, 43, 54, 0)
True, True, 0.2405, (0, 191, 182, 144, 23, 104, 177, 0)
True, True, 0.3035, (0, 230, 232, 119, 225, 0)
True, True, 0.6473, (0, 238, 192, 161, 40, 236, 0)
True, True, 0.6473, (0, 85, 56, 159, 0)
True, True, 0.3813, (0, 18, 214, 71, 62, 130, 0)
True, True, 0.0824, (0, 42, 199, 127, 20, 0)
True, True, 0.1927, (0, 220, 201, 30, 224, 0)
True, True, 0.0186, (0, 172, 162, 182, 191, 0)
True, True, 0.0276, (0, 123, 67, 24, 95, 70, 69, 0)
True, True, 1.0, (0, 28, 96, 196, 121, 0)
True, True, 0.4326, (0, 98, 212, 57, 216, 0)
True, True, 0.9814, (0, 151, 77, 172, 189, 0)
True, True, 0.25, (0, 73, 165, 176, 223, 5, 124, 0)
True, True, 0.0842, (0, 146, 38, 130, 62, 155, 0)
True, True, 1.0, (0, 207, 209, 157, 101, 0)
True, True, 0.2636, (0, 147, 127, 199, 187, 55, 27, 0)
True, True, 0.3478, (0, 64, 226, 175, 46, 90, 0)
True, True, 1.0, (0, 154, 141, 74, 99, 29, 0)
True, True, 0.5, (0, 83, 140, 132, 9, 183, 0)
True, True, 0.2053, (0, 55, 187, 199, 127, 147, 241, 0)
True, True, 0.0675, (0, 115, 204, 194, 137, 227, 0)
True, True, 0.9907, (0, 128, 193, 109, 63, 0)
True, True, 0.1648, (0, 231, 136, 42, 27, 0)
True, True, 0.2775, (0, 100, 133, 149, 200, 118, 0)
True, True, 0.5, (0, 165, 176, 75, 10, 0)
True, True, 0.3394, (0, 173, 171, 181, 11, 0)
True, True, 0.1821, (0, 178, 143, 131, 7, 34, 59, 162, 0)
True, True, 0.6965, (0, 35, 205, 230, 232, 119, 105, 0)
True, True, 0.2024, (0, 11, 43, 181, 173, 0)
True, True, 0.0186, (0, 120, 164, 41, 151, 77, 189, 0)
True, True, 0.1761, (0, 136, 200, 149, 100, 0)
True, True, 0.6522, (0, 188, 26, 46, 175, 226, 64, 0)
True, True, 0.0372, (0, 152, 197, 195, 39, 91, 0)
True, True, 0.7281, (0, 94, 106, 2, 229, 169, 0)
True, True, 0.8512, (0, 49, 21, 87, 114, 0)
True, True, 0.2362, (0, 186, 52, 179, 137, 0)
True, True, 0.4663, (0, 98, 212, 57, 117, 215, 0)
True, True, 0.1648, (0, 86, 228, 82, 91, 129, 0)
True, True, 0.2688, (0, 182, 144, 23, 53, 0)
True, True, 0.2048, (0, 84, 138, 123, 67, 35, 0)
True, True, 0.4917, (0, 224, 30, 201, 8, 0)
True, True, 0.1012, (0, 57, 171, 216, 0)
True, True, 0.0075, (0, 1, 163, 202, 80, 81, 24, 0)
True, True, 0.7191, (0, 92, 124, 65, 5, 142, 184, 0)
True, True, 0.5696, (0, 27, 158, 190, 126, 122, 0)
True, True, 0.1012, (0, 98, 225, 222, 58, 0)
True, True, 0.5, (0, 73, 223, 75, 10, 0)
True, True, 0.2241, (0, 146, 62, 71, 214, 170, 0)
True, True, 0.4164, (0, 120, 72, 45, 197, 0)
True, True, 0.1456, (0, 82, 47, 19, 156, 0)
True, True, 0.1488, (0, 21, 140, 60, 83, 87, 0)
True, True, 0.0878, (0, 145, 159, 118, 166, 25, 0)
True, True, 0.4635, (0, 134, 108, 32, 170, 18, 217, 12, 0)
True, True, 0.2394, (0, 214, 71, 160, 17, 76, 122, 139, 0)
True, True, 0.0035, (0, 106, 2, 144, 23, 53, 0)
True, True, 0.0669, (0, 150, 155, 32, 170, 18, 217, 12, 0)
True, True, 0.6227, (0, 203, 79, 14, 240, 48, 153, 0)
True, True, 1.0, (0, 6, 16, 112, 210, 102, 0)
True, True, 0.2825, (0, 152, 45, 72, 120, 221, 0)
True, True, 0.0953, (0, 60, 97, 180, 9, 0)
True, True, 0.4522, (0, 208, 111, 156, 228, 86, 0)
True, True, 0.3816, (0, 67, 211, 3, 95, 70, 69, 0)
True, True, 0.0261, (0, 103, 86, 228, 156, 111, 0)
True, True, 0.0824, (0, 147, 199, 187, 42, 0)
True, True, 0.1267, (0, 213, 216, 117, 204, 0)
True, True, 0.1199, (0, 213, 224, 201, 0)
True, True, 0.3179, (0, 143, 131, 7, 34, 59, 162, 191, 0)
True, True, 0.3124, (0, 155, 108, 32, 130, 38, 0)
True, True, 0.1012, (0, 212, 171, 11, 224, 0)
True, True, 0.1473, (0, 235, 56, 159, 145, 0)
True, True, 0.0119, (0, 84, 110, 138, 93, 167, 0)
True, True, 0.2454, (0, 68, 217, 12, 150, 36, 0)
True, True, 0.17, (0, 133, 200, 136, 0)
True, True, 0.0093, (0, 193, 109, 63, 219, 0)
True, True, 0.3773, (0, 36, 146, 134, 150, 79, 203, 0)
True, True, 0.2976, (0, 183, 9, 180, 97, 233, 0)
True, True, 0.0474, (0, 174, 93, 67, 123, 0)
True, True, 0.0071, (0, 26, 169, 229, 106, 94, 177, 0)
True, True, 0.7947, (0, 166, 231, 241, 50, 20, 25, 0)
True, True, 0.2361, (0, 191, 182, 162, 144, 104, 53, 0)
True, True, 0.3478, (0, 47, 19, 148, 234, 0)
True, True, 0.268, (0, 84, 110, 237, 93, 167, 0)
True, True, 0.0434, (0, 91, 47, 156, 111, 0)
True, True, 0.5953, (0, 225, 222, 58, 125, 233, 0)
True, True, 0.2024, (0, 83, 60, 180, 132, 0)
True, True, 0.1456, (0, 4, 202, 1, 163, 111, 0)
True, True, 0.2452, (0, 220, 213, 30, 216, 0)
True, True, 0.6431, (0, 168, 91, 39, 152, 129, 0)
True, True, 0.4582, (0, 54, 43, 181, 171, 0)
True, True, 0.0944, (0, 220, 224, 216, 117, 0)
True, True, 0.4536, (0, 198, 239, 37, 178, 22, 89, 15, 0)
True, True, 0.0208, (0, 53, 23, 144, 2, 229, 94, 0)
True, True, 0.1572, (0, 146, 38, 108, 155, 12, 150, 0)
True, True, 0.187, (0, 23, 162, 182, 191, 0)
True, True, 0.0987, (0, 138, 123, 67, 24, 211, 35, 0)
True, True, 0.4047, (0, 125, 174, 93, 138, 84, 0)
True, True, 0.1882, (0, 239, 200, 133, 100, 0)
True, True, 0.0186, (0, 116, 45, 72, 164, 221, 0)
True, True, 0.2268, (0, 94, 2, 144, 23, 104, 53, 0)
True, True, 0.3029, (0, 31, 4, 202, 163, 1, 206, 205, 0)
True, True, 0.2399, (0, 67, 123, 237, 110, 0)
True, True, 0.1821, (0, 54, 100, 149, 133, 200, 198, 0)
True, True, 0.0491, (0, 182, 162, 23, 104, 0)
True, True, 0.1761, (0, 198, 149, 239, 37, 178, 22, 100, 0)
True, True, 0.2393, (0, 173, 168, 82, 228, 208, 103, 0)
True, True, 0.5337, (0, 215, 115, 204, 194, 51, 61, 0)
True, True, 0.0794, (0, 90, 234, 26, 19, 47, 0)
True, True, 0.0882, (0, 217, 18, 170, 214, 71, 62, 0)
True, True, 0.2721, (0, 204, 117, 213, 8, 220, 0)
True, True, 0.1881, (0, 81, 80, 4, 202, 163, 1, 0)
True, True, 0.3934, (0, 24, 3, 88, 81, 80, 33, 31, 211, 0)
True, True, 0.2454, (0, 185, 186, 107, 13, 0)
True, True, 0.4486, (0, 118, 136, 147, 42, 0)
True, True, 0.1821, (0, 133, 37, 22, 89, 0)
True, True, 0.2053, (0, 56, 85, 15, 236, 235, 0)
True, True, 0.0061, (0, 22, 178, 37, 200, 149, 198, 0)
True, True, 0.1625, (0, 24, 3, 88, 33, 80, 81, 95, 0)
True, True, 0.1911, (0, 76, 17, 135, 44, 55, 158, 0)
True, True, 0.0829, (0, 53, 104, 106, 229, 169, 177, 0)
True, True, 0.3478, (0, 19, 148, 177, 234, 188, 90, 0)
True, True, 0.1106, (0, 174, 138, 237, 69, 84, 0)
True, True, 0.028, (0, 42, 187, 199, 127, 118, 0)
True, True, 0.029, (0, 42, 55, 44, 135, 160, 17, 122, 139, 0)
True, True, 0.0406, (0, 117, 213, 30, 8, 218, 0)
True, True, 0.0405, (0, 118, 136, 231, 50, 20, 0)
True, True, 0.0298, (0, 43, 235, 78, 30, 0)
True, True, 0.0669, (0, 38, 130, 108, 155, 217, 12, 0)
True, True, 0.225, (0, 47, 148, 177, 234, 90, 0)
True, True, 0.1176, (0, 235, 159, 118, 166, 66, 0)
True, True, 0.1994, (0, 61, 137, 185, 13, 115, 0)
True, True, 0.2639, (0, 39, 195, 164, 120, 72, 116, 0)
True, True, 0.0006, (0, 211, 3, 88, 81, 33, 31, 206, 205, 0)
True, True, 0.0075, (0, 31, 33, 4, 202, 80, 81, 88, 0)
True, True, 0.0619, (0, 70, 95, 184, 81, 33, 88, 3, 24, 0)
True, True, 0.4304, (0, 190, 126, 139, 68, 0)
True, True, 0.3773, (0, 218, 48, 240, 14, 36, 0)
True, True, 0.0669, (0, 217, 214, 71, 62, 38, 0)
True, True, 0.0309, (0, 81, 73, 142, 5, 65, 124, 92, 0)
True, True, 0.0093, (0, 162, 59, 34, 7, 131, 143, 128, 219, 0)
True, True, 0.1994, (0, 227, 137, 185, 13, 194, 0)
True, True, 0.1176, (0, 173, 168, 82, 228, 103, 105, 0)
True, True, 0.1257, (0, 70, 95, 81, 88, 33, 31, 211, 0)
True, True, 0.002, (0, 217, 76, 17, 160, 135, 44, 55, 27, 0)
True, True, 0.3383, (0, 127, 199, 187, 44, 135, 160, 17, 0)
True, True, 0.2024, (0, 60, 180, 132, 140, 0)
True, True, 0.4907, (0, 116, 197, 195, 164, 221, 0)
True, True, 0.0173, (0, 26, 169, 2, 106, 94, 177, 0)
True, True, 0.0307, (0, 137, 13, 52, 179, 218, 0)
True, True, 0.25, (0, 142, 165, 176, 223, 65, 92, 0)
True, True, 0.1611, (0, 26, 169, 229, 106, 104, 53, 0)
True, True, 0.3816, (0, 69, 110, 237, 70, 123, 167, 0)
True, True, 0.2394, (0, 158, 55, 44, 135, 160, 76, 0)
True, True, 0.0953, (0, 60, 180, 132, 183, 0)
True, True, 0.0987, (0, 174, 93, 110, 69, 0)
True, True, 0.2191, (0, 95, 184, 73, 80, 33, 88, 24, 0)
True, True, 0.1488, (0, 114, 83, 60, 140, 49, 0)
True, True, 0.1956, (0, 220, 213, 201, 8, 218, 0)
True, True, 0.0035, (0, 104, 23, 144, 2, 169, 26, 0)
True, True, 0.1532, (0, 150, 155, 170, 32, 38, 146, 0)
True, True, 0.1071, (0, 60, 233, 180, 9, 183, 0)
True, True, 0.1552, (0, 134, 155, 62, 130, 38, 0)
True, True, 0.1176, (0, 43, 235, 78, 25, 66, 0)
True, True, 0.0218, (0, 70, 95, 81, 80, 33, 88, 24, 0)
True, True, 0.2082, (0, 116, 45, 195, 164, 221, 0)
True, True, 0.1821, (0, 40, 89, 22, 178, 37, 239, 149, 198, 0)
True, True, 0.004, (0, 134, 155, 170, 32, 38, 146, 0)
True, True, 0.0824, (0, 17, 160, 135, 44, 187, 127, 42, 0)
False, True, 0.0878, (0, 11, 78, 113, 235, 54, 11, 0)
False, True, 0.0907, (0, 11, 129, 43, 11, 0)
False, True, 0.1705, (0, 54, 15, 238, 192, 161, 40, 15, 0)
False, False, 0.0824, (0, 20, 50, 42, 50, 0)
False, True, 0.1621, (0, 68, 139, 76, 122, 68, 0)
False, True, 0.0483, (0, 76, 44, 135, 17, 76, 0)
False, True, 0.0242, (0, 86, 111, 156, 82, 86, 0)
False, True, 0.3035, (0, 97, 222, 58, 97, 0)
False, True, 0.3085, (0, 103, 86, 82, 156, 111, 208, 103, 0)
False, True, 0.3773, (0, 107, 179, 153, 52, 107, 0)
False, True, 0.0696, (0, 139, 76, 17, 160, 135, 44, 55, 139, 0)
False, True, 0.1693, (0, 167, 174, 138, 93, 174, 167, 0)
False, True, 0.1698, (0, 206, 31, 4, 202, 163, 1, 206, 0)
False, True, 0.4907, (0, 219, 41, 143, 131, 7, 34, 59, 41, 219, 0)
False, True, 0.2669, (0, 227, 137, 51, 61, 227, 0)
False, True, 0.1473, (0, 235, 236, 85, 113, 235, 0)
True, True, 0.0075, (0, 24, 88, 33, 4, 1, 163, 105, 0)
False, False, 0.1626, (0, 13, 186, 13, 0)
False, True, 0.0794, (0, 47, 26, 177, 148, 19, 47, 0)
False, True, 0.0558, (0, 91, 39, 197, 45, 91, 0)
False, True, 0.1784, (0, 206, 4, 202, 163, 1, 206, 105, 0)
False, True, 0.0186, (0, 152, 120, 72, 45, 116, 152, 0)
all_elementary, False
all_cyc2, False
