Instance, X-n289-k60
capacity, 267
min_trucks, 61
output_file, output_uchoa/X-n289-k60-ng20.log
Start date, 2022-06-30
Start time, 11-07-29
capacity, 267
num_vehicles, 61
abort_early, False
methods, ['ng20']
max_vars, 100
time_limit, 86400
farley, False
ESPPRC_heur, True
initial time, initial max_it, max_stale_it
1, 20000.0, 20
heuristic Number of routes, heuristic Best Solution Value, heuristic number of iterations, adjusted time, adjusted max_it, measured total time
195922, 95909.0, 20000, 1, 20000.0, 21131.3
method, python time, total time, propagated dominance time, unpropagated dominance time, pricing_success, upper_bound, lower_bound, abort_early, num_paths, 
ESPPRC_heur, -0.0, 1.5, 0.9, 0.3, 0, 94707.3563, 91491.3401, True, 44
ESPPRC_heur, 0.1, 1.4, 0.9, 0.3, 0, 94707.1487, 93784.2539, True, 12
ESPPRC_heur, 0.1, 1.4, 0.9, 0.3, 0, 94706.9767, 93154.5153, True, 7
ESPPRC_heur, 0.0, 1.4, 0.9, 0.3, 0, 94706.3028, 93686.2033, True, 12
ESPPRC_heur, 0.0, 1.4, 0.9, 0.3, 0, 94706.0649, 94208.9527, True, 3
ESPPRC_heur, 0.0, 1.4, 0.9, 0.3, 0, 94705.7276, 94704.554, True, 1
ng20, 0.0, 9234.9, 7594.9, 1618.9, 1, 94705.7275, 93321.7443, 0, 28
ESPPRC_heur, 0.0, 1.4, 0.9, 0.2, 0, 94698.0806, 94404.9292, True, 3
ng20, 0.1, 10083.9, 8324.3, 1737.8, 1, 94697.9479, 94078.6779, 0, 8
ng20, 0.1, 10352.5, 8570.3, 1758.4, 1, 94696.8369, 94675.1738, 0, 4
ng20, 0.1, 11001.1, 9037.7, 1934.7, 1, 94696.8342, 94696.8342, 0, 0
scip_total_time, 61895.113066
Solval, number of paths, impact cutoff
94696.83415154034, 259, 0.0001
Elementary, 2-Cycle, Path Value, Path
True, True, 0.4401, (0, 278, 25, 2, 0)
True, True, 0.4401, (0, 233, 282, 217, 0)
True, True, 0.3181, (0, 95, 172, 225, 13, 39, 0)
True, True, 0.288, (0, 138, 42, 93, 106, 0)
True, True, 0.6035, (0, 76, 183, 288, 0)
True, True, 1.0, (0, 273, 187, 149, 0)
True, True, 0.6046, (0, 197, 148, 269, 0)
True, True, 0.1642, (0, 121, 198, 219, 256, 0)
True, True, 0.3572, (0, 147, 62, 53, 250, 0)
True, True, 0.0385, (0, 234, 281, 54, 0)
True, True, 1.0, (0, 169, 145, 254, 0)
True, True, 0.4621, (0, 15, 255, 245, 239, 0)
True, True, 0.5951, (0, 114, 125, 110, 0)
True, True, 0.3821, (0, 288, 216, 230, 0)
True, True, 0.0652, (0, 93, 113, 11, 0)
True, True, 0.6692, (0, 185, 167, 201, 175, 0)
True, True, 0.1224, (0, 232, 229, 196, 0)
True, True, 0.0847, (0, 189, 170, 253, 0)
True, True, 0.793, (0, 204, 94, 209, 0)
True, True, 0.2136, (0, 133, 5, 34, 14, 112, 7, 21, 85, 130, 57, 0)
True, True, 0.4401, (0, 275, 214, 263, 248, 0)
True, True, 0.6046, (0, 256, 280, 219, 198, 0)
True, True, 0.2271, (0, 126, 56, 123, 0)
True, True, 0.5599, (0, 275, 233, 25, 0)
True, True, 0.1866, (0, 58, 82, 278, 0)
True, True, 0.0726, (0, 12, 268, 6, 59, 0)
True, True, 0.0195, (0, 250, 218, 286, 53, 0)
True, True, 0.7075, (0, 51, 249, 192, 0)
True, True, 0.0829, (0, 69, 225, 172, 157, 0)
True, True, 0.4045, (0, 158, 184, 229, 0)
True, True, 0.1462, (0, 193, 240, 286, 53, 0)
True, True, 0.0014, (0, 271, 105, 47, 177, 150, 281, 0)
True, True, 0.4155, (0, 206, 170, 189, 0)
True, True, 0.3733, (0, 54, 234, 179, 0)
True, True, 0.2964, (0, 96, 216, 86, 178, 0)
True, True, 0.9348, (0, 137, 124, 103, 113, 0)
True, True, 0.5955, (0, 158, 65, 251, 52, 0)
True, True, 0.7385, (0, 45, 284, 56, 90, 0)
True, True, 0.0652, (0, 157, 200, 124, 0)
True, True, 0.0084, (0, 96, 216, 261, 95, 0)
True, True, 0.1156, (0, 43, 279, 215, 252, 0)
True, True, 0.1268, (0, 193, 32, 240, 286, 0)
True, True, 0.2977, (0, 135, 20, 78, 0)
True, True, 0.2615, (0, 246, 110, 45, 156, 0)
True, True, 0.5989, (0, 79, 261, 172, 95, 0)
True, True, 0.3954, (0, 197, 155, 280, 0)
True, True, 0.1462, (0, 250, 51, 192, 0)
True, True, 0.1334, (0, 160, 89, 287, 205, 208, 120, 0)
True, True, 0.3113, (0, 107, 214, 263, 248, 0)
True, True, 0.4771, (0, 182, 36, 247, 0)
True, True, 0.6233, (0, 240, 32, 1, 181, 0)
True, True, 0.4155, (0, 210, 170, 189, 0)
True, True, 0.7023, (0, 135, 20, 128, 0)
True, True, 0.2359, (0, 176, 102, 186, 178, 0)
True, True, 0.3396, (0, 268, 6, 59, 116, 0)
True, True, 0.4994, (0, 191, 257, 72, 71, 264, 48, 194, 224, 276, 237, 0)
True, True, 0.2594, (0, 245, 146, 166, 16, 0)
True, True, 0.207, (0, 239, 209, 91, 15, 0)
True, True, 0.1733, (0, 266, 251, 219, 198, 0)
True, True, 0.4119, (0, 157, 200, 28, 0)
True, True, 0.6887, (0, 270, 195, 107, 0)
True, True, 0.8844, (0, 277, 252, 228, 0)
True, True, 0.5229, (0, 136, 213, 267, 0)
True, True, 0.1633, (0, 199, 272, 150, 177, 105, 271, 0)
True, True, 0.0829, (0, 147, 263, 214, 248, 0)
True, True, 0.3113, (0, 270, 195, 136, 0)
True, True, 0.1866, (0, 2, 82, 58, 0)
True, True, 0.207, (0, 166, 204, 255, 0)
True, True, 0.207, (0, 255, 94, 239, 91, 0)
True, True, 0.5599, (0, 217, 147, 282, 0)
True, True, 0.3308, (0, 1, 179, 167, 185, 0)
True, True, 0.2594, (0, 234, 54, 40, 0)
True, True, 0.2568, (0, 120, 50, 134, 226, 227, 165, 0)
True, True, 0.1087, (0, 228, 184, 76, 0)
True, True, 0.6267, (0, 180, 82, 58, 0)
True, True, 0.5229, (0, 47, 247, 36, 38, 0)
True, True, 0.1462, (0, 192, 218, 249, 0)
True, True, 0.3308, (0, 15, 201, 253, 193, 0)
True, True, 0.1961, (0, 92, 33, 61, 70, 0)
True, True, 0.1004, (0, 54, 211, 191, 166, 0)
True, True, 0.6126, (0, 50, 259, 69, 42, 93, 138, 0)
True, True, 0.2878, (0, 183, 229, 76, 0)
True, True, 0.5315, (0, 88, 41, 9, 64, 0)
True, True, 0.0842, (0, 189, 170, 240, 0)
True, True, 0.8844, (0, 265, 238, 243, 279, 0)
True, True, 0.0197, (0, 75, 174, 274, 3, 0)
True, True, 0.5859, (0, 91, 16, 241, 40, 0)
True, True, 0.1156, (0, 43, 243, 238, 265, 0)
True, True, 0.6336, (0, 75, 121, 35, 37, 0)
True, True, 0.4771, (0, 62, 168, 53, 250, 0)
True, True, 0.3818, (0, 17, 235, 99, 221, 81, 85, 130, 0)
True, True, 0.193, (0, 69, 261, 232, 178, 0)
True, True, 0.7689, (0, 266, 43, 215, 196, 0)
True, True, 0.1434, (0, 131, 284, 90, 110, 0)
True, True, 0.1181, (0, 143, 77, 152, 27, 139, 63, 0)
True, True, 0.2001, (0, 203, 123, 246, 78, 0)
True, True, 0.0366, (0, 78, 123, 156, 203, 0)
True, True, 0.2941, (0, 154, 28, 153, 22, 0)
True, True, 0.0976, (0, 268, 6, 59, 127, 84, 0)
True, True, 0.1462, (0, 51, 249, 218, 0)
True, True, 0.1238, (0, 239, 16, 241, 40, 0)
True, True, 0.6179, (0, 230, 96, 70, 66, 0)
True, True, 0.3737, (0, 262, 102, 186, 176, 63, 0)
True, True, 0.2977, (0, 128, 30, 114, 78, 0)
True, True, 0.1853, (0, 184, 229, 261, 0)
True, True, 0.1072, (0, 126, 125, 114, 0)
True, True, 0.1087, (0, 215, 184, 262, 186, 0)
True, True, 0.2439, (0, 157, 148, 200, 0)
True, True, 0.4902, (0, 174, 268, 6, 67, 0)
True, True, 0.0145, (0, 261, 288, 232, 0)
True, True, 0.6698, (0, 171, 281, 272, 199, 271, 0)
True, True, 0.0309, (0, 166, 16, 40, 212, 0)
True, True, 0.2271, (0, 142, 213, 131, 203, 0)
True, True, 0.5198, (0, 98, 18, 13, 97, 0)
True, True, 0.1657, (0, 214, 136, 156, 78, 0)
True, True, 0.0652, (0, 50, 69, 42, 138, 182, 0)
True, True, 0.2903, (0, 234, 281, 171, 212, 0)
True, True, 0.1657, (0, 248, 263, 168, 62, 0)
True, True, 0.3308, (0, 175, 193, 286, 218, 0)
True, True, 0.7059, (0, 106, 11, 22, 244, 0)
True, True, 0.2785, (0, 212, 166, 146, 245, 0)
True, True, 0.4002, (0, 146, 191, 257, 72, 211, 212, 0)
True, True, 0.5362, (0, 246, 123, 156, 203, 0)
True, True, 0.3733, (0, 180, 2, 278, 0)
True, True, 0.3572, (0, 168, 181, 286, 218, 0)
True, True, 0.0252, (0, 231, 23, 141, 144, 4, 129, 140, 68, 24, 60, 119, 0)
True, True, 0.0234, (0, 85, 112, 14, 7, 21, 8, 221, 99, 235, 0)
True, True, 0.0619, (0, 54, 211, 72, 257, 146, 0)
True, True, 0.0837, (0, 131, 120, 284, 90, 0)
True, True, 0.4771, (0, 142, 267, 38, 131, 0)
True, True, 0.0685, (0, 154, 79, 157, 95, 0)
True, True, 0.0646, (0, 100, 223, 26, 83, 29, 159, 118, 202, 242, 163, 48, 71, 0)
True, True, 0.5845, (0, 210, 206, 253, 0)
True, True, 0.2044, (0, 176, 186, 262, 86, 0)
True, True, 0.1238, (0, 255, 166, 241, 0)
True, True, 0.1711, (0, 111, 122, 55, 115, 73, 80, 188, 19, 44, 0)
True, True, 0.2371, (0, 12, 46, 3, 64, 132, 0)
True, True, 0.0773, (0, 184, 102, 186, 96, 0)
True, True, 0.137, (0, 12, 52, 121, 153, 75, 0)
True, True, 0.0385, (0, 234, 171, 237, 72, 211, 0)
True, True, 0.3132, (0, 216, 86, 102, 262, 0)
True, True, 0.133, (0, 115, 73, 80, 33, 61, 151, 0)
True, True, 0.0661, (0, 14, 112, 7, 21, 108, 117, 111, 8, 85, 57, 0)
True, True, 0.0061, (0, 39, 18, 225, 95, 154, 0)
True, True, 0.2771, (0, 143, 61, 33, 80, 188, 0)
True, True, 0.1435, (0, 46, 274, 64, 67, 116, 0)
True, True, 0.0578, (0, 155, 277, 65, 52, 0)
True, True, 0.0344, (0, 30, 5, 133, 130, 56, 90, 0)
True, True, 0.0195, (0, 286, 181, 240, 193, 0)
True, True, 0.0578, (0, 79, 277, 65, 198, 0)
True, True, 0.0084, (0, 97, 13, 18, 63, 151, 0)
True, True, 0.3821, (0, 98, 66, 77, 152, 27, 139, 0)
True, True, 0.0652, (0, 157, 200, 154, 137, 0)
True, True, 0.1655, (0, 271, 47, 109, 285, 177, 150, 272, 0)
True, True, 0.0578, (0, 274, 266, 65, 219, 0)
True, True, 0.186, (0, 86, 176, 70, 92, 77, 0)
True, True, 0.1515, (0, 200, 148, 155, 0)
True, True, 0.167, (0, 237, 150, 177, 109, 285, 47, 105, 199, 0)
True, True, 0.2499, (0, 213, 142, 179, 32, 0)
True, True, 0.0022, (0, 30, 125, 246, 78, 0)
True, True, 0.0216, (0, 83, 60, 68, 24, 88, 119, 127, 84, 26, 0)
True, True, 0.3664, (0, 35, 46, 3, 67, 84, 116, 0)
True, True, 0.2089, (0, 77, 61, 33, 80, 188, 260, 0)
True, True, 0.2748, (0, 225, 232, 178, 79, 0)
True, True, 0.2889, (0, 3, 274, 9, 41, 127, 0)
True, True, 0.4268, (0, 132, 274, 59, 174, 0)
True, True, 0.0061, (0, 106, 93, 42, 69, 0)
True, True, 0.075, (0, 14, 112, 7, 21, 117, 55, 122, 19, 44, 0)
True, True, 0.1087, (0, 183, 184, 196, 0)
True, True, 0.5234, (0, 160, 89, 161, 222, 221, 99, 235, 17, 236, 0)
True, True, 0.1732, (0, 14, 112, 7, 21, 117, 55, 122, 111, 8, 81, 236, 0)
True, True, 0.2955, (0, 125, 30, 5, 133, 57, 126, 0)
True, True, 0.3702, (0, 126, 57, 130, 133, 5, 34, 30, 0)
True, True, 0.3954, (0, 232, 155, 269, 0)
True, True, 0.098, (0, 227, 226, 134, 151, 208, 205, 287, 87, 0)
True, True, 0.0624, (0, 259, 39, 157, 200, 154, 0)
True, True, 0.0652, (0, 103, 153, 121, 37, 0)
True, True, 0.0947, (0, 120, 87, 287, 160, 17, 236, 0)
True, True, 0.3643, (0, 120, 134, 151, 208, 205, 87, 0)
True, True, 0.0459, (0, 193, 179, 142, 1, 0)
True, True, 0.1665, (0, 54, 237, 211, 241, 0)
True, True, 0.2311, (0, 12, 251, 65, 256, 0)
True, True, 0.0069, (0, 228, 215, 184, 259, 0)
True, True, 0.2097, (0, 37, 52, 75, 153, 154, 0)
True, True, 0.0131, (0, 151, 92, 61, 33, 80, 73, 0)
True, True, 0.2945, (0, 163, 202, 118, 29, 10, 101, 129, 144, 4, 31, 49, 141, 23, 104, 173, 0)
True, True, 0.4999, (0, 143, 92, 152, 27, 139, 63, 0)
True, True, 0.0354, (0, 81, 111, 55, 117, 108, 21, 7, 112, 14, 0)
True, True, 0.0714, (0, 34, 85, 81, 235, 161, 89, 160, 87, 0)
True, True, 0.3181, (0, 97, 225, 18, 39, 259, 0)
True, True, 0.0327, (0, 205, 74, 220, 190, 162, 283, 164, 98, 226, 0)
True, True, 0.1651, (0, 119, 88, 41, 9, 46, 0)
True, True, 0.1444, (0, 74, 164, 283, 162, 190, 220, 287, 160, 0)
True, True, 0.1049, (0, 115, 80, 33, 61, 92, 77, 143, 0)
True, True, 0.2941, (0, 12, 153, 28, 154, 244, 0)
True, True, 0.0327, (0, 120, 226, 208, 287, 89, 160, 0)
True, True, 0.0633, (0, 37, 174, 59, 274, 0)
True, True, 0.0698, (0, 173, 231, 23, 141, 144, 4, 31, 101, 10, 29, 118, 202, 163, 224, 276, 0)
True, True, 0.0623, (0, 242, 159, 118, 29, 83, 26, 223, 100, 285, 109, 0)
True, True, 0.025, (0, 220, 260, 19, 122, 55, 117, 21, 7, 112, 14, 0)
True, True, 0.1402, (0, 105, 47, 177, 150, 207, 194, 48, 264, 71, 0)
True, True, 0.0668, (0, 260, 61, 33, 80, 73, 111, 0)
True, True, 0.2927, (0, 258, 207, 242, 26, 223, 100, 285, 109, 105, 0)
True, True, 0.0144, (0, 116, 84, 41, 9, 88, 119, 83, 0)
True, True, 0.0536, (0, 132, 84, 127, 119, 88, 24, 68, 60, 83, 0)
True, True, 0.3338, (0, 227, 74, 220, 164, 283, 162, 190, 222, 161, 0)
True, True, 0.0654, (0, 226, 151, 74, 190, 162, 283, 164, 98, 50, 0)
True, True, 0.0216, (0, 173, 104, 23, 141, 144, 4, 129, 140, 68, 24, 60, 83, 100, 0)
True, True, 0.1252, (0, 134, 164, 283, 162, 190, 220, 74, 287, 0)
True, True, 0.0281, (0, 12, 37, 93, 42, 69, 138, 0)
True, True, 0.1832, (0, 220, 260, 44, 19, 122, 55, 115, 73, 108, 8, 0)
True, True, 0.0007, (0, 105, 47, 177, 150, 258, 207, 194, 224, 276, 237, 0)
True, True, 0.1733, (0, 236, 81, 8, 108, 117, 55, 122, 19, 44, 260, 0)
True, True, 0.1789, (0, 163, 159, 83, 60, 24, 68, 140, 129, 4, 144, 141, 23, 104, 231, 173, 0)
True, True, 0.2321, (0, 132, 84, 127, 119, 60, 24, 68, 140, 101, 10, 163, 0)
True, True, 0.2325, (0, 105, 177, 150, 258, 207, 194, 264, 71, 211, 0)
True, True, 0.1427, (0, 226, 74, 164, 283, 162, 190, 222, 89, 0)
True, True, 0.1706, (0, 276, 224, 242, 159, 118, 29, 83, 26, 223, 100, 109, 0)
True, True, 0.0014, (0, 171, 272, 150, 177, 285, 109, 47, 105, 0)
True, True, 0.0354, (0, 14, 112, 7, 21, 108, 73, 115, 122, 111, 8, 236, 0)
True, True, 0.0879, (0, 83, 119, 64, 3, 46, 0)
True, True, 0.0418, (0, 258, 242, 202, 159, 29, 83, 26, 223, 100, 285, 0)
True, True, 0.3178, (0, 151, 260, 44, 19, 188, 115, 73, 108, 117, 111, 0)
True, True, 0.1119, (0, 276, 224, 163, 202, 118, 10, 101, 129, 144, 4, 31, 49, 141, 23, 231, 173, 0)
True, True, 0.0534, (0, 116, 127, 119, 60, 24, 68, 140, 129, 31, 49, 104, 231, 0)
True, True, 0.0324, (0, 116, 84, 127, 119, 60, 24, 68, 140, 101, 10, 48, 0)
True, True, 0.0714, (0, 89, 161, 99, 221, 8, 21, 7, 14, 112, 85, 5, 0)
True, True, 0.1272, (0, 177, 150, 258, 207, 194, 48, 264, 224, 276, 237, 0)
True, True, 0.1422, (0, 173, 231, 104, 49, 31, 4, 144, 129, 140, 68, 24, 60, 83, 258, 0)
True, True, 0.0278, (0, 71, 48, 163, 202, 159, 29, 83, 26, 223, 100, 285, 109, 0)
True, True, 0.0546, (0, 8, 111, 122, 55, 115, 73, 108, 21, 7, 112, 133, 0)
True, True, 0.0546, (0, 112, 14, 108, 117, 55, 122, 19, 44, 0)
True, True, 0.0216, (0, 223, 119, 60, 24, 68, 140, 101, 10, 48, 0)
True, True, 0.0771, (0, 109, 100, 223, 26, 83, 29, 159, 202, 242, 258, 0)
True, True, 0.025, (0, 111, 117, 108, 73, 80, 188, 44, 260, 89, 0)
True, True, 0.2059, (0, 207, 242, 202, 118, 159, 26, 223, 100, 285, 0)
True, True, 0.0506, (0, 48, 202, 159, 29, 10, 101, 31, 4, 144, 141, 23, 104, 231, 173, 0)
True, True, 0.0355, (0, 71, 48, 202, 159, 29, 83, 26, 223, 100, 285, 109, 0)
True, True, 0.0699, (0, 231, 104, 23, 141, 49, 10, 101, 140, 68, 24, 60, 119, 127, 84, 0)
True, True, 0.009, (0, 173, 231, 23, 141, 49, 31, 129, 140, 68, 24, 60, 119, 0)
True, True, 0.0385, (0, 132, 116, 127, 119, 88, 24, 68, 140, 101, 49, 104, 231, 0)
True, True, 0.0205, (0, 257, 231, 104, 23, 141, 144, 4, 31, 49, 10, 29, 118, 202, 163, 224, 276, 0)
True, True, 0.0119, (0, 132, 116, 84, 127, 119, 88, 60, 140, 101, 10, 49, 104, 0)
False, True, 0.1332, (0, 34, 85, 81, 8, 21, 7, 112, 14, 34, 0)
False, True, 0.0075, (0, 5, 34, 85, 21, 7, 112, 14, 34, 5, 0)
False, True, 0.1477, (0, 39, 97, 18, 13, 39, 0)
True, True, 0.0007, (0, 237, 264, 48, 207, 258, 150, 177, 47, 105, 0)
False, False, 0.2289, (0, 182, 11, 182, 0)
False, True, 0.0344, (0, 131, 284, 120, 131, 0)
True, True, 0.0546, (0, 14, 7, 21, 108, 117, 55, 122, 111, 8, 57, 0)
False, True, 0.0061, (0, 138, 69, 97, 13, 69, 0)
True, True, 0.0633, (0, 231, 23, 141, 49, 31, 129, 140, 68, 60, 88, 119, 0)
False, True, 0.0317, (0, 34, 85, 81, 8, 21, 7, 112, 14, 34, 133, 0)
False, True, 0.3716, (0, 165, 87, 287, 205, 208, 226, 165, 0)
True, True, 0.0633, (0, 84, 127, 119, 88, 24, 60, 140, 129, 31, 49, 104, 231, 0)
True, True, 0.0669, (0, 173, 231, 23, 141, 144, 4, 31, 49, 101, 10, 29, 159, 242, 258, 0)
True, True, 0.0367, (0, 84, 127, 119, 88, 24, 68, 140, 129, 31, 49, 104, 231, 173, 0)
False, True, 0.1557, (0, 227, 134, 164, 283, 162, 190, 220, 74, 227, 0)
True, True, 0.018, (0, 257, 173, 104, 23, 141, 144, 4, 31, 49, 10, 29, 159, 242, 258, 0)
all_elementary, False
all_cyc2, False
