Instance, X-n289-k60
capacity, 267
min_trucks, 61
output_file, output_uchoa/X-n289-k60-SPPRC.log
Start date, 2022-06-30
Start time, 11-07-29
capacity, 267
num_vehicles, 61
abort_early, False
methods, ['SPPRC']
max_vars, 100
time_limit, 86400
farley, False
ESPPRC_heur, True
initial time, initial max_it, max_stale_it
1, 20000.0, 20
heuristic Number of routes, heuristic Best Solution Value, heuristic number of iterations, adjusted time, adjusted max_it, measured total time
195965, 95909.0, 20000, 1, 20000.0, 21104.3
method, python time, total time, propagated dominance time, unpropagated dominance time, pricing_success, upper_bound, lower_bound, abort_early, num_paths, 
SPPRC, 0.1, 1.7, 1.2, 0.3, 1, 94707.3563, 61697.7264, 0, 3423
SPPRC, 0.1, 1.6, 1.1, 0.3, 1, 94653.5335, 61652.3204, 0, 3257
SPPRC, 0.1, 1.8, 1.2, 0.3, 1, 94582.7003, 51979.9265, 0, 2879
SPPRC, 0.0, 1.7, 1.2, 0.3, 1, 94572.0754, 77095.8357, 0, 1736
SPPRC, 0.0, 1.7, 1.1, 0.3, 1, 94496.0878, 78860.3481, 0, 1598
SPPRC, 0.0, 1.7, 1.1, 0.3, 1, 94457.0268, 79051.3022, 0, 1499
SPPRC, 0.1, 1.6, 1.1, 0.3, 1, 94457.0268, 82962.2286, 0, 1209
SPPRC, 0.0, 1.8, 1.3, 0.3, 1, 94396.4699, 86055.1178, 0, 1025
SPPRC, 0.0, 1.8, 1.2, 0.3, 1, 94339.4141, 87844.4933, 0, 808
SPPRC, 0.0, 1.9, 1.3, 0.3, 1, 94138.4294, 86630.5392, 0, 699
SPPRC, 0.0, 1.8, 1.3, 0.3, 1, 94023.1229, 89465.0368, 0, 601
SPPRC, 0.1, 1.9, 1.4, 0.3, 1, 93880.1103, 88749.7239, 0, 478
SPPRC, 0.0, 1.9, 1.3, 0.3, 1, 93782.5165, 90426.0286, 0, 375
SPPRC, 0.0, 1.9, 1.3, 0.3, 1, 93720.7622, 90944.2744, 0, 280
SPPRC, 0.0, 2.0, 1.4, 0.3, 1, 93670.6627, 91483.6718, 0, 221
SPPRC, -0.0, 2.0, 1.4, 0.3, 1, 93638.0742, 92485.9288, 0, 134
SPPRC, 0.0, 2.0, 1.4, 0.3, 1, 93614.2351, 92975.2316, 0, 60
SPPRC, 0.0, 2.0, 1.4, 0.3, 1, 93608.2546, 93150.727, 0, 32
SPPRC, -0.0, 2.0, 1.4, 0.3, 1, 93603.7988, 93125.4183, 0, 13
SPPRC, 0.0, 2.0, 1.4, 0.3, 1, 93603.5921, 93403.2538, 0, 9
SPPRC, 0.0, 2.0, 1.4, 0.3, 1, 93603.5316, 93540.128, 0, 5
SPPRC, 0.0, 2.0, 1.4, 0.3, 1, 93603.5127, 93603.5127, 0, 0
scip_total_time, 21239.214112
Solval, number of paths, impact cutoff
93603.5126897941, 271, 0.0001
Elementary, 2-Cycle, Path Value, Path
True, True, 0.1603, (0, 138, 42, 93, 106, 0)
True, True, 0.7444, (0, 197, 148, 269, 0)
True, True, 1.0, (0, 169, 145, 254, 0)
True, True, 0.957, (0, 175, 201, 167, 185, 0)
True, True, 0.4027, (0, 209, 94, 204, 0)
True, True, 0.696, (0, 256, 280, 219, 198, 0)
True, True, 0.3747, (0, 236, 17, 235, 99, 221, 222, 161, 89, 160, 0)
True, True, 0.5347, (0, 126, 56, 123, 0)
True, True, 0.858, (0, 196, 215, 43, 266, 0)
True, True, 0.2356, (0, 165, 227, 226, 134, 50, 120, 0)
True, True, 0.8199, (0, 228, 252, 277, 0)
True, True, 0.2958, (0, 54, 234, 179, 0)
True, True, 0.5, (0, 128, 20, 135, 0)
True, True, 0.4742, (0, 244, 22, 11, 106, 0)
True, True, 0.5991, (0, 64, 9, 41, 88, 0)
True, True, 0.0104, (0, 110, 125, 114, 0)
True, True, 0.4653, (0, 45, 284, 56, 90, 0)
True, True, 0.0648, (0, 256, 219, 198, 121, 0)
True, True, 0.2103, (0, 193, 32, 240, 286, 0)
True, True, 0.5882, (0, 192, 249, 51, 0)
True, True, 0.4722, (0, 246, 110, 45, 156, 0)
True, True, 0.8217, (0, 288, 176, 70, 0)
True, True, 0.3973, (0, 79, 261, 172, 95, 0)
True, True, 0.0185, (0, 233, 282, 275, 0)
True, True, 0.0845, (0, 216, 176, 70, 92, 77, 0)
True, True, 0.5208, (0, 157, 200, 28, 0)
True, True, 1.0, (0, 270, 195, 107, 0)
True, True, 0.7515, (0, 149, 187, 273, 0)
True, True, 0.2556, (0, 280, 155, 197, 0)
True, True, 0.5907, (0, 91, 209, 239, 212, 0)
True, True, 0.6027, (0, 95, 261, 216, 96, 0)
True, True, 0.2683, (0, 200, 157, 172, 0)
True, True, 0.03, (0, 113, 103, 124, 137, 0)
True, True, 0.5, (0, 183, 229, 76, 0)
True, True, 0.0146, (0, 189, 170, 240, 0)
True, True, 0.3855, (0, 91, 16, 241, 40, 0)
True, True, 0.5258, (0, 11, 113, 93, 0)
True, True, 0.1196, (0, 79, 277, 251, 198, 0)
True, True, 0.0905, (0, 154, 28, 153, 22, 0)
True, True, 0.5622, (0, 170, 206, 253, 0)
True, True, 0.3187, (0, 239, 16, 241, 40, 0)
True, True, 0.2958, (0, 40, 54, 234, 0)
True, True, 0.0168, (0, 229, 184, 76, 0)
True, True, 0.2109, (0, 157, 148, 200, 0)
True, True, 0.1042, (0, 174, 268, 6, 67, 0)
True, True, 0.5131, (0, 171, 281, 272, 199, 271, 0)
True, True, 0.3537, (0, 146, 191, 257, 72, 54, 0)
True, True, 0.109, (0, 184, 243, 228, 0)
True, True, 0.5, (0, 248, 214, 168, 147, 0)
True, True, 0.3344, (0, 151, 63, 18, 13, 97, 0)
True, True, 0.3055, (0, 212, 166, 146, 245, 0)
True, True, 0.2778, (0, 246, 123, 156, 203, 0)
True, True, 0.4653, (0, 114, 125, 126, 0)
True, True, 0.0066, (0, 245, 204, 209, 0)
True, True, 0.4384, (0, 75, 153, 121, 52, 12, 0)
True, True, 0.0907, (0, 245, 204, 146, 239, 0)
True, True, 0.012, (0, 178, 86, 216, 96, 0)
True, True, 0.0931, (0, 93, 113, 124, 137, 0)
True, True, 0.2908, (0, 143, 61, 33, 80, 188, 0)
True, True, 0.5, (0, 110, 90, 284, 131, 0)
True, True, 0.3333, (0, 130, 85, 81, 221, 99, 235, 17, 0)
True, True, 0.0741, (0, 3, 64, 9, 67, 0)
True, True, 0.0609, (0, 15, 245, 94, 212, 0)
True, True, 0.043, (0, 32, 179, 185, 253, 0)
True, True, 0.0483, (0, 280, 277, 266, 219, 0)
True, True, 0.537, (0, 98, 66, 77, 152, 27, 139, 0)
True, True, 0.3589, (0, 63, 139, 27, 152, 92, 143, 0)
True, True, 0.7365, (0, 137, 251, 65, 158, 0)
True, True, 0.0621, (0, 34, 85, 81, 221, 99, 235, 17, 236, 57, 0)
True, True, 0.0359, (0, 259, 139, 27, 152, 143, 151, 0)
True, True, 0.0003, (0, 98, 66, 92, 152, 27, 139, 0)
True, True, 0.043, (0, 167, 212, 94, 245, 0)
True, True, 0.0238, (0, 245, 94, 91, 201, 0)
True, True, 0.1448, (0, 287, 89, 161, 222, 221, 81, 85, 34, 0)
True, True, 0.0851, (0, 34, 85, 81, 235, 161, 89, 160, 87, 0)
True, True, 0.2503, (0, 115, 80, 33, 61, 92, 77, 143, 0)
True, True, 0.2485, (0, 259, 39, 262, 149, 184, 0)
True, True, 0.0032, (0, 97, 18, 139, 66, 98, 0)
True, True, 0.0851, (0, 236, 17, 89, 222, 221, 81, 85, 34, 0)
True, True, 0.1015, (0, 44, 19, 188, 80, 73, 108, 117, 0)
True, True, 0.1934, (0, 260, 44, 19, 188, 115, 73, 108, 117, 111, 57, 0)
False, False, 0.0952, (0, 14, 112, 14, 112, 14, 112, 14, 112, 14, 0)
False, False, 0.0044, (0, 258, 242, 223, 26, 223, 26, 223, 0)
False, False, 0.3333, (0, 238, 265, 238, 279, 0)
False, False, 0.3234, (0, 121, 46, 35, 46, 0)
False, False, 0.5, (0, 213, 267, 213, 0)
False, False, 0.1278, (0, 269, 155, 269, 0)
False, False, 0.4948, (0, 259, 69, 42, 69, 138, 182, 0)
False, False, 0.153, (0, 33, 61, 33, 92, 0)
False, False, 0.5, (0, 247, 36, 247, 0)
False, False, 0.3333, (0, 265, 238, 265, 243, 0)
False, False, 0.5, (0, 3, 274, 174, 274, 0)
False, False, 0.4122, (0, 229, 186, 102, 186, 0)
False, False, 0.2635, (0, 155, 158, 155, 0)
False, False, 0.0469, (0, 102, 186, 102, 176, 0)
False, False, 0.0998, (0, 237, 171, 237, 171, 237, 171, 237, 0)
False, False, 0.0012, (0, 63, 152, 27, 152, 63, 0)
False, False, 0.5, (0, 232, 183, 232, 0)
False, False, 0.4384, (0, 37, 124, 103, 124, 0)
False, False, 0.1105, (0, 173, 231, 104, 23, 141, 23, 141, 23, 141, 23, 141, 23, 141, 23, 141, 23, 141, 23, 231, 173, 0)
False, False, 0.4722, (0, 136, 203, 136, 0)
False, False, 0.0168, (0, 105, 47, 177, 47, 105, 47, 105, 47, 105, 0)
False, False, 0.3681, (0, 103, 154, 28, 154, 0)
False, True, 0.5, (0, 78, 128, 20, 78, 0)
False, False, 0.153, (0, 260, 92, 61, 33, 61, 0)
False, False, 0.2485, (0, 184, 187, 184, 0)
False, False, 0.0012, (0, 27, 152, 27, 63, 0)
False, False, 0.4118, (0, 250, 51, 250, 180, 0)
False, False, 0.2958, (0, 166, 241, 166, 0)
False, False, 0.1288, (0, 262, 186, 262, 184, 0)
False, False, 0.1036, (0, 8, 111, 117, 108, 117, 108, 117, 111, 8, 0)
False, True, 0.2485, (0, 279, 273, 243, 279, 0)
False, False, 0.3235, (0, 218, 286, 218, 53, 0)
False, False, 0.205, (0, 71, 264, 48, 264, 48, 264, 48, 194, 224, 276, 237, 0)
False, False, 0.349, (0, 132, 268, 6, 268, 0)
False, True, 0.1033, (0, 104, 49, 31, 129, 140, 68, 24, 60, 140, 129, 31, 49, 104, 0)
False, False, 0.5, (0, 38, 36, 38, 131, 0)
False, False, 0.4178, (0, 1, 179, 1, 32, 0)
False, False, 0.4832, (0, 178, 76, 178, 79, 0)
False, False, 0.09, (0, 252, 243, 252, 0)
False, False, 0.5, (0, 181, 142, 267, 142, 0)
False, False, 0.0987, (0, 243, 279, 243, 215, 0)
False, False, 0.3529, (0, 58, 82, 58, 0)
False, False, 0.3333, (0, 278, 2, 278, 0)
False, True, 0.494, (0, 86, 262, 102, 86, 0)
False, False, 0.1029, (0, 249, 218, 249, 0)
False, False, 0.2482, (0, 8, 108, 115, 73, 80, 73, 108, 8, 0)
False, False, 0.0149, (0, 3, 64, 3, 46, 0)
False, True, 0.0087, (0, 284, 165, 120, 284, 0)
False, False, 0.0014, (0, 8, 108, 73, 80, 73, 115, 117, 111, 99, 0)
False, True, 0.2941, (0, 180, 82, 58, 180, 0)
False, False, 0.0939, (0, 53, 193, 253, 193, 0)
False, False, 0.3344, (0, 13, 225, 172, 225, 0)
False, False, 0.301, (0, 193, 253, 193, 286, 0)
False, False, 0.2561, (0, 230, 96, 230, 63, 98, 0)
False, False, 0.5, (0, 255, 204, 255, 0)
False, False, 0.2526, (0, 182, 244, 22, 244, 182, 0)
False, False, 0.1431, (0, 30, 130, 57, 130, 57, 130, 30, 0)
False, False, 0.125, (0, 156, 123, 156, 203, 0)
False, False, 0.2489, (0, 100, 26, 223, 26, 223, 26, 100, 0)
False, False, 0.5, (0, 217, 147, 217, 0)
False, False, 0.5, (0, 59, 6, 59, 84, 0)
False, False, 0.043, (0, 210, 175, 210, 0)
False, False, 0.3383, (0, 35, 46, 35, 132, 0)
False, False, 0.2059, (0, 192, 249, 192, 0)
False, False, 0.3312, (0, 39, 97, 225, 97, 39, 0)
False, False, 0.25, (0, 135, 246, 135, 0)
False, False, 0.1251, (0, 146, 257, 191, 257, 191, 257, 146, 0)
False, False, 0.0087, (0, 151, 164, 283, 162, 283, 162, 283, 164, 0)
False, False, 0.1196, (0, 256, 219, 256, 198, 0)
False, False, 0.103, (0, 191, 257, 191, 257, 191, 166, 0)
False, False, 0.1621, (0, 259, 42, 93, 42, 138, 0)
False, True, 0.2874, (0, 120, 226, 50, 120, 0)
False, False, 0.0132, (0, 190, 283, 162, 283, 162, 283, 190, 220, 0)
False, False, 0.0368, (0, 71, 49, 31, 129, 144, 4, 144, 4, 144, 129, 31, 49, 71, 0)
False, False, 0.1982, (0, 258, 83, 60, 140, 60, 24, 68, 24, 60, 83, 258, 0)
False, False, 0.0326, (0, 191, 257, 231, 173, 231, 173, 231, 173, 231, 173, 231, 173, 231, 173, 231, 173, 231, 173, 231, 173, 231, 173, 231, 173, 231, 173, 231, 173, 231, 173, 231, 173, 231, 173, 231, 173, 257, 0)
False, False, 0.1979, (0, 67, 174, 268, 174, 0)
False, False, 0.3333, (0, 2, 278, 2, 0)
False, False, 0.1765, (0, 82, 250, 82, 0)
False, False, 0.3312, (0, 18, 13, 18, 66, 0)
False, True, 0.1928, (0, 207, 242, 202, 118, 159, 29, 118, 202, 242, 207, 0)
False, True, 0.0122, (0, 219, 277, 251, 219, 0)
False, False, 0.1305, (0, 160, 287, 89, 287, 160, 89, 160, 87, 0)
False, True, 0.0625, (0, 203, 123, 45, 203, 0)
False, False, 0.1526, (0, 104, 49, 31, 129, 4, 144, 4, 144, 4, 129, 31, 49, 0)
False, False, 0.3889, (0, 282, 263, 214, 263, 0)
False, False, 0.2149, (0, 52, 153, 75, 153, 52, 0)
False, False, 0.1043, (0, 104, 49, 31, 129, 101, 10, 101, 10, 101, 129, 31, 49, 104, 231, 173, 0)
False, False, 0.014, (0, 163, 29, 83, 119, 127, 119, 127, 119, 127, 119, 127, 0)
False, False, 0.0646, (0, 139, 96, 230, 96, 0)
False, False, 0.1827, (0, 106, 22, 106, 138, 0)
False, False, 0.2958, (0, 211, 72, 211, 72, 211, 16, 0)
False, False, 0.0481, (0, 237, 276, 224, 194, 224, 194, 224, 194, 163, 194, 224, 276, 237, 0)
False, False, 0.1404, (0, 12, 37, 137, 37, 12, 37, 12, 37, 12, 0)
False, True, 0.071, (0, 43, 279, 228, 43, 0)
False, False, 0.1635, (0, 113, 103, 113, 0)
False, False, 0.0657, (0, 84, 127, 119, 127, 119, 127, 119, 127, 84, 116, 132, 0)
False, False, 0.0554, (0, 260, 44, 19, 188, 115, 188, 115, 188, 19, 44, 0)
False, True, 0.2758, (0, 74, 220, 190, 164, 283, 162, 190, 220, 74, 0)
False, False, 0.2008, (0, 71, 264, 48, 194, 207, 194, 224, 276, 224, 276, 224, 276, 237, 0)
False, False, 0.2622, (0, 114, 125, 114, 0)
False, False, 0.5, (0, 53, 62, 168, 62, 0)
False, False, 0.5, (0, 25, 275, 25, 0)
False, False, 0.0469, (0, 151, 70, 176, 70, 63, 0)
False, False, 0.0485, (0, 87, 287, 205, 208, 205, 87, 227, 0)
False, False, 0.0206, (0, 153, 28, 153, 244, 0)
False, False, 0.1422, (0, 84, 127, 41, 9, 41, 88, 83, 163, 0)
False, False, 0.2183, (0, 47, 100, 223, 26, 223, 100, 47, 105, 0)
False, False, 0.106, (0, 71, 163, 29, 10, 101, 10, 101, 10, 101, 10, 101, 10, 29, 163, 71, 0)
False, False, 0.1429, (0, 34, 112, 7, 21, 7, 21, 7, 112, 14, 34, 0)
False, False, 0.071, (0, 196, 229, 196, 0)
False, False, 0.2253, (0, 50, 164, 162, 283, 162, 164, 50, 0)
False, False, 0.2357, (0, 165, 205, 208, 205, 287, 87, 165, 0)
False, False, 0.0905, (0, 120, 227, 87, 227, 120, 0)
False, False, 0.0746, (0, 260, 44, 19, 122, 55, 122, 55, 111, 19, 44, 260, 0)
False, True, 0.3119, (0, 116, 67, 64, 3, 67, 116, 0)
False, False, 0.0556, (0, 248, 214, 136, 214, 0)
False, False, 0.0192, (0, 210, 201, 210, 0)
False, False, 0.3704, (0, 233, 282, 233, 0)
False, False, 0.1122, (0, 234, 281, 234, 0)
False, False, 0.0103, (0, 42, 93, 42, 69, 259, 0)
False, False, 0.2222, (0, 248, 263, 248, 282, 0)
False, True, 0.4696, (0, 15, 245, 94, 15, 0)
False, False, 0.0242, (0, 259, 93, 113, 93, 259, 0)
False, False, 0.0162, (0, 88, 41, 9, 41, 88, 0)
False, False, 0.2434, (0, 199, 150, 177, 150, 177, 47, 105, 0)
False, False, 0.0448, (0, 155, 148, 155, 0)
False, False, 0.0217, (0, 215, 243, 215, 178, 0)
False, False, 0.058, (0, 116, 127, 119, 127, 119, 88, 119, 127, 84, 116, 0)
False, False, 0.0842, (0, 3, 9, 41, 9, 0)
False, False, 0.1448, (0, 34, 85, 81, 235, 81, 85, 34, 0)
False, False, 0.1318, (0, 65, 251, 65, 52, 0)
False, False, 0.1105, (0, 231, 104, 23, 141, 144, 4, 144, 4, 144, 4, 144, 4, 144, 141, 173, 0)
False, False, 0.2842, (0, 87, 287, 208, 205, 208, 227, 165, 0)
False, False, 0.1196, (0, 105, 109, 285, 109, 285, 109, 285, 109, 285, 109, 105, 0)
False, False, 0.0737, (0, 227, 226, 208, 205, 208, 205, 160, 0)
False, False, 0.098, (0, 8, 117, 115, 73, 80, 73, 115, 117, 111, 0)
False, False, 0.25, (0, 218, 181, 240, 181, 0)
False, False, 0.0469, (0, 266, 6, 266, 219, 0)
False, False, 0.0892, (0, 39, 288, 216, 288, 0)
False, False, 0.1506, (0, 226, 134, 151, 134, 151, 134, 151, 134, 226, 227, 0)
False, False, 0.1841, (0, 234, 281, 171, 281, 0)
False, False, 0.1429, (0, 21, 7, 21, 7, 21, 7, 21, 112, 14, 112, 14, 0)
False, False, 0.1221, (0, 134, 151, 74, 220, 74, 220, 190, 222, 161, 17, 0)
False, False, 0.2622, (0, 125, 30, 133, 5, 133, 5, 133, 5, 30, 0)
False, True, 0.0099, (0, 44, 19, 188, 80, 73, 188, 19, 44, 0)
False, True, 0.0641, (0, 66, 143, 77, 152, 27, 77, 66, 0)
False, False, 0.0083, (0, 194, 163, 202, 118, 159, 118, 159, 118, 159, 118, 202, 242, 207, 258, 0)
False, False, 0.0131, (0, 132, 116, 127, 119, 127, 119, 127, 116, 132, 100, 0)
False, False, 0.4232, (0, 189, 170, 189, 0)
False, False, 0.4378, (0, 210, 206, 210, 0)
False, False, 0.2407, (0, 275, 233, 275, 0)
False, False, 0.024, (0, 30, 5, 133, 5, 133, 57, 130, 57, 130, 57, 130, 57, 0)
False, False, 0.0933, (0, 105, 285, 109, 285, 109, 285, 109, 285, 109, 285, 105, 0)
False, False, 0.0174, (0, 90, 284, 90, 110, 0)
False, False, 0.2116, (0, 230, 216, 230, 0)
False, False, 0.2434, (0, 272, 150, 177, 47, 177, 150, 272, 0)
False, False, 0.0476, (0, 21, 7, 21, 7, 21, 7, 14, 112, 14, 34, 0)
False, False, 0.1733, (0, 154, 75, 121, 75, 0)
False, False, 0.2034, (0, 236, 161, 222, 190, 283, 162, 283, 164, 98, 0)
False, False, 0.0095, (0, 105, 177, 109, 285, 109, 285, 109, 285, 47, 105, 0)
False, False, 0.0236, (0, 236, 161, 222, 190, 260, 190, 222, 161, 89, 160, 0)
False, False, 0.1684, (0, 132, 116, 84, 127, 119, 88, 119, 83, 29, 118, 163, 0)
False, False, 0.0053, (0, 104, 49, 31, 129, 144, 4, 144, 4, 144, 129, 31, 49, 104, 173, 0)
False, False, 0.0547, (0, 54, 211, 72, 211, 191, 0)
False, False, 0.0397, (0, 226, 134, 74, 220, 74, 220, 74, 220, 74, 226, 0)
False, False, 0.1644, (0, 32, 1, 32, 240, 0)
False, False, 0.2285, (0, 236, 99, 111, 55, 122, 55, 122, 188, 19, 44, 260, 0)
False, False, 0.0042, (0, 71, 194, 163, 202, 118, 159, 29, 159, 29, 159, 118, 202, 163, 194, 276, 0)
False, False, 0.139, (0, 240, 189, 240, 0)
False, False, 0.2434, (0, 271, 199, 271, 179, 0)
False, False, 0.0826, (0, 53, 286, 240, 286, 0)
False, False, 0.0828, (0, 30, 57, 130, 57, 130, 133, 5, 133, 5, 30, 0)
False, False, 0.1969, (0, 260, 44, 19, 122, 55, 122, 55, 117, 111, 8, 57, 0)
False, True, 0.0265, (0, 227, 220, 190, 164, 283, 162, 164, 50, 0)
False, False, 0.1061, (0, 71, 10, 101, 140, 68, 140, 68, 24, 68, 140, 101, 10, 163, 71, 0)
False, False, 0.0257, (0, 87, 160, 89, 287, 87, 160, 87, 0)
False, False, 0.0263, (0, 105, 285, 100, 223, 26, 223, 100, 150, 0)
False, False, 0.1901, (0, 104, 49, 31, 129, 140, 68, 24, 68, 24, 60, 83, 163, 0)
False, False, 0.0227, (0, 226, 74, 220, 74, 220, 190, 222, 161, 17, 236, 0)
False, False, 0.092, (0, 71, 264, 48, 264, 48, 194, 207, 194, 276, 237, 0)
False, False, 0.2097, (0, 258, 242, 202, 159, 29, 159, 118, 159, 202, 242, 207, 258, 0)
False, False, 0.0123, (0, 163, 159, 29, 10, 101, 10, 101, 10, 101, 10, 29, 118, 202, 163, 0)
False, False, 0.0033, (0, 281, 237, 281, 171, 237, 211, 0)
False, False, 0.0788, (0, 258, 242, 202, 118, 29, 159, 29, 118, 202, 242, 207, 258, 0)
False, False, 0.0525, (0, 163, 83, 119, 127, 119, 127, 119, 127, 119, 132, 0)
False, False, 0.0053, (0, 231, 104, 23, 141, 144, 4, 144, 4, 144, 4, 129, 31, 49, 104, 231, 173, 0)
False, False, 0.014, (0, 163, 101, 140, 60, 140, 60, 140, 60, 24, 60, 83, 258, 0)
False, False, 0.0112, (0, 83, 60, 140, 60, 140, 60, 140, 60, 140, 60, 83, 163, 0)
False, False, 0.0124, (0, 207, 242, 159, 118, 159, 118, 159, 29, 159, 242, 207, 0)
all_elementary, False
all_cyc2, False
