Instance, X-n266-k58
capacity, 35
min_trucks, 58
output_file, output_uchoa/X-n266-k58-cyc2.log
Start date, 2022-07-01
Start time, 04-52-29
capacity, 35
num_vehicles, 58
abort_early, False
methods, ['cyc2']
max_vars, 100
time_limit, 86400
farley, False
ESPPRC_heur, True
initial time, initial max_it, max_stale_it
1, 20000.0, 20
heuristic Number of routes, heuristic Best Solution Value, heuristic number of iterations, adjusted time, adjusted max_it, measured total time
91019, 76299.0, 20000, 1, 20000.0, 20723.2
method, python time, total time, propagated dominance time, unpropagated dominance time, pricing_success, upper_bound, lower_bound, abort_early, num_paths, 
ESPPRC_heur, 0.1, 0.1, 0.0, 0.0, 0, 75002.6961, 71290.6961, True, 10
ESPPRC_heur, 0.0, 0.2, 0.1, 0.0, 0, 74989.3992, 74873.3992, True, 3
cyc2, 0.1, 2.6, 0.0, 0.0, 1, 74989.2871, 65835.3658, 0, 469
ESPPRC_heur, -0.0, 0.2, 0.1, 0.0, 0, 74656.6883, 72602.4939, True, 9
cyc2, -0.0, 2.7, 0.0, 0.0, 1, 74652.2051, 68347.8056, 0, 307
ESPPRC_heur, -0.0, 0.2, 0.1, 0.0, 0, 74520.2828, 74390.1145, True, 1
cyc2, 0.0, 2.7, 0.0, 0.0, 1, 74520.2823, 70106.6824, 0, 207
ESPPRC_heur, 0.0, 0.2, 0.1, 0.0, 0, 74471.1205, 74233.6676, True, 3
cyc2, 0.1, 2.6, 0.0, 0.0, 1, 74471.1205, 72803.363, 0, 124
ESPPRC_heur, 0.0, 0.2, 0.1, 0.0, 0, 74444.6771, 74177.5102, True, 6
cyc2, -0.0, 2.7, 0.0, 0.0, 1, 74444.0842, 73028.4468, 0, 37
ESPPRC_heur, 0.0, 0.2, 0.1, 0.0, 0, 74441.5141, 74430.1, True, 2
cyc2, -0.0, 2.8, 0.0, 0.0, 1, 74441.5141, 74302.3141, 0, 8
cyc2, -0.0, 2.8, 0.0, 0.0, 1, 74441.3392, 74441.3392, 0, 0
scip_total_time, 20770.879049
Solval, number of paths, impact cutoff
74441.33921751297, 228, 0.0001
Elementary, 2-Cycle, Path Value, Path
True, True, 0.4487, (0, 40, 70, 82, 49, 106, 0)
True, True, 0.7052, (0, 147, 246, 154, 209, 0)
True, True, 0.5619, (0, 105, 184, 34, 175, 0)
True, True, 0.1087, (0, 50, 61, 93, 80, 0)
True, True, 0.828, (0, 103, 88, 237, 197, 206, 0)
True, True, 0.715, (0, 84, 230, 217, 134, 239, 0)
True, True, 0.1245, (0, 52, 78, 95, 116, 14, 0)
True, True, 0.25, (0, 89, 51, 249, 29, 0)
True, True, 0.7784, (0, 224, 91, 58, 18, 0)
True, True, 0.0618, (0, 67, 127, 203, 196, 0)
True, True, 0.6012, (0, 262, 166, 171, 193, 62, 0)
True, True, 0.4104, (0, 59, 110, 124, 44, 0)
True, True, 0.2687, (0, 225, 128, 87, 22, 0)
True, True, 0.2216, (0, 224, 24, 91, 58, 0)
True, True, 0.164, (0, 172, 123, 180, 217, 0)
True, True, 0.5513, (0, 40, 70, 82, 49, 90, 0)
True, True, 0.414, (0, 254, 164, 25, 227, 0)
True, True, 0.4653, (0, 69, 53, 157, 158, 211, 0)
True, True, 0.5247, (0, 188, 63, 245, 253, 0)
True, True, 0.5, (0, 72, 11, 9, 37, 71, 0)
True, True, 0.2168, (0, 152, 57, 133, 240, 204, 0)
True, True, 0.1111, (0, 153, 180, 123, 172, 0)
True, True, 0.25, (0, 109, 89, 51, 249, 0)
True, True, 0.2527, (0, 191, 231, 73, 154, 0)
True, True, 0.4714, (0, 215, 168, 264, 201, 250, 0)
True, True, 0.0887, (0, 135, 222, 255, 67, 0)
True, True, 0.6049, (0, 196, 203, 127, 255, 0)
True, True, 0.8602, (0, 232, 178, 229, 248, 150, 0)
True, True, 0.2715, (0, 142, 260, 222, 145, 135, 0)
True, True, 1.0, (0, 156, 214, 140, 226, 0)
True, True, 0.5, (0, 32, 28, 11, 71, 1, 0)
True, True, 0.0556, (0, 120, 17, 122, 39, 0)
True, True, 0.4023, (0, 181, 21, 258, 174, 0)
True, True, 0.4, (0, 2, 93, 61, 119, 26, 0)
True, True, 0.1535, (0, 257, 86, 14, 42, 151, 0)
True, True, 0.0699, (0, 232, 178, 229, 248, 259, 0)
True, True, 0.0305, (0, 108, 96, 121, 126, 0)
True, True, 0.4381, (0, 53, 188, 175, 158, 0)
True, True, 0.1609, (0, 63, 105, 184, 34, 0)
True, True, 0.1417, (0, 164, 234, 114, 13, 219, 0)
True, True, 0.1147, (0, 21, 258, 174, 183, 0)
True, True, 0.5, (0, 192, 52, 78, 95, 86, 0)
True, True, 1.0, (0, 242, 190, 12, 205, 155, 0)
True, True, 0.8465, (0, 212, 132, 151, 42, 0)
True, True, 0.5872, (0, 137, 148, 20, 10, 0)
True, True, 0.6783, (0, 187, 99, 252, 199, 79, 0)
True, True, 0.0074, (0, 168, 79, 264, 201, 215, 0)
True, True, 0.0804, (0, 200, 244, 216, 169, 210, 0)
True, True, 0.25, (0, 92, 101, 56, 208, 129, 0)
True, True, 0.6783, (0, 160, 200, 136, 207, 15, 0)
True, True, 0.2435, (0, 65, 44, 124, 110, 0)
True, True, 0.1609, (0, 99, 200, 207, 179, 15, 0)
True, True, 0.0913, (0, 50, 117, 61, 119, 26, 0)
True, True, 0.1626, (0, 204, 240, 182, 161, 173, 0)
True, True, 0.5, (0, 54, 221, 75, 101, 92, 0)
True, True, 0.3611, (0, 107, 8, 9, 37, 1, 0)
True, True, 0.3056, (0, 35, 122, 17, 120, 0)
True, True, 0.2001, (0, 220, 210, 169, 216, 228, 0)
True, True, 0.6084, (0, 162, 182, 159, 241, 0)
True, True, 0.3916, (0, 240, 180, 123, 172, 0)
True, True, 0.2531, (0, 225, 87, 22, 23, 0)
True, True, 0.1593, (0, 81, 166, 20, 148, 0)
True, True, 0.4783, (0, 87, 38, 111, 36, 0)
True, True, 0.5, (0, 218, 113, 192, 176, 256, 0)
True, True, 0.3144, (0, 33, 63, 245, 253, 0)
True, True, 0.3691, (0, 257, 78, 83, 72, 0)
True, True, 0.1667, (0, 51, 54, 146, 94, 189, 0)
True, True, 0.5, (0, 165, 202, 195, 0)
True, True, 0.5, (0, 218, 113, 135, 67, 259, 0)
True, True, 0.1667, (0, 189, 146, 51, 249, 0)
True, True, 0.164, (0, 21, 258, 152, 204, 134, 0)
True, True, 0.594, (0, 263, 29, 109, 233, 81, 0)
True, True, 0.5789, (0, 152, 231, 73, 191, 0)
True, True, 0.1667, (0, 143, 189, 146, 94, 89, 0)
True, True, 0.0487, (0, 14, 6, 64, 30, 0)
True, True, 0.1778, (0, 66, 59, 104, 246, 0)
True, True, 0.1129, (0, 263, 109, 29, 84, 47, 0)
True, True, 0.5652, (0, 50, 2, 48, 131, 4, 0)
True, True, 0.1409, (0, 44, 65, 106, 115, 90, 0)
True, True, 0.1801, (0, 128, 7, 77, 108, 0)
True, True, 0.2778, (0, 120, 17, 8, 85, 0)
True, True, 0.3333, (0, 163, 180, 123, 249, 0)
True, True, 0.172, (0, 88, 237, 47, 206, 0)
True, True, 0.0064, (0, 83, 78, 95, 14, 0)
True, True, 0.2, (0, 26, 119, 61, 80, 131, 0)
True, True, 0.0804, (0, 252, 160, 200, 207, 179, 0)
True, True, 0.0643, (0, 69, 53, 33, 104, 0)
True, True, 0.0403, (0, 174, 152, 258, 181, 0)
True, True, 0.0319, (0, 20, 166, 186, 81, 0)
True, True, 0.3461, (0, 115, 124, 110, 104, 0)
True, True, 0.2567, (0, 23, 213, 128, 225, 19, 0)
True, True, 0.2391, (0, 247, 130, 38, 7, 0)
True, True, 0.3478, (0, 130, 111, 36, 46, 0)
True, True, 0.0699, (0, 259, 229, 178, 232, 250, 0)
True, True, 0.1, (0, 74, 244, 210, 220, 160, 0)
True, True, 0.2, (0, 48, 80, 61, 119, 26, 0)
True, True, 0.163, (0, 141, 234, 164, 254, 0)
True, True, 0.1185, (0, 83, 32, 30, 14, 0)
True, True, 0.1535, (0, 250, 138, 212, 132, 79, 0)
True, True, 0.25, (0, 45, 101, 75, 129, 221, 0)
True, True, 0.1944, (0, 56, 35, 122, 120, 45, 0)
True, True, 0.0371, (0, 158, 34, 184, 188, 157, 0)
True, True, 0.043, (0, 27, 233, 109, 29, 47, 0)
True, True, 0.121, (0, 263, 230, 217, 134, 239, 0)
True, True, 0.0054, (0, 77, 7, 22, 213, 0)
True, True, 0.2477, (0, 213, 216, 169, 210, 220, 0)
True, True, 0.117, (0, 238, 59, 104, 246, 0)
True, True, 0.172, (0, 103, 170, 25, 112, 149, 0)
True, True, 0.3911, (0, 30, 6, 3, 116, 14, 0)
True, True, 0.172, (0, 141, 254, 164, 227, 0)
True, True, 0.1417, (0, 254, 234, 114, 141, 0)
True, True, 0.3333, (0, 177, 127, 260, 222, 145, 0)
True, True, 0.3333, (0, 89, 94, 146, 54, 172, 0)
True, True, 0.1566, (0, 185, 262, 81, 27, 139, 0)
True, True, 0.0487, (0, 30, 64, 3, 116, 14, 0)
True, True, 0.0729, (0, 23, 213, 22, 128, 19, 0)
True, True, 0.1373, (0, 52, 30, 32, 83, 0)
True, True, 0.229, (0, 240, 182, 173, 241, 0)
True, True, 0.1078, (0, 72, 83, 52, 86, 145, 0)
True, True, 0.0174, (0, 220, 210, 216, 213, 23, 0)
True, True, 0.0278, (0, 85, 107, 100, 17, 35, 0)
True, True, 0.25, (0, 85, 107, 100, 17, 122, 0)
True, True, 0.2948, (0, 66, 59, 104, 147, 0)
False, True, 0.4348, (0, 60, 46, 4, 60, 220, 0)
False, True, 0.1978, (0, 179, 136, 74, 179, 0)
False, True, 0.0821, (0, 98, 238, 66, 98, 238, 0)
False, True, 0.2812, (0, 194, 98, 238, 66, 98, 194, 0)
False, True, 0.3423, (0, 64, 3, 6, 64, 0)
False, True, 0.2442, (0, 28, 32, 30, 28, 0)
False, True, 0.1093, (0, 112, 194, 238, 98, 112, 149, 0)
False, True, 0.1296, (0, 161, 215, 138, 201, 264, 138, 0)
False, True, 0.1642, (0, 194, 238, 98, 66, 238, 194, 0)
False, True, 0.3611, (0, 85, 100, 107, 8, 100, 0)
False, True, 0.172, (0, 197, 47, 263, 84, 47, 0)
False, True, 0.25, (0, 243, 108, 167, 243, 0)
False, True, 0.0305, (0, 108, 167, 126, 108, 0)
False, True, 0.5, (0, 31, 5, 121, 96, 5, 0)
False, True, 0.3333, (0, 223, 261, 27, 139, 223, 0)
False, True, 0.2179, (0, 116, 3, 6, 64, 116, 0)
False, True, 0.2146, (0, 141, 13, 114, 234, 13, 0)
False, True, 0.2387, (0, 145, 257, 86, 95, 257, 0)
False, True, 0.4533, (0, 102, 16, 41, 102, 0)
False, True, 0.5, (0, 76, 31, 243, 76, 0)
False, True, 0.25, (0, 221, 129, 75, 92, 129, 0)
False, True, 0.239, (0, 168, 201, 138, 264, 168, 0)
False, True, 0.1413, (0, 179, 160, 74, 179, 0)
False, True, 0.3185, (0, 198, 185, 144, 198, 195, 0)
False, True, 0.3374, (0, 235, 159, 173, 235, 0)
False, True, 0.2402, (0, 167, 77, 7, 167, 0)
False, True, 0.1111, (0, 163, 97, 265, 43, 163, 0)
False, True, 0.0421, (0, 191, 209, 231, 191, 0)
False, True, 0.3158, (0, 144, 185, 137, 144, 198, 0)
False, True, 0.0699, (0, 150, 259, 248, 67, 259, 150, 0)
False, True, 0.5, (0, 236, 202, 165, 236, 0)
False, True, 0.0867, (0, 41, 16, 45, 41, 16, 0)
False, True, 0.1867, (0, 41, 45, 16, 41, 45, 0)
False, True, 0.3078, (0, 65, 115, 106, 65, 90, 0)
False, True, 0.113, (0, 177, 203, 196, 177, 260, 0)
False, True, 0.0739, (0, 55, 117, 93, 80, 55, 0)
False, True, 0.3916, (0, 133, 57, 162, 133, 57, 0)
False, True, 0.4695, (0, 126, 121, 96, 126, 0)
False, True, 0.3999, (0, 228, 23, 22, 213, 228, 0)
False, True, 0.4703, (0, 125, 211, 33, 125, 69, 0)
False, True, 0.2826, (0, 118, 38, 130, 247, 118, 0)
False, True, 0.1389, (0, 39, 1, 37, 9, 39, 0)
False, True, 0.1304, (0, 118, 247, 130, 118, 60, 0)
False, True, 0.4444, (0, 163, 97, 43, 265, 97, 0)
False, True, 0.1739, (0, 118, 247, 111, 36, 247, 0)
False, True, 0.4174, (0, 55, 117, 80, 93, 117, 0)
False, True, 0.2174, (0, 46, 55, 131, 48, 55, 0)
False, True, 0.2204, (0, 177, 203, 196, 177, 259, 0)
False, True, 0.1087, (0, 50, 119, 26, 50, 14, 0)
False, True, 0.0804, (0, 252, 15, 179, 207, 15, 0)
False, True, 0.1944, (0, 39, 122, 35, 39, 208, 0)
False, True, 0.0432, (0, 215, 168, 138, 215, 161, 0)
False, True, 0.1263, (0, 209, 73, 231, 209, 0)
False, True, 0.0907, (0, 195, 139, 27, 195, 0)
False, True, 0.5, (0, 68, 112, 149, 68, 0)
False, True, 0.043, (0, 139, 81, 27, 139, 0)
False, True, 0.1065, (0, 74, 210, 216, 74, 0)
False, True, 0.1609, (0, 187, 245, 253, 187, 0)
False, True, 0.0594, (0, 33, 158, 157, 33, 125, 0)
False, True, 0.0022, (0, 16, 45, 102, 16, 45, 0)
False, True, 0.1526, (0, 161, 250, 138, 201, 215, 161, 0)
False, True, 0.2391, (0, 108, 167, 77, 108, 0)
False, True, 0.4444, (0, 153, 265, 43, 153, 0)
False, True, 0.2787, (0, 181, 21, 258, 181, 0)
False, True, 0.3333, (0, 261, 139, 27, 261, 223, 0)
False, True, 0.2822, (0, 142, 255, 222, 260, 142, 0)
False, True, 0.2064, (0, 10, 20, 148, 10, 0)
False, True, 0.0911, (0, 189, 16, 102, 45, 16, 0)
False, True, 0.3352, (0, 24, 19, 77, 7, 19, 0)
False, True, 0.0174, (0, 2, 131, 48, 2, 50, 0)
False, True, 0.1626, (0, 235, 173, 241, 235, 0)
False, True, 0.163, (0, 141, 219, 13, 114, 219, 0)
False, True, 0.1667, (0, 189, 94, 146, 51, 94, 0)
False, True, 0.203, (0, 157, 105, 184, 34, 157, 0)
True, True, 0.0152, (0, 81, 166, 20, 185, 0)
False, True, 0.164, (0, 47, 230, 239, 47, 0)
False, True, 0.2662, (0, 219, 234, 114, 13, 219, 0)
False, True, 0.5, (0, 251, 256, 176, 251, 0)
False, True, 0.3478, (0, 74, 244, 169, 216, 244, 0)
False, True, 0.0403, (0, 173, 161, 159, 173, 21, 0)
False, True, 0.2216, (0, 18, 24, 225, 128, 24, 0)
False, True, 0.1398, (0, 67, 142, 135, 67, 0)
False, True, 0.1609, (0, 199, 252, 99, 199, 79, 0)
False, True, 0.1304, (0, 83, 95, 52, 83, 0)
False, True, 0.0371, (0, 105, 34, 184, 105, 0)
False, True, 0.1026, (0, 44, 115, 106, 44, 115, 0)
False, True, 0.0833, (0, 120, 85, 17, 120, 0)
False, True, 0.1239, (0, 210, 244, 169, 210, 136, 0)
False, True, 0.0498, (0, 185, 262, 137, 185, 144, 0)
False, True, 0.0243, (0, 142, 145, 255, 222, 145, 0)
False, True, 0.1526, (0, 161, 250, 138, 264, 215, 161, 0)
False, True, 0.414, (0, 170, 227, 25, 170, 0)
False, True, 0.0139, (0, 204, 173, 159, 161, 173, 0)
False, True, 0.4427, (0, 183, 204, 174, 183, 0)
False, True, 0.0471, (0, 198, 185, 148, 137, 185, 0)
False, True, 0.3629, (0, 233, 186, 143, 62, 186, 0)
False, True, 0.0421, (0, 191, 73, 154, 191, 0)
True, True, 0.2064, (0, 186, 143, 189, 193, 171, 0)
True, True, 0.1924, (0, 262, 166, 171, 193, 143, 0)
False, True, 0.1093, (0, 149, 254, 164, 112, 149, 0)
False, True, 0.0115, (0, 72, 28, 30, 72, 0)
False, True, 0.0358, (0, 186, 143, 62, 189, 143, 0)
False, True, 0.2778, (0, 208, 56, 39, 35, 56, 208, 0)
False, True, 0.0322, (0, 211, 53, 157, 33, 211, 0)
False, True, 0.0729, (0, 141, 114, 234, 141, 0)
all_elementary, False
all_cyc2, True
