Instance, X-n200-k36
capacity, 402
min_trucks, 36
output_file, output_uchoa/X-n200-k36-ng8.log
Start date, 2022-06-30
Start time, 17-06-36
capacity, 402
num_vehicles, 36
abort_early, False
methods, ['ng8']
max_vars, 100
time_limit, 86400
farley, False
ESPPRC_heur, True
initial time, initial max_it, max_stale_it
1, 20000.0, 20
heuristic Number of routes, heuristic Best Solution Value, heuristic number of iterations, adjusted time, adjusted max_it, measured total time
52910, 58578.0, 20000, 1, 20000.0, 20137.5
method, python time, total time, propagated dominance time, unpropagated dominance time, pricing_success, upper_bound, lower_bound, abort_early, num_paths, 
ESPPRC_heur, 0.0, 1.2, 0.7, 0.3, 0, 58078.4139, 56062.4139, True, 61
ESPPRC_heur, 0.0, 1.2, 0.7, 0.3, 0, 58073.3977, 57810.2664, True, 11
ng8, 0.0, 49.4, 28.6, 19.4, 1, 58073.3277, 56885.3277, 0, 58
ESPPRC_heur, 0.0, 1.2, 0.7, 0.3, 0, 58051.9436, 57990.2843, True, 4
ng8, 0.0, 48.4, 27.9, 19.2, 1, 58051.9046, 57597.0232, 0, 9
ng8, 0.0, 48.7, 28.1, 19.3, 1, 58049.9367, 58035.7222, 0, 1
ng8, -0.0, 48.9, 28.2, 19.4, 1, 58049.9274, 58049.9274, 0, 0
scip_total_time, 20350.857376
Solval, number of paths, impact cutoff
58049.927376661595, 184, 0.0001
Elementary, 2-Cycle, Path Value, Path
True, True, 0.1707, (0, 23, 108, 110, 44, 29, 0)
True, True, 0.4409, (0, 69, 81, 133, 170, 102, 0)
True, True, 0.3676, (0, 196, 119, 169, 171, 59, 0)
True, True, 0.5728, (0, 75, 6, 117, 61, 49, 172, 0)
True, True, 0.8731, (0, 79, 162, 11, 84, 178, 0)
True, True, 0.5597, (0, 10, 20, 32, 12, 31, 0)
True, True, 0.8551, (0, 45, 113, 48, 58, 63, 0)
True, True, 0.3789, (0, 28, 179, 185, 77, 5, 0)
True, True, 0.5562, (0, 57, 46, 163, 188, 70, 74, 0)
True, True, 0.4086, (0, 186, 167, 190, 72, 145, 14, 17, 55, 0)
True, True, 0.0509, (0, 111, 83, 97, 147, 130, 115, 0)
True, True, 0.2324, (0, 153, 173, 195, 54, 183, 135, 0)
True, True, 0.2875, (0, 149, 30, 146, 114, 122, 175, 0)
True, True, 0.42, (0, 33, 22, 51, 15, 71, 34, 0)
True, True, 0.1248, (0, 99, 168, 100, 138, 181, 0)
True, True, 0.44, (0, 199, 184, 37, 56, 128, 0)
True, True, 0.3852, (0, 10, 20, 32, 31, 18, 0)
True, True, 0.2918, (0, 42, 82, 152, 103, 191, 0)
True, True, 0.3225, (0, 196, 172, 119, 59, 23, 0)
True, True, 0.5603, (0, 167, 190, 67, 62, 151, 65, 0)
True, True, 0.0146, (0, 191, 152, 82, 42, 101, 0)
True, True, 0.2613, (0, 132, 149, 43, 114, 25, 0)
True, True, 0.012, (0, 22, 95, 144, 112, 9, 0)
True, True, 0.1969, (0, 23, 171, 169, 119, 59, 0)
True, True, 0.3075, (0, 164, 21, 47, 64, 160, 0)
True, True, 0.6266, (0, 53, 123, 182, 193, 87, 134, 140, 0)
True, True, 0.1667, (0, 83, 97, 147, 130, 180, 0)
True, True, 0.4837, (0, 141, 107, 192, 148, 197, 143, 0)
True, True, 0.5853, (0, 66, 41, 166, 8, 104, 0)
True, True, 0.3043, (0, 52, 39, 182, 123, 193, 87, 140, 97, 0)
True, True, 0.0838, (0, 177, 34, 71, 15, 91, 136, 0)
True, True, 0.3573, (0, 141, 143, 137, 96, 127, 0)
True, True, 0.3794, (0, 125, 106, 88, 194, 68, 67, 142, 0)
True, True, 0.1592, (0, 56, 176, 122, 114, 25, 24, 0)
True, True, 0.214, (0, 154, 78, 106, 85, 27, 150, 0)
True, True, 0.2668, (0, 95, 128, 13, 184, 8, 0)
True, True, 0.1653, (0, 80, 44, 110, 108, 118, 0)
True, True, 0.0874, (0, 103, 89, 38, 131, 152, 0)
True, True, 0.197, (0, 189, 95, 116, 3, 155, 0)
True, True, 0.1185, (0, 108, 99, 126, 60, 36, 0)
True, True, 0.1568, (0, 181, 138, 100, 168, 133, 0)
True, True, 0.2088, (0, 82, 103, 131, 89, 19, 0)
True, True, 0.331, (0, 136, 91, 9, 29, 118, 0)
True, True, 0.0127, (0, 80, 44, 110, 169, 171, 0)
True, True, 0.4437, (0, 124, 165, 139, 86, 108, 0)
True, True, 0.3523, (0, 3, 116, 50, 35, 105, 0)
True, True, 0.1456, (0, 6, 16, 100, 138, 181, 61, 0)
True, True, 0.0389, (0, 65, 68, 67, 62, 151, 142, 0)
True, True, 0.2098, (0, 9, 144, 174, 112, 29, 0)
True, True, 0.479, (0, 96, 137, 197, 175, 176, 0)
True, True, 0.3098, (0, 23, 171, 169, 49, 196, 0)
True, True, 0.0401, (0, 140, 152, 82, 191, 159, 0)
True, True, 0.2741, (0, 102, 170, 81, 99, 165, 0)
True, True, 0.2875, (0, 148, 192, 107, 36, 60, 0)
True, True, 0.1122, (0, 127, 56, 37, 128, 116, 0)
True, True, 0.1132, (0, 180, 156, 115, 153, 120, 0)
True, True, 0.1595, (0, 106, 194, 46, 163, 57, 68, 0)
True, True, 0.1343, (0, 42, 131, 89, 38, 7, 187, 52, 0)
True, True, 0.6043, (0, 180, 94, 115, 156, 73, 0)
True, True, 0.1936, (0, 155, 105, 35, 50, 3, 0)
True, True, 0.2725, (0, 149, 19, 38, 7, 134, 0)
True, True, 0.1712, (0, 121, 154, 78, 85, 27, 40, 0)
True, True, 0.4204, (0, 25, 122, 146, 30, 43, 24, 0)
True, True, 0.2087, (0, 103, 131, 38, 7, 187, 52, 111, 0)
True, True, 0.4447, (0, 42, 82, 152, 191, 132, 0)
True, True, 0.1592, (0, 25, 114, 146, 30, 43, 41, 0)
True, True, 0.1868, (0, 188, 70, 77, 5, 74, 0)
True, True, 0.1589, (0, 111, 52, 39, 187, 7, 89, 19, 131, 0)
True, True, 0.3333, (0, 158, 94, 130, 147, 97, 98, 0)
True, True, 0.7676, (0, 198, 159, 101, 54, 195, 0)
True, True, 0.0827, (0, 1, 165, 69, 170, 102, 0)
True, True, 0.1407, (0, 1, 124, 64, 90, 160, 0)
True, True, 0.0567, (0, 13, 184, 166, 8, 198, 0)
True, True, 0.1158, (0, 180, 130, 115, 173, 153, 0)
True, True, 0.5728, (0, 16, 168, 100, 2, 157, 126, 0)
True, True, 0.0437, (0, 44, 174, 160, 112, 144, 0)
True, True, 0.1404, (0, 96, 137, 143, 141, 164, 0)
True, True, 0.0047, (0, 47, 141, 197, 96, 127, 0)
True, True, 0.2195, (0, 60, 36, 148, 175, 176, 0)
True, True, 0.1174, (0, 49, 117, 133, 69, 75, 0)
True, True, 0.3574, (0, 174, 164, 21, 64, 90, 0)
True, True, 0.0485, (0, 69, 99, 157, 126, 60, 0)
True, True, 0.1947, (0, 90, 124, 21, 164, 174, 0)
True, True, 0.1498, (0, 40, 27, 85, 65, 129, 150, 92, 0)
True, True, 0.1002, (0, 155, 105, 93, 104, 95, 0)
True, True, 0.0167, (0, 184, 8, 166, 41, 66, 0)
True, True, 0.3128, (0, 12, 28, 179, 185, 77, 0)
True, True, 0.036, (0, 108, 110, 69, 165, 139, 0)
True, True, 0.2816, (0, 61, 181, 138, 2, 157, 16, 0)
True, True, 0.3932, (0, 9, 144, 112, 44, 80, 0)
True, True, 0.0362, (0, 93, 8, 166, 66, 198, 0)
True, True, 0.0541, (0, 1, 124, 64, 174, 9, 0)
True, True, 0.0005, (0, 86, 165, 69, 170, 102, 0)
True, True, 0.0304, (0, 30, 19, 89, 38, 7, 187, 52, 0)
True, True, 0.1756, (0, 29, 22, 51, 189, 71, 0)
True, True, 0.3146, (0, 155, 35, 50, 93, 104, 0)
True, True, 0.0814, (0, 136, 51, 189, 116, 155, 0)
True, True, 0.0359, (0, 113, 58, 179, 185, 77, 0)
True, True, 0.0125, (0, 52, 39, 182, 187, 38, 89, 19, 103, 0)
True, True, 0.3413, (0, 110, 86, 1, 160, 112, 0)
True, True, 0.1025, (0, 101, 132, 149, 30, 43, 0)
True, True, 0.0187, (0, 96, 137, 143, 197, 47, 0)
True, True, 0.0539, (0, 79, 162, 11, 185, 5, 0)
True, True, 0.1129, (0, 29, 171, 169, 119, 59, 0)
True, True, 0.0149, (0, 94, 120, 156, 173, 153, 135, 0)
True, True, 0.5389, (0, 76, 150, 4, 129, 109, 142, 26, 186, 0)
True, True, 0.0971, (0, 102, 75, 69, 165, 110, 0)
True, True, 0.1158, (0, 83, 97, 147, 115, 156, 0)
True, True, 0.0551, (0, 10, 32, 12, 45, 74, 0)
True, True, 0.1404, (0, 144, 21, 64, 90, 174, 0)
True, True, 0.0341, (0, 144, 95, 22, 51, 33, 0)
True, True, 0.1668, (0, 144, 160, 90, 124, 1, 0)
True, True, 0.1047, (0, 102, 75, 170, 6, 117, 172, 0)
True, True, 0.3171, (0, 55, 17, 14, 145, 72, 109, 4, 0)
True, True, 0.0763, (0, 176, 122, 114, 146, 149, 132, 0)
True, True, 0.1456, (0, 181, 138, 2, 36, 47, 0)
True, True, 0.181, (0, 95, 127, 56, 13, 128, 0)
True, True, 0.5038, (0, 111, 158, 161, 91, 136, 118, 0)
True, True, 0.0383, (0, 50, 8, 184, 199, 13, 0)
True, True, 0.3402, (0, 93, 13, 199, 37, 127, 0)
True, True, 0.1012, (0, 105, 50, 93, 95, 22, 0)
True, True, 0.1815, (0, 199, 184, 166, 24, 66, 0)
True, True, 0.0971, (0, 170, 157, 168, 138, 181, 0)
True, True, 0.0093, (0, 141, 197, 148, 175, 176, 13, 0)
True, True, 0.1081, (0, 75, 117, 133, 81, 99, 0)
True, True, 0.4008, (0, 62, 151, 68, 194, 88, 0)
True, True, 0.1132, (0, 71, 155, 105, 183, 173, 135, 0)
True, True, 0.1769, (0, 110, 69, 81, 133, 6, 0)
True, True, 0.0211, (0, 111, 97, 140, 152, 42, 159, 0)
True, True, 0.0658, (0, 108, 165, 99, 60, 47, 0)
True, True, 0.1077, (0, 93, 13, 37, 56, 95, 0)
True, True, 0.1152, (0, 41, 24, 132, 191, 101, 0)
True, True, 0.0346, (0, 45, 77, 70, 188, 46, 0)
True, True, 0.0567, (0, 66, 43, 146, 114, 122, 176, 0)
True, True, 0.0047, (0, 137, 141, 197, 175, 127, 0)
True, True, 0.1281, (0, 135, 183, 173, 153, 156, 120, 0)
True, True, 0.0079, (0, 97, 140, 152, 42, 191, 0)
True, True, 0.2571, (0, 33, 22, 189, 116, 3, 177, 0)
True, True, 0.0125, (0, 103, 131, 134, 187, 52, 39, 53, 0)
True, True, 0.0173, (0, 84, 179, 28, 48, 113, 0)
True, True, 0.0365, (0, 74, 185, 179, 11, 162, 0)
True, True, 0.051, (0, 46, 188, 70, 77, 5, 0)
True, True, 0.0068, (0, 152, 131, 89, 38, 134, 0)
True, True, 0.1096, (0, 5, 185, 179, 84, 28, 0)
True, True, 0.1498, (0, 121, 88, 106, 85, 27, 92, 0)
True, True, 0.037, (0, 150, 109, 72, 145, 14, 17, 186, 0)
True, True, 0.0724, (0, 12, 63, 28, 58, 48, 0)
True, True, 0.6148, (0, 18, 121, 154, 78, 125, 40, 92, 0)
True, True, 0.0058, (0, 55, 17, 67, 68, 194, 88, 106, 125, 0)
True, True, 0.1783, (0, 103, 19, 89, 38, 187, 39, 53, 0)
True, True, 0.0566, (0, 111, 53, 123, 182, 39, 187, 7, 38, 89, 131, 0)
True, True, 0.0365, (0, 79, 11, 179, 185, 5, 0)
True, True, 0.126, (0, 131, 19, 89, 7, 187, 39, 53, 0)
True, True, 0.0603, (0, 17, 14, 145, 72, 129, 150, 76, 0)
True, True, 0.0642, (0, 76, 40, 27, 85, 106, 88, 121, 0)
True, True, 0.0365, (0, 79, 162, 179, 28, 63, 0)
True, True, 0.0551, (0, 31, 178, 48, 113, 5, 74, 0)
False, True, 0.0857, (0, 57, 163, 188, 70, 46, 57, 0)
False, True, 0.0856, (0, 26, 55, 17, 145, 72, 14, 17, 26, 92, 0)
False, True, 0.0485, (0, 117, 181, 138, 168, 117, 0)
False, True, 0.2289, (0, 47, 192, 107, 36, 47, 0)
False, True, 0.0691, (0, 52, 39, 187, 134, 87, 193, 39, 52, 0)
False, True, 0.2074, (0, 161, 34, 71, 15, 34, 161, 0)
False, True, 0.0359, (0, 178, 179, 185, 28, 63, 178, 0)
False, True, 0.1236, (0, 183, 166, 41, 24, 66, 183, 0)
False, True, 0.0486, (0, 76, 26, 55, 145, 72, 14, 55, 26, 0)
False, True, 0.0857, (0, 57, 163, 188, 70, 163, 46, 0)
False, True, 0.3333, (0, 83, 98, 147, 130, 98, 83, 0)
False, True, 0.0272, (0, 194, 57, 163, 46, 194, 106, 0)
False, True, 0.3719, (0, 120, 135, 153, 173, 73, 120, 0)
False, True, 0.1395, (0, 105, 183, 198, 35, 183, 135, 0)
False, True, 0.2601, (0, 139, 99, 126, 60, 139, 0)
False, True, 0.0856, (0, 159, 191, 152, 42, 159, 0)
False, True, 0.2888, (0, 177, 33, 51, 189, 15, 177, 0)
True, True, 0.0125, (0, 19, 38, 7, 134, 187, 39, 123, 0)
True, True, 0.107, (0, 27, 85, 65, 129, 109, 26, 0)
False, True, 0.0814, (0, 158, 177, 91, 34, 161, 158, 0)
False, True, 0.0156, (0, 186, 167, 190, 68, 67, 190, 167, 0)
False, True, 0.0551, (0, 74, 45, 5, 74, 20, 0)
False, True, 0.2144, (0, 80, 44, 86, 1, 80, 0)
False, True, 0.0365, (0, 5, 113, 58, 28, 5, 0)
False, True, 0.144, (0, 76, 27, 85, 65, 129, 4, 76, 0)
False, True, 0.0237, (0, 94, 156, 173, 153, 73, 94, 0)
False, True, 0.0428, (0, 26, 55, 142, 145, 72, 14, 55, 26, 0)
all_elementary, False
all_cyc2, True
