Instance, X-n247-k50
capacity, 134
min_trucks, 50
output_file, output_uchoa/X-n247-k50-cyc2.log
Start date, 2022-06-30
Start time, 16-43-39
capacity, 134
num_vehicles, 50
abort_early, False
methods, ['cyc2']
max_vars, 100
time_limit, 86400
farley, False
ESPPRC_heur, True
initial time, initial max_it, max_stale_it
1, 20000.0, 20
heuristic Number of routes, heuristic Best Solution Value, heuristic number of iterations, adjusted time, adjusted max_it, measured total time
6369, 37410.0, 2000, 10, 2000.0, 20030.8
method, python time, total time, propagated dominance time, unpropagated dominance time, pricing_success, upper_bound, lower_bound, abort_early, num_paths, 
ESPPRC_heur, 0.1, 1.6, 1.3, 0.1, 0, 37350.2188, 2518.9384, True, 10213
ESPPRC_heur, 0.1, 1.5, 1.2, 0.1, 0, 37350.2188, -5880.719, True, 11447
ESPPRC_heur, 0.0, 1.4, 1.0, 0.1, 0, 37350.2188, 9185.1964, True, 7341
ESPPRC_heur, 0.1, 1.4, 1.1, 0.1, 0, 37350.2188, 9844.3295, True, 8492
ESPPRC_heur, 0.1, 1.6, 1.2, 0.1, 0, 37350.2188, -2216.3571, True, 10457
ESPPRC_heur, 0.0, 1.3, 1.0, 0.1, 0, 37350.2188, 11944.3837, True, 8539
ESPPRC_heur, 0.1, 1.0, 0.7, 0.1, 0, 37350.2188, 3475.9631, True, 7356
ESPPRC_heur, 0.1, 0.8, 0.6, 0.1, 0, 37350.2188, 17026.7922, True, 6671
ESPPRC_heur, -0.0, 1.7, 1.3, 0.2, 0, 37350.2188, -12356.4423, True, 14320
ESPPRC_heur, 0.0, 1.0, 0.7, 0.1, 0, 37350.2188, 11992.0895, True, 5638
ESPPRC_heur, 0.0, 1.5, 1.1, 0.1, 0, 37350.2188, 823.6632, True, 8426
ESPPRC_heur, 0.1, 1.4, 1.1, 0.1, 0, 37350.2188, 11873.4219, True, 8142
ESPPRC_heur, 0.0, 1.1, 0.8, 0.1, 0, 37350.2188, 14736.5824, True, 5787
ESPPRC_heur, 0.1, 1.2, 0.9, 0.1, 0, 37326.7535, 1413.8422, True, 7198
ESPPRC_heur, 0.0, 1.0, 0.7, 0.1, 0, 37326.7535, 16990.447, True, 5416
ESPPRC_heur, 0.1, 1.4, 1.1, 0.1, 0, 37326.7535, -18205.1245, True, 10888
ESPPRC_heur, 0.0, 1.3, 0.9, 0.1, 0, 37326.7535, -4877.9721, True, 10193
ESPPRC_heur, 0.0, 1.5, 1.1, 0.1, 0, 37326.7535, 2931.305, True, 8003
ESPPRC_heur, 0.0, 1.0, 0.7, 0.1, 0, 37326.7535, 20208.897, True, 4901
ESPPRC_heur, 0.1, 0.9, 0.7, 0.1, 0, 37286.8314, 25194.653, True, 4875
ESPPRC_heur, -0.0, 1.1, 0.8, 0.1, 0, 37286.8314, 20292.7504, True, 5280
ESPPRC_heur, 0.0, 1.2, 0.9, 0.1, 0, 37286.8314, 22591.3274, True, 5383
ESPPRC_heur, 0.1, 0.6, 0.4, 0.1, 0, 37286.8314, 27828.567, True, 2748
ESPPRC_heur, 0.1, 1.0, 0.7, 0.1, 0, 37286.8314, 26536.8473, True, 4442
ESPPRC_heur, 0.1, 0.8, 0.6, 0.1, 0, 37286.8314, 30047.1378, True, 3108
ESPPRC_heur, 0.1, 0.7, 0.5, 0.1, 0, 37286.8314, 31626.5207, True, 1775
ESPPRC_heur, 0.0, 0.7, 0.5, 0.1, 0, 37286.8314, 32108.4078, True, 1496
ESPPRC_heur, -0.0, 0.8, 0.5, 0.1, 0, 37279.1283, 31885.8343, True, 2087
ESPPRC_heur, 0.0, 0.7, 0.5, 0.1, 0, 37279.1283, 32937.6382, True, 1898
ESPPRC_heur, -0.0, 0.7, 0.4, 0.1, 0, 37279.1283, 34034.2808, True, 1008
ESPPRC_heur, 0.0, 0.7, 0.5, 0.1, 0, 37255.2626, 34524.6835, True, 575
ESPPRC_heur, 0.0, 1.0, 0.7, 0.1, 0, 37250.3239, 28546.9189, True, 3792
ESPPRC_heur, -0.0, 0.8, 0.5, 0.1, 0, 37250.3239, 33032.2057, True, 1275
ESPPRC_heur, 0.1, 0.7, 0.5, 0.1, 0, 37250.3239, 34636.5915, True, 833
ESPPRC_heur, 0.0, 0.8, 0.5, 0.1, 0, 37249.0766, 34537.4647, True, 547
ESPPRC_heur, 0.0, 1.8, 1.4, 0.1, 0, 37247.7132, 12470.8485, True, 7715
ESPPRC_heur, 0.1, 0.7, 0.5, 0.1, 0, 37247.7132, 34919.85, True, 538
ESPPRC_heur, 0.0, 0.7, 0.5, 0.1, 0, 37244.3379, 34872.4125, True, 602
ESPPRC_heur, 0.0, 0.7, 0.5, 0.1, 0, 37244.3379, 35592.7394, True, 297
ESPPRC_heur, 0.1, 0.7, 0.5, 0.1, 0, 37229.4253, 35579.4253, True, 431
ESPPRC_heur, 0.0, 0.7, 0.5, 0.1, 0, 37229.0397, 36073.9485, True, 243
ESPPRC_heur, 0.0, 0.7, 0.5, 0.1, 0, 37226.3831, 35370.4598, True, 271
ESPPRC_heur, -0.0, 0.7, 0.4, 0.1, 0, 37225.3111, 36712.761, True, 77
ESPPRC_heur, 0.0, 0.7, 0.5, 0.1, 0, 37220.4835, 36261.4957, True, 74
ESPPRC_heur, 0.0, 0.7, 0.5, 0.1, 0, 37219.1557, 36386.1973, True, 80
ESPPRC_heur, 0.0, 0.7, 0.5, 0.1, 0, 37218.6618, 36161.5841, True, 53
ESPPRC_heur, -0.0, 0.7, 0.5, 0.1, 0, 37217.2529, 36769.4925, True, 25
ESPPRC_heur, 0.0, 0.7, 0.5, 0.1, 0, 37216.4719, 36891.4951, True, 12
ESPPRC_heur, 0.0, 0.7, 0.5, 0.1, 0, 37215.9421, 36976.5922, True, 18
ESPPRC_heur, 0.0, 0.7, 0.5, 0.1, 0, 37215.9421, 37082.2399, True, 4
ESPPRC_heur, 0.0, 0.7, 0.5, 0.1, 0, 37215.8887, 37160.1533, True, 8
cyc2, 0.1, 5.5, 0.0, 0.0, 1, 37215.8884, 11107.751, 0, 6972
ESPPRC_heur, 0.0, 1.3, 1.0, 0.1, 0, 37174.7254, 17918.2026, True, 6461
ESPPRC_heur, -0.0, 0.7, 0.4, 0.1, 0, 37174.7254, 36166.927, True, 35
ESPPRC_heur, -0.0, 0.7, 0.4, 0.1, 0, 37174.5943, 36814.2156, True, 11
ESPPRC_heur, -0.0, 0.7, 0.4, 0.1, 0, 37174.2388, 36993.0826, True, 10
ESPPRC_heur, -0.0, 0.7, 0.4, 0.1, 0, 37174.0465, 37053.1764, True, 4
ESPPRC_heur, -0.0, 0.7, 0.4, 0.1, 0, 37173.9079, 37091.9338, True, 5
cyc2, 0.1, 5.4, 0.0, 0.0, 1, 37173.8983, 30997.1321, 0, 2272
ESPPRC_heur, -0.0, 0.7, 0.4, 0.1, 0, 37155.6145, 36050.4464, True, 133
ESPPRC_heur, -0.0, 0.7, 0.4, 0.1, 0, 37155.3187, 36343.9816, True, 25
ESPPRC_heur, 0.1, 0.6, 0.4, 0.1, 0, 37151.5699, 36398.4284, True, 43
ESPPRC_heur, 0.1, 0.6, 0.4, 0.1, 0, 37151.4924, 36750.8049, True, 11
ESPPRC_heur, -0.0, 0.7, 0.5, 0.1, 0, 37150.6171, 37069.6252, True, 5
ESPPRC_heur, -0.0, 0.7, 0.4, 0.1, 0, 37150.569, 37067.0539, True, 3
cyc2, 0.0, 5.3, 0.0, 0.0, 1, 37150.5604, 32108.9099, 0, 4213
ESPPRC_heur, 0.1, 0.6, 0.4, 0.1, 0, 37150.5604, 35295.5613, True, 365
ESPPRC_heur, -0.0, 0.7, 0.5, 0.1, 0, 37150.5604, 36906.402, True, 2
cyc2, 0.1, 5.4, 0.0, 0.0, 1, 37150.5604, 34579.9347, 0, 3308
ESPPRC_heur, -0.0, 0.7, 0.4, 0.1, 0, 37146.6764, 36721.248, True, 45
ESPPRC_heur, -0.0, 0.7, 0.5, 0.1, 0, 37145.9839, 36812.6791, True, 12
ESPPRC_heur, -0.0, 0.7, 0.5, 0.1, 0, 37145.8861, 37019.9696, True, 6
ESPPRC_heur, 0.0, 0.7, 0.5, 0.1, 0, 37145.5472, 37039.7132, True, 5
ESPPRC_heur, -0.0, 0.7, 0.4, 0.1, 0, 37145.3112, 37127.0515, True, 3
cyc2, 0.0, 5.4, 0.0, 0.0, 1, 37145.3105, 35658.7617, 0, 931
ESPPRC_heur, -0.0, 0.7, 0.5, 0.1, 0, 37139.4678, 36962.9904, True, 13
ESPPRC_heur, -0.0, 0.7, 0.5, 0.1, 0, 37139.3496, 37132.3097, True, 1
cyc2, 0.1, 5.3, 0.0, 0.0, 1, 37139.3496, 35951.1016, 0, 653
ESPPRC_heur, -0.0, 0.7, 0.4, 0.1, 0, 37126.4592, 36877.6098, True, 19
ESPPRC_heur, -0.0, 0.7, 0.4, 0.1, 0, 37126.0412, 36990.5275, True, 7
ESPPRC_heur, -0.0, 0.7, 0.4, 0.1, 0, 37125.988, 37075.988, True, 2
ESPPRC_heur, -0.0, 0.7, 0.4, 0.1, 0, 37125.9211, 37122.2856, True, 3
cyc2, 0.0, 5.4, 0.0, 0.0, 1, 37125.9211, 36456.808, 0, 341
ESPPRC_heur, -0.0, 0.7, 0.4, 0.1, 0, 37119.6399, 37007.712, True, 14
ESPPRC_heur, -0.0, 0.7, 0.5, 0.1, 0, 37119.3769, 37019.3769, True, 6
ESPPRC_heur, -0.0, 0.7, 0.5, 0.1, 0, 37119.2447, 37111.4322, True, 2
cyc2, 0.0, 5.4, 0.0, 0.0, 1, 37119.2447, 36698.0361, 0, 152
ESPPRC_heur, -0.0, 0.7, 0.5, 0.1, 0, 37115.1101, 36952.6353, True, 17
ESPPRC_heur, -0.0, 0.7, 0.5, 0.1, 0, 37115.0607, 37045.209, True, 4
cyc2, 0.1, 5.4, 0.0, 0.0, 1, 37115.0259, 36866.9592, 0, 53
ESPPRC_heur, -0.0, 0.7, 0.5, 0.1, 0, 37114.6739, 37089.6739, True, 1
ESPPRC_heur, -0.0, 0.7, 0.5, 0.1, 0, 37114.6739, 37064.6739, True, 1
ESPPRC_heur, -0.0, 0.7, 0.4, 0.1, 0, 37114.3635, 37110.9389, True, 1
cyc2, -0.0, 5.5, 0.0, 0.0, 1, 37114.3634, 37044.7434, 0, 14
cyc2, 0.0, 5.4, 0.0, 0.0, 1, 37114.2719, 37064.2719, 0, 3
cyc2, 0.0, 5.4, 0.0, 0.0, 1, 37114.2719, 37114.2719, 0, 0
scip_total_time, 20182.185173
Solval, number of paths, impact cutoff
37114.27191630824, 193, 0.0001
Elementary, 2-Cycle, Path Value, Path
True, True, 1.0, (0, 12, 0)
True, True, 0.0077, (0, 21, 0)
True, True, 1.0, (0, 52, 0)
True, True, 1.0, (0, 161, 53, 131, 0)
True, True, 1.0, (0, 45, 34, 156, 0)
True, True, 0.597, (0, 117, 158, 1, 181, 237, 134, 0)
True, True, 0.1826, (0, 239, 220, 144, 229, 230, 5, 210, 188, 137, 179, 182, 0)
True, True, 0.9923, (0, 21, 85, 0)
True, True, 0.8778, (0, 59, 6, 160, 0)
True, True, 1.0, (0, 24, 48, 0)
True, True, 1.0, (0, 37, 2, 0)
True, True, 0.7597, (0, 60, 56, 169, 0)
True, True, 0.1226, (0, 14, 95, 0)
True, True, 0.8774, (0, 135, 27, 68, 0)
True, True, 0.4719, (0, 30, 94, 55, 0)
True, True, 0.5, (0, 65, 23, 0)
True, True, 1.0, (0, 11, 67, 154, 0)
True, True, 0.668, (0, 20, 42, 143, 0)
True, True, 0.5281, (0, 22, 29, 159, 0)
True, True, 0.1809, (0, 64, 96, 4, 0)
True, True, 0.5668, (0, 216, 81, 129, 125, 75, 139, 9, 110, 163, 142, 0)
True, True, 0.25, (0, 236, 46, 92, 0)
True, True, 0.4719, (0, 26, 19, 0)
True, True, 1.0, (0, 66, 215, 97, 0)
True, True, 0.4025, (0, 49, 232, 43, 0)
True, True, 0.463, (0, 178, 149, 80, 185, 51, 106, 121, 84, 212, 105, 0)
True, True, 1.0, (0, 3, 243, 111, 0)
True, True, 0.5594, (0, 232, 82, 213, 31, 15, 0)
True, True, 0.1602, (0, 200, 63, 173, 227, 137, 179, 182, 0)
True, True, 0.1226, (0, 132, 27, 68, 0)
True, True, 0.0458, (0, 20, 42, 170, 0)
True, True, 0.1222, (0, 20, 163, 38, 0)
True, True, 0.152, (0, 60, 91, 42, 0)
True, True, 0.4719, (0, 159, 29, 7, 0)
True, True, 0.5281, (0, 49, 96, 4, 0)
True, True, 0.5, (0, 123, 18, 17, 0)
True, True, 0.0986, (0, 141, 44, 0)
True, True, 0.2095, (0, 91, 102, 110, 9, 139, 75, 125, 129, 81, 216, 0)
True, True, 0.1451, (0, 214, 193, 220, 144, 229, 230, 127, 240, 234, 77, 196, 203, 38, 0)
True, True, 0.0458, (0, 244, 20, 42, 0)
True, True, 0.0563, (0, 20, 125, 56, 129, 0)
True, True, 0.1226, (0, 224, 155, 223, 166, 208, 171, 32, 135, 0)
True, True, 0.75, (0, 46, 92, 0)
True, True, 0.1226, (0, 209, 224, 155, 223, 166, 208, 171, 189, 25, 100, 0)
True, True, 0.0414, (0, 59, 56, 169, 0)
True, True, 0.2423, (0, 187, 186, 103, 170, 244, 16, 141, 0)
True, True, 0.1226, (0, 211, 32, 189, 171, 218, 207, 0)
True, True, 0.5281, (0, 7, 55, 0)
True, True, 0.0883, (0, 42, 60, 216, 0)
True, True, 0.0695, (0, 49, 168, 43, 0)
True, True, 0.3559, (0, 118, 152, 16, 244, 170, 103, 186, 0)
True, True, 0.4018, (0, 187, 186, 103, 44, 141, 0)
True, True, 0.0398, (0, 105, 212, 84, 121, 106, 51, 87, 178, 134, 112, 0)
True, True, 0.1761, (0, 187, 170, 244, 16, 152, 118, 0)
True, True, 0.5281, (0, 43, 26, 94, 0)
True, True, 0.3938, (0, 183, 246, 73, 39, 172, 221, 198, 145, 225, 0)
True, True, 0.0618, (0, 20, 38, 233, 0)
True, True, 0.332, (0, 140, 35, 199, 217, 102, 91, 143, 153, 0)
True, True, 0.0832, (0, 79, 89, 28, 69, 184, 78, 201, 88, 163, 142, 0)
True, True, 0.4062, (0, 41, 87, 13, 98, 0)
True, True, 0.1971, (0, 138, 231, 101, 40, 209, 99, 205, 0)
True, True, 0.0738, (0, 142, 163, 110, 9, 139, 75, 125, 129, 169, 102, 91, 0)
True, True, 0.189, (0, 15, 108, 31, 0)
True, True, 0.2031, (0, 197, 90, 226, 76, 39, 246, 86, 0)
True, True, 0.2781, (0, 30, 231, 64, 0)
True, True, 0.0032, (0, 153, 228, 47, 157, 130, 150, 219, 0)
True, True, 0.1766, (0, 118, 71, 39, 73, 76, 226, 90, 197, 0)
True, True, 0.037, (0, 134, 178, 149, 80, 51, 106, 121, 84, 212, 105, 0)
True, True, 0.5, (0, 8, 185, 41, 0)
True, True, 0.5, (0, 13, 36, 0)
True, True, 0.5, (0, 58, 65, 0)
True, True, 0.3629, (0, 133, 235, 192, 204, 222, 176, 180, 50, 219, 0)
True, True, 0.2029, (0, 205, 99, 209, 40, 101, 138, 0)
True, True, 0.1274, (0, 211, 132, 25, 100, 95, 0)
True, True, 0.0474, (0, 205, 99, 177, 191, 54, 136, 113, 119, 0)
True, True, 0.5623, (0, 126, 167, 190, 140, 35, 217, 199, 0)
True, True, 0.152, (0, 36, 18, 0)
True, True, 0.4218, (0, 19, 167, 226, 90, 197, 145, 225, 0)
True, True, 0.1864, (0, 205, 99, 209, 40, 101, 231, 138, 148, 0)
True, True, 0.1798, (0, 187, 170, 244, 16, 126, 152, 118, 0)
True, True, 0.037, (0, 84, 121, 106, 63, 173, 179, 70, 182, 0)
True, True, 0.0832, (0, 79, 89, 28, 69, 184, 78, 201, 139, 102, 0)
True, True, 0.0818, (0, 238, 206, 120, 74, 33, 164, 128, 165, 117, 0)
True, True, 0.0077, (0, 85, 183, 86, 126, 19, 152, 141, 0)
True, True, 0.0253, (0, 151, 98, 63, 173, 227, 137, 179, 182, 0)
True, True, 0.0753, (0, 216, 81, 28, 89, 176, 222, 204, 192, 235, 133, 0)
True, True, 0.129, (0, 219, 150, 157, 47, 130, 122, 153, 0)
True, True, 0.1955, (0, 32, 189, 171, 208, 166, 223, 155, 124, 168, 0)
True, True, 0.2215, (0, 4, 168, 64, 148, 0)
True, True, 0.0038, (0, 119, 207, 113, 54, 191, 177, 136, 174, 0)
True, True, 0.0299, (0, 162, 116, 202, 50, 216, 228, 130, 122, 0)
True, True, 0.75, (0, 236, 115, 95, 100, 25, 132, 211, 0)
True, True, 0.0038, (0, 133, 235, 192, 204, 222, 176, 180, 22, 108, 82, 208, 166, 218, 0)
True, True, 0.1181, (0, 133, 235, 192, 204, 222, 176, 180, 79, 81, 9, 0)
True, True, 0.0474, (0, 40, 224, 155, 241, 124, 168, 101, 231, 138, 0)
True, True, 0.0695, (0, 148, 64, 174, 4, 0)
True, True, 0.2191, (0, 71, 190, 142, 88, 62, 233, 104, 172, 76, 183, 0)
True, True, 0.0159, (0, 217, 110, 9, 139, 75, 125, 129, 102, 91, 0)
True, True, 0.348, (0, 36, 18, 123, 0)
True, True, 0.291, (0, 205, 99, 209, 40, 124, 241, 96, 231, 138, 0)
True, True, 0.1872, (0, 179, 188, 227, 173, 63, 200, 151, 0)
True, True, 0.025, (0, 225, 197, 90, 226, 76, 39, 73, 0)
True, True, 0.1226, (0, 168, 124, 241, 224, 155, 223, 166, 208, 189, 32, 0)
True, True, 0.4851, (0, 88, 201, 78, 184, 69, 28, 89, 79, 202, 0)
True, True, 0.5, (0, 23, 58, 0)
True, True, 0.0757, (0, 101, 168, 124, 241, 224, 191, 54, 136, 174, 0)
True, True, 0.1222, (0, 50, 108, 82, 223, 155, 241, 0)
True, True, 0.0266, (0, 122, 47, 108, 82, 223, 224, 0)
True, True, 0.0813, (0, 105, 212, 106, 63, 173, 227, 179, 182, 0)
True, True, 0.0382, (0, 201, 184, 69, 28, 89, 79, 180, 108, 208, 166, 232, 0)
True, True, 0.0089, (0, 91, 102, 129, 56, 79, 180, 108, 82, 223, 155, 224, 0)
True, True, 0.0292, (0, 105, 98, 200, 87, 51, 185, 80, 149, 178, 112, 0)
True, True, 0.2356, (0, 206, 195, 114, 175, 210, 5, 230, 229, 144, 220, 193, 214, 0)
True, True, 0.25, (0, 115, 30, 0)
True, True, 0.0813, (0, 178, 149, 80, 87, 51, 212, 84, 121, 0)
True, True, 0.0842, (0, 182, 179, 137, 188, 173, 63, 200, 151, 0)
True, True, 0.0033, (0, 190, 62, 233, 107, 214, 193, 239, 221, 198, 145, 225, 0)
True, True, 0.0808, (0, 73, 59, 56, 0)
True, True, 0.0733, (0, 133, 235, 192, 204, 222, 176, 180, 22, 108, 82, 223, 241, 0)
True, True, 0.0937, (0, 183, 76, 172, 104, 233, 62, 88, 163, 190, 71, 0)
False, True, 0.25, (0, 148, 242, 147, 72, 242, 147, 72, 242, 147, 72, 242, 147, 72, 64, 148, 0)
True, True, 0.2153, (0, 101, 168, 124, 241, 224, 191, 54, 177, 174, 0)
False, True, 0.1258, (0, 166, 213, 31, 176, 213, 31, 208, 0)
False, True, 0.25, (0, 17, 134, 151, 17, 0)
True, True, 0.4249, (0, 70, 137, 188, 227, 173, 63, 0)
True, True, 0.0033, (0, 73, 146, 6, 196, 77, 234, 240, 127, 230, 229, 144, 220, 239, 198, 0)
False, True, 0.0529, (0, 102, 169, 129, 56, 69, 184, 78, 69, 184, 78, 69, 184, 78, 201, 110, 0)
True, True, 0.0517, (0, 133, 235, 192, 204, 222, 176, 89, 28, 184, 201, 0)
True, True, 0.0159, (0, 102, 169, 129, 125, 75, 201, 139, 9, 110, 199, 0)
True, True, 0.3099, (0, 182, 70, 175, 210, 5, 230, 229, 144, 220, 193, 214, 221, 198, 0)
True, True, 0.0211, (0, 164, 245, 70, 175, 210, 5, 230, 229, 144, 220, 239, 221, 0)
False, True, 0.3952, (0, 112, 237, 181, 1, 158, 112, 0)
True, True, 0.0349, (0, 79, 89, 28, 184, 78, 201, 139, 110, 0)
False, True, 0.1258, (0, 15, 228, 130, 15, 0)
False, True, 0.2338, (0, 238, 120, 93, 194, 245, 109, 194, 93, 33, 0)
False, True, 0.1769, (0, 86, 104, 107, 146, 203, 38, 146, 107, 214, 193, 239, 221, 198, 145, 0)
False, True, 0.5, (0, 62, 233, 239, 83, 195, 114, 83, 206, 0)
False, True, 0.4851, (0, 162, 116, 202, 50, 116, 162, 0)
False, True, 0.3071, (0, 238, 74, 120, 93, 74, 33, 164, 128, 165, 0)
False, True, 0.1329, (0, 112, 151, 98, 200, 212, 84, 121, 106, 51, 87, 200, 98, 151, 0)
False, True, 0.1564, (0, 86, 104, 107, 146, 203, 38, 146, 107, 104, 172, 76, 183, 0)
False, True, 0.152, (0, 238, 120, 74, 33, 120, 74, 238, 123, 225, 0)
True, True, 0.0226, (0, 205, 99, 40, 101, 138, 148, 0)
True, True, 0.0342, (0, 198, 239, 220, 144, 229, 230, 127, 240, 77, 196, 203, 38, 71, 0)
True, True, 0.0682, (0, 164, 245, 109, 175, 210, 5, 230, 229, 144, 220, 239, 198, 0)
False, True, 0.1394, (0, 164, 245, 109, 194, 245, 109, 194, 93, 33, 164, 0)
False, True, 0.0846, (0, 221, 214, 193, 196, 77, 240, 127, 234, 240, 127, 234, 77, 196, 6, 0)
False, True, 0.1329, (0, 105, 98, 200, 212, 84, 121, 106, 51, 87, 200, 98, 105, 0)
False, True, 0.0032, (0, 104, 107, 146, 203, 38, 201, 78, 184, 69, 78, 201, 163, 0)
False, True, 0.0648, (0, 33, 93, 194, 109, 245, 70, 109, 245, 0)
False, True, 0.0632, (0, 133, 235, 192, 204, 222, 176, 213, 108, 22, 180, 108, 208, 166, 174, 0)
False, True, 0.0733, (0, 8, 245, 109, 194, 245, 109, 194, 120, 238, 0)
False, True, 0.3055, (0, 178, 149, 80, 128, 165, 8, 128, 165, 117, 0)
False, True, 0.2898, (0, 71, 38, 203, 196, 77, 240, 127, 234, 240, 127, 234, 77, 196, 0)
False, True, 0.1258, (0, 133, 235, 192, 204, 222, 213, 22, 180, 176, 222, 204, 192, 235, 133, 0)
False, True, 0.0938, (0, 151, 87, 41, 13, 151, 0)
False, True, 0.0211, (0, 164, 194, 109, 245, 70, 109, 194, 93, 33, 0)
False, True, 0.065, (0, 71, 62, 233, 107, 146, 203, 160, 146, 107, 104, 172, 183, 0)
False, True, 0.0266, (0, 122, 130, 157, 228, 47, 157, 122, 0)
True, True, 0.0618, (0, 79, 89, 28, 69, 184, 78, 201, 75, 125, 102, 91, 0)
True, True, 0.0078, (0, 105, 98, 200, 87, 51, 185, 80, 149, 237, 112, 0)
True, True, 0.0563, (0, 79, 89, 28, 69, 78, 201, 75, 169, 102, 91, 0)
False, True, 0.0307, (0, 118, 152, 126, 19, 152, 118, 141, 0)
False, True, 0.0636, (0, 141, 152, 126, 19, 152, 141, 0)
False, True, 0.3142, (0, 174, 136, 177, 191, 54, 177, 136, 113, 119, 0)
False, True, 0.2058, (0, 174, 166, 208, 108, 180, 22, 108, 82, 223, 155, 224, 0)
False, True, 0.1396, (0, 119, 113, 191, 54, 136, 113, 119, 0)
False, True, 0.4368, (0, 207, 218, 171, 189, 32, 218, 207, 0)
False, True, 0.1814, (0, 150, 130, 157, 228, 47, 130, 150, 0)
True, True, 0.032, (0, 134, 149, 80, 87, 51, 106, 121, 84, 212, 105, 0)
False, True, 0.1514, (0, 119, 113, 191, 54, 113, 119, 0)
True, True, 0.0443, (0, 105, 84, 121, 106, 51, 87, 80, 149, 178, 134, 0)
False, True, 0.0818, (0, 195, 114, 175, 210, 5, 175, 114, 195, 206, 0)
False, True, 0.0322, (0, 183, 76, 246, 39, 73, 246, 76, 183, 0)
False, True, 0.1694, (0, 86, 246, 73, 39, 246, 226, 90, 197, 0)
False, True, 0.0016, (0, 8, 179, 137, 188, 227, 137, 179, 70, 164, 0)
False, True, 0.1195, (0, 164, 8, 70, 179, 227, 188, 137, 179, 182, 0)
False, True, 0.0159, (0, 126, 167, 71, 190, 140, 35, 190, 71, 86, 0)
True, True, 0.0525, (0, 138, 101, 168, 124, 241, 155, 224, 40, 99, 0)
True, True, 0.0303, (0, 216, 81, 79, 89, 28, 69, 78, 201, 110, 0)
False, True, 0.0458, (0, 141, 118, 152, 126, 16, 152, 141, 0)
False, True, 0.1282, (0, 153, 122, 130, 157, 47, 228, 122, 0)
False, True, 0.0618, (0, 86, 73, 62, 88, 203, 146, 107, 104, 172, 76, 86, 0)
True, True, 0.0898, (0, 86, 126, 71, 190, 140, 35, 199, 217, 102, 91, 0)
False, True, 0.0572, (0, 86, 73, 104, 107, 146, 203, 160, 146, 107, 233, 62, 88, 163, 142, 0)
False, True, 0.1008, (0, 206, 195, 114, 175, 210, 5, 175, 109, 245, 164, 0)
False, True, 0.0525, (0, 119, 113, 136, 177, 191, 54, 177, 136, 174, 205, 0)
True, True, 0.4077, (0, 219, 150, 157, 47, 228, 122, 153, 0)
False, True, 0.0972, (0, 219, 150, 130, 47, 228, 157, 130, 122, 0)
False, True, 0.0078, (0, 117, 181, 1, 158, 117, 0)
False, True, 0.0103, (0, 198, 221, 239, 193, 214, 107, 146, 203, 38, 146, 107, 104, 172, 0)
False, True, 0.0342, (0, 6, 196, 77, 234, 240, 127, 234, 240, 127, 234, 77, 196, 193, 214, 0)
True, True, 0.0042, (0, 118, 126, 19, 226, 90, 197, 145, 225, 0)
all_elementary, False
all_cyc2, True
