Instance, X-n294-k50
capacity, 285
min_trucks, 51
output_file, output_uchoa/X-n294-k50-cyc2.log
Start date, 2022-06-30
Start time, 18-33-45
capacity, 285
num_vehicles, 51
abort_early, False
methods, ['cyc2']
max_vars, 100
time_limit, 86400
farley, False
ESPPRC_heur, True
initial time, initial max_it, max_stale_it
1, 20000.0, 20
heuristic Number of routes, heuristic Best Solution Value, heuristic number of iterations, adjusted time, adjusted max_it, measured total time
108519, 47243.0, 20000, 1, 20000.0, 20538.9
method, python time, total time, propagated dominance time, unpropagated dominance time, pricing_success, upper_bound, lower_bound, abort_early, num_paths, 
ESPPRC_heur, 0.1, 0.5, 0.2, 0.1, 0, 46554.7002, 44823.435, True, 78
ESPPRC_heur, 0.0, 0.5, 0.2, 0.1, 0, 46553.3158, 46196.3158, True, 3
ESPPRC_heur, 0.0, 0.5, 0.2, 0.1, 0, 46552.6608, 46529.6618, True, 1
cyc2, 0.2, 33.9, 0.0, 0.0, 1, 46552.6585, 35481.1413, 0, 5327
cyc2, 0.2, 48.0, 0.0, 0.0, 1, 46549.7192, 40680.2306, 0, 2358
ESPPRC_heur, 0.0, 0.5, 0.2, 0.1, 0, 46401.344, 43244.8026, True, 119
cyc2, 0.2, 49.5, 0.0, 0.0, 1, 46401.344, 38458.3711, 0, 3760
ESPPRC_heur, -0.0, 0.7, 0.3, 0.1, 0, 46396.607, 46254.24, True, 1
ESPPRC_heur, -0.0, 0.7, 0.3, 0.1, 0, 46396.5421, 46348.1144, True, 1
cyc2, 0.1, 35.3, 0.0, 0.0, 1, 46396.5304, 42282.5397, 0, 1752
ESPPRC_heur, 0.0, 0.5, 0.2, 0.1, 0, 46364.4846, 46109.4846, True, 3
cyc2, 0.1, 43.0, 0.0, 0.0, 1, 46364.4777, 43330.8538, 0, 1101
ESPPRC_heur, 0.0, 0.7, 0.3, 0.1, 0, 46259.2365, 45542.6445, True, 9
cyc2, 0.1, 54.0, 0.0, 0.0, 1, 46258.5247, 43411.3266, 0, 909
ESPPRC_heur, 0.0, 0.5, 0.2, 0.1, 0, 46189.4664, 45827.1835, True, 2
cyc2, 0.1, 35.5, 0.0, 0.0, 1, 46189.1885, 44386.0999, 0, 597
ESPPRC_heur, 0.0, 0.5, 0.2, 0.1, 0, 46145.198, 46032.6199, True, 2
cyc2, 0.1, 35.0, 0.0, 0.0, 1, 46145.198, 43678.3766, 0, 414
ESPPRC_heur, -0.0, 0.6, 0.2, 0.1, 0, 46120.6513, 45900.5535, True, 1
ESPPRC_heur, -0.0, 0.6, 0.2, 0.1, 0, 46120.49, 46060.4988, True, 2
cyc2, 0.1, 34.7, 0.0, 0.0, 1, 46120.4867, 45050.5076, 0, 243
ESPPRC_heur, 0.0, 0.7, 0.3, 0.1, 0, 46107.8414, 45954.8414, True, 3
cyc2, 0.1, 52.8, 0.0, 0.0, 1, 46107.4011, 45623.3903, 0, 117
cyc2, 0.1, 49.9, 0.0, 0.0, 1, 46101.6881, 45870.1577, 0, 24
cyc2, 0.1, 53.5, 0.0, 0.0, 1, 46100.7319, 46042.9275, 0, 6
cyc2, 0.1, 49.5, 0.0, 0.0, 1, 46100.7272, 46100.7272, 0, 0
scip_total_time, 21179.488771
Solval, number of paths, impact cutoff
46100.72715424076, 260, 0.0001
Elementary, 2-Cycle, Path Value, Path
True, True, 0.1056, (0, 213, 95, 123, 234, 203, 0)
True, True, 0.3333, (0, 184, 206, 124, 10, 151, 257, 75, 198, 285, 0)
True, True, 0.5833, (0, 134, 25, 113, 240, 262, 179, 0)
True, True, 0.1626, (0, 82, 64, 162, 204, 146, 230, 0)
True, True, 0.4286, (0, 267, 61, 215, 100, 0)
True, True, 0.1642, (0, 192, 292, 142, 252, 26, 0)
True, True, 0.5762, (0, 141, 112, 19, 241, 56, 0)
True, True, 0.2256, (0, 237, 86, 3, 268, 0)
True, True, 0.3694, (0, 205, 71, 70, 57, 60, 152, 80, 0)
True, True, 0.318, (0, 147, 244, 181, 216, 0)
True, True, 0.3556, (0, 143, 26, 120, 252, 142, 0)
True, True, 0.1154, (0, 144, 289, 33, 11, 86, 3, 0)
True, True, 0.2992, (0, 146, 251, 171, 37, 275, 197, 62, 90, 0)
True, True, 0.0208, (0, 108, 272, 138, 236, 139, 0)
True, True, 0.2889, (0, 28, 192, 228, 142, 120, 143, 0)
True, True, 0.1493, (0, 91, 84, 114, 256, 40, 0)
True, True, 0.586, (0, 260, 132, 254, 87, 127, 249, 161, 183, 0)
True, True, 0.1446, (0, 246, 86, 3, 238, 0)
True, True, 0.4953, (0, 288, 239, 221, 116, 0)
True, True, 0.1359, (0, 27, 111, 170, 210, 156, 0)
True, True, 0.2498, (0, 157, 101, 89, 32, 273, 0)
True, True, 0.2669, (0, 253, 22, 105, 225, 164, 59, 107, 83, 43, 0)
True, True, 0.5007, (0, 116, 221, 189, 288, 0)
True, True, 0.1276, (0, 44, 216, 181, 244, 0)
True, True, 0.2521, (0, 280, 65, 234, 123, 213, 0)
True, True, 0.0822, (0, 2, 22, 105, 225, 164, 59, 107, 153, 0)
True, True, 0.5895, (0, 137, 258, 209, 264, 68, 17, 0)
True, True, 0.0446, (0, 87, 4, 152, 80, 23, 0)
True, True, 0.7644, (0, 238, 246, 268, 99, 0)
True, True, 0.2054, (0, 255, 15, 182, 29, 229, 8, 0)
True, True, 0.0497, (0, 242, 282, 117, 269, 45, 0)
True, True, 0.2164, (0, 253, 105, 225, 164, 59, 107, 153, 0)
True, True, 0.1056, (0, 235, 35, 141, 112, 65, 280, 0)
True, True, 0.7711, (0, 54, 135, 58, 233, 0)
True, True, 0.1936, (0, 108, 173, 272, 125, 63, 0)
True, True, 0.9241, (0, 39, 53, 212, 286, 47, 208, 0)
True, True, 0.0077, (0, 119, 8, 229, 29, 182, 15, 255, 0)
True, True, 0.125, (0, 138, 264, 209, 68, 137, 0)
True, True, 0.1056, (0, 65, 112, 19, 141, 0)
True, True, 0.01, (0, 130, 46, 289, 33, 268, 246, 0)
True, True, 0.1667, (0, 266, 206, 124, 10, 151, 257, 75, 198, 285, 0)
True, True, 0.0667, (0, 211, 143, 26, 155, 21, 278, 118, 0)
True, True, 0.4034, (0, 149, 279, 243, 256, 114, 0)
True, True, 0.0667, (0, 290, 41, 129, 121, 166, 79, 0)
True, True, 0.0975, (0, 269, 131, 117, 185, 291, 92, 0)
True, True, 0.0397, (0, 44, 216, 283, 244, 147, 261, 0)
True, True, 0.0581, (0, 211, 26, 252, 142, 228, 192, 28, 0)
True, True, 0.2222, (0, 143, 26, 120, 252, 192, 28, 0)
True, True, 0.0833, (0, 5, 20, 49, 134, 25, 113, 179, 0)
True, True, 0.8667, (0, 207, 274, 79, 220, 6, 0)
True, True, 0.5714, (0, 218, 211, 126, 199, 100, 0)
True, True, 0.2233, (0, 2, 22, 225, 62, 197, 275, 37, 171, 0)
True, True, 0.1277, (0, 43, 271, 85, 109, 83, 253, 201, 0)
True, True, 0.0352, (0, 285, 198, 95, 123, 203, 35, 235, 0)
True, True, 0.2053, (0, 42, 138, 236, 125, 0)
True, True, 0.2127, (0, 213, 234, 65, 112, 141, 235, 0)
True, True, 0.4764, (0, 265, 18, 191, 150, 133, 0)
True, True, 0.2283, (0, 144, 33, 11, 86, 3, 0)
True, True, 0.4583, (0, 195, 36, 27, 111, 44, 0)
True, True, 0.2873, (0, 285, 75, 257, 151, 10, 124, 186, 144, 130, 0)
True, True, 0.0853, (0, 43, 106, 109, 194, 201, 0)
True, True, 0.0222, (0, 128, 166, 121, 41, 122, 140, 290, 0)
True, True, 0.3603, (0, 227, 279, 243, 256, 40, 0)
True, True, 0.6382, (0, 77, 172, 174, 271, 106, 194, 168, 0)
True, True, 0.5714, (0, 178, 267, 61, 215, 0)
True, True, 0.9603, (0, 50, 276, 214, 12, 261, 0)
True, True, 0.1593, (0, 83, 59, 164, 62, 197, 275, 0)
True, True, 0.1309, (0, 72, 279, 40, 114, 84, 0)
True, True, 0.1451, (0, 98, 222, 16, 101, 157, 0)
True, True, 0.107, (0, 51, 34, 191, 18, 265, 196, 0)
True, True, 0.4168, (0, 74, 222, 16, 101, 89, 0)
True, True, 0.3392, (0, 250, 136, 251, 146, 230, 148, 0)
True, True, 0.3968, (0, 119, 8, 229, 29, 182, 15, 175, 66, 0)
True, True, 0.0116, (0, 64, 253, 83, 153, 109, 85, 0)
True, True, 0.1583, (0, 172, 174, 85, 109, 194, 2, 201, 0)
True, True, 0.1506, (0, 148, 230, 251, 171, 136, 250, 247, 0)
True, True, 0.1793, (0, 201, 2, 253, 83, 109, 106, 43, 0)
True, True, 0.2456, (0, 46, 289, 186, 11, 86, 3, 0)
True, True, 0.2289, (0, 92, 169, 237, 135, 58, 0)
True, True, 0.0855, (0, 210, 230, 146, 251, 171, 136, 250, 0)
True, True, 0.3, (0, 78, 122, 41, 129, 121, 166, 128, 0)
True, True, 0.2857, (0, 218, 126, 187, 224, 24, 0)
True, True, 0.3873, (0, 119, 8, 229, 29, 182, 15, 255, 157, 0)
True, True, 0.004, (0, 69, 188, 288, 180, 45, 0)
True, True, 0.1667, (0, 198, 75, 257, 151, 10, 206, 266, 76, 0)
True, True, 0.091, (0, 223, 238, 237, 169, 102, 0)
True, True, 0.7389, (0, 30, 23, 14, 1, 0)
True, True, 0.1083, (0, 260, 132, 161, 183, 158, 97, 0)
True, True, 0.0832, (0, 94, 7, 258, 137, 277, 13, 196, 0)
True, True, 0.0064, (0, 97, 96, 132, 254, 249, 161, 183, 193, 0)
True, True, 0.0178, (0, 236, 68, 209, 258, 137, 0)
True, True, 0.0265, (0, 48, 279, 243, 256, 84, 0)
True, True, 0.2112, (0, 85, 153, 107, 164, 225, 105, 22, 0)
True, True, 0.0667, (0, 79, 219, 166, 140, 290, 0)
True, True, 0.0059, (0, 28, 56, 241, 65, 280, 0)
True, True, 0.0381, (0, 204, 62, 197, 275, 37, 171, 230, 0)
True, True, 0.8, (0, 226, 219, 118, 167, 21, 155, 278, 0)
True, True, 0.1083, (0, 87, 1, 14, 249, 132, 0)
True, True, 0.4105, (0, 272, 138, 236, 17, 139, 0)
True, True, 0.0631, (0, 272, 138, 125, 63, 0)
True, True, 0.1963, (0, 281, 156, 170, 111, 44, 36, 0)
True, True, 0.046, (0, 198, 75, 257, 151, 10, 124, 186, 130, 0)
True, True, 0.0925, (0, 201, 253, 83, 153, 85, 271, 43, 0)
True, True, 0.1267, (0, 281, 210, 170, 111, 27, 195, 0)
True, True, 0.1111, (0, 207, 219, 129, 41, 122, 140, 290, 0)
True, True, 0.0009, (0, 73, 15, 182, 29, 229, 8, 0)
True, True, 0.0052, (0, 22, 59, 164, 62, 197, 275, 0)
True, True, 0.1428, (0, 137, 258, 209, 264, 138, 108, 0)
True, True, 0.1667, (0, 206, 124, 11, 33, 289, 130, 0)
True, True, 0.1083, (0, 96, 183, 161, 249, 127, 254, 87, 260, 0)
True, True, 0.0446, (0, 163, 260, 132, 249, 161, 183, 193, 5, 0)
True, True, 0.125, (0, 236, 68, 209, 258, 7, 94, 0)
True, True, 0.0418, (0, 196, 284, 277, 137, 258, 7, 94, 0)
True, True, 0.0325, (0, 68, 264, 138, 173, 0)
True, True, 0.0472, (0, 196, 18, 191, 150, 133, 287, 0)
True, True, 0.0009, (0, 77, 38, 182, 29, 229, 8, 0)
True, True, 0.1083, (0, 80, 152, 57, 70, 71, 205, 243, 72, 0)
True, True, 0.0986, (0, 204, 62, 197, 37, 251, 230, 0)
False, True, 0.057, (0, 53, 9, 202, 165, 9, 202, 165, 9, 78, 0)
False, True, 0.0373, (0, 9, 200, 165, 9, 200, 165, 9, 200, 78, 0)
False, True, 0.2501, (0, 148, 162, 204, 90, 162, 148, 210, 0)
False, True, 0.169, (0, 202, 200, 9, 202, 165, 0)
False, True, 0.004, (0, 45, 180, 239, 116, 180, 45, 0)
False, True, 0.2994, (0, 103, 145, 67, 193, 145, 67, 193, 145, 0)
False, True, 0.1485, (0, 170, 244, 283, 181, 244, 0)
False, True, 0.5, (0, 115, 76, 266, 184, 115, 0)
False, True, 0.4405, (0, 263, 52, 20, 263, 52, 0)
False, True, 0.1118, (0, 64, 90, 204, 162, 90, 204, 162, 0)
False, True, 0.051, (0, 45, 103, 67, 145, 193, 67, 145, 103, 0)
False, True, 0.1375, (0, 37, 275, 197, 62, 275, 37, 171, 0)
False, True, 0.038, (0, 78, 212, 286, 47, 212, 78, 0)
False, True, 0.119, (0, 52, 49, 134, 25, 49, 0)
False, True, 0.298, (0, 231, 259, 270, 231, 0)
False, True, 0.3164, (0, 31, 84, 114, 40, 84, 31, 0)
False, True, 0.0379, (0, 31, 279, 243, 256, 84, 31, 0)
False, True, 0.3038, (0, 211, 228, 292, 241, 56, 292, 0)
False, True, 0.4512, (0, 223, 291, 185, 104, 291, 185, 104, 0)
False, True, 0.1429, (0, 24, 224, 199, 187, 224, 0)
False, True, 0.119, (0, 20, 49, 134, 25, 49, 263, 5, 0)
False, True, 0.0746, (0, 228, 292, 241, 56, 292, 228, 0)
False, True, 0.1667, (0, 176, 217, 232, 176, 0)
False, True, 0.2243, (0, 160, 293, 282, 242, 117, 131, 160, 0)
False, True, 0.0667, (0, 220, 290, 140, 122, 290, 0)
False, True, 0.1667, (0, 88, 76, 266, 206, 76, 184, 88, 0)
False, True, 0.2611, (0, 30, 80, 4, 60, 57, 152, 4, 0)
False, True, 0.2994, (0, 158, 97, 96, 158, 193, 67, 0)
False, True, 0.2463, (0, 51, 18, 191, 34, 51, 0)
False, True, 0.1775, (0, 235, 35, 203, 213, 35, 203, 235, 0)
False, True, 0.2082, (0, 222, 119, 177, 245, 222, 0)
False, True, 0.3182, (0, 280, 65, 19, 280, 0)
False, True, 0.1998, (0, 159, 66, 255, 73, 38, 255, 66, 159, 0)
False, True, 0.498, (0, 69, 188, 190, 69, 0)
False, True, 0.0952, (0, 44, 20, 49, 134, 25, 49, 20, 0)
False, True, 0.2857, (0, 24, 224, 187, 199, 24, 0)
False, True, 0.1465, (0, 97, 158, 96, 97, 158, 96, 97, 0)
False, True, 0.357, (0, 82, 64, 201, 2, 64, 82, 0)
False, True, 0.4166, (0, 74, 232, 217, 265, 232, 217, 0)
False, True, 0.4247, (0, 147, 247, 250, 136, 247, 0)
False, True, 0.2256, (0, 102, 169, 237, 31, 169, 102, 0)
False, True, 0.131, (0, 188, 231, 88, 188, 0)
False, True, 0.315, (0, 154, 89, 281, 156, 210, 170, 156, 281, 154, 0)
False, True, 0.1667, (0, 20, 49, 179, 240, 262, 113, 240, 262, 179, 0)
False, True, 0.2333, (0, 140, 128, 166, 121, 129, 41, 122, 140, 0)
False, True, 0.2521, (0, 213, 95, 234, 123, 95, 198, 0)
False, True, 0.2735, (0, 270, 259, 178, 270, 259, 0)
False, True, 0.0257, (0, 269, 293, 117, 242, 293, 269, 0)
False, True, 0.118, (0, 188, 231, 88, 188, 190, 45, 0)
False, True, 0.1775, (0, 123, 95, 234, 123, 95, 285, 0)
False, True, 0.0667, (0, 118, 167, 155, 21, 167, 118, 274, 0)
False, True, 0.4306, (0, 177, 110, 94, 7, 248, 110, 0)
False, True, 0.3595, (0, 200, 202, 165, 9, 200, 78, 0)
False, True, 0.2289, (0, 92, 102, 237, 169, 102, 92, 0)
False, True, 0.1666, (0, 98, 176, 74, 101, 98, 0)
False, True, 0.1778, (0, 290, 122, 41, 129, 121, 128, 140, 290, 0)
False, True, 0.1806, (0, 177, 248, 94, 7, 248, 177, 0)
False, True, 0.2035, (0, 66, 175, 73, 38, 175, 73, 38, 172, 168, 0)
False, True, 0.1961, (0, 157, 159, 73, 38, 175, 73, 38, 159, 0)
False, True, 0.1431, (0, 72, 205, 71, 70, 57, 60, 70, 71, 205, 72, 0)
False, True, 0.0833, (0, 49, 113, 240, 262, 113, 0)
False, True, 0.1103, (0, 236, 264, 68, 236, 0)
False, True, 0.0759, (0, 208, 42, 125, 93, 42, 0)
False, True, 0.0694, (0, 110, 248, 94, 7, 248, 94, 7, 248, 110, 0)
False, True, 0.0754, (0, 269, 131, 282, 117, 131, 269, 0)
False, True, 0.4005, (0, 287, 51, 34, 150, 133, 287, 0)
False, True, 0.0199, (0, 170, 12, 276, 214, 12, 170, 0)
False, True, 0.3096, (0, 81, 227, 48, 81, 72, 91, 0)
False, True, 0.462, (0, 93, 173, 125, 93, 0)
False, True, 0.4059, (0, 283, 181, 216, 283, 0)
True, True, 0.012, (0, 105, 62, 197, 37, 171, 230, 0)
False, True, 0.0222, (0, 290, 140, 128, 166, 129, 121, 166, 207, 0)
False, True, 0.3119, (0, 108, 42, 272, 173, 42, 108, 0)
False, True, 0.1628, (0, 85, 109, 153, 83, 109, 0)
False, True, 0.0009, (0, 8, 229, 15, 182, 29, 15, 0)
False, True, 0.1135, (0, 82, 90, 204, 162, 90, 204, 146, 230, 0)
False, True, 0.1056, (0, 253, 105, 22, 59, 105, 22, 59, 107, 153, 0)
False, True, 0.1651, (0, 149, 48, 227, 81, 48, 227, 72, 0)
False, True, 0.0943, (0, 78, 165, 202, 9, 165, 202, 9, 165, 0)
False, True, 0.1083, (0, 4, 152, 60, 4, 23, 0)
False, True, 0.2158, (0, 92, 149, 48, 81, 149, 0)
False, True, 0.1551, (0, 190, 88, 231, 259, 270, 178, 88, 0)
False, True, 0.3959, (0, 245, 13, 277, 245, 0)
False, True, 0.019, (0, 53, 47, 286, 108, 42, 286, 47, 0)
False, True, 0.494, (0, 180, 189, 239, 180, 0)
False, True, 0.0418, (0, 13, 284, 277, 13, 284, 0)
False, True, 0.1231, (0, 196, 34, 18, 191, 34, 0)
False, True, 0.0667, (0, 6, 220, 290, 6, 0)
False, True, 0.2082, (0, 16, 77, 159, 16, 0)
False, True, 0.2501, (0, 45, 273, 32, 154, 273, 45, 0)
False, True, 0.0405, (0, 246, 86, 3, 246, 0)
False, True, 0.1261, (0, 163, 269, 160, 293, 117, 131, 160, 269, 163, 0)
False, True, 0.2289, (0, 190, 91, 223, 233, 54, 223, 91, 0)
False, True, 0.0631, (0, 77, 174, 271, 106, 85, 271, 43, 168, 77, 0)
False, True, 0.0889, (0, 226, 128, 166, 121, 41, 122, 290, 226, 0)
False, True, 0.0667, (0, 278, 167, 21, 155, 26, 143, 278, 274, 0)
False, True, 0.3516, (0, 163, 131, 117, 282, 242, 163, 0)
False, True, 0.0205, (0, 48, 71, 70, 60, 57, 70, 71, 205, 243, 0)
False, True, 0.0667, (0, 120, 252, 228, 120, 26, 0)
False, True, 0.0269, (0, 171, 37, 197, 62, 37, 171, 251, 0)
False, True, 0.0013, (0, 91, 239, 189, 91, 239, 0)
False, True, 0.1313, (0, 139, 284, 277, 13, 284, 139, 63, 0)
False, True, 0.306, (0, 63, 284, 277, 13, 284, 139, 63, 0)
False, True, 0.1412, (0, 103, 5, 195, 36, 27, 195, 5, 103, 0)
False, True, 0.0975, (0, 205, 71, 70, 60, 57, 70, 71, 205, 48, 104, 0)
False, True, 0.1083, (0, 4, 80, 152, 4, 80, 23, 0)
False, True, 0.0099, (0, 50, 148, 82, 50, 0)
True, True, 0.0217, (0, 157, 101, 16, 222, 98, 196, 0)
True, True, 0.0112, (0, 154, 281, 156, 210, 170, 111, 44, 5, 45, 0)
False, True, 0.5, (0, 196, 55, 176, 98, 55, 0)
False, True, 0.0667, (0, 290, 140, 128, 166, 129, 121, 166, 128, 0)
False, True, 0.299, (0, 269, 293, 282, 242, 293, 160, 0)
False, True, 0.2501, (0, 45, 32, 5, 103, 273, 32, 0)
False, True, 0.006, (0, 168, 43, 271, 194, 106, 271, 43, 0)
False, True, 0.076, (0, 130, 144, 33, 99, 289, 46, 130, 0)
False, True, 0.0017, (0, 168, 174, 271, 106, 85, 271, 43, 168, 0)
False, True, 0.2521, (0, 203, 35, 28, 203, 35, 235, 0)
False, True, 0.0265, (0, 77, 174, 106, 194, 109, 85, 174, 0)
False, True, 0.0245, (0, 130, 144, 46, 130, 144, 46, 130, 88, 0)
False, True, 0.1465, (0, 96, 183, 161, 249, 254, 132, 96, 97, 0)
False, True, 0.0199, (0, 210, 276, 214, 50, 210, 0)
False, True, 0.1429, (0, 187, 218, 126, 187, 224, 0)
False, True, 0.0222, (0, 219, 166, 129, 121, 166, 128, 226, 0)
False, True, 0.1333, (0, 192, 228, 252, 142, 192, 28, 0)
False, True, 0.0205, (0, 279, 243, 205, 279, 40, 31, 0)
False, True, 0.0858, (0, 168, 43, 174, 85, 109, 194, 43, 0)
False, True, 0.1501, (0, 46, 144, 186, 11, 33, 289, 46, 0)
False, True, 0.0588, (0, 153, 107, 164, 59, 107, 153, 85, 0)
False, True, 0.083, (0, 46, 289, 99, 33, 186, 46, 88, 0)
False, True, 0.0766, (0, 130, 46, 289, 99, 33, 289, 46, 91, 0)
False, True, 0.1088, (0, 244, 147, 216, 244, 147, 154, 0)
False, True, 0.0497, (0, 269, 242, 117, 131, 269, 0)
False, True, 0.0663, (0, 195, 36, 27, 195, 36, 5, 103, 0)
False, True, 0.0087, (0, 281, 156, 170, 210, 156, 170, 210, 281, 0)
False, True, 0.0759, (0, 196, 287, 133, 78, 39, 150, 287, 0)
False, True, 0.0716, (0, 5, 44, 111, 27, 36, 5, 0)
False, True, 0.0226, (0, 31, 256, 243, 40, 84, 31, 0)
False, True, 0.0092, (0, 89, 281, 210, 170, 156, 210, 281, 89, 0)
False, True, 0.094, (0, 130, 186, 33, 11, 186, 144, 130, 0)
False, True, 0.1529, (0, 87, 127, 14, 1, 127, 254, 260, 0)
False, True, 0.0395, (0, 235, 292, 241, 56, 292, 28, 0)
False, True, 0.004, (0, 45, 221, 189, 239, 91, 45, 0)
all_elementary, False
all_cyc2, True
