Instance, X-n294-k50
capacity, 285
min_trucks, 51
output_file, output_uchoa/X-n294-k50-SPPRC.log
Start date, 2022-06-30
Start time, 17-27-59
capacity, 285
num_vehicles, 51
abort_early, False
methods, ['SPPRC']
max_vars, 100
time_limit, 86400
farley, False
ESPPRC_heur, True
initial time, initial max_it, max_stale_it
1, 20000.0, 20
heuristic Number of routes, heuristic Best Solution Value, heuristic number of iterations, adjusted time, adjusted max_it, measured total time
105598, 47243.0, 20000, 1, 20000.0, 20377.0
method, python time, total time, propagated dominance time, unpropagated dominance time, pricing_success, upper_bound, lower_bound, abort_early, num_paths, 
SPPRC, 0.1, 0.7, 0.4, 0.1, 1, 46553.7867, -5687.709, 0, 3822
SPPRC, 0.1, 0.6, 0.3, 0.1, 1, 46553.7867, 32923.7929, 0, 1762
SPPRC, 0.1, 0.6, 0.3, 0.1, 1, 46553.4666, 37490.2179, 0, 1522
SPPRC, 0.0, 0.6, 0.3, 0.1, 1, 46396.3719, 30045.2712, 0, 1805
SPPRC, 0.0, 0.6, 0.3, 0.1, 1, 46374.9124, 39944.4709, 0, 1220
SPPRC, -0.0, 0.7, 0.3, 0.1, 1, 46130.4141, 40779.0728, 0, 1176
SPPRC, -0.0, 0.7, 0.3, 0.1, 1, 45941.4192, 40522.8177, 0, 940
SPPRC, 0.0, 0.6, 0.3, 0.1, 1, 45721.8156, 36872.0537, 0, 1030
SPPRC, 0.1, 0.6, 0.3, 0.1, 1, 45673.8509, 42154.4414, 0, 834
SPPRC, 0.1, 0.6, 0.3, 0.1, 1, 45543.6593, 37679.8996, 0, 765
SPPRC, 0.1, 0.6, 0.3, 0.1, 1, 45501.0306, 41482.9205, 0, 628
SPPRC, 0.1, 0.6, 0.3, 0.1, 1, 45437.968, 39595.7072, 0, 693
SPPRC, 0.0, 0.7, 0.3, 0.1, 1, 45403.6586, 41180.5793, 0, 592
SPPRC, -0.0, 0.7, 0.3, 0.1, 1, 45357.0506, 42575.2621, 0, 454
SPPRC, 0.1, 0.6, 0.3, 0.1, 1, 45294.6551, 37015.5777, 0, 421
SPPRC, 0.1, 0.6, 0.3, 0.1, 1, 45270.8644, 43629.3639, 0, 340
SPPRC, 0.0, 0.7, 0.3, 0.1, 1, 45238.9248, 44104.7073, 0, 204
SPPRC, -0.0, 0.7, 0.3, 0.1, 1, 45212.0174, 44403.3288, 0, 141
SPPRC, -0.0, 0.7, 0.3, 0.1, 1, 45197.6159, 44860.4983, 0, 50
SPPRC, 0.0, 0.6, 0.3, 0.1, 1, 45192.9505, 44948.4675, 0, 14
SPPRC, 0.0, 0.6, 0.3, 0.1, 1, 45192.6926, 45123.2289, 0, 6
SPPRC, 0.0, 0.6, 0.3, 0.1, 1, 45192.6733, 45192.6733, 0, 0
scip_total_time, 20435.933885
Solval, number of paths, impact cutoff
45192.67329730752, 275, 0.0001
Elementary, 2-Cycle, Path Value, Path
True, True, 0.7043, (0, 141, 112, 19, 241, 56, 0)
True, True, 0.6906, (0, 99, 268, 246, 238, 0)
True, True, 0.1667, (0, 186, 124, 11, 33, 289, 46, 0)
True, True, 0.6667, (0, 116, 221, 189, 288, 0)
True, True, 0.0483, (0, 128, 166, 121, 129, 167, 278, 118, 219, 0)
True, True, 0.1353, (0, 65, 112, 19, 141, 0)
True, True, 0.3267, (0, 119, 229, 29, 182, 15, 255, 66, 0)
True, True, 0.4087, (0, 26, 252, 142, 292, 192, 0)
True, True, 0.1919, (0, 84, 114, 40, 279, 72, 0)
True, True, 0.2199, (0, 42, 138, 236, 125, 0)
True, True, 0.1432, (0, 104, 80, 152, 60, 57, 70, 71, 205, 0)
True, True, 0.4174, (0, 28, 192, 228, 142, 120, 143, 0)
True, True, 0.316, (0, 85, 109, 153, 83, 253, 64, 0)
True, True, 0.5333, (0, 6, 220, 79, 274, 207, 0)
True, True, 0.4855, (0, 51, 34, 191, 18, 265, 196, 0)
True, True, 0.1217, (0, 28, 141, 112, 65, 234, 0)
True, True, 0.2512, (0, 153, 107, 59, 164, 225, 105, 253, 0)
True, True, 0.1216, (0, 227, 205, 71, 70, 57, 60, 152, 104, 0)
True, True, 0.1074, (0, 17, 68, 264, 209, 258, 7, 94, 0)
True, True, 0.0, (0, 213, 234, 65, 112, 141, 235, 0)
True, True, 0.0437, (0, 122, 41, 129, 167, 118, 219, 207, 0)
True, True, 0.1832, (0, 66, 175, 15, 182, 29, 229, 8, 119, 0)
True, True, 0.0643, (0, 85, 153, 107, 59, 164, 225, 22, 64, 0)
True, True, 0.0193, (0, 19, 112, 280, 234, 0)
True, True, 0.1374, (0, 87, 1, 14, 249, 132, 0)
True, True, 0.444, (0, 272, 138, 236, 17, 139, 0)
True, True, 0.0135, (0, 84, 256, 279, 149, 0)
True, True, 0.0459, (0, 193, 183, 161, 249, 127, 254, 87, 260, 0)
True, True, 0.146, (0, 206, 124, 11, 33, 289, 130, 0)
True, True, 0.0695, (0, 68, 264, 138, 173, 0)
True, True, 0.2562, (0, 184, 266, 206, 124, 11, 33, 289, 144, 0)
False, False, 0.0667, (0, 9, 165, 9, 200, 9, 200, 9, 165, 9, 200, 9, 0)
False, False, 0.25, (0, 35, 203, 35, 203, 35, 235, 0)
False, False, 0.0512, (0, 126, 211, 126, 211, 126, 0)
False, False, 0.5, (0, 52, 263, 20, 263, 52, 0)
False, False, 0.1667, (0, 145, 193, 67, 145, 67, 145, 67, 145, 0)
False, False, 0.0741, (0, 171, 37, 197, 62, 197, 90, 0)
False, False, 0.1852, (0, 37, 275, 197, 62, 197, 0)
False, False, 0.0557, (0, 257, 75, 257, 75, 257, 75, 257, 75, 285, 0)
False, False, 0.2818, (0, 58, 135, 58, 135, 58, 135, 0)
False, False, 0.0648, (0, 251, 275, 197, 62, 197, 275, 251, 154, 0)
False, False, 0.5, (0, 284, 13, 277, 13, 284, 0)
False, False, 0.2788, (0, 158, 97, 158, 97, 158, 97, 0)
False, False, 0.1354, (0, 187, 199, 218, 199, 0)
False, False, 0.1667, (0, 137, 258, 137, 258, 137, 0)
False, False, 0.5, (0, 185, 291, 185, 291, 92, 0)
False, False, 0.4, (0, 9, 202, 165, 202, 200, 0)
False, False, 0.356, (0, 1, 14, 1, 293, 0)
False, False, 0.4028, (0, 148, 204, 162, 204, 162, 148, 0)
False, False, 0.4428, (0, 213, 123, 95, 123, 95, 198, 285, 0)
False, False, 0.5, (0, 3, 86, 3, 86, 31, 0)
False, False, 0.3333, (0, 90, 275, 62, 197, 62, 275, 90, 0)
False, False, 0.3378, (0, 149, 81, 227, 81, 72, 0)
False, False, 0.2482, (0, 269, 160, 131, 117, 131, 117, 131, 269, 0)
False, False, 0.3738, (0, 69, 188, 69, 190, 0)
False, False, 0.322, (0, 282, 242, 282, 293, 160, 0)
False, False, 0.3333, (0, 76, 266, 76, 115, 0)
False, False, 0.3184, (0, 108, 93, 125, 93, 108, 208, 0)
False, False, 0.0835, (0, 273, 32, 273, 0)
False, False, 0.4353, (0, 102, 169, 237, 31, 237, 0)
False, False, 0.2818, (0, 91, 223, 54, 223, 54, 223, 0)
False, False, 0.5, (0, 250, 136, 250, 247, 0)
False, False, 0.1788, (0, 226, 219, 118, 278, 118, 219, 226, 0)
False, False, 0.0037, (0, 170, 244, 147, 244, 147, 170, 281, 0)
False, False, 0.25, (0, 188, 88, 231, 88, 188, 0)
False, False, 0.0231, (0, 162, 90, 204, 90, 204, 90, 204, 90, 162, 0)
False, True, 0.0082, (0, 177, 110, 248, 7, 94, 110, 0)
False, False, 0.0347, (0, 157, 159, 66, 159, 66, 159, 66, 159, 0)
False, False, 0.1087, (0, 154, 147, 244, 147, 244, 147, 244, 0)
False, False, 0.2572, (0, 287, 150, 39, 78, 39, 78, 0)
False, False, 0.2193, (0, 177, 245, 177, 0)
False, False, 0.0385, (0, 226, 219, 118, 219, 118, 274, 0)
False, False, 0.0667, (0, 290, 122, 41, 122, 140, 0)
False, False, 0.2499, (0, 45, 273, 32, 273, 45, 0)
False, False, 0.0625, (0, 162, 204, 90, 204, 90, 162, 64, 0)
False, False, 0.5, (0, 265, 217, 232, 217, 232, 74, 0)
False, False, 0.0116, (0, 64, 90, 162, 90, 162, 82, 0)
False, False, 0.1667, (0, 261, 244, 147, 244, 147, 244, 170, 0)
False, False, 0.1206, (0, 92, 102, 169, 102, 169, 102, 92, 0)
False, False, 0.0216, (0, 102, 169, 102, 169, 102, 169, 102, 0)
False, False, 0.0595, (0, 30, 4, 152, 4, 80, 23, 104, 0)
False, False, 0.3333, (0, 283, 181, 283, 216, 0)
False, False, 0.1432, (0, 30, 80, 152, 4, 152, 4, 30, 0)
False, False, 0.1667, (0, 181, 283, 181, 283, 0)
False, False, 0.1667, (0, 190, 88, 178, 270, 259, 270, 178, 0)
False, False, 0.1111, (0, 239, 91, 239, 91, 239, 0)
False, False, 0.1681, (0, 47, 212, 286, 212, 47, 0)
False, False, 0.1875, (0, 224, 187, 199, 187, 224, 0)
False, True, 0.0803, (0, 274, 118, 167, 155, 21, 167, 118, 0)
False, False, 0.1547, (0, 91, 223, 233, 58, 233, 0)
False, False, 0.0265, (0, 85, 153, 107, 59, 22, 105, 22, 105, 22, 0)
False, False, 0.2718, (0, 12, 214, 276, 214, 12, 0)
False, False, 0.1476, (0, 245, 177, 245, 0)
False, False, 0.2522, (0, 228, 120, 252, 120, 26, 0)
False, False, 0.1389, (0, 231, 88, 231, 88, 231, 0)
False, False, 0.2095, (0, 53, 212, 286, 212, 286, 212, 53, 0)
False, False, 0.1851, (0, 198, 75, 257, 75, 257, 75, 198, 285, 0)
False, False, 0.4441, (0, 280, 65, 280, 234, 213, 0)
False, True, 0.5, (0, 55, 176, 98, 55, 0)
False, False, 0.3205, (0, 77, 168, 172, 168, 172, 168, 77, 0)
False, False, 0.0476, (0, 98, 176, 98, 176, 0)
False, False, 0.1469, (0, 139, 277, 137, 258, 137, 277, 0)
False, False, 0.25, (0, 100, 24, 100, 24, 100, 24, 100, 0)
False, False, 0.2757, (0, 179, 262, 240, 113, 240, 262, 179, 49, 20, 0)
False, False, 0.0014, (0, 285, 95, 234, 65, 234, 0)
False, False, 0.4183, (0, 16, 222, 16, 222, 0)
False, False, 0.1294, (0, 92, 169, 237, 169, 92, 0)
False, False, 0.2243, (0, 49, 113, 240, 113, 179, 0)
False, False, 0.1634, (0, 8, 29, 182, 29, 182, 29, 8, 0)
False, False, 0.1652, (0, 143, 26, 252, 142, 252, 228, 0)
False, False, 0.1825, (0, 40, 256, 243, 256, 0)
False, False, 0.0148, (0, 77, 174, 271, 174, 271, 174, 271, 174, 172, 77, 0)
False, False, 0.0833, (0, 61, 267, 61, 0)
False, False, 0.3333, (0, 259, 270, 259, 270, 178, 0)
False, False, 0.0005, (0, 285, 123, 234, 123, 234, 123, 0)
False, False, 0.1032, (0, 83, 107, 164, 225, 164, 107, 83, 0)
False, False, 0.022, (0, 101, 157, 101, 89, 101, 0)
False, False, 0.5, (0, 50, 82, 50, 210, 0)
False, False, 0.0833, (0, 190, 116, 221, 116, 180, 0)
False, False, 0.3319, (0, 287, 208, 47, 286, 47, 208, 0)
False, False, 0.2943, (0, 218, 126, 218, 199, 0)
False, False, 0.2054, (0, 104, 149, 48, 81, 48, 149, 0)
False, False, 0.375, (0, 215, 61, 215, 224, 0)
False, False, 0.3926, (0, 84, 114, 40, 114, 84, 0)
False, False, 0.1634, (0, 8, 229, 15, 229, 8, 222, 0)
False, True, 0.1816, (0, 108, 42, 272, 173, 42, 108, 0)
False, False, 0.2765, (0, 139, 68, 209, 264, 209, 68, 63, 0)
False, False, 0.0145, (0, 287, 133, 150, 133, 287, 265, 196, 0)
False, False, 0.1032, (0, 105, 225, 164, 225, 105, 22, 253, 0)
False, False, 0.3333, (0, 32, 273, 32, 0)
False, False, 0.25, (0, 235, 203, 35, 203, 215, 0)
False, False, 0.2662, (0, 195, 44, 111, 44, 111, 44, 0)
False, False, 0.1031, (0, 46, 289, 99, 289, 99, 289, 99, 289, 0)
False, False, 0.322, (0, 293, 242, 282, 242, 0)
False, False, 0.0695, (0, 118, 167, 155, 21, 155, 143, 211, 0)
False, False, 0.1721, (0, 43, 194, 106, 194, 271, 174, 172, 0)
False, False, 0.4583, (0, 267, 61, 267, 0)
False, False, 0.2891, (0, 271, 106, 194, 106, 194, 43, 0)
False, False, 0.3735, (0, 279, 243, 279, 243, 256, 0)
False, False, 0.0044, (0, 94, 7, 94, 7, 94, 7, 94, 7, 94, 248, 110, 0)
False, False, 0.0049, (0, 68, 264, 209, 264, 236, 0)
False, False, 0.2128, (0, 130, 144, 46, 144, 46, 233, 0)
False, False, 0.0223, (0, 195, 36, 27, 36, 195, 5, 103, 0)
False, False, 0.014, (0, 25, 113, 25, 0)
False, False, 0.1556, (0, 226, 6, 207, 6, 207, 6, 226, 0)
False, False, 0.1852, (0, 230, 146, 251, 171, 37, 171, 37, 171, 251, 146, 230, 0)
False, False, 0.1312, (0, 66, 255, 175, 73, 38, 73, 38, 175, 255, 66, 0)
False, False, 0.2282, (0, 261, 170, 276, 214, 276, 170, 0)
False, False, 0.1494, (0, 163, 260, 132, 260, 132, 260, 96, 97, 193, 0)
False, True, 0.1847, (0, 170, 12, 276, 214, 12, 170, 0)
False, False, 0.173, (0, 233, 54, 233, 0)
False, False, 0.0414, (0, 269, 117, 131, 117, 131, 117, 269, 0)
False, False, 0.4439, (0, 49, 25, 134, 25, 134, 0)
False, False, 0.1238, (0, 190, 54, 233, 54, 0)
False, False, 0.0251, (0, 163, 269, 160, 269, 160, 269, 163, 45, 0)
False, False, 0.3333, (0, 216, 181, 216, 0)
False, False, 0.0643, (0, 196, 34, 18, 191, 18, 196, 0)
False, False, 0.4703, (0, 72, 48, 23, 80, 23, 30, 104, 0)
False, False, 0.008, (0, 91, 54, 233, 54, 0)
False, False, 0.0374, (0, 262, 240, 262, 240, 113, 240, 262, 0)
False, False, 0.1667, (0, 231, 178, 259, 178, 231, 0)
False, False, 0.3111, (0, 261, 195, 36, 27, 36, 5, 103, 0)
False, False, 0.2885, (0, 195, 27, 36, 27, 261, 154, 0)
False, False, 0.0448, (0, 195, 27, 36, 27, 195, 0)
False, False, 0.097, (0, 14, 1, 14, 127, 254, 0)
False, False, 0.1838, (0, 227, 205, 71, 70, 71, 70, 57, 70, 71, 205, 0)
False, False, 0.1844, (0, 193, 183, 161, 249, 161, 132, 96, 0)
False, False, 0.489, (0, 154, 89, 281, 156, 210, 156, 281, 89, 0)
False, True, 0.2442, (0, 82, 64, 201, 2, 64, 82, 0)
False, False, 0.1667, (0, 111, 147, 244, 147, 111, 0)
False, False, 0.0229, (0, 31, 256, 243, 256, 114, 31, 0)
False, True, 0.2957, (0, 235, 292, 241, 56, 292, 28, 0)
False, False, 0.2021, (0, 53, 138, 264, 209, 264, 236, 0)
False, False, 0.1838, (0, 205, 71, 57, 60, 57, 60, 70, 205, 0)
False, False, 0.0076, (0, 174, 271, 106, 194, 106, 174, 172, 77, 0)
False, False, 0.028, (0, 5, 20, 49, 134, 25, 134, 49, 20, 5, 0)
False, False, 0.028, (0, 20, 134, 25, 134, 25, 20, 0)
False, False, 0.1547, (0, 268, 246, 268, 46, 130, 0)
False, False, 0.1634, (0, 119, 8, 229, 15, 182, 15, 255, 0)
False, False, 0.2428, (0, 226, 78, 39, 78, 39, 133, 0)
False, False, 0.3148, (0, 247, 136, 251, 146, 230, 146, 230, 0)
False, False, 0.1131, (0, 213, 234, 123, 234, 95, 198, 0)
False, False, 0.0833, (0, 180, 116, 189, 116, 0)
False, False, 0.0629, (0, 5, 145, 67, 193, 67, 193, 67, 145, 0)
False, False, 0.0206, (0, 206, 124, 186, 124, 206, 266, 184, 0)
False, False, 0.1541, (0, 193, 96, 183, 96, 158, 96, 0)
False, True, 0.0925, (0, 235, 234, 280, 65, 234, 235, 0)
False, False, 0.1038, (0, 145, 67, 193, 67, 145, 67, 103, 0)
False, False, 0.2437, (0, 167, 155, 21, 155, 21, 167, 278, 0)
False, False, 0.1025, (0, 65, 19, 65, 0)
False, True, 0.1238, (0, 159, 255, 175, 73, 38, 175, 255, 66, 159, 0)
False, False, 0.0952, (0, 74, 101, 16, 101, 157, 0)
False, False, 0.1739, (0, 274, 278, 143, 26, 143, 278, 118, 274, 0)
False, False, 0.0456, (0, 53, 286, 173, 272, 173, 0)
False, False, 0.3289, (0, 42, 173, 272, 173, 0)
False, False, 0.0782, (0, 28, 192, 228, 120, 228, 192, 28, 0)
False, False, 0.1547, (0, 135, 238, 246, 238, 0)
False, False, 0.0695, (0, 118, 167, 21, 155, 21, 278, 0)
False, False, 0.1189, (0, 149, 227, 81, 227, 48, 227, 149, 0)
False, False, 0.2054, (0, 4, 152, 4, 14, 87, 0)
False, False, 0.2024, (0, 176, 74, 101, 157, 101, 157, 0)
False, False, 0.3303, (0, 163, 260, 87, 127, 254, 127, 249, 161, 183, 0)
False, False, 0.0193, (0, 168, 174, 271, 174, 271, 174, 43, 168, 0)
False, False, 0.0093, (0, 90, 275, 197, 62, 197, 275, 90, 148, 0)
False, False, 0.0667, (0, 53, 200, 9, 200, 202, 165, 41, 128, 0)
False, True, 0.2432, (0, 130, 186, 33, 11, 186, 144, 130, 0)
False, False, 0.2519, (0, 77, 43, 2, 201, 2, 201, 2, 201, 0)
False, False, 0.0773, (0, 163, 260, 132, 254, 127, 249, 127, 87, 132, 260, 163, 0)
False, False, 0.1667, (0, 206, 10, 151, 10, 151, 10, 151, 10, 151, 10, 151, 10, 151, 257, 285, 0)
False, False, 0.2064, (0, 253, 22, 105, 22, 225, 164, 59, 83, 0)
False, False, 0.3069, (0, 157, 159, 175, 73, 38, 73, 38, 159, 0)
False, False, 0.4667, (0, 79, 140, 290, 140, 290, 220, 0)
False, False, 0.0646, (0, 63, 17, 236, 138, 236, 17, 63, 0)
False, False, 0.1121, (0, 179, 262, 113, 262, 240, 113, 262, 179, 20, 0)
False, False, 0.1031, (0, 174, 109, 153, 109, 43, 0)
False, False, 0.2389, (0, 174, 85, 109, 153, 109, 85, 0)
False, False, 0.0389, (0, 119, 110, 248, 110, 248, 110, 94, 110, 119, 0)
False, False, 0.2489, (0, 119, 110, 248, 94, 248, 7, 94, 7, 248, 110, 0)
False, True, 0.2572, (0, 51, 34, 191, 18, 51, 0)
False, False, 0.469, (0, 128, 166, 121, 129, 121, 166, 219, 0)
False, False, 0.1852, (0, 148, 251, 37, 171, 37, 171, 136, 247, 0)
False, False, 0.2038, (0, 96, 132, 254, 87, 254, 249, 161, 183, 0)
False, False, 0.0501, (0, 287, 150, 133, 150, 133, 226, 0)
False, False, 0.0435, (0, 12, 276, 214, 276, 12, 154, 0)
False, False, 0.0184, (0, 285, 257, 75, 257, 75, 257, 75, 257, 198, 285, 0)
False, False, 0.0565, (0, 184, 186, 11, 33, 11, 186, 144, 0)
False, False, 0.276, (0, 218, 211, 126, 211, 126, 211, 0)
False, False, 0.0026, (0, 24, 224, 199, 224, 24, 0)
False, False, 0.1119, (0, 278, 155, 21, 155, 21, 167, 207, 0)
False, False, 0.0556, (0, 285, 257, 75, 257, 75, 257, 75, 198, 285, 88, 0)
False, False, 0.2448, (0, 24, 224, 187, 199, 187, 0)
False, False, 0.0193, (0, 141, 19, 112, 19, 141, 235, 0)
False, False, 0.0882, (0, 42, 93, 125, 93, 63, 0)
False, False, 0.0572, (0, 64, 22, 105, 22, 105, 22, 59, 107, 59, 107, 83, 0)
False, False, 0.1333, (0, 53, 200, 165, 202, 165, 9, 165, 200, 53, 0)
False, False, 0.3333, (0, 115, 184, 76, 184, 115, 0)
False, False, 0.0565, (0, 46, 33, 11, 33, 46, 0)
False, False, 0.1165, (0, 40, 256, 40, 102, 0)
False, False, 0.4069, (0, 128, 129, 41, 122, 41, 122, 0)
False, False, 0.1232, (0, 83, 107, 59, 107, 59, 164, 225, 105, 22, 253, 0)
False, False, 0.1838, (0, 30, 80, 152, 60, 57, 60, 4, 0)
False, False, 0.2062, (0, 277, 258, 137, 258, 7, 0)
False, False, 0.0643, (0, 196, 34, 191, 34, 18, 0)
False, False, 0.0682, (0, 157, 101, 16, 101, 157, 0)
False, False, 0.314, (0, 287, 150, 133, 150, 133, 0)
False, False, 0.1126, (0, 45, 103, 5, 103, 5, 103, 5, 103, 5, 103, 45, 0)
False, False, 0.0671, (0, 44, 111, 44, 111, 44, 5, 0)
False, False, 0.0643, (0, 196, 34, 191, 18, 191, 0)
False, False, 0.3333, (0, 288, 239, 91, 239, 180, 0)
False, True, 0.0381, (0, 256, 279, 243, 256, 0)
False, False, 0.0303, (0, 193, 183, 161, 183, 193, 5, 0)
False, True, 0.034, (0, 163, 282, 242, 117, 160, 163, 0)
False, False, 0.021, (0, 163, 260, 132, 254, 127, 254, 127, 249, 161, 183, 0)
False, False, 0.1868, (0, 63, 125, 17, 125, 93, 63, 0)
False, True, 0.25, (0, 45, 180, 221, 189, 180, 0)
False, False, 0.2428, (0, 196, 245, 177, 245, 0)
False, False, 0.0699, (0, 43, 271, 106, 194, 106, 85, 174, 172, 77, 0)
False, True, 0.0454, (0, 85, 83, 107, 59, 164, 225, 105, 22, 59, 107, 83, 0)
False, False, 0.1629, (0, 177, 110, 248, 94, 7, 94, 110, 0)
False, True, 0.1327, (0, 63, 17, 68, 264, 209, 68, 139, 0)
False, False, 0.0946, (0, 43, 271, 174, 271, 174, 271, 106, 271, 174, 172, 0)
False, True, 0.0087, (0, 28, 192, 228, 252, 142, 192, 0)
False, False, 0.1949, (0, 266, 206, 124, 186, 124, 206, 266, 0)
False, False, 0.1728, (0, 163, 269, 160, 117, 131, 117, 160, 269, 0)
False, False, 0.0177, (0, 212, 286, 212, 286, 208, 287, 0)
False, True, 0.2024, (0, 98, 101, 74, 176, 98, 0)
False, False, 0.1262, (0, 190, 69, 188, 69, 190, 0)
False, False, 0.0055, (0, 154, 281, 156, 210, 156, 210, 156, 281, 261, 0)
False, False, 0.0536, (0, 163, 14, 1, 14, 0)
False, True, 0.0094, (0, 31, 279, 243, 256, 84, 31, 0)
False, False, 0.0046, (0, 166, 121, 129, 121, 129, 121, 129, 219, 0)
False, False, 0.0047, (0, 193, 97, 158, 97, 158, 97, 193, 0)
False, False, 0.0018, (0, 281, 156, 281, 156, 281, 156, 281, 0)
False, True, 0.0185, (0, 46, 144, 186, 11, 33, 289, 46, 0)
False, False, 0.0092, (0, 122, 41, 129, 167, 129, 166, 128, 0)
all_elementary, False
all_cyc2, False
