Instance, X-n242-k48
capacity, 28
min_trucks, 48
output_file, output_uchoa/X-n242-k48-cyc2.log
Start date, 2022-06-30
Start time, 23-08-36
capacity, 28
num_vehicles, 48
abort_early, False
methods, ['cyc2']
max_vars, 100
time_limit, 86400
farley, False
ESPPRC_heur, True
initial time, initial max_it, max_stale_it
1, 20000.0, 20
heuristic Number of routes, heuristic Best Solution Value, heuristic number of iterations, adjusted time, adjusted max_it, measured total time
106493, 83102.0, 20000, 1, 20000.0, 20572.9
method, python time, total time, propagated dominance time, unpropagated dominance time, pricing_success, upper_bound, lower_bound, abort_early, num_paths, 
ESPPRC_heur, 0.0, 0.2, 0.1, 0.0, 0, 82140.1241, 80635.6325, True, 23
ESPPRC_heur, -0.0, 0.3, 0.1, 0.1, 0, 82139.8558, 81893.1084, True, 6
cyc2, 0.0, 1.4, 0.0, 0.0, 1, 82138.7335, 67843.6393, 0, 927
ESPPRC_heur, 0.0, 0.2, 0.1, 0.0, 0, 82129.0667, 81567.4043, True, 2
cyc2, 0.0, 1.8, 0.0, 0.0, 1, 82127.927, 78593.2415, 0, 390
ESPPRC_heur, -0.0, 0.3, 0.1, 0.1, 0, 81972.3713, 81053.1245, True, 11
ESPPRC_heur, 0.0, 0.2, 0.1, 0.0, 0, 81971.5778, 81696.5113, True, 1
cyc2, 0.0, 1.8, 0.0, 0.0, 1, 81971.5778, 77784.2515, 0, 237
cyc2, 0.1, 1.7, 0.0, 0.0, 1, 81907.1872, 80244.6802, 0, 156
ESPPRC_heur, 0.0, 0.2, 0.1, 0.0, 0, 81873.0901, 81777.0901, True, 1
cyc2, -0.0, 1.8, 0.0, 0.0, 1, 81873.0901, 80967.1156, 0, 93
cyc2, -0.0, 1.7, 0.0, 0.0, 1, 81860.643, 81718.2564, 0, 4
cyc2, 0.0, 1.7, 0.0, 0.0, 1, 81860.643, 81860.643, 0, 0
scip_total_time, 20631.980188
Solval, number of paths, impact cutoff
81860.64295782479, 197, 0.0001
Elementary, 2-Cycle, Path Value, Path
True, True, 0.4522, (0, 130, 62, 71, 214, 18, 0)
True, True, 0.618, (0, 102, 210, 112, 16, 6, 0)
True, True, 0.4594, (0, 166, 231, 241, 50, 20, 25, 0)
True, True, 0.3696, (0, 78, 113, 145, 66, 0)
True, True, 0.75, (0, 8, 201, 30, 224, 0)
True, True, 0.4143, (0, 169, 229, 2, 106, 94, 0)
True, True, 0.5, (0, 165, 176, 75, 10, 0)
True, True, 0.7531, (0, 151, 77, 172, 189, 0)
True, True, 0.1337, (0, 26, 169, 229, 106, 94, 177, 0)
True, True, 0.5, (0, 86, 228, 156, 111, 208, 0)
True, True, 0.5, (0, 105, 119, 232, 230, 205, 35, 0)
True, True, 0.3696, (0, 85, 56, 159, 0)
True, True, 0.095, (0, 50, 241, 136, 166, 0)
True, True, 0.1848, (0, 235, 56, 159, 145, 0)
True, True, 0.2837, (0, 12, 217, 18, 170, 32, 155, 150, 0)
True, True, 0.1474, (0, 96, 196, 121, 0)
True, True, 0.8341, (0, 63, 109, 193, 128, 0)
True, True, 0.4143, (0, 234, 148, 19, 47, 0)
True, True, 0.7257, (0, 207, 209, 157, 101, 0)
True, True, 0.3264, (0, 186, 52, 179, 185, 218, 0)
True, True, 0.1931, (0, 147, 127, 199, 187, 55, 27, 0)
True, True, 0.2607, (0, 64, 226, 175, 46, 90, 0)
True, True, 0.5, (0, 238, 192, 161, 40, 236, 0)
True, True, 0.5, (0, 98, 212, 57, 216, 0)
True, True, 0.4321, (0, 19, 148, 177, 234, 188, 90, 0)
True, True, 0.2261, (0, 207, 209, 101, 52, 0)
True, True, 0.4143, (0, 188, 26, 46, 175, 226, 64, 0)
True, True, 0.816, (0, 29, 99, 74, 141, 154, 0)
True, True, 0.25, (0, 216, 171, 57, 0)
True, True, 0.2469, (0, 191, 182, 162, 172, 0)
True, True, 0.5, (0, 49, 21, 87, 114, 0)
True, True, 0.2609, (0, 153, 48, 240, 14, 79, 203, 0)
True, True, 0.5, (0, 225, 119, 232, 230, 0)
True, True, 0.5, (0, 10, 75, 223, 73, 0)
True, True, 0.063, (0, 146, 62, 71, 214, 170, 0)
True, True, 0.1304, (0, 56, 85, 113, 235, 0)
True, True, 0.75, (0, 11, 181, 171, 173, 0)
True, True, 0.25, (0, 201, 224, 213, 0)
True, True, 0.0213, (0, 91, 195, 72, 45, 0)
True, True, 0.1625, (0, 26, 46, 169, 94, 177, 0)
True, True, 0.1739, (0, 36, 150, 12, 217, 68, 0)
True, True, 0.427, (0, 27, 158, 190, 126, 122, 0)
True, True, 0.0213, (0, 221, 238, 192, 161, 40, 0)
True, True, 0.0924, (0, 53, 23, 144, 2, 106, 0)
True, True, 0.4841, (0, 185, 186, 107, 13, 0)
True, True, 0.1282, (0, 62, 71, 214, 32, 0)
True, True, 0.3799, (0, 231, 136, 42, 27, 0)
True, True, 0.8, (0, 28, 96, 196, 121, 0)
True, True, 0.25, (0, 73, 142, 165, 176, 223, 5, 0)
True, True, 0.1493, (0, 35, 67, 123, 138, 84, 0)
True, True, 0.0187, (0, 104, 23, 162, 182, 0)
True, True, 0.5, (0, 58, 222, 225, 98, 0)
True, True, 0.3152, (0, 66, 56, 85, 236, 0)
True, True, 0.3362, (0, 15, 89, 22, 178, 37, 239, 198, 0)
True, True, 0.0621, (0, 240, 68, 217, 12, 79, 0)
True, True, 0.0731, (0, 123, 67, 211, 24, 95, 70, 0)
True, True, 0.2557, (0, 241, 147, 127, 199, 187, 55, 0)
True, True, 0.1234, (0, 193, 109, 63, 219, 0)
True, True, 0.75, (0, 168, 129, 43, 54, 0)
True, True, 0.0526, (0, 96, 215, 196, 121, 0)
True, True, 0.2412, (0, 48, 14, 79, 36, 0)
True, True, 0.1469, (0, 238, 192, 161, 89, 0)
True, True, 0.1027, (0, 31, 29, 99, 74, 154, 0)
True, True, 0.4456, (0, 25, 166, 118, 159, 145, 0)
True, True, 0.3766, (0, 53, 104, 144, 162, 182, 191, 0)
True, True, 0.25, (0, 11, 43, 181, 173, 0)
True, True, 0.0326, (0, 150, 170, 32, 130, 38, 146, 0)
True, True, 0.5, (0, 21, 9, 132, 60, 0)
True, True, 0.5, (0, 92, 124, 65, 5, 142, 184, 0)
True, True, 0.382, (0, 210, 190, 126, 0)
True, True, 0.3579, (0, 191, 182, 162, 23, 0)
True, True, 0.25, (0, 129, 152, 39, 91, 168, 0)
True, True, 0.2689, (0, 94, 229, 2, 144, 23, 53, 0)
True, True, 0.064, (0, 221, 120, 72, 197, 39, 0)
True, True, 0.5983, (0, 100, 133, 200, 239, 0)
True, True, 0.3566, (0, 62, 71, 214, 170, 150, 0)
True, True, 0.508, (0, 1, 163, 202, 4, 80, 81, 0)
True, True, 0.236, (0, 118, 136, 147, 42, 0)
True, True, 0.1895, (0, 137, 179, 52, 186, 0)
True, True, 0.7531, (0, 195, 164, 72, 120, 221, 0)
True, True, 0.0621, (0, 153, 102, 240, 14, 36, 0)
True, True, 0.1935, (0, 12, 217, 18, 170, 32, 108, 134, 0)
True, True, 0.0298, (0, 190, 44, 135, 17, 76, 122, 0)
True, True, 0.0481, (0, 207, 209, 101, 179, 0)
True, True, 0.9474, (0, 215, 115, 204, 194, 51, 61, 0)
True, True, 0.0213, (0, 22, 178, 109, 63, 41, 128, 219, 0)
True, True, 0.0421, (0, 31, 4, 202, 163, 1, 206, 205, 0)
True, True, 0.25, (0, 184, 142, 165, 176, 223, 65, 0)
True, True, 0.1536, (0, 90, 234, 177, 148, 47, 0)
True, True, 0.2014, (0, 84, 123, 67, 211, 35, 0)
True, True, 0.095, (0, 50, 42, 136, 25, 0)
True, True, 0.0526, (0, 115, 204, 194, 137, 227, 0)
True, True, 0.1532, (0, 240, 12, 150, 134, 36, 0)
True, True, 0.008, (0, 190, 55, 44, 135, 76, 0)
True, True, 0.0812, (0, 46, 175, 64, 141, 154, 0)
True, True, 0.1459, (0, 76, 17, 135, 44, 55, 158, 0)
True, True, 0.0377, (0, 106, 104, 144, 23, 53, 0)
True, True, 0.1831, (0, 26, 169, 229, 106, 104, 53, 0)
True, True, 0.1532, (0, 217, 76, 160, 135, 44, 190, 0)
True, True, 0.1616, (0, 39, 45, 72, 120, 221, 0)
True, True, 0.063, (0, 12, 217, 155, 108, 130, 38, 0)
True, True, 0.0768, (0, 35, 211, 3, 95, 70, 237, 69, 0)
True, True, 0.236, (0, 127, 199, 187, 44, 135, 160, 17, 0)
True, True, 0.1612, (0, 42, 55, 44, 135, 160, 17, 122, 139, 0)
True, True, 0.065, (0, 54, 89, 22, 178, 37, 239, 149, 198, 0)
True, True, 0.1607, (0, 20, 50, 231, 136, 118, 0)
True, True, 0.021, (0, 206, 31, 33, 80, 81, 95, 70, 0)
True, True, 0.1175, (0, 123, 67, 24, 95, 70, 69, 0)
True, True, 0.0725, (0, 84, 237, 70, 95, 24, 211, 35, 0)
True, True, 0.1812, (0, 67, 211, 3, 95, 70, 69, 0)
True, True, 0.236, (0, 158, 55, 44, 135, 160, 76, 0)
True, True, 0.1246, (0, 84, 69, 237, 138, 93, 0)
True, True, 0.2079, (0, 105, 205, 206, 31, 33, 88, 95, 70, 0)
True, True, 0.1064, (0, 104, 23, 144, 2, 169, 26, 0)
True, True, 0.25, (0, 211, 3, 88, 81, 33, 31, 206, 205, 0)
True, True, 0.25, (0, 24, 31, 33, 80, 73, 184, 95, 70, 0)
True, True, 0.0706, (0, 134, 155, 32, 170, 18, 217, 12, 0)
False, True, 0.1211, (0, 37, 178, 22, 37, 178, 0)
False, True, 0.2469, (0, 143, 131, 7, 143, 34, 59, 189, 0)
False, True, 0.25, (0, 103, 228, 82, 86, 228, 82, 0)
False, True, 0.1234, (0, 59, 34, 143, 131, 7, 143, 128, 219, 0)
False, True, 0.2, (0, 59, 34, 131, 7, 34, 59, 41, 219, 0)
False, True, 0.0032, (0, 31, 4, 29, 99, 74, 29, 4, 0)
False, True, 0.375, (0, 152, 116, 197, 45, 116, 152, 0)
False, True, 0.5, (0, 110, 69, 237, 110, 0)
False, True, 0.0788, (0, 218, 107, 179, 52, 107, 218, 0)
False, True, 0.3152, (0, 78, 113, 235, 78, 0)
False, True, 0.5, (0, 117, 220, 213, 117, 0)
False, True, 0.4, (0, 114, 83, 140, 60, 83, 87, 0)
False, True, 0.1791, (0, 107, 179, 52, 153, 107, 0)
False, True, 0.125, (0, 103, 82, 111, 156, 82, 0)
False, True, 0.1, (0, 49, 83, 60, 140, 83, 0)
False, True, 0.0187, (0, 191, 59, 34, 143, 7, 131, 143, 0)
False, True, 0.011, (0, 59, 34, 143, 131, 7, 143, 178, 0)
False, True, 0.0332, (0, 31, 4, 29, 99, 74, 29, 31, 0)
False, True, 0.2135, (0, 139, 17, 76, 160, 17, 76, 139, 0)
False, True, 0.0526, (0, 227, 137, 51, 61, 227, 0)
False, True, 0.25, (0, 92, 124, 65, 5, 124, 92, 0)
False, True, 0.1, (0, 49, 28, 114, 49, 0)
False, True, 0.1, (0, 49, 87, 28, 49, 0)
False, True, 0.0149, (0, 99, 141, 74, 99, 0)
False, True, 0.2913, (0, 134, 155, 108, 32, 155, 134, 0)
False, True, 0.1469, (0, 15, 40, 238, 192, 161, 40, 15, 0)
False, True, 0.5, (0, 167, 174, 138, 93, 174, 167, 0)
False, True, 0.4012, (0, 198, 149, 200, 133, 149, 100, 0)
False, True, 0.25, (0, 103, 86, 82, 156, 111, 208, 103, 0)
False, True, 0.5, (0, 140, 183, 9, 132, 183, 0)
False, True, 0.1848, (0, 235, 236, 85, 113, 235, 0)
False, True, 0.1321, (0, 89, 22, 178, 37, 22, 149, 198, 0)
False, True, 0.2, (0, 219, 41, 131, 7, 143, 131, 7, 34, 59, 0)
False, True, 0.0812, (0, 141, 226, 64, 175, 226, 64, 0)
False, True, 0.1576, (0, 66, 20, 241, 50, 20, 66, 0)
False, True, 0.382, (0, 6, 68, 139, 122, 16, 68, 0)
False, True, 0.25, (0, 220, 8, 30, 213, 220, 0)
False, True, 0.1599, (0, 89, 22, 37, 178, 89, 0)
False, True, 0.5, (0, 97, 125, 222, 58, 125, 0)
False, True, 0.1576, (0, 118, 147, 127, 199, 147, 0)
False, True, 0.0323, (0, 198, 37, 178, 22, 37, 198, 0)
False, True, 0.0526, (0, 105, 163, 1, 4, 163, 1, 0)
False, True, 0.0662, (0, 157, 79, 14, 157, 0)
False, True, 0.221, (0, 24, 3, 88, 81, 80, 33, 88, 3, 24, 0)
False, True, 0.5, (0, 180, 233, 97, 180, 233, 0)
False, True, 0.0065, (0, 4, 74, 141, 99, 74, 4, 31, 0)
False, True, 0.1067, (0, 91, 39, 195, 197, 39, 0)
False, True, 0.0122, (0, 197, 116, 45, 197, 0)
False, True, 0.0812, (0, 226, 175, 64, 226, 175, 46, 0)
False, True, 0.1536, (0, 47, 90, 188, 19, 47, 0)
False, True, 0.1278, (0, 42, 187, 127, 199, 187, 0)
False, True, 0.0084, (0, 74, 29, 99, 74, 0)
False, True, 0.311, (0, 91, 197, 45, 39, 91, 0)
False, True, 0.1877, (0, 93, 67, 123, 93, 0)
False, True, 0.0501, (0, 211, 3, 88, 33, 31, 88, 211, 0)
False, True, 0.2395, (0, 206, 4, 202, 163, 1, 206, 105, 0)
False, True, 0.191, (0, 112, 158, 126, 112, 0)
False, True, 0.3696, (0, 203, 36, 79, 14, 203, 0)
False, True, 0.2469, (0, 164, 41, 151, 77, 41, 219, 0)
False, True, 0.0213, (0, 219, 128, 41, 193, 63, 41, 219, 120, 0)
False, True, 0.0002, (0, 198, 133, 149, 200, 133, 0)
False, True, 0.4522, (0, 146, 38, 130, 108, 38, 146, 0)
False, True, 0.185, (0, 54, 15, 40, 161, 192, 238, 15, 0)
False, True, 0.0323, (0, 20, 136, 241, 50, 20, 0)
False, True, 0.0207, (0, 53, 104, 106, 94, 104, 53, 0)
False, True, 0.2261, (0, 84, 138, 123, 237, 84, 0)
False, True, 0.1181, (0, 177, 104, 106, 2, 144, 23, 104, 0)
False, True, 0.1189, (0, 116, 45, 195, 197, 116, 0)
False, True, 0.0449, (0, 67, 211, 24, 67, 123, 0)
False, True, 0.0004, (0, 136, 100, 198, 136, 0)
False, True, 0.178, (0, 179, 153, 48, 240, 102, 48, 153, 0)
False, True, 0.1418, (0, 153, 240, 102, 48, 240, 157, 0)
False, True, 0.0298, (0, 139, 135, 44, 187, 127, 199, 187, 0)
False, True, 0.0002, (0, 136, 239, 200, 149, 239, 198, 0)
False, True, 0.1052, (0, 4, 202, 1, 163, 202, 0)
False, True, 0.125, (0, 103, 208, 111, 156, 47, 208, 0)
False, True, 0.25, (0, 212, 216, 57, 212, 0)
False, True, 0.0213, (0, 219, 41, 193, 109, 41, 219, 0)
False, True, 0.1895, (0, 137, 185, 13, 137, 218, 227, 0)
False, True, 0.3264, (0, 227, 218, 137, 13, 227, 0)
all_elementary, False
all_cyc2, True
