Instance, X-n270-k35
capacity, 585
min_trucks, 36
output_file, output_uchoa/X-n270-k35-ng20.log
Start date, 2022-07-01
Start time, 20-36-07
capacity, 585
num_vehicles, 36
abort_early, False
methods, ['ng20']
max_vars, 100
time_limit, 86400
farley, False
ESPPRC_heur, True
initial time, initial max_it, max_stale_it
1, 20000.0, 20
heuristic Number of routes, heuristic Best Solution Value, heuristic number of iterations, adjusted time, adjusted max_it, measured total time
72633, 35307.0, 20000, 1, 20000.0, 20418.8
method, python time, total time, propagated dominance time, unpropagated dominance time, pricing_success, upper_bound, lower_bound, abort_early, num_paths, 
ESPPRC_heur, 0.1, 1.0, 0.5, 0.2, 0, 34722.3039, 24940.8311, True, 3357
ESPPRC_heur, 0.0, 0.8, 0.3, 0.1, 0, 34722.3039, 30018.9806, True, 1089
ESPPRC_heur, 0.0, 0.9, 0.4, 0.2, 0, 34722.3039, 32764.2354, True, 201
ESPPRC_heur, 0.0, 0.8, 0.4, 0.1, 0, 34712.7733, 33515.4256, True, 63
ESPPRC_heur, 0.0, 0.7, 0.3, 0.1, 0, 34710.9143, 33819.9177, True, 11
ESPPRC_heur, 0.0, 0.7, 0.3, 0.1, 0, 34707.0437, 33823.758, True, 9
ng20, 0.3, 18919.7, 11529.2, 7340.9, 1, 34706.7245, 34117.2215, 0, 69
ng20, 0.3, 18846.0, 11643.0, 7151.4, 1, 34700.5052, 34429.5724, 0, 12
ESPPRC_heur, -0.0, 0.7, 0.3, 0.1, 0, 34699.6299, 34693.8761, True, 2
ng20, 0.3, 20163.4, 12319.8, 7786.7, 1, 34699.6298, 34675.7428, 0, 4
ng20, 0.3, 19828.0, 12101.5, 7672.0, 1, 34699.6298, 34699.6298, 0, 0
scip_total_time, 98221.067145
Solval, number of paths, impact cutoff
34699.629846819545, 230, 0.0001
Elementary, 2-Cycle, Path Value, Path
True, True, 0.1098, (0, 18, 2, 72, 12, 10, 38, 1, 0)
True, True, 0.4778, (0, 32, 35, 106, 64, 54, 34, 77, 0)
True, True, 0.0499, (0, 191, 175, 241, 235, 136, 219, 177, 0)
True, True, 0.1098, (0, 234, 218, 220, 165, 215, 228, 113, 69, 0)
True, True, 0.39, (0, 63, 245, 55, 145, 52, 95, 90, 0)
True, True, 0.2433, (0, 29, 33, 31, 79, 96, 53, 84, 73, 0)
True, True, 0.3675, (0, 208, 180, 189, 159, 158, 212, 200, 71, 0)
True, True, 0.1238, (0, 113, 163, 183, 151, 165, 215, 220, 0)
True, True, 0.3663, (0, 188, 253, 152, 254, 21, 161, 11, 0)
True, True, 0.0874, (0, 41, 109, 19, 25, 59, 92, 20, 78, 0)
True, True, 0.0754, (0, 1, 10, 38, 72, 2, 168, 225, 0)
True, True, 0.2896, (0, 228, 163, 99, 67, 31, 33, 29, 12, 0)
True, True, 0.01, (0, 30, 52, 145, 55, 95, 90, 269, 248, 0)
True, True, 0.2924, (0, 206, 257, 114, 141, 154, 235, 175, 0)
True, True, 0.01, (0, 57, 203, 190, 172, 130, 76, 102, 121, 0)
True, True, 0.2626, (0, 1, 38, 10, 12, 72, 2, 225, 0)
True, True, 0.0699, (0, 224, 124, 44, 205, 98, 181, 156, 238, 0)
True, True, 0.2573, (0, 217, 28, 82, 226, 229, 170, 211, 0)
True, True, 0.1865, (0, 127, 78, 20, 25, 59, 19, 109, 41, 0)
True, True, 0.0432, (0, 120, 27, 4, 7, 65, 91, 107, 116, 0)
True, True, 0.2785, (0, 112, 8, 103, 17, 42, 46, 93, 121, 0)
True, True, 0.2577, (0, 258, 43, 230, 15, 117, 251, 51, 0)
True, True, 0.1801, (0, 253, 152, 254, 21, 161, 246, 159, 0)
True, True, 0.3087, (0, 213, 127, 122, 97, 6, 245, 63, 0)
True, True, 0.2782, (0, 120, 251, 117, 15, 230, 155, 43, 0)
True, True, 0.351, (0, 94, 81, 108, 176, 86, 132, 49, 118, 0)
True, True, 0.1161, (0, 256, 133, 160, 146, 249, 232, 155, 0)
True, True, 0.3268, (0, 167, 48, 262, 140, 144, 199, 85, 268, 0)
True, True, 0.1349, (0, 99, 67, 163, 183, 151, 165, 215, 0)
True, True, 0.3621, (0, 48, 262, 267, 209, 135, 222, 264, 144, 0)
True, True, 0.1526, (0, 150, 182, 74, 134, 58, 255, 22, 156, 0)
True, True, 0.0231, (0, 191, 175, 235, 154, 141, 114, 206, 0)
True, True, 0.4333, (0, 32, 106, 16, 100, 80, 64, 77, 0)
True, True, 0.7215, (0, 3, 56, 47, 5, 131, 39, 112, 37, 0)
True, True, 0.0449, (0, 172, 190, 13, 164, 257, 243, 240, 173, 0)
True, True, 0.3783, (0, 40, 184, 259, 87, 96, 53, 84, 73, 0)
True, True, 0.5, (0, 52, 224, 124, 44, 205, 98, 157, 181, 0)
True, True, 0.0866, (0, 51, 251, 117, 15, 230, 155, 258, 0)
True, True, 0.4551, (0, 203, 173, 240, 13, 190, 172, 130, 93, 0)
True, True, 0.0708, (0, 232, 249, 236, 139, 242, 239, 143, 162, 0)
True, True, 0.4224, (0, 234, 250, 14, 115, 252, 150, 171, 267, 0)
True, True, 0.2606, (0, 263, 196, 187, 166, 207, 238, 237, 85, 0)
True, True, 0.5379, (0, 61, 265, 169, 24, 129, 23, 88, 119, 0)
True, True, 0.2084, (0, 8, 103, 17, 42, 46, 93, 76, 102, 0)
True, True, 0.2433, (0, 29, 33, 31, 79, 53, 259, 184, 40, 0)
True, True, 0.169, (0, 38, 10, 12, 72, 2, 168, 9, 0)
True, True, 0.135, (0, 73, 84, 79, 53, 87, 259, 184, 40, 0)
True, True, 0.0227, (0, 247, 143, 174, 239, 233, 261, 179, 0)
True, True, 0.169, (0, 2, 72, 12, 10, 69, 194, 1, 0)
True, True, 0.1974, (0, 211, 229, 226, 248, 269, 186, 30, 110, 0)
True, True, 0.0701, (0, 36, 57, 203, 190, 172, 130, 76, 102, 0)
True, True, 0.3257, (0, 214, 217, 28, 82, 229, 170, 211, 0)
True, True, 0.2235, (0, 50, 107, 66, 91, 65, 7, 4, 27, 0)
True, True, 0.2407, (0, 223, 133, 143, 174, 239, 233, 148, 0)
True, True, 0.5758, (0, 189, 246, 11, 185, 138, 201, 221, 180, 0)
True, True, 0.0963, (0, 50, 125, 111, 105, 60, 45, 27, 120, 0)
True, True, 0.2196, (0, 208, 221, 211, 217, 28, 214, 244, 0)
True, True, 0.0741, (0, 77, 34, 54, 70, 126, 111, 45, 0)
True, True, 0.119, (0, 162, 223, 146, 242, 139, 236, 249, 232, 0)
True, True, 0.2573, (0, 244, 104, 167, 48, 268, 149, 214, 0)
True, True, 0.1949, (0, 14, 182, 74, 134, 58, 255, 22, 150, 0)
True, True, 0.3398, (0, 206, 154, 141, 114, 257, 164, 243, 240, 0)
True, True, 0.004, (0, 194, 147, 231, 218, 250, 267, 262, 48, 0)
True, True, 0.25, (0, 207, 181, 157, 134, 58, 255, 22, 156, 238, 0)
True, True, 0.1447, (0, 215, 165, 163, 99, 67, 31, 33, 29, 0)
True, True, 0.4805, (0, 89, 147, 231, 218, 26, 113, 69, 194, 0)
True, True, 0.4026, (0, 248, 269, 90, 95, 145, 55, 124, 224, 0)
True, True, 0.1473, (0, 210, 249, 236, 139, 242, 146, 160, 0)
True, True, 0.2433, (0, 73, 84, 79, 96, 87, 259, 184, 123, 0)
True, True, 0.0111, (0, 149, 85, 199, 263, 30, 186, 110, 82, 0)
True, True, 0.3474, (0, 115, 252, 182, 74, 183, 151, 220, 0)
True, True, 0.2765, (0, 34, 54, 70, 126, 105, 60, 111, 0)
True, True, 0.183, (0, 18, 123, 36, 57, 203, 76, 102, 121, 0)
True, True, 0.0763, (0, 226, 269, 90, 95, 145, 55, 245, 0)
True, True, 0.2142, (0, 1, 38, 10, 69, 194, 104, 89, 244, 0)
True, True, 0.2707, (0, 94, 108, 101, 18, 168, 225, 9, 0)
True, True, 0.0154, (0, 144, 237, 264, 222, 135, 198, 140, 0)
True, True, 0.1306, (0, 221, 138, 185, 161, 254, 152, 253, 212, 0)
True, True, 0.2355, (0, 47, 5, 131, 8, 103, 17, 46, 42, 0)
True, True, 0.0063, (0, 244, 214, 28, 82, 229, 170, 138, 0)
True, True, 0.2153, (0, 155, 232, 236, 139, 242, 146, 210, 0)
True, True, 0.1272, (0, 125, 60, 105, 126, 70, 54, 34, 0)
True, True, 0.1, (0, 245, 55, 145, 52, 95, 90, 226, 0)
True, True, 0.1837, (0, 41, 213, 127, 122, 97, 6, 21, 212, 0)
True, True, 0.0791, (0, 113, 215, 163, 99, 67, 31, 33, 29, 0)
True, True, 0.1282, (0, 40, 142, 227, 177, 153, 175, 191, 36, 0)
True, True, 0.2788, (0, 89, 234, 250, 218, 26, 231, 147, 104, 0)
True, True, 0.2305, (0, 153, 266, 192, 193, 68, 141, 154, 191, 0)
True, True, 0.1912, (0, 214, 28, 82, 229, 170, 138, 201, 0)
True, True, 0.0956, (0, 175, 241, 235, 154, 141, 114, 206, 0)
True, True, 0.1512, (0, 167, 267, 209, 171, 135, 222, 264, 198, 0)
True, True, 0.0929, (0, 231, 215, 165, 163, 67, 99, 228, 113, 0)
True, True, 0.1039, (0, 226, 248, 63, 245, 97, 122, 6, 0)
True, True, 0.2181, (0, 256, 143, 160, 146, 249, 232, 210, 223, 0)
True, True, 0.0407, (0, 201, 185, 11, 246, 161, 254, 152, 0)
True, True, 0.0055, (0, 244, 89, 104, 234, 231, 147, 69, 194, 0)
True, True, 0.4586, (0, 86, 176, 121, 102, 76, 57, 36, 123, 101, 0)
True, True, 0.2621, (0, 149, 268, 85, 263, 196, 30, 186, 110, 0)
True, True, 0.0134, (0, 153, 266, 192, 260, 128, 87, 96, 79, 0)
True, True, 0.0444, (0, 212, 158, 152, 254, 21, 161, 246, 0)
True, True, 0.2647, (0, 140, 198, 222, 135, 171, 209, 262, 167, 0)
True, True, 0.0822, (0, 56, 61, 216, 204, 169, 23, 129, 88, 0)
True, True, 0.3712, (0, 179, 233, 239, 174, 143, 133, 256, 0)
True, True, 0.0041, (0, 47, 131, 39, 8, 103, 17, 46, 42, 0)
True, True, 0.0724, (0, 258, 43, 155, 15, 117, 251, 51, 0)
True, True, 0.1173, (0, 244, 104, 147, 231, 218, 26, 194, 0)
True, True, 0.2818, (0, 130, 172, 190, 13, 164, 243, 173, 203, 0)
True, True, 0.0678, (0, 195, 128, 260, 192, 266, 219, 177, 227, 0)
True, True, 0.0333, (0, 191, 175, 153, 266, 192, 260, 128, 87, 0)
True, True, 0.2401, (0, 263, 196, 187, 166, 207, 156, 238, 264, 0)
True, True, 0.2578, (0, 210, 249, 236, 139, 242, 160, 133, 0)
True, True, 0.0766, (0, 247, 261, 148, 178, 137, 204, 216, 0)
True, True, 0.0721, (0, 140, 198, 264, 237, 187, 196, 263, 0)
True, True, 0.1367, (0, 42, 46, 17, 103, 8, 39, 37, 49, 0)
True, True, 0.29, (0, 119, 23, 169, 204, 216, 202, 61, 0)
True, True, 0.0766, (0, 216, 204, 137, 75, 197, 24, 169, 265, 0)
True, True, 0.135, (0, 220, 215, 165, 151, 183, 163, 228, 0)
True, True, 0.0126, (0, 61, 202, 216, 204, 24, 129, 23, 0)
True, True, 0.0445, (0, 126, 70, 80, 100, 16, 106, 35, 0)
True, True, 0.0599, (0, 140, 198, 264, 238, 207, 166, 237, 0)
True, True, 0.3175, (0, 197, 75, 137, 178, 148, 261, 179, 162, 0)
True, True, 0.1367, (0, 132, 37, 39, 8, 103, 17, 46, 42, 0)
True, True, 0.0948, (0, 119, 88, 129, 24, 204, 216, 202, 0)
True, True, 0.0724, (0, 118, 43, 155, 230, 15, 117, 51, 0)
True, True, 0.1217, (0, 142, 191, 177, 195, 87, 96, 79, 0)
True, True, 0.0108, (0, 244, 48, 140, 144, 199, 268, 149, 0)
True, True, 0.0036, (0, 191, 114, 257, 164, 243, 13, 172, 130, 0)
True, True, 0.1974, (0, 217, 82, 226, 269, 248, 63, 170, 0)
True, True, 0.0185, (0, 177, 266, 192, 193, 68, 141, 114, 206, 0)
True, True, 0.1024, (0, 104, 147, 26, 220, 215, 228, 113, 0)
True, True, 0.0452, (0, 18, 123, 36, 40, 72, 2, 168, 0)
True, True, 0.1136, (0, 198, 209, 171, 150, 115, 14, 250, 234, 0)
True, True, 0.107, (0, 6, 97, 78, 20, 25, 92, 59, 213, 0)
True, True, 0.0983, (0, 94, 81, 118, 3, 51, 120, 83, 62, 0)
True, True, 0.5679, (0, 241, 136, 68, 193, 260, 128, 195, 227, 0)
True, True, 0.169, (0, 9, 168, 2, 72, 38, 1, 244, 0)
True, True, 0.0699, (0, 86, 176, 121, 102, 76, 57, 40, 36, 123, 0)
True, True, 0.2647, (0, 202, 204, 178, 137, 75, 197, 24, 265, 0)
True, True, 0.1773, (0, 207, 44, 205, 98, 157, 134, 58, 255, 22, 0)
True, True, 0.0211, (0, 248, 269, 90, 95, 145, 55, 245, 185, 0)
True, True, 0.3199, (0, 110, 30, 186, 187, 166, 237, 199, 0)
True, True, 0.0092, (0, 198, 209, 171, 150, 252, 115, 14, 250, 0)
True, True, 0.1074, (0, 250, 14, 115, 150, 135, 198, 140, 0)
True, True, 0.3605, (0, 27, 4, 7, 65, 91, 107, 116, 50, 0)
True, True, 0.0222, (0, 199, 110, 30, 186, 269, 248, 226, 229, 0)
True, True, 0.0114, (0, 69, 113, 228, 26, 231, 147, 104, 89, 0)
True, True, 0.1512, (0, 175, 241, 235, 219, 153, 177, 142, 0)
True, True, 0.0908, (0, 195, 128, 260, 192, 219, 175, 142, 0)
True, True, 0.0535, (0, 6, 78, 20, 25, 92, 59, 109, 213, 0)
True, True, 0.0603, (0, 267, 198, 264, 222, 135, 209, 250, 234, 0)
True, True, 0.2707, (0, 9, 225, 168, 18, 101, 108, 81, 0)
True, True, 0.1602, (0, 51, 251, 117, 15, 230, 43, 247, 0)
True, True, 0.0338, (0, 56, 61, 202, 265, 23, 129, 88, 131, 0)
True, True, 0.3173, (0, 191, 235, 136, 219, 192, 266, 153, 177, 0)
True, True, 0.0122, (0, 226, 248, 269, 186, 30, 263, 199, 149, 0)
True, True, 0.0276, (0, 269, 224, 124, 44, 205, 98, 181, 156, 0)
True, True, 0.2212, (0, 202, 216, 178, 137, 75, 197, 129, 88, 0)
True, True, 0.0708, (0, 233, 174, 160, 146, 249, 232, 210, 0)
True, True, 0.0389, (0, 262, 209, 171, 135, 222, 264, 198, 48, 0)
True, True, 0.2765, (0, 116, 107, 66, 45, 60, 111, 125, 0)
True, True, 0.0185, (0, 130, 172, 13, 243, 164, 257, 114, 154, 0)
True, True, 0.0122, (0, 199, 237, 238, 207, 166, 196, 30, 110, 0)
True, True, 0.0095, (0, 194, 69, 26, 218, 231, 234, 104, 89, 0)
True, True, 0.0134, (0, 56, 202, 169, 24, 129, 23, 265, 119, 0)
True, True, 0.3957, (0, 62, 83, 71, 200, 188, 158, 159, 208, 0)
True, True, 0.0445, (0, 54, 80, 100, 16, 106, 35, 32, 0)
True, True, 0.0932, (0, 57, 206, 114, 257, 164, 243, 13, 190, 0)
True, True, 0.0766, (0, 247, 148, 178, 75, 197, 204, 216, 0)
True, True, 0.2765, (0, 125, 45, 66, 91, 65, 7, 4, 27, 0)
True, True, 0.1526, (0, 237, 156, 22, 255, 74, 182, 252, 14, 0)
True, True, 0.0035, (0, 149, 268, 199, 144, 140, 262, 104, 0)
True, True, 0.1152, (0, 142, 114, 257, 164, 243, 240, 173, 57, 0)
True, True, 0.0435, (0, 61, 202, 216, 178, 137, 75, 197, 265, 0)
True, True, 0.0148, (0, 32, 35, 16, 100, 80, 70, 126, 0)
True, True, 0.0962, (0, 138, 185, 161, 254, 152, 253, 188, 200, 0)
True, True, 0.0173, (0, 212, 158, 246, 11, 185, 201, 221, 208, 0)
True, True, 0.2946, (0, 258, 223, 256, 174, 239, 233, 261, 0)
True, True, 0.28, (0, 94, 81, 132, 49, 118, 120, 83, 62, 0)
True, True, 0.1815, (0, 228, 99, 67, 183, 151, 165, 220, 0)
True, True, 0.0148, (0, 77, 34, 126, 70, 80, 100, 16, 0)
True, True, 0.1072, (0, 253, 21, 6, 97, 122, 127, 213, 41, 0)
True, True, 0.0041, (0, 56, 5, 119, 265, 23, 129, 88, 131, 0)
True, True, 0.0043, (0, 44, 205, 98, 157, 134, 58, 255, 22, 250, 0)
True, True, 0.1206, (0, 118, 49, 132, 86, 176, 18, 225, 9, 0)
True, True, 0.0111, (0, 110, 196, 30, 186, 269, 248, 226, 82, 0)
True, True, 0.0749, (0, 227, 177, 219, 266, 192, 260, 128, 87, 0)
True, True, 0.1134, (0, 232, 236, 139, 242, 146, 160, 223, 162, 0)
True, True, 0.1419, (0, 110, 30, 186, 196, 263, 144, 199, 149, 0)
True, True, 0.188, (0, 97, 78, 59, 92, 25, 19, 109, 213, 0)
True, True, 0.1183, (0, 152, 254, 21, 161, 246, 185, 201, 0)
True, True, 0.0222, (0, 212, 246, 161, 254, 152, 41, 188, 200, 0)
True, True, 0.1074, (0, 187, 237, 166, 238, 156, 222, 198, 0)
True, True, 0.0684, (0, 44, 205, 98, 157, 134, 58, 255, 22, 252, 0)
True, True, 0.0142, (0, 247, 162, 223, 133, 210, 155, 43, 0)
True, True, 0.0724, (0, 251, 15, 230, 155, 43, 247, 56, 0)
True, True, 0.0765, (0, 210, 232, 236, 139, 242, 160, 143, 162, 0)
True, True, 0.0519, (0, 213, 109, 19, 25, 92, 20, 78, 127, 0)
True, True, 0.055, (0, 109, 19, 25, 92, 20, 78, 127, 6, 0)
True, True, 0.2765, (0, 35, 16, 100, 80, 70, 126, 105, 45, 0)
True, True, 0.0531, (0, 35, 16, 100, 80, 70, 126, 111, 0)
True, True, 0.188, (0, 109, 19, 59, 92, 20, 78, 122, 0)
True, True, 0.0889, (0, 41, 35, 64, 16, 100, 80, 70, 126, 0)
True, True, 0.0773, (0, 215, 165, 151, 183, 67, 99, 228, 0)
True, True, 0.026, (0, 109, 59, 92, 25, 20, 127, 122, 0)
True, True, 0.0963, (0, 120, 4, 7, 65, 91, 107, 116, 50, 0)
True, True, 0.2235, (0, 50, 125, 111, 105, 60, 66, 116, 0)
True, True, 0.0296, (0, 32, 16, 100, 80, 70, 126, 34, 0)
True, True, 0.0908, (0, 219, 266, 68, 193, 260, 128, 195, 227, 0)
True, True, 0.0924, (0, 206, 257, 68, 193, 192, 266, 219, 191, 0)
False, True, 0.1394, (0, 149, 268, 199, 144, 140, 85, 149, 0)
False, True, 0.0724, (0, 51, 251, 117, 230, 155, 43, 51, 0)
False, True, 0.0041, (0, 118, 3, 56, 47, 5, 37, 132, 49, 118, 0)
True, True, 0.0222, (0, 170, 226, 248, 269, 186, 110, 149, 0)
False, True, 0.0568, (0, 212, 159, 180, 221, 201, 189, 158, 212, 0)
False, True, 0.0338, (0, 118, 3, 56, 47, 119, 5, 56, 3, 118, 0)
True, True, 0.1526, (0, 181, 44, 205, 98, 134, 58, 74, 182, 0)
True, True, 0.026, (0, 202, 216, 204, 265, 23, 88, 119, 0)
False, True, 0.162, (0, 41, 109, 19, 25, 92, 20, 59, 41, 0)
False, True, 0.0012, (0, 212, 188, 253, 152, 254, 161, 246, 212, 0)
False, True, 0.001, (0, 118, 3, 56, 47, 5, 131, 39, 37, 118, 0)
False, True, 0.2887, (0, 247, 258, 162, 179, 261, 148, 247, 0)
False, True, 0.1184, (0, 62, 83, 71, 200, 212, 158, 253, 188, 71, 0)
True, True, 0.0449, (0, 36, 206, 173, 240, 243, 164, 13, 190, 130, 0)
False, True, 0.058, (0, 93, 130, 172, 173, 243, 164, 13, 172, 130, 0)
False, True, 0.0611, (0, 142, 195, 128, 260, 192, 266, 153, 142, 0)
False, True, 0.0704, (0, 142, 227, 177, 241, 235, 175, 142, 0)
False, True, 0.0649, (0, 142, 175, 241, 136, 219, 153, 142, 0)
True, True, 0.1076, (0, 108, 132, 49, 3, 51, 120, 83, 62, 0)
True, True, 0.081, (0, 6, 122, 127, 78, 20, 92, 25, 19, 0)
True, True, 0.0016, (0, 109, 59, 25, 20, 78, 97, 122, 0)
all_elementary, False
all_cyc2, True
