Instance, X-n280-k17
capacity, 192
min_trucks, 17
output_file, output_uchoa/X-n280-k17-ng8.log
Start date, 2022-07-01
Start time, 07-27-56
capacity, 192
num_vehicles, 17
abort_early, False
methods, ['ng8']
max_vars, 100
time_limit, 86400
farley, False
ESPPRC_heur, True
initial time, initial max_it, max_stale_it
1, 20000.0, 20
heuristic Number of routes, heuristic Best Solution Value, heuristic number of iterations, adjusted time, adjusted max_it, measured total time
226928, 33630.0, 20000, 1, 20000.0, 24209.0
method, python time, total time, propagated dominance time, unpropagated dominance time, pricing_success, upper_bound, lower_bound, abort_early, num_paths, 
ESPPRC_heur, 0.2, 7.0, 5.8, 0.5, 0, 33101.4259, 29288.2677, True, 3098
ESPPRC_heur, 0.1, 7.1, 5.8, 0.5, 0, 33101.4259, 28310.6706, True, 4438
ESPPRC_heur, 0.1, 7.4, 6.1, 0.5, 0, 33101.4259, 30408.0019, True, 1998
ESPPRC_heur, 0.1, 7.1, 5.8, 0.5, 0, 33101.4259, 30123.7534, True, 2525
ESPPRC_heur, 0.1, 7.2, 6.0, 0.5, 0, 33101.4259, 31153.4688, True, 885
ESPPRC_heur, 0.1, 7.4, 6.2, 0.5, 0, 33101.4259, 30863.1779, True, 1239
ESPPRC_heur, 0.1, 7.3, 6.0, 0.5, 0, 33101.4259, 32073.0596, True, 674
ESPPRC_heur, 0.1, 7.3, 6.1, 0.5, 0, 33096.5839, 30798.9602, True, 994
ESPPRC_heur, 0.1, 7.6, 6.3, 0.5, 0, 33096.5839, 31865.1298, True, 475
ESPPRC_heur, 0.1, 7.4, 6.1, 0.5, 0, 33093.7477, 31936.1225, True, 567
ESPPRC_heur, 0.1, 7.3, 6.0, 0.5, 0, 33091.8706, 32460.0825, True, 295
ESPPRC_heur, 0.1, 7.4, 6.0, 0.5, 0, 33083.2313, 32097.6998, True, 417
ESPPRC_heur, 0.1, 7.2, 6.0, 0.5, 0, 33082.5452, 32403.7209, True, 285
ESPPRC_heur, 0.1, 7.2, 6.0, 0.5, 0, 33072.5116, 31210.1411, True, 821
ESPPRC_heur, 0.1, 7.3, 6.1, 0.5, 0, 33072.5116, 32384.2554, True, 255
ESPPRC_heur, 0.1, 7.2, 6.1, 0.5, 0, 33068.9037, 32384.5367, True, 286
ESPPRC_heur, 0.0, 6.8, 5.7, 0.4, 0, 33063.9562, 31098.5162, True, 1287
ESPPRC_heur, 0.1, 7.4, 6.2, 0.5, 0, 33063.9562, 32456.7857, True, 243
ESPPRC_heur, 0.0, 8.0, 6.6, 0.5, 0, 33059.7197, 29265.8354, True, 4050
ESPPRC_heur, 0.1, 7.7, 6.4, 0.5, 0, 33059.7197, 29767.6846, True, 2056
ESPPRC_heur, 0.1, 7.2, 6.0, 0.5, 0, 33059.7197, 30730.1734, True, 1326
ESPPRC_heur, 0.1, 7.6, 6.2, 0.5, 0, 33059.7197, 31388.3527, True, 699
ESPPRC_heur, 0.1, 7.2, 5.8, 0.5, 0, 33059.7197, 30416.6304, True, 974
ESPPRC_heur, 0.1, 7.0, 5.7, 0.5, 0, 33059.7197, 31822.7552, True, 717
ESPPRC_heur, 0.1, 7.1, 5.7, 0.5, 0, 33059.7197, 31961.0707, True, 385
ESPPRC_heur, 0.1, 7.7, 6.3, 0.5, 0, 33059.4071, 32651.3629, True, 192
ESPPRC_heur, 0.1, 7.4, 6.0, 0.5, 0, 33051.2542, 31263.8165, True, 426
ESPPRC_heur, 0.1, 7.4, 6.2, 0.5, 0, 33051.2542, 31718.4618, True, 488
ESPPRC_heur, 0.1, 7.4, 6.2, 0.5, 0, 33051.2542, 32223.3894, True, 268
ESPPRC_heur, 0.1, 7.9, 6.5, 0.5, 0, 33050.4374, 32591.6132, True, 194
ESPPRC_heur, 0.1, 7.8, 6.4, 0.5, 0, 33046.4558, 32484.993, True, 204
ESPPRC_heur, 0.1, 8.0, 6.7, 0.5, 0, 33045.6729, 32498.5472, True, 170
ESPPRC_heur, 0.1, 7.3, 6.1, 0.5, 0, 33039.8718, 29863.5322, True, 1652
ESPPRC_heur, 0.1, 7.8, 6.5, 0.5, 0, 33039.8718, 31949.5621, True, 370
ESPPRC_heur, 0.1, 7.9, 6.5, 0.5, 0, 33039.8718, 32667.4514, True, 128
ESPPRC_heur, 0.1, 7.4, 6.1, 0.5, 0, 33037.0283, 32719.5616, True, 131
ESPPRC_heur, 0.1, 7.1, 5.8, 0.5, 0, 33034.1773, 30575.0053, True, 1029
ESPPRC_heur, 0.1, 7.6, 6.2, 0.5, 0, 33034.1773, 32674.6733, True, 113
ESPPRC_heur, 0.0, 7.3, 6.0, 0.5, 0, 33030.454, 32791.8034, True, 85
ESPPRC_heur, 0.1, 7.5, 6.1, 0.5, 0, 33027.4005, 32654.9652, True, 105
ESPPRC_heur, 0.1, 7.4, 6.1, 0.5, 0, 33024.7868, 32201.3718, True, 137
ESPPRC_heur, 0.0, 7.8, 6.4, 0.5, 0, 33022.6976, 32774.3773, True, 58
ESPPRC_heur, 0.1, 7.3, 6.0, 0.5, 0, 33019.2725, 32512.3199, True, 126
ESPPRC_heur, 0.1, 7.4, 6.2, 0.5, 0, 33018.7919, 32800.881, True, 54
ESPPRC_heur, 0.0, 7.5, 6.2, 0.5, 0, 33016.8419, 31462.7834, True, 427
ESPPRC_heur, 0.0, 7.2, 6.0, 0.5, 0, 33016.8419, 32740.7705, True, 69
ESPPRC_heur, 0.0, 7.2, 6.0, 0.5, 0, 33016.0107, 32696.2679, True, 57
ESPPRC_heur, 0.0, 7.7, 6.4, 0.5, 0, 33015.6426, 32784.9214, True, 50
ESPPRC_heur, 0.1, 7.7, 6.4, 0.5, 0, 33015.5324, 32907.891, True, 29
ESPPRC_heur, 0.1, 7.8, 6.5, 0.5, 0, 33015.1666, 32871.6567, True, 23
ESPPRC_heur, 0.0, 7.9, 6.5, 0.5, 0, 33014.5962, 32809.1303, True, 41
ESPPRC_heur, 0.0, 7.8, 6.5, 0.5, 0, 33014.5368, 32837.4458, True, 32
ESPPRC_heur, 0.0, 7.6, 6.3, 0.5, 0, 33014.0739, 32882.085, True, 20
ESPPRC_heur, -0.0, 7.8, 6.4, 0.5, 0, 33013.9215, 32924.6236, True, 13
ESPPRC_heur, 0.0, 7.7, 6.3, 0.5, 0, 33013.7118, 32907.9168, True, 17
ESPPRC_heur, 0.0, 7.5, 6.2, 0.5, 0, 33013.3867, 32927.0069, True, 17
ESPPRC_heur, 0.0, 7.7, 6.3, 0.5, 0, 33013.2294, 32911.3526, True, 9
ESPPRC_heur, 0.0, 7.7, 6.3, 0.5, 0, 33013.1127, 32956.7649, True, 13
ESPPRC_heur, -0.0, 7.7, 6.3, 0.5, 0, 33012.8994, 32908.9987, True, 23
ESPPRC_heur, 0.0, 7.7, 6.4, 0.5, 0, 33012.8313, 32963.04, True, 10
ESPPRC_heur, 0.0, 7.6, 6.3, 0.5, 0, 33012.6899, 32934.2433, True, 8
ESPPRC_heur, 0.1, 7.6, 6.4, 0.5, 0, 33012.6531, 32998.9604, True, 5
ESPPRC_heur, 0.0, 7.3, 6.2, 0.5, 0, 33012.639, 33005.3438, True, 4
ng8, 0.1, 2923.5, 2836.3, 71.3, 1, 33012.6386, 31319.3145, 0, 1542
ESPPRC_heur, 0.1, 7.2, 5.8, 0.5, 0, 32985.9601, 31704.7022, True, 652
ESPPRC_heur, 0.1, 7.8, 6.4, 0.5, 0, 32985.9601, 32326.1702, True, 206
ESPPRC_heur, 0.0, 7.8, 6.4, 0.5, 0, 32985.9601, 32678.4995, True, 84
ESPPRC_heur, 0.1, 7.4, 6.3, 0.5, 0, 32983.9971, 32295.2939, True, 176
ESPPRC_heur, 0.0, 7.8, 6.4, 0.5, 0, 32983.8106, 32696.6685, True, 66
ESPPRC_heur, 0.0, 8.0, 6.6, 0.5, 0, 32982.5548, 32825.7951, True, 43
ESPPRC_heur, -0.0, 7.5, 6.0, 0.5, 0, 32981.8514, 32827.451, True, 30
ESPPRC_heur, -0.0, 7.4, 5.9, 0.5, 0, 32981.7003, 32912.0027, True, 18
ESPPRC_heur, 0.0, 7.5, 6.1, 0.5, 0, 32981.2725, 32933.5537, True, 18
ESPPRC_heur, 0.1, 7.3, 5.9, 0.5, 0, 32981.1448, 32899.8932, True, 12
ESPPRC_heur, -0.0, 7.3, 5.8, 0.5, 0, 32980.9214, 32938.5563, True, 9
ESPPRC_heur, -0.0, 7.4, 5.9, 0.5, 0, 32980.8136, 32911.1849, True, 10
ESPPRC_heur, 0.1, 7.3, 5.8, 0.5, 0, 32980.636, 32446.4171, True, 94
ESPPRC_heur, -0.0, 7.7, 6.2, 0.5, 0, 32980.6283, 32924.4947, True, 14
ESPPRC_heur, 0.1, 7.8, 6.5, 0.5, 0, 32980.5056, 32881.9477, True, 9
ESPPRC_heur, 0.0, 7.9, 6.5, 0.5, 0, 32980.5055, 32934.9887, True, 5
ESPPRC_heur, -0.0, 7.9, 6.5, 0.5, 0, 32980.4505, 32952.2598, True, 6
ESPPRC_heur, 0.0, 8.0, 6.6, 0.5, 0, 32980.4115, 32960.2522, True, 5
ESPPRC_heur, -0.0, 7.9, 6.5, 0.5, 0, 32980.4042, 32977.3487, True, 2
ESPPRC_heur, 0.0, 7.9, 6.5, 0.5, 0, 32980.4042, 32970.9033, True, 1
ESPPRC_heur, 0.0, 7.8, 6.5, 0.5, 0, 32980.3929, 32967.8049, True, 1
ESPPRC_heur, -0.0, 7.9, 6.5, 0.5, 0, 32980.3913, 32979.2532, True, 4
ng8, 0.1, 2135.3, 2077.4, 42.8, 1, 32980.3913, 31906.8619, 0, 989
ESPPRC_heur, 0.1, 7.1, 6.0, 0.4, 0, 32960.9936, 30805.3765, True, 808
ESPPRC_heur, 0.0, 7.7, 6.4, 0.5, 0, 32960.9936, 32667.3665, True, 50
ESPPRC_heur, 0.0, 7.8, 6.4, 0.5, 0, 32960.1451, 32693.5916, True, 36
ESPPRC_heur, 0.0, 6.9, 5.8, 0.4, 0, 32959.2789, 32650.6419, True, 61
ESPPRC_heur, -0.0, 6.8, 5.7, 0.4, 0, 32959.0357, 32753.5596, True, 21
ESPPRC_heur, -0.0, 6.9, 5.7, 0.4, 0, 32958.8036, 32902.0046, True, 16
ESPPRC_heur, 0.0, 6.9, 5.8, 0.4, 0, 32958.7143, 32922.2299, True, 9
ESPPRC_heur, 0.0, 7.5, 6.2, 0.5, 0, 32958.6588, 32933.6009, True, 7
ESPPRC_heur, 0.0, 7.4, 6.1, 0.5, 0, 32958.624, 32943.4022, True, 5
ESPPRC_heur, 0.0, 7.4, 6.1, 0.5, 0, 32958.6011, 32916.3613, True, 5
ESPPRC_heur, 0.0, 7.3, 6.0, 0.5, 0, 32958.5171, 32917.4652, True, 9
ESPPRC_heur, 0.0, 7.4, 6.1, 0.5, 0, 32958.483, 32952.6061, True, 2
ng8, 0.1, 2541.3, 2471.8, 54.7, 1, 32958.483, 31881.5841, 0, 767
ESPPRC_heur, 0.1, 7.5, 6.1, 0.5, 0, 32958.3446, 32504.4063, True, 131
ESPPRC_heur, 0.0, 7.5, 6.3, 0.5, 0, 32958.3446, 32793.0531, True, 10
ESPPRC_heur, 0.0, 7.6, 6.4, 0.5, 0, 32957.7873, 32911.3282, True, 15
ESPPRC_heur, -0.0, 7.6, 6.3, 0.5, 0, 32957.7238, 32936.0459, True, 3
ng8, 0.1, 2537.5, 2467.2, 55.6, 1, 32957.6781, 32272.7758, 0, 491
ESPPRC_heur, 0.1, 7.7, 6.2, 0.5, 0, 32946.201, 32390.2718, True, 104
ESPPRC_heur, 0.1, 7.8, 6.3, 0.5, 0, 32945.4137, 31910.2956, True, 295
ESPPRC_heur, 0.1, 7.6, 6.2, 0.5, 0, 32945.4137, 32745.1941, True, 45
ESPPRC_heur, -0.0, 7.4, 6.2, 0.5, 0, 32944.9159, 32874.1715, True, 28
ESPPRC_heur, -0.0, 7.4, 6.2, 0.5, 0, 32944.7135, 32687.3107, True, 16
ESPPRC_heur, 0.0, 7.4, 6.3, 0.5, 0, 32944.7061, 32906.3981, True, 5
ESPPRC_heur, -0.0, 7.5, 6.3, 0.5, 0, 32944.7061, 32914.444, True, 3
ESPPRC_heur, -0.0, 7.7, 6.5, 0.5, 0, 32944.6593, 32937.4742, True, 5
ESPPRC_heur, -0.0, 7.9, 6.5, 0.5, 0, 32944.6511, 32935.464, True, 3
ESPPRC_heur, 0.0, 7.5, 6.1, 0.5, 0, 32944.6439, 32943.3626, True, 1
ESPPRC_heur, 0.0, 7.5, 6.1, 0.5, 0, 32944.6439, 32944.2754, True, 1
ESPPRC_heur, -0.0, 7.7, 6.4, 0.5, 0, 32944.6439, 32936.7184, True, 1
ng8, 0.2, 2429.4, 2357.5, 58.1, 1, 32944.6438, 32173.4475, 0, 392
ng8, 0.2, 2605.5, 2527.9, 62.7, 1, 32944.6438, 32465.8622, 0, 297
ESPPRC_heur, 0.1, 8.2, 6.8, 0.5, 0, 32939.2033, 32380.8194, True, 71
ESPPRC_heur, 0.1, 8.1, 6.8, 0.5, 0, 32939.0376, 32860.084, True, 9
ESPPRC_heur, 0.0, 8.0, 6.6, 0.5, 0, 32939.0231, 32902.6926, True, 7
ESPPRC_heur, 0.0, 7.9, 6.5, 0.5, 0, 32938.8209, 32878.9074, True, 7
ESPPRC_heur, 0.0, 8.1, 6.7, 0.5, 0, 32938.813, 32911.3104, True, 1
ESPPRC_heur, 0.0, 8.2, 6.8, 0.5, 0, 32938.7929, 32916.7109, True, 2
ESPPRC_heur, 0.0, 8.3, 6.9, 0.5, 0, 32938.7927, 32928.018, True, 1
ESPPRC_heur, 0.0, 8.2, 6.9, 0.5, 0, 32938.7927, 32932.206, True, 1
ESPPRC_heur, -0.0, 8.1, 6.7, 0.5, 0, 32938.7927, 32932.4703, True, 1
ESPPRC_heur, 0.0, 8.1, 6.7, 0.5, 0, 32938.7927, 32938.0776, True, 1
ng8, 0.1, 2646.1, 2563.6, 67.6, 1, 32938.7927, 32337.2015, 0, 215
ESPPRC_heur, 0.0, 7.8, 6.5, 0.5, 0, 32936.7601, 32867.7993, True, 19
ESPPRC_heur, 0.0, 7.9, 6.5, 0.5, 0, 32936.6402, 32860.4957, True, 8
ESPPRC_heur, -0.0, 7.9, 6.5, 0.5, 0, 32936.5328, 32916.7302, True, 4
ESPPRC_heur, 0.0, 7.8, 6.4, 0.5, 0, 32936.5285, 32932.9349, True, 3
ESPPRC_heur, 0.0, 7.7, 6.4, 0.5, 0, 32936.5271, 32929.1598, True, 1
ESPPRC_heur, -0.0, 8.0, 6.6, 0.5, 0, 32936.5271, 32858.111, True, 1
ESPPRC_heur, -0.0, 7.8, 6.4, 0.5, 0, 32936.211, 32927.1619, True, 3
ng8, 0.1, 2542.1, 2472.9, 54.5, 1, 32936.208, 32416.0584, 0, 201
ESPPRC_heur, 0.1, 7.8, 6.5, 0.5, 0, 32933.6413, 32861.7918, True, 21
ESPPRC_heur, 0.0, 8.5, 7.2, 0.5, 0, 32933.3595, 32887.7604, True, 4
ESPPRC_heur, 0.0, 8.3, 6.9, 0.5, 0, 32933.3443, 32918.409, True, 1
ESPPRC_heur, 0.1, 7.3, 6.1, 0.5, 0, 32933.3443, 32929.6338, True, 1
ng8, 0.0, 2523.6, 2449.8, 59.1, 1, 32933.3439, 32653.6603, 0, 96
ESPPRC_heur, -0.0, 7.0, 5.9, 0.4, 0, 32928.8971, 32856.5973, True, 17
ESPPRC_heur, 0.0, 7.0, 5.9, 0.4, 0, 32928.5143, 32918.2924, True, 5
ng8, 0.1, 2518.4, 2445.1, 60.2, 1, 32928.5043, 32754.8917, 0, 93
ESPPRC_heur, -0.0, 7.7, 6.3, 0.5, 0, 32926.6178, 32910.084, True, 8
ESPPRC_heur, 0.0, 7.6, 6.3, 0.5, 0, 32926.6099, 32916.0711, True, 2
ng8, 0.1, 2478.2, 2408.4, 55.3, 1, 32926.5935, 32725.7836, 0, 65
ESPPRC_heur, 0.1, 7.6, 6.4, 0.5, 0, 32925.8114, 32899.2842, True, 7
ng8, 0.1, 2532.7, 2457.4, 60.8, 1, 32925.8107, 32818.7109, 0, 42
ESPPRC_heur, -0.0, 6.8, 5.4, 0.5, 0, 32925.6873, 32916.3337, True, 2
ng8, 0.1, 2646.9, 2569.7, 62.2, 1, 32925.6841, 32867.5926, 0, 14
ng8, 0.1, 2613.2, 2537.1, 62.2, 1, 32925.6629, 32872.9559, 0, 13
ng8, 0.0, 2607.7, 2529.7, 64.0, 1, 32925.6371, 32903.5281, 0, 2
ESPPRC_heur, -0.0, 7.4, 6.1, 0.5, 0, 32925.6027, 32923.6467, True, 4
ng8, 0.1, 2521.9, 2449.0, 59.2, 1, 32925.6022, 32916.6032, 0, 6
ng8, 0.0, 2550.4, 2480.2, 56.5, 1, 32925.5847, 32922.8141, 0, 3
ng8, 0.1, 2655.0, 2577.2, 64.0, 1, 32925.5847, 32925.5847, 0, 0
scip_total_time, 71967.287532
Solval, number of paths, impact cutoff
32925.58474938295, 226, 0.0001
Elementary, 2-Cycle, Path Value, Path
True, True, 0.0404, (0, 84, 25, 76, 102, 78, 115, 143, 244, 3, 181, 195, 86, 113, 252, 29, 0)
True, True, 1.0, (0, 147, 31, 158, 15, 144, 19, 194, 0)
True, True, 0.4434, (0, 69, 20, 10, 243, 228, 83, 128, 0)
True, True, 0.1869, (0, 17, 226, 4, 176, 80, 83, 0)
True, True, 0.0767, (0, 218, 206, 17, 226, 4, 80, 151, 0)
True, True, 0.0296, (0, 258, 215, 213, 12, 84, 149, 8, 206, 232, 133, 0)
True, True, 0.064, (0, 80, 176, 4, 226, 17, 206, 218, 0)
True, True, 0.0339, (0, 69, 20, 215, 254, 10, 151, 128, 155, 0)
True, True, 0.0046, (0, 218, 226, 245, 201, 195, 181, 3, 244, 143, 115, 78, 102, 76, 86, 113, 252, 258, 0)
True, True, 0.0622, (0, 267, 75, 120, 37, 274, 27, 272, 150, 18, 129, 269, 271, 23, 93, 42, 233, 0)
True, True, 0.008, (0, 155, 83, 80, 176, 226, 8, 17, 206, 232, 133, 0)
True, True, 0.2915, (0, 151, 10, 80, 176, 4, 196, 53, 83, 0)
True, True, 0.0751, (0, 258, 206, 17, 226, 4, 176, 151, 0)
True, True, 0.1228, (0, 25, 76, 78, 143, 3, 5, 65, 195, 245, 0)
True, True, 0.077, (0, 154, 229, 123, 212, 81, 46, 211, 91, 110, 172, 259, 85, 107, 192, 207, 204, 16, 185, 112, 122, 32, 89, 61, 0)
True, True, 0.0062, (0, 154, 11, 229, 123, 212, 16, 185, 220, 231, 0)
True, True, 0.187, (0, 215, 213, 90, 12, 84, 149, 8, 206, 232, 133, 0)
True, True, 0.2216, (0, 258, 215, 213, 90, 12, 84, 149, 8, 29, 254, 133, 0)
True, True, 0.0183, (0, 155, 200, 202, 199, 228, 243, 10, 218, 20, 0)
True, True, 0.0277, (0, 241, 38, 63, 248, 22, 57, 9, 43, 132, 0)
True, True, 0.0269, (0, 155, 128, 151, 218, 206, 17, 8, 29, 232, 254, 133, 0)
True, True, 0.1608, (0, 163, 68, 122, 112, 185, 16, 204, 207, 192, 107, 85, 259, 172, 110, 91, 211, 46, 81, 212, 123, 229, 154, 0)
True, True, 0.0276, (0, 268, 101, 56, 41, 117, 36, 27, 272, 150, 18, 129, 269, 271, 23, 93, 42, 233, 0)
True, True, 0.1758, (0, 69, 215, 213, 12, 84, 149, 8, 206, 218, 133, 0)
True, True, 0.0808, (0, 267, 162, 152, 137, 35, 75, 127, 120, 183, 36, 167, 6, 247, 39, 117, 41, 56, 101, 268, 0)
True, True, 0.0014, (0, 157, 260, 56, 41, 117, 39, 247, 6, 167, 36, 183, 120, 127, 75, 35, 137, 152, 109, 165, 0)
True, True, 0.0519, (0, 42, 93, 23, 271, 269, 129, 18, 150, 272, 27, 141, 34, 186, 99, 125, 255, 32, 264, 0)
True, True, 0.0947, (0, 258, 133, 254, 232, 206, 17, 8, 149, 29, 215, 69, 0)
True, True, 0.0016, (0, 151, 176, 4, 226, 8, 206, 0)
True, True, 0.1228, (0, 245, 201, 65, 5, 3, 244, 143, 102, 25, 0)
True, True, 0.1228, (0, 90, 25, 76, 143, 244, 3, 5, 65, 201, 245, 218, 0)
True, True, 0.0895, (0, 240, 103, 209, 173, 161, 11, 26, 130, 105, 220, 236, 178, 68, 264, 163, 156, 0)
True, True, 0.0062, (0, 240, 103, 154, 209, 173, 161, 11, 26, 130, 105, 236, 178, 68, 264, 163, 97, 0)
True, True, 0.0687, (0, 133, 218, 232, 206, 17, 8, 226, 176, 80, 151, 0)
True, True, 0.0642, (0, 253, 246, 47, 82, 190, 24, 88, 142, 140, 191, 171, 7, 237, 139, 106, 134, 241, 0)
True, True, 0.0867, (0, 250, 135, 30, 164, 257, 270, 71, 49, 225, 55, 116, 277, 256, 67, 22, 248, 63, 38, 241, 0)
True, True, 0.0144, (0, 255, 125, 261, 37, 274, 27, 272, 150, 18, 129, 269, 271, 23, 93, 42, 233, 0)
True, True, 0.0934, (0, 134, 106, 139, 237, 7, 171, 191, 140, 1, 184, 62, 208, 138, 0)
True, True, 0.0332, (0, 200, 202, 265, 14, 197, 175, 193, 198, 94, 21, 216, 210, 108, 148, 262, 249, 0)
True, True, 0.0511, (0, 250, 135, 30, 164, 257, 234, 118, 225, 116, 277, 256, 67, 22, 248, 63, 38, 241, 0)
True, True, 0.0635, (0, 264, 68, 122, 112, 185, 16, 204, 124, 207, 192, 107, 85, 259, 172, 110, 91, 211, 46, 81, 123, 229, 154, 0)
True, True, 0.1138, (0, 165, 109, 137, 35, 75, 127, 120, 183, 36, 167, 6, 247, 39, 117, 41, 56, 131, 44, 74, 267, 0)
True, True, 0.1399, (0, 215, 252, 113, 86, 102, 78, 115, 143, 244, 3, 181, 195, 201, 245, 226, 0)
True, True, 0.1228, (0, 218, 245, 201, 65, 5, 3, 143, 115, 76, 25, 90, 0)
True, True, 0.0494, (0, 138, 146, 13, 208, 62, 238, 222, 251, 237, 7, 177, 48, 145, 79, 45, 170, 0)
True, True, 0.0211, (0, 170, 45, 79, 145, 48, 177, 139, 251, 171, 191, 140, 1, 184, 82, 190, 47, 246, 253, 0)
True, True, 0.0518, (0, 250, 30, 270, 71, 49, 225, 104, 2, 177, 179, 279, 59, 33, 50, 72, 235, 64, 219, 221, 217, 100, 174, 92, 0)
True, True, 0.0817, (0, 180, 138, 146, 13, 208, 62, 238, 222, 251, 237, 7, 179, 48, 145, 79, 45, 170, 0)
True, True, 0.0061, (0, 233, 93, 23, 271, 269, 129, 18, 150, 272, 27, 37, 141, 261, 137, 109, 0)
True, True, 0.0825, (0, 138, 188, 95, 208, 62, 47, 82, 24, 88, 142, 1, 184, 238, 0)
True, True, 0.0723, (0, 252, 113, 86, 195, 181, 65, 5, 278, 73, 40, 64, 219, 221, 169, 227, 168, 187, 174, 52, 53, 0)
True, True, 0.1243, (0, 92, 174, 100, 217, 221, 219, 64, 235, 119, 224, 145, 48, 179, 177, 2, 104, 118, 234, 257, 45, 170, 0)
True, True, 0.0096, (0, 74, 44, 131, 56, 41, 117, 39, 247, 6, 167, 36, 183, 120, 75, 35, 137, 152, 109, 165, 0)
True, True, 0.0637, (0, 165, 98, 255, 125, 99, 186, 34, 261, 141, 37, 274, 167, 6, 247, 39, 117, 41, 56, 131, 44, 74, 0)
True, True, 0.1513, (0, 203, 164, 270, 71, 49, 225, 55, 116, 277, 256, 87, 13, 95, 188, 28, 57, 239, 273, 96, 180, 0)
True, True, 0.1071, (0, 223, 160, 182, 66, 96, 266, 111, 239, 57, 28, 146, 22, 248, 63, 114, 30, 135, 203, 199, 0)
True, True, 0.0471, (0, 233, 42, 93, 23, 271, 269, 129, 18, 150, 272, 27, 274, 37, 261, 186, 99, 125, 32, 0)
True, True, 0.0836, (0, 95, 208, 62, 47, 190, 24, 88, 142, 1, 184, 238, 0)
True, True, 0.0523, (0, 74, 44, 162, 152, 35, 75, 127, 120, 183, 36, 167, 6, 247, 39, 70, 205, 157, 0)
True, True, 0.0518, (0, 170, 45, 257, 234, 118, 104, 2, 106, 256, 277, 116, 55, 49, 71, 270, 164, 135, 250, 0)
True, True, 0.2044, (0, 61, 32, 255, 125, 99, 186, 34, 261, 141, 37, 274, 36, 167, 6, 247, 39, 117, 41, 56, 131, 44, 74, 267, 0)
True, True, 0.0766, (0, 61, 32, 255, 125, 99, 186, 34, 261, 141, 37, 274, 36, 167, 6, 247, 39, 117, 41, 56, 131, 44, 74, 126, 0)
True, True, 0.1248, (0, 250, 135, 30, 164, 270, 71, 49, 55, 116, 277, 256, 87, 13, 95, 188, 28, 57, 239, 132, 0)
True, True, 0.0299, (0, 74, 44, 162, 152, 137, 35, 75, 120, 183, 36, 167, 6, 247, 39, 117, 41, 56, 275, 101, 0)
True, True, 0.0242, (0, 233, 93, 23, 271, 269, 129, 18, 272, 27, 141, 34, 186, 99, 125, 255, 32, 0)
True, True, 0.2175, (0, 170, 257, 234, 79, 145, 48, 177, 139, 251, 171, 191, 140, 1, 184, 238, 87, 67, 114, 121, 38, 0)
True, True, 0.0458, (0, 153, 148, 223, 160, 182, 66, 132, 43, 166, 77, 9, 70, 205, 275, 101, 260, 157, 268, 94, 242, 60, 0)
True, True, 0.1801, (0, 103, 209, 173, 161, 11, 26, 130, 105, 220, 236, 178, 68, 264, 163, 61, 189, 97, 0)
True, True, 0.0088, (0, 153, 148, 160, 182, 66, 96, 266, 111, 239, 57, 28, 146, 22, 248, 63, 114, 30, 135, 203, 199, 0)
True, True, 0.048, (0, 25, 76, 102, 78, 115, 143, 181, 65, 5, 278, 73, 40, 64, 219, 221, 169, 227, 168, 217, 100, 174, 52, 53, 230, 0)
True, True, 0.1654, (0, 180, 197, 96, 266, 111, 273, 132, 43, 166, 77, 9, 70, 205, 275, 101, 260, 157, 268, 94, 242, 210, 51, 0)
True, True, 0.2211, (0, 233, 42, 93, 23, 271, 269, 129, 18, 150, 272, 27, 274, 183, 127, 152, 109, 0)
True, True, 0.2716, (0, 253, 246, 24, 88, 142, 1, 184, 62, 208, 138, 0)
True, True, 0.0119, (0, 233, 42, 93, 23, 271, 269, 129, 18, 272, 27, 141, 34, 99, 125, 255, 32, 0)
True, True, 0.0865, (0, 180, 193, 160, 182, 66, 132, 43, 166, 77, 9, 70, 205, 275, 131, 162, 109, 98, 165, 89, 61, 0)
True, True, 0.0092, (0, 241, 38, 63, 67, 256, 106, 2, 104, 48, 145, 224, 119, 235, 64, 219, 221, 217, 100, 174, 92, 0)
True, True, 0.1517, (0, 233, 42, 93, 23, 271, 269, 129, 18, 150, 272, 27, 141, 261, 34, 186, 99, 125, 98, 0)
True, True, 0.1073, (0, 267, 44, 131, 56, 41, 117, 39, 247, 6, 167, 36, 183, 120, 127, 75, 35, 137, 109, 98, 165, 0)
True, True, 0.1015, (0, 196, 52, 100, 217, 221, 219, 64, 235, 119, 224, 145, 48, 177, 2, 104, 225, 49, 71, 270, 164, 203, 0)
True, True, 0.0361, (0, 157, 260, 205, 70, 42, 233, 93, 23, 271, 150, 272, 27, 274, 37, 120, 127, 75, 35, 137, 152, 162, 44, 74, 126, 216, 0)
True, True, 0.0786, (0, 233, 42, 93, 23, 271, 269, 129, 18, 150, 272, 27, 274, 261, 34, 186, 99, 125, 255, 264, 0)
True, True, 0.0622, (0, 180, 214, 96, 266, 111, 273, 43, 166, 77, 57, 28, 146, 22, 248, 63, 114, 30, 135, 203, 199, 0)
True, True, 0.0479, (0, 241, 38, 121, 114, 116, 277, 256, 106, 2, 104, 145, 224, 119, 235, 64, 219, 221, 217, 100, 52, 0)
True, True, 0.2134, (0, 241, 121, 63, 248, 22, 67, 256, 277, 116, 55, 225, 118, 234, 257, 45, 217, 100, 174, 92, 196, 0)
True, True, 0.0137, (0, 218, 226, 187, 245, 201, 195, 181, 65, 5, 244, 115, 78, 102, 76, 86, 113, 252, 84, 213, 0)
True, True, 0.0175, (0, 180, 273, 239, 57, 28, 146, 188, 95, 13, 87, 256, 277, 116, 55, 49, 71, 270, 30, 135, 250, 0)
True, True, 0.0364, (0, 121, 114, 67, 87, 238, 222, 139, 251, 171, 191, 140, 1, 184, 82, 190, 246, 253, 0)
True, True, 0.0435, (0, 250, 134, 55, 106, 222, 139, 251, 171, 191, 140, 1, 142, 88, 82, 190, 47, 246, 253, 0)
True, True, 0.069, (0, 233, 42, 93, 23, 271, 269, 129, 18, 150, 272, 27, 274, 37, 261, 34, 186, 99, 125, 264, 0)
True, True, 0.1228, (0, 90, 25, 76, 102, 78, 115, 244, 3, 181, 195, 201, 168, 187, 174, 52, 53, 230, 0)
True, True, 0.0217, (0, 74, 44, 162, 152, 35, 75, 127, 120, 183, 36, 6, 247, 39, 117, 41, 56, 260, 157, 0)
True, True, 0.0677, (0, 159, 60, 160, 182, 66, 96, 266, 111, 239, 57, 28, 146, 22, 248, 63, 114, 30, 135, 203, 199, 0)
True, True, 0.0345, (0, 241, 38, 121, 248, 22, 57, 9, 239, 273, 180, 0)
True, True, 0.164, (0, 180, 273, 239, 57, 28, 188, 95, 13, 87, 256, 277, 116, 134, 270, 164, 30, 135, 250, 0)
True, True, 0.0329, (0, 38, 121, 67, 87, 238, 222, 139, 251, 171, 191, 140, 1, 184, 82, 190, 246, 253, 0)
True, True, 0.1981, (0, 138, 146, 188, 95, 13, 238, 222, 251, 237, 7, 179, 48, 145, 79, 45, 170, 0)
True, True, 0.0031, (0, 92, 187, 168, 227, 169, 278, 73, 40, 58, 33, 50, 72, 119, 224, 79, 234, 270, 134, 22, 248, 63, 121, 38, 241, 0)
True, True, 0.0161, (0, 138, 28, 188, 95, 208, 62, 238, 184, 1, 142, 88, 82, 190, 47, 246, 253, 233, 42, 70, 205, 260, 0)
True, True, 0.0351, (0, 233, 42, 93, 23, 271, 18, 150, 272, 27, 274, 37, 261, 34, 99, 125, 255, 0)
True, True, 0.1297, (0, 180, 214, 175, 96, 266, 111, 273, 132, 43, 166, 77, 9, 70, 205, 275, 101, 260, 157, 268, 126, 216, 51, 0)
True, True, 0.0069, (0, 92, 174, 100, 217, 221, 219, 64, 235, 119, 224, 145, 104, 2, 106, 256, 67, 63, 121, 38, 241, 0)
True, True, 0.0159, (0, 92, 174, 227, 169, 278, 73, 40, 33, 50, 72, 119, 224, 145, 104, 2, 106, 256, 67, 114, 121, 38, 241, 0)
False, True, 0.3271, (0, 263, 136, 54, 156, 97, 189, 276, 21, 216, 210, 21, 276, 189, 97, 156, 54, 136, 0)
False, True, 0.2274, (0, 226, 187, 168, 227, 169, 278, 73, 40, 58, 59, 279, 33, 50, 72, 235, 119, 224, 118, 79, 224, 119, 235, 72, 50, 33, 279, 59, 58, 40, 73, 278, 169, 227, 168, 187, 92, 0)
True, True, 0.0351, (0, 193, 233, 42, 93, 23, 271, 269, 129, 24, 190, 82, 47, 62, 208, 95, 188, 28, 138, 0)
True, True, 0.0094, (0, 267, 44, 162, 152, 35, 75, 127, 120, 183, 36, 167, 6, 247, 39, 70, 205, 260, 157, 0)
True, True, 0.0067, (0, 38, 121, 114, 67, 87, 238, 184, 1, 140, 191, 171, 251, 139, 177, 179, 48, 145, 79, 234, 45, 170, 0)
True, True, 0.133, (0, 126, 74, 44, 131, 56, 41, 117, 39, 247, 6, 167, 36, 183, 120, 75, 35, 137, 152, 162, 267, 0)
True, True, 0.0209, (0, 60, 160, 182, 96, 266, 111, 273, 43, 166, 77, 9, 70, 205, 275, 101, 260, 157, 268, 126, 216, 51, 0)
True, True, 0.0629, (0, 203, 164, 270, 71, 49, 225, 104, 2, 177, 179, 48, 145, 224, 119, 235, 64, 219, 221, 217, 100, 52, 0)
True, True, 0.0921, (0, 196, 52, 100, 217, 221, 219, 64, 235, 72, 50, 33, 58, 59, 279, 179, 177, 2, 104, 225, 49, 71, 270, 164, 250, 0)
True, True, 0.1621, (0, 203, 170, 45, 257, 234, 118, 104, 2, 177, 179, 279, 59, 58, 33, 50, 72, 64, 219, 221, 217, 100, 52, 0)
True, True, 0.0175, (0, 196, 52, 100, 217, 221, 219, 64, 235, 119, 79, 145, 48, 104, 2, 106, 256, 277, 116, 134, 114, 121, 38, 241, 0)
True, True, 0.0137, (0, 196, 92, 174, 100, 217, 221, 219, 64, 72, 50, 33, 58, 59, 279, 179, 177, 2, 104, 225, 49, 71, 270, 164, 250, 0)
False, True, 0.0265, (0, 263, 136, 159, 153, 249, 262, 148, 108, 223, 265, 214, 14, 197, 175, 193, 198, 223, 108, 148, 262, 249, 153, 159, 136, 263, 0)
False, False, 0.2522, (0, 69, 20, 254, 20, 258, 0)
False, True, 0.2803, (0, 263, 136, 54, 159, 153, 249, 262, 148, 108, 223, 265, 214, 14, 197, 175, 193, 198, 223, 108, 148, 262, 249, 153, 159, 263, 0)
True, True, 0.0677, (0, 170, 45, 257, 234, 118, 225, 104, 2, 177, 179, 279, 59, 58, 40, 73, 278, 169, 227, 174, 92, 0)
True, True, 0.1052, (0, 215, 252, 113, 86, 102, 78, 115, 244, 3, 181, 195, 201, 245, 149, 0)
True, True, 0.0129, (0, 252, 113, 86, 76, 102, 78, 115, 143, 244, 5, 65, 181, 195, 201, 245, 187, 174, 52, 196, 53, 230, 0)
True, True, 0.0209, (0, 60, 160, 66, 96, 266, 111, 273, 43, 166, 77, 9, 70, 205, 275, 101, 260, 157, 268, 126, 216, 51, 0)
True, True, 0.0196, (0, 241, 38, 121, 114, 134, 116, 277, 106, 2, 104, 145, 224, 72, 50, 33, 58, 40, 73, 278, 169, 227, 92, 0)
True, True, 0.0404, (0, 213, 252, 113, 86, 76, 102, 78, 115, 244, 3, 181, 195, 201, 245, 226, 0)
True, True, 0.0041, (0, 241, 38, 121, 63, 22, 67, 256, 277, 116, 55, 225, 118, 234, 257, 45, 217, 100, 174, 92, 0)
True, True, 0.0442, (0, 199, 203, 135, 30, 114, 63, 248, 22, 146, 28, 57, 239, 111, 273, 266, 96, 66, 182, 160, 193, 180, 0)
True, True, 0.0177, (0, 90, 25, 76, 102, 78, 115, 244, 5, 65, 278, 73, 40, 64, 219, 221, 169, 227, 168, 187, 174, 52, 53, 230, 0)
True, True, 0.1427, (0, 60, 198, 160, 182, 66, 132, 43, 166, 77, 9, 70, 205, 275, 101, 260, 157, 268, 74, 126, 216, 51, 0)
True, True, 0.1014, (0, 60, 210, 242, 94, 160, 182, 66, 132, 43, 166, 77, 9, 70, 205, 275, 101, 260, 157, 268, 126, 216, 51, 0)
False, True, 0.0151, (0, 51, 210, 242, 94, 126, 267, 165, 98, 162, 109, 152, 35, 137, 125, 99, 186, 34, 261, 141, 37, 120, 183, 127, 75, 35, 137, 152, 109, 162, 98, 165, 267, 126, 94, 242, 210, 60, 0)
False, True, 0.164, (0, 200, 202, 199, 228, 243, 230, 53, 176, 4, 80, 230, 243, 228, 199, 202, 155, 0)
False, True, 0.193, (0, 213, 12, 84, 252, 113, 86, 25, 12, 90, 0)
False, True, 0.0701, (0, 200, 202, 199, 228, 243, 230, 53, 196, 4, 176, 80, 230, 243, 83, 128, 155, 0)
True, True, 0.056, (0, 230, 53, 52, 92, 187, 245, 201, 195, 181, 65, 5, 244, 115, 78, 102, 76, 86, 113, 252, 29, 0)
True, True, 0.0123, (0, 90, 25, 76, 102, 78, 115, 244, 3, 181, 195, 86, 113, 252, 84, 213, 215, 0)
True, True, 0.0479, (0, 160, 182, 66, 96, 266, 111, 273, 132, 43, 166, 77, 9, 70, 205, 275, 101, 260, 157, 268, 126, 216, 0)
True, True, 0.0745, (0, 213, 84, 25, 76, 102, 78, 115, 143, 181, 65, 5, 278, 73, 40, 64, 219, 221, 169, 227, 168, 174, 52, 53, 230, 0)
True, True, 0.0212, (0, 250, 135, 30, 164, 257, 234, 118, 104, 2, 106, 256, 277, 116, 114, 121, 38, 241, 0)
True, True, 0.029, (0, 92, 174, 100, 217, 221, 219, 64, 235, 72, 50, 33, 58, 59, 279, 179, 177, 2, 106, 277, 116, 134, 114, 121, 38, 241, 0)
False, True, 0.0647, (0, 200, 202, 265, 214, 14, 198, 193, 175, 197, 14, 265, 202, 200, 0)
True, True, 0.015, (0, 134, 106, 222, 251, 237, 7, 171, 191, 140, 142, 88, 24, 190, 82, 47, 246, 253, 132, 0)
False, True, 0.0432, (0, 92, 187, 168, 227, 169, 278, 73, 40, 58, 59, 279, 33, 50, 72, 119, 224, 79, 234, 71, 49, 118, 79, 224, 119, 72, 50, 33, 279, 59, 58, 40, 73, 278, 169, 227, 168, 174, 52, 0)
True, True, 0.0272, (0, 250, 134, 106, 222, 251, 237, 7, 171, 191, 140, 142, 88, 24, 190, 82, 47, 62, 208, 253, 0)
True, True, 0.0544, (0, 138, 146, 188, 95, 208, 62, 47, 82, 190, 24, 88, 142, 140, 191, 171, 7, 237, 251, 222, 106, 134, 0)
False, True, 0.002, (0, 196, 92, 187, 168, 227, 169, 278, 73, 40, 58, 59, 279, 33, 50, 72, 235, 119, 224, 79, 234, 71, 49, 118, 79, 224, 72, 50, 33, 279, 59, 58, 40, 73, 278, 169, 227, 168, 187, 92, 0)
True, True, 0.0357, (0, 180, 175, 96, 266, 111, 273, 43, 166, 77, 9, 70, 205, 275, 101, 260, 157, 268, 94, 242, 210, 51, 0)
True, True, 0.016, (0, 60, 193, 182, 66, 96, 266, 111, 273, 132, 43, 166, 77, 9, 70, 205, 275, 101, 260, 157, 268, 126, 216, 51, 0)
False, True, 0.0058, (0, 128, 151, 218, 232, 29, 17, 206, 10, 151, 128, 0)
False, True, 0.075, (0, 241, 38, 121, 63, 67, 87, 238, 184, 82, 190, 47, 246, 208, 62, 13, 87, 67, 63, 38, 241, 0)
False, True, 0.207, (0, 155, 128, 151, 218, 232, 29, 17, 10, 151, 128, 155, 0)
False, True, 0.0701, (0, 200, 202, 199, 228, 243, 230, 53, 196, 4, 176, 80, 230, 228, 199, 202, 200, 0)
False, True, 0.082, (0, 155, 200, 153, 249, 262, 148, 108, 223, 242, 94, 198, 193, 175, 197, 14, 214, 265, 223, 108, 148, 262, 249, 153, 200, 155, 0)
True, True, 0.1513, (0, 199, 250, 203, 135, 30, 114, 63, 248, 22, 146, 28, 57, 239, 111, 266, 66, 182, 160, 60, 0)
True, True, 0.0368, (0, 273, 239, 57, 28, 188, 253, 246, 47, 190, 82, 184, 238, 62, 208, 13, 87, 67, 114, 121, 38, 241, 0)
True, True, 0.002, (0, 74, 44, 162, 152, 35, 75, 127, 120, 183, 36, 6, 247, 39, 70, 205, 260, 157, 0)
True, True, 0.0361, (0, 56, 41, 117, 36, 167, 150, 18, 129, 269, 271, 23, 93, 233, 42, 70, 205, 260, 0)
True, True, 0.0353, (0, 138, 146, 13, 238, 222, 139, 251, 237, 7, 179, 48, 104, 49, 71, 134, 250, 0)
False, True, 0.0125, (0, 38, 121, 114, 256, 106, 222, 251, 7, 237, 139, 2, 106, 55, 134, 0)
False, True, 0.0402, (0, 38, 121, 114, 67, 87, 13, 67, 22, 248, 0)
True, True, 0.0615, (0, 231, 26, 212, 81, 46, 211, 91, 110, 172, 259, 85, 107, 192, 207, 124, 204, 16, 185, 112, 122, 264, 0)
False, True, 0.0002, (0, 252, 113, 86, 102, 78, 115, 244, 5, 65, 181, 143, 115, 78, 102, 86, 113, 252, 0)
False, True, 0.0144, (0, 163, 89, 32, 122, 112, 185, 16, 204, 124, 207, 192, 107, 81, 123, 229, 212, 185, 112, 122, 68, 264, 163, 0)
True, True, 0.0917, (0, 233, 42, 93, 23, 271, 269, 129, 18, 150, 272, 27, 274, 37, 141, 261, 137, 32, 0)
True, True, 0.0065, (0, 74, 44, 162, 152, 137, 35, 75, 120, 183, 36, 167, 6, 247, 39, 117, 41, 56, 275, 126, 0)
True, True, 0.1002, (0, 240, 209, 173, 161, 11, 26, 130, 105, 220, 236, 178, 68, 89, 276, 51, 159, 0)
True, True, 0.0215, (0, 38, 121, 67, 87, 238, 222, 139, 251, 171, 191, 140, 1, 82, 190, 47, 246, 253, 233, 0)
True, True, 0.0432, (0, 258, 252, 113, 86, 76, 102, 78, 115, 143, 244, 3, 181, 195, 201, 245, 187, 92, 196, 0)
True, True, 0.0041, (0, 92, 174, 227, 169, 278, 73, 40, 58, 33, 50, 72, 119, 79, 104, 2, 106, 256, 67, 248, 63, 121, 38, 241, 0)
False, True, 0.0062, (0, 263, 136, 54, 156, 51, 189, 276, 89, 21, 216, 210, 21, 276, 189, 97, 156, 54, 136, 0)
False, True, 0.0265, (0, 263, 159, 54, 156, 97, 189, 276, 89, 21, 216, 210, 21, 276, 189, 97, 156, 54, 263, 0)
True, True, 0.0529, (0, 230, 52, 174, 168, 227, 169, 221, 219, 64, 40, 73, 278, 5, 65, 181, 195, 86, 113, 252, 29, 0)
False, True, 0.0471, (0, 74, 44, 162, 152, 137, 35, 75, 127, 183, 36, 167, 6, 247, 39, 117, 41, 56, 131, 44, 74, 0)
False, True, 0.2151, (0, 240, 103, 154, 209, 173, 161, 11, 26, 130, 105, 220, 236, 178, 231, 103, 0)
False, True, 0.1846, (0, 258, 254, 232, 206, 17, 8, 149, 29, 232, 254, 133, 0)
False, True, 0.0016, (0, 258, 133, 254, 232, 206, 17, 8, 149, 29, 232, 133, 0)
True, True, 0.2941, (0, 253, 246, 47, 82, 190, 24, 88, 142, 140, 191, 171, 7, 237, 139, 222, 106, 55, 134, 0)
False, True, 0.0214, (0, 249, 262, 148, 108, 210, 216, 21, 94, 198, 175, 197, 14, 214, 265, 262, 249, 153, 0)
False, True, 0.1008, (0, 159, 153, 249, 262, 265, 214, 14, 198, 193, 175, 197, 14, 265, 202, 200, 155, 0)
True, True, 0.0915, (0, 163, 89, 32, 122, 112, 185, 212, 229, 123, 81, 46, 211, 91, 110, 172, 259, 85, 107, 192, 207, 204, 124, 255, 98, 165, 267, 126, 94, 242, 210, 51, 156, 0)
False, True, 0.0509, (0, 231, 26, 185, 16, 204, 124, 207, 192, 107, 85, 259, 172, 110, 91, 211, 46, 81, 123, 229, 212, 26, 161, 0)
True, True, 0.0154, (0, 29, 252, 113, 86, 195, 181, 65, 5, 278, 73, 40, 64, 219, 221, 169, 227, 217, 100, 174, 52, 196, 0)
True, True, 0.0799, (0, 156, 51, 276, 89, 21, 242, 94, 198, 193, 175, 197, 14, 214, 265, 202, 200, 0)
False, True, 0.0521, (0, 252, 113, 86, 76, 102, 78, 115, 143, 244, 5, 65, 181, 195, 86, 113, 252, 84, 213, 0)
True, True, 0.093, (0, 258, 29, 252, 113, 86, 76, 102, 78, 115, 143, 244, 5, 65, 181, 195, 201, 245, 187, 226, 218, 0)
False, True, 0.2781, (0, 240, 103, 209, 173, 11, 161, 130, 105, 220, 236, 178, 231, 240, 0)
True, True, 0.0499, (0, 163, 89, 32, 122, 112, 185, 16, 204, 124, 255, 109, 162, 131, 275, 101, 260, 157, 268, 94, 242, 210, 51, 0)
True, True, 0.0658, (0, 163, 89, 32, 122, 112, 185, 16, 204, 124, 255, 109, 162, 131, 275, 101, 260, 157, 268, 94, 242, 210, 60, 0)
True, True, 0.0142, (0, 42, 233, 253, 246, 190, 82, 184, 1, 140, 191, 171, 251, 139, 222, 106, 134, 241, 0)
True, True, 0.0124, (0, 267, 44, 131, 56, 41, 117, 39, 247, 6, 36, 183, 120, 75, 35, 152, 162, 165, 0)
True, True, 0.0144, (0, 231, 161, 26, 212, 229, 123, 81, 46, 211, 91, 110, 172, 259, 85, 99, 186, 34, 261, 141, 37, 120, 183, 127, 75, 35, 137, 152, 109, 162, 98, 165, 89, 61, 0)
True, True, 0.2268, (0, 154, 229, 123, 212, 81, 46, 211, 91, 110, 172, 259, 85, 107, 192, 207, 124, 16, 185, 112, 122, 68, 264, 61, 0)
False, True, 0.0849, (0, 61, 89, 165, 98, 162, 109, 152, 137, 35, 75, 127, 120, 37, 141, 261, 125, 99, 186, 34, 141, 37, 120, 127, 75, 35, 137, 152, 109, 162, 98, 165, 89, 0)
False, True, 0.0002, (0, 241, 134, 55, 106, 222, 251, 7, 237, 139, 2, 106, 55, 134, 0)
True, True, 0.0713, (0, 32, 255, 125, 99, 186, 34, 141, 27, 272, 150, 18, 129, 269, 24, 190, 82, 47, 62, 208, 95, 188, 146, 138, 0)
False, True, 0.1059, (0, 163, 231, 26, 212, 229, 123, 81, 46, 211, 91, 110, 172, 259, 85, 107, 192, 207, 124, 204, 16, 212, 123, 229, 154, 0)
False, True, 0.0327, (0, 163, 264, 68, 178, 236, 220, 105, 130, 122, 112, 185, 16, 112, 122, 130, 105, 220, 236, 178, 231, 240, 0)
False, True, 0.0478, (0, 241, 38, 248, 22, 188, 253, 146, 22, 248, 121, 241, 0)
True, True, 0.0487, (0, 38, 121, 114, 106, 2, 139, 251, 237, 7, 179, 48, 104, 49, 71, 134, 250, 0)
True, True, 0.0049, (0, 148, 193, 182, 66, 96, 266, 111, 273, 132, 43, 166, 77, 9, 70, 205, 275, 101, 260, 157, 268, 126, 216, 51, 0)
True, True, 0.0146, (0, 268, 101, 56, 41, 117, 39, 247, 6, 167, 36, 183, 120, 75, 35, 137, 152, 162, 165, 0)
False, True, 0.0836, (0, 163, 264, 68, 32, 122, 112, 124, 204, 207, 192, 107, 85, 259, 172, 110, 91, 211, 46, 81, 204, 124, 255, 98, 165, 267, 126, 94, 242, 108, 60, 0)
True, True, 0.0195, (0, 170, 45, 79, 145, 48, 179, 7, 237, 251, 222, 238, 62, 208, 13, 67, 0)
False, True, 0.0157, (0, 154, 209, 173, 11, 161, 130, 105, 220, 236, 178, 231, 173, 209, 103, 0)
False, True, 0.0496, (0, 154, 209, 173, 231, 178, 236, 220, 105, 130, 26, 11, 161, 231, 173, 209, 154, 0)
False, True, 0.0193, (0, 61, 89, 165, 98, 162, 109, 152, 137, 35, 127, 183, 120, 37, 261, 186, 34, 141, 37, 120, 183, 127, 75, 35, 137, 152, 109, 162, 98, 165, 267, 126, 216, 51, 156, 0)
False, True, 0.0277, (0, 163, 264, 68, 32, 165, 98, 162, 109, 152, 137, 35, 127, 183, 120, 37, 261, 186, 34, 141, 37, 120, 183, 127, 75, 35, 137, 152, 109, 162, 98, 165, 89, 163, 0)
False, True, 0.0068, (0, 60, 223, 160, 182, 66, 96, 266, 111, 273, 132, 43, 166, 77, 9, 239, 111, 266, 96, 214, 180, 0)
False, True, 0.0068, (0, 92, 187, 168, 227, 169, 278, 73, 40, 58, 59, 279, 33, 50, 72, 119, 224, 79, 234, 71, 49, 118, 79, 224, 119, 72, 50, 33, 279, 59, 58, 40, 73, 278, 169, 227, 168, 187, 92, 196, 230, 0)
True, True, 0.0468, (0, 241, 134, 106, 222, 139, 251, 171, 191, 140, 1, 142, 88, 82, 190, 47, 246, 253, 0)
True, True, 0.0144, (0, 154, 26, 212, 229, 123, 46, 211, 91, 110, 172, 259, 85, 107, 192, 207, 124, 204, 16, 185, 112, 122, 68, 264, 0)
False, True, 0.0135, (0, 74, 44, 162, 152, 137, 35, 75, 127, 120, 183, 36, 167, 6, 247, 39, 117, 41, 56, 44, 267, 0)
True, True, 0.1002, (0, 200, 202, 265, 214, 14, 197, 175, 193, 198, 242, 21, 89, 276, 189, 97, 0)
False, True, 0.0456, (0, 159, 153, 249, 262, 265, 214, 14, 197, 175, 193, 198, 94, 21, 216, 210, 108, 148, 60, 159, 0)
False, True, 0.0249, (0, 196, 92, 187, 168, 227, 169, 278, 73, 40, 58, 59, 279, 33, 50, 72, 119, 224, 79, 234, 71, 49, 225, 118, 79, 224, 119, 72, 50, 33, 58, 40, 73, 278, 169, 227, 168, 187, 92, 196, 0)
False, True, 0.0394, (0, 203, 135, 30, 164, 270, 71, 49, 225, 106, 2, 104, 225, 49, 71, 270, 164, 203, 0)
False, True, 0.0002, (0, 273, 138, 28, 188, 95, 208, 62, 238, 222, 139, 251, 171, 191, 140, 1, 184, 238, 87, 67, 114, 121, 38, 0)
False, True, 0.0626, (0, 60, 148, 160, 182, 66, 132, 43, 166, 77, 9, 239, 111, 266, 96, 66, 182, 160, 223, 60, 0)
False, True, 0.001, (0, 95, 208, 62, 184, 1, 142, 88, 24, 82, 47, 62, 208, 146, 0)
True, True, 0.009, (0, 163, 32, 122, 112, 185, 16, 124, 207, 192, 107, 85, 259, 172, 110, 91, 211, 46, 81, 212, 123, 229, 154, 0)
True, True, 0.0107, (0, 138, 28, 253, 246, 47, 190, 82, 184, 1, 140, 191, 171, 251, 139, 222, 106, 134, 250, 0)
True, True, 0.0064, (0, 250, 134, 71, 49, 104, 48, 179, 7, 237, 251, 222, 238, 13, 67, 114, 121, 38, 0)
True, True, 0.0299, (0, 61, 89, 165, 98, 109, 162, 131, 275, 205, 70, 9, 77, 166, 157, 260, 268, 94, 242, 60, 0)
False, True, 0.0591, (0, 231, 26, 185, 16, 212, 123, 229, 11, 231, 0)
True, True, 0.0022, (0, 60, 198, 160, 182, 66, 132, 43, 239, 57, 28, 146, 22, 248, 63, 114, 30, 135, 203, 250, 199, 0)
False, True, 0.0386, (0, 163, 89, 165, 98, 255, 124, 204, 207, 192, 107, 85, 259, 172, 110, 91, 211, 46, 81, 204, 124, 255, 98, 165, 267, 126, 94, 242, 108, 60, 0)
False, True, 0.0205, (0, 180, 96, 266, 111, 273, 132, 43, 166, 77, 9, 239, 111, 273, 266, 96, 66, 182, 160, 198, 60, 0)
True, True, 0.002, (0, 163, 89, 32, 122, 112, 185, 16, 124, 207, 192, 107, 85, 259, 172, 110, 91, 211, 46, 81, 212, 26, 231, 0)
all_elementary, False
all_cyc2, False
