Instance, X-n242-k48
capacity, 28
min_trucks, 48
output_file, output_uchoa/X-n242-k48-SPPRC.log
Start date, 2022-06-30
Start time, 22-52-59
capacity, 28
num_vehicles, 48
abort_early, False
methods, ['SPPRC']
max_vars, 100
time_limit, 86400
farley, False
ESPPRC_heur, True
initial time, initial max_it, max_stale_it
1, 20000.0, 20
heuristic Number of routes, heuristic Best Solution Value, heuristic number of iterations, adjusted time, adjusted max_it, measured total time
106137, 83102.0, 20000, 1, 20000.0, 20555.9
method, python time, total time, propagated dominance time, unpropagated dominance time, pricing_success, upper_bound, lower_bound, abort_early, num_paths, 
SPPRC, 0.1, 0.2, 0.1, 0.1, 1, 82139.8558, 42827.0873, 0, 879
SPPRC, 0.1, 0.2, 0.1, 0.0, 1, 82135.1103, 74953.1103, 0, 334
SPPRC, 0.1, 0.2, 0.1, 0.0, 1, 81802.0179, 73404.8286, 0, 350
SPPRC, 0.1, 0.2, 0.1, 0.0, 1, 81628.3149, 75340.3566, 0, 266
SPPRC, 0.1, 0.2, 0.1, 0.0, 1, 81418.2618, 76685.2462, 0, 226
SPPRC, 0.0, 0.2, 0.1, 0.0, 1, 81247.5558, 77495.0954, 0, 209
SPPRC, 0.1, 0.2, 0.1, 0.0, 1, 81183.147, 78639.8609, 0, 146
SPPRC, 0.1, 0.2, 0.1, 0.0, 1, 81116.0408, 79117.6471, 0, 104
SPPRC, 0.0, 0.2, 0.1, 0.0, 1, 81078.511, 79827.8965, 0, 73
SPPRC, 0.0, 0.2, 0.1, 0.0, 1, 81066.0191, 80102.2609, 0, 24
SPPRC, 0.0, 0.2, 0.1, 0.0, 1, 81063.086, 80827.0133, 0, 5
SPPRC, 0.0, 0.2, 0.1, 0.0, 1, 81062.8531, 81039.8189, 0, 2
SPPRC, -0.0, 0.2, 0.1, 0.0, 1, 81062.8493, 81062.8493, 0, 0
scip_total_time, 20603.221027
Solval, number of paths, impact cutoff
81062.84930291963, 214, 0.0001
Elementary, 2-Cycle, Path Value, Path
True, True, 0.3608, (0, 27, 55, 187, 199, 127, 147, 0)
True, True, 0.1666, (0, 227, 51, 194, 115, 0)
True, True, 0.4016, (0, 8, 201, 30, 224, 0)
True, True, 0.8218, (0, 159, 56, 85, 0)
True, True, 0.7214, (0, 169, 229, 2, 106, 94, 0)
True, True, 0.0546, (0, 173, 168, 129, 11, 0)
True, True, 0.94, (0, 151, 77, 172, 189, 0)
True, True, 0.2, (0, 75, 10, 5, 0)
True, True, 0.1782, (0, 235, 56, 159, 145, 0)
True, True, 1.0, (0, 121, 196, 96, 28, 0)
True, True, 0.0546, (0, 45, 72, 195, 91, 0)
True, True, 0.4868, (0, 193, 109, 63, 128, 0)
True, True, 0.0616, (0, 66, 145, 113, 78, 0)
True, True, 0.3335, (0, 216, 171, 57, 0)
True, True, 0.3331, (0, 98, 212, 57, 216, 0)
True, True, 0.5545, (0, 6, 16, 112, 210, 102, 0)
True, True, 0.7, (0, 10, 75, 223, 73, 0)
True, True, 0.0546, (0, 221, 120, 72, 45, 152, 0)
True, True, 0.6392, (0, 231, 136, 42, 27, 0)
True, True, 0.3756, (0, 98, 225, 222, 58, 0)
True, True, 0.6462, (0, 11, 43, 181, 173, 0)
True, True, 0.0899, (0, 35, 211, 3, 95, 70, 237, 69, 0)
True, True, 0.2018, (0, 195, 72, 120, 221, 238, 0)
True, True, 0.2785, (0, 42, 187, 199, 147, 0)
True, True, 0.5, (0, 154, 141, 64, 234, 26, 0)
True, True, 0.9454, (0, 129, 152, 39, 91, 168, 0)
True, True, 0.4391, (0, 84, 138, 123, 67, 35, 0)
True, True, 0.1429, (0, 100, 133, 200, 239, 0)
True, True, 0.3624, (0, 205, 206, 31, 33, 80, 81, 88, 3, 0)
True, True, 0.0825, (0, 112, 158, 126, 16, 0)
True, True, 0.1, (0, 5, 10, 223, 184, 0)
True, True, 0.5001, (0, 215, 115, 204, 194, 51, 61, 0)
True, True, 0.1617, (0, 24, 3, 88, 33, 80, 81, 95, 0)
True, True, 0.0286, (0, 53, 104, 2, 229, 169, 94, 177, 0)
True, True, 0.0668, (0, 76, 160, 135, 44, 55, 158, 0)
True, True, 0.5, (0, 154, 141, 175, 46, 234, 0)
True, True, 0.0143, (0, 177, 169, 2, 106, 104, 53, 0)
True, True, 0.007, (0, 95, 184, 73, 80, 33, 88, 24, 0)
True, True, 0.268, (0, 206, 31, 33, 80, 73, 184, 95, 0)
False, False, 0.0768, (0, 83, 140, 60, 140, 60, 83, 0)
False, False, 0.5, (0, 49, 87, 49, 0)
False, False, 0.2945, (0, 110, 237, 110, 237, 0)
False, False, 0.2055, (0, 110, 237, 110, 69, 0)
False, False, 0.05, (0, 176, 165, 176, 165, 176, 165, 142, 0)
False, False, 0.1848, (0, 68, 139, 68, 139, 68, 0)
False, True, 0.4692, (0, 78, 235, 113, 78, 0)
False, False, 0.2143, (0, 103, 228, 82, 228, 82, 86, 0)
False, False, 0.5, (0, 125, 119, 232, 119, 0)
False, False, 0.5, (0, 179, 52, 179, 52, 0)
False, False, 0.4, (0, 18, 71, 214, 71, 62, 0)
False, False, 0.0569, (0, 31, 4, 202, 1, 163, 1, 0)
False, False, 0.0164, (0, 99, 74, 99, 31, 0)
False, False, 0.1461, (0, 114, 87, 114, 87, 114, 0)
False, False, 0.0693, (0, 87, 114, 87, 114, 87, 0)
False, False, 0.0152, (0, 4, 202, 4, 202, 4, 202, 4, 206, 0)
False, False, 0.2658, (0, 206, 202, 4, 202, 4, 202, 4, 31, 0)
False, True, 0.4, (0, 92, 124, 65, 5, 124, 92, 0)
False, False, 0.2, (0, 214, 71, 214, 62, 0)
False, False, 0.2857, (0, 103, 208, 111, 156, 111, 208, 103, 0)
False, False, 0.3335, (0, 212, 57, 212, 216, 0)
False, False, 0.0605, (0, 25, 66, 25, 66, 25, 66, 25, 66, 48, 0)
False, False, 0.2202, (0, 227, 137, 218, 137, 218, 137, 227, 0)
False, False, 0.0178, (0, 227, 61, 51, 61, 227, 0)
False, False, 0.3571, (0, 208, 156, 111, 156, 0)
False, False, 0.25, (0, 232, 230, 205, 230, 205, 230, 0)
False, False, 0.4587, (0, 126, 190, 126, 0)
False, False, 0.1667, (0, 153, 210, 112, 210, 0)
False, False, 0.3844, (0, 167, 174, 93, 174, 97, 0)
False, False, 0.125, (0, 105, 232, 230, 205, 230, 232, 0)
False, False, 0.3752, (0, 233, 180, 97, 180, 233, 0)
False, False, 0.1429, (0, 23, 144, 23, 53, 0)
False, False, 0.4753, (0, 29, 74, 99, 74, 0)
False, False, 0.3171, (0, 155, 108, 155, 108, 155, 134, 0)
False, False, 0.2857, (0, 104, 23, 144, 23, 144, 0)
False, False, 0.0733, (0, 40, 161, 192, 161, 15, 0)
False, False, 0.1, (0, 148, 177, 148, 177, 148, 177, 148, 19, 0)
False, False, 0.5, (0, 20, 241, 50, 241, 50, 20, 0)
False, True, 0.5, (0, 21, 132, 9, 21, 0)
False, False, 0.2, (0, 92, 65, 5, 65, 184, 70, 0)
False, False, 0.2262, (0, 13, 185, 13, 227, 0)
False, False, 0.1429, (0, 22, 178, 37, 178, 37, 0)
False, False, 0.5, (0, 182, 162, 182, 191, 0)
False, False, 0.3517, (0, 54, 40, 161, 192, 161, 40, 0)
False, False, 0.1182, (0, 153, 48, 240, 48, 240, 48, 153, 0)
False, False, 0.5, (0, 116, 197, 45, 197, 0)
False, False, 0.0417, (0, 225, 105, 225, 105, 225, 98, 0)
False, False, 0.25, (0, 220, 213, 8, 213, 0)
False, False, 0.3333, (0, 150, 12, 217, 12, 217, 12, 150, 203, 0)
False, False, 0.4286, (0, 198, 149, 200, 239, 200, 239, 0)
False, True, 0.5, (0, 117, 220, 213, 117, 0)
False, False, 0.1607, (0, 188, 90, 188, 90, 188, 90, 188, 90, 0)
False, False, 0.0226, (0, 24, 3, 88, 81, 88, 81, 88, 81, 88, 81, 88, 3, 0)
False, False, 0.0126, (0, 206, 1, 163, 1, 206, 205, 0)
False, False, 0.3333, (0, 157, 14, 79, 14, 0)
False, False, 0.2125, (0, 184, 142, 165, 176, 165, 142, 184, 0)
False, False, 0.1667, (0, 218, 107, 186, 207, 186, 0)
False, False, 0.1152, (0, 183, 180, 97, 180, 0)
False, False, 0.4303, (0, 153, 101, 240, 101, 0)
False, False, 0.25, (0, 185, 107, 186, 107, 185, 0)
False, True, 0.3571, (0, 47, 90, 188, 19, 47, 0)
False, False, 0.03, (0, 116, 172, 77, 172, 0)
False, False, 0.0616, (0, 54, 236, 85, 236, 15, 236, 0)
False, False, 0.2367, (0, 69, 70, 95, 70, 95, 70, 69, 0)
False, False, 0.0714, (0, 47, 19, 47, 111, 0)
False, True, 0.0329, (0, 29, 99, 74, 29, 206, 0)
False, False, 0.1804, (0, 166, 231, 136, 231, 0)
False, False, 0.0714, (0, 103, 208, 47, 19, 47, 82, 0)
False, False, 0.1648, (0, 84, 138, 123, 138, 84, 0)
False, False, 0.0823, (0, 187, 199, 127, 199, 187, 0)
False, True, 0.1252, (0, 125, 222, 58, 125, 97, 0)
False, False, 0.0238, (0, 36, 79, 36, 0)
False, False, 0.1, (0, 124, 65, 5, 65, 124, 0)
False, False, 0.0687, (0, 18, 170, 32, 170, 32, 170, 0)
False, False, 0.4286, (0, 100, 89, 100, 89, 15, 0)
False, False, 0.2202, (0, 8, 201, 30, 201, 0)
False, False, 0.072, (0, 67, 211, 24, 211, 24, 211, 35, 0)
False, False, 0.2143, (0, 178, 63, 109, 63, 178, 0)
False, False, 0.0732, (0, 41, 143, 7, 131, 7, 131, 7, 131, 7, 143, 0)
False, True, 0.4232, (0, 140, 183, 132, 9, 183, 0)
False, False, 0.079, (0, 201, 30, 201, 220, 0)
False, False, 0.3958, (0, 105, 163, 1, 163, 1, 105, 0)
False, True, 0.015, (0, 189, 77, 151, 41, 77, 0)
False, False, 0.3239, (0, 35, 211, 24, 211, 67, 123, 0)
False, False, 0.2143, (0, 86, 228, 86, 228, 82, 86, 0)
False, False, 0.2125, (0, 238, 192, 238, 192, 0)
False, False, 0.0846, (0, 128, 193, 63, 193, 0)
False, False, 0.0695, (0, 163, 1, 163, 202, 4, 0)
False, False, 0.2312, (0, 167, 174, 93, 138, 93, 167, 0)
False, False, 0.2857, (0, 37, 22, 37, 22, 0)
False, False, 0.5, (0, 226, 64, 226, 175, 46, 26, 0)
False, False, 0.0152, (0, 31, 33, 80, 33, 31, 206, 0)
False, True, 0.045, (0, 189, 41, 193, 109, 41, 0)
False, True, 0.3333, (0, 203, 36, 79, 14, 203, 0)
False, False, 0.1429, (0, 53, 144, 23, 144, 104, 53, 0)
False, False, 0.5, (0, 207, 209, 157, 209, 0)
False, False, 0.2738, (0, 137, 13, 185, 13, 61, 0)
False, False, 0.1563, (0, 43, 54, 43, 173, 0)
False, False, 0.2805, (0, 221, 219, 164, 219, 164, 219, 164, 221, 0)
False, False, 0.0125, (0, 73, 142, 176, 165, 176, 165, 176, 142, 73, 0)
False, False, 0.2, (0, 142, 176, 165, 176, 165, 176, 142, 81, 0)
False, False, 0.4232, (0, 114, 83, 60, 140, 60, 83, 0)
False, False, 0.1156, (0, 167, 84, 69, 237, 69, 84, 0)
False, False, 0.2295, (0, 29, 99, 29, 99, 0)
False, False, 0.1429, (0, 173, 82, 228, 82, 86, 103, 0)
False, False, 0.2496, (0, 98, 225, 222, 225, 0)
False, False, 0.1667, (0, 207, 186, 207, 186, 107, 0)
False, False, 0.1166, (0, 54, 236, 85, 236, 113, 0)
False, True, 0.0792, (0, 219, 41, 193, 109, 41, 128, 0)
False, False, 0.2, (0, 146, 130, 38, 130, 38, 134, 0)
False, False, 0.0668, (0, 160, 135, 44, 55, 44, 135, 160, 17, 122, 139, 0)
False, False, 0.1, (0, 223, 75, 223, 142, 0)
False, False, 0.1789, (0, 41, 143, 131, 143, 131, 7, 143, 0)
False, False, 0.4098, (0, 25, 166, 118, 166, 118, 145, 0)
False, False, 0.3, (0, 146, 130, 38, 130, 38, 146, 0)
False, False, 0.2706, (0, 190, 158, 190, 158, 0)
False, False, 0.3333, (0, 215, 171, 181, 171, 0)
False, False, 0.0192, (0, 132, 180, 132, 0)
False, False, 0.0384, (0, 9, 132, 9, 183, 0)
False, False, 0.2228, (0, 6, 68, 16, 68, 6, 0)
False, False, 0.2184, (0, 134, 108, 32, 170, 32, 18, 0)
False, True, 0.1705, (0, 24, 3, 88, 81, 80, 33, 88, 3, 24, 0)
False, False, 0.3095, (0, 218, 36, 79, 36, 0)
False, False, 0.0733, (0, 221, 120, 72, 120, 221, 238, 40, 0)
False, False, 0.0206, (0, 181, 43, 54, 43, 0)
False, True, 0.25, (0, 53, 104, 106, 94, 104, 53, 0)
False, False, 0.1455, (0, 54, 236, 15, 236, 15, 236, 15, 236, 54, 0)
False, False, 0.0981, (0, 55, 187, 127, 199, 127, 187, 55, 0)
False, False, 0.0089, (0, 93, 67, 211, 67, 0)
False, False, 0.2992, (0, 30, 224, 11, 224, 0)
False, False, 0.1429, (0, 22, 178, 37, 178, 22, 89, 0)
False, True, 0.0722, (0, 93, 123, 67, 93, 0)
False, False, 0.1954, (0, 116, 45, 195, 45, 116, 0)
False, False, 0.009, (0, 221, 120, 221, 120, 221, 120, 221, 120, 0)
False, False, 0.2496, (0, 233, 58, 222, 58, 125, 0)
False, False, 0.3697, (0, 122, 76, 17, 160, 17, 76, 122, 139, 0)
False, False, 0.2, (0, 62, 214, 62, 146, 0)
False, False, 0.3094, (0, 217, 160, 135, 44, 135, 44, 55, 158, 0)
False, False, 0.0792, (0, 116, 195, 164, 219, 164, 195, 0)
False, False, 0.2857, (0, 198, 133, 149, 133, 149, 133, 198, 0)
False, False, 0.1666, (0, 215, 204, 115, 204, 115, 204, 0)
False, False, 0.125, (0, 194, 51, 194, 51, 61, 0)
False, False, 0.2, (0, 19, 177, 148, 177, 148, 177, 148, 19, 0)
False, False, 0.045, (0, 41, 193, 41, 151, 41, 0)
False, False, 0.1394, (0, 101, 48, 102, 48, 102, 48, 0)
False, False, 0.0143, (0, 53, 104, 106, 2, 229, 2, 104, 53, 0)
False, False, 0.0022, (0, 235, 113, 145, 113, 235, 54, 0)
False, False, 0.3482, (0, 235, 113, 145, 66, 25, 66, 0)
False, False, 0.0152, (0, 206, 202, 4, 202, 80, 81, 88, 0)
False, False, 0.0841, (0, 16, 112, 210, 112, 0)
False, False, 0.1804, (0, 147, 127, 147, 136, 118, 0)
False, False, 0.2805, (0, 195, 72, 120, 72, 120, 0)
False, False, 0.0823, (0, 42, 127, 199, 127, 0)
False, True, 0.1747, (0, 128, 41, 193, 109, 41, 128, 0)
False, False, 0.1474, (0, 134, 108, 170, 32, 170, 18, 150, 0)
False, False, 0.0603, (0, 160, 135, 44, 135, 44, 135, 44, 160, 0)
False, False, 0.0376, (0, 35, 67, 211, 67, 35, 167, 0)
False, False, 0.0893, (0, 169, 229, 2, 229, 2, 169, 0)
False, False, 0.0286, (0, 177, 169, 229, 2, 229, 169, 177, 0)
False, False, 0.5, (0, 34, 59, 34, 59, 162, 191, 0)
False, False, 0.0833, (0, 194, 107, 186, 107, 218, 0)
False, False, 0.0427, (0, 220, 8, 220, 8, 220, 8, 220, 0)
False, False, 0.1499, (0, 40, 161, 238, 192, 238, 0)
False, False, 0.0546, (0, 195, 72, 195, 39, 0)
False, False, 0.0487, (0, 150, 18, 170, 32, 170, 155, 134, 0)
False, False, 0.0969, (0, 139, 122, 76, 17, 76, 17, 122, 139, 0)
False, False, 0.0528, (0, 143, 7, 143, 7, 131, 7, 131, 7, 143, 0)
False, False, 0.0464, (0, 150, 18, 32, 170, 32, 18, 150, 0)
False, False, 0.1667, (0, 157, 240, 102, 240, 48, 153, 0)
False, True, 0.0655, (0, 227, 137, 51, 61, 227, 0)
False, True, 0.028, (0, 16, 210, 112, 16, 0)
False, False, 0.0792, (0, 143, 131, 7, 131, 7, 131, 7, 131, 7, 143, 0)
False, False, 0.0444, (0, 134, 32, 170, 32, 170, 150, 0)
False, False, 0.0239, (0, 134, 32, 170, 32, 170, 18, 217, 0)
False, False, 0.0079, (0, 127, 199, 127, 199, 0)
all_elementary, False
all_cyc2, False
