Instance, X-n351-k40
capacity, 436
min_trucks, 40
output_file, output_uchoa/X-n351-k40-ng8.log
Start date, 2022-07-02
Start time, 10-41-21
capacity, 436
num_vehicles, 40
abort_early, False
methods, ['ng8']
max_vars, 100
time_limit, 86400
farley, False
ESPPRC_heur, True
initial time, initial max_it, max_stale_it
1, 20000.0, 20
heuristic Number of routes, heuristic Best Solution Value, heuristic number of iterations, adjusted time, adjusted max_it, measured total time
550547, 26450.0, 20000, 1, 20000.0, 44076.2
method, python time, total time, propagated dominance time, unpropagated dominance time, pricing_success, upper_bound, lower_bound, abort_early, num_paths, 
ESPPRC_heur, 0.1, 5.8, 4.3, 0.8, 0, 25638.3665, 25136.0057, True, 102
ESPPRC_heur, 0.0, 5.1, 3.7, 0.7, 0, 25636.6761, 24530.4697, True, 85
ESPPRC_heur, 0.0, 5.3, 3.9, 0.7, 0, 25636.4118, 25439.023, True, 18
ESPPRC_heur, 0.1, 5.7, 4.3, 0.7, 0, 25636.1451, 25446.9289, True, 19
ESPPRC_heur, -0.0, 4.9, 3.4, 0.7, 0, 25636.0364, 25556.0364, True, 5
ESPPRC_heur, -0.0, 4.7, 3.3, 0.7, 0, 25635.8442, 25621.3105, True, 2
ESPPRC_heur, -0.0, 4.3, 2.9, 0.6, 0, 25635.8412, 25629.1864, True, 1
ESPPRC_heur, 0.0, 4.3, 2.9, 0.6, 0, 25635.8382, 25635.0436, True, 1
ng8, 0.1, 1102.2, 967.8, 126.0, 1, 25635.8382, 21998.5434, 0, 1625
ESPPRC_heur, -0.0, 3.8, 2.5, 0.5, 0, 25635.8067, 25632.4037, True, 1
ng8, 0.1, 1293.2, 1115.7, 165.8, 1, 25635.8067, 24660.2592, 0, 304
ESPPRC_heur, 0.1, 4.2, 2.7, 0.6, 0, 25607.9782, 25428.5143, True, 21
ESPPRC_heur, 0.0, 4.1, 2.6, 0.6, 0, 25607.9749, 25604.9396, True, 1
ng8, 0.1, 1249.4, 1072.6, 165.4, 1, 25607.9749, 24845.9578, 0, 144
ESPPRC_heur, -0.0, 4.3, 2.8, 0.6, 0, 25604.6731, 25378.5386, True, 17
ESPPRC_heur, 0.0, 4.3, 2.8, 0.6, 0, 25604.6123, 25601.2791, True, 2
ESPPRC_heur, 0.1, 4.3, 2.8, 0.6, 0, 25604.6121, 25548.0556, True, 1
ng8, 0.1, 1309.1, 1136.6, 161.7, 1, 25604.6121, 25304.7103, 0, 100
ESPPRC_heur, 0.0, 4.6, 2.9, 0.7, 0, 25604.029, 25570.5098, True, 1
ng8, 0.1, 1361.6, 1163.5, 185.0, 1, 25604.029, 25556.1199, 0, 15
ng8, 0.1, 1318.8, 1140.3, 166.9, 1, 25604.0279, 25601.6815, 0, 2
ng8, 0.0, 1342.9, 1156.1, 174.6, 1, 25604.0272, 25604.0272, 0, 0
scip_total_time, 53504.09716
Solval, number of paths, impact cutoff
25604.027245730413, 276, 0.0001
Elementary, 2-Cycle, Path Value, Path
True, True, 0.3333, (0, 134, 44, 94, 252, 246, 105, 140, 35, 0)
True, True, 0.9471, (0, 46, 202, 196, 332, 32, 277, 0)
True, True, 0.2319, (0, 233, 274, 73, 16, 3, 214, 4, 0)
True, True, 0.1297, (0, 346, 65, 170, 90, 312, 24, 207, 94, 44, 0)
True, True, 0.1218, (0, 348, 75, 101, 292, 334, 340, 290, 55, 0)
True, True, 0.5037, (0, 315, 188, 344, 268, 275, 225, 146, 85, 0)
True, True, 0.1655, (0, 336, 132, 100, 253, 56, 108, 133, 0)
True, True, 0.0772, (0, 38, 219, 143, 227, 172, 320, 116, 247, 0)
True, True, 0.0206, (0, 178, 142, 314, 19, 333, 99, 323, 135, 157, 0)
True, True, 0.1297, (0, 170, 338, 207, 312, 24, 321, 246, 252, 0)
True, True, 0.3381, (0, 297, 42, 303, 193, 260, 248, 107, 130, 288, 307, 0)
True, True, 0.0069, (0, 53, 31, 218, 233, 16, 3, 214, 4, 0)
True, True, 0.1342, (0, 137, 315, 188, 344, 275, 225, 146, 85, 0)
True, True, 0.0361, (0, 170, 57, 174, 222, 26, 330, 65, 346, 285, 0)
True, True, 0.2399, (0, 302, 181, 215, 335, 88, 127, 0)
True, True, 0.1638, (0, 178, 314, 136, 341, 333, 19, 99, 323, 0)
True, True, 0.0181, (0, 140, 105, 252, 321, 24, 207, 312, 90, 338, 44, 301, 0)
True, True, 0.196, (0, 82, 227, 11, 282, 68, 67, 143, 38, 162, 0)
True, True, 0.0682, (0, 278, 98, 183, 167, 294, 125, 251, 89, 0)
True, True, 0.1247, (0, 83, 47, 176, 22, 228, 222, 26, 330, 0)
True, True, 0.1581, (0, 215, 81, 98, 183, 167, 294, 125, 191, 0)
True, True, 0.3333, (0, 112, 35, 189, 329, 113, 283, 0)
True, True, 0.0579, (0, 192, 28, 287, 152, 180, 236, 201, 176, 83, 0)
True, True, 0.0493, (0, 306, 195, 166, 324, 154, 110, 175, 0)
True, True, 0.14, (0, 137, 315, 159, 182, 93, 295, 262, 308, 0)
True, True, 0.25, (0, 337, 13, 148, 254, 309, 78, 0)
True, True, 0.1204, (0, 34, 187, 97, 25, 241, 14, 95, 322, 0)
True, True, 0.19, (0, 216, 88, 215, 335, 235, 273, 0)
True, True, 0.3595, (0, 14, 53, 25, 97, 187, 291, 0)
True, True, 0.3251, (0, 133, 108, 56, 253, 237, 100, 347, 0)
True, True, 0.135, (0, 77, 293, 343, 162, 311, 173, 43, 259, 0)
True, True, 0.0443, (0, 280, 284, 272, 119, 158, 54, 190, 199, 64, 7, 31, 0)
True, True, 0.1455, (0, 79, 267, 293, 91, 343, 311, 173, 43, 0)
True, True, 0.1269, (0, 98, 265, 60, 266, 176, 47, 83, 81, 0)
True, True, 0.2611, (0, 341, 136, 280, 117, 333, 19, 99, 0)
True, True, 0.6766, (0, 240, 308, 93, 159, 182, 339, 262, 137, 0)
True, True, 0.1361, (0, 23, 343, 91, 2, 293, 77, 0)
True, True, 0.217, (0, 83, 47, 176, 22, 203, 228, 222, 26, 346, 0)
True, True, 0.1969, (0, 186, 269, 221, 327, 227, 116, 247, 82, 0)
True, True, 0.0059, (0, 112, 301, 134, 198, 239, 289, 153, 0)
True, True, 0.2584, (0, 51, 92, 18, 151, 110, 154, 324, 166, 48, 0)
True, True, 0.1643, (0, 120, 213, 76, 168, 179, 8, 16, 214, 0)
True, True, 0.3962, (0, 95, 241, 53, 218, 233, 16, 3, 214, 0)
True, True, 0.495, (0, 212, 135, 66, 323, 33, 195, 306, 0)
True, True, 0.3051, (0, 303, 193, 260, 27, 128, 226, 36, 70, 223, 210, 0)
True, True, 0.2056, (0, 81, 83, 47, 266, 60, 265, 167, 183, 0)
True, True, 0.0529, (0, 4, 155, 196, 332, 32, 202, 46, 255, 0)
True, True, 0.2086, (0, 259, 173, 311, 249, 50, 194, 211, 219, 38, 0)
True, True, 0.1255, (0, 187, 97, 349, 145, 12, 281, 178, 274, 73, 4, 0)
True, True, 0.1286, (0, 116, 172, 227, 327, 221, 269, 0)
True, True, 0.0367, (0, 232, 122, 187, 97, 25, 53, 14, 0)
True, True, 0.4018, (0, 155, 120, 213, 76, 150, 168, 179, 8, 0)
True, True, 0.057, (0, 302, 278, 181, 131, 209, 89, 6, 0)
True, True, 0.0767, (0, 79, 267, 276, 77, 23, 331, 318, 259, 138, 0)
True, True, 0.1478, (0, 105, 246, 321, 24, 207, 312, 90, 338, 94, 0)
True, True, 0.2936, (0, 104, 111, 197, 39, 204, 40, 123, 50, 194, 211, 219, 38, 267, 0)
True, True, 0.0267, (0, 44, 94, 170, 57, 330, 65, 273, 289, 0)
True, True, 0.0456, (0, 302, 127, 88, 215, 335, 235, 0)
True, True, 0.6765, (0, 174, 10, 84, 184, 129, 220, 49, 15, 144, 103, 217, 163, 149, 238, 0)
True, True, 0.0455, (0, 43, 173, 311, 162, 91, 23, 331, 0)
True, True, 0.1042, (0, 44, 94, 170, 65, 346, 335, 88, 285, 0)
True, True, 0.1967, (0, 340, 21, 106, 58, 242, 141, 271, 124, 17, 0)
True, True, 0.0164, (0, 75, 264, 257, 160, 64, 9, 31, 0)
True, True, 0.2312, (0, 206, 109, 1, 45, 305, 265, 165, 0)
True, True, 0.2256, (0, 267, 331, 343, 91, 2, 161, 286, 0)
True, True, 0.1081, (0, 51, 175, 110, 154, 324, 166, 33, 157, 0)
True, True, 0.0739, (0, 252, 246, 321, 24, 207, 90, 338, 170, 44, 0)
True, True, 0.669, (0, 347, 138, 336, 132, 78, 79, 156, 20, 342, 0)
True, True, 0.0677, (0, 28, 208, 326, 5, 171, 258, 243, 296, 256, 206, 231, 279, 0)
True, True, 0.0929, (0, 342, 147, 275, 124, 245, 271, 319, 310, 71, 185, 114, 0)
True, True, 0.3676, (0, 98, 60, 266, 265, 305, 165, 183, 0)
True, True, 0.3235, (0, 149, 163, 217, 103, 144, 15, 49, 220, 129, 184, 84, 10, 57, 0)
True, True, 0.1075, (0, 127, 88, 215, 335, 285, 235, 273, 0)
True, True, 0.2493, (0, 249, 123, 67, 68, 282, 11, 143, 30, 0)
True, True, 0.5, (0, 237, 55, 290, 21, 106, 334, 292, 101, 348, 0)
True, True, 0.0973, (0, 314, 136, 119, 272, 284, 280, 117, 19, 0)
True, True, 0.0538, (0, 335, 81, 98, 183, 167, 294, 125, 0)
True, True, 0.2915, (0, 301, 134, 273, 235, 285, 216, 127, 302, 0)
True, True, 0.0682, (0, 131, 98, 183, 167, 294, 125, 251, 0)
True, True, 0.0973, (0, 99, 341, 280, 284, 272, 119, 158, 54, 190, 199, 64, 0)
True, True, 0.0604, (0, 4, 8, 168, 150, 76, 213, 120, 155, 0)
True, True, 0.1967, (0, 114, 185, 71, 310, 319, 124, 245, 269, 221, 169, 0)
True, True, 0.0752, (0, 102, 307, 297, 110, 154, 324, 166, 0)
True, True, 0.0441, (0, 25, 349, 145, 345, 115, 59, 261, 61, 164, 328, 325, 232, 0)
True, True, 0.2157, (0, 112, 301, 134, 62, 198, 239, 255, 0)
True, True, 0.2007, (0, 322, 95, 14, 291, 187, 97, 122, 232, 0)
True, True, 0.0007, (0, 116, 234, 320, 172, 227, 143, 38, 0)
True, True, 0.0253, (0, 25, 145, 12, 345, 115, 59, 261, 61, 164, 328, 325, 122, 0)
True, True, 0.3805, (0, 314, 341, 136, 117, 280, 284, 272, 244, 0)
True, True, 0.0038, (0, 286, 161, 320, 172, 234, 116, 247, 317, 0)
True, True, 0.2066, (0, 114, 185, 71, 310, 319, 271, 245, 124, 313, 316, 339, 121, 0)
True, True, 0.2199, (0, 45, 192, 28, 208, 287, 266, 60, 0)
True, True, 0.6667, (0, 283, 113, 329, 189, 230, 350, 0)
True, True, 0.2381, (0, 111, 197, 40, 204, 39, 58, 242, 141, 271, 245, 124, 147, 0)
True, True, 0.076, (0, 330, 26, 222, 228, 203, 22, 83, 81, 0)
True, True, 0.1528, (0, 57, 26, 222, 228, 203, 22, 176, 47, 81, 0)
True, True, 0.1047, (0, 267, 23, 343, 91, 162, 311, 173, 43, 0)
True, True, 0.0466, (0, 98, 265, 305, 192, 45, 1, 109, 0)
True, True, 0.3977, (0, 31, 37, 64, 160, 257, 264, 75, 0)
True, True, 0.3782, (0, 75, 101, 292, 334, 340, 290, 55, 0)
True, True, 0.2866, (0, 109, 1, 45, 192, 305, 165, 294, 0)
True, True, 0.3538, (0, 201, 236, 180, 152, 298, 80, 270, 70, 223, 205, 86, 0)
True, True, 0.112, (0, 48, 166, 324, 154, 110, 297, 102, 175, 0)
True, True, 0.2147, (0, 346, 65, 330, 57, 174, 222, 228, 203, 22, 0)
True, True, 0.0931, (0, 85, 146, 225, 275, 268, 344, 159, 295, 121, 0)
True, True, 0.0131, (0, 183, 167, 165, 45, 1, 109, 206, 231, 279, 0)
True, True, 0.0859, (0, 169, 116, 234, 320, 30, 219, 194, 211, 38, 162, 267, 0)
True, True, 0.0715, (0, 118, 186, 269, 221, 327, 227, 234, 0)
True, True, 0.022, (0, 81, 83, 47, 266, 60, 265, 165, 98, 0)
True, True, 0.0529, (0, 255, 277, 289, 239, 198, 62, 153, 0)
True, True, 0.5, (0, 244, 119, 158, 54, 190, 199, 160, 257, 264, 0)
True, True, 0.2454, (0, 337, 197, 58, 242, 141, 319, 310, 71, 185, 114, 0)
True, True, 0.3333, (0, 112, 350, 230, 35, 140, 301, 153, 0)
True, True, 0.0166, (0, 17, 245, 271, 141, 242, 58, 39, 204, 40, 111, 104, 0)
True, True, 0.0918, (0, 74, 161, 320, 172, 234, 116, 299, 169, 224, 0)
True, True, 0.0565, (0, 48, 166, 324, 154, 110, 307, 151, 0)
True, True, 0.1853, (0, 232, 122, 200, 325, 328, 164, 61, 261, 59, 115, 12, 0)
True, True, 0.3534, (0, 31, 281, 178, 7, 9, 87, 142, 72, 69, 139, 212, 0)
True, True, 0.0677, (0, 241, 53, 31, 218, 233, 16, 3, 214, 0)
True, True, 0.0723, (0, 339, 182, 344, 268, 316, 313, 186, 126, 118, 52, 295, 121, 0)
True, True, 0.1703, (0, 18, 307, 288, 130, 42, 110, 154, 324, 0)
True, True, 0.1478, (0, 289, 302, 127, 216, 285, 235, 273, 134, 0)
True, True, 0.0895, (0, 286, 2, 91, 162, 311, 173, 43, 259, 0)
True, True, 0.3479, (0, 232, 122, 200, 325, 328, 164, 61, 261, 59, 115, 345, 349, 0)
True, True, 0.1055, (0, 45, 192, 326, 5, 258, 243, 296, 205, 256, 18, 0)
True, True, 0.2122, (0, 25, 145, 12, 345, 115, 59, 261, 61, 164, 328, 325, 200, 348, 0)
True, True, 0.01, (0, 52, 118, 186, 269, 221, 327, 227, 320, 0)
True, True, 0.0188, (0, 348, 122, 177, 133, 108, 56, 253, 237, 100, 138, 0)
True, True, 0.1722, (0, 138, 259, 318, 43, 331, 23, 77, 276, 0)
True, True, 0.0721, (0, 12, 37, 7, 9, 87, 142, 72, 69, 139, 274, 0)
True, True, 0.0007, (0, 137, 315, 188, 159, 295, 93, 308, 121, 240, 0)
True, True, 0.2277, (0, 126, 300, 299, 116, 234, 172, 320, 74, 0)
True, True, 0.0233, (0, 147, 275, 268, 316, 313, 186, 126, 118, 182, 121, 0)
True, True, 0.0195, (0, 241, 53, 218, 233, 16, 3, 214, 255, 0)
True, True, 0.1528, (0, 295, 52, 118, 126, 186, 313, 316, 268, 275, 147, 17, 0)
True, True, 0.0803, (0, 173, 311, 249, 50, 123, 40, 204, 39, 197, 104, 0)
True, True, 0.069, (0, 48, 195, 33, 66, 135, 69, 72, 139, 0)
True, True, 0.1285, (0, 44, 94, 170, 57, 330, 65, 346, 285, 273, 0)
True, True, 0.1297, (0, 44, 338, 90, 312, 24, 321, 246, 252, 301, 0)
True, True, 0.1697, (0, 83, 176, 203, 228, 26, 330, 65, 346, 0)
True, True, 0.3358, (0, 218, 281, 37, 7, 9, 87, 142, 72, 69, 139, 73, 0)
True, True, 0.1643, (0, 4, 3, 8, 168, 179, 73, 274, 233, 0)
True, True, 0.0604, (0, 4, 120, 213, 76, 168, 179, 73, 274, 218, 0)
True, True, 0.1853, (0, 25, 349, 145, 12, 345, 115, 37, 7, 9, 178, 281, 274, 0)
True, True, 0.0924, (0, 188, 316, 313, 245, 271, 319, 310, 71, 185, 114, 0)
True, True, 0.2362, (0, 82, 234, 172, 30, 219, 211, 194, 50, 249, 0)
True, True, 0.0779, (0, 74, 221, 327, 11, 282, 68, 67, 123, 111, 104, 0)
True, True, 0.1349, (0, 85, 146, 225, 147, 17, 188, 315, 262, 121, 240, 0)
True, True, 0.0091, (0, 349, 12, 37, 7, 9, 87, 142, 72, 69, 139, 212, 0)
True, True, 0.0579, (0, 266, 287, 152, 180, 236, 201, 203, 22, 285, 0)
True, True, 0.0558, (0, 44, 170, 338, 90, 207, 24, 321, 246, 105, 140, 0)
True, True, 0.1855, (0, 105, 252, 321, 24, 207, 312, 90, 338, 170, 0)
True, True, 0.1631, (0, 175, 303, 128, 63, 41, 263, 229, 80, 298, 152, 180, 236, 201, 0)
True, True, 0.1526, (0, 150, 48, 195, 33, 66, 135, 306, 0)
True, True, 0.0973, (0, 72, 333, 341, 136, 158, 54, 190, 199, 64, 145, 0)
True, True, 0.659, (0, 6, 89, 251, 209, 131, 191, 181, 278, 255, 0)
True, True, 0.3303, (0, 224, 317, 169, 299, 247, 161, 286, 2, 293, 0)
True, True, 0.209, (0, 87, 142, 314, 19, 333, 99, 323, 66, 157, 0)
True, True, 0.0035, (0, 74, 116, 327, 221, 269, 186, 313, 316, 17, 0)
True, True, 0.1297, (0, 140, 105, 246, 321, 207, 312, 90, 338, 170, 0)
True, True, 0.0779, (0, 237, 340, 21, 106, 58, 242, 141, 269, 0)
True, True, 0.0046, (0, 267, 162, 38, 211, 194, 50, 123, 40, 204, 39, 197, 337, 0)
True, True, 0.0782, (0, 237, 340, 21, 106, 58, 242, 39, 204, 40, 111, 0)
True, True, 0.0279, (0, 157, 135, 323, 99, 19, 333, 314, 9, 178, 0)
True, True, 0.0112, (0, 302, 181, 191, 131, 209, 89, 6, 51, 0)
True, True, 0.069, (0, 104, 111, 123, 40, 204, 39, 242, 141, 271, 245, 124, 147, 0)
True, True, 0.0671, (0, 27, 128, 63, 41, 229, 263, 270, 36, 304, 86, 231, 0)
True, True, 0.0985, (0, 249, 50, 194, 211, 219, 30, 172, 234, 0)
True, True, 0.1136, (0, 322, 241, 53, 31, 218, 233, 16, 3, 214, 0)
True, True, 0.0878, (0, 114, 185, 71, 310, 319, 271, 245, 313, 316, 182, 295, 0)
True, True, 0.0446, (0, 240, 121, 93, 295, 339, 315, 188, 17, 147, 225, 146, 85, 0)
True, True, 0.1, (0, 153, 289, 239, 198, 62, 112, 0)
True, True, 0.0621, (0, 259, 43, 173, 162, 91, 343, 293, 276, 0)
True, True, 0.0232, (0, 98, 167, 294, 1, 206, 109, 125, 209, 0)
True, True, 0.045, (0, 65, 57, 330, 26, 228, 22, 176, 47, 81, 0)
True, True, 0.0859, (0, 200, 75, 264, 257, 160, 64, 178, 0)
True, True, 0.0734, (0, 107, 248, 304, 226, 36, 270, 70, 223, 256, 231, 0)
True, True, 0.0022, (0, 286, 320, 172, 234, 116, 299, 169, 317, 121, 0)
True, True, 0.34, (0, 92, 279, 231, 86, 205, 296, 243, 258, 171, 5, 326, 208, 287, 28, 0)
True, True, 0.1416, (0, 145, 64, 199, 190, 54, 158, 119, 272, 284, 117, 0)
True, True, 0.026, (0, 279, 86, 256, 296, 243, 258, 171, 5, 208, 287, 60, 0)
True, True, 0.1458, (0, 52, 300, 327, 11, 282, 68, 67, 143, 30, 0)
True, True, 0.1277, (0, 43, 311, 162, 91, 343, 2, 293, 0)
True, True, 0.0632, (0, 157, 33, 323, 99, 19, 333, 314, 72, 0)
True, True, 0.1687, (0, 232, 122, 200, 325, 328, 164, 61, 261, 59, 345, 12, 145, 349, 0)
True, True, 0.1195, (0, 19, 333, 117, 280, 284, 272, 157, 0)
True, True, 0.1605, (0, 51, 150, 306, 157, 135, 69, 139, 274, 0)
True, True, 0.0634, (0, 138, 43, 173, 311, 162, 343, 91, 293, 267, 0)
True, True, 0.0679, (0, 167, 165, 305, 45, 109, 206, 231, 0)
True, True, 0.1297, (0, 94, 338, 90, 312, 207, 24, 321, 252, 105, 140, 0)
True, True, 0.0217, (0, 297, 42, 303, 193, 260, 248, 107, 256, 109, 0)
True, True, 0.0821, (0, 73, 212, 306, 157, 195, 48, 150, 76, 0)
True, True, 0.3597, (0, 201, 236, 180, 152, 298, 80, 229, 263, 41, 63, 226, 304, 210, 279, 0)
True, True, 0.0858, (0, 162, 38, 30, 172, 320, 234, 116, 247, 169, 317, 0)
True, True, 0.0694, (0, 295, 126, 186, 269, 221, 327, 300, 169, 0)
True, True, 0.1472, (0, 348, 340, 21, 106, 58, 39, 204, 40, 123, 111, 104, 0)
True, True, 0.0165, (0, 232, 122, 325, 328, 164, 61, 261, 59, 345, 12, 25, 0)
True, True, 0.0744, (0, 166, 154, 110, 42, 288, 307, 151, 92, 0)
True, True, 0.0538, (0, 88, 81, 98, 183, 167, 294, 125, 209, 0)
True, True, 0.2065, (0, 52, 118, 300, 327, 221, 269, 186, 313, 316, 17, 0)
True, True, 0.0206, (0, 33, 323, 99, 333, 19, 314, 87, 178, 0)
True, True, 0.1195, (0, 99, 244, 284, 272, 119, 158, 54, 190, 199, 64, 349, 0)
True, True, 0.213, (0, 107, 248, 304, 226, 36, 270, 70, 223, 256, 86, 0)
True, True, 0.0171, (0, 48, 195, 33, 99, 19, 333, 314, 178, 0)
True, True, 0.0509, (0, 30, 143, 67, 68, 282, 11, 327, 300, 118, 295, 0)
True, True, 0.2578, (0, 52, 118, 126, 300, 299, 247, 161, 286, 317, 224, 0)
True, True, 0.1537, (0, 210, 256, 296, 243, 171, 5, 326, 208, 287, 28, 0)
True, True, 0.1717, (0, 302, 278, 191, 131, 209, 251, 89, 6, 51, 155, 0)
True, True, 0.0604, (0, 8, 179, 212, 306, 157, 195, 48, 150, 51, 0)
True, True, 0.0059, (0, 223, 70, 36, 226, 128, 27, 260, 248, 130, 297, 0)
True, True, 0.0389, (0, 121, 295, 186, 269, 221, 327, 227, 320, 74, 0)
True, True, 0.042, (0, 121, 224, 317, 169, 299, 300, 126, 344, 315, 0)
True, True, 0.0217, (0, 92, 18, 151, 102, 307, 288, 206, 109, 125, 0)
True, True, 0.027, (0, 231, 206, 256, 205, 296, 243, 258, 5, 326, 208, 28, 0)
True, True, 0.0462, (0, 240, 121, 295, 93, 159, 188, 17, 147, 225, 146, 85, 0)
True, True, 0.0292, (0, 45, 192, 326, 5, 171, 258, 243, 296, 205, 256, 210, 231, 0)
True, True, 0.0059, (0, 22, 203, 201, 236, 180, 152, 298, 80, 258, 5, 171, 192, 0)
True, True, 0.1059, (0, 330, 26, 222, 203, 22, 176, 47, 81, 0)
True, True, 0.1548, (0, 121, 295, 52, 118, 126, 186, 313, 316, 268, 344, 17, 147, 0)
True, True, 0.0488, (0, 27, 128, 63, 41, 229, 263, 270, 36, 223, 0)
True, True, 0.0016, (0, 201, 236, 180, 152, 298, 80, 229, 263, 41, 63, 128, 304, 303, 0)
True, True, 0.2439, (0, 27, 128, 63, 41, 229, 263, 270, 36, 304, 0)
True, True, 0.0429, (0, 70, 36, 226, 63, 41, 263, 229, 80, 298, 258, 5, 171, 192, 0)
True, True, 0.0213, (0, 210, 256, 296, 243, 258, 5, 326, 208, 28, 192, 0)
False, False, 0.0725, (0, 111, 197, 39, 204, 141, 242, 141, 319, 310, 71, 185, 114, 0)
False, False, 0.0057, (0, 50, 123, 141, 242, 141, 319, 310, 71, 185, 114, 0)
False, True, 0.1316, (0, 18, 151, 102, 297, 42, 130, 288, 102, 151, 175, 238, 0)
False, True, 0.1036, (0, 175, 92, 18, 151, 102, 307, 288, 130, 42, 297, 102, 18, 92, 0)
False, True, 0.0152, (0, 79, 318, 331, 77, 276, 318, 79, 0)
False, True, 0.2765, (0, 125, 294, 167, 1, 206, 109, 125, 0)
False, True, 0.2559, (0, 259, 318, 276, 77, 23, 331, 318, 0)
False, True, 0.4906, (0, 177, 133, 108, 56, 253, 100, 177, 0)
False, True, 0.25, (0, 96, 309, 254, 104, 148, 13, 96, 0)
False, True, 0.3745, (0, 250, 289, 239, 198, 62, 250, 0)
False, True, 0.1572, (0, 34, 291, 97, 187, 34, 0)
False, True, 0.2826, (0, 322, 34, 291, 241, 14, 95, 34, 322, 0)
False, True, 0.1677, (0, 216, 127, 335, 215, 88, 216, 0)
False, True, 0.251, (0, 250, 153, 62, 198, 239, 289, 153, 0)
False, True, 0.081, (0, 20, 156, 336, 132, 78, 156, 20, 342, 0)
False, True, 0.0744, (0, 157, 195, 324, 166, 33, 66, 135, 157, 0)
False, True, 0.209, (0, 318, 276, 331, 23, 77, 276, 0)
False, True, 0.006, (0, 20, 156, 336, 132, 156, 20, 347, 0)
True, True, 0.0353, (0, 289, 273, 235, 285, 216, 302, 278, 6, 51, 0)
False, True, 0.5, (0, 29, 309, 254, 148, 13, 337, 96, 29, 0)
False, True, 0.0821, (0, 155, 120, 213, 150, 76, 213, 120, 155, 0)
False, True, 0.0485, (0, 240, 121, 308, 93, 295, 262, 137, 240, 121, 0)
True, True, 0.0319, (0, 279, 206, 256, 205, 243, 258, 171, 5, 326, 208, 287, 60, 0)
False, True, 0.007, (0, 43, 249, 211, 194, 50, 123, 40, 111, 249, 0)
True, True, 0.0655, (0, 104, 197, 40, 123, 50, 194, 211, 249, 173, 0)
True, True, 0.0059, (0, 206, 256, 296, 171, 5, 258, 243, 70, 107, 193, 0)
False, True, 0.1489, (0, 4, 155, 120, 213, 76, 168, 179, 8, 4, 0)
False, True, 0.0959, (0, 238, 48, 166, 324, 110, 154, 166, 48, 238, 51, 0)
True, True, 0.0319, (0, 18, 256, 205, 296, 258, 171, 5, 326, 208, 287, 28, 0)
False, True, 0.0604, (0, 297, 130, 193, 107, 248, 260, 27, 193, 0)
False, True, 0.0088, (0, 6, 278, 181, 131, 251, 89, 6, 0)
False, True, 0.0727, (0, 273, 65, 57, 174, 222, 26, 330, 65, 0)
False, True, 0.0413, (0, 130, 107, 248, 260, 27, 128, 304, 248, 107, 0)
False, True, 0.2802, (0, 74, 82, 227, 11, 282, 68, 67, 143, 320, 74, 0)
False, True, 0.0777, (0, 303, 193, 107, 248, 260, 27, 193, 303, 175, 0)
False, True, 0.0241, (0, 6, 181, 131, 209, 251, 89, 6, 0)
True, True, 0.0434, (0, 85, 146, 225, 147, 17, 188, 159, 93, 308, 121, 0)
True, True, 0.0807, (0, 231, 210, 256, 205, 296, 243, 258, 171, 326, 208, 287, 28, 0)
True, True, 0.0476, (0, 169, 116, 234, 320, 172, 30, 38, 249, 43, 0)
False, True, 0.0059, (0, 112, 153, 289, 62, 134, 301, 112, 0)
False, True, 0.0911, (0, 235, 335, 215, 88, 285, 235, 0)
False, True, 0.0908, (0, 224, 317, 82, 161, 286, 2, 317, 224, 308, 0)
False, True, 0.0266, (0, 297, 193, 107, 248, 260, 27, 193, 297, 0)
False, True, 0.0985, (0, 175, 92, 151, 102, 307, 288, 130, 42, 297, 102, 175, 51, 0)
False, True, 0.062, (0, 151, 102, 307, 288, 42, 102, 151, 18, 0)
True, True, 0.0578, (0, 175, 260, 27, 128, 63, 41, 263, 229, 80, 298, 258, 171, 192, 0)
False, True, 0.0483, (0, 224, 317, 169, 299, 116, 234, 320, 247, 317, 224, 0)
False, True, 0.1112, (0, 279, 231, 206, 1, 192, 326, 5, 171, 258, 243, 296, 256, 206, 231, 0)
True, True, 0.0152, (0, 192, 171, 258, 298, 80, 229, 263, 41, 63, 128, 27, 260, 303, 0)
False, True, 0.0785, (0, 342, 20, 156, 336, 132, 79, 156, 20, 342, 0)
False, True, 0.0504, (0, 279, 210, 107, 248, 260, 27, 128, 248, 107, 130, 0)
True, True, 0.0116, (0, 18, 231, 206, 109, 1, 165, 294, 167, 183, 98, 0)
all_elementary, False
all_cyc2, False
