Instance, X-n367-k17
capacity, 218
min_trucks, 17
output_file, output_uchoa/X-n367-k17-ng20.log
Start date, 2022-07-02
Start time, 20-34-54
capacity, 218
num_vehicles, 17
abort_early, False
methods, ['ng20']
max_vars, 100
time_limit, 86400
farley, False
ESPPRC_heur, True
initial time, initial max_it, max_stale_it
1, 20000.0, 20
heuristic Number of routes, heuristic Best Solution Value, heuristic number of iterations, adjusted time, adjusted max_it, measured total time
296649, 22821.0, 20000, 1, 20000.0, 28719.9
method, python time, total time, propagated dominance time, unpropagated dominance time, pricing_success, upper_bound, lower_bound, abort_early, num_paths, 
ESPPRC_heur, 0.2, 21.5, 18.9, 1.1, 0, 22547.0456, 16348.4202, True, 16421
ESPPRC_heur, 0.1, 22.4, 19.8, 1.1, 0, 22547.0456, 17309.2129, True, 13865
ESPPRC_heur, 0.1, 22.7, 20.0, 1.1, 0, 22547.0456, 19136.9329, True, 8089
ESPPRC_heur, 0.1, 19.9, 17.3, 1.0, 0, 22547.0456, 19810.4406, True, 6258
ESPPRC_heur, 0.1, 19.8, 17.2, 1.0, 0, 22547.0456, 18424.5233, True, 10920
ESPPRC_heur, 0.1, 20.2, 17.5, 1.1, 0, 22547.0456, 18464.1617, True, 8560
ESPPRC_heur, 0.1, 19.9, 17.2, 1.0, 0, 22547.0456, 17753.2219, True, 7713
ESPPRC_heur, 0.1, 21.2, 18.4, 1.1, 0, 22547.0456, 18589.422, True, 9668
ESPPRC_heur, 0.1, 18.3, 15.6, 1.0, 0, 22547.0456, 19843.7677, True, 5087
ESPPRC_heur, 0.0, 18.1, 15.6, 1.0, 0, 22547.0456, 20550.0385, True, 3592
ESPPRC_heur, 0.1, 16.3, 13.9, 0.9, 0, 22547.0456, 20686.469, True, 3490
ESPPRC_heur, 0.1, 22.2, 19.5, 1.0, 0, 22547.0456, 20195.3444, True, 3807
ESPPRC_heur, 0.1, 25.6, 22.7, 1.1, 0, 22547.0456, 20406.9445, True, 3989
ESPPRC_heur, 0.1, 16.6, 13.9, 1.0, 0, 22547.0456, 21276.8271, True, 2311
ESPPRC_heur, 0.1, 20.2, 17.6, 1.0, 0, 22547.0456, 21110.6851, True, 2513
ESPPRC_heur, 0.1, 37.4, 34.4, 1.1, 0, 22547.0456, 20903.1287, True, 2628
ESPPRC_heur, 0.1, 20.2, 17.6, 1.0, 0, 22547.0456, 21172.2821, True, 2357
ESPPRC_heur, 0.1, 19.4, 16.8, 1.0, 0, 22547.0456, 21178.2548, True, 1965
ESPPRC_heur, 0.1, 18.8, 16.2, 1.0, 0, 22547.0456, 21532.8619, True, 1592
ESPPRC_heur, 0.2, 42.5, 39.4, 1.4, 0, 22547.0456, 20885.8615, True, 2657
ESPPRC_heur, 0.1, 18.2, 15.4, 1.0, 0, 22547.0456, 21305.1964, True, 2389
ESPPRC_heur, 0.1, 16.3, 13.7, 1.0, 0, 22547.0421, 21338.8729, True, 1939
ESPPRC_heur, 0.1, 20.8, 18.1, 1.0, 0, 22547.0421, 21405.7418, True, 1617
ESPPRC_heur, 0.1, 16.6, 14.0, 1.0, 0, 22547.0307, 21787.9281, True, 1175
ESPPRC_heur, 0.1, 18.8, 16.0, 1.1, 0, 22546.3416, 20824.6245, True, 3386
ESPPRC_heur, 0.1, 34.5, 31.6, 1.1, 0, 22546.3416, 20786.7984, True, 3422
ESPPRC_heur, 0.1, 22.9, 20.2, 1.0, 0, 22546.3416, 21141.5091, True, 2567
ESPPRC_heur, 0.1, 18.4, 15.6, 1.0, 0, 22546.3416, 21022.9879, True, 2412
ESPPRC_heur, 0.1, 21.1, 18.4, 1.0, 0, 22546.3416, 21496.5833, True, 1646
ESPPRC_heur, 0.1, 22.3, 19.5, 1.1, 0, 22546.3416, 21159.6878, True, 1920
ESPPRC_heur, 0.1, 17.6, 14.9, 1.0, 0, 22546.1231, 21389.8013, True, 1568
ESPPRC_heur, 0.1, 19.2, 16.4, 1.0, 0, 22546.1231, 21587.4914, True, 1268
ESPPRC_heur, 0.1, 25.9, 23.1, 1.0, 0, 22546.1231, 21821.5693, True, 966
ESPPRC_heur, 0.1, 17.4, 14.6, 1.0, 0, 22545.4444, 21619.6962, True, 1688
ESPPRC_heur, 0.1, 19.5, 16.7, 1.0, 0, 22545.4065, 21533.8355, True, 1462
ESPPRC_heur, 0.1, 33.1, 30.2, 1.0, 0, 22545.4065, 21597.4387, True, 982
ESPPRC_heur, 0.2, 23.9, 21.1, 1.1, 0, 22545.4065, 21809.5902, True, 989
ESPPRC_heur, 0.1, 17.4, 15.1, 0.9, 0, 22544.6545, 21108.7965, True, 1750
ESPPRC_heur, 0.2, 20.2, 17.7, 1.0, 0, 22544.6545, 21380.0343, True, 1552
ESPPRC_heur, 0.1, 26.7, 23.9, 1.0, 0, 22544.6545, 21755.0393, True, 1062
ESPPRC_heur, 0.1, 25.1, 22.3, 1.1, 0, 22544.6178, 21746.0498, True, 938
ESPPRC_heur, 0.1, 19.3, 16.5, 1.0, 0, 22544.6178, 21878.5667, True, 758
ESPPRC_heur, 0.1, 39.8, 37.0, 1.0, 0, 22544.4897, 21929.5784, True, 741
ESPPRC_heur, 0.1, 23.1, 20.4, 1.0, 0, 22544.1889, 21736.8953, True, 849
ESPPRC_heur, 0.1, 29.2, 26.8, 1.0, 0, 22543.9743, 22130.551, True, 384
ESPPRC_heur, 0.1, 17.6, 15.2, 1.0, 0, 22541.3613, 20464.072, True, 3414
ESPPRC_heur, 0.1, 18.0, 15.7, 0.9, 0, 22541.3613, 21598.9259, True, 1365
ESPPRC_heur, 0.1, 32.8, 30.3, 1.0, 0, 22541.3117, 22016.5432, True, 625
ESPPRC_heur, 0.1, 23.0, 20.0, 1.3, 0, 22539.0879, 21647.2275, True, 1064
ESPPRC_heur, 0.1, 15.3, 12.9, 0.9, 0, 22539.0879, 21859.1679, True, 701
ESPPRC_heur, 0.1, 15.1, 12.4, 1.0, 0, 22538.9412, 22108.0574, True, 375
ESPPRC_heur, 0.2, 14.2, 11.9, 0.9, 0, 22535.8752, 21845.3123, True, 878
ESPPRC_heur, 0.1, 14.0, 11.3, 0.9, 0, 22535.8752, 22042.7158, True, 690
ESPPRC_heur, 0.2, 14.8, 12.1, 1.0, 0, 22535.7905, 21780.0056, True, 918
ESPPRC_heur, 0.1, 14.3, 11.6, 0.9, 0, 22535.7905, 22027.2993, True, 626
ESPPRC_heur, 0.1, 14.8, 12.5, 0.9, 0, 22535.2785, 21814.8102, True, 851
ESPPRC_heur, 0.1, 16.8, 14.3, 0.9, 0, 22535.1965, 22179.1077, True, 319
ESPPRC_heur, 0.1, 15.3, 12.5, 1.0, 0, 22534.1702, 21916.6414, True, 653
ESPPRC_heur, 0.1, 14.6, 11.8, 1.0, 0, 22534.0332, 22152.1059, True, 337
ESPPRC_heur, 0.1, 15.0, 12.3, 1.0, 0, 22532.5507, 21954.3453, True, 485
ESPPRC_heur, 0.1, 15.4, 12.6, 1.0, 0, 22532.5507, 22186.5421, True, 341
ESPPRC_heur, 0.1, 17.2, 14.5, 1.0, 0, 22530.7751, 22053.2444, True, 434
ESPPRC_heur, 0.0, 15.7, 13.3, 0.9, 0, 22530.7751, 22085.5142, True, 318
ESPPRC_heur, 0.1, 17.4, 15.0, 0.9, 0, 22528.7833, 22059.5912, True, 508
ESPPRC_heur, 0.1, 18.2, 15.4, 1.0, 0, 22528.7398, 22047.2763, True, 527
ESPPRC_heur, 0.1, 23.0, 20.3, 1.0, 0, 22528.43, 21556.4812, True, 689
ESPPRC_heur, 0.2, 26.1, 23.3, 1.0, 0, 22528.43, 22143.6941, True, 371
ESPPRC_heur, 0.1, 29.6, 26.7, 1.1, 0, 22528.1939, 22019.5952, True, 568
ESPPRC_heur, 0.1, 23.1, 20.2, 1.1, 0, 22528.1939, 22240.1355, True, 233
ESPPRC_heur, 0.1, 18.0, 15.5, 1.0, 0, 22525.6414, 22045.665, True, 356
ESPPRC_heur, 0.0, 29.0, 26.3, 1.0, 0, 22525.4498, 22290.8534, True, 180
ESPPRC_heur, 0.1, 17.3, 14.6, 1.0, 0, 22524.6698, 22231.7357, True, 287
ESPPRC_heur, 0.0, 16.6, 14.0, 1.0, 0, 22524.4429, 22117.5739, True, 382
ESPPRC_heur, 0.1, 15.6, 13.3, 0.9, 0, 22524.3578, 22067.1358, True, 377
ESPPRC_heur, 0.1, 16.0, 13.7, 0.9, 0, 22524.3578, 22190.0326, True, 205
ESPPRC_heur, 0.1, 25.3, 22.9, 1.0, 0, 22522.9522, 22180.6834, True, 289
ESPPRC_heur, 0.1, 21.2, 18.5, 1.0, 0, 22522.8524, 22346.7389, True, 167
ESPPRC_heur, 0.0, 19.1, 16.5, 1.0, 0, 22521.2312, 22002.9965, True, 414
ESPPRC_heur, 0.2, 20.7, 18.4, 0.9, 0, 22521.2312, 22114.2271, True, 255
ESPPRC_heur, 0.1, 21.2, 18.8, 1.0, 0, 22520.3846, 22212.3542, True, 254
ESPPRC_heur, 0.1, 22.2, 19.7, 1.0, 0, 22517.4451, 21855.0864, True, 516
ESPPRC_heur, 0.1, 19.9, 17.3, 1.0, 0, 22517.4451, 22087.3475, True, 281
ESPPRC_heur, 0.1, 23.1, 20.4, 1.0, 0, 22517.3273, 22219.0032, True, 197
ESPPRC_heur, 0.1, 24.6, 22.1, 1.0, 0, 22516.6742, 22116.545, True, 259
ESPPRC_heur, 0.1, 21.3, 18.9, 0.9, 0, 22516.6742, 21960.1507, True, 369
ESPPRC_heur, 0.1, 47.9, 44.8, 1.3, 0, 22516.6742, 22211.9583, True, 158
ESPPRC_heur, 0.1, 34.9, 32.0, 1.1, 0, 22516.0862, 21693.9086, True, 732
ESPPRC_heur, 0.1, 24.7, 21.9, 1.1, 0, 22516.0862, 21969.0273, True, 381
ESPPRC_heur, 0.1, 33.5, 30.5, 1.1, 0, 22516.0862, 22052.6294, True, 257
ESPPRC_heur, 0.2, 37.6, 34.7, 1.1, 0, 22516.0621, 22236.2181, True, 148
ESPPRC_heur, 0.2, 61.7, 57.9, 1.7, 0, 22515.1828, 18762.7664, True, 9016
ESPPRC_heur, 0.1, 27.1, 24.3, 1.1, 0, 22515.1828, 19489.6522, True, 6461
ESPPRC_heur, 0.1, 25.8, 23.4, 1.0, 0, 22515.1828, 21671.3134, True, 890
ESPPRC_heur, 0.1, 28.7, 25.9, 1.1, 0, 22515.1828, 22104.6709, True, 286
ESPPRC_heur, 0.1, 23.6, 20.9, 1.0, 0, 22515.1828, 22182.6212, True, 144
ESPPRC_heur, 0.1, 21.3, 18.8, 1.0, 0, 22513.8742, 22036.2628, True, 229
ESPPRC_heur, 0.1, 40.4, 37.6, 1.1, 0, 22513.5924, 22163.6614, True, 166
ESPPRC_heur, 0.1, 20.2, 17.8, 0.9, 0, 22513.3652, 22218.1594, True, 132
ESPPRC_heur, 0.0, 18.5, 16.1, 0.9, 0, 22512.4679, 22178.9549, True, 253
ESPPRC_heur, 0.1, 20.7, 18.3, 0.9, 0, 22512.2695, 22235.6815, True, 263
ESPPRC_heur, 0.1, 24.7, 22.3, 0.9, 0, 22511.9673, 22075.8831, True, 365
ESPPRC_heur, 0.1, 18.9, 16.6, 0.9, 0, 22511.4146, 22186.6332, True, 216
ESPPRC_heur, 0.1, 18.4, 16.1, 0.9, 0, 22511.3852, 22195.0047, True, 167
ESPPRC_heur, 0.1, 19.5, 17.1, 0.9, 0, 22511.2362, 21843.9148, True, 510
ESPPRC_heur, 0.1, 20.6, 18.2, 0.9, 0, 22511.2362, 22128.9099, True, 223
ESPPRC_heur, 0.1, 17.9, 15.6, 0.9, 0, 22511.2362, 22141.751, True, 177
ESPPRC_heur, 0.1, 20.4, 18.1, 0.9, 0, 22511.1496, 22043.5771, True, 303
ESPPRC_heur, 0.1, 19.5, 17.1, 0.9, 0, 22511.1496, 22018.1291, True, 386
ESPPRC_heur, 0.1, 20.2, 17.7, 1.0, 0, 22511.1496, 22290.4745, True, 135
ESPPRC_heur, 0.1, 18.6, 15.9, 1.0, 0, 22510.8617, 22269.1866, True, 106
ESPPRC_heur, 0.1, 23.1, 20.4, 1.0, 0, 22510.1635, 22313.9452, True, 110
ESPPRC_heur, 0.1, 21.2, 18.8, 0.9, 0, 22509.7498, 22318.9525, True, 104
ESPPRC_heur, 0.1, 22.2, 19.9, 0.9, 0, 22509.0081, 22036.0572, True, 408
ESPPRC_heur, 0.1, 21.5, 19.1, 0.9, 0, 22509.0081, 22250.7728, True, 180
ESPPRC_heur, 0.1, 25.1, 22.7, 1.0, 0, 22508.9684, 22334.7022, True, 111
ESPPRC_heur, 0.1, 19.4, 17.1, 0.9, 0, 22508.665, 22216.8784, True, 123
ESPPRC_heur, 0.1, 23.3, 20.9, 0.9, 0, 22508.3546, 22265.4303, True, 151
ESPPRC_heur, 0.1, 18.7, 16.4, 0.9, 0, 22508.1269, 22266.9846, True, 130
ESPPRC_heur, 0.1, 21.6, 19.2, 0.9, 0, 22507.6729, 22224.3515, True, 207
ESPPRC_heur, 0.0, 21.1, 18.6, 1.0, 0, 22507.0326, 22213.0709, True, 139
ESPPRC_heur, 0.1, 22.2, 19.4, 1.0, 0, 22506.612, 22354.6285, True, 82
ESPPRC_heur, 0.0, 23.9, 21.2, 1.0, 0, 22506.0583, 22325.4122, True, 82
ESPPRC_heur, 0.1, 29.3, 26.5, 1.1, 0, 22505.545, 22191.3767, True, 179
ESPPRC_heur, 0.1, 21.5, 18.7, 1.0, 0, 22505.5153, 22332.5277, True, 78
ESPPRC_heur, 0.1, 22.5, 19.7, 1.0, 0, 22505.3139, 22237.545, True, 109
ESPPRC_heur, 0.1, 20.1, 17.4, 1.0, 0, 22505.2055, 22301.384, True, 110
ESPPRC_heur, 0.1, 23.8, 21.0, 1.0, 0, 22505.1528, 22247.2049, True, 118
ESPPRC_heur, 0.1, 22.2, 19.4, 1.0, 0, 22505.1027, 22157.4637, True, 171
ESPPRC_heur, 0.1, 21.8, 19.0, 1.0, 0, 22505.1027, 22218.9866, True, 113
ESPPRC_heur, 0.1, 21.7, 19.0, 1.0, 0, 22505.0087, 22318.653, True, 82
ESPPRC_heur, 0.1, 22.1, 19.3, 1.0, 0, 22504.8371, 22254.5262, True, 96
ESPPRC_heur, 0.1, 23.3, 20.5, 1.0, 0, 22504.7227, 22310.1455, True, 78
ESPPRC_heur, 0.0, 23.0, 20.2, 1.0, 0, 22504.2823, 22363.6188, True, 64
ESPPRC_heur, 0.1, 20.5, 17.8, 1.0, 0, 22504.0262, 22213.8153, True, 87
ESPPRC_heur, 0.1, 29.1, 26.4, 1.0, 0, 22503.9114, 22246.0165, True, 52
ESPPRC_heur, 0.1, 27.8, 25.4, 1.0, 0, 22503.702, 22363.0215, True, 51
ESPPRC_heur, 0.0, 28.8, 25.9, 1.1, 0, 22503.4903, 22368.2204, True, 48
ESPPRC_heur, 0.0, 20.3, 17.5, 1.1, 0, 22503.3225, 22340.8852, True, 64
ESPPRC_heur, 0.1, 19.4, 17.0, 1.0, 0, 22503.1254, 22308.1464, True, 120
ESPPRC_heur, 0.1, 45.2, 42.2, 1.1, 0, 22502.7142, 22243.038, True, 134
ESPPRC_heur, 0.1, 37.6, 34.7, 1.1, 0, 22502.6993, 22369.9109, True, 74
ESPPRC_heur, 0.2, 30.9, 28.2, 1.0, 0, 22502.3674, 22021.1342, True, 268
ESPPRC_heur, 0.1, 17.0, 14.6, 0.9, 0, 22502.2571, 22236.1628, True, 125
ESPPRC_heur, 0.1, 18.0, 15.7, 0.9, 0, 22502.1847, 22144.2471, True, 164
ESPPRC_heur, 0.1, 17.6, 15.3, 0.9, 0, 22502.0882, 22254.2345, True, 98
ESPPRC_heur, 0.1, 17.2, 14.9, 0.9, 0, 22501.6988, 22322.0786, True, 79
ESPPRC_heur, 0.1, 23.5, 21.0, 0.9, 0, 22501.6339, 22345.0394, True, 78
ESPPRC_heur, 0.1, 27.2, 24.1, 1.1, 0, 22501.2402, 22366.2007, True, 63
ESPPRC_heur, 0.1, 23.8, 21.0, 1.1, 0, 22500.9578, 22270.8262, True, 44
ESPPRC_heur, 0.1, 20.8, 18.2, 1.0, 0, 22500.8939, 22179.0013, True, 105
ESPPRC_heur, 0.1, 21.2, 18.7, 1.0, 0, 22500.7546, 22328.181, True, 50
ESPPRC_heur, 0.0, 21.5, 19.0, 1.0, 0, 22500.5776, 22253.915, True, 82
ESPPRC_heur, 0.0, 19.1, 16.5, 1.0, 0, 22500.5742, 22280.3147, True, 72
ESPPRC_heur, 0.1, 18.4, 16.0, 1.0, 0, 22500.5709, 22208.44, True, 104
ESPPRC_heur, 0.0, 17.6, 15.1, 0.9, 0, 22500.5709, 22365.2963, True, 36
ESPPRC_heur, 0.0, 18.4, 15.8, 1.0, 0, 22500.5024, 22354.9719, True, 45
ESPPRC_heur, 0.1, 18.4, 15.9, 1.0, 0, 22500.4479, 22360.6006, True, 40
ESPPRC_heur, 0.0, 17.7, 15.3, 0.9, 0, 22500.4057, 22442.1135, True, 17
ESPPRC_heur, -0.0, 18.4, 15.9, 0.9, 0, 22500.3077, 22394.2019, True, 21
ESPPRC_heur, 0.0, 19.2, 16.7, 1.0, 0, 22500.2976, 22395.348, True, 22
ESPPRC_heur, 0.1, 17.4, 14.9, 1.0, 0, 22500.2717, 22439.9704, True, 15
ESPPRC_heur, 0.1, 18.6, 16.2, 0.9, 0, 22499.9883, 22276.5512, True, 72
ESPPRC_heur, -0.0, 17.9, 15.4, 0.9, 0, 22499.9677, 22399.1225, True, 21
ESPPRC_heur, 0.1, 18.6, 15.9, 1.0, 0, 22499.8871, 22201.5173, True, 131
ESPPRC_heur, 0.1, 20.3, 17.9, 0.9, 0, 22499.8871, 22418.7786, True, 14
ESPPRC_heur, 0.1, 18.8, 16.3, 1.0, 0, 22499.7647, 22315.0818, True, 48
ESPPRC_heur, 0.1, 18.7, 16.3, 0.9, 0, 22499.7472, 22355.3223, True, 50
ESPPRC_heur, 0.0, 23.2, 20.3, 1.1, 0, 22499.7472, 22384.1931, True, 26
ESPPRC_heur, -0.0, 29.7, 26.6, 1.1, 0, 22499.7297, 22440.6466, True, 18
ESPPRC_heur, -0.0, 22.2, 19.1, 1.1, 0, 22499.6868, 22439.6331, True, 21
ESPPRC_heur, 0.1, 20.9, 17.9, 1.1, 0, 22499.6207, 22429.6911, True, 23
ESPPRC_heur, -0.0, 24.1, 21.1, 1.1, 0, 22499.5547, 22406.893, True, 19
ESPPRC_heur, 0.1, 40.7, 37.8, 1.1, 0, 22499.4859, 22224.4869, True, 128
ESPPRC_heur, 0.0, 22.3, 19.6, 1.0, 0, 22499.4859, 22318.8923, True, 39
ESPPRC_heur, 0.1, 27.7, 24.9, 1.0, 0, 22499.448, 22333.5622, True, 38
ESPPRC_heur, 0.0, 25.8, 23.0, 1.0, 0, 22499.3552, 22333.0627, True, 57
ESPPRC_heur, -0.0, 22.9, 20.5, 0.9, 0, 22499.306, 22449.8772, True, 12
ESPPRC_heur, 0.1, 24.9, 22.5, 1.0, 0, 22499.2853, 22389.6497, True, 13
ESPPRC_heur, 0.1, 22.9, 20.2, 1.0, 0, 22499.2575, 22478.9157, True, 6
ESPPRC_heur, -0.0, 24.5, 22.1, 0.9, 0, 22499.2558, 22490.2837, True, 4
ESPPRC_heur, -0.0, 23.4, 21.0, 0.9, 0, 22499.2558, 22491.1116, True, 2
ESPPRC_heur, 0.1, 22.2, 19.8, 1.0, 0, 22499.2404, 22326.2468, True, 28
ESPPRC_heur, 0.0, 22.4, 20.0, 0.9, 0, 22499.2404, 22428.2545, True, 20
ESPPRC_heur, 0.0, 21.5, 19.1, 0.9, 0, 22499.2347, 22431.5618, True, 13
ESPPRC_heur, -0.0, 22.6, 20.2, 0.9, 0, 22499.2119, 22357.958, True, 12
ESPPRC_heur, 0.0, 23.3, 20.9, 0.9, 0, 22499.2119, 22464.6979, True, 8
ESPPRC_heur, 0.0, 23.2, 20.8, 1.0, 0, 22499.2034, 22464.1328, True, 4
ESPPRC_heur, 0.0, 20.2, 17.8, 0.9, 0, 22499.1588, 22342.2822, True, 59
ESPPRC_heur, 0.0, 21.5, 19.2, 1.0, 0, 22499.0505, 22478.3712, True, 5
ESPPRC_heur, 0.0, 22.9, 20.6, 0.9, 0, 22499.0342, 22471.2258, True, 3
ESPPRC_heur, -0.0, 22.6, 20.2, 0.9, 0, 22499.0342, 22478.7309, True, 1
ESPPRC_heur, -0.0, 21.1, 18.7, 0.9, 0, 22499.0142, 22492.2672, True, 2
ng20, 0.5, 86401.1, 75772.7, 10443.1, 0, 22499.0142, 0, 1, 0
time_limit_exceeded, terminating
scip_total_time, 120956.560942
