Instance, X-n384-k52
capacity, 564
min_trucks, 53
output_file, output_uchoa/X-n384-k52-ng20.log
Start date, 2022-07-02
Start time, 12-26-08
capacity, 564
num_vehicles, 53
abort_early, False
methods, ['ng20']
max_vars, 100
time_limit, 86400
farley, False
ESPPRC_heur, True
initial time, initial max_it, max_stale_it
1, 20000.0, 20
heuristic Number of routes, heuristic Best Solution Value, heuristic number of iterations, adjusted time, adjusted max_it, measured total time
273501, 66376.0, 20000, 1, 20000.0, 26111.9
method, python time, total time, propagated dominance time, unpropagated dominance time, pricing_success, upper_bound, lower_bound, abort_early, num_paths, 
ESPPRC_heur, 0.0, 2.9, 1.7, 0.5, 0, 65358.4203, 64216.3282, True, 27
ESPPRC_heur, -0.0, 2.9, 1.7, 0.4, 0, 65355.5063, 65166.3304, True, 7
ESPPRC_heur, 0.0, 2.9, 1.7, 0.5, 0, 65355.4332, 65277.6578, True, 3
ng20, 0.4, 39030.5, 29464.7, 9470.4, 1, 65355.2464, 64115.7056, 0, 61
ESPPRC_heur, 0.0, 3.1, 1.9, 0.5, 0, 65338.2344, 65103.6076, True, 1
ng20, 0.4, 38187.4, 28881.4, 9216.5, 1, 65338.2344, 65043.7183, 0, 6
ESPPRC_heur, -0.0, 3.2, 2.0, 0.5, 0, 65338.2325, 65335.8472, True, 1
ng20, 0.3, 37395.7, 28246.0, 9063.6, 1, 65338.2325, 65338.2325, 0, 0
scip_total_time, 140886.210376
Solval, number of paths, impact cutoff
65338.232547681764, 344, 0.0001
Elementary, 2-Cycle, Path Value, Path
True, True, 0.7314, (0, 371, 0)
True, True, 0.1286, (0, 46, 128, 156, 314, 120, 374, 27, 69, 0)
True, True, 0.0132, (0, 354, 138, 67, 94, 312, 189, 0)
True, True, 0.1581, (0, 240, 88, 320, 360, 182, 275, 106, 0)
True, True, 0.0081, (0, 70, 115, 48, 277, 340, 196, 212, 285, 0)
True, True, 0.1231, (0, 238, 112, 28, 124, 206, 351, 53, 0)
True, True, 0.075, (0, 87, 73, 81, 217, 147, 241, 59, 0)
True, True, 0.1372, (0, 86, 9, 188, 337, 278, 10, 16, 0)
True, True, 0.1231, (0, 5, 351, 206, 124, 28, 112, 170, 0)
True, True, 0.0039, (0, 238, 170, 112, 28, 124, 206, 351, 0)
True, True, 0.1846, (0, 235, 272, 291, 113, 296, 310, 1, 103, 0)
True, True, 0.4952, (0, 167, 344, 26, 51, 134, 152, 110, 0)
True, True, 0.2805, (0, 82, 63, 65, 14, 380, 334, 369, 0)
True, True, 0.256, (0, 307, 239, 91, 199, 205, 116, 169, 0)
True, True, 0.5, (0, 271, 350, 263, 80, 150, 377, 319, 0)
True, True, 0.2728, (0, 207, 148, 59, 343, 183, 22, 0)
True, True, 0.2338, (0, 326, 102, 220, 4, 312, 94, 189, 0)
True, True, 0.2165, (0, 114, 324, 40, 302, 216, 237, 288, 60, 0)
True, True, 0.3901, (0, 190, 140, 260, 83, 54, 119, 39, 308, 0)
True, True, 0.7094, (0, 107, 262, 328, 202, 158, 72, 182, 360, 0)
True, True, 0.0269, (0, 278, 288, 237, 337, 293, 252, 212, 285, 0)
True, True, 0.0051, (0, 194, 329, 353, 87, 73, 81, 217, 147, 0)
True, True, 0.3606, (0, 51, 335, 19, 126, 49, 298, 270, 0)
True, True, 0.0754, (0, 303, 268, 347, 56, 329, 353, 92, 0)
True, True, 0.1129, (0, 318, 149, 299, 327, 144, 108, 333, 18, 0)
True, True, 0.0981, (0, 148, 207, 352, 209, 17, 58, 0)
True, True, 0.1779, (0, 138, 67, 247, 84, 127, 108, 333, 0)
True, True, 0.018, (0, 294, 101, 195, 181, 70, 285, 144, 0)
True, True, 0.4588, (0, 244, 136, 137, 162, 214, 50, 30, 0)
True, True, 0.5676, (0, 171, 7, 370, 157, 180, 366, 305, 0)
True, True, 0.0768, (0, 152, 111, 142, 74, 146, 109, 14, 380, 0)
True, True, 0.1515, (0, 156, 27, 374, 120, 314, 37, 251, 46, 0)
True, True, 0.641, (0, 362, 66, 95, 42, 151, 38, 273, 0)
True, True, 0.7446, (0, 121, 338, 287, 32, 93, 166, 311, 0)
True, True, 0.1129, (0, 52, 208, 76, 77, 229, 154, 248, 0)
True, True, 0.3589, (0, 134, 141, 270, 298, 323, 111, 369, 0)
True, True, 0.0236, (0, 318, 333, 127, 84, 247, 3, 267, 0)
True, True, 0.0525, (0, 91, 85, 255, 266, 253, 89, 228, 165, 0)
True, True, 0.0432, (0, 290, 135, 250, 357, 113, 291, 272, 0)
True, True, 0.0617, (0, 137, 162, 214, 180, 7, 171, 289, 0)
True, True, 0.3322, (0, 110, 369, 334, 380, 65, 63, 82, 0)
True, True, 0.3643, (0, 47, 118, 133, 226, 281, 339, 325, 98, 0)
True, True, 0.0284, (0, 110, 369, 334, 380, 14, 65, 63, 0)
True, True, 0.4797, (0, 70, 181, 195, 101, 294, 25, 35, 0)
True, True, 0.6768, (0, 44, 90, 342, 28, 112, 124, 206, 0)
True, True, 0.2137, (0, 194, 87, 73, 81, 217, 147, 241, 343, 0)
True, True, 0.243, (0, 178, 131, 381, 265, 264, 365, 276, 332, 0)
True, True, 0.1178, (0, 46, 261, 251, 193, 37, 314, 128, 0)
True, True, 0.2996, (0, 355, 165, 228, 89, 210, 45, 91, 0)
True, True, 0.1786, (0, 323, 142, 146, 109, 14, 380, 65, 0)
True, True, 0.249, (0, 7, 315, 233, 256, 36, 78, 243, 132, 0)
True, True, 0.2827, (0, 379, 212, 196, 340, 277, 48, 258, 0)
True, True, 0.0644, (0, 114, 324, 40, 216, 302, 39, 376, 308, 0)
True, True, 0.371, (0, 64, 9, 252, 284, 295, 75, 123, 0)
True, True, 0.3518, (0, 352, 223, 43, 177, 139, 259, 209, 0)
True, True, 0.3874, (0, 352, 223, 43, 177, 82, 139, 259, 0)
True, True, 0.4857, (0, 145, 106, 378, 71, 232, 316, 364, 0)
True, True, 0.2874, (0, 29, 245, 345, 341, 200, 282, 348, 0)
True, True, 0.1244, (0, 26, 153, 326, 102, 220, 254, 280, 0)
True, True, 0.4374, (0, 24, 359, 306, 12, 349, 225, 55, 0)
True, True, 0.0366, (0, 24, 61, 249, 301, 286, 125, 29, 0)
True, True, 0.0008, (0, 7, 157, 315, 233, 256, 36, 78, 122, 0)
True, True, 0.0065, (0, 234, 345, 341, 200, 282, 348, 66, 0)
True, True, 0.2255, (0, 104, 300, 100, 356, 376, 308, 227, 172, 0)
True, True, 0.1768, (0, 318, 333, 108, 127, 84, 247, 3, 0)
True, True, 0.232, (0, 215, 15, 132, 358, 11, 275, 185, 31, 0)
True, True, 0.1541, (0, 242, 58, 209, 352, 207, 148, 0)
True, True, 0.1699, (0, 85, 255, 266, 253, 89, 228, 165, 355, 0)
True, True, 0.3788, (0, 133, 297, 155, 310, 296, 113, 291, 235, 0)
True, True, 0.4634, (0, 301, 307, 239, 205, 116, 169, 213, 0)
True, True, 0.1391, (0, 199, 176, 129, 33, 103, 20, 186, 304, 0)
True, True, 0.2364, (0, 97, 105, 222, 330, 23, 381, 131, 0)
True, True, 0.2051, (0, 285, 70, 181, 258, 101, 294, 35, 0)
True, True, 0.0732, (0, 38, 151, 125, 301, 249, 61, 336, 0)
True, True, 0.1548, (0, 253, 290, 250, 357, 1, 103, 33, 0)
True, True, 0.2868, (0, 126, 97, 105, 222, 178, 292, 49, 0)
True, True, 0.1271, (0, 339, 172, 227, 100, 356, 300, 104, 57, 0)
True, True, 0.3, (0, 79, 128, 156, 120, 374, 27, 69, 52, 0)
True, True, 0.0671, (0, 89, 47, 118, 133, 272, 235, 253, 255, 0)
True, True, 0.2313, (0, 231, 175, 41, 305, 50, 68, 30, 289, 0)
True, True, 0.2306, (0, 261, 128, 79, 251, 37, 193, 23, 0)
True, True, 0.067, (0, 199, 45, 210, 85, 255, 89, 228, 98, 0)
True, True, 0.0117, (0, 283, 8, 96, 187, 18, 53, 6, 0)
True, True, 0.274, (0, 240, 88, 320, 48, 115, 258, 25, 0)
True, True, 0.0805, (0, 320, 182, 72, 158, 295, 75, 123, 0)
True, True, 0.3242, (0, 203, 236, 283, 8, 257, 274, 130, 167, 0)
True, True, 0.1833, (0, 269, 203, 236, 368, 99, 367, 66, 362, 0)
True, True, 0.081, (0, 321, 204, 13, 363, 154, 77, 208, 0)
True, True, 0.0414, (0, 308, 376, 356, 100, 227, 172, 104, 57, 0)
True, True, 0.3157, (0, 183, 343, 59, 218, 34, 117, 24, 0)
True, True, 0.4352, (0, 219, 379, 212, 196, 340, 48, 115, 0)
True, True, 0.1042, (0, 35, 294, 195, 181, 219, 285, 144, 0)
True, True, 0.1885, (0, 200, 341, 21, 238, 170, 5, 53, 0)
True, True, 0.0156, (0, 159, 287, 32, 93, 186, 166, 311, 0)
True, True, 0.2463, (0, 25, 101, 71, 378, 106, 232, 316, 0)
True, True, 0.0385, (0, 382, 18, 187, 322, 267, 197, 96, 0)
True, True, 0.1415, (0, 135, 250, 357, 310, 296, 113, 291, 0)
True, True, 0.1152, (0, 46, 261, 79, 251, 193, 23, 131, 332, 0)
True, True, 0.0598, (0, 311, 186, 20, 129, 33, 176, 45, 0)
True, True, 0.1341, (0, 165, 228, 255, 85, 210, 45, 199, 205, 0)
True, True, 0.2686, (0, 207, 148, 22, 371, 0)
True, True, 0.2129, (0, 312, 94, 138, 67, 3, 354, 0)
True, True, 0.0601, (0, 130, 344, 26, 51, 141, 152, 110, 0)
True, True, 0.4387, (0, 197, 267, 354, 322, 187, 18, 382, 0)
True, True, 0.0732, (0, 355, 98, 44, 90, 342, 28, 112, 351, 0)
True, True, 0.0319, (0, 266, 272, 291, 310, 296, 113, 133, 118, 0)
True, True, 0.0444, (0, 47, 291, 113, 296, 310, 1, 357, 0)
True, True, 0.25, (0, 98, 90, 325, 339, 281, 226, 201, 230, 0)
True, True, 0.0763, (0, 52, 156, 314, 37, 193, 251, 330, 0)
True, True, 0.0893, (0, 111, 142, 74, 264, 265, 365, 276, 332, 0)
True, True, 0.0429, (0, 46, 261, 128, 251, 37, 193, 330, 0)
True, True, 0.125, (0, 340, 277, 284, 295, 75, 123, 115, 0)
True, True, 0.3977, (0, 204, 13, 363, 154, 248, 372, 321, 0)
True, True, 0.2447, (0, 34, 174, 221, 303, 306, 359, 173, 0)
True, True, 0.1246, (0, 382, 96, 187, 322, 267, 197, 257, 0)
True, True, 0.1254, (0, 11, 358, 122, 78, 36, 256, 233, 315, 68, 0)
True, True, 0.0602, (0, 84, 364, 316, 246, 313, 224, 198, 309, 0)
True, True, 0.0113, (0, 272, 291, 113, 260, 140, 190, 155, 297, 0)
True, True, 0.0732, (0, 55, 225, 349, 12, 303, 359, 173, 0)
True, True, 0.0268, (0, 65, 380, 109, 146, 142, 323, 111, 0)
True, True, 0.2609, (0, 58, 17, 259, 139, 177, 43, 223, 0)
True, True, 0.115, (0, 130, 274, 257, 8, 283, 368, 236, 269, 0)
True, True, 0.3423, (0, 375, 192, 31, 185, 15, 215, 231, 0)
True, True, 0.3339, (0, 199, 210, 85, 255, 266, 253, 89, 165, 0)
True, True, 0.0072, (0, 238, 44, 98, 355, 91, 239, 307, 0)
True, True, 0.0754, (0, 303, 268, 347, 211, 159, 338, 121, 12, 0)
True, True, 0.0732, (0, 42, 307, 239, 91, 205, 116, 169, 0)
True, True, 0.0418, (0, 79, 128, 156, 314, 37, 251, 330, 0)
True, True, 0.184, (0, 174, 329, 87, 73, 81, 217, 147, 241, 0)
True, True, 0.0732, (0, 286, 239, 91, 205, 116, 169, 213, 0)
True, True, 0.1135, (0, 136, 137, 162, 214, 366, 305, 41, 289, 0)
True, True, 0.199, (0, 96, 197, 267, 354, 189, 62, 361, 0)
True, True, 0.1178, (0, 229, 136, 137, 162, 214, 50, 68, 289, 0)
True, True, 0.0335, (0, 311, 166, 93, 32, 287, 338, 159, 0)
True, True, 0.1161, (0, 74, 276, 365, 264, 265, 381, 131, 332, 0)
True, True, 0.4227, (0, 92, 56, 211, 159, 347, 268, 221, 0)
True, True, 0.3874, (0, 242, 58, 209, 17, 143, 346, 383, 0)
True, True, 0.0022, (0, 199, 176, 20, 186, 93, 32, 287, 0)
True, True, 0.0124, (0, 357, 1, 310, 296, 113, 291, 118, 0)
True, True, 0.3477, (0, 9, 293, 188, 337, 288, 237, 60, 0)
True, True, 0.0066, (0, 97, 330, 251, 37, 193, 23, 131, 0)
True, True, 0.2253, (0, 175, 215, 15, 192, 375, 163, 313, 0)
True, True, 0.214, (0, 184, 274, 257, 8, 283, 368, 99, 367, 0)
True, True, 0.061, (0, 308, 376, 39, 302, 216, 237, 337, 278, 0)
True, True, 0.1337, (0, 132, 317, 78, 36, 256, 233, 315, 180, 0)
True, True, 0.0443, (0, 348, 367, 99, 368, 283, 236, 203, 269, 0)
True, True, 0.1992, (0, 8, 197, 96, 322, 187, 18, 382, 0)
True, True, 0.1271, (0, 230, 164, 179, 114, 104, 57, 281, 325, 0)
True, True, 0.2955, (0, 331, 246, 313, 145, 163, 224, 198, 0)
True, True, 0.3862, (0, 327, 373, 279, 191, 168, 179, 164, 201, 0)
True, True, 0.3645, (0, 194, 218, 34, 92, 174, 161, 173, 117, 0)
True, True, 0.3764, (0, 321, 363, 154, 229, 77, 76, 208, 69, 0)
True, True, 0.0732, (0, 225, 349, 12, 306, 303, 221, 174, 0)
True, True, 0.5, (0, 6, 5, 351, 170, 238, 21, 345, 0)
True, True, 0.2188, (0, 175, 375, 192, 185, 31, 145, 0)
True, True, 0.0841, (0, 110, 152, 134, 141, 51, 26, 344, 0)
True, True, 0.1487, (0, 45, 176, 33, 103, 20, 186, 166, 0)
True, True, 0.1693, (0, 55, 225, 349, 12, 306, 303, 173, 0)
True, True, 0.0041, (0, 252, 284, 295, 75, 123, 277, 340, 0)
True, True, 0.1454, (0, 383, 143, 269, 203, 184, 130, 167, 17, 0)
True, True, 0.1441, (0, 10, 278, 337, 293, 9, 64, 86, 0)
True, True, 0.0505, (0, 91, 355, 98, 44, 170, 238, 21, 234, 0)
True, True, 0.1271, (0, 339, 281, 226, 172, 227, 300, 324, 114, 0)
True, True, 0.0618, (0, 134, 335, 19, 126, 49, 298, 270, 0)
True, True, 0.0272, (0, 212, 277, 284, 252, 293, 237, 288, 16, 0)
True, True, 0.1639, (0, 4, 309, 331, 247, 84, 127, 3, 0)
True, True, 0.08, (0, 232, 378, 106, 185, 15, 215, 175, 0)
True, True, 0.0521, (0, 88, 182, 72, 158, 295, 75, 123, 0)
True, True, 0.066, (0, 21, 238, 98, 355, 91, 239, 307, 0)
True, True, 0.2505, (0, 132, 243, 78, 36, 256, 233, 317, 171, 0)
True, True, 0.0094, (0, 317, 256, 233, 315, 157, 7, 171, 0)
True, True, 0.0732, (0, 336, 61, 249, 55, 359, 173, 117, 0)
True, True, 0.1101, (0, 324, 40, 216, 302, 356, 100, 227, 172, 0)
True, True, 0.0106, (0, 257, 8, 96, 322, 187, 18, 382, 0)
True, True, 0.241, (0, 57, 300, 100, 356, 302, 216, 40, 324, 164, 0)
True, True, 0.0945, (0, 272, 155, 190, 140, 83, 54, 119, 39, 308, 0)
True, True, 0.1008, (0, 161, 174, 329, 353, 81, 217, 73, 87, 0)
True, True, 0.0611, (0, 141, 49, 335, 19, 153, 280, 361, 184, 0)
True, True, 0.1768, (0, 282, 6, 53, 18, 187, 96, 382, 0)
True, True, 0.0424, (0, 10, 188, 293, 252, 284, 277, 340, 0)
True, True, 0.4179, (0, 3, 67, 138, 94, 312, 189, 0)
True, True, 0.4268, (0, 245, 125, 286, 301, 249, 61, 336, 0)
True, True, 0.1977, (0, 160, 194, 183, 343, 59, 148, 207, 0)
True, True, 0.0576, (0, 338, 287, 93, 186, 20, 176, 311, 0)
True, True, 0.129, (0, 229, 30, 68, 366, 214, 162, 137, 244, 0)
True, True, 0.0419, (0, 232, 71, 240, 258, 181, 70, 285, 0)
True, True, 0.1411, (0, 377, 150, 80, 264, 265, 365, 276, 332, 0)
True, True, 0.058, (0, 275, 122, 78, 36, 256, 233, 315, 317, 0)
True, True, 0.0081, (0, 77, 244, 137, 136, 68, 30, 289, 0)
True, True, 0.1314, (0, 342, 230, 201, 226, 281, 339, 325, 44, 0)
True, True, 0.0142, (0, 212, 252, 284, 295, 75, 123, 196, 0)
True, True, 0.0208, (0, 85, 266, 135, 250, 357, 1, 33, 0)
True, True, 0.1577, (0, 285, 219, 379, 115, 258, 195, 70, 0)
True, True, 0.1853, (0, 60, 288, 337, 188, 278, 10, 86, 0)
True, True, 0.0732, (0, 322, 318, 149, 206, 351, 5, 53, 0)
True, True, 0.2451, (0, 95, 348, 367, 99, 368, 236, 203, 269, 0)
True, True, 0.1456, (0, 52, 69, 204, 13, 248, 372, 4, 0)
True, True, 0.1046, (0, 161, 268, 121, 347, 159, 211, 56, 92, 0)
True, True, 0.1715, (0, 117, 161, 359, 12, 349, 225, 55, 0)
True, True, 0.005, (0, 3, 84, 247, 331, 224, 198, 309, 0)
True, True, 0.2027, (0, 172, 227, 100, 356, 302, 216, 40, 114, 0)
True, True, 0.2176, (0, 376, 119, 54, 83, 140, 260, 155, 297, 0)
True, True, 0.0768, (0, 323, 142, 74, 146, 109, 14, 65, 0)
True, True, 0.359, (0, 242, 383, 143, 346, 273, 160, 22, 0)
True, True, 0.0352, (0, 333, 108, 35, 316, 246, 364, 84, 127, 0)
True, True, 0.2338, (0, 130, 361, 62, 254, 153, 280, 26, 0)
True, True, 0.0696, (0, 330, 251, 37, 314, 120, 156, 128, 0)
True, True, 0.0089, (0, 316, 232, 71, 101, 195, 70, 285, 0)
True, True, 0.3582, (0, 280, 254, 220, 102, 326, 153, 344, 0)
True, True, 0.0732, (0, 213, 169, 116, 307, 286, 125, 0)
True, True, 0.1477, (0, 332, 131, 381, 23, 193, 251, 261, 46, 0)
True, True, 0.108, (0, 292, 330, 23, 131, 381, 365, 276, 0)
True, True, 0.1379, (0, 353, 329, 56, 211, 347, 268, 303, 0)
True, True, 0.1223, (0, 127, 84, 247, 331, 309, 312, 62, 0)
True, True, 0.0383, (0, 57, 300, 40, 60, 237, 288, 10, 16, 0)
True, True, 0.0576, (0, 304, 32, 93, 186, 166, 45, 199, 0)
True, True, 0.1167, (0, 175, 375, 192, 31, 378, 71, 0)
True, True, 0.0494, (0, 261, 79, 314, 120, 374, 27, 69, 52, 0)
True, True, 0.0084, (0, 136, 137, 162, 214, 305, 68, 30, 289, 0)
True, True, 0.1969, (0, 277, 123, 295, 75, 320, 88, 240, 0)
True, True, 0.419, (0, 309, 198, 224, 231, 163, 313, 246, 364, 0)
True, True, 0.0075, (0, 289, 30, 68, 41, 175, 231, 198, 309, 0)
True, True, 0.1627, (0, 157, 370, 315, 317, 243, 122, 358, 11, 0)
True, True, 0.0102, (0, 269, 184, 203, 236, 99, 367, 66, 362, 0)
True, True, 0.2061, (0, 234, 345, 341, 200, 282, 348, 346, 0)
True, True, 0.0205, (0, 222, 330, 23, 131, 381, 365, 276, 0)
True, True, 0.0451, (0, 346, 269, 203, 236, 99, 367, 348, 66, 0)
True, True, 0.1271, (0, 230, 164, 179, 114, 104, 57, 226, 325, 0)
True, True, 0.1621, (0, 176, 129, 1, 357, 250, 135, 290, 0)
True, True, 0.0335, (0, 46, 261, 156, 314, 120, 374, 27, 52, 0)
True, True, 0.1326, (0, 88, 262, 202, 328, 122, 358, 11, 275, 0)
True, True, 0.1361, (0, 361, 280, 62, 189, 354, 267, 96, 0)
True, True, 0.1654, (0, 45, 210, 85, 255, 266, 253, 228, 355, 0)
True, True, 0.0878, (0, 49, 292, 178, 222, 105, 97, 335, 0)
True, True, 0.0893, (0, 111, 146, 74, 2, 271, 319, 14, 63, 0)
True, True, 0.1988, (0, 156, 120, 374, 27, 76, 208, 204, 4, 0)
True, True, 0.0863, (0, 269, 184, 274, 257, 62, 280, 361, 130, 0)
True, True, 0.184, (0, 221, 268, 347, 159, 211, 56, 353, 0)
True, True, 0.3824, (0, 144, 285, 86, 64, 10, 16, 168, 191, 0)
True, True, 0.0828, (0, 94, 309, 331, 84, 127, 333, 318, 0)
True, True, 0.1449, (0, 4, 372, 248, 363, 13, 204, 52, 0)
True, True, 0.0609, (0, 307, 116, 91, 355, 98, 238, 21, 0)
True, True, 0.0538, (0, 212, 277, 284, 295, 75, 123, 88, 0)
True, True, 0.0419, (0, 299, 285, 70, 195, 101, 294, 35, 0)
True, True, 0.0611, (0, 141, 335, 19, 102, 220, 326, 254, 361, 0)
True, True, 0.2116, (0, 290, 135, 250, 235, 272, 118, 47, 0)
True, True, 0.0522, (0, 172, 376, 39, 302, 216, 237, 288, 278, 0)
True, True, 0.2629, (0, 330, 193, 37, 314, 79, 261, 46, 0)
True, True, 0.0275, (0, 219, 212, 252, 293, 188, 337, 278, 0)
True, True, 0.0602, (0, 246, 192, 31, 185, 15, 215, 175, 0)
True, True, 0.1129, (0, 84, 247, 331, 198, 372, 321, 4, 0)
True, True, 0.1108, (0, 244, 214, 180, 7, 171, 366, 41, 0)
True, True, 0.033, (0, 229, 244, 136, 137, 162, 68, 41, 289, 0)
True, True, 0.1025, (0, 340, 123, 75, 295, 284, 252, 64, 0)
True, True, 0.1581, (0, 107, 262, 328, 202, 158, 72, 320, 240, 0)
True, True, 0.2225, (0, 184, 361, 62, 220, 102, 326, 254, 153, 0)
True, True, 0.1326, (0, 240, 88, 320, 360, 107, 275, 232, 0)
True, True, 0.075, (0, 24, 117, 173, 161, 34, 218, 194, 183, 0)
True, True, 0.0328, (0, 167, 130, 257, 8, 283, 368, 236, 269, 0)
True, True, 0.1129, (0, 76, 77, 244, 136, 50, 68, 289, 0)
True, True, 0.0008, (0, 11, 358, 122, 78, 36, 317, 157, 7, 0)
True, True, 0.1988, (0, 372, 248, 229, 77, 76, 208, 13, 0)
True, True, 0.1346, (0, 376, 39, 119, 190, 140, 260, 155, 297, 0)
True, True, 0.0338, (0, 316, 71, 240, 258, 195, 70, 35, 0)
True, True, 0.0395, (0, 94, 309, 331, 247, 84, 127, 267, 0)
True, True, 0.1271, (0, 57, 104, 300, 40, 324, 114, 179, 230, 0)
True, True, 0.0047, (0, 285, 70, 195, 258, 240, 378, 232, 0)
True, True, 0.0889, (0, 311, 186, 93, 32, 287, 338, 159, 0)
True, True, 0.1353, (0, 24, 61, 249, 213, 286, 125, 29, 0)
True, True, 0.2549, (0, 336, 61, 249, 213, 286, 125, 29, 0)
True, True, 0.03, (0, 316, 71, 378, 106, 185, 31, 246, 0)
True, True, 0.1348, (0, 41, 370, 315, 233, 256, 36, 78, 122, 11, 0)
True, True, 0.0768, (0, 335, 97, 105, 222, 178, 292, 298, 0)
True, True, 0.2821, (0, 111, 323, 142, 74, 146, 109, 334, 0)
True, True, 0.0696, (0, 27, 374, 137, 136, 244, 68, 41, 289, 0)
True, True, 0.0117, (0, 382, 18, 322, 318, 5, 53, 282, 0)
True, True, 0.0401, (0, 113, 260, 83, 54, 119, 39, 376, 0)
True, True, 0.1041, (0, 129, 33, 1, 357, 250, 135, 266, 0)
True, True, 0.0024, (0, 167, 344, 26, 130, 274, 184, 203, 346, 0)
True, True, 0.0464, (0, 355, 47, 118, 133, 272, 235, 253, 85, 0)
True, True, 0.1231, (0, 297, 190, 83, 54, 119, 39, 376, 308, 0)
True, True, 0.0732, (0, 21, 170, 124, 327, 373, 144, 299, 149, 0)
True, True, 0.0087, (0, 132, 358, 122, 78, 36, 317, 370, 157, 41, 0)
True, True, 0.1115, (0, 47, 118, 133, 272, 235, 290, 266, 228, 0)
True, True, 0.2696, (0, 63, 14, 319, 271, 2, 74, 146, 142, 0)
True, True, 0.1387, (0, 218, 329, 353, 73, 81, 217, 147, 241, 0)
True, True, 0.1138, (0, 201, 104, 172, 227, 300, 324, 179, 0)
True, True, 0.1284, (0, 264, 265, 381, 23, 330, 222, 292, 0)
True, True, 0.2598, (0, 196, 277, 284, 252, 293, 188, 278, 0)
True, True, 0.0066, (0, 292, 105, 222, 330, 23, 131, 332, 0)
True, True, 0.0925, (0, 367, 99, 283, 8, 257, 274, 184, 269, 0)
True, True, 0.1036, (0, 96, 322, 318, 149, 351, 5, 53, 0)
True, True, 0.0754, (0, 161, 303, 121, 159, 211, 56, 329, 353, 0)
True, True, 0.1387, (0, 59, 241, 147, 217, 73, 87, 183, 0)
True, True, 0.0522, (0, 57, 227, 100, 356, 302, 216, 60, 16, 0)
True, True, 0.1655, (0, 184, 274, 283, 368, 99, 367, 348, 362, 0)
True, True, 0.0996, (0, 22, 160, 383, 143, 17, 58, 242, 0)
True, True, 0.1781, (0, 138, 67, 331, 247, 127, 108, 333, 0)
True, True, 0.1621, (0, 20, 129, 1, 357, 250, 135, 290, 0)
True, True, 0.0945, (0, 297, 155, 190, 54, 83, 260, 310, 296, 0)
True, True, 0.1509, (0, 294, 195, 181, 219, 86, 16, 279, 0)
True, True, 0.1411, (0, 319, 271, 2, 264, 265, 365, 276, 332, 0)
True, True, 0.0999, (0, 333, 108, 35, 316, 246, 224, 198, 309, 0)
True, True, 0.3589, (0, 2, 350, 263, 80, 150, 377, 109, 0)
True, True, 0.1548, (0, 290, 135, 1, 357, 272, 118, 47, 0)
True, True, 0.0609, (0, 21, 170, 44, 98, 355, 91, 239, 169, 0)
True, True, 0.0768, (0, 65, 380, 334, 111, 323, 270, 141, 0)
True, True, 0.1139, (0, 66, 95, 234, 245, 29, 42, 151, 38, 0)
True, True, 0.1411, (0, 2, 350, 263, 264, 265, 365, 276, 0)
True, True, 0.0101, (0, 165, 89, 253, 266, 255, 85, 45, 199, 0)
True, True, 0.0754, (0, 161, 221, 303, 306, 349, 225, 55, 0)
True, True, 0.1243, (0, 219, 379, 212, 252, 293, 237, 60, 0)
True, True, 0.0432, (0, 272, 291, 113, 296, 310, 260, 140, 190, 0)
True, True, 0.0777, (0, 77, 244, 136, 162, 68, 30, 289, 0)
True, True, 0.2117, (0, 275, 11, 358, 122, 243, 317, 157, 41, 0)
True, True, 0.0687, (0, 291, 113, 296, 310, 260, 140, 190, 155, 0)
True, True, 0.032, (0, 321, 204, 13, 154, 229, 77, 208, 0)
True, True, 0.1262, (0, 132, 358, 122, 243, 317, 315, 370, 180, 0)
True, True, 0.0401, (0, 291, 297, 190, 140, 83, 54, 39, 376, 0)
True, True, 0.0367, (0, 375, 192, 185, 275, 378, 71, 0)
True, True, 0.0051, (0, 241, 87, 73, 217, 81, 353, 329, 194, 0)
True, True, 0.0384, (0, 157, 317, 233, 256, 36, 78, 122, 275, 0)
False, True, 0.1719, (0, 160, 336, 151, 29, 245, 42, 38, 160, 0)
False, True, 0.1063, (0, 318, 299, 327, 373, 144, 108, 318, 0)
False, True, 0.0791, (0, 289, 41, 366, 305, 50, 68, 30, 289, 0)
True, True, 0.106, (0, 241, 147, 87, 73, 81, 353, 329, 218, 0)
False, True, 0.1489, (0, 141, 335, 126, 97, 105, 178, 292, 141, 0)
False, True, 0.0687, (0, 52, 128, 314, 120, 374, 27, 52, 0)
False, True, 0.1567, (0, 19, 292, 178, 222, 105, 97, 19, 0)
True, True, 0.0328, (0, 87, 73, 81, 353, 329, 92, 174, 161, 0)
False, True, 0.3728, (0, 304, 186, 20, 103, 33, 129, 176, 304, 0)
False, True, 0.3115, (0, 234, 341, 200, 53, 6, 282, 234, 0)
True, True, 0.1387, (0, 194, 329, 353, 87, 81, 217, 147, 241, 0)
False, True, 0.09, (0, 149, 299, 327, 373, 279, 144, 149, 318, 0)
False, True, 0.2314, (0, 299, 373, 279, 191, 168, 327, 299, 149, 0)
False, True, 0.0602, (0, 224, 175, 215, 15, 375, 163, 224, 0)
False, True, 0.0356, (0, 279, 16, 278, 288, 237, 60, 16, 279, 0)
False, True, 0.1107, (0, 230, 164, 179, 104, 57, 201, 230, 342, 0)
False, True, 0.0702, (0, 279, 16, 10, 278, 337, 237, 288, 16, 0)
True, True, 0.0576, (0, 304, 287, 32, 186, 20, 176, 45, 0)
False, True, 0.1419, (0, 152, 335, 19, 126, 49, 298, 270, 152, 0)
False, True, 0.0079, (0, 342, 230, 201, 57, 114, 179, 164, 230, 0)
False, True, 0.1129, (0, 149, 333, 108, 144, 373, 299, 149, 318, 0)
True, True, 0.0087, (0, 148, 207, 352, 209, 17, 143, 383, 0)
all_elementary, False
all_cyc2, True
