Instance, X-n359-k29
capacity, 68
min_trucks, 29
output_file, output_uchoa/X-n359-k29-SPPRC.log
Start date, 2022-07-02
Start time, 10-41-21
capacity, 68
num_vehicles, 29
abort_early, False
methods, ['SPPRC']
max_vars, 100
time_limit, 86400
farley, False
ESPPRC_heur, True
initial time, initial max_it, max_stale_it
1, 20000.0, 20
heuristic Number of routes, heuristic Best Solution Value, heuristic number of iterations, adjusted time, adjusted max_it, measured total time
446237, 52110.0, 20000, 1, 20000.0, 38301.6
method, python time, total time, propagated dominance time, unpropagated dominance time, pricing_success, upper_bound, lower_bound, abort_early, num_paths, 
SPPRC, 0.1, 3.2, 2.5, 0.3, 1, 51143.0469, -19859.8087, 0, 10368
SPPRC, 0.0, 2.9, 2.2, 0.3, 1, 51143.0469, 23529.5913, 0, 6149
SPPRC, 0.0, 2.9, 2.2, 0.3, 1, 51143.0469, 19563.1455, 0, 5806
SPPRC, 0.0, 2.8, 2.1, 0.3, 1, 51143.0469, 27055.9308, 0, 5013
SPPRC, 0.0, 2.8, 2.1, 0.3, 1, 51143.0469, 29341.4407, 0, 4663
SPPRC, 0.0, 2.8, 2.1, 0.3, 1, 51118.8228, 22189.2312, 0, 5165
SPPRC, 0.1, 3.1, 2.4, 0.3, 1, 51118.8228, -11811.7658, 0, 9631
SPPRC, 0.0, 2.7, 2.0, 0.3, 1, 51118.8228, 37258.5735, 0, 3794
SPPRC, 0.1, 2.6, 1.9, 0.3, 1, 51118.409, 38006.9496, 0, 3129
SPPRC, 0.1, 2.6, 2.0, 0.3, 1, 51101.0374, 34110.8913, 0, 3129
SPPRC, 0.0, 2.6, 1.9, 0.3, 1, 51101.0374, 38706.758, 0, 2782
SPPRC, 0.0, 2.6, 1.9, 0.3, 1, 51036.7781, 41698.2387, 0, 2712
SPPRC, 0.0, 2.6, 1.9, 0.3, 1, 51034.6213, 43062.0527, 0, 2453
SPPRC, 0.1, 2.5, 1.9, 0.3, 1, 50947.2784, 42841.4113, 0, 2486
SPPRC, 0.1, 2.8, 2.0, 0.3, 1, 50923.7673, 44746.8233, 0, 2234
SPPRC, 0.0, 2.9, 2.0, 0.3, 1, 50826.1593, 28501.1753, 0, 4258
SPPRC, 0.1, 2.7, 1.9, 0.3, 1, 50826.1593, 44670.0696, 0, 2134
SPPRC, 0.0, 3.0, 2.2, 0.4, 1, 50765.3678, 24474.8177, 0, 5003
SPPRC, 0.0, 2.7, 2.0, 0.3, 1, 50765.3678, 44010.8147, 0, 2090
SPPRC, 0.0, 2.8, 2.0, 0.3, 1, 50716.4919, 45868.4406, 0, 1733
SPPRC, 0.0, 2.5, 1.8, 0.3, 1, 50603.1458, 45544.6277, 0, 1636
SPPRC, 0.1, 2.6, 1.9, 0.3, 1, 50526.7398, 46008.5894, 0, 1425
SPPRC, 0.1, 2.7, 2.0, 0.3, 1, 50487.2498, 45092.3772, 0, 1531
SPPRC, 0.1, 2.5, 1.9, 0.3, 1, 50476.3356, 46492.0117, 0, 1236
SPPRC, 0.0, 2.6, 1.9, 0.3, 1, 50384.955, 45673.0489, 0, 1357
SPPRC, 0.0, 2.7, 1.9, 0.3, 1, 50356.4588, 46237.5771, 0, 1248
SPPRC, 0.1, 2.6, 1.9, 0.3, 1, 50304.1051, 43800.1247, 0, 1427
SPPRC, 0.0, 2.5, 1.8, 0.3, 1, 50297.7332, 46580.1134, 0, 1105
SPPRC, 0.0, 2.5, 1.8, 0.3, 1, 50263.0786, 45646.8779, 0, 1103
SPPRC, 0.0, 2.5, 1.8, 0.3, 1, 50256.3463, 47517.516, 0, 905
SPPRC, 0.1, 2.4, 1.8, 0.3, 1, 50168.4392, 46691.4577, 0, 981
SPPRC, -0.0, 2.5, 1.8, 0.3, 1, 50142.6895, 46987.0339, 0, 874
SPPRC, 0.0, 2.5, 1.8, 0.3, 1, 50104.2114, 45765.9431, 0, 973
SPPRC, 0.0, 2.8, 1.9, 0.3, 1, 50078.6593, 47545.0241, 0, 772
SPPRC, 0.1, 2.7, 1.9, 0.3, 1, 50040.4032, 46774.9465, 0, 797
SPPRC, 0.0, 2.5, 1.8, 0.3, 1, 50024.303, 47088.5531, 0, 721
SPPRC, -0.0, 2.5, 1.8, 0.3, 1, 50002.7092, 46949.8893, 0, 760
SPPRC, 0.0, 2.5, 1.8, 0.3, 1, 49997.3784, 45933.648, 0, 736
SPPRC, 0.1, 2.7, 1.9, 0.3, 1, 49997.3283, 48229.6911, 0, 600
SPPRC, 0.1, 2.7, 1.9, 0.3, 1, 49942.1078, 47738.9462, 0, 653
SPPRC, 0.2, 2.8, 2.0, 0.3, 1, 49924.626, 43126.2507, 0, 1026
SPPRC, 0.1, 2.4, 1.8, 0.3, 1, 49924.4901, 47951.0924, 0, 553
SPPRC, 0.1, 2.7, 1.9, 0.3, 1, 49900.7776, 48004.1366, 0, 526
SPPRC, -0.0, 2.5, 1.8, 0.3, 1, 49878.0038, 48077.2791, 0, 498
SPPRC, 0.1, 2.6, 1.8, 0.3, 1, 49849.5579, 48305.6918, 0, 437
SPPRC, 0.1, 2.7, 1.9, 0.3, 1, 49821.9793, 48416.5489, 0, 393
SPPRC, 0.1, 2.5, 1.8, 0.3, 1, 49787.1985, 48416.9623, 0, 343
SPPRC, 0.1, 2.7, 1.9, 0.3, 1, 49762.4662, 48522.7437, 0, 337
SPPRC, 0.1, 2.5, 1.8, 0.3, 1, 49734.2289, 48728.4009, 0, 289
SPPRC, 0.0, 2.6, 1.9, 0.3, 1, 49701.51, 48702.5007, 0, 274
SPPRC, 0.1, 2.4, 1.8, 0.3, 1, 49687.4305, 48496.454, 0, 269
SPPRC, 0.1, 2.4, 1.8, 0.3, 1, 49673.7213, 48885.1976, 0, 249
SPPRC, 0.0, 2.5, 1.8, 0.3, 1, 49664.4427, 49134.8442, 0, 180
SPPRC, 0.1, 2.6, 1.9, 0.3, 1, 49652.7163, 49325.436, 0, 169
SPPRC, 0.0, 2.5, 1.8, 0.3, 1, 49642.51, 48862.8959, 0, 177
SPPRC, 0.0, 2.7, 1.9, 0.3, 1, 49636.79, 49334.8989, 0, 129
SPPRC, 0.1, 2.7, 1.9, 0.3, 1, 49632.3636, 49245.4125, 0, 119
SPPRC, 0.1, 2.4, 1.8, 0.3, 1, 49630.1457, 49494.7317, 0, 67
SPPRC, 0.0, 2.7, 1.9, 0.3, 1, 49628.8046, 49563.4428, 0, 38
SPPRC, 0.0, 2.7, 1.9, 0.3, 1, 49627.9426, 49602.0539, 0, 27
SPPRC, 0.1, 2.4, 1.8, 0.3, 1, 49627.7995, 49596.1969, 0, 8
SPPRC, 0.0, 2.4, 1.8, 0.3, 1, 49627.7203, 49597.4242, 0, 5
SPPRC, -0.0, 2.5, 1.8, 0.3, 1, 49627.6905, 49605.2623, 0, 6
SPPRC, 0.0, 2.7, 1.9, 0.3, 1, 49627.6424, 49627.6424, 0, 0
scip_total_time, 39885.672744
Solval, number of paths, impact cutoff
49627.64241116694, 338, 0.0001
Elementary, 2-Cycle, Path Value, Path
True, True, 0.2034, (0, 149, 277, 32, 261, 15, 340, 136, 250, 354, 89, 17, 0)
False, False, 0.081, (0, 6, 19, 148, 22, 148, 22, 148, 22, 148, 22, 148, 22, 148, 108, 0)
False, False, 0.0099, (0, 6, 148, 22, 148, 22, 148, 22, 148, 22, 148, 22, 148, 19, 6, 0)
False, False, 0.0279, (0, 6, 19, 96, 161, 96, 161, 96, 161, 96, 161, 96, 161, 96, 161, 96, 19, 6, 0)
False, False, 0.0149, (0, 316, 87, 165, 79, 165, 79, 165, 79, 165, 79, 165, 0)
False, False, 0.0849, (0, 66, 201, 270, 290, 265, 290, 265, 290, 265, 290, 145, 269, 0)
False, False, 0.1539, (0, 59, 115, 28, 115, 28, 115, 28, 115, 28, 115, 59, 0)
False, False, 0.0227, (0, 56, 266, 321, 266, 321, 266, 321, 266, 321, 266, 321, 266, 321, 266, 56, 0)
False, False, 0.0377, (0, 217, 54, 217, 54, 217, 54, 217, 54, 217, 0)
False, False, 0.0714, (0, 130, 317, 190, 192, 335, 114, 335, 114, 335, 114, 335, 114, 335, 114, 335, 114, 335, 192, 134, 0)
False, False, 0.0067, (0, 98, 90, 67, 140, 67, 140, 67, 140, 67, 90, 166, 98, 0)
False, False, 0.261, (0, 154, 205, 304, 203, 302, 249, 302, 249, 302, 203, 304, 205, 154, 0)
False, False, 0.0377, (0, 196, 210, 306, 210, 306, 210, 306, 210, 306, 210, 306, 210, 306, 210, 306, 210, 306, 210, 306, 210, 54, 0)
False, False, 0.1429, (0, 13, 257, 276, 219, 276, 219, 276, 219, 276, 219, 276, 219, 276, 219, 276, 270, 0)
False, False, 0.1378, (0, 177, 133, 177, 133, 177, 133, 177, 133, 177, 133, 177, 0)
False, False, 0.0279, (0, 167, 65, 226, 113, 296, 113, 296, 113, 226, 65, 167, 51, 0)
False, False, 0.0204, (0, 262, 295, 216, 104, 216, 104, 216, 104, 216, 104, 216, 295, 262, 16, 243, 0)
False, False, 0.0984, (0, 231, 36, 348, 56, 348, 56, 348, 56, 348, 56, 348, 56, 348, 36, 231, 0)
False, False, 0.0201, (0, 355, 243, 259, 179, 259, 179, 259, 243, 355, 73, 0)
False, False, 0.0655, (0, 122, 58, 292, 38, 292, 38, 292, 38, 292, 38, 292, 58, 122, 0)
False, False, 0.1105, (0, 153, 158, 40, 158, 40, 158, 40, 158, 153, 0)
False, False, 0.2318, (0, 3, 345, 351, 345, 351, 345, 3, 172, 0)
False, False, 0.0133, (0, 47, 109, 93, 345, 351, 345, 351, 345, 93, 0)
False, False, 0.0714, (0, 210, 306, 207, 264, 207, 264, 207, 264, 207, 306, 210, 0)
False, False, 0.0491, (0, 153, 8, 14, 68, 43, 68, 43, 68, 43, 68, 43, 68, 43, 14, 8, 153, 0)
False, False, 0.123, (0, 351, 10, 328, 10, 328, 10, 328, 10, 316, 0)
False, False, 0.1192, (0, 110, 131, 84, 83, 84, 83, 84, 83, 84, 110, 0)
False, False, 0.0207, (0, 6, 19, 51, 314, 157, 324, 144, 324, 144, 324, 144, 324, 144, 157, 314, 51, 19, 6, 0)
False, False, 0.0879, (0, 119, 127, 357, 253, 78, 253, 78, 253, 357, 127, 328, 0)
False, False, 0.057, (0, 270, 257, 102, 234, 102, 234, 102, 234, 102, 257, 0)
False, False, 0.0973, (0, 178, 47, 109, 339, 194, 339, 194, 339, 194, 339, 109, 47, 0)
False, False, 0.1539, (0, 66, 340, 150, 46, 64, 126, 64, 126, 64, 126, 64, 126, 64, 46, 150, 340, 0)
False, False, 0.0794, (0, 13, 26, 293, 34, 293, 34, 293, 26, 293, 26, 13, 340, 0)
False, False, 0.0045, (0, 59, 120, 130, 239, 317, 239, 317, 239, 317, 239, 317, 239, 130, 120, 59, 0)
False, False, 0.0213, (0, 66, 150, 46, 126, 85, 170, 160, 170, 160, 170, 85, 46, 150, 0)
False, False, 0.0481, (0, 42, 193, 95, 222, 191, 222, 95, 222, 95, 193, 42, 0)
False, False, 0.035, (0, 152, 105, 338, 125, 75, 84, 75, 84, 83, 75, 125, 338, 105, 152, 0)
False, False, 0.0448, (0, 282, 247, 11, 274, 11, 274, 11, 274, 11, 282, 0)
False, False, 0.2857, (0, 62, 213, 291, 207, 333, 264, 333, 264, 333, 207, 291, 213, 62, 0)
False, False, 0.0348, (0, 143, 326, 284, 326, 284, 326, 284, 326, 284, 326, 143, 215, 279, 0)
False, False, 0.1339, (0, 19, 96, 161, 45, 296, 113, 296, 113, 296, 226, 167, 0)
False, False, 0.0714, (0, 130, 190, 192, 114, 335, 114, 335, 114, 335, 114, 335, 114, 335, 114, 335, 114, 335, 114, 192, 190, 130, 0)
False, False, 0.1232, (0, 242, 246, 173, 246, 173, 246, 242, 0)
False, False, 0.0361, (0, 110, 131, 84, 75, 84, 75, 84, 75, 84, 75, 84, 131, 110, 0)
False, False, 0.2673, (0, 268, 267, 300, 352, 300, 352, 300, 352, 195, 2, 25, 0)
False, False, 0.1527, (0, 167, 65, 123, 122, 58, 218, 77, 218, 77, 58, 122, 123, 65, 167, 0)
False, False, 0.0252, (0, 316, 73, 149, 277, 32, 277, 32, 277, 32, 277, 149, 0)
False, False, 0.2714, (0, 253, 78, 229, 147, 229, 147, 229, 147, 78, 253, 0)
False, False, 0.0784, (0, 197, 278, 155, 100, 196, 100, 196, 100, 155, 278, 220, 197, 0)
False, False, 0.0359, (0, 63, 325, 7, 1, 166, 1, 166, 1, 7, 325, 63, 34, 0)
False, False, 0.0941, (0, 63, 7, 1, 90, 39, 151, 39, 151, 37, 271, 71, 200, 285, 0)
False, False, 0.0722, (0, 13, 34, 63, 325, 7, 1, 166, 1, 166, 1, 7, 63, 34, 13, 0)
False, False, 0.1747, (0, 96, 161, 45, 168, 12, 168, 12, 168, 12, 168, 12, 45, 161, 96, 0)
False, False, 0.1522, (0, 197, 278, 155, 100, 196, 100, 196, 100, 155, 278, 197, 109, 0)
False, False, 0.2605, (0, 256, 285, 200, 71, 271, 254, 271, 71, 200, 285, 256, 0)
False, False, 0.1132, (0, 81, 33, 227, 272, 97, 272, 97, 272, 227, 33, 294, 0)
False, False, 0.078, (0, 32, 261, 15, 261, 15, 261, 32, 277, 149, 0)
False, False, 0.0286, (0, 119, 127, 357, 142, 53, 142, 53, 142, 53, 142, 357, 127, 0)
False, False, 0.0196, (0, 224, 262, 295, 104, 216, 104, 216, 104, 216, 104, 295, 262, 224, 243, 0)
False, False, 0.097, (0, 50, 52, 21, 82, 21, 82, 21, 82, 21, 82, 21, 82, 21, 82, 21, 82, 21, 52, 50, 0)
False, False, 0.1311, (0, 282, 31, 294, 237, 294, 237, 294, 237, 294, 237, 294, 237, 294, 31, 282, 0)
False, False, 0.1225, (0, 46, 85, 170, 160, 74, 325, 74, 325, 74, 160, 170, 85, 46, 0)
False, False, 0.1555, (0, 133, 87, 172, 303, 73, 303, 172, 87, 172, 87, 133, 0)
False, False, 0.0578, (0, 303, 73, 175, 353, 175, 353, 175, 353, 175, 73, 303, 0)
False, False, 0.1805, (0, 47, 109, 18, 194, 339, 194, 339, 194, 18, 109, 47, 178, 0)
False, False, 0.1039, (0, 150, 85, 170, 160, 74, 325, 7, 325, 7, 325, 74, 160, 170, 85, 150, 0)
False, False, 0.0215, (0, 153, 158, 163, 158, 163, 158, 163, 158, 163, 158, 163, 158, 153, 0)
False, False, 0.0361, (0, 118, 30, 171, 44, 171, 44, 171, 44, 171, 30, 118, 251, 0)
False, False, 0.0838, (0, 260, 214, 268, 267, 91, 313, 91, 313, 91, 267, 268, 173, 0)
False, False, 0.1288, (0, 36, 348, 321, 266, 321, 266, 321, 266, 321, 348, 36, 0)
False, False, 0.1606, (0, 59, 9, 134, 190, 319, 233, 319, 233, 319, 190, 134, 9, 0)
False, False, 0.0154, (0, 174, 86, 286, 183, 286, 183, 286, 183, 286, 183, 286, 86, 0)
False, False, 0.2706, (0, 59, 120, 130, 239, 223, 217, 54, 217, 54, 217, 54, 196, 0)
False, False, 0.0433, (0, 85, 153, 158, 40, 163, 40, 163, 40, 163, 90, 166, 98, 0)
False, False, 0.0301, (0, 36, 56, 266, 321, 266, 321, 266, 321, 266, 321, 266, 56, 36, 0)
False, False, 0.1418, (0, 275, 25, 157, 144, 324, 144, 324, 144, 324, 144, 157, 25, 275, 0)
False, False, 0.2363, (0, 178, 3, 93, 18, 93, 18, 93, 3, 178, 0)
False, False, 0.1161, (0, 119, 50, 52, 312, 141, 111, 141, 111, 141, 312, 52, 50, 0)
False, False, 0.3954, (0, 70, 244, 241, 69, 323, 69, 241, 244, 70, 263, 0)
False, False, 0.0867, (0, 177, 154, 205, 174, 162, 174, 162, 174, 162, 174, 205, 154, 177, 0)
False, False, 0.0745, (0, 119, 88, 164, 307, 164, 307, 164, 307, 164, 307, 164, 307, 164, 307, 164, 307, 164, 88, 119, 0)
False, False, 0.1173, (0, 178, 47, 109, 93, 345, 351, 345, 93, 47, 178, 0)
False, False, 0.0714, (0, 220, 62, 213, 291, 207, 264, 333, 264, 333, 264, 207, 306, 210, 0)
False, False, 0.1117, (0, 120, 9, 317, 239, 317, 239, 317, 239, 317, 9, 120, 0)
False, False, 0.0453, (0, 154, 205, 174, 162, 174, 162, 174, 162, 174, 162, 174, 205, 0)
False, False, 0.2158, (0, 195, 247, 11, 274, 310, 299, 310, 274, 11, 247, 195, 0)
False, False, 0.1156, (0, 295, 206, 145, 356, 145, 356, 145, 356, 145, 206, 295, 0)
False, False, 0.1645, (0, 152, 105, 27, 338, 132, 125, 132, 125, 338, 27, 105, 152, 21, 0)
False, False, 0.0676, (0, 270, 323, 234, 102, 234, 102, 234, 102, 323, 270, 0)
False, False, 0.1974, (0, 88, 164, 307, 164, 307, 146, 117, 146, 117, 146, 117, 146, 117, 88, 0)
False, False, 0.0035, (0, 153, 8, 14, 68, 43, 140, 67, 140, 67, 39, 90, 166, 98, 0)
False, False, 0.1619, (0, 127, 357, 53, 142, 53, 142, 53, 142, 53, 357, 328, 0)
False, False, 0.2032, (0, 304, 203, 249, 353, 175, 353, 175, 353, 175, 249, 302, 203, 304, 0)
False, False, 0.2429, (0, 337, 329, 279, 336, 215, 336, 215, 336, 279, 329, 337, 231, 0)
False, False, 0.0638, (0, 351, 42, 328, 10, 328, 10, 351, 3, 0)
False, True, 0.0574, (0, 282, 247, 11, 274, 310, 299, 274, 11, 247, 282, 0)
False, False, 0.0838, (0, 198, 173, 268, 267, 313, 91, 313, 91, 313, 267, 268, 0)
False, False, 0.2404, (0, 34, 63, 98, 254, 37, 151, 39, 151, 39, 90, 1, 7, 63, 34, 0)
False, False, 0.0494, (0, 49, 221, 187, 225, 283, 211, 4, 211, 4, 211, 4, 211, 283, 225, 187, 221, 0)
False, False, 0.0663, (0, 270, 323, 102, 234, 102, 234, 102, 69, 241, 0)
False, False, 0.0941, (0, 110, 84, 83, 75, 83, 75, 83, 75, 83, 75, 83, 75, 83, 75, 84, 110, 0)
False, False, 0.0055, (0, 236, 298, 129, 331, 182, 231, 182, 231, 182, 129, 298, 0)
False, False, 0.2191, (0, 162, 86, 286, 183, 286, 183, 286, 183, 286, 183, 86, 162, 0)
False, False, 0.2379, (0, 230, 235, 242, 212, 258, 212, 258, 212, 258, 212, 242, 0)
False, False, 0.1222, (0, 237, 33, 227, 272, 97, 272, 97, 272, 227, 33, 237, 231, 0)
False, False, 0.1268, (0, 316, 73, 106, 149, 10, 328, 10, 328, 10, 351, 0)
False, False, 0.1163, (0, 130, 184, 358, 322, 327, 273, 327, 273, 327, 322, 358, 184, 223, 0)
False, False, 0.0842, (0, 49, 99, 199, 204, 35, 204, 35, 204, 199, 99, 137, 0)
False, False, 0.1732, (0, 347, 318, 289, 5, 289, 5, 289, 5, 289, 5, 289, 5, 318, 347, 0)
False, False, 0.1022, (0, 316, 111, 110, 112, 131, 112, 131, 112, 131, 112, 131, 112, 110, 111, 0)
False, False, 0.0002, (0, 184, 358, 322, 327, 273, 327, 273, 327, 322, 358, 184, 306, 0)
False, False, 0.3333, (0, 282, 31, 240, 332, 240, 332, 240, 332, 56, 36, 0)
False, False, 0.0026, (0, 106, 119, 127, 357, 253, 78, 253, 78, 253, 357, 127, 119, 106, 0)
False, False, 0.0076, (0, 49, 99, 181, 308, 342, 349, 342, 349, 342, 308, 181, 99, 49, 0)
False, False, 0.0438, (0, 316, 303, 73, 353, 175, 353, 175, 353, 175, 353, 249, 203, 304, 154, 0)
False, False, 0.0663, (0, 70, 244, 323, 257, 323, 257, 323, 241, 70, 0)
False, False, 0.2375, (0, 66, 305, 350, 238, 263, 238, 263, 238, 350, 305, 89, 17, 106, 73, 0)
False, False, 0.0476, (0, 88, 251, 118, 251, 118, 251, 118, 251, 229, 78, 0)
False, False, 0.125, (0, 143, 311, 284, 326, 284, 326, 284, 326, 284, 311, 143, 334, 330, 0)
False, False, 0.1383, (0, 82, 117, 146, 105, 27, 44, 171, 44, 171, 232, 192, 134, 0)
False, False, 0.0554, (0, 108, 252, 275, 189, 230, 235, 230, 235, 230, 235, 230, 189, 275, 0)
False, False, 0.0282, (0, 255, 248, 169, 248, 169, 248, 169, 248, 2, 0)
False, False, 0.1412, (0, 317, 190, 192, 232, 30, 232, 30, 232, 30, 232, 30, 232, 192, 134, 9, 0)
False, False, 0.0683, (0, 316, 355, 243, 224, 16, 224, 16, 224, 16, 224, 16, 224, 16, 224, 16, 224, 16, 224, 16, 224, 16, 224, 16, 224, 243, 355, 0)
False, False, 0.1188, (0, 66, 305, 354, 250, 136, 280, 201, 280, 136, 250, 354, 305, 66, 0)
False, False, 0.1343, (0, 247, 274, 310, 299, 33, 227, 33, 299, 310, 81, 0)
False, False, 0.2, (0, 223, 184, 358, 322, 273, 327, 273, 327, 273, 322, 184, 223, 0)
False, False, 0.2325, (0, 106, 149, 277, 261, 15, 261, 32, 277, 149, 106, 0)
False, False, 0.1066, (0, 152, 105, 338, 132, 125, 132, 125, 132, 125, 132, 338, 105, 152, 0)
False, False, 0.1046, (0, 224, 262, 295, 216, 104, 216, 104, 216, 104, 216, 104, 216, 295, 262, 224, 0)
False, True, 0.0136, (0, 81, 227, 272, 97, 80, 55, 135, 76, 55, 80, 311, 334, 330, 0)
False, False, 0.1301, (0, 154, 205, 347, 318, 60, 48, 60, 48, 60, 48, 60, 318, 347, 86, 174, 0)
False, False, 0.0404, (0, 32, 15, 50, 312, 52, 312, 52, 50, 15, 32, 106, 0)
False, False, 0.1184, (0, 13, 26, 293, 26, 293, 26, 293, 26, 46, 150, 340, 0)
False, False, 0.0909, (0, 86, 6, 19, 22, 148, 22, 148, 22, 148, 22, 148, 22, 148, 22, 19, 6, 0)
False, False, 0.0832, (0, 47, 18, 339, 194, 339, 194, 339, 18, 47, 0)
False, False, 0.1005, (0, 32, 15, 50, 312, 52, 312, 52, 312, 52, 50, 0)
False, False, 0.1255, (0, 51, 314, 281, 309, 65, 123, 226, 123, 226, 123, 65, 309, 23, 281, 314, 51, 0)
False, False, 0.0534, (0, 228, 285, 200, 71, 254, 37, 254, 37, 254, 71, 200, 285, 228, 0)
False, False, 0.0992, (0, 98, 166, 90, 163, 158, 163, 158, 163, 40, 163, 40, 163, 90, 166, 98, 0)
False, False, 0.1851, (0, 165, 79, 165, 79, 165, 79, 165, 79, 165, 79, 0)
False, False, 0.0149, (0, 79, 47, 109, 93, 345, 351, 345, 93, 47, 178, 0)
False, False, 0.076, (0, 231, 36, 348, 266, 321, 266, 321, 266, 321, 266, 348, 36, 231, 0)
False, False, 0.0154, (0, 154, 174, 86, 183, 286, 183, 286, 183, 286, 183, 86, 174, 162, 0)
False, False, 0.1068, (0, 245, 101, 20, 116, 128, 124, 176, 124, 176, 124, 128, 116, 20, 101, 245, 0)
False, False, 0.1429, (0, 2, 169, 248, 169, 248, 169, 248, 169, 2, 0)
False, False, 0.0975, (0, 245, 101, 20, 116, 128, 124, 176, 94, 176, 124, 128, 116, 20, 211, 0)
False, False, 0.0768, (0, 15, 150, 46, 126, 64, 126, 64, 126, 64, 46, 150, 15, 0)
False, False, 0.0279, (0, 314, 281, 65, 123, 226, 113, 296, 113, 296, 45, 161, 19, 0)
False, False, 0.0872, (0, 251, 30, 171, 44, 171, 44, 27, 44, 171, 30, 232, 192, 134, 0)
False, False, 0.0663, (0, 46, 126, 85, 170, 160, 170, 160, 170, 85, 126, 46, 0)
False, False, 0.0607, (0, 152, 84, 8, 14, 68, 43, 68, 43, 68, 43, 68, 43, 68, 14, 8, 153, 0)
False, False, 0.0303, (0, 219, 37, 151, 39, 67, 140, 67, 140, 43, 14, 8, 153, 85, 0)
False, False, 0.0332, (0, 87, 303, 172, 303, 73, 303, 73, 303, 172, 87, 0)
False, False, 0.1, (0, 31, 186, 315, 186, 315, 186, 315, 186, 315, 186, 237, 294, 31, 282, 0)
False, False, 0.0461, (0, 252, 25, 157, 324, 144, 324, 144, 324, 144, 324, 144, 157, 25, 252, 0)
False, False, 0.0053, (0, 49, 181, 308, 349, 287, 57, 287, 57, 287, 342, 188, 225, 187, 221, 0)
False, False, 0.0581, (0, 355, 243, 350, 305, 350, 238, 263, 238, 263, 238, 350, 243, 355, 0)
False, False, 0.0335, (0, 19, 96, 161, 45, 168, 45, 168, 12, 168, 12, 168, 12, 168, 45, 161, 96, 19, 0)
False, False, 0.0572, (0, 29, 88, 251, 118, 251, 118, 251, 118, 251, 118, 88, 29, 0)
False, False, 0.1003, (0, 198, 246, 173, 246, 173, 246, 235, 230, 198, 0)
False, False, 0.1192, (0, 260, 258, 288, 185, 297, 185, 297, 185, 297, 185, 288, 258, 242, 0)
False, False, 0.1262, (0, 42, 193, 222, 191, 222, 107, 222, 95, 193, 42, 0)
False, False, 0.1206, (0, 181, 308, 349, 287, 57, 220, 197, 220, 57, 287, 349, 308, 181, 99, 49, 0)
False, False, 0.1071, (0, 208, 24, 208, 24, 208, 24, 138, 24, 138, 24, 138, 24, 208, 138, 24, 208, 0)
False, False, 0.0354, (0, 62, 213, 291, 94, 176, 94, 176, 124, 176, 94, 176, 94, 291, 213, 62, 0)
False, False, 0.0573, (0, 355, 243, 350, 305, 350, 305, 350, 305, 350, 305, 66, 0)
False, False, 0.0537, (0, 181, 308, 349, 287, 57, 287, 57, 287, 57, 220, 197, 191, 95, 0)
False, False, 0.0769, (0, 247, 11, 274, 310, 299, 33, 299, 274, 11, 247, 0)
False, False, 0.1, (0, 108, 252, 156, 344, 156, 344, 209, 344, 156, 344, 156, 252, 108, 0)
False, False, 0.0978, (0, 52, 110, 112, 131, 112, 131, 112, 131, 112, 131, 112, 110, 111, 0)
False, False, 0.0383, (0, 115, 28, 120, 28, 120, 28, 115, 28, 115, 0)
False, False, 0.0374, (0, 120, 130, 239, 223, 306, 210, 306, 210, 306, 210, 306, 210, 306, 210, 306, 223, 239, 130, 120, 0)
False, False, 0.1667, (0, 119, 127, 357, 159, 29, 159, 29, 159, 29, 159, 29, 159, 29, 159, 127, 0)
False, False, 0.0499, (0, 150, 85, 170, 160, 74, 1, 166, 1, 74, 160, 170, 85, 150, 0)
False, False, 0.0737, (0, 160, 153, 158, 40, 163, 40, 163, 40, 158, 153, 0)
False, False, 0.0146, (0, 281, 309, 122, 58, 218, 77, 38, 292, 38, 292, 38, 77, 58, 122, 167, 0)
False, False, 0.0093, (0, 260, 288, 129, 182, 121, 202, 121, 202, 121, 202, 121, 182, 129, 298, 236, 0)
False, False, 0.0201, (0, 242, 212, 258, 288, 185, 297, 185, 297, 185, 236, 179, 0)
False, False, 0.0108, (0, 99, 181, 308, 349, 287, 57, 287, 57, 220, 57, 287, 349, 308, 181, 0)
False, False, 0.1378, (0, 260, 288, 214, 268, 267, 313, 91, 313, 91, 313, 91, 267, 268, 0)
False, False, 0.1234, (0, 13, 257, 234, 102, 234, 102, 234, 102, 234, 257, 270, 0)
False, False, 0.2864, (0, 220, 62, 213, 291, 94, 176, 94, 124, 128, 116, 20, 101, 283, 245, 0)
False, False, 0.0195, (0, 88, 307, 27, 338, 132, 125, 132, 125, 338, 27, 105, 152, 21, 0)
False, False, 0.1176, (0, 6, 19, 51, 314, 281, 255, 2, 195, 2, 195, 2, 255, 324, 157, 25, 0)
False, False, 0.0282, (0, 88, 307, 27, 338, 125, 132, 125, 132, 125, 338, 27, 307, 29, 0)
False, False, 0.0448, (0, 247, 11, 310, 299, 310, 299, 310, 11, 247, 0)
False, False, 0.0119, (0, 270, 219, 254, 37, 151, 39, 151, 39, 151, 37, 254, 98, 63, 34, 0)
False, False, 0.0346, (0, 283, 101, 20, 128, 116, 128, 116, 20, 101, 283, 0)
False, False, 0.01, (0, 193, 95, 222, 191, 107, 222, 107, 222, 95, 193, 42, 0)
False, False, 0.0066, (0, 50, 312, 21, 82, 21, 82, 21, 82, 21, 82, 21, 82, 21, 312, 50, 0)
False, False, 0.1962, (0, 51, 314, 281, 255, 23, 139, 309, 139, 23, 139, 23, 255, 281, 314, 51, 0)
False, False, 0.069, (0, 337, 329, 279, 180, 301, 228, 301, 180, 279, 329, 337, 56, 0)
False, False, 0.1097, (0, 96, 161, 45, 296, 113, 296, 113, 226, 123, 65, 0)
False, False, 0.0903, (0, 330, 343, 320, 103, 61, 103, 61, 103, 61, 103, 61, 103, 61, 334, 33, 299, 81, 0)
False, False, 0.0752, (0, 174, 86, 347, 318, 60, 48, 60, 48, 6, 48, 6, 48, 6, 48, 60, 318, 347, 86, 0)
False, False, 0.0553, (0, 316, 87, 303, 87, 303, 73, 303, 87, 172, 87, 0)
False, False, 0.0361, (0, 88, 117, 146, 105, 27, 44, 27, 105, 146, 117, 88, 0)
False, False, 0.0842, (0, 260, 288, 297, 185, 297, 185, 297, 185, 297, 185, 297, 185, 297, 288, 260, 0)
False, False, 0.0216, (0, 137, 187, 225, 188, 342, 349, 342, 188, 308, 181, 99, 0)
False, False, 0.3132, (0, 355, 243, 259, 179, 259, 179, 259, 179, 355, 316, 0)
False, False, 0.0335, (0, 347, 318, 60, 108, 5, 289, 5, 289, 5, 289, 5, 108, 6, 60, 318, 347, 0)
False, False, 0.0085, (0, 152, 105, 338, 125, 75, 83, 75, 83, 75, 83, 75, 83, 75, 83, 75, 84, 131, 110, 0)
False, False, 0.06, (0, 118, 30, 171, 44, 171, 44, 27, 44, 171, 30, 118, 0)
False, False, 0.0304, (0, 59, 120, 9, 134, 192, 190, 192, 190, 192, 190, 192, 134, 9, 120, 0)
False, False, 0.1054, (0, 236, 298, 104, 216, 104, 216, 104, 216, 104, 295, 262, 16, 243, 0)
False, False, 0.0554, (0, 275, 198, 230, 235, 242, 235, 242, 235, 230, 189, 275, 0)
False, False, 0.1049, (0, 180, 301, 180, 301, 180, 301, 180, 279, 329, 337, 0)
False, False, 0.0137, (0, 137, 221, 225, 188, 342, 349, 342, 188, 225, 187, 221, 137, 0)
False, False, 0.0926, (0, 81, 227, 97, 80, 55, 76, 135, 76, 55, 80, 311, 143, 334, 0)
False, False, 0.1805, (0, 81, 292, 38, 292, 38, 292, 38, 77, 218, 58, 122, 123, 167, 0)
False, False, 0.055, (0, 260, 297, 129, 331, 182, 231, 182, 331, 129, 298, 236, 0)
False, False, 0.0508, (0, 262, 295, 206, 269, 206, 269, 206, 269, 145, 269, 206, 295, 262, 0)
False, False, 0.075, (0, 6, 19, 156, 344, 209, 344, 209, 344, 209, 344, 209, 156, 19, 6, 0)
False, False, 0.1007, (0, 157, 255, 23, 139, 309, 139, 309, 139, 23, 255, 157, 25, 0)
False, False, 0.1796, (0, 49, 181, 308, 349, 287, 57, 287, 57, 278, 57, 287, 349, 308, 181, 49, 0)
False, False, 0.1146, (0, 157, 248, 169, 248, 169, 248, 169, 248, 255, 314, 51, 0)
False, False, 0.0335, (0, 347, 108, 252, 275, 189, 198, 189, 198, 189, 198, 189, 198, 189, 275, 289, 0)
False, False, 0.0747, (0, 82, 152, 105, 27, 338, 132, 125, 132, 125, 338, 27, 105, 152, 82, 0)
False, False, 0.0701, (0, 66, 150, 85, 170, 160, 74, 325, 74, 325, 74, 325, 74, 160, 170, 85, 0)
False, False, 0.0935, (0, 119, 52, 312, 141, 111, 141, 111, 141, 111, 141, 312, 50, 119, 0)
False, False, 0.0509, (0, 59, 120, 130, 317, 239, 317, 239, 317, 239, 317, 9, 317, 130, 120, 0)
False, False, 0.0934, (0, 81, 299, 33, 227, 272, 97, 272, 97, 272, 227, 334, 330, 0)
False, False, 0.0849, (0, 231, 202, 356, 265, 290, 265, 290, 265, 356, 202, 231, 0)
False, False, 0.0049, (0, 180, 301, 228, 301, 228, 301, 215, 336, 329, 337, 0)
False, False, 0.0116, (0, 355, 236, 298, 129, 331, 182, 331, 129, 298, 236, 355, 0)
False, False, 0.0869, (0, 137, 221, 199, 225, 188, 308, 188, 225, 187, 199, 221, 137, 0)
False, False, 0.1153, (0, 245, 283, 101, 116, 128, 116, 128, 20, 101, 283, 0)
False, False, 0.0663, (0, 70, 241, 69, 323, 257, 323, 69, 323, 270, 0)
False, False, 0.0086, (0, 25, 157, 144, 324, 144, 324, 144, 324, 144, 157, 25, 189, 0)
False, False, 0.0686, (0, 130, 317, 190, 192, 232, 171, 44, 27, 44, 171, 30, 118, 251, 0)
False, False, 0.1712, (0, 270, 257, 72, 341, 72, 341, 72, 341, 72, 341, 293, 26, 13, 0)
False, False, 0.0328, (0, 25, 157, 324, 144, 324, 144, 324, 144, 324, 144, 324, 157, 25, 0)
False, False, 0.2279, (0, 42, 193, 95, 222, 107, 191, 107, 191, 107, 95, 193, 42, 0)
False, False, 0.061, (0, 219, 254, 271, 37, 151, 39, 151, 39, 90, 1, 7, 63, 0)
False, False, 0.1131, (0, 17, 89, 354, 250, 136, 280, 201, 280, 201, 280, 201, 280, 201, 238, 350, 66, 0)
False, False, 0.0722, (0, 330, 334, 143, 311, 80, 55, 135, 76, 135, 76, 135, 55, 80, 97, 81, 0)
False, False, 0.0445, (0, 34, 63, 325, 7, 1, 166, 1, 7, 325, 74, 160, 170, 85, 0)
False, False, 0.049, (0, 108, 252, 275, 189, 198, 189, 198, 189, 198, 189, 198, 189, 275, 252, 108, 347, 0)
False, False, 0.1347, (0, 152, 338, 75, 8, 14, 68, 43, 140, 67, 140, 67, 39, 151, 37, 98, 0)
False, False, 0.0699, (0, 221, 187, 225, 188, 342, 4, 211, 4, 342, 308, 181, 99, 0)
False, False, 0.0222, (0, 109, 197, 220, 278, 155, 196, 100, 155, 100, 155, 278, 220, 197, 109, 0)
False, False, 0.0925, (0, 119, 50, 312, 141, 111, 141, 111, 110, 141, 312, 50, 119, 0)
False, False, 0.0842, (0, 137, 199, 35, 204, 35, 204, 35, 204, 35, 99, 137, 0)
False, False, 0.0902, (0, 334, 311, 326, 284, 326, 284, 326, 284, 326, 284, 326, 143, 0)
False, False, 0.026, (0, 316, 106, 149, 277, 32, 277, 32, 277, 32, 277, 149, 106, 172, 0)
False, False, 0.1, (0, 31, 315, 186, 315, 186, 315, 186, 315, 186, 315, 186, 315, 31, 282, 0)
False, False, 0.066, (0, 157, 2, 195, 352, 300, 352, 300, 352, 300, 267, 268, 0)
False, False, 0.1064, (0, 181, 197, 278, 155, 196, 100, 155, 100, 155, 278, 220, 197, 0)
False, False, 0.0825, (0, 108, 252, 275, 189, 198, 189, 198, 189, 198, 189, 198, 189, 275, 252, 108, 318, 0)
False, False, 0.0834, (0, 210, 306, 322, 327, 273, 327, 273, 327, 322, 358, 184, 223, 0)
False, False, 0.1648, (0, 275, 230, 235, 246, 173, 246, 173, 235, 230, 0)
False, False, 0.191, (0, 236, 298, 129, 331, 182, 331, 129, 298, 295, 262, 16, 243, 0)
False, False, 0.0833, (0, 180, 228, 256, 208, 138, 24, 138, 24, 138, 24, 138, 208, 244, 0)
False, False, 0.0698, (0, 228, 285, 200, 71, 271, 37, 254, 37, 271, 71, 200, 285, 256, 0)
False, False, 0.0284, (0, 260, 212, 214, 41, 214, 41, 214, 41, 214, 41, 288, 260, 0)
False, False, 0.0708, (0, 262, 206, 269, 145, 356, 145, 356, 145, 356, 145, 269, 206, 262, 0)
False, False, 0.1284, (0, 330, 334, 143, 311, 80, 55, 135, 76, 135, 55, 80, 311, 143, 215, 279, 0)
False, False, 0.1089, (0, 210, 306, 184, 358, 322, 358, 233, 319, 233, 319, 233, 190, 134, 9, 0)
False, False, 0.1333, (0, 17, 89, 354, 250, 136, 340, 136, 340, 136, 250, 354, 89, 17, 0)
False, False, 0.0669, (0, 19, 96, 161, 45, 168, 12, 168, 45, 12, 45, 12, 45, 161, 96, 19, 0)
False, False, 0.0729, (0, 193, 95, 222, 191, 107, 191, 107, 191, 222, 95, 193, 42, 0)
False, False, 0.0468, (0, 86, 347, 318, 60, 48, 60, 48, 60, 48, 6, 48, 6, 48, 60, 318, 347, 86, 0)
False, False, 0.051, (0, 109, 197, 220, 278, 155, 196, 155, 196, 100, 155, 278, 220, 197, 109, 0)
False, False, 0.0744, (0, 88, 251, 118, 251, 118, 251, 118, 251, 118, 88, 119, 0)
False, False, 0.1333, (0, 127, 357, 253, 78, 142, 53, 142, 53, 142, 357, 127, 0)
False, True, 0.0195, (0, 137, 221, 187, 225, 188, 342, 349, 308, 188, 225, 187, 221, 137, 0)
False, False, 0.0048, (0, 59, 253, 78, 147, 229, 147, 229, 147, 78, 253, 357, 0)
False, False, 0.1604, (0, 236, 298, 182, 121, 202, 121, 202, 121, 202, 121, 202, 121, 202, 121, 182, 0)
False, False, 0.0578, (0, 59, 28, 120, 28, 120, 28, 115, 28, 115, 191, 0)
False, False, 0.0244, (0, 106, 277, 32, 261, 15, 261, 15, 261, 32, 17, 106, 316, 0)
False, False, 0.1667, (0, 245, 283, 211, 4, 346, 92, 346, 92, 346, 92, 346, 92, 346, 92, 346, 92, 4, 211, 225, 187, 221, 0)
False, False, 0.014, (0, 242, 258, 288, 185, 297, 185, 297, 185, 297, 288, 258, 242, 0)
False, False, 0.0595, (0, 180, 228, 256, 208, 138, 208, 138, 208, 138, 208, 138, 208, 244, 0)
False, False, 0.0156, (0, 247, 11, 274, 310, 299, 310, 299, 274, 11, 247, 0)
False, False, 0.0559, (0, 173, 268, 267, 313, 91, 313, 91, 313, 91, 25, 252, 0)
False, False, 0.0828, (0, 269, 356, 290, 265, 290, 265, 290, 265, 356, 0)
False, False, 0.0807, (0, 269, 356, 265, 290, 265, 290, 265, 290, 145, 269, 0)
False, False, 0.1171, (0, 167, 65, 226, 113, 296, 113, 296, 113, 226, 65, 309, 281, 0)
False, False, 0.014, (0, 205, 304, 203, 249, 353, 175, 353, 175, 353, 249, 302, 203, 304, 0)
False, False, 0.1164, (0, 167, 226, 122, 58, 218, 77, 218, 77, 218, 77, 218, 58, 122, 309, 0)
False, False, 0.0351, (0, 154, 205, 174, 162, 174, 162, 174, 86, 174, 162, 174, 205, 154, 0)
False, False, 0.0164, (0, 210, 306, 184, 358, 322, 358, 322, 358, 233, 319, 233, 319, 192, 134, 9, 0)
False, False, 0.0557, (0, 17, 89, 354, 250, 201, 280, 201, 280, 201, 280, 201, 280, 201, 250, 354, 89, 17, 0)
False, False, 0.0227, (0, 59, 120, 9, 251, 118, 251, 118, 251, 118, 251, 88, 29, 0)
False, False, 0.0429, (0, 59, 253, 78, 147, 229, 147, 229, 147, 229, 147, 78, 59, 0)
False, True, 0.0458, (0, 34, 63, 7, 1, 166, 37, 271, 254, 37, 166, 1, 7, 63, 0)
True, True, 0.0244, (0, 106, 149, 277, 32, 261, 15, 340, 136, 250, 354, 89, 66, 0)
False, False, 0.0458, (0, 330, 334, 143, 311, 76, 135, 76, 135, 76, 135, 76, 135, 55, 80, 227, 81, 0)
False, False, 0.0139, (0, 98, 166, 90, 67, 140, 67, 140, 43, 68, 14, 8, 153, 160, 85, 0)
False, False, 0.2438, (0, 137, 187, 225, 188, 342, 349, 342, 188, 199, 99, 0)
False, False, 0.045, (0, 120, 130, 239, 184, 358, 322, 358, 233, 319, 233, 319, 233, 358, 184, 239, 130, 0)
False, False, 0.0051, (0, 263, 70, 241, 69, 323, 69, 241, 70, 145, 0)
False, False, 0.2838, (0, 98, 166, 90, 67, 140, 67, 140, 43, 68, 14, 8, 14, 8, 153, 0)
False, False, 0.0004, (0, 51, 314, 255, 23, 139, 309, 139, 23, 139, 23, 255, 157, 0)
False, False, 0.0509, (0, 281, 309, 122, 58, 77, 38, 292, 38, 292, 38, 77, 58, 122, 226, 167, 0)
False, False, 0.0067, (0, 210, 306, 184, 358, 322, 358, 322, 358, 233, 319, 233, 319, 233, 358, 184, 306, 210, 0)
False, False, 0.1028, (0, 236, 298, 129, 331, 182, 331, 182, 129, 236, 0)
False, False, 0.0126, (0, 245, 20, 124, 176, 94, 176, 94, 176, 94, 176, 94, 176, 124, 20, 101, 245, 0)
False, False, 0.0736, (0, 236, 129, 41, 214, 41, 214, 41, 214, 41, 288, 260, 0)
False, False, 0.0692, (0, 228, 285, 200, 71, 271, 254, 37, 254, 271, 71, 200, 285, 0)
False, False, 0.0082, (0, 262, 206, 145, 356, 145, 356, 145, 356, 145, 206, 263, 350, 0)
False, False, 0.0548, (0, 130, 239, 223, 184, 358, 233, 319, 233, 319, 233, 319, 190, 134, 9, 0)
False, False, 0.0218, (0, 17, 89, 354, 250, 280, 201, 280, 201, 280, 201, 280, 136, 250, 354, 89, 17, 0)
False, False, 0.0244, (0, 42, 193, 95, 222, 191, 222, 107, 222, 95, 42, 0)
False, False, 0.0261, (0, 51, 314, 281, 23, 139, 309, 139, 309, 139, 23, 139, 23, 255, 314, 51, 0)
False, False, 0.0111, (0, 167, 65, 226, 296, 113, 296, 113, 296, 45, 161, 96, 0)
False, False, 0.15, (0, 108, 252, 156, 209, 344, 209, 344, 209, 156, 209, 156, 252, 108, 0)
False, False, 0.005, (0, 167, 65, 122, 58, 218, 77, 218, 77, 218, 77, 218, 77, 58, 122, 0)
False, False, 0.0152, (0, 153, 8, 14, 43, 140, 67, 140, 43, 68, 43, 14, 8, 84, 152, 0)
False, False, 0.2381, (0, 337, 329, 336, 215, 301, 228, 256, 228, 301, 180, 0)
False, False, 0.0053, (0, 181, 308, 349, 287, 57, 287, 57, 220, 57, 197, 191, 95, 193, 0)
False, False, 0.0397, (0, 153, 158, 40, 163, 40, 163, 40, 163, 90, 166, 98, 219, 0)
False, False, 0.0769, (0, 137, 221, 187, 225, 188, 342, 4, 342, 188, 225, 187, 221, 0)
False, False, 0.0503, (0, 236, 298, 129, 331, 129, 331, 182, 129, 298, 236, 0)
False, False, 0.0424, (0, 245, 283, 101, 20, 124, 176, 94, 176, 94, 124, 94, 124, 20, 101, 245, 0)
False, False, 0.148, (0, 260, 288, 331, 41, 214, 41, 214, 41, 214, 41, 288, 260, 0)
False, False, 0.0815, (0, 262, 295, 206, 269, 206, 269, 206, 269, 206, 269, 206, 262, 0)
False, False, 0.039, (0, 270, 13, 26, 293, 34, 293, 34, 293, 26, 293, 26, 13, 270, 0)
False, False, 0.0044, (0, 330, 343, 320, 103, 61, 103, 61, 334, 61, 334, 61, 103, 61, 103, 320, 343, 330, 31, 0)
False, False, 0.1006, (0, 49, 99, 181, 308, 342, 4, 211, 4, 211, 4, 211, 283, 187, 221, 49, 0)
False, False, 0.056, (0, 330, 334, 311, 80, 55, 135, 76, 135, 76, 55, 80, 97, 227, 81, 0)
False, False, 0.0769, (0, 316, 87, 303, 73, 303, 73, 303, 172, 87, 172, 87, 0)
False, False, 0.1648, (0, 49, 99, 199, 204, 35, 204, 35, 204, 35, 199, 221, 137, 0)
False, False, 0.0252, (0, 236, 298, 129, 331, 182, 231, 182, 231, 182, 298, 236, 0)
False, False, 0.0053, (0, 245, 283, 101, 20, 124, 176, 94, 176, 94, 176, 124, 128, 116, 20, 245, 0)
False, False, 0.0631, (0, 13, 257, 341, 72, 341, 72, 341, 72, 341, 72, 341, 72, 257, 270, 0)
False, False, 0.0001, (0, 49, 221, 187, 225, 283, 211, 4, 211, 4, 211, 4, 342, 308, 181, 49, 0)
False, False, 0.0013, (0, 51, 314, 281, 255, 23, 139, 23, 139, 23, 139, 23, 281, 314, 51, 0)
False, False, 0.1079, (0, 279, 215, 143, 311, 80, 55, 76, 135, 76, 55, 80, 97, 81, 0)
False, False, 0.0084, (0, 98, 166, 90, 39, 67, 140, 67, 140, 67, 39, 151, 37, 98, 0)
False, False, 0.0047, (0, 167, 226, 122, 58, 218, 77, 218, 77, 218, 77, 58, 122, 226, 167, 0)
False, False, 0.0914, (0, 330, 343, 320, 343, 320, 343, 320, 343, 320, 343, 320, 343, 320, 103, 61, 103, 320, 343, 330, 0)
False, False, 0.0051, (0, 330, 334, 143, 311, 80, 55, 135, 76, 135, 76, 55, 80, 311, 143, 0)
False, False, 0.0282, (0, 337, 329, 336, 180, 301, 228, 256, 228, 301, 180, 0)
False, False, 0.0022, (0, 330, 334, 143, 311, 80, 55, 135, 76, 135, 76, 135, 76, 311, 143, 334, 330, 0)
False, False, 0.0013, (0, 88, 164, 307, 164, 307, 164, 307, 164, 307, 164, 307, 164, 307, 164, 118, 88, 29, 0)
False, False, 0.087, (0, 330, 343, 320, 343, 320, 103, 61, 334, 61, 334, 61, 103, 61, 103, 61, 103, 320, 343, 330, 0)
all_elementary, False
all_cyc2, False
