Instance, X-n393-k38
capacity, 78
min_trucks, 38
output_file, output_uchoa/X-n393-k38-cyc2.log
Start date, 2022-07-02
Start time, 10-41-21
capacity, 78
num_vehicles, 38
abort_early, False
methods, ['cyc2']
max_vars, 100
time_limit, 86400
farley, False
ESPPRC_heur, True
initial time, initial max_it, max_stale_it
1, 20000.0, 20
heuristic Number of routes, heuristic Best Solution Value, heuristic number of iterations, adjusted time, adjusted max_it, measured total time
394304, 38314.0, 20000, 1, 20000.0, 34691.0
method, python time, total time, propagated dominance time, unpropagated dominance time, pricing_success, upper_bound, lower_bound, abort_early, num_paths, 
ESPPRC_heur, 0.0, 1.5, 0.8, 0.2, 0, 37869.4887, 33057.606, True, 510
ESPPRC_heur, 0.1, 1.4, 0.8, 0.2, 0, 37869.4887, 36298.9764, True, 260
ESPPRC_heur, 0.0, 1.5, 0.8, 0.2, 0, 37862.9552, 36614.3802, True, 181
ESPPRC_heur, 0.1, 1.4, 0.8, 0.2, 0, 37858.6393, 36472.6514, True, 129
ESPPRC_heur, 0.1, 1.4, 0.8, 0.2, 0, 37858.3224, 37352.2754, True, 37
ESPPRC_heur, 0.1, 1.4, 0.8, 0.2, 0, 37856.9025, 37438.2475, True, 55
ESPPRC_heur, 0.1, 1.4, 0.8, 0.2, 0, 37856.7483, 37223.8756, True, 23
ESPPRC_heur, 0.0, 1.4, 0.8, 0.2, 0, 37856.3402, 37623.4541, True, 10
ESPPRC_heur, 0.0, 1.4, 0.8, 0.2, 0, 37855.1961, 37683.9862, True, 9
ESPPRC_heur, 0.0, 1.4, 0.8, 0.2, 0, 37855.066, 37776.6177, True, 2
ESPPRC_heur, 0.0, 1.4, 0.8, 0.2, 0, 37855.066, 37751.2799, True, 2
cyc2, 0.1, 16.5, 0.0, 0.0, 1, 37855.066, 33044.0962, 0, 5645
ESPPRC_heur, 0.1, 1.7, 0.9, 0.2, 0, 37813.2549, 35717.5766, True, 105
ESPPRC_heur, 0.0, 1.7, 0.9, 0.2, 0, 37812.6063, 36052.415, True, 71
ESPPRC_heur, 0.0, 1.7, 0.9, 0.2, 0, 37812.5143, 36540.3435, True, 24
ESPPRC_heur, -0.0, 1.7, 0.9, 0.2, 0, 37812.3053, 37640.217, True, 12
ESPPRC_heur, -0.0, 1.7, 0.9, 0.2, 0, 37812.061, 37756.3668, True, 3
ESPPRC_heur, -0.0, 1.7, 0.9, 0.2, 0, 37812.0593, 37800.8232, True, 2
cyc2, 0.1, 20.7, 0.0, 0.0, 1, 37812.0589, 32327.6582, 0, 4745
ESPPRC_heur, -0.0, 1.6, 0.8, 0.2, 0, 37779.8136, 36621.8416, True, 24
ESPPRC_heur, -0.0, 1.7, 0.9, 0.2, 0, 37779.5062, 37374.021, True, 16
ESPPRC_heur, 0.0, 1.7, 0.9, 0.2, 0, 37779.4534, 37565.1006, True, 7
cyc2, 0.1, 21.3, 0.0, 0.0, 1, 37779.452, 33406.5057, 0, 6028
ESPPRC_heur, 0.0, 1.4, 0.8, 0.2, 0, 37763.8814, 37428.0087, True, 15
ESPPRC_heur, 0.1, 1.4, 0.8, 0.2, 0, 37762.2903, 37550.1726, True, 3
ESPPRC_heur, -0.0, 1.5, 0.8, 0.2, 0, 37762.224, 37578.4245, True, 2
cyc2, 0.0, 16.3, 0.0, 0.0, 1, 37762.224, 33177.6667, 0, 3274
ESPPRC_heur, -0.0, 1.8, 0.9, 0.3, 0, 37743.8081, 36823.615, True, 41
ESPPRC_heur, -0.0, 1.8, 0.9, 0.3, 0, 37743.2059, 37124.0669, True, 11
ESPPRC_heur, -0.0, 1.8, 0.9, 0.3, 0, 37743.182, 37579.8852, True, 4
ESPPRC_heur, -0.0, 1.8, 0.9, 0.3, 0, 37743.0839, 37591.0839, True, 1
ESPPRC_heur, -0.0, 1.8, 0.9, 0.3, 0, 37743.0839, 37629.0839, True, 1
cyc2, 0.1, 28.1, 0.0, 0.0, 1, 37743.0839, 33088.8314, 0, 3189
ESPPRC_heur, 0.0, 1.4, 0.8, 0.2, 0, 37725.4723, 37557.2163, True, 4
ESPPRC_heur, 0.0, 1.4, 0.8, 0.2, 0, 37725.4723, 37717.2094, True, 1
cyc2, 0.1, 16.1, 0.0, 0.0, 1, 37725.4723, 35473.847, 0, 2851
ESPPRC_heur, -0.0, 1.5, 0.8, 0.2, 0, 37687.5846, 36881.3144, True, 47
ESPPRC_heur, 0.0, 1.4, 0.8, 0.2, 0, 37686.7591, 37565.1913, True, 6
ESPPRC_heur, -0.0, 1.5, 0.8, 0.2, 0, 37686.679, 37610.679, True, 2
ESPPRC_heur, 0.0, 1.4, 0.8, 0.2, 0, 37686.6744, 37575.9913, True, 1
cyc2, 0.1, 17.2, 0.0, 0.0, 1, 37686.6744, 34854.3339, 0, 2402
ESPPRC_heur, -0.0, 1.5, 0.8, 0.2, 0, 37655.4551, 37199.4551, True, 17
ESPPRC_heur, -0.0, 1.5, 0.8, 0.2, 0, 37654.9409, 37376.3038, True, 4
ESPPRC_heur, -0.0, 1.5, 0.8, 0.2, 0, 37654.6933, 37617.1237, True, 2
cyc2, 0.1, 17.0, 0.0, 0.0, 1, 37654.6904, 35867.0089, 0, 1744
ESPPRC_heur, 0.0, 1.5, 0.8, 0.2, 0, 37597.6013, 37129.3789, True, 31
ESPPRC_heur, 0.0, 1.6, 0.9, 0.2, 0, 37596.9815, 37502.9965, True, 9
ESPPRC_heur, -0.0, 1.5, 0.8, 0.2, 0, 37596.546, 37558.546, True, 3
ESPPRC_heur, -0.0, 1.6, 0.8, 0.2, 0, 37596.4976, 37594.898, True, 1
cyc2, 0.0, 16.1, 0.0, 0.0, 1, 37596.4973, 35907.5823, 0, 1551
ESPPRC_heur, 0.1, 1.6, 0.9, 0.2, 0, 37571.1841, 37195.3823, True, 27
ESPPRC_heur, 0.1, 1.6, 0.9, 0.2, 0, 37570.99, 37304.99, True, 13
ESPPRC_heur, 0.0, 1.6, 0.9, 0.2, 0, 37570.9701, 37537.2787, True, 2
cyc2, 0.1, 17.8, 0.0, 0.0, 1, 37570.9691, 36274.409, 0, 1189
ESPPRC_heur, -0.0, 1.5, 0.8, 0.2, 0, 37556.7664, 37223.5264, True, 31
ESPPRC_heur, 0.0, 1.4, 0.8, 0.2, 0, 37556.6208, 37477.5384, True, 4
cyc2, 0.1, 24.5, 0.0, 0.0, 1, 37556.6142, 36602.4946, 0, 1090
ESPPRC_heur, -0.0, 1.7, 0.9, 0.3, 0, 37543.1344, 37231.8275, True, 27
ESPPRC_heur, 0.0, 1.6, 0.8, 0.2, 0, 37543.0675, 37391.0675, True, 7
ESPPRC_heur, -0.0, 1.7, 0.9, 0.2, 0, 37542.9132, 37472.3556, True, 3
cyc2, 0.1, 16.8, 0.0, 0.0, 1, 37542.9105, 36300.6396, 0, 926
ESPPRC_heur, 0.1, 1.4, 0.8, 0.2, 0, 37525.3315, 36613.5315, True, 102
ESPPRC_heur, 0.0, 1.4, 0.8, 0.2, 0, 37525.3315, 37299.232, True, 15
ESPPRC_heur, 0.0, 1.4, 0.8, 0.2, 0, 37525.0654, 37427.8436, True, 3
ESPPRC_heur, 0.0, 1.4, 0.8, 0.2, 0, 37524.8983, 37518.947, True, 1
cyc2, 0.1, 16.6, 0.0, 0.0, 1, 37524.8973, 36349.0677, 0, 975
ESPPRC_heur, -0.0, 1.5, 0.8, 0.2, 0, 37516.4952, 37030.7513, True, 9
ESPPRC_heur, -0.0, 1.5, 0.8, 0.2, 0, 37516.4935, 37507.7396, True, 4
cyc2, 0.1, 17.1, 0.0, 0.0, 1, 37516.4933, 36133.3164, 0, 620
ESPPRC_heur, -0.0, 1.5, 0.8, 0.2, 0, 37508.1129, 37109.4243, True, 17
ESPPRC_heur, -0.0, 1.5, 0.8, 0.2, 0, 37508.0217, 37457.7486, True, 2
ESPPRC_heur, -0.0, 1.5, 0.8, 0.2, 0, 37508.0178, 37502.9509, True, 1
cyc2, 0.1, 20.9, 0.0, 0.0, 1, 37508.0178, 36850.092, 0, 484
ESPPRC_heur, -0.0, 1.5, 0.8, 0.2, 0, 37498.8529, 37396.041, True, 15
ESPPRC_heur, -0.0, 1.5, 0.8, 0.2, 0, 37498.679, 37460.679, True, 5
cyc2, 0.1, 22.8, 0.0, 0.0, 1, 37498.672, 36623.3792, 0, 404
ESPPRC_heur, -0.0, 1.5, 0.8, 0.2, 0, 37491.7643, 37391.5928, True, 14
ESPPRC_heur, -0.0, 1.5, 0.8, 0.2, 0, 37491.6775, 37472.6775, True, 1
ESPPRC_heur, -0.0, 1.5, 0.8, 0.2, 0, 37491.6775, 37479.8812, True, 1
cyc2, 0.1, 17.1, 0.0, 0.0, 1, 37491.6775, 36968.1819, 0, 280
ESPPRC_heur, -0.0, 1.7, 0.9, 0.2, 0, 37487.7056, 37410.4433, True, 7
cyc2, 0.0, 24.6, 0.0, 0.0, 1, 37487.5859, 37113.3563, 0, 264
ESPPRC_heur, -0.0, 1.7, 0.9, 0.2, 0, 37485.535, 37461.0496, True, 2
ESPPRC_heur, -0.0, 1.7, 0.9, 0.2, 0, 37485.5114, 37470.7191, True, 1
cyc2, 0.1, 25.1, 0.0, 0.0, 1, 37485.5114, 36940.078, 0, 205
ESPPRC_heur, -0.0, 1.5, 0.8, 0.2, 0, 37483.556, 37391.8918, True, 4
cyc2, 0.1, 25.3, 0.0, 0.0, 1, 37483.4674, 37132.6796, 0, 114
cyc2, 0.1, 25.3, 0.0, 0.0, 1, 37482.6882, 37329.4702, 0, 17
ESPPRC_heur, -0.0, 1.7, 0.9, 0.3, 0, 37482.4599, 37476.0404, True, 1
cyc2, 0.1, 19.4, 0.0, 0.0, 1, 37482.458, 37481.0017, 0, 3
cyc2, 0.1, 24.8, 0.0, 0.0, 1, 37482.458, 37482.458, 0, 0
scip_total_time, 35812.615038
Solval, number of paths, impact cutoff
37482.45797514211, 317, 0.0001
Elementary, 2-Cycle, Path Value, Path
True, True, 0.9301, (0, 220, 154, 369, 20, 9, 61, 309, 355, 264, 0)
True, True, 0.1887, (0, 186, 291, 312, 219, 359, 96, 164, 71, 126, 49, 73, 0)
True, True, 0.181, (0, 155, 76, 346, 306, 88, 366, 297, 149, 300, 0)
True, True, 0.5605, (0, 82, 57, 117, 36, 156, 37, 114, 97, 6, 26, 0)
True, True, 0.1582, (0, 35, 15, 182, 106, 107, 75, 168, 159, 189, 195, 0)
True, True, 0.066, (0, 64, 161, 163, 112, 31, 99, 41, 173, 144, 11, 0)
True, True, 0.2164, (0, 105, 65, 137, 1, 58, 129, 84, 174, 162, 179, 127, 0)
True, True, 0.0376, (0, 20, 9, 61, 105, 65, 126, 49, 73, 309, 355, 0)
True, True, 0.0221, (0, 6, 50, 97, 114, 37, 156, 36, 117, 57, 82, 0)
True, True, 0.0739, (0, 290, 326, 383, 339, 24, 167, 116, 246, 342, 92, 143, 0)
True, True, 0.1657, (0, 204, 258, 388, 373, 333, 265, 263, 233, 201, 80, 0)
True, True, 0.008, (0, 171, 213, 231, 332, 378, 234, 207, 203, 248, 305, 0)
True, True, 0.1719, (0, 221, 198, 337, 364, 357, 243, 236, 372, 343, 54, 0)
True, True, 0.1302, (0, 11, 173, 41, 99, 31, 112, 163, 161, 64, 30, 0)
True, True, 0.036, (0, 35, 159, 168, 75, 107, 106, 144, 173, 44, 11, 0)
True, True, 0.0709, (0, 271, 331, 267, 387, 351, 87, 230, 47, 293, 269, 254, 0)
True, True, 0.0162, (0, 65, 137, 1, 58, 129, 84, 174, 69, 130, 3, 180, 0)
True, True, 0.1464, (0, 334, 305, 248, 203, 207, 234, 378, 332, 231, 213, 0)
True, True, 0.201, (0, 260, 201, 374, 348, 233, 263, 265, 333, 373, 261, 354, 0)
True, True, 0.1566, (0, 134, 239, 292, 278, 275, 379, 200, 391, 232, 307, 222, 0)
True, True, 0.0748, (0, 204, 258, 388, 261, 367, 277, 282, 325, 215, 292, 0)
True, True, 0.3501, (0, 81, 295, 301, 72, 345, 237, 63, 249, 360, 344, 103, 0)
True, True, 0.1134, (0, 10, 161, 163, 112, 31, 99, 41, 173, 144, 11, 0)
True, True, 0.3096, (0, 190, 15, 182, 107, 75, 168, 159, 189, 195, 111, 0)
True, True, 0.1435, (0, 254, 269, 293, 247, 47, 230, 87, 351, 387, 267, 331, 0)
True, True, 0.2013, (0, 73, 49, 126, 71, 96, 164, 139, 146, 90, 330, 384, 125, 0)
True, True, 0.1651, (0, 26, 50, 7, 83, 150, 52, 14, 25, 178, 172, 0)
True, True, 0.1304, (0, 194, 191, 77, 118, 193, 147, 60, 192, 358, 170, 0)
True, True, 0.1264, (0, 286, 356, 377, 348, 233, 263, 265, 333, 373, 388, 258, 0)
True, True, 0.0929, (0, 334, 338, 271, 320, 331, 12, 256, 297, 149, 300, 0)
True, True, 0.004, (0, 304, 296, 392, 318, 205, 245, 302, 314, 210, 340, 313, 0)
True, True, 0.1235, (0, 25, 14, 52, 17, 115, 37, 114, 97, 50, 89, 0)
True, True, 0.6324, (0, 171, 231, 332, 378, 234, 207, 203, 248, 305, 334, 0)
True, True, 0.1407, (0, 287, 289, 13, 80, 365, 377, 356, 135, 228, 66, 0)
True, True, 0.3249, (0, 2, 136, 130, 69, 174, 84, 129, 58, 1, 137, 65, 105, 0)
True, True, 0.1341, (0, 54, 123, 343, 372, 211, 390, 288, 109, 368, 290, 0)
True, True, 0.1038, (0, 80, 365, 348, 374, 233, 263, 265, 333, 373, 261, 354, 0)
True, True, 0.0781, (0, 347, 66, 228, 135, 353, 235, 274, 251, 227, 0)
True, True, 0.0757, (0, 103, 360, 249, 63, 237, 345, 72, 301, 295, 81, 185, 0)
True, True, 0.4174, (0, 100, 25, 14, 52, 17, 115, 156, 36, 117, 57, 82, 0)
True, True, 0.2706, (0, 262, 289, 13, 80, 365, 377, 356, 135, 228, 66, 0)
True, True, 0.0584, (0, 271, 381, 285, 197, 298, 131, 202, 293, 269, 93, 297, 0)
True, True, 0.0925, (0, 287, 80, 201, 374, 348, 365, 377, 356, 286, 363, 0)
True, True, 0.0776, (0, 354, 388, 373, 333, 265, 263, 233, 348, 374, 260, 287, 0)
True, True, 0.0848, (0, 203, 338, 320, 331, 12, 256, 297, 149, 300, 0)
True, True, 0.093, (0, 111, 195, 189, 159, 35, 15, 182, 183, 190, 59, 0)
True, True, 0.0751, (0, 145, 68, 67, 127, 179, 162, 84, 129, 58, 1, 137, 0)
True, True, 0.0415, (0, 254, 202, 131, 230, 87, 351, 387, 298, 197, 285, 12, 0)
True, True, 0.253, (0, 297, 93, 269, 293, 202, 131, 298, 197, 285, 381, 311, 0)
True, True, 0.022, (0, 104, 67, 127, 179, 84, 129, 58, 1, 137, 65, 105, 0)
True, True, 0.0616, (0, 290, 326, 18, 255, 362, 142, 24, 167, 116, 246, 317, 0)
True, True, 0.3297, (0, 128, 136, 3, 180, 74, 23, 110, 62, 40, 16, 0)
True, True, 0.0424, (0, 286, 356, 377, 233, 263, 265, 333, 373, 261, 388, 204, 0)
True, True, 0.1302, (0, 292, 215, 325, 282, 340, 277, 367, 328, 259, 321, 0)
True, True, 0.4672, (0, 222, 204, 354, 258, 388, 261, 367, 277, 328, 259, 321, 0)
True, True, 0.0475, (0, 321, 275, 379, 215, 282, 325, 259, 391, 232, 307, 0)
True, True, 0.1298, (0, 242, 134, 239, 292, 278, 313, 376, 316, 148, 336, 315, 0)
True, True, 0.2879, (0, 289, 13, 260, 201, 374, 348, 365, 377, 356, 286, 0)
True, True, 0.3328, (0, 143, 124, 95, 38, 246, 116, 167, 24, 142, 339, 383, 290, 0)
True, True, 0.0184, (0, 343, 243, 357, 364, 337, 283, 347, 324, 266, 0)
True, True, 0.0909, (0, 252, 86, 70, 270, 276, 153, 335, 216, 329, 375, 385, 0)
True, True, 0.1327, (0, 204, 258, 373, 333, 265, 263, 233, 374, 201, 260, 0)
True, True, 0.2406, (0, 54, 123, 343, 372, 211, 390, 255, 362, 18, 326, 0)
True, True, 0.4034, (0, 329, 299, 242, 303, 315, 160, 224, 279, 310, 253, 0)
True, True, 0.0881, (0, 307, 232, 391, 200, 379, 275, 278, 313, 376, 239, 0)
True, True, 0.0302, (0, 311, 12, 381, 197, 298, 131, 230, 87, 351, 387, 267, 271, 0)
True, True, 0.2111, (0, 145, 104, 179, 162, 84, 129, 58, 1, 137, 65, 105, 0)
True, True, 0.1687, (0, 389, 272, 206, 266, 324, 276, 153, 335, 216, 329, 0)
True, True, 0.2229, (0, 59, 190, 35, 159, 168, 75, 107, 106, 183, 166, 0)
True, True, 0.0056, (0, 297, 269, 293, 47, 230, 87, 351, 387, 298, 197, 381, 0)
True, True, 0.0207, (0, 300, 149, 297, 256, 12, 331, 320, 271, 338, 248, 0)
True, True, 0.3521, (0, 93, 101, 361, 247, 47, 230, 87, 351, 387, 267, 271, 0)
True, True, 0.1119, (0, 342, 246, 116, 167, 24, 142, 362, 255, 390, 18, 326, 0)
True, True, 0.0219, (0, 338, 271, 320, 331, 208, 186, 120, 384, 125, 355, 0)
True, True, 0.1342, (0, 73, 105, 65, 137, 1, 58, 129, 84, 174, 69, 130, 136, 0)
True, True, 0.2756, (0, 101, 269, 293, 247, 47, 230, 87, 351, 387, 267, 271, 0)
True, True, 0.1391, (0, 259, 328, 277, 210, 314, 340, 282, 325, 215, 0)
True, True, 0.1139, (0, 363, 286, 135, 228, 66, 353, 235, 274, 347, 0)
True, True, 0.1045, (0, 365, 348, 374, 233, 263, 265, 333, 373, 261, 354, 204, 0)
True, True, 0.1289, (0, 275, 215, 325, 282, 340, 277, 367, 328, 259, 307, 0)
True, True, 0.3241, (0, 358, 187, 133, 10, 30, 119, 44, 173, 144, 106, 183, 0)
True, True, 0.0447, (0, 12, 254, 269, 293, 247, 47, 230, 87, 351, 387, 267, 0)
True, True, 0.2371, (0, 221, 198, 337, 364, 357, 363, 283, 347, 324, 270, 0)
True, True, 0.0885, (0, 321, 282, 340, 210, 314, 392, 350, 319, 268, 257, 226, 122, 0)
True, True, 0.1288, (0, 165, 270, 266, 324, 276, 153, 335, 216, 375, 385, 0)
True, True, 0.1149, (0, 195, 189, 168, 75, 107, 106, 144, 173, 44, 119, 0)
True, True, 0.0844, (0, 347, 283, 66, 235, 353, 228, 135, 286, 363, 0)
True, True, 0.0111, (0, 74, 180, 3, 130, 69, 174, 162, 127, 67, 104, 145, 0)
True, True, 0.0848, (0, 300, 297, 256, 12, 331, 320, 338, 207, 305, 0)
True, True, 0.0265, (0, 379, 325, 282, 340, 314, 210, 367, 277, 328, 391, 0)
True, True, 0.0056, (0, 267, 387, 351, 87, 230, 47, 247, 293, 131, 202, 381, 0)
True, True, 0.2409, (0, 70, 324, 347, 283, 363, 225, 371, 121, 255, 18, 0)
True, True, 0.0302, (0, 271, 267, 387, 351, 87, 230, 47, 247, 293, 202, 254, 0)
True, True, 0.0941, (0, 266, 324, 347, 283, 363, 357, 236, 372, 343, 0)
True, True, 0.0332, (0, 354, 258, 388, 373, 333, 265, 263, 233, 377, 356, 286, 0)
True, True, 0.117, (0, 382, 304, 45, 188, 319, 350, 296, 340, 282, 325, 379, 0)
True, True, 0.0471, (0, 271, 331, 267, 219, 312, 291, 359, 90, 146, 384, 125, 0)
True, True, 0.0098, (0, 304, 45, 350, 392, 318, 205, 245, 302, 314, 210, 367, 0)
True, True, 0.0317, (0, 134, 376, 313, 278, 275, 379, 200, 391, 232, 307, 0)
True, True, 0.0924, (0, 221, 198, 236, 243, 363, 225, 371, 121, 255, 18, 0)
True, True, 0.3456, (0, 30, 64, 161, 163, 112, 31, 99, 41, 144, 183, 0)
True, True, 0.0447, (0, 343, 372, 243, 363, 283, 347, 324, 266, 270, 0)
True, True, 0.1287, (0, 178, 25, 14, 52, 17, 115, 37, 114, 97, 89, 0)
True, True, 0.2862, (0, 74, 180, 3, 130, 69, 174, 162, 179, 127, 67, 104, 0)
True, True, 0.1296, (0, 111, 195, 189, 168, 75, 107, 106, 182, 15, 190, 0)
True, True, 0.2131, (0, 227, 251, 274, 235, 353, 228, 135, 286, 283, 0)
False, True, 0.0712, (0, 22, 53, 157, 196, 53, 157, 196, 53, 157, 196, 0)
False, True, 0.17, (0, 244, 8, 158, 244, 8, 158, 244, 8, 158, 244, 8, 158, 0)
False, True, 0.0322, (0, 238, 218, 91, 138, 218, 91, 138, 218, 91, 138, 238, 0)
False, True, 0.086, (0, 53, 157, 196, 53, 157, 196, 53, 157, 196, 40, 0)
False, True, 0.0737, (0, 108, 5, 42, 98, 108, 5, 42, 108, 5, 42, 161, 10, 0)
False, True, 0.0253, (0, 133, 42, 5, 108, 98, 42, 5, 108, 98, 5, 42, 133, 0)
True, True, 0.0109, (0, 68, 104, 67, 127, 162, 174, 69, 130, 3, 180, 74, 0)
False, True, 0.1293, (0, 11, 173, 41, 99, 112, 31, 99, 41, 64, 187, 0)
False, True, 0.1105, (0, 111, 89, 172, 100, 178, 172, 100, 178, 172, 100, 352, 0)
False, True, 0.0057, (0, 34, 85, 32, 28, 16, 32, 28, 16, 32, 28, 16, 85, 0)
False, True, 0.2706, (0, 34, 60, 39, 32, 28, 16, 32, 28, 16, 32, 85, 34, 0)
False, True, 0.151, (0, 85, 39, 43, 181, 33, 22, 181, 43, 39, 85, 0)
False, True, 0.2998, (0, 34, 192, 43, 181, 33, 22, 181, 43, 39, 85, 0)
False, True, 0.0134, (0, 43, 181, 33, 22, 181, 33, 22, 181, 43, 0)
False, True, 0.0862, (0, 10, 161, 163, 112, 31, 163, 112, 31, 163, 161, 64, 0)
False, True, 0.2141, (0, 51, 217, 327, 151, 217, 327, 151, 217, 51, 361, 0)
False, True, 0.0275, (0, 237, 280, 175, 48, 280, 175, 48, 280, 102, 140, 0)
False, True, 0.0411, (0, 341, 51, 327, 151, 217, 327, 151, 51, 341, 101, 0)
False, True, 0.1274, (0, 22, 33, 98, 108, 5, 42, 98, 108, 5, 42, 98, 33, 0)
False, True, 0.0646, (0, 59, 190, 15, 182, 35, 15, 182, 35, 59, 0)
False, True, 0.163, (0, 11, 44, 119, 11, 44, 119, 11, 44, 119, 0)
False, True, 0.124, (0, 187, 133, 98, 108, 5, 42, 98, 108, 5, 42, 98, 108, 22, 0)
False, True, 0.0717, (0, 47, 51, 217, 151, 327, 217, 151, 327, 51, 341, 0)
False, True, 0.082, (0, 171, 27, 214, 171, 27, 214, 171, 27, 214, 171, 27, 214, 185, 0)
False, True, 0.0585, (0, 178, 150, 83, 7, 150, 83, 50, 6, 26, 0)
False, True, 0.0511, (0, 386, 132, 113, 386, 132, 113, 386, 132, 113, 341, 93, 0)
False, True, 0.1277, (0, 306, 21, 253, 310, 279, 224, 310, 253, 21, 306, 0)
False, True, 0.2966, (0, 352, 143, 92, 342, 317, 92, 342, 317, 92, 143, 352, 0)
False, True, 0.2426, (0, 212, 385, 375, 165, 86, 389, 70, 165, 375, 385, 212, 0)
False, True, 0.3951, (0, 141, 19, 4, 184, 29, 78, 184, 29, 78, 4, 0)
False, True, 0.035, (0, 4, 184, 78, 29, 184, 78, 29, 184, 4, 154, 0)
False, True, 0.1135, (0, 349, 323, 152, 177, 2, 128, 177, 2, 128, 323, 349, 0)
False, True, 0.4502, (0, 229, 380, 241, 370, 287, 262, 370, 241, 380, 229, 0)
False, True, 0.1803, (0, 111, 195, 189, 159, 35, 182, 15, 35, 190, 166, 0)
False, True, 0.1667, (0, 124, 94, 79, 176, 94, 79, 176, 95, 38, 246, 317, 0)
False, True, 0.0797, (0, 349, 323, 46, 128, 2, 177, 128, 2, 177, 46, 0)
False, True, 0.0173, (0, 210, 314, 302, 318, 205, 302, 314, 210, 277, 0)
False, True, 0.144, (0, 193, 187, 133, 10, 64, 30, 10, 133, 187, 147, 193, 0)
False, True, 0.0949, (0, 122, 226, 257, 268, 188, 350, 319, 188, 45, 257, 226, 122, 0)
False, True, 0.1365, (0, 349, 323, 152, 46, 349, 323, 152, 46, 323, 349, 0)
False, True, 0.035, (0, 4, 184, 78, 29, 184, 78, 29, 184, 4, 369, 0)
False, True, 0.2978, (0, 155, 55, 346, 76, 55, 346, 76, 55, 155, 0)
False, True, 0.0024, (0, 124, 38, 95, 94, 79, 176, 94, 79, 95, 38, 342, 0)
True, True, 0.2377, (0, 213, 56, 199, 284, 281, 294, 250, 322, 345, 72, 295, 81, 0)
False, True, 0.285, (0, 244, 169, 141, 19, 169, 141, 19, 169, 8, 158, 0)
False, True, 0.0757, (0, 238, 344, 360, 249, 63, 352, 249, 63, 360, 344, 103, 238, 0)
False, True, 0.0584, (0, 300, 149, 88, 306, 366, 88, 306, 346, 155, 0)
False, True, 0.165, (0, 300, 149, 88, 306, 366, 88, 306, 346, 76, 0)
False, True, 0.1684, (0, 342, 124, 94, 79, 176, 94, 79, 176, 95, 38, 124, 0)
False, True, 0.2391, (0, 338, 320, 208, 186, 120, 208, 186, 320, 338, 0)
False, True, 0.0829, (0, 270, 276, 153, 335, 216, 153, 335, 216, 375, 385, 0)
False, True, 0.1115, (0, 385, 329, 216, 335, 153, 216, 335, 153, 276, 165, 0)
False, True, 0.2938, (0, 273, 296, 392, 302, 245, 318, 205, 245, 302, 314, 210, 0)
False, True, 0.0544, (0, 33, 196, 157, 53, 196, 157, 53, 196, 40, 28, 0)
False, True, 0.0402, (0, 287, 289, 13, 260, 80, 13, 289, 262, 241, 229, 0)
False, True, 0.0316, (0, 213, 56, 199, 284, 332, 231, 284, 199, 56, 213, 171, 0)
False, True, 0.0563, (0, 345, 140, 102, 223, 209, 252, 223, 209, 212, 322, 0)
False, True, 0.0324, (0, 264, 73, 49, 126, 105, 65, 126, 49, 73, 309, 264, 0)
False, True, 0.1544, (0, 86, 70, 270, 272, 206, 266, 272, 206, 389, 86, 0)
False, True, 0.0865, (0, 209, 252, 86, 389, 70, 86, 389, 70, 86, 212, 0)
False, True, 0.0435, (0, 145, 68, 104, 67, 69, 130, 3, 69, 130, 3, 180, 74, 0)
False, True, 0.0345, (0, 120, 330, 359, 219, 312, 291, 219, 312, 291, 120, 0)
False, True, 0.004, (0, 299, 134, 239, 376, 382, 304, 273, 382, 316, 148, 336, 303, 0)
False, True, 0.1891, (0, 145, 68, 104, 67, 127, 162, 179, 127, 67, 68, 145, 0)
False, True, 0.1144, (0, 89, 6, 50, 150, 83, 7, 50, 6, 89, 0)
False, True, 0.0431, (0, 173, 41, 99, 163, 31, 112, 163, 99, 41, 173, 0)
False, True, 0.0064, (0, 286, 356, 377, 233, 263, 333, 265, 263, 233, 348, 80, 0)
False, True, 0.1424, (0, 122, 226, 257, 268, 45, 188, 350, 319, 188, 45, 268, 341, 0)
False, True, 0.2861, (0, 308, 368, 109, 288, 390, 211, 288, 109, 368, 308, 0)
False, True, 0.1894, (0, 362, 121, 371, 225, 121, 371, 225, 243, 211, 0)
False, True, 0.0778, (0, 27, 56, 199, 284, 281, 294, 250, 281, 284, 199, 56, 27, 0)
False, True, 0.0379, (0, 103, 344, 81, 295, 301, 72, 295, 81, 344, 103, 0)
False, True, 0.0642, (0, 334, 305, 248, 207, 203, 248, 207, 203, 248, 305, 334, 0)
False, True, 0.0582, (0, 311, 256, 254, 202, 131, 298, 197, 285, 381, 256, 311, 0)
False, True, 0.046, (0, 152, 177, 145, 68, 104, 67, 68, 104, 78, 29, 4, 0)
False, True, 0.0292, (0, 185, 214, 27, 199, 284, 281, 294, 250, 281, 284, 199, 214, 185, 0)
False, True, 0.1124, (0, 366, 160, 386, 113, 132, 386, 113, 132, 386, 160, 0)
False, True, 0.2631, (0, 311, 12, 381, 254, 285, 197, 298, 131, 202, 254, 256, 0)
False, True, 0.0175, (0, 185, 281, 294, 250, 322, 294, 250, 322, 294, 250, 322, 294, 250, 281, 214, 0)
False, True, 0.117, (0, 21, 279, 224, 242, 303, 315, 160, 224, 279, 21, 0)
False, True, 0.0162, (0, 20, 9, 61, 105, 126, 49, 73, 61, 9, 20, 0)
False, True, 0.0134, (0, 28, 40, 196, 157, 53, 196, 157, 53, 33, 43, 0)
False, True, 0.2838, (0, 349, 323, 152, 46, 177, 128, 2, 177, 46, 152, 0)
False, True, 0.0876, (0, 296, 392, 318, 205, 245, 318, 205, 245, 302, 314, 210, 0)
False, True, 0.0422, (0, 227, 251, 235, 353, 228, 135, 353, 235, 274, 0)
False, True, 0.1277, (0, 39, 32, 28, 40, 62, 110, 23, 62, 110, 23, 74, 0)
False, True, 0.0999, (0, 170, 358, 193, 147, 192, 60, 147, 193, 358, 170, 0)
False, True, 0.1289, (0, 73, 49, 126, 71, 164, 96, 71, 164, 96, 71, 126, 49, 73, 0)
False, True, 0.0475, (0, 304, 45, 350, 319, 188, 45, 350, 319, 45, 257, 226, 122, 0)
False, True, 0.1242, (0, 170, 358, 193, 147, 60, 192, 147, 60, 192, 34, 0)
False, True, 0.057, (0, 329, 299, 242, 315, 303, 242, 315, 303, 242, 299, 329, 0)
False, True, 0.1887, (0, 208, 291, 312, 219, 291, 312, 219, 359, 90, 384, 0)
False, True, 0.2367, (0, 89, 50, 83, 150, 7, 83, 150, 178, 172, 0)
False, True, 0.0786, (0, 187, 133, 10, 64, 161, 42, 5, 108, 98, 5, 42, 133, 0)
False, True, 0.1066, (0, 213, 378, 234, 300, 155, 55, 300, 234, 378, 0)
False, True, 0.1983, (0, 227, 251, 274, 235, 353, 66, 274, 251, 227, 0)
False, True, 0.1139, (0, 276, 227, 274, 66, 353, 235, 251, 227, 276, 0)
False, True, 0.0941, (0, 343, 372, 236, 364, 337, 357, 364, 337, 236, 343, 0)
False, True, 0.0432, (0, 23, 74, 180, 3, 130, 69, 3, 180, 74, 23, 0)
False, True, 0.0093, (0, 290, 383, 339, 142, 24, 167, 116, 24, 142, 339, 383, 317, 0)
False, True, 0.2392, (0, 299, 134, 239, 376, 313, 278, 292, 239, 134, 299, 0)
False, True, 0.012, (0, 4, 29, 78, 104, 68, 67, 104, 68, 78, 29, 4, 0)
False, True, 0.0805, (0, 287, 289, 260, 201, 80, 260, 13, 289, 262, 370, 0)
False, True, 0.0292, (0, 147, 43, 181, 33, 22, 181, 43, 60, 34, 0)
False, True, 0.0024, (0, 342, 38, 95, 176, 94, 79, 176, 95, 38, 246, 342, 0)
False, True, 0.0982, (0, 252, 86, 70, 270, 272, 206, 266, 272, 206, 389, 252, 0)
False, True, 0.3096, (0, 237, 140, 102, 223, 209, 252, 223, 209, 212, 322, 0)
False, True, 0.0569, (0, 251, 235, 353, 228, 135, 353, 235, 251, 276, 0)
False, True, 0.1141, (0, 222, 307, 232, 391, 200, 232, 391, 200, 379, 275, 292, 0)
False, True, 0.2235, (0, 273, 296, 392, 318, 205, 302, 245, 205, 318, 392, 296, 304, 0)
False, True, 0.1341, (0, 223, 308, 368, 109, 123, 54, 308, 223, 140, 0)
False, True, 0.2728, (0, 138, 194, 191, 77, 118, 166, 59, 194, 138, 0)
False, True, 0.0093, (0, 193, 187, 133, 10, 30, 119, 44, 11, 119, 118, 0)
False, True, 0.1651, (0, 7, 17, 115, 114, 37, 115, 17, 52, 14, 25, 100, 0)
False, True, 0.0584, (0, 155, 76, 306, 88, 366, 306, 88, 149, 300, 0)
False, True, 0.137, (0, 102, 240, 175, 48, 280, 175, 48, 240, 102, 0)
False, True, 0.2232, (0, 125, 384, 146, 139, 164, 96, 139, 146, 90, 330, 120, 125, 0)
False, True, 0.0471, (0, 73, 49, 126, 71, 139, 146, 90, 139, 71, 126, 49, 73, 0)
False, True, 0.0816, (0, 222, 307, 232, 391, 200, 232, 391, 200, 232, 307, 222, 0)
False, True, 0.0988, (0, 222, 307, 321, 200, 391, 232, 200, 379, 275, 278, 292, 0)
False, True, 0.1164, (0, 85, 28, 40, 196, 157, 53, 196, 157, 53, 33, 22, 0)
False, True, 0.0864, (0, 40, 110, 62, 23, 110, 62, 23, 110, 62, 40, 28, 0)
False, True, 0.0266, (0, 193, 119, 44, 11, 119, 30, 10, 133, 187, 147, 0)
False, True, 0.0639, (0, 123, 343, 372, 211, 390, 288, 211, 390, 288, 123, 0)
False, True, 0.0529, (0, 22, 33, 53, 157, 196, 53, 157, 196, 53, 157, 0)
False, True, 0.0201, (0, 380, 241, 262, 287, 289, 13, 287, 262, 241, 380, 0)
False, True, 0.0551, (0, 169, 145, 68, 104, 67, 68, 104, 67, 68, 145, 169, 0)
False, True, 0.0847, (0, 254, 202, 131, 298, 197, 202, 131, 298, 197, 285, 381, 0)
False, True, 0.1597, (0, 209, 252, 123, 54, 368, 109, 123, 54, 308, 140, 0)
False, True, 0.1887, (0, 384, 330, 359, 291, 312, 219, 359, 330, 120, 125, 0)
False, True, 0.1439, (0, 288, 243, 225, 371, 121, 225, 371, 121, 362, 0)
False, True, 0.1304, (0, 81, 295, 301, 72, 140, 345, 72, 301, 295, 81, 0)
False, True, 0.1851, (0, 122, 226, 257, 268, 319, 350, 188, 45, 268, 257, 226, 122, 315, 0)
False, True, 0.0209, (0, 379, 215, 325, 282, 340, 325, 282, 215, 379, 0)
False, True, 0.0201, (0, 380, 262, 289, 13, 260, 80, 13, 262, 380, 0)
False, True, 0.2167, (0, 338, 320, 331, 208, 186, 331, 12, 256, 311, 0)
True, True, 0.0435, (0, 145, 68, 136, 180, 74, 23, 110, 62, 40, 28, 32, 0)
False, True, 0.3615, (0, 336, 148, 316, 382, 304, 273, 382, 313, 376, 316, 148, 336, 303, 0)
False, True, 0.0397, (0, 262, 13, 260, 80, 201, 260, 80, 13, 287, 0)
False, True, 0.2728, (0, 238, 218, 91, 194, 191, 77, 118, 166, 59, 91, 238, 0)
False, True, 0.0814, (0, 145, 68, 136, 180, 3, 69, 130, 3, 180, 136, 68, 0)
False, True, 0.1115, (0, 375, 329, 216, 335, 153, 216, 335, 153, 276, 165, 0)
False, True, 0.2113, (0, 103, 344, 360, 249, 63, 352, 249, 63, 360, 344, 103, 0)
False, True, 0.0767, (0, 218, 111, 89, 172, 178, 100, 172, 89, 26, 111, 218, 0)
False, True, 0.0623, (0, 212, 165, 270, 266, 206, 272, 266, 206, 272, 389, 0)
False, True, 0.1206, (0, 256, 381, 285, 202, 131, 298, 197, 285, 381, 12, 311, 0)
False, True, 0.0052, (0, 355, 73, 49, 126, 105, 65, 126, 49, 355, 264, 0)
False, True, 0.1598, (0, 326, 383, 339, 142, 24, 167, 116, 24, 167, 116, 246, 317, 0)
False, True, 0.042, (0, 170, 191, 118, 77, 166, 118, 77, 191, 194, 170, 0)
False, True, 0.129, (0, 49, 126, 71, 96, 164, 139, 146, 90, 139, 146, 90, 384, 0)
False, True, 0.035, (0, 158, 220, 169, 141, 19, 369, 154, 220, 8, 244, 0)
False, True, 0.0507, (0, 226, 257, 268, 319, 350, 188, 45, 350, 319, 268, 257, 226, 122, 0)
False, True, 0.0893, (0, 242, 336, 148, 316, 376, 313, 278, 239, 134, 242, 0)
False, True, 0.2267, (0, 221, 198, 236, 337, 364, 357, 243, 236, 198, 221, 0)
False, True, 0.0033, (0, 122, 226, 257, 268, 319, 188, 350, 319, 188, 45, 304, 336, 0)
False, True, 0.2214, (0, 170, 358, 192, 60, 147, 193, 118, 77, 191, 170, 0)
False, True, 0.0452, (0, 221, 198, 337, 364, 357, 337, 364, 357, 243, 372, 0)
False, True, 0.0859, (0, 21, 253, 310, 279, 224, 310, 253, 21, 366, 88, 0)
False, True, 0.0996, (0, 290, 326, 383, 339, 362, 255, 390, 18, 326, 290, 0)
False, True, 0.1391, (0, 215, 325, 340, 314, 210, 340, 282, 325, 215, 0)
False, True, 0.0033, (0, 122, 226, 257, 268, 319, 188, 350, 319, 188, 45, 304, 316, 0)
False, True, 0.0561, (0, 16, 74, 23, 110, 62, 23, 110, 62, 40, 16, 0)
False, True, 0.1613, (0, 124, 38, 95, 176, 79, 94, 176, 79, 94, 95, 38, 0)
False, True, 0.173, (0, 341, 51, 327, 151, 217, 327, 151, 51, 361, 93, 0)
False, True, 0.0093, (0, 170, 191, 77, 118, 191, 77, 166, 59, 194, 170, 0)
False, True, 0.1157, (0, 237, 240, 280, 175, 48, 280, 240, 102, 140, 345, 0)
False, True, 0.0091, (0, 352, 89, 172, 178, 100, 172, 178, 89, 26, 111, 0)
False, True, 0.0345, (0, 120, 330, 359, 291, 312, 219, 359, 90, 330, 120, 0)
True, True, 0.0551, (0, 304, 45, 188, 319, 350, 392, 314, 210, 367, 328, 391, 0)
False, True, 0.0607, (0, 237, 280, 175, 48, 280, 175, 48, 280, 240, 237, 0)
False, True, 0.0033, (0, 122, 226, 257, 268, 319, 188, 350, 319, 188, 45, 304, 148, 0)
False, True, 0.062, (0, 185, 214, 27, 213, 56, 284, 199, 56, 213, 27, 214, 185, 0)
False, True, 0.1193, (0, 238, 218, 138, 91, 218, 138, 91, 218, 138, 91, 218, 238, 0)
False, True, 0.1169, (0, 383, 339, 142, 383, 339, 142, 362, 255, 18, 326, 290, 0)
False, True, 0.0505, (0, 307, 321, 275, 379, 200, 391, 232, 200, 379, 275, 321, 0)
False, True, 0.0669, (0, 140, 102, 240, 48, 175, 280, 48, 175, 240, 0)
False, True, 0.1323, (0, 185, 301, 281, 294, 250, 322, 294, 250, 281, 284, 199, 56, 213, 0)
False, True, 0.0351, (0, 50, 97, 7, 150, 83, 7, 97, 50, 6, 26, 0)
False, True, 0.0361, (0, 92, 342, 246, 116, 167, 246, 116, 167, 24, 383, 290, 0)
False, True, 0.1054, (0, 185, 301, 281, 294, 250, 322, 294, 250, 281, 284, 199, 56, 214, 0)
False, True, 0.0093, (0, 383, 339, 142, 24, 167, 116, 246, 167, 116, 246, 342, 317, 0)
False, True, 0.1124, (0, 101, 361, 341, 132, 113, 341, 361, 247, 293, 269, 93, 0)
False, True, 0.0507, (0, 282, 340, 296, 350, 319, 188, 45, 350, 319, 268, 257, 122, 0)
False, True, 0.1007, (0, 385, 375, 165, 270, 272, 206, 266, 272, 206, 389, 252, 0)
False, True, 0.0204, (0, 300, 149, 366, 21, 310, 253, 21, 366, 88, 149, 300, 0)
False, True, 0.0359, (0, 269, 247, 361, 341, 113, 132, 386, 113, 132, 386, 160, 0)
False, True, 0.0949, (0, 26, 6, 50, 97, 7, 150, 83, 7, 178, 172, 0)
True, True, 0.0673, (0, 266, 324, 347, 283, 337, 364, 357, 243, 372, 0)
False, True, 0.0143, (0, 328, 210, 314, 392, 318, 205, 302, 314, 210, 367, 0)
False, True, 0.0014, (0, 22, 98, 42, 5, 108, 98, 42, 5, 108, 53, 157, 33, 0)
False, True, 0.0048, (0, 2, 68, 67, 136, 180, 3, 130, 69, 3, 180, 74, 0)
False, True, 0.0144, (0, 183, 106, 107, 75, 168, 107, 75, 168, 189, 195, 111, 0)
False, True, 0.0945, (0, 120, 330, 359, 219, 312, 291, 208, 186, 120, 125, 0)
False, True, 0.0564, (0, 292, 278, 275, 379, 215, 275, 278, 313, 376, 134, 0)
True, True, 0.0537, (0, 307, 232, 391, 259, 215, 379, 275, 278, 239, 134, 0)
False, True, 0.149, (0, 149, 366, 21, 253, 310, 279, 224, 21, 366, 88, 149, 0)
False, True, 0.0342, (0, 301, 72, 345, 322, 250, 294, 322, 250, 294, 322, 250, 294, 281, 185, 0)
False, True, 0.1815, (0, 185, 214, 27, 56, 199, 284, 231, 332, 213, 27, 214, 185, 0)
False, True, 0.0201, (0, 30, 64, 161, 42, 5, 108, 98, 42, 5, 98, 133, 187, 0)
False, True, 0.022, (0, 123, 343, 372, 288, 211, 372, 343, 123, 209, 0)
False, True, 0.0191, (0, 229, 241, 262, 287, 289, 262, 287, 370, 380, 229, 0)
False, True, 0.1502, (0, 102, 240, 175, 48, 280, 175, 48, 280, 240, 0)
False, True, 0.0361, (0, 383, 339, 142, 24, 339, 142, 362, 255, 18, 326, 290, 0)
False, True, 0.0386, (0, 367, 210, 314, 302, 318, 205, 314, 210, 367, 328, 0)
False, True, 0.0507, (0, 315, 122, 226, 304, 382, 273, 304, 382, 273, 304, 382, 316, 148, 336, 0)
False, True, 0.2188, (0, 297, 101, 341, 113, 132, 386, 113, 132, 386, 160, 0)
False, True, 0.0064, (0, 204, 354, 388, 373, 333, 265, 373, 261, 388, 354, 204, 0)
False, True, 0.0211, (0, 347, 274, 251, 227, 274, 251, 227, 229, 276, 0)
False, True, 0.0334, (0, 307, 321, 275, 379, 215, 259, 200, 379, 275, 321, 307, 0)
True, True, 0.0159, (0, 215, 325, 282, 277, 367, 210, 314, 340, 273, 304, 0)
False, True, 0.0037, (0, 185, 214, 199, 284, 281, 294, 250, 322, 294, 250, 72, 301, 185, 0)
all_elementary, False
all_cyc2, True
