Instance, X-n322-k28
capacity, 868
min_trucks, 28
output_file, output_uchoa/X-n322-k28-cyc2.log
Start date, 2022-07-01
Start time, 05-12-13
capacity, 868
num_vehicles, 28
abort_early, False
methods, ['cyc2']
max_vars, 100
time_limit, 86400
farley, False
ESPPRC_heur, True
initial time, initial max_it, max_stale_it
1, 20000.0, 20
heuristic Number of routes, heuristic Best Solution Value, heuristic number of iterations, adjusted time, adjusted max_it, measured total time
287063, 29947.0, 20000, 1, 20000.0, 24889.8
method, python time, total time, propagated dominance time, unpropagated dominance time, pricing_success, upper_bound, lower_bound, abort_early, num_paths, 
ESPPRC_heur, 0.0, 1.8, 1.0, 0.3, 0, 29419.5509, 26276.4546, True, 1073
ESPPRC_heur, 0.0, 1.6, 0.8, 0.2, 0, 29419.5509, 27867.0645, True, 278
ESPPRC_heur, 0.0, 1.6, 0.9, 0.2, 0, 29415.4264, 28627.3165, True, 150
ESPPRC_heur, -0.0, 1.6, 0.8, 0.2, 0, 29413.0061, 29117.6671, True, 27
ESPPRC_heur, -0.0, 1.9, 1.0, 0.3, 0, 29411.0838, 29222.8468, True, 11
ESPPRC_heur, 0.0, 1.6, 0.9, 0.3, 0, 29410.1926, 29229.8676, True, 5
ESPPRC_heur, 0.0, 1.6, 0.9, 0.2, 0, 29410.1231, 29388.2518, True, 3
ESPPRC_heur, -0.0, 1.8, 0.9, 0.3, 0, 29410.1189, 29378.0443, True, 1
cyc2, 0.4, 255.3, 0.0, 0.0, 1, 29410.1189, 24649.6935, 0, 54478
ESPPRC_heur, 0.0, 1.7, 0.9, 0.3, 0, 29343.7343, 27843.1772, True, 290
ESPPRC_heur, -0.0, 1.6, 0.8, 0.2, 0, 29338.9712, 28491.3585, True, 62
ESPPRC_heur, -0.0, 1.6, 0.8, 0.2, 0, 29335.8273, 28588.6531, True, 33
ESPPRC_heur, 0.0, 1.5, 0.8, 0.2, 0, 29332.3113, 29042.1852, True, 14
ESPPRC_heur, -0.0, 1.6, 0.8, 0.2, 0, 29332.2252, 29248.2252, True, 3
cyc2, 0.5, 249.4, 0.0, 0.0, 1, 29332.1235, 23298.6383, 0, 46552
ESPPRC_heur, 0.1, 1.6, 0.9, 0.3, 0, 29316.4625, 28557.8063, True, 24
ESPPRC_heur, -0.0, 1.9, 1.0, 0.3, 0, 29315.7271, 29164.1231, True, 4
ESPPRC_heur, 0.0, 1.8, 1.0, 0.3, 0, 29315.6336, 29251.7911, True, 1
cyc2, 0.6, 268.2, 0.0, 0.0, 1, 29315.6169, 25925.2795, 0, 32168
ESPPRC_heur, 0.0, 1.5, 0.8, 0.2, 0, 29216.2294, 28590.2429, True, 42
ESPPRC_heur, 0.1, 1.4, 0.8, 0.2, 0, 29212.1014, 28596.1014, True, 39
ESPPRC_heur, -0.0, 1.5, 0.8, 0.2, 0, 29210.0574, 29102.6069, True, 6
cyc2, 0.4, 263.1, 0.0, 0.0, 1, 29209.9123, 25451.3535, 0, 29870
ESPPRC_heur, 0.0, 1.7, 0.9, 0.3, 0, 29176.9453, 28537.142, True, 41
ESPPRC_heur, 0.0, 1.5, 0.8, 0.2, 0, 29175.7673, 28893.894, True, 8
ESPPRC_heur, 0.0, 1.8, 1.0, 0.3, 0, 29174.4978, 29049.0374, True, 2
ESPPRC_heur, 0.0, 1.8, 1.0, 0.3, 0, 29174.4578, 28988.771, True, 2
cyc2, 0.7, 283.4, 0.0, 0.0, 1, 29174.4578, 26643.67, 0, 23470
ESPPRC_heur, 0.1, 1.9, 1.1, 0.3, 0, 29093.1641, 28114.0385, True, 169
ESPPRC_heur, 0.0, 1.9, 1.0, 0.3, 0, 29091.6178, 28744.5271, True, 25
ESPPRC_heur, 0.0, 1.9, 1.0, 0.3, 0, 29090.5038, 28973.1012, True, 9
cyc2, 0.5, 270.3, 0.0, 0.0, 1, 29090.171, 26086.0559, 0, 26281
ESPPRC_heur, -0.0, 1.7, 0.9, 0.3, 0, 29072.633, 28510.0013, True, 29
ESPPRC_heur, -0.0, 1.7, 0.9, 0.3, 0, 29071.4753, 28801.8122, True, 26
ESPPRC_heur, -0.0, 1.7, 0.9, 0.3, 0, 29070.7063, 28892.5539, True, 9
ESPPRC_heur, -0.0, 1.7, 0.9, 0.3, 0, 29070.0989, 28942.0643, True, 1
ESPPRC_heur, 0.1, 1.6, 0.9, 0.3, 0, 29069.9866, 29062.8644, True, 1
cyc2, 1.0, 251.6, 0.0, 0.0, 1, 29069.9866, 26928.5333, 0, 15231
ESPPRC_heur, 0.0, 1.6, 0.9, 0.2, 0, 29036.1331, 28729.2199, True, 48
ESPPRC_heur, -0.0, 1.7, 0.9, 0.2, 0, 29034.0469, 28597.3453, True, 27
ESPPRC_heur, 0.0, 1.8, 0.9, 0.3, 0, 29033.0322, 28917.3158, True, 10
ESPPRC_heur, 0.0, 1.8, 0.9, 0.3, 0, 29032.9036, 28921.9269, True, 4
ESPPRC_heur, -0.0, 1.9, 1.0, 0.3, 0, 29032.8023, 28907.6302, True, 3
cyc2, 0.4, 276.1, 0.0, 0.0, 1, 29032.8023, 27016.0285, 0, 15023
ESPPRC_heur, -0.0, 1.8, 0.9, 0.3, 0, 29012.1482, 28490.6493, True, 46
ESPPRC_heur, 0.1, 1.7, 0.9, 0.3, 0, 29011.6264, 28758.9243, True, 14
ESPPRC_heur, -0.0, 1.7, 0.9, 0.3, 0, 29011.5469, 28940.9783, True, 5
cyc2, 0.6, 284.8, 0.0, 0.0, 1, 29011.5156, 27267.4515, 0, 7565
ESPPRC_heur, 0.0, 1.8, 0.9, 0.3, 0, 28986.1719, 28577.9561, True, 54
ESPPRC_heur, -0.0, 1.7, 0.9, 0.2, 0, 28982.1651, 28740.9209, True, 27
ESPPRC_heur, -0.0, 1.7, 0.9, 0.2, 0, 28982.1357, 28972.0575, True, 1
cyc2, 0.7, 284.4, 0.0, 0.0, 1, 28982.1357, 27456.2061, 0, 8664
ESPPRC_heur, 0.0, 1.7, 0.9, 0.3, 0, 28977.7862, 28719.012, True, 15
cyc2, 0.3, 241.0, 0.0, 0.0, 1, 28976.7452, 27617.8545, 0, 5662
ESPPRC_heur, -0.0, 1.7, 0.8, 0.2, 0, 28962.4254, 28580.2571, True, 21
ESPPRC_heur, 0.0, 1.7, 0.9, 0.2, 0, 28962.0587, 28871.0311, True, 3
cyc2, 0.4, 266.3, 0.0, 0.0, 1, 28962.0587, 27594.4528, 0, 4769
ESPPRC_heur, -0.0, 1.8, 0.9, 0.3, 0, 28949.0468, 28608.2175, True, 25
ESPPRC_heur, -0.0, 2.3, 1.3, 0.3, 0, 28948.3728, 28834.2993, True, 10
ESPPRC_heur, 0.0, 2.0, 1.2, 0.3, 0, 28948.362, 28935.433, True, 1
cyc2, 0.5, 256.7, 0.0, 0.0, 1, 28948.3595, 27594.3223, 0, 3776
ESPPRC_heur, 0.1, 1.4, 0.8, 0.2, 0, 28927.5329, 28685.0641, True, 13
cyc2, 0.6, 257.5, 0.0, 0.0, 1, 28927.3295, 27963.9017, 0, 2860
ESPPRC_heur, -0.0, 1.8, 0.9, 0.3, 0, 28911.85, 28616.5535, True, 12
ESPPRC_heur, -0.0, 1.8, 0.9, 0.3, 0, 28911.4495, 28868.1355, True, 1
cyc2, 0.4, 280.5, 0.0, 0.0, 1, 28911.4397, 28188.5666, 0, 1628
ESPPRC_heur, 0.0, 1.7, 0.9, 0.3, 0, 28890.22, 28359.4338, True, 39
ESPPRC_heur, -0.0, 1.9, 1.0, 0.3, 0, 28890.1725, 28845.4071, True, 1
cyc2, 0.4, 250.5, 0.0, 0.0, 1, 28890.1725, 27362.6645, 0, 3996
cyc2, 0.6, 274.9, 0.0, 0.0, 1, 28889.9806, 28085.6503, 0, 1870
ESPPRC_heur, 0.0, 1.8, 1.0, 0.3, 0, 28884.0034, 28695.7319, True, 6
cyc2, 0.6, 294.4, 0.0, 0.0, 1, 28884.0006, 28289.3014, 0, 1466
ESPPRC_heur, -0.0, 1.9, 1.0, 0.3, 0, 28877.5443, 28535.9617, True, 25
ESPPRC_heur, 0.0, 1.8, 0.9, 0.3, 0, 28877.443, 28799.2536, True, 2
cyc2, 0.7, 280.3, 0.0, 0.0, 1, 28877.443, 28148.3252, 0, 1237
ESPPRC_heur, 0.0, 1.8, 1.0, 0.3, 0, 28874.0162, 28689.2101, True, 8
cyc2, 0.4, 280.2, 0.0, 0.0, 1, 28874.0162, 28348.4224, 0, 884
ESPPRC_heur, -0.0, 1.6, 0.9, 0.2, 0, 28871.7496, 28862.478, True, 1
cyc2, 0.6, 266.3, 0.0, 0.0, 1, 28871.7362, 28539.6789, 0, 452
ESPPRC_heur, 0.0, 1.8, 0.9, 0.3, 0, 28864.4759, 28290.1308, True, 31
cyc2, 0.5, 291.3, 0.0, 0.0, 1, 28864.3846, 28442.5669, 0, 339
cyc2, 0.6, 285.3, 0.0, 0.0, 1, 28861.4891, 28683.8418, 0, 148
ESPPRC_heur, -0.0, 1.8, 0.9, 0.3, 0, 28859.0233, 28789.8854, True, 2
cyc2, 0.6, 265.8, 0.0, 0.0, 1, 28859.0233, 28720.2421, 0, 51
cyc2, 0.5, 275.5, 0.0, 0.0, 1, 28858.5064, 28825.5522, 0, 6
cyc2, 0.6, 287.1, 0.0, 0.0, 1, 28858.4975, 28857.5353, 0, 2
cyc2, 0.7, 294.1, 0.0, 0.0, 1, 28858.4975, 28858.4975, 0, 0
scip_total_time, 32716.230631
Solval, number of paths, impact cutoff
28858.49750808128, 261, 0.0001
Elementary, 2-Cycle, Path Value, Path
True, True, 0.2248, (0, 166, 190, 183, 26, 263, 254, 158, 250, 59, 1, 97, 0)
True, True, 0.0118, (0, 162, 87, 223, 16, 304, 60, 297, 159, 29, 136, 181, 0)
True, True, 0.3541, (0, 305, 130, 287, 141, 46, 272, 23, 257, 117, 38, 61, 0)
True, True, 0.274, (0, 152, 179, 293, 94, 131, 309, 180, 132, 73, 224, 69, 0)
True, True, 0.2142, (0, 5, 148, 63, 15, 48, 290, 303, 306, 269, 77, 295, 288, 0)
True, True, 0.2127, (0, 295, 77, 290, 48, 248, 10, 214, 213, 207, 99, 316, 54, 0)
True, True, 0.0615, (0, 253, 210, 11, 321, 238, 198, 308, 67, 41, 93, 240, 0)
True, True, 0.1828, (0, 120, 178, 251, 299, 314, 114, 243, 241, 155, 171, 103, 0)
True, True, 0.0236, (0, 296, 224, 69, 73, 132, 180, 309, 131, 291, 74, 175, 0)
True, True, 0.0671, (0, 86, 169, 278, 13, 121, 189, 34, 267, 320, 96, 156, 15, 0)
True, True, 0.5093, (0, 244, 266, 100, 176, 154, 84, 167, 9, 206, 212, 24, 283, 36, 28, 0)
True, True, 0.1963, (0, 78, 221, 175, 181, 157, 136, 315, 215, 286, 239, 32, 163, 0)
True, True, 0.006, (0, 146, 135, 164, 139, 8, 89, 234, 318, 203, 101, 51, 0)
True, True, 0.4604, (0, 49, 31, 185, 203, 318, 234, 89, 8, 139, 164, 252, 0)
True, True, 0.376, (0, 47, 188, 78, 221, 289, 91, 52, 200, 98, 235, 39, 0)
True, True, 0.0462, (0, 27, 208, 99, 207, 213, 214, 10, 248, 303, 306, 269, 77, 0)
True, True, 0.0834, (0, 147, 93, 41, 67, 308, 198, 238, 119, 222, 25, 0)
True, True, 0.3103, (0, 199, 185, 203, 318, 234, 89, 8, 139, 164, 252, 231, 0)
True, True, 0.1193, (0, 166, 298, 250, 158, 254, 263, 26, 183, 190, 312, 143, 0)
True, True, 0.0087, (0, 204, 296, 69, 73, 132, 180, 309, 131, 291, 74, 134, 0)
True, True, 0.17, (0, 201, 211, 122, 25, 255, 247, 301, 253, 147, 265, 233, 0)
True, True, 0.1563, (0, 188, 175, 181, 157, 136, 315, 215, 286, 239, 32, 256, 0)
True, True, 0.0012, (0, 47, 188, 78, 221, 91, 116, 83, 52, 200, 98, 220, 0)
True, True, 0.0555, (0, 82, 187, 4, 3, 144, 148, 194, 77, 295, 161, 216, 0)
True, True, 0.0815, (0, 284, 19, 95, 80, 153, 162, 249, 239, 32, 256, 163, 0)
True, True, 0.0193, (0, 156, 96, 320, 267, 34, 189, 121, 278, 169, 86, 40, 72, 0)
True, True, 0.0843, (0, 269, 306, 303, 290, 48, 248, 10, 214, 213, 207, 99, 27, 0)
True, True, 0.0047, (0, 103, 112, 302, 155, 241, 243, 114, 314, 299, 251, 178, 0)
True, True, 0.1499, (0, 28, 36, 283, 206, 9, 167, 84, 150, 274, 21, 277, 241, 155, 0)
True, True, 0.2393, (0, 239, 87, 223, 16, 304, 60, 297, 159, 29, 45, 215, 0)
True, True, 0.064, (0, 6, 220, 98, 200, 52, 91, 289, 221, 78, 188, 47, 0)
True, True, 0.0632, (0, 193, 252, 135, 139, 8, 89, 234, 318, 203, 185, 31, 199, 0)
True, True, 0.2454, (0, 149, 1, 59, 250, 158, 254, 263, 26, 183, 190, 312, 143, 0)
True, True, 0.0015, (0, 286, 237, 45, 29, 159, 297, 60, 304, 16, 223, 87, 0)
True, True, 0.0082, (0, 222, 119, 321, 238, 198, 308, 67, 41, 93, 310, 2, 0)
True, True, 0.206, (0, 201, 211, 225, 44, 246, 300, 227, 105, 151, 268, 85, 22, 0)
True, True, 0.0731, (0, 199, 127, 203, 318, 234, 89, 8, 139, 164, 135, 252, 0)
True, True, 0.1311, (0, 83, 264, 291, 131, 309, 180, 132, 224, 69, 296, 0)
True, True, 0.1252, (0, 14, 196, 54, 208, 316, 65, 30, 306, 269, 161, 216, 0)
True, True, 0.0713, (0, 233, 147, 253, 301, 210, 41, 93, 240, 168, 310, 217, 2, 0)
True, True, 0.0373, (0, 83, 264, 291, 92, 297, 60, 304, 16, 223, 87, 162, 0)
True, True, 0.0026, (0, 3, 17, 156, 96, 320, 267, 34, 189, 121, 278, 169, 86, 0)
True, True, 0.0099, (0, 252, 135, 164, 139, 8, 89, 234, 318, 203, 185, 49, 0)
True, True, 0.0578, (0, 241, 277, 21, 274, 150, 84, 167, 9, 206, 283, 36, 266, 244, 0)
True, True, 0.1724, (0, 222, 119, 238, 198, 308, 67, 41, 93, 240, 168, 217, 0)
True, True, 0.0083, (0, 239, 87, 16, 304, 60, 297, 92, 291, 74, 134, 116, 0)
True, True, 0.279, (0, 134, 74, 92, 297, 60, 304, 16, 223, 87, 162, 249, 70, 0)
True, True, 0.04, (0, 284, 19, 95, 80, 153, 162, 249, 239, 32, 256, 47, 0)
True, True, 0.0423, (0, 285, 102, 140, 225, 44, 246, 300, 227, 151, 268, 85, 22, 0)
True, True, 0.2142, (0, 288, 295, 77, 269, 306, 303, 290, 48, 15, 63, 144, 5, 0)
True, True, 0.029, (0, 134, 264, 291, 92, 297, 60, 304, 16, 223, 87, 249, 0)
True, True, 0.0775, (0, 22, 285, 279, 102, 140, 211, 122, 282, 265, 233, 19, 284, 0)
True, True, 0.077, (0, 199, 185, 203, 318, 234, 89, 8, 139, 164, 135, 146, 0)
True, True, 0.2764, (0, 215, 237, 45, 29, 159, 60, 297, 92, 291, 264, 83, 0)
True, True, 0.1882, (0, 95, 2, 147, 253, 255, 25, 122, 282, 233, 313, 0)
True, True, 0.0417, (0, 217, 240, 93, 41, 67, 308, 198, 238, 321, 119, 222, 0)
True, True, 0.4897, (0, 86, 169, 278, 13, 88, 121, 189, 34, 267, 320, 96, 156, 0)
True, True, 0.0118, (0, 157, 136, 29, 159, 297, 60, 304, 16, 223, 87, 249, 0)
True, True, 0.0495, (0, 296, 69, 73, 132, 180, 309, 131, 291, 264, 83, 0)
True, True, 0.2553, (0, 313, 211, 140, 225, 44, 246, 300, 227, 105, 197, 268, 85, 0)
True, True, 0.1558, (0, 22, 279, 102, 140, 225, 44, 246, 300, 227, 105, 151, 85, 0)
True, True, 0.3702, (0, 296, 224, 73, 132, 180, 309, 131, 94, 293, 179, 152, 0)
True, True, 0.0924, (0, 85, 151, 105, 227, 300, 246, 44, 225, 140, 102, 285, 22, 0)
True, True, 0.0505, (0, 27, 316, 99, 207, 213, 214, 10, 248, 303, 290, 77, 288, 0)
True, True, 0.2263, (0, 47, 188, 78, 221, 289, 91, 52, 200, 98, 220, 39, 0)
True, True, 0.0573, (0, 295, 77, 290, 303, 248, 10, 214, 213, 207, 99, 208, 27, 0)
True, True, 0.0516, (0, 295, 269, 306, 303, 248, 10, 214, 213, 207, 99, 196, 0)
True, True, 0.0591, (0, 5, 148, 144, 63, 15, 48, 290, 303, 248, 10, 30, 115, 0)
True, True, 0.1597, (0, 27, 208, 99, 207, 213, 214, 10, 248, 48, 15, 63, 194, 0)
True, True, 0.115, (0, 27, 115, 65, 213, 214, 10, 248, 303, 306, 269, 161, 0)
True, True, 0.1494, (0, 14, 196, 54, 208, 316, 65, 30, 306, 269, 77, 295, 0)
True, True, 0.0555, (0, 39, 188, 78, 221, 91, 116, 83, 52, 200, 98, 220, 0)
True, True, 0.0018, (0, 215, 286, 237, 45, 29, 159, 92, 291, 264, 134, 116, 0)
True, True, 0.3418, (0, 116, 134, 74, 291, 92, 159, 29, 45, 237, 286, 32, 0)
False, True, 0.1429, (0, 296, 229, 7, 165, 62, 37, 165, 62, 37, 107, 7, 229, 0)
False, True, 0.25, (0, 245, 66, 174, 245, 66, 174, 245, 66, 174, 245, 0)
False, True, 0.183, (0, 76, 55, 124, 76, 55, 124, 76, 55, 124, 76, 55, 124, 0)
True, True, 0.2313, (0, 40, 86, 169, 278, 13, 191, 258, 17, 156, 15, 63, 194, 0)
True, True, 0.0465, (0, 86, 13, 121, 189, 34, 267, 320, 96, 191, 258, 17, 3, 0)
True, True, 0.007, (0, 285, 197, 151, 105, 227, 300, 246, 44, 225, 140, 211, 313, 0)
False, True, 0.0473, (0, 259, 90, 216, 137, 273, 172, 161, 273, 172, 216, 90, 0)
False, True, 0.2478, (0, 186, 204, 292, 205, 204, 292, 205, 204, 292, 205, 204, 292, 0)
False, True, 0.2461, (0, 90, 216, 137, 273, 172, 161, 273, 172, 137, 216, 90, 0)
False, True, 0.0473, (0, 259, 90, 216, 137, 273, 172, 161, 273, 137, 216, 90, 0)
False, True, 0.1777, (0, 202, 311, 276, 53, 311, 276, 53, 311, 276, 53, 263, 312, 0)
False, True, 0.1377, (0, 259, 90, 216, 137, 172, 273, 161, 172, 137, 288, 259, 0)
True, True, 0.008, (0, 83, 134, 74, 291, 92, 159, 29, 45, 286, 215, 32, 0)
False, True, 0.312, (0, 186, 6, 235, 220, 6, 235, 220, 6, 39, 186, 0)
False, True, 0.0396, (0, 126, 51, 173, 138, 317, 242, 101, 142, 242, 138, 173, 51, 126, 0)
False, True, 0.0447, (0, 76, 55, 305, 280, 130, 305, 280, 130, 305, 280, 130, 305, 76, 0)
False, True, 0.2214, (0, 261, 217, 310, 168, 240, 310, 168, 240, 310, 168, 217, 261, 80, 0)
False, True, 0.1908, (0, 251, 299, 314, 114, 299, 314, 114, 243, 251, 56, 195, 0)
False, True, 0.083, (0, 64, 127, 294, 319, 79, 146, 135, 79, 294, 127, 64, 0)
False, True, 0.1429, (0, 229, 107, 37, 62, 165, 37, 62, 165, 107, 7, 229, 61, 0)
False, True, 0.1324, (0, 126, 49, 199, 31, 49, 199, 31, 49, 199, 31, 49, 51, 126, 0)
False, True, 0.1517, (0, 275, 270, 218, 143, 270, 218, 143, 270, 218, 143, 270, 125, 275, 0)
False, True, 0.0016, (0, 195, 251, 299, 314, 114, 299, 314, 114, 299, 251, 120, 0)
False, True, 0.5, (0, 110, 228, 108, 145, 192, 12, 145, 108, 228, 110, 0)
True, True, 0.1182, (0, 217, 310, 240, 93, 41, 67, 308, 198, 238, 119, 222, 0)
False, True, 0.3333, (0, 202, 75, 20, 133, 232, 20, 133, 232, 20, 75, 280, 305, 0)
False, True, 0.1429, (0, 61, 229, 7, 107, 165, 62, 37, 165, 107, 7, 132, 69, 0)
False, True, 0.0966, (0, 275, 109, 18, 170, 109, 18, 170, 109, 18, 170, 125, 275, 0)
False, True, 0.0258, (0, 244, 104, 129, 103, 104, 129, 103, 104, 129, 103, 104, 129, 244, 0)
False, True, 0.0087, (0, 296, 224, 69, 73, 224, 69, 73, 224, 69, 296, 292, 0)
False, True, 0.0965, (0, 174, 284, 201, 313, 284, 201, 313, 284, 201, 313, 66, 0)
False, True, 0.0768, (0, 66, 174, 284, 313, 201, 284, 313, 201, 284, 174, 66, 0)
True, True, 0.2022, (0, 210, 93, 41, 67, 308, 198, 238, 321, 119, 222, 247, 0)
False, True, 0.0536, (0, 244, 129, 104, 302, 112, 171, 302, 112, 171, 302, 112, 104, 0)
False, True, 0.0434, (0, 51, 173, 138, 317, 142, 101, 242, 142, 101, 317, 138, 173, 51, 0)
False, True, 0.0541, (0, 244, 129, 112, 302, 171, 112, 302, 171, 112, 302, 129, 244, 0)
False, True, 0.1304, (0, 103, 104, 129, 302, 112, 171, 302, 112, 171, 129, 104, 103, 0)
False, True, 0.1371, (0, 103, 104, 129, 302, 171, 112, 302, 171, 112, 302, 129, 104, 0)
False, True, 0.2752, (0, 163, 256, 70, 249, 162, 153, 80, 162, 249, 70, 256, 163, 0)
False, True, 0.0847, (0, 186, 47, 163, 256, 70, 32, 256, 70, 32, 163, 47, 0)
True, True, 0.0592, (0, 130, 287, 38, 117, 257, 141, 46, 232, 133, 75, 202, 0)
False, True, 0.0443, (0, 241, 277, 274, 150, 277, 21, 274, 150, 21, 277, 241, 0)
False, True, 0.0955, (0, 87, 223, 16, 304, 223, 16, 304, 223, 16, 87, 239, 0)
False, True, 0.3024, (0, 64, 127, 294, 319, 135, 146, 79, 319, 294, 127, 64, 0)
False, True, 0.2079, (0, 19, 265, 282, 122, 255, 25, 122, 282, 265, 233, 19, 0)
False, True, 0.2002, (0, 103, 104, 129, 266, 28, 123, 72, 40, 123, 72, 40, 123, 72, 0)
False, True, 0.0788, (0, 120, 178, 251, 299, 314, 114, 243, 251, 178, 120, 0)
True, True, 0.0615, (0, 217, 93, 41, 67, 308, 198, 238, 321, 11, 210, 253, 0)
False, True, 0.2031, (0, 18, 170, 160, 50, 184, 230, 106, 128, 57, 160, 50, 109, 0)
False, True, 0.1471, (0, 259, 5, 194, 148, 144, 194, 148, 144, 194, 5, 0)
False, True, 0.0193, (0, 123, 40, 86, 17, 258, 191, 88, 189, 121, 88, 191, 258, 17, 0)
False, True, 0.0731, (0, 294, 319, 146, 79, 135, 146, 79, 135, 146, 79, 319, 0)
False, True, 0.0298, (0, 312, 166, 298, 250, 158, 254, 263, 26, 298, 166, 312, 0)
False, True, 0.2444, (0, 18, 170, 160, 50, 184, 230, 106, 128, 57, 50, 170, 18, 0)
False, True, 0.2156, (0, 27, 208, 316, 115, 65, 30, 115, 65, 30, 115, 27, 0)
False, True, 0.0206, (0, 186, 98, 200, 52, 91, 116, 83, 52, 200, 98, 186, 0)
True, True, 0.0519, (0, 54, 99, 207, 213, 214, 10, 248, 303, 290, 15, 63, 5, 0)
False, True, 0.1429, (0, 61, 229, 7, 107, 62, 37, 165, 62, 37, 107, 7, 229, 0)
False, True, 0.0348, (0, 33, 182, 236, 43, 182, 236, 43, 214, 213, 207, 0)
False, True, 0.0759, (0, 275, 125, 218, 149, 97, 59, 1, 97, 149, 218, 125, 275, 0)
False, True, 0.0452, (0, 90, 288, 259, 90, 288, 259, 90, 288, 259, 90, 288, 259, 0)
False, True, 0.1157, (0, 275, 125, 270, 218, 149, 97, 59, 1, 97, 149, 125, 275, 0)
False, True, 0.0934, (0, 298, 254, 53, 276, 311, 53, 276, 311, 53, 276, 202, 0)
False, True, 0.0106, (0, 83, 134, 264, 293, 94, 264, 293, 94, 264, 134, 83, 0)
False, True, 0.1169, (0, 125, 270, 218, 149, 97, 59, 1, 97, 149, 218, 270, 125, 0)
False, True, 0.1816, (0, 111, 271, 71, 307, 262, 111, 271, 71, 307, 262, 58, 236, 0)
False, True, 0.0666, (0, 182, 236, 43, 35, 236, 182, 43, 35, 214, 213, 99, 0)
False, True, 0.0065, (0, 81, 14, 281, 113, 196, 68, 113, 196, 68, 113, 14, 81, 0)
False, True, 0.0845, (0, 205, 296, 69, 73, 309, 180, 73, 69, 296, 205, 0)
False, True, 0.1457, (0, 255, 247, 301, 210, 11, 321, 119, 11, 210, 301, 253, 147, 0)
False, True, 0.0875, (0, 205, 296, 224, 69, 73, 224, 69, 179, 152, 83, 116, 0)
False, True, 0.0666, (0, 58, 111, 271, 71, 307, 262, 111, 271, 71, 307, 262, 58, 0)
False, True, 0.0045, (0, 202, 311, 276, 53, 311, 276, 53, 311, 202, 183, 190, 0)
False, True, 0.1628, (0, 3, 156, 96, 320, 267, 96, 320, 267, 34, 191, 258, 17, 0)
False, True, 0.1241, (0, 130, 287, 38, 117, 272, 23, 257, 117, 38, 287, 280, 0)
False, True, 0.1507, (0, 254, 138, 317, 242, 142, 101, 242, 142, 317, 138, 173, 51, 126, 0)
False, True, 0.0253, (0, 143, 312, 166, 190, 183, 263, 26, 183, 190, 166, 312, 143, 0)
False, True, 0.1874, (0, 3, 17, 258, 191, 88, 121, 189, 34, 191, 258, 17, 3, 0)
False, True, 0.0904, (0, 244, 28, 169, 278, 13, 88, 189, 121, 88, 191, 258, 17, 3, 0)
False, True, 0.25, (0, 12, 192, 120, 178, 195, 56, 178, 120, 192, 12, 0)
False, True, 0.022, (0, 288, 194, 148, 144, 63, 148, 144, 3, 4, 187, 82, 0)
False, True, 0.2832, (0, 175, 181, 157, 136, 315, 286, 237, 315, 136, 157, 181, 175, 0)
False, True, 0.1214, (0, 82, 187, 4, 3, 144, 148, 3, 144, 148, 5, 259, 0)
False, True, 0.1783, (0, 100, 176, 154, 150, 274, 21, 150, 274, 21, 277, 241, 155, 0)
False, True, 0.0309, (0, 280, 287, 257, 23, 272, 46, 141, 23, 272, 46, 141, 280, 0)
False, True, 0.1119, (0, 80, 153, 261, 42, 118, 209, 42, 118, 87, 239, 0)
False, True, 0.0583, (0, 152, 179, 293, 94, 131, 309, 180, 131, 291, 74, 134, 0)
False, True, 0.094, (0, 166, 298, 250, 158, 298, 250, 158, 298, 59, 1, 149, 0)
False, True, 0.0796, (0, 95, 80, 153, 209, 42, 118, 153, 80, 95, 19, 284, 0)
False, True, 0.0963, (0, 97, 1, 59, 250, 158, 298, 250, 158, 298, 166, 312, 0)
False, True, 0.0667, (0, 171, 155, 241, 277, 274, 150, 21, 274, 150, 21, 277, 155, 0)
False, True, 0.0791, (0, 199, 31, 185, 101, 142, 242, 101, 142, 242, 317, 138, 173, 51, 126, 0)
False, True, 0.1014, (0, 54, 207, 182, 43, 35, 182, 43, 35, 236, 58, 33, 0)
False, True, 0.1497, (0, 99, 207, 182, 43, 35, 182, 43, 35, 236, 58, 33, 0)
False, True, 0.0637, (0, 315, 29, 159, 297, 60, 304, 223, 16, 304, 45, 237, 215, 0)
False, True, 0.2806, (0, 82, 187, 4, 219, 260, 226, 40, 123, 72, 4, 187, 82, 0)
False, True, 0.1529, (0, 116, 134, 74, 264, 293, 94, 264, 179, 152, 83, 116, 289, 0)
False, True, 0.0888, (0, 190, 202, 311, 276, 53, 311, 276, 53, 311, 202, 190, 0)
False, True, 0.1233, (0, 81, 54, 208, 316, 115, 30, 65, 316, 208, 54, 196, 81, 0)
False, True, 0.1285, (0, 81, 14, 281, 113, 68, 33, 196, 281, 113, 68, 230, 109, 0)
False, True, 0.105, (0, 109, 184, 230, 193, 231, 177, 193, 231, 177, 128, 57, 50, 0)
False, True, 0.0114, (0, 184, 230, 68, 113, 281, 196, 33, 68, 113, 281, 14, 81, 0)
False, True, 0.2271, (0, 285, 279, 102, 140, 225, 44, 246, 300, 227, 105, 197, 279, 285, 0)
False, True, 0.1119, (0, 95, 2, 261, 209, 118, 42, 209, 261, 2, 95, 0)
False, True, 0.0753, (0, 298, 254, 173, 138, 317, 242, 101, 317, 138, 173, 51, 126, 0)
False, True, 0.2214, (0, 153, 118, 42, 209, 118, 42, 209, 261, 2, 95, 0)
True, True, 0.1553, (0, 247, 301, 11, 321, 238, 198, 308, 67, 41, 93, 2, 0)
True, True, 0.0955, (0, 211, 25, 222, 11, 321, 238, 198, 308, 67, 210, 301, 0)
False, True, 0.0709, (0, 239, 87, 118, 42, 209, 118, 42, 209, 153, 80, 0)
False, True, 0.1285, (0, 184, 106, 177, 231, 193, 177, 231, 193, 177, 128, 57, 160, 0)
False, True, 0.1164, (0, 109, 184, 230, 106, 128, 57, 106, 128, 57, 160, 125, 0)
False, True, 0.0447, (0, 124, 55, 305, 280, 130, 305, 280, 130, 305, 55, 76, 124, 0)
False, True, 0.0504, (0, 72, 123, 86, 169, 278, 13, 88, 189, 121, 88, 191, 258, 17, 0)
False, True, 0.0246, (0, 72, 123, 40, 86, 169, 278, 13, 169, 86, 40, 123, 72, 244, 0)
False, True, 0.0291, (0, 220, 98, 200, 52, 91, 116, 83, 91, 289, 78, 39, 0)
False, True, 0.0189, (0, 202, 75, 232, 133, 75, 232, 133, 75, 232, 133, 75, 202, 0)
False, True, 0.0141, (0, 22, 285, 102, 197, 105, 227, 300, 246, 44, 225, 140, 102, 0)
False, True, 0.2518, (0, 33, 58, 262, 307, 71, 271, 111, 262, 307, 71, 271, 111, 0)
False, True, 0.0262, (0, 83, 152, 179, 293, 94, 291, 131, 94, 293, 264, 83, 0)
False, True, 0.0731, (0, 64, 127, 294, 319, 146, 79, 135, 146, 79, 319, 64, 0)
False, True, 0.0396, (0, 51, 173, 317, 242, 101, 142, 242, 101, 317, 138, 173, 51, 126, 0)
False, True, 0.0796, (0, 244, 100, 154, 176, 277, 21, 274, 150, 21, 277, 241, 155, 0)
False, True, 0.1065, (0, 147, 253, 301, 210, 11, 321, 119, 11, 222, 247, 25, 0)
False, True, 0.1408, (0, 126, 51, 173, 138, 317, 142, 101, 242, 142, 101, 173, 51, 126, 0)
False, True, 0.0343, (0, 47, 188, 221, 289, 91, 52, 200, 98, 52, 200, 98, 0)
False, True, 0.1211, (0, 61, 38, 117, 257, 272, 23, 257, 117, 38, 130, 0)
False, True, 0.1197, (0, 81, 14, 281, 196, 68, 33, 196, 68, 113, 281, 14, 81, 0)
False, True, 0.0016, (0, 120, 251, 243, 299, 314, 114, 243, 251, 56, 120, 0)
False, True, 0.0559, (0, 30, 10, 248, 303, 290, 48, 248, 10, 30, 65, 115, 27, 0)
False, True, 0.0062, (0, 75, 133, 232, 46, 23, 272, 141, 23, 46, 232, 133, 75, 0)
False, True, 0.1356, (0, 56, 195, 243, 299, 314, 114, 243, 241, 155, 112, 103, 0)
False, True, 0.0565, (0, 147, 253, 301, 210, 11, 321, 119, 222, 247, 253, 147, 0)
False, True, 0.2328, (0, 266, 36, 283, 24, 212, 206, 24, 212, 9, 167, 84, 154, 176, 100, 0)
False, True, 0.0447, (0, 275, 124, 76, 55, 124, 76, 55, 124, 76, 55, 124, 275, 0)
False, True, 0.0632, (0, 64, 127, 294, 79, 146, 135, 79, 146, 135, 164, 252, 0)
False, True, 0.0026, (0, 3, 17, 258, 191, 189, 121, 88, 191, 258, 156, 15, 63, 0)
False, True, 0.0695, (0, 99, 213, 214, 35, 236, 182, 43, 35, 236, 58, 33, 0)
False, True, 0.0221, (0, 130, 287, 141, 46, 272, 23, 141, 46, 272, 23, 141, 287, 130, 0)
False, True, 0.0348, (0, 47, 188, 221, 289, 91, 116, 83, 91, 52, 200, 98, 0)
False, True, 0.0653, (0, 81, 281, 113, 68, 193, 231, 177, 193, 68, 113, 281, 14, 81, 0)
False, True, 0.155, (0, 120, 178, 56, 195, 243, 114, 314, 299, 251, 56, 195, 0)
False, True, 0.0118, (0, 221, 175, 181, 157, 315, 136, 157, 181, 134, 83, 116, 91, 0)
False, True, 0.0552, (0, 282, 255, 247, 222, 119, 321, 11, 222, 247, 255, 211, 0)
False, True, 0.0545, (0, 155, 277, 274, 150, 277, 274, 150, 21, 277, 241, 155, 104, 0)
False, True, 0.0316, (0, 173, 138, 317, 242, 101, 142, 242, 101, 142, 317, 138, 173, 254, 0)
False, True, 0.0956, (0, 109, 184, 230, 106, 193, 177, 231, 193, 177, 106, 230, 184, 0)
False, True, 0.0617, (0, 160, 57, 128, 177, 193, 231, 177, 193, 68, 113, 14, 109, 0)
False, True, 0.0251, (0, 28, 36, 283, 206, 9, 167, 84, 9, 167, 84, 150, 274, 277, 155, 0)
False, True, 0.0904, (0, 259, 288, 161, 273, 172, 161, 273, 137, 288, 259, 0)
False, True, 0.1255, (0, 312, 166, 298, 26, 183, 263, 26, 183, 190, 166, 312, 0)
False, True, 0.0058, (0, 202, 75, 133, 232, 46, 141, 23, 272, 46, 141, 287, 130, 0)
False, True, 0.0522, (0, 143, 166, 298, 26, 183, 263, 26, 183, 190, 166, 143, 0)
False, True, 0.046, (0, 19, 2, 217, 310, 240, 168, 310, 240, 168, 310, 217, 2, 95, 0)
False, True, 0.0553, (0, 195, 56, 251, 243, 299, 314, 114, 243, 251, 56, 195, 0)
False, True, 0.0906, (0, 201, 233, 265, 282, 255, 25, 122, 282, 265, 233, 201, 0)
False, True, 0.1128, (0, 33, 58, 236, 35, 43, 182, 236, 35, 43, 182, 54, 0)
False, True, 0.0236, (0, 215, 45, 304, 16, 223, 304, 60, 297, 159, 29, 45, 215, 0)
False, True, 0.0927, (0, 81, 14, 281, 113, 68, 281, 113, 196, 68, 113, 281, 14, 81, 0)
False, True, 0.0016, (0, 103, 112, 155, 241, 243, 314, 114, 243, 251, 56, 195, 0)
False, True, 0.0401, (0, 175, 181, 157, 136, 74, 264, 293, 94, 264, 74, 134, 116, 0)
False, True, 0.0297, (0, 254, 138, 317, 242, 101, 142, 242, 101, 317, 138, 173, 51, 126, 0)
False, True, 0.0126, (0, 275, 270, 143, 218, 149, 97, 59, 1, 97, 149, 218, 143, 270, 0)
False, True, 0.0126, (0, 244, 28, 36, 283, 206, 212, 24, 206, 212, 24, 283, 36, 28, 244, 0)
False, True, 0.0962, (0, 280, 287, 141, 46, 272, 23, 141, 257, 117, 38, 61, 0)
False, True, 0.0932, (0, 280, 287, 257, 272, 46, 141, 23, 272, 46, 232, 133, 75, 0)
False, True, 0.0423, (0, 313, 285, 279, 102, 197, 268, 151, 105, 197, 268, 151, 85, 0)
False, True, 0.0518, (0, 47, 188, 78, 289, 91, 52, 200, 98, 52, 200, 98, 0)
False, True, 0.0189, (0, 202, 75, 133, 232, 46, 141, 23, 46, 232, 133, 202, 0)
False, True, 0.2398, (0, 82, 187, 4, 260, 226, 219, 260, 226, 219, 260, 226, 219, 0)
False, True, 0.0451, (0, 5, 194, 148, 144, 63, 148, 144, 194, 295, 161, 0)
False, True, 0.0642, (0, 284, 19, 233, 211, 140, 102, 211, 140, 102, 279, 285, 313, 0)
False, True, 0.0242, (0, 147, 253, 247, 301, 210, 93, 41, 210, 301, 247, 255, 282, 0)
False, True, 0.0198, (0, 252, 135, 146, 79, 135, 146, 79, 319, 294, 127, 64, 0)
False, True, 0.0397, (0, 284, 19, 233, 265, 147, 2, 80, 153, 95, 19, 284, 0)
False, True, 0.0246, (0, 86, 278, 121, 189, 34, 267, 320, 96, 267, 320, 96, 156, 0)
False, True, 0.0183, (0, 18, 170, 160, 97, 59, 1, 97, 149, 218, 270, 125, 275, 0)
False, True, 0.206, (0, 22, 285, 279, 102, 197, 268, 151, 197, 268, 151, 85, 22, 0)
False, True, 0.0102, (0, 237, 45, 29, 159, 60, 297, 92, 159, 29, 45, 237, 0)
False, True, 0.0681, (0, 202, 75, 133, 232, 46, 141, 23, 46, 141, 287, 130, 280, 0)
False, True, 0.0083, (0, 134, 74, 92, 297, 60, 304, 223, 16, 304, 223, 87, 249, 0)
False, True, 0.058, (0, 284, 19, 265, 282, 122, 25, 255, 253, 147, 265, 19, 0)
False, True, 0.0309, (0, 289, 116, 134, 74, 264, 293, 94, 179, 152, 83, 116, 91, 0)
False, True, 0.0204, (0, 81, 281, 113, 196, 68, 113, 196, 33, 68, 113, 281, 14, 0)
False, True, 0.0245, (0, 81, 281, 113, 68, 196, 113, 68, 193, 177, 128, 57, 160, 0)
False, True, 0.0056, (0, 32, 215, 286, 237, 215, 286, 237, 315, 136, 157, 181, 175, 0)
False, True, 0.005, (0, 255, 247, 301, 210, 11, 321, 119, 11, 321, 119, 222, 211, 0)
False, True, 0.0012, (0, 186, 39, 47, 163, 256, 70, 32, 256, 163, 47, 186, 0)
all_elementary, False
all_cyc2, True
