Instance, X-n308-k13
capacity, 246
min_trucks, 13
output_file, output_uchoa/X-n308-k13-ng8.log
Start date, 2022-06-30
Start time, 23-34-26
capacity, 246
num_vehicles, 13
abort_early, False
methods, ['ng8']
max_vars, 100
time_limit, 86400
farley, False
ESPPRC_heur, True
initial time, initial max_it, max_stale_it
1, 20000.0, 20
heuristic Number of routes, heuristic Best Solution Value, heuristic number of iterations, adjusted time, adjusted max_it, measured total time
224821, 25979.0, 20000, 1, 20000.0, 24056.5
method, python time, total time, propagated dominance time, unpropagated dominance time, pricing_success, upper_bound, lower_bound, abort_early, num_paths, 
ESPPRC_heur, 0.2, 11.2, 9.6, 0.6, 0, 25515.7891, 22984.7223, True, 3403
ESPPRC_heur, 0.1, 12.3, 10.6, 0.7, 0, 25515.7891, 22803.0428, True, 4200
ESPPRC_heur, 0.1, 12.1, 10.4, 0.6, 0, 25515.7891, 23738.7467, True, 2383
ESPPRC_heur, 0.1, 13.1, 11.3, 0.7, 0, 25511.4759, 23378.0053, True, 3406
ESPPRC_heur, 0.1, 14.9, 12.7, 0.8, 0, 25511.4759, 23914.6134, True, 2373
ESPPRC_heur, 0.1, 11.8, 10.1, 0.6, 0, 25510.6708, 24263.0755, True, 1985
ESPPRC_heur, 0.1, 11.0, 9.4, 0.6, 0, 25510.6708, 24418.385, True, 1627
ESPPRC_heur, 0.1, 39.0, 37.3, 0.7, 0, 25500.3697, 23701.8555, True, 2683
ESPPRC_heur, 0.1, 12.5, 10.7, 0.7, 0, 25500.3697, 24553.0994, True, 1273
ESPPRC_heur, 0.1, 14.0, 12.0, 0.7, 0, 25495.0271, 24209.182, True, 1777
ESPPRC_heur, 0.1, 32.0, 29.5, 0.9, 0, 25492.4213, 24642.5601, True, 963
ESPPRC_heur, 0.1, 17.5, 15.6, 0.8, 0, 25486.8721, 24295.2282, True, 1281
ESPPRC_heur, 0.0, 52.0, 49.5, 1.0, 0, 25485.9632, 24740.4407, True, 721
ESPPRC_heur, 0.1, 36.7, 34.8, 0.8, 0, 25482.3936, 24495.1373, True, 1173
ESPPRC_heur, 0.1, 59.3, 57.1, 0.9, 0, 25481.1282, 24461.8933, True, 1319
ESPPRC_heur, 0.1, 64.2, 61.6, 1.2, 0, 25480.0934, 24821.1604, True, 769
ESPPRC_heur, 0.1, 69.2, 65.9, 1.4, 0, 25477.7148, 24680.8256, True, 836
ESPPRC_heur, 0.1, 26.0, 23.4, 1.2, 0, 25476.0777, 24782.3501, True, 677
ESPPRC_heur, 0.1, 12.8, 10.6, 0.8, 0, 25473.8091, 24549.5464, True, 880
ESPPRC_heur, 0.1, 12.6, 10.4, 0.8, 0, 25472.0147, 24770.8738, True, 714
ESPPRC_heur, 0.1, 13.7, 11.6, 0.7, 0, 25468.9275, 24817.3568, True, 723
ESPPRC_heur, 0.1, 12.5, 10.3, 0.8, 0, 25465.268, 24750.3796, True, 790
ESPPRC_heur, 0.1, 12.9, 11.1, 0.7, 0, 25463.5233, 24748.9664, True, 586
ESPPRC_heur, 0.0, 13.9, 12.0, 0.7, 0, 25462.1809, 24758.6107, True, 643
ESPPRC_heur, 0.1, 12.7, 10.9, 0.7, 0, 25461.363, 24737.5969, True, 744
ESPPRC_heur, 0.1, 14.3, 12.2, 0.8, 0, 25460.7407, 24926.7939, True, 612
ESPPRC_heur, 0.1, 13.9, 11.8, 0.8, 0, 25454.5469, 24881.6247, True, 550
ESPPRC_heur, 0.1, 14.2, 12.4, 0.7, 0, 25452.868, 24823.2998, True, 592
ESPPRC_heur, 0.2, 14.3, 12.2, 0.8, 0, 25451.7192, 25008.774, True, 433
ESPPRC_heur, 0.2, 12.5, 10.4, 0.7, 0, 25446.8412, 24908.9693, True, 540
ESPPRC_heur, 0.2, 12.5, 10.4, 0.7, 0, 25445.2127, 25008.0052, True, 394
ESPPRC_heur, 0.1, 19.2, 17.0, 0.8, 0, 25439.7024, 24978.0341, True, 348
ESPPRC_heur, 0.1, 26.7, 24.7, 0.8, 0, 25435.9778, 24976.3552, True, 305
ESPPRC_heur, 0.1, 16.0, 14.0, 0.7, 0, 25433.0983, 24948.1392, True, 340
ESPPRC_heur, 0.1, 12.8, 11.0, 0.7, 0, 25432.3051, 24988.8133, True, 305
ESPPRC_heur, 0.1, 13.4, 11.4, 0.8, 0, 25429.9543, 24889.255, True, 362
ESPPRC_heur, 0.1, 14.7, 12.9, 0.7, 0, 25429.6956, 25010.7599, True, 317
ESPPRC_heur, 0.1, 16.4, 14.3, 0.8, 0, 25428.6471, 24953.528, True, 285
ESPPRC_heur, 0.1, 16.9, 14.9, 0.7, 0, 25426.4958, 24956.1251, True, 263
ESPPRC_heur, 0.1, 18.7, 16.4, 1.0, 0, 25423.6284, 25124.8294, True, 236
ESPPRC_heur, 0.0, 13.0, 11.0, 0.7, 0, 25420.9738, 24101.4982, True, 1377
ESPPRC_heur, 0.2, 16.7, 14.6, 0.8, 0, 25420.9738, 25038.4227, True, 267
ESPPRC_heur, 0.1, 26.4, 24.3, 0.8, 0, 25419.7003, 25040.3132, True, 203
ESPPRC_heur, 0.1, 22.7, 20.4, 0.9, 0, 25418.9377, 25013.0691, True, 265
ESPPRC_heur, 0.1, 27.0, 24.9, 0.7, 0, 25416.8851, 25030.3746, True, 215
ESPPRC_heur, 0.1, 18.6, 16.5, 0.9, 0, 25415.4134, 25074.2048, True, 248
ESPPRC_heur, 0.1, 17.1, 15.2, 0.8, 0, 25414.9433, 25238.5729, True, 121
ESPPRC_heur, 0.1, 17.6, 15.6, 0.7, 0, 25413.4876, 25159.7413, True, 151
ESPPRC_heur, 0.1, 16.5, 14.3, 0.8, 0, 25410.2791, 25201.0066, True, 119
ESPPRC_heur, 0.1, 27.7, 25.4, 0.9, 0, 25408.0562, 25046.4309, True, 163
ESPPRC_heur, 0.1, 13.2, 11.3, 0.7, 0, 25406.7619, 25205.8537, True, 115
ESPPRC_heur, 0.1, 13.2, 11.0, 0.7, 0, 25403.9337, 25128.2093, True, 137
ESPPRC_heur, 0.1, 14.7, 12.7, 0.7, 0, 25402.1623, 25192.2764, True, 88
ESPPRC_heur, 0.1, 21.3, 19.2, 0.8, 0, 25401.1824, 25172.5024, True, 116
ESPPRC_heur, 0.1, 12.4, 10.7, 0.7, 0, 25400.2599, 25141.402, True, 69
ESPPRC_heur, 0.1, 12.8, 11.0, 0.7, 0, 25399.7722, 25164.2087, True, 97
ESPPRC_heur, 0.1, 14.6, 12.8, 0.7, 0, 25399.0854, 25194.1708, True, 108
ESPPRC_heur, 0.1, 13.7, 11.9, 0.7, 0, 25398.1357, 25199.3212, True, 74
ESPPRC_heur, 0.0, 12.6, 10.8, 0.7, 0, 25397.5347, 25286.3861, True, 39
ESPPRC_heur, -0.0, 12.6, 10.8, 0.7, 0, 25396.7319, 25160.2208, True, 51
ESPPRC_heur, 0.1, 12.5, 10.8, 0.7, 0, 25395.6196, 25212.8736, True, 59
ESPPRC_heur, 0.1, 12.9, 11.1, 0.7, 0, 25394.724, 25142.3094, True, 83
ESPPRC_heur, 0.1, 15.0, 13.2, 0.7, 0, 25394.0244, 25149.9564, True, 68
ESPPRC_heur, 0.1, 14.0, 12.2, 0.7, 0, 25393.3207, 25277.8423, True, 46
ESPPRC_heur, 0.1, 13.0, 11.2, 0.7, 0, 25392.8693, 25243.1172, True, 49
ESPPRC_heur, 0.1, 12.9, 11.1, 0.7, 0, 25392.3907, 25104.6154, True, 97
ESPPRC_heur, 0.0, 13.0, 11.2, 0.7, 0, 25391.9276, 25257.3338, True, 40
ESPPRC_heur, 0.0, 14.9, 13.1, 0.7, 0, 25391.0393, 25240.7601, True, 60
ESPPRC_heur, 0.1, 26.3, 24.4, 0.7, 0, 25390.5864, 25206.1921, True, 72
ESPPRC_heur, 0.0, 14.7, 12.7, 0.8, 0, 25390.2353, 25282.2228, True, 42
ESPPRC_heur, 0.0, 17.6, 15.5, 0.8, 0, 25389.8214, 25201.5593, True, 54
ESPPRC_heur, 0.1, 18.0, 15.8, 0.8, 0, 25388.2892, 25296.2468, True, 36
ESPPRC_heur, 0.1, 14.9, 12.8, 0.8, 0, 25388.2088, 25294.2908, True, 25
ESPPRC_heur, 0.1, 13.8, 11.6, 0.8, 0, 25388.0013, 25173.9359, True, 28
ESPPRC_heur, 0.1, 39.3, 37.1, 0.8, 0, 25387.574, 25180.3394, True, 45
ESPPRC_heur, 0.0, 20.7, 18.8, 0.8, 0, 25387.4437, 25276.4516, True, 30
ESPPRC_heur, 0.0, 20.3, 18.4, 0.8, 0, 25387.2121, 25230.5503, True, 33
ESPPRC_heur, 0.1, 49.0, 46.9, 0.7, 0, 25386.799, 25262.7269, True, 30
ESPPRC_heur, 0.0, 16.6, 14.4, 0.8, 0, 25386.1837, 25298.2926, True, 36
ESPPRC_heur, 0.0, 13.8, 11.7, 0.8, 0, 25385.634, 25329.2454, True, 21
ESPPRC_heur, -0.0, 34.8, 32.2, 1.0, 0, 25385.0235, 25316.0255, True, 17
ESPPRC_heur, 0.1, 24.5, 22.4, 0.8, 0, 25384.9244, 25274.6579, True, 17
ESPPRC_heur, 0.0, 27.0, 24.8, 0.8, 0, 25384.6258, 25239.317, True, 22
ESPPRC_heur, -0.0, 14.1, 12.0, 0.8, 0, 25384.541, 25277.976, True, 16
ESPPRC_heur, 0.0, 12.8, 10.7, 0.7, 0, 25384.132, 25283.2355, True, 11
ESPPRC_heur, 0.0, 13.2, 11.1, 0.7, 0, 25384.111, 25339.087, True, 6
ESPPRC_heur, -0.0, 30.4, 28.2, 0.8, 0, 25384.0532, 25336.9244, True, 7
ESPPRC_heur, -0.0, 19.6, 17.6, 0.8, 0, 25384.0481, 25322.4639, True, 5
ESPPRC_heur, 0.1, 19.3, 17.3, 0.8, 0, 25383.9927, 25329.785, True, 10
ESPPRC_heur, -0.0, 14.7, 12.6, 0.8, 0, 25383.9336, 25348.0129, True, 8
ESPPRC_heur, 0.1, 14.2, 12.2, 0.8, 0, 25383.9322, 25367.5064, True, 4
ESPPRC_heur, -0.0, 16.1, 14.0, 0.8, 0, 25383.9234, 25365.1194, True, 2
ESPPRC_heur, 0.0, 12.3, 10.2, 0.7, 0, 25383.9167, 25321.6214, True, 7
ESPPRC_heur, 0.0, 15.9, 13.9, 0.8, 0, 25383.9167, 25358.0074, True, 2
ESPPRC_heur, 0.0, 53.1, 50.8, 0.8, 0, 25383.8994, 25382.0995, True, 1
ng8, 0.2, 8561.7, 8260.5, 269.1, 1, 25383.8994, 24425.4224, 0, 2335
ESPPRC_heur, 0.0, 18.4, 16.3, 0.8, 0, 25369.3264, 25124.408, True, 155
ESPPRC_heur, 0.1, 20.2, 18.4, 0.7, 0, 25367.2627, 25128.1877, True, 86
ESPPRC_heur, 0.1, 29.9, 28.0, 0.7, 0, 25366.4655, 25262.5588, True, 48
ESPPRC_heur, 0.1, 14.6, 12.6, 0.7, 0, 25366.0145, 25246.3558, True, 43
ESPPRC_heur, 0.1, 17.5, 15.4, 0.8, 0, 25365.4737, 25271.2442, True, 43
ESPPRC_heur, 0.0, 16.9, 14.7, 0.8, 0, 25365.0877, 25185.2341, True, 77
ESPPRC_heur, 0.1, 13.7, 11.6, 0.8, 0, 25363.6659, 25259.4029, True, 40
ESPPRC_heur, 0.0, 23.2, 21.0, 0.8, 0, 25363.3337, 25287.5463, True, 28
ESPPRC_heur, 0.1, 33.9, 31.6, 0.9, 0, 25362.535, 25205.3958, True, 56
ESPPRC_heur, 0.0, 17.0, 14.9, 0.8, 0, 25362.2357, 25190.0473, True, 51
ESPPRC_heur, 0.1, 13.6, 11.6, 0.7, 0, 25361.5014, 25155.8234, True, 56
ESPPRC_heur, 0.0, 12.4, 10.7, 0.7, 0, 25361.4554, 25255.9559, True, 21
ESPPRC_heur, 0.1, 19.4, 17.6, 0.7, 0, 25361.2318, 25270.6406, True, 26
ESPPRC_heur, -0.0, 15.0, 12.8, 0.8, 0, 25360.8147, 25284.8708, True, 30
ESPPRC_heur, -0.0, 14.4, 12.4, 0.7, 0, 25360.6142, 25327.7067, True, 16
ESPPRC_heur, 0.0, 23.4, 21.1, 0.9, 0, 25360.4462, 25274.1559, True, 19
ESPPRC_heur, -0.0, 14.1, 11.8, 0.8, 0, 25360.3172, 25224.6232, True, 25
ESPPRC_heur, 0.0, 18.0, 15.8, 0.8, 0, 25360.0773, 25311.2078, True, 11
ESPPRC_heur, -0.0, 14.0, 11.8, 0.8, 0, 25360.0675, 25296.711, True, 10
ESPPRC_heur, 0.0, 17.5, 15.3, 0.8, 0, 25360.0675, 25347.2346, True, 3
ESPPRC_heur, -0.0, 21.5, 19.4, 0.8, 0, 25360.0675, 25350.4261, True, 1
ESPPRC_heur, 0.1, 15.9, 13.8, 0.8, 0, 25360.0675, 25353.423, True, 2
ng8, 0.1, 7926.3, 7653.9, 243.4, 1, 25360.0675, 24467.169, 0, 1359
ESPPRC_heur, 0.1, 15.5, 13.4, 0.8, 0, 25354.68, 25060.859, True, 171
ESPPRC_heur, 0.1, 16.5, 14.4, 0.8, 0, 25354.4799, 25165.1701, True, 82
ESPPRC_heur, 0.1, 14.8, 12.7, 0.7, 0, 25353.6605, 25155.9004, True, 85
ESPPRC_heur, 0.1, 15.0, 13.0, 0.8, 0, 25352.9774, 25266.1904, True, 39
ESPPRC_heur, 0.1, 14.9, 12.8, 0.8, 0, 25352.7738, 25233.9328, True, 46
ESPPRC_heur, 0.0, 15.9, 13.8, 0.8, 0, 25352.6866, 25280.318, True, 33
ESPPRC_heur, 0.0, 15.4, 13.4, 0.7, 0, 25352.3736, 25193.24, True, 44
ESPPRC_heur, 0.0, 15.4, 13.3, 0.8, 0, 25351.9662, 25264.1991, True, 24
ESPPRC_heur, 0.0, 16.1, 14.0, 0.8, 0, 25351.4671, 25211.7739, True, 23
ESPPRC_heur, 0.1, 14.6, 12.6, 0.8, 0, 25351.4114, 25260.9272, True, 32
ESPPRC_heur, -0.0, 28.1, 25.8, 0.8, 0, 25350.928, 25153.0641, True, 37
ESPPRC_heur, 0.1, 30.0, 27.7, 0.8, 0, 25350.2699, 25269.6161, True, 24
ESPPRC_heur, 0.0, 26.3, 24.0, 0.8, 0, 25349.9263, 25268.1889, True, 20
ESPPRC_heur, 0.1, 31.3, 29.0, 0.8, 0, 25349.5228, 25258.8875, True, 29
ESPPRC_heur, 0.0, 22.4, 20.1, 0.8, 0, 25349.0999, 25232.2232, True, 35
ESPPRC_heur, 0.1, 22.5, 20.3, 0.8, 0, 25349.0027, 25133.1152, True, 60
ESPPRC_heur, 0.1, 26.9, 24.7, 0.8, 0, 25348.9234, 25182.6613, True, 35
ESPPRC_heur, 0.1, 26.2, 24.0, 0.8, 0, 25348.6872, 25285.7654, True, 24
ESPPRC_heur, 0.1, 26.3, 24.1, 0.8, 0, 25348.5001, 25335.2147, True, 11
ESPPRC_heur, 0.1, 26.5, 24.3, 0.8, 0, 25348.4397, 25308.4911, True, 5
ESPPRC_heur, 0.0, 29.3, 27.0, 0.8, 0, 25348.3803, 25297.897, True, 2
ESPPRC_heur, -0.0, 30.6, 28.3, 0.8, 0, 25348.3752, 25309.6459, True, 6
ESPPRC_heur, -0.0, 28.1, 25.7, 0.8, 0, 25348.3721, 25332.9716, True, 4
ng8, 0.2, 7421.4, 7157.5, 233.5, 1, 25348.3706, 24807.298, 0, 1182
ESPPRC_heur, 0.0, 29.7, 27.5, 0.8, 0, 25343.0556, 25198.7843, True, 58
ESPPRC_heur, 0.1, 13.3, 11.1, 0.8, 0, 25342.0352, 25238.421, True, 42
ESPPRC_heur, 0.0, 17.7, 15.5, 0.8, 0, 25341.7962, 25240.0809, True, 36
ESPPRC_heur, -0.0, 11.8, 10.1, 0.6, 0, 25341.4349, 25245.0989, True, 31
ESPPRC_heur, 0.1, 24.4, 22.2, 0.8, 0, 25341.0121, 25073.6765, True, 80
ESPPRC_heur, -0.0, 24.1, 22.0, 0.7, 0, 25340.9806, 25291.0347, True, 25
ESPPRC_heur, 0.0, 12.6, 10.6, 0.7, 0, 25340.7361, 25292.4634, True, 26
ESPPRC_heur, -0.0, 27.0, 24.8, 0.9, 0, 25340.4978, 25193.6869, True, 35
ESPPRC_heur, -0.0, 14.8, 12.7, 0.7, 0, 25339.9905, 25254.4436, True, 21
ESPPRC_heur, -0.0, 13.2, 11.1, 0.7, 0, 25339.7269, 25295.9902, True, 13
ESPPRC_heur, 0.1, 15.5, 13.4, 0.8, 0, 25339.6426, 25315.0949, True, 7
ESPPRC_heur, 0.0, 13.3, 11.2, 0.8, 0, 25339.6231, 25283.9966, True, 9
ESPPRC_heur, 0.0, 21.2, 19.2, 0.7, 0, 25339.4436, 25331.1227, True, 7
ESPPRC_heur, -0.0, 21.2, 19.2, 0.8, 0, 25339.4351, 25337.3695, True, 2
ESPPRC_heur, -0.0, 20.1, 18.1, 0.7, 0, 25339.4344, 25261.2479, True, 14
ESPPRC_heur, 0.0, 16.4, 14.3, 0.8, 0, 25339.2686, 25319.2298, True, 7
ESPPRC_heur, -0.0, 13.5, 11.5, 0.7, 0, 25339.2159, 25334.6033, True, 1
ESPPRC_heur, 0.0, 16.1, 13.9, 0.8, 0, 25339.2104, 25338.4413, True, 1
ng8, 0.2, 7778.3, 7519.5, 229.5, 1, 25339.2103, 24897.0447, 0, 827
ESPPRC_heur, 0.1, 17.5, 15.7, 0.7, 0, 25332.9242, 25093.7541, True, 108
ESPPRC_heur, 0.1, 18.4, 16.3, 0.8, 0, 25332.3984, 25194.8241, True, 44
ESPPRC_heur, 0.1, 21.9, 19.7, 0.8, 0, 25331.817, 25173.2327, True, 77
ESPPRC_heur, 0.0, 13.5, 11.3, 0.8, 0, 25331.0323, 25165.3681, True, 34
ESPPRC_heur, 0.1, 12.7, 10.5, 0.8, 0, 25330.9863, 25220.7114, True, 26
ESPPRC_heur, 0.0, 13.3, 11.0, 0.8, 0, 25330.7469, 25214.0111, True, 37
ESPPRC_heur, 0.0, 12.9, 10.7, 0.8, 0, 25330.3557, 25228.3443, True, 36
ESPPRC_heur, -0.0, 13.9, 11.6, 0.8, 0, 25329.8225, 25266.4697, True, 21
ESPPRC_heur, 0.0, 14.5, 12.2, 0.8, 0, 25329.7437, 25221.3304, True, 20
ESPPRC_heur, 0.0, 14.8, 12.5, 0.8, 0, 25329.7389, 25284.8363, True, 13
ESPPRC_heur, 0.1, 14.2, 12.0, 0.8, 0, 25329.6267, 25256.7797, True, 15
ESPPRC_heur, 0.1, 14.3, 12.1, 0.8, 0, 25329.5317, 25242.4758, True, 14
ESPPRC_heur, -0.0, 14.0, 11.8, 0.8, 0, 25329.4158, 25281.5499, True, 8
ESPPRC_heur, -0.0, 15.4, 13.3, 0.8, 0, 25329.3296, 25226.3205, True, 13
ESPPRC_heur, 0.0, 15.9, 13.8, 0.8, 0, 25329.1443, 25276.6342, True, 13
ESPPRC_heur, 0.0, 15.9, 13.8, 0.8, 0, 25329.143, 25300.3353, True, 2
ESPPRC_heur, 0.0, 15.8, 13.7, 0.8, 0, 25329.132, 25321.2035, True, 1
ESPPRC_heur, 0.0, 15.7, 13.6, 0.8, 0, 25329.132, 25295.3621, True, 1
ESPPRC_heur, 0.0, 15.5, 13.4, 0.8, 0, 25329.132, 25269.787, True, 1
ESPPRC_heur, -0.0, 15.8, 13.6, 0.8, 0, 25329.0629, 25279.8415, True, 4
ESPPRC_heur, -0.0, 15.1, 13.0, 0.8, 0, 25328.9807, 25278.5173, True, 2
ESPPRC_heur, -0.0, 15.6, 13.4, 0.8, 0, 25328.8726, 25241.994, True, 11
ESPPRC_heur, -0.0, 15.2, 13.1, 0.7, 0, 25328.8198, 25312.6354, True, 7
ESPPRC_heur, -0.0, 15.2, 13.1, 0.7, 0, 25328.8087, 25299.711, True, 9
ESPPRC_heur, -0.0, 15.3, 13.2, 0.7, 0, 25328.7879, 25286.3105, True, 4
ESPPRC_heur, 0.0, 14.1, 11.9, 0.8, 0, 25328.7547, 25303.9958, True, 1
ESPPRC_heur, -0.0, 14.4, 12.1, 0.8, 0, 25328.7547, 25323.591, True, 1
ESPPRC_heur, -0.0, 14.6, 12.3, 0.8, 0, 25328.7536, 25301.2371, True, 3
ESPPRC_heur, 0.0, 14.4, 12.2, 0.8, 0, 25328.7535, 25328.6945, True, 1
ng8, 0.2, 7573.9, 7313.2, 229.9, 1, 25328.7535, 24951.318, 0, 519
ESPPRC_heur, 0.0, 23.6, 21.5, 0.8, 0, 25325.2189, 25219.4385, True, 66
ESPPRC_heur, 0.0, 15.7, 13.5, 0.8, 0, 25324.7176, 25241.6319, True, 25
ESPPRC_heur, 0.1, 15.8, 13.7, 0.8, 0, 25323.9429, 25071.4854, True, 67
ESPPRC_heur, 0.1, 14.2, 12.0, 0.8, 0, 25323.9419, 25152.9762, True, 37
ESPPRC_heur, 0.1, 15.6, 13.4, 0.8, 0, 25323.9182, 25128.0935, True, 48
ESPPRC_heur, 0.0, 15.7, 13.4, 0.8, 0, 25323.9103, 25163.4363, True, 30
ESPPRC_heur, 0.1, 13.9, 11.8, 0.8, 0, 25323.5855, 25171.2027, True, 31
ESPPRC_heur, 0.0, 14.1, 12.2, 0.7, 0, 25323.5855, 25200.6097, True, 26
ESPPRC_heur, 0.0, 13.5, 11.3, 0.8, 0, 25323.4725, 25181.43, True, 24
ESPPRC_heur, 0.0, 13.5, 11.3, 0.8, 0, 25323.4725, 25274.8292, True, 6
ESPPRC_heur, -0.0, 18.6, 16.5, 0.7, 0, 25323.4652, 25296.1621, True, 6
ESPPRC_heur, 0.0, 25.3, 23.2, 0.8, 0, 25323.4591, 25283.1232, True, 5
ESPPRC_heur, 0.0, 16.4, 14.3, 0.8, 0, 25323.4305, 25302.6299, True, 5
ESPPRC_heur, -0.0, 28.1, 25.9, 0.8, 0, 25323.4083, 25309.9181, True, 4
ESPPRC_heur, -0.0, 30.0, 27.8, 0.8, 0, 25323.4083, 25298.0618, True, 2
ESPPRC_heur, 0.0, 22.3, 20.2, 0.8, 0, 25323.3916, 25249.2597, True, 3
ESPPRC_heur, 0.1, 19.3, 17.2, 0.8, 0, 25323.2198, 25217.9417, True, 16
ESPPRC_heur, 0.0, 17.6, 15.5, 0.8, 0, 25323.2098, 25237.1852, True, 12
ESPPRC_heur, 0.0, 14.8, 13.0, 0.7, 0, 25323.149, 25177.9999, True, 27
ESPPRC_heur, 0.0, 14.1, 12.1, 0.7, 0, 25323.1486, 25250.0275, True, 10
ESPPRC_heur, 0.1, 17.2, 15.3, 0.7, 0, 25323.1293, 25269.0508, True, 15
ESPPRC_heur, 0.0, 22.6, 20.5, 0.8, 0, 25323.0076, 25258.4713, True, 15
ESPPRC_heur, 0.0, 14.6, 12.6, 0.8, 0, 25322.8335, 25289.5975, True, 9
ESPPRC_heur, -0.0, 14.3, 12.1, 0.8, 0, 25322.8151, 25262.336, True, 7
ESPPRC_heur, 0.0, 12.1, 10.0, 0.7, 0, 25322.813, 25257.0497, True, 12
ESPPRC_heur, 0.0, 20.0, 17.9, 0.8, 0, 25322.7995, 25276.8755, True, 11
ESPPRC_heur, -0.0, 22.8, 20.7, 0.8, 0, 25322.7828, 25308.0089, True, 4
ng8, 0.2, 7646.6, 7400.3, 218.7, 1, 25322.7828, 25063.1913, 0, 536
ESPPRC_heur, 0.1, 18.5, 16.6, 0.7, 0, 25320.998, 25168.6699, True, 35
ESPPRC_heur, 0.0, 16.3, 14.2, 0.8, 0, 25320.986, 25227.7213, True, 20
ESPPRC_heur, -0.0, 21.5, 19.3, 0.8, 0, 25320.9604, 25207.6971, True, 25
ESPPRC_heur, -0.0, 25.9, 24.0, 0.7, 0, 25320.8812, 25271.0428, True, 8
ESPPRC_heur, 0.0, 21.2, 19.1, 0.8, 0, 25320.8714, 25284.3594, True, 6
ng8, 0.2, 7695.7, 7445.4, 220.6, 1, 25320.8635, 25137.8524, 0, 336
ESPPRC_heur, 0.0, 15.1, 13.3, 0.7, 0, 25318.3962, 25281.04, True, 18
ESPPRC_heur, 0.0, 14.5, 12.4, 0.8, 0, 25318.3015, 25292.8685, True, 21
ESPPRC_heur, -0.0, 14.5, 12.4, 0.7, 0, 25318.2095, 25294.7202, True, 4
ESPPRC_heur, 0.0, 13.7, 11.9, 0.7, 0, 25318.2003, 25300.3871, True, 7
ESPPRC_heur, -0.0, 14.1, 12.3, 0.7, 0, 25318.1824, 25277.1615, True, 3
ESPPRC_heur, 0.1, 14.1, 12.3, 0.7, 0, 25317.9667, 25218.3204, True, 12
ESPPRC_heur, 0.0, 14.5, 12.4, 0.8, 0, 25317.9358, 25315.5257, True, 1
ng8, 0.2, 7851.7, 7593.3, 229.1, 1, 25317.9358, 25123.6026, 0, 275
ESPPRC_heur, 0.0, 14.7, 12.9, 0.7, 0, 25315.5742, 25284.1147, True, 19
ESPPRC_heur, -0.0, 14.4, 12.6, 0.7, 0, 25315.4339, 25299.7463, True, 11
ESPPRC_heur, -0.0, 14.1, 12.3, 0.7, 0, 25315.416, 25283.3937, True, 6
ESPPRC_heur, -0.0, 14.3, 12.5, 0.7, 0, 25315.415, 25272.0108, True, 4
ESPPRC_heur, -0.0, 13.9, 12.1, 0.7, 0, 25315.352, 25296.2912, True, 4
ESPPRC_heur, -0.0, 14.2, 12.4, 0.7, 0, 25315.3247, 25237.097, True, 7
ESPPRC_heur, 0.0, 14.2, 12.4, 0.7, 0, 25315.2525, 25278.5282, True, 7
ESPPRC_heur, -0.0, 13.8, 12.0, 0.7, 0, 25315.2318, 25255.1217, True, 11
ESPPRC_heur, -0.0, 13.9, 12.1, 0.7, 0, 25315.1089, 25303.1782, True, 3
ESPPRC_heur, -0.0, 14.7, 12.9, 0.7, 0, 25315.0962, 25290.7676, True, 4
ESPPRC_heur, 0.1, 12.9, 11.2, 0.7, 0, 25315.0775, 25292.7753, True, 4
ESPPRC_heur, -0.0, 13.0, 11.2, 0.7, 0, 25315.0766, 25311.041, True, 1
ng8, 0.2, 7899.0, 7644.1, 226.9, 1, 25315.0766, 25189.3242, 0, 207
ESPPRC_heur, 0.0, 15.1, 13.3, 0.7, 0, 25311.9527, 25259.4994, True, 25
ESPPRC_heur, 0.1, 16.1, 14.3, 0.7, 0, 25311.9095, 25244.1827, True, 19
ESPPRC_heur, 0.0, 14.6, 12.8, 0.7, 0, 25311.9095, 25250.0512, True, 6
ESPPRC_heur, 0.0, 15.5, 13.7, 0.7, 0, 25311.9077, 25255.0272, True, 7
ESPPRC_heur, 0.0, 14.0, 12.2, 0.7, 0, 25311.8873, 25297.5213, True, 8
ESPPRC_heur, -0.0, 14.3, 12.5, 0.7, 0, 25311.8756, 25280.4547, True, 4
ESPPRC_heur, 0.0, 16.0, 14.2, 0.7, 0, 25311.8589, 25281.2219, True, 4
ESPPRC_heur, 0.0, 14.6, 12.8, 0.7, 0, 25311.8566, 25306.0771, True, 5
ESPPRC_heur, 0.0, 14.8, 13.0, 0.7, 0, 25311.8565, 25309.3419, True, 1
ng8, 0.1, 8173.6, 7919.8, 225.8, 1, 25311.8565, 25141.6872, 0, 177
ESPPRC_heur, 0.0, 16.2, 14.4, 0.7, 0, 25311.0227, 25206.6666, True, 17
ESPPRC_heur, 0.0, 15.0, 13.2, 0.7, 0, 25310.6042, 25277.4711, True, 8
ESPPRC_heur, -0.0, 14.9, 13.1, 0.7, 0, 25310.5742, 25296.4995, True, 2
ESPPRC_heur, 0.0, 15.2, 13.4, 0.7, 0, 25310.5742, 25303.4317, True, 2
ng8, 0.2, 7660.3, 7410.4, 222.8, 1, 25310.5742, 25200.3912, 0, 143
ESPPRC_heur, -0.0, 18.6, 16.4, 0.8, 0, 25309.0777, 25223.7207, True, 17
ESPPRC_heur, 0.0, 25.4, 23.3, 0.8, 0, 25309.0777, 25288.9698, True, 3
ESPPRC_heur, 0.0, 20.2, 18.1, 0.8, 0, 25309.062, 25299.071, True, 1
ng8, 0.2, 7897.8, 7647.3, 223.6, 1, 25309.062, 25131.2278, 0, 151
ESPPRC_heur, 0.0, 13.5, 11.7, 0.7, 0, 25308.5483, 25292.0754, True, 13
ESPPRC_heur, 0.0, 12.8, 11.0, 0.7, 0, 25308.5316, 25282.4445, True, 9
ESPPRC_heur, 0.1, 13.2, 11.5, 0.7, 0, 25308.4974, 25295.9794, True, 5
ESPPRC_heur, 0.0, 13.3, 11.5, 0.7, 0, 25308.4973, 25297.507, True, 5
ESPPRC_heur, -0.0, 12.9, 11.1, 0.7, 0, 25308.4854, 25302.2688, True, 2
ESPPRC_heur, -0.0, 12.8, 11.0, 0.7, 0, 25308.4741, 25290.9048, True, 2
ESPPRC_heur, 0.0, 13.4, 11.6, 0.7, 0, 25308.4682, 25306.0155, True, 3
ESPPRC_heur, 0.0, 13.4, 11.6, 0.7, 0, 25308.4682, 25308.3691, True, 1
ng8, 0.2, 8224.8, 7988.4, 206.3, 1, 25308.4682, 25239.8401, 0, 105
ESPPRC_heur, -0.0, 16.4, 14.1, 0.8, 0, 25307.5721, 25244.1219, True, 8
ESPPRC_heur, -0.0, 17.4, 15.2, 0.8, 0, 25307.5659, 25287.649, True, 1
ESPPRC_heur, -0.0, 16.5, 14.4, 0.8, 0, 25307.5659, 25300.0486, True, 1
ESPPRC_heur, -0.0, 16.1, 14.2, 0.7, 0, 25307.5626, 25307.4706, True, 1
ng8, 0.2, 8285.8, 8004.1, 247.5, 1, 25307.5626, 25180.7943, 0, 92
ESPPRC_heur, 0.0, 16.6, 14.6, 0.8, 0, 25306.9376, 25261.6095, True, 10
ESPPRC_heur, 0.0, 16.0, 14.1, 0.7, 0, 25306.9376, 25304.8134, True, 1
ng8, 0.2, 8463.4, 8191.2, 241.2, 1, 25306.9376, 25236.2169, 0, 77
ESPPRC_heur, 0.0, 15.2, 13.1, 0.8, 0, 25306.2377, 25119.2795, True, 37
ESPPRC_heur, -0.0, 15.1, 13.0, 0.8, 0, 25306.2363, 25299.6771, True, 3
ESPPRC_heur, 0.0, 15.4, 13.3, 0.8, 0, 25306.235, 25295.8741, True, 2
ESPPRC_heur, 0.0, 15.0, 12.9, 0.8, 0, 25306.235, 25306.2246, True, 1
ng8, 0.2, 7913.3, 7668.3, 215.6, 1, 25306.235, 25129.3824, 0, 94
ESPPRC_heur, 0.0, 17.1, 14.9, 0.8, 0, 25306.1528, 25294.9207, True, 3
ESPPRC_heur, 0.0, 13.0, 11.3, 0.7, 0, 25306.1528, 25296.1374, True, 2
ng8, 0.1, 8136.0, 7896.1, 214.3, 1, 25306.1528, 25116.5768, 0, 70
ESPPRC_heur, 0.0, 14.2, 12.1, 0.8, 0, 25306.1147, 25295.7506, True, 5
ESPPRC_heur, -0.0, 13.1, 11.0, 0.7, 0, 25306.1133, 25300.2272, True, 2
ESPPRC_heur, -0.0, 13.3, 11.2, 0.7, 0, 25306.1101, 25304.6524, True, 1
ESPPRC_heur, 0.0, 13.9, 12.0, 0.7, 0, 25306.1098, 25303.6473, True, 1
ng8, 0.1, 7901.6, 7641.7, 228.8, 1, 25306.1098, 25218.811, 0, 43
ESPPRC_heur, 0.0, 12.9, 10.7, 0.7, 0, 25305.7362, 25281.9282, True, 3
ESPPRC_heur, 0.0, 13.0, 10.8, 0.8, 0, 25305.7307, 25304.5584, True, 2
ng8, 0.2, 8175.7, 7928.4, 216.8, 1, 25305.7307, 25235.8365, 0, 55
ESPPRC_heur, 0.0, 24.0, 21.9, 0.8, 0, 25305.6034, 25300.9355, True, 1
ng8, 0.2, 8466.8, 8199.4, 236.3, 1, 25305.6034, 25260.6651, 0, 40
ng8, 0.1, 8568.5, 8298.4, 237.6, 1, 25305.1983, 25225.142, 0, 50
ESPPRC_heur, 0.0, 13.7, 11.9, 0.7, 0, 25305.0975, 25282.8381, True, 1
ng8, 0.1, 8140.2, 7892.3, 220.0, 1, 25305.0744, 25256.3058, 0, 29
ng8, 0.1, 8224.8, 7962.6, 231.4, 1, 25305.0254, 25260.6386, 0, 24
ESPPRC_heur, -0.0, 15.7, 13.5, 0.8, 0, 25304.9293, 25302.9471, True, 2
ng8, 0.1, 8202.3, 7941.5, 232.6, 1, 25304.9291, 25283.956, 0, 18
ng8, 0.1, 8103.5, 7841.4, 233.1, 1, 25304.895, 25279.6598, 0, 22
ESPPRC_heur, -0.0, 12.4, 10.6, 0.7, 0, 25304.8921, 25281.1, True, 1
ng8, 0.1, 7919.1, 7683.6, 208.7, 1, 25304.8921, 25284.6955, 0, 12
ng8, 0.1, 8021.8, 7774.7, 219.5, 1, 25304.8818, 25298.0605, 0, 10
ng8, 0.1, 7754.0, 7504.4, 221.3, 1, 25304.856, 25300.1575, 0, 8
ng8, 0.0, 7624.7, 7401.0, 197.7, 1, 25304.8504, 25300.8322, 0, 5
ESPPRC_heur, -0.0, 12.7, 10.9, 0.7, 0, 25304.8496, 25303.2362, True, 1
ng8, 0.1, 7717.7, 7493.6, 199.7, 1, 25304.8496, 25302.7701, 0, 2
ng8, 0.1, 7860.2, 7614.1, 219.3, 1, 25304.8496, 25304.8496, 0, 0
scip_total_time, 279059.758292
Solval, number of paths, impact cutoff
25304.849616893414, 231, 0.0001
Elementary, 2-Cycle, Path Value, Path
True, True, 0.2426, (0, 276, 137, 106, 97, 144, 84, 4, 70, 15, 126, 221, 101, 38, 135, 49, 117, 103, 136, 0)
True, True, 0.1712, (0, 210, 112, 57, 234, 37, 29, 13, 1, 276, 60, 79, 121, 138, 130, 200, 0)
True, True, 0.1848, (0, 67, 187, 245, 34, 220, 244, 91, 290, 184, 273, 14, 278, 159, 289, 231, 235, 262, 208, 158, 217, 193, 287, 133, 0)
True, True, 0.1041, (0, 304, 34, 170, 215, 73, 8, 172, 305, 14, 273, 184, 209, 294, 236, 133, 0)
True, True, 0.0837, (0, 133, 287, 193, 217, 158, 208, 262, 235, 231, 289, 159, 278, 75, 14, 273, 184, 290, 91, 244, 34, 245, 187, 67, 0)
True, True, 0.0236, (0, 277, 83, 178, 206, 200, 108, 130, 138, 121, 79, 60, 10, 295, 120, 41, 249, 20, 77, 270, 132, 112, 291, 210, 0)
True, True, 0.0138, (0, 10, 1, 13, 132, 0)
True, True, 0.0805, (0, 195, 58, 87, 141, 2, 113, 150, 185, 292, 98, 205, 169, 163, 274, 297, 183, 157, 280, 134, 188, 107, 19, 242, 259, 90, 21, 268, 241, 0)
True, True, 0.0833, (0, 288, 53, 108, 130, 138, 121, 79, 60, 276, 1, 13, 56, 37, 234, 57, 112, 210, 0)
True, True, 0.0644, (0, 133, 287, 193, 217, 158, 236, 208, 262, 294, 209, 231, 235, 289, 159, 278, 75, 14, 273, 184, 290, 91, 244, 220, 304, 67, 0)
True, True, 0.0062, (0, 212, 162, 204, 211, 228, 17, 95, 221, 126, 15, 70, 38, 101, 135, 49, 117, 103, 164, 282, 216, 0)
True, True, 0.0603, (0, 154, 222, 197, 196, 186, 49, 101, 38, 135, 4, 84, 144, 97, 140, 118, 114, 81, 6, 63, 153, 146, 139, 0)
True, True, 0.0005, (0, 178, 206, 77, 249, 56, 29, 13, 1, 276, 60, 79, 121, 138, 130, 108, 53, 0)
True, True, 0.0256, (0, 178, 206, 77, 249, 56, 29, 13, 1, 295, 120, 41, 20, 200, 0)
True, True, 0.0825, (0, 48, 299, 201, 214, 45, 243, 68, 128, 16, 59, 129, 64, 18, 35, 207, 238, 189, 166, 281, 0)
True, True, 0.1025, (0, 178, 77, 20, 249, 56, 29, 13, 1, 276, 60, 79, 121, 138, 130, 108, 53, 288, 0)
True, True, 0.0333, (0, 288, 53, 108, 130, 138, 121, 79, 3, 137, 276, 10, 295, 120, 41, 0)
True, True, 0.0022, (0, 178, 200, 130, 138, 121, 79, 60, 276, 1, 13, 29, 56, 270, 132, 291, 0)
True, True, 0.0901, (0, 133, 287, 193, 217, 158, 208, 262, 235, 231, 289, 159, 278, 75, 14, 273, 184, 290, 91, 181, 220, 245, 187, 67, 0)
True, True, 0.28, (0, 51, 116, 63, 96, 142, 50, 25, 106, 97, 144, 84, 4, 70, 15, 126, 221, 49, 136, 0)
True, True, 0.0095, (0, 252, 225, 192, 219, 33, 151, 239, 47, 12, 123, 300, 227, 306, 191, 122, 188, 107, 19, 242, 259, 185, 150, 113, 72, 145, 40, 102, 52, 131, 31, 190, 0)
True, True, 0.0062, (0, 302, 162, 204, 211, 228, 17, 95, 221, 126, 15, 70, 38, 101, 135, 49, 117, 103, 164, 282, 173, 0)
True, True, 0.1056, (0, 53, 147, 143, 296, 269, 282, 164, 103, 3, 137, 276, 10, 120, 41, 0)
True, True, 0.0276, (0, 53, 147, 143, 296, 269, 282, 164, 103, 3, 137, 276, 10, 120, 200, 0)
True, True, 0.0784, (0, 53, 147, 143, 296, 269, 282, 164, 103, 3, 137, 276, 10, 295, 120, 0)
True, True, 0.1108, (0, 115, 54, 279, 78, 160, 258, 109, 203, 307, 237, 22, 170, 215, 73, 8, 172, 305, 184, 290, 91, 244, 220, 245, 187, 304, 67, 0)
True, True, 0.014, (0, 30, 119, 27, 271, 43, 88, 111, 93, 42, 5, 128, 16, 59, 129, 80, 26, 68, 243, 45, 214, 299, 48, 0)
True, True, 0.0161, (0, 302, 162, 204, 211, 228, 17, 95, 221, 126, 15, 70, 38, 101, 135, 49, 117, 103, 164, 136, 130, 108, 0)
True, True, 0.0251, (0, 162, 204, 94, 17, 95, 221, 126, 15, 70, 38, 101, 135, 49, 186, 196, 197, 222, 282, 0)
True, True, 0.1432, (0, 256, 160, 223, 251, 229, 124, 69, 198, 11, 232, 240, 149, 94, 228, 211, 204, 167, 260, 165, 173, 216, 143, 147, 108, 53, 288, 0)
True, True, 0.0393, (0, 162, 204, 211, 228, 17, 95, 221, 126, 15, 70, 38, 101, 135, 106, 25, 50, 142, 96, 153, 51, 0)
True, True, 0.0077, (0, 176, 86, 261, 198, 11, 240, 149, 94, 17, 186, 196, 197, 222, 154, 260, 65, 0)
True, True, 0.0472, (0, 147, 143, 296, 269, 282, 164, 3, 117, 186, 196, 197, 17, 228, 211, 167, 162, 66, 0)
True, True, 0.0077, (0, 251, 229, 198, 11, 240, 149, 94, 17, 186, 196, 197, 222, 154, 260, 100, 212, 0)
True, True, 0.0333, (0, 41, 295, 10, 60, 3, 117, 103, 164, 282, 269, 296, 143, 147, 53, 0)
True, True, 0.001, (0, 162, 204, 211, 228, 17, 95, 221, 126, 15, 70, 38, 101, 135, 49, 117, 103, 164, 136, 130, 53, 288, 0)
True, True, 0.0854, (0, 160, 223, 251, 229, 124, 198, 11, 240, 149, 232, 9, 105, 261, 86, 176, 0)
True, True, 0.0687, (0, 256, 160, 223, 251, 229, 124, 198, 11, 240, 232, 9, 105, 261, 86, 247, 176, 0)
True, True, 0.0766, (0, 304, 187, 34, 170, 215, 73, 8, 172, 305, 14, 273, 184, 209, 294, 236, 0)
True, True, 0.1098, (0, 58, 87, 131, 52, 102, 2, 113, 150, 292, 98, 205, 169, 163, 274, 297, 183, 157, 280, 134, 188, 107, 19, 242, 122, 191, 224, 226, 110, 192, 225, 252, 0)
True, True, 0.0609, (0, 54, 279, 78, 160, 258, 109, 203, 307, 237, 22, 170, 215, 8, 172, 305, 290, 91, 181, 294, 262, 208, 158, 217, 193, 287, 133, 0)
True, True, 0.0225, (0, 246, 177, 230, 253, 257, 247, 302, 213, 66, 180, 65, 100, 173, 216, 165, 260, 167, 9, 105, 261, 229, 251, 223, 194, 263, 250, 279, 256, 0)
True, True, 0.0286, (0, 133, 287, 193, 217, 158, 208, 262, 235, 289, 159, 278, 75, 14, 273, 184, 290, 91, 244, 34, 245, 187, 67, 115, 0)
False, True, 0.0763, (0, 115, 182, 277, 83, 288, 246, 177, 230, 212, 253, 257, 302, 213, 247, 223, 194, 155, 263, 250, 246, 177, 230, 212, 253, 257, 302, 213, 247, 223, 194, 155, 253, 212, 230, 177, 246, 288, 83, 277, 182, 0)
False, True, 0.0734, (0, 57, 234, 37, 139, 146, 153, 96, 142, 6, 81, 114, 118, 140, 106, 25, 50, 140, 118, 114, 81, 6, 63, 116, 51, 234, 57, 0)
True, True, 0.0998, (0, 53, 147, 143, 296, 269, 282, 164, 3, 137, 276, 10, 295, 41, 0)
True, True, 0.0272, (0, 53, 147, 143, 296, 269, 136, 164, 103, 117, 3, 137, 276, 10, 295, 120, 0)
True, True, 0.0871, (0, 210, 291, 112, 132, 270, 77, 20, 249, 41, 120, 295, 10, 60, 79, 121, 138, 130, 108, 200, 206, 178, 277, 182, 0)
True, True, 0.2067, (0, 210, 291, 112, 132, 270, 77, 20, 249, 41, 120, 295, 10, 60, 79, 121, 138, 130, 108, 200, 206, 178, 83, 182, 0)
True, True, 0.031, (0, 190, 31, 131, 52, 102, 40, 145, 72, 2, 113, 150, 292, 98, 205, 169, 163, 297, 274, 280, 157, 134, 188, 107, 19, 242, 259, 90, 21, 268, 241, 0)
True, True, 0.0161, (0, 132, 270, 56, 29, 13, 1, 295, 120, 41, 20, 77, 206, 178, 0)
True, True, 0.002, (0, 116, 63, 142, 50, 25, 106, 97, 144, 84, 4, 70, 15, 126, 221, 101, 38, 135, 137, 0)
True, True, 0.0106, (0, 54, 279, 78, 160, 258, 109, 203, 307, 237, 22, 170, 215, 73, 8, 172, 305, 290, 91, 181, 294, 262, 208, 236, 158, 217, 193, 133, 0)
True, True, 0.0392, (0, 256, 223, 251, 229, 124, 198, 11, 240, 149, 232, 9, 105, 261, 86, 0)
True, True, 0.0005, (0, 291, 112, 57, 234, 37, 29, 13, 1, 295, 120, 41, 20, 200, 53, 288, 0)
True, True, 0.1259, (0, 291, 132, 270, 56, 13, 1, 146, 153, 116, 51, 139, 37, 234, 57, 112, 210, 0)
True, True, 0.0171, (0, 210, 291, 112, 132, 77, 20, 249, 41, 120, 295, 10, 60, 79, 121, 138, 143, 147, 180, 66, 213, 302, 257, 250, 256, 0)
True, True, 0.0987, (0, 51, 116, 96, 25, 106, 97, 144, 84, 4, 70, 15, 126, 221, 101, 38, 135, 137, 0)
False, True, 0.0067, (0, 162, 204, 94, 17, 95, 23, 125, 71, 264, 189, 233, 171, 266, 156, 285, 175, 199, 264, 71, 125, 23, 95, 17, 94, 204, 302, 0)
True, True, 0.034, (0, 147, 143, 296, 269, 282, 164, 103, 3, 117, 186, 196, 197, 17, 228, 211, 167, 162, 86, 176, 0)
True, True, 0.0096, (0, 86, 261, 105, 198, 11, 240, 149, 94, 17, 186, 196, 197, 222, 154, 167, 162, 212, 0)
True, True, 0.1439, (0, 303, 82, 46, 168, 85, 175, 285, 156, 293, 248, 267, 148, 39, 62, 26, 80, 129, 59, 16, 128, 68, 243, 61, 111, 93, 89, 283, 24, 104, 127, 218, 254, 72, 145, 40, 131, 0)
True, True, 0.0304, (0, 30, 119, 27, 271, 43, 88, 7, 301, 214, 45, 61, 5, 42, 93, 111, 89, 283, 24, 161, 134, 188, 122, 224, 226, 110, 73, 0)
True, True, 0.0965, (0, 30, 119, 27, 271, 43, 88, 7, 301, 214, 45, 61, 5, 42, 93, 111, 89, 283, 24, 161, 134, 188, 122, 224, 226, 110, 252, 0)
True, True, 0.0401, (0, 252, 225, 192, 219, 33, 151, 239, 47, 12, 123, 300, 227, 306, 191, 122, 188, 107, 19, 242, 98, 292, 150, 185, 90, 141, 87, 58, 195, 0)
True, True, 0.1576, (0, 119, 27, 271, 43, 88, 111, 93, 42, 5, 128, 16, 59, 129, 80, 26, 68, 243, 45, 214, 301, 299, 48, 0)
True, True, 0.1162, (0, 190, 31, 265, 52, 102, 40, 2, 113, 150, 292, 98, 205, 169, 163, 274, 297, 183, 157, 280, 134, 107, 19, 242, 259, 90, 21, 268, 241, 0)
False, True, 0.2579, (0, 115, 54, 279, 78, 160, 258, 109, 203, 307, 237, 22, 170, 215, 73, 8, 22, 237, 307, 203, 109, 258, 194, 155, 263, 250, 78, 279, 54, 115, 0)
True, True, 0.1651, (0, 67, 304, 187, 245, 34, 220, 244, 170, 215, 73, 8, 172, 305, 184, 290, 91, 181, 294, 262, 208, 158, 217, 193, 287, 133, 0)
True, True, 0.0649, (0, 58, 87, 141, 2, 72, 254, 218, 127, 104, 24, 161, 275, 202, 99, 92, 174, 255, 284, 74, 298, 179, 306, 191, 224, 226, 110, 21, 268, 241, 0)
True, True, 0.0604, (0, 246, 177, 230, 253, 257, 247, 213, 66, 180, 65, 100, 173, 216, 165, 260, 167, 9, 105, 261, 229, 251, 223, 194, 263, 250, 78, 256, 0)
True, True, 0.048, (0, 110, 226, 224, 122, 107, 134, 24, 283, 89, 93, 42, 5, 128, 16, 59, 129, 80, 26, 68, 243, 45, 301, 201, 299, 48, 30, 0)
True, True, 0.2303, (0, 176, 86, 261, 105, 9, 232, 149, 240, 11, 198, 69, 124, 265, 31, 190, 0)
True, True, 0.0967, (0, 137, 135, 38, 101, 221, 126, 15, 70, 4, 84, 144, 97, 25, 50, 142, 63, 116, 51, 0)
True, True, 0.0014, (0, 58, 87, 131, 52, 102, 2, 113, 150, 185, 292, 98, 205, 169, 163, 274, 297, 183, 157, 280, 134, 107, 19, 242, 259, 90, 21, 268, 241, 0)
False, True, 0.0939, (0, 141, 113, 254, 218, 127, 104, 24, 283, 89, 93, 42, 5, 61, 111, 283, 89, 92, 99, 202, 275, 174, 255, 284, 74, 298, 179, 306, 191, 224, 226, 110, 268, 0)
False, True, 0.1842, (0, 210, 57, 234, 37, 56, 29, 1, 13, 29, 56, 249, 270, 132, 291, 0)
True, True, 0.1047, (0, 291, 112, 57, 234, 37, 139, 13, 1, 295, 120, 41, 20, 77, 206, 0)
True, True, 0.037, (0, 110, 226, 224, 122, 134, 161, 24, 283, 89, 111, 93, 42, 5, 128, 26, 80, 64, 18, 35, 125, 23, 94, 204, 0)
True, True, 0.0004, (0, 281, 166, 189, 238, 207, 35, 18, 64, 80, 26, 128, 5, 61, 88, 43, 271, 27, 119, 0)
True, True, 0.0154, (0, 303, 82, 46, 168, 85, 175, 285, 156, 293, 248, 267, 148, 286, 64, 129, 59, 16, 80, 26, 68, 243, 61, 111, 89, 283, 24, 104, 127, 218, 254, 72, 145, 40, 131, 0)
True, True, 0.0106, (0, 133, 287, 193, 236, 208, 262, 235, 231, 289, 159, 278, 75, 14, 273, 184, 290, 91, 244, 220, 34, 245, 187, 304, 67, 0)
True, True, 0.0011, (0, 303, 82, 46, 168, 85, 175, 285, 156, 293, 248, 267, 148, 286, 64, 129, 59, 16, 80, 26, 68, 243, 61, 111, 93, 89, 283, 24, 104, 127, 218, 254, 113, 141, 241, 0)
True, True, 0.0832, (0, 147, 143, 296, 269, 282, 222, 164, 103, 3, 117, 186, 196, 197, 17, 228, 211, 167, 162, 0)
False, True, 0.0838, (0, 212, 180, 65, 100, 216, 173, 165, 154, 282, 222, 197, 196, 186, 117, 3, 164, 222, 282, 154, 216, 173, 100, 65, 180, 212, 0)
False, False, 0.0425, (0, 30, 119, 27, 271, 43, 88, 7, 301, 214, 45, 28, 44, 272, 267, 272, 44, 28, 45, 214, 7, 201, 299, 48, 119, 131, 0)
True, True, 0.0338, (0, 303, 124, 69, 82, 46, 168, 48, 299, 201, 7, 301, 214, 45, 28, 44, 272, 293, 233, 189, 171, 266, 156, 285, 175, 199, 264, 71, 125, 23, 95, 186, 196, 197, 222, 154, 0)
True, True, 0.0099, (0, 176, 162, 204, 94, 17, 95, 221, 126, 15, 70, 38, 101, 135, 49, 186, 196, 197, 222, 154, 0)
True, True, 0.1762, (0, 176, 162, 204, 211, 228, 17, 95, 221, 126, 15, 70, 38, 101, 135, 49, 117, 103, 164, 136, 269, 296, 0)
True, True, 0.2109, (0, 30, 119, 27, 271, 43, 88, 61, 42, 5, 128, 26, 80, 64, 18, 35, 125, 23, 71, 166, 281, 0)
True, True, 0.0745, (0, 48, 299, 201, 7, 301, 44, 28, 272, 62, 39, 286, 18, 35, 207, 238, 233, 171, 199, 85, 168, 46, 82, 303, 0)
True, True, 0.0057, (0, 131, 40, 145, 72, 254, 218, 127, 104, 24, 283, 89, 93, 111, 61, 42, 5, 243, 68, 62, 39, 148, 286, 35, 207, 238, 189, 233, 171, 266, 199, 85, 168, 46, 82, 69, 303, 0)
True, True, 0.0968, (0, 304, 245, 34, 170, 215, 73, 8, 172, 305, 14, 273, 181, 294, 236, 0)
True, True, 0.0071, (0, 48, 299, 201, 7, 301, 45, 61, 5, 42, 93, 111, 89, 283, 24, 104, 127, 218, 254, 113, 141, 0)
True, True, 0.0106, (0, 133, 287, 193, 217, 158, 208, 236, 294, 209, 231, 235, 289, 159, 278, 75, 14, 273, 184, 290, 91, 244, 34, 245, 187, 67, 0)
True, True, 0.0141, (0, 37, 139, 146, 153, 63, 6, 81, 114, 118, 140, 50, 142, 96, 137, 3, 136, 269, 296, 143, 147, 0)
False, True, 0.0745, (0, 302, 162, 204, 211, 228, 17, 95, 23, 125, 71, 264, 266, 156, 285, 175, 199, 264, 71, 125, 23, 95, 17, 94, 204, 162, 0)
False, True, 0.0416, (0, 37, 139, 146, 153, 63, 6, 81, 114, 118, 140, 50, 25, 106, 140, 118, 114, 81, 6, 142, 96, 153, 146, 139, 37, 112, 0)
False, True, 0.0106, (0, 133, 287, 193, 217, 158, 208, 262, 235, 231, 289, 159, 278, 75, 14, 273, 289, 159, 235, 262, 208, 158, 217, 287, 133, 0)
True, True, 0.1019, (0, 154, 222, 197, 196, 186, 95, 23, 125, 71, 264, 199, 285, 175, 156, 266, 171, 233, 293, 248, 272, 28, 44, 301, 214, 7, 201, 88, 43, 271, 27, 119, 30, 0)
True, True, 0.0455, (0, 143, 296, 269, 136, 3, 117, 186, 196, 197, 17, 94, 149, 240, 232, 198, 105, 261, 86, 176, 0)
True, True, 0.0426, (0, 195, 58, 87, 141, 90, 185, 292, 98, 205, 169, 163, 274, 297, 183, 157, 280, 134, 74, 284, 255, 174, 92, 99, 202, 275, 161, 24, 104, 127, 218, 254, 72, 145, 40, 102, 52, 131, 265, 31, 190, 0)
False, True, 0.1831, (0, 182, 277, 83, 178, 206, 200, 108, 130, 138, 121, 79, 60, 10, 295, 120, 41, 249, 20, 77, 200, 206, 178, 277, 0)
False, True, 0.0202, (0, 304, 34, 170, 305, 172, 225, 192, 33, 219, 36, 55, 32, 12, 47, 239, 151, 33, 219, 152, 76, 75, 278, 159, 289, 231, 294, 236, 0)
False, False, 0.0252, (0, 181, 209, 76, 152, 36, 55, 32, 123, 227, 300, 179, 298, 74, 284, 255, 174, 92, 99, 202, 275, 161, 183, 161, 275, 202, 99, 92, 174, 255, 284, 74, 298, 179, 300, 227, 123, 32, 55, 36, 152, 76, 209, 236, 0)
True, True, 0.0259, (0, 291, 132, 270, 56, 29, 13, 1, 276, 60, 79, 121, 138, 130, 200, 53, 0)
True, True, 0.0774, (0, 181, 252, 225, 192, 219, 33, 151, 239, 47, 12, 123, 300, 227, 306, 191, 122, 242, 19, 98, 292, 150, 185, 259, 90, 141, 87, 58, 195, 0)
True, True, 0.0002, (0, 252, 110, 226, 224, 191, 306, 179, 298, 74, 284, 255, 174, 275, 202, 99, 92, 89, 283, 111, 93, 42, 61, 45, 214, 301, 7, 201, 88, 43, 271, 27, 119, 265, 190, 0)
False, True, 0.0713, (0, 182, 277, 83, 288, 246, 177, 230, 253, 257, 247, 223, 194, 155, 263, 250, 246, 177, 230, 253, 257, 247, 223, 194, 258, 263, 155, 257, 253, 230, 177, 246, 288, 83, 277, 182, 0)
True, True, 0.099, (0, 256, 160, 194, 223, 251, 229, 124, 69, 198, 11, 232, 240, 149, 94, 228, 211, 154, 165, 260, 100, 65, 180, 212, 0)
False, True, 0.021, (0, 256, 78, 263, 155, 247, 66, 180, 65, 100, 216, 173, 165, 260, 167, 9, 105, 261, 229, 86, 66, 213, 302, 257, 253, 230, 177, 246, 0)
False, False, 0.189, (0, 252, 225, 192, 33, 151, 239, 12, 47, 306, 47, 12, 239, 151, 219, 0)
True, True, 0.0313, (0, 131, 52, 102, 40, 145, 271, 43, 88, 201, 7, 214, 45, 28, 44, 272, 248, 293, 233, 189, 264, 71, 125, 23, 95, 186, 196, 197, 222, 154, 260, 0)
False, True, 0.027, (0, 303, 69, 82, 46, 168, 85, 175, 285, 156, 293, 248, 267, 148, 286, 39, 62, 26, 80, 16, 59, 129, 64, 286, 62, 39, 148, 267, 248, 293, 156, 285, 175, 85, 168, 46, 82, 0)
False, True, 0.1061, (0, 291, 132, 270, 56, 29, 13, 1, 29, 56, 249, 20, 77, 206, 178, 0)
True, True, 0.0502, (0, 143, 296, 269, 136, 3, 137, 96, 142, 50, 25, 140, 118, 114, 81, 6, 63, 116, 153, 146, 139, 270, 0)
True, True, 0.0126, (0, 281, 166, 23, 125, 35, 18, 64, 80, 26, 128, 5, 42, 93, 111, 61, 88, 43, 271, 27, 119, 0)
False, True, 0.0192, (0, 303, 69, 82, 46, 168, 85, 175, 285, 156, 293, 248, 267, 148, 286, 39, 62, 26, 80, 16, 59, 129, 64, 286, 62, 39, 148, 267, 248, 293, 156, 285, 175, 85, 168, 46, 303, 0)
True, True, 0.0002, (0, 110, 226, 224, 191, 306, 179, 298, 74, 284, 255, 174, 275, 202, 99, 92, 89, 283, 111, 93, 42, 61, 45, 214, 301, 7, 201, 88, 43, 271, 27, 119, 102, 52, 131, 0)
False, True, 0.0026, (0, 287, 193, 217, 158, 208, 262, 294, 231, 235, 159, 289, 273, 14, 278, 159, 289, 231, 235, 262, 208, 158, 217, 193, 287, 133, 0)
True, True, 0.0202, (0, 187, 241, 22, 215, 73, 8, 172, 305, 14, 278, 159, 294, 236, 0)
True, True, 0.0786, (0, 260, 154, 222, 197, 196, 186, 49, 101, 38, 135, 4, 84, 144, 97, 140, 118, 114, 81, 6, 63, 116, 51, 291, 0)
False, True, 0.0259, (0, 73, 110, 226, 224, 122, 188, 134, 74, 284, 255, 174, 275, 202, 99, 92, 89, 283, 111, 61, 5, 42, 93, 89, 283, 24, 104, 127, 218, 254, 72, 145, 40, 102, 52, 131, 195, 0)
True, True, 0.0944, (0, 181, 75, 76, 152, 36, 55, 32, 123, 227, 300, 179, 298, 74, 284, 255, 174, 92, 99, 202, 275, 161, 183, 157, 280, 274, 297, 163, 205, 169, 104, 127, 218, 254, 72, 145, 40, 102, 52, 265, 31, 190, 0)
False, True, 0.114, (0, 182, 277, 83, 288, 246, 177, 230, 212, 253, 257, 247, 302, 213, 66, 86, 251, 30, 265, 31, 190, 87, 58, 307, 237, 203, 109, 258, 194, 247, 257, 253, 212, 230, 177, 246, 288, 83, 277, 182, 115, 0)
False, True, 0.0589, (0, 303, 82, 46, 168, 85, 199, 266, 171, 233, 293, 248, 267, 148, 39, 62, 26, 80, 16, 59, 129, 64, 286, 148, 267, 248, 293, 233, 171, 266, 199, 85, 168, 46, 82, 303, 0)
True, True, 0.0994, (0, 241, 22, 268, 21, 90, 141, 185, 150, 292, 98, 205, 169, 163, 297, 274, 280, 157, 183, 161, 275, 202, 99, 92, 174, 255, 284, 74, 298, 179, 300, 227, 123, 32, 55, 36, 152, 76, 75, 209, 236, 0)
False, True, 0.1046, (0, 162, 204, 94, 17, 95, 23, 125, 71, 264, 189, 171, 266, 156, 285, 175, 199, 264, 71, 125, 23, 95, 17, 94, 204, 162, 302, 0)
False, True, 0.1086, (0, 57, 234, 51, 146, 153, 63, 6, 81, 114, 118, 140, 50, 25, 106, 140, 118, 114, 81, 6, 142, 96, 153, 146, 139, 270, 0)
True, True, 0.1282, (0, 281, 166, 264, 189, 238, 207, 35, 18, 286, 39, 62, 272, 28, 44, 7, 201, 299, 48, 0)
True, True, 0.0133, (0, 176, 162, 167, 154, 222, 197, 196, 186, 49, 101, 38, 135, 4, 84, 144, 97, 140, 118, 114, 81, 6, 63, 116, 51, 0)
False, True, 0.0749, (0, 54, 279, 250, 263, 155, 257, 302, 213, 66, 86, 261, 105, 9, 167, 260, 165, 216, 173, 100, 65, 180, 66, 213, 247, 155, 263, 250, 279, 54, 0)
True, True, 0.0389, (0, 154, 222, 197, 196, 186, 95, 23, 125, 71, 264, 189, 233, 238, 248, 272, 44, 28, 45, 214, 301, 7, 201, 88, 43, 271, 27, 48, 168, 46, 82, 69, 124, 303, 251, 0)
True, True, 0.0846, (0, 282, 164, 103, 117, 49, 135, 101, 38, 4, 84, 144, 97, 140, 118, 114, 81, 6, 142, 50, 96, 153, 146, 139, 0)
True, True, 0.0282, (0, 132, 139, 146, 153, 96, 142, 6, 81, 114, 118, 140, 50, 25, 106, 137, 3, 136, 269, 296, 143, 147, 0)
False, True, 0.042, (0, 246, 177, 230, 253, 302, 213, 66, 180, 65, 100, 173, 216, 165, 260, 167, 9, 162, 100, 65, 180, 66, 213, 302, 253, 230, 177, 246, 0)
True, True, 0.0191, (0, 281, 166, 189, 238, 207, 35, 18, 64, 129, 59, 16, 128, 68, 243, 45, 301, 201, 299, 27, 119, 0)
True, True, 0.0042, (0, 303, 82, 46, 168, 85, 175, 156, 285, 199, 266, 171, 233, 293, 248, 267, 148, 286, 39, 62, 68, 243, 5, 42, 61, 111, 89, 283, 24, 104, 127, 218, 254, 113, 141, 0)
True, True, 0.1567, (0, 195, 58, 87, 131, 52, 102, 40, 145, 72, 2, 113, 150, 185, 259, 242, 19, 107, 188, 122, 191, 306, 227, 300, 123, 32, 55, 36, 152, 76, 209, 181, 0)
True, True, 0.0384, (0, 195, 190, 31, 265, 131, 52, 102, 2, 113, 150, 292, 98, 205, 169, 163, 274, 297, 183, 157, 280, 134, 107, 19, 242, 259, 90, 21, 268, 241, 0)
True, True, 0.0442, (0, 30, 48, 299, 201, 7, 301, 44, 28, 272, 62, 39, 148, 286, 18, 35, 207, 238, 189, 166, 281, 0)
True, True, 0.0232, (0, 288, 147, 143, 296, 269, 136, 3, 117, 186, 196, 197, 17, 94, 149, 240, 232, 105, 261, 86, 176, 0)
True, True, 0.0524, (0, 256, 194, 223, 251, 229, 124, 69, 198, 11, 232, 240, 149, 94, 228, 211, 154, 260, 165, 216, 173, 143, 147, 108, 53, 0)
False, True, 0.0393, (0, 139, 146, 51, 116, 63, 6, 81, 114, 118, 140, 97, 144, 84, 4, 38, 101, 135, 106, 25, 50, 142, 96, 153, 146, 139, 0)
False, True, 0.0039, (0, 132, 139, 146, 153, 96, 142, 50, 25, 106, 135, 101, 38, 4, 84, 144, 97, 140, 118, 114, 81, 6, 63, 116, 51, 139, 0)
False, True, 0.0524, (0, 303, 82, 46, 168, 85, 175, 285, 156, 293, 248, 267, 148, 286, 39, 62, 26, 80, 16, 59, 129, 64, 286, 148, 267, 207, 238, 189, 264, 71, 166, 281, 176, 0)
True, True, 0.0232, (0, 241, 268, 21, 90, 259, 242, 19, 107, 188, 134, 280, 157, 183, 297, 274, 163, 205, 169, 104, 127, 218, 254, 72, 145, 2, 40, 102, 52, 131, 31, 190, 0)
False, True, 0.0335, (0, 252, 225, 192, 219, 151, 239, 12, 47, 306, 227, 47, 12, 239, 151, 219, 209, 0)
False, True, 0.009, (0, 288, 53, 108, 147, 143, 296, 269, 282, 222, 197, 196, 186, 117, 3, 103, 164, 222, 282, 154, 167, 260, 173, 216, 100, 65, 180, 212, 0)
False, True, 0.0319, (0, 236, 294, 231, 289, 159, 278, 75, 76, 152, 219, 33, 151, 239, 47, 12, 32, 55, 36, 219, 33, 192, 225, 172, 305, 252, 91, 181, 236, 0)
False, True, 0.0355, (0, 256, 250, 263, 155, 247, 213, 66, 180, 65, 100, 162, 9, 167, 260, 165, 216, 173, 100, 65, 180, 66, 213, 302, 253, 230, 177, 246, 0)
True, True, 0.0008, (0, 176, 86, 261, 9, 204, 211, 228, 94, 149, 240, 11, 198, 229, 251, 0)
True, True, 0.0072, (0, 195, 203, 307, 237, 58, 87, 190, 31, 265, 30, 303, 229, 261, 105, 9, 167, 260, 165, 216, 173, 100, 65, 180, 66, 213, 247, 155, 176, 250, 256, 0)
True, True, 0.0284, (0, 268, 21, 110, 226, 224, 191, 306, 179, 298, 74, 284, 255, 174, 275, 202, 99, 92, 89, 283, 111, 61, 45, 214, 301, 7, 201, 88, 43, 271, 27, 119, 265, 0)
True, True, 0.0337, (0, 131, 52, 102, 40, 145, 271, 43, 88, 201, 7, 301, 214, 45, 28, 44, 272, 293, 248, 238, 233, 189, 264, 71, 125, 23, 95, 186, 196, 197, 222, 282, 0)
False, True, 0.0355, (0, 256, 78, 250, 263, 155, 257, 302, 213, 66, 180, 65, 100, 216, 173, 165, 260, 167, 9, 105, 261, 86, 66, 213, 302, 247, 155, 263, 250, 54, 0)
False, True, 0.0634, (0, 210, 112, 132, 270, 77, 20, 249, 41, 120, 295, 10, 60, 79, 121, 138, 130, 20, 77, 200, 206, 178, 83, 0)
False, True, 0.0106, (0, 133, 287, 193, 217, 158, 236, 208, 262, 235, 159, 289, 273, 14, 278, 159, 289, 231, 235, 262, 158, 217, 193, 287, 133, 0)
True, True, 0.1906, (0, 303, 69, 82, 46, 168, 85, 199, 266, 171, 233, 189, 238, 207, 267, 148, 286, 39, 62, 68, 243, 5, 42, 61, 111, 93, 89, 283, 24, 104, 127, 218, 254, 113, 141, 0)
True, True, 0.0738, (0, 241, 268, 21, 90, 259, 242, 19, 107, 188, 134, 280, 157, 183, 297, 274, 163, 169, 104, 127, 218, 254, 72, 145, 2, 40, 102, 52, 131, 87, 58, 195, 0)
False, True, 0.0202, (0, 304, 220, 244, 252, 305, 172, 225, 192, 33, 219, 36, 55, 32, 12, 47, 239, 151, 33, 219, 152, 76, 75, 273, 278, 289, 231, 294, 236, 0)
True, True, 0.0094, (0, 212, 65, 100, 216, 173, 165, 260, 167, 154, 211, 228, 94, 149, 240, 232, 11, 198, 69, 124, 229, 251, 223, 160, 256, 0)
True, True, 0.0553, (0, 195, 203, 307, 237, 58, 87, 190, 31, 265, 30, 229, 261, 105, 9, 167, 260, 165, 216, 173, 100, 65, 180, 66, 213, 302, 257, 176, 250, 78, 256, 0)
False, True, 0.013, (0, 256, 78, 250, 263, 155, 257, 302, 213, 66, 180, 65, 100, 216, 173, 165, 260, 167, 9, 105, 261, 86, 66, 213, 302, 247, 155, 263, 250, 279, 256, 0)
False, True, 0.048, (0, 287, 193, 217, 158, 208, 262, 235, 231, 289, 159, 278, 75, 14, 273, 159, 289, 231, 235, 262, 208, 158, 217, 193, 287, 0)
False, True, 0.0374, (0, 210, 112, 57, 234, 37, 56, 29, 13, 1, 29, 37, 234, 57, 112, 291, 0)
False, True, 0.0423, (0, 37, 139, 51, 146, 153, 116, 63, 6, 81, 114, 118, 140, 50, 25, 106, 140, 118, 114, 81, 6, 142, 96, 153, 146, 139, 37, 0)
True, True, 0.0994, (0, 281, 166, 264, 207, 35, 18, 64, 129, 59, 16, 128, 68, 243, 28, 44, 272, 299, 48, 0)
False, True, 0.0773, (0, 115, 54, 279, 78, 160, 258, 109, 203, 307, 237, 22, 170, 215, 73, 8, 172, 305, 290, 91, 244, 220, 34, 245, 187, 67, 115, 0)
True, True, 0.0957, (0, 53, 147, 296, 269, 136, 3, 137, 96, 142, 50, 25, 140, 118, 114, 81, 6, 63, 116, 153, 146, 139, 132, 0)
False, True, 0.0003, (0, 195, 58, 87, 131, 52, 102, 40, 145, 72, 2, 113, 150, 292, 98, 205, 169, 104, 127, 218, 254, 72, 145, 40, 102, 52, 131, 31, 190, 0)
False, True, 0.1294, (0, 195, 190, 31, 265, 131, 52, 102, 40, 145, 72, 2, 113, 150, 185, 259, 242, 19, 107, 188, 122, 191, 306, 224, 226, 110, 21, 90, 141, 87, 58, 195, 0)
True, True, 0.0767, (0, 256, 160, 194, 223, 251, 229, 124, 69, 198, 11, 232, 240, 149, 94, 228, 211, 204, 167, 260, 100, 65, 180, 212, 0)
True, True, 0.0261, (0, 154, 222, 197, 196, 186, 95, 23, 125, 71, 264, 189, 238, 248, 293, 272, 44, 28, 45, 214, 301, 7, 201, 88, 43, 271, 27, 48, 168, 46, 82, 69, 124, 303, 251, 0)
True, True, 0.0356, (0, 241, 268, 110, 226, 224, 191, 306, 179, 298, 74, 284, 255, 174, 275, 202, 99, 92, 89, 283, 111, 93, 61, 45, 214, 301, 7, 201, 88, 43, 271, 27, 119, 265, 0)
False, True, 0.0098, (0, 288, 53, 147, 143, 296, 269, 282, 222, 164, 103, 3, 117, 186, 196, 197, 222, 282, 154, 165, 173, 216, 100, 65, 180, 66, 213, 302, 0)
False, True, 0.1388, (0, 236, 294, 235, 231, 278, 75, 76, 152, 219, 33, 151, 239, 47, 12, 32, 55, 36, 219, 33, 192, 225, 172, 305, 252, 244, 220, 304, 0)
True, True, 0.0016, (0, 256, 223, 251, 229, 124, 69, 11, 240, 149, 94, 17, 228, 211, 204, 167, 162, 212, 0)
True, True, 0.0544, (0, 67, 304, 187, 245, 34, 244, 91, 290, 184, 273, 14, 75, 278, 159, 289, 235, 262, 208, 158, 217, 193, 287, 133, 0)
True, True, 0.0403, (0, 252, 110, 226, 224, 122, 188, 134, 157, 161, 24, 283, 89, 111, 93, 42, 5, 61, 45, 214, 301, 7, 201, 299, 27, 119, 30, 0)
False, True, 0.0162, (0, 67, 304, 220, 244, 91, 290, 184, 273, 14, 75, 278, 159, 289, 231, 235, 262, 208, 236, 158, 217, 193, 287, 67, 0)
False, True, 0.0872, (0, 67, 304, 187, 245, 34, 220, 181, 209, 231, 235, 159, 289, 273, 14, 278, 159, 289, 231, 235, 262, 208, 158, 217, 193, 287, 133, 0)
False, True, 0.0591, (0, 212, 180, 65, 100, 216, 173, 165, 154, 282, 222, 164, 103, 3, 117, 186, 196, 197, 222, 282, 154, 165, 216, 173, 143, 147, 108, 53, 288, 0)
False, True, 0.0197, (0, 54, 279, 78, 250, 263, 155, 194, 258, 109, 203, 307, 237, 22, 170, 215, 73, 8, 22, 237, 307, 203, 109, 258, 263, 250, 78, 279, 54, 0)
True, True, 0.0055, (0, 110, 226, 224, 122, 107, 134, 183, 161, 24, 283, 89, 111, 93, 42, 5, 61, 45, 214, 301, 7, 201, 299, 27, 119, 0)
False, True, 0.0844, (0, 256, 250, 263, 155, 247, 66, 86, 229, 261, 105, 9, 167, 260, 165, 216, 173, 100, 65, 180, 66, 213, 302, 257, 253, 230, 177, 246, 0)
True, True, 0.0085, (0, 176, 86, 105, 9, 204, 211, 228, 94, 149, 240, 11, 198, 229, 251, 256, 0)
True, True, 0.0118, (0, 212, 162, 167, 204, 211, 228, 17, 197, 196, 186, 117, 3, 164, 282, 269, 296, 143, 147, 53, 288, 0)
True, True, 0.0439, (0, 223, 251, 229, 124, 69, 11, 232, 240, 149, 94, 17, 228, 211, 167, 162, 212, 0)
False, False, 0.0192, (0, 303, 82, 48, 299, 201, 7, 301, 214, 45, 28, 44, 272, 267, 272, 44, 28, 45, 214, 301, 7, 88, 43, 271, 27, 119, 131, 0)
True, True, 0.0939, (0, 252, 225, 192, 110, 226, 224, 191, 122, 188, 107, 19, 242, 259, 185, 292, 98, 205, 169, 163, 297, 274, 280, 157, 183, 161, 275, 202, 99, 92, 174, 255, 284, 74, 298, 179, 300, 227, 123, 32, 55, 36, 152, 76, 75, 209, 0)
True, True, 0.0088, (0, 131, 119, 27, 271, 43, 88, 201, 7, 301, 214, 45, 28, 44, 272, 293, 233, 189, 171, 266, 156, 285, 175, 199, 264, 71, 125, 23, 95, 186, 196, 197, 222, 154, 212, 0)
True, True, 0.0176, (0, 195, 58, 87, 141, 90, 259, 185, 150, 292, 98, 205, 169, 163, 297, 274, 280, 157, 183, 161, 275, 202, 99, 92, 174, 255, 284, 74, 298, 179, 300, 227, 123, 32, 55, 36, 152, 76, 75, 294, 236, 0)
True, True, 0.0403, (0, 241, 268, 21, 90, 185, 292, 98, 205, 163, 297, 274, 280, 134, 188, 122, 191, 306, 227, 300, 123, 12, 47, 239, 151, 33, 219, 192, 225, 252, 0)
True, True, 0.0687, (0, 176, 86, 261, 105, 9, 204, 211, 228, 94, 149, 232, 11, 198, 229, 251, 256, 0)
True, True, 0.0143, (0, 195, 109, 190, 31, 265, 124, 198, 11, 240, 149, 232, 9, 105, 261, 86, 176, 0)
True, True, 0.0608, (0, 119, 27, 271, 43, 88, 201, 7, 214, 45, 28, 44, 272, 248, 293, 233, 171, 266, 156, 285, 175, 199, 264, 71, 125, 23, 95, 186, 196, 197, 222, 154, 0)
False, True, 0.0649, (0, 303, 82, 46, 168, 85, 175, 285, 156, 293, 248, 267, 148, 286, 39, 62, 26, 80, 16, 59, 129, 64, 286, 148, 267, 248, 293, 233, 171, 266, 199, 166, 281, 176, 0)
True, True, 0.0224, (0, 30, 119, 48, 299, 201, 301, 45, 243, 68, 128, 16, 59, 129, 64, 18, 35, 207, 238, 189, 166, 281, 0)
True, True, 0.1447, (0, 281, 166, 189, 238, 207, 35, 18, 64, 129, 59, 16, 128, 68, 243, 28, 44, 272, 299, 48, 30, 0)
True, True, 0.001, (0, 154, 222, 197, 196, 186, 95, 23, 125, 71, 264, 199, 285, 175, 156, 266, 171, 189, 233, 293, 272, 44, 28, 45, 214, 7, 201, 88, 43, 271, 27, 119, 31, 0)
True, True, 0.037, (0, 303, 124, 82, 46, 168, 85, 175, 156, 285, 199, 266, 171, 233, 293, 248, 238, 207, 267, 148, 286, 39, 62, 272, 44, 28, 45, 214, 301, 7, 201, 88, 43, 271, 27, 119, 131, 0)
True, True, 0.002, (0, 303, 69, 82, 46, 168, 85, 199, 266, 171, 233, 293, 248, 267, 148, 286, 18, 64, 80, 26, 68, 243, 61, 111, 93, 89, 283, 24, 104, 127, 218, 254, 113, 141, 0)
True, True, 0.0514, (0, 241, 268, 21, 90, 259, 185, 292, 98, 205, 169, 163, 297, 274, 280, 157, 134, 298, 179, 300, 227, 123, 12, 47, 239, 151, 33, 192, 225, 181, 0)
True, True, 0.0329, (0, 256, 251, 229, 198, 11, 240, 149, 94, 17, 186, 196, 197, 222, 154, 167, 162, 212, 0)
False, True, 0.101, (0, 241, 141, 2, 145, 72, 254, 218, 127, 104, 24, 161, 275, 202, 99, 92, 174, 255, 284, 74, 298, 179, 306, 191, 224, 226, 110, 21, 268, 241, 0)
True, True, 0.0088, (0, 195, 203, 307, 237, 58, 87, 190, 31, 265, 30, 303, 229, 261, 105, 9, 167, 260, 165, 216, 173, 100, 65, 180, 66, 213, 247, 155, 263, 256, 0)
True, True, 0.0124, (0, 176, 281, 166, 85, 175, 156, 285, 199, 266, 171, 233, 189, 238, 207, 35, 18, 64, 80, 26, 68, 243, 61, 111, 93, 89, 283, 24, 104, 127, 218, 254, 113, 141, 0)
False, True, 0.0319, (0, 236, 294, 231, 289, 159, 278, 75, 76, 152, 219, 33, 151, 239, 47, 12, 32, 55, 36, 219, 33, 192, 225, 172, 305, 290, 209, 294, 236, 0)
True, True, 0.0008, (0, 190, 265, 119, 27, 271, 43, 88, 201, 7, 301, 214, 45, 28, 44, 272, 293, 248, 238, 233, 189, 264, 71, 125, 23, 95, 186, 196, 197, 222, 154, 260, 0)
False, True, 0.0346, (0, 236, 289, 159, 278, 75, 76, 152, 219, 33, 151, 239, 47, 12, 32, 55, 36, 219, 33, 192, 225, 172, 305, 252, 244, 220, 304, 0)
True, True, 0.0167, (0, 281, 166, 71, 23, 125, 35, 18, 64, 129, 59, 16, 80, 26, 68, 243, 45, 301, 201, 299, 48, 30, 0)
False, True, 0.0166, (0, 110, 226, 224, 122, 107, 134, 74, 284, 255, 174, 275, 202, 99, 92, 283, 89, 93, 42, 5, 61, 111, 283, 89, 92, 99, 202, 275, 174, 255, 284, 74, 134, 122, 224, 226, 110, 0)
True, True, 0.0114, (0, 131, 119, 27, 271, 43, 88, 201, 7, 214, 301, 44, 28, 272, 248, 293, 233, 171, 266, 156, 285, 175, 199, 264, 71, 125, 23, 95, 186, 196, 197, 222, 154, 0)
False, False, 0.0956, (0, 209, 76, 152, 36, 55, 32, 123, 227, 300, 179, 298, 74, 284, 255, 174, 92, 99, 202, 275, 161, 183, 161, 275, 202, 99, 92, 174, 255, 284, 74, 298, 179, 300, 227, 123, 32, 55, 36, 152, 76, 209, 294, 236, 0)
True, True, 0.0027, (0, 110, 226, 224, 122, 107, 134, 161, 24, 283, 89, 111, 93, 42, 5, 128, 26, 80, 64, 18, 35, 125, 23, 166, 281, 0)
False, True, 0.0013, (0, 195, 190, 31, 265, 52, 102, 40, 2, 145, 72, 254, 218, 127, 104, 169, 205, 98, 292, 150, 185, 90, 141, 87, 58, 195, 0)
False, True, 0.0709, (0, 303, 82, 46, 168, 85, 175, 156, 285, 199, 266, 171, 233, 238, 207, 35, 18, 64, 80, 26, 62, 39, 286, 148, 267, 248, 293, 233, 171, 266, 156, 285, 175, 85, 166, 281, 0)
True, True, 0.0047, (0, 303, 82, 46, 168, 85, 199, 266, 171, 233, 248, 267, 148, 286, 39, 62, 26, 80, 129, 59, 16, 128, 68, 243, 61, 111, 93, 89, 283, 24, 161, 134, 107, 122, 224, 226, 110, 73, 0)
False, True, 0.0081, (0, 303, 82, 46, 168, 85, 175, 285, 156, 293, 248, 267, 148, 286, 64, 129, 59, 16, 80, 26, 62, 39, 148, 286, 35, 207, 238, 189, 233, 171, 266, 199, 85, 168, 46, 82, 0)
True, True, 0.0087, (0, 241, 22, 268, 21, 90, 259, 185, 292, 98, 205, 169, 163, 274, 297, 183, 157, 280, 134, 74, 284, 255, 174, 92, 99, 202, 275, 161, 24, 104, 127, 218, 254, 72, 145, 40, 102, 52, 131, 265, 31, 190, 195, 0)
False, True, 0.0214, (0, 256, 250, 176, 155, 247, 213, 66, 86, 261, 105, 9, 167, 260, 165, 216, 173, 100, 65, 180, 66, 213, 302, 247, 257, 253, 230, 177, 246, 0)
True, True, 0.0335, (0, 241, 268, 21, 90, 185, 292, 98, 205, 163, 274, 297, 183, 157, 280, 134, 298, 179, 300, 123, 12, 47, 239, 151, 33, 192, 225, 181, 0)
True, True, 0.0188, (0, 252, 225, 192, 110, 226, 224, 191, 122, 188, 107, 19, 242, 259, 185, 150, 292, 98, 205, 169, 163, 297, 274, 280, 157, 183, 161, 275, 202, 99, 92, 174, 255, 284, 74, 298, 179, 300, 227, 123, 32, 55, 36, 152, 76, 181, 0)
True, True, 0.057, (0, 241, 22, 268, 21, 90, 259, 185, 150, 292, 98, 205, 169, 104, 127, 218, 254, 72, 145, 2, 40, 102, 52, 265, 31, 190, 109, 195, 0)
True, True, 0.0216, (0, 252, 225, 192, 219, 151, 239, 47, 12, 123, 227, 300, 179, 298, 134, 280, 157, 183, 297, 274, 163, 169, 205, 98, 292, 185, 90, 21, 268, 241, 0)
False, True, 0.0152, (0, 195, 190, 31, 265, 52, 102, 2, 145, 72, 254, 218, 127, 104, 169, 205, 98, 292, 150, 185, 259, 90, 141, 87, 58, 195, 0)
True, True, 0.0155, (0, 141, 113, 254, 218, 127, 104, 24, 283, 89, 93, 111, 61, 243, 68, 26, 80, 64, 18, 286, 62, 39, 148, 267, 248, 293, 156, 285, 175, 85, 166, 281, 0)
False, True, 0.0037, (0, 303, 82, 46, 168, 85, 175, 156, 285, 199, 266, 171, 233, 189, 238, 207, 35, 286, 148, 39, 62, 26, 80, 64, 18, 35, 207, 238, 233, 171, 266, 156, 285, 175, 85, 168, 46, 82, 303, 0)
True, True, 0.0037, (0, 252, 225, 192, 33, 151, 239, 47, 12, 123, 227, 300, 179, 298, 134, 157, 280, 274, 297, 163, 169, 205, 98, 292, 185, 141, 87, 58, 195, 0)
False, True, 0.0022, (0, 256, 250, 263, 155, 247, 302, 213, 66, 180, 65, 100, 216, 173, 165, 260, 167, 9, 105, 261, 229, 30, 265, 31, 190, 223, 194, 263, 250, 256, 0)
all_elementary, False
all_cyc2, False
