Instance, X-n351-k40
capacity, 436
min_trucks, 40
output_file, output_uchoa/X-n351-k40-cyc2.log
Start date, 2022-07-02
Start time, 10-41-21
capacity, 436
num_vehicles, 40
abort_early, False
methods, ['cyc2']
max_vars, 100
time_limit, 86400
farley, False
ESPPRC_heur, True
initial time, initial max_it, max_stale_it
1, 20000.0, 20
heuristic Number of routes, heuristic Best Solution Value, heuristic number of iterations, adjusted time, adjusted max_it, measured total time
549749, 26450.0, 20000, 1, 20000.0, 43728.9
method, python time, total time, propagated dominance time, unpropagated dominance time, pricing_success, upper_bound, lower_bound, abort_early, num_paths, 
ESPPRC_heur, 0.0, 4.2, 2.8, 0.6, 0, 25640.6284, 24105.2486, True, 429
ESPPRC_heur, 0.1, 4.5, 3.0, 0.6, 0, 25640.6284, 25148.0839, True, 92
ESPPRC_heur, -0.0, 4.7, 3.1, 0.6, 0, 25638.5729, 25252.7084, True, 48
ESPPRC_heur, 0.0, 4.6, 3.1, 0.6, 0, 25637.8989, 25558.7979, True, 18
ESPPRC_heur, 0.1, 3.9, 2.7, 0.5, 0, 25637.5306, 25562.7748, True, 6
ESPPRC_heur, 0.0, 4.0, 2.5, 0.6, 0, 25637.419, 25634.8938, True, 1
cyc2, 0.4, 137.9, 0.0, 0.0, 1, 25637.4179, 14023.9707, 0, 88504
ESPPRC_heur, 0.1, 4.5, 3.0, 0.6, 0, 25636.5265, 24864.8766, True, 118
ESPPRC_heur, 0.0, 4.8, 3.2, 0.7, 0, 25635.7218, 25429.9569, True, 25
ESPPRC_heur, 0.0, 5.0, 3.4, 0.7, 0, 25635.6147, 25505.498, True, 6
ESPPRC_heur, -0.0, 5.0, 3.4, 0.7, 0, 25635.4949, 25492.2806, True, 1
cyc2, 0.3, 133.5, 0.0, 0.0, 1, 25635.4949, 20253.6111, 0, 29193
ESPPRC_heur, 0.0, 6.8, 4.9, 0.9, 0, 25616.4172, 25197.8702, True, 92
ESPPRC_heur, 0.0, 7.6, 5.7, 1.0, 0, 25616.4172, 25562.3786, True, 5
cyc2, 0.2, 104.1, 0.0, 0.0, 1, 25616.4163, 20847.306, 0, 26628
ESPPRC_heur, 0.1, 4.7, 3.2, 0.7, 0, 25612.9542, 25421.6463, True, 12
ESPPRC_heur, -0.0, 4.6, 3.0, 0.6, 0, 25611.7533, 25553.3653, True, 10
cyc2, 0.4, 135.2, 0.0, 0.0, 1, 25611.7404, 22153.1023, 0, 16301
ESPPRC_heur, 0.1, 4.1, 2.8, 0.5, 0, 25579.4289, 25055.8653, True, 46
ESPPRC_heur, 0.0, 3.9, 2.6, 0.5, 0, 25577.3249, 25344.5488, True, 17
ESPPRC_heur, 0.0, 3.9, 2.6, 0.5, 0, 25577.2108, 25281.4468, True, 8
ESPPRC_heur, -0.0, 4.0, 2.7, 0.5, 0, 25576.3757, 25302.6588, True, 7
ESPPRC_heur, -0.0, 4.0, 2.7, 0.5, 0, 25576.375, 25575.5988, True, 1
cyc2, 0.2, 107.9, 0.0, 0.0, 1, 25576.375, 23644.8054, 0, 11373
ESPPRC_heur, 0.0, 3.9, 2.6, 0.5, 0, 25540.5949, 24835.5885, True, 39
ESPPRC_heur, -0.0, 4.0, 2.7, 0.5, 0, 25540.1444, 25533.729, True, 1
cyc2, 0.2, 107.1, 0.0, 0.0, 1, 25540.1444, 23962.6091, 0, 10225
ESPPRC_heur, 0.0, 4.1, 2.8, 0.6, 0, 25534.4038, 25274.603, True, 28
ESPPRC_heur, -0.0, 4.2, 2.8, 0.6, 0, 25534.4012, 25478.2718, True, 2
cyc2, 0.3, 109.3, 0.0, 0.0, 1, 25534.4011, 24180.8176, 0, 7278
ESPPRC_heur, -0.0, 5.0, 3.5, 0.6, 0, 25506.5994, 25228.9037, True, 35
ESPPRC_heur, -0.0, 4.9, 3.4, 0.6, 0, 25506.0001, 25365.6944, True, 5
ESPPRC_heur, 0.1, 4.8, 3.4, 0.6, 0, 25505.8379, 25486.3542, True, 5
ESPPRC_heur, -0.0, 5.0, 3.5, 0.6, 0, 25505.8276, 25504.197, True, 1
cyc2, 0.2, 108.7, 0.0, 0.0, 1, 25505.8275, 24598.7258, 0, 4920
ESPPRC_heur, 0.0, 4.1, 2.8, 0.5, 0, 25481.4623, 25231.9981, True, 33
ESPPRC_heur, -0.0, 3.9, 2.6, 0.5, 0, 25481.1662, 25349.4713, True, 9
ESPPRC_heur, 0.0, 3.8, 2.6, 0.5, 0, 25481.0529, 25459.7741, True, 2
ESPPRC_heur, -0.0, 4.0, 2.7, 0.5, 0, 25481.0529, 25473.7252, True, 1
cyc2, 0.2, 108.6, 0.0, 0.0, 1, 25481.0518, 24642.6101, 0, 3570
ESPPRC_heur, -0.0, 3.8, 2.5, 0.5, 0, 25461.9785, 25179.6869, True, 32
ESPPRC_heur, -0.0, 3.8, 2.5, 0.5, 0, 25461.7309, 25417.9008, True, 9
ESPPRC_heur, 0.0, 3.7, 2.5, 0.5, 0, 25461.6751, 25249.7962, True, 4
ESPPRC_heur, 0.0, 3.8, 2.6, 0.5, 0, 25461.6525, 25381.6525, True, 1
ESPPRC_heur, -0.0, 3.8, 2.5, 0.5, 0, 25461.6525, 25425.8294, True, 1
cyc2, 0.3, 107.8, 0.0, 0.0, 1, 25461.6525, 24605.9043, 0, 3227
ESPPRC_heur, 0.0, 3.7, 2.5, 0.5, 0, 25436.3499, 24864.5139, True, 38
ESPPRC_heur, 0.0, 3.6, 2.4, 0.5, 0, 25436.2459, 25404.1963, True, 4
cyc2, 0.2, 111.5, 0.0, 0.0, 1, 25436.243, 23945.635, 0, 3077
cyc2, 0.2, 109.5, 0.0, 0.0, 1, 25436.243, 24788.1754, 0, 1516
ESPPRC_heur, -0.0, 3.7, 2.4, 0.5, 0, 25425.9732, 25179.074, True, 29
cyc2, 0.2, 110.9, 0.0, 0.0, 1, 25425.7898, 24364.5697, 0, 1934
ESPPRC_heur, 0.0, 3.8, 2.6, 0.5, 0, 25425.3773, 25376.5468, True, 8
cyc2, 0.2, 111.4, 0.0, 0.0, 1, 25425.3749, 24933.2496, 0, 1060
ESPPRC_heur, -0.0, 4.8, 3.3, 0.6, 0, 25417.0068, 25376.9558, True, 7
ESPPRC_heur, 0.0, 4.7, 3.3, 0.6, 0, 25417.0034, 25411.2642, True, 1
cyc2, 0.2, 110.5, 0.0, 0.0, 1, 25417.0019, 24777.5884, 0, 1168
ESPPRC_heur, -0.0, 4.6, 3.2, 0.6, 0, 25413.3723, 25346.0239, True, 8
ESPPRC_heur, -0.0, 4.5, 3.1, 0.6, 0, 25413.2869, 25405.2975, True, 2
ESPPRC_heur, -0.0, 4.7, 3.3, 0.6, 0, 25413.2797, 25400.6407, True, 2
cyc2, 0.2, 110.8, 0.0, 0.0, 1, 25413.2771, 24700.4479, 0, 1110
ESPPRC_heur, 0.0, 4.6, 3.2, 0.6, 0, 25411.4697, 25311.8994, True, 3
cyc2, 0.3, 119.2, 0.0, 0.0, 1, 25411.4697, 24782.8883, 0, 832
ESPPRC_heur, -0.0, 5.2, 3.5, 0.7, 0, 25404.8984, 25271.2331, True, 9
ESPPRC_heur, 0.0, 5.0, 3.4, 0.7, 0, 25404.8499, 25402.3614, True, 1
cyc2, 0.3, 139.0, 0.0, 0.0, 1, 25404.8496, 24942.126, 0, 719
ESPPRC_heur, -0.0, 4.5, 2.9, 0.6, 0, 25400.8961, 25384.3189, True, 2
cyc2, 0.3, 144.2, 0.0, 0.0, 1, 25400.8888, 25070.3769, 0, 468
ESPPRC_heur, 0.0, 4.7, 3.1, 0.7, 0, 25395.8892, 25380.2572, True, 3
cyc2, 0.3, 139.6, 0.0, 0.0, 1, 25395.885, 25186.7621, 0, 281
cyc2, 0.3, 139.7, 0.0, 0.0, 1, 25393.492, 25133.8501, 0, 255
ESPPRC_heur, 0.0, 4.5, 3.0, 0.6, 0, 25392.849, 25365.1855, True, 2
cyc2, 0.3, 133.3, 0.0, 0.0, 1, 25392.849, 25271.9924, 0, 132
ESPPRC_heur, -0.0, 4.4, 2.8, 0.6, 0, 25392.3167, 25330.4143, True, 2
cyc2, 0.2, 118.8, 0.0, 0.0, 1, 25392.315, 25313.3835, 0, 37
cyc2, 0.3, 143.7, 0.0, 0.0, 1, 25392.2136, 25368.9656, 0, 10
cyc2, 0.2, 116.2, 0.0, 0.0, 1, 25392.1975, 25392.1975, 0, 0
scip_total_time, 47747.82954
Solval, number of paths, impact cutoff
25392.197468847968, 308, 0.0001
Elementary, 2-Cycle, Path Value, Path
True, True, 0.9118, (0, 46, 202, 196, 332, 32, 277, 0)
True, True, 0.1317, (0, 339, 316, 313, 186, 269, 221, 327, 300, 118, 52, 0)
True, True, 0.3397, (0, 85, 146, 225, 275, 268, 344, 188, 315, 0)
True, True, 0.1198, (0, 214, 3, 16, 233, 218, 53, 241, 95, 0)
True, True, 0.1672, (0, 273, 235, 216, 127, 181, 302, 255, 0)
True, True, 0.231, (0, 250, 62, 198, 134, 301, 112, 0)
True, True, 0.4763, (0, 237, 55, 290, 21, 106, 334, 292, 101, 0)
True, True, 0.0882, (0, 4, 155, 196, 332, 202, 277, 255, 0)
True, True, 0.132, (0, 112, 35, 189, 329, 113, 283, 0)
True, True, 0.2104, (0, 337, 13, 148, 254, 309, 78, 0)
True, True, 0.1467, (0, 240, 308, 93, 182, 159, 188, 315, 137, 0)
True, True, 0.4028, (0, 14, 53, 25, 97, 187, 291, 0)
True, True, 0.18, (0, 267, 77, 293, 91, 343, 311, 173, 0)
True, True, 0.1116, (0, 81, 83, 22, 203, 228, 222, 26, 330, 0)
True, True, 0.1597, (0, 104, 197, 58, 242, 141, 67, 68, 282, 11, 169, 0)
True, True, 0.3433, (0, 346, 26, 222, 228, 203, 22, 176, 47, 83, 0)
True, True, 0.0194, (0, 99, 117, 280, 284, 272, 119, 136, 341, 314, 0)
True, True, 0.1166, (0, 259, 309, 254, 104, 148, 13, 337, 0)
True, True, 0.3755, (0, 206, 109, 1, 45, 305, 265, 165, 0)
True, True, 0.0966, (0, 244, 284, 272, 280, 117, 136, 341, 314, 0)
True, True, 0.0083, (0, 44, 94, 170, 338, 90, 312, 24, 321, 301, 0)
True, True, 0.0523, (0, 75, 264, 257, 160, 64, 9, 31, 0)
True, True, 0.0173, (0, 265, 305, 28, 208, 287, 266, 60, 0)
True, True, 0.2771, (0, 31, 64, 160, 257, 264, 101, 75, 200, 0)
True, True, 0.1263, (0, 64, 160, 257, 264, 101, 75, 200, 0)
True, True, 0.3005, (0, 81, 83, 176, 22, 203, 228, 222, 26, 346, 0)
True, True, 0.0461, (0, 149, 163, 217, 103, 144, 15, 49, 220, 129, 184, 84, 10, 174, 0)
True, True, 0.297, (0, 92, 151, 102, 110, 154, 166, 195, 0)
True, True, 0.3548, (0, 302, 127, 216, 285, 235, 273, 134, 301, 0)
True, True, 0.1142, (0, 212, 139, 69, 72, 142, 87, 9, 7, 37, 12, 349, 0)
True, True, 0.203, (0, 153, 289, 239, 198, 134, 301, 112, 0)
True, True, 0.132, (0, 105, 246, 321, 24, 207, 312, 90, 338, 94, 0)
True, True, 0.1002, (0, 74, 247, 172, 227, 327, 221, 269, 118, 52, 0)
True, True, 0.8196, (0, 174, 10, 84, 184, 129, 220, 49, 15, 144, 103, 217, 163, 149, 238, 0)
True, True, 0.0835, (0, 269, 141, 242, 58, 106, 21, 340, 237, 0)
True, True, 0.1026, (0, 94, 338, 90, 312, 24, 321, 246, 252, 0)
True, True, 0.0919, (0, 100, 237, 55, 290, 21, 106, 340, 0)
True, True, 0.1733, (0, 155, 120, 213, 76, 168, 179, 8, 16, 0)
True, True, 0.0226, (0, 162, 50, 123, 67, 68, 282, 11, 143, 30, 0)
True, True, 0.0353, (0, 262, 339, 182, 159, 315, 17, 147, 225, 146, 85, 0)
True, True, 0.3742, (0, 98, 60, 266, 265, 305, 165, 183, 0)
True, True, 0.3263, (0, 308, 262, 295, 93, 182, 159, 315, 137, 0)
True, True, 0.0654, (0, 237, 55, 290, 21, 106, 334, 292, 101, 348, 0)
True, True, 0.0129, (0, 57, 10, 84, 184, 129, 220, 49, 15, 144, 103, 217, 163, 149, 0)
True, True, 0.0539, (0, 114, 185, 71, 310, 319, 124, 245, 269, 221, 169, 0)
True, True, 0.0989, (0, 149, 163, 217, 103, 144, 15, 49, 129, 220, 229, 263, 226, 304, 210, 0)
True, True, 0.868, (0, 283, 113, 329, 189, 230, 350, 0)
True, True, 0.2452, (0, 235, 285, 216, 127, 181, 278, 302, 0)
True, True, 0.0037, (0, 100, 96, 337, 148, 104, 254, 309, 0)
True, True, 0.0037, (0, 267, 38, 30, 227, 327, 221, 269, 186, 0)
True, True, 0.0013, (0, 98, 265, 305, 192, 45, 1, 109, 0)
True, True, 0.0621, (0, 17, 124, 271, 141, 242, 58, 106, 21, 340, 0)
True, True, 0.0694, (0, 138, 259, 318, 331, 23, 77, 276, 267, 79, 0)
True, True, 0.0146, (0, 74, 161, 320, 172, 234, 116, 299, 169, 224, 0)
True, True, 0.152, (0, 342, 137, 262, 339, 315, 188, 17, 147, 225, 146, 85, 0)
True, True, 0.268, (0, 201, 236, 180, 152, 298, 80, 270, 70, 223, 205, 86, 0)
True, True, 0.0548, (0, 295, 186, 313, 269, 221, 327, 299, 169, 0)
True, True, 0.2168, (0, 192, 208, 326, 5, 258, 243, 296, 205, 256, 86, 231, 279, 0)
True, True, 0.107, (0, 303, 248, 260, 27, 128, 63, 226, 36, 70, 223, 210, 279, 0)
True, True, 0.0899, (0, 192, 28, 208, 326, 5, 171, 243, 296, 205, 256, 86, 231, 0)
True, True, 0.2317, (0, 98, 165, 265, 60, 266, 47, 83, 81, 0)
True, True, 0.0549, (0, 244, 119, 158, 54, 190, 199, 160, 257, 264, 0)
True, True, 0.124, (0, 104, 197, 40, 204, 39, 58, 242, 141, 271, 245, 124, 0)
True, True, 0.0129, (0, 346, 222, 228, 203, 22, 176, 47, 83, 81, 0)
True, True, 0.0393, (0, 170, 90, 312, 207, 321, 246, 252, 0)
True, True, 0.1785, (0, 45, 192, 28, 208, 287, 266, 60, 0)
True, True, 0.0037, (0, 100, 96, 337, 13, 104, 254, 309, 138, 0)
True, True, 0.058, (0, 31, 281, 178, 7, 9, 87, 142, 72, 69, 139, 212, 0)
True, True, 0.058, (0, 75, 264, 257, 160, 64, 37, 31, 0)
True, True, 0.127, (0, 51, 175, 110, 154, 324, 166, 33, 157, 0)
True, True, 0.1699, (0, 44, 170, 338, 90, 207, 24, 321, 246, 252, 0)
True, True, 0.0549, (0, 82, 320, 172, 227, 327, 221, 299, 169, 0)
True, True, 0.182, (0, 302, 278, 181, 209, 131, 89, 6, 0)
True, True, 0.0177, (0, 104, 111, 40, 204, 39, 58, 242, 141, 271, 245, 17, 0)
True, True, 0.2104, (0, 276, 77, 23, 331, 318, 259, 132, 138, 0)
True, True, 0.1662, (0, 320, 227, 327, 221, 269, 186, 118, 52, 0)
True, True, 0.1614, (0, 147, 124, 245, 271, 141, 242, 58, 39, 204, 40, 197, 111, 0)
True, True, 0.0027, (0, 92, 151, 307, 288, 42, 110, 154, 166, 0)
True, True, 0.0318, (0, 192, 208, 326, 5, 171, 258, 243, 296, 205, 256, 210, 0)
True, True, 0.1967, (0, 4, 120, 213, 76, 168, 179, 73, 274, 218, 0)
True, True, 0.2639, (0, 52, 118, 126, 300, 299, 247, 161, 286, 82, 317, 224, 0)
True, True, 0.0421, (0, 188, 316, 313, 245, 271, 319, 310, 71, 185, 114, 0)
True, True, 0.0109, (0, 231, 86, 70, 36, 270, 80, 298, 152, 287, 0)
True, True, 0.157, (0, 74, 227, 327, 221, 269, 186, 313, 17, 0)
True, True, 0.038, (0, 267, 30, 227, 327, 221, 269, 313, 316, 0)
True, True, 0.0559, (0, 205, 296, 243, 171, 326, 208, 287, 266, 0)
True, True, 0.2681, (0, 6, 89, 251, 209, 131, 191, 181, 278, 255, 0)
True, True, 0.0109, (0, 287, 152, 298, 80, 270, 36, 226, 304, 223, 18, 0)
True, True, 0.0899, (0, 313, 269, 221, 327, 227, 30, 38, 0)
True, True, 0.0958, (0, 82, 247, 11, 282, 141, 242, 58, 106, 21, 340, 0)
True, True, 0.1733, (0, 255, 155, 120, 213, 76, 168, 179, 8, 3, 214, 0)
True, True, 0.1644, (0, 267, 293, 343, 91, 162, 311, 173, 43, 138, 0)
True, True, 0.0717, (0, 48, 166, 154, 110, 42, 130, 288, 307, 18, 92, 175, 0)
True, True, 0.0452, (0, 252, 321, 24, 207, 312, 90, 338, 170, 273, 255, 0)
True, True, 0.132, (0, 170, 338, 90, 312, 207, 321, 246, 105, 140, 0)
True, True, 0.2281, (0, 308, 224, 317, 169, 299, 300, 126, 344, 339, 0)
True, True, 0.0225, (0, 174, 10, 84, 184, 129, 220, 49, 15, 144, 103, 217, 63, 304, 279, 0)
True, True, 0.0985, (0, 224, 2, 343, 91, 162, 311, 173, 0)
True, True, 0.0343, (0, 74, 82, 116, 234, 172, 227, 143, 30, 38, 267, 0)
True, True, 0.0471, (0, 208, 152, 298, 80, 270, 36, 304, 0)
True, True, 0.1424, (0, 231, 86, 296, 258, 171, 5, 326, 208, 287, 266, 0)
True, True, 0.0651, (0, 48, 166, 154, 110, 102, 151, 18, 251, 0)
True, True, 0.0924, (0, 74, 227, 327, 221, 269, 186, 313, 339, 0)
True, True, 0.2096, (0, 247, 116, 320, 172, 227, 143, 30, 38, 0)
True, True, 0.0603, (0, 187, 97, 25, 53, 218, 233, 214, 255, 0)
True, True, 0.195, (0, 104, 197, 111, 123, 67, 68, 282, 11, 143, 30, 267, 0)
False, True, 0.0274, (0, 64, 199, 190, 54, 199, 190, 54, 199, 64, 0)
False, True, 0.1003, (0, 349, 345, 59, 261, 61, 59, 261, 61, 59, 261, 61, 59, 261, 61, 59, 345, 349, 0)
True, True, 0.0654, (0, 232, 122, 200, 325, 328, 164, 115, 345, 12, 145, 25, 95, 0)
True, True, 0.1983, (0, 27, 128, 63, 226, 36, 270, 70, 223, 256, 279, 0)
False, True, 0.291, (0, 85, 146, 225, 71, 319, 310, 71, 185, 114, 0)
False, True, 0.0023, (0, 342, 147, 225, 71, 185, 310, 71, 185, 310, 71, 185, 114, 0)
False, True, 0.2277, (0, 177, 133, 108, 253, 56, 108, 200, 0)
False, True, 0.4001, (0, 347, 20, 156, 342, 20, 156, 347, 0)
True, True, 0.2956, (0, 114, 185, 310, 319, 271, 141, 242, 58, 39, 204, 197, 111, 0)
False, True, 0.0485, (0, 99, 19, 333, 341, 19, 333, 157, 0)
False, True, 0.0579, (0, 19, 333, 341, 19, 333, 323, 0)
False, True, 0.2, (0, 127, 88, 335, 215, 88, 335, 285, 0)
False, True, 0.291, (0, 333, 19, 99, 333, 19, 314, 142, 0)
False, True, 0.047, (0, 289, 273, 235, 285, 216, 235, 273, 289, 0)
False, True, 0.0611, (0, 239, 273, 235, 285, 216, 235, 273, 0)
False, True, 0.1875, (0, 342, 240, 121, 137, 240, 121, 137, 240, 121, 20, 342, 0)
False, True, 0.0411, (0, 304, 128, 63, 41, 263, 229, 41, 263, 229, 41, 63, 128, 304, 70, 223, 0)
False, True, 0.0203, (0, 51, 150, 306, 195, 157, 306, 150, 155, 0)
False, True, 0.368, (0, 35, 140, 105, 252, 246, 105, 140, 35, 0)
False, True, 0.0549, (0, 325, 75, 264, 257, 101, 75, 325, 0)
False, True, 0.0549, (0, 64, 199, 190, 158, 54, 190, 158, 54, 190, 158, 54, 190, 158, 119, 0)
False, True, 0.4797, (0, 51, 150, 306, 48, 195, 157, 306, 150, 0)
False, True, 0.0045, (0, 114, 185, 71, 310, 319, 245, 124, 319, 310, 71, 114, 0)
False, True, 0.1037, (0, 50, 123, 40, 204, 39, 40, 123, 50, 211, 219, 38, 0)
False, True, 0.073, (0, 297, 130, 193, 107, 260, 248, 107, 193, 130, 297, 0)
False, True, 0.1545, (0, 121, 262, 339, 295, 93, 182, 159, 93, 295, 262, 0)
False, True, 0.1805, (0, 249, 50, 123, 40, 204, 39, 40, 123, 111, 249, 0)
False, True, 0.297, (0, 153, 289, 239, 198, 62, 153, 250, 0)
False, True, 0.0497, (0, 175, 297, 303, 193, 107, 260, 248, 107, 193, 303, 297, 0)
False, True, 0.4593, (0, 65, 330, 57, 65, 170, 94, 44, 0)
False, True, 0.2794, (0, 322, 34, 95, 291, 241, 14, 95, 34, 0)
False, True, 0.0113, (0, 104, 197, 40, 204, 39, 40, 123, 194, 211, 38, 0)
False, True, 0.2661, (0, 244, 117, 280, 284, 272, 117, 244, 0)
True, True, 0.1699, (0, 153, 289, 239, 62, 134, 301, 112, 0)
True, True, 0.2813, (0, 231, 210, 304, 226, 36, 270, 80, 298, 152, 287, 28, 0)
True, True, 0.1797, (0, 85, 146, 225, 147, 17, 188, 159, 182, 308, 240, 0)
False, True, 0.2798, (0, 138, 79, 336, 78, 132, 100, 78, 132, 336, 79, 0)
False, True, 0.1815, (0, 232, 122, 348, 232, 122, 348, 232, 122, 348, 232, 122, 348, 232, 0)
False, True, 0.132, (0, 112, 140, 35, 230, 350, 112, 0)
False, True, 0.1845, (0, 160, 199, 190, 158, 54, 190, 158, 54, 199, 64, 31, 0)
False, True, 0.3742, (0, 98, 167, 294, 183, 167, 294, 125, 191, 0)
False, True, 0.1258, (0, 125, 294, 167, 183, 294, 167, 183, 278, 0)
False, True, 0.2084, (0, 253, 340, 334, 292, 340, 290, 55, 0)
False, True, 0.1256, (0, 279, 86, 256, 296, 243, 258, 171, 5, 258, 243, 296, 205, 256, 0)
False, True, 0.2408, (0, 233, 274, 281, 178, 274, 73, 233, 0)
False, True, 0.1257, (0, 175, 102, 307, 288, 130, 42, 288, 307, 102, 18, 92, 0)
False, True, 0.224, (0, 135, 323, 66, 33, 323, 66, 135, 0)
False, True, 0.3305, (0, 82, 116, 234, 320, 172, 234, 116, 247, 317, 0)
False, True, 0.2982, (0, 249, 50, 194, 211, 219, 194, 211, 219, 38, 267, 0)
False, True, 0.2135, (0, 28, 298, 80, 229, 263, 41, 229, 263, 41, 63, 128, 27, 0)
False, True, 0.1037, (0, 249, 50, 194, 219, 211, 194, 219, 38, 162, 0)
False, True, 0.2006, (0, 218, 281, 9, 7, 37, 9, 7, 37, 115, 12, 145, 0)
False, True, 0.236, (0, 250, 289, 239, 198, 62, 250, 0)
False, True, 0.3094, (0, 214, 3, 16, 8, 3, 16, 4, 0)
False, True, 0.1169, (0, 251, 125, 109, 206, 1, 109, 125, 279, 18, 0)
False, True, 0.0518, (0, 252, 321, 24, 312, 207, 24, 321, 252, 0)
False, True, 0.1164, (0, 216, 215, 88, 335, 215, 88, 0)
False, True, 0.009, (0, 20, 156, 79, 336, 132, 78, 336, 156, 0)
False, True, 0.0193, (0, 133, 253, 56, 108, 253, 56, 0)
False, True, 0.2084, (0, 133, 56, 253, 108, 56, 133, 122, 348, 0)
False, True, 0.0045, (0, 114, 185, 71, 319, 245, 124, 319, 310, 71, 185, 114, 0)
False, True, 0.0562, (0, 44, 338, 207, 24, 312, 207, 24, 321, 246, 252, 0)
False, True, 0.0315, (0, 74, 286, 161, 2, 286, 161, 2, 286, 74, 0)
False, True, 0.1142, (0, 25, 145, 345, 115, 37, 7, 9, 37, 7, 9, 281, 31, 0)
False, True, 0.2036, (0, 42, 303, 193, 260, 248, 107, 193, 42, 0)
True, True, 0.0245, (0, 192, 208, 326, 5, 171, 258, 243, 296, 205, 256, 210, 231, 0)
False, True, 0.0503, (0, 244, 284, 272, 119, 284, 272, 119, 136, 341, 0)
False, True, 0.0882, (0, 4, 214, 16, 3, 214, 4, 155, 46, 255, 0)
False, True, 0.0882, (0, 32, 6, 89, 251, 209, 131, 191, 89, 6, 0)
False, True, 0.1571, (0, 178, 87, 314, 99, 333, 19, 99, 314, 142, 87, 178, 0)
False, True, 0.0686, (0, 346, 65, 57, 330, 26, 222, 57, 330, 346, 0)
False, True, 0.1867, (0, 259, 43, 311, 173, 162, 311, 173, 43, 259, 0)
False, True, 0.0129, (0, 346, 65, 330, 57, 174, 26, 330, 57, 170, 0)
False, True, 0.18, (0, 259, 318, 276, 77, 23, 331, 318, 0)
False, True, 0.0482, (0, 178, 87, 314, 99, 333, 19, 99, 323, 139, 0)
False, True, 0.1331, (0, 346, 330, 57, 222, 26, 330, 57, 170, 0)
False, True, 0.0493, (0, 51, 6, 89, 251, 209, 131, 191, 89, 6, 0)
False, True, 0.0169, (0, 94, 338, 90, 312, 207, 90, 312, 207, 90, 338, 94, 0)
False, True, 0.0919, (0, 43, 173, 311, 249, 173, 311, 43, 0)
False, True, 0.0295, (0, 320, 234, 172, 320, 234, 172, 320, 0)
False, True, 0.0364, (0, 94, 338, 90, 312, 207, 338, 90, 312, 207, 90, 338, 94, 0)
False, True, 0.1926, (0, 130, 107, 248, 260, 27, 248, 107, 130, 297, 92, 0)
False, True, 0.2661, (0, 341, 136, 117, 280, 284, 272, 119, 280, 244, 0)
False, True, 0.2561, (0, 157, 166, 324, 154, 110, 324, 51, 0)
False, True, 0.0956, (0, 44, 94, 338, 90, 312, 207, 24, 321, 94, 44, 0)
False, True, 0.0023, (0, 114, 185, 71, 310, 319, 271, 245, 319, 310, 147, 0)
False, True, 0.0423, (0, 249, 50, 194, 211, 50, 194, 211, 219, 30, 0)
False, True, 0.2975, (0, 177, 100, 253, 56, 108, 133, 177, 0)
False, True, 0.2469, (0, 325, 328, 164, 264, 75, 164, 328, 0)
False, True, 0.1804, (0, 238, 175, 324, 154, 110, 324, 166, 48, 0)
False, True, 0.1717, (0, 81, 47, 176, 203, 228, 22, 176, 47, 81, 0)
False, True, 0.18, (0, 23, 293, 2, 286, 161, 2, 293, 0)
False, True, 0.1137, (0, 18, 151, 307, 288, 130, 42, 288, 102, 151, 175, 0)
False, True, 0.2, (0, 273, 335, 215, 88, 335, 215, 0)
False, True, 0.1497, (0, 82, 67, 68, 282, 11, 68, 67, 123, 111, 104, 0)
True, True, 0.0186, (0, 18, 231, 206, 1, 45, 192, 305, 165, 98, 0)
False, True, 0.1654, (0, 96, 13, 148, 104, 254, 309, 96, 0)
False, True, 0.2947, (0, 344, 268, 316, 313, 186, 316, 268, 275, 147, 0)
False, True, 0.0684, (0, 155, 120, 213, 76, 179, 168, 76, 120, 155, 0)
False, True, 0.0684, (0, 120, 213, 76, 179, 168, 76, 213, 155, 0)
False, True, 0.0549, (0, 257, 160, 199, 54, 158, 190, 54, 158, 190, 54, 158, 119, 0)
False, True, 0.0857, (0, 99, 341, 136, 280, 117, 136, 341, 314, 87, 0)
False, True, 0.0563, (0, 281, 178, 7, 37, 9, 7, 37, 115, 345, 12, 145, 0)
False, True, 0.161, (0, 210, 223, 70, 304, 36, 270, 226, 36, 70, 223, 210, 0)
False, True, 0.1375, (0, 278, 191, 131, 209, 251, 131, 209, 251, 89, 0)
True, True, 0.0225, (0, 149, 163, 27, 128, 63, 226, 36, 270, 70, 223, 206, 0)
False, True, 0.0688, (0, 57, 174, 10, 84, 184, 236, 201, 180, 236, 201, 180, 236, 201, 47, 0)
False, True, 0.1368, (0, 179, 212, 139, 72, 142, 87, 72, 69, 139, 212, 0)
False, True, 0.0539, (0, 169, 327, 11, 282, 68, 67, 282, 11, 227, 82, 0)
False, True, 0.1455, (0, 34, 291, 97, 187, 34, 0)
False, True, 0.0709, (0, 52, 126, 316, 313, 186, 316, 268, 275, 147, 0)
False, True, 0.1983, (0, 201, 236, 180, 201, 236, 180, 152, 287, 60, 0)
False, True, 0.0037, (0, 100, 96, 337, 148, 13, 337, 100, 0)
False, True, 0.1802, (0, 347, 138, 79, 336, 132, 78, 336, 79, 156, 0)
False, True, 0.1137, (0, 151, 102, 307, 297, 288, 307, 102, 151, 18, 0)
False, True, 0.0712, (0, 303, 260, 27, 128, 304, 226, 63, 128, 27, 260, 303, 297, 0)
False, True, 0.029, (0, 303, 260, 27, 128, 304, 226, 63, 128, 27, 260, 303, 130, 0)
False, True, 0.0684, (0, 139, 69, 323, 33, 66, 69, 139, 0)
False, True, 0.0285, (0, 52, 118, 126, 316, 313, 186, 316, 126, 118, 52, 295, 339, 0)
False, True, 0.2693, (0, 74, 143, 67, 68, 282, 11, 143, 30, 74, 0)
False, True, 0.0684, (0, 8, 168, 212, 139, 72, 69, 139, 212, 168, 0)
False, True, 0.18, (0, 318, 276, 77, 23, 331, 276, 0)
False, True, 0.18, (0, 318, 331, 77, 23, 331, 276, 0)
False, True, 0.0083, (0, 134, 273, 235, 285, 216, 235, 273, 255, 0)
False, True, 0.0684, (0, 155, 120, 213, 179, 168, 76, 213, 120, 155, 255, 0)
False, True, 0.1347, (0, 231, 206, 1, 45, 305, 192, 45, 1, 0)
False, True, 0.0618, (0, 241, 53, 218, 31, 53, 218, 31, 53, 241, 14, 0)
False, True, 0.1579, (0, 177, 100, 237, 55, 290, 337, 96, 100, 0)
False, True, 0.0302, (0, 152, 180, 236, 201, 180, 236, 184, 84, 10, 174, 346, 0)
False, True, 0.2326, (0, 187, 97, 349, 145, 12, 345, 115, 12, 145, 349, 25, 241, 322, 0)
False, True, 0.2785, (0, 293, 91, 343, 162, 91, 343, 43, 0)
False, True, 0.1204, (0, 73, 212, 69, 72, 142, 87, 72, 69, 139, 73, 0)
False, True, 0.028, (0, 322, 241, 25, 145, 12, 345, 115, 12, 145, 349, 97, 187, 0)
False, True, 0.0328, (0, 285, 88, 215, 335, 88, 215, 127, 255, 0)
False, True, 0.0078, (0, 18, 130, 193, 248, 260, 27, 248, 193, 130, 0)
False, True, 0.1151, (0, 44, 338, 90, 312, 24, 207, 312, 24, 321, 252, 0)
False, True, 0.0193, (0, 232, 133, 253, 56, 108, 133, 177, 0)
False, True, 0.03, (0, 346, 57, 26, 222, 228, 203, 22, 228, 203, 22, 0)
False, True, 0.2947, (0, 114, 185, 71, 310, 319, 245, 124, 271, 245, 124, 275, 17, 0)
False, True, 0.0414, (0, 6, 89, 251, 131, 181, 278, 6, 0)
False, True, 0.0286, (0, 169, 300, 221, 327, 269, 221, 327, 169, 0)
False, True, 0.203, (0, 135, 33, 323, 66, 33, 195, 48, 0)
False, True, 0.0532, (0, 136, 119, 284, 272, 119, 284, 272, 119, 136, 0)
False, True, 0.0023, (0, 85, 146, 147, 17, 188, 159, 182, 295, 159, 182, 295, 308, 0)
False, True, 0.2959, (0, 345, 115, 261, 61, 59, 261, 61, 164, 328, 325, 200, 0)
False, True, 0.1147, (0, 4, 8, 179, 168, 76, 213, 120, 155, 4, 0)
False, True, 0.1249, (0, 340, 292, 334, 106, 21, 334, 292, 340, 237, 0)
False, True, 0.1127, (0, 279, 86, 256, 205, 296, 243, 258, 171, 5, 326, 171, 5, 326, 192, 0)
False, True, 0.0887, (0, 322, 241, 53, 233, 218, 53, 31, 218, 233, 0)
False, True, 0.1659, (0, 175, 297, 303, 193, 260, 248, 107, 193, 303, 42, 297, 175, 0)
False, True, 0.0528, (0, 138, 104, 197, 39, 204, 40, 39, 204, 40, 123, 50, 249, 0)
False, True, 0.5, (0, 29, 96, 337, 13, 148, 254, 309, 29, 0)
False, True, 0.0684, (0, 212, 139, 135, 323, 33, 66, 135, 157, 0)
False, True, 0.0961, (0, 6, 181, 131, 209, 251, 89, 6, 0)
False, True, 0.0731, (0, 256, 205, 296, 243, 258, 171, 243, 258, 171, 326, 208, 28, 0)
False, True, 0.0789, (0, 212, 69, 72, 142, 87, 72, 69, 178, 281, 218, 0)
False, True, 0.1061, (0, 135, 66, 323, 33, 66, 135, 212, 0)
False, True, 0.0198, (0, 210, 304, 226, 63, 41, 263, 229, 41, 263, 229, 80, 298, 208, 0)
False, True, 0.0676, (0, 51, 92, 18, 151, 307, 288, 130, 42, 288, 307, 151, 18, 92, 0)
False, True, 0.2222, (0, 121, 224, 286, 161, 2, 286, 161, 2, 0)
False, True, 0.1921, (0, 349, 64, 199, 54, 158, 190, 199, 160, 257, 59, 0)
False, True, 0.1296, (0, 325, 328, 164, 257, 264, 75, 325, 0)
False, True, 0.0017, (0, 20, 156, 336, 132, 78, 336, 79, 20, 0)
False, True, 0.0436, (0, 31, 281, 69, 72, 142, 87, 72, 69, 139, 212, 0)
False, True, 0.0221, (0, 34, 291, 187, 97, 291, 322, 0)
False, True, 0.0076, (0, 232, 200, 325, 328, 164, 325, 328, 164, 325, 0)
False, True, 0.0062, (0, 224, 169, 299, 116, 234, 320, 172, 116, 224, 0)
False, True, 0.017, (0, 224, 82, 161, 2, 286, 161, 2, 293, 267, 0)
False, True, 0.0543, (0, 322, 187, 97, 53, 25, 97, 187, 0)
False, True, 0.0226, (0, 92, 18, 279, 125, 206, 109, 1, 206, 109, 125, 0)
False, True, 0.0039, (0, 218, 281, 9, 37, 7, 9, 37, 7, 9, 178, 281, 0)
False, True, 0.0196, (0, 138, 336, 132, 78, 336, 132, 78, 336, 138, 347, 0)
False, True, 0.0992, (0, 52, 118, 126, 300, 299, 126, 344, 188, 17, 147, 0)
False, True, 0.0386, (0, 28, 287, 180, 236, 201, 180, 152, 287, 28, 0)
False, True, 0.1609, (0, 214, 8, 73, 274, 281, 178, 274, 73, 233, 0)
False, True, 0.0414, (0, 191, 209, 125, 109, 206, 1, 109, 125, 191, 0)
False, True, 0.0058, (0, 262, 339, 182, 159, 52, 182, 159, 93, 308, 0)
False, True, 0.0954, (0, 162, 38, 30, 172, 234, 320, 172, 234, 0)
False, True, 0.1449, (0, 99, 341, 136, 119, 284, 272, 119, 136, 341, 314, 0)
False, True, 0.033, (0, 153, 62, 239, 198, 62, 134, 301, 0)
False, True, 0.128, (0, 322, 95, 14, 291, 241, 14, 95, 34, 322, 0)
False, True, 0.1051, (0, 224, 317, 169, 299, 300, 118, 126, 300, 299, 169, 52, 295, 0)
False, True, 0.0404, (0, 240, 308, 93, 295, 182, 159, 93, 308, 0)
False, True, 0.0304, (0, 121, 262, 339, 295, 93, 182, 159, 295, 93, 308, 121, 0)
False, True, 0.107, (0, 92, 18, 307, 288, 206, 109, 1, 206, 109, 125, 0)
False, True, 0.0388, (0, 322, 25, 145, 12, 37, 7, 9, 37, 7, 9, 178, 281, 218, 0)
False, True, 0.0501, (0, 162, 38, 211, 194, 219, 211, 194, 50, 249, 259, 0)
False, True, 0.0337, (0, 208, 298, 80, 229, 263, 41, 229, 263, 41, 63, 128, 304, 86, 231, 0)
False, True, 0.0473, (0, 45, 305, 192, 45, 1, 109, 231, 279, 0)
False, True, 0.0302, (0, 201, 180, 236, 201, 180, 152, 298, 80, 70, 223, 210, 279, 0)
False, True, 0.0845, (0, 210, 304, 128, 63, 41, 263, 229, 41, 263, 229, 80, 298, 152, 0)
False, True, 0.0383, (0, 224, 317, 169, 118, 126, 300, 118, 126, 344, 188, 0)
False, True, 0.0578, (0, 27, 128, 63, 41, 263, 229, 41, 263, 229, 41, 63, 304, 303, 0)
False, True, 0.0508, (0, 285, 88, 215, 335, 88, 215, 302, 0)
False, True, 0.0341, (0, 169, 299, 116, 320, 234, 116, 299, 169, 317, 0)
False, True, 0.0273, (0, 192, 326, 5, 171, 243, 258, 5, 326, 208, 287, 28, 0)
False, True, 0.0419, (0, 192, 171, 258, 243, 171, 5, 326, 171, 5, 326, 208, 28, 192, 0)
False, True, 0.0311, (0, 125, 45, 305, 192, 45, 206, 0)
False, True, 0.0017, (0, 192, 326, 5, 171, 258, 5, 171, 258, 5, 171, 258, 243, 296, 205, 256, 0)
False, True, 0.0706, (0, 262, 339, 295, 93, 159, 182, 339, 262, 240, 342, 0)
False, True, 0.0035, (0, 345, 115, 59, 261, 61, 59, 261, 61, 59, 115, 345, 12, 145, 25, 0)
False, True, 0.0455, (0, 18, 307, 288, 130, 42, 288, 297, 307, 102, 151, 18, 92, 0)
all_elementary, False
all_cyc2, True
