Instance, X-n313-k71
capacity, 248
min_trucks, 72
output_file, output_uchoa/X-n313-k71-SPPRC.log
Start date, 2022-07-01
Start time, 12-19-32
capacity, 248
num_vehicles, 72
abort_early, False
methods, ['SPPRC']
max_vars, 100
time_limit, 86400
farley, False
ESPPRC_heur, True
initial time, initial max_it, max_stale_it
1, 20000.0, 20
heuristic Number of routes, heuristic Best Solution Value, heuristic number of iterations, adjusted time, adjusted max_it, measured total time
178245, 94504.0, 20000, 1, 20000.0, 22548.0
method, python time, total time, propagated dominance time, unpropagated dominance time, pricing_success, upper_bound, lower_bound, abort_early, num_paths, 
SPPRC, 0.1, 1.8, 1.1, 0.4, 1, 93656.7996, 41876.8481, 0, 4354
SPPRC, 0.1, 2.3, 1.5, 0.5, 1, 93640.2039, 61203.5209, 0, 2206
SPPRC, 0.0, 2.3, 1.4, 0.5, 1, 93542.7701, 55944.3618, 0, 2259
SPPRC, 0.1, 2.3, 1.4, 0.6, 1, 93542.7701, 74045.4916, 0, 1364
SPPRC, 0.0, 2.2, 1.4, 0.5, 1, 93476.916, 79440.7173, 0, 1032
SPPRC, 0.0, 2.4, 1.5, 0.6, 1, 93421.7597, 74418.8822, 0, 1198
SPPRC, 0.1, 2.2, 1.4, 0.5, 1, 93416.3365, 84123.3312, 0, 928
SPPRC, 0.0, 2.2, 1.4, 0.5, 1, 93173.1358, 78444.1303, 0, 885
SPPRC, 0.1, 2.1, 1.3, 0.5, 1, 93164.0729, 82767.3029, 0, 687
SPPRC, 0.0, 2.1, 1.3, 0.5, 1, 93038.229, 81188.4627, 0, 724
SPPRC, 0.0, 2.1, 1.3, 0.5, 1, 93005.6033, 88218.2108, 0, 628
SPPRC, 0.0, 2.1, 1.3, 0.5, 1, 92800.8987, 85336.2851, 0, 489
SPPRC, 0.1, 2.1, 1.3, 0.5, 1, 92711.937, 88949.1159, 0, 407
SPPRC, 0.0, 2.1, 1.3, 0.5, 1, 92592.206, 88520.0124, 0, 317
SPPRC, 0.1, 2.0, 1.3, 0.4, 1, 92539.7653, 90336.6946, 0, 219
SPPRC, 0.1, 2.0, 1.2, 0.5, 1, 92487.2999, 90687.2999, 0, 159
SPPRC, 0.1, 2.0, 1.2, 0.5, 1, 92464.633, 90728.1472, 0, 90
SPPRC, 0.1, 2.0, 1.2, 0.5, 1, 92454.2142, 90957.2393, 0, 42
SPPRC, 0.0, 2.0, 1.2, 0.5, 1, 92452.0482, 92054.9481, 0, 19
SPPRC, -0.0, 2.1, 1.2, 0.5, 1, 92451.9331, 92451.9331, 0, 0
scip_total_time, 22686.520962
Solval, number of paths, impact cutoff
92451.93313905504, 283, 0.0001
Elementary, 2-Cycle, Path Value, Path
True, True, 0.7379, (0, 207, 117, 237, 0)
True, True, 1.0, (0, 69, 176, 277, 0)
True, True, 0.5089, (0, 201, 162, 208, 204, 0)
True, True, 0.4241, (0, 171, 159, 226, 0)
True, True, 1.0, (0, 288, 129, 15, 0)
True, True, 0.3333, (0, 103, 109, 71, 0)
True, True, 0.2131, (0, 308, 183, 81, 0)
True, True, 0.0097, (0, 210, 73, 220, 0)
True, True, 0.8, (0, 172, 8, 241, 55, 0)
True, True, 0.3216, (0, 3, 115, 139, 0)
True, True, 0.7277, (0, 112, 165, 280, 299, 0)
True, True, 1.0, (0, 262, 268, 298, 0)
True, True, 0.331, (0, 72, 295, 249, 0)
True, True, 0.5, (0, 236, 311, 258, 0)
True, True, 1.0, (0, 16, 186, 156, 0)
True, True, 0.6432, (0, 79, 106, 139, 0)
True, True, 0.1362, (0, 24, 112, 217, 0)
True, True, 0.6296, (0, 71, 306, 263, 0)
True, True, 0.7869, (0, 254, 308, 73, 0)
True, True, 0.3608, (0, 169, 157, 199, 210, 0)
True, True, 0.5667, (0, 194, 181, 242, 0)
True, True, 0.7869, (0, 183, 92, 197, 0)
True, True, 0.2, (0, 100, 275, 232, 167, 0)
True, True, 0.162, (0, 258, 161, 10, 0)
True, True, 0.231, (0, 246, 233, 223, 227, 0)
True, True, 1.0, (0, 283, 213, 187, 0)
True, True, 0.5, (0, 279, 95, 74, 0)
True, True, 0.6518, (0, 214, 289, 265, 0)
True, True, 0.0353, (0, 3, 269, 139, 0)
True, True, 0.2131, (0, 81, 307, 199, 169, 0)
True, True, 0.7768, (0, 304, 225, 96, 0)
True, True, 0.1161, (0, 90, 302, 155, 132, 0)
True, True, 0.5, (0, 68, 59, 292, 0)
True, True, 0.2131, (0, 169, 157, 210, 41, 0)
True, True, 0.6556, (0, 4, 6, 137, 9, 0)
True, True, 0.4948, (0, 115, 19, 60, 0)
True, True, 0.0713, (0, 307, 263, 233, 223, 0)
True, True, 0.5, (0, 72, 22, 161, 0)
True, True, 1.0, (0, 282, 177, 253, 251, 0)
True, True, 0.1359, (0, 206, 310, 309, 111, 193, 219, 222, 185, 0)
True, True, 1.0, (0, 154, 14, 0)
True, True, 0.4554, (0, 189, 226, 208, 0)
True, True, 0.1836, (0, 28, 150, 137, 19, 115, 0)
True, True, 0.4471, (0, 295, 43, 290, 0)
True, True, 0.6667, (0, 109, 138, 246, 0)
True, True, 0.3728, (0, 24, 190, 217, 0)
True, True, 0.5, (0, 285, 266, 236, 0)
True, True, 0.25, (0, 182, 62, 68, 59, 0)
True, True, 0.7164, (0, 90, 132, 230, 276, 0)
True, True, 0.3482, (0, 289, 159, 214, 0)
True, True, 0.338, (0, 114, 161, 75, 0)
True, True, 0.169, (0, 249, 72, 266, 0)
True, True, 0.0833, (0, 104, 101, 80, 46, 120, 151, 58, 144, 63, 0)
True, True, 0.2219, (0, 164, 295, 211, 53, 0)
True, True, 0.1478, (0, 81, 92, 263, 0)
True, True, 0.162, (0, 243, 303, 311, 0)
True, True, 0.3416, (0, 114, 272, 17, 264, 274, 0)
True, True, 0.1328, (0, 217, 74, 252, 0)
True, True, 0.1205, (0, 278, 265, 226, 0)
True, True, 0.0446, (0, 189, 217, 280, 0)
True, True, 0.0167, (0, 192, 294, 194, 0)
True, True, 0.6304, (0, 163, 67, 256, 45, 216, 17, 0)
True, True, 0.3871, (0, 53, 54, 290, 264, 0)
True, True, 0.1235, (0, 42, 148, 20, 291, 35, 160, 123, 26, 0)
True, True, 0.0176, (0, 272, 216, 45, 245, 0)
True, True, 0.25, (0, 292, 59, 62, 0)
True, True, 0.5985, (0, 122, 78, 93, 25, 0)
True, True, 0.3444, (0, 28, 150, 60, 6, 128, 0)
True, True, 0.338, (0, 258, 311, 303, 86, 0)
True, True, 0.2906, (0, 29, 131, 147, 174, 0)
True, True, 0.0653, (0, 92, 246, 225, 0)
True, True, 0.0695, (0, 264, 290, 211, 54, 0)
True, True, 0.0438, (0, 269, 237, 117, 87, 0)
True, True, 0.5, (0, 228, 33, 95, 0)
True, True, 0.037, (0, 71, 39, 246, 0)
True, True, 0.2, (0, 307, 8, 172, 304, 0)
True, True, 0.0181, (0, 25, 108, 61, 107, 18, 0)
True, True, 0.185, (0, 206, 309, 111, 193, 273, 271, 0)
True, True, 0.2277, (0, 159, 265, 278, 0)
True, True, 0.1675, (0, 276, 230, 132, 25, 0)
True, True, 0.338, (0, 5, 10, 54, 53, 0)
True, True, 0.0857, (0, 290, 206, 179, 259, 0)
True, True, 0.0384, (0, 195, 244, 238, 198, 140, 173, 291, 0)
True, True, 0.1608, (0, 4, 128, 60, 137, 28, 0)
True, True, 0.1161, (0, 25, 155, 276, 29, 0)
True, True, 0.3015, (0, 206, 310, 111, 193, 273, 259, 158, 0)
False, False, 0.0833, (0, 133, 44, 142, 44, 142, 44, 142, 44, 142, 44, 142, 44, 133, 0)
False, False, 0.1326, (0, 87, 84, 51, 84, 51, 84, 116, 0)
False, False, 0.0538, (0, 70, 99, 34, 99, 70, 99, 70, 99, 70, 99, 70, 0)
False, False, 0.2151, (0, 87, 57, 130, 57, 130, 57, 130, 0)
False, False, 0.3333, (0, 12, 76, 12, 0)
False, False, 0.0213, (0, 83, 123, 98, 135, 98, 135, 98, 135, 98, 135, 98, 135, 98, 135, 98, 135, 98, 123, 0)
False, False, 0.338, (0, 243, 267, 243, 267, 0)
False, False, 0.1786, (0, 13, 104, 101, 80, 120, 46, 120, 46, 120, 80, 101, 104, 13, 0)
False, False, 0.3333, (0, 76, 12, 76, 0)
False, False, 0.1956, (0, 52, 235, 26, 235, 26, 235, 42, 52, 0)
False, False, 0.5, (0, 110, 88, 110, 182, 0)
False, False, 0.3333, (0, 170, 188, 170, 0)
False, False, 0.5, (0, 31, 121, 31, 121, 0)
False, False, 0.2241, (0, 21, 196, 180, 196, 191, 21, 0)
False, False, 0.0357, (0, 83, 65, 77, 65, 77, 65, 77, 0)
False, False, 0.2449, (0, 124, 23, 124, 0)
False, False, 0.5, (0, 1, 50, 1, 0)
False, False, 0.1839, (0, 196, 180, 196, 180, 196, 191, 0)
False, False, 0.3333, (0, 83, 91, 63, 37, 144, 37, 144, 37, 63, 91, 0)
False, False, 0.5, (0, 89, 64, 2, 202, 2, 0)
False, False, 0.5, (0, 281, 33, 281, 0)
False, True, 0.3333, (0, 113, 242, 47, 113, 0)
False, False, 0.1675, (0, 122, 78, 122, 90, 0)
False, False, 0.0669, (0, 143, 42, 148, 20, 148, 20, 148, 20, 148, 42, 0)
False, False, 0.5, (0, 221, 228, 221, 0)
False, False, 0.3797, (0, 145, 7, 56, 7, 0)
False, True, 0.5, (0, 175, 249, 164, 175, 0)
False, False, 0.5, (0, 248, 285, 248, 0)
False, False, 0.1304, (0, 296, 143, 296, 143, 296, 0)
False, False, 0.5, (0, 212, 200, 212, 0)
False, False, 0.0714, (0, 65, 77, 40, 146, 40, 146, 40, 63, 91, 83, 0)
False, False, 0.1392, (0, 87, 116, 84, 51, 84, 51, 116, 87, 0)
False, False, 0.4167, (0, 48, 153, 133, 102, 152, 102, 133, 70, 0)
False, False, 0.5, (0, 240, 119, 240, 0)
False, False, 0.1224, (0, 88, 23, 86, 23, 88, 0)
False, True, 0.3333, (0, 178, 27, 286, 178, 0)
False, False, 0.0811, (0, 116, 3, 19, 3, 0)
False, False, 0.5, (0, 141, 43, 141, 22, 0)
False, False, 0.3704, (0, 203, 306, 203, 0)
False, False, 0.3333, (0, 103, 138, 103, 0)
False, False, 0.2406, (0, 56, 7, 56, 29, 0)
False, False, 0.1369, (0, 158, 179, 229, 219, 229, 179, 229, 179, 158, 293, 0)
False, False, 0.119, (0, 13, 104, 101, 80, 151, 58, 151, 58, 63, 0)
False, False, 0.1882, (0, 198, 11, 284, 11, 284, 11, 271, 0)
False, False, 0.1193, (0, 44, 36, 126, 36, 126, 152, 48, 0)
False, False, 0.2, (0, 167, 241, 167, 0)
False, False, 0.3333, (0, 113, 47, 181, 47, 0)
False, False, 0.058, (0, 230, 155, 230, 0)
False, False, 0.2551, (0, 124, 88, 124, 0)
False, False, 0.3044, (0, 296, 143, 136, 52, 136, 52, 136, 296, 0)
False, False, 0.25, (0, 134, 65, 77, 65, 134, 0)
False, False, 0.06, (0, 82, 28, 9, 150, 128, 150, 128, 150, 128, 150, 9, 28, 0)
False, False, 0.4256, (0, 127, 302, 201, 302, 0)
False, False, 0.1839, (0, 143, 195, 21, 191, 21, 191, 21, 143, 0)
False, True, 0.4509, (0, 209, 192, 41, 209, 0)
False, False, 0.3547, (0, 57, 30, 79, 30, 0)
False, False, 0.5, (0, 270, 279, 270, 0)
False, False, 0.4966, (0, 86, 127, 118, 18, 118, 23, 0)
False, False, 0.0473, (0, 152, 126, 36, 126, 36, 44, 0)
False, False, 0.4911, (0, 257, 24, 257, 204, 0)
False, False, 0.4854, (0, 145, 18, 301, 107, 301, 0)
False, False, 0.1127, (0, 78, 93, 78, 0)
False, False, 0.3333, (0, 188, 170, 188, 0)
False, False, 0.25, (0, 13, 77, 146, 40, 146, 40, 146, 40, 77, 65, 0)
False, False, 0.0056, (0, 291, 173, 231, 140, 231, 140, 231, 140, 231, 135, 66, 0)
False, False, 0.1897, (0, 234, 252, 260, 252, 0)
False, False, 0.25, (0, 62, 68, 62, 182, 0)
False, False, 0.1, (0, 200, 242, 200, 0)
False, False, 0.2024, (0, 83, 144, 151, 58, 151, 120, 46, 80, 101, 104, 13, 0)
False, False, 0.5, (0, 5, 215, 10, 215, 0)
False, False, 0.1077, (0, 252, 260, 252, 260, 0)
False, False, 0.1327, (0, 145, 107, 267, 243, 267, 0)
False, False, 0.3, (0, 218, 61, 218, 29, 0)
False, False, 0.4951, (0, 220, 305, 220, 0)
False, False, 0.0427, (0, 123, 98, 135, 231, 140, 231, 140, 231, 135, 98, 66, 160, 0)
False, False, 0.124, (0, 231, 140, 231, 140, 198, 238, 244, 0)
False, True, 0.3672, (0, 234, 260, 74, 234, 0)
False, False, 0.5, (0, 61, 224, 278, 224, 0)
False, False, 0.1362, (0, 165, 112, 165, 162, 0)
False, False, 0.0776, (0, 67, 185, 297, 205, 297, 205, 271, 149, 0)
False, False, 0.1116, (0, 96, 225, 96, 0)
False, False, 0.5, (0, 239, 211, 239, 0)
False, False, 0.4815, (0, 39, 255, 39, 0)
False, False, 0.0529, (0, 53, 211, 43, 211, 0)
False, False, 0.1421, (0, 256, 205, 166, 222, 166, 222, 166, 297, 0)
False, False, 0.5, (0, 125, 287, 125, 287, 0)
False, False, 0.0481, (0, 158, 219, 111, 193, 111, 193, 111, 219, 229, 222, 0)
False, False, 0.2621, (0, 269, 207, 269, 0)
False, True, 0.338, (0, 274, 245, 216, 45, 245, 0)
False, False, 0.5, (0, 184, 303, 184, 0)
False, False, 0.135, (0, 173, 238, 11, 284, 11, 238, 0)
False, True, 0.4, (0, 100, 275, 119, 100, 0)
False, True, 0.1042, (0, 178, 261, 27, 178, 0)
False, False, 0.2593, (0, 255, 203, 255, 223, 0)
False, False, 0.3333, (0, 152, 126, 36, 126, 36, 142, 99, 0)
False, False, 0.125, (0, 292, 178, 292, 0)
False, False, 0.0975, (0, 25, 54, 211, 54, 0)
False, False, 0.1784, (0, 106, 269, 106, 89, 0)
False, False, 0.2326, (0, 26, 123, 98, 135, 94, 300, 94, 300, 94, 300, 94, 135, 98, 123, 26, 0)
False, True, 0.139, (0, 164, 93, 56, 164, 0)
False, False, 0.0441, (0, 5, 163, 149, 271, 293, 271, 293, 271, 293, 271, 293, 271, 149, 0)
False, False, 0.3547, (0, 130, 174, 147, 174, 0)
False, False, 0.2759, (0, 195, 149, 238, 198, 238, 198, 173, 0)
False, False, 0.0233, (0, 66, 98, 94, 300, 168, 97, 168, 97, 168, 97, 168, 97, 168, 97, 168, 97, 168, 300, 94, 98, 0)
False, False, 0.2812, (0, 261, 27, 261, 27, 0)
False, False, 0.3333, (0, 286, 261, 286, 0)
False, False, 0.4337, (0, 293, 259, 273, 247, 38, 247, 38, 284, 0)
False, False, 0.3547, (0, 64, 131, 147, 131, 0)
False, False, 0.13, (0, 34, 153, 32, 82, 32, 82, 32, 82, 32, 82, 32, 153, 34, 0)
False, False, 0.204, (0, 180, 244, 173, 244, 149, 180, 195, 0)
False, False, 0.3204, (0, 163, 274, 272, 114, 272, 0)
False, False, 0.1429, (0, 83, 91, 58, 151, 58, 46, 120, 46, 80, 101, 104, 0)
False, False, 0.3136, (0, 190, 217, 190, 0)
False, False, 0.1875, (0, 67, 256, 185, 297, 205, 297, 205, 185, 0)
False, False, 0.1079, (0, 227, 233, 223, 233, 0)
False, False, 0.331, (0, 75, 266, 75, 0)
False, False, 0.07, (0, 34, 153, 82, 32, 82, 32, 82, 32, 82, 32, 82, 32, 82, 153, 34, 0)
False, False, 0.2405, (0, 51, 3, 19, 3, 0)
False, True, 0.2, (0, 232, 167, 55, 232, 0)
False, False, 0.0412, (0, 4, 128, 150, 128, 150, 128, 150, 128, 9, 28, 0)
False, False, 0.0549, (0, 293, 259, 11, 284, 11, 198, 244, 0)
False, False, 0.0476, (0, 83, 91, 63, 144, 58, 151, 58, 91, 83, 0)
False, False, 0.1092, (0, 237, 117, 237, 4, 0)
False, False, 0.0233, (0, 66, 135, 300, 97, 168, 97, 168, 97, 168, 97, 168, 97, 168, 97, 168, 97, 94, 135, 66, 0)
False, False, 0.2277, (0, 312, 260, 312, 280, 0)
False, False, 0.4, (0, 108, 218, 108, 116, 0)
False, False, 0.2, (0, 232, 167, 232, 275, 0)
False, False, 0.0327, (0, 29, 201, 302, 201, 0)
False, False, 0.2723, (0, 299, 312, 252, 312, 0)
False, False, 0.4167, (0, 294, 194, 294, 0)
False, False, 0.0069, (0, 23, 86, 127, 118, 127, 86, 23, 0)
False, False, 0.2131, (0, 81, 197, 81, 0)
False, False, 0.0357, (0, 65, 77, 146, 104, 146, 40, 146, 77, 65, 0)
False, False, 0.0339, (0, 271, 293, 158, 179, 219, 179, 219, 179, 158, 0)
False, False, 0.0013, (0, 293, 259, 11, 38, 247, 38, 198, 0)
False, False, 0.0626, (0, 5, 245, 264, 245, 264, 245, 264, 245, 0)
False, False, 0.2131, (0, 254, 199, 307, 199, 0)
False, False, 0.0977, (0, 83, 123, 66, 123, 160, 35, 20, 148, 0)
False, False, 0.0641, (0, 127, 93, 122, 93, 0)
False, False, 0.5, (0, 50, 85, 105, 49, 105, 49, 85, 134, 0)
False, False, 0.5, (0, 189, 250, 171, 250, 0)
False, False, 0.0833, (0, 48, 153, 102, 44, 142, 44, 142, 44, 142, 44, 102, 48, 0)
False, False, 0.0042, (0, 70, 99, 34, 153, 48, 153, 34, 153, 34, 153, 34, 99, 70, 0)
False, False, 0.3549, (0, 155, 162, 155, 0)
False, True, 0.3305, (0, 227, 233, 223, 227, 0)
False, False, 0.1163, (0, 66, 98, 135, 300, 168, 97, 168, 97, 168, 97, 168, 97, 168, 97, 168, 97, 300, 135, 98, 66, 0)
False, False, 0.1092, (0, 269, 117, 269, 0)
False, False, 0.0672, (0, 259, 273, 111, 309, 111, 219, 179, 0)
False, False, 0.1, (0, 275, 119, 275, 181, 0)
False, True, 0.2033, (0, 305, 210, 73, 305, 0)
False, False, 0.028, (0, 70, 99, 34, 48, 34, 48, 34, 48, 34, 48, 34, 48, 34, 48, 34, 99, 70, 0)
False, True, 0.1513, (0, 307, 263, 233, 307, 0)
False, False, 0.0085, (0, 87, 93, 78, 93, 0)
False, False, 0.0333, (0, 28, 9, 4, 9, 150, 128, 150, 128, 9, 28, 0)
False, False, 0.2137, (0, 87, 202, 30, 202, 89, 0)
False, False, 0.0657, (0, 148, 20, 291, 35, 291, 35, 20, 148, 0)
False, False, 0.2131, (0, 169, 157, 210, 157, 0)
False, False, 0.0417, (0, 152, 28, 9, 128, 150, 128, 9, 28, 152, 48, 0)
False, True, 0.1819, (0, 107, 108, 61, 107, 0)
False, False, 0.0669, (0, 42, 148, 20, 291, 35, 291, 35, 20, 42, 136, 0)
False, True, 0.0759, (0, 278, 234, 171, 278, 0)
False, False, 0.0362, (0, 191, 149, 271, 293, 271, 293, 271, 293, 271, 149, 191, 5, 0)
False, False, 0.0357, (0, 13, 104, 101, 80, 46, 58, 151, 58, 46, 80, 101, 13, 0)
False, False, 0.0021, (0, 29, 30, 79, 30, 0)
False, False, 0.168, (0, 192, 41, 192, 41, 0)
False, True, 0.0726, (0, 64, 202, 30, 64, 0)
False, False, 0.0926, (0, 244, 173, 140, 231, 140, 231, 140, 231, 66, 0)
False, False, 0.0023, (0, 93, 122, 93, 25, 145, 0)
False, False, 0.0098, (0, 136, 291, 173, 140, 231, 140, 231, 140, 173, 0)
False, False, 0.0419, (0, 185, 205, 166, 222, 166, 222, 166, 205, 185, 0)
False, False, 0.0689, (0, 195, 191, 149, 244, 173, 244, 149, 191, 195, 0)
False, False, 0.0179, (0, 29, 208, 257, 208, 0)
False, False, 0.2813, (0, 206, 310, 309, 310, 309, 193, 219, 229, 0)
False, False, 0.3128, (0, 42, 148, 20, 291, 35, 160, 66, 160, 235, 0)
False, True, 0.014, (0, 191, 245, 216, 17, 245, 0)
False, False, 0.0106, (0, 158, 229, 219, 229, 219, 206, 290, 0)
False, False, 0.1443, (0, 195, 149, 244, 173, 140, 231, 140, 231, 291, 0)
False, False, 0.0293, (0, 86, 267, 243, 267, 301, 0)
False, False, 0.0982, (0, 192, 209, 192, 305, 0)
False, False, 0.15, (0, 200, 294, 200, 0)
False, False, 0.0232, (0, 225, 304, 225, 0)
False, False, 0.0051, (0, 5, 163, 54, 211, 54, 0)
False, False, 0.0833, (0, 70, 99, 70, 99, 34, 153, 34, 99, 34, 48, 34, 99, 70, 0)
False, False, 0.1079, (0, 87, 116, 84, 51, 84, 51, 84, 89, 0)
False, False, 0.0543, (0, 271, 293, 259, 247, 38, 247, 38, 11, 0)
False, False, 0.1004, (0, 235, 123, 66, 160, 35, 291, 35, 42, 0)
False, False, 0.01, (0, 198, 38, 247, 38, 247, 273, 158, 67, 0)
False, False, 0.0119, (0, 91, 58, 151, 120, 151, 120, 80, 101, 104, 0)
False, False, 0.0494, (0, 158, 219, 111, 309, 111, 219, 229, 179, 158, 0)
False, False, 0.1639, (0, 185, 297, 222, 166, 222, 166, 205, 297, 185, 0)
False, False, 0.0157, (0, 66, 135, 231, 140, 198, 238, 198, 173, 195, 0)
False, True, 0.014, (0, 5, 245, 45, 17, 245, 264, 0)
False, False, 0.0946, (0, 271, 158, 179, 229, 179, 229, 219, 179, 158, 67, 0)
False, False, 0.0119, (0, 104, 101, 80, 151, 120, 151, 58, 63, 91, 0)
False, False, 0.0101, (0, 26, 123, 66, 160, 66, 123, 66, 123, 26, 136, 0)
False, False, 0.0013, (0, 271, 259, 273, 247, 38, 247, 273, 179, 0)
False, False, 0.04, (0, 205, 222, 166, 222, 166, 222, 166, 205, 256, 0)
all_elementary, False
all_cyc2, False
