Instance, X-n449-k29
capacity, 777
min_trucks, 29
output_file, output_uchoa/X-n449-k29-ng8.log
Start date, 2022-07-03
Start time, 00-20-24
capacity, 777
num_vehicles, 29
abort_early, False
methods, ['ng8']
max_vars, 100
time_limit, 86400
farley, False
ESPPRC_heur, True
initial time, initial max_it, max_stale_it
1, 20000.0, 20
heuristic Number of routes, heuristic Best Solution Value, heuristic number of iterations, adjusted time, adjusted max_it, measured total time
561172, 56010.0, 20000, 1, 20000.0, 48763.3
method, python time, total time, propagated dominance time, unpropagated dominance time, pricing_success, upper_bound, lower_bound, abort_early, num_paths, 
ESPPRC_heur, 0.1, 412.1, 400.4, 7.3, 0, 54959.5895, 51180.9188, True, 5031
ESPPRC_heur, 0.1, 490.7, 477.6, 8.1, 0, 54959.5895, 52338.9002, True, 3149
ESPPRC_heur, 0.1, 486.1, 474.1, 7.5, 0, 54959.5895, 53075.6715, True, 2618
ESPPRC_heur, 0.0, 474.7, 461.8, 7.7, 0, 54956.238, 53431.9101, True, 1988
ESPPRC_heur, 0.1, 436.7, 422.7, 8.4, 0, 54920.1496, 52222.9171, True, 3373
ESPPRC_heur, 0.1, 438.4, 427.3, 6.9, 0, 54920.0464, 53090.6322, True, 2138
ESPPRC_heur, 0.1, 451.6, 440.3, 7.0, 0, 54918.4866, 53586.9928, True, 1577
ESPPRC_heur, 0.0, 488.6, 476.9, 7.3, 0, 54888.8122, 53799.5978, True, 1276
ESPPRC_heur, 0.1, 466.5, 454.5, 7.2, 0, 54865.7079, 53720.5274, True, 1176
ESPPRC_heur, 0.1, 462.6, 450.8, 7.2, 0, 54856.398, 53448.2228, True, 1197
ESPPRC_heur, 0.1, 517.3, 503.7, 8.1, 0, 54855.1917, 53939.0699, True, 982
ESPPRC_heur, 0.1, 440.3, 429.2, 6.9, 0, 54837.6682, 53910.5549, True, 1036
ESPPRC_heur, 0.1, 542.0, 527.1, 9.4, 0, 54823.8138, 51910.491, True, 3161
ESPPRC_heur, 0.1, 513.1, 499.2, 8.2, 0, 54823.8138, 53704.8883, True, 970
ESPPRC_heur, 0.1, 567.0, 553.2, 8.6, 0, 54810.666, 53093.4216, True, 1194
ESPPRC_heur, 0.0, 514.7, 501.9, 7.9, 0, 54810.5385, 53926.4716, True, 904
ESPPRC_heur, 0.0, 537.5, 524.2, 8.2, 0, 54806.2338, 54126.3716, True, 690
ESPPRC_heur, 0.0, 568.1, 554.8, 8.3, 0, 54795.8582, 54069.1171, True, 604
ESPPRC_heur, 0.1, 595.2, 580.4, 9.2, 0, 54788.5223, 53360.1158, True, 903
ESPPRC_heur, 0.1, 605.2, 591.2, 8.9, 0, 54788.5223, 54041.9872, True, 610
ESPPRC_heur, 0.1, 575.0, 561.2, 8.5, 0, 54783.0924, 54047.5021, True, 505
ESPPRC_heur, 0.0, 548.0, 534.6, 8.3, 0, 54776.2097, 54234.5903, True, 456
ESPPRC_heur, 0.1, 537.5, 524.2, 8.2, 0, 54769.3412, 54026.6127, True, 447
ESPPRC_heur, 0.1, 486.6, 475.0, 7.1, 0, 54766.6484, 54263.5226, True, 390
ESPPRC_heur, 0.1, 517.8, 505.6, 7.6, 0, 54759.3786, 53082.5911, True, 612
ESPPRC_heur, 0.1, 523.4, 510.6, 7.8, 0, 54759.3786, 54150.5815, True, 358
ESPPRC_heur, 0.1, 494.3, 481.4, 7.7, 0, 54752.9628, 54142.8154, True, 348
ESPPRC_heur, 0.0, 451.5, 439.8, 7.1, 0, 54749.7937, 54222.8191, True, 277
ESPPRC_heur, 0.1, 476.6, 464.2, 7.7, 0, 54745.7337, 54367.5206, True, 205
ESPPRC_heur, 0.1, 477.4, 465.1, 7.5, 0, 54741.7921, 54448.3309, True, 204
ESPPRC_heur, 0.1, 498.0, 485.4, 7.6, 0, 54739.2941, 54100.9158, True, 214
ESPPRC_heur, 0.1, 445.1, 433.2, 7.1, 0, 54736.8615, 54409.3077, True, 150
ESPPRC_heur, 0.1, 469.9, 457.9, 7.0, 0, 54733.6602, 54289.9537, True, 155
ESPPRC_heur, 0.1, 481.0, 467.8, 7.7, 0, 54731.6232, 54360.8252, True, 117
ESPPRC_heur, 0.1, 493.6, 481.3, 7.4, 0, 54729.3188, 54489.5656, True, 88
ESPPRC_heur, 0.1, 487.9, 476.3, 7.3, 0, 54727.875, 54022.5444, True, 122
ESPPRC_heur, -0.0, 476.5, 464.5, 7.4, 0, 54726.9302, 54619.8384, True, 31
ESPPRC_heur, 0.0, 468.0, 456.6, 7.1, 0, 54726.5918, 54610.9533, True, 13
ESPPRC_heur, -0.0, 469.1, 457.8, 7.0, 0, 54726.2052, 54585.3665, True, 13
ESPPRC_heur, 0.1, 476.2, 464.5, 7.2, 0, 54725.756, 54541.0665, True, 18
ESPPRC_heur, 0.0, 485.4, 472.0, 7.7, 0, 54725.6775, 54622.9905, True, 10
ng8, 0.2, 47180.5, 45185.4, 1898.3, 1, 54725.6725, 52579.2026, 0, 1709
ESPPRC_heur, 0.0, 471.1, 459.0, 7.6, 0, 54687.4205, 53988.335, True, 185
ESPPRC_heur, 0.1, 467.2, 455.9, 6.9, 0, 54678.974, 54169.3849, True, 154
ESPPRC_heur, 0.0, 470.1, 458.2, 7.5, 0, 54676.6155, 54434.3393, True, 91
ESPPRC_heur, 0.0, 453.5, 442.0, 7.1, 0, 54674.5875, 54430.4784, True, 66
ESPPRC_heur, 0.0, 410.7, 399.5, 6.9, 0, 54673.3353, 54490.3874, True, 36
ESPPRC_heur, 0.0, 404.8, 393.8, 6.7, 0, 54673.1185, 54563.248, True, 21
ESPPRC_heur, 0.0, 398.7, 387.7, 6.7, 0, 54672.7874, 54556.7874, True, 24
ESPPRC_heur, 0.0, 398.0, 387.1, 6.7, 0, 54672.2914, 54511.1026, True, 16
ESPPRC_heur, 0.0, 391.0, 380.2, 6.6, 0, 54672.2819, 54576.5113, True, 4
ng8, 0.2, 50591.2, 48533.5, 1972.6, 1, 54672.2784, 53632.3546, 0, 1167
ESPPRC_heur, 0.0, 313.6, 304.0, 5.6, 0, 54659.5659, 54017.028, True, 206
ESPPRC_heur, 0.1, 385.8, 375.5, 6.3, 0, 54655.8956, 54249.0858, True, 95
ESPPRC_heur, 0.1, 424.6, 413.8, 6.6, 0, 54654.5668, 54390.0053, True, 35
ESPPRC_heur, 0.0, 434.8, 423.7, 6.8, 0, 54653.8895, 54404.5138, True, 37
ESPPRC_heur, 0.1, 416.6, 405.9, 6.6, 0, 54652.6354, 54513.8398, True, 24
ESPPRC_heur, 0.0, 418.7, 407.9, 6.6, 0, 54652.2372, 54466.3814, True, 23
ESPPRC_heur, 0.1, 433.1, 422.2, 6.7, 0, 54651.7198, 54574.4752, True, 23
ESPPRC_heur, 0.1, 394.0, 383.5, 6.5, 0, 54651.5073, 54613.7922, True, 8
ESPPRC_heur, 0.0, 323.3, 313.4, 5.8, 0, 54651.4679, 54649.6411, True, 2
ng8, 0.2, 45189.9, 43382.1, 1728.3, 1, 54651.4677, 53986.8293, 0, 728
ESPPRC_heur, 0.1, 405.3, 394.5, 6.6, 0, 54638.0428, 54441.7671, True, 96
ESPPRC_heur, 0.0, 398.3, 387.6, 6.5, 0, 54636.9482, 54447.1267, True, 57
ESPPRC_heur, 0.0, 392.0, 381.4, 6.4, 0, 54636.5385, 54470.1614, True, 35
ESPPRC_heur, 0.0, 398.0, 387.4, 6.5, 0, 54635.9211, 54462.1779, True, 27
ESPPRC_heur, 0.0, 389.8, 379.1, 6.5, 0, 54635.8136, 54587.2686, True, 10
ESPPRC_heur, 0.0, 395.4, 384.8, 6.5, 0, 54635.6873, 54588.3898, True, 7
ESPPRC_heur, -0.0, 403.7, 393.0, 6.5, 0, 54635.639, 54616.7337, True, 4
ESPPRC_heur, 0.0, 411.8, 401.1, 6.5, 0, 54635.6307, 54528.1207, True, 2
ESPPRC_heur, 0.0, 430.4, 419.5, 6.7, 0, 54635.5513, 54548.5513, True, 7
ESPPRC_heur, -0.0, 405.7, 395.0, 6.5, 0, 54635.3892, 54457.5092, True, 7
ng8, 0.2, 48627.2, 46667.0, 1876.7, 1, 54635.3886, 53987.1425, 0, 502
ESPPRC_heur, 0.1, 400.5, 389.7, 6.6, 0, 54630.3133, 54445.4277, True, 58
ESPPRC_heur, 0.1, 337.1, 327.0, 6.0, 0, 54630.1276, 54443.7814, True, 33
ESPPRC_heur, 0.0, 337.5, 327.4, 6.0, 0, 54629.7162, 54481.5482, True, 31
ESPPRC_heur, 0.0, 334.3, 324.2, 6.0, 0, 54629.488, 54552.3053, True, 13
ESPPRC_heur, 0.0, 328.2, 318.2, 6.0, 0, 54629.4257, 54592.39, True, 6
ESPPRC_heur, -0.0, 283.3, 273.4, 5.8, 0, 54629.4241, 54585.4035, True, 3
ng8, 0.3, 47352.7, 45433.7, 1826.3, 1, 54629.4241, 54327.7467, 0, 319
ESPPRC_heur, 0.0, 389.8, 376.5, 7.4, 0, 54625.8277, 54455.9698, True, 30
ESPPRC_heur, -0.0, 498.2, 484.8, 7.9, 0, 54625.5611, 54589.0697, True, 9
ESPPRC_heur, 0.1, 490.3, 477.6, 7.7, 0, 54625.5409, 54587.4228, True, 3
ESPPRC_heur, 0.0, 491.5, 479.8, 7.3, 0, 54625.5332, 54592.8799, True, 3
ng8, 0.2, 50458.5, 48326.0, 2025.6, 1, 54625.5332, 54375.9823, 0, 231
ESPPRC_heur, 0.0, 261.2, 251.8, 5.5, 0, 54622.496, 54504.6253, True, 20
ESPPRC_heur, 0.0, 273.2, 263.6, 5.6, 0, 54622.428, 54582.7604, True, 4
ng8, 0.3, 52382.9, 50228.5, 2037.6, 1, 54622.4266, 54403.7573, 0, 169
ESPPRC_heur, 0.1, 518.5, 504.9, 8.1, 0, 54621.3668, 54564.1183, True, 6
ESPPRC_heur, 0.0, 519.8, 506.2, 8.0, 0, 54621.339, 54589.8075, True, 7
ESPPRC_heur, -0.0, 512.5, 499.0, 7.9, 0, 54621.335, 54620.2359, True, 1
ng8, 0.3, 52258.5, 49997.0, 2145.7, 1, 54621.335, 54340.5586, 0, 95
ESPPRC_heur, 0.0, 479.1, 465.0, 7.9, 0, 54620.6195, 54487.2674, True, 13
ESPPRC_heur, -0.0, 470.4, 456.8, 7.8, 0, 54620.6195, 54545.8121, True, 1
ng8, 0.2, 51076.6, 48894.8, 2071.3, 1, 54620.6195, 54546.2055, 0, 36
ESPPRC_heur, 0.0, 453.3, 442.2, 6.8, 0, 54620.4359, 54609.5037, True, 2
ng8, 0.2, 48012.9, 46033.2, 1887.5, 1, 54620.4359, 54544.2921, 0, 34
ng8, 0.2, 47346.9, 45404.5, 1858.7, 1, 54620.3951, 54584.09, 0, 6
ng8, 0.2, 45064.8, 43173.5, 1809.3, 1, 54620.3939, 54611.8283, 0, 1
ng8, 0.1, 42667.6, 40908.7, 1681.1, 1, 54620.3939, 54620.3939, 0, 0
scip_total_time, 723385.516805
Solval, number of paths, impact cutoff
54620.39386385677, 369, 0.0001
Elementary, 2-Cycle, Path Value, Path
True, True, 0.1755, (0, 246, 126, 143, 48, 11, 38, 281, 369, 110, 73, 334, 274, 290, 443, 23, 295, 379, 0)
True, True, 0.1805, (0, 181, 7, 34, 135, 431, 194, 115, 270, 438, 218, 138, 18, 269, 196, 104, 19, 44, 121, 0)
True, True, 0.3419, (0, 9, 198, 1, 55, 332, 447, 362, 96, 228, 363, 263, 2, 60, 0)
True, True, 0.0283, (0, 418, 78, 79, 20, 426, 134, 135, 22, 220, 251, 373, 169, 333, 0)
True, True, 0.0771, (0, 266, 77, 425, 434, 245, 282, 267, 83, 256, 152, 252, 0)
True, True, 0.0683, (0, 252, 152, 186, 192, 421, 142, 348, 170, 308, 268, 335, 63, 368, 0)
True, True, 0.1098, (0, 257, 412, 57, 388, 188, 372, 414, 243, 184, 165, 304, 32, 413, 160, 0)
True, True, 0.2428, (0, 69, 42, 114, 3, 445, 254, 407, 97, 433, 307, 401, 146, 377, 64, 289, 162, 173, 185, 51, 0)
True, True, 0.1041, (0, 9, 198, 55, 332, 278, 447, 362, 96, 228, 301, 363, 263, 2, 60, 0)
True, True, 0.1884, (0, 207, 418, 79, 20, 426, 134, 22, 220, 251, 373, 169, 333, 158, 0)
True, True, 0.3465, (0, 411, 198, 299, 55, 332, 278, 447, 362, 96, 228, 301, 363, 263, 2, 60, 0)
True, True, 0.3595, (0, 107, 140, 276, 195, 163, 197, 113, 237, 39, 249, 224, 419, 0)
True, True, 0.0321, (0, 202, 379, 295, 23, 443, 73, 110, 369, 281, 327, 128, 58, 358, 227, 68, 326, 0)
True, True, 0.1329, (0, 47, 207, 156, 193, 374, 277, 209, 78, 364, 400, 392, 112, 8, 0)
True, True, 0.0432, (0, 262, 300, 145, 59, 417, 259, 230, 205, 54, 226, 247, 441, 0)
True, True, 0.1978, (0, 378, 338, 328, 16, 222, 191, 165, 184, 243, 414, 372, 188, 388, 57, 32, 412, 160, 0)
True, True, 0.0615, (0, 338, 328, 16, 222, 191, 165, 184, 243, 414, 372, 188, 388, 57, 211, 160, 0)
True, True, 0.0089, (0, 252, 288, 186, 192, 421, 142, 170, 308, 268, 335, 63, 368, 331, 0)
True, True, 0.263, (0, 34, 135, 431, 194, 115, 270, 438, 218, 138, 18, 269, 196, 104, 19, 44, 75, 121, 341, 0)
True, True, 0.0793, (0, 93, 187, 241, 180, 17, 386, 105, 171, 200, 84, 236, 299, 1, 9, 411, 0)
True, True, 0.0233, (0, 425, 423, 108, 399, 99, 219, 118, 365, 124, 356, 105, 386, 17, 241, 0)
True, True, 0.199, (0, 381, 268, 308, 442, 119, 65, 161, 436, 422, 370, 294, 435, 70, 376, 284, 103, 0)
True, True, 0.0632, (0, 9, 198, 1, 299, 236, 84, 200, 171, 105, 386, 17, 425, 187, 0)
True, True, 0.0309, (0, 376, 70, 435, 294, 370, 422, 436, 182, 161, 65, 119, 442, 142, 421, 192, 0)
True, True, 0.1351, (0, 21, 378, 338, 328, 16, 222, 304, 243, 414, 372, 188, 388, 57, 32, 413, 211, 160, 82, 0)
True, True, 0.0089, (0, 331, 368, 63, 335, 268, 308, 170, 348, 142, 421, 192, 186, 152, 179, 0)
True, True, 0.1443, (0, 21, 82, 301, 30, 397, 257, 4, 273, 87, 319, 155, 249, 224, 419, 265, 357, 429, 85, 0)
True, True, 0.0745, (0, 367, 158, 333, 169, 373, 79, 78, 209, 277, 374, 193, 0)
True, True, 0.2411, (0, 381, 186, 192, 421, 142, 348, 170, 308, 268, 335, 63, 345, 331, 0)
True, True, 0.1417, (0, 174, 235, 254, 18, 138, 218, 438, 329, 157, 258, 91, 302, 366, 178, 62, 354, 390, 428, 426, 0)
True, True, 0.0987, (0, 89, 51, 185, 173, 162, 289, 64, 377, 146, 401, 307, 433, 97, 407, 235, 174, 33, 330, 314, 69, 0)
True, True, 0.1551, (0, 103, 284, 268, 308, 170, 348, 142, 421, 192, 186, 335, 63, 368, 0)
True, True, 0.1023, (0, 352, 46, 158, 277, 209, 78, 364, 400, 392, 112, 8, 111, 0)
True, True, 0.0892, (0, 389, 71, 6, 240, 49, 398, 213, 339, 420, 24, 291, 280, 322, 349, 74, 14, 0)
True, True, 0.2568, (0, 358, 128, 395, 190, 371, 287, 149, 324, 56, 94, 43, 394, 225, 321, 242, 132, 313, 221, 0)
True, True, 0.1547, (0, 187, 425, 434, 245, 282, 267, 83, 256, 152, 252, 179, 0)
True, True, 0.0266, (0, 320, 13, 6, 240, 49, 361, 305, 106, 336, 384, 37, 71, 440, 0)
True, True, 0.0131, (0, 309, 117, 31, 129, 36, 229, 66, 298, 56, 324, 149, 287, 371, 190, 395, 327, 48, 0)
True, True, 0.0516, (0, 103, 284, 376, 70, 294, 370, 422, 436, 182, 161, 65, 119, 442, 170, 348, 381, 0)
True, True, 0.2226, (0, 101, 343, 416, 342, 346, 168, 264, 279, 164, 64, 289, 162, 173, 185, 51, 89, 182, 0)
True, True, 0.0313, (0, 238, 350, 245, 116, 441, 262, 118, 365, 99, 399, 108, 423, 425, 0)
True, True, 0.186, (0, 202, 216, 23, 443, 290, 274, 334, 73, 110, 369, 281, 38, 11, 48, 143, 126, 0)
True, True, 0.2034, (0, 186, 142, 442, 119, 98, 65, 161, 182, 436, 422, 370, 294, 435, 70, 376, 103, 0)
True, True, 0.127, (0, 432, 391, 444, 375, 133, 208, 405, 153, 244, 276, 409, 130, 360, 255, 0)
True, True, 0.1715, (0, 344, 105, 29, 391, 444, 375, 133, 286, 340, 153, 405, 208, 217, 10, 171, 0)
True, True, 0.0395, (0, 10, 217, 208, 286, 340, 403, 50, 122, 59, 226, 54, 175, 247, 441, 116, 0)
True, True, 0.0815, (0, 341, 121, 147, 7, 34, 22, 220, 134, 426, 20, 183, 123, 144, 415, 402, 303, 0)
True, True, 0.0701, (0, 74, 81, 275, 297, 253, 448, 261, 13, 440, 389, 113, 237, 39, 0)
True, True, 0.2828, (0, 200, 203, 255, 406, 29, 159, 15, 124, 356, 432, 17, 180, 241, 430, 0)
True, True, 0.0091, (0, 82, 30, 257, 87, 412, 211, 413, 32, 304, 184, 165, 191, 177, 5, 237, 0)
True, True, 0.0771, (0, 30, 257, 412, 211, 413, 32, 304, 184, 165, 191, 177, 5, 237, 249, 0)
True, True, 0.0957, (0, 391, 375, 133, 286, 208, 405, 153, 244, 276, 409, 140, 107, 360, 203, 14, 0)
True, True, 0.0642, (0, 344, 391, 375, 133, 286, 208, 405, 153, 244, 276, 409, 130, 360, 203, 84, 0)
True, True, 0.0854, (0, 107, 140, 244, 347, 131, 232, 248, 403, 50, 122, 59, 145, 262, 0)
True, True, 0.0929, (0, 154, 316, 293, 137, 88, 150, 321, 225, 394, 43, 204, 109, 351, 31, 117, 80, 0)
True, True, 0.0231, (0, 21, 82, 30, 257, 87, 273, 412, 211, 413, 16, 222, 191, 177, 5, 113, 197, 0)
True, True, 0.2243, (0, 177, 5, 37, 384, 336, 106, 305, 361, 398, 213, 339, 420, 199, 212, 13, 0)
True, True, 0.0105, (0, 14, 74, 349, 448, 261, 291, 24, 212, 240, 6, 13, 440, 389, 197, 0)
True, True, 0.0306, (0, 39, 5, 37, 384, 336, 106, 305, 361, 398, 213, 339, 420, 199, 212, 13, 253, 14, 0)
True, True, 0.1235, (0, 378, 328, 177, 5, 37, 384, 336, 106, 305, 361, 49, 240, 6, 71, 389, 0)
True, True, 0.2301, (0, 139, 325, 215, 35, 36, 229, 66, 298, 56, 324, 149, 287, 371, 190, 395, 327, 358, 48, 216, 0)
True, True, 0.0007, (0, 303, 402, 136, 148, 52, 189, 221, 317, 306, 428, 67, 134, 22, 220, 333, 0)
True, True, 0.1585, (0, 72, 403, 272, 100, 437, 90, 250, 396, 28, 26, 143, 126, 232, 217, 10, 0)
True, True, 0.0615, (0, 378, 338, 177, 5, 37, 384, 336, 106, 305, 361, 49, 240, 6, 71, 389, 0)
True, True, 0.023, (0, 382, 193, 426, 306, 428, 354, 62, 178, 366, 302, 91, 258, 157, 329, 194, 431, 0)
True, True, 0.0572, (0, 206, 154, 316, 293, 137, 239, 380, 92, 31, 129, 35, 215, 325, 223, 446, 120, 385, 0)
True, True, 0.2282, (0, 77, 434, 423, 108, 399, 99, 219, 118, 365, 124, 356, 105, 386, 344, 430, 0)
True, True, 0.0839, (0, 341, 167, 7, 34, 22, 220, 134, 426, 20, 79, 78, 418, 193, 382, 0)
True, True, 0.1653, (0, 45, 272, 90, 410, 427, 439, 120, 95, 141, 404, 383, 86, 311, 53, 312, 122, 0)
True, True, 0.1715, (0, 171, 406, 217, 208, 405, 153, 340, 286, 133, 375, 444, 391, 15, 344, 0)
True, True, 0.1913, (0, 74, 349, 448, 261, 291, 24, 212, 6, 13, 440, 389, 113, 0)
True, True, 0.0193, (0, 81, 275, 297, 448, 261, 291, 24, 212, 13, 440, 389, 197, 0)
True, True, 0.0822, (0, 425, 423, 108, 399, 99, 219, 118, 365, 124, 356, 432, 105, 386, 344, 430, 0)
True, True, 0.0061, (0, 45, 250, 260, 68, 227, 358, 58, 139, 446, 141, 95, 86, 53, 312, 0)
True, True, 0.1417, (0, 418, 426, 306, 390, 354, 62, 178, 366, 302, 91, 258, 157, 329, 438, 218, 138, 18, 254, 235, 174, 314, 0)
True, True, 0.1174, (0, 313, 132, 242, 321, 225, 394, 43, 94, 298, 66, 229, 36, 35, 215, 223, 404, 0)
True, True, 0.1517, (0, 255, 130, 195, 163, 197, 113, 237, 39, 249, 224, 419, 85, 0)
True, True, 0.0764, (0, 299, 236, 84, 200, 203, 255, 406, 29, 159, 15, 356, 432, 17, 180, 241, 0)
True, True, 0.0393, (0, 206, 210, 92, 380, 239, 150, 88, 204, 109, 351, 129, 35, 215, 223, 446, 0)
True, True, 0.0272, (0, 352, 46, 158, 277, 209, 78, 364, 400, 392, 112, 8, 25, 0)
True, True, 0.0838, (0, 396, 28, 26, 355, 424, 260, 326, 120, 439, 427, 410, 272, 0)
True, True, 0.089, (0, 425, 423, 108, 399, 99, 219, 118, 365, 15, 159, 29, 10, 171, 0)
True, True, 0.069, (0, 418, 78, 79, 373, 251, 220, 22, 134, 426, 20, 393, 144, 415, 402, 303, 0)
True, True, 0.0214, (0, 266, 77, 434, 423, 108, 399, 99, 219, 118, 365, 124, 356, 432, 386, 0)
True, True, 0.0735, (0, 45, 250, 28, 26, 355, 424, 260, 326, 120, 439, 427, 410, 90, 437, 385, 0)
True, True, 0.0585, (0, 389, 71, 37, 384, 336, 106, 305, 361, 49, 199, 24, 291, 320, 0)
True, True, 0.1363, (0, 389, 71, 6, 240, 49, 398, 213, 339, 420, 199, 24, 291, 261, 253, 74, 0)
True, True, 0.15, (0, 12, 271, 359, 127, 264, 164, 279, 377, 146, 401, 307, 433, 97, 407, 445, 3, 114, 42, 69, 0)
True, True, 0.0933, (0, 122, 312, 53, 311, 86, 427, 439, 120, 326, 260, 424, 355, 26, 28, 246, 217, 0)
True, True, 0.0512, (0, 393, 123, 292, 306, 428, 390, 62, 178, 366, 302, 91, 258, 157, 329, 194, 431, 0)
True, True, 0.034, (0, 247, 175, 205, 259, 417, 230, 206, 148, 415, 364, 400, 392, 112, 8, 25, 111, 0)
True, True, 0.0543, (0, 313, 132, 242, 321, 225, 394, 43, 94, 56, 324, 149, 287, 371, 190, 395, 327, 358, 48, 143, 0)
True, True, 0.0536, (0, 284, 376, 70, 435, 294, 370, 422, 436, 182, 161, 65, 119, 442, 170, 268, 288, 0)
True, True, 0.0717, (0, 39, 5, 37, 384, 336, 106, 305, 361, 398, 213, 339, 420, 24, 291, 349, 202, 0)
True, True, 0.0471, (0, 393, 313, 132, 242, 321, 225, 394, 43, 94, 56, 298, 66, 229, 36, 129, 31, 117, 80, 0)
True, True, 0.1087, (0, 182, 89, 51, 185, 173, 162, 289, 64, 307, 401, 146, 377, 279, 164, 127, 408, 310, 12, 0)
True, True, 0.0279, (0, 89, 185, 173, 162, 289, 64, 377, 146, 401, 307, 433, 97, 407, 445, 3, 314, 42, 69, 0)
True, True, 0.0969, (0, 284, 376, 70, 435, 294, 370, 422, 436, 161, 65, 98, 119, 442, 421, 192, 0)
True, True, 0.1064, (0, 103, 376, 70, 435, 294, 370, 422, 436, 161, 65, 98, 119, 442, 421, 192, 0)
True, True, 0.0956, (0, 206, 154, 210, 137, 150, 88, 204, 109, 351, 229, 66, 94, 43, 394, 225, 321, 242, 132, 313, 0)
True, True, 0.1152, (0, 175, 102, 136, 415, 144, 123, 183, 20, 79, 373, 169, 333, 158, 0)
True, True, 0.0043, (0, 207, 418, 292, 317, 178, 366, 302, 91, 258, 157, 329, 218, 138, 307, 401, 264, 127, 310, 12, 0)
True, True, 0.1482, (0, 430, 344, 386, 432, 356, 124, 15, 159, 29, 406, 255, 203, 200, 411, 0)
True, True, 0.0692, (0, 435, 101, 343, 416, 271, 359, 342, 346, 168, 264, 279, 164, 127, 310, 408, 89, 182, 0)
True, True, 0.0426, (0, 12, 310, 408, 162, 289, 64, 407, 433, 97, 269, 196, 104, 19, 44, 75, 147, 341, 0)
True, True, 0.0829, (0, 440, 13, 212, 199, 420, 339, 213, 398, 361, 305, 240, 6, 71, 389, 0)
True, True, 0.1126, (0, 402, 393, 292, 317, 178, 366, 302, 91, 258, 157, 329, 438, 270, 115, 44, 121, 0)
True, True, 0.0176, (0, 70, 12, 271, 359, 342, 346, 168, 264, 377, 146, 401, 307, 64, 289, 162, 173, 51, 89, 0)
True, True, 0.0176, (0, 294, 12, 271, 359, 342, 346, 168, 264, 377, 146, 401, 307, 64, 289, 162, 173, 185, 51, 89, 0)
True, True, 0.1809, (0, 74, 280, 322, 291, 24, 199, 420, 339, 213, 398, 49, 240, 6, 71, 440, 0)
True, True, 0.0359, (0, 98, 51, 185, 173, 162, 289, 64, 307, 401, 146, 377, 279, 164, 264, 127, 408, 310, 12, 0)
True, True, 0.2145, (0, 259, 154, 316, 293, 150, 88, 204, 109, 351, 129, 36, 35, 215, 325, 223, 446, 0)
True, True, 0.0189, (0, 402, 393, 292, 317, 178, 366, 302, 91, 258, 157, 329, 438, 218, 270, 115, 44, 0)
True, True, 0.0383, (0, 284, 376, 70, 435, 294, 370, 422, 436, 161, 65, 98, 119, 442, 170, 348, 288, 0)
True, True, 0.0788, (0, 111, 158, 333, 169, 373, 251, 220, 22, 34, 7, 167, 172, 181, 341, 0)
True, True, 0.0435, (0, 89, 51, 185, 173, 162, 289, 64, 307, 401, 146, 377, 279, 164, 264, 127, 310, 12, 436, 0)
True, True, 0.0075, (0, 431, 194, 115, 270, 218, 438, 329, 157, 258, 354, 67, 428, 306, 426, 418, 0)
True, True, 0.127, (0, 344, 391, 444, 375, 133, 286, 405, 153, 244, 276, 409, 130, 360, 203, 14, 0)
True, True, 0.0309, (0, 382, 158, 333, 169, 373, 251, 220, 22, 34, 7, 167, 181, 46, 0)
True, True, 0.0133, (0, 89, 185, 173, 162, 289, 64, 377, 146, 401, 307, 433, 97, 407, 254, 235, 33, 330, 314, 114, 69, 0)
True, True, 0.0793, (0, 411, 9, 1, 299, 236, 84, 200, 171, 105, 386, 17, 180, 241, 187, 296, 0)
True, True, 0.2095, (0, 207, 156, 374, 277, 209, 78, 364, 400, 392, 112, 8, 337, 0)
True, True, 0.0681, (0, 423, 108, 399, 99, 219, 118, 365, 159, 29, 15, 105, 386, 180, 241, 0)
True, True, 0.1526, (0, 246, 396, 28, 26, 355, 424, 260, 326, 120, 439, 427, 410, 437, 385, 353, 0)
True, True, 0.1076, (0, 207, 418, 292, 317, 178, 366, 302, 91, 258, 157, 329, 438, 218, 270, 115, 44, 0)
True, True, 0.0317, (0, 418, 292, 306, 428, 390, 354, 62, 178, 366, 302, 91, 258, 157, 329, 218, 138, 18, 254, 235, 174, 314, 0)
True, True, 0.0547, (0, 12, 271, 359, 342, 346, 168, 264, 146, 401, 307, 433, 97, 407, 254, 235, 174, 330, 33, 314, 114, 42, 69, 0)
True, True, 0.0365, (0, 360, 130, 409, 195, 163, 197, 113, 237, 39, 155, 201, 30, 301, 82, 0)
True, True, 0.0842, (0, 402, 393, 292, 317, 178, 366, 302, 91, 258, 157, 329, 218, 270, 115, 104, 44, 121, 0)
True, True, 0.1788, (0, 98, 42, 114, 314, 330, 33, 174, 235, 254, 407, 433, 97, 269, 196, 104, 19, 7, 147, 121, 341, 0)
True, True, 0.2491, (0, 193, 251, 134, 67, 390, 62, 178, 366, 302, 91, 258, 157, 329, 194, 431, 135, 0)
True, True, 0.0097, (0, 402, 393, 123, 292, 317, 178, 366, 302, 91, 258, 157, 329, 438, 218, 138, 18, 254, 235, 174, 0)
True, True, 0.0739, (0, 46, 172, 167, 7, 34, 22, 220, 251, 373, 79, 78, 418, 193, 207, 0)
True, True, 0.015, (0, 72, 385, 100, 410, 427, 439, 120, 95, 141, 404, 318, 214, 283, 309, 80, 0)
True, True, 0.1105, (0, 382, 102, 136, 415, 144, 393, 123, 183, 20, 79, 373, 169, 333, 158, 0)
True, True, 0.0133, (0, 98, 51, 173, 162, 289, 64, 377, 146, 401, 307, 433, 97, 407, 445, 3, 314, 42, 69, 0)
True, True, 0.0154, (0, 46, 181, 172, 7, 34, 22, 220, 134, 426, 20, 79, 78, 418, 382, 0)
True, True, 0.0279, (0, 425, 423, 108, 399, 99, 219, 365, 118, 262, 441, 116, 245, 350, 176, 0)
True, True, 0.0764, (0, 72, 50, 312, 53, 311, 86, 383, 95, 141, 404, 318, 214, 283, 309, 80, 175, 0)
True, True, 0.1052, (0, 154, 316, 293, 137, 239, 150, 88, 204, 109, 351, 129, 35, 215, 223, 404, 383, 0)
True, True, 0.0539, (0, 207, 41, 156, 193, 374, 277, 209, 78, 364, 400, 392, 303, 112, 8, 25, 0)
True, True, 0.0523, (0, 41, 166, 285, 156, 193, 374, 277, 209, 364, 400, 392, 303, 112, 8, 25, 0)
True, True, 0.0737, (0, 352, 158, 333, 169, 373, 79, 20, 183, 123, 393, 144, 415, 402, 303, 0)
False, True, 0.0609, (0, 352, 46, 181, 172, 167, 147, 75, 235, 445, 3, 33, 174, 75, 147, 167, 172, 181, 46, 352, 0)
False, True, 0.3419, (0, 278, 357, 265, 233, 40, 231, 201, 397, 87, 4, 273, 319, 155, 201, 231, 40, 233, 265, 357, 429, 85, 0)
False, True, 0.5, (0, 151, 252, 152, 256, 83, 267, 335, 63, 368, 345, 331, 151, 0)
False, True, 0.0269, (0, 203, 130, 195, 163, 197, 320, 297, 275, 81, 163, 195, 130, 360, 0)
False, True, 0.4603, (0, 27, 93, 296, 187, 266, 238, 125, 176, 93, 296, 27, 0)
True, True, 0.1187, (0, 30, 257, 4, 273, 412, 211, 413, 16, 222, 191, 177, 5, 237, 39, 155, 0)
True, True, 0.1014, (0, 180, 17, 432, 124, 15, 159, 29, 406, 255, 203, 200, 84, 236, 299, 0)
True, True, 0.0177, (0, 179, 288, 381, 186, 192, 421, 142, 348, 170, 308, 268, 335, 63, 368, 345, 0)
True, True, 0.07, (0, 236, 84, 429, 419, 224, 233, 40, 231, 201, 155, 319, 87, 273, 4, 257, 397, 30, 301, 82, 21, 0)
True, True, 0.0233, (0, 154, 316, 293, 150, 88, 204, 109, 351, 229, 66, 298, 56, 324, 149, 287, 371, 190, 395, 325, 139, 45, 0)
True, True, 0.0167, (0, 236, 85, 429, 419, 224, 233, 40, 231, 201, 155, 319, 87, 273, 4, 257, 30, 82, 60, 0)
True, True, 0.0803, (0, 429, 419, 224, 249, 39, 237, 113, 197, 163, 195, 360, 14, 0)
True, True, 0.123, (0, 21, 60, 2, 263, 363, 301, 228, 96, 362, 447, 278, 332, 55, 1, 9, 411, 0)
True, True, 0.0874, (0, 360, 130, 409, 276, 347, 131, 232, 248, 403, 50, 122, 59, 72, 444, 0)
True, True, 0.2525, (0, 425, 423, 108, 399, 99, 219, 365, 118, 441, 116, 245, 350, 238, 179, 0)
True, True, 0.2411, (0, 288, 381, 186, 192, 421, 142, 348, 170, 308, 268, 284, 103, 368, 345, 331, 0)
True, True, 0.0279, (0, 252, 152, 288, 256, 83, 267, 282, 245, 434, 323, 77, 125, 0)
True, True, 0.0726, (0, 353, 50, 385, 100, 437, 90, 250, 396, 28, 26, 143, 126, 131, 347, 202, 0)
True, True, 0.1048, (0, 262, 59, 417, 230, 206, 148, 415, 364, 400, 392, 303, 112, 8, 25, 0)
True, True, 0.0034, (0, 12, 310, 127, 264, 164, 279, 377, 146, 401, 307, 433, 97, 407, 445, 3, 314, 114, 42, 98, 0)
True, True, 0.0381, (0, 382, 158, 333, 169, 373, 251, 220, 22, 135, 34, 7, 167, 172, 341, 0)
True, True, 0.0843, (0, 111, 207, 156, 193, 374, 158, 277, 209, 364, 400, 392, 303, 112, 8, 25, 382, 0)
True, True, 0.0956, (0, 139, 325, 395, 190, 371, 287, 149, 324, 94, 56, 298, 229, 36, 35, 215, 223, 446, 0)
True, True, 0.0036, (0, 425, 423, 108, 399, 99, 219, 365, 118, 262, 441, 116, 245, 77, 266, 179, 0)
True, True, 0.1238, (0, 326, 68, 227, 358, 58, 128, 327, 281, 369, 110, 38, 11, 48, 143, 126, 10, 0)
True, True, 0.0072, (0, 430, 241, 180, 17, 108, 399, 99, 219, 365, 118, 262, 441, 116, 245, 323, 77, 0)
True, True, 0.0455, (0, 82, 30, 397, 319, 412, 211, 413, 16, 222, 191, 177, 5, 113, 237, 39, 249, 21, 0)
True, True, 0.1599, (0, 139, 223, 325, 395, 190, 371, 287, 149, 324, 56, 298, 66, 229, 36, 129, 31, 117, 318, 0)
True, True, 0.0599, (0, 284, 376, 70, 435, 294, 370, 422, 436, 182, 161, 65, 119, 442, 308, 170, 348, 288, 0)
False, True, 0.1703, (0, 409, 81, 320, 275, 297, 253, 349, 387, 234, 280, 322, 261, 448, 253, 297, 275, 320, 81, 14, 0)
False, True, 0.1497, (0, 101, 343, 416, 359, 127, 164, 279, 264, 168, 346, 342, 359, 271, 416, 343, 101, 0)
False, True, 0.1787, (0, 179, 176, 125, 238, 350, 323, 245, 434, 425, 77, 266, 125, 176, 179, 0)
False, True, 0.1457, (0, 216, 387, 234, 379, 295, 23, 443, 73, 38, 11, 334, 274, 290, 443, 23, 295, 379, 234, 387, 202, 0)
False, True, 0.0154, (0, 111, 47, 315, 76, 367, 166, 61, 285, 156, 41, 76, 315, 47, 382, 350, 0)
False, True, 0.0489, (0, 74, 81, 320, 275, 297, 253, 349, 387, 234, 280, 322, 261, 448, 253, 297, 275, 320, 81, 74, 0)
False, True, 0.1478, (0, 300, 145, 226, 54, 417, 230, 102, 205, 54, 226, 175, 247, 0)
False, True, 0.1004, (0, 262, 300, 226, 54, 417, 259, 230, 205, 54, 226, 145, 262, 0)
True, True, 0.3615, (0, 14, 107, 140, 244, 347, 131, 232, 248, 403, 50, 122, 59, 145, 300, 0)
True, True, 0.0559, (0, 116, 175, 205, 102, 136, 415, 144, 79, 373, 169, 333, 158, 46, 352, 0)
True, True, 0.1715, (0, 171, 406, 217, 208, 405, 153, 340, 286, 133, 375, 444, 391, 159, 241, 0)
True, True, 0.0072, (0, 171, 406, 217, 208, 405, 153, 340, 286, 133, 375, 444, 118, 219, 99, 423, 0)
True, True, 0.0026, (0, 360, 409, 195, 163, 197, 113, 237, 39, 249, 224, 419, 21, 0)
True, True, 0.148, (0, 246, 396, 28, 26, 355, 424, 260, 326, 439, 427, 410, 100, 385, 0)
True, True, 0.0401, (0, 333, 169, 373, 251, 220, 22, 134, 426, 20, 183, 144, 415, 402, 303, 0)
True, True, 0.0145, (0, 440, 13, 212, 199, 420, 339, 213, 398, 361, 305, 106, 336, 37, 71, 389, 0)
True, True, 0.0875, (0, 255, 107, 140, 409, 276, 244, 347, 131, 232, 248, 340, 286, 208, 217, 10, 0)
True, True, 0.1631, (0, 252, 152, 288, 256, 83, 267, 282, 245, 434, 77, 266, 187, 0)
True, True, 0.0145, (0, 197, 389, 71, 37, 384, 6, 212, 24, 291, 261, 448, 253, 74, 0)
True, True, 0.0555, (0, 376, 70, 435, 294, 370, 422, 436, 161, 65, 98, 119, 442, 170, 348, 186, 288, 0)
True, True, 0.0842, (0, 7, 19, 196, 269, 18, 138, 270, 115, 194, 431, 135, 22, 220, 333, 0)
True, True, 0.0465, (0, 352, 367, 166, 61, 156, 193, 374, 277, 209, 418, 400, 392, 112, 8, 0)
True, True, 0.064, (0, 316, 293, 137, 150, 88, 204, 109, 351, 129, 35, 215, 223, 446, 120, 385, 0)
True, True, 0.0563, (0, 272, 90, 410, 427, 439, 120, 326, 260, 424, 355, 26, 396, 246, 0)
True, True, 0.0393, (0, 247, 205, 259, 417, 230, 206, 148, 415, 364, 400, 392, 303, 112, 8, 25, 382, 0)
False, True, 0.0807, (0, 353, 80, 309, 283, 214, 210, 293, 137, 239, 380, 92, 31, 117, 214, 309, 259, 0)
False, True, 0.1032, (0, 353, 80, 309, 283, 214, 210, 137, 239, 380, 92, 117, 214, 283, 309, 0)
False, True, 0.0208, (0, 303, 402, 144, 393, 183, 292, 306, 428, 67, 354, 62, 317, 221, 189, 123, 183, 393, 144, 402, 0)
False, True, 0.0551, (0, 262, 59, 417, 230, 206, 148, 415, 136, 230, 417, 259, 205, 226, 0)
False, True, 0.0845, (0, 1, 55, 332, 2, 263, 363, 301, 228, 96, 362, 447, 278, 85, 84, 236, 299, 1, 0)
False, True, 0.1056, (0, 288, 381, 182, 89, 408, 310, 12, 416, 271, 359, 342, 346, 168, 127, 408, 310, 12, 343, 101, 0)
False, True, 0.0418, (0, 175, 309, 283, 214, 210, 137, 239, 380, 92, 210, 214, 283, 309, 80, 0)
False, True, 0.0512, (0, 98, 69, 42, 114, 314, 330, 33, 3, 445, 235, 254, 269, 196, 104, 19, 235, 445, 33, 330, 314, 114, 42, 69, 0)
False, True, 0.1501, (0, 360, 130, 409, 195, 163, 320, 297, 275, 81, 163, 195, 130, 360, 0)
False, True, 0.0075, (0, 251, 426, 306, 428, 67, 354, 62, 178, 366, 302, 91, 258, 67, 428, 306, 426, 251, 0)
False, True, 0.0941, (0, 382, 282, 47, 315, 76, 367, 166, 61, 285, 41, 315, 47, 282, 382, 350, 0)
False, True, 0.0435, (0, 284, 376, 70, 435, 294, 370, 422, 436, 182, 161, 422, 370, 294, 435, 70, 376, 284, 103, 0)
False, True, 0.2113, (0, 10, 340, 248, 45, 272, 100, 437, 90, 250, 396, 272, 403, 72, 0)
True, True, 0.037, (0, 45, 68, 227, 58, 128, 327, 369, 110, 73, 334, 274, 290, 23, 295, 379, 0)
False, True, 0.0772, (0, 101, 343, 12, 310, 408, 127, 168, 346, 342, 416, 271, 310, 408, 89, 98, 0)
True, True, 0.0727, (0, 207, 156, 374, 277, 209, 364, 415, 148, 206, 230, 417, 205, 0)
True, True, 0.0851, (0, 312, 53, 86, 383, 95, 141, 446, 139, 68, 227, 424, 260, 250, 45, 0)
True, True, 0.0111, (0, 352, 367, 166, 156, 374, 277, 209, 364, 400, 392, 112, 8, 0)
True, True, 0.0583, (0, 45, 250, 260, 424, 68, 227, 358, 58, 139, 446, 404, 141, 95, 383, 53, 0)
True, True, 0.0684, (0, 353, 80, 309, 318, 117, 31, 92, 380, 239, 137, 293, 210, 316, 189, 52, 402, 382, 0)
True, True, 0.0072, (0, 425, 423, 108, 399, 99, 219, 365, 159, 29, 15, 105, 386, 344, 430, 0)
True, True, 0.0737, (0, 378, 338, 328, 16, 222, 304, 165, 184, 243, 414, 372, 188, 388, 57, 211, 160, 0)
True, True, 0.005, (0, 21, 40, 378, 338, 328, 16, 222, 191, 165, 184, 243, 414, 372, 188, 388, 57, 257, 30, 82, 0)
True, True, 0.2174, (0, 378, 338, 328, 177, 191, 165, 184, 243, 414, 372, 188, 388, 57, 304, 32, 160, 82, 0)
True, True, 0.1622, (0, 53, 311, 86, 95, 141, 404, 318, 283, 214, 316, 189, 52, 206, 0)
True, True, 0.081, (0, 303, 402, 415, 144, 393, 183, 123, 292, 306, 428, 67, 354, 390, 317, 221, 189, 52, 206, 259, 0)
True, True, 0.0072, (0, 77, 434, 423, 108, 399, 262, 219, 118, 365, 124, 356, 432, 17, 180, 241, 0)
True, True, 0.075, (0, 179, 77, 434, 423, 108, 399, 99, 219, 118, 365, 124, 356, 432, 17, 180, 430, 0)
True, True, 0.0511, (0, 182, 89, 408, 127, 264, 164, 279, 377, 146, 401, 307, 64, 289, 162, 173, 185, 51, 288, 0)
True, True, 0.0176, (0, 284, 376, 370, 422, 436, 161, 65, 119, 442, 142, 421, 192, 0)
True, True, 0.0027, (0, 341, 147, 44, 19, 104, 196, 269, 18, 138, 270, 115, 194, 431, 135, 22, 220, 251, 169, 0)
True, True, 0.0013, (0, 69, 114, 314, 330, 33, 174, 44, 19, 104, 196, 269, 97, 433, 407, 64, 289, 162, 173, 185, 51, 98, 0)
False, True, 0.062, (0, 378, 338, 328, 177, 191, 165, 184, 243, 414, 372, 188, 388, 57, 304, 16, 328, 338, 378, 0)
False, True, 0.0829, (0, 197, 440, 71, 37, 384, 336, 106, 6, 13, 440, 389, 197, 0)
False, True, 0.026, (0, 154, 316, 210, 92, 380, 239, 150, 88, 204, 109, 351, 129, 31, 92, 380, 210, 154, 206, 0)
True, True, 0.1169, (0, 72, 122, 50, 385, 100, 437, 90, 250, 26, 28, 396, 246, 248, 340, 0)
True, True, 0.0092, (0, 246, 68, 227, 58, 128, 327, 281, 38, 11, 334, 274, 290, 48, 143, 126, 0)
False, True, 0.0123, (0, 301, 30, 397, 319, 87, 4, 273, 413, 211, 412, 273, 4, 87, 397, 30, 82, 0)
False, True, 0.0617, (0, 21, 397, 160, 211, 413, 16, 222, 191, 165, 184, 304, 32, 413, 211, 412, 257, 0)
False, True, 0.2568, (0, 352, 46, 181, 172, 167, 147, 75, 445, 3, 33, 330, 75, 147, 167, 172, 181, 46, 352, 0)
False, True, 0.0322, (0, 72, 50, 385, 100, 437, 90, 250, 410, 86, 311, 53, 312, 50, 72, 0)
False, True, 0.0551, (0, 323, 247, 175, 54, 205, 259, 417, 206, 230, 102, 205, 54, 226, 247, 116, 0)
True, True, 0.0445, (0, 246, 355, 68, 227, 58, 128, 327, 38, 11, 334, 274, 290, 443, 295, 379, 202, 0)
True, True, 0.0435, (0, 288, 381, 161, 89, 51, 185, 408, 310, 127, 168, 346, 342, 359, 271, 416, 343, 101, 0)
False, True, 0.0244, (0, 72, 312, 53, 311, 86, 427, 439, 120, 95, 141, 404, 383, 86, 311, 53, 312, 0)
False, True, 0.0772, (0, 179, 176, 125, 238, 256, 83, 267, 111, 350, 323, 77, 266, 125, 176, 0)
True, True, 0.0769, (0, 197, 81, 320, 275, 297, 253, 448, 261, 322, 280, 234, 387, 216, 131, 347, 217, 10, 0)
True, True, 0.048, (0, 154, 313, 132, 242, 321, 225, 394, 43, 94, 298, 66, 229, 36, 129, 31, 318, 80, 0)
True, True, 0.0167, (0, 122, 385, 100, 437, 410, 427, 439, 120, 326, 260, 424, 355, 26, 143, 126, 0)
True, True, 0.0443, (0, 382, 313, 132, 242, 321, 225, 394, 43, 94, 56, 324, 149, 287, 371, 190, 395, 325, 223, 446, 385, 0)
True, True, 0.0955, (0, 154, 313, 132, 242, 321, 225, 394, 43, 94, 66, 298, 324, 149, 287, 371, 190, 395, 325, 139, 0)
True, True, 0.0267, (0, 154, 210, 293, 137, 150, 88, 204, 109, 351, 129, 35, 215, 325, 223, 446, 120, 385, 0)
True, True, 0.0547, (0, 12, 271, 359, 342, 346, 168, 264, 279, 164, 377, 401, 307, 433, 97, 407, 254, 235, 174, 330, 314, 114, 69, 0)
True, True, 0.0011, (0, 313, 132, 242, 321, 225, 394, 43, 94, 56, 324, 149, 287, 371, 190, 395, 325, 128, 358, 48, 216, 0)
True, True, 0.0484, (0, 313, 132, 242, 321, 225, 394, 43, 94, 56, 298, 66, 229, 36, 129, 31, 318, 383, 0)
True, True, 0.1459, (0, 45, 250, 68, 227, 58, 128, 327, 281, 369, 110, 38, 11, 48, 143, 126, 0)
False, True, 0.1198, (0, 353, 312, 53, 311, 86, 383, 404, 141, 95, 120, 439, 427, 410, 437, 100, 385, 353, 0)
True, True, 0.0379, (0, 101, 343, 416, 271, 310, 408, 173, 3, 445, 33, 330, 314, 114, 42, 69, 98, 442, 348, 381, 0)
False, True, 0.0718, (0, 80, 309, 283, 214, 210, 293, 137, 239, 380, 92, 31, 117, 283, 309, 259, 175, 0)
False, True, 0.086, (0, 236, 85, 429, 357, 265, 233, 40, 231, 201, 397, 257, 4, 273, 87, 319, 155, 233, 265, 357, 429, 84, 0)
False, True, 0.0014, (0, 21, 30, 257, 319, 412, 211, 413, 32, 304, 222, 16, 413, 211, 412, 4, 257, 30, 82, 0)
False, True, 0.0118, (0, 111, 47, 207, 76, 41, 367, 166, 61, 374, 193, 156, 285, 61, 166, 41, 76, 47, 0)
False, True, 0.0957, (0, 313, 132, 242, 321, 225, 394, 43, 94, 298, 66, 229, 351, 109, 204, 88, 150, 242, 132, 313, 221, 0)
True, True, 0.0145, (0, 389, 71, 384, 336, 106, 305, 361, 398, 213, 339, 420, 199, 212, 13, 320, 14, 0)
False, True, 0.0176, (0, 111, 47, 76, 367, 166, 61, 285, 156, 374, 285, 61, 166, 367, 47, 0)
True, True, 0.0245, (0, 352, 46, 181, 172, 167, 147, 75, 174, 330, 33, 445, 3, 314, 114, 42, 69, 98, 119, 442, 348, 288, 0)
True, True, 0.0245, (0, 101, 343, 416, 271, 359, 342, 346, 168, 127, 310, 408, 185, 51, 89, 65, 442, 0)
True, True, 0.0822, (0, 303, 402, 144, 393, 183, 123, 189, 221, 317, 390, 354, 67, 428, 306, 426, 134, 251, 169, 0)
False, True, 0.0591, (0, 111, 282, 47, 207, 76, 367, 166, 61, 285, 156, 41, 76, 315, 337, 116, 323, 0)
False, True, 0.0649, (0, 411, 9, 198, 1, 299, 236, 84, 200, 171, 105, 386, 17, 180, 241, 430, 9, 0)
False, True, 0.0793, (0, 27, 411, 9, 198, 1, 299, 236, 84, 200, 171, 105, 386, 17, 180, 241, 430, 411, 0)
True, True, 0.0887, (0, 175, 102, 136, 148, 52, 189, 221, 317, 62, 354, 390, 67, 428, 306, 292, 20, 79, 418, 0)
False, True, 0.0303, (0, 241, 180, 17, 386, 105, 10, 29, 159, 15, 124, 356, 432, 17, 180, 241, 0)
True, True, 0.3229, (0, 350, 111, 282, 47, 367, 166, 61, 285, 41, 76, 315, 337, 25, 247, 441, 323, 0)
True, True, 0.1215, (0, 21, 5, 37, 384, 336, 106, 305, 361, 49, 240, 212, 24, 291, 448, 349, 0)
True, True, 0.0165, (0, 352, 367, 166, 285, 156, 193, 374, 277, 209, 400, 392, 112, 8, 337, 382, 0)
True, True, 0.048, (0, 12, 310, 408, 127, 264, 279, 164, 377, 146, 401, 307, 433, 97, 407, 445, 3, 114, 98, 0)
False, True, 0.0204, (0, 21, 40, 160, 412, 211, 413, 32, 304, 243, 414, 372, 188, 388, 57, 412, 160, 82, 0)
False, True, 0.0436, (0, 349, 448, 261, 291, 212, 240, 49, 398, 213, 339, 420, 199, 24, 322, 280, 349, 0)
True, True, 0.0543, (0, 202, 379, 295, 23, 290, 274, 73, 110, 369, 281, 327, 128, 58, 227, 68, 326, 45, 0)
False, True, 0.0529, (0, 179, 12, 271, 359, 342, 346, 168, 264, 164, 279, 146, 377, 64, 289, 162, 408, 310, 12, 0)
False, True, 0.0384, (0, 69, 42, 114, 314, 330, 33, 174, 44, 19, 104, 196, 269, 97, 433, 407, 254, 235, 174, 330, 314, 114, 42, 69, 0)
True, True, 0.007, (0, 288, 192, 142, 421, 352, 367, 166, 61, 285, 41, 76, 315, 47, 282, 111, 0)
False, True, 0.0667, (0, 77, 434, 423, 108, 399, 99, 365, 118, 262, 441, 116, 245, 323, 77, 0)
True, True, 0.0072, (0, 171, 10, 391, 133, 286, 208, 405, 153, 244, 276, 409, 130, 360, 203, 0)
True, True, 0.0395, (0, 312, 86, 95, 141, 446, 139, 58, 128, 358, 227, 68, 424, 355, 28, 246, 0)
True, True, 0.0364, (0, 262, 300, 59, 417, 230, 206, 148, 415, 136, 102, 205, 54, 226, 247, 0)
True, True, 0.0187, (0, 312, 86, 95, 141, 404, 446, 139, 58, 358, 227, 68, 424, 260, 355, 246, 0)
True, True, 0.0835, (0, 355, 227, 358, 58, 128, 327, 281, 369, 110, 73, 334, 274, 290, 23, 295, 379, 0)
True, True, 0.2093, (0, 202, 347, 131, 232, 216, 387, 234, 379, 280, 322, 261, 448, 349, 253, 297, 275, 81, 74, 0)
False, True, 0.0808, (0, 333, 220, 22, 134, 426, 306, 428, 67, 134, 22, 220, 251, 169, 418, 382, 0)
False, True, 0.0994, (0, 341, 172, 7, 34, 135, 431, 194, 115, 270, 138, 18, 269, 196, 104, 19, 44, 121, 341, 0)
False, True, 0.2431, (0, 175, 136, 148, 52, 189, 221, 317, 62, 354, 67, 428, 306, 292, 183, 123, 52, 148, 136, 102, 0)
True, True, 0.0543, (0, 45, 326, 68, 227, 58, 128, 327, 281, 369, 110, 73, 334, 48, 126, 0)
False, True, 0.196, (0, 116, 441, 247, 25, 337, 315, 76, 367, 166, 61, 285, 41, 315, 337, 116, 323, 0)
True, True, 0.0624, (0, 381, 119, 65, 89, 51, 185, 408, 310, 127, 168, 346, 342, 359, 271, 416, 343, 101, 0)
False, True, 0.1072, (0, 30, 319, 412, 211, 413, 32, 304, 222, 16, 413, 211, 412, 87, 257, 30, 0)
False, True, 0.0765, (0, 80, 318, 117, 31, 92, 380, 239, 150, 88, 204, 109, 351, 380, 92, 117, 318, 80, 353, 0)
True, True, 0.0411, (0, 202, 387, 234, 379, 280, 322, 291, 24, 199, 420, 339, 213, 398, 49, 240, 212, 13, 320, 0)
False, True, 0.1005, (0, 80, 318, 117, 31, 92, 380, 239, 150, 88, 204, 109, 351, 129, 31, 117, 318, 383, 0)
True, True, 0.0127, (0, 246, 355, 260, 424, 68, 227, 58, 139, 446, 141, 95, 86, 53, 312, 0)
True, True, 0.0075, (0, 393, 292, 317, 178, 366, 302, 91, 157, 329, 438, 270, 115, 194, 431, 0)
True, True, 0.0279, (0, 272, 90, 410, 427, 439, 120, 326, 260, 424, 355, 26, 28, 143, 126, 202, 0)
True, True, 0.0077, (0, 144, 292, 317, 178, 366, 302, 91, 258, 157, 329, 438, 218, 138, 18, 254, 235, 174, 314, 0)
False, True, 0.0854, (0, 262, 300, 145, 226, 54, 205, 230, 259, 417, 59, 145, 300, 262, 0)
True, True, 0.0049, (0, 216, 295, 23, 290, 274, 334, 38, 281, 327, 128, 58, 358, 227, 68, 424, 355, 246, 0)
True, True, 0.0166, (0, 101, 343, 416, 271, 359, 342, 346, 168, 127, 310, 408, 173, 3, 33, 330, 314, 42, 98, 288, 0)
True, True, 0.0308, (0, 156, 374, 277, 209, 78, 144, 415, 148, 206, 230, 102, 205, 175, 247, 0)
True, True, 0.0335, (0, 353, 312, 311, 383, 95, 141, 446, 139, 58, 358, 227, 68, 260, 355, 28, 246, 0)
False, True, 0.0093, (0, 266, 323, 245, 116, 441, 262, 118, 365, 219, 99, 399, 108, 423, 425, 266, 0)
False, True, 0.0231, (0, 105, 391, 444, 375, 208, 405, 153, 340, 286, 133, 375, 444, 391, 432, 0)
True, True, 0.0184, (0, 203, 360, 130, 409, 276, 244, 153, 405, 208, 286, 133, 375, 391, 180, 0)
True, True, 0.0908, (0, 262, 300, 145, 226, 54, 205, 102, 230, 259, 417, 59, 353, 72, 444, 219, 0)
True, True, 0.0067, (0, 197, 113, 389, 440, 13, 212, 24, 291, 322, 280, 234, 387, 216, 217, 0)
False, True, 0.0615, (0, 80, 309, 283, 214, 210, 293, 137, 239, 380, 92, 210, 316, 154, 52, 206, 0)
True, True, 0.0043, (0, 69, 42, 314, 330, 33, 174, 44, 19, 104, 196, 269, 18, 307, 401, 264, 168, 346, 342, 359, 271, 12, 0)
False, True, 0.0024, (0, 82, 30, 397, 160, 412, 211, 413, 32, 304, 222, 16, 413, 211, 412, 87, 257, 30, 82, 0)
True, True, 0.0229, (0, 126, 143, 355, 68, 227, 58, 128, 327, 281, 38, 11, 334, 274, 290, 23, 295, 216, 0)
False, True, 0.0257, (0, 102, 136, 148, 52, 189, 221, 317, 390, 354, 67, 428, 306, 292, 183, 123, 52, 148, 136, 402, 303, 0)
True, True, 0.0319, (0, 69, 314, 3, 445, 235, 19, 104, 196, 269, 18, 138, 270, 115, 194, 431, 135, 34, 7, 341, 0)
True, True, 0.0835, (0, 202, 216, 295, 23, 290, 274, 334, 73, 110, 369, 281, 327, 128, 58, 68, 326, 0)
False, True, 0.062, (0, 378, 338, 328, 222, 191, 165, 184, 243, 414, 372, 188, 388, 57, 304, 222, 16, 338, 0)
False, True, 0.0138, (0, 82, 397, 160, 412, 57, 388, 188, 372, 414, 243, 304, 32, 413, 211, 160, 397, 0)
False, True, 0.012, (0, 389, 440, 13, 212, 240, 361, 305, 106, 336, 384, 37, 71, 389, 0)
False, True, 0.1054, (0, 303, 402, 144, 393, 183, 123, 189, 221, 317, 390, 354, 67, 428, 306, 292, 20, 393, 144, 402, 0)
False, True, 0.0129, (0, 446, 223, 325, 395, 190, 371, 287, 149, 324, 56, 298, 66, 229, 36, 35, 325, 223, 446, 353, 0)
True, True, 0.001, (0, 82, 30, 40, 231, 201, 397, 257, 4, 273, 87, 319, 155, 249, 224, 419, 429, 85, 84, 0)
False, True, 0.0897, (0, 111, 47, 76, 367, 61, 285, 156, 374, 285, 61, 166, 41, 76, 47, 111, 0)
False, True, 0.0254, (0, 21, 231, 160, 413, 32, 304, 165, 184, 243, 414, 372, 188, 388, 57, 412, 160, 0)
True, True, 0.0103, (0, 12, 271, 359, 342, 346, 168, 264, 164, 377, 146, 401, 307, 433, 97, 407, 254, 235, 174, 33, 314, 69, 0)
True, True, 0.0113, (0, 418, 78, 79, 373, 251, 220, 22, 135, 34, 7, 44, 174, 330, 33, 314, 42, 98, 288, 0)
True, True, 0.037, (0, 385, 446, 223, 215, 35, 129, 351, 109, 204, 88, 150, 239, 380, 92, 318, 0)
True, True, 0.0098, (0, 367, 166, 156, 193, 374, 158, 277, 209, 418, 400, 392, 303, 112, 8, 25, 382, 0)
True, True, 0.0159, (0, 171, 406, 217, 208, 133, 286, 405, 153, 244, 276, 409, 130, 360, 203, 14, 0)
True, True, 0.0016, (0, 207, 193, 426, 306, 428, 390, 62, 178, 366, 302, 91, 258, 157, 329, 438, 218, 138, 18, 254, 235, 174, 314, 0)
True, True, 0.0485, (0, 236, 85, 429, 419, 224, 249, 155, 319, 87, 273, 4, 257, 397, 201, 231, 40, 30, 82, 21, 0)
False, True, 0.0105, (0, 111, 47, 76, 41, 166, 61, 285, 156, 193, 374, 158, 61, 166, 367, 47, 0)
True, True, 0.0678, (0, 236, 84, 85, 429, 419, 224, 249, 155, 319, 273, 4, 87, 397, 30, 301, 82, 60, 0)
False, True, 0.049, (0, 262, 226, 54, 205, 417, 206, 230, 205, 54, 226, 300, 0)
True, True, 0.0103, (0, 89, 51, 173, 162, 289, 64, 377, 146, 279, 264, 168, 346, 342, 359, 271, 12, 0)
False, True, 0.0459, (0, 72, 50, 312, 53, 311, 86, 410, 90, 437, 100, 272, 45, 403, 72, 0)
True, True, 0.0346, (0, 288, 46, 181, 172, 167, 147, 75, 174, 330, 33, 3, 173, 408, 310, 271, 416, 343, 101, 0)
True, True, 0.0105, (0, 262, 59, 122, 50, 403, 248, 232, 131, 347, 244, 276, 409, 140, 107, 0)
False, True, 0.0129, (0, 446, 223, 325, 395, 190, 371, 287, 149, 324, 56, 298, 66, 229, 36, 129, 215, 325, 139, 0)
True, True, 0.0148, (0, 253, 448, 291, 24, 199, 420, 339, 213, 398, 49, 240, 212, 13, 440, 197, 0)
True, True, 0.0111, (0, 82, 301, 30, 40, 231, 155, 39, 237, 113, 197, 163, 195, 130, 360, 203, 0)
False, True, 0.0175, (0, 202, 387, 234, 379, 295, 23, 290, 274, 334, 11, 38, 281, 369, 110, 73, 443, 295, 216, 0)
True, True, 0.0829, (0, 312, 311, 383, 95, 141, 404, 446, 139, 58, 227, 68, 424, 260, 355, 246, 0)
True, True, 0.0458, (0, 353, 312, 311, 383, 95, 141, 446, 139, 58, 358, 227, 68, 424, 260, 0)
False, True, 0.0219, (0, 69, 42, 314, 330, 33, 174, 44, 19, 104, 196, 269, 97, 433, 407, 254, 235, 174, 33, 314, 42, 69, 288, 0)
False, True, 0.1219, (0, 154, 189, 316, 210, 293, 137, 239, 380, 92, 210, 214, 283, 309, 0)
False, True, 0.1241, (0, 322, 280, 443, 290, 274, 334, 11, 38, 73, 443, 295, 234, 387, 0)
False, True, 0.1024, (0, 320, 440, 13, 212, 199, 49, 361, 305, 106, 336, 384, 37, 71, 440, 0)
True, True, 0.0576, (0, 21, 82, 30, 397, 257, 4, 273, 87, 319, 155, 201, 231, 40, 233, 224, 419, 429, 85, 84, 236, 0)
True, True, 0.0115, (0, 418, 78, 79, 373, 251, 220, 22, 135, 34, 7, 44, 174, 330, 33, 314, 114, 42, 69, 288, 0)
True, True, 0.0045, (0, 202, 347, 131, 216, 387, 234, 379, 280, 322, 261, 448, 253, 297, 275, 320, 81, 163, 14, 0)
True, True, 0.0236, (0, 353, 122, 312, 53, 311, 86, 383, 404, 141, 95, 120, 439, 427, 410, 100, 385, 72, 0)
True, True, 0.0045, (0, 10, 202, 347, 131, 216, 387, 234, 379, 280, 322, 261, 448, 253, 297, 275, 320, 81, 195, 0)
True, True, 0.0396, (0, 72, 50, 312, 53, 311, 86, 410, 250, 90, 100, 272, 45, 248, 0)
True, True, 0.0308, (0, 259, 417, 80, 309, 283, 214, 318, 404, 141, 95, 383, 86, 311, 53, 312, 0)
True, True, 0.0556, (0, 21, 5, 37, 384, 336, 106, 305, 361, 398, 213, 339, 420, 199, 240, 212, 13, 320, 0)
False, True, 0.0756, (0, 382, 41, 156, 193, 374, 277, 209, 78, 364, 400, 392, 303, 112, 8, 25, 382, 0)
True, True, 0.025, (0, 299, 236, 84, 200, 203, 255, 406, 29, 159, 15, 356, 432, 386, 430, 0)
True, True, 0.0161, (0, 82, 257, 57, 388, 188, 372, 414, 243, 184, 165, 191, 177, 5, 237, 21, 0)
True, True, 0.0049, (0, 246, 355, 260, 68, 227, 358, 11, 334, 274, 290, 443, 23, 295, 379, 234, 387, 202, 0)
False, True, 0.0217, (0, 21, 30, 257, 4, 412, 211, 413, 16, 222, 191, 177, 5, 113, 237, 39, 249, 21, 0)
False, True, 0.0028, (0, 154, 316, 293, 88, 150, 321, 225, 394, 43, 204, 109, 351, 380, 92, 210, 154, 0)
True, True, 0.0066, (0, 246, 126, 143, 48, 358, 58, 128, 327, 281, 369, 110, 73, 334, 274, 290, 23, 295, 216, 0)
False, True, 0.0089, (0, 259, 309, 283, 214, 210, 293, 137, 239, 380, 92, 31, 117, 283, 309, 80, 259, 0)
True, True, 0.0064, (0, 101, 343, 416, 271, 359, 342, 346, 168, 127, 310, 408, 173, 185, 51, 89, 268, 288, 0)
False, True, 0.0001, (0, 139, 325, 395, 190, 371, 287, 149, 324, 94, 66, 298, 56, 324, 149, 287, 371, 190, 395, 325, 223, 404, 0)
False, True, 0.0214, (0, 82, 397, 160, 211, 413, 32, 304, 184, 165, 191, 222, 16, 413, 211, 412, 257, 82, 0)
all_elementary, False
all_cyc2, True
