Instance, X-n480-k70
capacity, 52
min_trucks, 70
output_file, output_uchoa/X-n480-k70-ng8.log
Start date, 2022-07-06
Start time, 10-58-44
capacity, 52
num_vehicles, 70
abort_early, False
methods, ['ng8']
max_vars, 100
time_limit, 86400
farley, False
ESPPRC_heur, True
initial time, initial max_it, max_stale_it
1, 20000.0, 20
heuristic Number of routes, heuristic Best Solution Value, heuristic number of iterations, adjusted time, adjusted max_it, measured total time
445952, 89743.0, 20000, 1, 20000.0, 33108.7
method, python time, total time, propagated dominance time, unpropagated dominance time, pricing_success, upper_bound, lower_bound, abort_early, num_paths, 
ESPPRC_heur, -0.0, 2.0, 1.0, 0.3, 0, 88728.3949, 88238.22, True, 19
ng8, 0.1, 179.6, 139.7, 33.7, 1, 88727.5029, 85797.2674, 0, 183
ESPPRC_heur, 0.0, 1.9, 1.0, 0.3, 0, 88668.0709, 88281.1381, True, 9
ng8, 0.0, 190.9, 150.8, 33.9, 1, 88668.0709, 87114.7755, 0, 83
ESPPRC_heur, -0.0, 2.0, 1.0, 0.3, 0, 88657.3789, 86367.7795, True, 20
ng8, 0.1, 190.1, 148.1, 35.4, 1, 88657.3759, 87506.7813, 0, 29
ESPPRC_heur, -0.0, 1.7, 0.9, 0.3, 0, 88656.4548, 88570.0607, True, 2
ng8, 0.0, 188.4, 149.9, 32.9, 1, 88656.4548, 88421.3434, 0, 6
ng8, 0.0, 186.7, 147.8, 33.0, 1, 88656.4226, 88648.6365, 0, 2
ng8, 0.0, 179.8, 142.3, 32.0, 1, 88656.4226, 88656.4226, 0, 0
scip_total_time, 34518.048206
Solval, number of paths, impact cutoff
88656.42262328745, 388, 0.0001
Elementary, 2-Cycle, Path Value, Path
True, True, 1.0, (0, 355, 138, 407, 368, 260, 175, 333, 266, 0)
True, True, 0.7943, (0, 250, 280, 372, 422, 125, 360, 0)
True, True, 0.0077, (0, 241, 426, 179, 352, 282, 416, 300, 0)
True, True, 1.0, (0, 304, 44, 230, 107, 223, 36, 254, 0)
True, True, 1.0, (0, 439, 371, 37, 136, 31, 184, 0)
True, True, 0.122, (0, 52, 153, 411, 251, 460, 401, 18, 396, 0)
True, True, 0.5523, (0, 299, 188, 17, 229, 392, 462, 61, 0)
True, True, 0.7009, (0, 180, 120, 198, 285, 425, 51, 19, 0)
True, True, 0.3546, (0, 347, 41, 49, 302, 56, 130, 331, 0)
True, True, 0.4734, (0, 385, 137, 202, 351, 395, 429, 1, 0)
True, True, 0.1913, (0, 412, 332, 139, 193, 357, 240, 0)
True, True, 0.5229, (0, 459, 350, 71, 83, 379, 68, 0)
True, True, 0.0945, (0, 1, 429, 395, 413, 119, 256, 351, 0)
True, True, 0.6974, (0, 94, 53, 393, 219, 210, 255, 324, 0)
True, True, 0.6519, (0, 77, 43, 338, 189, 207, 75, 0)
True, True, 0.3192, (0, 308, 258, 337, 171, 87, 458, 0)
True, True, 0.4831, (0, 340, 127, 328, 406, 330, 102, 39, 0)
True, True, 0.1463, (0, 375, 50, 343, 341, 345, 8, 186, 0)
True, True, 0.1055, (0, 20, 166, 453, 48, 10, 338, 0)
True, True, 0.3014, (0, 328, 295, 211, 191, 2, 101, 173, 0)
True, True, 0.3073, (0, 185, 400, 283, 387, 301, 275, 140, 0)
True, True, 0.3308, (0, 418, 416, 282, 352, 179, 426, 242, 0)
True, True, 0.0845, (0, 208, 128, 367, 339, 147, 233, 316, 0)
True, True, 0.5232, (0, 123, 412, 332, 389, 240, 74, 265, 0)
True, True, 0.3797, (0, 88, 20, 166, 453, 48, 10, 0)
True, True, 0.2259, (0, 396, 220, 29, 391, 434, 443, 305, 0)
True, True, 0.389, (0, 78, 139, 193, 235, 7, 259, 357, 0)
True, True, 0.1305, (0, 474, 212, 58, 435, 237, 23, 0)
True, True, 0.3267, (0, 347, 41, 49, 302, 367, 128, 233, 0)
True, True, 0.7694, (0, 249, 134, 14, 54, 106, 354, 6, 0)
True, True, 0.4032, (0, 334, 165, 114, 32, 314, 270, 0)
True, True, 0.1632, (0, 262, 293, 405, 227, 4, 22, 361, 0)
True, True, 0.2849, (0, 75, 207, 189, 88, 374, 415, 0)
True, True, 0.0464, (0, 66, 11, 86, 423, 274, 116, 60, 0)
True, True, 0.0231, (0, 276, 156, 183, 261, 419, 78, 96, 0)
True, True, 0.5402, (0, 243, 286, 9, 147, 339, 233, 316, 0)
True, True, 0.3033, (0, 15, 81, 25, 163, 151, 432, 194, 0)
True, True, 0.029, (0, 271, 214, 126, 42, 264, 148, 0)
True, True, 0.1441, (0, 109, 140, 301, 387, 283, 320, 185, 0)
True, True, 0.0882, (0, 463, 288, 89, 64, 195, 248, 46, 0)
True, True, 0.0372, (0, 26, 148, 264, 42, 232, 146, 149, 0)
True, True, 0.2436, (0, 329, 46, 305, 391, 434, 443, 415, 0)
True, True, 0.3414, (0, 349, 133, 201, 365, 336, 297, 12, 118, 0)
True, True, 0.1565, (0, 430, 291, 135, 172, 104, 197, 34, 0)
True, True, 0.6454, (0, 475, 331, 56, 130, 386, 380, 449, 0)
True, True, 0.0443, (0, 21, 145, 308, 440, 421, 362, 0)
True, True, 0.1875, (0, 95, 287, 456, 55, 337, 171, 87, 0)
True, True, 0.3187, (0, 398, 186, 8, 345, 341, 343, 347, 0)
True, True, 0.2406, (0, 374, 20, 166, 453, 48, 88, 0)
True, True, 0.5863, (0, 469, 253, 100, 310, 131, 448, 33, 0)
True, True, 0.6521, (0, 153, 411, 251, 228, 460, 401, 18, 396, 0)
True, True, 0.1325, (0, 417, 52, 459, 350, 71, 68, 0)
True, True, 0.4624, (0, 89, 436, 47, 64, 248, 288, 313, 0)
True, True, 0.113, (0, 218, 13, 409, 72, 303, 217, 215, 0)
True, True, 0.0059, (0, 232, 264, 42, 126, 214, 271, 0)
True, True, 0.1244, (0, 21, 145, 124, 308, 440, 95, 57, 0)
True, True, 0.2324, (0, 395, 119, 144, 225, 427, 344, 413, 0)
True, True, 0.1166, (0, 4, 227, 242, 199, 397, 236, 271, 0)
True, True, 0.3074, (0, 197, 172, 135, 402, 291, 267, 0)
True, True, 0.2329, (0, 340, 127, 39, 34, 197, 104, 172, 0)
True, True, 0.0566, (0, 442, 243, 286, 9, 147, 339, 316, 0)
True, True, 0.1788, (0, 162, 187, 105, 447, 132, 224, 74, 0)
True, True, 0.0534, (0, 15, 81, 25, 451, 163, 432, 194, 0)
True, True, 0.0821, (0, 251, 228, 263, 69, 170, 382, 379, 0)
True, True, 0.0649, (0, 281, 473, 222, 445, 438, 93, 272, 0)
True, True, 0.3308, (0, 356, 63, 416, 282, 352, 179, 241, 0)
True, True, 0.6611, (0, 220, 29, 315, 246, 363, 306, 263, 0)
True, True, 0.2909, (0, 408, 417, 359, 55, 456, 287, 458, 0)
True, True, 0.0674, (0, 296, 92, 118, 403, 398, 470, 369, 0)
True, True, 0.1441, (0, 478, 27, 420, 400, 196, 185, 98, 0)
True, True, 0.0742, (0, 133, 297, 358, 311, 208, 169, 12, 0)
True, True, 0.015, (0, 28, 272, 353, 206, 322, 76, 317, 0)
True, True, 0.3329, (0, 361, 204, 177, 257, 181, 59, 373, 0)
True, True, 0.3047, (0, 478, 140, 275, 301, 387, 283, 185, 0)
True, True, 0.1592, (0, 146, 126, 214, 426, 179, 241, 455, 0)
True, True, 0.2701, (0, 475, 380, 169, 208, 311, 358, 297, 0)
True, True, 0.1371, (0, 374, 20, 166, 48, 10, 43, 0)
True, True, 0.3898, (0, 57, 362, 308, 124, 145, 433, 21, 0)
True, True, 0.1559, (0, 245, 281, 473, 222, 383, 284, 370, 0)
True, True, 0.5206, (0, 115, 152, 110, 394, 226, 450, 327, 0)
True, True, 0.0358, (0, 296, 398, 403, 92, 349, 424, 0)
True, True, 0.0136, (0, 327, 450, 226, 394, 110, 152, 340, 0)
True, True, 0.0973, (0, 155, 168, 158, 178, 325, 284, 370, 30, 0)
True, True, 1.0, (0, 150, 84, 141, 117, 200, 464, 99, 273, 0)
True, True, 0.0887, (0, 277, 215, 38, 174, 190, 326, 267, 0)
True, True, 0.1369, (0, 34, 197, 104, 135, 291, 402, 430, 0)
True, True, 0.7902, (0, 431, 203, 192, 410, 428, 161, 0)
True, True, 0.2376, (0, 224, 231, 390, 259, 7, 235, 139, 78, 0)
True, True, 0.3865, (0, 296, 424, 92, 403, 398, 129, 0)
True, True, 0.0825, (0, 52, 459, 350, 71, 68, 385, 0)
True, True, 0.083, (0, 195, 312, 361, 22, 405, 293, 45, 0)
True, True, 0.3898, (0, 458, 87, 171, 337, 258, 440, 0)
True, True, 0.0222, (0, 52, 83, 379, 382, 228, 251, 153, 0)
True, True, 0.2093, (0, 218, 72, 303, 217, 298, 292, 399, 38, 0)
True, True, 0.3881, (0, 278, 188, 17, 229, 392, 462, 321, 0)
True, True, 0.024, (0, 378, 461, 122, 111, 408, 5, 103, 0)
True, True, 0.1638, (0, 52, 153, 411, 460, 401, 18, 258, 0)
True, True, 0.1989, (0, 469, 253, 310, 378, 131, 448, 366, 0)
True, True, 0.3583, (0, 467, 109, 321, 61, 182, 330, 102, 0)
True, True, 0.53, (0, 356, 437, 300, 239, 148, 26, 149, 0)
True, True, 0.0031, (0, 473, 383, 325, 178, 213, 284, 370, 0)
True, True, 0.2774, (0, 132, 16, 318, 447, 105, 307, 0)
True, True, 0.0486, (0, 339, 147, 9, 320, 196, 400, 98, 0)
True, True, 0.0597, (0, 278, 188, 17, 229, 392, 387, 283, 0)
True, True, 0.2269, (0, 221, 80, 369, 414, 470, 129, 296, 238, 0)
True, True, 0.0708, (0, 237, 1, 429, 395, 351, 202, 385, 0)
True, True, 0.4874, (0, 471, 237, 435, 58, 212, 73, 0)
True, True, 0.3705, (0, 154, 438, 445, 93, 381, 388, 272, 0)
True, True, 0.4378, (0, 97, 479, 419, 261, 183, 276, 268, 0)
True, True, 0.4578, (0, 12, 169, 208, 311, 358, 336, 365, 0)
True, True, 0.1061, (0, 330, 467, 211, 191, 2, 101, 173, 0)
True, True, 0.0283, (0, 340, 127, 328, 295, 173, 101, 478, 152, 0)
True, True, 0.1913, (0, 389, 357, 390, 231, 157, 16, 318, 187, 0)
True, True, 0.2057, (0, 422, 370, 284, 383, 222, 473, 281, 0)
True, True, 0.5862, (0, 91, 382, 170, 69, 346, 144, 256, 0)
True, True, 0.0419, (0, 149, 146, 232, 264, 239, 300, 356, 0)
True, True, 0.0124, (0, 470, 377, 269, 323, 113, 160, 369, 0)
True, True, 0.0159, (0, 57, 469, 253, 100, 33, 366, 468, 0)
True, True, 0.137, (0, 256, 119, 225, 427, 344, 277, 0)
True, True, 0.206, (0, 161, 194, 432, 81, 15, 428, 0)
True, True, 0.0644, (0, 127, 34, 197, 104, 172, 135, 267, 0)
True, True, 0.0251, (0, 267, 135, 291, 402, 58, 73, 0)
True, True, 0.0662, (0, 327, 450, 285, 198, 120, 425, 19, 0)
True, True, 0.0649, (0, 383, 325, 178, 213, 158, 168, 476, 0)
True, True, 0.0558, (0, 195, 312, 361, 22, 4, 405, 293, 0)
True, True, 0.07, (0, 177, 241, 179, 426, 214, 42, 146, 0)
True, True, 0.0801, (0, 82, 108, 216, 65, 62, 244, 0)
True, True, 0.0756, (0, 432, 151, 354, 6, 143, 142, 35, 0)
True, True, 0.1667, (0, 327, 450, 285, 226, 394, 110, 115, 0)
True, True, 0.1873, (0, 328, 406, 295, 173, 478, 319, 152, 0)
True, True, 0.0159, (0, 448, 23, 471, 121, 474, 73, 454, 0)
True, True, 0.2108, (0, 121, 237, 1, 429, 351, 137, 167, 0)
True, True, 0.2001, (0, 70, 66, 11, 167, 385, 86, 461, 0)
True, True, 0.2098, (0, 203, 290, 205, 85, 364, 472, 0)
True, True, 0.1222, (0, 421, 95, 440, 308, 124, 145, 433, 0)
True, True, 0.1548, (0, 256, 346, 225, 427, 344, 277, 0)
True, True, 0.0412, (0, 76, 154, 3, 438, 445, 93, 381, 0)
True, True, 0.5944, (0, 421, 103, 5, 408, 111, 122, 444, 0)
True, True, 0.2701, (0, 180, 316, 9, 147, 339, 367, 128, 0)
True, True, 0.023, (0, 268, 276, 156, 97, 479, 261, 78, 0)
True, True, 0.1639, (0, 146, 232, 264, 42, 126, 199, 22, 0)
True, True, 0.0801, (0, 249, 14, 62, 79, 85, 364, 472, 0)
True, True, 0.2701, (0, 41, 49, 302, 367, 128, 386, 449, 0)
True, True, 0.0674, (0, 284, 325, 178, 213, 168, 476, 155, 0)
True, True, 0.1527, (0, 466, 22, 4, 227, 271, 397, 236, 0)
True, True, 0.1231, (0, 66, 1, 429, 351, 137, 202, 167, 11, 0)
True, True, 0.1962, (0, 38, 215, 399, 292, 298, 174, 326, 299, 0)
True, True, 0.2329, (0, 19, 51, 425, 120, 198, 450, 327, 0)
True, True, 0.3639, (0, 252, 27, 420, 400, 196, 320, 234, 0)
True, True, 0.0037, (0, 428, 348, 24, 81, 151, 432, 194, 0)
True, True, 0.0761, (0, 60, 86, 423, 274, 461, 122, 444, 0)
True, True, 0.0388, (0, 218, 72, 303, 217, 298, 292, 399, 215, 0)
True, True, 0.0405, (0, 307, 132, 447, 16, 157, 390, 231, 0)
True, True, 0.0274, (0, 348, 244, 24, 25, 163, 151, 432, 194, 0)
True, True, 0.2979, (0, 369, 414, 377, 269, 160, 323, 452, 0)
True, True, 0.0041, (0, 310, 444, 111, 408, 5, 103, 421, 0)
True, True, 0.0756, (0, 164, 40, 176, 329, 210, 219, 53, 0)
True, True, 0.0973, (0, 168, 356, 239, 300, 437, 213, 284, 0)
True, True, 0.2256, (0, 79, 294, 465, 446, 28, 65, 364, 0)
True, True, 0.1085, (0, 159, 148, 264, 232, 146, 293, 0)
True, True, 0.0463, (0, 218, 303, 72, 13, 162, 404, 96, 306, 0)
True, True, 0.0554, (0, 201, 365, 336, 297, 358, 311, 12, 0)
True, True, 0.0275, (0, 167, 137, 91, 379, 83, 52, 459, 0)
True, True, 0.0738, (0, 162, 187, 105, 447, 132, 265, 0)
True, True, 0.3911, (0, 376, 353, 384, 388, 381, 3, 154, 76, 0)
True, True, 0.2013, (0, 454, 121, 474, 212, 435, 58, 430, 0)
True, True, 0.0504, (0, 24, 25, 451, 249, 354, 6, 143, 0)
True, True, 0.2465, (0, 261, 419, 479, 97, 156, 276, 268, 0)
True, True, 0.25, (0, 66, 11, 86, 423, 274, 116, 457, 0)
True, True, 0.0031, (0, 272, 206, 388, 3, 154, 281, 90, 0)
True, True, 0.0581, (0, 359, 52, 83, 379, 91, 137, 167, 0)
True, True, 0.0486, (0, 316, 233, 128, 367, 302, 49, 41, 0)
True, True, 0.0293, (0, 284, 213, 178, 325, 383, 473, 281, 0)
True, True, 0.2232, (0, 300, 239, 418, 63, 42, 232, 0)
True, True, 0.5781, (0, 457, 60, 116, 423, 274, 461, 378, 0)
True, True, 0.4032, (0, 319, 252, 234, 98, 286, 243, 442, 0)
True, True, 0.0986, (0, 402, 291, 267, 172, 197, 34, 0)
True, True, 0.4498, (0, 30, 370, 325, 178, 213, 158, 168, 155, 0)
True, True, 0.3997, (0, 92, 118, 403, 201, 133, 349, 424, 0)
True, True, 0.535, (0, 186, 8, 345, 341, 343, 67, 279, 0)
True, True, 0.1946, (0, 146, 232, 42, 126, 214, 199, 242, 0)
True, True, 0.2012, (0, 405, 293, 199, 242, 271, 227, 4, 0)
True, True, 0.0486, (0, 340, 101, 2, 211, 191, 420, 27, 0)
True, True, 0.001, (0, 215, 217, 303, 409, 72, 218, 344, 0)
True, True, 0.1009, (0, 143, 6, 354, 451, 25, 24, 244, 0)
True, True, 0.0251, (0, 471, 237, 58, 212, 121, 454, 0)
True, True, 0.2307, (0, 103, 287, 456, 55, 417, 359, 122, 444, 0)
True, True, 0.2258, (0, 470, 160, 50, 113, 323, 269, 452, 0)
True, True, 0.0275, (0, 68, 91, 256, 119, 413, 429, 1, 0)
True, True, 0.0845, (0, 277, 38, 174, 190, 326, 299, 182, 0)
True, True, 0.0912, (0, 168, 158, 213, 178, 325, 284, 90, 0)
True, True, 0.0262, (0, 272, 353, 206, 322, 76, 317, 247, 0)
True, True, 0.094, (0, 312, 204, 177, 257, 181, 59, 373, 0)
True, True, 0.0024, (0, 70, 11, 167, 86, 423, 274, 457, 0)
True, True, 0.1016, (0, 455, 59, 204, 236, 397, 271, 22, 0)
True, True, 0.0217, (0, 466, 293, 405, 227, 22, 361, 312, 0)
True, True, 0.0469, (0, 444, 461, 274, 423, 86, 60, 457, 0)
True, True, 0.0998, (0, 26, 148, 239, 300, 437, 158, 168, 0)
True, True, 0.18, (0, 379, 170, 69, 96, 306, 263, 228, 0)
True, True, 0.2614, (0, 245, 322, 206, 384, 353, 272, 376, 0)
True, True, 0.2361, (0, 455, 204, 236, 397, 271, 227, 405, 0)
True, True, 0.0324, (0, 476, 168, 158, 213, 178, 325, 222, 0)
True, True, 0.1035, (0, 77, 10, 258, 337, 171, 87, 0)
True, True, 0.1085, (0, 312, 361, 4, 227, 405, 293, 342, 0)
True, True, 0.0294, (0, 146, 232, 42, 126, 214, 199, 405, 0)
True, True, 0.0367, (0, 195, 312, 361, 22, 405, 293, 262, 0)
True, True, 0.0186, (0, 413, 427, 225, 218, 217, 298, 292, 38, 0)
True, True, 0.4845, (0, 364, 216, 28, 446, 465, 294, 79, 0)
True, True, 0.3389, (0, 363, 162, 404, 13, 409, 72, 218, 0)
True, True, 0.0662, (0, 115, 110, 319, 394, 226, 285, 51, 0)
True, True, 0.1456, (0, 317, 76, 322, 206, 384, 353, 272, 0)
True, True, 0.3794, (0, 348, 472, 244, 24, 25, 451, 163, 151, 0)
True, True, 0.1337, (0, 312, 361, 204, 257, 181, 59, 373, 0)
True, True, 0.0968, (0, 319, 252, 234, 98, 442, 226, 394, 0)
True, True, 0.029, (0, 133, 336, 297, 358, 311, 169, 0)
True, True, 0.0133, (0, 277, 215, 399, 217, 218, 344, 413, 0)
True, True, 0.139, (0, 139, 193, 357, 390, 231, 157, 16, 0)
True, True, 0.1606, (0, 247, 245, 322, 206, 384, 353, 376, 0)
True, True, 0.3296, (0, 173, 101, 2, 191, 211, 295, 406, 0)
True, True, 0.2346, (0, 52, 83, 68, 71, 350, 459, 0)
True, True, 0.0296, (0, 77, 43, 338, 374, 88, 207, 0)
True, True, 0.081, (0, 369, 470, 398, 403, 118, 349, 424, 0)
True, True, 0.029, (0, 133, 297, 358, 311, 208, 169, 449, 0)
True, True, 0.2258, (0, 279, 67, 375, 160, 113, 323, 452, 0)
True, True, 0.0159, (0, 454, 73, 474, 121, 471, 70, 131, 0)
True, True, 0.0263, (0, 411, 251, 228, 263, 96, 306, 401, 18, 0)
True, True, 0.2361, (0, 236, 397, 177, 257, 181, 59, 455, 0)
True, True, 0.0815, (0, 194, 432, 151, 163, 451, 25, 24, 244, 0)
True, True, 0.1361, (0, 478, 27, 420, 400, 196, 320, 234, 0)
True, True, 0.1375, (0, 26, 264, 42, 126, 214, 199, 4, 0)
True, True, 0.1647, (0, 155, 476, 158, 213, 178, 325, 284, 0)
True, True, 0.129, (0, 402, 277, 344, 119, 413, 395, 0)
True, True, 0.7731, (0, 238, 35, 142, 289, 40, 164, 143, 0)
True, True, 0.5793, (0, 195, 466, 45, 262, 159, 342, 476, 0)
True, True, 0.3073, (0, 27, 420, 196, 320, 98, 442, 0)
True, True, 0.1371, (0, 374, 20, 166, 453, 10, 338, 0)
True, True, 0.1175, (0, 360, 125, 372, 280, 250, 313, 463, 0)
True, True, 0.2098, (0, 108, 82, 205, 290, 192, 431, 0)
True, True, 0.0231, (0, 268, 156, 183, 261, 419, 78, 123, 0)
True, True, 0.1559, (0, 76, 3, 438, 445, 93, 381, 376, 0)
True, True, 0.0882, (0, 250, 89, 436, 47, 64, 248, 463, 0)
True, True, 0.1361, (0, 115, 110, 319, 252, 442, 226, 394, 0)
True, True, 0.0502, (0, 66, 237, 435, 212, 474, 121, 454, 0)
True, True, 0.0722, (0, 187, 318, 447, 132, 224, 74, 265, 0)
True, True, 0.0309, (0, 247, 317, 245, 76, 272, 376, 216, 0)
True, True, 0.2098, (0, 15, 81, 24, 244, 472, 348, 410, 0)
True, True, 0.2259, (0, 187, 105, 447, 132, 224, 74, 246, 0)
True, True, 0.1371, (0, 433, 77, 43, 10, 48, 453, 374, 0)
True, True, 0.1569, (0, 293, 199, 242, 397, 236, 271, 22, 0)
True, True, 0.1255, (0, 116, 86, 385, 167, 11, 66, 70, 0)
True, True, 0.4557, (0, 477, 454, 73, 474, 121, 471, 23, 0)
True, True, 0.0747, (0, 457, 461, 122, 111, 408, 5, 103, 0)
True, True, 0.1297, (0, 82, 108, 216, 65, 79, 62, 0)
True, True, 0.081, (0, 424, 349, 133, 201, 92, 118, 398, 0)
True, True, 0.028, (0, 78, 235, 7, 259, 390, 231, 157, 16, 0)
True, True, 0.0882, (0, 281, 473, 222, 383, 284, 370, 125, 0)
True, True, 0.1016, (0, 257, 177, 241, 179, 426, 214, 42, 0)
True, True, 0.0453, (0, 265, 132, 447, 318, 187, 409, 0)
True, True, 0.0292, (0, 190, 292, 298, 217, 303, 218, 344, 0)
True, True, 0.0711, (0, 357, 235, 259, 7, 390, 231, 157, 307, 0)
True, True, 0.0914, (0, 476, 342, 159, 45, 312, 373, 195, 0)
True, True, 0.2549, (0, 5, 287, 456, 55, 417, 359, 111, 0)
True, True, 0.1815, (0, 91, 382, 346, 225, 427, 144, 119, 413, 0)
True, True, 0.1682, (0, 97, 479, 156, 183, 419, 78, 123, 0)
True, True, 0.0876, (0, 377, 269, 113, 50, 375, 279, 0)
True, True, 0.1989, (0, 469, 100, 310, 378, 131, 33, 366, 0)
True, True, 0.0805, (0, 108, 82, 290, 205, 85, 348, 0)
True, True, 0.0037, (0, 15, 25, 451, 354, 6, 151, 432, 0)
True, True, 0.1982, (0, 202, 413, 119, 225, 427, 344, 277, 0)
True, True, 0.0297, (0, 349, 133, 201, 92, 118, 403, 398, 0)
True, True, 0.0231, (0, 96, 276, 156, 479, 97, 268, 315, 0)
True, True, 0.0384, (0, 153, 460, 263, 306, 96, 69, 170, 382, 0)
True, True, 0.1534, (0, 152, 478, 101, 2, 191, 211, 295, 127, 0)
True, True, 0.3192, (0, 21, 433, 145, 124, 440, 95, 362, 0)
True, True, 0.0275, (0, 202, 351, 413, 344, 277, 402, 430, 0)
True, True, 0.1072, (0, 202, 137, 91, 379, 83, 52, 359, 0)
True, True, 0.0121, (0, 18, 401, 263, 306, 96, 69, 382, 91, 0)
True, True, 0.2526, (0, 96, 404, 13, 409, 72, 303, 217, 0)
True, True, 0.0015, (0, 258, 18, 401, 460, 228, 251, 153, 0)
True, True, 0.2247, (0, 377, 269, 113, 50, 67, 375, 0)
True, True, 0.167, (0, 277, 215, 38, 326, 190, 299, 278, 34, 0)
True, True, 0.0845, (0, 297, 311, 208, 169, 386, 380, 475, 0)
True, True, 0.0077, (0, 264, 42, 126, 63, 418, 239, 0)
True, True, 0.0283, (0, 102, 330, 467, 211, 191, 2, 173, 0)
True, True, 0.0034, (0, 39, 34, 197, 267, 291, 402, 0)
True, True, 0.2436, (0, 176, 46, 248, 64, 47, 436, 89, 0)
True, True, 0.1194, (0, 38, 399, 217, 298, 174, 190, 326, 0)
True, True, 0.2376, (0, 193, 235, 259, 7, 390, 231, 157, 307, 0)
True, True, 0.126, (0, 218, 303, 217, 298, 292, 174, 190, 0)
True, True, 0.0644, (0, 9, 283, 387, 301, 275, 109, 467, 0)
True, True, 0.0245, (0, 348, 472, 244, 15, 81, 151, 194, 0)
True, True, 0.0752, (0, 430, 215, 399, 292, 174, 190, 326, 278, 0)
True, True, 0.0316, (0, 21, 433, 77, 338, 189, 88, 0)
True, True, 0.0882, (0, 463, 89, 47, 436, 372, 280, 360, 0)
True, True, 0.0966, (0, 472, 244, 24, 15, 81, 432, 194, 0)
True, True, 0.0, (0, 97, 479, 156, 183, 261, 78, 96, 0)
True, True, 0.0201, (0, 182, 109, 140, 301, 387, 283, 9, 0)
True, True, 0.1654, (0, 177, 241, 426, 352, 282, 416, 418, 0)
True, True, 0.0742, (0, 452, 323, 113, 160, 377, 414, 369, 0)
True, True, 0.0775, (0, 413, 344, 427, 225, 346, 170, 382, 0)
True, True, 0.269, (0, 104, 278, 326, 190, 174, 292, 399, 215, 0)
True, True, 0.002, (0, 21, 77, 207, 88, 374, 415, 0)
True, True, 0.0504, (0, 24, 62, 14, 54, 106, 134, 451, 0)
True, True, 0.2208, (0, 373, 312, 466, 45, 262, 159, 342, 155, 0)
True, True, 0.2729, (0, 437, 418, 63, 214, 126, 264, 0)
True, True, 0.0251, (0, 454, 121, 474, 237, 435, 58, 430, 0)
True, True, 0.0145, (0, 414, 279, 375, 67, 50, 323, 452, 0)
True, True, 0.0117, (0, 362, 95, 5, 408, 111, 444, 310, 0)
True, True, 0.0554, (0, 365, 336, 297, 358, 169, 449, 12, 0)
True, True, 0.1654, (0, 455, 241, 426, 352, 282, 416, 63, 0)
True, True, 0.0118, (0, 357, 259, 7, 390, 231, 157, 318, 187, 0)
True, True, 0.036, (0, 444, 111, 359, 417, 55, 456, 287, 103, 0)
True, True, 0.113, (0, 220, 29, 315, 246, 162, 404, 96, 0)
True, True, 0.0801, (0, 85, 79, 62, 54, 106, 134, 451, 0)
True, True, 0.2856, (0, 265, 224, 389, 332, 412, 240, 123, 0)
True, True, 0.0411, (0, 38, 399, 217, 298, 174, 190, 278, 0)
True, True, 0.1371, (0, 452, 323, 113, 50, 375, 279, 369, 0)
True, True, 0.0998, (0, 185, 283, 387, 301, 275, 109, 467, 0)
True, True, 0.1837, (0, 298, 303, 409, 13, 162, 404, 96, 0)
True, True, 0.1014, (0, 268, 97, 156, 183, 261, 419, 78, 0)
True, True, 0.0478, (0, 457, 60, 86, 385, 167, 11, 70, 0)
True, True, 0.0222, (0, 258, 18, 401, 460, 251, 52, 359, 0)
True, True, 0.0183, (0, 139, 193, 235, 7, 390, 157, 16, 0)
True, True, 0.0183, (0, 16, 157, 390, 259, 235, 193, 139, 0)
True, True, 0.0654, (0, 69, 96, 404, 162, 13, 409, 218, 0)
False, True, 0.1032, (0, 221, 80, 414, 470, 129, 369, 80, 221, 0)
False, True, 0.0431, (0, 307, 105, 447, 16, 157, 231, 307, 0)
False, True, 0.1014, (0, 315, 276, 156, 479, 183, 315, 0)
False, True, 0.1451, (0, 276, 156, 261, 183, 156, 268, 0)
False, True, 0.1029, (0, 463, 288, 248, 64, 47, 436, 313, 463, 0)
False, True, 0.2898, (0, 62, 294, 465, 446, 65, 62, 0)
False, True, 0.5, (0, 335, 468, 309, 165, 334, 335, 0)
False, True, 0.4529, (0, 90, 281, 222, 383, 473, 30, 90, 0)
False, True, 0.2095, (0, 270, 112, 314, 32, 114, 309, 112, 0)
False, True, 0.2721, (0, 477, 430, 402, 291, 135, 267, 477, 0)
False, True, 0.1642, (0, 182, 321, 275, 140, 109, 182, 467, 0)
False, True, 0.1954, (0, 149, 146, 232, 264, 148, 26, 149, 0)
False, True, 0.1016, (0, 373, 455, 59, 181, 257, 204, 181, 0)
False, True, 0.0597, (0, 182, 109, 140, 301, 275, 462, 182, 0)
False, True, 0.1937, (0, 468, 309, 114, 366, 32, 314, 468, 0)
False, True, 0.201, (0, 307, 105, 318, 157, 16, 318, 187, 0)
False, True, 0.5, (0, 209, 290, 205, 82, 108, 209, 0)
False, True, 0.2834, (0, 221, 80, 414, 470, 129, 296, 80, 221, 0)
False, True, 0.1513, (0, 35, 324, 289, 40, 164, 142, 324, 0)
False, True, 0.3911, (0, 247, 317, 322, 245, 317, 247, 0)
False, True, 0.4695, (0, 415, 441, 443, 434, 391, 305, 441, 0)
False, True, 0.1513, (0, 94, 393, 210, 219, 53, 94, 0)
False, False, 0.1989, (0, 366, 23, 70, 23, 448, 33, 0)
False, True, 0.0376, (0, 135, 38, 215, 217, 298, 292, 399, 38, 0)
False, True, 0.1403, (0, 39, 267, 172, 104, 34, 39, 0)
False, True, 0.0756, (0, 393, 219, 210, 329, 176, 255, 393, 53, 0)
False, True, 0.1989, (0, 57, 253, 100, 95, 421, 362, 57, 0)
False, True, 0.2047, (0, 70, 60, 86, 167, 11, 66, 70, 0)
False, True, 0.0316, (0, 75, 207, 88, 374, 189, 75, 0)
True, True, 0.194, (0, 388, 93, 445, 438, 3, 154, 76, 0)
True, True, 0.0065, (0, 390, 7, 259, 357, 193, 139, 78, 0)
False, True, 0.0019, (0, 161, 194, 432, 81, 15, 161, 0)
False, True, 0.1009, (0, 194, 432, 151, 163, 81, 15, 194, 0)
False, True, 0.1734, (0, 206, 93, 445, 438, 3, 206, 0)
False, True, 0.0358, (0, 411, 251, 228, 170, 69, 96, 306, 251, 0)
False, True, 0.2269, (0, 176, 329, 46, 288, 313, 463, 329, 176, 255, 0)
False, True, 0.1937, (0, 112, 314, 32, 366, 114, 112, 270, 0)
False, True, 0.0412, (0, 272, 384, 388, 381, 3, 206, 272, 0)
False, True, 0.0756, (0, 176, 329, 46, 288, 313, 463, 329, 176, 289, 0)
False, True, 0.0431, (0, 307, 132, 447, 16, 132, 307, 0)
False, True, 0.0644, (0, 312, 361, 22, 4, 405, 293, 312, 0)
False, True, 0.0136, (0, 115, 478, 101, 211, 191, 2, 478, 319, 0)
False, True, 0.0968, (0, 270, 340, 115, 110, 319, 152, 340, 0)
False, True, 0.2748, (0, 85, 216, 28, 65, 85, 348, 0)
False, True, 0.0158, (0, 349, 201, 12, 297, 336, 365, 201, 349, 0)
False, True, 0.029, (0, 201, 365, 336, 297, 358, 180, 365, 0)
False, True, 0.1516, (0, 377, 375, 50, 160, 269, 377, 0)
False, True, 0.0275, (0, 417, 350, 71, 83, 52, 417, 0)
False, True, 0.0161, (0, 133, 201, 365, 336, 297, 201, 424, 0)
False, True, 0.046, (0, 451, 249, 134, 106, 54, 14, 451, 432, 0)
False, True, 0.0541, (0, 163, 451, 249, 134, 106, 54, 14, 451, 0)
False, True, 0.0124, (0, 452, 323, 113, 50, 375, 160, 452, 0)
False, True, 0.0968, (0, 270, 112, 334, 165, 309, 112, 468, 0)
False, True, 0.061, (0, 46, 441, 443, 434, 391, 305, 46, 0)
False, True, 0.0443, (0, 21, 124, 43, 338, 77, 21, 0)
False, True, 0.036, (0, 57, 421, 95, 5, 103, 362, 57, 0)
False, True, 0.0652, (0, 102, 467, 182, 61, 321, 109, 467, 102, 0)
False, True, 0.019, (0, 127, 478, 2, 191, 211, 101, 173, 127, 0)
False, True, 0.1054, (0, 454, 430, 58, 435, 212, 474, 454, 0)
False, True, 0.0146, (0, 463, 288, 248, 195, 89, 288, 463, 0)
False, True, 0.0146, (0, 463, 288, 64, 47, 436, 89, 313, 463, 0)
False, True, 0.0255, (0, 463, 195, 373, 312, 466, 45, 195, 463, 0)
False, True, 0.0242, (0, 467, 182, 61, 321, 109, 467, 330, 0)
all_elementary, False
all_cyc2, False
