Instance, X-n439-k37
capacity, 12
min_trucks, 37
output_file, output_uchoa/X-n439-k37-ng8.log
Start date, 2022-07-03
Start time, 13-44-18
capacity, 12
num_vehicles, 37
abort_early, False
methods, ['ng8']
max_vars, 100
time_limit, 86400
farley, False
ESPPRC_heur, True
initial time, initial max_it, max_stale_it
1, 20000.0, 20
heuristic Number of routes, heuristic Best Solution Value, heuristic number of iterations, adjusted time, adjusted max_it, measured total time
246192, 36439.0, 20000, 1, 20000.0, 27434.7
method, python time, total time, propagated dominance time, unpropagated dominance time, pricing_success, upper_bound, lower_bound, abort_early, num_paths, 
ESPPRC_heur, 0.0, 0.3, 0.1, 0.1, 0, 35930.0379, 26023.7012, True, 857
ESPPRC_heur, 0.0, 0.3, 0.1, 0.1, 0, 35930.0379, 29894.4275, True, 569
ESPPRC_heur, 0.0, 0.3, 0.1, 0.1, 0, 35930.0379, 30781.4203, True, 219
ESPPRC_heur, 0.0, 0.3, 0.1, 0.1, 0, 35930.0169, 31454.6839, True, 202
ESPPRC_heur, 0.0, 0.3, 0.1, 0.1, 0, 35930.0169, 31336.7714, True, 203
ESPPRC_heur, 0.0, 0.3, 0.1, 0.1, 0, 35929.7828, 34477.9449, True, 129
ESPPRC_heur, 0.0, 0.3, 0.1, 0.1, 0, 35928.5472, 35055.6468, True, 88
ESPPRC_heur, 0.0, 0.3, 0.1, 0.1, 0, 35927.8095, 34098.0747, True, 102
ESPPRC_heur, 0.0, 0.3, 0.1, 0.1, 0, 35927.0038, 34534.4636, True, 85
ESPPRC_heur, 0.0, 0.3, 0.1, 0.1, 0, 35924.445, 34730.7839, True, 55
ESPPRC_heur, 0.0, 0.3, 0.1, 0.1, 0, 35923.1202, 35228.8464, True, 42
ESPPRC_heur, -0.0, 0.3, 0.1, 0.1, 0, 35921.697, 35464.8883, True, 24
ESPPRC_heur, -0.0, 0.3, 0.1, 0.1, 0, 35921.697, 35765.9528, True, 12
ESPPRC_heur, -0.0, 0.3, 0.1, 0.1, 0, 35921.697, 35825.514, True, 5
ESPPRC_heur, -0.0, 0.3, 0.1, 0.1, 0, 35921.6968, 35911.9827, True, 1
ESPPRC_heur, -0.0, 0.3, 0.1, 0.1, 0, 35921.6968, 35817.3731, True, 1
ESPPRC_heur, -0.0, 0.3, 0.1, 0.1, 0, 35921.6397, 35812.6276, True, 8
ESPPRC_heur, -0.0, 0.3, 0.1, 0.1, 0, 35921.6397, 35918.7484, True, 2
ng8, 0.0, 8.3, 5.4, 1.2, 1, 35921.6397, 34158.3847, 0, 482
ESPPRC_heur, 0.0, 0.3, 0.1, 0.1, 0, 35897.3913, 32798.4147, True, 157
ESPPRC_heur, 0.0, 0.3, 0.1, 0.1, 0, 35897.2723, 35193.8264, True, 73
ESPPRC_heur, -0.0, 0.3, 0.1, 0.1, 0, 35897.0108, 35408.4928, True, 26
ESPPRC_heur, -0.0, 0.3, 0.1, 0.1, 0, 35896.754, 35677.3969, True, 18
ESPPRC_heur, -0.0, 0.3, 0.1, 0.1, 0, 35896.2346, 35594.2442, True, 30
ESPPRC_heur, -0.0, 0.3, 0.1, 0.1, 0, 35895.9137, 35764.4557, True, 17
ESPPRC_heur, -0.0, 0.3, 0.1, 0.1, 0, 35895.8201, 35714.2552, True, 10
ESPPRC_heur, -0.0, 0.3, 0.1, 0.1, 0, 35895.8201, 35832.7018, True, 3
ESPPRC_heur, -0.0, 0.3, 0.1, 0.1, 0, 35895.8201, 35832.7018, True, 1
ESPPRC_heur, -0.0, 0.3, 0.1, 0.1, 0, 35895.8201, 35832.7018, True, 2
ESPPRC_heur, -0.0, 0.3, 0.1, 0.1, 0, 35895.8201, 35832.7018, True, 1
ng8, 0.0, 8.6, 5.6, 1.3, 1, 35895.7561, 34470.7603, 0, 348
ESPPRC_heur, 0.0, 0.3, 0.1, 0.1, 0, 35883.5345, 34957.0548, True, 62
ESPPRC_heur, -0.0, 0.3, 0.1, 0.1, 0, 35883.5161, 35494.118, True, 14
ESPPRC_heur, -0.0, 0.3, 0.1, 0.1, 0, 35883.4945, 35391.7885, True, 8
ESPPRC_heur, -0.0, 0.3, 0.1, 0.1, 0, 35883.4767, 35727.8548, True, 4
ESPPRC_heur, -0.0, 0.3, 0.1, 0.1, 0, 35883.4765, 35864.9755, True, 1
ESPPRC_heur, -0.0, 0.3, 0.1, 0.1, 0, 35883.4398, 35879.8616, True, 1
ng8, 0.0, 8.8, 5.7, 1.3, 1, 35883.4398, 34940.2477, 0, 318
ESPPRC_heur, 0.0, 0.3, 0.1, 0.1, 0, 35879.2431, 35285.1074, True, 84
ESPPRC_heur, -0.0, 0.3, 0.1, 0.1, 0, 35879.2381, 35811.302, True, 3
ESPPRC_heur, -0.0, 0.3, 0.1, 0.1, 0, 35879.169, 35662.3025, True, 4
ESPPRC_heur, -0.0, 0.3, 0.1, 0.1, 0, 35879.0013, 35698.1597, True, 9
ESPPRC_heur, -0.0, 0.3, 0.1, 0.1, 0, 35879.0013, 35753.6597, True, 2
ng8, 0.0, 10.2, 6.6, 1.5, 1, 35879.0013, 35516.749, 0, 242
ESPPRC_heur, 0.0, 0.3, 0.1, 0.1, 0, 35871.7848, 35545.6016, True, 22
ESPPRC_heur, 0.0, 0.3, 0.1, 0.1, 0, 35871.7533, 35758.3567, True, 9
ESPPRC_heur, 0.0, 0.3, 0.1, 0.1, 0, 35871.7226, 35797.7226, True, 2
ng8, 0.0, 10.3, 6.7, 1.5, 1, 35871.5689, 35604.4089, 0, 166
ESPPRC_heur, 0.0, 0.3, 0.1, 0.1, 0, 35868.9291, 35790.6847, True, 14
ESPPRC_heur, 0.0, 0.3, 0.1, 0.1, 0, 35868.8863, 35860.4117, True, 2
ng8, 0.0, 10.4, 6.7, 1.5, 1, 35868.8815, 35556.0271, 0, 125
ESPPRC_heur, 0.0, 0.3, 0.1, 0.1, 0, 35868.2088, 35861.7572, True, 3
ng8, 0.0, 10.4, 6.7, 1.5, 1, 35868.2088, 35822.21, 0, 40
ESPPRC_heur, 0.0, 0.3, 0.1, 0.1, 0, 35868.0167, 35855.2825, True, 2
ng8, 0.0, 10.4, 6.8, 1.5, 1, 35868.0167, 35848.6492, 0, 17
ng8, 0.0, 10.4, 6.7, 1.5, 1, 35867.9823, 35851.2441, 0, 11
ng8, 0.0, 10.5, 6.8, 1.5, 1, 35867.9808, 35867.9808, 0, 0
scip_total_time, 27714.970971
Solval, number of paths, impact cutoff
35867.980830560504, 289, 0.0001
Elementary, 2-Cycle, Path Value, Path
True, True, 0.5455, (0, 81, 0)
True, True, 0.2121, (0, 335, 72, 411, 3, 169, 2, 8, 311, 434, 105, 236, 217, 0)
True, True, 0.061, (0, 430, 248, 19, 330, 108, 340, 240, 220, 331, 361, 161, 58, 0)
True, True, 0.0377, (0, 120, 279, 213, 328, 95, 52, 198, 214, 357, 363, 300, 424, 0)
True, True, 0.443, (0, 186, 164, 51, 100, 27, 54, 94, 212, 46, 49, 45, 277, 0)
True, True, 0.5768, (0, 172, 202, 308, 270, 406, 155, 41, 275, 92, 260, 26, 326, 0)
True, True, 0.0134, (0, 65, 159, 15, 153, 215, 193, 285, 101, 252, 309, 329, 266, 0)
True, True, 0.829, (0, 71, 228, 346, 162, 435, 166, 345, 385, 438, 312, 381, 404, 0)
True, True, 0.0235, (0, 413, 432, 351, 266, 329, 319, 338, 271, 289, 253, 257, 383, 0)
True, True, 0.2266, (0, 333, 31, 5, 426, 134, 367, 1, 6, 131, 79, 176, 204, 0)
True, True, 0.0659, (0, 217, 105, 434, 311, 8, 2, 169, 3, 411, 348, 260, 26, 0)
True, True, 0.5164, (0, 238, 305, 32, 82, 147, 143, 60, 104, 185, 294, 318, 23, 0)
True, True, 0.4859, (0, 175, 73, 157, 135, 177, 152, 408, 302, 255, 327, 389, 343, 0)
True, True, 0.3736, (0, 213, 328, 52, 198, 214, 272, 64, 123, 357, 363, 300, 424, 0)
True, True, 0.0211, (0, 364, 417, 368, 290, 356, 363, 300, 424, 213, 279, 114, 316, 0)
True, True, 0.0272, (0, 372, 264, 352, 315, 86, 225, 388, 409, 110, 303, 241, 221, 0)
True, True, 0.0404, (0, 172, 149, 202, 308, 270, 406, 71, 92, 275, 41, 155, 326, 0)
True, True, 0.2194, (0, 283, 323, 246, 138, 376, 47, 286, 350, 341, 98, 137, 251, 0)
True, True, 0.278, (0, 156, 427, 415, 276, 355, 429, 365, 359, 295, 358, 231, 414, 0)
True, True, 0.0737, (0, 172, 149, 202, 308, 406, 155, 41, 275, 92, 260, 26, 326, 0)
True, True, 0.0536, (0, 333, 31, 134, 387, 397, 390, 184, 395, 287, 161, 58, 207, 0)
True, True, 0.0842, (0, 383, 253, 289, 271, 338, 319, 329, 266, 351, 432, 396, 420, 0)
True, True, 0.0121, (0, 72, 97, 400, 267, 386, 299, 223, 425, 349, 410, 411, 348, 0)
True, True, 0.5334, (0, 39, 232, 35, 141, 208, 374, 322, 304, 419, 336, 369, 188, 0)
True, True, 0.3673, (0, 154, 91, 118, 173, 88, 210, 22, 56, 75, 196, 140, 1, 0)
True, True, 0.3445, (0, 132, 84, 181, 21, 378, 112, 16, 67, 230, 34, 73, 175, 0)
True, True, 0.0638, (0, 261, 129, 191, 158, 29, 87, 102, 127, 119, 76, 201, 203, 0)
True, True, 0.0004, (0, 404, 381, 312, 438, 385, 345, 166, 435, 162, 346, 228, 406, 0)
True, True, 0.0134, (0, 329, 319, 309, 252, 101, 285, 193, 215, 153, 15, 159, 65, 0)
True, True, 0.2205, (0, 364, 259, 30, 178, 310, 222, 125, 190, 356, 290, 368, 417, 0)
True, True, 0.0007, (0, 224, 188, 369, 336, 419, 304, 322, 374, 208, 35, 232, 39, 0)
True, True, 0.3497, (0, 81, 179, 96, 256, 78, 182, 216, 106, 399, 77, 99, 124, 0)
True, True, 0.0868, (0, 316, 114, 213, 328, 95, 52, 198, 214, 357, 363, 300, 424, 0)
True, True, 0.0211, (0, 316, 114, 279, 213, 424, 300, 363, 356, 290, 368, 417, 259, 0)
True, True, 0.0283, (0, 24, 343, 389, 327, 255, 302, 408, 152, 177, 135, 157, 73, 0)
True, True, 0.0565, (0, 202, 406, 404, 381, 346, 228, 71, 92, 275, 41, 155, 326, 0)
True, True, 0.1429, (0, 39, 232, 35, 322, 374, 208, 141, 100, 51, 164, 186, 128, 0)
True, True, 0.0012, (0, 391, 372, 264, 352, 315, 86, 225, 388, 409, 110, 303, 241, 0)
True, True, 0.0543, (0, 140, 274, 113, 116, 196, 75, 56, 22, 210, 88, 173, 344, 0)
True, True, 0.0283, (0, 132, 4, 181, 21, 378, 112, 16, 67, 230, 34, 73, 175, 0)
True, True, 0.7269, (0, 361, 331, 220, 240, 340, 108, 330, 19, 248, 430, 28, 401, 0)
True, True, 0.7796, (0, 48, 12, 85, 69, 68, 111, 20, 148, 314, 306, 107, 180, 0)
True, True, 0.0074, (0, 204, 79, 189, 61, 130, 80, 6, 131, 367, 426, 5, 31, 0)
True, True, 0.0283, (0, 165, 235, 192, 382, 174, 160, 292, 84, 4, 132, 175, 401, 0)
True, True, 0.1082, (0, 115, 377, 433, 337, 242, 241, 360, 342, 221, 393, 237, 121, 0)
True, True, 0.0572, (0, 228, 346, 162, 435, 166, 345, 385, 438, 312, 280, 393, 237, 0)
True, True, 0.0254, (0, 279, 213, 328, 95, 52, 198, 214, 272, 168, 405, 234, 188, 0)
True, True, 0.1879, (0, 254, 9, 359, 365, 429, 355, 276, 317, 398, 36, 194, 38, 0)
True, True, 0.1769, (0, 417, 368, 290, 356, 190, 125, 222, 310, 178, 291, 313, 265, 0)
True, True, 0.0638, (0, 93, 258, 70, 104, 60, 185, 143, 147, 82, 32, 305, 238, 0)
True, True, 0.1216, (0, 65, 154, 7, 197, 344, 173, 118, 91, 215, 153, 15, 159, 0)
True, True, 0.3224, (0, 156, 427, 398, 317, 226, 278, 33, 298, 288, 55, 263, 355, 0)
True, True, 0.0408, (0, 395, 184, 390, 371, 62, 109, 90, 113, 116, 274, 140, 1, 0)
True, True, 0.1675, (0, 333, 31, 5, 176, 79, 189, 61, 431, 144, 334, 25, 146, 0)
True, True, 0.2024, (0, 297, 126, 66, 339, 293, 89, 412, 83, 388, 225, 303, 241, 0)
True, True, 0.1588, (0, 414, 217, 236, 59, 136, 187, 362, 305, 238, 359, 295, 358, 0)
True, True, 0.0198, (0, 348, 411, 410, 267, 386, 299, 223, 349, 425, 133, 370, 3, 0)
True, True, 0.0211, (0, 424, 300, 363, 357, 214, 198, 272, 52, 95, 328, 213, 279, 0)
True, True, 0.0249, (0, 107, 306, 314, 148, 111, 20, 128, 199, 151, 163, 183, 170, 0)
True, True, 0.1585, (0, 283, 246, 138, 376, 257, 47, 286, 350, 341, 98, 137, 251, 0)
True, True, 0.0766, (0, 333, 31, 5, 426, 367, 131, 6, 80, 130, 61, 189, 79, 0)
True, True, 0.2125, (0, 165, 235, 192, 382, 292, 160, 291, 174, 313, 265, 77, 99, 0)
True, True, 0.0581, (0, 106, 399, 364, 259, 30, 291, 160, 174, 382, 192, 235, 165, 0)
True, True, 0.0567, (0, 188, 369, 336, 419, 304, 322, 374, 208, 35, 232, 39, 199, 0)
True, True, 0.2902, (0, 70, 129, 191, 158, 29, 87, 102, 127, 119, 76, 201, 203, 0)
True, True, 0.1759, (0, 257, 253, 289, 271, 338, 319, 329, 266, 351, 432, 396, 420, 0)
True, True, 0.0743, (0, 257, 271, 338, 252, 101, 285, 193, 215, 153, 15, 159, 65, 0)
True, True, 0.1264, (0, 234, 405, 168, 272, 64, 123, 37, 10, 301, 379, 394, 171, 0)
True, True, 0.0108, (0, 417, 368, 290, 356, 190, 125, 222, 310, 178, 160, 174, 265, 0)
True, True, 0.0307, (0, 53, 163, 151, 142, 219, 205, 150, 282, 284, 269, 120, 332, 0)
True, True, 0.1131, (0, 84, 181, 21, 378, 112, 16, 67, 230, 34, 73, 175, 401, 0)
True, True, 0.1724, (0, 44, 233, 324, 229, 268, 380, 227, 249, 325, 121, 353, 422, 0)
True, True, 0.0581, (0, 216, 399, 364, 259, 30, 291, 160, 174, 382, 192, 235, 165, 0)
True, True, 0.159, (0, 283, 251, 137, 98, 341, 286, 350, 376, 138, 246, 323, 437, 0)
True, True, 0.1594, (0, 59, 136, 187, 362, 32, 82, 147, 143, 60, 104, 185, 23, 0)
True, True, 0.4462, (0, 383, 253, 289, 271, 338, 309, 319, 329, 266, 351, 432, 413, 0)
True, True, 0.029, (0, 146, 25, 204, 176, 131, 6, 1, 367, 426, 5, 31, 333, 0)
True, True, 0.0507, (0, 334, 189, 61, 130, 80, 6, 131, 367, 426, 5, 31, 333, 0)
True, True, 0.0632, (0, 364, 259, 30, 190, 125, 222, 310, 178, 160, 174, 313, 265, 0)
True, True, 0.0543, (0, 323, 243, 321, 383, 257, 47, 286, 341, 350, 376, 138, 246, 0)
True, True, 0.0315, (0, 321, 243, 413, 420, 396, 423, 391, 337, 433, 377, 268, 324, 0)
True, True, 0.0629, (0, 221, 360, 241, 245, 303, 352, 86, 315, 264, 372, 391, 423, 0)
True, True, 0.0743, (0, 253, 289, 338, 252, 101, 285, 193, 215, 153, 15, 159, 65, 0)
True, True, 0.1585, (0, 323, 243, 321, 383, 257, 253, 289, 271, 47, 376, 138, 246, 0)
True, True, 0.1667, (0, 244, 11, 209, 354, 74, 63, 117, 103, 13, 394, 171, 310, 0)
True, True, 0.1758, (0, 250, 211, 347, 43, 375, 296, 57, 392, 299, 400, 97, 72, 0)
True, True, 0.29, (0, 424, 300, 363, 357, 214, 198, 52, 95, 168, 405, 234, 320, 0)
True, True, 0.0021, (0, 163, 151, 142, 219, 282, 224, 273, 320, 284, 269, 120, 332, 0)
True, True, 0.2473, (0, 172, 149, 422, 353, 115, 380, 268, 229, 324, 233, 44, 437, 0)
True, True, 0.0659, (0, 26, 260, 348, 411, 3, 169, 2, 8, 311, 434, 105, 236, 0)
True, True, 0.105, (0, 422, 353, 121, 325, 249, 227, 380, 268, 229, 324, 233, 437, 0)
True, True, 0.0172, (0, 263, 55, 288, 318, 294, 23, 93, 258, 14, 307, 18, 50, 0)
True, True, 0.0927, (0, 372, 264, 352, 315, 86, 225, 388, 110, 409, 421, 245, 280, 0)
True, True, 0.4492, (0, 280, 245, 303, 110, 409, 388, 225, 86, 315, 352, 264, 372, 0)
True, True, 0.0507, (0, 431, 344, 197, 7, 91, 118, 173, 88, 80, 130, 61, 189, 0)
True, True, 0.0543, (0, 65, 154, 7, 197, 344, 118, 91, 153, 215, 193, 285, 47, 0)
True, True, 0.0821, (0, 69, 277, 45, 94, 212, 46, 49, 247, 40, 201, 203, 167, 0)
True, True, 0.2435, (0, 266, 329, 319, 309, 252, 101, 285, 193, 215, 153, 15, 159, 0)
True, True, 0.1216, (0, 257, 338, 252, 101, 402, 285, 193, 215, 153, 15, 159, 65, 0)
True, True, 0.0963, (0, 399, 364, 259, 30, 291, 160, 292, 174, 382, 192, 235, 165, 0)
True, True, 0.2099, (0, 318, 294, 185, 104, 60, 143, 147, 82, 32, 362, 187, 136, 0)
True, True, 0.318, (0, 25, 189, 61, 130, 80, 6, 131, 367, 426, 5, 31, 333, 0)
True, True, 0.2435, (0, 65, 154, 7, 197, 344, 91, 118, 173, 88, 80, 130, 79, 0)
True, True, 0.2849, (0, 149, 195, 121, 325, 249, 227, 380, 268, 229, 324, 233, 437, 0)
True, True, 0.0331, (0, 282, 188, 369, 336, 419, 304, 322, 374, 208, 35, 232, 39, 0)
True, True, 0.0609, (0, 44, 422, 353, 195, 308, 270, 406, 41, 275, 92, 155, 326, 0)
True, True, 0.2589, (0, 218, 392, 139, 200, 145, 122, 366, 384, 403, 17, 428, 402, 0)
True, True, 0.1544, (0, 216, 106, 332, 120, 269, 284, 150, 205, 219, 142, 151, 163, 0)
True, True, 0.3102, (0, 115, 227, 377, 433, 337, 391, 423, 396, 420, 413, 243, 321, 0)
True, True, 0.0213, (0, 421, 418, 416, 407, 366, 122, 145, 200, 139, 392, 218, 239, 0)
True, True, 0.065, (0, 120, 279, 213, 328, 95, 168, 405, 234, 188, 273, 224, 282, 0)
True, True, 0.2702, (0, 432, 351, 309, 252, 101, 285, 193, 215, 153, 15, 159, 65, 0)
True, True, 0.0892, (0, 134, 397, 62, 371, 109, 90, 113, 116, 274, 140, 6, 131, 0)
True, True, 0.0747, (0, 417, 368, 290, 356, 190, 125, 222, 310, 178, 160, 313, 265, 0)
True, True, 0.0808, (0, 250, 211, 347, 206, 418, 416, 407, 384, 403, 17, 428, 402, 0)
True, True, 0.1668, (0, 204, 176, 131, 6, 130, 80, 344, 7, 197, 431, 144, 334, 0)
True, True, 0.0707, (0, 333, 31, 134, 387, 287, 395, 220, 331, 361, 430, 28, 401, 0)
True, True, 0.2333, (0, 128, 164, 51, 100, 27, 54, 94, 212, 46, 49, 45, 277, 0)
True, True, 0.1216, (0, 250, 211, 347, 206, 418, 416, 407, 384, 403, 17, 428, 193, 0)
True, True, 0.2411, (0, 402, 428, 403, 384, 366, 122, 145, 200, 139, 57, 296, 375, 0)
True, True, 0.044, (0, 105, 2, 434, 8, 311, 133, 425, 223, 349, 410, 411, 348, 0)
True, True, 0.0707, (0, 58, 161, 361, 331, 240, 340, 108, 330, 19, 248, 430, 28, 0)
True, True, 0.156, (0, 421, 418, 416, 407, 366, 122, 145, 200, 139, 392, 218, 281, 0)
True, True, 0.0211, (0, 30, 417, 368, 290, 356, 363, 300, 424, 213, 279, 114, 316, 0)
True, True, 0.1667, (0, 244, 11, 209, 354, 74, 63, 117, 103, 13, 394, 171, 178, 0)
True, True, 0.1959, (0, 251, 137, 98, 341, 350, 286, 47, 257, 383, 321, 243, 323, 0)
True, True, 0.0565, (0, 372, 264, 352, 315, 86, 225, 388, 110, 409, 421, 250, 312, 0)
True, True, 0.1681, (0, 72, 97, 400, 386, 267, 410, 349, 223, 425, 133, 370, 3, 0)
True, True, 0.2469, (0, 250, 211, 347, 206, 57, 392, 299, 386, 267, 410, 411, 348, 0)
True, True, 0.0744, (0, 298, 318, 294, 23, 93, 258, 261, 262, 14, 307, 18, 50, 0)
True, True, 0.0543, (0, 334, 144, 431, 344, 197, 7, 154, 15, 159, 98, 137, 251, 0)
True, True, 0.0904, (0, 128, 186, 164, 51, 100, 27, 141, 35, 232, 39, 199, 53, 0)
True, True, 0.056, (0, 281, 375, 296, 57, 392, 299, 386, 267, 400, 97, 411, 348, 0)
True, True, 0.0506, (0, 18, 307, 14, 262, 261, 258, 93, 23, 294, 318, 33, 278, 0)
True, True, 0.0806, (0, 171, 13, 103, 379, 301, 10, 37, 123, 64, 272, 168, 234, 0)
True, True, 0.1488, (0, 250, 211, 347, 206, 418, 416, 407, 384, 403, 17, 412, 83, 0)
True, True, 0.1991, (0, 245, 110, 409, 421, 83, 412, 89, 293, 339, 66, 126, 297, 0)
True, True, 0.2125, (0, 256, 78, 182, 170, 183, 205, 219, 142, 199, 151, 163, 53, 0)
True, True, 0.0799, (0, 170, 183, 205, 219, 142, 163, 151, 199, 128, 20, 111, 306, 0)
True, True, 0.0308, (0, 367, 1, 140, 274, 116, 113, 90, 109, 371, 62, 397, 134, 0)
True, True, 0.0904, (0, 369, 336, 419, 304, 322, 374, 208, 141, 27, 54, 186, 128, 0)
True, True, 0.1759, (0, 297, 126, 66, 339, 83, 412, 89, 293, 428, 402, 101, 252, 0)
True, True, 0.0235, (0, 377, 342, 360, 242, 433, 337, 391, 423, 396, 420, 321, 243, 0)
True, True, 0.0268, (0, 50, 18, 307, 14, 262, 261, 258, 93, 23, 294, 318, 226, 0)
True, True, 0.0629, (0, 321, 243, 413, 420, 396, 423, 391, 337, 433, 377, 380, 115, 0)
True, True, 0.0821, (0, 167, 203, 201, 40, 247, 49, 46, 212, 94, 45, 277, 68, 0)
True, True, 0.0315, (0, 243, 321, 413, 420, 396, 423, 391, 337, 433, 377, 268, 229, 0)
True, True, 0.0707, (0, 28, 248, 19, 330, 108, 340, 240, 220, 331, 361, 161, 58, 0)
True, True, 0.0666, (0, 423, 391, 372, 264, 315, 86, 352, 303, 245, 241, 360, 342, 0)
True, True, 0.1, (0, 105, 2, 8, 311, 133, 425, 223, 349, 410, 370, 3, 348, 0)
True, True, 0.1176, (0, 326, 26, 260, 92, 275, 41, 155, 406, 270, 308, 202, 149, 0)
True, True, 0.0249, (0, 85, 111, 20, 128, 199, 151, 163, 142, 219, 205, 183, 170, 0)
True, True, 0.0629, (0, 249, 221, 342, 433, 337, 391, 423, 396, 420, 413, 321, 243, 0)
True, True, 0.3319, (0, 62, 371, 109, 90, 113, 116, 274, 196, 75, 56, 22, 210, 0)
True, True, 0.0097, (0, 134, 387, 287, 395, 220, 240, 340, 108, 330, 19, 248, 430, 0)
True, True, 0.1245, (0, 234, 95, 272, 64, 123, 37, 10, 301, 379, 103, 13, 171, 0)
True, True, 0.1, (0, 231, 59, 434, 311, 8, 2, 169, 3, 411, 348, 260, 26, 0)
True, True, 0.0425, (0, 42, 218, 392, 139, 200, 145, 122, 366, 407, 416, 418, 421, 0)
True, True, 0.2252, (0, 367, 1, 140, 274, 116, 113, 90, 109, 371, 62, 397, 387, 0)
True, True, 0.1421, (0, 188, 369, 336, 304, 419, 405, 168, 95, 328, 213, 114, 316, 0)
True, True, 0.0172, (0, 263, 55, 288, 318, 294, 23, 93, 258, 261, 262, 307, 18, 0)
True, True, 0.0004, (0, 326, 155, 41, 275, 92, 71, 228, 404, 381, 393, 237, 195, 0)
True, True, 0.0315, (0, 324, 229, 377, 433, 337, 391, 423, 396, 420, 413, 243, 321, 0)
True, True, 0.0134, (0, 266, 319, 309, 252, 101, 285, 193, 215, 153, 15, 159, 65, 0)
True, True, 0.0238, (0, 18, 307, 14, 262, 261, 258, 93, 23, 294, 318, 33, 226, 0)
True, True, 0.0408, (0, 1, 140, 274, 116, 113, 90, 109, 62, 371, 390, 184, 287, 0)
True, True, 0.0228, (0, 18, 307, 14, 262, 261, 258, 93, 23, 294, 318, 288, 55, 0)
True, True, 0.0632, (0, 234, 405, 168, 272, 64, 123, 37, 10, 301, 379, 103, 13, 0)
True, True, 0.044, (0, 72, 97, 400, 267, 386, 299, 223, 349, 425, 311, 434, 105, 0)
True, True, 0.0799, (0, 107, 314, 148, 111, 20, 128, 199, 151, 163, 183, 170, 53, 0)
True, True, 0.0992, (0, 254, 9, 429, 263, 55, 288, 298, 33, 278, 226, 276, 415, 0)
True, True, 0.0033, (0, 303, 110, 409, 421, 83, 412, 89, 293, 339, 66, 126, 297, 0)
True, True, 0.0213, (0, 348, 411, 410, 267, 386, 299, 392, 57, 296, 375, 218, 239, 0)
True, True, 0.2319, (0, 43, 206, 57, 139, 200, 145, 122, 366, 407, 416, 418, 421, 0)
True, True, 0.186, (0, 249, 221, 342, 360, 242, 433, 337, 391, 423, 396, 420, 233, 0)
True, True, 0.0692, (0, 70, 129, 191, 158, 29, 87, 102, 127, 119, 76, 40, 247, 0)
True, True, 0.1203, (0, 414, 217, 236, 59, 136, 187, 362, 305, 238, 358, 295, 9, 0)
True, True, 0.0565, (0, 372, 264, 352, 315, 86, 225, 388, 110, 409, 421, 250, 385, 0)
True, True, 0.0374, (0, 321, 243, 383, 257, 253, 289, 271, 47, 376, 138, 246, 283, 0)
True, True, 0.061, (0, 401, 28, 430, 248, 19, 330, 108, 340, 240, 220, 161, 58, 0)
True, True, 0.1221, (0, 414, 217, 236, 59, 136, 187, 362, 305, 238, 359, 9, 254, 0)
True, True, 0.0467, (0, 9, 365, 263, 55, 288, 298, 33, 278, 226, 317, 398, 427, 0)
True, True, 0.0562, (0, 9, 365, 263, 55, 288, 298, 33, 278, 226, 317, 398, 415, 0)
True, True, 0.1429, (0, 128, 186, 54, 27, 141, 208, 374, 322, 35, 232, 39, 199, 0)
True, True, 0.0044, (0, 437, 233, 324, 229, 268, 380, 227, 249, 325, 121, 195, 202, 0)
True, True, 0.1667, (0, 244, 11, 209, 354, 74, 63, 117, 103, 13, 394, 171, 222, 0)
True, True, 0.0923, (0, 297, 126, 66, 339, 293, 89, 412, 17, 428, 402, 285, 47, 0)
False, True, 0.3092, (0, 335, 42, 239, 281, 218, 375, 296, 43, 281, 239, 42, 335, 0)
False, True, 0.2239, (0, 167, 203, 247, 40, 201, 76, 119, 102, 127, 40, 247, 167, 0)
True, True, 0.3736, (0, 244, 11, 209, 354, 74, 63, 117, 379, 301, 10, 37, 394, 0)
False, True, 0.2233, (0, 165, 235, 192, 382, 292, 160, 291, 174, 313, 192, 235, 165, 0)
False, True, 0.2125, (0, 179, 96, 256, 78, 182, 216, 106, 399, 77, 99, 96, 179, 0)
False, True, 0.1488, (0, 297, 126, 66, 339, 293, 89, 17, 412, 83, 66, 126, 297, 0)
False, True, 0.1604, (0, 414, 217, 236, 231, 59, 187, 362, 136, 59, 236, 217, 414, 0)
False, True, 0.1048, (0, 180, 48, 12, 107, 306, 314, 148, 85, 12, 48, 180, 81, 0)
True, True, 0.0167, (0, 273, 234, 405, 168, 272, 214, 198, 52, 95, 328, 213, 279, 0)
True, True, 0.1276, (0, 273, 234, 405, 168, 95, 52, 198, 214, 357, 363, 300, 424, 0)
True, True, 0.0631, (0, 224, 188, 369, 336, 304, 419, 405, 168, 95, 328, 213, 279, 0)
True, True, 0.0613, (0, 249, 325, 237, 393, 221, 342, 360, 242, 337, 433, 377, 115, 0)
True, True, 0.0923, (0, 83, 339, 293, 89, 17, 403, 384, 407, 416, 418, 206, 43, 0)
True, True, 0.0505, (0, 136, 187, 362, 32, 82, 147, 143, 60, 104, 185, 23, 93, 0)
False, True, 0.3309, (0, 38, 194, 50, 436, 373, 14, 261, 262, 307, 18, 50, 194, 0)
False, True, 0.2414, (0, 364, 259, 30, 417, 368, 290, 356, 125, 190, 30, 259, 364, 0)
False, True, 0.2252, (0, 179, 124, 99, 77, 399, 106, 216, 182, 78, 256, 96, 124, 0)
False, True, 0.0251, (0, 437, 44, 149, 422, 353, 195, 270, 308, 202, 422, 44, 437, 0)
True, True, 0.2681, (0, 72, 97, 400, 267, 386, 299, 223, 349, 425, 133, 370, 169, 0)
False, True, 0.0074, (0, 207, 58, 161, 287, 395, 184, 390, 397, 387, 134, 207, 333, 0)
False, True, 0.0638, (0, 38, 194, 50, 436, 373, 14, 262, 307, 18, 50, 194, 38, 0)
False, True, 0.0618, (0, 437, 44, 149, 422, 353, 195, 270, 308, 202, 422, 149, 172, 0)
True, True, 0.129, (0, 258, 70, 129, 191, 158, 29, 87, 102, 119, 76, 201, 203, 0)
False, True, 0.0437, (0, 437, 44, 149, 422, 353, 195, 270, 308, 202, 149, 44, 437, 0)
False, True, 0.2878, (0, 53, 170, 183, 205, 219, 142, 199, 151, 163, 183, 170, 53, 0)
True, True, 0.2239, (0, 167, 247, 40, 127, 102, 87, 29, 158, 191, 129, 70, 93, 0)
False, True, 0.156, (0, 105, 434, 2, 169, 3, 370, 133, 311, 8, 434, 2, 105, 0)
True, True, 0.0992, (0, 197, 7, 91, 118, 173, 88, 210, 22, 56, 75, 196, 140, 0)
True, True, 0.0904, (0, 128, 186, 164, 51, 100, 54, 94, 212, 46, 49, 45, 277, 0)
False, True, 0.0524, (0, 244, 11, 209, 354, 74, 63, 117, 103, 13, 11, 244, 292, 0)
False, True, 0.2428, (0, 146, 25, 334, 144, 431, 61, 189, 79, 176, 204, 25, 146, 0)
False, True, 0.112, (0, 287, 395, 184, 390, 371, 109, 90, 62, 390, 184, 395, 287, 0)
False, True, 0.0924, (0, 36, 373, 436, 18, 307, 262, 261, 258, 93, 14, 18, 50, 0)
False, True, 0.3026, (0, 150, 284, 269, 120, 316, 114, 279, 320, 273, 224, 282, 150, 0)
False, True, 0.0692, (0, 85, 68, 69, 277, 45, 94, 212, 46, 49, 167, 69, 68, 0)
False, True, 0.0108, (0, 244, 11, 209, 354, 74, 63, 117, 103, 13, 11, 244, 382, 0)
False, True, 0.0747, (0, 265, 313, 174, 160, 291, 178, 222, 310, 292, 174, 313, 265, 0)
False, True, 0.4293, (0, 132, 4, 84, 181, 21, 378, 112, 16, 67, 230, 34, 4, 0)
False, True, 0.1897, (0, 231, 358, 295, 359, 365, 429, 355, 254, 9, 295, 358, 231, 0)
True, True, 0.1121, (0, 105, 434, 8, 311, 133, 425, 223, 349, 410, 370, 3, 348, 0)
True, True, 0.0448, (0, 62, 371, 113, 116, 274, 196, 75, 56, 22, 210, 88, 344, 0)
True, True, 0.0448, (0, 88, 210, 22, 56, 75, 196, 274, 116, 113, 90, 109, 371, 0)
False, True, 0.1095, (0, 36, 436, 373, 93, 258, 261, 262, 307, 14, 436, 373, 36, 0)
False, True, 0.1654, (0, 38, 156, 427, 36, 398, 317, 276, 415, 36, 427, 156, 38, 0)
True, True, 0.0228, (0, 231, 358, 295, 359, 365, 263, 276, 317, 398, 36, 194, 38, 0)
False, True, 0.4053, (0, 332, 120, 316, 114, 279, 320, 273, 224, 282, 284, 269, 332, 0)
False, True, 0.1696, (0, 335, 42, 239, 281, 211, 347, 43, 296, 375, 218, 239, 42, 0)
False, True, 0.0569, (0, 404, 381, 346, 162, 435, 166, 345, 385, 438, 312, 381, 404, 0)
True, True, 0.1295, (0, 423, 391, 372, 264, 315, 86, 352, 303, 245, 241, 242, 377, 0)
True, True, 0.1198, (0, 169, 370, 133, 425, 223, 349, 410, 267, 386, 400, 97, 72, 0)
True, True, 0.0448, (0, 62, 109, 90, 113, 116, 274, 196, 75, 56, 22, 210, 88, 0)
True, True, 0.044, (0, 348, 411, 97, 400, 299, 386, 267, 410, 370, 8, 434, 105, 0)
True, True, 0.0121, (0, 169, 370, 133, 425, 349, 223, 299, 400, 97, 410, 411, 348, 0)
False, True, 0.1675, (0, 207, 134, 397, 390, 184, 395, 287, 387, 134, 426, 176, 204, 0)
False, True, 0.0848, (0, 132, 4, 34, 230, 67, 16, 112, 378, 21, 181, 84, 132, 0)
True, True, 0.0737, (0, 44, 422, 353, 195, 270, 406, 71, 92, 275, 41, 155, 326, 0)
False, True, 0.0054, (0, 180, 107, 85, 314, 306, 53, 20, 111, 148, 85, 107, 180, 0)
True, True, 0.0632, (0, 357, 123, 64, 10, 37, 301, 379, 117, 63, 74, 354, 209, 0)
True, True, 0.1, (0, 348, 411, 410, 97, 400, 299, 223, 349, 425, 311, 8, 2, 0)
False, True, 0.4859, (0, 24, 157, 135, 177, 152, 408, 302, 255, 327, 389, 343, 24, 0)
False, True, 0.0806, (0, 282, 224, 188, 369, 336, 304, 419, 405, 234, 273, 224, 282, 0)
True, True, 0.0393, (0, 167, 247, 40, 76, 119, 87, 29, 158, 191, 129, 70, 93, 0)
True, True, 0.1194, (0, 353, 325, 237, 393, 280, 241, 360, 242, 342, 221, 377, 115, 0)
True, True, 0.0129, (0, 91, 118, 173, 210, 22, 56, 75, 196, 116, 113, 274, 140, 0)
True, True, 0.0507, (0, 189, 61, 130, 80, 88, 173, 118, 91, 7, 197, 344, 144, 0)
False, True, 0.159, (0, 146, 334, 144, 431, 344, 197, 7, 154, 431, 144, 334, 146, 0)
True, True, 0.0557, (0, 258, 70, 129, 191, 158, 29, 87, 119, 76, 40, 247, 167, 0)
True, True, 0.129, (0, 258, 70, 129, 191, 158, 29, 87, 127, 119, 76, 201, 203, 0)
False, True, 0.3378, (0, 207, 58, 161, 387, 397, 390, 184, 395, 287, 161, 58, 207, 0)
True, True, 0.1765, (0, 415, 398, 317, 226, 278, 33, 298, 288, 55, 263, 429, 254, 0)
True, True, 0.2125, (0, 265, 382, 292, 178, 310, 222, 125, 190, 356, 290, 368, 417, 0)
True, True, 0.0565, (0, 228, 162, 435, 166, 345, 250, 421, 409, 110, 388, 225, 303, 0)
False, True, 0.0194, (0, 325, 237, 393, 221, 342, 242, 360, 241, 280, 393, 237, 325, 0)
True, True, 0.1779, (0, 415, 276, 226, 278, 33, 298, 288, 55, 263, 365, 9, 254, 0)
True, True, 0.0012, (0, 423, 372, 264, 352, 315, 86, 225, 388, 409, 110, 303, 241, 0)
True, True, 0.0238, (0, 226, 278, 318, 294, 23, 93, 258, 261, 262, 14, 307, 18, 0)
False, True, 0.147, (0, 373, 436, 18, 307, 262, 261, 258, 93, 14, 436, 373, 36, 0)
True, True, 0.0565, (0, 372, 264, 352, 315, 86, 225, 388, 110, 409, 421, 250, 438, 0)
True, True, 0.0213, (0, 218, 392, 139, 200, 145, 122, 366, 407, 416, 418, 206, 43, 0)
False, True, 0.0054, (0, 48, 12, 85, 314, 306, 53, 20, 111, 148, 85, 12, 48, 0)
False, True, 0.2021, (0, 195, 237, 393, 280, 241, 360, 242, 342, 221, 393, 237, 121, 0)
False, True, 0.0999, (0, 124, 265, 313, 174, 291, 160, 292, 382, 192, 235, 165, 124, 0)
True, True, 0.022, (0, 231, 358, 295, 359, 365, 429, 355, 276, 317, 398, 427, 156, 0)
True, True, 0.0467, (0, 254, 429, 263, 55, 288, 298, 33, 278, 226, 276, 415, 156, 0)
True, True, 0.0211, (0, 328, 198, 272, 64, 123, 37, 10, 301, 379, 103, 13, 171, 0)
False, True, 0.06, (0, 195, 237, 393, 280, 241, 360, 242, 342, 221, 393, 237, 195, 0)
False, True, 0.0885, (0, 207, 134, 397, 390, 184, 395, 287, 387, 134, 426, 5, 204, 0)
False, True, 0.0358, (0, 204, 5, 426, 367, 131, 6, 80, 130, 61, 189, 79, 204, 0)
False, True, 0.0186, (0, 231, 59, 136, 187, 362, 305, 238, 365, 359, 295, 358, 231, 0)
True, True, 0.0271, (0, 421, 418, 416, 407, 366, 122, 145, 200, 139, 57, 296, 375, 0)
False, True, 0.2128, (0, 283, 323, 246, 138, 376, 350, 286, 341, 98, 137, 251, 283, 0)
True, True, 0.0396, (0, 387, 184, 390, 371, 62, 109, 90, 113, 116, 274, 140, 1, 0)
False, True, 0.1231, (0, 44, 422, 195, 121, 325, 249, 227, 380, 268, 229, 324, 44, 0)
False, True, 0.1027, (0, 163, 151, 142, 219, 205, 150, 284, 269, 150, 205, 219, 142, 0)
True, True, 0.1053, (0, 171, 13, 103, 379, 301, 10, 37, 123, 64, 272, 328, 213, 0)
True, True, 0.0172, (0, 18, 14, 262, 261, 258, 93, 23, 294, 318, 288, 55, 263, 0)
True, True, 0.0211, (0, 171, 13, 103, 379, 301, 10, 37, 123, 64, 272, 52, 328, 0)
True, True, 0.0211, (0, 171, 13, 103, 379, 301, 10, 37, 123, 64, 272, 214, 328, 0)
True, True, 0.0565, (0, 211, 347, 206, 418, 416, 407, 384, 403, 17, 89, 293, 339, 0)
False, True, 0.0021, (0, 170, 142, 219, 205, 150, 332, 120, 269, 284, 150, 205, 183, 0)
True, True, 0.0906, (0, 115, 377, 433, 337, 242, 360, 342, 221, 393, 237, 325, 353, 0)
True, True, 0.0293, (0, 297, 126, 66, 339, 83, 412, 89, 293, 428, 402, 285, 47, 0)
all_elementary, False
all_cyc2, True
