Instance, X-n491-k59
capacity, 428
min_trucks, 59
output_file, output_uchoa/X-n491-k59-cyc2.log
Start date, 2022-07-05
Start time, 10-54-44
capacity, 428
num_vehicles, 59
abort_early, False
methods, ['cyc2']
max_vars, 100
time_limit, 86400
farley, False
ESPPRC_heur, True
initial time, initial max_it, max_stale_it
1, 20000.0, 20
heuristic Number of routes, heuristic Best Solution Value, heuristic number of iterations, adjusted time, adjusted max_it, measured total time
701522, 67201.0, 20000, 1, 20000.0, 51294.4
method, python time, total time, propagated dominance time, unpropagated dominance time, pricing_success, upper_bound, lower_bound, abort_early, num_paths, 
ESPPRC_heur, 0.1, 11.6, 8.5, 1.4, 0, 65968.0967, 50685.5848, True, 4543
ESPPRC_heur, 0.0, 10.8, 7.8, 1.3, 0, 65968.0967, 63749.3446, True, 155
ESPPRC_heur, 0.1, 10.6, 7.7, 1.3, 0, 65963.9806, 65557.6903, True, 40
ESPPRC_heur, 0.1, 10.6, 7.7, 1.3, 0, 65961.3598, 65739.2121, True, 10
ESPPRC_heur, -0.0, 10.4, 7.5, 1.3, 0, 65960.5216, 65126.3798, True, 2
ESPPRC_heur, -0.0, 10.4, 7.5, 1.3, 0, 65960.5216, 65842.5216, True, 2
cyc2, 0.3, 257.4, 0.0, 0.0, 1, 65960.3352, 58348.7294, 0, 19259
ESPPRC_heur, 0.0, 10.5, 7.6, 1.3, 0, 65947.0685, 64018.7966, True, 39
ESPPRC_heur, 0.0, 10.3, 7.4, 1.3, 0, 65943.1006, 65650.3482, True, 4
cyc2, 0.3, 254.7, 0.0, 0.0, 1, 65943.1006, 61356.5581, 0, 13054
ESPPRC_heur, 0.0, 10.7, 7.8, 1.3, 0, 65874.5729, 64888.5503, True, 49
ESPPRC_heur, 0.0, 10.4, 7.5, 1.3, 0, 65871.5694, 65721.0407, True, 8
cyc2, 0.3, 262.8, 0.0, 0.0, 1, 65871.3447, 62373.1701, 0, 8133
ESPPRC_heur, 0.0, 11.0, 7.9, 1.5, 0, 65782.1194, 65254.1989, True, 14
ESPPRC_heur, 0.0, 11.1, 8.0, 1.5, 0, 65781.7527, 65245.688, True, 5
ESPPRC_heur, 0.0, 11.0, 7.9, 1.5, 0, 65781.4303, 65684.6789, True, 2
cyc2, 0.4, 266.7, 0.0, 0.0, 1, 65781.4303, 61549.7591, 0, 7645
ESPPRC_heur, 0.0, 10.7, 7.7, 1.4, 0, 65757.6237, 65409.5102, True, 13
ESPPRC_heur, 0.0, 11.1, 8.0, 1.5, 0, 65756.7846, 65695.934, True, 3
cyc2, 0.3, 265.2, 0.0, 0.0, 1, 65756.7391, 62892.4706, 0, 6315
ESPPRC_heur, 0.1, 11.6, 8.6, 1.5, 0, 65701.4432, 65339.3176, True, 19
ESPPRC_heur, -0.0, 11.7, 8.5, 1.6, 0, 65699.8795, 65642.0239, True, 6
cyc2, 0.3, 262.5, 0.0, 0.0, 1, 65699.8753, 62028.1782, 0, 5505
ESPPRC_heur, 0.1, 10.8, 7.8, 1.4, 0, 65684.353, 65240.4652, True, 26
ESPPRC_heur, 0.1, 10.4, 7.5, 1.3, 0, 65683.6169, 65495.154, True, 6
ESPPRC_heur, 0.0, 10.6, 7.6, 1.3, 0, 65683.2922, 65682.0432, True, 1
cyc2, 0.3, 262.4, 0.0, 0.0, 1, 65683.2917, 62802.1061, 0, 5774
ESPPRC_heur, 0.0, 10.7, 7.7, 1.3, 0, 65653.5341, 65292.0621, True, 22
cyc2, 0.3, 261.9, 0.0, 0.0, 1, 65653.4308, 63239.616, 0, 4884
ESPPRC_heur, -0.0, 11.7, 8.5, 1.6, 0, 65607.9986, 65251.8087, True, 25
ESPPRC_heur, 0.0, 11.3, 8.2, 1.5, 0, 65606.5935, 65503.0481, True, 5
cyc2, 0.3, 262.0, 0.0, 0.0, 1, 65606.5439, 63632.4121, 0, 3371
ESPPRC_heur, -0.0, 11.8, 8.6, 1.6, 0, 65545.8152, 65014.6804, True, 18
ESPPRC_heur, 0.0, 11.5, 8.4, 1.5, 0, 65545.217, 65534.9085, True, 3
cyc2, 0.3, 263.8, 0.0, 0.0, 1, 65545.2152, 63522.1876, 0, 2532
ESPPRC_heur, 0.1, 11.9, 8.7, 1.6, 0, 65511.0412, 64985.8194, True, 35
ESPPRC_heur, 0.0, 11.8, 8.6, 1.6, 0, 65510.9455, 65397.5358, True, 2
ESPPRC_heur, 0.0, 11.8, 8.6, 1.6, 0, 65510.733, 65451.733, True, 1
cyc2, 0.3, 265.7, 0.0, 0.0, 1, 65510.6822, 63579.4737, 0, 1910
ESPPRC_heur, -0.0, 13.0, 9.5, 1.7, 0, 65489.2198, 64929.8533, True, 17
ESPPRC_heur, 0.0, 12.6, 9.3, 1.7, 0, 65488.7603, 65318.6566, True, 2
cyc2, 0.3, 264.6, 0.0, 0.0, 1, 65488.7498, 64399.0315, 0, 1305
ESPPRC_heur, 0.0, 12.3, 9.0, 1.6, 0, 65474.1282, 65051.93, True, 17
cyc2, 0.4, 264.6, 0.0, 0.0, 1, 65473.704, 64270.5149, 0, 1219
ESPPRC_heur, 0.1, 12.9, 9.5, 1.7, 0, 65457.7389, 65038.5824, True, 24
cyc2, 0.3, 265.8, 0.0, 0.0, 1, 65457.7384, 64653.0354, 0, 934
ESPPRC_heur, 0.0, 12.4, 9.1, 1.6, 0, 65448.7453, 65123.9963, True, 10
ESPPRC_heur, -0.0, 12.7, 9.3, 1.7, 0, 65448.3617, 65417.0385, True, 4
cyc2, 0.3, 264.1, 0.0, 0.0, 1, 65448.3617, 64768.738, 0, 643
ESPPRC_heur, 0.0, 12.7, 9.3, 1.7, 0, 65438.2298, 65305.7978, True, 9
ESPPRC_heur, 0.0, 12.7, 9.3, 1.7, 0, 65438.1591, 65432.759, True, 1
cyc2, 0.3, 265.0, 0.0, 0.0, 1, 65438.1591, 64838.6785, 0, 474
ESPPRC_heur, 0.0, 12.4, 9.1, 1.6, 0, 65432.3387, 65348.2936, True, 8
ESPPRC_heur, 0.0, 12.4, 9.1, 1.6, 0, 65432.2537, 65332.2839, True, 5
cyc2, 0.3, 263.1, 0.0, 0.0, 1, 65432.2376, 64674.3699, 0, 326
ESPPRC_heur, 0.1, 13.2, 9.8, 1.7, 0, 65428.9355, 65346.5375, True, 6
cyc2, 0.3, 264.8, 0.0, 0.0, 1, 65428.9039, 65015.9589, 0, 244
ESPPRC_heur, -0.0, 13.3, 9.8, 1.8, 0, 65427.3836, 65288.3022, True, 3
cyc2, 0.3, 263.9, 0.0, 0.0, 1, 65427.3687, 65191.5916, 0, 181
ESPPRC_heur, 0.0, 12.5, 9.2, 1.7, 0, 65426.2268, 65397.181, True, 2
cyc2, 0.3, 265.7, 0.0, 0.0, 1, 65426.2253, 65254.8753, 0, 72
cyc2, 0.3, 264.1, 0.0, 0.0, 1, 65425.87, 65341.456, 0, 21
cyc2, 0.3, 264.3, 0.0, 0.0, 1, 65425.8268, 65425.8268, 0, 0
scip_total_time, 58566.686623
Solval, number of paths, impact cutoff
65425.82675861967, 430, 0.0001
Elementary, 2-Cycle, Path Value, Path
True, True, 0.4369, (0, 385, 0)
True, True, 0.2581, (0, 31, 155, 101, 144, 178, 220, 58, 156, 0)
True, True, 0.1279, (0, 62, 192, 138, 119, 43, 232, 219, 115, 120, 223, 103, 0)
True, True, 0.0381, (0, 467, 202, 105, 348, 275, 10, 341, 376, 0)
True, True, 0.1404, (0, 378, 210, 164, 73, 69, 29, 48, 142, 88, 408, 0)
True, True, 0.1488, (0, 138, 167, 23, 119, 43, 232, 219, 115, 201, 0)
True, True, 0.7075, (0, 155, 101, 144, 178, 220, 58, 156, 98, 0)
True, True, 0.1259, (0, 249, 337, 342, 424, 440, 426, 355, 0)
True, True, 0.1269, (0, 56, 238, 151, 175, 4, 63, 327, 0)
True, True, 0.4128, (0, 363, 267, 427, 439, 453, 209, 0)
True, True, 0.6147, (0, 331, 352, 154, 417, 349, 132, 0)
True, True, 0.6, (0, 469, 17, 33, 414, 231, 421, 0)
True, True, 0.2259, (0, 215, 320, 216, 257, 487, 396, 162, 379, 0)
True, True, 0.1171, (0, 103, 201, 120, 115, 219, 232, 43, 23, 167, 62, 0)
True, True, 0.3731, (0, 63, 4, 175, 151, 130, 165, 0)
True, True, 0.6317, (0, 356, 406, 404, 326, 302, 283, 0)
True, True, 0.3, (0, 246, 364, 193, 200, 465, 466, 485, 0)
True, True, 0.159, (0, 301, 154, 266, 343, 70, 447, 54, 434, 0)
True, True, 0.2204, (0, 173, 330, 470, 82, 256, 172, 18, 106, 369, 0)
True, True, 0.1835, (0, 55, 386, 395, 316, 389, 227, 300, 0)
True, True, 0.0998, (0, 229, 216, 257, 134, 484, 464, 446, 126, 383, 0)
True, True, 0.2955, (0, 132, 407, 390, 280, 486, 26, 474, 35, 418, 0)
True, True, 0.6719, (0, 122, 13, 399, 436, 444, 150, 0)
True, True, 0.0158, (0, 201, 115, 219, 232, 43, 119, 23, 167, 163, 62, 0)
True, True, 0.0807, (0, 363, 274, 354, 477, 342, 337, 426, 272, 355, 0)
True, True, 0.0414, (0, 113, 88, 142, 48, 29, 69, 73, 181, 0)
True, True, 0.0981, (0, 244, 140, 49, 4, 175, 151, 238, 0)
True, True, 0.0141, (0, 383, 126, 446, 257, 134, 484, 487, 216, 215, 0)
True, True, 0.014, (0, 394, 477, 480, 306, 468, 191, 440, 424, 0)
True, True, 0.5429, (0, 246, 364, 193, 200, 466, 485, 433, 473, 0)
True, True, 0.1571, (0, 433, 466, 465, 200, 193, 364, 246, 0)
True, True, 0.0995, (0, 61, 184, 135, 74, 1, 240, 168, 97, 131, 93, 107, 228, 279, 0)
True, True, 0.1818, (0, 408, 88, 142, 48, 29, 69, 73, 210, 27, 0)
True, True, 0.1632, (0, 425, 360, 464, 484, 487, 257, 216, 229, 0)
True, True, 0.0647, (0, 149, 99, 112, 478, 47, 11, 67, 367, 221, 129, 174, 0)
True, True, 0.0158, (0, 50, 30, 167, 23, 119, 232, 43, 115, 120, 201, 0)
True, True, 0.2478, (0, 410, 336, 87, 271, 125, 196, 89, 463, 339, 0)
True, True, 0.3151, (0, 262, 259, 369, 18, 106, 362, 475, 350, 0)
True, True, 0.1, (0, 431, 235, 37, 133, 111, 153, 195, 0)
True, True, 0.0986, (0, 295, 32, 361, 332, 471, 461, 0)
True, True, 0.2667, (0, 357, 434, 447, 70, 343, 266, 352, 0)
True, True, 0.0426, (0, 483, 283, 302, 209, 401, 326, 413, 0)
True, True, 0.1186, (0, 418, 35, 46, 390, 349, 154, 352, 331, 0)
True, True, 0.2644, (0, 55, 386, 395, 389, 458, 227, 393, 0)
True, True, 0.1088, (0, 259, 369, 106, 18, 82, 470, 362, 330, 475, 0)
True, True, 0.0035, (0, 283, 302, 209, 401, 404, 406, 413, 0)
True, True, 0.3329, (0, 130, 238, 60, 236, 80, 72, 233, 0)
True, True, 0.2573, (0, 118, 230, 146, 96, 77, 462, 270, 0)
True, True, 0.8385, (0, 481, 249, 274, 354, 338, 314, 365, 0)
True, True, 0.1585, (0, 118, 143, 270, 462, 204, 146, 230, 0)
True, True, 0.065, (0, 66, 229, 126, 446, 257, 134, 484, 464, 360, 425, 0)
True, True, 0.1279, (0, 483, 326, 401, 285, 404, 406, 413, 0)
True, True, 0.1799, (0, 201, 120, 115, 219, 232, 43, 23, 167, 137, 62, 0)
True, True, 0.1882, (0, 203, 300, 393, 87, 124, 490, 336, 0)
True, True, 0.1871, (0, 221, 367, 67, 11, 47, 478, 112, 305, 99, 0)
True, True, 0.0571, (0, 353, 391, 282, 468, 306, 480, 477, 0)
True, True, 0.2714, (0, 384, 479, 455, 264, 327, 319, 278, 0)
True, True, 0.2, (0, 473, 489, 170, 371, 123, 75, 0)
True, True, 0.3216, (0, 419, 247, 442, 464, 484, 134, 446, 126, 229, 66, 0)
True, True, 0.4016, (0, 353, 440, 191, 468, 282, 306, 480, 477, 0)
True, True, 0.1061, (0, 118, 59, 270, 462, 214, 96, 77, 206, 379, 0)
True, True, 0.0909, (0, 408, 113, 88, 142, 48, 29, 69, 73, 210, 378, 0)
True, True, 0.0839, (0, 149, 99, 112, 177, 125, 271, 124, 87, 490, 410, 0)
True, True, 0.1032, (0, 333, 22, 83, 441, 463, 89, 196, 125, 271, 149, 0)
True, True, 0.3972, (0, 64, 206, 141, 162, 396, 487, 216, 66, 0)
True, True, 0.1699, (0, 95, 129, 221, 367, 67, 11, 47, 478, 177, 112, 0)
True, True, 0.1286, (0, 485, 423, 278, 319, 327, 264, 455, 479, 0)
True, True, 0.0514, (0, 266, 343, 70, 447, 54, 434, 349, 301, 0)
True, True, 0.2, (0, 469, 17, 231, 414, 33, 75, 431, 0)
True, True, 0.1902, (0, 150, 409, 312, 44, 188, 263, 0)
True, True, 0.1298, (0, 373, 377, 86, 399, 436, 150, 0)
True, True, 0.0826, (0, 227, 333, 22, 83, 442, 247, 315, 370, 316, 0)
True, True, 0.0456, (0, 475, 470, 82, 256, 172, 18, 106, 0)
True, True, 0.2, (0, 431, 75, 33, 414, 231, 421, 0)
True, True, 0.2721, (0, 329, 375, 100, 51, 85, 94, 256, 82, 470, 362, 330, 173, 350, 0)
True, True, 0.1192, (0, 203, 55, 386, 395, 389, 370, 316, 14, 5, 0)
True, True, 0.01, (0, 174, 95, 129, 221, 367, 67, 11, 305, 99, 149, 0)
True, True, 0.0258, (0, 331, 301, 266, 343, 70, 447, 54, 434, 357, 0)
True, True, 0.167, (0, 436, 399, 86, 377, 373, 122, 0)
True, True, 0.1679, (0, 339, 333, 22, 83, 441, 463, 89, 196, 125, 177, 0)
True, True, 0.2513, (0, 57, 221, 367, 67, 11, 47, 478, 177, 112, 99, 149, 84, 0)
True, True, 0.4, (0, 235, 37, 133, 111, 153, 195, 0)
True, True, 0.0968, (0, 118, 239, 109, 64, 116, 45, 161, 145, 0)
True, True, 0.11, (0, 460, 229, 126, 446, 257, 487, 484, 134, 360, 425, 0)
True, True, 0.2356, (0, 394, 477, 480, 468, 282, 451, 391, 0)
True, True, 0.1231, (0, 198, 129, 221, 367, 67, 11, 305, 99, 149, 0)
True, True, 0.0605, (0, 173, 330, 362, 470, 82, 256, 94, 85, 172, 369, 0)
True, True, 0.0102, (0, 56, 238, 226, 60, 236, 80, 72, 233, 203, 0)
True, True, 0.211, (0, 391, 451, 248, 324, 41, 254, 306, 480, 0)
True, True, 0.2714, (0, 456, 479, 455, 264, 319, 465, 433, 0)
True, True, 0.0218, (0, 445, 32, 361, 332, 251, 472, 0)
True, True, 0.3286, (0, 170, 479, 455, 264, 327, 319, 278, 423, 0)
True, True, 0.211, (0, 477, 306, 282, 468, 191, 424, 272, 0)
True, True, 0.0451, (0, 339, 89, 463, 441, 83, 22, 442, 247, 360, 419, 425, 0)
True, True, 0.031, (0, 152, 457, 294, 317, 397, 242, 411, 388, 438, 0)
True, True, 0.2214, (0, 286, 376, 348, 105, 202, 467, 42, 0)
True, True, 0.0939, (0, 160, 8, 185, 92, 305, 11, 67, 367, 221, 129, 0)
True, True, 0.0515, (0, 448, 404, 285, 445, 295, 287, 443, 209, 302, 0)
True, True, 0.0807, (0, 272, 424, 191, 468, 282, 306, 480, 394, 0)
True, True, 0.0576, (0, 460, 383, 425, 126, 446, 257, 487, 396, 162, 379, 0)
True, True, 0.0249, (0, 424, 440, 391, 411, 388, 438, 0)
True, True, 0.234, (0, 353, 191, 451, 41, 324, 248, 415, 437, 254, 416, 321, 380, 0)
True, True, 0.0178, (0, 350, 470, 82, 256, 172, 18, 106, 369, 54, 0)
True, True, 0.1639, (0, 393, 339, 463, 89, 196, 271, 124, 336, 0)
True, True, 0.1971, (0, 103, 201, 120, 115, 219, 23, 167, 138, 192, 174, 0)
True, True, 0.1096, (0, 302, 209, 443, 295, 445, 285, 406, 0)
True, True, 0.0046, (0, 228, 107, 189, 19, 108, 93, 131, 74, 16, 0)
True, True, 0.0179, (0, 460, 229, 216, 257, 487, 396, 162, 206, 379, 0)
True, True, 0.0245, (0, 391, 451, 41, 324, 437, 254, 306, 0)
True, True, 0.2247, (0, 298, 78, 375, 100, 51, 85, 94, 172, 256, 82, 470, 330, 173, 0)
True, True, 0.2058, (0, 56, 226, 60, 236, 145, 128, 255, 151, 0)
True, True, 0.004, (0, 370, 402, 304, 22, 83, 441, 463, 89, 196, 271, 0)
True, True, 0.0845, (0, 370, 318, 419, 360, 247, 442, 83, 22, 333, 339, 0)
True, True, 0.0389, (0, 339, 89, 463, 441, 83, 442, 247, 419, 318, 425, 0)
True, True, 0.0332, (0, 103, 201, 120, 115, 219, 232, 43, 167, 138, 192, 0)
True, True, 0.3926, (0, 147, 252, 139, 297, 15, 39, 31, 351, 68, 0)
True, True, 0.0981, (0, 244, 140, 49, 175, 151, 238, 130, 165, 0)
True, True, 0.2215, (0, 380, 416, 276, 450, 323, 415, 248, 324, 41, 451, 391, 0)
True, True, 0.2304, (0, 224, 300, 393, 389, 395, 55, 0)
True, True, 0.0557, (0, 209, 401, 443, 287, 295, 445, 285, 356, 413, 0)
True, True, 0.0678, (0, 66, 229, 216, 257, 134, 484, 442, 247, 360, 425, 383, 0)
True, True, 0.0036, (0, 391, 451, 41, 324, 248, 415, 437, 416, 321, 311, 380, 0)
True, True, 0.1513, (0, 292, 457, 294, 397, 190, 261, 345, 411, 388, 317, 0)
True, True, 0.0141, (0, 383, 425, 360, 464, 484, 487, 216, 320, 0)
True, True, 0.1019, (0, 310, 100, 51, 85, 94, 172, 18, 369, 0)
True, True, 0.0842, (0, 206, 77, 214, 204, 146, 230, 118, 0)
True, True, 0.1, (0, 149, 99, 185, 305, 11, 67, 367, 221, 129, 95, 174, 0)
True, True, 0.0911, (0, 370, 315, 247, 442, 464, 134, 446, 126, 383, 0)
True, True, 0.0571, (0, 209, 443, 295, 445, 285, 404, 356, 413, 0)
True, True, 0.2502, (0, 24, 61, 184, 135, 74, 16, 71, 244, 90, 136, 165, 0)
True, True, 0.1161, (0, 410, 124, 87, 393, 300, 203, 0)
True, True, 0.5, (0, 448, 179, 117, 111, 133, 37, 235, 0)
True, True, 0.0074, (0, 378, 121, 114, 180, 189, 19, 93, 131, 74, 16, 71, 0)
False, True, 0.0172, (0, 183, 289, 224, 84, 289, 224, 84, 289, 224, 84, 289, 183, 101, 0)
False, True, 0.1568, (0, 91, 3, 207, 102, 57, 207, 3, 53, 0)
False, True, 0.3027, (0, 203, 233, 183, 289, 224, 84, 289, 183, 233, 0)
False, True, 0.2, (0, 212, 2, 307, 81, 2, 307, 81, 2, 420, 179, 0)
False, True, 0.1568, (0, 3, 102, 207, 57, 102, 207, 213, 0)
False, True, 0.0393, (0, 420, 307, 81, 2, 307, 81, 2, 307, 81, 0)
False, True, 0.1865, (0, 213, 91, 207, 102, 57, 207, 102, 91, 213, 0)
False, True, 0.3112, (0, 65, 199, 28, 40, 199, 28, 40, 199, 28, 65, 0)
False, True, 0.4825, (0, 34, 35, 474, 42, 405, 34, 0)
False, True, 0.2259, (0, 212, 9, 328, 358, 483, 413, 358, 9, 0)
False, True, 0.3132, (0, 217, 137, 50, 30, 163, 20, 30, 163, 20, 137, 217, 0)
False, True, 0.1554, (0, 71, 1, 182, 79, 25, 230, 146, 25, 79, 182, 168, 240, 0)
False, True, 0.2727, (0, 27, 164, 73, 69, 29, 48, 164, 210, 27, 0)
False, True, 0.4169, (0, 72, 166, 344, 158, 166, 80, 5, 0)
False, True, 0.2329, (0, 179, 9, 328, 358, 483, 413, 358, 328, 0)
False, True, 0.4, (0, 281, 36, 429, 322, 36, 281, 0)
True, True, 0.1364, (0, 335, 408, 113, 88, 142, 48, 69, 73, 164, 210, 27, 0)
False, True, 0.2872, (0, 68, 53, 263, 188, 91, 3, 188, 263, 213, 53, 0)
False, True, 0.0436, (0, 382, 334, 313, 382, 334, 313, 260, 334, 382, 0)
False, True, 0.0002, (0, 382, 334, 313, 260, 334, 313, 260, 334, 382, 0)
False, True, 0.0895, (0, 113, 88, 142, 48, 29, 142, 88, 113, 104, 0)
False, True, 0.1296, (0, 269, 104, 454, 308, 237, 454, 308, 237, 454, 104, 269, 0)
False, True, 0.0468, (0, 113, 88, 142, 48, 29, 142, 88, 113, 408, 0)
False, True, 0.1667, (0, 153, 117, 195, 153, 117, 195, 153, 0)
False, True, 0.0722, (0, 385, 334, 313, 382, 334, 313, 260, 334, 382, 0)
True, True, 0.095, (0, 27, 210, 164, 73, 69, 29, 142, 88, 113, 104, 187, 0)
True, True, 0.0984, (0, 461, 453, 291, 332, 361, 32, 401, 0)
False, True, 0.0061, (0, 149, 99, 8, 185, 127, 92, 52, 127, 185, 99, 149, 84, 0)
False, True, 0.1067, (0, 62, 50, 192, 138, 119, 232, 43, 119, 23, 167, 50, 62, 0)
False, True, 0.0816, (0, 160, 185, 92, 52, 127, 92, 52, 127, 92, 52, 0)
False, True, 0.0568, (0, 327, 211, 245, 165, 211, 245, 165, 211, 245, 165, 211, 327, 0)
False, True, 0.1581, (0, 351, 410, 336, 490, 124, 87, 490, 336, 410, 224, 351, 0)
False, True, 0.0921, (0, 137, 50, 167, 23, 119, 232, 43, 119, 138, 192, 62, 0)
False, True, 0.0172, (0, 220, 58, 224, 289, 183, 224, 84, 289, 183, 0)
False, True, 0.2568, (0, 438, 482, 388, 258, 397, 242, 258, 397, 317, 0)
False, True, 0.2, (0, 429, 322, 36, 429, 322, 0)
False, True, 0.2101, (0, 147, 252, 139, 297, 15, 139, 252, 0)
False, True, 0.5, (0, 14, 171, 347, 383, 171, 347, 460, 0)
False, True, 0.3184, (0, 160, 8, 185, 127, 92, 52, 127, 185, 8, 160, 0)
True, True, 0.0862, (0, 425, 360, 247, 442, 464, 134, 257, 446, 126, 66, 460, 0)
False, True, 0.5, (0, 76, 241, 169, 375, 310, 169, 241, 76, 0)
False, True, 0.0228, (0, 351, 31, 39, 297, 15, 39, 297, 139, 0)
False, True, 0.0818, (0, 21, 253, 225, 222, 253, 225, 222, 253, 7, 422, 0)
False, True, 0.1, (0, 281, 429, 322, 281, 429, 322, 0)
True, True, 0.2203, (0, 292, 457, 294, 242, 190, 261, 345, 411, 388, 482, 448, 0)
False, True, 0.5, (0, 208, 476, 431, 148, 476, 208, 0)
False, True, 0.3806, (0, 378, 121, 114, 180, 189, 19, 180, 114, 121, 181, 378, 0)
False, True, 0.2888, (0, 103, 223, 325, 21, 38, 7, 325, 449, 186, 0)
False, True, 0.2112, (0, 186, 449, 325, 38, 21, 325, 449, 186, 0)
False, True, 0.2259, (0, 335, 428, 113, 237, 308, 454, 237, 308, 104, 0)
False, True, 0.1503, (0, 380, 435, 311, 321, 435, 311, 321, 186, 366, 430, 0)
False, True, 0.176, (0, 1, 97, 182, 79, 25, 230, 146, 25, 79, 182, 97, 1, 0)
False, True, 0.1707, (0, 312, 217, 50, 30, 163, 20, 217, 312, 0)
False, True, 0.058, (0, 197, 24, 6, 243, 24, 6, 243, 245, 211, 0)
False, True, 0.2709, (0, 45, 116, 320, 215, 116, 45, 0)
False, True, 0.1888, (0, 386, 458, 268, 402, 304, 268, 402, 304, 386, 0)
False, True, 0.0546, (0, 187, 265, 234, 408, 428, 335, 234, 265, 269, 0)
False, True, 0.3245, (0, 412, 296, 488, 452, 372, 273, 452, 488, 296, 412, 0)
False, True, 0.2319, (0, 382, 313, 260, 187, 269, 265, 187, 260, 313, 334, 0)
False, True, 0.1191, (0, 265, 234, 428, 408, 335, 428, 234, 265, 0)
False, True, 0.0833, (0, 195, 117, 328, 9, 117, 195, 0)
False, True, 0.2633, (0, 197, 24, 6, 243, 136, 90, 243, 6, 24, 197, 0)
False, True, 0.2045, (0, 474, 26, 486, 280, 26, 390, 407, 0)
False, True, 0.0936, (0, 68, 31, 39, 15, 297, 39, 15, 139, 0)
True, True, 0.0061, (0, 5, 14, 316, 370, 389, 227, 395, 386, 55, 0)
True, True, 0.1187, (0, 438, 482, 388, 411, 242, 258, 317, 294, 457, 152, 359, 0)
False, True, 0.3163, (0, 211, 245, 136, 90, 243, 6, 245, 211, 147, 0)
False, True, 0.2255, (0, 226, 60, 236, 145, 128, 60, 226, 56, 0)
False, True, 0.004, (0, 150, 40, 409, 44, 40, 150, 0)
False, True, 0.2344, (0, 444, 159, 110, 422, 159, 110, 366, 277, 430, 0)
False, True, 0.0009, (0, 174, 102, 198, 129, 95, 198, 174, 0)
False, True, 0.1558, (0, 102, 57, 198, 129, 95, 198, 174, 0)
False, True, 0.1667, (0, 285, 432, 288, 392, 194, 288, 392, 194, 288, 0)
False, True, 0.249, (0, 309, 303, 398, 250, 303, 398, 250, 309, 46, 0)
False, True, 0.084, (0, 301, 417, 434, 357, 54, 434, 357, 417, 301, 0)
False, True, 0.388, (0, 318, 315, 419, 318, 315, 370, 316, 0)
False, True, 0.0625, (0, 444, 159, 422, 110, 346, 422, 110, 366, 277, 0)
False, True, 0.1041, (0, 279, 228, 107, 189, 19, 131, 93, 108, 107, 228, 279, 0)
False, True, 0.0981, (0, 90, 63, 140, 49, 4, 140, 49, 63, 136, 0)
False, True, 0.0286, (0, 418, 42, 467, 403, 105, 202, 42, 0)
False, True, 0.0309, (0, 327, 211, 136, 90, 243, 6, 90, 136, 245, 211, 0)
False, True, 0.3726, (0, 157, 161, 109, 143, 59, 109, 143, 239, 0)
False, True, 0.0754, (0, 52, 92, 305, 112, 177, 478, 47, 305, 185, 8, 0)
False, True, 0.2958, (0, 105, 348, 275, 10, 341, 275, 10, 348, 403, 0)
False, True, 0.1675, (0, 52, 92, 305, 112, 177, 478, 47, 305, 99, 149, 84, 0)
False, True, 0.1971, (0, 373, 277, 346, 110, 159, 422, 346, 366, 430, 0)
False, True, 0.1164, (0, 351, 31, 39, 297, 15, 39, 31, 252, 0)
False, True, 0.1, (0, 421, 17, 469, 421, 17, 469, 0)
True, True, 0.0925, (0, 425, 360, 247, 442, 484, 134, 257, 446, 126, 229, 0)
False, True, 0.1073, (0, 255, 157, 239, 161, 45, 239, 161, 145, 0)
False, True, 0.2077, (0, 197, 61, 184, 135, 74, 16, 135, 184, 61, 197, 0)
False, True, 0.0172, (0, 183, 289, 224, 84, 289, 183, 84, 289, 183, 101, 68, 0)
False, True, 0.0737, (0, 62, 192, 138, 167, 119, 232, 43, 119, 138, 192, 62, 0)
False, True, 0.0156, (0, 444, 436, 86, 430, 277, 86, 377, 373, 0)
False, True, 0.1165, (0, 98, 263, 188, 3, 91, 213, 53, 98, 68, 0)
False, True, 0.0625, (0, 373, 277, 366, 346, 422, 159, 346, 366, 277, 373, 0)
False, True, 0.1851, (0, 405, 467, 202, 403, 105, 202, 467, 405, 0)
False, True, 0.0414, (0, 104, 113, 88, 210, 164, 142, 29, 69, 73, 164, 210, 27, 0)
False, True, 0.3312, (0, 298, 374, 368, 299, 381, 284, 368, 374, 298, 0)
False, True, 0.1769, (0, 236, 344, 158, 14, 344, 72, 0)
False, True, 0.0665, (0, 213, 91, 3, 44, 409, 312, 44, 0)
False, True, 0.2586, (0, 359, 340, 459, 387, 400, 293, 387, 459, 0)
False, True, 0.0105, (0, 62, 50, 30, 163, 201, 120, 219, 115, 120, 201, 163, 30, 50, 62, 0)
False, True, 0.3014, (0, 379, 141, 396, 162, 141, 206, 64, 0)
False, True, 0.3031, (0, 44, 409, 312, 44, 409, 40, 0)
False, True, 0.1243, (0, 301, 70, 350, 475, 262, 259, 475, 262, 350, 70, 0)
False, True, 0.0722, (0, 438, 345, 261, 190, 345, 411, 482, 438, 0)
False, True, 0.1686, (0, 71, 240, 168, 97, 182, 79, 25, 230, 146, 25, 79, 182, 71, 0)
False, True, 0.0534, (0, 62, 192, 138, 23, 119, 232, 43, 119, 23, 138, 192, 0)
False, True, 0.0665, (0, 40, 409, 312, 44, 409, 199, 28, 0)
False, True, 0.1722, (0, 438, 411, 345, 261, 190, 411, 482, 438, 0)
False, True, 0.037, (0, 158, 55, 300, 393, 386, 55, 0)
False, True, 0.5, (0, 176, 288, 392, 194, 290, 432, 176, 0)
False, True, 0.0041, (0, 262, 475, 259, 262, 475, 259, 262, 350, 0)
False, True, 0.0979, (0, 165, 56, 130, 238, 151, 130, 56, 245, 0)
False, True, 0.0685, (0, 80, 395, 389, 370, 316, 395, 55, 0)
False, True, 0.0057, (0, 412, 250, 398, 259, 262, 475, 259, 262, 0)
False, True, 0.1168, (0, 255, 116, 320, 215, 379, 320, 215, 116, 0)
False, True, 0.4, (0, 75, 123, 456, 384, 123, 0)
False, True, 0.0951, (0, 400, 317, 258, 397, 242, 258, 317, 294, 457, 292, 152, 0)
False, True, 0.0745, (0, 103, 223, 38, 21, 7, 38, 21, 223, 422, 430, 0)
False, True, 0.1883, (0, 385, 382, 334, 260, 313, 382, 385, 0)
False, True, 0.2958, (0, 286, 376, 341, 275, 10, 341, 376, 418, 0)
False, True, 0.1852, (0, 204, 214, 96, 77, 214, 462, 0)
False, True, 0.0306, (0, 425, 360, 464, 484, 134, 464, 360, 425, 5, 0)
False, True, 0.1667, (0, 432, 290, 392, 194, 290, 432, 285, 0)
False, True, 0.1386, (0, 59, 270, 462, 214, 96, 204, 270, 59, 118, 0)
False, True, 0.2357, (0, 226, 128, 157, 145, 128, 157, 255, 238, 56, 0)
False, True, 0.2181, (0, 472, 453, 291, 471, 355, 291, 453, 394, 472, 0)
False, True, 0.0682, (0, 59, 270, 204, 214, 77, 204, 270, 59, 0)
False, True, 0.0172, (0, 183, 289, 84, 224, 183, 289, 84, 224, 58, 155, 0)
False, True, 0.0939, (0, 160, 8, 52, 127, 92, 52, 127, 8, 160, 0)
False, True, 0.0315, (0, 5, 72, 344, 158, 14, 344, 72, 5, 0)
False, True, 0.0982, (0, 370, 304, 402, 268, 304, 402, 458, 389, 0)
False, True, 0.0275, (0, 383, 425, 360, 464, 442, 247, 464, 360, 425, 383, 0)
False, True, 0.0031, (0, 298, 284, 100, 375, 310, 100, 51, 85, 94, 172, 0)
False, True, 0.0323, (0, 62, 50, 30, 163, 20, 30, 163, 20, 217, 312, 0)
False, True, 0.2586, (0, 359, 340, 459, 293, 400, 387, 293, 400, 420, 0)
False, True, 0.0214, (0, 425, 360, 464, 484, 134, 464, 360, 419, 425, 0)
False, True, 0.1834, (0, 107, 108, 93, 131, 108, 93, 131, 97, 168, 240, 74, 16, 0)
False, True, 0.0052, (0, 80, 158, 386, 395, 389, 227, 395, 386, 0)
False, True, 0.1143, (0, 385, 489, 371, 170, 489, 148, 0)
False, True, 0.2293, (0, 271, 125, 196, 89, 463, 441, 83, 22, 441, 333, 227, 0)
False, True, 0.0286, (0, 148, 489, 371, 170, 489, 148, 0)
False, True, 0.3286, (0, 170, 371, 456, 384, 371, 148, 0)
False, True, 0.3037, (0, 63, 140, 49, 175, 4, 49, 140, 244, 0)
False, True, 0.0964, (0, 234, 104, 454, 308, 237, 454, 308, 104, 234, 0)
False, True, 0.1965, (0, 244, 71, 16, 1, 240, 168, 1, 240, 168, 97, 131, 93, 108, 107, 228, 279, 0)
False, True, 0.2936, (0, 426, 337, 342, 424, 440, 342, 0)
False, True, 0.0503, (0, 460, 383, 425, 360, 419, 318, 315, 419, 318, 425, 383, 460, 0)
False, True, 0.1123, (0, 254, 437, 276, 450, 323, 415, 248, 324, 41, 254, 0)
False, True, 0.0058, (0, 132, 407, 390, 280, 486, 26, 390, 132, 0)
False, True, 0.0411, (0, 223, 253, 222, 225, 253, 222, 225, 253, 222, 225, 450, 415, 248, 0)
False, True, 0.0409, (0, 181, 228, 61, 184, 135, 74, 61, 228, 181, 0)
False, True, 0.0143, (0, 403, 348, 341, 10, 275, 348, 403, 405, 0)
False, True, 0.0928, (0, 53, 174, 198, 95, 129, 198, 95, 57, 68, 0)
False, True, 0.0389, (0, 339, 333, 22, 441, 83, 22, 333, 339, 300, 0)
False, True, 0.1162, (0, 46, 486, 280, 376, 286, 280, 486, 46, 0)
False, True, 0.1755, (0, 445, 32, 361, 353, 272, 361, 332, 461, 0)
False, True, 0.0986, (0, 326, 401, 443, 295, 287, 443, 401, 326, 0)
False, True, 0.1149, (0, 103, 223, 38, 7, 21, 38, 7, 449, 186, 0)
False, True, 0.0252, (0, 35, 486, 280, 286, 486, 280, 390, 0)
False, True, 0.2644, (0, 285, 445, 295, 287, 443, 445, 295, 287, 443, 401, 0)
False, True, 0.1239, (0, 203, 227, 458, 268, 402, 304, 268, 458, 316, 0)
False, True, 0.097, (0, 181, 228, 184, 135, 74, 16, 135, 184, 61, 24, 0)
False, True, 0.2116, (0, 363, 435, 321, 311, 435, 321, 311, 435, 380, 0)
False, True, 0.1097, (0, 407, 298, 299, 381, 78, 284, 381, 78, 284, 381, 78, 299, 329, 0)
False, True, 0.1498, (0, 340, 152, 218, 12, 205, 218, 12, 205, 218, 12, 205, 152, 340, 0)
False, True, 0.094, (0, 118, 204, 96, 77, 214, 96, 77, 462, 59, 0)
False, True, 0.0035, (0, 103, 38, 253, 225, 222, 253, 225, 222, 253, 7, 380, 0)
False, True, 0.2314, (0, 279, 181, 121, 114, 180, 189, 19, 108, 107, 228, 279, 0)
False, True, 0.2571, (0, 489, 423, 465, 278, 423, 489, 473, 0)
False, True, 0.0057, (0, 329, 299, 78, 381, 284, 78, 381, 284, 368, 374, 303, 0)
True, True, 0.0622, (0, 339, 333, 22, 83, 442, 247, 360, 446, 126, 229, 66, 0)
True, True, 0.033, (0, 279, 181, 228, 189, 19, 93, 131, 74, 16, 71, 244, 0)
False, True, 0.0343, (0, 39, 183, 289, 84, 224, 183, 289, 84, 224, 183, 178, 0)
False, True, 0.1045, (0, 355, 426, 337, 440, 424, 337, 426, 272, 0)
False, True, 0.1065, (0, 329, 299, 284, 78, 381, 284, 78, 381, 284, 78, 299, 329, 0)
False, True, 0.0647, (0, 286, 296, 372, 452, 273, 372, 452, 488, 296, 0)
False, True, 0.0997, (0, 461, 291, 471, 355, 332, 471, 291, 0)
False, True, 0.0839, (0, 149, 177, 47, 478, 125, 271, 196, 125, 271, 124, 336, 410, 0)
False, True, 0.1663, (0, 5, 166, 158, 344, 14, 158, 80, 5, 0)
False, True, 0.1975, (0, 329, 310, 100, 51, 94, 85, 51, 100, 310, 329, 0)
False, True, 0.0355, (0, 272, 426, 337, 440, 424, 337, 249, 394, 0)
False, True, 0.1103, (0, 416, 254, 437, 323, 450, 276, 437, 254, 0)
False, True, 0.0824, (0, 212, 9, 328, 483, 358, 328, 9, 212, 0)
False, True, 0.02, (0, 50, 138, 167, 23, 119, 232, 43, 119, 138, 50, 0)
False, True, 0.1108, (0, 273, 299, 284, 381, 78, 299, 368, 0)
False, True, 0.1277, (0, 460, 215, 320, 379, 215, 320, 116, 45, 255, 0)
False, True, 0.1521, (0, 359, 292, 457, 294, 242, 190, 261, 345, 190, 261, 391, 0)
False, True, 0.1008, (0, 420, 459, 293, 387, 400, 293, 387, 459, 0)
False, True, 0.0486, (0, 226, 255, 128, 145, 157, 128, 145, 236, 226, 0)
False, True, 0.1611, (0, 448, 483, 283, 302, 209, 283, 122, 0)
False, True, 0.1107, (0, 42, 467, 403, 202, 467, 42, 418, 0)
False, True, 0.0136, (0, 394, 426, 337, 424, 342, 337, 426, 272, 0)
False, True, 0.2485, (0, 212, 266, 343, 447, 70, 343, 266, 301, 0)
False, True, 0.2097, (0, 401, 251, 471, 355, 291, 251, 461, 0)
False, True, 0.1709, (0, 380, 276, 450, 323, 276, 450, 323, 415, 437, 416, 311, 0)
False, True, 0.0601, (0, 328, 483, 413, 356, 406, 404, 356, 413, 0)
False, True, 0.1158, (0, 382, 334, 313, 260, 187, 269, 265, 187, 260, 334, 0)
False, True, 0.2653, (0, 461, 251, 471, 332, 251, 287, 0)
False, True, 0.0806, (0, 227, 458, 402, 304, 333, 441, 83, 22, 333, 339, 0)
False, True, 0.1097, (0, 301, 417, 434, 357, 54, 434, 357, 54, 434, 357, 0)
False, True, 0.1155, (0, 405, 202, 105, 403, 202, 105, 403, 0)
False, True, 0.035, (0, 350, 475, 173, 330, 362, 106, 18, 362, 369, 259, 0)
False, True, 0.0226, (0, 359, 340, 292, 152, 218, 12, 294, 387, 293, 400, 459, 359, 0)
False, True, 0.0799, (0, 482, 388, 345, 261, 190, 345, 388, 482, 438, 420, 0)
False, True, 0.0102, (0, 147, 211, 245, 24, 6, 243, 90, 136, 165, 211, 0)
False, True, 0.1439, (0, 81, 340, 292, 152, 205, 12, 218, 205, 12, 218, 205, 12, 218, 152, 292, 359, 0)
False, True, 0.0647, (0, 286, 296, 372, 374, 368, 273, 488, 286, 0)
False, True, 0.0245, (0, 395, 227, 389, 458, 370, 316, 395, 0)
False, True, 0.1088, (0, 259, 172, 256, 94, 85, 172, 259, 0)
False, True, 0.2936, (0, 394, 439, 427, 267, 439, 472, 0)
False, True, 0.0709, (0, 252, 297, 39, 15, 297, 139, 147, 0)
False, True, 0.1318, (0, 32, 361, 353, 426, 272, 361, 32, 0)
False, True, 0.3281, (0, 13, 86, 377, 430, 86, 377, 373, 0)
False, True, 0.1518, (0, 46, 412, 372, 273, 374, 368, 273, 372, 412, 0)
False, True, 0.0688, (0, 54, 447, 350, 262, 475, 259, 262, 447, 54, 0)
False, True, 0.1077, (0, 331, 301, 349, 154, 417, 349, 0)
False, True, 0.0627, (0, 265, 234, 428, 335, 408, 428, 335, 234, 187, 0)
False, True, 0.014, (0, 435, 311, 416, 254, 437, 415, 248, 324, 41, 248, 324, 41, 282, 191, 0)
False, True, 0.0156, (0, 377, 277, 346, 422, 110, 346, 422, 159, 0)
False, True, 0.0236, (0, 191, 324, 248, 415, 323, 276, 450, 323, 276, 449, 186, 0)
False, True, 0.0163, (0, 376, 488, 452, 372, 273, 452, 488, 376, 0)
False, True, 0.1052, (0, 357, 54, 447, 262, 475, 259, 262, 54, 357, 0)
False, True, 0.0667, (0, 267, 481, 427, 267, 363, 365, 0)
False, True, 0.0158, (0, 201, 120, 219, 232, 43, 219, 115, 120, 201, 0)
False, True, 0.0903, (0, 458, 268, 402, 304, 268, 402, 304, 268, 203, 0)
False, True, 0.1563, (0, 277, 346, 422, 159, 110, 346, 366, 277, 0)
False, True, 0.0935, (0, 209, 472, 427, 267, 481, 472, 0)
False, True, 0.1607, (0, 420, 307, 81, 2, 307, 81, 2, 307, 420, 212, 0)
False, True, 0.0181, (0, 475, 330, 362, 106, 18, 362, 262, 54, 0)
False, True, 0.1019, (0, 173, 362, 106, 172, 18, 106, 369, 0)
False, True, 0.0172, (0, 155, 220, 183, 289, 224, 183, 289, 84, 224, 156, 0)
False, True, 0.0923, (0, 187, 234, 428, 408, 335, 428, 234, 265, 269, 0)
False, True, 0.0088, (0, 472, 332, 471, 355, 332, 32, 0)
False, True, 0.1177, (0, 223, 38, 225, 222, 253, 225, 222, 253, 21, 223, 0)
False, True, 0.0175, (0, 418, 34, 405, 42, 474, 34, 0)
False, True, 0.0022, (0, 39, 233, 183, 289, 224, 183, 289, 224, 156, 0)
False, True, 0.043, (0, 103, 223, 7, 253, 225, 222, 253, 225, 222, 253, 7, 449, 0)
False, True, 0.0601, (0, 467, 403, 348, 341, 10, 275, 348, 403, 467, 0)
True, True, 0.0561, (0, 107, 189, 19, 108, 93, 131, 74, 61, 0)
False, True, 0.1263, (0, 239, 161, 109, 64, 45, 161, 239, 255, 0)
False, True, 0.0143, (0, 433, 485, 423, 465, 278, 423, 485, 433, 0)
False, True, 0.0737, (0, 286, 296, 488, 452, 372, 374, 273, 452, 488, 286, 0)
False, True, 0.0642, (0, 311, 416, 276, 450, 323, 276, 450, 323, 415, 437, 416, 0)
False, True, 0.0367, (0, 21, 120, 219, 115, 120, 201, 20, 0)
False, True, 0.0645, (0, 118, 143, 204, 214, 77, 96, 204, 270, 64, 0)
False, True, 0.0671, (0, 448, 483, 413, 356, 406, 404, 356, 413, 9, 179, 0)
False, True, 0.0594, (0, 188, 263, 3, 188, 263, 53, 98, 0)
False, True, 0.0343, (0, 144, 183, 289, 224, 84, 289, 183, 233, 203, 39, 0)
False, True, 0.0675, (0, 181, 189, 19, 131, 93, 19, 189, 181, 0)
False, True, 0.0211, (0, 191, 41, 324, 415, 450, 225, 222, 253, 225, 222, 253, 225, 222, 7, 0)
False, True, 0.0807, (0, 363, 314, 338, 354, 274, 338, 314, 363, 365, 0)
False, True, 0.083, (0, 457, 294, 317, 397, 258, 242, 397, 258, 317, 294, 457, 152, 0)
False, True, 0.0964, (0, 269, 104, 454, 237, 308, 454, 237, 113, 428, 335, 0)
False, True, 0.0031, (0, 350, 369, 172, 94, 85, 51, 94, 85, 172, 407, 0)
False, True, 0.0058, (0, 400, 317, 258, 397, 242, 258, 317, 294, 205, 152, 0)
False, True, 0.0373, (0, 292, 457, 294, 317, 388, 411, 242, 397, 317, 0)
False, True, 0.0018, (0, 386, 458, 304, 402, 268, 304, 370, 316, 0)
False, True, 0.0466, (0, 379, 206, 77, 96, 204, 214, 462, 206, 0)
False, True, 0.0461, (0, 391, 451, 41, 324, 248, 41, 324, 248, 415, 437, 416, 435, 0)
False, True, 0.1017, (0, 20, 201, 120, 219, 115, 120, 201, 163, 30, 50, 137, 0)
False, True, 0.0416, (0, 296, 488, 452, 372, 374, 273, 372, 296, 412, 0)
False, True, 0.0386, (0, 321, 416, 437, 415, 323, 276, 437, 254, 0)
False, True, 0.024, (0, 228, 189, 19, 131, 93, 19, 189, 228, 0)
False, True, 0.0527, (0, 461, 453, 427, 363, 267, 427, 472, 0)
False, True, 0.1888, (0, 65, 174, 192, 198, 95, 129, 198, 95, 174, 65, 0)
False, True, 0.0372, (0, 366, 346, 422, 159, 110, 346, 366, 277, 373, 0)
False, True, 0.0057, (0, 309, 262, 475, 259, 262, 447, 54, 301, 0)
False, True, 0.1667, (0, 32, 361, 272, 332, 32, 290, 0)
False, True, 0.025, (0, 173, 330, 470, 82, 256, 94, 85, 256, 82, 470, 173, 0)
False, True, 0.0156, (0, 399, 377, 86, 399, 436, 444, 0)
False, True, 0.0354, (0, 54, 350, 475, 173, 330, 362, 106, 18, 369, 262, 54, 0)
False, True, 0.0538, (0, 55, 300, 490, 87, 124, 490, 0)
False, True, 0.075, (0, 269, 265, 234, 335, 428, 408, 335, 234, 265, 269, 0)
False, True, 0.1072, (0, 449, 7, 222, 225, 253, 222, 225, 253, 222, 225, 7, 0)
False, True, 0.152, (0, 300, 490, 124, 87, 490, 410, 351, 0)
False, True, 0.2482, (0, 46, 309, 303, 398, 250, 303, 398, 250, 309, 407, 0)
False, True, 0.0013, (0, 365, 363, 427, 481, 267, 427, 0)
False, True, 0.0317, (0, 255, 239, 161, 109, 143, 239, 161, 145, 5, 0)
False, True, 0.0138, (0, 59, 204, 214, 96, 204, 214, 462, 64, 0)
False, True, 0.0168, (0, 152, 292, 457, 205, 218, 12, 205, 218, 12, 205, 218, 12, 205, 152, 292, 340, 81, 0)
False, True, 0.0149, (0, 156, 224, 289, 183, 224, 84, 289, 183, 233, 203, 0)
False, True, 0.0045, (0, 372, 368, 299, 284, 381, 78, 299, 329, 0)
False, True, 0.0962, (0, 394, 342, 337, 424, 342, 337, 426, 355, 0)
False, True, 0.0128, (0, 209, 394, 427, 363, 267, 427, 365, 0)
False, True, 0.0315, (0, 339, 333, 441, 83, 22, 441, 83, 22, 304, 402, 370, 0)
False, True, 0.0236, (0, 311, 416, 437, 254, 41, 324, 248, 41, 451, 391, 0)
False, True, 0.1332, (0, 331, 390, 280, 486, 26, 390, 407, 418, 0)
False, True, 0.0045, (0, 380, 416, 254, 437, 415, 248, 324, 41, 248, 415, 437, 254, 416, 435, 0)
False, True, 0.0018, (0, 316, 458, 402, 268, 304, 402, 268, 458, 0)
False, True, 0.0203, (0, 244, 71, 16, 74, 131, 93, 108, 131, 93, 108, 107, 0)
False, True, 0.0783, (0, 132, 390, 26, 486, 280, 26, 35, 0)
False, True, 0.0281, (0, 251, 291, 355, 332, 291, 355, 332, 0)
False, True, 0.0005, (0, 356, 404, 326, 401, 285, 404, 356, 0)
False, True, 0.0115, (0, 359, 152, 218, 12, 205, 218, 12, 205, 218, 12, 205, 218, 12, 205, 457, 152, 359, 0)
all_elementary, False
all_cyc2, True
