Instance, X-n469-k138
capacity, 256
min_trucks, 139
output_file, output_uchoa/X-n469-k138-cyc2.log
Start date, 2022-07-04
Start time, 11-05-17
capacity, 256
num_vehicles, 139
abort_early, False
methods, ['cyc2']
max_vars, 100
time_limit, 86400
farley, False
ESPPRC_heur, True
initial time, initial max_it, max_stale_it
1, 20000.0, 20
heuristic Number of routes, heuristic Best Solution Value, heuristic number of iterations, adjusted time, adjusted max_it, measured total time
31265, 223879.0, 2000, 10, 2000.0, 20093.3
method, python time, total time, propagated dominance time, unpropagated dominance time, pricing_success, upper_bound, lower_bound, abort_early, num_paths, 
ESPPRC_heur, -0.0, 0.8, 0.3, 0.2, 0, 221084.562, 215663.562, True, 12
cyc2, 0.1, 19.5, 0.0, 0.0, 1, 221074.3805, 211823.5647, 0, 125
ESPPRC_heur, 0.0, 0.7, 0.2, 0.2, 0, 220888.369, 220641.9777, True, 2
cyc2, 0.1, 19.4, 0.0, 0.0, 1, 220888.3634, 215216.2555, 0, 64
cyc2, 0.1, 19.2, 0.0, 0.0, 1, 220862.0671, 218086.9584, 0, 2
cyc2, 0.1, 19.7, 0.0, 0.0, 1, 220861.6909, 220770.4071, 0, 2
cyc2, 0.0, 19.8, 0.0, 0.0, 1, 220861.6909, 220861.6909, 0, 0
scip_total_time, 20203.83429
Solval, number of paths, impact cutoff
220861.69085589267, 415, 0.0001
Elementary, 2-Cycle, Path Value, Path
True, True, 0.904, (0, 451, 302, 328, 0)
True, True, 0.6184, (0, 7, 460, 312, 0)
True, True, 0.904, (0, 339, 279, 276, 32, 0)
True, True, 0.9505, (0, 359, 85, 316, 0)
True, True, 0.9505, (0, 363, 41, 429, 0)
True, True, 0.9505, (0, 407, 233, 399, 0)
True, True, 1.0, (0, 384, 142, 208, 0)
True, True, 0.5, (0, 62, 70, 87, 262, 0)
True, True, 0.2495, (0, 143, 46, 306, 204, 0)
True, True, 0.75, (0, 344, 331, 409, 163, 0)
True, True, 0.3233, (0, 299, 420, 405, 0)
True, True, 0.223, (0, 334, 430, 408, 0)
True, True, 0.8153, (0, 61, 436, 423, 0)
True, True, 0.8153, (0, 368, 175, 22, 0)
True, True, 0.5938, (0, 253, 290, 88, 180, 0)
True, True, 0.0035, (0, 281, 68, 67, 0)
True, True, 0.7796, (0, 304, 329, 435, 0)
True, True, 0.5368, (0, 242, 383, 308, 0)
True, True, 0.6781, (0, 268, 35, 390, 441, 0)
True, True, 0.7122, (0, 418, 83, 134, 0)
True, True, 0.6142, (0, 377, 437, 265, 0)
True, True, 0.4965, (0, 323, 135, 110, 0)
True, True, 0.371, (0, 116, 92, 380, 326, 0)
True, True, 1.0, (0, 156, 234, 214, 0)
True, True, 0.9428, (0, 333, 243, 291, 191, 0)
True, True, 0.3245, (0, 335, 264, 454, 0)
True, True, 0.1304, (0, 26, 105, 238, 57, 0)
True, True, 0.5, (0, 467, 360, 86, 0)
True, True, 0.5121, (0, 153, 76, 314, 0)
True, True, 0.7137, (0, 3, 289, 213, 0)
True, True, 0.7102, (0, 274, 77, 155, 0)
True, True, 0.3538, (0, 58, 145, 309, 350, 0)
True, True, 0.2468, (0, 207, 54, 416, 0)
True, True, 0.2983, (0, 442, 444, 138, 0)
True, True, 0.5, (0, 397, 42, 101, 0)
True, True, 0.3141, (0, 189, 14, 185, 0)
True, True, 0.7978, (0, 20, 4, 349, 0)
True, True, 1.0, (0, 267, 261, 378, 0)
True, True, 0.2983, (0, 298, 198, 266, 352, 0)
True, True, 1.0, (0, 212, 317, 192, 0)
True, True, 1.0, (0, 318, 45, 322, 0)
True, True, 0.4707, (0, 59, 389, 169, 392, 0)
True, True, 0.6376, (0, 285, 181, 136, 0)
True, True, 0.4034, (0, 56, 31, 182, 0)
True, True, 0.3801, (0, 385, 93, 29, 0)
True, True, 0.3331, (0, 102, 9, 221, 452, 0)
True, True, 0.6552, (0, 66, 79, 283, 0)
True, True, 0.8276, (0, 411, 424, 30, 0)
True, True, 0.4222, (0, 235, 218, 450, 0)
True, True, 0.6171, (0, 8, 151, 263, 0)
True, True, 0.5632, (0, 373, 222, 256, 0)
True, True, 0.7816, (0, 319, 216, 94, 0)
True, True, 0.1511, (0, 312, 460, 404, 0)
True, True, 0.096, (0, 413, 276, 328, 0)
True, True, 0.2696, (0, 179, 89, 37, 0)
True, True, 0.4267, (0, 257, 405, 355, 0)
True, True, 0.288, (0, 401, 387, 299, 0)
True, True, 0.4403, (0, 255, 53, 297, 120, 0)
True, True, 0.75, (0, 324, 366, 140, 197, 0)
True, True, 1.0, (0, 195, 12, 347, 0)
True, True, 0.1847, (0, 436, 22, 368, 0)
True, True, 0.5363, (0, 338, 69, 341, 219, 0)
True, True, 0.8153, (0, 68, 374, 194, 0)
True, True, 0.1184, (0, 290, 88, 180, 468, 0)
True, True, 0.8222, (0, 98, 252, 177, 0)
True, True, 0.9965, (0, 67, 188, 51, 0)
True, True, 0.2142, (0, 356, 292, 21, 447, 0)
True, True, 0.2405, (0, 311, 104, 350, 0)
True, True, 0.3858, (0, 148, 377, 111, 0)
True, True, 0.2878, (0, 264, 176, 83, 0)
True, True, 0.366, (0, 116, 380, 326, 26, 0)
True, True, 0.3138, (0, 203, 335, 147, 0)
True, True, 0.4879, (0, 320, 153, 57, 0)
True, True, 0.7978, (0, 91, 160, 379, 33, 0)
True, True, 0.8949, (0, 15, 43, 196, 0)
True, True, 0.0549, (0, 370, 305, 190, 183, 0)
True, True, 0.3448, (0, 352, 59, 298, 442, 0)
True, True, 0.3448, (0, 198, 266, 392, 389, 0)
True, True, 0.0972, (0, 300, 10, 5, 0)
True, True, 0.291, (0, 39, 221, 29, 0)
True, True, 0.5804, (0, 271, 127, 237, 301, 0)
True, True, 0.5, (0, 202, 247, 226, 0)
True, True, 0.5651, (0, 296, 259, 393, 0)
True, True, 0.25, (0, 161, 62, 405, 0)
True, True, 0.2405, (0, 50, 277, 108, 0)
True, True, 0.3886, (0, 299, 420, 257, 0)
True, True, 0.1683, (0, 430, 341, 398, 0)
True, True, 0.2718, (0, 458, 166, 456, 0)
True, True, 0.9965, (0, 281, 394, 210, 0)
True, True, 0.1778, (0, 68, 107, 252, 0)
True, True, 0.6142, (0, 357, 111, 48, 0)
True, True, 0.3855, (0, 71, 364, 446, 0)
True, True, 1.0, (0, 113, 122, 173, 0)
True, True, 0.4223, (0, 154, 105, 26, 346, 0)
True, True, 0.5154, (0, 157, 332, 248, 217, 0)
True, True, 0.5, (0, 232, 287, 448, 342, 0)
True, True, 0.7017, (0, 187, 144, 138, 0)
True, True, 0.5, (0, 209, 354, 42, 0)
True, True, 0.6608, (0, 112, 365, 391, 0)
True, True, 0.2241, (0, 52, 2, 75, 0)
True, True, 0.3333, (0, 353, 372, 249, 0)
True, True, 0.3443, (0, 202, 247, 315, 0)
True, True, 0.1724, (0, 66, 79, 411, 0)
True, True, 0.6306, (0, 345, 428, 18, 0)
True, True, 0.1847, (0, 109, 334, 270, 250, 0)
True, True, 0.3858, (0, 48, 107, 128, 0)
True, True, 0.7016, (0, 27, 369, 36, 0)
True, True, 0.068, (0, 380, 388, 118, 147, 0)
True, True, 0.2201, (0, 320, 55, 238, 76, 0)
True, True, 0.1932, (0, 159, 206, 274, 0)
True, True, 0.118, (0, 269, 295, 241, 17, 0)
True, True, 0.535, (0, 54, 224, 185, 0)
True, True, 0.4164, (0, 422, 14, 189, 0)
True, True, 0.7532, (0, 19, 114, 1, 0)
True, True, 1.0, (0, 193, 82, 303, 0)
True, True, 0.2017, (0, 103, 182, 231, 0)
True, True, 0.364, (0, 10, 149, 385, 0)
True, True, 0.3289, (0, 221, 29, 263, 0)
True, True, 0.054, (0, 466, 288, 373, 0)
True, True, 0.1913, (0, 158, 179, 404, 240, 0)
True, True, 0.0495, (0, 316, 359, 174, 0)
True, True, 0.0464, (0, 32, 339, 125, 371, 0)
True, True, 0.4876, (0, 351, 204, 306, 143, 0)
True, True, 0.1385, (0, 163, 11, 120, 387, 0)
True, True, 0.2984, (0, 90, 369, 36, 0)
True, True, 0.006, (0, 449, 86, 323, 0)
True, True, 0.2863, (0, 289, 129, 207, 186, 0)
True, True, 0.3038, (0, 443, 321, 254, 40, 0)
True, True, 0.7017, (0, 444, 6, 159, 0)
True, True, 0.1509, (0, 185, 14, 54, 0)
True, True, 0.7226, (0, 416, 251, 139, 0)
True, True, 1.0, (0, 73, 63, 236, 0)
True, True, 0.8276, (0, 44, 167, 310, 121, 0)
True, True, 0.1213, (0, 300, 246, 152, 96, 0)
True, True, 0.1116, (0, 78, 102, 81, 127, 0)
True, True, 0.0533, (0, 37, 228, 393, 0)
True, True, 0.8153, (0, 453, 382, 465, 0)
True, True, 0.8018, (0, 84, 427, 464, 461, 0)
True, True, 0.8153, (0, 229, 278, 95, 386, 0)
True, True, 1.0, (0, 97, 307, 438, 0)
True, True, 0.8153, (0, 165, 115, 250, 0)
True, True, 0.3858, (0, 430, 239, 13, 0)
True, True, 0.0268, (0, 330, 398, 341, 0)
True, True, 0.2137, (0, 467, 132, 417, 0)
True, True, 0.4232, (0, 105, 203, 362, 0)
True, True, 0.4879, (0, 154, 55, 238, 314, 0)
True, True, 0.3392, (0, 40, 365, 321, 0)
True, True, 0.2161, (0, 245, 241, 1, 0)
True, True, 0.4322, (0, 9, 93, 222, 452, 0)
True, True, 0.1193, (0, 450, 218, 74, 0)
True, True, 0.1557, (0, 400, 235, 403, 0)
True, True, 0.1847, (0, 382, 355, 465, 0)
True, True, 0.0991, (0, 272, 146, 126, 427, 0)
True, True, 0.1743, (0, 398, 330, 177, 0)
True, True, 0.0386, (0, 340, 327, 34, 27, 0)
True, True, 0.3538, (0, 104, 315, 47, 0)
True, True, 0.2983, (0, 381, 230, 103, 0)
True, True, 0.4611, (0, 432, 361, 149, 0)
True, True, 0.5, (0, 403, 433, 24, 0)
True, True, 0.054, (0, 463, 151, 263, 0)
True, True, 0.4271, (0, 37, 296, 240, 0)
True, True, 0.2696, (0, 89, 158, 228, 0)
True, True, 0.5751, (0, 174, 171, 119, 137, 0)
True, True, 0.3858, (0, 132, 459, 265, 0)
True, True, 0.2017, (0, 209, 77, 187, 0)
True, True, 0.2022, (0, 189, 20, 379, 0)
True, True, 0.1184, (0, 7, 393, 404, 240, 0)
True, True, 0.9094, (0, 340, 327, 170, 34, 0)
True, True, 0.2753, (0, 457, 406, 282, 284, 0)
True, True, 0.1221, (0, 131, 390, 357, 441, 0)
True, True, 0.2081, (0, 332, 264, 176, 0)
True, True, 0.1601, (0, 157, 118, 454, 147, 0)
True, True, 0.4223, (0, 80, 449, 414, 135, 0)
True, True, 0.5, (0, 232, 287, 448, 445, 0)
True, True, 0.2468, (0, 241, 139, 114, 0)
True, True, 0.8949, (0, 286, 244, 439, 0)
True, True, 0.256, (0, 181, 385, 432, 0)
True, True, 0.4222, (0, 400, 74, 235, 0)
True, True, 0.25, (0, 425, 259, 37, 0)
True, True, 0.7595, (0, 141, 396, 108, 0)
True, True, 0.0811, (0, 211, 149, 5, 0)
True, True, 0.3829, (0, 288, 8, 373, 0)
True, True, 0.3096, (0, 371, 455, 440, 0)
True, True, 0.4212, (0, 11, 120, 297, 401, 0)
True, True, 0.5124, (0, 351, 50, 311, 0)
True, True, 0.274, (0, 352, 38, 218, 0)
True, True, 0.946, (0, 367, 466, 463, 0)
True, True, 0.6904, (0, 413, 440, 16, 0)
True, True, 0.4459, (0, 109, 325, 215, 126, 0)
True, True, 0.777, (0, 293, 227, 408, 0)
True, True, 0.1039, (0, 402, 130, 364, 178, 0)
True, True, 0.3949, (0, 381, 230, 182, 0)
True, True, 0.2863, (0, 220, 459, 3, 0)
True, True, 0.3624, (0, 81, 211, 285, 0)
True, True, 0.0184, (0, 124, 288, 367, 100, 0)
True, True, 0.356, (0, 125, 168, 426, 371, 0)
True, True, 0.1847, (0, 215, 428, 115, 0)
True, True, 0.0765, (0, 270, 239, 398, 0)
True, True, 0.4632, (0, 346, 348, 308, 0)
True, True, 0.3278, (0, 410, 200, 75, 0)
True, True, 0.0085, (0, 15, 101, 206, 376, 0)
True, True, 0.3569, (0, 254, 442, 198, 298, 0)
True, True, 0.1051, (0, 244, 231, 431, 0)
True, True, 0.5, (0, 52, 150, 24, 0)
True, True, 0.25, (0, 62, 70, 344, 331, 0)
True, True, 0.0355, (0, 387, 123, 366, 197, 0)
True, True, 0.2774, (0, 251, 186, 207, 17, 0)
True, True, 0.2022, (0, 422, 349, 421, 0)
True, True, 0.5966, (0, 56, 31, 39, 0)
True, True, 0.1724, (0, 169, 30, 283, 0)
True, True, 0.0067, (0, 46, 137, 174, 306, 0)
True, True, 0.2405, (0, 311, 50, 47, 0)
True, True, 0.4637, (0, 69, 398, 239, 0)
True, True, 0.3624, (0, 313, 456, 406, 0)
True, True, 0.5, (0, 133, 110, 201, 0)
True, True, 0.1796, (0, 264, 176, 134, 0)
True, True, 0.263, (0, 362, 203, 326, 0)
True, True, 0.2077, (0, 323, 86, 414, 0)
True, True, 0.0307, (0, 1, 139, 416, 0)
True, True, 0.2304, (0, 273, 89, 312, 0)
True, True, 0.1847, (0, 278, 95, 257, 109, 0)
True, True, 0.3659, (0, 419, 166, 456, 0)
True, True, 0.1665, (0, 446, 364, 90, 0)
True, True, 0.2017, (0, 323, 449, 155, 0)
True, True, 0.3392, (0, 395, 391, 40, 0)
True, True, 0.3392, (0, 321, 112, 254, 49, 0)
True, True, 0.3392, (0, 71, 462, 400, 0)
True, True, 0.3068, (0, 412, 230, 381, 0)
True, True, 0.25, (0, 324, 387, 11, 409, 0)
True, True, 0.052, (0, 130, 282, 170, 327, 0)
True, True, 0.1616, (0, 96, 152, 246, 421, 0)
True, True, 0.1847, (0, 175, 194, 270, 0)
True, True, 0.3223, (0, 219, 253, 60, 338, 0)
True, True, 0.263, (0, 147, 92, 116, 99, 0)
True, True, 0.5, (0, 433, 150, 2, 0)
True, True, 0.5389, (0, 5, 361, 10, 0)
True, True, 0.6142, (0, 128, 330, 13, 0)
True, True, 0.5208, (0, 412, 231, 431, 0)
True, True, 0.0839, (0, 253, 341, 366, 197, 0)
True, True, 0.6775, (0, 447, 336, 21, 292, 0)
True, True, 0.6608, (0, 462, 443, 49, 395, 0)
True, True, 0.1951, (0, 380, 147, 454, 92, 0)
True, True, 0.1724, (0, 231, 295, 310, 121, 0)
True, True, 0.4196, (0, 280, 81, 237, 301, 0)
True, True, 0.223, (0, 293, 430, 334, 0)
True, True, 0.1847, (0, 270, 334, 386, 325, 0)
True, True, 0.1847, (0, 107, 330, 374, 0)
True, True, 0.1709, (0, 92, 388, 118, 217, 0)
True, True, 0.2759, (0, 434, 2, 200, 58, 0)
True, True, 0.2022, (0, 4, 33, 421, 0)
True, True, 0.074, (0, 239, 398, 107, 0)
True, True, 0.3695, (0, 183, 190, 305, 96, 0)
True, True, 0.0829, (0, 400, 38, 352, 0)
True, True, 0.0572, (0, 35, 148, 437, 0)
True, True, 0.0966, (0, 376, 274, 187, 0)
True, True, 0.5372, (0, 295, 269, 17, 245, 0)
True, True, 0.1557, (0, 145, 75, 202, 0)
True, True, 0.2184, (0, 127, 256, 216, 0)
True, True, 0.0656, (0, 57, 76, 238, 55, 0)
True, True, 0.2405, (0, 277, 396, 141, 0)
True, True, 0.0035, (0, 394, 177, 68, 0)
True, True, 0.0673, (0, 17, 189, 54, 0)
True, True, 0.0078, (0, 355, 259, 296, 0)
True, True, 0.0495, (0, 464, 16, 233, 0)
True, True, 0.3245, (0, 176, 118, 388, 248, 0)
True, True, 0.5, (0, 228, 161, 262, 0)
True, True, 0.3694, (0, 18, 345, 215, 0)
True, True, 0.288, (0, 420, 387, 401, 0)
True, True, 0.0572, (0, 148, 333, 437, 0)
True, True, 0.0881, (0, 323, 155, 77, 0)
True, True, 0.096, (0, 279, 125, 371, 260, 0)
True, True, 0.2983, (0, 101, 206, 376, 144, 0)
True, True, 0.5756, (0, 23, 152, 246, 190, 0)
True, True, 0.096, (0, 371, 455, 451, 0)
True, True, 0.2629, (0, 204, 174, 46, 277, 0)
True, True, 0.4182, (0, 137, 119, 171, 294, 0)
True, True, 1.0, (0, 117, 375, 258, 0)
True, True, 0.1845, (0, 218, 59, 38, 0)
True, True, 0.2878, (0, 60, 180, 25, 468, 0)
True, True, 0.2468, (0, 19, 241, 245, 0)
True, True, 0.2304, (0, 273, 89, 460, 0)
True, True, 0.2247, (0, 46, 294, 162, 284, 0)
True, True, 0.3138, (0, 335, 217, 362, 0)
True, True, 0.1941, (0, 183, 224, 129, 186, 0)
True, True, 0.1724, (0, 431, 167, 412, 0)
True, True, 0.1415, (0, 23, 152, 246, 305, 0)
True, True, 0.4585, (0, 450, 38, 74, 0)
True, True, 0.3147, (0, 132, 220, 106, 343, 0)
True, True, 0.1051, (0, 43, 206, 159, 0)
True, True, 0.1771, (0, 228, 259, 425, 0)
True, True, 0.2753, (0, 162, 90, 71, 0)
True, True, 0.1724, (0, 424, 79, 44, 266, 0)
True, True, 0.0031, (0, 32, 168, 426, 425, 0)
True, True, 0.0495, (0, 41, 363, 85, 0)
True, True, 0.2136, (0, 413, 455, 16, 0)
True, True, 0.3424, (0, 220, 106, 148, 343, 0)
True, True, 0.5, (0, 445, 342, 201, 133, 0)
True, True, 0.2022, (0, 91, 76, 55, 320, 0)
True, True, 0.3333, (0, 249, 372, 172, 0)
True, True, 0.1724, (0, 283, 66, 169, 0)
True, True, 0.2713, (0, 106, 437, 459, 0)
True, True, 0.4196, (0, 271, 64, 288, 100, 0)
True, True, 0.2878, (0, 25, 356, 88, 290, 0)
True, True, 0.1847, (0, 428, 270, 423, 0)
True, True, 0.2204, (0, 25, 329, 28, 199, 0)
True, True, 0.1064, (0, 81, 280, 102, 181, 0)
True, True, 0.0735, (0, 242, 418, 348, 0)
True, True, 0.2863, (0, 213, 467, 86, 0)
True, True, 0.0812, (0, 449, 414, 65, 135, 0)
True, True, 0.1051, (0, 196, 286, 439, 0)
True, True, 0.5391, (0, 404, 179, 158, 273, 0)
True, True, 0.4632, (0, 99, 275, 348, 383, 0)
True, True, 0.1203, (0, 145, 75, 200, 0)
True, True, 0.434, (0, 421, 305, 300, 0)
True, True, 0.0464, (0, 302, 32, 371, 16, 0)
True, True, 0.09, (0, 126, 146, 164, 461, 0)
True, True, 0.2829, (0, 432, 23, 5, 0)
True, True, 0.1694, (0, 242, 356, 304, 0)
True, True, 0.1847, (0, 313, 165, 458, 0)
True, True, 0.3809, (0, 355, 425, 455, 0)
True, True, 0.052, (0, 34, 282, 457, 130, 0)
True, True, 0.1997, (0, 441, 390, 343, 417, 0)
True, True, 0.3333, (0, 172, 249, 353, 0)
True, True, 0.0241, (0, 57, 55, 105, 26, 0)
True, True, 0.2562, (0, 306, 46, 277, 143, 0)
True, True, 0.0788, (0, 11, 297, 53, 255, 0)
True, True, 0.3019, (0, 309, 410, 315, 0)
True, True, 0.3703, (0, 58, 145, 410, 0)
True, True, 0.4057, (0, 104, 350, 47, 0)
True, True, 0.1082, (0, 356, 336, 134, 275, 0)
True, True, 0.051, (0, 304, 225, 447, 199, 0)
True, True, 0.0067, (0, 311, 143, 50, 0)
True, True, 0.1845, (0, 266, 392, 169, 389, 0)
True, True, 0.1081, (0, 272, 126, 146, 461, 0)
True, True, 0.1847, (0, 61, 270, 334, 325, 0)
True, True, 0.0495, (0, 302, 339, 125, 371, 0)
True, True, 0.2983, (0, 209, 354, 397, 0)
True, True, 0.1524, (0, 186, 207, 129, 224, 0)
True, True, 0.0572, (0, 447, 99, 346, 291, 0)
True, True, 0.0597, (0, 140, 219, 341, 297, 0)
True, True, 0.0371, (0, 57, 160, 129, 207, 0)
True, True, 0.0572, (0, 191, 26, 346, 243, 0)
True, True, 0.0164, (0, 337, 338, 398, 219, 0)
True, True, 0.3624, (0, 313, 166, 406, 0)
True, True, 0.2039, (0, 28, 25, 468, 337, 0)
True, True, 0.0859, (0, 357, 148, 132, 0)
True, True, 0.2631, (0, 240, 393, 7, 426, 0)
True, True, 0.1124, (0, 136, 211, 39, 0)
True, True, 0.2017, (0, 431, 354, 397, 0)
True, True, 0.0035, (0, 51, 65, 110, 0)
True, True, 0.0047, (0, 102, 280, 222, 151, 0)
True, True, 0.0495, (0, 407, 146, 464, 0)
True, True, 0.125, (0, 338, 341, 140, 197, 0)
True, True, 0.0906, (0, 457, 313, 419, 294, 0)
True, True, 0.0898, (0, 186, 57, 320, 154, 0)
True, True, 0.1778, (0, 107, 98, 357, 0)
True, True, 0.1847, (0, 325, 109, 453, 229, 0)
True, True, 0.2647, (0, 131, 417, 35, 65, 0)
True, True, 0.2765, (0, 388, 118, 332, 157, 0)
True, True, 0.5435, (0, 282, 457, 458, 419, 0)
True, True, 0.0896, (0, 64, 288, 151, 127, 0)
True, True, 0.2078, (0, 294, 27, 402, 90, 0)
True, True, 0.052, (0, 294, 340, 27, 90, 0)
True, True, 0.3333, (0, 172, 372, 353, 0)
True, True, 0.0067, (0, 294, 119, 171, 174, 0)
True, True, 0.2184, (0, 256, 94, 319, 0)
False, True, 0.2347, (0, 280, 151, 452, 280, 0)
False, True, 0.2888, (0, 80, 449, 414, 80, 0)
False, True, 0.0495, (0, 174, 429, 399, 174, 0)
False, True, 0.3898, (0, 337, 60, 468, 337, 0)
False, True, 0.2204, (0, 199, 435, 225, 199, 0)
False, True, 0.1557, (0, 415, 226, 247, 415, 0)
False, True, 0.5, (0, 72, 184, 103, 72, 0)
False, True, 0.048, (0, 238, 157, 335, 238, 0)
False, True, 0.1186, (0, 358, 14, 224, 358, 0)
False, True, 0.1115, (0, 227, 11, 163, 227, 0)
False, True, 0.3219, (0, 65, 268, 417, 65, 0)
False, True, 0.4442, (0, 78, 211, 102, 78, 0)
False, True, 0.5, (0, 223, 360, 131, 223, 0)
False, True, 0.2143, (0, 275, 336, 418, 275, 0)
False, True, 0.3443, (0, 415, 403, 226, 415, 0)
False, True, 0.1601, (0, 454, 388, 248, 454, 0)
False, True, 0.5, (0, 205, 162, 284, 205, 0)
False, True, 0.0991, (0, 84, 464, 427, 84, 0)
False, True, 0.4908, (0, 124, 100, 64, 124, 0)
False, True, 0.448, (0, 178, 446, 130, 178, 0)
False, True, 0.25, (0, 184, 370, 136, 184, 0)
False, True, 0.2204, (0, 225, 242, 356, 225, 0)
False, True, 0.3964, (0, 272, 146, 164, 272, 0)
False, True, 0.0028, (0, 197, 401, 123, 197, 0)
False, True, 0.0716, (0, 343, 148, 106, 343, 0)
False, True, 0.3814, (0, 358, 422, 183, 358, 0)
False, True, 0.2983, (0, 376, 6, 206, 376, 0)
False, True, 0.0035, (0, 65, 188, 210, 65, 0)
False, True, 0.25, (0, 87, 70, 161, 87, 0)
False, True, 0.4809, (0, 123, 53, 255, 123, 0)
False, True, 0.452, (0, 260, 125, 168, 260, 0)
False, True, 0.1724, (0, 269, 295, 241, 269, 0)
False, True, 0.2568, (0, 164, 146, 126, 164, 0)
False, True, 0.1722, (0, 309, 434, 75, 309, 0)
False, True, 0.0356, (0, 100, 288, 367, 100, 0)
False, True, 0.0653, (0, 366, 140, 219, 366, 0)
False, True, 0.2759, (0, 434, 52, 200, 434, 0)
False, True, 0.0939, (0, 9, 149, 93, 9, 0)
False, True, 0.0469, (0, 93, 221, 9, 93, 0)
False, True, 0.3441, (0, 402, 130, 364, 402, 0)
False, True, 0.2878, (0, 28, 225, 199, 28, 0)
False, True, 0.1082, (0, 99, 21, 292, 99, 0)
False, True, 0.0966, (0, 101, 206, 15, 101, 0)
False, True, 0.0566, (0, 131, 459, 220, 131, 0)
False, True, 0.165, (0, 129, 160, 57, 129, 0)
False, True, 0.3476, (0, 370, 96, 300, 370, 0)
False, True, 0.1889, (0, 426, 425, 168, 426, 0)
False, True, 0.0177, (0, 443, 40, 321, 443, 0)
False, True, 0.0386, (0, 282, 170, 457, 282, 0)
all_elementary, False
all_cyc2, True
