Instance, X-n502-k39
capacity, 13
min_trucks, 39
output_file, output_uchoa/X-n502-k39-cyc2.log
Start date, 2022-07-05
Start time, 21-02-22
capacity, 13
num_vehicles, 39
abort_early, False
methods, ['cyc2']
max_vars, 100
time_limit, 86400
farley, False
ESPPRC_heur, True
initial time, initial max_it, max_stale_it
1, 20000.0, 20
heuristic Number of routes, heuristic Best Solution Value, heuristic number of iterations, adjusted time, adjusted max_it, measured total time
448661, 69364.0, 20000, 1, 20000.0, 33280.9
method, python time, total time, propagated dominance time, unpropagated dominance time, pricing_success, upper_bound, lower_bound, abort_early, num_paths, 
ESPPRC_heur, 0.0, 0.5, 0.2, 0.1, 0, 68414.5832, 60748.9347, True, 643
ESPPRC_heur, 0.0, 0.5, 0.2, 0.1, 0, 68414.5832, 64802.8442, True, 457
ESPPRC_heur, 0.0, 0.5, 0.2, 0.1, 0, 68414.5832, 63461.1151, True, 464
ESPPRC_heur, 0.0, 0.5, 0.2, 0.1, 0, 68414.5832, 66024.1578, True, 459
ESPPRC_heur, 0.0, 0.5, 0.2, 0.1, 0, 68414.5832, 66658.0344, True, 393
ESPPRC_heur, 0.0, 0.5, 0.2, 0.1, 0, 68414.5832, 67294.9742, True, 342
ESPPRC_heur, 0.0, 0.5, 0.2, 0.1, 0, 68414.5832, 67593.0555, True, 279
ESPPRC_heur, 0.0, 0.5, 0.2, 0.1, 0, 68411.6714, 67630.2937, True, 236
ESPPRC_heur, 0.0, 0.5, 0.2, 0.1, 0, 68411.6714, 67906.8477, True, 165
ESPPRC_heur, 0.0, 0.5, 0.2, 0.1, 0, 68409.0905, 66667.2636, True, 248
ESPPRC_heur, 0.0, 0.5, 0.2, 0.1, 0, 68408.1722, 67139.9593, True, 249
ESPPRC_heur, 0.0, 0.5, 0.2, 0.1, 0, 68408.1722, 67479.7091, True, 239
ESPPRC_heur, 0.0, 0.5, 0.2, 0.1, 0, 68408.1722, 68036.876, True, 144
ESPPRC_heur, 0.0, 0.5, 0.2, 0.1, 0, 68407.7442, 67736.7969, True, 94
ESPPRC_heur, 0.0, 0.5, 0.2, 0.1, 0, 68406.1987, 67871.0003, True, 124
ESPPRC_heur, 0.0, 0.5, 0.2, 0.1, 0, 68405.847, 68004.1014, True, 62
ESPPRC_heur, -0.0, 0.5, 0.2, 0.1, 0, 68405.2996, 68325.3529, True, 42
ESPPRC_heur, -0.0, 0.5, 0.2, 0.1, 0, 68404.758, 68126.4736, True, 50
ESPPRC_heur, -0.0, 0.5, 0.2, 0.1, 0, 68404.3552, 68271.2299, True, 24
ESPPRC_heur, -0.0, 0.5, 0.2, 0.1, 0, 68404.2927, 68194.1691, True, 28
ESPPRC_heur, -0.0, 0.5, 0.2, 0.1, 0, 68404.2324, 68161.9774, True, 12
ESPPRC_heur, -0.0, 0.5, 0.2, 0.1, 0, 68404.1388, 68169.6719, True, 30
ESPPRC_heur, -0.0, 0.5, 0.2, 0.1, 0, 68404.1383, 68274.7473, True, 17
ESPPRC_heur, -0.0, 0.5, 0.2, 0.1, 0, 68404.1364, 68242.2663, True, 18
ESPPRC_heur, 0.0, 0.5, 0.2, 0.1, 0, 68403.5198, 68089.7591, True, 62
ESPPRC_heur, -0.0, 0.5, 0.2, 0.1, 0, 68403.5045, 68275.3646, True, 28
ESPPRC_heur, -0.0, 0.5, 0.2, 0.1, 0, 68403.3058, 68268.8724, True, 12
ESPPRC_heur, -0.0, 0.5, 0.2, 0.1, 0, 68403.243, 68348.0619, True, 17
ESPPRC_heur, -0.0, 0.5, 0.2, 0.1, 0, 68403.2426, 68368.0826, True, 6
ESPPRC_heur, -0.0, 0.5, 0.2, 0.1, 0, 68403.1799, 68393.4828, True, 6
ESPPRC_heur, -0.0, 0.5, 0.2, 0.1, 0, 68403.1799, 68394.2897, True, 2
ESPPRC_heur, -0.0, 0.5, 0.2, 0.1, 0, 68403.1799, 68394.2897, True, 1
ESPPRC_heur, -0.0, 0.5, 0.2, 0.1, 0, 68403.174, 68400.7635, True, 1
ESPPRC_heur, -0.0, 0.5, 0.2, 0.1, 0, 68403.1737, 68369.0607, True, 6
ESPPRC_heur, -0.0, 0.5, 0.2, 0.1, 0, 68403.1737, 68379.3809, True, 4
cyc2, -0.0, 2.8, 0.0, 0.0, 1, 68403.1737, 60459.1962, 0, 3654
ESPPRC_heur, 0.0, 0.5, 0.2, 0.1, 0, 68403.1737, 66566.9237, True, 144
ESPPRC_heur, 0.0, 0.5, 0.2, 0.1, 0, 68403.1737, 67056.8896, True, 126
ESPPRC_heur, -0.0, 0.5, 0.2, 0.1, 0, 68403.1737, 68323.7479, True, 3
cyc2, 0.1, 2.8, 0.0, 0.0, 1, 68403.1737, 64377.2959, 0, 2963
ESPPRC_heur, 0.0, 0.5, 0.2, 0.1, 0, 68379.6473, 66425.4792, True, 171
ESPPRC_heur, 0.0, 0.5, 0.2, 0.1, 0, 68379.6473, 66135.7982, True, 182
ESPPRC_heur, -0.0, 0.5, 0.2, 0.1, 0, 68378.9091, 68215.7783, True, 21
ESPPRC_heur, -0.0, 0.5, 0.2, 0.1, 0, 68378.2909, 68283.3584, True, 30
ESPPRC_heur, -0.0, 0.5, 0.2, 0.1, 0, 68378.1752, 68319.5549, True, 14
ESPPRC_heur, -0.0, 0.5, 0.2, 0.1, 0, 68377.9153, 68350.6621, True, 4
ESPPRC_heur, -0.0, 0.5, 0.2, 0.1, 0, 68377.9044, 68324.6025, True, 5
cyc2, 0.0, 2.8, 0.0, 0.0, 1, 68377.8569, 63816.8183, 0, 3330
ESPPRC_heur, -0.0, 0.5, 0.2, 0.1, 0, 68374.0236, 67820.77, True, 44
ESPPRC_heur, -0.0, 0.5, 0.2, 0.1, 0, 68374.0175, 68296.0175, True, 7
ESPPRC_heur, -0.0, 0.5, 0.2, 0.1, 0, 68373.9385, 68353.1069, True, 5
ESPPRC_heur, -0.0, 0.5, 0.2, 0.1, 0, 68373.9385, 68360.2191, True, 1
ESPPRC_heur, -0.0, 0.5, 0.2, 0.1, 0, 68373.9385, 68369.2029, True, 1
cyc2, 0.1, 2.8, 0.0, 0.0, 1, 68373.9363, 65039.7607, 0, 2911
ESPPRC_heur, 0.0, 0.5, 0.2, 0.1, 0, 68357.2357, 68027.5043, True, 93
ESPPRC_heur, -0.0, 0.5, 0.2, 0.1, 0, 68357.1895, 68240.1895, True, 29
ESPPRC_heur, -0.0, 0.5, 0.2, 0.1, 0, 68357.1048, 68207.5681, True, 26
ESPPRC_heur, -0.0, 0.5, 0.2, 0.1, 0, 68356.7955, 68217.7981, True, 16
ESPPRC_heur, -0.0, 0.5, 0.2, 0.1, 0, 68356.7055, 68294.6223, True, 12
ESPPRC_heur, -0.0, 0.5, 0.2, 0.1, 0, 68356.7055, 68323.6919, True, 6
ESPPRC_heur, -0.0, 0.5, 0.2, 0.1, 0, 68356.6505, 68225.8326, True, 7
ESPPRC_heur, -0.0, 0.5, 0.2, 0.1, 0, 68356.6487, 68293.1012, True, 4
cyc2, 0.1, 2.8, 0.0, 0.0, 1, 68356.6487, 66285.1889, 0, 2303
ESPPRC_heur, 0.0, 0.5, 0.2, 0.1, 0, 68290.173, 67717.3194, True, 155
ESPPRC_heur, 0.0, 0.5, 0.2, 0.1, 0, 68289.6135, 67807.934, True, 117
ESPPRC_heur, 0.0, 0.5, 0.2, 0.1, 0, 68288.5667, 68007.7929, True, 65
ESPPRC_heur, 0.0, 0.5, 0.2, 0.1, 0, 68288.1919, 67966.3088, True, 43
ESPPRC_heur, -0.0, 0.5, 0.2, 0.1, 0, 68287.5892, 68171.981, True, 35
ESPPRC_heur, -0.0, 0.5, 0.2, 0.1, 0, 68287.2137, 68181.9304, True, 30
ESPPRC_heur, -0.0, 0.5, 0.2, 0.1, 0, 68287.1224, 68186.2847, True, 12
ESPPRC_heur, -0.0, 0.5, 0.2, 0.1, 0, 68286.9837, 68254.867, True, 11
cyc2, 0.1, 2.8, 0.0, 0.0, 1, 68286.9836, 64272.9229, 0, 2627
ESPPRC_heur, -0.0, 0.5, 0.2, 0.1, 0, 68286.9799, 68212.9935, True, 21
cyc2, 0.0, 2.9, 0.0, 0.0, 1, 68286.9756, 65991.9941, 0, 2491
ESPPRC_heur, 0.0, 0.5, 0.2, 0.1, 0, 68285.0564, 67712.4822, True, 57
ESPPRC_heur, -0.0, 0.5, 0.2, 0.1, 0, 68284.719, 68152.6621, True, 29
ESPPRC_heur, -0.0, 0.5, 0.2, 0.1, 0, 68284.6814, 68231.8673, True, 3
ESPPRC_heur, -0.0, 0.5, 0.2, 0.1, 0, 68284.6814, 68254.3047, True, 3
cyc2, 0.0, 2.9, 0.0, 0.0, 1, 68284.6814, 66863.3816, 0, 1948
ESPPRC_heur, 0.0, 0.5, 0.2, 0.1, 0, 68269.3893, 67855.5757, True, 113
ESPPRC_heur, 0.0, 0.5, 0.2, 0.1, 0, 68269.3333, 67990.1865, True, 60
ESPPRC_heur, 0.0, 0.5, 0.2, 0.1, 0, 68269.1915, 68056.9841, True, 42
ESPPRC_heur, -0.0, 0.5, 0.2, 0.1, 0, 68269.1303, 68002.8868, True, 32
ESPPRC_heur, -0.0, 0.5, 0.2, 0.1, 0, 68269.1291, 68140.6529, True, 13
ESPPRC_heur, -0.0, 0.5, 0.2, 0.1, 0, 68269.1186, 68200.4954, True, 8
ESPPRC_heur, -0.0, 0.5, 0.2, 0.1, 0, 68269.0923, 68197.3515, True, 4
ESPPRC_heur, -0.0, 0.5, 0.2, 0.1, 0, 68269.0896, 68199.811, True, 3
ESPPRC_heur, -0.0, 0.5, 0.2, 0.1, 0, 68269.0896, 68205.8128, True, 3
ESPPRC_heur, -0.0, 0.5, 0.2, 0.1, 0, 68269.0896, 68205.8128, True, 1
ESPPRC_heur, -0.0, 0.5, 0.2, 0.1, 0, 68269.0896, 68205.8128, True, 1
ESPPRC_heur, -0.0, 0.5, 0.2, 0.1, 0, 68269.0896, 68205.8128, True, 1
ESPPRC_heur, -0.0, 0.5, 0.2, 0.1, 0, 68269.0896, 68205.8128, True, 1
ESPPRC_heur, -0.0, 0.5, 0.2, 0.1, 0, 68269.0409, 68150.7371, True, 9
cyc2, -0.0, 2.9, 0.0, 0.0, 1, 68269.0409, 66899.7391, 0, 2211
ESPPRC_heur, -0.0, 0.5, 0.2, 0.1, 0, 68268.7802, 67877.9406, True, 52
ESPPRC_heur, -0.0, 0.5, 0.2, 0.1, 0, 68268.7802, 68240.8388, True, 12
ESPPRC_heur, -0.0, 0.5, 0.2, 0.1, 0, 68268.7802, 68263.9708, True, 6
ESPPRC_heur, -0.0, 0.5, 0.2, 0.1, 0, 68268.7802, 68266.8353, True, 5
ESPPRC_heur, -0.0, 0.5, 0.2, 0.1, 0, 68268.7802, 68266.8353, True, 4
ESPPRC_heur, -0.0, 0.5, 0.2, 0.1, 0, 68268.7789, 68219.3565, True, 3
cyc2, -0.0, 2.9, 0.0, 0.0, 1, 68268.7789, 67324.8041, 0, 1812
ESPPRC_heur, 0.0, 0.5, 0.2, 0.1, 0, 68245.9966, 67936.6013, True, 89
ESPPRC_heur, -0.0, 0.5, 0.2, 0.1, 0, 68245.9048, 67997.2988, True, 49
ESPPRC_heur, -0.0, 0.5, 0.2, 0.1, 0, 68245.8456, 67997.0371, True, 20
ESPPRC_heur, -0.0, 0.5, 0.2, 0.1, 0, 68245.8311, 68096.1243, True, 8
ESPPRC_heur, -0.0, 0.5, 0.2, 0.1, 0, 68245.7978, 68134.1684, True, 9
ESPPRC_heur, -0.0, 0.5, 0.2, 0.1, 0, 68245.709, 68129.7017, True, 13
ESPPRC_heur, -0.0, 0.5, 0.2, 0.1, 0, 68245.4089, 68117.7657, True, 17
ESPPRC_heur, -0.0, 0.5, 0.2, 0.1, 0, 68245.3746, 68172.8573, True, 3
ESPPRC_heur, -0.0, 0.5, 0.2, 0.1, 0, 68245.3528, 68206.3528, True, 3
ESPPRC_heur, -0.0, 0.5, 0.2, 0.1, 0, 68245.3226, 68205.2948, True, 2
cyc2, 0.0, 2.9, 0.0, 0.0, 1, 68245.3226, 67135.203, 0, 1703
ESPPRC_heur, -0.0, 0.5, 0.2, 0.1, 0, 68243.3886, 68037.768, True, 34
ESPPRC_heur, -0.0, 0.5, 0.2, 0.1, 0, 68243.3524, 68132.218, True, 14
ESPPRC_heur, -0.0, 0.5, 0.2, 0.1, 0, 68243.3212, 68141.3946, True, 5
ESPPRC_heur, -0.0, 0.5, 0.2, 0.1, 0, 68243.3212, 68200.9715, True, 3
cyc2, 0.1, 2.8, 0.0, 0.0, 1, 68243.3042, 67319.2653, 0, 1753
ESPPRC_heur, -0.0, 0.5, 0.2, 0.1, 0, 68238.5395, 68055.6852, True, 37
ESPPRC_heur, 0.0, 0.5, 0.2, 0.1, 0, 68238.2139, 68066.5806, True, 37
ESPPRC_heur, -0.0, 0.5, 0.2, 0.1, 0, 68238.1992, 68148.2704, True, 14
ESPPRC_heur, -0.0, 0.5, 0.2, 0.1, 0, 68238.1354, 68186.4008, True, 14
ESPPRC_heur, -0.0, 0.5, 0.2, 0.1, 0, 68238.0948, 68180.587, True, 12
ESPPRC_heur, -0.0, 0.5, 0.2, 0.1, 0, 68238.0904, 68175.856, True, 12
ESPPRC_heur, -0.0, 0.5, 0.2, 0.1, 0, 68238.0904, 68210.239, True, 2
cyc2, 0.0, 2.9, 0.0, 0.0, 1, 68238.0904, 67579.073, 0, 1424
ESPPRC_heur, 0.0, 0.5, 0.2, 0.1, 0, 68230.2123, 68008.8394, True, 69
ESPPRC_heur, 0.0, 0.5, 0.2, 0.1, 0, 68229.4876, 68119.0174, True, 43
ESPPRC_heur, -0.0, 0.5, 0.2, 0.1, 0, 68229.3206, 68138.9326, True, 14
ESPPRC_heur, -0.0, 0.5, 0.2, 0.1, 0, 68229.1449, 68207.3844, True, 5
ESPPRC_heur, -0.0, 0.5, 0.2, 0.1, 0, 68229.1414, 68190.1414, True, 7
ESPPRC_heur, -0.0, 0.5, 0.2, 0.1, 0, 68229.1203, 68210.2449, True, 2
ESPPRC_heur, -0.0, 0.5, 0.2, 0.1, 0, 68229.1203, 68222.3568, True, 3
ESPPRC_heur, -0.0, 0.5, 0.2, 0.1, 0, 68229.1203, 68222.3568, True, 1
ESPPRC_heur, -0.0, 0.5, 0.2, 0.1, 0, 68229.1203, 68224.939, True, 2
ESPPRC_heur, -0.0, 0.5, 0.2, 0.1, 0, 68229.1203, 68174.6751, True, 5
ESPPRC_heur, -0.0, 0.5, 0.2, 0.1, 0, 68229.1203, 68217.806, True, 2
cyc2, 0.0, 2.8, 0.0, 0.0, 1, 68229.1203, 67352.2246, 0, 1620
ESPPRC_heur, 0.0, 0.5, 0.2, 0.1, 0, 68227.0993, 67787.9886, True, 50
ESPPRC_heur, -0.0, 0.5, 0.2, 0.1, 0, 68226.7906, 68125.3736, True, 11
ESPPRC_heur, -0.0, 0.5, 0.2, 0.1, 0, 68226.7412, 68065.4689, True, 10
ESPPRC_heur, -0.0, 0.5, 0.2, 0.1, 0, 68226.7412, 68067.5544, True, 5
ESPPRC_heur, -0.0, 0.5, 0.2, 0.1, 0, 68226.741, 68207.241, True, 1
ESPPRC_heur, -0.0, 0.5, 0.2, 0.1, 0, 68226.741, 68207.241, True, 1
ESPPRC_heur, -0.0, 0.5, 0.2, 0.1, 0, 68226.741, 68203.5299, True, 2
ESPPRC_heur, -0.0, 0.5, 0.2, 0.1, 0, 68226.741, 68207.241, True, 4
ESPPRC_heur, -0.0, 0.5, 0.2, 0.1, 0, 68226.741, 68187.741, True, 1
cyc2, 0.0, 2.9, 0.0, 0.0, 1, 68226.741, 67439.2591, 0, 1253
ESPPRC_heur, -0.0, 0.5, 0.2, 0.1, 0, 68223.0123, 68118.6684, True, 16
ESPPRC_heur, -0.0, 0.5, 0.2, 0.1, 0, 68222.8794, 68162.526, True, 6
ESPPRC_heur, -0.0, 0.5, 0.2, 0.1, 0, 68222.8645, 68193.4848, True, 2
ESPPRC_heur, -0.0, 0.5, 0.2, 0.1, 0, 68222.8537, 68221.0433, True, 1
cyc2, 0.0, 2.9, 0.0, 0.0, 1, 68222.8537, 67138.0928, 0, 1150
ESPPRC_heur, -0.0, 0.5, 0.2, 0.1, 0, 68210.1002, 68091.1652, True, 48
ESPPRC_heur, -0.0, 0.5, 0.2, 0.1, 0, 68210.0025, 68141.2662, True, 13
ESPPRC_heur, -0.0, 0.5, 0.2, 0.1, 0, 68209.9379, 68187.1986, True, 5
ESPPRC_heur, -0.0, 0.5, 0.2, 0.1, 0, 68209.9379, 68187.1986, True, 3
ESPPRC_heur, -0.0, 0.5, 0.2, 0.1, 0, 68209.9374, 68192.3702, True, 2
ESPPRC_heur, -0.0, 0.5, 0.2, 0.1, 0, 68209.9374, 68194.1177, True, 2
cyc2, 0.1, 2.8, 0.0, 0.0, 1, 68209.9374, 66261.441, 0, 1486
ESPPRC_heur, -0.0, 0.5, 0.2, 0.1, 0, 68209.9374, 68099.241, True, 5
ESPPRC_heur, -0.0, 0.5, 0.2, 0.1, 0, 68209.8949, 68204.8975, True, 2
cyc2, 0.1, 2.8, 0.0, 0.0, 1, 68209.8949, 67627.7999, 0, 1033
ESPPRC_heur, 0.0, 0.5, 0.2, 0.1, 0, 68197.4956, 68023.9268, True, 79
ESPPRC_heur, 0.0, 0.5, 0.2, 0.1, 0, 68197.2813, 68053.1463, True, 25
ESPPRC_heur, -0.0, 0.5, 0.2, 0.1, 0, 68197.0852, 68091.3203, True, 21
ESPPRC_heur, -0.0, 0.5, 0.2, 0.1, 0, 68196.9787, 68152.8803, True, 14
ESPPRC_heur, -0.0, 0.5, 0.2, 0.1, 0, 68196.7543, 68099.9887, True, 8
ESPPRC_heur, -0.0, 0.5, 0.2, 0.1, 0, 68196.7543, 68181.6063, True, 2
ESPPRC_heur, -0.0, 0.5, 0.2, 0.1, 0, 68196.7543, 68135.3615, True, 2
cyc2, 0.0, 2.9, 0.0, 0.0, 1, 68196.7543, 67092.9338, 0, 1297
ESPPRC_heur, -0.0, 0.5, 0.2, 0.1, 0, 68196.7543, 68127.4148, True, 2
cyc2, 0.1, 2.8, 0.0, 0.0, 1, 68196.7543, 67635.5153, 0, 1011
ESPPRC_heur, -0.0, 0.5, 0.2, 0.1, 0, 68195.0809, 68017.972, True, 20
ESPPRC_heur, -0.0, 0.5, 0.2, 0.1, 0, 68195.0809, 68140.9854, True, 8
ESPPRC_heur, -0.0, 0.5, 0.2, 0.1, 0, 68195.0793, 68143.7609, True, 5
cyc2, 0.1, 2.8, 0.0, 0.0, 1, 68195.0793, 67816.1115, 0, 937
ESPPRC_heur, -0.0, 0.5, 0.2, 0.1, 0, 68189.3774, 68101.6167, True, 26
ESPPRC_heur, -0.0, 0.5, 0.2, 0.1, 0, 68189.3774, 68080.4616, True, 17
ESPPRC_heur, -0.0, 0.5, 0.2, 0.1, 0, 68189.3572, 68139.0531, True, 5
ESPPRC_heur, -0.0, 0.5, 0.2, 0.1, 0, 68189.3572, 68183.7798, True, 2
ESPPRC_heur, -0.0, 0.5, 0.2, 0.1, 0, 68189.3572, 68189.103, True, 1
ESPPRC_heur, -0.0, 0.5, 0.2, 0.1, 0, 68189.3572, 68189.2301, True, 1
cyc2, 0.0, 2.9, 0.0, 0.0, 1, 68189.3572, 67586.1767, 0, 897
ESPPRC_heur, -0.0, 0.5, 0.2, 0.1, 0, 68186.3225, 68106.3347, True, 27
ESPPRC_heur, -0.0, 0.5, 0.2, 0.1, 0, 68186.235, 68152.3542, True, 4
cyc2, 0.0, 2.9, 0.0, 0.0, 1, 68186.235, 67827.5935, 0, 737
ESPPRC_heur, -0.0, 0.5, 0.2, 0.1, 0, 68181.2704, 68030.2, True, 28
ESPPRC_heur, -0.0, 0.5, 0.2, 0.1, 0, 68181.2085, 68078.286, True, 17
ESPPRC_heur, -0.0, 0.5, 0.2, 0.1, 0, 68181.1737, 68083.0101, True, 5
ESPPRC_heur, -0.0, 0.5, 0.2, 0.1, 0, 68181.1708, 68174.5522, True, 2
ESPPRC_heur, -0.0, 0.5, 0.2, 0.1, 0, 68181.1708, 68094.682, True, 2
ESPPRC_heur, -0.0, 0.5, 0.2, 0.1, 0, 68181.1708, 68094.682, True, 1
cyc2, 0.1, 2.8, 0.0, 0.0, 1, 68181.1708, 67917.8263, 0, 726
ESPPRC_heur, 0.0, 0.5, 0.2, 0.1, 0, 68178.6856, 67573.4793, True, 126
ESPPRC_heur, 0.0, 0.5, 0.2, 0.1, 0, 68178.6587, 67411.0415, True, 115
ESPPRC_heur, -0.0, 0.5, 0.2, 0.1, 0, 68178.6587, 68127.952, True, 17
ESPPRC_heur, -0.0, 0.5, 0.2, 0.1, 0, 68178.5301, 68068.9127, True, 14
ESPPRC_heur, -0.0, 0.5, 0.2, 0.1, 0, 68178.4498, 68091.6793, True, 5
ESPPRC_heur, -0.0, 0.5, 0.2, 0.1, 0, 68178.447, 68155.8296, True, 4
cyc2, 0.1, 2.8, 0.0, 0.0, 1, 68178.447, 67846.1642, 0, 586
ESPPRC_heur, -0.0, 0.5, 0.2, 0.1, 0, 68175.6072, 68106.3588, True, 21
ESPPRC_heur, -0.0, 0.5, 0.2, 0.1, 0, 68175.5869, 68136.5869, True, 3
ESPPRC_heur, -0.0, 0.5, 0.2, 0.1, 0, 68175.5869, 68172.3573, True, 1
cyc2, 0.1, 2.8, 0.0, 0.0, 1, 68175.5869, 67909.1749, 0, 592
ESPPRC_heur, -0.0, 0.5, 0.2, 0.1, 0, 68173.7634, 68079.1569, True, 35
ESPPRC_heur, -0.0, 0.5, 0.2, 0.1, 0, 68173.732, 68081.0516, True, 11
ESPPRC_heur, -0.0, 0.5, 0.2, 0.1, 0, 68173.6376, 68115.8285, True, 8
ESPPRC_heur, -0.0, 0.5, 0.2, 0.1, 0, 68173.6279, 68158.1096, True, 4
ESPPRC_heur, -0.0, 0.5, 0.2, 0.1, 0, 68173.6272, 68171.0174, True, 2
cyc2, 0.0, 2.9, 0.0, 0.0, 1, 68173.6272, 67973.3752, 0, 470
ESPPRC_heur, -0.0, 0.5, 0.2, 0.1, 0, 68171.6738, 68073.4749, True, 18
ESPPRC_heur, -0.0, 0.5, 0.2, 0.1, 0, 68171.6038, 68153.8628, True, 4
ESPPRC_heur, -0.0, 0.5, 0.2, 0.1, 0, 68171.5832, 68145.8777, True, 1
cyc2, 0.1, 2.8, 0.0, 0.0, 1, 68171.5832, 67948.5131, 0, 470
ESPPRC_heur, -0.0, 0.5, 0.2, 0.1, 0, 68170.4368, 68108.8387, True, 12
cyc2, 0.1, 2.8, 0.0, 0.0, 1, 68170.4368, 67993.2204, 0, 412
ESPPRC_heur, -0.0, 0.5, 0.2, 0.1, 0, 68168.8458, 68085.223, True, 12
ESPPRC_heur, -0.0, 0.5, 0.2, 0.1, 0, 68168.8099, 68107.8333, True, 12
ESPPRC_heur, -0.0, 0.5, 0.2, 0.1, 0, 68168.8091, 68113.7063, True, 9
cyc2, 0.0, 2.9, 0.0, 0.0, 1, 68168.8091, 67946.9636, 0, 395
ESPPRC_heur, -0.0, 0.5, 0.2, 0.1, 0, 68168.51, 68156.202, True, 5
cyc2, 0.0, 2.9, 0.0, 0.0, 1, 68168.5099, 68022.0328, 0, 308
ESPPRC_heur, -0.0, 0.5, 0.2, 0.1, 0, 68166.9998, 68086.9385, True, 13
ESPPRC_heur, -0.0, 0.5, 0.2, 0.1, 0, 68166.9989, 68153.8464, True, 4
ESPPRC_heur, -0.0, 0.5, 0.2, 0.1, 0, 68166.9968, 68142.5127, True, 2
cyc2, 0.1, 2.8, 0.0, 0.0, 1, 68166.9874, 68063.3264, 0, 259
ESPPRC_heur, -0.0, 0.5, 0.2, 0.1, 0, 68165.7174, 68118.1771, True, 7
ESPPRC_heur, -0.0, 0.5, 0.2, 0.1, 0, 68165.7144, 68156.169, True, 1
cyc2, 0.0, 2.9, 0.0, 0.0, 1, 68165.7144, 68058.8799, 0, 200
ESPPRC_heur, -0.0, 0.5, 0.2, 0.1, 0, 68164.7464, 68148.6427, True, 3
ESPPRC_heur, -0.0, 0.5, 0.2, 0.1, 0, 68164.7464, 68152.0439, True, 1
cyc2, 0.0, 2.9, 0.0, 0.0, 1, 68164.7464, 67957.872, 0, 218
ESPPRC_heur, -0.0, 0.5, 0.2, 0.1, 0, 68164.5078, 68161.0838, True, 1
cyc2, 0.1, 2.8, 0.0, 0.0, 1, 68164.5052, 68078.8532, 0, 140
ESPPRC_heur, -0.0, 0.5, 0.2, 0.1, 0, 68164.3251, 68092.6756, True, 3
cyc2, -0.0, 2.9, 0.0, 0.0, 1, 68164.3251, 66339.4837, 0, 971
cyc2, 0.1, 2.8, 0.0, 0.0, 1, 68164.3251, 67841.6669, 0, 199
cyc2, 0.1, 2.8, 0.0, 0.0, 1, 68164.2763, 68121.5383, 0, 95
cyc2, 0.1, 2.8, 0.0, 0.0, 1, 68164.1799, 68143.0496, 0, 34
cyc2, 0.0, 2.8, 0.0, 0.0, 1, 68164.1405, 68154.5736, 0, 13
cyc2, -0.0, 2.9, 0.0, 0.0, 1, 68164.1331, 68164.1331, 0, 0
scip_total_time, 34394.261252
Solval, number of paths, impact cutoff
68164.13306410673, 354, 0.0001
Elementary, 2-Cycle, Path Value, Path
True, True, 0.25, (0, 193, 396, 224, 88, 167, 268, 162, 163, 270, 9, 172, 459, 433, 0)
True, True, 0.25, (0, 353, 204, 237, 322, 465, 36, 305, 277, 62, 256, 323, 334, 471, 0)
True, True, 0.2183, (0, 35, 329, 149, 466, 464, 239, 67, 132, 439, 443, 272, 290, 336, 0)
True, True, 0.0369, (0, 204, 237, 322, 465, 36, 375, 305, 277, 62, 256, 323, 334, 471, 0)
True, True, 0.25, (0, 471, 334, 323, 256, 62, 277, 305, 375, 15, 89, 430, 361, 146, 0)
True, True, 0.1695, (0, 457, 393, 490, 347, 295, 445, 184, 362, 252, 332, 58, 82, 435, 0)
True, True, 0.3165, (0, 361, 430, 89, 15, 348, 327, 34, 8, 402, 178, 230, 285, 175, 0)
True, True, 0.202, (0, 378, 289, 43, 306, 214, 360, 78, 299, 463, 370, 368, 260, 501, 0)
True, True, 0.3167, (0, 193, 396, 224, 88, 167, 268, 162, 163, 270, 9, 143, 459, 433, 0)
True, True, 0.7034, (0, 186, 448, 187, 403, 17, 365, 420, 55, 106, 120, 130, 234, 400, 0)
True, True, 0.1251, (0, 417, 372, 423, 65, 327, 348, 34, 8, 402, 178, 230, 285, 175, 0)
True, True, 0.0205, (0, 476, 151, 482, 91, 352, 479, 46, 398, 297, 293, 480, 441, 206, 0)
True, True, 0.5104, (0, 436, 115, 377, 37, 222, 460, 223, 309, 359, 300, 153, 137, 100, 0)
True, True, 0.2293, (0, 471, 334, 323, 256, 62, 277, 305, 36, 375, 15, 89, 430, 361, 0)
True, True, 0.1313, (0, 25, 185, 343, 436, 115, 377, 37, 222, 460, 223, 242, 276, 194, 0)
True, True, 0.1806, (0, 289, 43, 306, 214, 360, 30, 241, 486, 417, 494, 207, 338, 353, 0)
True, True, 0.1251, (0, 494, 372, 423, 65, 327, 348, 34, 8, 402, 178, 230, 285, 175, 0)
True, True, 0.1582, (0, 353, 204, 237, 322, 372, 423, 65, 230, 285, 175, 48, 60, 78, 0)
True, True, 0.3846, (0, 145, 315, 226, 251, 345, 171, 147, 198, 385, 81, 53, 254, 429, 0)
True, True, 0.142, (0, 367, 148, 194, 276, 242, 69, 21, 38, 31, 135, 351, 392, 269, 0)
True, True, 0.0631, (0, 393, 490, 347, 295, 445, 184, 362, 252, 332, 58, 82, 435, 485, 0)
True, True, 0.0214, (0, 475, 410, 160, 470, 269, 392, 351, 135, 59, 185, 343, 25, 421, 0)
True, True, 0.0689, (0, 103, 220, 58, 332, 252, 362, 184, 445, 295, 347, 490, 393, 457, 0)
True, True, 0.0958, (0, 422, 392, 351, 135, 31, 38, 21, 69, 242, 276, 194, 148, 367, 0)
True, True, 0.2966, (0, 298, 2, 51, 341, 119, 408, 186, 451, 444, 358, 228, 221, 85, 0)
True, True, 0.0333, (0, 459, 143, 9, 270, 163, 162, 268, 167, 88, 279, 188, 190, 324, 0)
True, True, 0.2599, (0, 60, 383, 489, 413, 57, 127, 84, 415, 233, 152, 424, 453, 110, 0)
True, True, 0.0439, (0, 12, 189, 338, 207, 494, 417, 486, 241, 30, 360, 214, 104, 378, 0)
True, True, 0.0831, (0, 491, 248, 35, 129, 329, 149, 464, 466, 110, 136, 116, 112, 90, 0)
True, True, 0.0748, (0, 485, 435, 82, 58, 332, 252, 362, 184, 445, 295, 347, 491, 259, 0)
True, True, 0.0901, (0, 289, 43, 214, 360, 30, 241, 486, 417, 494, 207, 338, 189, 12, 0)
True, True, 0.1, (0, 433, 143, 9, 270, 163, 162, 268, 167, 88, 279, 188, 190, 324, 0)
True, True, 0.2409, (0, 400, 234, 130, 120, 106, 55, 420, 365, 17, 403, 187, 448, 228, 0)
True, True, 0.0174, (0, 325, 389, 302, 61, 272, 443, 439, 132, 67, 239, 149, 329, 35, 0)
True, True, 0.0045, (0, 471, 334, 323, 256, 62, 277, 305, 375, 36, 465, 322, 237, 353, 0)
True, True, 0.1279, (0, 98, 446, 313, 321, 111, 454, 26, 261, 418, 1, 157, 14, 63, 0)
True, True, 0.2959, (0, 485, 435, 82, 58, 332, 252, 362, 184, 445, 295, 347, 259, 457, 0)
True, True, 0.1313, (0, 213, 436, 115, 377, 37, 222, 460, 223, 69, 21, 38, 31, 392, 0)
True, True, 0.1073, (0, 161, 170, 112, 116, 136, 79, 122, 364, 211, 258, 142, 42, 245, 0)
True, True, 0.0208, (0, 48, 383, 489, 413, 57, 127, 84, 415, 233, 152, 424, 453, 110, 0)
True, True, 0.1437, (0, 353, 204, 237, 207, 494, 417, 486, 241, 30, 360, 214, 306, 289, 0)
True, True, 0.0524, (0, 95, 24, 313, 321, 111, 454, 26, 261, 418, 1, 157, 14, 63, 0)
True, True, 0.0148, (0, 60, 383, 489, 413, 57, 127, 84, 415, 233, 152, 240, 18, 16, 0)
True, True, 0.0484, (0, 289, 43, 214, 360, 30, 241, 486, 417, 494, 207, 237, 204, 353, 0)
True, True, 0.0536, (0, 193, 376, 426, 247, 409, 481, 266, 488, 495, 412, 169, 81, 385, 0)
True, True, 0.0747, (0, 210, 367, 148, 194, 276, 242, 69, 21, 38, 31, 135, 59, 25, 0)
True, True, 0.0027, (0, 117, 318, 10, 371, 152, 233, 415, 84, 127, 57, 413, 489, 48, 0)
True, True, 0.4033, (0, 101, 384, 394, 74, 3, 316, 72, 211, 258, 142, 73, 42, 245, 0)
True, True, 0.0687, (0, 63, 14, 157, 1, 311, 382, 139, 369, 419, 325, 248, 491, 259, 0)
True, True, 0.1896, (0, 325, 108, 302, 61, 272, 443, 439, 132, 67, 239, 149, 329, 35, 0)
True, True, 0.1585, (0, 311, 380, 399, 284, 244, 225, 71, 483, 450, 294, 314, 26, 121, 0)
True, True, 0.1697, (0, 311, 380, 399, 284, 244, 225, 71, 483, 450, 294, 314, 26, 144, 0)
True, True, 0.0082, (0, 400, 234, 130, 420, 365, 17, 403, 187, 448, 408, 119, 341, 427, 0)
True, True, 0.0196, (0, 258, 211, 364, 122, 165, 263, 79, 136, 116, 112, 170, 161, 184, 0)
True, True, 0.0527, (0, 176, 32, 107, 449, 359, 309, 223, 460, 222, 37, 377, 115, 436, 0)
True, True, 0.0043, (0, 193, 376, 426, 247, 409, 481, 488, 266, 47, 484, 171, 147, 105, 0)
True, True, 0.1675, (0, 422, 392, 351, 135, 31, 38, 21, 69, 242, 276, 194, 148, 210, 0)
True, True, 0.1675, (0, 412, 495, 425, 257, 39, 317, 32, 194, 148, 367, 210, 341, 51, 0)
True, True, 0.2271, (0, 198, 147, 171, 484, 47, 266, 488, 495, 481, 409, 247, 426, 376, 0)
True, True, 0.1582, (0, 417, 372, 423, 65, 327, 348, 34, 8, 402, 178, 57, 127, 117, 0)
True, True, 0.0728, (0, 80, 117, 318, 10, 371, 152, 233, 415, 84, 127, 57, 413, 383, 0)
True, True, 0.207, (0, 90, 129, 466, 464, 239, 67, 132, 439, 443, 272, 290, 336, 248, 0)
True, True, 0.1578, (0, 176, 32, 107, 449, 276, 242, 69, 21, 38, 31, 351, 392, 422, 0)
True, True, 0.0996, (0, 176, 32, 107, 449, 276, 242, 69, 21, 38, 31, 135, 59, 25, 0)
True, True, 0.1168, (0, 461, 326, 80, 117, 318, 10, 371, 152, 424, 453, 110, 116, 112, 0)
True, True, 0.1742, (0, 185, 343, 436, 115, 377, 37, 222, 460, 223, 309, 359, 153, 137, 0)
True, True, 0.0362, (0, 451, 448, 187, 403, 17, 365, 420, 55, 106, 120, 130, 234, 400, 0)
True, True, 0.0361, (0, 161, 136, 110, 453, 424, 152, 371, 10, 318, 117, 80, 326, 461, 0)
True, True, 0.1106, (0, 353, 338, 207, 494, 417, 486, 241, 30, 78, 299, 463, 260, 501, 0)
True, True, 0.0267, (0, 193, 376, 426, 247, 409, 481, 266, 488, 47, 484, 171, 147, 198, 0)
True, True, 0.1807, (0, 48, 489, 413, 57, 127, 84, 415, 233, 152, 424, 453, 110, 136, 0)
True, True, 0.0717, (0, 203, 373, 303, 180, 68, 27, 255, 349, 440, 22, 429, 288, 335, 0)
True, True, 0.2183, (0, 248, 336, 290, 272, 443, 439, 132, 67, 239, 464, 466, 129, 35, 0)
True, True, 0.1313, (0, 59, 351, 135, 31, 38, 21, 69, 242, 276, 449, 107, 32, 176, 0)
True, True, 0.1582, (0, 471, 334, 323, 256, 62, 277, 305, 465, 65, 423, 372, 494, 338, 0)
True, True, 0.1496, (0, 248, 336, 290, 272, 443, 439, 132, 67, 239, 149, 329, 129, 90, 0)
True, True, 0.0308, (0, 78, 60, 48, 383, 489, 413, 57, 127, 117, 80, 326, 381, 461, 0)
True, True, 0.1996, (0, 204, 237, 322, 372, 423, 65, 465, 36, 375, 15, 89, 430, 361, 0)
True, True, 0.0214, (0, 405, 410, 160, 470, 269, 392, 351, 135, 59, 185, 343, 25, 421, 0)
True, True, 0.0045, (0, 353, 204, 322, 372, 423, 65, 465, 36, 375, 15, 89, 430, 361, 0)
True, True, 0.1803, (0, 431, 244, 225, 71, 483, 450, 455, 262, 236, 401, 493, 274, 344, 0)
False, True, 0.2, (0, 216, 498, 458, 286, 331, 181, 286, 331, 181, 286, 458, 498, 216, 0)
False, True, 0.1333, (0, 216, 498, 458, 324, 395, 77, 433, 395, 77, 324, 458, 498, 216, 0)
True, True, 0.0711, (0, 471, 334, 323, 256, 62, 277, 305, 465, 65, 423, 372, 322, 207, 0)
False, True, 0.1429, (0, 93, 414, 366, 200, 208, 346, 307, 208, 346, 307, 243, 414, 93, 0)
False, True, 0.3065, (0, 172, 146, 407, 218, 158, 363, 312, 374, 363, 312, 374, 158, 202, 0)
False, True, 0.118, (0, 335, 301, 474, 140, 44, 474, 140, 44, 474, 140, 44, 301, 335, 0)
False, True, 0.0502, (0, 243, 428, 102, 75, 215, 154, 421, 213, 154, 215, 75, 102, 243, 0)
False, True, 0.2592, (0, 177, 192, 52, 4, 131, 20, 141, 131, 20, 52, 4, 192, 177, 0)
False, True, 0.0967, (0, 172, 146, 407, 218, 158, 374, 312, 363, 158, 218, 407, 146, 172, 0)
False, True, 0.1051, (0, 478, 28, 12, 189, 338, 207, 237, 204, 338, 189, 12, 28, 478, 0)
True, True, 0.1906, (0, 7, 405, 475, 410, 160, 470, 269, 59, 185, 343, 25, 213, 154, 0)
True, True, 0.2149, (0, 337, 497, 406, 352, 479, 46, 398, 297, 344, 293, 480, 441, 206, 0)
True, True, 0.1667, (0, 124, 379, 19, 40, 452, 238, 205, 397, 212, 231, 125, 199, 355, 0)
False, True, 0.1667, (0, 253, 174, 280, 267, 411, 447, 384, 411, 267, 280, 220, 174, 253, 0)
False, True, 0.3618, (0, 7, 405, 475, 410, 470, 160, 269, 470, 160, 410, 475, 405, 7, 0)
False, True, 0.1667, (0, 77, 395, 190, 188, 279, 396, 224, 279, 188, 190, 395, 77, 324, 0)
False, True, 0.0333, (0, 324, 77, 395, 190, 188, 279, 396, 224, 279, 188, 190, 395, 324, 0)
False, True, 0.2269, (0, 172, 146, 407, 218, 202, 407, 218, 202, 137, 100, 386, 310, 376, 0)
False, True, 0.0662, (0, 253, 174, 280, 267, 411, 447, 384, 411, 267, 280, 220, 485, 212, 0)
False, True, 0.1005, (0, 253, 174, 280, 267, 411, 447, 384, 411, 267, 280, 220, 103, 212, 0)
False, True, 0.0231, (0, 172, 146, 407, 218, 202, 407, 218, 202, 137, 100, 386, 310, 193, 0)
False, True, 0.05, (0, 324, 77, 395, 190, 188, 279, 396, 224, 279, 188, 190, 143, 459, 0)
False, True, 0.0428, (0, 124, 434, 438, 416, 456, 126, 416, 456, 126, 416, 438, 434, 124, 0)
False, True, 0.2077, (0, 138, 342, 99, 356, 179, 13, 356, 179, 13, 356, 99, 342, 138, 0)
False, True, 0.0361, (0, 177, 192, 52, 4, 422, 141, 131, 20, 141, 422, 4, 192, 177, 0)
False, True, 0.2205, (0, 335, 288, 473, 301, 474, 140, 44, 474, 140, 301, 473, 288, 335, 0)
False, True, 0.0973, (0, 177, 192, 52, 4, 422, 141, 131, 20, 141, 422, 4, 52, 192, 0)
False, True, 0.0428, (0, 438, 416, 33, 159, 128, 49, 404, 128, 49, 159, 33, 416, 438, 0)
False, True, 0.0667, (0, 216, 498, 458, 331, 181, 286, 331, 181, 286, 331, 181, 458, 498, 0)
False, True, 0.0973, (0, 177, 192, 52, 4, 422, 141, 131, 20, 141, 422, 4, 52, 177, 0)
False, True, 0.0842, (0, 304, 50, 419, 369, 139, 419, 369, 139, 419, 369, 50, 304, 287, 0)
False, True, 0.0488, (0, 438, 123, 86, 109, 390, 319, 109, 390, 319, 109, 86, 123, 438, 0)
False, True, 0.0667, (0, 216, 498, 458, 331, 181, 286, 331, 181, 286, 331, 181, 458, 216, 0)
False, True, 0.05, (0, 433, 459, 143, 190, 188, 396, 279, 188, 190, 143, 395, 77, 324, 0)
True, True, 0.0214, (0, 405, 475, 410, 470, 269, 392, 351, 135, 59, 185, 343, 25, 421, 0)
False, True, 0.2269, (0, 39, 317, 70, 468, 300, 359, 309, 300, 153, 468, 70, 317, 39, 0)
False, True, 0.2452, (0, 104, 78, 60, 48, 489, 383, 413, 489, 383, 48, 60, 78, 104, 0)
False, True, 0.0667, (0, 216, 498, 458, 331, 181, 286, 331, 181, 286, 331, 181, 498, 216, 0)
False, True, 0.15, (0, 433, 459, 143, 9, 270, 163, 268, 162, 163, 270, 9, 143, 459, 0)
False, True, 0.0023, (0, 86, 391, 492, 265, 250, 217, 64, 250, 217, 265, 492, 391, 86, 0)
False, True, 0.1032, (0, 355, 191, 201, 155, 487, 388, 499, 378, 388, 499, 271, 28, 478, 0)
False, True, 0.0353, (0, 501, 104, 360, 30, 486, 241, 30, 486, 241, 30, 360, 104, 501, 0)
False, True, 0.0174, (0, 50, 382, 108, 389, 302, 61, 389, 108, 302, 61, 389, 108, 325, 0)
False, True, 0.0484, (0, 137, 374, 312, 363, 374, 312, 363, 374, 312, 363, 158, 202, 162, 0)
False, True, 0.1463, (0, 387, 265, 308, 273, 96, 87, 11, 96, 87, 273, 308, 265, 387, 0)
False, True, 0.0732, (0, 232, 134, 5, 493, 274, 5, 493, 274, 5, 134, 183, 350, 96, 0)
False, True, 0.4572, (0, 6, 126, 456, 159, 128, 49, 404, 128, 49, 159, 456, 126, 6, 0)
False, True, 0.2702, (0, 41, 113, 476, 151, 482, 91, 479, 352, 91, 482, 151, 476, 113, 0)
False, True, 0.0384, (0, 150, 355, 191, 201, 155, 487, 253, 155, 201, 199, 191, 355, 150, 0)
False, True, 0.179, (0, 434, 19, 40, 452, 238, 330, 283, 92, 330, 238, 452, 379, 124, 0)
False, True, 0.2328, (0, 205, 457, 393, 490, 259, 393, 490, 435, 82, 490, 393, 457, 205, 0)
False, True, 0.0913, (0, 41, 113, 476, 151, 482, 91, 352, 479, 91, 352, 406, 497, 337, 0)
False, True, 0.0811, (0, 209, 11, 183, 134, 5, 493, 274, 5, 493, 274, 5, 134, 232, 0)
False, True, 0.0479, (0, 125, 231, 397, 212, 103, 485, 174, 103, 212, 397, 231, 125, 124, 0)
False, True, 0.0529, (0, 125, 231, 397, 212, 103, 485, 174, 103, 212, 397, 231, 199, 355, 0)
False, True, 0.0857, (0, 93, 414, 366, 200, 307, 428, 102, 7, 428, 307, 243, 414, 93, 0)
False, True, 0.0392, (0, 275, 41, 291, 219, 406, 291, 219, 406, 291, 219, 113, 41, 275, 0)
False, True, 0.2302, (0, 125, 231, 397, 212, 103, 485, 174, 103, 212, 397, 231, 125, 355, 0)
False, True, 0.2205, (0, 301, 44, 105, 145, 315, 226, 345, 251, 226, 315, 145, 105, 473, 0)
False, True, 0.0218, (0, 134, 455, 262, 401, 236, 455, 262, 401, 236, 262, 455, 134, 232, 0)
False, True, 0.2555, (0, 349, 197, 339, 133, 298, 2, 51, 298, 2, 133, 339, 197, 349, 0)
False, True, 0.2713, (0, 93, 414, 366, 200, 346, 208, 307, 346, 208, 200, 366, 414, 93, 0)
False, True, 0.0919, (0, 12, 189, 289, 104, 306, 43, 214, 306, 43, 289, 189, 12, 271, 0)
False, True, 0.1182, (0, 478, 28, 271, 12, 189, 271, 12, 189, 271, 12, 189, 28, 478, 0)
False, True, 0.2762, (0, 438, 416, 33, 168, 278, 114, 168, 278, 114, 168, 33, 416, 438, 0)
False, True, 0.0687, (0, 491, 248, 35, 129, 329, 149, 466, 464, 149, 329, 129, 112, 90, 0)
False, True, 0.0956, (0, 275, 41, 337, 497, 291, 219, 406, 291, 219, 497, 337, 41, 275, 0)
True, True, 0.0361, (0, 461, 326, 80, 117, 318, 10, 371, 152, 424, 453, 110, 136, 170, 0)
True, True, 0.017, (0, 341, 210, 367, 148, 194, 107, 449, 70, 468, 153, 137, 162, 268, 0)
True, True, 0.0094, (0, 251, 345, 484, 47, 481, 409, 247, 426, 310, 386, 167, 88, 279, 0)
True, True, 0.0214, (0, 405, 475, 410, 160, 269, 392, 351, 135, 59, 185, 343, 25, 421, 0)
True, True, 0.0081, (0, 378, 289, 43, 306, 214, 360, 78, 299, 463, 368, 260, 101, 487, 0)
True, True, 0.2751, (0, 175, 285, 230, 178, 402, 8, 34, 327, 348, 375, 36, 465, 322, 0)
True, True, 0.0214, (0, 405, 475, 160, 470, 269, 392, 351, 135, 59, 185, 343, 25, 421, 0)
False, True, 0.0009, (0, 243, 75, 215, 421, 213, 154, 421, 213, 154, 215, 75, 102, 243, 0)
False, True, 0.0267, (0, 243, 75, 215, 421, 213, 154, 421, 213, 154, 215, 75, 102, 428, 0)
False, True, 0.1486, (0, 50, 382, 311, 380, 399, 284, 380, 399, 284, 380, 311, 382, 50, 0)
False, True, 0.1078, (0, 437, 427, 469, 296, 166, 425, 257, 166, 296, 469, 427, 169, 81, 0)
False, True, 0.0024, (0, 118, 229, 287, 94, 249, 287, 94, 249, 54, 357, 328, 235, 118, 0)
False, True, 0.1, (0, 324, 77, 395, 190, 188, 396, 279, 188, 190, 143, 395, 77, 324, 0)
False, True, 0.296, (0, 437, 427, 469, 296, 166, 425, 257, 166, 296, 469, 427, 169, 385, 0)
False, True, 0.0572, (0, 366, 200, 208, 354, 203, 373, 303, 203, 354, 346, 208, 200, 366, 0)
False, True, 0.2178, (0, 138, 328, 357, 54, 249, 94, 287, 249, 94, 54, 357, 328, 235, 0)
False, True, 0.0684, (0, 434, 19, 40, 118, 229, 235, 357, 328, 235, 229, 118, 40, 19, 0)
False, True, 0.0043, (0, 81, 169, 427, 469, 296, 166, 425, 257, 166, 296, 469, 427, 169, 0)
False, True, 0.2621, (0, 98, 446, 313, 321, 111, 454, 321, 111, 454, 321, 111, 454, 144, 0)
False, True, 0.0031, (0, 400, 234, 130, 120, 106, 55, 120, 106, 55, 120, 130, 234, 400, 0)
False, True, 0.1667, (0, 150, 29, 191, 199, 201, 155, 487, 253, 231, 125, 199, 191, 355, 0)
False, True, 0.1335, (0, 434, 19, 40, 118, 229, 235, 357, 328, 235, 229, 118, 452, 379, 0)
False, True, 0.001, (0, 228, 448, 187, 403, 17, 187, 403, 17, 187, 448, 408, 119, 341, 0)
False, True, 0.0347, (0, 307, 428, 102, 215, 421, 213, 154, 421, 213, 154, 215, 102, 243, 0)
False, True, 0.0071, (0, 434, 472, 66, 340, 45, 342, 99, 182, 45, 340, 66, 472, 434, 0)
False, True, 0.0962, (0, 254, 53, 437, 467, 164, 156, 467, 164, 156, 437, 53, 254, 429, 0)
False, True, 0.0333, (0, 324, 77, 190, 188, 279, 396, 224, 279, 188, 190, 395, 77, 324, 0)
False, True, 0.1639, (0, 103, 220, 58, 332, 362, 252, 184, 362, 252, 332, 58, 82, 435, 0)
False, True, 0.0347, (0, 243, 75, 154, 421, 213, 154, 421, 213, 154, 75, 102, 428, 307, 0)
False, True, 0.0594, (0, 109, 387, 391, 492, 265, 250, 217, 265, 492, 391, 387, 319, 390, 0)
True, True, 0.136, (0, 161, 170, 112, 116, 110, 466, 464, 149, 329, 129, 35, 248, 491, 0)
False, True, 0.3187, (0, 209, 11, 183, 350, 232, 24, 95, 313, 24, 95, 446, 98, 182, 0)
False, True, 0.0188, (0, 221, 228, 358, 451, 444, 408, 119, 341, 444, 451, 358, 228, 23, 0)
False, True, 0.1324, (0, 220, 245, 42, 73, 258, 142, 73, 258, 142, 73, 42, 245, 220, 0)
False, True, 0.0052, (0, 358, 451, 444, 408, 119, 210, 367, 176, 148, 367, 210, 341, 427, 0)
False, True, 0.2181, (0, 105, 171, 484, 47, 488, 266, 481, 488, 266, 47, 484, 345, 251, 0)
False, True, 0.202, (0, 243, 428, 102, 75, 215, 421, 213, 154, 215, 75, 102, 428, 307, 0)
False, True, 0.1392, (0, 243, 428, 102, 75, 215, 421, 213, 154, 215, 75, 102, 428, 243, 0)
False, True, 0.0481, (0, 378, 289, 43, 306, 214, 43, 306, 214, 43, 306, 104, 501, 487, 0)
False, True, 0.1093, (0, 221, 228, 358, 451, 444, 408, 119, 341, 444, 451, 358, 228, 221, 0)
False, True, 0.1261, (0, 358, 451, 444, 408, 119, 210, 367, 176, 148, 367, 210, 341, 51, 0)
False, True, 0.0084, (0, 54, 13, 179, 14, 157, 1, 14, 157, 1, 14, 179, 13, 54, 0)
False, True, 0.2292, (0, 501, 260, 368, 370, 463, 299, 370, 463, 299, 370, 368, 260, 501, 0)
False, True, 0.1749, (0, 354, 203, 373, 303, 180, 255, 27, 68, 180, 303, 373, 203, 354, 0)
False, True, 0.0967, (0, 447, 394, 74, 3, 72, 461, 316, 72, 3, 74, 394, 384, 101, 0)
False, True, 0.1869, (0, 409, 39, 317, 70, 468, 449, 107, 70, 468, 449, 107, 32, 176, 0)
False, True, 0.0121, (0, 268, 162, 202, 158, 374, 312, 363, 374, 312, 363, 158, 202, 162, 0)
False, True, 0.0769, (0, 105, 484, 47, 481, 409, 247, 426, 310, 386, 409, 247, 426, 376, 0)
False, True, 0.0605, (0, 268, 162, 202, 158, 374, 312, 363, 374, 312, 363, 158, 202, 268, 0)
True, True, 0.0082, (0, 141, 120, 106, 55, 420, 365, 17, 403, 187, 448, 408, 119, 341, 0)
False, True, 0.0227, (0, 124, 379, 205, 283, 330, 92, 283, 330, 92, 283, 205, 379, 124, 0)
False, True, 0.013, (0, 209, 96, 87, 350, 232, 95, 24, 232, 350, 87, 96, 209, 387, 0)
False, True, 0.1556, (0, 144, 121, 261, 431, 399, 284, 380, 399, 284, 431, 261, 121, 144, 0)
False, True, 0.1749, (0, 203, 373, 303, 180, 255, 27, 349, 255, 27, 68, 303, 373, 203, 0)
False, True, 0.0505, (0, 138, 357, 54, 249, 442, 333, 304, 442, 333, 249, 54, 357, 138, 0)
False, True, 0.3799, (0, 123, 472, 66, 340, 45, 342, 99, 182, 45, 340, 66, 472, 123, 0)
False, True, 0.0399, (0, 304, 50, 382, 139, 419, 369, 139, 382, 311, 1, 157, 14, 63, 0)
False, True, 0.0401, (0, 364, 263, 165, 16, 18, 240, 453, 424, 240, 18, 16, 165, 211, 0)
False, True, 0.2255, (0, 173, 496, 500, 381, 264, 432, 326, 80, 432, 264, 500, 496, 173, 0)
False, True, 0.0283, (0, 412, 425, 257, 176, 367, 148, 194, 32, 317, 39, 257, 425, 412, 0)
False, True, 0.0409, (0, 473, 105, 145, 315, 226, 345, 251, 226, 315, 145, 105, 429, 288, 0)
False, True, 0.1594, (0, 101, 173, 496, 500, 381, 326, 432, 264, 381, 500, 496, 173, 101, 0)
False, True, 0.0626, (0, 101, 461, 381, 264, 432, 326, 80, 432, 264, 381, 500, 496, 173, 0)
False, True, 0.1106, (0, 487, 101, 260, 368, 370, 463, 299, 368, 463, 299, 368, 260, 501, 0)
False, True, 0.0016, (0, 124, 379, 238, 283, 92, 330, 283, 92, 330, 283, 238, 379, 124, 0)
False, True, 0.0683, (0, 182, 63, 14, 157, 1, 14, 157, 1, 14, 157, 1, 179, 13, 0)
False, True, 0.1543, (0, 298, 2, 51, 341, 119, 408, 210, 119, 408, 444, 451, 358, 228, 0)
False, True, 0.0157, (0, 177, 192, 52, 422, 141, 131, 20, 141, 131, 20, 141, 131, 20, 0)
False, True, 0.0853, (0, 105, 147, 198, 412, 169, 427, 412, 169, 427, 164, 156, 437, 22, 0)
False, True, 0.0323, (0, 133, 2, 298, 358, 451, 444, 408, 119, 444, 451, 358, 228, 23, 0)
False, True, 0.1435, (0, 462, 325, 108, 389, 302, 61, 389, 302, 61, 389, 108, 325, 462, 0)
False, True, 0.0767, (0, 150, 355, 199, 191, 29, 199, 191, 29, 199, 191, 29, 355, 150, 0)
False, True, 0.0779, (0, 206, 441, 480, 293, 297, 398, 46, 297, 398, 46, 293, 480, 441, 0)
False, True, 0.1883, (0, 354, 97, 68, 320, 196, 56, 195, 196, 56, 320, 68, 97, 354, 0)
False, True, 0.0362, (0, 358, 444, 408, 119, 210, 367, 176, 210, 119, 408, 444, 451, 358, 0)
False, True, 0.0572, (0, 366, 200, 346, 354, 203, 373, 303, 203, 354, 346, 208, 200, 366, 0)
False, True, 0.0612, (0, 177, 192, 422, 141, 131, 20, 141, 131, 20, 141, 131, 20, 97, 0)
False, True, 0.0042, (0, 1, 418, 261, 431, 399, 284, 380, 399, 284, 431, 261, 418, 1, 0)
False, True, 0.015, (0, 22, 440, 254, 53, 81, 385, 198, 147, 385, 81, 53, 254, 429, 0)
False, True, 0.2112, (0, 180, 255, 27, 85, 23, 221, 85, 23, 195, 56, 196, 320, 97, 0)
False, True, 0.1233, (0, 440, 76, 197, 339, 133, 467, 164, 156, 467, 164, 156, 437, 22, 0)
False, True, 0.25, (0, 275, 404, 206, 64, 250, 217, 64, 250, 217, 64, 206, 404, 275, 0)
False, True, 0.2385, (0, 434, 19, 40, 452, 238, 283, 92, 330, 283, 92, 205, 379, 124, 0)
False, True, 0.0686, (0, 206, 441, 480, 293, 344, 5, 493, 274, 5, 134, 183, 350, 87, 0)
False, True, 0.2304, (0, 41, 113, 219, 291, 406, 219, 291, 406, 219, 291, 497, 337, 275, 0)
False, True, 0.0297, (0, 64, 209, 11, 183, 350, 232, 95, 24, 232, 350, 183, 11, 209, 0)
False, True, 0.0381, (0, 440, 282, 197, 339, 133, 467, 164, 156, 467, 164, 156, 437, 22, 0)
False, True, 0.0357, (0, 39, 317, 70, 468, 153, 309, 359, 300, 153, 468, 70, 317, 39, 0)
False, True, 0.0222, (0, 462, 325, 419, 369, 139, 419, 369, 139, 419, 369, 139, 382, 50, 0)
False, True, 0.0401, (0, 263, 240, 152, 233, 415, 84, 233, 415, 84, 127, 57, 413, 383, 0)
False, True, 0.1233, (0, 22, 440, 83, 282, 76, 83, 282, 76, 83, 440, 22, 429, 288, 0)
False, True, 0.0174, (0, 209, 11, 183, 350, 232, 95, 24, 232, 350, 183, 11, 209, 387, 0)
False, True, 0.0572, (0, 373, 303, 68, 320, 196, 56, 195, 196, 56, 320, 68, 303, 373, 0)
False, True, 0.0853, (0, 440, 282, 197, 339, 133, 467, 164, 156, 467, 133, 339, 197, 349, 0)
False, True, 0.0197, (0, 87, 350, 183, 134, 5, 493, 274, 5, 134, 183, 350, 87, 273, 0)
False, True, 0.0244, (0, 33, 390, 319, 387, 391, 492, 308, 265, 492, 391, 387, 319, 390, 0)
False, True, 0.0118, (0, 33, 114, 390, 319, 109, 390, 319, 109, 86, 472, 40, 19, 434, 0)
False, True, 0.2683, (0, 86, 391, 492, 308, 273, 96, 87, 273, 308, 265, 492, 391, 86, 0)
False, True, 0.2034, (0, 26, 314, 294, 450, 455, 236, 401, 262, 236, 401, 493, 274, 344, 0)
False, True, 0.1248, (0, 349, 197, 339, 133, 467, 164, 156, 467, 164, 156, 437, 53, 254, 0)
False, True, 0.002, (0, 400, 234, 130, 106, 55, 420, 365, 55, 106, 120, 130, 234, 400, 0)
False, True, 0.0995, (0, 104, 360, 30, 241, 486, 30, 241, 486, 417, 494, 207, 338, 353, 0)
False, True, 0.1667, (0, 397, 485, 220, 280, 267, 411, 447, 384, 411, 267, 280, 174, 253, 0)
False, True, 0.0164, (0, 421, 25, 343, 185, 59, 351, 392, 269, 59, 185, 343, 25, 421, 0)
True, True, 0.001, (0, 400, 234, 130, 106, 55, 420, 365, 17, 403, 448, 408, 119, 341, 0)
False, True, 0.0625, (0, 235, 328, 54, 249, 442, 333, 304, 442, 333, 249, 54, 328, 235, 0)
False, True, 0.0286, (0, 50, 382, 108, 389, 302, 61, 389, 302, 61, 389, 108, 382, 50, 0)
False, True, 0.3968, (0, 150, 29, 201, 155, 487, 388, 499, 378, 388, 499, 271, 28, 478, 0)
False, True, 0.078, (0, 150, 29, 191, 201, 155, 487, 253, 155, 201, 199, 191, 29, 150, 0)
False, True, 0.1066, (0, 138, 342, 99, 13, 179, 356, 13, 179, 63, 182, 45, 340, 66, 0)
False, True, 0.0966, (0, 193, 310, 386, 100, 310, 386, 100, 310, 386, 409, 247, 426, 376, 0)
False, True, 0.0455, (0, 98, 446, 95, 313, 24, 95, 313, 24, 232, 350, 87, 96, 209, 0)
False, True, 0.1803, (0, 418, 431, 244, 225, 71, 483, 314, 294, 483, 71, 225, 244, 431, 0)
False, True, 0.0619, (0, 413, 57, 127, 84, 415, 233, 84, 415, 233, 152, 424, 453, 110, 0)
False, True, 0.0529, (0, 125, 205, 92, 330, 283, 92, 330, 283, 92, 330, 238, 379, 124, 0)
False, True, 0.1639, (0, 259, 347, 295, 445, 161, 170, 90, 161, 170, 90, 295, 347, 259, 0)
False, True, 0.0732, (0, 86, 391, 492, 308, 273, 96, 87, 11, 96, 273, 308, 265, 387, 0)
True, True, 0.1442, (0, 184, 161, 170, 112, 116, 136, 79, 122, 364, 211, 142, 42, 245, 0)
False, True, 0.0839, (0, 176, 32, 107, 449, 468, 70, 449, 107, 194, 148, 367, 210, 341, 0)
False, True, 0.2131, (0, 441, 480, 293, 297, 398, 46, 297, 398, 46, 479, 352, 497, 337, 0)
False, True, 0.046, (0, 378, 104, 360, 486, 241, 60, 48, 241, 486, 30, 360, 104, 378, 0)
False, True, 0.0464, (0, 243, 75, 215, 154, 213, 421, 154, 213, 421, 154, 215, 75, 243, 0)
False, True, 0.02, (0, 461, 80, 117, 318, 10, 371, 318, 10, 371, 318, 10, 18, 16, 0)
False, True, 0.0665, (0, 173, 496, 500, 381, 264, 432, 117, 80, 432, 264, 381, 461, 316, 0)
False, True, 0.1819, (0, 421, 25, 343, 185, 59, 269, 392, 351, 135, 59, 185, 343, 25, 0)
False, True, 0.0462, (0, 335, 473, 105, 145, 315, 226, 345, 251, 226, 315, 145, 105, 473, 0)
False, True, 0.207, (0, 325, 108, 389, 302, 61, 336, 290, 61, 302, 389, 108, 382, 50, 0)
False, True, 0.0751, (0, 138, 342, 99, 356, 13, 179, 356, 13, 179, 182, 45, 340, 66, 0)
False, True, 0.0393, (0, 73, 364, 122, 79, 263, 165, 122, 79, 136, 116, 112, 90, 445, 0)
False, True, 0.2458, (0, 63, 14, 157, 1, 418, 261, 121, 418, 261, 121, 144, 446, 98, 0)
False, True, 0.218, (0, 390, 319, 387, 391, 492, 265, 250, 217, 64, 250, 217, 387, 109, 0)
False, True, 0.1219, (0, 434, 19, 40, 472, 86, 109, 319, 390, 109, 319, 390, 278, 114, 0)
False, True, 0.0204, (0, 177, 192, 52, 422, 141, 131, 20, 141, 422, 4, 52, 192, 177, 0)
False, True, 0.0441, (0, 263, 165, 16, 18, 240, 453, 424, 240, 18, 16, 165, 263, 122, 0)
False, True, 0.0424, (0, 378, 289, 104, 306, 43, 214, 306, 43, 214, 306, 43, 289, 378, 0)
False, True, 0.0322, (0, 441, 480, 293, 297, 398, 46, 297, 398, 46, 479, 482, 151, 476, 0)
False, True, 0.0499, (0, 26, 314, 294, 450, 455, 262, 401, 236, 262, 401, 236, 262, 134, 0)
False, True, 0.2037, (0, 263, 165, 16, 18, 240, 453, 424, 240, 18, 16, 165, 263, 364, 0)
False, True, 0.0241, (0, 229, 287, 94, 442, 333, 304, 442, 333, 94, 249, 54, 357, 138, 0)
False, True, 0.093, (0, 134, 455, 262, 236, 401, 262, 455, 483, 71, 225, 244, 431, 418, 0)
False, True, 0.1603, (0, 73, 364, 122, 79, 263, 165, 122, 79, 136, 116, 112, 170, 161, 0)
True, True, 0.1181, (0, 206, 441, 480, 293, 344, 297, 398, 46, 479, 91, 482, 151, 476, 0)
False, True, 0.0856, (0, 438, 416, 33, 168, 278, 114, 168, 278, 114, 33, 416, 438, 6, 0)
False, True, 0.3025, (0, 16, 18, 240, 371, 10, 318, 371, 10, 318, 117, 80, 326, 461, 0)
False, True, 0.059, (0, 337, 497, 406, 476, 151, 482, 352, 91, 482, 151, 476, 113, 41, 0)
False, True, 0.1176, (0, 304, 50, 369, 139, 419, 369, 139, 382, 311, 1, 157, 14, 63, 0)
False, True, 0.092, (0, 412, 495, 257, 176, 367, 148, 194, 32, 317, 39, 257, 495, 412, 0)
False, True, 0.0536, (0, 271, 12, 189, 338, 207, 237, 204, 207, 338, 189, 12, 28, 478, 0)
False, True, 0.0383, (0, 441, 480, 293, 344, 134, 5, 493, 274, 5, 134, 183, 350, 87, 0)
False, True, 0.2016, (0, 447, 394, 74, 3, 316, 72, 461, 316, 72, 3, 74, 394, 447, 0)
False, True, 0.02, (0, 16, 18, 371, 152, 233, 415, 84, 233, 415, 84, 127, 57, 117, 0)
False, True, 0.0456, (0, 118, 235, 328, 357, 54, 249, 94, 54, 357, 328, 235, 229, 118, 0)
False, True, 0.1025, (0, 335, 288, 473, 301, 474, 140, 44, 474, 140, 44, 473, 288, 335, 0)
False, True, 0.0118, (0, 33, 278, 390, 319, 109, 390, 319, 109, 86, 472, 40, 19, 434, 0)
False, True, 0.1384, (0, 441, 480, 293, 344, 134, 5, 493, 274, 5, 134, 183, 11, 209, 0)
False, True, 0.5, (0, 118, 292, 227, 246, 477, 281, 491, 462, 281, 477, 246, 227, 292, 0)
False, True, 0.0719, (0, 235, 328, 357, 54, 249, 94, 287, 249, 94, 54, 357, 328, 235, 0)
False, True, 0.1246, (0, 445, 90, 112, 116, 136, 79, 263, 165, 79, 122, 364, 211, 258, 0)
False, True, 0.0998, (0, 26, 314, 294, 450, 455, 262, 401, 236, 455, 450, 294, 314, 26, 0)
False, True, 0.2019, (0, 229, 287, 442, 333, 304, 442, 333, 304, 442, 333, 94, 287, 229, 0)
False, True, 0.0155, (0, 124, 379, 452, 238, 205, 92, 330, 283, 92, 205, 238, 379, 124, 0)
False, True, 0.0155, (0, 382, 311, 380, 399, 284, 380, 399, 284, 380, 399, 284, 380, 311, 0)
True, True, 0.0687, (0, 161, 170, 116, 136, 110, 466, 464, 149, 329, 129, 35, 248, 491, 0)
False, True, 0.21, (0, 22, 440, 83, 282, 76, 83, 282, 76, 83, 282, 76, 440, 22, 0)
True, True, 0.038, (0, 418, 431, 244, 225, 71, 483, 455, 262, 236, 401, 493, 274, 344, 0)
False, True, 0.0804, (0, 434, 123, 472, 86, 109, 319, 390, 109, 319, 390, 278, 114, 33, 0)
False, True, 0.0548, (0, 434, 123, 86, 109, 319, 390, 109, 319, 390, 278, 114, 33, 416, 0)
False, True, 0.0398, (0, 41, 476, 151, 482, 91, 479, 352, 91, 482, 151, 476, 113, 41, 0)
False, True, 0.0094, (0, 23, 228, 358, 451, 444, 408, 119, 444, 451, 358, 228, 221, 85, 0)
False, True, 0.1924, (0, 180, 255, 27, 195, 23, 221, 85, 23, 195, 56, 196, 320, 97, 0)
False, True, 0.0344, (0, 97, 68, 320, 196, 56, 195, 23, 221, 85, 23, 195, 68, 97, 0)
True, True, 0.0705, (0, 48, 383, 413, 57, 127, 84, 415, 233, 152, 371, 10, 318, 117, 0)
False, True, 0.031, (0, 124, 379, 238, 330, 283, 92, 330, 283, 92, 330, 238, 379, 124, 0)
False, True, 0.0369, (0, 193, 376, 426, 247, 409, 386, 310, 100, 386, 310, 247, 426, 376, 0)
False, True, 0.0107, (0, 378, 104, 360, 30, 486, 241, 30, 486, 241, 30, 360, 104, 378, 0)
False, True, 0.0042, (0, 157, 418, 261, 431, 399, 284, 380, 399, 284, 431, 261, 418, 157, 0)
False, True, 0.0094, (0, 193, 376, 426, 247, 310, 386, 100, 310, 386, 167, 88, 224, 193, 0)
False, True, 0.148, (0, 209, 96, 87, 350, 232, 95, 313, 24, 232, 350, 183, 11, 209, 0)
False, True, 0.0601, (0, 229, 287, 94, 249, 442, 333, 304, 442, 333, 249, 94, 287, 229, 0)
False, True, 0.0387, (0, 121, 26, 314, 294, 450, 455, 262, 401, 236, 262, 455, 134, 232, 0)
False, True, 0.0159, (0, 138, 342, 99, 179, 13, 356, 179, 13, 356, 179, 13, 54, 235, 0)
False, True, 0.0805, (0, 258, 211, 364, 122, 165, 263, 79, 122, 364, 211, 142, 42, 245, 0)
False, True, 0.0187, (0, 97, 320, 196, 56, 195, 23, 221, 85, 23, 195, 68, 97, 354, 0)
False, True, 0.0302, (0, 173, 496, 500, 381, 264, 432, 326, 80, 432, 264, 381, 461, 316, 0)
False, True, 0.0442, (0, 138, 54, 356, 13, 179, 356, 13, 179, 63, 182, 45, 340, 66, 0)
False, True, 0.0029, (0, 298, 2, 358, 451, 444, 408, 119, 341, 444, 451, 358, 298, 2, 0)
False, True, 0.067, (0, 117, 57, 127, 84, 415, 233, 84, 415, 233, 152, 240, 18, 16, 0)
False, True, 0.044, (0, 124, 379, 452, 238, 330, 283, 92, 330, 283, 238, 452, 379, 124, 0)
False, True, 0.0354, (0, 173, 496, 500, 381, 432, 264, 381, 432, 264, 381, 500, 496, 173, 0)
False, True, 0.1406, (0, 193, 224, 88, 167, 386, 310, 426, 247, 310, 386, 167, 88, 279, 0)
False, True, 0.0732, (0, 462, 325, 419, 369, 139, 419, 369, 139, 419, 369, 50, 304, 287, 0)
False, True, 0.1179, (0, 429, 254, 53, 81, 385, 198, 147, 385, 81, 53, 254, 429, 288, 0)
False, True, 0.0323, (0, 429, 254, 53, 437, 156, 164, 467, 156, 164, 467, 197, 339, 349, 0)
False, True, 0.0262, (0, 97, 320, 196, 56, 195, 85, 23, 195, 56, 196, 320, 97, 354, 0)
False, True, 0.0503, (0, 150, 29, 191, 199, 201, 155, 487, 253, 155, 201, 199, 191, 355, 0)
False, True, 0.0073, (0, 416, 33, 114, 278, 390, 319, 109, 390, 319, 109, 86, 123, 438, 0)
False, True, 0.1176, (0, 63, 14, 157, 1, 311, 382, 139, 419, 369, 139, 419, 325, 462, 0)
False, True, 0.0052, (0, 12, 189, 289, 43, 306, 214, 43, 306, 214, 43, 289, 189, 12, 0)
False, True, 0.0111, (0, 95, 24, 321, 111, 454, 321, 111, 454, 321, 111, 454, 144, 63, 0)
False, True, 0.0024, (0, 125, 231, 397, 212, 103, 485, 220, 174, 103, 212, 397, 231, 125, 0)
False, True, 0.1796, (0, 81, 169, 412, 495, 425, 469, 296, 166, 257, 425, 495, 412, 169, 0)
False, True, 0.0327, (0, 376, 426, 247, 409, 481, 488, 266, 481, 409, 247, 426, 376, 193, 0)
False, True, 0.1392, (0, 376, 426, 247, 409, 481, 488, 266, 481, 47, 484, 171, 147, 198, 0)
False, True, 0.0043, (0, 81, 169, 412, 495, 425, 469, 296, 166, 257, 425, 495, 412, 198, 0)
False, True, 0.0024, (0, 273, 232, 134, 5, 493, 274, 5, 493, 274, 5, 134, 232, 273, 0)
False, True, 0.0401, (0, 251, 345, 484, 47, 488, 266, 481, 488, 266, 47, 484, 345, 251, 0)
all_elementary, False
all_cyc2, True
