Instance, X-n181-k23
capacity, 8
min_trucks, 23
output_file, output_uchoa/X-n181-k23-SPPRC.log
Start date, 2022-06-25
Start time, 04-50-42
capacity, 8
num_vehicles, 23
abort_early, False
methods, ['SPPRC']
max_vars, 1000000
time_limit, 86400
farley, False
initial time, initial max_it, max_stale_it
1e-05, 2000000000.0, 20
heuristic Number of routes, heuristic Best Solution Value, heuristic number of iterations, adjusted time, adjusted max_it
78499, 25569.0, 59634, 0.01, 2000000.0
method, python time, total time, propagated dominance time, unpropagated dominance time, pricing_success, upper_bound, lower_bound, abort_early, num_paths, 
SPPRC, 0.2, 0.0, 0.0, 0.0, 1, 25156.6974, 6960.4283, 0, 434
SPPRC, 0.1, 0.0, 0.0, 0.0, 1, 25086.0625, 19700.484, 0, 205
SPPRC, 0.1, 0.0, 0.0, 0.0, 1, 25013.5763, 21691.318, 0, 178
SPPRC, 0.1, 0.0, 0.0, 0.0, 1, 24911.3972, 23200.1972, 0, 175
SPPRC, 0.1, 0.0, 0.0, 0.0, 1, 24724.8937, 22887.151, 0, 164
SPPRC, 0.1, 0.0, 0.0, 0.0, 1, 24676.7603, 23030.6756, 0, 156
SPPRC, 0.1, 0.0, 0.0, 0.0, 1, 24634.0944, 23407.2642, 0, 147
SPPRC, 0.1, 0.0, 0.0, 0.0, 1, 24608.768, 24072.9646, 0, 126
SPPRC, 0.1, 0.0, 0.0, 0.0, 1, 24586.1817, 24104.3506, 0, 117
SPPRC, 0.1, 0.0, 0.0, 0.0, 1, 24570.355, 24171.5153, 0, 104
SPPRC, 0.1, 0.0, 0.0, 0.0, 1, 24557.2079, 24131.8356, 0, 82
SPPRC, 0.1, 0.0, 0.0, 0.0, 1, 24549.4695, 24169.9695, 0, 53
SPPRC, 0.1, 0.0, 0.0, 0.0, 1, 24544.4571, 24480.3856, 0, 32
SPPRC, 0.0, 0.0, 0.0, 0.0, 1, 24542.6825, 24519.6825, 0, 6
SPPRC, 0.0, 0.0, 0.0, 0.0, 1, 24542.6553, 24531.1553, 0, 4
SPPRC, 0.0, 0.0, 0.0, 0.0, 1, 24542.6392, 24538.0392, 0, 1
SPPRC, 0.0, 0.0, 0.0, 0.0, 1, 24542.6196, 24542.6196, 0, 0
scip_total_time, 1138.997616
Solval, number of paths, impact cutoff
24542.619578879458, 135, 0.0001
Elementary, 2-Cycle, Path Value, Path
True, True, 0.6405, (0, 157, 42, 84, 116, 92, 131, 169, 140, 0)
True, True, 0.132, (0, 14, 36, 158, 96, 79, 30, 9, 128, 0)
True, True, 0.1875, (0, 57, 175, 117, 35, 151, 7, 91, 168, 0)
True, True, 0.1798, (0, 132, 44, 61, 169, 116, 84, 42, 157, 0)
True, True, 0.2, (0, 153, 74, 166, 146, 94, 50, 16, 1, 0)
False, False, 0.0247, (0, 114, 104, 165, 144, 165, 144, 165, 104, 0)
False, False, 0.1852, (0, 142, 114, 67, 114, 67, 114, 67, 114, 0)
False, False, 0.051, (0, 142, 143, 47, 143, 47, 143, 47, 143, 0)
False, False, 0.3333, (0, 148, 112, 101, 112, 101, 112, 101, 148, 0)
False, False, 0.1221, (0, 142, 11, 49, 60, 128, 60, 49, 11, 0)
False, False, 0.0167, (0, 97, 34, 97, 34, 97, 34, 97, 34, 0)
False, False, 0.1, (0, 97, 34, 97, 34, 97, 34, 97, 40, 0)
False, False, 0.1798, (0, 169, 131, 92, 131, 92, 116, 84, 42, 0)
False, False, 0.1875, (0, 22, 41, 22, 41, 22, 41, 22, 48, 0)
False, False, 0.2057, (0, 4, 53, 4, 53, 4, 53, 4, 53, 0)
False, False, 0.0634, (0, 17, 55, 71, 55, 71, 55, 71, 55, 0)
False, False, 0.0988, (0, 108, 12, 121, 70, 121, 12, 108, 104, 0)
False, False, 0.1249, (0, 59, 106, 160, 106, 160, 106, 160, 106, 0)
False, False, 0.1667, (0, 108, 12, 121, 70, 121, 70, 12, 108, 0)
False, False, 0.0333, (0, 97, 34, 97, 34, 97, 34, 97, 118, 0)
False, False, 0.5, (0, 127, 15, 164, 37, 164, 37, 15, 127, 0)
False, False, 0.0899, (0, 44, 32, 65, 61, 65, 32, 44, 132, 0)
False, False, 0.1375, (0, 133, 154, 38, 154, 38, 154, 38, 133, 0)
False, False, 0.1667, (0, 17, 138, 115, 138, 115, 138, 115, 138, 0)
False, False, 0.2, (0, 153, 82, 46, 82, 46, 82, 46, 153, 0)
False, False, 0.0247, (0, 108, 12, 121, 70, 121, 12, 108, 165, 0)
False, False, 0.1336, (0, 145, 180, 59, 133, 59, 133, 59, 180, 0)
False, False, 0.3333, (0, 70, 76, 18, 76, 18, 76, 18, 8, 0)
False, False, 0.0077, (0, 134, 39, 125, 39, 125, 39, 134, 33, 0)
False, False, 0.3171, (0, 17, 24, 179, 24, 179, 24, 71, 55, 0)
False, False, 0.3069, (0, 8, 159, 171, 159, 171, 159, 171, 96, 0)
False, False, 0.0237, (0, 126, 6, 126, 6, 126, 6, 126, 120, 0)
False, False, 0.1249, (0, 160, 172, 141, 81, 141, 81, 141, 172, 0)
False, False, 0.1617, (0, 60, 79, 30, 79, 30, 79, 30, 9, 0)
False, False, 0.2442, (0, 137, 14, 36, 158, 96, 158, 36, 14, 0)
False, False, 0.1287, (0, 11, 49, 137, 107, 20, 107, 137, 49, 0)
False, False, 0.0537, (0, 100, 69, 100, 69, 100, 69, 100, 56, 0)
False, False, 0.2346, (0, 104, 165, 144, 124, 144, 165, 104, 114, 0)
False, False, 0.2004, (0, 148, 120, 139, 120, 139, 120, 139, 120, 0)
False, False, 0.0418, (0, 148, 120, 139, 120, 139, 59, 180, 145, 0)
False, False, 0.3465, (0, 88, 78, 102, 21, 102, 3, 93, 161, 0)
False, False, 0.0494, (0, 104, 165, 144, 124, 144, 124, 144, 165, 0)
False, False, 0.2099, (0, 23, 108, 12, 121, 70, 121, 12, 108, 0)
False, False, 0.0712, (0, 45, 123, 174, 123, 174, 123, 174, 123, 0)
False, False, 0.1367, (0, 125, 167, 147, 87, 147, 87, 167, 125, 0)
False, False, 0.0668, (0, 145, 180, 13, 77, 13, 77, 13, 145, 0)
False, False, 0.1751, (0, 172, 141, 81, 141, 81, 141, 172, 154, 0)
False, False, 0.2665, (0, 145, 180, 13, 77, 13, 77, 13, 180, 0)
False, False, 0.0396, (0, 20, 158, 96, 171, 159, 171, 159, 8, 0)
False, False, 0.0264, (0, 11, 49, 137, 20, 107, 20, 161, 19, 0)
False, False, 0.3201, (0, 8, 80, 58, 80, 58, 80, 58, 21, 0)
False, False, 0.1111, (0, 95, 163, 26, 90, 26, 90, 26, 29, 0)
False, False, 0.3672, (0, 134, 83, 103, 125, 103, 83, 134, 33, 0)
False, False, 0.3633, (0, 39, 167, 147, 87, 147, 87, 167, 39, 0)
False, False, 0.0019, (0, 136, 173, 119, 69, 100, 69, 100, 56, 0)
False, False, 0.1111, (0, 142, 130, 73, 130, 73, 130, 73, 67, 0)
False, False, 0.1667, (0, 31, 75, 113, 118, 113, 118, 113, 75, 0)
False, False, 0.0396, (0, 128, 30, 79, 30, 79, 30, 9, 128, 0)
False, False, 0.1667, (0, 17, 138, 115, 31, 115, 31, 115, 138, 0)
False, False, 0.1111, (0, 95, 163, 26, 90, 26, 163, 95, 152, 0)
False, False, 0.1122, (0, 128, 9, 30, 79, 30, 79, 96, 158, 0)
False, False, 0.0537, (0, 136, 173, 119, 69, 100, 69, 119, 173, 0)
False, False, 0.1, (0, 156, 177, 150, 40, 150, 177, 156, 178, 0)
False, False, 0.2222, (0, 152, 95, 163, 90, 26, 90, 163, 95, 0)
False, False, 0.3333, (0, 67, 73, 130, 73, 124, 144, 165, 104, 0)
False, False, 0.2542, (0, 145, 77, 136, 129, 38, 154, 38, 133, 0)
False, False, 0.3889, (0, 129, 173, 119, 28, 119, 28, 173, 136, 0)
False, False, 0.3333, (0, 152, 52, 51, 52, 51, 52, 51, 152, 0)
False, False, 0.1, (0, 172, 141, 99, 56, 99, 56, 99, 172, 0)
False, False, 0.5, (0, 10, 43, 111, 54, 111, 54, 43, 10, 0)
False, False, 0.0111, (0, 129, 56, 99, 56, 99, 56, 99, 56, 0)
False, False, 0.0937, (0, 57, 110, 175, 162, 110, 162, 110, 57, 0)
False, False, 0.2772, (0, 60, 128, 14, 9, 36, 9, 128, 60, 0)
False, False, 0.1577, (0, 179, 105, 5, 105, 5, 105, 135, 71, 0)
False, True, 0.1771, (0, 91, 7, 33, 53, 4, 33, 7, 91, 0)
False, False, 0.1111, (0, 95, 163, 90, 26, 90, 26, 163, 95, 0)
False, False, 0.1093, (0, 136, 28, 69, 100, 69, 100, 69, 100, 0)
False, False, 0.1673, (0, 45, 123, 174, 48, 6, 48, 174, 123, 0)
False, False, 0.3333, (0, 130, 98, 176, 98, 176, 98, 176, 124, 0)
False, False, 0.0333, (0, 133, 129, 56, 99, 56, 99, 56, 129, 0)
False, True, 0.2594, (0, 132, 44, 32, 65, 61, 32, 44, 132, 0)
False, False, 0.0937, (0, 83, 103, 125, 39, 125, 103, 83, 134, 0)
False, False, 0.2241, (0, 59, 106, 160, 106, 160, 41, 22, 139, 0)
False, False, 0.1366, (0, 142, 143, 47, 143, 47, 143, 47, 142, 0)
False, False, 0.0912, (0, 148, 120, 139, 59, 133, 59, 180, 145, 0)
False, False, 0.2, (0, 153, 82, 74, 46, 74, 46, 82, 153, 0)
False, False, 0.1875, (0, 91, 7, 151, 35, 117, 35, 117, 175, 0)
False, False, 0.0191, (0, 23, 135, 105, 5, 105, 5, 105, 179, 0)
False, True, 0.0759, (0, 11, 49, 137, 107, 20, 137, 49, 11, 0)
False, False, 0.0396, (0, 60, 79, 30, 79, 96, 158, 36, 14, 0)
False, False, 0.3333, (0, 19, 109, 68, 109, 68, 109, 68, 19, 0)
False, False, 0.0132, (0, 21, 80, 58, 80, 58, 80, 58, 21, 0)
False, False, 0.1768, (0, 179, 5, 105, 5, 105, 5, 135, 23, 0)
False, False, 0.1333, (0, 118, 34, 97, 34, 97, 34, 97, 34, 0)
False, False, 0.1875, (0, 168, 72, 66, 25, 66, 25, 72, 41, 0)
False, False, 0.3333, (0, 45, 170, 155, 170, 155, 170, 155, 45, 0)
False, False, 0.1798, (0, 29, 122, 27, 122, 27, 122, 157, 47, 0)
False, False, 0.224, (0, 57, 162, 110, 162, 110, 162, 110, 57, 0)
False, False, 0.0261, (0, 48, 22, 41, 160, 106, 160, 106, 59, 0)
False, False, 0.1535, (0, 88, 78, 102, 21, 102, 21, 78, 88, 0)
False, False, 0.4, (0, 74, 166, 146, 94, 146, 94, 69, 100, 0)
False, False, 0.0712, (0, 174, 48, 6, 126, 6, 48, 174, 123, 0)
False, False, 0.1287, (0, 142, 11, 143, 47, 143, 47, 143, 142, 0)
False, False, 0.3333, (0, 149, 63, 85, 89, 2, 89, 2, 149, 0)
False, False, 0.3201, (0, 11, 49, 137, 107, 20, 107, 20, 161, 0)
False, False, 0.3125, (0, 168, 72, 66, 25, 66, 25, 72, 168, 0)
False, False, 0.2708, (0, 91, 7, 151, 33, 151, 35, 117, 175, 0)
False, True, 0.2667, (0, 178, 156, 177, 150, 40, 177, 156, 178, 0)
False, False, 0.0062, (0, 179, 105, 5, 105, 5, 105, 5, 179, 0)
False, False, 0.4, (0, 81, 1, 16, 50, 166, 50, 16, 1, 0)
False, False, 0.1431, (0, 17, 55, 71, 55, 71, 23, 55, 17, 0)
False, False, 0.0627, (0, 14, 36, 158, 96, 158, 96, 158, 20, 0)
False, False, 0.0488, (0, 71, 135, 105, 5, 105, 5, 135, 24, 0)
False, False, 0.0478, (0, 132, 44, 61, 65, 61, 65, 61, 44, 0)
False, False, 0.0469, (0, 57, 162, 175, 162, 175, 162, 110, 57, 0)
False, False, 0.3069, (0, 19, 161, 93, 3, 93, 3, 78, 88, 0)
False, False, 0.2147, (0, 123, 174, 48, 126, 6, 126, 6, 126, 0)
False, False, 0.0791, (0, 145, 77, 136, 129, 154, 38, 154, 133, 0)
False, False, 0.4512, (0, 23, 62, 86, 64, 86, 64, 62, 135, 0)
False, False, 0.0565, (0, 136, 173, 119, 28, 119, 28, 173, 136, 0)
False, False, 0.0834, (0, 57, 175, 117, 35, 151, 35, 117, 175, 0)
False, False, 0.1667, (0, 75, 40, 150, 40, 150, 177, 156, 178, 0)
False, False, 0.25, (0, 31, 75, 118, 113, 118, 113, 75, 31, 0)
False, False, 0.1377, (0, 132, 32, 65, 61, 65, 61, 65, 32, 0)
False, False, 0.0949, (0, 126, 6, 126, 6, 48, 174, 123, 45, 0)
False, False, 0.0198, (0, 88, 78, 93, 3, 93, 3, 78, 88, 0)
False, False, 0.0488, (0, 135, 62, 86, 64, 86, 64, 62, 135, 0)
False, False, 0.3333, (0, 140, 63, 85, 63, 85, 89, 2, 149, 0)
False, False, 0.2, (0, 129, 56, 99, 56, 99, 56, 99, 172, 0)
False, False, 0.1, (0, 178, 156, 177, 150, 40, 150, 40, 178, 0)
False, False, 0.0192, (0, 29, 122, 29, 122, 29, 122, 27, 29, 0)
False, False, 0.0262, (0, 132, 44, 32, 65, 61, 65, 61, 140, 0)
False, False, 0.1091, (0, 29, 27, 122, 29, 27, 29, 27, 29, 0)
False, False, 0.0782, (0, 134, 83, 103, 125, 39, 125, 39, 134, 0)
False, False, 0.098, (0, 29, 122, 27, 122, 27, 122, 27, 29, 0)
all_elementary, False
all_cyc2, False
