Instance, X-n195-k51
capacity, 181
min_trucks, 53
output_file, output_uchoa/X-n195-k51-SPPRC.log
Start date, 2022-06-26
Start time, 04-18-20
capacity, 181
num_vehicles, 53
abort_early, False
methods, ['SPPRC']
max_vars, 1000000
time_limit, 86400
farley, False
initial time, initial max_it, max_stale_it
1e-05, 2000000000.0, 20
heuristic Number of routes, heuristic Best Solution Value, heuristic number of iterations, adjusted time, adjusted max_it
2029, 44225.0, 140, 1000.0, 20.0
method, python time, total time, propagated dominance time, unpropagated dominance time, pricing_success, upper_bound, lower_bound, abort_early, num_paths, 
SPPRC, 0.4, 0.1, 0.0, 0.0, 1, 43920.7205, 20206.314, 0, 1258
SPPRC, 0.1, 0.1, 0.0, 0.0, 1, 43746.5219, 33167.7262, 0, 465
SPPRC, 0.1, 0.1, 0.0, 0.0, 1, 43488.8339, 40264.0768, 0, 246
