Instance, X-n129-k18
capacity, 39
min_trucks, 18
output_file, output_uchoa/X-n129-k18-ng20.log
Start date, 2022-06-26
Start time, 02-59-32
capacity, 39
num_vehicles, 18
abort_early, False
methods, ['ng20']
max_vars, 1000000
time_limit, 86400
farley, False
initial time, initial max_it, max_stale_it
1e-05, 2000000000.0, 20
heuristic Number of routes, heuristic Best Solution Value, heuristic number of iterations, adjusted time, adjusted max_it
229136, 28940.0, 81994, 1.0, 20000.0
method, python time, total time, propagated dominance time, unpropagated dominance time, pricing_success, upper_bound, lower_bound, abort_early, num_paths, 
ng20, 0.1, 1309.3, 1050.5, 253.4, 1, 28515.1223, 27309.8914, 0, 144
ng20, 0.0, 1416.9, 1138.7, 272.5, 1, 28502.0886, 28294.4416, 0, 12
ng20, 0.0, 1459.5, 1174.4, 279.4, 1, 28501.7336, 28501.7336, 0, 0
scip_total_time, 9968.564149
Solval, number of paths, impact cutoff
28501.733647956, 101, 0.0001
Elementary, 2-Cycle, Path Value, Path
True, True, 0.5516, (0, 125, 31, 69, 120, 51, 109, 83, 0)
True, True, 0.5461, (0, 47, 127, 28, 118, 38, 0)
True, True, 0.2308, (0, 100, 49, 92, 116, 95, 96, 73, 114, 32, 0)
True, True, 0.4386, (0, 123, 5, 106, 122, 115, 117, 70, 0)
True, True, 0.1795, (0, 64, 18, 59, 23, 1, 44, 90, 0)
True, True, 0.5, (0, 62, 56, 13, 57, 35, 77, 25, 84, 0)
True, True, 0.3349, (0, 19, 6, 48, 2, 34, 21, 33, 46, 22, 54, 0)
True, True, 0.1398, (0, 49, 95, 116, 92, 104, 10, 79, 76, 105, 65, 0)
True, True, 0.3514, (0, 86, 124, 30, 43, 39, 67, 0)
True, True, 0.1579, (0, 18, 59, 39, 43, 30, 67, 0)
True, True, 0.0488, (0, 126, 71, 104, 10, 79, 76, 11, 105, 65, 0)
True, True, 0.3725, (0, 78, 50, 20, 52, 27, 113, 88, 0)
True, True, 0.2366, (0, 87, 121, 94, 111, 81, 36, 107, 128, 0)
True, True, 0.2517, (0, 74, 117, 115, 122, 106, 5, 123, 53, 0)
True, True, 0.4208, (0, 66, 64, 18, 59, 1, 44, 90, 0)
True, True, 0.2814, (0, 110, 17, 101, 58, 40, 55, 41, 61, 85, 11, 126, 0)
True, True, 0.106, (0, 20, 87, 94, 111, 4, 98, 68, 80, 0)
True, True, 0.3349, (0, 46, 33, 21, 34, 2, 48, 45, 19, 0)
True, True, 0.1733, (0, 54, 46, 33, 21, 34, 2, 48, 29, 0)
True, True, 0.1579, (0, 15, 90, 44, 89, 75, 0)
True, True, 0.2194, (0, 16, 12, 96, 95, 116, 92, 49, 73, 114, 32, 0)
True, True, 0.2762, (0, 86, 88, 113, 27, 52, 50, 78, 0)
True, True, 0.0015, (0, 60, 77, 25, 39, 67, 0)
True, True, 0.074, (0, 82, 124, 9, 63, 20, 50, 0)
True, True, 0.1161, (0, 100, 49, 73, 12, 37, 8, 0)
True, True, 0.0015, (0, 60, 35, 57, 13, 56, 62, 84, 93, 0)
True, True, 0.3328, (0, 60, 57, 13, 56, 62, 30, 0)
True, True, 0.0015, (0, 60, 35, 77, 25, 84, 43, 67, 93, 0)
True, True, 0.3313, (0, 39, 84, 25, 77, 35, 60, 23, 0)
True, True, 0.1748, (0, 78, 50, 119, 53, 70, 127, 47, 0)
True, True, 0.2418, (0, 90, 44, 1, 59, 18, 103, 0)
True, True, 0.2912, (0, 99, 42, 16, 32, 114, 12, 37, 8, 69, 97, 0)
True, True, 0.3641, (0, 65, 105, 104, 10, 79, 76, 11, 17, 110, 0)
True, True, 0.1568, (0, 6, 29, 48, 2, 34, 21, 33, 46, 0)
True, True, 0.1656, (0, 23, 60, 35, 57, 13, 56, 62, 43, 0)
True, True, 0.2944, (0, 53, 5, 106, 68, 98, 4, 80, 119, 0)
True, True, 0.2629, (0, 3, 91, 75, 89, 15, 0)
True, True, 0.3008, (0, 65, 11, 85, 61, 41, 55, 40, 58, 101, 0)
True, True, 0.2421, (0, 82, 124, 7, 54, 9, 63, 0)
True, True, 0.0163, (0, 100, 73, 49, 92, 116, 95, 96, 12, 16, 0)
True, True, 0.179, (0, 89, 82, 113, 27, 52, 86, 0)
True, True, 0.0585, (0, 126, 65, 105, 85, 61, 41, 55, 40, 58, 101, 0)
True, True, 0.1653, (0, 24, 38, 118, 28, 14, 117, 0)
True, True, 0.1723, (0, 93, 88, 82, 113, 27, 52, 86, 0)
True, True, 0.5967, (0, 102, 112, 72, 108, 71, 126, 26, 0)
True, True, 0.0048, (0, 110, 17, 101, 41, 55, 40, 58, 29, 19, 0)
True, True, 0.1579, (0, 1, 23, 39, 43, 30, 67, 0)
True, True, 0.1572, (0, 83, 109, 120, 69, 97, 31, 99, 14, 0)
True, True, 0.0368, (0, 112, 72, 100, 108, 26, 128, 0)
True, True, 0.0756, (0, 121, 111, 29, 45, 22, 6, 19, 63, 0)
True, True, 0.051, (0, 14, 99, 16, 32, 12, 37, 8, 97, 0)
True, True, 0.179, (0, 3, 88, 89, 103, 75, 91, 0)
True, True, 0.081, (0, 24, 125, 31, 97, 99, 117, 70, 0)
True, True, 0.0048, (0, 110, 101, 58, 40, 55, 41, 61, 85, 76, 79, 104, 126, 0)
True, True, 0.1658, (0, 8, 37, 96, 73, 114, 16, 0)
True, True, 0.1656, (0, 64, 23, 60, 77, 25, 84, 43, 67, 0)
True, True, 0.3629, (0, 63, 121, 94, 111, 4, 98, 68, 80, 0)
True, True, 0.1441, (0, 80, 68, 81, 36, 107, 128, 0)
True, True, 0.0972, (0, 122, 128, 107, 36, 81, 4, 119, 0)
True, True, 0.1568, (0, 87, 111, 29, 45, 22, 7, 0)
True, True, 0.2323, (0, 87, 121, 94, 81, 36, 107, 128, 115, 0)
True, True, 0.1025, (0, 50, 20, 119, 53, 123, 70, 127, 47, 0)
True, True, 0.1684, (0, 20, 9, 19, 54, 7, 124, 82, 0)
True, True, 0.062, (0, 115, 128, 107, 36, 81, 80, 0)
True, True, 0.1441, (0, 87, 98, 81, 36, 107, 128, 122, 0)
True, True, 0.0048, (0, 17, 101, 58, 40, 55, 41, 61, 85, 11, 105, 126, 0)
True, True, 0.1636, (0, 8, 37, 96, 73, 32, 0)
True, True, 0.3514, (0, 7, 22, 45, 29, 6, 9, 0)
True, True, 0.1837, (0, 14, 99, 42, 97, 31, 120, 51, 109, 0)
True, True, 0.0153, (0, 123, 106, 68, 98, 4, 94, 121, 87, 80, 119, 0)
True, True, 0.3399, (0, 110, 17, 101, 58, 40, 55, 41, 61, 85, 76, 79, 105, 0)
True, True, 0.0368, (0, 81, 36, 107, 122, 117, 74, 0)
True, True, 0.0552, (0, 97, 42, 16, 37, 8, 120, 51, 83, 0)
True, True, 0.1765, (0, 78, 20, 119, 53, 123, 70, 127, 47, 24, 0)
True, True, 0.0812, (0, 63, 19, 6, 29, 45, 22, 54, 7, 93, 0)
True, True, 0.0048, (0, 58, 40, 55, 41, 61, 85, 76, 79, 10, 116, 95, 114, 0)
True, True, 0.0153, (0, 119, 80, 87, 121, 94, 4, 98, 68, 5, 123, 0)
True, True, 0.146, (0, 42, 12, 96, 95, 116, 92, 10, 104, 71, 0)
True, True, 0.0315, (0, 87, 94, 4, 81, 36, 107, 128, 122, 0)
True, True, 0.1407, (0, 71, 104, 10, 92, 116, 95, 49, 100, 0)
True, True, 0.1641, (0, 63, 9, 124, 67, 82, 93, 0)
True, True, 0.0211, (0, 91, 93, 75, 103, 89, 64, 66, 15, 0)
True, True, 0.0154, (0, 4, 81, 36, 107, 128, 115, 74, 0)
True, True, 0.0488, (0, 100, 49, 92, 10, 79, 76, 104, 71, 0)
True, True, 0.0552, (0, 99, 42, 16, 37, 8, 51, 109, 83, 0)
True, True, 0.0048, (0, 110, 17, 101, 61, 85, 76, 79, 10, 104, 71, 126, 0)
True, True, 0.044, (0, 65, 76, 79, 10, 104, 92, 116, 95, 73, 114, 0)
True, True, 0.014, (0, 97, 12, 96, 95, 116, 92, 10, 104, 71, 0)
True, True, 0.102, (0, 83, 51, 8, 37, 12, 16, 42, 99, 14, 0)
True, True, 0.3241, (0, 3, 91, 93, 75, 103, 66, 15, 0)
True, True, 0.0339, (0, 15, 66, 64, 103, 75, 93, 91, 3, 0)
True, True, 0.0523, (0, 125, 83, 109, 51, 120, 97, 42, 99, 14, 0)
True, True, 0.179, (0, 3, 91, 93, 103, 89, 64, 66, 15, 0)
True, True, 0.0211, (0, 3, 86, 93, 75, 103, 89, 66, 15, 0)
False, True, 0.2886, (0, 24, 38, 118, 28, 125, 14, 24, 0)
True, True, 0.044, (0, 100, 49, 116, 10, 104, 105, 65, 0)
False, True, 0.3296, (0, 74, 102, 112, 72, 100, 108, 26, 74, 0)
False, True, 0.0368, (0, 74, 102, 112, 72, 100, 108, 26, 102, 0)
False, True, 0.062, (0, 119, 87, 121, 111, 4, 98, 68, 119, 0)
True, True, 0.0265, (0, 125, 83, 31, 97, 42, 99, 117, 70, 0)
False, True, 0.044, (0, 97, 42, 16, 12, 96, 95, 49, 73, 114, 32, 42, 97, 0)
all_elementary, False
all_cyc2, True
