Instance, X-n148-k46
capacity, 18
min_trucks, 47
output_file, output_uchoa/X-n148-k46-ng20.log
Start date, 2022-06-23
Start time, 12-18-19
capacity, 18
num_vehicles, 47
abort_early, False
methods, ['ng20']
max_vars, 1000000
time_limit, 86400
farley, False
initial time, initial max_it, max_stale_it
1e-05, 2000000000.0, 20
heuristic Number of routes, heuristic Best Solution Value, heuristic number of iterations, adjusted time, adjusted max_it
11228, 43448.0, 12423, 0.1, 200000.0
method, python time, total time, propagated dominance time, unpropagated dominance time, pricing_success, upper_bound, lower_bound, abort_early, num_paths, 
ng20, 0.1, 0.8, 0.4, 0.2, 1, 43141.3108, 36800.3907, 0, 24
ng20, -0.0, 0.9, 0.4, 0.2, 1, 43137.5395, 39424.5395, 0, 12
ng20, 0.0, 0.9, 0.4, 0.2, 1, 43137.1651, 42687.2249, 0, 4
ng20, 0.0, 0.9, 0.4, 0.2, 1, 43136.6247, 43136.6247, 0, 0
scip_total_time, 1294.795637
Solval, number of paths, impact cutoff
43136.62471198157, 114, 0.0001
Elementary, 2-Cycle, Path Value, Path
True, True, 1.0, (0, 23, 47, 46, 0)
True, True, 1.0, (0, 89, 39, 0)
True, True, 0.6667, (0, 94, 41, 78, 0)
True, True, 0.9371, (0, 56, 30, 0)
True, True, 0.945, (0, 97, 132, 0)
True, True, 1.0, (0, 124, 121, 140, 0)
True, True, 0.5, (0, 38, 69, 29, 25, 0)
True, True, 1.0, (0, 93, 21, 0)
True, True, 1.0, (0, 72, 58, 43, 0)
True, True, 0.9528, (0, 83, 76, 143, 0)
True, True, 0.9764, (0, 95, 87, 0)
True, True, 0.9528, (0, 28, 5, 71, 0)
True, True, 0.9843, (0, 22, 55, 27, 0)
True, True, 0.8901, (0, 96, 33, 36, 13, 66, 145, 49, 0)
True, True, 0.5079, (0, 2, 122, 86, 0)
True, True, 0.8429, (0, 34, 139, 0)
True, True, 0.8377, (0, 123, 91, 79, 92, 0)
True, True, 0.8429, (0, 113, 35, 0)
True, True, 0.9833, (0, 85, 110, 137, 0)
True, True, 1.0, (0, 18, 75, 0)
True, True, 0.8596, (0, 106, 136, 0)
True, True, 1.0, (0, 44, 88, 0)
True, True, 0.9435, (0, 68, 54, 10, 129, 0)
True, True, 0.7177, (0, 7, 81, 120, 0)
True, True, 1.0, (0, 73, 53, 126, 0)
True, True, 0.7968, (0, 8, 3, 12, 117, 0)
True, True, 0.7968, (0, 16, 74, 108, 0)
True, True, 0.9371, (0, 19, 102, 138, 64, 60, 0)
True, True, 0.1667, (0, 45, 133, 141, 147, 0)
True, True, 0.055, (0, 56, 132, 0)
True, True, 0.0236, (0, 95, 83, 0)
True, True, 0.0472, (0, 5, 1, 0)
True, True, 0.1571, (0, 91, 139, 0)
True, True, 0.3333, (0, 100, 6, 48, 119, 80, 0)
True, True, 0.2032, (0, 15, 3, 12, 16, 0)
True, True, 1.0, (0, 65, 144, 131, 0)
True, True, 0.9528, (0, 59, 1, 0)
True, True, 0.1882, (0, 100, 48, 103, 101, 0)
True, True, 0.2823, (0, 57, 81, 120, 20, 0)
True, True, 0.0472, (0, 143, 28, 97, 0)
True, True, 0.3333, (0, 20, 80, 103, 101, 0)
True, True, 0.0565, (0, 129, 106, 0)
True, True, 0.8871, (0, 98, 67, 61, 14, 0)
True, True, 0.2032, (0, 31, 15, 117, 74, 0)
True, True, 0.1466, (0, 128, 146, 92, 0)
True, True, 0.5079, (0, 77, 109, 134, 0)
True, True, 0.1871, (0, 4, 31, 15, 108, 114, 0)
True, True, 0.0052, (0, 92, 79, 146, 123, 0)
True, True, 0.1404, (0, 136, 32, 82, 0)
True, True, 1.0, (0, 40, 105, 0)
True, True, 1.0, (0, 118, 62, 107, 0)
True, True, 0.3333, (0, 103, 119, 80, 20, 0)
True, True, 0.4355, (0, 52, 115, 135, 37, 0)
True, True, 0.4921, (0, 17, 112, 2, 0)
True, True, 0.4355, (0, 57, 130, 26, 0)
True, True, 0.6097, (0, 31, 90, 116, 0)
True, True, 0.5, (0, 45, 141, 51, 0)
True, True, 0.068, (0, 49, 145, 66, 13, 36, 33, 70, 0)
True, True, 0.4921, (0, 84, 122, 0)
True, True, 0.8481, (0, 111, 146, 128, 0)
True, True, 0.0941, (0, 52, 101, 103, 48, 6, 0)
True, True, 0.4516, (0, 4, 114, 130, 0)
True, True, 0.0167, (0, 137, 32, 82, 0)
True, True, 0.1787, (0, 142, 70, 112, 17, 0)
True, True, 0.3903, (0, 15, 90, 116, 0)
True, True, 0.3333, (0, 25, 63, 24, 9, 11, 50, 0)
True, True, 0.3613, (0, 26, 37, 125, 114, 0)
True, True, 0.0157, (0, 27, 111, 84, 0)
True, True, 0.0565, (0, 57, 7, 61, 67, 0)
True, True, 0.0105, (0, 111, 49, 145, 66, 13, 36, 33, 79, 92, 0)
True, True, 0.0629, (0, 4, 60, 30, 0)
True, True, 0.1667, (0, 29, 63, 11, 38, 0)
True, True, 0.3291, (0, 142, 32, 104, 82, 0)
True, True, 0.1452, (0, 100, 135, 115, 6, 52, 0)
True, True, 0.3333, (0, 147, 133, 78, 94, 0)
True, True, 0.4921, (0, 134, 84, 86, 0)
True, True, 0.3333, (0, 147, 141, 50, 0)
True, True, 0.4921, (0, 127, 77, 142, 109, 0)
True, True, 0.3333, (0, 41, 133, 24, 11, 0)
True, True, 0.1667, (0, 9, 63, 29, 0)
True, True, 1.0, (0, 42, 99, 0)
True, True, 0.3333, (0, 69, 9, 51, 0)
True, True, 0.1667, (0, 25, 29, 63, 38, 0)
True, True, 0.1571, (0, 70, 35, 123, 0)
True, True, 0.1667, (0, 50, 9, 24, 11, 38, 0)
True, True, 0.3253, (0, 52, 115, 135, 125, 0)
True, True, 0.0157, (0, 55, 49, 145, 71, 59, 0)
True, True, 0.0941, (0, 6, 115, 135, 125, 0)
True, True, 0.5079, (0, 127, 32, 104, 0)
True, True, 0.0052, (0, 79, 91, 128, 0)
True, True, 0.0157, (0, 79, 33, 13, 36, 34, 0)
True, True, 0.0236, (0, 83, 87, 76, 0)
True, True, 0.0629, (0, 4, 102, 138, 64, 19, 0)
True, True, 0.0059, (0, 104, 32, 110, 0)
True, True, 0.1571, (0, 70, 113, 104, 82, 0)
True, True, 0.1667, (0, 147, 133, 24, 63, 69, 0)
True, True, 0.0157, (0, 76, 59, 71, 145, 0)
True, True, 0.1099, (0, 111, 96, 34, 79, 70, 0)
True, True, 0.0167, (0, 106, 82, 85, 0)
True, True, 0.2032, (0, 4, 8, 125, 37, 26, 0)
True, True, 0.0157, (0, 34, 66, 13, 0)
True, True, 0.3333, (0, 101, 119, 48, 6, 100, 0)
True, True, 0.0511, (0, 48, 103, 101, 20, 0)
True, True, 0.0157, (0, 59, 71, 49, 22, 111, 0)
True, True, 0.3291, (0, 82, 70, 112, 17, 0)
True, True, 0.0079, (0, 56, 97, 76, 0)
True, True, 0.1129, (0, 98, 57, 7, 130, 0)
False, True, 0.0161, (0, 4, 125, 108, 15, 4, 0)
True, True, 0.0565, (0, 57, 7, 67, 14, 0)
True, True, 0.0157, (0, 79, 33, 36, 66, 34, 0)
False, True, 0.1667, (0, 45, 51, 50, 45, 0)
True, True, 0.0108, (0, 106, 82, 110, 0)
True, True, 0.0565, (0, 68, 10, 106, 0)
True, True, 0.0565, (0, 54, 14, 61, 7, 57, 0)
all_elementary, False
all_cyc2, True
