Instance, X-n157-k13
capacity, 12
min_trucks, 13
output_file, output_uchoa/X-n157-k13-SPPRC.log
Start date, 2022-06-23
Start time, 11-13-54
capacity, 12
num_vehicles, 13
abort_early, False
methods, ['SPPRC']
max_vars, 1000000
time_limit, 86400
farley, False
initial time, initial max_it, max_stale_it
1e-05, 2000000000.0, 20
heuristic Number of routes, heuristic Best Solution Value, heuristic number of iterations, adjusted time, adjusted max_it
131635, 16876.0, 96533, 0.01, 2000000.0
method, python time, total time, propagated dominance time, unpropagated dominance time, pricing_success, upper_bound, lower_bound, abort_early, num_paths, 
SPPRC, 0.4, 0.0, 0.0, 0.0, 1, 16748.0491, -13196.2449, 0, 1048
SPPRC, 0.2, 0.0, 0.0, 0.0, 1, 16748.0491, 10484.6972, 0, 432
SPPRC, 0.2, 0.0, 0.0, 0.0, 1, 16748.0491, 10938.5785, 0, 404
SPPRC, 0.2, 0.0, 0.0, 0.0, 1, 16691.4922, 7897.3636, 0, 469
SPPRC, 0.1, 0.0, 0.0, 0.0, 1, 16691.1244, 13041.3186, 0, 264
SPPRC, 0.2, 0.0, 0.0, 0.0, 1, 16640.7363, 8678.2363, 0, 403
SPPRC, 0.1, 0.0, 0.0, 0.0, 1, 16640.7363, 14937.7363, 0, 203
SPPRC, 0.1, 0.0, 0.0, 0.0, 1, 16558.2955, 14653.4066, 0, 221
SPPRC, 0.1, 0.0, 0.0, 0.0, 1, 16533.8033, 14304.2668, 0, 183
SPPRC, 0.1, 0.0, 0.0, 0.0, 1, 16510.96, 14576.7456, 0, 152
SPPRC, 0.1, 0.0, 0.0, 0.0, 1, 16503.7154, 14766.4483, 0, 166
SPPRC, 0.1, 0.0, 0.0, 0.0, 1, 16487.0389, 15384.4696, 0, 170
SPPRC, 0.1, 0.0, 0.0, 0.0, 1, 16454.9678, 15775.8374, 0, 146
SPPRC, 0.1, 0.0, 0.0, 0.0, 1, 16428.1361, 15269.3552, 0, 144
SPPRC, 0.1, 0.0, 0.0, 0.0, 1, 16413.4624, 15409.1746, 0, 145
SPPRC, 0.1, 0.0, 0.0, 0.0, 1, 16403.7814, 15678.6443, 0, 128
SPPRC, 0.1, 0.0, 0.0, 0.0, 1, 16375.9307, 15591.5911, 0, 117
SPPRC, 0.1, 0.0, 0.0, 0.0, 1, 16357.9142, 15883.7205, 0, 116
SPPRC, 0.1, 0.0, 0.0, 0.0, 1, 16348.0007, 15886.731, 0, 101
SPPRC, 0.1, 0.0, 0.0, 0.0, 1, 16338.3184, 15908.5926, 0, 100
SPPRC, 0.1, 0.0, 0.0, 0.0, 1, 16329.9698, 15952.5302, 0, 89
SPPRC, 0.1, 0.0, 0.0, 0.0, 1, 16324.3621, 16097.0447, 0, 69
SPPRC, 0.1, 0.0, 0.0, 0.0, 1, 16318.1406, 16076.7576, 0, 63
SPPRC, 0.1, 0.0, 0.0, 0.0, 1, 16313.7697, 16104.9749, 0, 54
SPPRC, 0.1, 0.0, 0.0, 0.0, 1, 16309.3455, 16143.7724, 0, 40
SPPRC, 0.1, 0.0, 0.0, 0.0, 1, 16306.6373, 16210.0211, 0, 41
SPPRC, 0.1, 0.0, 0.0, 0.0, 1, 16305.2644, 16231.4772, 0, 26
SPPRC, 0.1, 0.0, 0.0, 0.0, 1, 16304.8919, 16290.4988, 0, 27
SPPRC, 0.1, 0.0, 0.0, 0.0, 1, 16304.6471, 16287.5369, 0, 14
SPPRC, 0.1, 0.0, 0.0, 0.0, 1, 16304.5734, 16278.9649, 0, 9
SPPRC, 0.1, 0.0, 0.0, 0.0, 1, 16304.5155, 16296.7846, 0, 6
SPPRC, 0.0, 0.0, 0.0, 0.0, 1, 16304.4629, 16299.0801, 0, 4
SPPRC, 0.0, 0.0, 0.0, 0.0, 1, 16304.4629, 16302.3512, 0, 1
SPPRC, 0.0, 0.0, 0.0, 0.0, 1, 16304.4565, 16302.834, 0, 2
SPPRC, 0.0, 0.0, 0.0, 0.0, 1, 16304.4554, 16302.9633, 0, 2
SPPRC, 0.0, 0.0, 0.0, 0.0, 1, 16304.451, 16303.8188, 0, 2
SPPRC, 0.0, 0.0, 0.0, 0.0, 1, 16304.4496, 16304.4496, 0, 0
scip_total_time, 1768.133326
Solval, number of paths, impact cutoff
16304.449587991267, 116, 0.0001
Elementary, 2-Cycle, Path Value, Path
False, False, 0.1157, (0, 101, 152, 105, 152, 105, 152, 105, 152, 105, 152, 105, 152, 0)
False, False, 0.1157, (0, 101, 37, 116, 37, 116, 37, 116, 37, 116, 37, 116, 105, 0)
False, False, 0.1111, (0, 13, 63, 64, 63, 64, 63, 64, 63, 64, 63, 13, 148, 0)
False, False, 0.0556, (0, 148, 13, 129, 91, 129, 91, 129, 91, 129, 91, 129, 151, 0)
False, False, 0.1556, (0, 100, 51, 90, 51, 90, 51, 90, 51, 90, 51, 100, 151, 0)
False, False, 0.1111, (0, 18, 107, 52, 134, 10, 39, 58, 39, 10, 134, 155, 84, 0)
False, False, 0.1898, (0, 72, 34, 48, 33, 48, 33, 48, 33, 48, 34, 72, 151, 0)
False, False, 0.0556, (0, 27, 44, 124, 130, 46, 130, 46, 130, 124, 44, 19, 27, 0)
False, False, 0.041, (0, 47, 70, 92, 139, 125, 139, 125, 139, 92, 70, 47, 88, 0)
False, False, 0.1509, (0, 47, 70, 92, 139, 125, 139, 125, 139, 92, 70, 47, 141, 0)
False, True, 0.1667, (0, 96, 102, 86, 94, 104, 145, 127, 104, 94, 86, 102, 96, 0)
False, False, 0.25, (0, 13, 141, 43, 24, 43, 24, 43, 24, 43, 24, 141, 13, 0)
False, False, 0.0556, (0, 27, 19, 44, 124, 44, 124, 44, 124, 44, 19, 116, 37, 0)
False, False, 0.5, (0, 49, 14, 120, 26, 128, 142, 128, 142, 26, 120, 14, 49, 0)
False, False, 0.0556, (0, 27, 19, 44, 124, 111, 132, 111, 132, 111, 102, 96, 71, 0)
False, False, 0.1667, (0, 27, 19, 46, 104, 145, 127, 145, 127, 145, 104, 94, 86, 0)
False, False, 0.1667, (0, 156, 137, 7, 28, 66, 28, 66, 28, 66, 94, 86, 96, 0)
False, False, 0.1667, (0, 156, 137, 7, 28, 66, 28, 66, 28, 66, 94, 86, 102, 0)
False, False, 0.1433, (0, 73, 140, 85, 144, 85, 144, 85, 144, 85, 144, 85, 140, 0)
False, False, 0.1111, (0, 27, 19, 44, 124, 111, 132, 111, 132, 111, 102, 96, 150, 0)
False, False, 0.1111, (0, 148, 13, 64, 63, 64, 63, 64, 63, 64, 63, 64, 13, 0)
False, False, 0.008, (0, 72, 34, 138, 25, 138, 25, 138, 25, 138, 25, 138, 34, 0)
False, False, 0.0303, (0, 88, 57, 5, 126, 1, 117, 1, 117, 1, 126, 70, 47, 0)
False, False, 0.037, (0, 84, 30, 155, 30, 155, 30, 155, 30, 155, 22, 30, 84, 0)
False, False, 0.1991, (0, 151, 113, 82, 11, 77, 45, 77, 45, 77, 11, 82, 113, 0)
False, False, 0.08, (0, 140, 85, 144, 53, 123, 53, 123, 53, 144, 85, 140, 121, 0)
False, False, 0.1667, (0, 96, 102, 132, 111, 132, 111, 132, 111, 132, 102, 96, 150, 0)
False, False, 0.128, (0, 83, 2, 119, 81, 89, 112, 89, 112, 89, 112, 136, 153, 0)
False, False, 0.1467, (0, 143, 54, 6, 121, 135, 21, 135, 21, 135, 121, 6, 54, 0)
False, False, 0.0733, (0, 140, 98, 154, 98, 154, 98, 154, 98, 154, 50, 133, 131, 0)
False, False, 0.2222, (0, 18, 107, 52, 58, 39, 58, 39, 10, 134, 52, 107, 18, 0)
False, False, 0.1296, (0, 84, 30, 155, 22, 155, 22, 155, 22, 155, 22, 30, 84, 0)
False, False, 0.0694, (0, 71, 149, 59, 8, 59, 8, 59, 8, 59, 149, 71, 148, 0)
False, False, 0.1389, (0, 27, 19, 44, 124, 130, 46, 130, 46, 130, 124, 44, 149, 0)
False, False, 0.1444, (0, 151, 129, 91, 129, 91, 129, 91, 129, 91, 129, 91, 151, 0)
False, False, 0.5, (0, 101, 61, 17, 56, 67, 4, 35, 4, 67, 56, 17, 61, 0)
False, False, 0.1111, (0, 84, 30, 155, 22, 30, 22, 30, 22, 30, 22, 30, 84, 0)
False, False, 0.1667, (0, 27, 19, 46, 104, 127, 145, 127, 145, 127, 104, 94, 86, 0)
False, False, 0.0104, (0, 88, 57, 5, 153, 76, 136, 76, 136, 76, 153, 5, 88, 0)
False, False, 0.1176, (0, 88, 57, 5, 153, 76, 136, 76, 136, 76, 153, 83, 100, 0)
False, False, 0.1215, (0, 83, 2, 119, 81, 109, 60, 109, 60, 81, 12, 82, 113, 0)
False, False, 0.0556, (0, 27, 19, 124, 130, 46, 130, 46, 130, 124, 44, 19, 27, 0)
False, False, 0.2222, (0, 18, 107, 52, 138, 25, 138, 25, 138, 25, 138, 25, 34, 0)
False, False, 0.0833, (0, 27, 19, 44, 124, 130, 46, 130, 46, 130, 124, 44, 71, 0)
False, False, 0.032, (0, 72, 48, 33, 48, 33, 48, 33, 48, 33, 48, 34, 72, 0)
False, False, 0.1111, (0, 12, 114, 29, 114, 29, 114, 29, 58, 10, 134, 155, 84, 0)
False, False, 0.1325, (0, 118, 16, 103, 65, 87, 65, 87, 65, 87, 65, 103, 16, 0)
False, True, 0.1111, (0, 18, 107, 52, 134, 10, 58, 39, 10, 134, 52, 107, 18, 0)
False, False, 0.0202, (0, 72, 34, 33, 48, 33, 48, 33, 48, 33, 48, 34, 72, 0)
False, False, 0.0895, (0, 87, 97, 62, 97, 62, 97, 62, 97, 62, 97, 62, 87, 0)
False, False, 0.0316, (0, 100, 90, 45, 2, 119, 12, 119, 12, 119, 2, 45, 100, 0)
False, False, 0.0707, (0, 156, 137, 7, 80, 40, 108, 9, 108, 9, 108, 9, 126, 0)
False, False, 0.0333, (0, 131, 133, 50, 154, 98, 123, 53, 123, 53, 123, 98, 140, 0)
False, False, 0.0694, (0, 71, 149, 59, 8, 150, 8, 150, 8, 59, 149, 71, 148, 0)
False, False, 0.202, (0, 92, 78, 146, 40, 108, 9, 108, 40, 80, 7, 137, 156, 0)
False, False, 0.0533, (0, 143, 32, 42, 3, 106, 73, 106, 73, 106, 3, 42, 32, 0)
False, False, 0.008, (0, 72, 34, 25, 138, 25, 138, 25, 138, 25, 138, 25, 34, 0)
False, False, 0.0333, (0, 143, 42, 3, 106, 73, 106, 73, 106, 3, 42, 32, 69, 0)
False, False, 0.0934, (0, 100, 11, 12, 60, 109, 60, 109, 60, 81, 119, 2, 83, 0)
False, False, 0.0101, (0, 47, 126, 1, 117, 1, 117, 1, 117, 1, 126, 5, 88, 0)
False, False, 0.1233, (0, 131, 133, 50, 154, 98, 123, 53, 123, 53, 144, 85, 140, 0)
False, False, 0.0392, (0, 83, 2, 119, 81, 109, 60, 109, 60, 109, 60, 12, 11, 0)
False, False, 0.0777, (0, 38, 122, 118, 75, 20, 75, 20, 75, 20, 118, 122, 38, 0)
False, False, 0.5, (0, 41, 110, 54, 6, 115, 55, 115, 55, 95, 35, 110, 41, 0)
False, False, 0.1767, (0, 69, 16, 68, 36, 68, 36, 68, 36, 68, 36, 16, 69, 0)
False, False, 0.0282, (0, 72, 34, 79, 74, 79, 74, 79, 74, 79, 74, 34, 72, 0)
False, False, 0.2222, (0, 12, 114, 29, 114, 29, 114, 29, 58, 39, 10, 134, 84, 0)
False, False, 0.14, (0, 131, 133, 50, 154, 98, 154, 98, 154, 50, 133, 131, 95, 0)
False, False, 0.1382, (0, 103, 87, 97, 62, 97, 62, 97, 62, 97, 62, 87, 103, 0)
False, False, 0.1779, (0, 38, 122, 118, 75, 20, 75, 20, 75, 20, 75, 20, 118, 0)
False, False, 0.0733, (0, 95, 131, 133, 50, 23, 31, 23, 31, 23, 31, 23, 121, 0)
False, False, 0.13, (0, 73, 140, 144, 53, 123, 53, 123, 98, 154, 50, 133, 131, 0)
False, False, 0.0067, (0, 73, 140, 144, 53, 123, 53, 123, 53, 123, 53, 144, 140, 0)
False, False, 0.3333, (0, 143, 38, 122, 147, 15, 147, 15, 147, 15, 122, 38, 143, 0)
False, False, 0.2467, (0, 69, 32, 42, 3, 106, 73, 106, 73, 106, 3, 42, 32, 0)
False, False, 0.0367, (0, 121, 21, 23, 31, 140, 31, 140, 31, 50, 133, 131, 95, 0)
False, False, 0.0889, (0, 88, 57, 5, 153, 76, 136, 76, 153, 2, 45, 90, 100, 0)
False, False, 0.0914, (0, 101, 152, 105, 116, 37, 116, 37, 116, 37, 116, 37, 101, 0)
False, False, 0.0553, (0, 118, 16, 103, 65, 87, 65, 87, 65, 103, 16, 75, 118, 0)
False, False, 0.0533, (0, 73, 140, 98, 123, 53, 123, 53, 123, 53, 123, 98, 140, 0)
False, False, 0.2917, (0, 148, 71, 149, 59, 150, 8, 150, 8, 59, 149, 71, 148, 0)
False, False, 0.2, (0, 69, 99, 93, 99, 93, 99, 93, 99, 93, 99, 93, 32, 0)
False, False, 0.2218, (0, 72, 34, 79, 74, 79, 74, 79, 74, 79, 74, 33, 72, 0)
False, False, 0.1027, (0, 88, 57, 5, 153, 136, 76, 136, 76, 153, 5, 57, 88, 0)
False, False, 0.21, (0, 121, 21, 23, 31, 23, 31, 23, 31, 50, 133, 131, 95, 0)
False, False, 0.1164, (0, 88, 57, 5, 153, 76, 136, 76, 153, 5, 57, 88, 141, 0)
False, False, 0.1818, (0, 47, 126, 1, 117, 1, 117, 1, 117, 1, 126, 70, 47, 0)
False, False, 0.0533, (0, 54, 6, 121, 135, 21, 135, 21, 135, 21, 121, 6, 54, 0)
False, False, 0.0934, (0, 113, 82, 11, 12, 81, 109, 60, 109, 81, 119, 2, 83, 0)
False, False, 0.1162, (0, 156, 137, 7, 80, 40, 9, 108, 9, 40, 146, 78, 92, 0)
False, False, 0.02, (0, 95, 131, 133, 50, 31, 23, 31, 23, 50, 133, 131, 95, 0)
False, False, 0.0428, (0, 101, 152, 105, 152, 105, 152, 105, 152, 105, 152, 105, 101, 0)
False, False, 0.0906, (0, 100, 90, 45, 2, 119, 12, 119, 2, 77, 11, 82, 113, 0)
False, False, 0.0184, (0, 118, 20, 16, 103, 65, 87, 65, 87, 65, 103, 16, 118, 0)
False, False, 0.0205, (0, 88, 57, 5, 57, 5, 57, 5, 57, 5, 57, 88, 141, 0)
False, False, 0.0556, (0, 151, 100, 51, 90, 51, 90, 51, 90, 51, 100, 91, 151, 0)
False, False, 0.0623, (0, 118, 16, 103, 65, 103, 65, 103, 65, 103, 65, 103, 16, 0)
False, False, 0.1, (0, 143, 121, 135, 21, 135, 21, 135, 21, 135, 121, 6, 54, 0)
False, False, 0.0833, (0, 69, 32, 42, 3, 42, 3, 42, 3, 42, 3, 32, 69, 0)
False, False, 0.0469, (0, 100, 45, 2, 119, 81, 109, 60, 109, 60, 12, 82, 113, 0)
False, False, 0.0368, (0, 118, 20, 68, 36, 68, 36, 68, 36, 68, 36, 16, 118, 0)
False, False, 0.2121, (0, 88, 57, 5, 126, 125, 139, 125, 139, 92, 70, 47, 141, 0)
False, False, 0.0611, (0, 100, 11, 12, 81, 89, 112, 89, 112, 89, 112, 136, 83, 0)
False, False, 0.1041, (0, 113, 82, 11, 77, 45, 77, 45, 77, 45, 11, 82, 113, 0)
False, False, 0.0365, (0, 118, 16, 36, 68, 36, 68, 36, 68, 36, 68, 16, 118, 0)
False, False, 0.0078, (0, 34, 138, 25, 138, 25, 138, 25, 138, 25, 138, 25, 34, 0)
False, False, 0.1443, (0, 83, 136, 112, 89, 112, 89, 112, 89, 81, 119, 2, 83, 0)
False, False, 0.0859, (0, 92, 78, 9, 108, 9, 108, 9, 40, 80, 7, 137, 156, 0)
False, False, 0.016, (0, 83, 119, 81, 109, 60, 109, 60, 109, 60, 12, 11, 100, 0)
False, False, 0.0413, (0, 83, 119, 81, 109, 60, 109, 60, 109, 60, 12, 82, 113, 0)
False, False, 0.0657, (0, 70, 125, 78, 146, 78, 146, 78, 146, 78, 117, 1, 126, 0)
False, True, 0.096, (0, 156, 137, 7, 80, 40, 108, 9, 40, 80, 7, 137, 156, 0)
False, False, 0.0909, (0, 70, 125, 117, 78, 146, 80, 146, 80, 146, 78, 117, 126, 0)
False, False, 0.0152, (0, 126, 117, 78, 146, 80, 40, 80, 146, 78, 117, 1, 126, 0)
False, False, 0.0354, (0, 126, 1, 117, 78, 146, 80, 146, 80, 146, 78, 125, 70, 0)
False, False, 0.0253, (0, 126, 117, 78, 146, 80, 146, 80, 146, 78, 117, 1, 126, 0)
all_elementary, False
all_cyc2, False
