Instance, X-n125-k30
capacity, 188
min_trucks, 30
output_file, output_uchoa/X-n125-k30-cyc2.log
Start date, 2022-06-23
Start time, 16-35-34
capacity, 188
num_vehicles, 30
abort_early, False
methods, ['cyc2']
max_vars, 1000000
time_limit, 86400
farley, False
initial time, initial max_it, max_stale_it
1e-05, 2000000000.0, 20
heuristic Number of routes, heuristic Best Solution Value, heuristic number of iterations, adjusted time, adjusted max_it
19793, 55546.0, 19254, 1.0, 20000.0
method, python time, total time, propagated dominance time, unpropagated dominance time, pricing_success, upper_bound, lower_bound, abort_early, num_paths, 
cyc2, 32.2, 1.5, 0.0, 0.0, 1, 55319.86, -85694.2577, 0, 68218
cyc2, 5.5, 1.8, 0.0, 0.0, 1, 55319.86, 15766.6247, 0, 20421
cyc2, 1.4, 1.8, 0.0, 0.0, 1, 55319.86, 45564.5658, 0, 4714
cyc2, 0.2, 1.9, 0.0, 0.0, 1, 55258.9298, 52740.6938, 0, 644
cyc2, 0.1, 1.9, 0.0, 0.0, 1, 55226.0122, 54171.9804, 0, 100
cyc2, 0.0, 1.9, 0.0, 0.0, 1, 55215.0473, 55009.9295, 0, 35
cyc2, 0.0, 1.9, 0.0, 0.0, 1, 55212.6174, 55122.6174, 0, 12
cyc2, -0.0, 1.9, 0.0, 0.0, 1, 55212.3845, 55212.3845, 0, 0
scip_total_time, 19351.48287
Solval, number of paths, impact cutoff
55212.384503641064, 105, 0.0001
Elementary, 2-Cycle, Path Value, Path
True, True, 0.2663, (0, 26, 0)
True, True, 0.7337, (0, 93, 26, 0)
True, True, 0.2582, (0, 4, 107, 41, 7, 77, 0)
True, True, 0.7404, (0, 21, 10, 20, 95, 0)
True, True, 0.125, (0, 113, 8, 72, 0)
True, True, 1.0, (0, 120, 75, 0)
True, True, 1.0, (0, 12, 37, 0)
True, True, 1.0, (0, 35, 103, 0)
True, True, 0.7337, (0, 111, 86, 0)
True, True, 0.4598, (0, 61, 83, 122, 0)
True, True, 1.0, (0, 38, 96, 0)
True, True, 0.5, (0, 60, 90, 102, 0)
True, True, 0.4598, (0, 3, 31, 0)
True, True, 0.5, (0, 56, 82, 0)
True, True, 0.1995, (0, 51, 105, 89, 88, 115, 0)
True, True, 0.25, (0, 57, 39, 113, 0)
True, True, 0.375, (0, 113, 33, 5, 0)
True, True, 0.25, (0, 99, 18, 0)
True, True, 0.5, (0, 60, 31, 0)
True, True, 0.5, (0, 56, 23, 24, 0)
True, True, 0.4598, (0, 76, 83, 110, 0)
True, True, 0.75, (0, 100, 39, 57, 0)
True, True, 0.5402, (0, 61, 122, 110, 0)
True, True, 0.8005, (0, 70, 115, 88, 89, 105, 51, 0)
True, True, 0.1893, (0, 69, 71, 104, 65, 0)
True, True, 0.2098, (0, 121, 54, 91, 21, 0)
True, True, 0.625, (0, 53, 33, 32, 0)
True, True, 0.125, (0, 98, 53, 5, 0)
True, True, 0.8107, (0, 69, 98, 72, 0)
True, True, 0.2663, (0, 86, 106, 43, 0)
True, True, 0.4598, (0, 102, 52, 44, 123, 14, 0)
True, True, 0.2222, (0, 117, 55, 109, 25, 118, 40, 22, 47, 94, 0)
True, True, 0.3127, (0, 64, 7, 41, 107, 4, 80, 58, 0)
True, True, 0.5402, (0, 76, 106, 43, 52, 0)
True, True, 0.043, (0, 50, 124, 2, 34, 6, 70, 59, 78, 17, 0)
True, True, 0.0034, (0, 95, 4, 107, 7, 77, 101, 0)
True, True, 0.5, (0, 73, 99, 16, 90, 0)
True, True, 0.75, (0, 18, 112, 0)
True, True, 0.1566, (0, 66, 34, 6, 70, 59, 19, 9, 28, 78, 0)
True, True, 0.5, (0, 48, 5, 8, 0)
True, True, 0.137, (0, 123, 42, 81, 16, 43, 106, 0)
True, True, 0.078, (0, 17, 50, 34, 6, 2, 124, 78, 15, 0)
True, True, 0.2596, (0, 119, 71, 104, 29, 20, 0)
True, True, 0.0615, (0, 45, 119, 104, 29, 54, 0)
True, True, 0.2596, (0, 91, 10, 67, 64, 0)
True, True, 0.3333, (0, 25, 118, 63, 79, 46, 1, 27, 108, 0)
True, True, 0.375, (0, 8, 32, 101, 0)
True, True, 0.0402, (0, 102, 31, 0)
True, True, 0.3742, (0, 15, 124, 50, 116, 66, 0)
True, True, 0.2952, (0, 54, 45, 119, 29, 58, 0)
True, True, 0.2616, (0, 80, 65, 104, 71, 119, 0)
True, True, 0.0878, (0, 58, 29, 104, 119, 45, 0)
True, True, 0.0498, (0, 84, 67, 21, 83, 0)
True, True, 0.1652, (0, 48, 91, 73, 0)
True, True, 0.085, (0, 84, 64, 71, 45, 0)
True, True, 0.0307, (0, 83, 91, 121, 95, 0)
True, True, 0.0643, (0, 68, 65, 71, 98, 0)
True, True, 0.0565, (0, 106, 43, 16, 81, 74, 97, 0)
True, True, 0.5402, (0, 14, 13, 74, 97, 44, 3, 0)
True, True, 0.5, (0, 82, 49, 23, 24, 0)
True, True, 0.25, (0, 112, 99, 16, 0)
True, True, 0.2519, (0, 58, 80, 4, 107, 41, 77, 64, 0)
True, True, 0.2663, (0, 93, 111, 0)
True, True, 0.0643, (0, 72, 67, 41, 65, 40, 118, 68, 0)
True, True, 0.25, (0, 100, 113, 53, 84, 0)
True, True, 0.3348, (0, 73, 91, 48, 84, 0)
False, True, 0.0082, (0, 108, 85, 117, 30, 85, 117, 62, 108, 0)
False, True, 0.4876, (0, 62, 85, 30, 117, 85, 30, 62, 0)
False, True, 0.3648, (0, 121, 101, 77, 7, 54, 121, 0)
False, True, 0.0344, (0, 54, 67, 119, 45, 54, 0)
False, True, 0.0609, (0, 101, 77, 107, 7, 77, 64, 0)
False, True, 0.296, (0, 67, 45, 29, 67, 0)
False, True, 0.1213, (0, 25, 68, 22, 40, 65, 80, 4, 65, 40, 22, 68, 0)
False, True, 0.1402, (0, 84, 104, 71, 45, 84, 0)
False, True, 0.1464, (0, 94, 47, 68, 118, 40, 47, 94, 0)
False, True, 0.0525, (0, 94, 58, 4, 80, 65, 40, 22, 94, 0)
False, True, 0.1253, (0, 68, 47, 22, 40, 65, 22, 40, 118, 25, 109, 0)
False, True, 0.2346, (0, 49, 66, 116, 17, 15, 116, 66, 0)
False, True, 0.2768, (0, 92, 11, 114, 87, 11, 19, 9, 0)
False, True, 0.2529, (0, 123, 97, 74, 81, 42, 92, 81, 42, 13, 0)
False, True, 0.0247, (0, 117, 55, 1, 46, 63, 1, 46, 27, 0)
False, True, 0.0082, (0, 108, 62, 117, 30, 85, 117, 30, 62, 0)
False, True, 0.0832, (0, 109, 25, 68, 47, 22, 68, 47, 94, 0)
False, True, 0.0979, (0, 101, 107, 41, 101, 95, 0)
False, True, 0.4444, (0, 109, 36, 79, 63, 36, 55, 27, 108, 0)
False, True, 0.1504, (0, 97, 74, 92, 81, 42, 92, 81, 42, 123, 0)
False, True, 0.2768, (0, 114, 87, 11, 114, 87, 0)
False, True, 0.1088, (0, 49, 17, 15, 116, 17, 15, 13, 49, 0)
False, True, 0.0565, (0, 92, 11, 114, 87, 11, 114, 92, 0)
False, True, 0.1111, (0, 117, 55, 1, 46, 79, 1, 46, 79, 36, 117, 0)
False, True, 0.0565, (0, 42, 92, 87, 114, 11, 87, 16, 0)
False, True, 0.3327, (0, 78, 28, 9, 19, 59, 28, 0)
False, True, 0.0213, (0, 109, 25, 118, 68, 94, 22, 40, 118, 68, 25, 109, 0)
False, True, 0.015, (0, 121, 64, 107, 41, 64, 121, 0)
False, True, 0.0478, (0, 49, 13, 15, 17, 116, 15, 17, 13, 0)
False, True, 0.2524, (0, 50, 124, 2, 34, 6, 2, 50, 0)
False, True, 0.0541, (0, 17, 78, 124, 2, 6, 34, 2, 6, 34, 2, 6, 34, 2, 0)
False, True, 0.1779, (0, 17, 78, 59, 19, 9, 59, 28, 0)
False, True, 0.1975, (0, 108, 27, 46, 1, 63, 46, 1, 55, 0)
False, True, 0.0559, (0, 34, 6, 2, 34, 6, 59, 19, 9, 59, 78, 0)
False, True, 0.0556, (0, 95, 94, 47, 68, 118, 22, 47, 94, 0)
False, True, 0.072, (0, 95, 94, 47, 22, 94, 68, 25, 109, 0)
False, True, 0.0025, (0, 17, 78, 124, 2, 34, 6, 2, 124, 78, 13, 0)
False, True, 0.0102, (0, 117, 109, 118, 68, 94, 47, 68, 94, 0)
False, True, 0.0966, (0, 17, 78, 124, 34, 6, 2, 34, 6, 124, 0)
all_elementary, False
all_cyc2, True
