Instance, X-n139-k10
capacity, 106
min_trucks, 10
output_file, output_uchoa/X-n139-k10-ng8.log
Start date, 2022-06-24
Start time, 18-04-58
capacity, 106
num_vehicles, 10
abort_early, False
methods, ['ng8']
max_vars, 1000000
time_limit, 86400
farley, False
initial time, initial max_it, max_stale_it
1e-05, 2000000000.0, 20
heuristic Number of routes, heuristic Best Solution Value, heuristic number of iterations, adjusted time, adjusted max_it
798349, 13590.0, 668140, 0.1, 200000.0
method, python time, total time, propagated dominance time, unpropagated dominance time, pricing_success, upper_bound, lower_bound, abort_early, num_paths, 
ng8, 1.6, 5.1, 3.9, 0.4, 1, 13353.5467, 10501.8825, 0, 3693
ng8, 0.4, 7.3, 5.6, 0.6, 1, 13349.254, 12504.9565, 0, 849
ng8, 0.1, 7.5, 5.7, 0.7, 1, 13321.696, 12904.5668, 0, 233
ng8, -0.0, 8.2, 6.2, 0.7, 1, 13315.9351, 13126.5302, 0, 58
ng8, -0.0, 7.8, 5.9, 0.7, 1, 13311.3179, 13179.2525, 0, 36
ng8, 0.1, 8.2, 6.3, 0.7, 1, 13310.6297, 13221.2795, 0, 27
ng8, 0.1, 8.0, 6.1, 0.7, 1, 13309.5064, 13263.2433, 0, 14
ng8, 0.1, 7.9, 6.0, 0.7, 1, 13309.4631, 13303.7632, 0, 4
ng8, -0.0, 8.0, 6.1, 0.7, 1, 13309.4615, 13309.4615, 0, 0
scip_total_time, 78995.241842
Solval, number of paths, impact cutoff
13309.461463762016, 92, 0.0001
Elementary, 2-Cycle, Path Value, Path
True, True, 0.5456, (0, 91, 71, 100, 67, 42, 59, 60, 15, 8, 39, 51, 84, 30, 7, 0)
True, True, 0.1101, (0, 79, 20, 45, 110, 35, 58, 13, 97, 31, 50, 74, 10, 109, 0)
True, True, 0.0835, (0, 3, 29, 44, 72, 12, 90, 113, 6, 5, 96, 53, 129, 49, 2, 99, 87, 0)
True, True, 0.218, (0, 117, 12, 90, 113, 6, 5, 96, 53, 129, 49, 2, 99, 52, 126, 95, 0)
True, True, 0.1131, (0, 16, 32, 114, 137, 112, 22, 94, 69, 108, 26, 9, 23, 4, 124, 0)
True, True, 0.3952, (0, 20, 73, 120, 78, 80, 41, 92, 107, 132, 93, 130, 127, 64, 133, 75, 0)
True, True, 0.0846, (0, 123, 27, 115, 34, 131, 38, 69, 94, 108, 26, 9, 23, 4, 62, 0)
True, True, 0.0473, (0, 62, 4, 23, 38, 131, 34, 115, 27, 123, 50, 74, 10, 109, 0)
True, True, 0.0455, (0, 63, 28, 103, 21, 1, 18, 55, 46, 43, 77, 106, 64, 133, 75, 0)
True, True, 0.3479, (0, 74, 50, 123, 27, 115, 34, 131, 38, 69, 94, 108, 26, 9, 124, 0)
True, True, 0.038, (0, 75, 133, 64, 127, 130, 93, 132, 107, 92, 41, 80, 78, 120, 73, 79, 0)
True, True, 0.0535, (0, 45, 110, 58, 35, 78, 92, 41, 80, 31, 97, 13, 10, 109, 0)
True, True, 0.0772, (0, 62, 4, 23, 38, 131, 34, 115, 27, 123, 50, 31, 97, 13, 0)
True, True, 0.049, (0, 120, 35, 58, 13, 97, 31, 34, 115, 27, 123, 50, 74, 10, 109, 0)
True, True, 0.4784, (0, 122, 138, 21, 1, 18, 55, 46, 43, 77, 106, 82, 105, 111, 0)
True, True, 0.0455, (0, 76, 111, 105, 82, 77, 43, 46, 55, 18, 1, 21, 138, 122, 0)
True, True, 0.1321, (0, 45, 110, 58, 35, 78, 41, 80, 31, 97, 13, 10, 70, 88, 0)
True, True, 0.013, (0, 95, 126, 52, 87, 117, 72, 66, 19, 61, 48, 65, 44, 57, 30, 7, 0)
True, True, 0.1384, (0, 124, 4, 23, 26, 108, 94, 69, 38, 131, 34, 115, 27, 123, 70, 0)
True, True, 0.0318, (0, 7, 84, 51, 39, 60, 59, 42, 67, 100, 102, 14, 135, 33, 81, 0)
True, True, 0.1416, (0, 102, 134, 40, 37, 17, 11, 47, 119, 1, 18, 21, 103, 28, 63, 0)
True, True, 0.2662, (0, 3, 7, 30, 84, 51, 39, 8, 15, 60, 59, 42, 67, 100, 71, 0)
True, True, 0.0772, (0, 10, 74, 123, 27, 115, 34, 131, 38, 69, 94, 108, 26, 9, 124, 0)
True, True, 0.0114, (0, 88, 70, 62, 4, 23, 108, 69, 94, 22, 112, 137, 114, 32, 16, 0)
True, True, 0.0455, (0, 109, 13, 97, 31, 80, 41, 92, 107, 132, 93, 130, 127, 64, 75, 0)
True, True, 0.0535, (0, 76, 111, 105, 82, 106, 43, 46, 55, 18, 1, 21, 103, 28, 0)
True, True, 0.1241, (0, 91, 89, 81, 71, 100, 67, 42, 59, 60, 39, 51, 84, 30, 7, 0)
True, True, 0.1508, (0, 88, 70, 62, 4, 23, 26, 22, 112, 25, 125, 36, 24, 85, 118, 0)
True, True, 0.2274, (0, 118, 85, 24, 114, 137, 112, 22, 108, 94, 69, 38, 131, 62, 124, 0)
True, True, 0.2543, (0, 95, 126, 99, 2, 49, 53, 129, 36, 125, 25, 137, 114, 32, 16, 0)
True, True, 0.0241, (0, 124, 62, 74, 50, 123, 27, 115, 34, 31, 97, 13, 10, 109, 0)
True, True, 0.0535, (0, 109, 13, 97, 31, 80, 41, 92, 107, 132, 93, 130, 127, 64, 133, 120, 0)
True, True, 0.0188, (0, 30, 8, 15, 65, 48, 61, 19, 66, 72, 117, 87, 52, 126, 95, 0)
True, True, 0.2348, (0, 54, 75, 133, 64, 127, 130, 93, 132, 107, 92, 78, 35, 58, 110, 45, 0)
True, True, 0.064, (0, 71, 102, 134, 40, 37, 17, 11, 101, 116, 68, 83, 136, 104, 89, 0)
True, True, 0.0707, (0, 95, 52, 99, 2, 49, 129, 53, 96, 5, 6, 113, 90, 12, 72, 29, 0)
True, True, 0.1901, (0, 88, 70, 10, 74, 50, 31, 97, 13, 58, 35, 120, 73, 121, 79, 0)
True, True, 0.0057, (0, 7, 30, 84, 51, 39, 8, 57, 87, 52, 126, 95, 118, 32, 16, 0)
True, True, 0.3648, (0, 81, 102, 134, 40, 37, 17, 47, 119, 128, 116, 68, 83, 136, 86, 104, 0)
True, True, 0.1045, (0, 95, 126, 52, 87, 117, 12, 66, 19, 61, 48, 65, 44, 57, 29, 0)
True, True, 0.0162, (0, 81, 102, 134, 40, 37, 17, 11, 101, 116, 68, 83, 136, 104, 89, 0)
True, True, 0.0135, (0, 51, 39, 8, 65, 48, 66, 19, 61, 60, 59, 42, 67, 100, 0)
True, True, 0.0268, (0, 52, 87, 99, 2, 36, 125, 25, 137, 114, 24, 85, 118, 32, 16, 0)
True, True, 0.009, (0, 95, 126, 52, 87, 117, 72, 66, 19, 48, 65, 15, 8, 57, 29, 0)
True, True, 0.0057, (0, 95, 126, 52, 87, 117, 72, 66, 19, 48, 65, 60, 59, 42, 67, 0)
True, True, 0.1128, (0, 63, 136, 83, 68, 116, 101, 128, 119, 47, 17, 37, 40, 134, 102, 81, 0)
True, True, 0.0881, (0, 88, 70, 62, 4, 23, 26, 9, 137, 114, 24, 85, 118, 32, 16, 3, 0)
True, True, 0.008, (0, 75, 64, 127, 93, 132, 107, 92, 41, 80, 31, 97, 13, 10, 109, 0)
True, True, 0.1027, (0, 45, 110, 35, 58, 13, 97, 31, 80, 41, 78, 120, 73, 121, 0)
True, True, 0.1374, (0, 89, 104, 136, 83, 68, 116, 128, 101, 11, 17, 37, 40, 134, 102, 0)
True, True, 0.013, (0, 81, 33, 135, 14, 102, 100, 67, 42, 59, 60, 39, 51, 84, 30, 0)
True, True, 0.1264, (0, 95, 126, 52, 87, 117, 72, 66, 19, 61, 48, 65, 8, 57, 29, 0)
True, True, 0.0455, (0, 121, 75, 133, 107, 132, 93, 127, 130, 77, 106, 82, 105, 111, 76, 0)
True, True, 0.013, (0, 86, 136, 83, 68, 116, 101, 11, 17, 37, 40, 134, 14, 135, 33, 0)
True, True, 0.0042, (0, 122, 138, 103, 136, 83, 68, 116, 101, 11, 17, 37, 40, 134, 102, 0)
True, True, 0.0578, (0, 89, 86, 33, 135, 14, 101, 128, 119, 47, 17, 37, 40, 134, 102, 0)
True, True, 0.1192, (0, 87, 99, 2, 49, 129, 53, 96, 5, 6, 61, 19, 66, 72, 44, 57, 0)
True, True, 0.1603, (0, 95, 126, 52, 87, 117, 72, 66, 19, 61, 48, 65, 15, 57, 29, 0)
True, True, 0.0042, (0, 63, 28, 136, 83, 68, 116, 128, 101, 11, 17, 37, 40, 134, 102, 81, 0)
True, True, 0.1687, (0, 98, 3, 0)
True, True, 0.0463, (0, 28, 103, 1, 18, 55, 46, 43, 77, 106, 82, 105, 111, 76, 0)
False, True, 0.3302, (0, 98, 3, 91, 89, 104, 63, 28, 103, 138, 122, 76, 56, 98, 0)
False, True, 0.1416, (0, 76, 111, 105, 82, 106, 77, 43, 46, 55, 21, 138, 122, 76, 0)
True, True, 0.2892, (0, 118, 85, 24, 36, 125, 25, 112, 22, 9, 23, 4, 62, 70, 88, 0)
True, True, 0.2703, (0, 63, 28, 103, 136, 83, 68, 116, 101, 11, 14, 135, 33, 86, 89, 0)
False, True, 0.1986, (0, 16, 32, 118, 85, 24, 36, 125, 25, 112, 22, 137, 114, 32, 16, 0)
False, True, 0.0096, (0, 16, 32, 85, 24, 114, 137, 22, 112, 25, 125, 36, 24, 85, 32, 16, 0)
True, True, 0.008, (0, 56, 76, 111, 105, 82, 106, 77, 130, 93, 132, 107, 133, 75, 54, 0)
True, True, 0.1278, (0, 75, 133, 64, 127, 130, 93, 132, 107, 92, 41, 80, 58, 35, 120, 20, 0)
False, True, 0.274, (0, 56, 54, 79, 121, 73, 110, 109, 45, 20, 121, 79, 54, 56, 0)
False, True, 0.0939, (0, 76, 111, 105, 82, 106, 77, 43, 46, 55, 18, 1, 21, 76, 0)
False, True, 0.013, (0, 81, 135, 33, 101, 11, 17, 37, 40, 134, 14, 135, 33, 81, 0)
True, True, 0.0873, (0, 104, 63, 28, 103, 1, 18, 55, 46, 43, 77, 106, 82, 105, 111, 0)
False, True, 0.0135, (0, 98, 3, 7, 30, 84, 29, 87, 52, 126, 95, 118, 32, 16, 98, 0)
True, True, 0.0707, (0, 16, 32, 114, 137, 25, 125, 36, 129, 53, 49, 2, 99, 52, 126, 0)
False, True, 0.1192, (0, 57, 44, 65, 48, 61, 19, 66, 113, 90, 12, 117, 72, 44, 57, 29, 0)
False, True, 0.0268, (0, 57, 44, 72, 117, 12, 90, 113, 6, 5, 96, 53, 129, 49, 117, 72, 44, 29, 0)
False, True, 0.0628, (0, 57, 44, 65, 48, 66, 19, 61, 6, 5, 96, 113, 90, 12, 72, 44, 0)
False, True, 0.1568, (0, 87, 99, 2, 49, 129, 53, 96, 5, 6, 113, 90, 12, 117, 87, 52, 0)
False, True, 0.0437, (0, 54, 120, 78, 80, 41, 92, 107, 132, 93, 130, 127, 64, 133, 75, 54, 0)
False, True, 0.0147, (0, 57, 44, 72, 117, 12, 90, 113, 96, 5, 6, 61, 48, 65, 8, 57, 0)
False, True, 0.294, (0, 81, 33, 135, 14, 101, 128, 119, 47, 11, 14, 135, 33, 86, 0)
False, True, 0.0665, (0, 88, 10, 74, 50, 123, 27, 115, 34, 31, 97, 13, 10, 109, 0)
False, True, 0.0719, (0, 98, 56, 54, 79, 121, 20, 45, 110, 109, 88, 124, 98, 0)
False, True, 0.1045, (0, 57, 65, 48, 61, 6, 5, 96, 113, 90, 66, 19, 48, 65, 44, 0)
True, True, 0.008, (0, 54, 75, 133, 64, 127, 130, 77, 43, 46, 55, 18, 1, 103, 28, 63, 0)
True, True, 0.013, (0, 28, 103, 136, 83, 68, 116, 101, 11, 17, 37, 40, 134, 14, 81, 0)
False, True, 0.0878, (0, 109, 10, 13, 97, 31, 34, 115, 27, 123, 50, 74, 10, 109, 0)
False, True, 0.1431, (0, 29, 72, 12, 90, 113, 96, 5, 6, 61, 19, 66, 48, 65, 44, 29, 0)
False, True, 0.0209, (0, 56, 54, 79, 121, 110, 109, 45, 20, 121, 79, 54, 56, 3, 0)
False, True, 0.0232, (0, 102, 134, 40, 37, 17, 47, 119, 128, 11, 17, 37, 40, 134, 102, 3, 0)
False, True, 0.0057, (0, 3, 100, 134, 40, 37, 17, 47, 119, 128, 11, 17, 37, 40, 134, 102, 0)
all_elementary, False
all_cyc2, True
