Instance, X-n129-k18
capacity, 39
min_trucks, 18
output_file, output_uchoa/X-n129-k18-ng8.log
Start date, 2022-06-25
Start time, 19-44-18
capacity, 39
num_vehicles, 18
abort_early, False
methods, ['ng8']
max_vars, 1000000
time_limit, 86400
farley, False
initial time, initial max_it, max_stale_it
1e-05, 2000000000.0, 20
heuristic Number of routes, heuristic Best Solution Value, heuristic number of iterations, adjusted time, adjusted max_it
334086, 28940.0, 200000, 0.1, 200000.0
method, python time, total time, propagated dominance time, unpropagated dominance time, pricing_success, upper_bound, lower_bound, abort_early, num_paths, 
ng8, 0.1, 4.1, 3.0, 0.7, 1, 28514.2701, 26438.793, 0, 76
ng8, 0.0, 4.5, 3.3, 0.7, 1, 28445.5731, 28188.9805, 0, 23
ng8, -0.0, 4.6, 3.3, 0.8, 1, 28439.983, 28146.7048, 0, 11
ng8, 0.0, 4.6, 3.4, 0.8, 1, 28439.0662, 28439.0662, 0, 0
scip_total_time, 26110.90442
Solval, number of paths, impact cutoff
28439.066182625844, 102, 0.0001
Elementary, 2-Cycle, Path Value, Path
True, True, 0.5406, (0, 125, 31, 69, 120, 51, 109, 83, 0)
True, True, 0.4235, (0, 47, 127, 28, 118, 38, 0)
True, True, 0.3088, (0, 100, 49, 92, 116, 95, 96, 73, 114, 32, 0)
True, True, 0.38, (0, 123, 5, 106, 122, 115, 117, 70, 0)
True, True, 0.0909, (0, 62, 56, 13, 57, 35, 77, 60, 0)
True, True, 0.4148, (0, 64, 18, 59, 23, 1, 44, 90, 0)
True, True, 0.4545, (0, 62, 56, 13, 57, 35, 77, 25, 84, 0)
True, True, 0.125, (0, 19, 6, 48, 2, 34, 21, 33, 46, 22, 54, 0)
True, True, 0.375, (0, 86, 124, 30, 43, 39, 67, 0)
True, True, 0.1307, (0, 18, 59, 39, 43, 30, 67, 0)
True, True, 0.4706, (0, 126, 71, 104, 10, 79, 76, 11, 105, 65, 0)
True, True, 0.5299, (0, 78, 50, 20, 52, 27, 113, 88, 0)
True, True, 0.5415, (0, 87, 121, 94, 111, 81, 36, 107, 128, 0)
True, True, 0.3015, (0, 66, 64, 18, 59, 1, 44, 90, 0)
True, True, 0.1974, (0, 20, 87, 94, 111, 4, 98, 68, 80, 0)
True, True, 0.375, (0, 46, 33, 21, 34, 2, 48, 45, 19, 0)
True, True, 0.4118, (0, 16, 12, 96, 95, 116, 92, 49, 73, 114, 32, 0)
True, True, 0.0909, (0, 43, 62, 56, 13, 57, 35, 60, 23, 0)
True, True, 0.125, (0, 29, 48, 2, 34, 21, 33, 46, 54, 0)
True, True, 0.0063, (0, 70, 117, 99, 42, 69, 97, 31, 125, 0)
True, True, 0.3636, (0, 60, 57, 13, 56, 62, 30, 0)
True, True, 0.382, (0, 99, 42, 97, 31, 69, 120, 51, 109, 83, 0)
True, True, 0.0909, (0, 60, 35, 77, 25, 84, 43, 67, 93, 0)
True, True, 0.0294, (0, 42, 16, 114, 73, 96, 95, 116, 92, 49, 100, 0)
True, True, 0.1531, (0, 90, 44, 1, 59, 18, 103, 0)
True, True, 0.1176, (0, 121, 101, 58, 40, 55, 41, 61, 85, 11, 17, 110, 0)
True, True, 0.2353, (0, 65, 105, 104, 10, 79, 76, 11, 17, 110, 0)
True, True, 0.25, (0, 6, 29, 48, 2, 34, 21, 33, 46, 0)
True, True, 0.2722, (0, 53, 5, 106, 68, 98, 4, 80, 119, 0)
True, True, 0.2727, (0, 23, 60, 35, 77, 25, 84, 39, 0)
True, True, 0.0029, (0, 70, 122, 128, 107, 36, 81, 4, 0)
True, True, 0.0885, (0, 75, 89, 44, 90, 15, 0)
True, True, 0.1765, (0, 65, 11, 85, 61, 41, 55, 40, 58, 101, 0)
True, True, 0.2794, (0, 26, 126, 71, 108, 72, 112, 102, 0)
True, True, 0.375, (0, 82, 124, 7, 54, 9, 63, 0)
True, True, 0.0955, (0, 89, 82, 113, 27, 52, 86, 0)
True, True, 0.0221, (0, 24, 38, 118, 28, 14, 117, 0)
True, True, 0.0662, (0, 32, 73, 49, 92, 116, 95, 96, 12, 16, 42, 0)
True, True, 0.2695, (0, 93, 88, 82, 113, 27, 52, 86, 0)
True, True, 0.0361, (0, 5, 106, 68, 98, 4, 121, 87, 80, 119, 0)
True, True, 0.1307, (0, 1, 23, 39, 43, 30, 67, 0)
True, True, 0.0123, (0, 14, 99, 31, 97, 69, 120, 109, 83, 0)
True, True, 0.2006, (0, 3, 88, 89, 103, 75, 91, 0)
True, True, 0.3637, (0, 47, 127, 70, 53, 119, 50, 78, 0)
True, True, 0.375, (0, 6, 29, 45, 22, 7, 9, 0)
True, True, 0.01, (0, 66, 89, 82, 113, 27, 52, 0)
True, True, 0.0555, (0, 64, 23, 60, 77, 25, 84, 43, 67, 0)
True, True, 0.1159, (0, 117, 115, 122, 68, 80, 0)
True, True, 0.0352, (0, 52, 9, 124, 82, 113, 0)
True, True, 0.2651, (0, 15, 89, 75, 91, 3, 0)
True, True, 0.0662, (0, 26, 71, 108, 100, 72, 99, 0)
True, True, 0.0344, (0, 70, 117, 14, 28, 38, 24, 0)
True, True, 0.2175, (0, 63, 121, 94, 111, 4, 98, 68, 80, 0)
True, True, 0.0736, (0, 80, 68, 81, 36, 107, 128, 0)
True, True, 0.0368, (0, 126, 71, 104, 10, 116, 95, 96, 16, 42, 0)
True, True, 0.1064, (0, 47, 127, 70, 123, 53, 119, 20, 50, 0)
True, True, 0.1471, (0, 110, 101, 58, 40, 55, 41, 61, 85, 76, 79, 10, 0)
True, True, 0.1076, (0, 38, 118, 28, 14, 117, 53, 0)
True, True, 0.0518, (0, 123, 122, 128, 107, 36, 81, 98, 0)
True, True, 0.1377, (0, 87, 98, 81, 36, 107, 128, 122, 0)
True, True, 0.0058, (0, 80, 81, 36, 107, 128, 115, 0)
True, True, 0.0123, (0, 14, 99, 31, 97, 69, 51, 109, 83, 125, 0)
True, True, 0.0437, (0, 53, 123, 5, 122, 115, 117, 14, 74, 0)
True, True, 0.0123, (0, 14, 99, 31, 97, 69, 120, 51, 83, 24, 0)
True, True, 0.0437, (0, 123, 106, 68, 98, 4, 94, 121, 87, 80, 119, 0)
True, True, 0.2681, (0, 14, 117, 115, 122, 106, 5, 123, 0)
True, True, 0.0294, (0, 26, 108, 100, 73, 96, 114, 16, 42, 0)
True, True, 0.1064, (0, 78, 20, 119, 53, 123, 70, 127, 47, 24, 0)
True, True, 0.0599, (0, 20, 63, 9, 124, 82, 52, 0)
True, True, 0.0294, (0, 26, 108, 100, 49, 73, 32, 16, 0)
True, True, 0.0378, (0, 80, 68, 98, 4, 111, 121, 87, 63, 0)
True, True, 0.1471, (0, 126, 104, 79, 76, 85, 61, 41, 55, 40, 58, 101, 110, 0)
True, True, 0.0221, (0, 71, 104, 10, 116, 95, 96, 12, 16, 0)
True, True, 0.0599, (0, 113, 82, 124, 9, 63, 119, 0)
True, True, 0.0294, (0, 114, 73, 95, 116, 92, 10, 104, 105, 65, 0)
True, True, 0.0699, (0, 91, 93, 75, 103, 89, 64, 66, 15, 0)
True, True, 0.0588, (0, 108, 49, 92, 10, 104, 105, 65, 0)
True, True, 0.0662, (0, 99, 112, 100, 108, 71, 126, 26, 0)
True, True, 0.1866, (0, 74, 115, 128, 107, 36, 81, 4, 0)
True, True, 0.0354, (0, 23, 60, 77, 25, 84, 43, 67, 93, 0)
True, True, 0.0123, (0, 109, 51, 120, 31, 97, 42, 99, 14, 0)
True, True, 0.306, (0, 15, 66, 103, 75, 93, 91, 3, 0)
True, True, 0.0344, (0, 118, 83, 109, 51, 120, 69, 97, 42, 99, 14, 74, 0)
True, True, 0.1584, (0, 15, 66, 64, 89, 103, 93, 91, 3, 0)
False, False, 0.5, (0, 97, 8, 37, 12, 37, 8, 0)
False, True, 0.2353, (0, 17, 101, 58, 40, 55, 41, 61, 85, 17, 0)
False, True, 0.4124, (0, 24, 38, 118, 28, 125, 14, 24, 0)
False, True, 0.0294, (0, 26, 71, 105, 65, 71, 26, 0)
False, True, 0.25, (0, 19, 6, 29, 45, 22, 7, 54, 19, 63, 0)
False, True, 0.0909, (0, 67, 43, 84, 25, 39, 67, 0)
False, True, 0.25, (0, 74, 102, 112, 72, 100, 108, 26, 102, 0)
False, True, 0.0058, (0, 119, 87, 121, 111, 4, 98, 68, 119, 0)
True, True, 0.0699, (0, 15, 66, 89, 103, 75, 93, 86, 3, 0)
False, True, 0.0422, (0, 66, 103, 89, 44, 90, 66, 15, 0)
False, True, 0.0956, (0, 42, 16, 114, 96, 95, 116, 92, 49, 73, 114, 16, 42, 0)
False, True, 0.125, (0, 22, 48, 2, 34, 21, 33, 46, 22, 54, 0)
False, True, 0.0221, (0, 74, 14, 125, 31, 97, 42, 99, 117, 74, 0)
False, True, 0.0951, (0, 86, 82, 124, 9, 27, 86, 0)
False, True, 0.1838, (0, 99, 42, 16, 32, 112, 72, 99, 0)
False, True, 0.1765, (0, 110, 17, 101, 58, 40, 55, 41, 61, 85, 105, 110, 0)
True, True, 0.0063, (0, 14, 99, 42, 97, 120, 51, 109, 83, 125, 0)
False, True, 0.2206, (0, 74, 102, 112, 72, 100, 108, 26, 74, 0)
all_elementary, False
all_cyc2, False
