Instance, X-n139-k10
capacity, 106
min_trucks, 10
output_file, output_uchoa/X-n139-k10-SPPRC.log
Start date, 2022-06-23
Start time, 11-13-54
capacity, 106
num_vehicles, 10
abort_early, False
methods, ['SPPRC']
max_vars, 1000000
time_limit, 86400
farley, False
initial time, initial max_it, max_stale_it
1e-05, 2000000000.0, 20
heuristic Number of routes, heuristic Best Solution Value, heuristic number of iterations, adjusted time, adjusted max_it
928474, 13590.0, 858456, 0.01, 2000000.0
method, python time, total time, propagated dominance time, unpropagated dominance time, pricing_success, upper_bound, lower_bound, abort_early, num_paths, 
SPPRC, 1.3, 0.2, 0.1, 0.0, 1, 13353.5467, 2190.3347, 0, 3214
SPPRC, 1.0, 0.2, 0.1, 0.0, 1, 13314.9732, 1770.2112, 0, 2650
SPPRC, 0.8, 0.2, 0.1, 0.0, 1, 13077.4998, 3460.5815, 0, 2160
SPPRC, 0.6, 0.3, 0.1, 0.0, 1, 13022.12, 9160.3164, 0, 1669
SPPRC, 0.6, 0.2, 0.1, 0.0, 1, 12827.9372, 8858.1436, 0, 1683
SPPRC, 0.5, 0.2, 0.1, 0.0, 1, 12735.6197, 10326.8238, 0, 1239
SPPRC, 0.4, 0.2, 0.1, 0.0, 1, 12626.843, 10509.7482, 0, 1123
SPPRC, 0.4, 0.2, 0.1, 0.0, 1, 12519.0909, 10554.0833, 0, 1016
SPPRC, 0.4, 0.2, 0.1, 0.0, 1, 12473.4663, 10852.501, 0, 893
SPPRC, 0.3, 0.2, 0.1, 0.0, 1, 12412.4072, 10899.8508, 0, 711
SPPRC, 0.2, 0.2, 0.1, 0.0, 1, 12357.3783, 10303.3585, 0, 472
SPPRC, 0.2, 0.2, 0.1, 0.0, 1, 12307.0628, 11396.9251, 0, 449
SPPRC, 0.1, 0.2, 0.1, 0.0, 1, 12278.4625, 11427.8421, 0, 268
SPPRC, 0.1, 0.2, 0.1, 0.0, 1, 12238.744, 11652.7674, 0, 219
SPPRC, 0.2, 0.2, 0.1, 0.0, 1, 12202.5438, 11572.4448, 0, 365
SPPRC, 0.1, 0.2, 0.1, 0.0, 1, 12193.1258, 11953.5424, 0, 98
SPPRC, 0.0, 0.2, 0.1, 0.0, 1, 12177.1274, 11893.8525, 0, 74
SPPRC, 0.0, 0.2, 0.1, 0.0, 1, 12169.7997, 11989.7564, 0, 59
SPPRC, 0.0, 0.2, 0.1, 0.0, 1, 12167.3143, 12016.7469, 0, 37
SPPRC, 0.0, 0.2, 0.1, 0.0, 1, 12163.9818, 12061.2338, 0, 28
SPPRC, 0.0, 0.2, 0.1, 0.0, 1, 12159.7949, 12023.9553, 0, 21
SPPRC, 0.0, 0.2, 0.1, 0.0, 1, 12159.1532, 12092.078, 0, 9
SPPRC, 0.0, 0.2, 0.1, 0.0, 1, 12158.7466, 12089.9798, 0, 2
SPPRC, 0.0, 0.2, 0.1, 0.0, 1, 12158.6611, 12136.166, 0, 4
SPPRC, 0.0, 0.2, 0.1, 0.0, 1, 12158.6611, 12158.6611, 0, 0
scip_total_time, 88140.385824
Solval, number of paths, impact cutoff
12158.661095202498, 115, 0.0001
Elementary, 2-Cycle, Path Value, Path
False, False, 0.1429, (0, 98, 3, 98, 3, 98, 3, 98, 3, 98, 3, 98, 3, 98, 0)
False, False, 0.2, (0, 56, 76, 122, 138, 122, 138, 122, 138, 122, 138, 122, 76, 56, 0)
False, False, 0.0155, (0, 62, 131, 38, 131, 38, 131, 38, 131, 38, 131, 38, 108, 9, 0)
False, False, 0.0155, (0, 62, 131, 38, 131, 38, 131, 38, 131, 38, 131, 38, 108, 26, 0)
False, False, 0.1667, (0, 118, 137, 112, 22, 112, 22, 112, 22, 112, 22, 112, 22, 112, 22, 0)
False, False, 0.0801, (0, 20, 73, 120, 78, 92, 78, 92, 78, 92, 78, 92, 78, 120, 73, 54, 0)
False, False, 0.125, (0, 29, 57, 8, 15, 8, 15, 8, 15, 8, 15, 8, 57, 84, 0)
False, False, 0.1031, (0, 138, 21, 1, 18, 1, 18, 1, 18, 1, 21, 103, 63, 0)
False, False, 0.0309, (0, 28, 103, 21, 1, 18, 1, 18, 1, 18, 1, 21, 103, 0)
False, False, 0.0827, (0, 118, 85, 24, 85, 24, 85, 24, 85, 24, 85, 24, 85, 24, 85, 24, 85, 24, 85, 118, 0)
False, False, 0.0849, (0, 118, 85, 36, 25, 125, 25, 125, 25, 36, 25, 36, 25, 36, 0)
False, False, 0.1429, (0, 16, 32, 16, 32, 16, 32, 16, 32, 16, 32, 16, 32, 16, 32, 0)
False, False, 0.0446, (0, 111, 105, 82, 106, 77, 106, 77, 106, 77, 82, 105, 111, 76, 0)
False, False, 0.1145, (0, 124, 62, 4, 23, 4, 23, 4, 23, 4, 62, 124, 0)
False, False, 0.0698, (0, 124, 62, 131, 38, 131, 38, 131, 38, 131, 38, 131, 62, 0)
False, False, 0.0349, (0, 75, 133, 107, 132, 107, 132, 107, 132, 107, 132, 107, 132, 107, 132, 107, 132, 107, 133, 75, 0)
False, False, 0.025, (0, 88, 70, 62, 4, 23, 4, 23, 4, 23, 4, 62, 88, 0)
False, False, 0.2209, (0, 88, 70, 62, 4, 23, 26, 9, 26, 9, 23, 4, 62, 70, 88, 0)
False, False, 0.0632, (0, 124, 88, 124, 88, 124, 88, 124, 88, 124, 88, 124, 0)
False, False, 0.0833, (0, 95, 126, 52, 126, 52, 126, 52, 126, 52, 126, 52, 95, 52, 126, 95, 0)
False, False, 0.1434, (0, 124, 9, 26, 108, 94, 69, 94, 69, 94, 69, 94, 69, 108, 26, 9, 0)
False, False, 0.0698, (0, 124, 23, 38, 131, 38, 131, 38, 131, 38, 131, 38, 23, 0)
False, False, 0.134, (0, 63, 28, 103, 21, 55, 18, 1, 18, 1, 18, 1, 18, 55, 0)
False, False, 0.1667, (0, 91, 89, 104, 63, 28, 103, 28, 103, 28, 63, 28, 63, 104, 89, 91, 0)
False, False, 0.0426, (0, 9, 26, 108, 94, 108, 94, 108, 94, 108, 69, 108, 94, 69, 108, 26, 9, 0)
False, False, 0.081, (0, 57, 44, 72, 117, 72, 117, 72, 117, 72, 117, 72, 117, 72, 117, 72, 117, 72, 44, 57, 0)
False, False, 0.012, (0, 73, 120, 78, 92, 107, 132, 107, 132, 107, 132, 107, 132, 107, 132, 93, 127, 64, 75, 0)
False, False, 0.0297, (0, 71, 102, 14, 135, 14, 135, 14, 135, 14, 135, 14, 102, 81, 91, 0)
False, False, 0.0208, (0, 20, 73, 120, 35, 58, 35, 58, 35, 58, 35, 58, 35, 120, 73, 20, 0)
False, False, 0.0175, (0, 84, 51, 39, 51, 39, 51, 39, 51, 39, 51, 84, 7, 0)
False, False, 0.1075, (0, 84, 51, 39, 51, 39, 51, 39, 51, 39, 51, 84, 30, 0)
False, False, 0.1487, (0, 75, 133, 64, 133, 64, 127, 93, 130, 93, 130, 93, 127, 64, 133, 75, 0)
False, False, 0.0853, (0, 9, 26, 108, 69, 108, 94, 69, 108, 94, 69, 108, 94, 69, 108, 26, 9, 0)
False, False, 0.0271, (0, 73, 120, 35, 80, 41, 80, 41, 80, 41, 80, 35, 120, 73, 20, 0)
False, False, 0.0036, (0, 138, 21, 55, 46, 43, 46, 43, 46, 43, 46, 55, 21, 103, 28, 0)
False, False, 0.1795, (0, 117, 12, 90, 113, 96, 5, 6, 5, 6, 5, 96, 113, 90, 12, 117, 29, 0)
False, False, 0.2001, (0, 71, 102, 14, 134, 40, 37, 17, 11, 17, 37, 40, 134, 14, 81, 0)
False, False, 0.125, (0, 95, 126, 95, 126, 95, 52, 95, 52, 95, 126, 52, 126, 52, 95, 0)
False, False, 0.0262, (0, 63, 103, 21, 55, 46, 43, 46, 43, 46, 43, 46, 55, 21, 103, 0)
False, False, 0.1667, (0, 118, 114, 137, 114, 137, 114, 137, 114, 137, 114, 137, 114, 24, 85, 118, 0)
False, False, 0.017, (0, 86, 101, 128, 119, 47, 119, 47, 119, 47, 119, 47, 128, 101, 136, 0)
False, False, 0.1137, (0, 70, 74, 50, 123, 27, 115, 34, 115, 34, 115, 27, 123, 50, 74, 70, 0)
False, False, 0.0669, (0, 88, 70, 10, 13, 97, 13, 97, 13, 97, 13, 10, 70, 88, 0)
False, False, 0.0352, (0, 57, 44, 72, 12, 90, 12, 90, 12, 90, 12, 90, 12, 72, 44, 29, 0)
False, False, 0.0729, (0, 29, 44, 72, 12, 90, 113, 96, 6, 5, 6, 5, 96, 113, 90, 12, 72, 44, 0)
False, False, 0.0824, (0, 56, 54, 121, 20, 45, 110, 45, 110, 45, 110, 45, 20, 79, 0)
False, False, 0.3333, (0, 87, 99, 2, 49, 129, 53, 129, 53, 129, 53, 49, 2, 99, 87, 0)
False, False, 0.0778, (0, 84, 39, 60, 42, 59, 42, 59, 42, 59, 42, 67, 100, 67, 100, 0)
False, False, 0.3419, (0, 76, 111, 105, 82, 106, 77, 43, 46, 43, 77, 106, 82, 105, 111, 0)
False, False, 0.1946, (0, 20, 73, 120, 78, 92, 41, 80, 41, 80, 41, 92, 78, 120, 73, 0)
False, False, 0.0132, (0, 75, 133, 64, 127, 130, 127, 130, 127, 130, 93, 130, 127, 64, 133, 75, 0)
False, False, 0.0135, (0, 63, 103, 21, 55, 46, 55, 46, 55, 46, 55, 46, 105, 111, 0)
False, False, 0.1269, (0, 56, 91, 89, 81, 71, 81, 71, 81, 71, 81, 89, 91, 3, 0)
False, False, 0.2008, (0, 109, 10, 13, 31, 97, 31, 97, 31, 97, 31, 13, 10, 109, 0)
False, False, 0.1037, (0, 20, 110, 58, 80, 41, 80, 41, 80, 58, 110, 20, 0)
False, False, 0.016, (0, 36, 125, 25, 125, 25, 125, 25, 125, 25, 125, 25, 125, 36, 0)
False, False, 0.0137, (0, 29, 72, 12, 90, 113, 96, 6, 5, 6, 5, 6, 96, 113, 90, 12, 72, 44, 0)
False, False, 0.1335, (0, 28, 103, 21, 55, 46, 43, 46, 55, 21, 55, 21, 103, 63, 0)
False, False, 0.0446, (0, 76, 111, 105, 82, 106, 77, 106, 82, 77, 82, 105, 111, 76, 0)
False, False, 0.0672, (0, 100, 67, 42, 59, 60, 59, 60, 59, 42, 59, 60, 39, 51, 84, 0)
False, False, 0.0112, (0, 86, 136, 83, 68, 116, 128, 101, 128, 116, 68, 116, 68, 83, 136, 86, 0)
False, False, 0.0389, (0, 100, 67, 42, 59, 60, 59, 60, 59, 60, 59, 60, 59, 42, 67, 100, 0)
False, False, 0.1408, (0, 86, 101, 128, 119, 47, 119, 47, 119, 47, 119, 47, 11, 14, 102, 0)
False, False, 0.0648, (0, 104, 136, 83, 68, 116, 128, 101, 128, 116, 68, 83, 68, 83, 136, 104, 0)
False, False, 0.1015, (0, 36, 125, 36, 125, 36, 125, 25, 125, 25, 125, 36, 24, 118, 0)
False, False, 0.0543, (0, 124, 62, 131, 38, 131, 38, 131, 38, 131, 38, 62, 124, 0)
False, False, 0.1953, (0, 56, 54, 79, 121, 79, 121, 79, 121, 79, 121, 54, 56, 0)
False, False, 0.008, (0, 3, 7, 30, 7, 30, 7, 30, 7, 30, 7, 30, 7, 30, 7, 30, 7, 30, 7, 30, 7, 3, 0)
False, False, 0.0821, (0, 7, 30, 7, 30, 7, 30, 7, 30, 7, 30, 7, 30, 7, 30, 7, 30, 7, 30, 7, 30, 7, 0)
False, False, 0.125, (0, 84, 51, 39, 15, 8, 15, 8, 15, 8, 15, 51, 84, 0)
False, False, 0.2102, (0, 102, 134, 40, 37, 17, 11, 101, 11, 17, 37, 40, 134, 102, 71, 0)
False, False, 0.1137, (0, 70, 74, 50, 123, 27, 34, 115, 34, 115, 34, 115, 34, 27, 50, 74, 0)
False, False, 0.0865, (0, 89, 86, 136, 83, 68, 116, 68, 116, 68, 116, 68, 83, 136, 104, 89, 0)
False, False, 0.0578, (0, 84, 51, 39, 60, 42, 60, 42, 60, 42, 59, 42, 67, 100, 0)
False, False, 0.0024, (0, 91, 89, 104, 136, 83, 68, 116, 68, 116, 68, 116, 68, 83, 136, 104, 0)
False, False, 0.0416, (0, 136, 128, 47, 119, 47, 119, 47, 119, 47, 119, 47, 119, 68, 83, 136, 0)
False, False, 0.0933, (0, 76, 111, 105, 82, 106, 77, 43, 46, 55, 46, 55, 21, 138, 0)
False, False, 0.0637, (0, 54, 73, 120, 78, 92, 80, 41, 80, 41, 80, 92, 78, 120, 73, 0)
False, False, 0.1323, (0, 73, 120, 35, 58, 35, 58, 35, 58, 35, 58, 35, 58, 35, 110, 45, 0)
False, False, 0.0681, (0, 54, 121, 20, 45, 110, 45, 110, 45, 110, 45, 20, 121, 54, 0)
False, False, 0.0794, (0, 74, 50, 27, 115, 34, 115, 34, 115, 34, 115, 34, 27, 123, 50, 74, 0)
False, False, 0.0801, (0, 75, 133, 92, 107, 132, 107, 132, 107, 132, 107, 132, 107, 132, 93, 127, 64, 133, 75, 0)
False, False, 0.0581, (0, 109, 13, 97, 13, 97, 13, 31, 13, 31, 13, 10, 70, 88, 0)
False, False, 0.0731, (0, 84, 39, 60, 59, 60, 59, 60, 42, 60, 42, 67, 100, 67, 100, 0)
False, False, 0.0701, (0, 118, 24, 36, 125, 25, 125, 25, 125, 25, 36, 25, 36, 118, 0)
False, False, 0.0012, (0, 75, 133, 64, 133, 64, 127, 130, 93, 130, 93, 130, 127, 64, 133, 75, 0)
False, False, 0.012, (0, 79, 20, 73, 120, 35, 58, 35, 58, 35, 58, 35, 58, 110, 20, 0)
False, False, 0.0429, (0, 87, 99, 2, 49, 113, 96, 6, 96, 6, 5, 6, 96, 113, 90, 12, 72, 44, 0)
False, False, 0.0097, (0, 104, 136, 83, 116, 128, 101, 11, 101, 128, 116, 68, 83, 136, 63, 0)
False, False, 0.031, (0, 63, 28, 103, 21, 1, 18, 1, 18, 55, 46, 105, 111, 76, 0)
False, False, 0.0172, (0, 79, 20, 45, 109, 45, 109, 45, 109, 45, 110, 109, 45, 20, 79, 0)
True, True, 0.1793, (0, 71, 102, 14, 134, 40, 37, 17, 11, 101, 128, 116, 83, 136, 86, 0)
False, False, 0.1033, (0, 87, 99, 2, 49, 113, 96, 6, 5, 6, 5, 96, 113, 49, 2, 99, 87, 0)
False, False, 0.0991, (0, 84, 39, 60, 59, 42, 67, 100, 67, 100, 67, 100, 67, 100, 67, 100, 0)
False, False, 0.1931, (0, 109, 10, 74, 50, 123, 27, 123, 27, 123, 50, 74, 10, 109, 0)
False, False, 0.1234, (0, 54, 75, 133, 64, 127, 130, 127, 130, 93, 130, 127, 64, 133, 75, 54, 0)
False, False, 0.5, (0, 29, 44, 65, 48, 61, 66, 19, 66, 19, 61, 48, 65, 57, 0)
False, False, 0.0449, (0, 79, 20, 45, 110, 109, 110, 45, 110, 45, 110, 45, 20, 79, 0)
False, False, 0.0403, (0, 86, 101, 128, 119, 47, 119, 47, 119, 47, 119, 47, 128, 101, 86, 0)
False, False, 0.0352, (0, 29, 117, 12, 90, 113, 90, 113, 90, 12, 90, 12, 49, 2, 99, 87, 0)
False, False, 0.1187, (0, 89, 104, 86, 33, 135, 33, 135, 33, 135, 33, 86, 104, 89, 0)
False, False, 0.1313, (0, 91, 81, 33, 135, 33, 135, 33, 135, 14, 135, 33, 81, 91, 0)
False, False, 0.0435, (0, 104, 136, 83, 68, 116, 128, 101, 11, 101, 116, 68, 83, 136, 104, 0)
False, False, 0.0201, (0, 109, 10, 13, 97, 31, 97, 31, 97, 31, 97, 31, 13, 109, 0)
False, False, 0.004, (0, 118, 85, 36, 125, 36, 125, 25, 125, 25, 125, 25, 36, 118, 0)
False, False, 0.012, (0, 73, 120, 78, 92, 107, 132, 107, 132, 107, 132, 107, 132, 107, 132, 107, 92, 78, 120, 73, 0)
False, False, 0.0264, (0, 57, 44, 72, 12, 90, 113, 96, 6, 5, 6, 96, 113, 90, 12, 72, 44, 57, 0)
False, False, 0.047, (0, 73, 120, 78, 92, 132, 107, 132, 107, 132, 107, 132, 107, 132, 93, 127, 64, 133, 75, 0)
False, False, 0.0062, (0, 91, 86, 136, 116, 128, 101, 11, 101, 128, 116, 68, 83, 136, 86, 0)
False, False, 0.0137, (0, 29, 117, 12, 90, 113, 96, 6, 96, 6, 96, 6, 96, 113, 49, 2, 99, 87, 0)
False, False, 0.1118, (0, 91, 86, 136, 83, 68, 116, 128, 101, 128, 116, 68, 83, 136, 86, 104, 0)
False, False, 0.0244, (0, 63, 136, 83, 68, 116, 128, 101, 128, 101, 128, 116, 68, 83, 136, 63, 0)
False, False, 0.0689, (0, 75, 64, 127, 130, 93, 130, 93, 130, 93, 130, 93, 127, 64, 75, 0)
False, False, 0.0174, (0, 87, 99, 2, 49, 90, 12, 90, 12, 90, 12, 49, 2, 99, 87, 0)
False, False, 0.0124, (0, 29, 117, 12, 90, 113, 96, 6, 5, 6, 96, 113, 90, 12, 117, 72, 44, 29, 0)
all_elementary, False
all_cyc2, False
