Instance, X-n186-k15
capacity, 974
min_trucks, 15
output_file, output_uchoa/X-n186-k15-SPPRC.log
Start date, 2022-06-23
Start time, 11-13-54
capacity, 974
num_vehicles, 15
abort_early, False
methods, ['SPPRC']
max_vars, 1000000
time_limit, 86400
farley, False
initial time, initial max_it, max_stale_it
1e-05, 2000000000.0, 20
heuristic Number of routes, heuristic Best Solution Value, heuristic number of iterations, adjusted time, adjusted max_it
668821, 24145.0, 200000, 0.1, 200000.0
method, python time, total time, propagated dominance time, unpropagated dominance time, pricing_success, upper_bound, lower_bound, abort_early, num_paths, 
SPPRC, 2.1, 1.8, 1.4, 0.1, 1, 23834.3401, 5876.5262, 0, 5943
SPPRC, 1.5, 2.1, 1.6, 0.2, 1, 23823.1011, 10444.3627, 0, 4232
SPPRC, 1.7, 1.8, 1.4, 0.1, 1, 23812.3978, 8399.9719, 0, 5147
SPPRC, 1.2, 2.5, 1.9, 0.2, 1, 23744.5486, 17781.2756, 0, 3249
SPPRC, 1.1, 2.5, 1.9, 0.2, 1, 23532.6703, 18595.7025, 0, 2905
SPPRC, 1.3, 2.8, 2.1, 0.2, 1, 23377.3024, 19593.7851, 0, 3157
SPPRC, 0.6, 2.8, 2.1, 0.2, 1, 23297.3873, 21241.3496, 0, 1638
SPPRC, 0.5, 2.8, 2.1, 0.2, 1, 23103.0844, 21228.0102, 0, 1313
SPPRC, 0.4, 2.8, 2.1, 0.2, 1, 22991.6451, 21364.686, 0, 1105
SPPRC, 0.3, 2.8, 2.1, 0.2, 1, 22940.9931, 21873.0502, 0, 579
SPPRC, 0.2, 2.9, 2.1, 0.2, 1, 22887.3557, 22276.0517, 0, 521
SPPRC, 0.2, 3.0, 2.2, 0.3, 1, 22848.1639, 22355.389, 0, 269
SPPRC, 0.0, 3.0, 2.2, 0.3, 1, 22821.4666, 22347.0629, 0, 155
SPPRC, 0.0, 3.1, 2.3, 0.3, 1, 22808.3111, 22565.3121, 0, 102
SPPRC, -0.0, 3.0, 2.2, 0.3, 1, 22801.7214, 22693.0455, 0, 38
SPPRC, 0.0, 3.0, 2.3, 0.3, 1, 22800.4231, 22711.7308, 0, 17
SPPRC, -0.0, 3.0, 2.2, 0.3, 1, 22799.9321, 22729.038, 0, 11
SPPRC, -0.0, 2.9, 2.1, 0.2, 1, 22799.7183, 22794.5483, 0, 1
SPPRC, -0.0, 2.9, 2.1, 0.2, 1, 22799.7109, 22799.7109, 0, 0
scip_total_time, 42051.299677
Solval, number of paths, impact cutoff
22799.710930387206, 178, 0.0001
Elementary, 2-Cycle, Path Value, Path
False, False, 0.165, (0, 65, 70, 50, 92, 44, 92, 44, 92, 44, 92, 44, 92, 50, 65, 0)
False, False, 0.0031, (0, 65, 70, 50, 44, 92, 44, 92, 44, 92, 44, 92, 44, 50, 65, 0)
False, False, 0.1201, (0, 49, 140, 33, 104, 33, 104, 33, 104, 33, 104, 33, 140, 0)
False, False, 0.0815, (0, 16, 184, 71, 135, 35, 135, 35, 135, 35, 135, 35, 135, 71, 184, 16, 0)
False, False, 0.25, (0, 125, 137, 57, 46, 57, 46, 57, 46, 57, 46, 137, 125, 0)
False, False, 0.0002, (0, 117, 132, 34, 148, 165, 148, 165, 148, 165, 148, 165, 148, 34, 132, 117, 0)
False, False, 0.1248, (0, 143, 47, 123, 120, 123, 120, 123, 120, 123, 120, 123, 120, 123, 47, 143, 0)
False, False, 0.1677, (0, 72, 164, 145, 95, 145, 95, 145, 95, 145, 87, 145, 164, 72, 0)
False, False, 0.0731, (0, 127, 130, 141, 130, 141, 130, 141, 130, 141, 130, 141, 130, 127, 0)
False, False, 0.118, (0, 107, 69, 159, 16, 19, 16, 19, 16, 19, 16, 159, 69, 107, 0)
False, False, 0.1646, (0, 72, 121, 101, 96, 174, 96, 174, 96, 174, 96, 101, 121, 0)
False, False, 0.0071, (0, 129, 12, 74, 128, 74, 128, 74, 128, 74, 128, 74, 12, 129, 184, 16, 0)
False, False, 0.0241, (0, 67, 111, 38, 41, 53, 154, 53, 41, 38, 111, 67, 0)
False, False, 0.0879, (0, 129, 99, 84, 27, 84, 27, 84, 27, 84, 99, 12, 129, 0)
False, False, 0.1508, (0, 99, 98, 89, 98, 89, 98, 89, 98, 89, 98, 99, 0)
False, False, 0.188, (0, 53, 154, 5, 168, 162, 168, 162, 168, 5, 154, 53, 0)
False, False, 0.103, (0, 14, 158, 73, 158, 73, 158, 73, 158, 73, 158, 14, 171, 13, 0)
False, False, 0.2189, (0, 95, 136, 51, 134, 78, 106, 78, 106, 150, 29, 39, 45, 0)
False, False, 0.0222, (0, 16, 19, 35, 180, 11, 180, 11, 180, 11, 180, 35, 19, 16, 0)
False, False, 0.2395, (0, 47, 125, 137, 169, 76, 146, 76, 146, 76, 169, 147, 55, 48, 179, 0)
False, False, 0.0237, (0, 37, 15, 185, 7, 90, 7, 90, 7, 90, 7, 185, 130, 127, 0)
False, False, 0.0767, (0, 143, 47, 127, 130, 141, 167, 141, 167, 141, 130, 127, 47, 143, 0)
False, False, 0.0996, (0, 65, 50, 44, 138, 21, 138, 21, 138, 21, 138, 21, 138, 44, 50, 179, 0)
False, False, 0.0892, (0, 60, 26, 124, 152, 166, 153, 143, 153, 143, 153, 166, 152, 124, 26, 0)
False, False, 0.2629, (0, 87, 52, 100, 156, 79, 156, 79, 156, 100, 52, 87, 0)
False, False, 0.1283, (0, 175, 45, 91, 39, 91, 39, 91, 39, 91, 45, 175, 0)
False, False, 0.1287, (0, 65, 50, 48, 55, 147, 169, 146, 76, 146, 169, 147, 55, 48, 50, 65, 0)
False, False, 0.0474, (0, 82, 97, 102, 84, 27, 89, 98, 89, 27, 84, 99, 12, 0)
False, False, 0.0405, (0, 97, 102, 139, 122, 139, 122, 139, 122, 139, 122, 139, 102, 97, 0)
False, False, 0.0193, (0, 37, 185, 131, 10, 6, 133, 6, 133, 6, 133, 6, 10, 131, 130, 0)
False, False, 0.0158, (0, 65, 50, 48, 55, 147, 169, 76, 146, 76, 169, 147, 55, 48, 50, 65, 0)
False, False, 0.045, (0, 18, 178, 113, 156, 79, 156, 79, 156, 79, 156, 113, 178, 0)
False, False, 0.2212, (0, 117, 132, 34, 63, 70, 179, 48, 179, 70, 63, 34, 117, 0)
False, False, 0.1, (0, 170, 175, 45, 91, 45, 91, 45, 91, 39, 45, 5, 0)
False, False, 0.1666, (0, 143, 47, 123, 120, 165, 148, 165, 148, 165, 148, 165, 34, 132, 117, 119, 0)
False, False, 0.0524, (0, 184, 71, 66, 20, 66, 20, 66, 20, 112, 54, 94, 11, 180, 35, 0)
False, False, 0.1162, (0, 53, 154, 5, 162, 168, 162, 168, 162, 5, 154, 53, 0)
False, False, 0.0542, (0, 134, 78, 115, 118, 36, 157, 61, 157, 36, 118, 115, 52, 0)
False, False, 0.0794, (0, 29, 150, 106, 81, 75, 81, 75, 81, 75, 106, 150, 136, 0)
False, False, 0.0168, (0, 88, 59, 127, 130, 141, 167, 141, 130, 141, 130, 127, 47, 143, 0)
False, False, 0.1053, (0, 29, 150, 106, 81, 75, 81, 75, 81, 75, 78, 134, 136, 164, 0)
False, False, 0.0326, (0, 47, 120, 125, 137, 147, 55, 147, 55, 147, 55, 137, 125, 120, 47, 0)
False, False, 0.25, (0, 127, 141, 167, 56, 62, 56, 62, 56, 62, 56, 167, 127, 0)
False, False, 0.2291, (0, 31, 90, 32, 23, 105, 109, 105, 23, 32, 90, 31, 15, 0)
False, False, 0.2231, (0, 88, 37, 15, 31, 7, 131, 7, 90, 7, 31, 15, 37, 88, 0)
False, False, 0.0699, (0, 40, 101, 174, 178, 114, 142, 114, 142, 114, 178, 174, 101, 0)
False, False, 0.1293, (0, 164, 136, 51, 83, 134, 83, 51, 83, 51, 83, 51, 136, 95, 0)
False, False, 0.0263, (0, 120, 125, 137, 169, 146, 76, 146, 76, 146, 76, 169, 147, 137, 125, 0)
False, False, 0.0654, (0, 178, 113, 161, 3, 17, 80, 17, 80, 17, 3, 161, 113, 178, 0)
False, False, 0.0611, (0, 40, 18, 163, 1, 144, 1, 144, 1, 144, 1, 163, 103, 31, 15, 37, 0)
False, False, 0.0157, (0, 29, 150, 106, 75, 81, 75, 81, 75, 106, 78, 134, 51, 0)
False, False, 0.0876, (0, 65, 44, 21, 138, 21, 138, 21, 138, 21, 138, 21, 138, 21, 92, 50, 65, 0)
False, False, 0.0475, (0, 129, 12, 99, 27, 89, 98, 89, 27, 102, 97, 82, 175, 0)
False, False, 0.1235, (0, 13, 171, 85, 173, 126, 173, 49, 140, 4, 24, 85, 171, 13, 0)
False, False, 0.0586, (0, 13, 171, 85, 24, 4, 126, 173, 126, 4, 24, 85, 171, 13, 0)
False, False, 0.0137, (0, 37, 15, 185, 131, 10, 131, 10, 131, 10, 131, 10, 131, 185, 15, 37, 0)
False, False, 0.0111, (0, 72, 164, 145, 87, 145, 87, 145, 87, 145, 87, 145, 87, 164, 72, 0)
False, False, 0.0004, (0, 134, 78, 115, 118, 36, 157, 61, 157, 36, 118, 115, 100, 0)
False, False, 0.2218, (0, 67, 86, 72, 88, 59, 22, 59, 22, 59, 22, 59, 22, 88, 152, 0)
False, False, 0.0858, (0, 175, 39, 29, 150, 29, 150, 29, 150, 29, 150, 29, 39, 175, 0)
False, False, 0.0133, (0, 132, 63, 70, 50, 92, 44, 138, 21, 138, 21, 138, 21, 92, 50, 65, 0)
False, False, 0.0491, (0, 136, 78, 115, 118, 36, 157, 61, 157, 36, 118, 115, 100, 0)
False, False, 0.0222, (0, 69, 184, 71, 135, 180, 11, 94, 11, 94, 11, 180, 135, 71, 184, 0)
False, False, 0.25, (0, 14, 73, 8, 119, 8, 119, 8, 119, 8, 158, 14, 0)
False, False, 0.0074, (0, 184, 71, 135, 94, 54, 112, 54, 112, 54, 94, 135, 71, 184, 0)
False, False, 0.2255, (0, 13, 171, 85, 24, 4, 140, 49, 126, 173, 126, 4, 24, 13, 0)
False, False, 0.0162, (0, 71, 66, 20, 66, 20, 66, 20, 66, 94, 11, 180, 35, 19, 16, 0)
False, False, 0.22, (0, 82, 102, 151, 139, 151, 122, 139, 122, 151, 102, 97, 82, 0)
False, False, 0.0105, (0, 125, 137, 169, 146, 169, 146, 169, 146, 169, 146, 169, 137, 125, 120, 0)
False, False, 0.0195, (0, 175, 82, 84, 27, 98, 89, 98, 89, 27, 84, 99, 12, 0)
False, False, 0.1967, (0, 71, 135, 180, 11, 94, 54, 112, 54, 94, 11, 180, 35, 19, 0)
False, False, 0.0527, (0, 85, 140, 104, 177, 64, 177, 64, 177, 64, 177, 104, 140, 49, 0)
False, False, 0.0354, (0, 47, 125, 137, 147, 169, 146, 169, 146, 76, 146, 169, 147, 48, 50, 65, 0)
False, False, 0.0075, (0, 113, 79, 3, 149, 110, 149, 110, 149, 3, 149, 3, 79, 0)
False, False, 0.0498, (0, 175, 97, 102, 151, 139, 122, 139, 122, 139, 122, 151, 102, 97, 0)
False, False, 0.0956, (0, 101, 52, 100, 142, 114, 142, 114, 142, 100, 52, 101, 0)
False, False, 0.104, (0, 132, 63, 70, 179, 48, 55, 147, 55, 48, 179, 70, 63, 132, 0)
False, False, 0.0439, (0, 170, 175, 82, 97, 102, 97, 102, 97, 82, 128, 74, 175, 170, 0)
False, False, 0.0769, (0, 172, 68, 176, 68, 176, 68, 176, 68, 176, 68, 172, 28, 0)
False, False, 0.0481, (0, 60, 67, 42, 86, 42, 86, 42, 86, 42, 67, 124, 26, 60, 0)
False, False, 0.0085, (0, 107, 38, 41, 53, 154, 5, 154, 53, 41, 38, 107, 0)
False, False, 0.2692, (0, 60, 26, 124, 67, 42, 86, 42, 86, 42, 67, 124, 26, 60, 0)
False, False, 0.0018, (0, 117, 132, 34, 63, 179, 50, 179, 70, 63, 34, 132, 117, 0)
False, False, 0.053, (0, 85, 49, 140, 33, 104, 33, 104, 33, 104, 33, 140, 49, 85, 0)
False, False, 0.1509, (0, 26, 124, 152, 166, 153, 166, 153, 166, 153, 166, 152, 158, 73, 14, 0)
False, False, 0.0255, (0, 88, 37, 15, 116, 103, 163, 103, 163, 103, 163, 103, 116, 18, 40, 121, 72, 0)
False, False, 0.0501, (0, 14, 73, 119, 64, 177, 64, 177, 64, 104, 33, 140, 49, 85, 0)
False, False, 0.2264, (0, 115, 118, 36, 157, 61, 157, 61, 157, 61, 36, 118, 115, 0)
False, False, 0.0397, (0, 47, 125, 137, 147, 55, 147, 55, 147, 55, 147, 55, 137, 125, 120, 0)
False, False, 0.125, (0, 107, 111, 38, 41, 43, 108, 43, 108, 43, 41, 38, 111, 107, 0)
False, False, 0.0559, (0, 69, 12, 99, 89, 98, 89, 98, 89, 27, 84, 99, 12, 0)
False, False, 0.0062, (0, 14, 73, 119, 64, 177, 64, 177, 64, 177, 64, 177, 104, 49, 0)
False, False, 0.0767, (0, 29, 150, 106, 81, 75, 81, 75, 81, 75, 81, 106, 134, 87, 0)
False, False, 0.0048, (0, 100, 115, 118, 36, 157, 36, 118, 36, 118, 115, 78, 134, 0)
False, False, 0.1132, (0, 78, 115, 3, 17, 80, 17, 80, 110, 149, 161, 23, 32, 0)
False, False, 0.0228, (0, 88, 37, 15, 116, 103, 163, 103, 163, 103, 163, 103, 163, 103, 31, 15, 37, 0)
False, False, 0.0562, (0, 175, 97, 139, 122, 151, 122, 151, 122, 151, 122, 139, 97, 82, 0)
False, False, 0.0069, (0, 179, 48, 55, 147, 169, 146, 169, 146, 76, 146, 169, 147, 137, 125, 0)
False, False, 0.0241, (0, 135, 66, 20, 66, 20, 66, 20, 66, 20, 112, 11, 180, 19, 16, 0)
False, False, 0.1822, (0, 16, 19, 35, 180, 11, 112, 54, 112, 94, 11, 180, 35, 19, 0)
False, False, 0.1346, (0, 49, 33, 104, 64, 177, 64, 177, 64, 177, 64, 177, 4, 24, 0)
False, False, 0.0594, (0, 72, 40, 18, 116, 103, 163, 103, 163, 103, 163, 103, 163, 103, 116, 18, 40, 0)
False, False, 0.024, (0, 82, 97, 139, 151, 139, 151, 139, 122, 139, 151, 102, 97, 0)
False, False, 0.1153, (0, 113, 161, 149, 110, 80, 17, 80, 110, 149, 3, 149, 161, 113, 0)
False, False, 0.1085, (0, 78, 115, 118, 36, 118, 36, 61, 157, 61, 36, 118, 115, 0)
False, False, 0.1841, (0, 129, 12, 74, 128, 82, 128, 74, 128, 74, 128, 74, 128, 74, 12, 129, 0)
False, False, 0.0162, (0, 135, 180, 11, 112, 20, 66, 20, 66, 20, 66, 20, 112, 94, 135, 0)
False, False, 0.0071, (0, 129, 12, 128, 82, 97, 102, 84, 27, 84, 102, 97, 82, 175, 0)
False, False, 0.0499, (0, 113, 161, 149, 110, 17, 80, 17, 80, 17, 3, 161, 113, 178, 0)
False, False, 0.0769, (0, 28, 172, 68, 176, 58, 155, 58, 155, 58, 176, 68, 172, 0)
False, False, 0.0253, (0, 107, 69, 159, 9, 77, 9, 77, 9, 77, 9, 77, 9, 183, 2, 0)
False, False, 0.0842, (0, 14, 73, 158, 152, 166, 153, 143, 153, 143, 153, 166, 152, 124, 26, 0)
False, False, 0.0169, (0, 73, 143, 47, 123, 120, 123, 120, 123, 120, 123, 120, 123, 47, 143, 152, 0)
False, False, 0.1482, (0, 129, 12, 99, 84, 27, 84, 27, 84, 27, 99, 12, 129, 0)
False, False, 0.0397, (0, 175, 82, 97, 102, 97, 102, 97, 102, 97, 102, 97, 82, 175, 0)
False, True, 0.1144, (0, 185, 7, 90, 32, 23, 105, 109, 25, 160, 6, 10, 131, 185, 0)
False, False, 0.014, (0, 29, 150, 106, 78, 106, 78, 75, 81, 75, 106, 150, 29, 0)
False, False, 0.0294, (0, 49, 104, 177, 64, 177, 64, 177, 64, 177, 64, 104, 140, 49, 0)
False, False, 0.1995, (0, 2, 183, 9, 77, 9, 77, 9, 77, 9, 77, 159, 69, 107, 60, 0)
False, False, 0.0121, (0, 65, 50, 92, 44, 92, 44, 92, 21, 138, 21, 138, 21, 92, 50, 65, 0)
False, False, 0.1746, (0, 164, 101, 178, 114, 142, 114, 142, 114, 142, 100, 52, 87, 164, 0)
False, False, 0.2108, (0, 184, 71, 135, 94, 54, 112, 20, 66, 20, 66, 20, 66, 71, 184, 0)
False, False, 0.0405, (0, 164, 136, 83, 134, 78, 75, 81, 75, 81, 75, 106, 150, 29, 0)
False, True, 0.0599, (0, 111, 53, 154, 5, 168, 162, 5, 154, 53, 41, 38, 0)
False, False, 0.1664, (0, 117, 132, 34, 165, 148, 165, 148, 63, 70, 63, 148, 34, 132, 117, 0)
False, False, 0.1752, (0, 40, 116, 103, 163, 144, 1, 144, 1, 144, 1, 163, 103, 116, 40, 121, 0)
False, False, 0.1197, (0, 171, 85, 173, 126, 173, 126, 173, 49, 140, 4, 24, 171, 0)
False, False, 0.0026, (0, 37, 185, 131, 10, 133, 160, 133, 160, 25, 160, 133, 10, 131, 185, 0)
False, False, 0.1003, (0, 185, 131, 10, 6, 160, 25, 109, 105, 109, 105, 23, 32, 15, 0)
False, False, 0.0065, (0, 29, 150, 106, 78, 75, 81, 75, 81, 75, 106, 150, 95, 0)
False, False, 0.125, (0, 69, 108, 43, 108, 43, 108, 43, 108, 43, 108, 43, 108, 69, 107, 0)
False, False, 0.0718, (0, 111, 154, 5, 162, 168, 162, 168, 162, 5, 154, 53, 111, 0)
False, False, 0.0768, (0, 178, 79, 3, 149, 110, 149, 110, 149, 110, 149, 3, 161, 113, 0)
False, False, 0.0058, (0, 59, 127, 130, 141, 130, 141, 130, 141, 130, 141, 130, 127, 143, 0)
False, False, 0.0271, (0, 152, 166, 153, 143, 117, 132, 34, 65, 34, 132, 117, 119, 73, 0)
False, False, 0.018, (0, 164, 95, 136, 51, 134, 78, 106, 78, 134, 83, 51, 136, 95, 0)
False, False, 0.0511, (0, 32, 23, 161, 3, 110, 149, 110, 149, 110, 149, 110, 3, 161, 113, 0)
False, False, 0.1138, (0, 121, 40, 101, 96, 174, 96, 174, 96, 174, 18, 40, 121, 0)
False, False, 0.1284, (0, 185, 131, 10, 6, 133, 160, 25, 109, 25, 160, 6, 62, 167, 0)
False, False, 0.1561, (0, 178, 113, 161, 3, 110, 80, 17, 80, 17, 3, 79, 113, 178, 0)
False, False, 0.0769, (0, 28, 172, 68, 176, 68, 176, 68, 176, 68, 172, 28, 172, 28, 0)
False, False, 0.0946, (0, 2, 183, 159, 183, 159, 183, 159, 183, 182, 30, 2, 0)
False, False, 0.0856, (0, 2, 30, 93, 182, 93, 182, 93, 182, 93, 182, 93, 30, 2, 28, 0)
False, False, 0.0139, (0, 13, 171, 85, 173, 126, 173, 126, 173, 126, 173, 85, 13, 0)
False, False, 0.0478, (0, 67, 86, 38, 41, 53, 154, 53, 41, 38, 86, 67, 0)
False, False, 0.0856, (0, 72, 121, 40, 18, 116, 18, 116, 18, 116, 18, 116, 18, 116, 18, 121, 72, 0)
False, False, 0.1061, (0, 95, 136, 51, 83, 134, 83, 134, 83, 134, 83, 51, 136, 145, 0)
False, False, 0.0027, (0, 14, 73, 33, 104, 64, 177, 64, 177, 64, 177, 64, 104, 49, 0)
False, False, 0.0295, (0, 15, 32, 23, 161, 79, 161, 79, 161, 79, 156, 100, 52, 0)
False, False, 0.2344, (0, 111, 38, 41, 181, 170, 181, 170, 181, 170, 181, 41, 38, 111, 0)
False, False, 0.0465, (0, 40, 18, 163, 144, 1, 144, 1, 144, 1, 144, 1, 144, 163, 103, 18, 121, 0)
True, True, 0.1216, (0, 37, 185, 7, 90, 32, 23, 105, 109, 25, 160, 133, 62, 167, 0)
False, False, 0.0241, (0, 2, 30, 93, 30, 93, 182, 93, 30, 93, 30, 93, 30, 93, 30, 2, 0)
False, False, 0.0226, (0, 152, 166, 88, 22, 59, 22, 59, 22, 59, 22, 59, 22, 88, 152, 0)
False, False, 0.0098, (0, 107, 111, 38, 41, 53, 154, 5, 154, 53, 41, 69, 107, 0)
False, False, 0.0269, (0, 13, 171, 85, 24, 4, 173, 126, 173, 4, 24, 85, 171, 13, 0)
False, False, 0.0935, (0, 37, 185, 131, 10, 133, 160, 25, 109, 105, 109, 25, 133, 10, 130, 0)
False, False, 0.0623, (0, 69, 175, 45, 91, 39, 91, 39, 91, 45, 175, 170, 69, 0)
False, False, 0.0248, (0, 101, 174, 178, 114, 142, 114, 142, 114, 100, 52, 101, 121, 0)
False, False, 0.0347, (0, 184, 135, 94, 54, 112, 54, 112, 54, 112, 54, 94, 135, 184, 0)
False, False, 0.0767, (0, 2, 30, 182, 183, 159, 183, 159, 183, 159, 69, 107, 60, 0)
False, False, 0.0798, (0, 185, 131, 10, 133, 160, 25, 160, 25, 160, 133, 6, 10, 167, 0)
False, False, 0.0071, (0, 185, 131, 10, 133, 160, 25, 109, 25, 133, 6, 133, 10, 131, 185, 0)
False, False, 0.0146, (0, 40, 18, 116, 103, 163, 144, 1, 144, 1, 144, 1, 144, 163, 103, 116, 18, 0)
False, False, 0.1538, (0, 28, 172, 155, 58, 155, 58, 155, 58, 155, 176, 68, 172, 28, 0)
False, False, 0.0009, (0, 101, 178, 113, 156, 79, 161, 79, 161, 79, 156, 114, 101, 0)
False, False, 0.0455, (0, 183, 16, 184, 129, 184, 129, 184, 71, 184, 71, 184, 16, 183, 0)
False, False, 0.0098, (0, 107, 111, 38, 53, 154, 5, 154, 53, 41, 38, 111, 107, 0)
False, False, 0.0202, (0, 152, 127, 130, 141, 130, 141, 130, 141, 130, 141, 130, 127, 152, 0)
False, False, 0.0156, (0, 107, 38, 41, 181, 170, 181, 170, 181, 170, 181, 41, 38, 107, 0)
False, False, 0.0856, (0, 2, 30, 182, 93, 182, 93, 182, 30, 182, 30, 182, 93, 30, 2, 0)
False, False, 0.0769, (0, 28, 172, 176, 58, 155, 58, 155, 58, 155, 58, 176, 172, 28, 0)
False, False, 0.0911, (0, 37, 185, 131, 10, 6, 133, 6, 133, 6, 133, 6, 10, 130, 127, 0)
False, False, 0.0341, (0, 28, 2, 30, 93, 182, 93, 30, 93, 30, 93, 30, 93, 30, 2, 28, 0)
False, False, 0.0154, (0, 37, 185, 131, 133, 160, 25, 160, 25, 160, 133, 10, 131, 185, 37, 0)
True, True, 0.0117, (0, 37, 15, 31, 90, 32, 23, 105, 109, 25, 160, 133, 131, 185, 0)
False, False, 0.0003, (0, 185, 131, 133, 160, 25, 160, 25, 160, 25, 160, 133, 131, 185, 0)
False, False, 0.0253, (0, 2, 183, 159, 183, 77, 9, 77, 9, 77, 9, 77, 183, 2, 0)
all_elementary, False
all_cyc2, False
