Instance, X-n148-k46
capacity, 18
min_trucks, 47
output_file, output_uchoa/X-n148-k46-cyc2.log
Start date, 2022-06-23
Start time, 11-35-20
capacity, 18
num_vehicles, 47
abort_early, False
methods, ['cyc2']
max_vars, 1000000
time_limit, 86400
farley, False
initial time, initial max_it, max_stale_it
1e-05, 2000000000.0, 20
heuristic Number of routes, heuristic Best Solution Value, heuristic number of iterations, adjusted time, adjusted max_it
11221, 43448.0, 12423, 0.1, 200000.0
method, python time, total time, propagated dominance time, unpropagated dominance time, pricing_success, upper_bound, lower_bound, abort_early, num_paths, 
cyc2, -0.0, 0.2, 0.0, 0.0, 1, 43141.3108, 37180.4705, 0, 115
cyc2, -0.0, 0.2, 0.0, 0.0, 1, 43046.1309, 35296.9845, 0, 67
cyc2, -0.0, 0.2, 0.0, 0.0, 1, 43018.7115, 42642.7115, 0, 5
cyc2, -0.0, 0.2, 0.0, 0.0, 1, 43018.7115, 43018.7115, 0, 0
scip_total_time, 1289.051113
Solval, number of paths, impact cutoff
43018.71150407116, 105, 0.0001
Elementary, 2-Cycle, Path Value, Path
True, True, 0.5, (0, 23, 47, 46, 0)
True, True, 0.5, (0, 89, 39, 0)
True, True, 1.0, (0, 131, 144, 65, 0)
True, True, 0.6087, (0, 94, 41, 78, 0)
True, True, 1.0, (0, 56, 30, 0)
True, True, 1.0, (0, 97, 132, 0)
True, True, 1.0, (0, 124, 121, 140, 0)
True, True, 0.5, (0, 38, 69, 29, 25, 0)
True, True, 1.0, (0, 93, 21, 0)
True, True, 1.0, (0, 72, 58, 43, 0)
True, True, 1.0, (0, 28, 5, 71, 0)
True, True, 1.0, (0, 1, 59, 0)
True, True, 1.0, (0, 22, 55, 27, 0)
True, True, 0.5, (0, 2, 122, 86, 0)
True, True, 0.5, (0, 17, 112, 70, 142, 0)
True, True, 0.75, (0, 113, 35, 0)
True, True, 1.0, (0, 18, 75, 0)
True, True, 0.9553, (0, 14, 61, 67, 98, 0)
True, True, 0.9218, (0, 7, 81, 120, 0)
True, True, 0.7655, (0, 26, 130, 57, 0)
True, True, 0.3333, (0, 52, 48, 119, 80, 20, 0)
True, True, 1.0, (0, 105, 40, 0)
True, True, 0.3918, (0, 116, 90, 15, 0)
True, True, 0.827, (0, 16, 74, 108, 0)
True, True, 0.5368, (0, 19, 102, 138, 64, 60, 0)
True, True, 1.0, (0, 91, 139, 0)
True, True, 0.5, (0, 47, 73, 0)
True, True, 0.1153, (0, 15, 3, 12, 16, 0)
True, True, 1.0, (0, 143, 76, 83, 0)
True, True, 0.5, (0, 122, 84, 0)
True, True, 1.0, (0, 107, 62, 118, 0)
True, True, 0.8128, (0, 117, 12, 3, 8, 0)
True, True, 0.875, (0, 110, 137, 136, 0)
True, True, 1.0, (0, 88, 44, 0)
True, True, 0.3333, (0, 20, 80, 103, 101, 0)
True, True, 0.0577, (0, 31, 15, 117, 74, 0)
True, True, 0.2826, (0, 38, 63, 29, 25, 0)
True, True, 0.5, (0, 99, 42, 46, 0)
True, True, 0.2708, (0, 77, 109, 134, 0)
True, True, 1.0, (0, 106, 129, 0)
True, True, 1.0, (0, 87, 95, 0)
True, True, 0.5, (0, 92, 79, 146, 123, 0)
True, True, 0.125, (0, 104, 113, 70, 142, 0)
True, True, 0.125, (0, 85, 127, 137, 0)
True, True, 0.125, (0, 136, 32, 82, 0)
True, True, 0.5, (0, 39, 89, 126, 0)
True, True, 0.1153, (0, 90, 74, 0)
True, True, 0.25, (0, 17, 112, 2, 0)
True, True, 0.5, (0, 99, 42, 0)
True, True, 0.3333, (0, 20, 80, 119, 103, 0)
True, True, 0.4929, (0, 31, 90, 116, 0)
True, True, 0.6087, (0, 45, 141, 51, 0)
True, True, 0.0335, (0, 67, 61, 7, 57, 0)
True, True, 0.2292, (0, 85, 142, 77, 127, 0)
True, True, 0.2174, (0, 25, 63, 24, 9, 11, 50, 0)
True, True, 0.0577, (0, 15, 108, 117, 16, 0)
True, True, 0.2292, (0, 85, 109, 134, 0)
True, True, 0.2345, (0, 26, 37, 125, 114, 0)
True, True, 0.087, (0, 29, 63, 11, 38, 0)
True, True, 0.5, (0, 134, 84, 86, 0)
True, True, 0.3913, (0, 50, 141, 147, 0)
True, True, 0.1458, (0, 127, 77, 142, 109, 0)
True, True, 0.1304, (0, 9, 63, 29, 0)
True, True, 0.0719, (0, 117, 3, 12, 102, 0)
True, True, 0.25, (0, 123, 35, 70, 0)
True, True, 0.391, (0, 6, 115, 135, 37, 0)
True, True, 0.201, (0, 4, 114, 130, 0)
True, True, 0.0719, (0, 60, 64, 138, 31, 0)
True, True, 0.2826, (0, 51, 9, 69, 0)
True, True, 0.4375, (0, 127, 32, 104, 0)
True, True, 0.3913, (0, 11, 24, 133, 41, 0)
True, True, 0.5, (0, 128, 146, 79, 0)
True, True, 0.5, (0, 23, 73, 126, 0)
True, True, 0.1153, (0, 31, 15, 108, 116, 125, 0)
True, True, 0.25, (0, 92, 128, 123, 2, 0)
True, True, 1.0, (0, 111, 49, 145, 34, 96, 0)
True, True, 0.2757, (0, 125, 135, 115, 6, 0)
True, True, 0.1087, (0, 11, 24, 9, 51, 0)
True, True, 0.25, (0, 112, 92, 128, 0)
True, True, 0.3542, (0, 109, 77, 85, 0)
True, True, 0.3333, (0, 101, 119, 48, 6, 100, 0)
True, True, 0.3913, (0, 94, 78, 133, 147, 0)
True, True, 0.2174, (0, 69, 63, 24, 133, 147, 0)
True, True, 0.3913, (0, 102, 138, 64, 60, 45, 0)
True, True, 0.0335, (0, 130, 7, 57, 98, 0)
False, True, 0.4632, (0, 53, 4, 19, 53, 0)
False, True, 0.4375, (0, 82, 32, 104, 82, 0)
False, True, 0.1111, (0, 66, 13, 36, 66, 13, 0)
False, True, 0.0112, (0, 14, 61, 7, 57, 14, 0)
False, True, 0.2222, (0, 33, 36, 66, 13, 36, 66, 33, 0)
False, True, 0.2222, (0, 33, 36, 13, 66, 36, 13, 33, 0)
False, True, 0.0652, (0, 38, 9, 24, 63, 38, 0)
False, True, 0.1957, (0, 50, 11, 9, 50, 0)
False, True, 0.3333, (0, 52, 48, 103, 101, 52, 0)
False, True, 0.0736, (0, 4, 31, 15, 4, 53, 0)
False, True, 0.0782, (0, 57, 120, 81, 57, 0)
False, True, 0.3333, (0, 10, 68, 54, 10, 68, 0)
False, True, 0.3333, (0, 100, 115, 135, 100, 0)
False, True, 0.0625, (0, 110, 85, 127, 110, 0)
False, True, 0.1886, (0, 4, 114, 31, 15, 114, 0)
False, True, 0.3333, (0, 54, 10, 68, 54, 0)
False, True, 0.0112, (0, 14, 98, 67, 14, 0)
False, True, 0.125, (0, 17, 70, 113, 17, 0)
False, True, 0.0556, (0, 66, 13, 33, 66, 13, 33, 0)
False, True, 0.1872, (0, 37, 125, 8, 37, 125, 114, 0)
all_elementary, False
all_cyc2, True
