Instance, X-n176-k26
capacity, 142
min_trucks, 26
output_file, output_uchoa/X-n176-k26-SPPRC.log
Start date, 2022-06-26
Start time, 07-31-40
capacity, 142
num_vehicles, 26
abort_early, False
methods, ['SPPRC']
max_vars, 1000000
time_limit, 86400
farley, False
initial time, initial max_it, max_stale_it
1e-05, 2000000000.0, 20
heuristic Number of routes, heuristic Best Solution Value, heuristic number of iterations, adjusted time, adjusted max_it
456, 47812.0, 39, 1000.0, 20.0
method, python time, total time, propagated dominance time, unpropagated dominance time, pricing_success, upper_bound, lower_bound, abort_early, num_paths, 
SPPRC, 3.5, 0.6, 0.4, 0.1, 1, 47777.8779, -67795.2813, 0, 7309
SPPRC, 3.3, 1.0, 0.7, 0.1, 1, 47777.7422, -22519.431, 0, 7877
SPPRC, 5.8, 1.4, 1.1, 0.1, 1, 47713.5092, -72555.4587, 0, 10866
SPPRC, 2.0, 0.9, 0.7, 0.1, 1, 47706.4418, 24144.5695, 0, 4725
SPPRC, 13.1, 2.6, 2.1, 0.2, 1, 47623.2643, -2340016.0177, 0, 18542
SPPRC, 7.8, 2.2, 1.7, 0.2, 1, 47623.2643, -1206903.454, 0, 16605
SPPRC, 6.9, 2.5, 2.0, 0.2, 1, 47623.2643, -549983.252, 0, 17177
SPPRC, 8.2, 1.4, 1.1, 0.1, 1, 47623.2643, -145659.0409, 0, 11218
SPPRC, 2.8, 1.1, 0.8, 0.1, 1, 47623.2315, -9676.0064, 0, 6842
SPPRC, 11.4, 1.7, 1.3, 0.1, 1, 47621.6517, -110999.9499, 0, 11560
SPPRC, 3.1, 1.3, 0.9, 0.1, 1, 47621.6232, -22177.3334, 0, 7525
SPPRC, 5.1, 1.4, 1.1, 0.1, 1, 47620.3362, -2915.1299, 0, 8337
SPPRC, 1.2, 1.1, 0.8, 0.1, 1, 47620.3089, 34771.3936, 0, 2795
SPPRC, 6.0, 1.3, 1.0, 0.1, 1, 47567.5775, -33084.5412, 0, 8917
SPPRC, 1.5, 1.2, 0.9, 0.1, 1, 47562.4775, 34643.0472, 0, 3189
SPPRC, 2.3, 1.0, 0.7, 0.1, 1, 47534.9519, 19746.6507, 0, 4218
SPPRC, 0.7, 0.9, 0.6, 0.1, 1, 47520.3677, 40128.8583, 0, 2067
SPPRC, 0.8, 0.9, 0.6, 0.1, 1, 47455.9942, 38413.5377, 0, 1827
SPPRC, 0.3, 0.9, 0.6, 0.1, 1, 47376.9016, 43381.3243, 0, 1151
SPPRC, 0.3, 1.0, 0.7, 0.1, 1, 47282.9304, 44122.9345, 0, 789
SPPRC, 0.2, 0.9, 0.6, 0.1, 1, 47189.3777, 44675.6577, 0, 566
SPPRC, 0.2, 1.0, 0.7, 0.1, 1, 47123.427, 44604.1673, 0, 577
SPPRC, 0.1, 1.0, 0.7, 0.1, 1, 47093.8492, 46234.055, 0, 222
SPPRC, 0.1, 1.0, 0.7, 0.1, 1, 47069.8806, 46593.1234, 0, 179
SPPRC, 0.1, 1.0, 0.7, 0.1, 1, 47052.6772, 46776.0428, 0, 118
SPPRC, 0.0, 1.0, 0.7, 0.1, 1, 47050.2236, 46766.4737, 0, 62
SPPRC, 0.0, 1.0, 0.7, 0.1, 1, 47047.6579, 46911.7665, 0, 28
SPPRC, -0.0, 1.0, 0.7, 0.1, 1, 47047.18, 47010.974, 0, 19
SPPRC, -0.0, 1.0, 0.7, 0.1, 1, 47047.0175, 47046.3737, 0, 5
SPPRC, -0.0, 1.0, 0.7, 0.1, 1, 47047.0173, 47047.0173, 0, 0
scip_total_time, 17562.127811
Solval, number of paths, impact cutoff
47047.01725730479, 158, 0.0001
Elementary, 2-Cycle, Path Value, Path
True, True, 1.0, (0, 9, 169, 11, 0)
True, True, 0.009, (0, 110, 28, 23, 40, 0)
True, True, 0.3833, (0, 136, 137, 89, 82, 116, 43, 78, 16, 0)
True, True, 0.1386, (0, 111, 3, 31, 153, 0)
True, True, 0.4749, (0, 19, 166, 147, 79, 26, 120, 0)
True, True, 0.6355, (0, 21, 134, 29, 55, 0)
True, True, 0.5224, (0, 110, 28, 23, 0)
True, True, 0.8006, (0, 140, 17, 27, 0)
True, True, 0.5251, (0, 26, 12, 0)
True, True, 0.7328, (0, 2, 34, 0)
True, True, 0.4084, (0, 122, 60, 98, 171, 143, 10, 175, 0)
True, True, 0.8006, (0, 172, 15, 159, 62, 39, 114, 0)
True, True, 0.1336, (0, 66, 27, 32, 88, 40, 0)
True, True, 0.0083, (0, 123, 145, 121, 84, 113, 8, 155, 161, 157, 0)
True, True, 0.1167, (0, 72, 136, 137, 89, 82, 116, 78, 16, 0)
True, True, 0.0334, (0, 89, 82, 116, 43, 150, 18, 40, 0)
True, True, 0.7092, (0, 106, 63, 139, 6, 66, 138, 56, 0)
False, False, 0.5, (0, 30, 98, 30, 0)
True, True, 0.3167, (0, 13, 100, 33, 0)
False, False, 0.25, (0, 88, 49, 174, 49, 174, 49, 174, 49, 21, 0)
False, False, 0.1994, (0, 114, 153, 31, 153, 31, 0)
False, False, 0.1653, (0, 85, 125, 128, 52, 4, 52, 128, 125, 85, 95, 103, 0)
False, False, 0.1336, (0, 62, 2, 73, 2, 0)
False, False, 0.0251, (0, 157, 127, 36, 127, 157, 14, 0)
True, True, 0.0305, (0, 175, 10, 143, 171, 60, 122, 0)
True, True, 0.2388, (0, 171, 111, 90, 3, 14, 0)
True, True, 0.3645, (0, 129, 37, 29, 0)
True, True, 0.5251, (0, 93, 19, 36, 0)
False, False, 0.2833, (0, 127, 161, 101, 161, 101, 127, 10, 0)
False, False, 0.0584, (0, 153, 167, 25, 102, 25, 0)
False, False, 0.1257, (0, 139, 67, 97, 124, 97, 124, 97, 6, 0)
False, False, 0.1328, (0, 67, 97, 124, 97, 124, 47, 17, 47, 124, 97, 67, 0)
False, False, 0.1497, (0, 103, 168, 164, 168, 164, 95, 96, 1, 0)
False, False, 0.1961, (0, 115, 76, 87, 76, 87, 76, 87, 76, 28, 0)
False, False, 0.1166, (0, 36, 101, 36, 0)
False, False, 0.1922, (0, 67, 124, 47, 149, 132, 16, 132, 47, 0)
False, True, 0.1415, (0, 138, 106, 63, 6, 66, 138, 56, 0)
False, False, 0.0839, (0, 42, 51, 34, 53, 160, 61, 160, 61, 160, 61, 160, 61, 160, 0)
True, True, 0.2388, (0, 60, 111, 90, 3, 14, 175, 0)
False, False, 0.1584, (0, 93, 157, 161, 101, 161, 101, 10, 0)
False, False, 0.3, (0, 136, 137, 82, 116, 20, 43, 20, 0)
True, True, 0.1833, (0, 42, 51, 34, 33, 0)
False, False, 0.1083, (0, 36, 161, 36, 0)
False, False, 0.0415, (0, 93, 157, 58, 12, 58, 102, 167, 73, 39, 0)
False, False, 0.0931, (0, 165, 75, 70, 163, 54, 100, 1, 100, 54, 163, 70, 75, 69, 0)
False, False, 0.1495, (0, 67, 78, 150, 18, 150, 88, 0)
False, False, 0.2104, (0, 57, 91, 86, 77, 7, 77, 86, 91, 0)
False, False, 0.0136, (0, 81, 13, 95, 168, 164, 168, 164, 168, 164, 95, 0)
False, False, 0.0153, (0, 150, 46, 59, 141, 108, 141, 108, 68, 5, 107, 0)
False, False, 0.2524, (0, 120, 79, 147, 166, 155, 8, 155, 166, 147, 79, 120, 0)
False, False, 0.0542, (0, 110, 80, 105, 80, 105, 80, 4, 45, 133, 0)
False, False, 0.1309, (0, 69, 103, 96, 103, 96, 103, 96, 103, 96, 1, 163, 0)
False, False, 0.0498, (0, 150, 46, 59, 46, 18, 130, 174, 0)
True, True, 0.1045, (0, 28, 107, 23, 0)
False, False, 0.1165, (0, 69, 103, 95, 164, 168, 164, 95, 96, 1, 0)
False, False, 0.0667, (0, 72, 89, 137, 89, 137, 89, 137, 89, 17, 0)
True, True, 0.0659, (0, 111, 172, 15, 159, 140, 62, 39, 0)
True, True, 0.3385, (0, 81, 85, 125, 128, 52, 4, 110, 134, 55, 53, 0)
True, True, 0.1923, (0, 88, 32, 23, 149, 67, 0)
False, False, 0.093, (0, 130, 107, 126, 152, 68, 152, 68, 37, 129, 80, 0)
False, False, 0.1002, (0, 74, 81, 85, 125, 128, 52, 4, 52, 128, 125, 85, 0)
False, False, 0.2157, (0, 149, 132, 16, 132, 149, 47, 97, 0)
True, True, 0.1336, (0, 172, 15, 159, 140, 139, 63, 106, 0)
False, False, 0.3833, (0, 157, 58, 12, 123, 145, 123, 72, 102, 73, 0)
False, False, 0.0333, (0, 93, 157, 58, 12, 123, 145, 123, 145, 72, 102, 0)
False, False, 0.1336, (0, 56, 31, 153, 31, 111, 0)
False, False, 0.0243, (0, 115, 107, 126, 152, 126, 152, 126, 5, 126, 130, 0)
False, False, 0.1167, (0, 47, 20, 43, 20, 89, 136, 0)
False, False, 0.1008, (0, 130, 107, 130, 18, 150, 78, 149, 0)
True, True, 0.1427, (0, 115, 105, 129, 37, 112, 146, 108, 141, 94, 59, 46, 150, 0)
False, False, 0.4416, (0, 73, 25, 167, 25, 167, 0)
True, True, 0.1472, (0, 122, 111, 90, 3, 14, 175, 0)
False, True, 0.0211, (0, 40, 88, 23, 32, 88, 40, 0)
False, False, 0.0133, (0, 107, 126, 152, 68, 112, 146, 112, 37, 129, 80, 0)
False, False, 0.2424, (0, 46, 59, 141, 108, 141, 108, 141, 108, 146, 68, 5, 0)
False, False, 0.1088, (0, 162, 45, 119, 48, 119, 48, 119, 48, 45, 35, 0)
False, False, 0.288, (0, 133, 35, 45, 83, 38, 83, 38, 83, 38, 0)
False, False, 0.1836, (0, 44, 158, 162, 142, 35, 142, 162, 158, 53, 42, 0)
False, False, 0.2418, (0, 93, 157, 58, 121, 84, 113, 8, 113, 84, 121, 58, 0)
False, False, 0.229, (0, 80, 129, 37, 112, 146, 112, 68, 152, 126, 107, 61, 0)
False, False, 0.5, (0, 170, 13, 170, 33, 69, 0)
False, False, 0.2157, (0, 45, 4, 80, 105, 80, 105, 87, 76, 0)
True, True, 0.0832, (0, 149, 16, 78, 43, 116, 82, 89, 0)
False, False, 0.0043, (0, 81, 117, 85, 125, 128, 4, 128, 125, 85, 95, 103, 0)
False, False, 0.1751, (0, 175, 14, 143, 14, 143, 171, 60, 122, 0)
True, True, 0.3833, (0, 102, 72, 145, 121, 84, 113, 8, 155, 127, 0)
True, True, 0.1665, (0, 40, 88, 130, 18, 150, 78, 132, 0)
False, False, 0.0613, (0, 148, 135, 151, 65, 131, 173, 24, 173, 131, 65, 135, 148, 0)
False, True, 0.0289, (0, 156, 92, 104, 118, 22, 144, 104, 92, 156, 0)
False, False, 0.0371, (0, 153, 31, 153, 31, 153, 111, 0)
False, False, 0.1495, (0, 44, 133, 7, 64, 117, 64, 117, 64, 117, 64, 117, 81, 0)
False, False, 0.1183, (0, 90, 3, 90, 3, 90, 0)
False, False, 0.1231, (0, 165, 75, 70, 54, 100, 109, 1, 109, 54, 70, 75, 165, 0)
False, False, 0.0458, (0, 38, 83, 38, 48, 119, 48, 45, 35, 0)
False, False, 0.1427, (0, 150, 46, 59, 50, 94, 50, 18, 40, 0)
False, False, 0.3573, (0, 130, 18, 50, 94, 50, 94, 59, 46, 0)
False, False, 0.0443, (0, 133, 35, 45, 48, 119, 48, 83, 38, 48, 0)
False, False, 0.0237, (0, 44, 7, 64, 117, 64, 117, 64, 117, 64, 86, 57, 0)
False, False, 0.0533, (0, 130, 107, 68, 146, 112, 146, 112, 146, 112, 37, 129, 80, 0)
False, False, 0.0565, (0, 107, 126, 152, 126, 5, 126, 152, 105, 87, 0)
True, True, 0.3459, (0, 135, 74, 41, 24, 91, 57, 71, 104, 0)
False, False, 0.0543, (0, 130, 107, 68, 146, 112, 146, 112, 146, 112, 37, 129, 105, 0)
False, False, 0.0498, (0, 150, 59, 141, 108, 141, 108, 146, 112, 37, 129, 105, 115, 0)
False, False, 0.0834, (0, 136, 82, 116, 20, 43, 20, 124, 0)
False, False, 0.1344, (0, 133, 119, 48, 119, 48, 119, 48, 119, 45, 35, 133, 0)
False, False, 0.0106, (0, 153, 123, 145, 121, 84, 113, 8, 113, 84, 121, 145, 123, 153, 0)
True, True, 0.4314, (0, 156, 92, 144, 71, 22, 118, 99, 154, 0)
False, False, 0.0661, (0, 165, 75, 70, 54, 109, 1, 109, 54, 70, 75, 165, 156, 0)
False, False, 0.1451, (0, 44, 133, 7, 158, 160, 61, 160, 61, 160, 61, 160, 0)
False, False, 0.1228, (0, 81, 13, 95, 168, 164, 168, 164, 168, 95, 96, 109, 163, 0)
False, False, 0.0916, (0, 122, 143, 10, 143, 171, 98, 60, 122, 0)
True, True, 0.0499, (0, 81, 117, 85, 125, 128, 52, 4, 110, 162, 133, 44, 0)
True, True, 0.0174, (0, 81, 117, 85, 125, 128, 52, 4, 110, 55, 53, 0)
False, False, 0.0087, (0, 81, 117, 85, 125, 128, 52, 4, 52, 110, 134, 55, 0)
False, False, 0.0079, (0, 56, 138, 106, 66, 6, 66, 106, 56, 0)
False, False, 0.1501, (0, 42, 51, 44, 86, 77, 7, 77, 86, 57, 0)
False, False, 0.1378, (0, 148, 151, 65, 74, 41, 131, 173, 24, 173, 131, 65, 0)
False, False, 0.0088, (0, 97, 47, 132, 16, 132, 47, 124, 67, 0)
False, False, 0.0316, (0, 165, 70, 163, 54, 100, 109, 1, 109, 100, 54, 163, 70, 69, 0)
False, False, 0.1396, (0, 107, 126, 5, 126, 152, 68, 152, 105, 87, 0)
True, True, 0.0659, (0, 67, 124, 27, 32, 88, 0)
True, True, 0.3737, (0, 156, 148, 154, 99, 118, 22, 144, 104, 92, 0)
False, False, 0.0187, (0, 151, 65, 74, 41, 131, 173, 24, 173, 131, 151, 99, 0)
False, False, 0.0237, (0, 42, 51, 44, 77, 7, 77, 86, 91, 57, 118, 0)
True, True, 0.0458, (0, 81, 117, 85, 125, 128, 52, 4, 83, 48, 119, 0)
True, True, 0.0204, (0, 90, 123, 145, 121, 84, 113, 8, 155, 166, 147, 79, 120, 0)
False, True, 0.0278, (0, 122, 60, 171, 143, 10, 171, 60, 122, 0)
False, False, 0.0174, (0, 107, 126, 152, 68, 152, 105, 80, 28, 134, 0)
False, False, 0.1037, (0, 148, 151, 65, 74, 41, 131, 173, 24, 173, 131, 151, 148, 0)
False, False, 0.0623, (0, 165, 75, 70, 163, 100, 109, 1, 109, 100, 163, 70, 75, 165, 0)
False, False, 0.0027, (0, 107, 126, 152, 68, 126, 5, 126, 107, 174, 0)
True, True, 0.1145, (0, 42, 21, 115, 32, 0)
False, True, 0.0157, (0, 39, 139, 63, 6, 139, 39, 0)
True, True, 0.4726, (0, 115, 5, 32, 40, 0)
False, False, 0.1024, (0, 81, 64, 117, 64, 117, 64, 7, 158, 53, 51, 42, 0)
False, False, 0.084, (0, 51, 53, 162, 142, 162, 142, 35, 142, 162, 158, 44, 0)
False, False, 0.0317, (0, 51, 53, 158, 162, 142, 35, 142, 162, 158, 44, 51, 0)
False, False, 0.0405, (0, 69, 103, 95, 168, 164, 168, 95, 96, 1, 69, 0)
False, False, 0.024, (0, 92, 104, 144, 71, 22, 71, 104, 92, 0)
False, False, 0.071, (0, 92, 104, 144, 71, 22, 71, 144, 104, 0)
False, False, 0.0467, (0, 174, 107, 126, 152, 68, 152, 126, 5, 107, 0)
True, True, 0.0181, (0, 154, 99, 22, 71, 104, 92, 156, 0)
True, True, 0.0834, (0, 102, 123, 145, 121, 84, 113, 8, 155, 157, 0)
False, False, 0.1247, (0, 165, 75, 163, 54, 109, 1, 109, 100, 54, 163, 70, 75, 165, 0)
True, True, 0.1507, (0, 51, 28, 23, 174, 0)
True, True, 0.1585, (0, 148, 57, 91, 86, 77, 7, 158, 53, 51, 42, 0)
False, False, 0.0793, (0, 44, 158, 142, 162, 142, 162, 142, 35, 142, 44, 0)
False, False, 0.0366, (0, 118, 57, 91, 86, 77, 7, 77, 86, 57, 0)
False, False, 0.0169, (0, 153, 167, 102, 72, 145, 123, 145, 123, 12, 58, 0)
False, False, 0.0522, (0, 151, 65, 74, 41, 24, 41, 74, 65, 151, 99, 0)
False, False, 0.0946, (0, 135, 65, 74, 41, 24, 41, 74, 65, 151, 135, 0)
False, True, 0.0614, (0, 165, 75, 70, 163, 54, 109, 1, 100, 54, 163, 70, 165, 0)
False, False, 0.0605, (0, 153, 31, 153, 31, 39, 0)
False, False, 0.0469, (0, 81, 13, 95, 164, 168, 164, 168, 164, 95, 96, 69, 0)
False, False, 0.1002, (0, 135, 151, 65, 41, 131, 173, 24, 173, 131, 151, 135, 0)
False, False, 0.071, (0, 135, 151, 131, 173, 24, 173, 131, 65, 151, 135, 154, 0)
False, False, 0.0528, (0, 154, 99, 118, 22, 118, 99, 154, 156, 0)
True, True, 0.0146, (0, 151, 65, 131, 173, 24, 91, 57, 71, 104, 0)
all_elementary, False
all_cyc2, False
