Instance, X-n186-k15
capacity, 974
min_trucks, 15
output_file, output_uchoa/X-n186-k15-ng8.log
Start date, 2022-06-24
Start time, 12-19-05
capacity, 974
num_vehicles, 15
abort_early, False
methods, ['ng8']
max_vars, 1000000
time_limit, 86400
farley, False
initial time, initial max_it, max_stale_it
1e-05, 2000000000.0, 20
heuristic Number of routes, heuristic Best Solution Value, heuristic number of iterations, adjusted time, adjusted max_it
669716, 24145.0, 200000, 0.1, 200000.0
method, python time, total time, propagated dominance time, unpropagated dominance time, pricing_success, upper_bound, lower_bound, abort_early, num_paths, 
ng8, 2.9, 509.8, 476.6, 29.0, 1, 23834.3401, 20491.7412, 0, 7198
ng8, 0.4, 743.6, 697.3, 40.9, 1, 23828.8687, 22649.8101, 0, 1043
ng8, 0.4, 721.7, 674.6, 41.7, 1, 23802.7443, 22714.4407, 0, 792
ng8, 0.1, 793.7, 745.7, 42.2, 1, 23797.9773, 23149.8435, 0, 239
ng8, 0.1, 850.8, 796.6, 48.1, 1, 23788.0003, 23374.0683, 0, 124
ng8, 0.1, 950.1, 890.4, 53.4, 1, 23787.0719, 23546.5927, 0, 89
ng8, 0.1, 930.1, 871.9, 51.9, 1, 23786.8788, 23676.0282, 0, 23
ng8, 0.0, 916.6, 858.8, 51.5, 1, 23786.8392, 23712.0702, 0, 18
ng8, 0.0, 948.5, 889.2, 52.9, 1, 23786.8304, 23781.014, 0, 3
ng8, 0.0, 936.8, 878.3, 52.1, 1, 23786.8301, 23786.8301, 0, 0
scip_total_time, 60638.852112
Solval, number of paths, impact cutoff
23786.830116445526, 138, 0.0001
Elementary, 2-Cycle, Path Value, Path
True, True, 0.0064, (0, 172, 68, 155, 58, 176, 13, 0)
True, True, 0.9936, (0, 13, 176, 58, 155, 68, 172, 28, 0)
True, True, 0.4443, (0, 127, 141, 167, 56, 62, 57, 46, 76, 146, 169, 137, 125, 47, 0)
True, True, 0.1114, (0, 127, 141, 167, 56, 62, 57, 46, 76, 146, 169, 137, 125, 123, 0)
True, True, 0.1556, (0, 161, 3, 149, 110, 80, 17, 157, 61, 36, 118, 115, 100, 0)
True, True, 0.0892, (0, 171, 24, 4, 140, 33, 104, 177, 64, 119, 8, 73, 14, 0)
True, True, 0.1524, (0, 115, 118, 36, 61, 157, 17, 80, 110, 149, 3, 79, 113, 0)
True, True, 0.5441, (0, 82, 97, 102, 139, 122, 151, 98, 89, 27, 84, 99, 12, 0)
True, True, 0.2499, (0, 129, 71, 135, 66, 20, 112, 54, 94, 11, 180, 35, 19, 16, 0)
True, True, 0.1299, (0, 161, 3, 149, 110, 80, 17, 157, 61, 36, 118, 115, 52, 0)
True, True, 0.1407, (0, 85, 173, 126, 140, 33, 104, 177, 64, 119, 8, 73, 14, 0)
True, True, 0.152, (0, 166, 153, 143, 47, 123, 120, 165, 148, 34, 132, 117, 64, 177, 4, 0)
True, True, 0.2396, (0, 39, 29, 150, 106, 81, 75, 78, 134, 83, 51, 136, 145, 0)
True, True, 0.1722, (0, 173, 126, 49, 140, 33, 104, 177, 64, 119, 8, 73, 14, 0)
True, True, 0.1011, (0, 87, 115, 118, 36, 61, 157, 17, 80, 110, 149, 3, 156, 0)
True, True, 0.167, (0, 164, 95, 136, 51, 83, 134, 78, 75, 81, 106, 150, 29, 45, 0)
True, True, 0.1015, (0, 107, 111, 38, 41, 181, 43, 108, 159, 9, 183, 182, 30, 93, 0)
True, True, 0.1727, (0, 107, 108, 170, 175, 45, 91, 39, 97, 82, 128, 74, 12, 129, 0)
True, True, 0.0407, (0, 84, 27, 89, 98, 66, 20, 112, 54, 94, 11, 180, 35, 19, 0)
True, True, 0.0725, (0, 141, 167, 56, 62, 57, 46, 76, 146, 169, 137, 125, 120, 123, 0)
True, True, 0.0279, (0, 123, 120, 125, 137, 46, 57, 76, 146, 169, 147, 55, 48, 50, 65, 0)
True, True, 0.0042, (0, 40, 18, 116, 103, 163, 144, 1, 32, 90, 7, 31, 15, 37, 59, 0)
True, True, 0.0952, (0, 26, 124, 152, 158, 73, 49, 173, 126, 140, 4, 24, 85, 171, 0)
True, True, 0.0065, (0, 37, 15, 31, 32, 23, 105, 109, 25, 160, 133, 6, 10, 141, 0)
True, True, 0.0252, (0, 86, 53, 154, 5, 162, 168, 95, 145, 87, 121, 22, 88, 42, 0)
True, True, 0.3866, (0, 65, 50, 92, 44, 138, 21, 147, 55, 48, 179, 70, 148, 34, 132, 0)
True, True, 0.0646, (0, 129, 12, 74, 128, 82, 97, 39, 91, 45, 168, 162, 5, 0)
True, True, 0.0861, (0, 59, 37, 15, 31, 7, 90, 1, 144, 163, 103, 116, 18, 40, 22, 0)
True, True, 0.0439, (0, 101, 178, 113, 23, 105, 109, 25, 160, 133, 6, 10, 131, 185, 0)
True, True, 0.0288, (0, 24, 4, 140, 33, 104, 177, 64, 117, 143, 153, 166, 152, 124, 0)
True, True, 0.126, (0, 26, 124, 152, 158, 14, 73, 49, 126, 173, 4, 24, 85, 171, 0)
True, True, 0.3578, (0, 117, 65, 50, 92, 44, 138, 21, 147, 55, 48, 179, 70, 63, 165, 0)
True, True, 0.1501, (0, 43, 181, 170, 175, 45, 91, 39, 168, 162, 5, 53, 111, 0)
True, True, 0.1301, (0, 127, 167, 56, 62, 57, 46, 76, 146, 169, 137, 125, 120, 123, 0)
True, True, 0.0199, (0, 117, 132, 165, 63, 179, 48, 55, 147, 21, 138, 44, 92, 50, 65, 0)
True, True, 0.3163, (0, 171, 85, 24, 4, 173, 126, 49, 73, 158, 152, 124, 26, 60, 0)
True, True, 0.0891, (0, 104, 177, 64, 117, 132, 34, 148, 165, 120, 123, 47, 143, 153, 166, 0)
True, True, 0.2186, (0, 5, 162, 168, 145, 95, 39, 91, 45, 128, 74, 12, 129, 0)
True, True, 0.2396, (0, 145, 136, 51, 83, 134, 78, 75, 81, 106, 150, 29, 91, 0)
True, True, 0.1303, (0, 120, 125, 137, 46, 57, 76, 146, 169, 147, 55, 48, 179, 63, 0)
True, True, 0.0253, (0, 30, 93, 182, 183, 9, 77, 159, 108, 43, 181, 41, 38, 111, 0)
True, True, 0.0725, (0, 127, 141, 10, 6, 133, 160, 25, 109, 105, 23, 32, 31, 37, 0)
True, True, 0.3264, (0, 40, 18, 116, 103, 163, 144, 1, 90, 7, 185, 31, 15, 37, 59, 0)
True, True, 0.2771, (0, 22, 40, 101, 96, 174, 178, 114, 142, 100, 52, 87, 145, 0)
True, True, 0.0621, (0, 116, 163, 144, 1, 32, 105, 109, 25, 160, 133, 6, 10, 131, 130, 0)
True, True, 0.0922, (0, 178, 113, 161, 149, 110, 80, 17, 157, 61, 36, 118, 115, 87, 0)
True, True, 0.1731, (0, 16, 19, 35, 180, 11, 94, 54, 112, 20, 66, 71, 184, 159, 0)
True, True, 0.0983, (0, 85, 24, 4, 140, 33, 104, 177, 64, 119, 8, 158, 14, 0)
True, True, 0.0774, (0, 129, 99, 84, 27, 89, 98, 151, 122, 139, 102, 82, 175, 0)
True, True, 0.2452, (0, 185, 7, 90, 32, 23, 161, 79, 156, 142, 114, 100, 52, 0)
True, True, 0.1007, (0, 37, 31, 32, 23, 105, 109, 25, 160, 6, 133, 131, 185, 130, 0)
True, True, 0.1012, (0, 130, 131, 10, 6, 133, 160, 25, 109, 105, 32, 1, 144, 103, 116, 0)
True, True, 0.2018, (0, 130, 131, 10, 6, 133, 160, 25, 109, 105, 32, 90, 31, 15, 0)
True, True, 0.0677, (0, 37, 185, 131, 10, 6, 133, 160, 25, 109, 105, 23, 113, 18, 121, 0)
True, True, 0.0077, (0, 93, 30, 183, 9, 77, 16, 184, 129, 170, 181, 43, 108, 69, 107, 0)
True, True, 0.0211, (0, 121, 101, 178, 113, 23, 105, 109, 25, 160, 133, 6, 10, 130, 0)
True, True, 0.0064, (0, 28, 93, 30, 182, 183, 9, 77, 159, 69, 111, 86, 42, 67, 124, 0)
True, True, 0.0257, (0, 73, 119, 117, 132, 34, 63, 148, 165, 120, 123, 47, 143, 153, 166, 0)
True, True, 0.0922, (0, 185, 7, 90, 32, 23, 161, 79, 156, 142, 100, 52, 87, 0)
True, True, 0.0257, (0, 73, 8, 117, 132, 34, 63, 148, 165, 120, 123, 47, 143, 153, 166, 0)
True, True, 0.0399, (0, 127, 130, 141, 167, 56, 62, 6, 160, 133, 10, 131, 185, 15, 0)
True, True, 0.0506, (0, 88, 59, 37, 15, 116, 103, 163, 144, 1, 178, 174, 96, 101, 121, 0)
True, True, 0.0434, (0, 88, 37, 15, 185, 7, 90, 1, 144, 163, 103, 116, 18, 40, 121, 72, 0)
True, True, 0.3714, (0, 111, 38, 41, 53, 154, 164, 121, 22, 59, 88, 72, 42, 67, 0)
True, True, 0.0112, (0, 116, 103, 163, 144, 1, 32, 23, 105, 109, 25, 160, 133, 10, 141, 0)
True, True, 0.2018, (0, 88, 37, 15, 31, 7, 131, 10, 62, 56, 167, 141, 130, 127, 0)
True, True, 0.0199, (0, 34, 165, 148, 63, 179, 48, 55, 147, 21, 138, 44, 92, 50, 65, 0)
True, True, 0.2529, (0, 86, 53, 154, 5, 162, 168, 175, 170, 181, 43, 108, 69, 107, 0)
True, True, 0.0587, (0, 129, 99, 84, 27, 151, 122, 139, 102, 97, 82, 128, 175, 181, 0)
True, True, 0.0083, (0, 53, 5, 168, 45, 91, 39, 82, 128, 74, 175, 170, 108, 0)
True, True, 0.0179, (0, 74, 99, 89, 98, 66, 20, 112, 54, 94, 11, 180, 135, 184, 0)
True, True, 0.0093, (0, 152, 166, 153, 143, 47, 123, 120, 165, 148, 63, 34, 132, 117, 14, 0)
True, True, 0.0616, (0, 18, 103, 163, 144, 1, 23, 161, 79, 156, 142, 114, 96, 101, 0)
True, True, 0.0272, (0, 87, 136, 51, 83, 134, 78, 75, 81, 106, 150, 29, 95, 162, 0)
True, True, 0.0702, (0, 107, 111, 38, 41, 53, 154, 164, 121, 22, 59, 88, 72, 42, 124, 0)
True, True, 0.0726, (0, 72, 95, 136, 51, 83, 134, 78, 75, 81, 106, 150, 29, 45, 0)
True, True, 0.0188, (0, 168, 95, 29, 150, 106, 81, 75, 78, 134, 83, 51, 136, 87, 0)
True, True, 0.1396, (0, 93, 30, 182, 183, 9, 77, 159, 69, 111, 86, 42, 67, 26, 0)
True, True, 0.0531, (0, 42, 86, 41, 53, 154, 5, 175, 170, 181, 43, 108, 69, 107, 0)
True, True, 0.0064, (0, 93, 182, 183, 9, 159, 108, 43, 41, 38, 86, 42, 67, 0)
True, True, 0.1294, (0, 14, 158, 8, 119, 64, 177, 104, 33, 140, 49, 173, 85, 0)
True, True, 0.0618, (0, 116, 103, 163, 144, 113, 23, 105, 109, 25, 160, 133, 6, 10, 130, 0)
True, True, 0.0331, (0, 18, 116, 103, 163, 1, 32, 105, 109, 25, 160, 6, 133, 131, 130, 0)
True, True, 0.0401, (0, 93, 30, 182, 183, 159, 108, 43, 181, 41, 38, 86, 42, 124, 0)
True, True, 0.0853, (0, 124, 152, 166, 153, 143, 8, 119, 33, 104, 140, 4, 24, 85, 0)
True, True, 0.0399, (0, 18, 103, 163, 144, 1, 32, 23, 105, 109, 25, 160, 6, 10, 141, 0)
True, True, 0.1079, (0, 130, 131, 133, 6, 160, 25, 109, 105, 23, 113, 178, 174, 18, 0)
True, True, 0.0287, (0, 130, 10, 133, 160, 25, 109, 105, 23, 32, 1, 163, 103, 116, 18, 0)
True, True, 0.0922, (0, 87, 115, 118, 36, 61, 157, 17, 110, 149, 3, 79, 156, 0)
False, True, 0.3419, (0, 60, 2, 107, 69, 159, 77, 9, 183, 182, 93, 30, 2, 60, 0)
False, True, 0.1073, (0, 171, 14, 158, 152, 166, 153, 143, 119, 8, 158, 14, 171, 0)
False, True, 0.1581, (0, 2, 30, 93, 182, 183, 159, 16, 77, 9, 182, 93, 30, 2, 0)
False, True, 0.1887, (0, 67, 42, 86, 38, 43, 108, 170, 181, 41, 38, 86, 67, 0)
False, True, 0.2353, (0, 95, 136, 51, 83, 134, 78, 75, 81, 106, 150, 29, 95, 164, 0)
False, True, 0.0179, (0, 184, 71, 135, 35, 180, 11, 94, 54, 112, 20, 66, 135, 35, 19, 0)
False, True, 0.0401, (0, 184, 135, 35, 180, 11, 94, 54, 112, 20, 66, 135, 71, 184, 9, 0)
False, True, 0.0577, (0, 65, 63, 70, 179, 48, 55, 147, 21, 138, 44, 92, 50, 70, 63, 0)
False, True, 0.0074, (0, 72, 101, 96, 52, 100, 142, 114, 178, 174, 96, 101, 121, 0)
True, True, 0.0922, (0, 113, 161, 149, 3, 17, 80, 157, 61, 36, 118, 115, 52, 0)
True, True, 0.0113, (0, 14, 158, 8, 119, 64, 177, 104, 33, 140, 49, 173, 24, 0)
False, True, 0.009, (0, 47, 123, 120, 165, 148, 63, 70, 179, 50, 92, 21, 138, 44, 50, 65, 0)
False, True, 0.0674, (0, 121, 101, 96, 174, 178, 1, 144, 163, 103, 116, 18, 40, 121, 88, 0)
False, True, 0.0132, (0, 101, 96, 174, 178, 113, 161, 79, 156, 142, 114, 96, 101, 0)
False, True, 0.0922, (0, 114, 156, 79, 161, 149, 110, 80, 17, 3, 79, 156, 113, 0)
True, True, 0.1407, (0, 171, 24, 126, 49, 140, 119, 8, 143, 153, 166, 152, 124, 26, 0)
False, True, 0.1561, (0, 72, 164, 87, 52, 100, 142, 114, 178, 174, 96, 101, 40, 72, 0)
False, True, 0.1179, (0, 121, 101, 96, 174, 178, 113, 156, 142, 114, 174, 96, 101, 0)
False, True, 0.0964, (0, 154, 5, 162, 168, 45, 91, 39, 168, 162, 5, 154, 0)
True, True, 0.1218, (0, 111, 41, 43, 108, 181, 170, 129, 184, 19, 16, 77, 9, 183, 0)
True, True, 0.0891, (0, 33, 177, 64, 117, 132, 34, 148, 165, 120, 123, 47, 143, 153, 166, 0)
False, True, 0.0394, (0, 88, 22, 37, 15, 116, 18, 96, 174, 163, 103, 116, 18, 40, 22, 88, 0)
False, True, 0.0912, (0, 26, 124, 152, 166, 153, 143, 59, 22, 88, 72, 86, 42, 67, 26, 0)
True, True, 0.0665, (0, 113, 79, 3, 149, 110, 80, 157, 61, 36, 118, 115, 100, 0)
True, True, 0.0257, (0, 87, 115, 118, 36, 61, 157, 80, 110, 149, 3, 161, 113, 96, 0)
True, True, 0.0922, (0, 87, 115, 118, 36, 61, 157, 17, 80, 110, 3, 79, 156, 0)
True, True, 0.1558, (0, 166, 153, 143, 47, 123, 120, 165, 148, 63, 34, 132, 117, 104, 33, 0)
False, True, 0.009, (0, 171, 85, 24, 4, 140, 126, 173, 49, 73, 158, 14, 171, 0)
False, True, 0.122, (0, 184, 71, 135, 66, 20, 112, 54, 94, 11, 180, 135, 35, 19, 77, 0)
False, True, 0.0154, (0, 43, 170, 175, 74, 128, 82, 39, 91, 45, 175, 170, 43, 0)
True, True, 0.0137, (0, 111, 41, 43, 108, 170, 129, 184, 19, 16, 77, 9, 183, 30, 0)
False, True, 0.1985, (0, 184, 71, 135, 35, 180, 11, 94, 54, 112, 20, 66, 71, 184, 69, 0)
False, True, 0.0378, (0, 65, 63, 70, 50, 92, 21, 138, 44, 50, 70, 63, 34, 132, 117, 0)
False, True, 0.0293, (0, 121, 101, 96, 174, 178, 114, 142, 113, 1, 144, 163, 103, 116, 121, 0)
True, True, 0.0836, (0, 65, 44, 92, 138, 21, 169, 146, 76, 57, 46, 137, 125, 120, 123, 0)
False, True, 0.0407, (0, 74, 128, 99, 89, 98, 151, 122, 139, 102, 97, 82, 128, 74, 0)
False, True, 0.0149, (0, 93, 182, 183, 9, 77, 16, 19, 184, 129, 16, 77, 9, 183, 0)
False, True, 0.1599, (0, 175, 74, 99, 84, 27, 89, 98, 151, 122, 139, 102, 128, 74, 0)
True, True, 0.0391, (0, 18, 163, 144, 1, 23, 105, 109, 25, 133, 6, 10, 131, 185, 130, 0)
False, True, 0.009, (0, 117, 132, 34, 63, 70, 50, 92, 21, 138, 44, 50, 70, 63, 165, 0)
False, True, 0.1012, (0, 128, 99, 84, 27, 89, 98, 151, 122, 139, 102, 97, 128, 74, 0)
False, True, 0.0343, (0, 53, 5, 162, 168, 45, 91, 39, 168, 162, 154, 53, 0)
False, True, 0.0189, (0, 123, 165, 148, 63, 70, 179, 92, 21, 138, 44, 50, 70, 63, 148, 165, 0)
False, True, 0.1061, (0, 16, 19, 135, 66, 20, 112, 54, 94, 11, 180, 35, 19, 16, 0)
False, True, 0.0337, (0, 184, 135, 180, 11, 94, 54, 112, 20, 66, 135, 35, 19, 16, 77, 0)
False, True, 0.0179, (0, 175, 128, 84, 27, 89, 98, 151, 122, 139, 102, 97, 82, 175, 0)
False, True, 0.0158, (0, 72, 121, 18, 116, 103, 163, 144, 1, 113, 178, 174, 96, 101, 121, 72, 0)
True, True, 0.0077, (0, 67, 42, 86, 38, 41, 43, 108, 159, 9, 183, 182, 30, 0)
False, True, 0.0008, (0, 37, 185, 131, 10, 6, 133, 25, 109, 105, 32, 90, 7, 185, 130, 0)
all_elementary, False
all_cyc2, True
