Instance, X-n176-k26
capacity, 142
min_trucks, 26
output_file, output_uchoa/X-n176-k26-cyc2.log
Start date, 2022-06-26
Start time, 12-24-23
capacity, 142
num_vehicles, 26
abort_early, False
methods, ['cyc2']
max_vars, 1000000
time_limit, 86400
farley, False
initial time, initial max_it, max_stale_it
1e-05, 2000000000.0, 20
heuristic Number of routes, heuristic Best Solution Value, heuristic number of iterations, adjusted time, adjusted max_it
2249, 47812.0, 2000, 10.0, 2000.0
method, python time, total time, propagated dominance time, unpropagated dominance time, pricing_success, upper_bound, lower_bound, abort_early, num_paths, 
cyc2, 37.2, 3.8, 0.0, 0.0, 1, 47700.0645, -4743.186, 0, 78839
cyc2, 29.3, 4.0, 0.0, 0.0, 1, 47685.4139, 5412.0139, 0, 67649
cyc2, 31.6, 4.0, 0.0, 0.0, 1, 47605.9122, 20374.7846, 0, 44009
cyc2, 5.3, 3.5, 0.0, 0.0, 1, 47571.4584, 36784.3861, 0, 17127
cyc2, 4.0, 3.6, 0.0, 0.0, 1, 47490.6549, 38274.9765, 0, 11149
cyc2, 2.7, 3.5, 0.0, 0.0, 1, 47468.7554, 39663.8204, 0, 8430
cyc2, 1.1, 3.6, 0.0, 0.0, 1, 47441.558, 43539.9626, 0, 3075
cyc2, 0.7, 3.5, 0.0, 0.0, 1, 47424.6888, 45112.807, 0, 1465
cyc2, 0.3, 3.6, 0.0, 0.0, 1, 47397.8098, 46357.9146, 0, 557
cyc2, 0.2, 3.6, 0.0, 0.0, 1, 47371.4689, 46646.7202, 0, 177
cyc2, 0.1, 3.6, 0.0, 0.0, 1, 47367.0437, 47017.7295, 0, 97
cyc2, 0.1, 3.6, 0.0, 0.0, 1, 47365.9333, 47297.0666, 0, 16
cyc2, 0.0, 3.6, 0.0, 0.0, 1, 47365.9251, 47365.9251, 0, 0
scip_total_time, 20095.490979
Solval, number of paths, impact cutoff
47365.925114423015, 147, 0.0001
Elementary, 2-Cycle, Path Value, Path
True, True, 0.3408, (0, 133, 142, 35, 45, 119, 48, 83, 38, 117, 81, 0)
True, True, 1.0, (0, 9, 169, 11, 0)
True, True, 0.4669, (0, 111, 3, 31, 153, 0)
True, True, 0.5442, (0, 19, 166, 147, 79, 26, 120, 0)
True, True, 0.8814, (0, 21, 134, 29, 55, 0)
True, True, 0.8006, (0, 140, 17, 27, 0)
True, True, 0.4558, (0, 26, 12, 0)
True, True, 0.2929, (0, 36, 19, 0)
True, True, 0.9781, (0, 2, 34, 0)
True, True, 0.4443, (0, 31, 3, 90, 111, 0)
True, True, 0.5, (0, 122, 60, 98, 171, 143, 10, 175, 0)
True, True, 0.9587, (0, 172, 15, 159, 62, 39, 114, 0)
True, True, 0.4599, (0, 13, 170, 109, 33, 69, 0)
True, True, 0.4178, (0, 14, 127, 36, 101, 157, 93, 0)
True, True, 0.4753, (0, 40, 23, 28, 110, 0)
True, True, 0.4185, (0, 16, 78, 43, 116, 82, 89, 137, 136, 0)
True, True, 0.1994, (0, 160, 49, 32, 27, 0)
True, True, 0.0219, (0, 34, 31, 0)
True, True, 0.0924, (0, 67, 20, 17, 0)
True, True, 0.6505, (0, 106, 63, 139, 6, 66, 138, 56, 0)
True, True, 0.4157, (0, 101, 161, 155, 8, 113, 84, 121, 58, 0)
True, True, 0.1339, (0, 154, 99, 118, 22, 71, 144, 104, 92, 0)
True, True, 0.5401, (0, 74, 13, 170, 33, 69, 0)
True, True, 0.433, (0, 156, 92, 144, 71, 22, 118, 99, 154, 0)
True, True, 0.0417, (0, 157, 161, 155, 8, 113, 84, 121, 145, 123, 0)
True, True, 0.0872, (0, 150, 46, 59, 94, 50, 18, 174, 0)
True, True, 0.1339, (0, 156, 104, 144, 71, 22, 99, 154, 0)
True, True, 0.1339, (0, 118, 57, 91, 86, 77, 7, 158, 53, 51, 42, 0)
True, True, 0.2285, (0, 67, 46, 59, 94, 50, 141, 108, 146, 112, 37, 129, 80, 0)
True, True, 0.5325, (0, 148, 57, 91, 86, 77, 7, 158, 53, 51, 42, 0)
True, True, 0.3193, (0, 106, 63, 139, 6, 66, 40, 138, 56, 0)
True, True, 0.4556, (0, 122, 171, 143, 10, 175, 0)
True, True, 0.028, (0, 16, 78, 116, 82, 89, 137, 136, 72, 0)
True, True, 0.2054, (0, 28, 105, 23, 40, 0)
True, True, 0.4558, (0, 120, 79, 147, 166, 155, 8, 113, 84, 121, 145, 123, 90, 0)
True, True, 0.1652, (0, 156, 148, 154, 99, 118, 22, 144, 104, 92, 0)
True, True, 0.3396, (0, 124, 47, 132, 78, 150, 18, 130, 0)
True, True, 0.0799, (0, 165, 131, 173, 24, 41, 65, 151, 135, 99, 0)
True, True, 0.0444, (0, 171, 111, 90, 3, 14, 0)
False, True, 0.5, (0, 30, 98, 60, 30, 0)
True, True, 0.4813, (0, 61, 115, 5, 32, 0)
False, True, 0.1336, (0, 103, 168, 164, 95, 168, 164, 96, 1, 0)
False, True, 0.3262, (0, 103, 96, 95, 168, 164, 95, 96, 103, 1, 0)
False, True, 0.0219, (0, 73, 167, 25, 73, 2, 0)
False, True, 0.0302, (0, 61, 160, 88, 49, 174, 88, 6, 0)
False, True, 0.0444, (0, 161, 101, 127, 161, 101, 127, 10, 0)
True, True, 0.2893, (0, 93, 157, 161, 36, 127, 14, 0)
True, True, 0.0302, (0, 138, 106, 63, 139, 140, 159, 15, 0)
False, True, 0.0435, (0, 88, 174, 49, 88, 174, 49, 88, 174, 21, 0)
True, True, 0.1186, (0, 129, 37, 29, 0)
True, True, 0.0856, (0, 42, 44, 7, 64, 117, 85, 168, 164, 95, 96, 0)
True, True, 0.1629, (0, 93, 157, 19, 127, 14, 0)
False, True, 0.1203, (0, 72, 136, 137, 89, 82, 116, 43, 20, 82, 89, 137, 136, 72, 0)
False, True, 0.1236, (0, 136, 137, 82, 20, 43, 116, 20, 0)
False, True, 0.489, (0, 153, 25, 102, 167, 25, 0)
True, True, 0.0222, (0, 114, 31, 172, 14, 175, 0)
True, True, 0.0111, (0, 90, 172, 15, 159, 140, 62, 39, 56, 0)
False, True, 0.0401, (0, 165, 70, 163, 54, 109, 1, 100, 54, 163, 70, 75, 165, 0)
True, True, 0.008, (0, 56, 114, 31, 172, 14, 0)
True, True, 0.0283, (0, 115, 105, 68, 146, 108, 141, 50, 18, 0)
False, True, 0.0449, (0, 61, 160, 174, 88, 49, 174, 88, 49, 174, 21, 0)
False, True, 0.0069, (0, 42, 44, 77, 142, 162, 35, 142, 77, 44, 0)
False, True, 0.0302, (0, 66, 88, 49, 174, 88, 49, 174, 21, 53, 0)
True, True, 0.1256, (0, 67, 97, 23, 32, 88, 0)
False, True, 0.054, (0, 130, 107, 5, 68, 146, 112, 68, 152, 126, 107, 0)
True, True, 0.0166, (0, 150, 46, 50, 141, 108, 146, 112, 37, 129, 80, 110, 0)
True, True, 0.0555, (0, 150, 46, 50, 94, 141, 108, 146, 112, 37, 129, 80, 115, 0)
True, True, 0.1999, (0, 61, 107, 68, 108, 141, 50, 18, 130, 0)
True, True, 0.107, (0, 61, 49, 130, 18, 150, 78, 132, 0)
True, True, 0.0725, (0, 160, 76, 87, 105, 80, 52, 4, 45, 133, 0)
False, True, 0.024, (0, 136, 89, 20, 116, 43, 20, 140, 0)
True, True, 0.0333, (0, 122, 111, 90, 3, 14, 143, 0)
False, True, 0.1937, (0, 160, 174, 32, 23, 174, 0)
True, True, 0.0111, (0, 122, 111, 90, 3, 14, 175, 0)
False, True, 0.0756, (0, 72, 136, 137, 89, 82, 116, 43, 20, 116, 82, 89, 136, 72, 0)
False, True, 0.0401, (0, 165, 75, 70, 163, 54, 100, 1, 109, 54, 70, 75, 165, 0)
False, True, 0.0337, (0, 64, 38, 48, 83, 38, 48, 119, 7, 0)
True, True, 0.0111, (0, 64, 117, 85, 125, 128, 52, 4, 110, 134, 55, 53, 0)
False, True, 0.1111, (0, 135, 151, 65, 41, 131, 173, 24, 41, 65, 0)
False, True, 0.0033, (0, 102, 72, 136, 137, 89, 82, 116, 20, 82, 89, 137, 136, 72, 0)
True, True, 0.024, (0, 61, 18, 43, 116, 82, 89, 72, 0)
False, True, 0.0311, (0, 64, 117, 85, 125, 128, 4, 52, 128, 125, 85, 64, 74, 0)
False, True, 0.0414, (0, 64, 85, 125, 128, 52, 4, 128, 125, 85, 81, 74, 0)
False, True, 0.2566, (0, 160, 76, 87, 28, 76, 87, 49, 88, 0)
False, True, 0.107, (0, 160, 88, 174, 49, 88, 17, 47, 97, 0)
True, True, 0.1111, (0, 148, 135, 131, 173, 24, 91, 57, 71, 104, 0)
False, True, 0.107, (0, 97, 20, 78, 43, 20, 124, 0)
False, True, 0.0115, (0, 135, 151, 65, 131, 173, 24, 41, 65, 154, 0)
True, True, 0.0048, (0, 73, 102, 12, 58, 161, 101, 127, 157, 0)
False, True, 0.3916, (0, 73, 102, 72, 145, 123, 12, 58, 167, 73, 0)
False, True, 0.0826, (0, 42, 51, 53, 158, 7, 77, 86, 44, 51, 42, 0)
False, True, 0.0103, (0, 73, 167, 102, 72, 12, 58, 167, 73, 140, 0)
False, True, 0.0328, (0, 133, 45, 119, 48, 83, 38, 48, 119, 45, 35, 0)
False, True, 0.0413, (0, 44, 158, 162, 142, 35, 162, 142, 158, 53, 42, 0)
True, True, 0.0005, (0, 86, 64, 117, 85, 125, 128, 52, 4, 110, 134, 55, 0)
False, True, 0.0345, (0, 44, 77, 7, 64, 117, 81, 64, 86, 57, 0)
False, True, 0.4465, (0, 97, 149, 132, 16, 149, 47, 124, 67, 0)
False, True, 0.0408, (0, 80, 105, 152, 126, 5, 68, 152, 105, 80, 0)
True, True, 0.3204, (0, 44, 133, 162, 110, 4, 52, 128, 125, 85, 117, 81, 0)
False, True, 0.3184, (0, 107, 126, 152, 68, 5, 126, 152, 105, 87, 0)
False, True, 0.107, (0, 67, 97, 149, 16, 132, 47, 124, 97, 0)
True, True, 0.1926, (0, 142, 45, 4, 52, 128, 125, 85, 164, 168, 103, 0)
True, True, 0.188, (0, 151, 65, 131, 173, 24, 91, 57, 71, 104, 0)
True, True, 0.3941, (0, 150, 46, 59, 94, 141, 108, 146, 112, 37, 129, 80, 115, 0)
False, True, 0.0337, (0, 44, 142, 35, 45, 119, 38, 83, 48, 119, 0)
False, True, 0.1368, (0, 46, 59, 50, 94, 59, 50, 18, 130, 0)
False, True, 0.054, (0, 99, 151, 65, 74, 41, 131, 173, 24, 131, 151, 135, 0)
False, True, 0.0128, (0, 31, 153, 39, 31, 153, 0)
True, True, 0.0302, (0, 62, 73, 167, 102, 72, 12, 58, 157, 0)
False, True, 0.0627, (0, 88, 174, 49, 76, 87, 28, 76, 160, 0)
False, True, 0.3595, (0, 75, 70, 163, 54, 100, 109, 1, 100, 54, 163, 70, 75, 165, 0)
False, True, 0.1339, (0, 135, 151, 65, 74, 41, 131, 173, 24, 131, 165, 0)
True, True, 0.0067, (0, 140, 73, 102, 72, 145, 123, 12, 58, 157, 93, 0)
False, True, 0.1078, (0, 64, 38, 83, 4, 52, 128, 125, 85, 117, 64, 0)
True, True, 0.0466, (0, 93, 157, 58, 12, 123, 72, 102, 167, 73, 0)
True, True, 0.0174, (0, 58, 12, 123, 145, 72, 102, 73, 140, 39, 0)
False, True, 0.1683, (0, 44, 77, 142, 162, 35, 142, 162, 158, 53, 51, 0)
True, True, 0.107, (0, 96, 95, 164, 168, 125, 128, 52, 4, 110, 134, 55, 0)
False, True, 0.0365, (0, 93, 101, 161, 127, 101, 161, 12, 58, 0)
True, True, 0.0213, (0, 44, 133, 7, 64, 85, 168, 164, 95, 96, 103, 0)
True, True, 0.1584, (0, 76, 105, 129, 37, 112, 146, 68, 152, 126, 107, 0)
True, True, 0.0283, (0, 61, 130, 107, 126, 152, 68, 112, 37, 129, 80, 110, 0)
False, True, 0.0408, (0, 76, 107, 130, 18, 107, 76, 115, 0)
True, True, 0.0337, (0, 81, 117, 85, 125, 128, 52, 4, 83, 48, 119, 0)
False, True, 0.0166, (0, 46, 94, 50, 59, 94, 50, 18, 130, 0)
True, True, 0.1948, (0, 81, 64, 38, 83, 48, 119, 45, 35, 162, 133, 0)
False, True, 0.1341, (0, 148, 135, 151, 65, 41, 173, 24, 41, 74, 135, 0)
False, True, 0.0539, (0, 135, 151, 65, 41, 173, 24, 41, 65, 135, 0)
False, True, 0.0996, (0, 20, 116, 43, 20, 89, 137, 140, 0)
False, True, 0.0571, (0, 148, 151, 131, 173, 24, 41, 65, 151, 135, 154, 0)
False, True, 0.1339, (0, 156, 92, 104, 144, 22, 118, 104, 92, 156, 0)
False, True, 0.0803, (0, 165, 75, 70, 163, 100, 109, 1, 100, 54, 163, 75, 165, 0)
False, True, 0.0414, (0, 162, 45, 119, 48, 83, 38, 48, 119, 45, 7, 0)
True, True, 0.1641, (0, 86, 64, 38, 83, 48, 119, 35, 44, 0)
True, True, 0.0646, (0, 61, 130, 107, 5, 68, 112, 146, 108, 141, 94, 50, 46, 0)
True, True, 0.0489, (0, 76, 105, 80, 4, 52, 128, 125, 85, 64, 0)
True, True, 0.0345, (0, 42, 44, 77, 7, 64, 117, 81, 86, 91, 0)
True, True, 0.0401, (0, 58, 123, 145, 121, 84, 113, 8, 155, 161, 93, 0)
True, True, 0.0125, (0, 61, 130, 18, 50, 141, 108, 68, 105, 0)
False, True, 0.0408, (0, 107, 126, 5, 68, 152, 126, 105, 80, 110, 0)
True, True, 0.0174, (0, 86, 64, 38, 83, 48, 119, 45, 35, 162, 133, 0)
True, True, 0.0466, (0, 73, 72, 145, 121, 84, 113, 8, 155, 161, 0)
False, True, 0.0201, (0, 165, 70, 54, 100, 109, 1, 100, 54, 70, 165, 0)
True, True, 0.0653, (0, 154, 135, 151, 74, 41, 24, 173, 131, 165, 0)
True, True, 0.0111, (0, 56, 114, 153, 31, 14, 143, 175, 0)
True, True, 0.0074, (0, 61, 18, 43, 116, 82, 89, 137, 136, 153, 0)
True, True, 0.0331, (0, 85, 125, 128, 52, 4, 80, 105, 87, 160, 0)
all_elementary, False
all_cyc2, True
