Instance, X-n294-k50
capacity, 285
min_trucks, 51
output_file, output_uchoa/X-n294-k50-ng8.log
Start date, 2022-06-26
Start time, 07-35-57
capacity, 285
num_vehicles, 51
abort_early, False
methods, ['ng8']
max_vars, 1000000
time_limit, 86400
farley, False
initial time, initial max_it, max_stale_it
1e-05, 2000000000.0, 20
heuristic Number of routes, heuristic Best Solution Value, heuristic number of iterations, adjusted time, adjusted max_it
525, 47161.0, 20, 1000.0, 20.0
method, python time, total time, propagated dominance time, unpropagated dominance time, pricing_success, upper_bound, lower_bound, abort_early, num_paths, 
ng8, 12.7, 5.1, 3.5, 0.8, 1, 47032.4812, -931169.5035, 0, 28583
ng8, 5.7, 1.9, 1.2, 0.3, 1, 47032.4812, -509654.1576, 0, 15868
ng8, 3.9, 1.4, 0.8, 0.2, 1, 47032.4812, -232628.7557, 0, 12380
ng8, 3.7, 1.7, 1.0, 0.2, 1, 47032.4812, -82732.9522, 0, 13429
ng8, 15.9, 6.2, 4.3, 0.9, 1, 47032.4812, -264212.5799, 0, 31377
ng8, 5.4, 2.5, 1.5, 0.3, 1, 47032.4812, -55892.1103, 0, 14988
ng8, 22.1, 4.2, 2.8, 0.6, 1, 47032.4812, -377352.5286, 0, 23953
ng8, 4.4, 2.4, 1.4, 0.3, 1, 47032.4812, -31110.0173, 0, 15700
ng8, 3.0, 2.3, 1.3, 0.3, 1, 47032.4812, -8628.175, 0, 10947
ng8, 3.0, 2.8, 1.6, 0.4, 1, 47032.0674, -25409.712, 0, 9848
ng8, 3.2, 4.4, 2.5, 0.7, 1, 47031.9103, 22949.3268, 0, 9983
ng8, 4.6, 4.7, 2.8, 0.7, 1, 46975.5797, -324.0775, 0, 13295
ng8, 2.1, 7.9, 4.8, 1.4, 1, 46961.3216, 33293.6652, 0, 6825
ng8, 1.7, 8.2, 5.1, 1.4, 1, 46890.3341, 32108.7026, 0, 6242
ng8, 0.7, 13.3, 8.5, 2.6, 1, 46808.9116, 39540.3493, 0, 2381
ng8, 0.3, 17.4, 11.3, 3.5, 1, 46644.3341, 42062.7675, 0, 1181
ng8, 0.3, 18.8, 12.4, 3.7, 1, 46529.7416, 38240.1714, 0, 796
ng8, 0.1, 20.3, 13.4, 4.1, 1, 46494.9322, 45160.3421, 0, 155
ng8, 0.1, 20.8, 13.8, 4.2, 1, 46482.581, 45832.8347, 0, 50
ng8, 0.1, 20.8, 13.8, 4.2, 1, 46476.6957, 46329.6626, 0, 6
ng8, 0.0, 20.5, 13.6, 4.1, 1, 46476.5657, 46476.5657, 0, 0
scip_total_time, 29466.336388
Solval, number of paths, impact cutoff
46476.56571650971, 262, 0.0001
Elementary, 2-Cycle, Path Value, Path
True, True, 0.3719, (0, 143, 26, 120, 292, 192, 28, 0)
True, True, 0.4213, (0, 235, 35, 280, 65, 112, 141, 0)
True, True, 0.6477, (0, 100, 215, 61, 267, 0)
True, True, 0.7161, (0, 213, 95, 123, 234, 203, 0)
True, True, 0.0636, (0, 46, 289, 99, 33, 11, 186, 0)
True, True, 0.1737, (0, 268, 3, 86, 237, 0)
True, True, 0.0246, (0, 102, 114, 256, 243, 279, 72, 0)
True, True, 0.3991, (0, 116, 221, 239, 288, 0)
True, True, 0.6485, (0, 134, 25, 113, 240, 262, 179, 0)
True, True, 0.5922, (0, 216, 181, 244, 147, 0)
True, True, 0.2711, (0, 82, 64, 162, 204, 146, 230, 0)
True, True, 0.1321, (0, 174, 85, 153, 109, 106, 271, 43, 0)
True, True, 0.073, (0, 255, 15, 182, 29, 229, 8, 119, 0)
True, True, 0.4197, (0, 98, 176, 55, 0)
True, True, 0.8353, (0, 17, 68, 264, 209, 258, 137, 0)
True, True, 0.9412, (0, 139, 236, 138, 272, 108, 0)
True, True, 0.9529, (0, 42, 173, 125, 93, 63, 0)
True, True, 0.6755, (0, 9, 200, 202, 165, 122, 0)
True, True, 0.6009, (0, 54, 135, 58, 233, 0)
True, True, 0.0693, (0, 30, 80, 152, 60, 57, 70, 71, 0)
True, True, 0.184, (0, 66, 255, 15, 182, 29, 229, 119, 0)
True, True, 0.228, (0, 192, 292, 142, 252, 26, 0)
True, True, 0.4817, (0, 141, 112, 19, 241, 56, 0)
True, True, 0.1152, (0, 115, 76, 184, 233, 0)
True, True, 0.0487, (0, 205, 71, 70, 57, 60, 152, 80, 0)
True, True, 0.4708, (0, 265, 51, 34, 191, 18, 196, 0)
True, True, 0.2402, (0, 218, 126, 199, 187, 0)
True, True, 0.0971, (0, 235, 112, 19, 241, 56, 0)
True, True, 0.3005, (0, 178, 270, 76, 115, 0)
True, True, 0.7084, (0, 99, 268, 246, 238, 0)
True, True, 0.3474, (0, 90, 62, 197, 275, 37, 171, 251, 146, 0)
True, True, 0.0043, (0, 2, 22, 105, 225, 164, 59, 107, 153, 0)
True, True, 0.0416, (0, 43, 271, 106, 194, 109, 85, 174, 0)
True, True, 0.7572, (0, 208, 47, 286, 212, 53, 39, 0)
True, True, 0.1607, (0, 231, 178, 270, 259, 24, 0)
True, True, 0.1147, (0, 242, 282, 117, 269, 45, 0)
True, True, 0.2783, (0, 27, 111, 170, 210, 156, 0)
True, True, 0.6613, (0, 157, 101, 89, 32, 273, 0)
True, True, 0.1386, (0, 253, 22, 105, 225, 164, 59, 107, 83, 43, 0)
True, True, 0.343, (0, 77, 172, 174, 271, 106, 194, 168, 0)
True, True, 0.0677, (0, 232, 18, 191, 34, 0)
True, True, 0.1355, (0, 92, 102, 169, 31, 237, 58, 0)
True, True, 0.0209, (0, 23, 80, 4, 1, 87, 0)
True, True, 0.6613, (0, 74, 16, 222, 217, 232, 0)
True, True, 0.3523, (0, 218, 211, 126, 199, 100, 0)
True, True, 0.2839, (0, 3, 86, 11, 33, 289, 144, 0)
True, True, 0.2636, (0, 92, 169, 237, 135, 58, 0)
True, True, 0.1526, (0, 283, 247, 250, 136, 230, 0)
True, True, 0.1387, (0, 16, 159, 77, 168, 281, 154, 0)
True, True, 0.1337, (0, 280, 19, 241, 56, 192, 0)
True, True, 0.1905, (0, 285, 198, 95, 123, 203, 35, 235, 0)
True, True, 0.2077, (0, 190, 239, 189, 221, 0)
True, True, 0.2176, (0, 64, 253, 83, 109, 106, 271, 43, 0)
True, True, 0.0226, (0, 98, 176, 232, 217, 265, 0)
True, True, 0.6009, (0, 69, 188, 288, 180, 45, 0)
True, True, 0.1807, (0, 221, 189, 239, 91, 190, 0)
True, True, 0.1561, (0, 205, 71, 70, 57, 60, 152, 80, 104, 0)
True, True, 0.3314, (0, 216, 181, 283, 147, 261, 0)
True, True, 0.3264, (0, 178, 267, 61, 215, 0)
True, True, 0.4322, (0, 266, 206, 124, 10, 151, 257, 75, 198, 285, 0)
True, True, 0.1355, (0, 135, 237, 31, 169, 102, 92, 0)
True, True, 0.4202, (0, 40, 256, 114, 84, 91, 0)
True, True, 0.1561, (0, 92, 291, 185, 117, 131, 269, 0)
True, True, 0.1562, (0, 30, 23, 152, 4, 127, 254, 132, 0)
True, True, 0.2044, (0, 201, 194, 109, 106, 43, 0)
True, True, 0.1693, (0, 28, 292, 142, 252, 228, 211, 0)
True, True, 0.6686, (0, 261, 12, 214, 276, 50, 0)
True, True, 0.3022, (0, 72, 279, 40, 114, 84, 0)
True, True, 0.3961, (0, 291, 149, 48, 81, 102, 0)
True, True, 0.0166, (0, 33, 11, 86, 3, 102, 0)
True, True, 0.1009, (0, 190, 188, 69, 0)
True, True, 0.0934, (0, 213, 123, 234, 65, 280, 0)
True, True, 0.219, (0, 98, 176, 55, 196, 0)
True, True, 0.0138, (0, 190, 239, 189, 116, 0)
True, True, 0.1009, (0, 273, 103, 180, 69, 0)
True, True, 0.2605, (0, 28, 228, 142, 252, 120, 0)
True, True, 0.0353, (0, 137, 68, 209, 264, 138, 0)
True, True, 0.0118, (0, 137, 258, 209, 264, 138, 108, 0)
True, True, 0.0693, (0, 72, 243, 205, 71, 70, 60, 152, 4, 80, 30, 0)
True, True, 0.0823, (0, 94, 7, 258, 209, 264, 68, 17, 0)
False, True, 0.1806, (0, 55, 265, 217, 232, 55, 0)
True, True, 0.117, (0, 226, 290, 140, 41, 165, 202, 200, 9, 0)
True, True, 0.2378, (0, 154, 281, 156, 170, 111, 44, 103, 0)
True, True, 0.0078, (0, 245, 284, 13, 248, 110, 0)
True, True, 0.3991, (0, 91, 223, 54, 189, 116, 0)
False, True, 0.3264, (0, 231, 270, 259, 231, 0)
True, True, 0.0971, (0, 235, 35, 141, 280, 65, 234, 213, 0)
True, True, 0.2153, (0, 159, 175, 73, 38, 15, 229, 8, 0)
True, True, 0.2839, (0, 233, 46, 130, 184, 115, 0)
True, True, 0.0604, (0, 213, 280, 19, 241, 56, 228, 0)
True, True, 0.033, (0, 213, 19, 241, 56, 292, 0)
True, True, 0.0693, (0, 72, 243, 205, 71, 57, 60, 152, 4, 0)
True, True, 0.0287, (0, 243, 205, 70, 57, 60, 152, 80, 0)
True, True, 0.1418, (0, 130, 46, 289, 99, 33, 186, 144, 184, 0)
True, True, 0.2839, (0, 285, 75, 257, 151, 10, 124, 186, 144, 130, 0)
True, True, 0.2197, (0, 85, 153, 107, 164, 225, 105, 22, 0)
True, True, 0.2839, (0, 76, 266, 206, 10, 151, 257, 75, 198, 0)
True, True, 0.1941, (0, 35, 65, 19, 292, 0)
True, True, 0.0061, (0, 144, 33, 11, 86, 3, 0)
True, True, 0.3387, (0, 103, 5, 36, 27, 195, 32, 0)
True, True, 0.3073, (0, 77, 168, 172, 38, 73, 175, 255, 159, 0)
True, True, 0.0677, (0, 51, 34, 191, 18, 217, 0)
True, True, 0.0235, (0, 108, 173, 272, 125, 63, 0)
True, True, 0.2528, (0, 196, 284, 13, 277, 7, 94, 110, 0)
True, True, 0.0641, (0, 284, 13, 277, 248, 177, 0)
True, True, 0.1347, (0, 218, 126, 187, 224, 24, 0)
True, True, 0.061, (0, 1, 14, 127, 249, 161, 96, 0)
True, True, 0.1586, (0, 184, 266, 206, 124, 11, 33, 144, 0)
True, True, 0.1253, (0, 266, 206, 124, 11, 33, 186, 0)
True, True, 0.1941, (0, 228, 56, 241, 65, 280, 235, 0)
True, True, 0.5346, (0, 104, 185, 149, 81, 48, 227, 72, 0)
False, True, 0.142, (0, 150, 78, 212, 286, 47, 53, 78, 0)
True, True, 0.039, (0, 220, 290, 140, 166, 219, 0)
False, True, 0.0259, (0, 224, 267, 61, 224, 0)
False, True, 0.0693, (0, 291, 149, 81, 291, 0)
True, True, 0.1179, (0, 279, 205, 71, 70, 57, 60, 4, 0)
True, True, 0.0846, (0, 211, 26, 252, 142, 228, 192, 28, 0)
True, True, 0.3124, (0, 177, 110, 248, 94, 182, 29, 0)
True, True, 0.0693, (0, 48, 205, 71, 70, 57, 152, 30, 0)
True, True, 0.2776, (0, 227, 279, 243, 256, 40, 0)
True, True, 0.0677, (0, 232, 217, 191, 18, 51, 0)
True, True, 0.039, (0, 290, 140, 166, 219, 79, 0)
False, True, 0.1866, (0, 190, 88, 231, 259, 270, 178, 88, 0)
True, True, 0.2916, (0, 223, 238, 237, 169, 102, 0)
True, True, 0.0394, (0, 246, 268, 33, 186, 144, 130, 0)
False, True, 0.1233, (0, 222, 119, 177, 245, 222, 0)
False, True, 0.2176, (0, 224, 187, 218, 126, 224, 0)
True, True, 0.0115, (0, 260, 242, 282, 293, 269, 0)
True, True, 0.2378, (0, 103, 36, 27, 273, 0)
True, True, 0.0753, (0, 177, 248, 94, 7, 13, 284, 0)
True, True, 0.2889, (0, 177, 110, 248, 7, 284, 0)
True, True, 0.3622, (0, 30, 23, 14, 1, 0)
True, True, 0.1472, (0, 227, 205, 71, 70, 57, 60, 23, 0)
False, True, 0.2776, (0, 31, 279, 243, 256, 84, 31, 0)
True, True, 0.0934, (0, 285, 198, 95, 234, 203, 35, 0)
True, True, 0.0406, (0, 227, 205, 70, 57, 60, 152, 80, 0)
True, True, 0.0259, (0, 224, 215, 259, 270, 178, 88, 0)
True, True, 0.253, (0, 30, 80, 4, 60, 57, 70, 71, 205, 243, 114, 0)
True, True, 0.0214, (0, 284, 13, 277, 248, 177, 119, 0)
True, True, 0.0353, (0, 17, 236, 264, 209, 68, 137, 0)
False, True, 0.4728, (0, 160, 293, 282, 242, 117, 131, 160, 0)
True, True, 0.1146, (0, 177, 110, 248, 94, 7, 284, 0)
False, True, 0.0603, (0, 287, 150, 39, 78, 133, 287, 0)
False, True, 0.0598, (0, 269, 131, 117, 242, 269, 0)
False, True, 0.3523, (0, 24, 224, 187, 199, 24, 0)
False, True, 0.0905, (0, 133, 208, 39, 78, 133, 0)
True, True, 0.0228, (0, 108, 93, 125, 17, 277, 13, 0)
True, True, 0.0706, (0, 284, 277, 137, 258, 7, 94, 119, 0)
True, True, 0.1691, (0, 269, 131, 282, 242, 163, 0)
True, True, 0.0697, (0, 148, 204, 62, 197, 275, 37, 171, 0)
True, True, 0.0307, (0, 201, 2, 194, 106, 174, 168, 0)
True, True, 0.0817, (0, 20, 49, 134, 25, 113, 262, 179, 0)
True, True, 0.1029, (0, 281, 156, 210, 111, 27, 0)
True, True, 0.0008, (0, 284, 277, 17, 125, 93, 108, 0)
True, True, 0.0235, (0, 196, 63, 139, 13, 277, 7, 248, 110, 0)
False, True, 0.0862, (0, 130, 144, 33, 99, 289, 46, 130, 0)
True, True, 0.0118, (0, 272, 138, 236, 17, 139, 0)
True, True, 0.0132, (0, 5, 263, 49, 134, 113, 240, 262, 0)
True, True, 0.2927, (0, 87, 4, 152, 80, 23, 0)
True, True, 0.0118, (0, 196, 245, 284, 13, 277, 139, 0)
True, True, 0.1691, (0, 263, 49, 134, 25, 240, 262, 179, 0)
True, True, 0.0118, (0, 139, 17, 236, 68, 137, 277, 0)
True, True, 0.3811, (0, 195, 36, 111, 170, 210, 156, 281, 0)
True, True, 0.3962, (0, 254, 127, 249, 14, 1, 87, 293, 0)
False, True, 0.3005, (0, 88, 259, 76, 184, 115, 88, 0)
True, True, 0.117, (0, 211, 143, 26, 155, 21, 278, 118, 0)
True, True, 0.0552, (0, 226, 218, 126, 199, 187, 0)
True, True, 0.092, (0, 8, 29, 94, 248, 7, 277, 13, 284, 0)
True, True, 0.2197, (0, 171, 37, 275, 197, 62, 225, 22, 2, 0)
True, True, 0.961, (0, 207, 274, 79, 220, 6, 0)
True, True, 0.0209, (0, 254, 127, 249, 14, 4, 80, 23, 30, 0)
True, True, 0.0036, (0, 211, 228, 252, 142, 292, 35, 0)
True, True, 0.0221, (0, 196, 93, 272, 173, 42, 0)
True, True, 0.346, (0, 3, 86, 11, 186, 289, 46, 0)
True, True, 0.02, (0, 136, 240, 113, 49, 0)
False, True, 0.0307, (0, 174, 106, 194, 109, 85, 174, 77, 0)
True, True, 0.2197, (0, 275, 197, 62, 164, 59, 83, 0)
True, True, 0.0866, (0, 158, 183, 161, 249, 132, 96, 0)
False, True, 0.1402, (0, 143, 252, 142, 120, 143, 0)
True, True, 0.1737, (0, 246, 3, 86, 31, 169, 0)
True, True, 0.3497, (0, 172, 174, 85, 109, 194, 2, 201, 0)
True, True, 0.1912, (0, 210, 148, 162, 204, 90, 64, 201, 0)
True, True, 0.3093, (0, 163, 269, 104, 185, 291, 92, 223, 0)
False, True, 0.4285, (0, 245, 277, 13, 245, 0)
True, True, 0.5012, (0, 97, 158, 183, 161, 132, 260, 0)
True, True, 0.0828, (0, 193, 183, 161, 249, 127, 254, 87, 260, 0)
True, True, 0.0132, (0, 263, 49, 25, 113, 262, 0)
True, True, 0.0465, (0, 210, 276, 214, 148, 82, 281, 0)
False, True, 0.3937, (0, 287, 133, 150, 34, 51, 287, 0)
False, True, 0.2641, (0, 145, 67, 158, 96, 97, 67, 145, 0)
True, True, 0.2384, (0, 154, 50, 276, 214, 12, 0)
True, True, 0.0182, (0, 195, 216, 283, 244, 147, 170, 0)
True, True, 0.0022, (0, 85, 109, 153, 83, 253, 64, 0)
True, True, 0.0963, (0, 5, 263, 52, 183, 96, 97, 0)
True, True, 0.0921, (0, 250, 136, 171, 37, 251, 146, 0)
True, True, 0.0874, (0, 145, 52, 134, 25, 49, 20, 0)
False, True, 0.3179, (0, 82, 162, 204, 90, 64, 82, 0)
False, True, 0.4025, (0, 290, 140, 41, 129, 121, 166, 128, 140, 290, 0)
True, True, 0.0485, (0, 250, 240, 113, 49, 20, 0)
True, True, 0.0457, (0, 211, 143, 26, 120, 142, 228, 28, 0)
True, True, 0.3237, (0, 5, 67, 193, 52, 263, 20, 44, 0)
True, True, 0.3387, (0, 119, 8, 229, 29, 182, 15, 175, 66, 0)
True, True, 0.1722, (0, 260, 87, 254, 127, 249, 161, 183, 96, 0)
True, True, 0.326, (0, 265, 18, 191, 150, 133, 0)
True, True, 0.078, (0, 166, 121, 129, 167, 21, 155, 143, 0)
True, True, 0.025, (0, 78, 47, 286, 42, 208, 150, 0)
True, True, 0.2131, (0, 148, 162, 105, 22, 59, 107, 153, 0)
True, True, 0.2022, (0, 43, 271, 85, 153, 83, 253, 201, 0)
True, True, 0.766, (0, 278, 155, 21, 167, 118, 219, 226, 0)
True, True, 0.2, (0, 157, 159, 38, 73, 255, 66, 16, 0)
True, True, 0.068, (0, 143, 120, 142, 228, 192, 28, 0)
True, True, 0.0756, (0, 163, 1, 14, 127, 254, 132, 96, 0)
True, True, 0.3387, (0, 154, 89, 101, 74, 176, 98, 0)
True, True, 0.117, (0, 219, 118, 278, 167, 129, 121, 166, 128, 0)
True, True, 0.078, (0, 53, 212, 9, 200, 202, 165, 41, 121, 128, 0)
True, True, 0.0066, (0, 162, 204, 105, 22, 59, 107, 153, 0)
True, True, 0.1007, (0, 247, 136, 240, 113, 179, 0)
True, True, 0.1435, (0, 148, 230, 251, 171, 136, 250, 247, 0)
True, True, 0.2894, (0, 148, 230, 146, 251, 136, 250, 0)
False, True, 0.0245, (0, 163, 269, 282, 117, 131, 269, 0)
True, True, 0.0706, (0, 67, 193, 158, 96, 260, 269, 0)
True, True, 0.1973, (0, 69, 188, 180, 45, 0)
True, True, 0.1009, (0, 188, 221, 116, 180, 0)
False, True, 0.1978, (0, 2, 253, 22, 105, 225, 164, 59, 107, 83, 2, 0)
False, True, 0.1657, (0, 244, 283, 247, 250, 244, 195, 0)
True, True, 0.0265, (0, 195, 147, 244, 181, 283, 12, 0)
True, True, 0.078, (0, 128, 129, 41, 165, 202, 200, 9, 78, 0)
False, True, 0.0544, (0, 163, 160, 117, 282, 242, 163, 0)
True, True, 0.039, (0, 287, 133, 39, 78, 6, 226, 0)
True, True, 0.0219, (0, 201, 253, 83, 109, 85, 271, 43, 0)
True, True, 0.061, (0, 193, 183, 161, 249, 254, 132, 96, 97, 0)
True, True, 0.0382, (0, 195, 216, 181, 283, 170, 0)
False, True, 0.1276, (0, 283, 247, 251, 37, 171, 136, 247, 0)
True, True, 0.053, (0, 78, 39, 47, 208, 150, 287, 0)
False, True, 0.092, (0, 222, 119, 8, 229, 182, 15, 8, 0)
True, True, 0.0742, (0, 247, 136, 262, 113, 49, 20, 0)
True, True, 0.3844, (0, 145, 193, 52, 49, 20, 263, 44, 0)
True, True, 0.0015, (0, 93, 272, 173, 286, 53, 0)
True, True, 0.0785, (0, 246, 268, 33, 289, 46, 130, 0)
True, True, 0.2197, (0, 253, 105, 225, 164, 59, 107, 153, 0)
True, True, 0.1387, (0, 159, 66, 255, 73, 38, 168, 77, 157, 0)
False, True, 0.1137, (0, 211, 192, 228, 252, 120, 26, 211, 0)
True, True, 0.0465, (0, 281, 50, 82, 148, 276, 0)
False, True, 0.0015, (0, 226, 78, 212, 286, 47, 208, 78, 0)
True, True, 0.0775, (0, 163, 260, 96, 158, 97, 193, 67, 5, 0)
False, True, 0.0213, (0, 226, 78, 208, 47, 286, 212, 53, 78, 0)
True, True, 0.0465, (0, 281, 50, 214, 12, 170, 154, 0)
True, True, 0.02, (0, 195, 147, 244, 216, 283, 12, 0)
True, True, 0.0971, (0, 119, 8, 229, 15, 38, 73, 175, 255, 66, 0)
True, True, 0.039, (0, 207, 274, 219, 167, 21, 155, 26, 143, 0)
False, True, 0.1177, (0, 163, 282, 242, 117, 131, 163, 0)
False, True, 0.1116, (0, 190, 239, 189, 221, 190, 0)
True, True, 0.1435, (0, 230, 37, 275, 197, 62, 90, 204, 0)
True, True, 0.1082, (0, 283, 247, 250, 49, 52, 5, 0)
True, True, 0.0116, (0, 195, 147, 244, 283, 181, 44, 0)
True, True, 0.0416, (0, 77, 168, 43, 271, 174, 38, 73, 175, 66, 0)
True, True, 0.3245, (0, 128, 166, 121, 129, 41, 122, 78, 0)
True, True, 0.0353, (0, 293, 282, 87, 254, 127, 249, 161, 132, 96, 0)
True, True, 0.0842, (0, 293, 1, 14, 249, 132, 260, 0)
True, True, 0.0871, (0, 190, 239, 189, 116, 45, 0)
True, True, 0.0515, (0, 208, 286, 200, 202, 165, 9, 0)
False, True, 0.0425, (0, 103, 5, 36, 27, 44, 103, 0)
all_elementary, False
all_cyc2, True
