Instance, X-n289-k60
capacity, 267
min_trucks, 61
output_file, output_uchoa/X-n289-k60-ng20.log
Start date, 2022-06-24
Start time, 05-57-18
capacity, 267
num_vehicles, 61
abort_early, False
methods, ['ng20']
max_vars, 1000000
time_limit, 86400
farley, False
initial time, initial max_it, max_stale_it
1e-05, 2000000000.0, 20
heuristic Number of routes, heuristic Best Solution Value, heuristic number of iterations, adjusted time, adjusted max_it
196453, 95909.0, 20000, 1.0, 20000.0
method, python time, total time, propagated dominance time, unpropagated dominance time, pricing_success, upper_bound, lower_bound, abort_early, num_paths, 
ng20, 0.2, 10137.0, 8424.8, 1682.2, 1, 94707.3563, 92045.0681, 0, 285
ng20, 0.2, 12270.7, 10285.7, 1952.3, 1, 94698.59, 93930.6408, 0, 44
ng20, 0.2, 12172.8, 10087.5, 2052.7, 1, 94696.9168, 94115.5011, 0, 18
ng20, 0.1, 12464.9, 10345.8, 2086.0, 1, 94696.8348, 94643.3491, 0, 2
ng20, 0.1, 12376.3, 10273.4, 2070.2, 1, 94696.8342, 94696.8342, 0, 0
scip_total_time, 82402.135487
Solval, number of paths, impact cutoff
94696.83415154034, 259, 0.0001
Elementary, 2-Cycle, Path Value, Path
True, True, 0.4401, (0, 248, 263, 214, 275, 0)
True, True, 0.1961, (0, 70, 61, 33, 92, 0)
True, True, 0.4401, (0, 233, 282, 217, 0)
True, True, 0.3181, (0, 95, 172, 225, 13, 39, 0)
True, True, 0.0773, (0, 96, 186, 102, 184, 0)
True, True, 0.288, (0, 138, 42, 93, 106, 0)
True, True, 0.6035, (0, 76, 183, 288, 0)
True, True, 0.6046, (0, 197, 148, 269, 0)
True, True, 0.1156, (0, 252, 215, 279, 43, 0)
True, True, 0.2941, (0, 22, 153, 28, 154, 0)
True, True, 0.1642, (0, 121, 198, 219, 256, 0)
True, True, 0.1462, (0, 249, 218, 192, 0)
True, True, 0.1633, (0, 271, 105, 177, 150, 272, 199, 0)
True, True, 0.4155, (0, 189, 170, 206, 0)
True, True, 1.0, (0, 169, 145, 254, 0)
True, True, 0.6692, (0, 175, 201, 167, 185, 0)
True, True, 0.5859, (0, 40, 241, 16, 91, 0)
True, True, 0.4621, (0, 15, 255, 245, 239, 0)
True, True, 0.8844, (0, 279, 243, 238, 265, 0)
True, True, 0.8844, (0, 277, 252, 228, 0)
True, True, 0.6046, (0, 198, 219, 280, 256, 0)
True, True, 0.6336, (0, 37, 35, 121, 75, 0)
True, True, 0.207, (0, 91, 239, 94, 255, 0)
True, True, 0.6887, (0, 107, 195, 270, 0)
True, True, 0.5229, (0, 267, 213, 136, 0)
True, True, 0.0726, (0, 59, 6, 268, 12, 0)
True, True, 0.6233, (0, 181, 1, 32, 240, 0)
True, True, 0.0847, (0, 189, 170, 253, 0)
True, True, 0.1462, (0, 218, 249, 51, 0)
True, True, 0.0309, (0, 212, 40, 16, 166, 0)
True, True, 0.793, (0, 204, 94, 209, 0)
True, True, 0.2136, (0, 133, 5, 34, 14, 112, 7, 21, 85, 130, 57, 0)
True, True, 0.4401, (0, 2, 25, 278, 0)
True, True, 0.2271, (0, 203, 131, 213, 142, 0)
True, True, 0.0652, (0, 93, 113, 11, 0)
True, True, 0.0842, (0, 240, 170, 189, 0)
True, True, 0.5234, (0, 236, 17, 235, 99, 221, 222, 161, 89, 160, 0)
True, True, 0.2271, (0, 126, 56, 123, 0)
True, True, 0.5599, (0, 275, 233, 25, 0)
True, True, 0.133, (0, 151, 61, 33, 80, 73, 115, 0)
True, True, 0.7689, (0, 196, 215, 43, 266, 0)
True, True, 0.1866, (0, 58, 82, 278, 0)
True, True, 0.0197, (0, 3, 274, 174, 75, 0)
True, True, 0.5845, (0, 253, 206, 210, 0)
True, True, 0.7075, (0, 51, 249, 192, 0)
True, True, 0.0661, (0, 57, 85, 8, 111, 117, 108, 21, 7, 112, 14, 0)
True, True, 0.2568, (0, 165, 227, 226, 134, 50, 120, 0)
True, True, 0.5599, (0, 282, 147, 217, 0)
True, True, 0.0829, (0, 69, 225, 172, 157, 0)
True, True, 0.4045, (0, 158, 184, 229, 0)
True, True, 0.1462, (0, 193, 240, 286, 53, 0)
True, True, 0.3733, (0, 54, 234, 179, 0)
True, True, 0.7023, (0, 128, 20, 135, 0)
True, True, 0.2001, (0, 78, 246, 123, 203, 0)
True, True, 0.9348, (0, 137, 124, 103, 113, 0)
True, True, 0.5955, (0, 158, 65, 251, 52, 0)
True, True, 0.5315, (0, 64, 9, 41, 88, 0)
True, True, 0.1238, (0, 40, 241, 16, 239, 0)
True, True, 0.4002, (0, 146, 191, 257, 72, 211, 212, 0)
True, True, 0.0084, (0, 96, 216, 261, 95, 0)
True, True, 0.1268, (0, 193, 32, 240, 286, 0)
True, True, 0.2785, (0, 245, 146, 166, 212, 0)
True, True, 0.2615, (0, 246, 110, 45, 156, 0)
True, True, 0.1224, (0, 196, 229, 232, 0)
True, True, 0.3954, (0, 197, 155, 280, 0)
True, True, 0.3308, (0, 185, 167, 179, 1, 0)
True, True, 0.2977, (0, 78, 114, 30, 128, 0)
True, True, 0.5362, (0, 203, 156, 123, 246, 0)
True, True, 0.3113, (0, 107, 214, 263, 248, 0)
True, True, 0.3821, (0, 288, 216, 230, 0)
True, True, 0.7059, (0, 244, 106, 11, 22, 0)
True, True, 0.4771, (0, 182, 36, 247, 0)
True, True, 0.4155, (0, 210, 170, 189, 0)
True, True, 0.5951, (0, 114, 125, 110, 0)
True, True, 0.7385, (0, 90, 56, 284, 45, 0)
True, True, 0.2359, (0, 176, 102, 186, 178, 0)
True, True, 0.3308, (0, 193, 253, 201, 15, 0)
True, True, 0.4994, (0, 191, 257, 72, 71, 264, 48, 194, 224, 276, 237, 0)
True, True, 0.2594, (0, 245, 146, 166, 16, 0)
True, True, 0.2977, (0, 78, 20, 135, 0)
True, True, 0.207, (0, 239, 209, 91, 15, 0)
True, True, 0.193, (0, 178, 232, 261, 69, 0)
True, True, 0.2878, (0, 76, 229, 183, 0)
True, True, 0.1733, (0, 266, 251, 219, 198, 0)
True, True, 0.0837, (0, 90, 284, 120, 131, 0)
True, True, 0.3113, (0, 270, 195, 136, 0)
True, True, 1.0, (0, 149, 187, 273, 0)
True, True, 0.1156, (0, 265, 238, 243, 43, 0)
True, True, 0.1866, (0, 58, 82, 2, 0)
True, True, 0.1087, (0, 196, 184, 183, 0)
True, True, 0.3396, (0, 116, 59, 6, 268, 0)
True, True, 0.6267, (0, 180, 82, 58, 0)
True, True, 0.5229, (0, 47, 247, 36, 38, 0)
True, True, 0.5001, (0, 63, 139, 27, 152, 77, 143, 0)
True, True, 0.5198, (0, 97, 13, 18, 98, 0)
True, True, 0.1853, (0, 261, 229, 184, 0)
True, True, 0.1004, (0, 54, 211, 191, 166, 0)
True, True, 0.6126, (0, 50, 259, 69, 42, 93, 138, 0)
True, True, 0.4119, (0, 28, 200, 157, 0)
True, True, 0.0234, (0, 235, 99, 221, 8, 21, 7, 14, 112, 85, 0)
True, True, 0.1087, (0, 186, 262, 184, 215, 0)
True, True, 0.1462, (0, 192, 51, 250, 0)
True, True, 0.4771, (0, 62, 168, 53, 250, 0)
True, True, 0.3818, (0, 17, 235, 99, 221, 81, 85, 130, 0)
True, True, 0.1711, (0, 44, 19, 188, 80, 73, 115, 55, 122, 111, 0)
True, True, 0.1434, (0, 131, 284, 90, 110, 0)
True, True, 0.2903, (0, 212, 171, 281, 234, 0)
True, True, 0.0366, (0, 78, 123, 156, 203, 0)
True, True, 0.0195, (0, 53, 286, 218, 250, 0)
True, True, 0.0976, (0, 268, 6, 59, 127, 84, 0)
True, True, 0.3737, (0, 63, 176, 186, 102, 262, 0)
True, True, 0.2594, (0, 40, 54, 234, 0)
True, True, 0.1665, (0, 241, 211, 237, 54, 0)
True, True, 0.6179, (0, 230, 96, 70, 66, 0)
True, True, 0.1072, (0, 126, 125, 114, 0)
True, True, 0.5989, (0, 95, 172, 261, 79, 0)
True, True, 0.2439, (0, 157, 148, 200, 0)
True, True, 0.4902, (0, 174, 268, 6, 67, 0)
True, True, 0.6698, (0, 171, 281, 272, 199, 271, 0)
True, True, 0.2089, (0, 260, 188, 80, 33, 61, 77, 0)
True, True, 0.1087, (0, 76, 184, 228, 0)
True, True, 0.0652, (0, 182, 138, 42, 69, 50, 0)
True, True, 0.4771, (0, 131, 38, 267, 142, 0)
True, True, 0.1657, (0, 214, 136, 156, 78, 0)
True, True, 0.1657, (0, 248, 263, 168, 62, 0)
True, True, 0.1515, (0, 200, 148, 155, 0)
True, True, 0.207, (0, 255, 204, 166, 0)
True, True, 0.3733, (0, 180, 2, 278, 0)
True, True, 0.3572, (0, 168, 181, 286, 218, 0)
True, True, 0.186, (0, 77, 92, 70, 176, 86, 0)
True, True, 0.0354, (0, 14, 112, 7, 21, 108, 117, 55, 111, 81, 0)
True, True, 0.2097, (0, 154, 153, 75, 52, 37, 0)
True, True, 0.3664, (0, 116, 84, 67, 3, 46, 35, 0)
True, True, 0.0578, (0, 198, 65, 277, 79, 0)
True, True, 0.3308, (0, 218, 286, 193, 175, 0)
True, True, 0.2499, (0, 32, 179, 142, 213, 0)
True, True, 0.0685, (0, 154, 79, 157, 95, 0)
True, True, 0.0652, (0, 137, 154, 200, 157, 0)
True, True, 0.3954, (0, 269, 155, 232, 0)
True, True, 0.0061, (0, 39, 18, 225, 95, 154, 0)
True, True, 0.3572, (0, 250, 53, 62, 147, 0)
True, True, 0.2964, (0, 178, 86, 216, 96, 0)
True, True, 0.3643, (0, 87, 205, 208, 151, 134, 120, 0)
True, True, 0.0652, (0, 157, 200, 124, 0)
True, True, 0.0145, (0, 288, 232, 261, 0)
True, True, 0.2371, (0, 12, 46, 3, 64, 132, 0)
True, True, 0.1435, (0, 46, 274, 64, 67, 116, 0)
True, True, 0.2044, (0, 86, 262, 186, 176, 0)
True, True, 0.0131, (0, 73, 80, 33, 61, 92, 151, 0)
True, True, 0.1238, (0, 241, 166, 255, 0)
True, True, 0.137, (0, 12, 52, 121, 153, 75, 0)
True, True, 0.0385, (0, 234, 171, 237, 72, 211, 0)
True, True, 0.3132, (0, 216, 86, 102, 262, 0)
True, True, 0.2771, (0, 143, 61, 33, 80, 188, 0)
True, True, 0.0829, (0, 248, 214, 263, 147, 0)
True, True, 0.0069, (0, 259, 184, 215, 228, 0)
True, True, 0.0578, (0, 155, 277, 65, 52, 0)
True, True, 0.0344, (0, 30, 5, 133, 130, 56, 90, 0)
True, True, 0.0195, (0, 286, 181, 240, 193, 0)
True, True, 0.0084, (0, 97, 13, 18, 63, 151, 0)
True, True, 0.0385, (0, 54, 281, 234, 0)
True, True, 0.0327, (0, 160, 89, 287, 208, 226, 120, 0)
True, True, 0.1178, (0, 63, 139, 27, 152, 92, 143, 0)
True, True, 0.0578, (0, 274, 266, 65, 219, 0)
True, True, 0.0061, (0, 69, 42, 93, 106, 0)
True, True, 0.0668, (0, 111, 73, 80, 33, 61, 260, 0)
True, True, 0.0624, (0, 154, 200, 157, 39, 259, 0)
True, True, 0.0459, (0, 1, 142, 179, 193, 0)
True, True, 0.0022, (0, 30, 125, 246, 78, 0)
True, True, 0.0216, (0, 83, 60, 68, 24, 88, 119, 127, 84, 26, 0)
True, True, 0.075, (0, 44, 19, 122, 55, 117, 21, 7, 112, 14, 0)
True, True, 0.2748, (0, 225, 232, 178, 79, 0)
True, True, 0.0633, (0, 274, 59, 174, 37, 0)
True, True, 0.2889, (0, 3, 274, 9, 41, 127, 0)
True, True, 0.3821, (0, 98, 66, 92, 152, 27, 139, 0)
True, True, 0.1651, (0, 46, 9, 41, 88, 119, 0)
True, True, 0.0652, (0, 37, 121, 153, 103, 0)
True, True, 0.1732, (0, 14, 112, 7, 21, 117, 55, 122, 111, 8, 81, 236, 0)
True, True, 0.2955, (0, 125, 30, 5, 133, 57, 126, 0)
True, True, 0.3702, (0, 126, 57, 130, 133, 5, 34, 30, 0)
True, True, 0.098, (0, 227, 226, 134, 151, 208, 205, 287, 87, 0)
True, True, 0.4268, (0, 174, 59, 274, 132, 0)
True, True, 0.0714, (0, 87, 160, 89, 161, 235, 81, 85, 34, 0)
True, True, 0.2311, (0, 256, 65, 251, 12, 0)
True, True, 0.3181, (0, 259, 39, 18, 225, 97, 0)
True, True, 0.0619, (0, 146, 257, 72, 211, 54, 0)
True, True, 0.1049, (0, 143, 77, 92, 61, 33, 80, 115, 0)
True, True, 0.2945, (0, 173, 104, 23, 141, 49, 31, 4, 144, 129, 101, 10, 29, 118, 202, 163, 0)
True, True, 0.0327, (0, 205, 74, 220, 190, 162, 283, 164, 98, 226, 0)
True, True, 0.3338, (0, 161, 222, 190, 162, 283, 164, 220, 74, 227, 0)
True, True, 0.2059, (0, 109, 100, 223, 26, 159, 118, 202, 242, 207, 0)
True, True, 0.1444, (0, 74, 164, 283, 162, 190, 220, 287, 160, 0)
True, True, 0.2941, (0, 12, 153, 28, 154, 244, 0)
True, True, 0.0947, (0, 236, 17, 160, 287, 87, 120, 0)
True, True, 0.2321, (0, 163, 10, 101, 140, 68, 24, 60, 119, 127, 84, 132, 0)
True, True, 0.0654, (0, 226, 151, 74, 190, 162, 283, 164, 98, 50, 0)
True, True, 0.1334, (0, 120, 208, 205, 287, 89, 160, 0)
True, True, 0.0698, (0, 173, 231, 23, 141, 144, 4, 31, 101, 10, 29, 118, 202, 163, 224, 276, 0)
True, True, 0.0623, (0, 242, 159, 118, 29, 83, 26, 223, 100, 285, 109, 0)
True, True, 0.0418, (0, 109, 100, 223, 26, 83, 29, 118, 159, 242, 224, 276, 0)
True, True, 0.025, (0, 220, 260, 19, 122, 55, 117, 21, 7, 112, 14, 0)
True, True, 0.0646, (0, 71, 48, 163, 242, 202, 118, 159, 29, 83, 26, 223, 100, 0)
True, True, 0.1402, (0, 105, 47, 177, 150, 207, 194, 48, 264, 71, 0)
True, True, 0.2927, (0, 258, 207, 242, 26, 223, 100, 285, 109, 105, 0)
True, True, 0.1655, (0, 272, 150, 177, 109, 285, 47, 271, 0)
True, True, 0.0144, (0, 116, 84, 9, 41, 88, 119, 83, 0)
True, True, 0.0216, (0, 173, 104, 23, 141, 144, 4, 129, 140, 68, 24, 60, 83, 100, 0)
True, True, 0.1252, (0, 134, 164, 283, 162, 190, 220, 74, 287, 0)
True, True, 0.1427, (0, 89, 222, 190, 162, 283, 164, 74, 226, 0)
True, True, 0.1832, (0, 220, 260, 44, 19, 122, 55, 115, 73, 108, 8, 0)
True, True, 0.0879, (0, 46, 3, 64, 119, 83, 0)
True, True, 0.0007, (0, 105, 47, 177, 150, 258, 207, 194, 224, 276, 237, 0)
True, True, 0.1733, (0, 236, 81, 8, 108, 117, 55, 122, 19, 44, 260, 0)
True, True, 0.1789, (0, 173, 231, 104, 23, 141, 144, 4, 129, 140, 68, 24, 60, 83, 159, 163, 0)
True, True, 0.0014, (0, 281, 150, 177, 47, 105, 271, 0)
True, True, 0.0534, (0, 231, 104, 49, 31, 129, 140, 68, 24, 60, 119, 127, 116, 0)
True, True, 0.0536, (0, 83, 60, 68, 24, 88, 119, 127, 84, 132, 0)
True, True, 0.0281, (0, 138, 69, 42, 93, 37, 12, 0)
True, True, 0.1272, (0, 237, 276, 224, 264, 48, 194, 207, 258, 150, 177, 0)
True, True, 0.2325, (0, 105, 177, 150, 258, 207, 194, 264, 71, 211, 0)
True, True, 0.0014, (0, 171, 272, 150, 177, 285, 109, 47, 105, 0)
True, True, 0.0252, (0, 119, 60, 24, 68, 140, 129, 4, 144, 141, 23, 231, 0)
True, True, 0.0714, (0, 5, 85, 112, 14, 7, 21, 8, 221, 99, 161, 89, 0)
True, True, 0.3178, (0, 151, 260, 44, 19, 188, 115, 73, 108, 117, 111, 0)
True, True, 0.167, (0, 199, 105, 47, 109, 285, 177, 150, 237, 0)
True, True, 0.119, (0, 285, 100, 223, 26, 83, 29, 159, 202, 242, 258, 0)
True, True, 0.0324, (0, 116, 84, 127, 119, 60, 24, 68, 140, 101, 10, 48, 0)
True, True, 0.1422, (0, 173, 231, 104, 49, 31, 4, 144, 129, 140, 68, 24, 60, 83, 258, 0)
True, True, 0.0278, (0, 71, 48, 163, 202, 159, 29, 83, 26, 223, 100, 285, 109, 0)
True, True, 0.0546, (0, 8, 111, 122, 55, 115, 73, 108, 21, 7, 112, 133, 0)
True, True, 0.0216, (0, 48, 10, 101, 140, 68, 24, 60, 119, 223, 0)
True, True, 0.0546, (0, 112, 14, 108, 117, 55, 122, 19, 44, 0)
True, True, 0.025, (0, 111, 117, 108, 73, 80, 188, 44, 260, 89, 0)
True, True, 0.1119, (0, 173, 231, 23, 141, 49, 31, 4, 144, 129, 101, 10, 118, 202, 163, 224, 276, 0)
True, True, 0.0506, (0, 48, 202, 159, 29, 10, 101, 31, 4, 144, 141, 23, 104, 231, 173, 0)
True, True, 0.0354, (0, 236, 8, 111, 122, 115, 73, 108, 21, 7, 112, 14, 0)
True, True, 0.1287, (0, 285, 100, 223, 26, 83, 29, 118, 159, 242, 224, 276, 0)
True, True, 0.0355, (0, 71, 48, 202, 159, 29, 83, 26, 223, 100, 285, 109, 0)
False, True, 0.1332, (0, 34, 14, 112, 7, 21, 8, 81, 85, 34, 0)
False, True, 0.0075, (0, 5, 34, 85, 21, 7, 112, 14, 34, 5, 0)
False, True, 0.1477, (0, 39, 97, 18, 13, 39, 0)
False, False, 0.2289, (0, 182, 11, 182, 0)
True, True, 0.0699, (0, 231, 104, 23, 141, 49, 10, 101, 140, 68, 24, 60, 119, 127, 84, 0)
True, True, 0.0546, (0, 57, 8, 111, 122, 55, 117, 108, 21, 7, 14, 0)
False, True, 0.0061, (0, 138, 69, 97, 13, 69, 0)
True, True, 0.0633, (0, 231, 104, 49, 31, 129, 140, 60, 24, 88, 119, 127, 84, 0)
True, True, 0.0119, (0, 132, 116, 84, 127, 119, 88, 60, 140, 101, 10, 49, 104, 0)
True, True, 0.009, (0, 173, 231, 23, 141, 49, 31, 129, 140, 68, 24, 60, 119, 0)
False, True, 0.3716, (0, 165, 87, 287, 205, 208, 226, 165, 0)
True, True, 0.018, (0, 258, 242, 159, 29, 10, 49, 31, 4, 144, 141, 23, 104, 173, 257, 0)
False, True, 0.0317, (0, 133, 34, 14, 112, 7, 21, 8, 81, 85, 34, 0)
True, True, 0.0367, (0, 173, 231, 104, 49, 31, 129, 140, 68, 24, 88, 119, 127, 84, 0)
True, True, 0.0633, (0, 231, 23, 141, 49, 31, 129, 140, 68, 60, 88, 119, 0)
True, True, 0.0385, (0, 231, 104, 49, 101, 140, 68, 24, 88, 119, 127, 116, 132, 0)
False, True, 0.1557, (0, 227, 134, 164, 283, 162, 190, 220, 74, 227, 0)
True, True, 0.0669, (0, 173, 231, 23, 141, 144, 4, 31, 49, 101, 10, 29, 159, 242, 258, 0)
False, True, 0.0344, (0, 131, 284, 120, 131, 0)
True, True, 0.0205, (0, 276, 224, 163, 202, 118, 29, 10, 49, 31, 4, 144, 141, 23, 104, 231, 257, 0)
True, True, 0.0007, (0, 105, 47, 177, 150, 258, 207, 48, 264, 237, 0)
all_elementary, False
all_cyc2, False
