Instance, X-n242-k48
capacity, 28
min_trucks, 48
output_file, output_uchoa/X-n242-k48-cyc2.log
Start date, 2022-06-26
Start time, 07-31-17
capacity, 28
num_vehicles, 48
abort_early, False
methods, ['cyc2']
max_vars, 1000000
time_limit, 86400
farley, False
initial time, initial max_it, max_stale_it
1e-05, 2000000000.0, 20
heuristic Number of routes, heuristic Best Solution Value, heuristic number of iterations, adjusted time, adjusted max_it
37823, 83102.0, 2430, 10.0, 2000.0
method, python time, total time, propagated dominance time, unpropagated dominance time, pricing_success, upper_bound, lower_bound, abort_early, num_paths, 
cyc2, 0.4, 1.3, 0.0, 0.0, 1, 82149.2021, 65961.3478, 0, 1145
cyc2, 0.1, 1.3, 0.0, 0.0, 1, 81968.3843, 78529.1358, 0, 233
cyc2, 0.1, 1.3, 0.0, 0.0, 1, 81882.139, 80874.139, 0, 102
cyc2, 0.1, 1.3, 0.0, 0.0, 1, 81862.2114, 81334.2114, 0, 19
cyc2, -0.0, 1.4, 0.0, 0.0, 1, 81860.6462, 81852.461, 0, 1
cyc2, -0.0, 1.4, 0.0, 0.0, 1, 81860.643, 81860.643, 0, 0
scip_total_time, 17466.055769
Solval, number of paths, impact cutoff
81860.64295782479, 197, 0.0001
Elementary, 2-Cycle, Path Value, Path
True, True, 0.618, (0, 102, 210, 112, 16, 6, 0)
True, True, 0.1931, (0, 27, 55, 187, 199, 127, 147, 0)
True, True, 0.4594, (0, 166, 231, 241, 50, 20, 25, 0)
True, True, 0.3696, (0, 78, 113, 145, 66, 0)
True, True, 0.75, (0, 8, 201, 30, 224, 0)
True, True, 0.3696, (0, 159, 56, 85, 0)
True, True, 0.1234, (0, 63, 109, 193, 219, 0)
True, True, 0.4143, (0, 169, 229, 2, 106, 94, 0)
True, True, 0.5, (0, 230, 232, 119, 225, 0)
True, True, 0.816, (0, 154, 141, 74, 99, 29, 0)
True, True, 0.5, (0, 165, 176, 75, 10, 0)
True, True, 0.1282, (0, 62, 71, 214, 32, 0)
True, True, 0.5, (0, 35, 205, 230, 232, 119, 105, 0)
True, True, 0.0298, (0, 122, 76, 17, 135, 44, 190, 0)
True, True, 0.1474, (0, 96, 196, 121, 0)
True, True, 0.8341, (0, 128, 63, 109, 193, 0)
True, True, 0.5, (0, 73, 223, 75, 10, 0)
True, True, 0.5, (0, 216, 57, 212, 98, 0)
True, True, 0.75, (0, 11, 181, 171, 173, 0)
True, True, 0.4522, (0, 18, 214, 71, 62, 130, 0)
True, True, 0.5, (0, 238, 192, 161, 40, 236, 0)
True, True, 0.0032, (0, 4, 29, 99, 74, 154, 0)
True, True, 0.1304, (0, 56, 85, 113, 235, 0)
True, True, 0.0731, (0, 70, 95, 24, 211, 67, 123, 0)
True, True, 0.2469, (0, 191, 182, 162, 172, 0)
True, True, 0.0213, (0, 45, 72, 195, 91, 0)
True, True, 0.5, (0, 49, 21, 87, 114, 0)
True, True, 0.4841, (0, 185, 186, 107, 13, 0)
True, True, 0.063, (0, 146, 62, 71, 214, 170, 0)
True, True, 0.0072, (0, 217, 76, 160, 135, 44, 190, 0)
True, True, 0.4456, (0, 145, 159, 118, 166, 25, 0)
True, True, 0.3799, (0, 231, 136, 42, 27, 0)
True, True, 0.1935, (0, 134, 108, 32, 170, 18, 217, 12, 0)
True, True, 0.095, (0, 25, 50, 42, 136, 0)
True, True, 0.25, (0, 216, 171, 57, 0)
True, True, 0.4143, (0, 47, 19, 148, 234, 0)
True, True, 0.5, (0, 184, 142, 5, 65, 124, 92, 0)
True, True, 0.7531, (0, 151, 77, 172, 189, 0)
True, True, 0.5, (0, 58, 222, 225, 98, 0)
True, True, 0.0924, (0, 53, 23, 144, 2, 106, 0)
True, True, 0.5, (0, 86, 228, 156, 111, 208, 0)
True, True, 0.1895, (0, 186, 52, 179, 137, 0)
True, True, 0.1848, (0, 145, 159, 56, 235, 0)
True, True, 0.0187, (0, 104, 23, 162, 182, 0)
True, True, 0.7257, (0, 207, 209, 157, 101, 0)
True, True, 0.8, (0, 121, 196, 96, 28, 0)
True, True, 0.2412, (0, 48, 14, 79, 36, 0)
True, True, 0.3579, (0, 23, 162, 182, 191, 0)
True, True, 0.3264, (0, 218, 185, 179, 52, 186, 0)
True, True, 0.25, (0, 11, 43, 181, 173, 0)
True, True, 0.3766, (0, 53, 104, 144, 162, 182, 191, 0)
True, True, 0.236, (0, 42, 147, 136, 118, 0)
True, True, 0.1616, (0, 39, 45, 72, 120, 221, 0)
True, True, 0.5983, (0, 239, 200, 133, 100, 0)
True, True, 0.2607, (0, 90, 46, 175, 226, 64, 0)
True, True, 0.1469, (0, 89, 161, 192, 238, 0)
True, True, 0.0996, (0, 31, 29, 99, 74, 154, 0)
True, True, 0.5, (0, 21, 9, 132, 60, 0)
True, True, 0.7531, (0, 221, 120, 72, 164, 195, 0)
True, True, 0.0725, (0, 84, 237, 70, 95, 24, 211, 35, 0)
True, True, 0.0213, (0, 40, 161, 192, 238, 221, 0)
True, True, 0.2689, (0, 53, 23, 144, 2, 229, 94, 0)
True, True, 0.095, (0, 50, 241, 136, 166, 0)
True, True, 0.3362, (0, 15, 89, 22, 178, 37, 239, 198, 0)
True, True, 0.2261, (0, 207, 209, 101, 52, 0)
True, True, 0.382, (0, 158, 55, 44, 135, 160, 76, 0)
True, True, 0.427, (0, 27, 158, 190, 126, 122, 0)
True, True, 0.3566, (0, 150, 170, 214, 71, 62, 0)
True, True, 0.2557, (0, 55, 187, 199, 127, 147, 241, 0)
True, True, 0.25, (0, 168, 91, 39, 152, 129, 0)
True, True, 0.4143, (0, 188, 26, 46, 175, 226, 64, 0)
True, True, 0.0421, (0, 205, 206, 1, 163, 202, 4, 31, 0)
True, True, 0.25, (0, 184, 142, 165, 176, 223, 65, 0)
True, True, 0.508, (0, 1, 163, 202, 4, 80, 81, 0)
True, True, 0.1739, (0, 68, 217, 12, 150, 36, 0)
True, True, 0.3152, (0, 66, 56, 85, 236, 0)
True, True, 0.0481, (0, 207, 209, 101, 179, 0)
True, True, 0.0812, (0, 46, 175, 64, 141, 154, 0)
True, True, 0.1459, (0, 217, 76, 17, 135, 44, 190, 0)
True, True, 0.0621, (0, 79, 12, 217, 68, 240, 0)
True, True, 0.75, (0, 168, 129, 43, 54, 0)
True, True, 0.0326, (0, 146, 38, 130, 32, 170, 150, 0)
True, True, 0.382, (0, 126, 190, 210, 0)
True, True, 0.236, (0, 127, 199, 187, 44, 135, 160, 17, 0)
True, True, 0.4321, (0, 90, 188, 234, 177, 148, 19, 0)
True, True, 0.25, (0, 213, 224, 201, 0)
True, True, 0.1612, (0, 42, 55, 44, 135, 160, 17, 122, 139, 0)
True, True, 0.25, (0, 73, 142, 165, 176, 223, 5, 0)
True, True, 0.1493, (0, 84, 138, 123, 67, 35, 0)
True, True, 0.1337, (0, 177, 94, 106, 229, 169, 26, 0)
True, True, 0.1536, (0, 90, 234, 177, 148, 47, 0)
True, True, 0.1625, (0, 26, 46, 169, 94, 177, 0)
True, True, 0.1246, (0, 93, 138, 237, 69, 84, 0)
True, True, 0.1607, (0, 118, 136, 231, 50, 20, 0)
True, True, 0.0621, (0, 36, 14, 240, 102, 153, 0)
True, True, 0.0377, (0, 106, 104, 23, 144, 53, 0)
True, True, 0.0768, (0, 35, 211, 3, 95, 70, 237, 69, 0)
True, True, 0.063, (0, 12, 217, 155, 108, 130, 38, 0)
True, True, 0.2609, (0, 203, 79, 14, 240, 48, 153, 0)
True, True, 0.008, (0, 190, 55, 44, 135, 76, 0)
True, True, 0.0526, (0, 115, 204, 194, 137, 227, 0)
True, True, 0.2014, (0, 84, 123, 67, 211, 35, 0)
True, True, 0.1831, (0, 26, 169, 229, 106, 104, 53, 0)
True, True, 0.1532, (0, 240, 12, 150, 134, 36, 0)
True, True, 0.1175, (0, 123, 67, 24, 95, 70, 69, 0)
True, True, 0.0526, (0, 96, 215, 196, 121, 0)
True, True, 0.064, (0, 39, 197, 72, 120, 221, 0)
True, True, 0.9474, (0, 215, 115, 204, 194, 51, 61, 0)
True, True, 0.0213, (0, 219, 128, 41, 63, 109, 178, 22, 0)
True, True, 0.065, (0, 198, 149, 239, 37, 178, 22, 89, 54, 0)
True, True, 0.25, (0, 211, 3, 88, 81, 33, 31, 206, 205, 0)
True, True, 0.1064, (0, 104, 23, 144, 2, 169, 26, 0)
True, True, 0.1812, (0, 67, 211, 3, 95, 70, 69, 0)
False, True, 0.1, (0, 49, 114, 28, 49, 0)
False, True, 0.1, (0, 49, 28, 87, 49, 0)
False, True, 0.1278, (0, 187, 199, 127, 187, 42, 0)
False, True, 0.0812, (0, 226, 175, 64, 226, 175, 46, 0)
False, True, 0.1536, (0, 47, 19, 188, 90, 47, 0)
False, True, 0.0812, (0, 141, 226, 64, 175, 226, 64, 0)
False, True, 0.0449, (0, 123, 67, 211, 24, 67, 0)
False, True, 0.382, (0, 6, 68, 139, 122, 16, 68, 0)
False, True, 0.3152, (0, 78, 113, 235, 78, 0)
False, True, 0.1, (0, 49, 83, 60, 140, 83, 0)
False, True, 0.4, (0, 114, 83, 140, 60, 83, 87, 0)
False, True, 0.25, (0, 92, 124, 65, 5, 124, 92, 0)
False, True, 0.1877, (0, 93, 67, 123, 93, 0)
False, True, 0.5, (0, 125, 222, 58, 125, 97, 0)
False, True, 0.4012, (0, 198, 149, 200, 133, 149, 100, 0)
False, True, 0.1791, (0, 107, 179, 52, 153, 107, 0)
False, True, 0.5, (0, 110, 69, 237, 110, 0)
False, True, 0.5, (0, 117, 213, 220, 117, 0)
False, True, 0.0002, (0, 198, 133, 149, 200, 133, 0)
False, True, 0.0077, (0, 134, 155, 108, 32, 155, 134, 0)
False, True, 0.1895, (0, 227, 218, 137, 185, 13, 137, 0)
False, True, 0.2135, (0, 139, 76, 17, 160, 76, 17, 139, 0)
False, True, 0.2837, (0, 134, 155, 108, 32, 155, 150, 0)
False, True, 0.1418, (0, 153, 240, 102, 48, 240, 157, 0)
False, True, 0.5, (0, 233, 180, 97, 233, 180, 0)
False, True, 0.0122, (0, 197, 45, 116, 197, 0)
False, True, 0.1052, (0, 4, 202, 163, 1, 202, 0)
False, True, 0.3696, (0, 203, 14, 79, 36, 203, 0)
False, True, 0.2395, (0, 105, 206, 4, 202, 163, 1, 206, 0)
False, True, 0.0501, (0, 211, 3, 88, 33, 31, 88, 211, 0)
False, True, 0.25, (0, 220, 213, 30, 8, 220, 0)
False, True, 0.0526, (0, 227, 61, 51, 137, 227, 0)
False, True, 0.3264, (0, 227, 218, 137, 13, 227, 0)
False, True, 0.1469, (0, 15, 40, 238, 192, 161, 40, 15, 0)
False, True, 0.185, (0, 54, 15, 40, 161, 192, 238, 15, 0)
False, True, 0.0323, (0, 20, 50, 241, 136, 20, 0)
False, True, 0.0364, (0, 31, 4, 29, 99, 74, 29, 31, 0)
False, True, 0.1211, (0, 178, 37, 22, 178, 37, 0)
False, True, 0.1067, (0, 91, 39, 197, 195, 39, 0)
False, True, 0.2, (0, 219, 41, 59, 34, 131, 7, 34, 59, 0)
False, True, 0.1576, (0, 66, 20, 241, 50, 20, 66, 0)
False, True, 0.0084, (0, 74, 29, 99, 74, 0)
False, True, 0.125, (0, 103, 82, 111, 156, 82, 0)
False, True, 0.1599, (0, 89, 22, 37, 178, 89, 0)
False, True, 0.311, (0, 91, 39, 197, 45, 91, 0)
False, True, 0.25, (0, 103, 86, 82, 156, 111, 208, 103, 0)
False, True, 0.191, (0, 112, 126, 158, 112, 0)
True, True, 0.3543, (0, 12, 217, 18, 170, 32, 155, 134, 0)
False, True, 0.0187, (0, 191, 59, 34, 143, 131, 7, 143, 0)
False, True, 0.1576, (0, 118, 147, 199, 127, 147, 0)
False, True, 0.375, (0, 152, 116, 197, 45, 116, 152, 0)
False, True, 0.2469, (0, 219, 41, 151, 77, 41, 164, 0)
False, True, 0.178, (0, 153, 48, 240, 102, 48, 153, 179, 0)
False, True, 0.5, (0, 140, 183, 9, 132, 183, 0)
False, True, 0.0323, (0, 198, 37, 178, 22, 37, 198, 0)
False, True, 0.125, (0, 103, 208, 111, 156, 47, 208, 0)
False, True, 0.0788, (0, 218, 107, 179, 52, 107, 218, 0)
False, True, 0.221, (0, 24, 3, 88, 81, 80, 33, 88, 3, 24, 0)
False, True, 0.0065, (0, 4, 74, 141, 99, 74, 4, 31, 0)
False, True, 0.2, (0, 219, 41, 131, 7, 143, 131, 7, 34, 59, 0)
True, True, 0.25, (0, 24, 31, 33, 80, 73, 184, 95, 70, 0)
False, True, 0.25, (0, 103, 228, 82, 86, 228, 82, 0)
False, True, 0.2261, (0, 84, 138, 123, 237, 84, 0)
False, True, 0.1321, (0, 198, 149, 22, 178, 37, 22, 89, 0)
False, True, 0.0149, (0, 99, 141, 74, 99, 0)
False, True, 0.1181, (0, 177, 104, 23, 144, 2, 106, 104, 0)
False, True, 0.0526, (0, 1, 163, 4, 1, 163, 105, 0)
False, True, 0.1189, (0, 116, 197, 195, 45, 116, 0)
False, True, 0.0004, (0, 136, 100, 198, 136, 0)
False, True, 0.2469, (0, 189, 59, 34, 143, 131, 7, 143, 0)
False, True, 0.4522, (0, 146, 38, 130, 108, 38, 146, 0)
False, True, 0.5, (0, 167, 174, 138, 93, 174, 167, 0)
False, True, 0.011, (0, 59, 34, 143, 131, 7, 143, 178, 0)
False, True, 0.0298, (0, 139, 135, 44, 187, 199, 127, 187, 0)
False, True, 0.25, (0, 212, 216, 57, 212, 0)
False, True, 0.0213, (0, 120, 219, 41, 193, 63, 41, 128, 219, 0)
False, True, 0.1848, (0, 235, 113, 85, 236, 235, 0)
False, True, 0.1234, (0, 219, 128, 143, 131, 7, 143, 34, 59, 0)
True, True, 0.2079, (0, 70, 95, 88, 33, 31, 206, 205, 105, 0)
False, True, 0.0662, (0, 157, 79, 14, 157, 0)
False, True, 0.0002, (0, 136, 239, 200, 149, 239, 198, 0)
True, True, 0.021, (0, 70, 95, 81, 80, 33, 31, 206, 0)
False, True, 0.0213, (0, 219, 41, 193, 109, 41, 219, 0)
False, True, 0.0207, (0, 53, 104, 106, 94, 104, 53, 0)
all_elementary, False
all_cyc2, True
