Instance, X-n209-k16
capacity, 101
min_trucks, 16
output_file, output_uchoa/X-n209-k16-ng8.log
Start date, 2022-06-25
Start time, 12-59-03
capacity, 101
num_vehicles, 16
abort_early, False
methods, ['ng8']
max_vars, 1000000
time_limit, 86400
farley, False
initial time, initial max_it, max_stale_it
1e-05, 2000000000.0, 20
heuristic Number of routes, heuristic Best Solution Value, heuristic number of iterations, adjusted time, adjusted max_it
599513, 30680.0, 69436, 1.0, 20000.0
method, python time, total time, propagated dominance time, unpropagated dominance time, pricing_success, upper_bound, lower_bound, abort_early, num_paths, 
ng8, 0.9, 94.9, 85.5, 5.8, 1, 30143.7778, 26778.8091, 0, 2077
ng8, 0.1, 144.3, 132.7, 7.4, 1, 30099.6312, 29176.922, 0, 371
ng8, 0.3, 127.4, 117.2, 6.4, 1, 30083.5677, 27303.3143, 0, 782
ng8, 0.1, 136.9, 126.1, 6.9, 1, 30077.7268, 29533.8523, 0, 245
ng8, 0.0, 165.7, 153.3, 8.1, 1, 30072.7699, 29638.7021, 0, 108
ng8, 0.1, 170.8, 157.9, 8.5, 1, 30069.9073, 29812.8915, 0, 47
ng8, 0.1, 159.8, 147.1, 8.4, 1, 30068.0351, 29989.5497, 0, 28
ng8, 0.1, 166.5, 153.6, 8.5, 1, 30067.9094, 30049.9555, 0, 10
ng8, 0.1, 159.4, 146.8, 8.3, 1, 30067.8889, 30060.5191, 0, 2
ng8, -0.0, 212.1, 189.7, 11.3, 1, 30067.8887, 30067.8887, 0, 0
scip_total_time, 26071.39843
Solval, number of paths, impact cutoff
30067.888658919506, 166, 0.0001
Elementary, 2-Cycle, Path Value, Path
True, True, 0.7203, (0, 159, 0)
True, True, 0.1847, (0, 71, 207, 188, 122, 181, 142, 147, 106, 15, 35, 25, 81, 39, 112, 0)
True, True, 0.0279, (0, 77, 112, 39, 81, 25, 35, 15, 106, 147, 142, 181, 122, 188, 149, 0)
True, True, 0.116, (0, 71, 207, 188, 122, 181, 142, 147, 106, 82, 57, 14, 44, 98, 0)
True, True, 0.042, (0, 93, 4, 9, 191, 23, 46, 141, 107, 12, 125, 6, 196, 127, 0)
True, True, 0.3819, (0, 48, 168, 160, 52, 133, 59, 137, 79, 146, 55, 164, 76, 19, 21, 0)
True, True, 0.2969, (0, 90, 8, 51, 120, 61, 182, 197, 85, 171, 158, 30, 124, 167, 0)
True, True, 0.1262, (0, 18, 119, 40, 178, 58, 187, 149, 20, 63, 136, 53, 78, 110, 0)
True, True, 0.0912, (0, 31, 7, 166, 37, 172, 11, 28, 115, 202, 185, 36, 153, 134, 64, 0)
True, True, 0.0217, (0, 149, 188, 122, 181, 142, 147, 106, 15, 35, 25, 81, 39, 112, 111, 0)
True, True, 0.3022, (0, 34, 38, 56, 173, 203, 103, 29, 54, 72, 47, 199, 161, 88, 183, 0)
True, True, 0.1774, (0, 89, 134, 153, 11, 28, 115, 36, 202, 185, 179, 154, 150, 41, 1, 0)
True, True, 0.1946, (0, 163, 104, 145, 13, 89, 62, 117, 139, 66, 195, 1, 83, 2, 113, 0)
True, True, 0.2099, (0, 58, 187, 77, 111, 112, 39, 15, 35, 25, 81, 97, 75, 40, 119, 0)
True, True, 0.1187, (0, 84, 98, 152, 44, 49, 26, 156, 70, 100, 205, 42, 47, 0)
True, True, 0.0806, (0, 127, 196, 6, 125, 12, 107, 141, 46, 94, 23, 191, 116, 60, 0)
True, True, 0.15, (0, 4, 191, 23, 46, 141, 107, 92, 193, 12, 125, 6, 196, 127, 0)
True, True, 0.0722, (0, 64, 153, 11, 28, 115, 36, 202, 185, 179, 154, 150, 41, 184, 140, 0)
True, True, 0.0398, (0, 48, 168, 52, 180, 22, 138, 121, 208, 186, 69, 198, 201, 0)
True, True, 0.2269, (0, 44, 14, 57, 82, 106, 147, 142, 181, 122, 188, 207, 152, 84, 0)
True, True, 0.0498, (0, 9, 191, 23, 46, 141, 107, 92, 193, 12, 125, 6, 196, 127, 0)
True, True, 0.0021, (0, 134, 153, 11, 28, 115, 36, 202, 185, 179, 154, 150, 41, 139, 2, 0)
True, True, 0.0154, (0, 127, 6, 125, 12, 107, 141, 46, 94, 32, 171, 85, 197, 162, 0)
True, True, 0.283, (0, 119, 40, 178, 58, 187, 149, 20, 63, 136, 53, 78, 105, 110, 0)
True, True, 0.3063, (0, 205, 100, 70, 49, 26, 33, 148, 206, 101, 130, 156, 176, 200, 0)
True, True, 0.0829, (0, 163, 104, 145, 13, 62, 117, 139, 66, 195, 1, 83, 2, 113, 126, 0)
True, True, 0.0198, (0, 174, 113, 2, 83, 1, 66, 139, 117, 62, 89, 135, 114, 145, 104, 0)
True, True, 0.2261, (0, 48, 168, 160, 52, 133, 59, 137, 79, 146, 55, 164, 76, 21, 194, 0)
True, True, 0.2288, (0, 124, 30, 197, 85, 171, 158, 32, 109, 189, 24, 157, 182, 61, 120, 51, 0)
True, True, 0.0923, (0, 104, 13, 62, 117, 140, 184, 41, 195, 66, 1, 83, 2, 113, 174, 0)
True, True, 0.0156, (0, 169, 77, 188, 122, 181, 142, 147, 106, 15, 39, 35, 25, 81, 97, 75, 0)
True, True, 0.0854, (0, 169, 105, 78, 53, 136, 63, 84, 98, 29, 103, 54, 47, 161, 0)
True, True, 0.0307, (0, 194, 76, 164, 55, 146, 79, 137, 174, 126, 8, 90, 121, 208, 0)
True, True, 0.1111, (0, 165, 17, 99, 108, 74, 155, 95, 5, 57, 82, 14, 44, 0)
True, True, 0.0496, (0, 58, 187, 77, 111, 112, 39, 15, 35, 25, 81, 97, 75, 119, 18, 0)
True, True, 0.1549, (0, 190, 88, 161, 199, 47, 72, 54, 29, 103, 203, 173, 56, 38, 34, 0)
True, True, 0.0517, (0, 49, 26, 33, 5, 95, 155, 74, 108, 206, 148, 130, 176, 200, 0)
True, True, 0.0151, (0, 200, 176, 165, 17, 99, 67, 192, 170, 129, 73, 123, 64, 102, 87, 0)
True, True, 0.1265, (0, 145, 13, 62, 117, 139, 140, 184, 41, 195, 66, 83, 2, 113, 0)
True, True, 0.0361, (0, 188, 122, 181, 142, 147, 106, 82, 57, 95, 5, 33, 26, 205, 0)
True, True, 0.1465, (0, 31, 129, 7, 166, 37, 172, 96, 155, 95, 5, 57, 82, 14, 0)
True, True, 0.0827, (0, 105, 53, 20, 149, 58, 187, 77, 111, 97, 75, 178, 40, 119, 18, 0)
True, True, 0.0614, (0, 102, 114, 135, 64, 123, 73, 129, 170, 192, 67, 31, 27, 17, 165, 91, 0)
True, True, 0.1325, (0, 104, 145, 13, 62, 117, 139, 66, 195, 1, 24, 189, 157, 197, 162, 0)
True, True, 0.0327, (0, 163, 104, 145, 114, 135, 64, 123, 73, 129, 170, 192, 67, 27, 165, 91, 0)
True, True, 0.0912, (0, 140, 184, 150, 154, 179, 185, 202, 36, 115, 28, 11, 153, 7, 31, 0)
True, True, 0.2827, (0, 201, 198, 186, 208, 121, 138, 22, 180, 52, 160, 168, 48, 0)
True, True, 0.0289, (0, 116, 193, 92, 107, 141, 46, 94, 109, 189, 24, 157, 182, 61, 51, 0)
True, True, 0.0099, (0, 34, 38, 56, 173, 203, 103, 29, 54, 47, 199, 110, 128, 132, 0)
True, True, 0.0845, (0, 75, 97, 81, 25, 35, 15, 106, 147, 142, 181, 122, 188, 207, 71, 169, 0)
True, True, 0.0964, (0, 93, 4, 9, 116, 191, 23, 94, 32, 109, 189, 24, 157, 197, 162, 0)
True, True, 0.0024, (0, 133, 174, 90, 8, 51, 120, 113, 145, 104, 102, 163, 87, 19, 21, 194, 0)
True, True, 0.0954, (0, 87, 163, 104, 145, 114, 135, 89, 62, 117, 139, 83, 2, 113, 174, 133, 0)
True, True, 0.1538, (0, 102, 114, 135, 89, 62, 117, 139, 66, 195, 1, 83, 2, 113, 126, 0)
True, True, 0.0717, (0, 200, 176, 17, 165, 27, 99, 101, 206, 148, 130, 26, 156, 42, 0)
True, True, 0.0379, (0, 64, 123, 134, 36, 202, 185, 179, 154, 150, 184, 41, 195, 66, 83, 0)
True, True, 0.1236, (0, 18, 119, 40, 178, 75, 97, 111, 77, 71, 149, 20, 53, 78, 169, 0)
True, True, 0.0364, (0, 199, 72, 84, 98, 152, 71, 149, 20, 63, 136, 53, 78, 105, 0)
True, True, 0.1756, (0, 31, 67, 192, 170, 7, 166, 37, 172, 96, 74, 108, 101, 130, 42, 0)
True, True, 0.0577, (0, 69, 133, 174, 126, 90, 8, 162, 124, 4, 9, 60, 43, 127, 86, 0)
True, True, 0.0154, (0, 124, 30, 158, 85, 157, 24, 189, 109, 32, 94, 23, 191, 9, 4, 0)
True, True, 0.0073, (0, 199, 72, 42, 205, 100, 70, 44, 49, 26, 156, 176, 200, 203, 0)
True, True, 0.2007, (0, 17, 99, 108, 74, 96, 172, 37, 166, 7, 170, 192, 67, 31, 91, 0)
True, True, 0.019, (0, 201, 48, 168, 160, 52, 133, 59, 164, 76, 55, 87, 19, 21, 194, 0)
True, True, 0.0402, (0, 126, 113, 2, 83, 1, 66, 195, 41, 184, 140, 89, 135, 114, 102, 0)
True, True, 0.0209, (0, 124, 30, 158, 171, 32, 94, 46, 141, 107, 92, 193, 116, 9, 0)
True, True, 0.0483, (0, 93, 124, 30, 158, 171, 85, 197, 182, 61, 120, 51, 8, 90, 133, 0)
True, True, 0.3617, (0, 93, 191, 23, 94, 46, 141, 107, 92, 193, 12, 125, 6, 196, 0)
True, True, 0.219, (0, 38, 56, 173, 203, 103, 29, 54, 72, 47, 199, 161, 50, 190, 0)
True, True, 0.0398, (0, 160, 164, 146, 79, 137, 174, 126, 8, 90, 167, 3, 151, 86, 0)
True, True, 0.1778, (0, 84, 98, 42, 205, 100, 70, 156, 176, 200, 203, 56, 38, 0)
True, True, 0.1325, (0, 9, 116, 193, 92, 107, 141, 46, 94, 32, 109, 85, 197, 162, 0)
True, True, 0.0038, (0, 200, 176, 17, 27, 99, 101, 206, 148, 33, 49, 70, 42, 0)
True, True, 0.0163, (0, 174, 113, 2, 83, 1, 195, 66, 139, 117, 62, 13, 145, 102, 87, 0)
True, True, 0.1451, (0, 16, 131, 183, 45, 132, 68, 177, 128, 169, 110, 88, 50, 175, 34, 190, 0)
True, True, 0.1261, (0, 205, 100, 49, 26, 33, 148, 206, 101, 99, 27, 17, 176, 200, 0)
True, True, 0.0125, (0, 165, 27, 99, 108, 74, 155, 95, 5, 57, 82, 207, 71, 0)
True, True, 0.0493, (0, 43, 60, 116, 191, 23, 94, 32, 109, 189, 24, 157, 85, 197, 162, 0)
True, True, 0.0262, (0, 56, 173, 200, 176, 156, 26, 49, 70, 100, 205, 42, 103, 72, 0)
True, True, 0.0341, (0, 40, 75, 97, 81, 25, 35, 15, 106, 147, 142, 181, 122, 188, 71, 20, 0)
True, True, 0.0319, (0, 110, 105, 78, 53, 136, 63, 84, 98, 29, 103, 54, 72, 199, 0)
True, True, 0.0549, (0, 91, 165, 17, 27, 99, 101, 206, 148, 33, 26, 49, 70, 100, 0)
True, True, 0.0955, (0, 42, 130, 101, 108, 74, 155, 95, 5, 57, 82, 207, 71, 0)
True, True, 0.0577, (0, 102, 64, 123, 73, 7, 166, 37, 172, 96, 155, 95, 5, 33, 0)
True, True, 0.1254, (0, 64, 123, 134, 36, 202, 185, 179, 154, 150, 41, 184, 140, 139, 2, 0)
True, True, 0.1321, (0, 124, 30, 158, 171, 32, 109, 189, 24, 157, 182, 61, 120, 8, 90, 0)
True, True, 0.0046, (0, 127, 43, 60, 9, 4, 124, 162, 51, 120, 8, 90, 126, 174, 133, 0)
True, True, 0.2335, (0, 31, 129, 7, 166, 37, 172, 96, 155, 95, 5, 33, 14, 44, 0)
True, True, 0.126, (0, 152, 82, 57, 5, 95, 155, 74, 108, 206, 148, 130, 156, 0)
True, True, 0.019, (0, 38, 203, 200, 176, 156, 26, 49, 44, 70, 100, 98, 84, 0)
True, True, 0.1438, (0, 151, 3, 93, 43, 60, 9, 4, 124, 162, 8, 90, 126, 174, 133, 0)
True, True, 0.278, (0, 87, 163, 102, 114, 135, 123, 73, 129, 170, 192, 67, 99, 27, 165, 91, 0)
True, True, 0.036, (0, 127, 6, 125, 12, 107, 141, 46, 94, 32, 171, 158, 30, 162, 0)
True, True, 0.0082, (0, 162, 30, 158, 171, 32, 94, 46, 141, 107, 12, 125, 6, 196, 0)
True, True, 0.2329, (0, 87, 102, 114, 135, 89, 123, 73, 129, 170, 192, 67, 27, 17, 165, 91, 0)
True, True, 0.0525, (0, 83, 66, 195, 41, 150, 154, 179, 185, 202, 36, 115, 28, 11, 172, 96, 0)
True, True, 0.2472, (0, 178, 75, 97, 81, 25, 35, 15, 39, 112, 111, 77, 187, 58, 169, 0)
True, True, 0.0274, (0, 205, 26, 130, 148, 206, 108, 74, 155, 95, 5, 57, 82, 207, 0)
True, True, 0.015, (0, 161, 199, 72, 54, 29, 98, 84, 63, 136, 53, 78, 105, 169, 18, 0)
True, True, 0.0171, (0, 87, 163, 102, 91, 200, 176, 156, 26, 49, 70, 100, 205, 42, 103, 0)
True, True, 0.0516, (0, 90, 51, 61, 182, 157, 24, 189, 109, 32, 94, 23, 191, 4, 93, 0)
False, True, 0.1345, (0, 159, 144, 201, 10, 118, 80, 204, 143, 144, 159, 0)
False, True, 0.01, (0, 144, 143, 204, 80, 118, 10, 186, 69, 198, 10, 118, 80, 143, 0)
True, True, 0.01, (0, 198, 69, 186, 180, 22, 138, 121, 167, 3, 151, 86, 10, 204, 0)
True, True, 0.1251, (0, 194, 87, 163, 102, 104, 145, 113, 120, 51, 8, 90, 126, 174, 59, 0)
True, True, 0.2184, (0, 13, 140, 184, 150, 154, 179, 185, 202, 115, 28, 11, 153, 134, 64, 0)
False, True, 0.1531, (0, 86, 127, 43, 60, 196, 116, 9, 4, 60, 43, 93, 3, 151, 86, 0)
True, True, 0.0912, (0, 64, 73, 134, 153, 36, 115, 28, 11, 37, 166, 96, 74, 108, 0)
True, True, 0.0379, (0, 64, 134, 153, 11, 28, 115, 36, 202, 185, 179, 154, 150, 41, 140, 0)
False, False, 0.3505, (0, 144, 143, 204, 80, 118, 10, 186, 10, 118, 80, 204, 143, 144, 0)
False, True, 0.0398, (0, 194, 19, 76, 55, 146, 79, 137, 126, 174, 59, 164, 76, 19, 194, 0)
True, True, 0.0208, (0, 194, 21, 19, 87, 55, 164, 76, 59, 133, 138, 22, 180, 69, 198, 0)
False, True, 0.0402, (0, 65, 16, 131, 183, 45, 175, 50, 128, 177, 68, 132, 45, 183, 190, 0)
True, True, 0.0026, (0, 108, 74, 96, 172, 11, 28, 115, 36, 202, 185, 179, 154, 150, 41, 1, 0)
False, True, 0.1979, (0, 65, 16, 131, 45, 132, 68, 177, 128, 50, 175, 45, 131, 16, 65, 0)
True, True, 0.0353, (0, 117, 140, 184, 41, 150, 154, 179, 185, 202, 36, 153, 134, 73, 0)
False, True, 0.1095, (0, 175, 38, 56, 173, 203, 103, 29, 54, 72, 47, 199, 161, 175, 0)
True, True, 0.5041, (0, 201, 198, 69, 180, 22, 138, 121, 167, 3, 151, 86, 208, 0)
False, True, 0.0623, (0, 143, 204, 80, 118, 10, 198, 69, 186, 10, 118, 80, 204, 143, 0)
False, True, 0.01, (0, 201, 198, 69, 186, 180, 22, 138, 208, 186, 69, 198, 201, 0)
True, True, 0.0361, (0, 130, 148, 155, 96, 172, 11, 28, 115, 202, 185, 36, 153, 134, 123, 64, 0)
False, True, 0.0505, (0, 198, 69, 186, 208, 121, 138, 22, 180, 52, 160, 168, 48, 69, 0)
True, True, 0.11, (0, 140, 184, 41, 150, 154, 179, 36, 115, 28, 11, 153, 134, 73, 0)
True, True, 0.0198, (0, 64, 123, 134, 153, 36, 202, 185, 179, 154, 150, 41, 195, 1, 83, 0)
False, True, 0.0859, (0, 87, 163, 104, 145, 114, 135, 64, 73, 123, 89, 62, 13, 145, 104, 163, 0)
False, True, 0.1624, (0, 194, 21, 19, 76, 164, 59, 174, 126, 137, 79, 146, 55, 19, 21, 194, 0)
False, True, 0.0935, (0, 65, 16, 131, 183, 190, 34, 175, 50, 88, 128, 177, 68, 132, 18, 65, 0)
False, True, 0.0822, (0, 69, 186, 180, 22, 138, 121, 167, 3, 151, 86, 208, 186, 69, 0)
True, True, 0.1224, (0, 91, 165, 17, 27, 99, 101, 206, 148, 33, 14, 49, 70, 42, 0)
False, True, 0.0806, (0, 127, 43, 60, 196, 116, 193, 92, 12, 125, 6, 116, 9, 4, 43, 127, 0)
False, True, 0.01, (0, 144, 143, 204, 80, 118, 10, 186, 69, 118, 80, 204, 143, 144, 0)
True, True, 0.0671, (0, 194, 19, 87, 55, 146, 79, 137, 174, 126, 8, 90, 167, 3, 151, 0)
True, True, 0.1185, (0, 111, 112, 39, 81, 25, 35, 106, 147, 142, 181, 122, 188, 207, 152, 0)
False, True, 0.1618, (0, 162, 30, 158, 171, 85, 32, 109, 189, 24, 157, 182, 61, 120, 51, 162, 0)
False, True, 0.0853, (0, 173, 200, 42, 205, 100, 70, 44, 49, 26, 156, 176, 200, 173, 0)
True, True, 0.0506, (0, 104, 13, 117, 139, 140, 184, 41, 195, 66, 1, 83, 2, 113, 174, 0)
False, True, 0.0319, (0, 190, 183, 45, 132, 68, 177, 128, 110, 169, 68, 132, 45, 183, 131, 16, 0)
True, True, 0.0156, (0, 40, 75, 97, 111, 112, 122, 181, 106, 147, 142, 188, 207, 71, 20, 0)
False, True, 0.1017, (0, 127, 43, 60, 4, 9, 116, 193, 92, 12, 125, 6, 116, 9, 60, 43, 0)
True, True, 0.0516, (0, 8, 51, 61, 182, 157, 24, 189, 109, 32, 94, 23, 191, 4, 93, 0)
True, True, 0.1185, (0, 77, 112, 39, 15, 106, 147, 142, 181, 122, 188, 207, 152, 98, 0)
False, True, 0.0909, (0, 110, 84, 98, 152, 71, 149, 20, 63, 136, 53, 78, 110, 0)
True, True, 0.0516, (0, 93, 4, 191, 23, 94, 109, 189, 24, 157, 85, 171, 158, 30, 124, 0)
False, True, 0.0049, (0, 132, 177, 169, 110, 105, 136, 63, 53, 78, 105, 110, 169, 177, 132, 0)
True, True, 0.0718, (0, 68, 169, 105, 78, 53, 136, 63, 84, 98, 29, 54, 72, 199, 161, 0)
False, True, 0.0037, (0, 165, 99, 108, 74, 96, 172, 37, 166, 7, 170, 192, 67, 27, 165, 0)
False, True, 0.0814, (0, 110, 105, 84, 98, 152, 71, 149, 20, 63, 136, 78, 105, 169, 0)
True, True, 0.0661, (0, 152, 82, 57, 5, 95, 155, 74, 108, 206, 148, 130, 176, 0)
False, True, 0.0062, (0, 18, 178, 75, 97, 111, 112, 39, 15, 35, 25, 81, 97, 75, 178, 0)
False, True, 0.0273, (0, 194, 19, 76, 164, 174, 126, 137, 79, 146, 55, 164, 76, 19, 194, 0)
True, True, 0.1249, (0, 105, 136, 63, 20, 149, 71, 77, 111, 97, 75, 178, 40, 119, 18, 0)
True, True, 0.0076, (0, 84, 152, 14, 33, 148, 206, 101, 130, 26, 49, 70, 100, 42, 0)
False, True, 0.0417, (0, 65, 18, 132, 68, 177, 128, 169, 110, 199, 161, 128, 177, 68, 18, 65, 0)
True, True, 0.0172, (0, 64, 123, 134, 153, 11, 28, 115, 36, 179, 154, 150, 41, 1, 83, 0)
False, True, 0.009, (0, 84, 98, 152, 44, 49, 70, 100, 205, 42, 98, 84, 110, 0)
False, True, 0.074, (0, 127, 196, 6, 125, 12, 107, 141, 46, 92, 193, 116, 60, 43, 127, 0)
False, True, 0.0469, (0, 132, 177, 128, 169, 105, 136, 63, 53, 78, 105, 110, 128, 177, 132, 0)
False, True, 0.0107, (0, 190, 183, 45, 175, 50, 88, 128, 177, 68, 132, 45, 183, 190, 159, 0)
True, True, 0.2935, (0, 65, 16, 131, 183, 45, 132, 18, 68, 177, 128, 88, 50, 175, 34, 190, 0)
False, True, 0.0013, (0, 110, 105, 78, 53, 136, 63, 20, 149, 187, 58, 78, 105, 18, 0)
True, True, 0.0361, (0, 130, 101, 206, 108, 74, 155, 95, 5, 57, 82, 14, 44, 0)
False, True, 0.0181, (0, 103, 42, 205, 156, 26, 49, 44, 70, 100, 205, 42, 103, 72, 0)
False, True, 0.0249, (0, 194, 21, 19, 87, 55, 146, 79, 137, 126, 174, 59, 164, 76, 19, 194, 0)
False, True, 0.0192, (0, 84, 98, 42, 205, 100, 70, 44, 49, 26, 156, 176, 42, 0)
True, True, 0.0073, (0, 38, 173, 200, 176, 156, 26, 49, 70, 100, 205, 42, 103, 72, 0)
False, True, 0.0004, (0, 34, 161, 199, 47, 72, 54, 29, 103, 203, 173, 56, 38, 34, 190, 0)
all_elementary, False
all_cyc2, False
