Instance, X-n228-k23
capacity, 154
min_trucks, 23
output_file, output_uchoa/X-n228-k23-ng8.log
Start date, 2022-06-23
Start time, 18-13-10
capacity, 154
num_vehicles, 23
abort_early, False
methods, ['ng8']
max_vars, 1000000
time_limit, 86400
farley, False
initial time, initial max_it, max_stale_it
1e-05, 2000000000.0, 20
heuristic Number of routes, heuristic Best Solution Value, heuristic number of iterations, adjusted time, adjusted max_it
133198, 25746.0, 20000, 1.0, 20000.0
method, python time, total time, propagated dominance time, unpropagated dominance time, pricing_success, upper_bound, lower_bound, abort_early, num_paths, 
ng8, 1.3, 265.1, 250.4, 9.6, 1, 25454.6863, 23142.3777, 0, 2881
ng8, 0.3, 371.1, 352.0, 13.5, 1, 25405.9264, 23965.5254, 0, 812
ng8, 0.1, 362.2, 343.7, 12.9, 1, 25385.907, 24814.2329, 0, 264
ng8, 0.0, 347.5, 329.0, 12.8, 1, 25371.5745, 24898.3441, 0, 117
ng8, 0.0, 401.0, 380.7, 14.4, 1, 25366.1725, 25208.9135, 0, 70
ng8, 0.0, 408.2, 387.2, 15.1, 1, 25364.8496, 25227.8794, 0, 27
ng8, 0.1, 405.8, 384.7, 15.2, 1, 25364.3031, 25251.6427, 0, 22
ng8, 0.1, 408.5, 387.4, 15.2, 1, 25364.1834, 25323.4717, 0, 7
ng8, 0.1, 408.6, 387.5, 15.2, 1, 25364.1627, 25345.9086, 0, 2
ng8, 0.1, 399.6, 378.7, 15.1, 1, 25364.1627, 25345.9086, 0, 1
ng8, -0.0, 318.7, 299.9, 12.9, 1, 25364.1553, 25357.706, 0, 1
ng8, 0.0, 317.7, 298.9, 13.0, 1, 25364.1548, 25359.5081, 0, 1
ng8, 0.0, 341.7, 322.5, 13.4, 1, 25364.1546, 25364.1546, 0, 0
scip_total_time, 17230.638849
Solval, number of paths, impact cutoff
25364.154568034413, 182, 0.0001
Elementary, 2-Cycle, Path Value, Path
True, True, 0.224, (0, 16, 19, 0)
True, True, 0.3225, (0, 204, 55, 17, 22, 66, 0)
True, True, 0.0351, (0, 18, 104, 32, 0)
True, True, 0.776, (0, 41, 19, 16, 0)
True, True, 0.2927, (0, 60, 115, 49, 143, 174, 113, 31, 21, 93, 120, 0)
True, True, 0.4791, (0, 12, 25, 59, 91, 0)
True, True, 0.1037, (0, 211, 125, 185, 175, 8, 154, 168, 81, 66, 223, 183, 0)
True, True, 0.0514, (0, 175, 55, 17, 22, 66, 0)
True, True, 0.2923, (0, 216, 84, 126, 54, 3, 214, 48, 209, 95, 166, 34, 178, 0)
True, True, 0.3059, (0, 60, 73, 115, 49, 43, 31, 21, 93, 160, 0)
True, True, 0.4661, (0, 227, 211, 125, 185, 8, 154, 131, 45, 85, 219, 204, 0)
True, True, 0.3816, (0, 175, 17, 131, 22, 81, 0)
True, True, 0.0204, (0, 196, 122, 97, 165, 139, 108, 6, 64, 152, 190, 201, 181, 0)
True, True, 0.5275, (0, 173, 191, 207, 18, 189, 186, 193, 133, 156, 117, 0)
True, True, 0.0168, (0, 93, 10, 180, 46, 94, 135, 130, 9, 0)
True, True, 0.5498, (0, 140, 27, 58, 2, 90, 0)
True, True, 0.0701, (0, 2, 58, 118, 27, 140, 0)
True, True, 0.1369, (0, 101, 173, 191, 207, 18, 189, 186, 193, 133, 156, 0)
True, True, 0.0984, (0, 178, 34, 166, 95, 209, 94, 135, 130, 63, 46, 180, 10, 188, 199, 89, 161, 153, 0)
True, True, 0.2368, (0, 157, 187, 150, 179, 53, 11, 87, 168, 81, 66, 223, 183, 129, 0)
True, True, 0.1076, (0, 224, 79, 127, 121, 111, 136, 221, 99, 138, 163, 5, 56, 91, 0)
True, True, 0.2503, (0, 224, 79, 127, 121, 136, 111, 201, 190, 152, 64, 6, 108, 39, 171, 0)
True, True, 0.089, (0, 164, 39, 108, 6, 139, 165, 97, 122, 196, 112, 171, 119, 0)
True, True, 0.2496, (0, 216, 84, 126, 169, 3, 214, 48, 95, 166, 34, 178, 0)
True, True, 0.0391, (0, 119, 171, 112, 108, 6, 64, 152, 190, 201, 111, 136, 121, 127, 79, 224, 0)
True, True, 0.0361, (0, 148, 4, 14, 36, 137, 203, 145, 70, 151, 0)
True, True, 0.2441, (0, 107, 9, 24, 54, 169, 0)
True, True, 0.2142, (0, 140, 155, 114, 51, 32, 28, 0)
True, True, 0.6495, (0, 123, 107, 9, 24, 149, 0)
True, True, 0.0958, (0, 90, 103, 101, 218, 77, 202, 30, 176, 106, 42, 0)
True, True, 0.3138, (0, 182, 162, 50, 20, 13, 177, 208, 88, 144, 92, 116, 0)
True, True, 0.0487, (0, 129, 183, 223, 132, 102, 168, 8, 175, 185, 125, 0)
True, True, 0.2028, (0, 71, 194, 200, 181, 213, 138, 163, 5, 56, 59, 109, 141, 0)
True, True, 0.0152, (0, 119, 171, 112, 39, 139, 108, 6, 64, 152, 190, 201, 221, 181, 0)
True, True, 0.029, (0, 134, 182, 72, 167, 82, 92, 144, 14, 36, 137, 62, 146, 222, 212, 98, 0)
True, True, 0.0133, (0, 160, 115, 49, 174, 113, 143, 210, 96, 215, 31, 21, 93, 0)
True, True, 0.3801, (0, 35, 2, 27, 0)
True, True, 0.0972, (0, 52, 148, 4, 14, 144, 92, 82, 182, 134, 0)
True, True, 0.3319, (0, 145, 36, 67, 177, 13, 20, 208, 88, 50, 162, 182, 0)
True, True, 0.1299, (0, 224, 79, 127, 121, 111, 136, 221, 99, 138, 163, 5, 56, 119, 0)
True, True, 0.089, (0, 196, 122, 97, 165, 139, 6, 64, 152, 190, 201, 99, 213, 0)
True, True, 0.0482, (0, 41, 178, 34, 166, 48, 214, 3, 169, 126, 84, 216, 0)
True, True, 0.2787, (0, 119, 112, 5, 163, 138, 99, 221, 136, 111, 121, 127, 79, 224, 0)
True, True, 0.2811, (0, 38, 198, 217, 141, 109, 25, 213, 181, 200, 194, 71, 0)
True, True, 0.2967, (0, 77, 98, 192, 26, 151, 15, 52, 44, 0)
True, True, 0.3059, (0, 113, 210, 215, 96, 147, 7, 105, 226, 23, 73, 0)
True, True, 0.0168, (0, 160, 93, 10, 180, 46, 63, 9, 0)
True, True, 0.0163, (0, 103, 218, 225, 77, 202, 30, 176, 58, 35, 0)
True, True, 0.125, (0, 80, 74, 220, 61, 128, 1, 78, 40, 57, 86, 76, 47, 137, 203, 70, 0)
True, True, 0.0864, (0, 158, 220, 61, 128, 1, 78, 40, 57, 100, 86, 76, 47, 137, 203, 70, 0)
True, True, 0.1386, (0, 116, 92, 82, 162, 144, 14, 4, 148, 0)
True, True, 0.1161, (0, 115, 23, 226, 105, 7, 147, 96, 215, 210, 143, 174, 0)
True, True, 0.1262, (0, 75, 182, 82, 92, 144, 14, 4, 148, 52, 0)
True, True, 0.2031, (0, 73, 23, 226, 105, 7, 147, 96, 215, 210, 143, 174, 0)
True, True, 0.0422, (0, 70, 145, 36, 67, 177, 13, 20, 208, 88, 50, 92, 116, 0)
True, True, 0.0129, (0, 62, 74, 193, 186, 189, 18, 207, 173, 0)
True, True, 0.2588, (0, 123, 89, 188, 46, 180, 10, 21, 93, 0)
True, True, 0.0675, (0, 182, 167, 33, 139, 165, 97, 122, 196, 112, 171, 119, 0)
True, True, 0.0665, (0, 164, 33, 39, 165, 97, 122, 196, 163, 138, 213, 0)
True, True, 0.0402, (0, 160, 115, 49, 143, 174, 113, 43, 31, 21, 93, 120, 0)
True, True, 0.062, (0, 134, 75, 65, 72, 167, 33, 112, 171, 119, 198, 0)
True, True, 0.1029, (0, 120, 43, 210, 215, 96, 147, 7, 105, 226, 23, 49, 0)
True, True, 0.0701, (0, 106, 184, 155, 69, 124, 51, 114, 28, 176, 58, 35, 0)
True, True, 0.342, (0, 103, 101, 218, 225, 77, 202, 117, 30, 176, 106, 0)
True, True, 0.0127, (0, 146, 62, 193, 186, 189, 18, 207, 173, 0)
True, True, 0.0958, (0, 42, 106, 176, 30, 202, 225, 77, 103, 90, 0)
True, True, 0.2033, (0, 195, 205, 52, 15, 151, 26, 192, 0)
True, True, 0.2487, (0, 192, 26, 151, 15, 217, 198, 38, 0)
True, True, 0.1221, (0, 170, 212, 222, 146, 62, 137, 14, 36, 67, 144, 92, 82, 116, 148, 0)
True, True, 0.0797, (0, 164, 112, 196, 97, 165, 139, 108, 6, 64, 152, 190, 201, 213, 0)
True, True, 0.0607, (0, 28, 32, 173, 133, 80, 170, 117, 0)
True, True, 0.0368, (0, 170, 222, 203, 137, 36, 14, 4, 148, 0)
True, True, 0.0133, (0, 120, 43, 31, 215, 96, 147, 7, 105, 226, 49, 115, 0)
True, True, 0.0368, (0, 148, 4, 14, 36, 67, 137, 203, 212, 0)
True, True, 0.1295, (0, 67, 110, 206, 172, 159, 83, 100, 57, 40, 1, 128, 220, 158, 80, 0)
True, True, 0.2586, (0, 42, 118, 184, 155, 69, 124, 51, 114, 28, 176, 58, 35, 90, 0)
True, True, 0.1214, (0, 35, 176, 28, 114, 51, 124, 69, 155, 184, 118, 106, 0)
True, True, 0.2156, (0, 164, 167, 162, 50, 20, 13, 177, 208, 88, 82, 116, 0)
True, True, 0.2125, (0, 181, 221, 99, 201, 190, 152, 64, 6, 108, 139, 39, 164, 171, 0)
True, True, 0.0049, (0, 134, 75, 65, 164, 112, 5, 163, 138, 213, 200, 71, 0)
True, True, 0.2522, (0, 125, 185, 175, 55, 8, 154, 168, 102, 132, 197, 129, 0)
True, True, 0.0738, (0, 80, 74, 220, 61, 128, 1, 78, 40, 57, 100, 86, 76, 47, 203, 70, 98, 0)
True, True, 0.1566, (0, 141, 109, 59, 56, 5, 163, 138, 99, 221, 181, 200, 198, 0)
True, True, 0.0293, (0, 38, 205, 52, 15, 151, 26, 192, 98, 0)
True, True, 0.239, (0, 103, 218, 225, 30, 202, 68, 44, 195, 38, 0)
True, True, 0.1759, (0, 41, 178, 34, 166, 95, 209, 94, 135, 130, 63, 199, 188, 46, 180, 10, 161, 153, 160, 120, 0)
True, True, 0.1493, (0, 170, 222, 212, 203, 137, 36, 14, 4, 0)
True, True, 0.1782, (0, 164, 33, 39, 139, 165, 97, 122, 196, 56, 109, 0)
True, True, 0.1037, (0, 227, 125, 185, 175, 8, 154, 131, 45, 85, 55, 219, 204, 0)
True, True, 0.0722, (0, 170, 80, 222, 212, 70, 145, 4, 148, 15, 0)
True, True, 0.1103, (0, 148, 4, 14, 36, 137, 222, 212, 98, 0)
True, True, 0.0121, (0, 117, 170, 80, 222, 212, 70, 145, 14, 4, 148, 0)
True, True, 0.044, (0, 116, 82, 144, 14, 36, 4, 148, 98, 0)
True, True, 0.0257, (0, 156, 133, 193, 191, 207, 186, 189, 18, 104, 101, 0)
True, True, 0.0964, (0, 116, 82, 50, 88, 208, 20, 13, 177, 67, 145, 70, 98, 0)
True, True, 0.0577, (0, 103, 101, 30, 117, 202, 68, 44, 205, 195, 38, 0)
True, True, 0.0118, (0, 67, 110, 206, 172, 159, 83, 100, 40, 1, 128, 61, 86, 76, 203, 70, 0)
False, False, 0.1294, (0, 115, 49, 23, 226, 23, 73, 0)
True, True, 0.0133, (0, 43, 113, 210, 147, 7, 105, 226, 23, 49, 0)
False, True, 0.0029, (0, 52, 192, 26, 151, 15, 192, 52, 68, 0)
True, True, 0.0207, (0, 157, 187, 150, 197, 132, 102, 168, 154, 17, 131, 45, 85, 55, 219, 124, 69, 0)
False, False, 0.0005, (0, 175, 17, 87, 17, 85, 55, 125, 0)
False, True, 0.2488, (0, 37, 65, 72, 167, 33, 72, 75, 134, 0)
False, True, 0.2633, (0, 37, 65, 72, 167, 33, 65, 75, 134, 0)
False, True, 0.2142, (0, 32, 104, 207, 191, 104, 32, 173, 133, 170, 156, 0)
False, True, 0.2369, (0, 170, 80, 146, 62, 158, 74, 220, 61, 100, 83, 159, 172, 206, 110, 86, 158, 74, 62, 146, 222, 212, 0)
False, False, 0.0482, (0, 17, 87, 17, 85, 219, 0)
True, True, 0.1268, (0, 145, 47, 76, 110, 206, 172, 159, 83, 57, 40, 78, 1, 128, 61, 220, 0)
False, True, 0.2749, (0, 42, 106, 118, 184, 155, 28, 114, 51, 124, 69, 184, 118, 42, 0)
False, True, 0.2821, (0, 60, 157, 187, 150, 197, 132, 102, 53, 11, 179, 150, 197, 129, 0)
False, True, 0.0797, (0, 224, 79, 127, 121, 136, 111, 201, 122, 190, 152, 64, 108, 39, 139, 165, 97, 122, 152, 190, 201, 111, 136, 121, 127, 79, 224, 0)
False, True, 0.0168, (0, 149, 24, 209, 48, 24, 0)
False, True, 0.0607, (0, 155, 114, 51, 32, 104, 193, 191, 104, 32, 0)
False, True, 0.1535, (0, 103, 218, 101, 225, 77, 202, 30, 225, 218, 101, 35, 0)
False, True, 0.1161, (0, 120, 43, 113, 174, 143, 226, 105, 7, 147, 96, 215, 210, 31, 43, 0)
False, True, 0.1615, (0, 71, 194, 200, 141, 59, 25, 109, 141, 194, 71, 0)
True, True, 0.2236, (0, 104, 18, 189, 186, 193, 74, 62, 146, 0)
True, True, 0.0527, (0, 227, 211, 183, 223, 132, 102, 87, 11, 53, 179, 187, 157, 0)
False, True, 0.0222, (0, 216, 84, 126, 169, 54, 3, 169, 126, 84, 216, 0)
False, True, 0.1137, (0, 37, 119, 171, 112, 33, 167, 72, 65, 37, 0)
False, True, 0.0693, (0, 192, 148, 4, 92, 144, 82, 4, 148, 52, 0)
False, True, 0.1469, (0, 68, 52, 15, 151, 26, 192, 68, 0)
True, True, 0.0227, (0, 67, 110, 206, 172, 159, 83, 100, 57, 78, 1, 128, 61, 86, 203, 70, 0)
False, True, 0.0165, (0, 224, 79, 127, 121, 136, 111, 201, 190, 152, 165, 97, 122, 196, 163, 138, 122, 97, 165, 152, 190, 201, 99, 221, 181, 71, 0)
False, True, 0.0151, (0, 70, 203, 137, 47, 76, 86, 110, 206, 172, 159, 83, 100, 61, 128, 78, 40, 57, 100, 83, 159, 172, 206, 110, 86, 76, 47, 137, 203, 70, 98, 0)
True, True, 0.0207, (0, 70, 203, 47, 76, 86, 220, 61, 128, 78, 186, 189, 18, 104, 0)
False, True, 0.4065, (0, 142, 29, 195, 205, 91, 44, 68, 29, 142, 0)
False, True, 0.2588, (0, 153, 161, 89, 199, 188, 10, 180, 46, 94, 135, 130, 63, 199, 89, 161, 153, 0)
True, True, 0.0344, (0, 134, 75, 182, 72, 82, 92, 144, 14, 36, 137, 203, 70, 212, 222, 80, 170, 156, 0)
False, True, 0.0487, (0, 55, 17, 45, 87, 17, 175, 0)
True, True, 0.0786, (0, 227, 211, 183, 223, 132, 102, 87, 22, 45, 85, 55, 219, 204, 0)
True, True, 0.083, (0, 56, 5, 196, 122, 97, 165, 152, 190, 201, 221, 213, 0)
False, True, 0.2097, (0, 205, 217, 12, 134, 75, 37, 12, 217, 0)
False, False, 0.0351, (0, 98, 212, 222, 133, 173, 32, 104, 207, 104, 32, 0)
False, True, 0.1054, (0, 119, 171, 112, 196, 122, 97, 165, 64, 6, 108, 139, 196, 56, 0)
False, True, 0.0351, (0, 101, 32, 104, 191, 207, 186, 189, 104, 32, 58, 0)
True, True, 0.0335, (0, 160, 21, 31, 43, 113, 174, 143, 49, 115, 60, 0)
True, True, 0.1087, (0, 67, 110, 206, 172, 159, 83, 100, 40, 78, 1, 128, 220, 158, 80, 0)
False, True, 0.0542, (0, 164, 112, 196, 122, 97, 165, 139, 64, 6, 108, 39, 164, 119, 0)
True, True, 0.0671, (0, 149, 54, 3, 214, 48, 209, 94, 135, 130, 63, 199, 188, 89, 123, 0)
False, True, 0.0935, (0, 142, 29, 38, 71, 198, 205, 195, 29, 142, 0)
False, True, 0.0482, (0, 149, 54, 3, 214, 48, 95, 209, 94, 135, 130, 63, 107, 54, 149, 0)
True, True, 0.0253, (0, 52, 148, 116, 82, 92, 144, 14, 36, 137, 62, 146, 222, 212, 170, 156, 0)
False, True, 0.1294, (0, 160, 43, 113, 174, 143, 210, 105, 7, 147, 96, 215, 31, 43, 160, 0)
True, True, 0.0222, (0, 153, 161, 10, 180, 46, 188, 199, 63, 130, 135, 94, 209, 48, 214, 169, 126, 84, 216, 0)
False, True, 0.1122, (0, 216, 84, 126, 169, 54, 3, 214, 48, 126, 84, 216, 0)
True, True, 0.0883, (0, 129, 197, 150, 179, 53, 11, 45, 85, 55, 219, 124, 69, 0)
False, False, 0.0783, (0, 198, 194, 200, 181, 213, 25, 213, 200, 194, 71, 0)
False, True, 0.0361, (0, 98, 26, 151, 212, 222, 80, 170, 156, 26, 98, 0)
True, True, 0.0049, (0, 98, 70, 203, 47, 76, 86, 57, 40, 78, 186, 189, 18, 104, 0)
False, True, 0.0453, (0, 164, 112, 196, 122, 97, 165, 64, 6, 108, 39, 112, 171, 119, 0)
True, True, 0.1659, (0, 183, 223, 132, 102, 87, 22, 45, 85, 219, 124, 69, 140, 0)
False, True, 0.0018, (0, 98, 148, 116, 82, 92, 14, 36, 4, 148, 0)
True, True, 0.2689, (0, 227, 211, 183, 223, 66, 81, 168, 87, 11, 53, 179, 187, 157, 0)
True, True, 0.1356, (0, 178, 34, 166, 95, 209, 94, 135, 63, 130, 214, 3, 54, 169, 0)
False, True, 0.0199, (0, 198, 194, 200, 213, 138, 163, 5, 56, 109, 141, 198, 0)
False, False, 0.0005, (0, 175, 17, 87, 17, 55, 185, 204, 0)
False, True, 0.044, (0, 38, 217, 12, 134, 75, 65, 37, 12, 0)
True, True, 0.0978, (0, 80, 158, 61, 128, 1, 78, 57, 100, 83, 159, 172, 206, 110, 67, 0)
False, True, 0.0778, (0, 145, 47, 76, 86, 100, 57, 40, 78, 1, 128, 61, 86, 76, 47, 137, 203, 70, 0)
True, True, 0.0129, (0, 80, 146, 158, 61, 128, 1, 78, 40, 57, 100, 86, 76, 47, 203, 70, 0)
False, True, 0.0067, (0, 38, 198, 217, 12, 134, 75, 37, 12, 91, 0)
False, True, 0.0728, (0, 120, 149, 24, 9, 149, 120, 0)
True, True, 0.0302, (0, 216, 84, 126, 169, 54, 48, 209, 94, 135, 130, 63, 199, 188, 46, 180, 10, 161, 153, 0)
False, True, 0.0167, (0, 198, 194, 200, 181, 213, 138, 163, 5, 56, 141, 198, 0)
True, True, 0.0167, (0, 129, 183, 223, 66, 168, 154, 8, 55, 219, 204, 0)
True, True, 0.0887, (0, 120, 160, 153, 161, 10, 180, 46, 188, 199, 63, 130, 135, 94, 209, 48, 169, 126, 84, 216, 0)
False, True, 0.0092, (0, 224, 79, 127, 121, 111, 136, 99, 201, 190, 152, 122, 97, 165, 139, 39, 108, 64, 152, 190, 201, 111, 136, 121, 127, 79, 224, 0)
False, True, 0.0118, (0, 70, 203, 47, 86, 1, 78, 40, 57, 83, 159, 172, 206, 110, 76, 47, 203, 70, 0)
True, True, 0.0557, (0, 157, 73, 115, 49, 143, 174, 113, 31, 21, 93, 0)
False, True, 0.0909, (0, 98, 212, 222, 146, 62, 158, 74, 220, 61, 128, 78, 40, 57, 100, 83, 159, 172, 206, 110, 86, 76, 47, 137, 203, 145, 70, 98, 0)
True, True, 0.0161, (0, 129, 183, 223, 132, 102, 87, 168, 154, 17, 131, 45, 85, 55, 185, 125, 0)
False, True, 0.1136, (0, 70, 203, 47, 76, 86, 1, 78, 40, 57, 83, 159, 172, 206, 110, 76, 47, 145, 0)
True, True, 0.0247, (0, 120, 123, 89, 107, 63, 130, 135, 94, 209, 48, 214, 3, 169, 149, 0)
True, True, 0.0119, (0, 227, 211, 183, 223, 132, 102, 87, 168, 154, 17, 131, 45, 85, 219, 204, 0)
False, True, 0.0096, (0, 98, 70, 203, 137, 47, 76, 110, 206, 172, 159, 83, 100, 57, 78, 40, 100, 83, 159, 172, 206, 110, 76, 47, 62, 146, 222, 212, 0)
False, True, 0.0522, (0, 129, 187, 179, 53, 11, 87, 102, 132, 197, 150, 187, 157, 60, 0)
False, True, 0.0335, (0, 60, 160, 153, 161, 89, 107, 63, 130, 135, 94, 46, 180, 10, 161, 153, 160, 0)
False, True, 0.009, (0, 227, 211, 81, 168, 154, 8, 175, 185, 125, 211, 227, 0)
False, True, 0.0154, (0, 157, 187, 150, 179, 53, 11, 87, 168, 102, 132, 197, 150, 187, 157, 0)
False, True, 0.0035, (0, 129, 197, 150, 179, 53, 11, 87, 102, 132, 197, 150, 187, 129, 0)
False, True, 0.0013, (0, 70, 203, 47, 76, 86, 100, 57, 40, 78, 1, 61, 220, 86, 76, 47, 203, 70, 0)
all_elementary, False
all_cyc2, False
