Instance, X-n256-k16
capacity, 1225
min_trucks, 16
output_file, output_uchoa/X-n256-k16-SPPRC.log
Start date, 2022-06-23
Start time, 11-13-54
capacity, 1225
num_vehicles, 16
abort_early, False
methods, ['SPPRC']
max_vars, 1000000
time_limit, 86400
farley, False
initial time, initial max_it, max_stale_it
1e-05, 2000000000.0, 20
heuristic Number of routes, heuristic Best Solution Value, heuristic number of iterations, adjusted time, adjusted max_it
1314616, 18916.0, 101952, 0.1, 200000.0
method, python time, total time, propagated dominance time, unpropagated dominance time, pricing_success, upper_bound, lower_bound, abort_early, num_paths, 
SPPRC, 4.2, 5.3, 4.2, 0.3, 1, 18261.8873, 1520.3408, 0, 9983
SPPRC, 4.7, 6.2, 5.0, 0.3, 1, 18208.0739, -2118.3031, 0, 11293
SPPRC, 4.0, 6.4, 5.1, 0.4, 1, 18201.9798, -5907.5219, 0, 10284
SPPRC, 3.3, 8.4, 6.8, 0.5, 1, 18151.8027, 10030.6921, 0, 7361
SPPRC, 3.3, 11.4, 9.5, 0.6, 1, 17970.4737, 12398.7204, 0, 7049
SPPRC, 2.4, 13.2, 11.2, 0.7, 1, 17870.2935, 8798.4685, 0, 5570
SPPRC, 2.6, 18.4, 15.8, 1.0, 1, 17791.1979, 13764.4729, 0, 5490
SPPRC, 2.0, 22.2, 19.4, 1.1, 1, 17708.2062, 12728.0157, 0, 4378
SPPRC, 1.9, 13.8, 11.6, 0.7, 1, 17594.0125, 12050.386, 0, 4219
SPPRC, 1.7, 12.5, 10.4, 0.7, 1, 17547.8188, 13933.4382, 0, 3609
SPPRC, 1.3, 20.0, 17.2, 1.1, 1, 17473.4837, 14046.792, 0, 2924
SPPRC, 1.0, 16.5, 13.9, 1.0, 1, 17431.1521, 15515.1893, 0, 2250
SPPRC, 1.3, 13.2, 11.0, 0.7, 1, 17384.0359, 13882.5815, 0, 2883
SPPRC, 0.8, 66.8, 63.6, 1.5, 1, 17344.4431, 15826.3437, 0, 1568
SPPRC, 0.8, 37.1, 34.3, 1.3, 1, 17289.2358, 15001.4657, 0, 1557
SPPRC, 0.4, 11.7, 9.4, 0.8, 1, 17260.2875, 16548.6335, 0, 899
SPPRC, 0.3, 9.4, 7.3, 0.6, 1, 17228.5377, 16727.5558, 0, 559
SPPRC, 0.3, 8.2, 6.3, 0.6, 1, 17203.9141, 16639.3742, 0, 517
SPPRC, 0.2, 7.0, 5.2, 0.5, 1, 17188.1802, 16790.2498, 0, 294
SPPRC, 0.1, 5.9, 4.2, 0.5, 1, 17175.5408, 16916.162, 0, 200
SPPRC, 0.1, 5.0, 3.5, 0.4, 1, 17169.8975, 16931.007, 0, 121
SPPRC, 0.0, 5.3, 3.7, 0.4, 1, 17166.2215, 17029.6446, 0, 59
SPPRC, 0.1, 5.2, 3.7, 0.4, 1, 17163.4341, 17071.5556, 0, 47
SPPRC, 0.0, 5.2, 3.6, 0.4, 1, 17162.7358, 17124.6275, 0, 21
SPPRC, -0.0, 5.5, 3.8, 0.4, 1, 17162.643, 17114.3567, 0, 14
SPPRC, 0.0, 5.3, 3.7, 0.4, 1, 17162.4295, 17158.8593, 0, 4
SPPRC, 0.0, 5.2, 3.6, 0.4, 1, 17162.4225, 17159.3761, 0, 3
SPPRC, 0.1, 5.4, 3.8, 0.4, 1, 17162.4202, 17152.3382, 0, 1
SPPRC, 0.0, 5.2, 3.6, 0.4, 1, 17162.4202, 17162.4202, 0, 0
scip_total_time, 93792.844551
Solval, number of paths, impact cutoff
17162.420242254848, 226, 0.0001
Elementary, 2-Cycle, Path Value, Path
False, False, 0.0094, (0, 140, 250, 154, 250, 154, 250, 154, 250, 140, 250, 140, 250, 140, 250, 140, 250, 140, 250, 140, 0)
False, False, 0.0245, (0, 134, 135, 9, 135, 9, 135, 9, 135, 9, 135, 9, 135, 9, 135, 9, 135, 54, 247, 0)
False, False, 0.0113, (0, 82, 225, 166, 225, 166, 225, 166, 225, 166, 225, 166, 225, 166, 198, 106, 33, 0)
False, False, 0.0618, (0, 192, 233, 151, 233, 151, 233, 151, 233, 151, 233, 151, 233, 151, 233, 151, 233, 151, 192, 0)
False, False, 0.0434, (0, 159, 188, 31, 211, 31, 211, 31, 211, 31, 211, 31, 211, 31, 211, 31, 159, 0)
False, False, 0.0509, (0, 140, 250, 154, 211, 31, 211, 31, 211, 31, 211, 31, 211, 31, 211, 31, 211, 159, 0)
False, False, 0.0854, (0, 241, 118, 241, 118, 241, 118, 241, 118, 241, 118, 241, 118, 241, 0)
False, False, 0.1355, (0, 201, 3, 153, 3, 153, 3, 153, 3, 153, 3, 153, 3, 153, 201, 0)
False, False, 0.1944, (0, 132, 26, 59, 36, 59, 36, 59, 36, 59, 36, 59, 36, 26, 148, 0)
False, False, 0.0103, (0, 147, 20, 204, 236, 204, 236, 204, 236, 204, 236, 204, 236, 204, 236, 204, 112, 20, 147, 0)
False, False, 0.0493, (0, 140, 118, 241, 118, 241, 118, 241, 118, 241, 118, 241, 118, 241, 118, 0)
False, False, 0.1729, (0, 24, 155, 65, 119, 68, 195, 187, 195, 68, 195, 187, 68, 119, 65, 155, 24, 0)
False, False, 0.068, (0, 130, 169, 228, 206, 228, 169, 228, 206, 228, 206, 228, 206, 228, 169, 168, 0)
False, False, 0.0507, (0, 61, 240, 184, 240, 184, 240, 184, 240, 184, 240, 184, 240, 184, 240, 184, 240, 61, 0)
False, False, 0.0104, (0, 24, 155, 119, 65, 119, 65, 119, 65, 119, 65, 119, 65, 119, 65, 119, 65, 155, 0)
False, False, 0.0167, (0, 61, 240, 184, 240, 184, 240, 184, 240, 184, 240, 184, 150, 184, 150, 184, 150, 184, 240, 0)
False, False, 0.0361, (0, 15, 62, 182, 42, 46, 42, 46, 42, 46, 42, 46, 42, 46, 42, 182, 118, 0)
False, False, 0.1412, (0, 101, 139, 186, 100, 131, 100, 131, 100, 131, 100, 131, 100, 186, 220, 254, 0)
False, False, 0.1503, (0, 61, 240, 184, 150, 205, 34, 205, 34, 205, 34, 205, 34, 205, 227, 13, 0)
False, False, 0.2, (0, 146, 147, 20, 114, 112, 114, 112, 114, 112, 114, 112, 114, 20, 147, 146, 0)
False, False, 0.0932, (0, 27, 212, 44, 203, 200, 203, 200, 203, 200, 203, 200, 203, 44, 212, 27, 212, 27, 0)
False, False, 0.0189, (0, 221, 171, 221, 171, 221, 171, 221, 171, 221, 171, 221, 171, 221, 246, 0)
False, False, 0.0126, (0, 249, 246, 201, 217, 201, 217, 201, 217, 201, 217, 201, 217, 201, 217, 201, 246, 249, 0)
False, False, 0.0842, (0, 61, 90, 194, 22, 194, 22, 194, 22, 194, 22, 194, 22, 194, 22, 194, 0)
False, False, 0.0774, (0, 197, 15, 62, 182, 62, 182, 62, 182, 62, 45, 62, 45, 62, 15, 197, 0)
False, False, 0.0721, (0, 246, 201, 217, 197, 15, 197, 15, 197, 15, 197, 15, 197, 217, 201, 246, 0)
False, False, 0.0246, (0, 22, 194, 22, 194, 22, 194, 22, 194, 22, 194, 22, 194, 22, 194, 90, 0)
False, False, 0.0128, (0, 146, 147, 20, 147, 20, 147, 20, 147, 20, 147, 20, 147, 20, 147, 146, 0)
False, False, 0.0168, (0, 12, 105, 39, 216, 176, 216, 176, 216, 176, 216, 176, 216, 176, 216, 176, 216, 176, 216, 39, 105, 12, 0)
False, False, 0.078, (0, 12, 105, 39, 216, 176, 216, 176, 216, 176, 216, 176, 216, 176, 216, 176, 216, 176, 216, 39, 105, 247, 0)
False, False, 0.218, (0, 27, 44, 203, 200, 87, 25, 29, 71, 29, 71, 29, 71, 29, 71, 124, 179, 0)
False, False, 0.1073, (0, 246, 214, 185, 214, 185, 214, 185, 214, 185, 214, 185, 214, 185, 214, 246, 0)
False, False, 0.032, (0, 198, 48, 47, 86, 200, 87, 25, 87, 25, 87, 200, 86, 47, 48, 198, 0)
False, False, 0.0061, (0, 167, 64, 179, 213, 60, 213, 60, 213, 60, 213, 60, 213, 179, 64, 193, 106, 0)
False, False, 0.1066, (0, 118, 182, 46, 42, 46, 42, 46, 42, 46, 42, 46, 42, 46, 42, 182, 241, 0)
False, False, 0.0687, (0, 192, 189, 43, 189, 43, 189, 43, 189, 43, 189, 43, 189, 43, 151, 192, 0)
False, False, 0.0678, (0, 12, 105, 39, 176, 91, 92, 91, 92, 91, 92, 91, 92, 91, 176, 39, 105, 12, 0)
False, False, 0.0765, (0, 247, 54, 74, 117, 74, 117, 74, 117, 74, 117, 135, 9, 135, 9, 135, 134, 0)
False, False, 0.0456, (0, 140, 250, 154, 98, 58, 242, 245, 242, 245, 242, 245, 242, 58, 98, 154, 140, 0)
False, False, 0.1087, (0, 168, 231, 224, 94, 223, 94, 223, 94, 223, 94, 223, 94, 224, 231, 169, 0)
False, False, 0.0673, (0, 33, 82, 106, 122, 193, 198, 225, 166, 225, 198, 193, 122, 106, 82, 33, 0)
False, False, 0.032, (0, 198, 48, 47, 86, 71, 29, 71, 29, 71, 29, 71, 29, 25, 86, 47, 48, 0)
False, False, 0.1789, (0, 82, 198, 48, 47, 128, 47, 128, 47, 86, 164, 86, 164, 233, 151, 192, 0)
False, False, 0.0074, (0, 106, 193, 4, 48, 47, 128, 47, 128, 47, 128, 47, 128, 47, 48, 198, 0)
False, False, 0.1, (0, 33, 82, 106, 167, 50, 77, 50, 77, 50, 77, 50, 77, 50, 167, 249, 0)
False, False, 0.0984, (0, 24, 155, 65, 93, 70, 93, 70, 93, 70, 93, 70, 93, 65, 155, 19, 84, 0)
False, False, 0.1452, (0, 201, 217, 145, 158, 67, 158, 67, 158, 67, 158, 67, 145, 67, 15, 197, 0)
False, False, 0.2, (0, 218, 141, 11, 174, 210, 149, 210, 149, 210, 149, 210, 149, 210, 149, 11, 141, 218, 0)
False, False, 0.0562, (0, 218, 11, 174, 21, 38, 80, 38, 80, 38, 80, 38, 21, 174, 11, 218, 0)
False, False, 0.0264, (0, 148, 37, 41, 238, 32, 238, 32, 238, 32, 238, 41, 37, 41, 37, 148, 0)
False, False, 0.0106, (0, 148, 37, 41, 37, 41, 37, 41, 37, 41, 37, 41, 37, 41, 238, 41, 37, 148, 0)
False, False, 0.0271, (0, 246, 221, 171, 221, 171, 221, 171, 95, 51, 95, 51, 95, 185, 246, 0)
False, False, 0.0979, (0, 192, 233, 43, 189, 43, 189, 43, 189, 43, 189, 43, 189, 43, 189, 192, 0)
False, False, 0.0601, (0, 37, 41, 238, 32, 111, 78, 152, 78, 152, 78, 152, 170, 235, 207, 5, 229, 0)
False, False, 0.1328, (0, 246, 214, 107, 16, 107, 16, 107, 16, 107, 16, 107, 16, 104, 3, 153, 201, 0)
False, False, 0.0605, (0, 218, 11, 174, 21, 38, 80, 125, 190, 125, 80, 38, 21, 174, 11, 218, 0)
False, False, 0.002, (0, 192, 27, 212, 44, 212, 44, 212, 44, 212, 44, 212, 27, 212, 27, 212, 44, 212, 27, 0)
False, False, 0.0429, (0, 12, 105, 39, 91, 172, 143, 252, 199, 252, 199, 252, 143, 172, 92, 176, 39, 105, 0)
False, False, 0.0282, (0, 146, 147, 20, 204, 121, 236, 121, 236, 121, 236, 121, 236, 121, 236, 121, 204, 20, 147, 0)
False, False, 0.0403, (0, 201, 214, 185, 95, 51, 95, 51, 95, 51, 95, 51, 95, 51, 95, 185, 0)
False, False, 0.2287, (0, 27, 212, 44, 203, 200, 87, 25, 87, 25, 87, 25, 86, 164, 233, 151, 192, 0)
False, False, 0.3333, (0, 215, 177, 109, 177, 109, 177, 109, 127, 30, 127, 30, 127, 30, 226, 17, 104, 0)
False, False, 0.2421, (0, 140, 250, 154, 98, 58, 245, 242, 245, 242, 245, 242, 58, 98, 154, 250, 140, 0)
False, False, 0.0456, (0, 140, 154, 98, 58, 245, 242, 245, 242, 245, 58, 98, 58, 98, 154, 250, 140, 0)
False, False, 0.0508, (0, 168, 159, 188, 248, 188, 248, 188, 248, 188, 248, 188, 159, 168, 159, 0)
False, False, 0.2053, (0, 101, 139, 160, 183, 156, 255, 66, 255, 66, 255, 66, 255, 66, 186, 134, 0)
False, False, 0.0769, (0, 12, 230, 14, 230, 14, 230, 14, 230, 14, 230, 14, 230, 14, 230, 229, 63, 53, 132, 0)
False, False, 0.1359, (0, 26, 243, 207, 235, 137, 152, 78, 152, 78, 111, 85, 32, 238, 41, 37, 148, 0)
False, False, 0.035, (0, 148, 132, 53, 63, 53, 63, 53, 63, 53, 63, 53, 63, 53, 63, 53, 63, 53, 26, 132, 148, 0)
False, False, 0.1944, (0, 217, 145, 104, 17, 226, 28, 57, 28, 57, 28, 57, 226, 17, 226, 17, 104, 145, 217, 0)
False, False, 0.063, (0, 229, 202, 5, 243, 207, 235, 137, 170, 137, 170, 137, 170, 137, 235, 207, 243, 63, 0)
False, False, 0.0331, (0, 249, 167, 64, 179, 213, 215, 213, 215, 213, 215, 213, 179, 64, 193, 122, 106, 0)
False, False, 0.0292, (0, 192, 151, 164, 86, 200, 203, 200, 203, 200, 203, 200, 86, 47, 128, 48, 198, 0)
False, False, 0.1103, (0, 229, 202, 5, 243, 207, 235, 137, 170, 137, 170, 137, 235, 207, 243, 5, 63, 53, 0)
False, False, 0.0301, (0, 249, 167, 64, 4, 181, 48, 181, 4, 181, 4, 181, 4, 64, 167, 249, 0)
False, False, 0.1, (0, 249, 167, 77, 50, 77, 50, 77, 50, 77, 50, 77, 50, 77, 167, 249, 0)
False, False, 0.078, (0, 247, 54, 134, 9, 135, 9, 135, 9, 135, 9, 135, 9, 135, 9, 117, 74, 54, 0)
False, False, 0.0617, (0, 201, 104, 17, 226, 28, 57, 28, 57, 28, 57, 28, 57, 28, 57, 104, 145, 217, 0)
False, False, 0.1368, (0, 197, 15, 62, 45, 182, 45, 182, 45, 182, 45, 62, 45, 62, 15, 197, 0)
False, False, 0.0413, (0, 218, 141, 11, 174, 35, 232, 35, 232, 35, 232, 35, 232, 35, 232, 35, 232, 35, 141, 218, 0)
False, False, 0.0148, (0, 197, 15, 62, 45, 62, 45, 62, 45, 62, 45, 62, 45, 62, 45, 15, 197, 0)
False, False, 0.0174, (0, 140, 250, 154, 250, 154, 250, 154, 250, 154, 250, 154, 250, 154, 250, 154, 250, 154, 250, 140, 250, 140, 0)
False, False, 0.1693, (0, 101, 139, 160, 183, 160, 183, 156, 183, 156, 160, 156, 160, 139, 101, 0)
False, False, 0.0082, (0, 134, 186, 131, 100, 131, 100, 131, 100, 131, 100, 131, 100, 131, 186, 254, 0)
False, False, 0.1463, (0, 134, 186, 131, 191, 2, 191, 2, 191, 2, 191, 2, 191, 2, 191, 2, 9, 134, 0)
False, False, 0.1755, (0, 173, 219, 84, 19, 237, 144, 129, 144, 129, 237, 19, 84, 219, 173, 0)
False, False, 0.1467, (0, 184, 150, 52, 244, 165, 49, 165, 49, 165, 244, 52, 90, 83, 40, 61, 0)
False, False, 0.0041, (0, 201, 217, 145, 158, 145, 158, 145, 158, 67, 158, 67, 158, 145, 217, 201, 0)
False, False, 0.0665, (0, 217, 145, 158, 145, 158, 67, 158, 67, 158, 67, 158, 67, 158, 145, 217, 0)
False, False, 0.0762, (0, 22, 23, 69, 76, 136, 76, 136, 76, 136, 1, 136, 1, 136, 76, 69, 23, 0)
False, False, 0.0201, (0, 132, 26, 243, 207, 235, 170, 137, 170, 152, 78, 152, 78, 111, 32, 238, 41, 37, 0)
False, False, 0.174, (0, 247, 54, 91, 92, 172, 143, 252, 199, 252, 199, 143, 172, 92, 216, 39, 105, 0)
False, False, 0.1571, (0, 82, 198, 48, 128, 164, 86, 164, 128, 47, 128, 48, 181, 4, 193, 106, 0)
False, False, 0.1232, (0, 247, 54, 135, 117, 74, 117, 74, 117, 74, 117, 74, 117, 74, 54, 247, 0)
False, False, 0.1649, (0, 167, 64, 179, 213, 60, 215, 60, 213, 60, 213, 60, 213, 60, 215, 249, 0)
False, False, 0.1163, (0, 33, 106, 122, 193, 4, 181, 48, 181, 4, 181, 4, 193, 122, 106, 33, 0)
False, False, 0.0128, (0, 146, 20, 112, 204, 236, 204, 236, 204, 236, 204, 121, 204, 121, 204, 112, 20, 147, 0)
False, False, 0.0207, (0, 27, 212, 27, 212, 27, 212, 27, 212, 27, 212, 27, 212, 27, 212, 44, 27, 192, 0)
False, False, 0.0195, (0, 132, 26, 243, 207, 235, 170, 152, 78, 152, 78, 152, 170, 235, 207, 5, 202, 229, 0)
False, False, 0.0674, (0, 249, 221, 171, 51, 95, 51, 95, 51, 95, 51, 95, 51, 171, 221, 249, 0)
False, False, 0.0102, (0, 12, 229, 202, 123, 202, 123, 5, 243, 5, 243, 5, 123, 5, 123, 202, 229, 0)
False, False, 0.0055, (0, 27, 44, 212, 44, 212, 44, 212, 44, 212, 44, 27, 44, 212, 44, 212, 44, 212, 27, 0)
False, False, 0.1021, (0, 12, 229, 202, 123, 5, 123, 5, 123, 5, 123, 202, 123, 202, 229, 63, 53, 132, 0)
False, False, 0.0769, (0, 12, 229, 202, 14, 230, 14, 230, 14, 230, 14, 230, 14, 230, 14, 230, 14, 229, 0)
False, False, 0.0256, (0, 229, 243, 207, 235, 170, 152, 78, 152, 78, 111, 85, 32, 238, 41, 37, 148, 0)
False, False, 0.0113, (0, 167, 64, 4, 124, 88, 124, 88, 124, 88, 124, 88, 124, 88, 179, 64, 167, 0)
False, False, 0.0357, (0, 193, 64, 179, 88, 124, 88, 124, 88, 124, 88, 124, 88, 124, 88, 179, 64, 193, 0)
False, False, 0.0287, (0, 33, 225, 166, 225, 166, 225, 166, 225, 166, 225, 166, 225, 166, 225, 82, 33, 0)
False, False, 0.0342, (0, 116, 69, 76, 1, 136, 1, 136, 1, 136, 1, 136, 1, 76, 69, 23, 194, 0)
False, False, 0.0108, (0, 246, 214, 107, 16, 107, 16, 107, 16, 107, 16, 107, 16, 107, 16, 214, 246, 0)
False, False, 0.3219, (0, 130, 115, 133, 142, 8, 102, 72, 102, 72, 102, 72, 8, 142, 133, 115, 130, 0)
False, False, 0.0318, (0, 12, 229, 202, 123, 202, 123, 202, 123, 202, 123, 202, 123, 202, 229, 63, 53, 132, 0)
False, False, 0.0543, (0, 201, 214, 185, 107, 16, 107, 16, 107, 16, 107, 16, 107, 16, 3, 153, 201, 0)
False, False, 0.0555, (0, 240, 184, 150, 99, 7, 89, 21, 89, 21, 89, 21, 174, 11, 141, 218, 0)
False, False, 0.1066, (0, 246, 185, 95, 51, 171, 221, 171, 221, 171, 51, 95, 51, 95, 246, 0)
False, False, 0.1823, (0, 249, 167, 64, 179, 88, 124, 88, 124, 88, 124, 88, 179, 64, 122, 106, 33, 0)
False, False, 0.0527, (0, 56, 8, 163, 97, 239, 97, 239, 97, 239, 97, 239, 97, 163, 142, 115, 130, 0)
False, False, 0.037, (0, 148, 37, 41, 238, 32, 238, 32, 85, 32, 85, 32, 238, 41, 37, 148, 0)
False, False, 0.0418, (0, 192, 27, 44, 212, 44, 212, 44, 212, 44, 212, 44, 212, 44, 212, 44, 212, 27, 192, 0)
False, False, 0.0236, (0, 193, 64, 4, 181, 48, 128, 47, 128, 47, 128, 47, 128, 47, 48, 198, 0)
False, False, 0.0131, (0, 84, 155, 119, 68, 195, 187, 195, 187, 195, 187, 195, 187, 195, 68, 119, 155, 24, 0)
False, False, 0.141, (0, 33, 82, 122, 193, 198, 166, 225, 166, 225, 166, 198, 193, 122, 82, 33, 0)
False, False, 0.1079, (0, 55, 239, 73, 113, 73, 113, 73, 113, 73, 113, 73, 113, 73, 113, 73, 239, 55, 0)
False, False, 0.1667, (0, 169, 231, 224, 196, 6, 196, 6, 196, 6, 196, 6, 196, 6, 196, 6, 224, 231, 206, 0)
False, False, 0.0281, (0, 132, 26, 59, 243, 207, 235, 137, 170, 137, 170, 137, 235, 207, 5, 123, 202, 229, 0)
False, False, 0.0354, (0, 249, 167, 64, 4, 181, 48, 181, 48, 181, 48, 181, 4, 64, 167, 249, 0)
False, False, 0.1558, (0, 61, 40, 83, 90, 52, 244, 165, 49, 165, 244, 52, 90, 83, 40, 61, 0)
False, False, 0.029, (0, 173, 219, 56, 175, 234, 175, 234, 175, 234, 175, 234, 175, 234, 175, 234, 175, 234, 0)
False, False, 0.1593, (0, 168, 159, 248, 188, 248, 188, 248, 188, 248, 188, 248, 159, 168, 159, 0)
False, False, 0.0613, (0, 84, 24, 19, 237, 129, 144, 129, 144, 129, 144, 129, 237, 19, 84, 0)
False, False, 0.0873, (0, 132, 53, 63, 229, 202, 123, 5, 243, 5, 123, 5, 123, 202, 229, 63, 53, 132, 0)
False, False, 0.1667, (0, 161, 138, 103, 138, 103, 138, 103, 138, 103, 138, 103, 138, 103, 161, 52, 0)
False, False, 0.0612, (0, 101, 139, 160, 183, 156, 255, 66, 255, 66, 191, 2, 191, 2, 9, 135, 134, 0)
False, False, 0.1593, (0, 173, 56, 219, 56, 219, 56, 175, 234, 175, 234, 175, 234, 175, 234, 175, 234, 0)
False, False, 0.1147, (0, 148, 37, 41, 238, 32, 85, 111, 78, 152, 170, 137, 170, 235, 207, 243, 26, 132, 0)
False, False, 0.0405, (0, 141, 174, 21, 38, 80, 190, 80, 190, 80, 38, 80, 38, 21, 174, 141, 0)
False, False, 0.0195, (0, 146, 37, 41, 238, 32, 111, 78, 152, 78, 111, 85, 32, 238, 41, 37, 148, 0)
False, False, 0.0015, (0, 84, 19, 237, 129, 144, 129, 144, 129, 144, 129, 237, 19, 23, 194, 0)
False, False, 0.0217, (0, 217, 145, 57, 28, 57, 28, 57, 28, 57, 28, 57, 28, 226, 17, 104, 145, 217, 0)
False, False, 0.1015, (0, 13, 227, 232, 35, 232, 35, 232, 35, 232, 35, 232, 35, 232, 35, 232, 35, 174, 11, 141, 218, 0)
False, False, 0.0215, (0, 231, 224, 223, 94, 223, 94, 223, 94, 223, 94, 223, 94, 223, 224, 231, 0)
False, False, 0.0877, (0, 246, 221, 171, 221, 171, 221, 171, 221, 171, 221, 51, 95, 185, 246, 0)
False, False, 0.0338, (0, 12, 105, 39, 216, 176, 91, 172, 143, 252, 199, 252, 143, 172, 91, 216, 39, 105, 12, 0)
False, False, 0.0781, (0, 173, 84, 19, 237, 144, 129, 144, 129, 144, 129, 237, 19, 23, 22, 0)
False, False, 0.0382, (0, 116, 222, 178, 157, 178, 157, 178, 157, 178, 157, 178, 157, 178, 157, 110, 75, 110, 75, 157, 178, 222, 49, 0)
False, False, 0.045, (0, 82, 225, 166, 225, 166, 225, 166, 225, 166, 225, 166, 225, 166, 225, 198, 82, 0)
False, False, 0.1126, (0, 24, 155, 119, 68, 187, 195, 187, 195, 187, 195, 187, 68, 187, 68, 119, 155, 24, 0)
False, False, 0.0575, (0, 140, 250, 154, 98, 58, 98, 58, 98, 58, 98, 58, 211, 58, 98, 154, 250, 140, 0)
False, False, 0.1667, (0, 55, 239, 113, 73, 253, 120, 253, 120, 253, 120, 253, 120, 253, 120, 253, 120, 224, 231, 159, 0)
False, False, 0.03, (0, 116, 69, 76, 209, 126, 209, 126, 209, 126, 209, 126, 209, 126, 209, 126, 209, 126, 209, 222, 161, 0)
False, False, 0.0287, (0, 249, 215, 213, 215, 213, 215, 213, 215, 60, 215, 60, 213, 179, 64, 167, 0)
False, False, 0.0306, (0, 194, 23, 69, 76, 1, 76, 1, 76, 1, 76, 1, 76, 69, 23, 22, 0)
False, False, 0.0147, (0, 130, 55, 239, 113, 208, 81, 208, 81, 208, 81, 208, 81, 208, 81, 208, 81, 113, 239, 55, 0)
False, False, 0.0521, (0, 106, 122, 64, 4, 181, 4, 181, 4, 181, 4, 181, 4, 193, 122, 106, 0)
False, False, 0.1398, (0, 148, 37, 41, 238, 32, 85, 111, 85, 111, 78, 152, 170, 235, 207, 243, 26, 132, 0)
False, False, 0.1973, (0, 101, 139, 186, 220, 254, 220, 254, 220, 254, 220, 254, 134, 54, 247, 0)
False, False, 0.0651, (0, 168, 231, 224, 31, 211, 31, 211, 31, 211, 31, 211, 31, 211, 31, 188, 159, 0)
False, False, 0.0078, (0, 12, 105, 39, 92, 172, 143, 199, 252, 199, 252, 199, 143, 172, 91, 54, 247, 0)
False, False, 0.0061, (0, 23, 237, 70, 93, 70, 93, 70, 93, 70, 93, 70, 93, 70, 162, 180, 23, 0)
False, False, 0.0392, (0, 24, 155, 65, 119, 68, 195, 68, 195, 187, 68, 119, 65, 119, 65, 155, 24, 0)
False, False, 0.0504, (0, 84, 19, 237, 155, 65, 119, 65, 119, 65, 119, 65, 119, 65, 155, 19, 84, 0)
False, False, 0.0564, (0, 101, 139, 160, 183, 156, 183, 156, 183, 156, 183, 156, 255, 66, 186, 134, 0)
False, False, 0.0631, (0, 56, 8, 163, 208, 81, 208, 81, 208, 81, 208, 81, 208, 81, 208, 81, 208, 81, 163, 8, 0)
False, False, 0.0313, (0, 106, 122, 64, 179, 213, 215, 60, 215, 60, 215, 60, 213, 179, 64, 167, 0)
False, False, 0.026, (0, 12, 105, 39, 176, 91, 172, 143, 199, 252, 199, 252, 199, 252, 143, 172, 92, 12, 0)
False, False, 0.0175, (0, 198, 48, 128, 164, 86, 164, 86, 164, 86, 164, 86, 47, 48, 198, 82, 0)
False, False, 0.0923, (0, 23, 79, 180, 70, 93, 70, 93, 70, 93, 70, 93, 70, 93, 70, 237, 84, 0)
False, False, 0.0802, (0, 141, 11, 174, 21, 38, 80, 190, 125, 190, 80, 38, 21, 174, 11, 141, 0)
False, False, 0.0877, (0, 146, 37, 41, 238, 32, 85, 111, 85, 111, 85, 111, 85, 32, 238, 41, 37, 146, 0)
False, False, 0.0821, (0, 146, 147, 20, 112, 204, 236, 204, 236, 204, 236, 121, 204, 121, 204, 112, 20, 147, 0)
False, False, 0.0361, (0, 197, 15, 45, 182, 46, 42, 46, 42, 46, 42, 46, 42, 46, 182, 45, 15, 0)
False, False, 0.1293, (0, 116, 69, 79, 180, 162, 96, 162, 96, 162, 180, 79, 126, 209, 222, 69, 116, 0)
False, False, 0.0347, (0, 254, 220, 186, 131, 100, 131, 100, 131, 100, 131, 100, 131, 100, 186, 220, 0)
False, False, 0.0133, (0, 254, 186, 100, 131, 100, 131, 100, 131, 100, 131, 100, 131, 100, 186, 254, 0)
False, False, 0.0873, (0, 168, 231, 224, 223, 94, 223, 94, 223, 94, 223, 94, 223, 224, 231, 168, 0)
False, False, 0.008, (0, 56, 142, 55, 163, 97, 163, 97, 163, 97, 163, 97, 163, 55, 142, 56, 0)
False, False, 0.062, (0, 148, 37, 41, 238, 32, 111, 78, 152, 78, 152, 137, 235, 207, 243, 26, 148, 0)
False, False, 0.0136, (0, 13, 227, 21, 38, 80, 125, 190, 125, 190, 80, 38, 80, 38, 21, 227, 13, 0)
False, False, 0.0236, (0, 13, 227, 205, 99, 7, 89, 108, 18, 108, 18, 161, 49, 165, 244, 90, 0)
False, False, 0.0357, (0, 56, 8, 163, 97, 163, 97, 163, 97, 163, 97, 163, 97, 163, 55, 115, 130, 0)
False, False, 0.0281, (0, 148, 26, 53, 63, 53, 63, 53, 63, 53, 63, 53, 63, 53, 63, 53, 63, 53, 36, 26, 132, 0)
False, False, 0.0153, (0, 168, 169, 228, 206, 228, 206, 228, 206, 228, 206, 169, 206, 169, 206, 169, 168, 0)
False, False, 0.0818, (0, 173, 219, 24, 19, 237, 144, 129, 144, 129, 237, 19, 24, 219, 173, 0)
False, False, 0.0595, (0, 218, 141, 174, 21, 38, 80, 125, 190, 125, 80, 38, 21, 174, 141, 218, 0)
False, False, 0.0105, (0, 13, 227, 205, 99, 7, 89, 108, 18, 161, 18, 108, 89, 7, 150, 184, 240, 0)
False, False, 0.1072, (0, 240, 184, 150, 205, 34, 99, 7, 99, 7, 99, 7, 99, 34, 205, 227, 13, 0)
False, False, 0.0527, (0, 161, 222, 209, 126, 79, 180, 96, 162, 96, 162, 96, 180, 79, 237, 23, 0)
False, False, 0.004, (0, 23, 144, 79, 180, 162, 70, 93, 70, 93, 70, 93, 70, 93, 65, 155, 24, 0)
False, False, 0.1282, (0, 146, 147, 20, 204, 236, 121, 236, 121, 236, 121, 236, 121, 204, 121, 204, 20, 147, 146, 0)
False, False, 0.0774, (0, 61, 83, 40, 83, 40, 83, 40, 83, 40, 83, 40, 83, 40, 83, 40, 61, 0)
False, False, 0.0639, (0, 116, 222, 209, 126, 79, 180, 96, 162, 96, 162, 96, 180, 79, 126, 209, 222, 116, 0)
False, False, 0.0562, (0, 130, 133, 142, 55, 163, 97, 239, 97, 239, 97, 163, 55, 142, 133, 130, 0)
False, False, 0.098, (0, 12, 105, 39, 176, 91, 172, 143, 199, 252, 199, 143, 172, 92, 91, 39, 105, 12, 0)
False, False, 0.0767, (0, 161, 222, 178, 157, 110, 75, 110, 75, 110, 75, 110, 75, 110, 75, 110, 157, 178, 157, 178, 222, 116, 0)
False, False, 0.068, (0, 56, 142, 55, 169, 206, 228, 206, 228, 206, 228, 206, 228, 206, 169, 168, 0)
False, False, 0.1844, (0, 13, 227, 99, 7, 89, 108, 18, 161, 18, 108, 89, 7, 99, 34, 227, 13, 0)
False, False, 0.0588, (0, 116, 222, 209, 126, 79, 180, 96, 180, 162, 96, 162, 96, 180, 79, 144, 23, 0)
False, False, 0.1122, (0, 90, 244, 49, 251, 10, 251, 10, 251, 10, 251, 49, 165, 244, 90, 0)
False, False, 0.1378, (0, 173, 219, 84, 23, 10, 251, 10, 251, 10, 251, 10, 251, 49, 52, 150, 0)
False, False, 0.1126, (0, 13, 227, 99, 89, 108, 18, 108, 18, 108, 18, 108, 18, 108, 89, 7, 150, 240, 0)
False, False, 0.0784, (0, 55, 239, 113, 208, 81, 208, 81, 208, 81, 208, 81, 208, 81, 208, 81, 113, 73, 239, 55, 0)
False, False, 0.0406, (0, 173, 56, 133, 115, 133, 115, 133, 115, 133, 115, 133, 115, 133, 56, 173, 0)
False, False, 0.029, (0, 105, 39, 91, 172, 143, 252, 199, 252, 199, 252, 143, 172, 92, 91, 54, 247, 0)
False, False, 0.0885, (0, 247, 54, 91, 92, 172, 143, 252, 199, 252, 199, 143, 172, 92, 39, 105, 12, 0)
False, False, 0.0344, (0, 56, 142, 55, 163, 55, 163, 97, 239, 97, 239, 97, 163, 72, 8, 56, 0)
False, False, 0.0981, (0, 150, 89, 125, 190, 125, 190, 125, 190, 125, 190, 125, 80, 38, 21, 227, 13, 0)
False, False, 0.0022, (0, 84, 19, 155, 119, 65, 119, 65, 119, 65, 119, 65, 119, 65, 237, 19, 84, 0)
False, False, 0.0238, (0, 150, 7, 89, 125, 190, 125, 190, 125, 190, 80, 38, 21, 89, 7, 150, 240, 0)
False, False, 0.0563, (0, 90, 52, 244, 165, 49, 161, 18, 161, 18, 161, 49, 165, 244, 90, 0)
False, False, 0.0647, (0, 130, 115, 142, 55, 169, 228, 206, 228, 169, 228, 169, 228, 169, 206, 169, 168, 0)
False, False, 0.0413, (0, 184, 150, 7, 89, 21, 38, 80, 190, 125, 190, 125, 190, 80, 38, 21, 232, 0)
False, False, 0.0744, (0, 116, 10, 69, 76, 1, 136, 1, 136, 1, 136, 1, 136, 1, 76, 69, 23, 0)
False, False, 0.0767, (0, 161, 222, 178, 157, 75, 110, 75, 110, 75, 110, 75, 110, 75, 157, 178, 157, 178, 157, 178, 222, 116, 0)
False, False, 0.0192, (0, 23, 69, 76, 222, 209, 126, 209, 126, 209, 126, 79, 126, 209, 222, 136, 76, 69, 23, 0)
False, False, 0.0234, (0, 56, 8, 163, 97, 239, 97, 163, 97, 163, 97, 163, 97, 163, 55, 8, 56, 0)
False, False, 0.0081, (0, 56, 8, 102, 55, 163, 97, 239, 97, 239, 97, 163, 97, 163, 55, 142, 130, 0)
False, False, 0.0378, (0, 23, 69, 76, 1, 136, 1, 136, 1, 136, 76, 1, 76, 69, 10, 116, 90, 0)
False, False, 0.0344, (0, 61, 90, 194, 22, 194, 22, 194, 22, 194, 22, 194, 116, 244, 52, 150, 240, 0)
False, False, 0.039, (0, 116, 222, 178, 157, 178, 157, 178, 157, 178, 157, 110, 75, 110, 75, 110, 75, 110, 75, 157, 178, 222, 116, 0)
False, False, 0.0718, (0, 23, 79, 180, 162, 96, 162, 96, 162, 180, 79, 126, 209, 76, 69, 23, 0)
False, False, 0.03, (0, 116, 69, 222, 209, 126, 209, 126, 209, 126, 209, 126, 79, 126, 79, 126, 209, 76, 69, 116, 0)
False, False, 0.0262, (0, 56, 8, 163, 97, 163, 97, 163, 97, 163, 97, 163, 55, 163, 102, 8, 56, 0)
False, False, 0.0216, (0, 161, 222, 209, 126, 209, 126, 79, 180, 96, 162, 96, 180, 79, 126, 209, 222, 161, 0)
False, False, 0.0078, (0, 150, 7, 89, 125, 190, 80, 190, 80, 190, 80, 38, 21, 174, 11, 218, 0)
False, False, 0.0104, (0, 23, 69, 76, 136, 76, 136, 76, 136, 1, 136, 1, 136, 1, 76, 69, 23, 0)
False, False, 0.0142, (0, 49, 222, 209, 126, 79, 180, 96, 180, 96, 162, 180, 79, 126, 209, 222, 69, 116, 0)
all_elementary, False
all_cyc2, False
