Instance, X-n247-k50
capacity, 134
min_trucks, 50
output_file, output_uchoa/X-n247-k50-SPPRC.log
Start date, 2022-06-23
Start time, 17-54-17
capacity, 134
num_vehicles, 50
abort_early, False
methods, ['SPPRC']
max_vars, 1000000
time_limit, 86400
farley, False
initial time, initial max_it, max_stale_it
1e-05, 2000000000.0, 20
heuristic Number of routes, heuristic Best Solution Value, heuristic number of iterations, adjusted time, adjusted max_it
6373, 37412.0, 2000, 10.0, 2000.0
method, python time, total time, propagated dominance time, unpropagated dominance time, pricing_success, upper_bound, lower_bound, abort_early, num_paths, 
SPPRC, 22.4, 3.8, 3.0, 0.4, 1, 37349.9692, -769085.3434, 0, 22990
SPPRC, 7.0, 2.9, 2.2, 0.2, 1, 37349.9692, -105013.8109, 0, 16723
SPPRC, 5.8, 1.6, 1.1, 0.2, 1, 37349.7961, -218753.9967, 0, 12329
SPPRC, 7.1, 2.8, 2.2, 0.2, 1, 37349.7961, -65152.5809, 0, 15175
SPPRC, 7.6, 3.0, 2.3, 0.2, 1, 37316.7618, -51610.4623, 0, 12954
SPPRC, 30.5, 3.8, 3.0, 0.3, 1, 37313.3617, -130473.0637, 0, 18046
SPPRC, 3.1, 2.2, 1.6, 0.2, 1, 37313.3617, -10107.314, 0, 7029
SPPRC, 5.7, 2.4, 1.8, 0.2, 1, 37273.6067, -11437.0042, 0, 9393
SPPRC, 1.3, 1.5, 1.0, 0.1, 1, 37272.4973, 20533.9838, 0, 3780
SPPRC, 7.6, 3.5, 2.7, 0.3, 1, 37086.7318, -579240.9703, 0, 21588
SPPRC, 9.2, 3.4, 2.6, 0.3, 1, 37062.3931, -213839.8469, 0, 18462
SPPRC, 1.5, 1.6, 1.2, 0.1, 1, 37033.5866, 17273.639, 0, 4470
SPPRC, 1.1, 1.5, 1.0, 0.1, 1, 37011.2663, 25248.0996, 0, 3095
SPPRC, 1.2, 1.6, 1.1, 0.1, 1, 36980.2061, 25205.2364, 0, 3288
SPPRC, 1.1, 1.4, 1.0, 0.1, 1, 36970.5215, 30759.1178, 0, 2253
SPPRC, 0.6, 1.2, 0.8, 0.1, 1, 36939.8826, 33601.0527, 0, 1423
SPPRC, 0.5, 1.1, 0.7, 0.1, 1, 36901.5968, 31371.7789, 0, 1226
SPPRC, 0.4, 1.1, 0.8, 0.1, 1, 36887.9172, 35028.0794, 0, 865
SPPRC, 0.2, 1.0, 0.7, 0.1, 1, 36868.5083, 35186.8748, 0, 495
SPPRC, 0.2, 1.0, 0.7, 0.1, 1, 36847.107, 35840.4472, 0, 298
SPPRC, 0.2, 1.1, 0.8, 0.1, 1, 36838.1456, 27066.2875, 0, 267
SPPRC, 0.1, 1.1, 0.7, 0.1, 1, 36833.6765, 36387.6072, 0, 113
SPPRC, 0.1, 1.1, 0.7, 0.1, 1, 36823.5721, 36414.8805, 0, 80
SPPRC, 0.0, 1.0, 0.7, 0.1, 1, 36820.964, 36633.3018, 0, 29
SPPRC, 0.1, 1.0, 0.7, 0.1, 1, 36820.5834, 36714.44, 0, 16
SPPRC, 0.0, 1.0, 0.7, 0.1, 1, 36820.5468, 36777.1906, 0, 5
SPPRC, 0.1, 1.0, 0.7, 0.1, 1, 36820.5455, 36765.4862, 0, 1
SPPRC, 0.0, 1.0, 0.7, 0.1, 1, 36820.5389, 36820.5389, 0, 0
scip_total_time, 20203.754832
Solval, number of paths, impact cutoff
36820.53894578746, 216, 0.0001
Elementary, 2-Cycle, Path Value, Path
True, True, 1.0, (0, 12, 0)
True, True, 0.6795, (0, 44, 0)
True, True, 1.0, (0, 52, 0)
True, True, 0.6076, (0, 53, 131, 161, 0)
True, True, 1.0, (0, 156, 34, 45, 0)
True, True, 0.6559, (0, 117, 158, 1, 181, 237, 134, 0)
True, True, 1.0, (0, 21, 85, 0)
True, True, 0.9686, (0, 59, 6, 160, 0)
True, True, 1.0, (0, 24, 48, 0)
True, True, 1.0, (0, 37, 2, 0)
True, True, 0.5954, (0, 143, 42, 20, 0)
True, True, 0.7592, (0, 60, 56, 169, 0)
True, True, 1.0, (0, 92, 46, 236, 0)
True, True, 0.6567, (0, 26, 19, 0)
True, True, 0.8688, (0, 68, 27, 135, 0)
True, True, 0.88, (0, 215, 66, 0)
True, True, 0.3501, (0, 55, 94, 30, 0)
True, True, 0.5591, (0, 65, 23, 0)
True, True, 0.2152, (0, 18, 17, 0)
True, True, 0.9888, (0, 14, 95, 0)
True, True, 0.8688, (0, 100, 25, 132, 211, 97, 0)
True, True, 0.7486, (0, 22, 29, 159, 0)
True, True, 1.0, (0, 154, 67, 11, 0)
True, True, 0.4461, (0, 216, 81, 129, 125, 75, 139, 9, 110, 102, 91, 0)
True, True, 0.455, (0, 64, 168, 43, 0)
True, True, 0.0046, (0, 98, 13, 87, 41, 0)
True, True, 0.1312, (0, 132, 27, 68, 0)
True, True, 0.1491, (0, 60, 91, 42, 0)
True, True, 0.2514, (0, 159, 29, 7, 0)
True, True, 0.7983, (0, 49, 96, 4, 0)
True, True, 0.3167, (0, 197, 90, 226, 76, 39, 246, 86, 0)
True, True, 0.0984, (0, 20, 125, 56, 129, 0)
True, True, 0.0917, (0, 216, 60, 42, 0)
True, True, 0.0072, (0, 174, 113, 136, 177, 54, 191, 209, 99, 205, 0)
True, True, 0.1637, (0, 170, 42, 20, 0)
True, True, 0.09, (0, 44, 103, 186, 187, 0)
True, True, 0.2017, (0, 49, 168, 43, 0)
True, True, 0.6499, (0, 7, 55, 0)
True, True, 0.3433, (0, 64, 231, 30, 0)
True, True, 0.1312, (0, 135, 32, 171, 208, 166, 223, 155, 224, 0)
True, True, 0.3433, (0, 43, 26, 94, 0)
True, True, 0.6131, (0, 111, 243, 3, 0)
True, True, 0.2032, (0, 190, 142, 163, 88, 62, 233, 172, 76, 183, 0)
True, True, 0.0395, (0, 117, 1, 181, 237, 178, 134, 0)
True, True, 0.1424, (0, 233, 38, 20, 0)
True, True, 0.183, (0, 225, 145, 198, 221, 172, 39, 73, 246, 183, 0)
True, True, 0.1061, (0, 122, 216, 81, 129, 125, 75, 139, 9, 110, 142, 0)
True, True, 0.9773, (0, 153, 228, 47, 157, 130, 150, 219, 0)
True, True, 0.0714, (0, 183, 76, 172, 104, 233, 62, 88, 142, 190, 0)
True, True, 0.2152, (0, 8, 185, 41, 0)
True, True, 0.2152, (0, 13, 36, 0)
True, True, 0.4409, (0, 58, 65, 0)
True, True, 0.5951, (0, 141, 16, 244, 170, 103, 186, 187, 0)
True, True, 0.1934, (0, 115, 3, 0)
True, True, 0.1776, (0, 174, 113, 136, 54, 191, 224, 209, 99, 205, 0)
True, True, 0.051, (0, 36, 18, 0)
True, True, 0.2713, (0, 174, 136, 177, 54, 191, 224, 209, 99, 205, 0)
True, True, 0.0124, (0, 224, 155, 223, 166, 208, 171, 32, 94, 0)
True, True, 0.1883, (0, 141, 44, 103, 186, 187, 111, 0)
True, True, 0.0051, (0, 111, 187, 170, 244, 16, 152, 118, 0)
True, True, 0.1591, (0, 142, 163, 88, 62, 233, 104, 172, 226, 197, 0)
True, True, 0.0793, (0, 187, 170, 244, 16, 152, 118, 141, 0)
True, True, 0.12, (0, 97, 215, 66, 0)
True, True, 0.0056, (0, 25, 189, 171, 208, 82, 223, 155, 224, 209, 0)
True, True, 0.1236, (0, 216, 81, 28, 89, 176, 222, 204, 192, 235, 133, 0)
True, True, 0.1437, (0, 209, 224, 155, 223, 82, 208, 189, 32, 0)
True, True, 0.2017, (0, 4, 168, 64, 148, 0)
True, True, 0.7338, (0, 123, 18, 36, 0)
True, True, 0.0415, (0, 133, 235, 192, 204, 222, 176, 180, 79, 81, 9, 0)
True, True, 0.1591, (0, 86, 73, 39, 76, 226, 90, 145, 225, 0)
True, True, 0.022, (0, 81, 28, 89, 180, 176, 222, 204, 192, 235, 133, 0)
True, True, 0.0686, (0, 183, 76, 172, 104, 233, 62, 88, 142, 190, 71, 0)
True, True, 0.0112, (0, 95, 25, 100, 97, 0)
True, True, 0.196, (0, 148, 138, 231, 101, 40, 209, 99, 205, 0)
False, False, 0.3066, (0, 115, 30, 115, 0)
False, False, 0.0279, (0, 100, 25, 100, 0)
False, False, 0.1667, (0, 196, 240, 127, 240, 127, 240, 127, 240, 127, 240, 127, 240, 196, 38, 0)
True, True, 0.4409, (0, 58, 23, 0)
False, False, 0.0591, (0, 58, 174, 58, 0)
False, False, 0.5, (0, 15, 162, 15, 0)
False, False, 0.3924, (0, 17, 131, 17, 0)
False, False, 0.2792, (0, 232, 82, 213, 31, 213, 31, 0)
True, True, 0.3924, (0, 161, 53, 0)
False, False, 0.2321, (0, 98, 200, 41, 200, 13, 0)
True, True, 0.0314, (0, 70, 137, 188, 227, 173, 63, 0)
False, False, 0.0422, (0, 187, 186, 103, 186, 103, 186, 103, 44, 0)
False, False, 0.0139, (0, 40, 168, 72, 242, 147, 242, 147, 242, 0)
False, False, 0.0314, (0, 125, 56, 125, 59, 0)
False, False, 0.0599, (0, 242, 147, 242, 147, 242, 147, 242, 147, 242, 147, 242, 147, 242, 147, 72, 147, 72, 242, 0)
False, False, 0.3205, (0, 118, 152, 16, 152, 118, 0)
True, True, 0.0305, (0, 241, 155, 223, 82, 108, 50, 0)
True, True, 0.3363, (0, 182, 179, 227, 173, 63, 106, 212, 105, 0)
False, False, 0.1373, (0, 118, 152, 126, 19, 126, 152, 118, 141, 0)
False, False, 0.1568, (0, 217, 199, 217, 199, 217, 199, 217, 35, 0)
False, False, 0.07, (0, 198, 221, 193, 214, 193, 214, 193, 214, 193, 214, 193, 214, 193, 214, 193, 107, 62, 0)
False, False, 0.1827, (0, 206, 83, 114, 175, 210, 5, 210, 175, 114, 83, 0)
True, True, 0.207, (0, 137, 188, 227, 173, 63, 106, 212, 105, 0)
False, False, 0.0553, (0, 7, 108, 213, 222, 176, 222, 176, 222, 176, 222, 204, 192, 235, 133, 0)
False, False, 0.0105, (0, 40, 168, 72, 147, 72, 147, 72, 147, 72, 147, 242, 0)
False, False, 0.1934, (0, 115, 243, 3, 243, 111, 0)
False, False, 0.0844, (0, 148, 138, 231, 101, 40, 101, 138, 0)
False, False, 0.1149, (0, 40, 224, 155, 223, 155, 224, 209, 99, 0)
False, False, 0.2895, (0, 178, 149, 80, 149, 80, 185, 51, 212, 105, 0)
False, False, 0.0434, (0, 133, 235, 192, 235, 192, 235, 192, 204, 222, 213, 108, 7, 0)
True, True, 0.0057, (0, 209, 224, 223, 82, 108, 47, 0)
False, False, 0.1315, (0, 84, 121, 84, 121, 84, 121, 84, 121, 106, 51, 98, 0)
False, False, 0.1855, (0, 133, 235, 192, 204, 222, 176, 180, 22, 180, 176, 204, 192, 235, 133, 0)
False, False, 0.3297, (0, 79, 89, 28, 89, 79, 180, 108, 208, 166, 232, 0)
False, False, 0.1374, (0, 225, 145, 197, 90, 197, 90, 19, 0)
False, False, 0.0705, (0, 198, 221, 239, 214, 193, 214, 193, 214, 193, 214, 193, 214, 193, 214, 193, 214, 233, 62, 0)
False, False, 0.0844, (0, 25, 208, 166, 223, 204, 222, 204, 192, 235, 133, 96, 0)
False, False, 0.0037, (0, 198, 239, 220, 144, 229, 230, 229, 230, 229, 144, 220, 196, 6, 160, 146, 0)
True, True, 0.4468, (0, 122, 50, 108, 82, 223, 155, 0)
False, False, 0.0395, (0, 112, 178, 237, 181, 165, 128, 8, 128, 165, 0)
False, False, 0.057, (0, 172, 104, 107, 146, 203, 38, 203, 146, 107, 104, 172, 0)
False, False, 0.0814, (0, 62, 239, 83, 195, 83, 195, 206, 0)
False, False, 0.0674, (0, 166, 208, 31, 213, 31, 208, 0)
False, False, 0.0799, (0, 38, 196, 220, 144, 229, 230, 229, 230, 229, 144, 220, 239, 221, 0)
False, False, 0.0619, (0, 101, 168, 124, 241, 124, 241, 124, 241, 124, 241, 124, 40, 0)
False, False, 0.0553, (0, 101, 168, 124, 241, 124, 241, 124, 241, 124, 40, 209, 99, 0)
False, False, 0.0395, (0, 117, 158, 1, 158, 117, 0)
False, False, 0.3511, (0, 126, 167, 71, 190, 140, 35, 140, 0)
False, False, 0.2941, (0, 94, 32, 189, 171, 189, 171, 218, 207, 0)
False, False, 0.0021, (0, 133, 235, 192, 204, 222, 176, 222, 204, 223, 166, 25, 0)
False, True, 0.1316, (0, 151, 98, 200, 41, 13, 98, 0)
False, False, 0.0564, (0, 117, 165, 128, 8, 128, 165, 128, 117, 112, 0)
False, False, 0.1471, (0, 119, 113, 136, 177, 54, 177, 136, 113, 119, 0)
False, False, 0.008, (0, 164, 33, 93, 194, 245, 194, 245, 194, 245, 194, 93, 164, 0)
False, False, 0.222, (0, 38, 203, 196, 77, 234, 77, 234, 77, 234, 77, 196, 0)
False, False, 0.2494, (0, 183, 73, 39, 73, 246, 226, 90, 197, 0)
False, False, 0.0836, (0, 221, 239, 220, 144, 230, 229, 230, 5, 144, 220, 239, 198, 0)
False, False, 0.2712, (0, 164, 245, 70, 175, 210, 5, 210, 175, 114, 195, 206, 0)
True, True, 0.0227, (0, 219, 50, 108, 82, 223, 224, 209, 0)
False, False, 0.1312, (0, 218, 171, 189, 171, 189, 32, 211, 0)
False, False, 0.1958, (0, 238, 120, 74, 33, 74, 120, 238, 123, 225, 0)
False, False, 0.0686, (0, 86, 126, 167, 71, 167, 71, 167, 71, 167, 71, 167, 19, 0)
False, False, 0.047, (0, 112, 134, 178, 87, 51, 87, 178, 134, 0)
False, False, 0.2473, (0, 198, 239, 220, 144, 229, 230, 229, 230, 5, 144, 220, 239, 0)
False, False, 0.1687, (0, 206, 83, 195, 114, 195, 109, 245, 8, 0)
False, False, 0.0227, (0, 153, 143, 91, 102, 217, 199, 217, 35, 0)
False, False, 0.1173, (0, 138, 231, 96, 241, 124, 241, 124, 241, 124, 241, 124, 40, 0)
False, False, 0.0282, (0, 196, 234, 77, 234, 77, 234, 127, 28, 81, 0)
False, False, 0.007, (0, 163, 201, 78, 184, 78, 184, 78, 184, 78, 184, 69, 56, 129, 169, 102, 0)
False, False, 0.0356, (0, 182, 179, 137, 188, 227, 188, 210, 5, 114, 0)
False, False, 0.2873, (0, 119, 207, 218, 32, 218, 207, 119, 0)
False, False, 0.0659, (0, 166, 208, 82, 108, 180, 22, 180, 176, 222, 204, 192, 235, 133, 0)
False, False, 0.0505, (0, 62, 88, 201, 78, 184, 78, 201, 139, 0)
False, False, 0.0979, (0, 145, 238, 74, 33, 74, 120, 206, 145, 0)
False, False, 0.0924, (0, 166, 208, 31, 213, 31, 166, 0)
False, True, 0.0623, (0, 185, 63, 173, 227, 188, 179, 185, 0)
False, False, 0.0277, (0, 146, 6, 196, 234, 127, 234, 127, 234, 127, 234, 127, 234, 196, 0)
False, False, 0.0274, (0, 164, 33, 83, 195, 114, 195, 83, 206, 0)
False, False, 0.061, (0, 166, 213, 31, 213, 31, 213, 166, 232, 0)
False, False, 0.4358, (0, 162, 116, 202, 50, 202, 116, 122, 0)
True, True, 0.1602, (0, 182, 137, 188, 227, 173, 63, 185, 0)
False, False, 0.0939, (0, 102, 129, 125, 75, 139, 201, 139, 9, 0)
False, True, 0.0799, (0, 238, 120, 93, 194, 109, 245, 194, 93, 33, 0)
False, False, 0.0642, (0, 116, 202, 50, 202, 116, 162, 100, 0)
True, True, 0.1672, (0, 182, 188, 227, 173, 63, 106, 212, 105, 0)
False, False, 0.0564, (0, 117, 165, 128, 165, 128, 8, 165, 117, 0)
False, True, 0.0362, (0, 174, 113, 232, 191, 54, 113, 207, 119, 0)
False, True, 0.0918, (0, 183, 246, 73, 39, 246, 76, 226, 183, 0)
False, False, 0.0543, (0, 88, 201, 78, 69, 28, 69, 78, 201, 0)
False, True, 0.1185, (0, 205, 174, 113, 136, 177, 191, 54, 177, 99, 205, 0)
False, False, 0.1038, (0, 133, 235, 192, 204, 222, 176, 222, 176, 180, 79, 56, 129, 81, 216, 0)
False, False, 0.0239, (0, 142, 163, 88, 163, 88, 62, 233, 104, 172, 226, 0)
False, False, 0.1637, (0, 143, 91, 102, 199, 217, 199, 217, 199, 35, 244, 0)
False, False, 0.0827, (0, 143, 91, 102, 169, 110, 9, 110, 169, 102, 91, 143, 0)
True, True, 0.095, (0, 174, 136, 177, 54, 191, 232, 113, 207, 119, 0)
False, False, 0.0139, (0, 238, 74, 33, 74, 120, 206, 120, 238, 123, 0)
False, False, 0.1894, (0, 238, 74, 33, 74, 120, 93, 120, 238, 0)
False, False, 0.195, (0, 201, 78, 184, 69, 184, 78, 184, 69, 28, 89, 79, 0)
False, False, 0.0893, (0, 142, 163, 201, 184, 69, 28, 69, 184, 78, 201, 88, 0)
False, False, 0.2574, (0, 225, 145, 198, 221, 107, 146, 203, 38, 203, 146, 107, 104, 0)
False, True, 0.2651, (0, 112, 158, 1, 181, 237, 112, 0)
True, True, 0.0566, (0, 164, 245, 70, 175, 210, 5, 114, 195, 83, 206, 123, 0)
False, False, 0.2105, (0, 98, 200, 51, 185, 80, 149, 80, 149, 178, 134, 0)
False, False, 0.0528, (0, 143, 91, 102, 169, 110, 9, 110, 163, 88, 163, 142, 0)
False, False, 0.2589, (0, 148, 138, 231, 101, 40, 101, 138, 148, 0)
False, False, 0.0114, (0, 150, 157, 228, 47, 228, 130, 150, 0)
False, True, 0.4164, (0, 151, 41, 87, 13, 151, 0)
False, False, 0.2531, (0, 164, 93, 194, 109, 70, 109, 194, 93, 33, 164, 0)
False, False, 0.1598, (0, 165, 128, 165, 128, 165, 128, 8, 128, 165, 0)
False, False, 0.0362, (0, 174, 113, 136, 177, 191, 54, 191, 232, 113, 174, 0)
False, False, 0.0158, (0, 102, 169, 129, 125, 75, 125, 75, 139, 9, 110, 199, 0)
False, False, 0.0178, (0, 206, 83, 114, 175, 5, 175, 114, 83, 206, 0)
False, False, 0.1635, (0, 112, 178, 87, 51, 87, 178, 112, 0)
False, False, 0.2651, (0, 182, 179, 137, 188, 137, 179, 70, 245, 8, 0)
False, False, 0.0868, (0, 242, 72, 147, 72, 147, 72, 147, 72, 133, 241, 40, 0)
False, False, 0.0002, (0, 133, 235, 192, 204, 222, 204, 222, 176, 180, 79, 56, 129, 102, 91, 0)
False, False, 0.158, (0, 84, 121, 84, 121, 84, 121, 106, 51, 87, 200, 98, 0)
False, False, 0.0325, (0, 110, 9, 139, 75, 139, 75, 125, 102, 0)
False, False, 0.0676, (0, 104, 107, 146, 107, 146, 203, 38, 203, 146, 107, 146, 107, 104, 0)
False, False, 0.0057, (0, 122, 130, 157, 47, 157, 130, 122, 0)
False, False, 0.1489, (0, 86, 126, 167, 71, 190, 140, 35, 140, 0)
False, False, 0.1225, (0, 33, 93, 194, 245, 109, 70, 109, 194, 164, 0)
True, True, 0.1568, (0, 86, 126, 167, 71, 190, 142, 35, 244, 170, 0)
False, False, 0.0517, (0, 205, 174, 113, 232, 191, 54, 191, 232, 113, 174, 0)
False, False, 0.0204, (0, 183, 172, 233, 62, 233, 104, 172, 76, 183, 0)
False, False, 0.0277, (0, 62, 146, 196, 234, 127, 234, 77, 234, 77, 234, 196, 0)
False, False, 0.1287, (0, 110, 9, 75, 139, 75, 125, 129, 81, 216, 0)
False, False, 0.0673, (0, 86, 246, 73, 233, 62, 233, 104, 172, 221, 198, 145, 225, 0)
False, False, 0.0477, (0, 242, 72, 242, 72, 242, 72, 242, 72, 242, 72, 147, 72, 242, 72, 242, 147, 72, 147, 72, 147, 72, 242, 0)
False, False, 0.0688, (0, 142, 163, 88, 163, 88, 62, 233, 104, 172, 76, 86, 0)
False, False, 0.1252, (0, 163, 201, 78, 184, 69, 28, 69, 78, 201, 163, 0)
True, True, 0.0356, (0, 151, 200, 63, 173, 188, 137, 179, 182, 0)
False, False, 0.0168, (0, 62, 233, 107, 214, 193, 214, 193, 214, 193, 214, 193, 214, 193, 239, 221, 198, 0)
False, False, 0.0389, (0, 8, 194, 83, 195, 83, 195, 83, 206, 0)
False, False, 0.0855, (0, 221, 239, 220, 144, 229, 230, 229, 230, 5, 144, 220, 221, 0)
False, False, 0.0069, (0, 86, 104, 107, 146, 203, 38, 203, 146, 160, 146, 160, 146, 160, 146, 160, 146, 107, 104, 86, 0)
False, False, 0.0326, (0, 88, 201, 78, 184, 69, 28, 69, 201, 88, 0)
False, False, 0.0591, (0, 205, 99, 177, 191, 54, 191, 232, 113, 174, 0)
False, False, 0.0197, (0, 83, 195, 114, 5, 114, 195, 83, 206, 0)
False, False, 0.0005, (0, 62, 193, 214, 193, 214, 193, 214, 193, 214, 193, 214, 193, 214, 193, 239, 221, 198, 0)
False, False, 0.006, (0, 238, 120, 194, 245, 194, 245, 194, 93, 33, 238, 0)
False, False, 0.006, (0, 238, 120, 206, 120, 74, 33, 120, 238, 0)
all_elementary, False
all_cyc2, False
