Instance, X-n393-k38
capacity, 78
min_trucks, 38
output_file, output_uchoa/X-n393-k38-ng8.log
Start date, 2022-06-25
Start time, 12-40-02
capacity, 78
num_vehicles, 38
abort_early, False
methods, ['ng8']
max_vars, 1000000
time_limit, 86400
farley, False
initial time, initial max_it, max_stale_it
1e-05, 2000000000.0, 20
heuristic Number of routes, heuristic Best Solution Value, heuristic number of iterations, adjusted time, adjusted max_it
818493, 38279.0, 43431, 1.0, 20000.0
method, python time, total time, propagated dominance time, unpropagated dominance time, pricing_success, upper_bound, lower_bound, abort_early, num_paths, 
ng8, 1.2, 123.7, 107.6, 9.6, 1, 37864.6187, 18192.1914, 0, 3538
ng8, 0.2, 218.0, 190.0, 19.2, 1, 37859.0402, 36087.2491, 0, 618
ng8, 0.1, 196.4, 171.5, 16.2, 1, 37800.5144, 36308.4129, 0, 291
ng8, 0.1, 213.4, 186.5, 18.1, 1, 37793.3527, 36182.8101, 0, 114
ng8, 0.0, 219.6, 192.0, 18.6, 1, 37792.9588, 37706.1843, 0, 20
ng8, -0.0, 219.0, 191.3, 18.7, 1, 37792.8893, 37766.106, 0, 6
ng8, -0.0, 219.2, 191.6, 18.5, 1, 37792.8893, 37792.8893, 0, 0
scip_total_time, 59580.3458
Solval, number of paths, impact cutoff
37792.88930709525, 316, 0.0001
Elementary, 2-Cycle, Path Value, Path
True, True, 0.0414, (0, 213, 231, 332, 378, 234, 207, 203, 248, 305, 334, 0)
True, True, 0.0598, (0, 178, 25, 14, 52, 17, 115, 7, 83, 150, 89, 0)
True, True, 0.001, (0, 20, 9, 61, 105, 65, 126, 49, 73, 309, 264, 0)
True, True, 0.1264, (0, 128, 136, 69, 130, 3, 180, 74, 23, 110, 62, 40, 0)
True, True, 0.5591, (0, 26, 6, 97, 114, 37, 156, 36, 117, 57, 82, 0)
True, True, 0.1684, (0, 103, 360, 249, 63, 237, 345, 72, 301, 295, 81, 185, 0)
True, True, 0.0026, (0, 136, 180, 3, 130, 69, 174, 162, 179, 127, 67, 104, 0)
True, True, 0.038, (0, 155, 55, 76, 346, 306, 88, 149, 300, 378, 0)
True, True, 0.0942, (0, 226, 257, 45, 188, 319, 268, 151, 327, 217, 51, 361, 0)
True, True, 0.0325, (0, 100, 25, 52, 17, 115, 37, 114, 97, 50, 89, 0)
True, True, 0.5468, (0, 264, 355, 309, 61, 9, 20, 369, 154, 220, 0)
True, True, 0.1529, (0, 80, 201, 233, 263, 265, 333, 373, 388, 258, 204, 0)
True, True, 0.1291, (0, 11, 173, 41, 99, 31, 112, 163, 161, 64, 30, 0)
True, True, 0.0694, (0, 150, 83, 7, 114, 37, 156, 36, 117, 57, 82, 0)
True, True, 0.0691, (0, 209, 252, 86, 70, 272, 206, 266, 270, 165, 212, 0)
True, True, 0.0043, (0, 34, 85, 39, 32, 16, 28, 43, 181, 147, 358, 170, 0)
True, True, 0.1869, (0, 105, 65, 137, 1, 58, 129, 84, 174, 162, 179, 127, 0)
True, True, 0.1407, (0, 273, 296, 392, 318, 205, 245, 302, 314, 210, 340, 282, 0)
True, True, 0.0302, (0, 34, 192, 60, 39, 43, 181, 147, 193, 358, 170, 0)
True, True, 0.1291, (0, 23, 110, 62, 196, 157, 53, 108, 5, 42, 98, 187, 0)
True, True, 0.5459, (0, 125, 384, 330, 90, 146, 139, 164, 96, 71, 126, 49, 73, 0)
True, True, 0.0279, (0, 192, 60, 43, 33, 22, 181, 147, 193, 358, 170, 0)
True, True, 0.0119, (0, 218, 111, 195, 26, 89, 178, 172, 100, 352, 249, 344, 0)
True, True, 0.1182, (0, 10, 161, 163, 112, 31, 99, 41, 173, 144, 11, 0)
True, True, 0.2072, (0, 35, 15, 182, 106, 107, 75, 168, 159, 189, 195, 0)
True, True, 0.117, (0, 340, 296, 392, 318, 205, 245, 302, 314, 210, 367, 232, 0)
True, True, 0.2476, (0, 363, 286, 356, 377, 233, 263, 265, 333, 373, 388, 258, 0)
True, True, 0.0876, (0, 292, 321, 275, 379, 215, 282, 325, 259, 200, 307, 0)
True, True, 0.1551, (0, 321, 275, 379, 215, 282, 325, 259, 391, 232, 307, 0)
True, True, 0.2767, (0, 100, 25, 14, 52, 17, 115, 156, 36, 117, 57, 82, 0)
True, True, 0.3026, (0, 128, 136, 3, 180, 74, 23, 110, 62, 40, 16, 0)
True, True, 0.1239, (0, 170, 358, 192, 60, 147, 193, 118, 77, 191, 194, 0)
True, True, 0.1306, (0, 221, 198, 337, 364, 357, 243, 236, 372, 343, 54, 0)
True, True, 0.03, (0, 158, 8, 220, 169, 141, 19, 46, 152, 323, 349, 0)
True, True, 0.3395, (0, 383, 339, 142, 24, 116, 167, 362, 255, 18, 326, 290, 0)
True, True, 0.0127, (0, 276, 227, 251, 274, 235, 353, 66, 283, 198, 0)
True, True, 0.2712, (0, 311, 12, 381, 285, 197, 298, 131, 202, 269, 93, 297, 0)
True, True, 0.0394, (0, 347, 283, 66, 353, 235, 274, 251, 227, 70, 0)
True, True, 0.135, (0, 190, 15, 182, 106, 107, 75, 168, 159, 35, 91, 0)
True, True, 0.0215, (0, 20, 9, 61, 105, 65, 126, 49, 73, 309, 355, 0)
True, True, 0.1485, (0, 111, 26, 6, 50, 97, 7, 83, 150, 178, 172, 0)
True, True, 0.0938, (0, 26, 50, 7, 83, 150, 52, 14, 25, 178, 172, 0)
True, True, 0.1351, (0, 4, 184, 29, 78, 145, 177, 46, 152, 323, 349, 0)
True, True, 0.0499, (0, 317, 246, 116, 167, 24, 142, 339, 383, 326, 290, 308, 0)
True, True, 0.3639, (0, 101, 361, 341, 113, 132, 386, 160, 224, 279, 21, 0)
True, True, 0.0742, (0, 73, 49, 126, 71, 96, 164, 139, 146, 90, 330, 120, 125, 0)
True, True, 0.4639, (0, 290, 368, 109, 288, 390, 211, 372, 343, 123, 54, 0)
True, True, 0.0914, (0, 143, 124, 38, 95, 176, 79, 94, 14, 25, 178, 89, 0)
True, True, 0.3402, (0, 51, 217, 327, 151, 268, 319, 350, 188, 45, 257, 122, 0)
True, True, 0.0722, (0, 158, 8, 220, 169, 141, 46, 152, 323, 349, 244, 0)
True, True, 0.0216, (0, 204, 367, 210, 314, 302, 245, 205, 318, 392, 296, 273, 0)
True, True, 0.0302, (0, 128, 136, 180, 74, 23, 110, 62, 40, 28, 32, 85, 0)
True, True, 0.0722, (0, 264, 355, 309, 73, 49, 126, 65, 105, 61, 9, 0)
True, True, 0.4913, (0, 322, 209, 223, 308, 175, 48, 280, 240, 102, 0)
True, True, 0.0908, (0, 73, 105, 65, 137, 1, 58, 129, 84, 174, 69, 130, 136, 0)
True, True, 0.0809, (0, 82, 117, 36, 156, 37, 115, 17, 52, 178, 172, 0)
True, True, 0.027, (0, 370, 262, 289, 13, 260, 201, 365, 377, 356, 286, 0)
True, True, 0.1383, (0, 152, 46, 177, 145, 78, 29, 184, 4, 19, 169, 0)
True, True, 0.1236, (0, 10, 64, 163, 112, 31, 99, 41, 173, 44, 11, 0)
True, True, 0.1406, (0, 260, 201, 374, 348, 233, 263, 265, 333, 373, 261, 354, 0)
True, True, 0.0248, (0, 300, 149, 297, 366, 88, 306, 346, 76, 155, 0)
True, True, 0.0216, (0, 284, 155, 55, 76, 346, 300, 234, 378, 213, 0)
True, True, 0.0351, (0, 89, 50, 97, 7, 83, 150, 178, 172, 100, 352, 0)
True, True, 0.0163, (0, 119, 44, 41, 99, 31, 112, 163, 161, 10, 133, 0)
True, True, 0.7756, (0, 334, 305, 248, 203, 207, 234, 378, 332, 231, 171, 0)
True, True, 0.1524, (0, 277, 210, 314, 302, 245, 205, 318, 392, 296, 273, 304, 0)
True, True, 0.2072, (0, 277, 210, 314, 302, 245, 205, 318, 392, 296, 273, 382, 0)
True, True, 0.3563, (0, 218, 111, 195, 189, 159, 35, 182, 15, 190, 59, 0)
True, True, 0.1467, (0, 290, 326, 18, 255, 362, 339, 142, 24, 167, 116, 317, 0)
True, True, 0.1383, (0, 141, 4, 184, 29, 78, 145, 2, 177, 46, 152, 0)
True, True, 0.038, (0, 155, 76, 346, 306, 88, 297, 149, 300, 234, 0)
True, True, 0.0073, (0, 59, 190, 183, 182, 15, 35, 159, 189, 195, 111, 0)
True, True, 0.2761, (0, 138, 191, 77, 118, 193, 147, 60, 192, 358, 170, 0)
True, True, 0.1192, (0, 311, 381, 285, 197, 298, 131, 202, 293, 269, 93, 297, 0)
True, True, 0.3786, (0, 321, 259, 328, 277, 367, 261, 388, 258, 354, 204, 222, 0)
True, True, 0.2079, (0, 104, 67, 127, 179, 84, 129, 58, 1, 137, 65, 105, 0)
True, True, 0.0221, (0, 200, 259, 325, 328, 367, 261, 388, 258, 354, 204, 0)
True, True, 0.1916, (0, 213, 300, 149, 88, 366, 306, 346, 76, 155, 281, 0)
True, True, 0.0128, (0, 354, 258, 388, 373, 333, 265, 263, 233, 348, 374, 260, 0)
True, True, 0.0032, (0, 93, 101, 361, 341, 113, 132, 386, 160, 279, 310, 0)
True, True, 0.3764, (0, 32, 28, 40, 196, 157, 53, 108, 98, 5, 42, 133, 187, 0)
True, True, 0.1233, (0, 250, 294, 155, 55, 76, 346, 300, 234, 378, 213, 0)
True, True, 0.3134, (0, 227, 251, 274, 235, 353, 135, 228, 66, 283, 0)
True, True, 0.2836, (0, 315, 303, 336, 148, 316, 382, 273, 304, 226, 122, 113, 132, 386, 0)
True, True, 0.0217, (0, 119, 44, 173, 144, 106, 107, 75, 168, 159, 189, 0)
True, True, 0.0096, (0, 18, 362, 121, 371, 225, 243, 357, 364, 236, 0)
True, True, 0.0475, (0, 4, 184, 29, 78, 104, 67, 68, 177, 46, 152, 0)
True, True, 0.1052, (0, 81, 295, 301, 72, 345, 237, 63, 249, 360, 103, 238, 0)
True, True, 0.0249, (0, 322, 209, 223, 308, 175, 48, 280, 240, 140, 0)
True, True, 0.2118, (0, 2, 136, 130, 69, 174, 84, 129, 58, 1, 137, 65, 105, 0)
True, True, 0.2614, (0, 289, 13, 260, 201, 374, 348, 365, 377, 356, 286, 0)
True, True, 0.1725, (0, 35, 168, 75, 107, 106, 144, 173, 44, 119, 11, 0)
True, True, 0.13, (0, 292, 215, 325, 282, 340, 277, 367, 328, 259, 321, 0)
True, True, 0.2605, (0, 354, 261, 373, 333, 265, 263, 233, 374, 348, 365, 80, 0)
True, True, 0.033, (0, 204, 354, 388, 261, 373, 333, 265, 263, 233, 374, 260, 0)
True, True, 0.052, (0, 66, 135, 356, 377, 365, 348, 374, 201, 260, 287, 0)
True, True, 0.1965, (0, 93, 101, 361, 247, 47, 230, 87, 351, 387, 267, 271, 0)
True, True, 0.3862, (0, 253, 310, 279, 224, 160, 315, 303, 242, 299, 329, 0)
True, True, 0.0643, (0, 93, 269, 293, 247, 47, 230, 87, 351, 387, 267, 338, 0)
True, True, 0.4803, (0, 227, 251, 274, 235, 353, 135, 228, 66, 347, 0)
True, True, 0.1128, (0, 133, 161, 163, 112, 31, 99, 41, 173, 144, 11, 0)
True, True, 0.2366, (0, 252, 86, 70, 270, 276, 153, 335, 216, 329, 375, 385, 0)
True, True, 0.2291, (0, 123, 343, 372, 198, 221, 206, 272, 70, 86, 252, 0)
True, True, 0.005, (0, 26, 6, 50, 7, 83, 150, 178, 172, 100, 352, 0)
True, True, 0.1144, (0, 134, 239, 292, 278, 275, 379, 200, 391, 232, 307, 222, 0)
True, True, 0.0341, (0, 51, 217, 327, 151, 268, 188, 45, 257, 226, 122, 386, 0)
True, True, 0.1748, (0, 383, 339, 24, 116, 246, 38, 95, 176, 79, 94, 124, 143, 0)
True, True, 0.0313, (0, 93, 101, 386, 132, 113, 341, 361, 247, 293, 269, 254, 0)
True, True, 0.2874, (0, 172, 25, 14, 52, 150, 83, 7, 50, 6, 89, 0)
True, True, 0.2129, (0, 331, 267, 387, 351, 87, 230, 47, 247, 293, 269, 254, 0)
True, True, 0.1063, (0, 385, 375, 216, 335, 153, 276, 324, 266, 270, 165, 0)
True, True, 0.1274, (0, 169, 141, 19, 20, 9, 61, 309, 355, 264, 0)
True, True, 0.1386, (0, 391, 328, 210, 314, 302, 245, 205, 318, 392, 296, 340, 0)
True, True, 0.1944, (0, 73, 49, 126, 71, 164, 96, 359, 219, 312, 291, 186, 0)
True, True, 0.3076, (0, 92, 342, 246, 38, 95, 176, 79, 94, 124, 100, 352, 0)
True, True, 0.1278, (0, 271, 267, 387, 351, 87, 230, 47, 247, 293, 269, 101, 0)
True, True, 0.1183, (0, 63, 143, 92, 317, 175, 48, 280, 240, 102, 140, 0)
True, True, 0.0112, (0, 297, 93, 269, 293, 247, 361, 341, 113, 132, 386, 366, 0)
True, True, 0.1144, (0, 383, 142, 121, 371, 225, 243, 357, 364, 337, 236, 0)
True, True, 0.0769, (0, 343, 372, 236, 243, 357, 364, 337, 198, 221, 252, 0)
True, True, 0.0356, (0, 237, 240, 280, 48, 175, 308, 223, 209, 212, 0)
True, True, 0.0722, (0, 46, 128, 2, 177, 145, 78, 29, 184, 4, 20, 0)
True, True, 0.4188, (0, 103, 344, 360, 249, 63, 237, 345, 72, 301, 295, 81, 0)
True, True, 0.1551, (0, 170, 193, 147, 181, 22, 33, 43, 60, 192, 34, 0)
True, True, 0.0445, (0, 247, 47, 51, 217, 327, 151, 268, 188, 45, 257, 226, 0)
True, True, 0.0449, (0, 208, 291, 312, 219, 359, 96, 164, 139, 146, 384, 125, 0)
True, True, 0.0251, (0, 370, 262, 13, 260, 80, 377, 356, 135, 228, 66, 0)
True, True, 0.0796, (0, 300, 149, 297, 256, 12, 331, 320, 338, 203, 0)
True, True, 0.0046, (0, 307, 232, 391, 200, 379, 275, 278, 313, 376, 239, 0)
True, True, 0.0387, (0, 343, 372, 236, 337, 364, 357, 243, 390, 288, 109, 0)
True, True, 0.052, (0, 66, 228, 356, 377, 365, 201, 260, 13, 289, 287, 0)
True, True, 0.1278, (0, 229, 380, 370, 262, 204, 391, 232, 200, 307, 222, 0)
True, True, 0.1508, (0, 111, 195, 189, 159, 168, 75, 107, 182, 15, 190, 0)
True, True, 0.009, (0, 254, 269, 293, 247, 47, 230, 87, 351, 387, 267, 208, 0)
True, True, 0.1741, (0, 166, 183, 11, 44, 119, 30, 10, 133, 187, 193, 358, 0)
True, True, 0.018, (0, 209, 252, 86, 70, 165, 375, 385, 346, 76, 155, 0)
True, True, 0.0477, (0, 195, 189, 168, 75, 107, 106, 144, 173, 44, 119, 0)
True, True, 0.2473, (0, 23, 110, 62, 196, 157, 53, 108, 5, 42, 98, 22, 0)
True, True, 0.0537, (0, 286, 356, 377, 233, 263, 265, 333, 373, 388, 258, 354, 0)
True, True, 0.0634, (0, 103, 352, 100, 172, 178, 89, 26, 195, 111, 218, 238, 0)
True, True, 0.0947, (0, 145, 68, 67, 127, 179, 162, 84, 129, 58, 1, 137, 0)
True, True, 0.1829, (0, 248, 338, 271, 320, 331, 12, 256, 297, 149, 300, 0)
True, True, 0.2108, (0, 170, 34, 349, 323, 152, 46, 19, 141, 169, 8, 158, 0)
True, True, 0.1033, (0, 203, 338, 271, 320, 331, 208, 186, 120, 384, 125, 0)
True, True, 0.119, (0, 253, 310, 160, 386, 132, 113, 341, 361, 101, 93, 0)
True, True, 0.0237, (0, 171, 213, 56, 199, 284, 281, 294, 250, 301, 295, 81, 0)
True, True, 0.0364, (0, 59, 190, 35, 159, 168, 75, 107, 106, 183, 166, 0)
True, True, 0.1383, (0, 221, 198, 236, 337, 364, 357, 243, 390, 18, 326, 0)
True, True, 0.1508, (0, 358, 187, 133, 10, 30, 119, 44, 173, 144, 106, 183, 0)
True, True, 0.0534, (0, 93, 341, 51, 217, 327, 151, 230, 87, 351, 387, 267, 0)
True, True, 0.1698, (0, 166, 183, 11, 44, 119, 30, 10, 133, 187, 147, 0)
True, True, 0.0654, (0, 379, 215, 325, 282, 277, 367, 328, 259, 200, 0)
True, True, 0.0026, (0, 292, 278, 379, 215, 325, 282, 340, 273, 304, 382, 336, 0)
True, True, 0.2079, (0, 68, 104, 179, 162, 84, 129, 58, 1, 137, 65, 105, 0)
True, True, 0.0139, (0, 150, 83, 7, 17, 115, 37, 156, 36, 117, 82, 0)
True, True, 0.033, (0, 260, 201, 374, 233, 263, 265, 333, 373, 258, 204, 0)
True, True, 0.0473, (0, 338, 208, 291, 359, 96, 164, 71, 139, 146, 90, 384, 0)
True, True, 0.2473, (0, 33, 196, 157, 53, 108, 98, 5, 42, 161, 64, 10, 0)
True, True, 0.0204, (0, 101, 361, 341, 113, 132, 386, 315, 242, 299, 329, 385, 0)
True, True, 0.0608, (0, 344, 360, 249, 352, 100, 172, 178, 89, 26, 111, 218, 0)
True, True, 0.2062, (0, 221, 198, 236, 243, 225, 371, 121, 167, 116, 317, 0)
True, True, 0.0341, (0, 51, 217, 327, 151, 268, 188, 45, 257, 226, 122, 113, 0)
True, True, 0.1266, (0, 198, 337, 364, 357, 243, 225, 371, 121, 167, 317, 0)
True, True, 0.0276, (0, 288, 211, 236, 357, 243, 225, 371, 121, 255, 18, 0)
True, True, 0.0796, (0, 270, 324, 347, 283, 363, 357, 364, 337, 198, 221, 0)
True, True, 0.0119, (0, 238, 218, 111, 195, 26, 89, 178, 172, 100, 352, 360, 0)
True, True, 0.0658, (0, 311, 381, 285, 197, 298, 131, 293, 247, 361, 101, 297, 0)
True, True, 0.2128, (0, 358, 193, 147, 181, 43, 28, 16, 32, 39, 85, 34, 0)
True, True, 0.1065, (0, 136, 180, 3, 130, 69, 174, 162, 179, 127, 67, 68, 0)
True, True, 0.0458, (0, 120, 208, 291, 312, 219, 359, 96, 164, 71, 126, 49, 0)
True, True, 0.0743, (0, 370, 287, 289, 13, 260, 201, 365, 377, 356, 286, 0)
True, True, 0.0176, (0, 81, 295, 301, 72, 345, 237, 63, 249, 352, 360, 103, 0)
True, True, 0.2694, (0, 140, 102, 240, 280, 48, 175, 317, 92, 143, 352, 0)
True, True, 0.0341, (0, 341, 51, 217, 151, 268, 319, 188, 45, 257, 226, 122, 315, 0)
True, True, 0.0026, (0, 278, 379, 215, 325, 282, 340, 273, 304, 382, 316, 148, 0)
True, True, 0.0229, (0, 226, 257, 45, 188, 319, 350, 296, 340, 282, 325, 278, 0)
True, True, 0.1732, (0, 222, 232, 391, 200, 379, 275, 278, 313, 376, 239, 0)
True, True, 0.0722, (0, 19, 4, 184, 29, 78, 104, 68, 128, 2, 177, 152, 0)
True, True, 0.0195, (0, 165, 324, 347, 283, 337, 364, 357, 236, 211, 288, 0)
True, True, 0.1778, (0, 134, 376, 313, 278, 275, 379, 200, 391, 232, 307, 0)
True, True, 0.1661, (0, 328, 367, 210, 314, 302, 245, 205, 318, 392, 350, 304, 0)
True, True, 0.0456, (0, 91, 111, 26, 89, 178, 172, 100, 352, 249, 360, 344, 0)
True, True, 0.2545, (0, 329, 216, 335, 153, 276, 324, 266, 206, 272, 389, 0)
True, True, 0.0415, (0, 342, 246, 38, 95, 176, 79, 94, 14, 25, 178, 172, 0)
True, True, 0.0216, (0, 292, 278, 275, 379, 215, 259, 200, 232, 307, 335, 0)
True, True, 0.0658, (0, 307, 200, 232, 391, 204, 262, 370, 241, 380, 229, 0)
True, True, 0.0527, (0, 209, 252, 389, 221, 266, 206, 272, 270, 165, 212, 0)
True, True, 0.2067, (0, 287, 80, 201, 374, 348, 365, 377, 356, 286, 363, 0)
True, True, 0.0067, (0, 383, 339, 24, 167, 116, 246, 95, 176, 79, 94, 124, 143, 0)
True, True, 0.1676, (0, 326, 383, 339, 142, 362, 255, 390, 288, 109, 368, 54, 0)
True, True, 0.1468, (0, 382, 304, 45, 188, 350, 319, 268, 151, 327, 217, 51, 0)
True, True, 0.1717, (0, 238, 103, 344, 360, 63, 249, 352, 218, 91, 138, 170, 0)
True, True, 0.0658, (0, 271, 267, 387, 351, 87, 230, 47, 247, 293, 202, 254, 0)
True, True, 0.1239, (0, 321, 215, 325, 282, 340, 296, 350, 319, 188, 257, 226, 0)
True, True, 0.1468, (0, 122, 226, 257, 45, 350, 319, 268, 151, 327, 217, 51, 341, 0)
True, True, 0.104, (0, 68, 67, 136, 180, 74, 23, 110, 62, 40, 16, 0)
True, True, 0.1857, (0, 292, 275, 215, 325, 282, 340, 273, 304, 382, 316, 148, 336, 0)
True, True, 0.1307, (0, 93, 269, 293, 47, 230, 87, 351, 387, 298, 197, 285, 0)
True, True, 0.0036, (0, 316, 382, 304, 273, 340, 282, 325, 215, 379, 278, 292, 0)
True, True, 0.0129, (0, 281, 212, 385, 375, 165, 70, 86, 389, 252, 209, 140, 0)
True, True, 0.1363, (0, 89, 50, 97, 114, 115, 17, 83, 150, 178, 0)
True, True, 0.1307, (0, 267, 387, 351, 87, 230, 47, 247, 293, 131, 202, 381, 0)
True, True, 0.1331, (0, 81, 301, 250, 294, 281, 284, 199, 56, 213, 27, 214, 185, 0)
True, True, 0.1435, (0, 111, 195, 189, 168, 75, 107, 106, 182, 15, 190, 0)
True, True, 0.0155, (0, 338, 320, 186, 208, 331, 12, 256, 297, 149, 0)
True, True, 0.0205, (0, 305, 338, 271, 320, 331, 208, 186, 120, 125, 264, 0)
True, True, 0.0348, (0, 339, 142, 24, 167, 116, 246, 95, 176, 79, 94, 124, 143, 0)
True, True, 0.1056, (0, 368, 109, 288, 211, 390, 255, 362, 142, 24, 383, 326, 0)
True, True, 0.0158, (0, 305, 207, 338, 320, 331, 208, 186, 120, 384, 125, 0)
True, True, 0.0089, (0, 101, 361, 247, 47, 230, 87, 351, 387, 298, 197, 254, 0)
True, True, 0.062, (0, 24, 121, 371, 225, 243, 357, 364, 337, 236, 211, 0)
True, True, 0.0138, (0, 54, 368, 326, 18, 390, 288, 211, 372, 343, 123, 0)
True, True, 0.3964, (0, 158, 4, 184, 29, 78, 145, 177, 2, 128, 323, 349, 0)
True, True, 0.0665, (0, 379, 215, 325, 328, 277, 367, 261, 388, 258, 204, 0)
True, True, 0.3764, (0, 30, 64, 161, 163, 112, 31, 99, 41, 144, 183, 0)
True, True, 0.1953, (0, 384, 146, 139, 90, 359, 219, 312, 291, 186, 208, 0)
True, True, 0.1292, (0, 283, 286, 135, 228, 353, 235, 274, 251, 227, 0)
True, True, 0.1905, (0, 242, 134, 239, 292, 278, 313, 376, 316, 148, 336, 315, 0)
True, True, 0.1829, (0, 334, 338, 271, 320, 331, 12, 256, 297, 149, 300, 0)
True, True, 0.025, (0, 283, 66, 353, 235, 370, 241, 380, 229, 276, 0)
True, True, 0.2129, (0, 70, 324, 347, 283, 363, 225, 371, 121, 255, 18, 0)
True, True, 0.0089, (0, 381, 285, 202, 131, 293, 47, 247, 361, 101, 297, 0)
True, True, 0.0426, (0, 264, 355, 309, 61, 9, 20, 369, 220, 244, 0)
True, True, 0.0566, (0, 386, 132, 113, 122, 226, 304, 382, 376, 316, 148, 336, 303, 0)
True, True, 0.1228, (0, 165, 216, 335, 153, 276, 324, 266, 272, 389, 252, 0)
True, True, 0.0224, (0, 269, 293, 247, 361, 341, 113, 132, 386, 160, 310, 21, 0)
True, True, 0.0327, (0, 222, 204, 354, 258, 388, 261, 367, 328, 325, 215, 292, 0)
True, True, 0.0593, (0, 74, 180, 3, 130, 69, 174, 162, 179, 127, 67, 104, 0)
True, True, 0.0449, (0, 120, 291, 312, 219, 359, 90, 146, 139, 71, 126, 49, 0)
True, True, 0.0543, (0, 21, 310, 224, 160, 386, 132, 113, 341, 361, 101, 0)
True, True, 0.0604, (0, 40, 62, 110, 23, 74, 180, 3, 130, 69, 67, 104, 0)
False, True, 0.2646, (0, 311, 12, 381, 254, 202, 131, 298, 197, 285, 254, 256, 0)
False, True, 0.013, (0, 171, 213, 56, 199, 284, 294, 250, 281, 199, 56, 213, 171, 0)
False, True, 0.3764, (0, 85, 39, 32, 16, 28, 33, 22, 181, 43, 39, 85, 0)
False, True, 0.2761, (0, 138, 194, 191, 77, 118, 166, 59, 194, 138, 0)
False, True, 0.2657, (0, 244, 8, 220, 154, 369, 19, 141, 169, 8, 244, 0)
False, True, 0.1309, (0, 306, 21, 253, 310, 279, 224, 242, 299, 253, 21, 0)
False, True, 0.1934, (0, 34, 192, 60, 181, 22, 33, 43, 60, 192, 34, 0)
False, True, 0.2724, (0, 155, 55, 76, 346, 306, 366, 88, 76, 55, 0)
True, True, 0.0948, (0, 172, 178, 150, 83, 7, 17, 115, 37, 114, 57, 0)
True, True, 0.2079, (0, 68, 104, 67, 127, 162, 174, 69, 130, 3, 180, 74, 0)
True, True, 0.1091, (0, 2, 68, 104, 67, 127, 179, 162, 174, 69, 130, 3, 74, 0)
False, True, 0.3047, (0, 143, 342, 124, 94, 79, 176, 95, 38, 246, 342, 92, 0)
True, True, 0.0181, (0, 185, 214, 27, 199, 284, 281, 294, 250, 322, 140, 237, 344, 103, 0)
False, True, 0.1236, (0, 119, 44, 173, 41, 99, 31, 112, 163, 64, 119, 0)
False, True, 0.0923, (0, 120, 330, 90, 359, 291, 312, 219, 359, 330, 120, 0)
False, True, 0.1953, (0, 120, 186, 208, 291, 312, 219, 359, 330, 120, 125, 0)
True, True, 0.0341, (0, 341, 51, 327, 151, 268, 188, 45, 257, 226, 122, 132, 0)
False, True, 0.1991, (0, 223, 308, 368, 109, 123, 54, 308, 223, 140, 0)
False, True, 0.0149, (0, 153, 229, 380, 370, 262, 241, 380, 229, 153, 0)
True, True, 0.0096, (0, 288, 211, 236, 337, 357, 243, 225, 371, 121, 167, 0)
False, True, 0.0783, (0, 185, 214, 27, 56, 199, 284, 294, 250, 281, 199, 214, 27, 171, 0)
False, True, 0.1829, (0, 185, 214, 27, 213, 332, 231, 284, 199, 56, 27, 214, 185, 0)
False, True, 0.0198, (0, 166, 190, 35, 159, 168, 75, 107, 106, 183, 190, 0)
True, True, 0.017, (0, 226, 257, 268, 188, 319, 350, 296, 340, 325, 259, 200, 0)
False, True, 0.0469, (0, 207, 338, 120, 186, 208, 331, 320, 271, 338, 207, 0)
True, True, 0.1443, (0, 362, 121, 371, 225, 363, 357, 364, 337, 236, 211, 0)
False, True, 0.1364, (0, 212, 375, 165, 270, 266, 206, 272, 389, 86, 212, 0)
False, True, 0.0266, (0, 214, 27, 213, 56, 199, 284, 294, 250, 281, 199, 56, 27, 214, 0)
False, True, 0.0297, (0, 229, 380, 370, 287, 262, 241, 380, 229, 222, 216, 0)
True, True, 0.0866, (0, 18, 362, 121, 371, 225, 363, 283, 347, 221, 0)
False, True, 0.025, (0, 223, 54, 368, 109, 288, 211, 390, 18, 368, 223, 0)
False, True, 0.2713, (0, 380, 241, 370, 287, 289, 13, 262, 241, 380, 229, 0)
False, True, 0.1245, (0, 380, 370, 262, 289, 13, 260, 80, 287, 262, 241, 0)
False, True, 0.0548, (0, 242, 336, 148, 316, 376, 313, 278, 239, 134, 242, 0)
False, True, 0.017, (0, 229, 380, 370, 287, 289, 262, 370, 241, 229, 276, 0)
False, True, 0.2312, (0, 299, 134, 239, 376, 313, 278, 292, 239, 134, 299, 0)
False, True, 0.1113, (0, 242, 303, 336, 148, 316, 382, 313, 376, 316, 148, 336, 303, 0)
False, True, 0.1172, (0, 300, 149, 88, 366, 310, 253, 21, 366, 88, 306, 0)
False, True, 0.1364, (0, 311, 256, 381, 285, 197, 298, 131, 202, 254, 256, 311, 0)
False, True, 0.0016, (0, 311, 256, 254, 285, 197, 298, 131, 202, 254, 12, 311, 0)
True, True, 0.0341, (0, 341, 51, 217, 327, 268, 319, 188, 45, 257, 226, 122, 315, 0)
False, True, 0.0415, (0, 317, 342, 124, 38, 246, 116, 167, 24, 142, 339, 383, 317, 0)
False, True, 0.1396, (0, 320, 208, 186, 291, 312, 219, 267, 331, 320, 0)
True, True, 0.0022, (0, 122, 226, 257, 268, 188, 319, 350, 296, 340, 325, 379, 321, 0)
False, True, 0.0081, (0, 229, 380, 241, 370, 287, 289, 262, 370, 241, 222, 335, 0)
True, True, 0.0036, (0, 341, 51, 217, 327, 151, 268, 319, 188, 257, 226, 148, 336, 0)
True, True, 0.2363, (0, 185, 214, 27, 56, 199, 284, 281, 294, 250, 322, 140, 237, 344, 0)
False, True, 0.1023, (0, 385, 375, 329, 216, 335, 153, 276, 270, 165, 375, 385, 0)
True, True, 0.1228, (0, 389, 206, 266, 324, 276, 153, 335, 216, 375, 385, 0)
False, True, 0.1555, (0, 244, 8, 169, 141, 19, 46, 152, 323, 349, 244, 0)
False, True, 0.1448, (0, 158, 264, 355, 309, 61, 9, 20, 369, 154, 158, 0)
True, True, 0.0426, (0, 244, 220, 154, 20, 9, 61, 309, 355, 264, 0)
False, False, 0.1169, (0, 100, 25, 14, 52, 17, 115, 37, 115, 17, 7, 50, 0)
False, True, 0.0605, (0, 140, 102, 240, 280, 48, 175, 102, 140, 345, 72, 0)
True, True, 0.0659, (0, 204, 354, 261, 373, 333, 265, 263, 233, 348, 365, 80, 0)
True, True, 0.1331, (0, 213, 56, 199, 284, 281, 294, 250, 322, 345, 72, 295, 81, 0)
True, True, 0.0325, (0, 89, 50, 97, 114, 37, 115, 17, 52, 14, 100, 0)
True, True, 0.0386, (0, 326, 339, 24, 167, 246, 38, 95, 176, 79, 94, 124, 0)
False, True, 0.0647, (0, 149, 88, 366, 21, 253, 310, 279, 224, 21, 366, 149, 0)
False, True, 0.1362, (0, 155, 55, 346, 306, 366, 88, 346, 55, 155, 0)
True, True, 0.0594, (0, 288, 211, 243, 364, 337, 283, 347, 324, 270, 165, 0)
False, True, 0.0656, (0, 190, 183, 106, 107, 75, 168, 189, 159, 35, 190, 0)
False, True, 0.116, (0, 212, 385, 165, 270, 266, 206, 272, 389, 86, 212, 0)
True, True, 0.0368, (0, 103, 344, 295, 301, 250, 294, 281, 284, 199, 56, 27, 214, 0)
False, True, 0.025, (0, 153, 222, 229, 251, 274, 227, 229, 222, 335, 216, 0)
False, True, 0.0426, (0, 222, 307, 321, 379, 215, 259, 200, 391, 232, 307, 222, 0)
False, True, 0.1643, (0, 229, 370, 287, 80, 260, 13, 289, 262, 241, 229, 0)
False, True, 0.3239, (0, 238, 218, 91, 194, 191, 77, 118, 166, 59, 91, 238, 0)
False, True, 0.0812, (0, 212, 385, 375, 165, 70, 86, 389, 252, 209, 212, 250, 0)
False, True, 0.051, (0, 306, 21, 310, 279, 160, 315, 303, 242, 310, 253, 0)
False, True, 0.0812, (0, 212, 385, 375, 165, 70, 86, 389, 252, 209, 212, 294, 0)
True, True, 0.0963, (0, 171, 213, 56, 284, 281, 294, 250, 322, 345, 72, 301, 295, 0)
False, True, 0.0733, (0, 305, 207, 338, 271, 320, 208, 186, 120, 338, 305, 0)
False, True, 0.0016, (0, 311, 381, 254, 285, 197, 298, 131, 202, 254, 381, 12, 311, 0)
True, True, 0.0473, (0, 384, 146, 139, 71, 164, 96, 359, 219, 312, 208, 338, 0)
False, True, 0.0341, (0, 341, 226, 257, 45, 188, 350, 319, 268, 151, 327, 217, 341, 0)
False, True, 0.001, (0, 158, 264, 355, 309, 61, 9, 20, 355, 264, 0)
False, True, 0.0251, (0, 68, 104, 127, 179, 162, 174, 69, 130, 3, 136, 68, 145, 0)
False, False, 0.0194, (0, 89, 7, 17, 115, 114, 115, 17, 52, 178, 172, 0)
False, True, 0.047, (0, 209, 123, 343, 372, 211, 390, 288, 123, 209, 0)
False, True, 0.0195, (0, 209, 252, 389, 272, 206, 266, 270, 70, 86, 209, 0)
False, True, 0.08, (0, 307, 200, 259, 325, 282, 215, 379, 275, 321, 307, 0)
False, True, 0.0566, (0, 340, 296, 392, 318, 205, 245, 302, 314, 210, 340, 313, 0)
False, True, 0.056, (0, 89, 50, 97, 114, 7, 83, 150, 50, 89, 0)
True, True, 0.0222, (0, 288, 211, 236, 357, 363, 283, 347, 324, 270, 165, 0)
all_elementary, False
all_cyc2, False
