Instance, X-n322-k28
capacity, 868
min_trucks, 28
output_file, output_uchoa/X-n322-k28-cyc2.log
Start date, 2022-06-25
Start time, 10-18-33
capacity, 868
num_vehicles, 28
abort_early, False
methods, ['cyc2']
max_vars, 1000000
time_limit, 86400
farley, False
initial time, initial max_it, max_stale_it
1e-05, 2000000000.0, 20
heuristic Number of routes, heuristic Best Solution Value, heuristic number of iterations, adjusted time, adjusted max_it
333547, 29947.0, 20000, 1.0, 20000.0
method, python time, total time, propagated dominance time, unpropagated dominance time, pricing_success, upper_bound, lower_bound, abort_early, num_paths, 
cyc2, 40.8, 235.9, 0.0, 0.0, 1, 29425.1268, 21545.2104, 0, 111874
cyc2, 23.6, 254.8, 0.0, 0.0, 1, 29166.9552, 22719.2028, 0, 63145
cyc2, 3.9, 257.4, 0.0, 0.0, 1, 29009.913, 26833.8692, 0, 9572
cyc2, 5.0, 254.2, 0.0, 0.0, 1, 28888.4062, 25639.8947, 0, 11647
cyc2, 1.1, 253.4, 0.0, 0.0, 1, 28873.5135, 27230.0221, 0, 1646
cyc2, 0.6, 252.9, 0.0, 0.0, 1, 28863.0818, 28182.5937, 0, 528
cyc2, 0.5, 250.7, 0.0, 0.0, 1, 28859.6832, 28512.3419, 0, 137
cyc2, 0.4, 253.3, 0.0, 0.0, 1, 28858.5085, 28678.8825, 0, 15
cyc2, 0.3, 252.3, 0.0, 0.0, 1, 28858.4975, 28858.4975, 0, 0
scip_total_time, 14392.923071
Solval, number of paths, impact cutoff
28858.497508081284, 260, 0.0001
Elementary, 2-Cycle, Path Value, Path
True, True, 0.1563, (0, 256, 32, 239, 286, 215, 315, 136, 157, 181, 175, 188, 0)
True, True, 0.0632, (0, 193, 252, 135, 139, 8, 89, 234, 318, 203, 185, 31, 199, 0)
True, True, 0.274, (0, 69, 224, 73, 132, 180, 309, 131, 94, 293, 179, 152, 0)
True, True, 0.0815, (0, 163, 256, 32, 239, 249, 162, 153, 80, 95, 19, 284, 0)
True, True, 0.4604, (0, 252, 164, 139, 8, 89, 234, 318, 203, 185, 31, 49, 0)
True, True, 0.0047, (0, 178, 251, 299, 314, 114, 243, 241, 155, 302, 112, 103, 0)
True, True, 0.3541, (0, 305, 130, 287, 141, 46, 272, 23, 257, 117, 38, 61, 0)
True, True, 0.0118, (0, 162, 87, 223, 16, 304, 60, 297, 159, 29, 136, 181, 0)
True, True, 0.376, (0, 47, 188, 78, 221, 289, 91, 52, 200, 98, 235, 39, 0)
True, True, 0.0834, (0, 147, 93, 41, 67, 308, 198, 238, 119, 222, 25, 0)
True, True, 0.1499, (0, 155, 241, 277, 21, 274, 150, 84, 167, 9, 206, 283, 36, 28, 0)
True, True, 0.5093, (0, 266, 100, 176, 154, 84, 167, 9, 206, 212, 24, 283, 36, 28, 244, 0)
True, True, 0.3103, (0, 199, 185, 203, 318, 234, 89, 8, 139, 164, 252, 231, 0)
True, True, 0.0373, (0, 162, 87, 223, 16, 304, 60, 297, 92, 291, 264, 83, 0)
True, True, 0.0026, (0, 86, 169, 278, 121, 189, 34, 267, 320, 96, 156, 17, 3, 0)
True, True, 0.1193, (0, 312, 190, 183, 26, 263, 254, 158, 250, 298, 166, 143, 0)
True, True, 0.0843, (0, 269, 306, 303, 290, 48, 248, 10, 214, 213, 207, 99, 27, 0)
True, True, 0.0775, (0, 284, 19, 233, 265, 282, 122, 211, 140, 102, 279, 285, 22, 0)
True, True, 0.2393, (0, 239, 87, 223, 16, 304, 60, 297, 159, 29, 45, 215, 0)
True, True, 0.1828, (0, 120, 178, 251, 299, 314, 114, 243, 241, 155, 171, 103, 0)
True, True, 0.1963, (0, 163, 32, 239, 286, 215, 315, 136, 157, 181, 175, 221, 78, 0)
True, True, 0.1136, (0, 22, 279, 102, 140, 225, 44, 246, 300, 227, 105, 151, 85, 0)
True, True, 0.17, (0, 233, 265, 147, 253, 301, 247, 255, 25, 122, 211, 201, 0)
True, True, 0.2248, (0, 97, 1, 59, 250, 158, 254, 263, 26, 183, 190, 166, 0)
True, True, 0.0615, (0, 240, 93, 41, 67, 308, 198, 238, 321, 11, 210, 253, 0)
True, True, 0.2454, (0, 149, 1, 59, 250, 158, 254, 263, 26, 183, 190, 312, 143, 0)
True, True, 0.0555, (0, 216, 161, 295, 77, 194, 148, 144, 3, 4, 187, 82, 0)
True, True, 0.0015, (0, 87, 223, 16, 304, 60, 297, 159, 29, 45, 237, 286, 0)
True, True, 0.0087, (0, 204, 296, 69, 224, 132, 180, 309, 131, 291, 74, 134, 0)
True, True, 0.2142, (0, 288, 295, 77, 269, 306, 303, 290, 48, 15, 63, 148, 5, 0)
True, True, 0.2142, (0, 288, 295, 77, 269, 306, 303, 290, 48, 15, 63, 144, 5, 0)
True, True, 0.1597, (0, 194, 63, 15, 48, 248, 10, 214, 213, 207, 99, 208, 27, 0)
True, True, 0.064, (0, 47, 188, 78, 221, 289, 91, 52, 200, 98, 220, 6, 0)
True, True, 0.0099, (0, 252, 135, 164, 139, 8, 89, 234, 318, 203, 185, 49, 0)
True, True, 0.0236, (0, 296, 224, 69, 73, 132, 180, 309, 131, 291, 74, 175, 0)
True, True, 0.115, (0, 27, 115, 65, 213, 214, 10, 248, 303, 306, 269, 161, 0)
True, True, 0.0012, (0, 47, 188, 78, 221, 91, 116, 83, 52, 200, 98, 220, 0)
True, True, 0.279, (0, 134, 74, 92, 297, 60, 304, 16, 223, 87, 162, 249, 70, 0)
True, True, 0.0417, (0, 217, 240, 93, 41, 67, 308, 198, 238, 321, 119, 222, 0)
True, True, 0.1224, (0, 83, 264, 291, 131, 309, 180, 132, 224, 69, 296, 0)
True, True, 0.0462, (0, 27, 208, 99, 207, 213, 214, 10, 248, 303, 306, 269, 77, 0)
True, True, 0.0423, (0, 85, 268, 151, 227, 300, 246, 44, 225, 140, 102, 279, 22, 0)
True, True, 0.0671, (0, 86, 169, 278, 13, 121, 189, 34, 267, 320, 96, 156, 15, 0)
True, True, 0.4897, (0, 86, 169, 278, 13, 88, 121, 189, 34, 267, 320, 96, 156, 0)
True, True, 0.029, (0, 249, 87, 223, 16, 304, 60, 297, 92, 291, 264, 134, 0)
True, True, 0.006, (0, 51, 101, 203, 318, 234, 89, 8, 139, 164, 135, 146, 0)
True, True, 0.0193, (0, 156, 96, 320, 267, 34, 189, 121, 278, 169, 86, 40, 72, 0)
True, True, 0.0555, (0, 39, 188, 78, 221, 91, 116, 83, 52, 200, 98, 220, 0)
True, True, 0.0573, (0, 295, 77, 290, 303, 248, 10, 214, 213, 207, 99, 208, 27, 0)
True, True, 0.0713, (0, 233, 147, 253, 301, 210, 41, 93, 240, 168, 310, 217, 2, 0)
True, True, 0.0082, (0, 2, 310, 93, 41, 67, 308, 198, 238, 321, 119, 222, 0)
True, True, 0.0583, (0, 296, 69, 73, 132, 180, 309, 131, 291, 264, 83, 0)
True, True, 0.0118, (0, 157, 136, 29, 159, 297, 60, 304, 16, 223, 87, 249, 0)
True, True, 0.1252, (0, 216, 161, 269, 306, 30, 65, 316, 208, 54, 196, 14, 0)
True, True, 0.008, (0, 83, 134, 74, 291, 92, 159, 29, 45, 286, 215, 32, 0)
True, True, 0.1347, (0, 22, 85, 151, 105, 227, 300, 246, 44, 225, 140, 102, 285, 0)
True, True, 0.2764, (0, 83, 264, 291, 92, 297, 60, 159, 29, 45, 237, 215, 0)
True, True, 0.206, (0, 201, 211, 225, 44, 246, 300, 227, 105, 151, 268, 85, 22, 0)
True, True, 0.1494, (0, 14, 196, 54, 208, 316, 65, 30, 306, 269, 77, 295, 0)
True, True, 0.3702, (0, 296, 224, 73, 132, 180, 309, 131, 94, 293, 179, 152, 0)
True, True, 0.04, (0, 284, 19, 95, 80, 153, 162, 249, 239, 32, 256, 47, 0)
True, True, 0.0516, (0, 196, 99, 207, 213, 214, 10, 248, 303, 306, 269, 295, 0)
True, True, 0.2553, (0, 313, 211, 140, 225, 44, 246, 300, 227, 105, 197, 268, 85, 0)
True, True, 0.0591, (0, 115, 30, 10, 248, 303, 290, 48, 15, 63, 144, 148, 5, 0)
True, True, 0.007, (0, 313, 211, 140, 225, 44, 246, 300, 227, 105, 151, 197, 285, 0)
True, True, 0.1882, (0, 313, 233, 282, 122, 25, 255, 253, 147, 2, 95, 0)
True, True, 0.0578, (0, 241, 277, 21, 274, 150, 84, 167, 9, 206, 283, 36, 266, 244, 0)
False, True, 0.25, (0, 245, 66, 174, 245, 66, 174, 245, 66, 174, 245, 0)
False, True, 0.1429, (0, 229, 7, 107, 62, 37, 165, 62, 37, 107, 7, 229, 61, 0)
False, True, 0.1119, (0, 95, 2, 261, 209, 118, 42, 209, 261, 2, 95, 0)
False, True, 0.2214, (0, 153, 118, 42, 209, 118, 42, 209, 261, 2, 95, 0)
False, True, 0.2518, (0, 33, 58, 262, 307, 71, 271, 111, 262, 307, 71, 271, 111, 0)
False, True, 0.206, (0, 22, 285, 279, 102, 197, 268, 151, 197, 268, 151, 85, 22, 0)
False, True, 0.0955, (0, 87, 223, 16, 304, 223, 16, 304, 223, 16, 87, 239, 0)
False, True, 0.1457, (0, 147, 253, 301, 210, 11, 321, 119, 11, 210, 301, 247, 255, 0)
True, True, 0.1182, (0, 217, 310, 240, 93, 41, 67, 308, 198, 238, 119, 222, 0)
False, True, 0.005, (0, 211, 222, 119, 321, 11, 119, 321, 11, 210, 301, 247, 255, 0)
False, True, 0.2214, (0, 80, 261, 217, 310, 168, 240, 310, 168, 240, 310, 168, 217, 261, 0)
False, True, 0.0934, (0, 202, 276, 53, 311, 276, 53, 311, 276, 53, 254, 298, 0)
False, True, 0.046, (0, 95, 2, 217, 310, 240, 168, 310, 240, 168, 310, 217, 2, 19, 0)
False, True, 0.0141, (0, 22, 285, 102, 197, 105, 227, 300, 246, 44, 225, 140, 102, 0)
False, True, 0.1777, (0, 312, 263, 53, 276, 311, 53, 276, 311, 53, 276, 311, 202, 0)
False, True, 0.0552, (0, 211, 255, 247, 222, 119, 321, 11, 222, 247, 255, 282, 0)
False, True, 0.0423, (0, 85, 151, 268, 197, 105, 151, 268, 197, 102, 279, 285, 313, 0)
False, True, 0.0452, (0, 90, 288, 259, 90, 288, 259, 90, 288, 259, 90, 288, 259, 0)
False, True, 0.0447, (0, 124, 76, 55, 305, 280, 130, 305, 280, 130, 305, 55, 124, 0)
False, True, 0.5, (0, 110, 228, 108, 145, 192, 12, 145, 108, 228, 110, 0)
False, True, 0.0198, (0, 64, 127, 294, 319, 79, 146, 135, 79, 146, 135, 252, 0)
False, True, 0.0397, (0, 284, 19, 233, 265, 147, 2, 80, 153, 95, 19, 284, 0)
False, True, 0.0768, (0, 66, 174, 284, 313, 201, 284, 313, 201, 284, 174, 66, 0)
False, True, 0.0443, (0, 241, 277, 21, 274, 150, 277, 21, 274, 150, 277, 241, 0)
False, True, 0.0536, (0, 244, 129, 104, 112, 302, 171, 112, 302, 171, 112, 104, 103, 0)
False, True, 0.0065, (0, 81, 14, 281, 113, 196, 68, 113, 196, 68, 113, 14, 81, 0)
False, True, 0.107, (0, 184, 230, 68, 113, 281, 196, 33, 68, 113, 281, 14, 81, 0)
False, True, 0.312, (0, 186, 39, 6, 235, 220, 6, 235, 220, 6, 186, 0)
False, True, 0.2752, (0, 163, 256, 70, 249, 162, 153, 80, 162, 249, 70, 256, 163, 0)
False, True, 0.0236, (0, 215, 45, 304, 223, 16, 304, 60, 297, 159, 29, 45, 215, 0)
True, True, 0.0018, (0, 116, 134, 264, 291, 92, 159, 29, 45, 237, 286, 215, 0)
False, True, 0.0927, (0, 81, 14, 281, 113, 68, 281, 113, 196, 68, 113, 281, 14, 81, 0)
False, True, 0.2079, (0, 19, 265, 282, 122, 255, 25, 122, 282, 265, 233, 19, 0)
True, True, 0.3418, (0, 116, 134, 74, 291, 92, 159, 29, 45, 237, 286, 32, 0)
False, True, 0.0102, (0, 237, 45, 29, 159, 92, 297, 60, 159, 29, 45, 237, 0)
False, True, 0.0637, (0, 215, 237, 45, 304, 223, 16, 304, 60, 297, 159, 29, 315, 0)
False, True, 0.1429, (0, 61, 229, 7, 107, 165, 62, 37, 165, 107, 7, 132, 69, 0)
False, True, 0.0965, (0, 66, 313, 201, 284, 313, 201, 284, 313, 201, 284, 174, 0)
False, True, 0.3333, (0, 305, 280, 75, 20, 232, 133, 20, 232, 133, 20, 75, 202, 0)
False, True, 0.0709, (0, 80, 153, 209, 42, 118, 209, 42, 118, 87, 239, 0)
False, True, 0.0632, (0, 64, 127, 294, 79, 146, 135, 79, 146, 135, 164, 252, 0)
False, True, 0.1119, (0, 239, 87, 118, 42, 209, 118, 42, 261, 153, 80, 0)
False, True, 0.1908, (0, 104, 129, 302, 171, 112, 302, 171, 112, 302, 129, 104, 103, 0)
False, True, 0.1908, (0, 195, 56, 251, 243, 114, 314, 299, 114, 314, 299, 251, 0)
False, True, 0.0242, (0, 147, 253, 247, 301, 210, 93, 41, 210, 301, 247, 255, 282, 0)
False, True, 0.058, (0, 284, 19, 265, 282, 122, 25, 255, 253, 147, 265, 19, 0)
False, True, 0.1816, (0, 236, 58, 262, 307, 71, 271, 111, 262, 307, 71, 271, 111, 0)
False, True, 0.0906, (0, 201, 233, 265, 282, 255, 25, 122, 282, 265, 233, 201, 0)
False, True, 0.0731, (0, 294, 319, 79, 146, 135, 79, 146, 135, 79, 146, 319, 0)
False, True, 0.0796, (0, 284, 95, 80, 153, 209, 42, 118, 153, 80, 95, 19, 0)
False, True, 0.2156, (0, 27, 115, 65, 30, 115, 65, 30, 115, 316, 208, 27, 0)
False, True, 0.2002, (0, 72, 123, 40, 72, 123, 40, 72, 123, 28, 266, 129, 104, 103, 0)
True, True, 0.2022, (0, 247, 222, 119, 321, 238, 198, 308, 67, 41, 93, 210, 0)
True, True, 0.1724, (0, 222, 119, 238, 198, 308, 67, 41, 93, 240, 168, 217, 0)
False, True, 0.25, (0, 12, 192, 120, 178, 195, 56, 178, 120, 192, 12, 0)
False, True, 0.1169, (0, 125, 270, 218, 149, 97, 59, 1, 97, 149, 218, 270, 125, 0)
False, True, 0.1471, (0, 5, 194, 148, 144, 194, 148, 144, 194, 5, 259, 0)
False, True, 0.1032, (0, 312, 166, 298, 26, 183, 263, 26, 183, 190, 166, 312, 0)
False, True, 0.183, (0, 76, 55, 124, 76, 55, 124, 76, 55, 124, 76, 55, 124, 0)
False, True, 0.0745, (0, 143, 312, 166, 190, 183, 26, 263, 183, 26, 298, 166, 0)
False, True, 0.0788, (0, 120, 178, 251, 299, 314, 114, 243, 251, 178, 120, 0)
False, True, 0.0012, (0, 186, 39, 47, 163, 256, 70, 32, 256, 163, 47, 186, 0)
False, True, 0.0473, (0, 259, 90, 216, 273, 172, 161, 273, 137, 216, 90, 259, 0)
False, True, 0.0298, (0, 143, 166, 298, 250, 158, 254, 263, 26, 298, 166, 312, 0)
False, True, 0.2935, (0, 90, 216, 137, 273, 172, 161, 273, 172, 137, 216, 90, 0)
False, True, 0.0963, (0, 312, 166, 298, 158, 250, 298, 158, 250, 59, 1, 97, 0)
False, True, 0.0246, (0, 86, 278, 121, 189, 34, 267, 320, 96, 267, 320, 96, 156, 0)
False, True, 0.0279, (0, 130, 287, 141, 46, 272, 23, 141, 46, 232, 133, 75, 202, 0)
False, True, 0.0845, (0, 205, 296, 69, 73, 309, 180, 73, 69, 296, 205, 0)
False, True, 0.0253, (0, 143, 312, 166, 190, 183, 263, 26, 183, 190, 166, 312, 143, 0)
False, True, 0.0447, (0, 275, 124, 76, 55, 124, 76, 55, 124, 76, 55, 124, 275, 0)
False, True, 0.0966, (0, 275, 125, 170, 18, 109, 170, 18, 109, 170, 18, 109, 275, 0)
True, True, 0.0371, (0, 202, 75, 133, 232, 46, 141, 257, 117, 38, 287, 130, 0)
False, True, 0.1285, (0, 184, 106, 177, 231, 193, 177, 231, 193, 177, 128, 57, 160, 0)
False, True, 0.1517, (0, 275, 125, 270, 218, 143, 270, 218, 143, 270, 218, 143, 270, 275, 0)
False, True, 0.0316, (0, 173, 138, 317, 242, 101, 142, 242, 101, 142, 317, 138, 173, 254, 0)
False, True, 0.0759, (0, 275, 125, 218, 149, 97, 59, 1, 97, 149, 218, 125, 275, 0)
False, True, 0.0183, (0, 275, 125, 270, 218, 149, 97, 59, 1, 97, 160, 170, 18, 0)
False, True, 0.1128, (0, 33, 58, 236, 35, 43, 182, 236, 35, 43, 182, 54, 0)
False, True, 0.3024, (0, 64, 127, 294, 319, 135, 146, 79, 319, 294, 127, 64, 0)
False, True, 0.1233, (0, 81, 196, 54, 208, 316, 65, 30, 115, 316, 208, 54, 81, 0)
False, True, 0.0888, (0, 190, 202, 311, 276, 53, 311, 276, 53, 311, 202, 190, 0)
False, True, 0.2031, (0, 18, 170, 160, 50, 184, 230, 106, 128, 57, 160, 50, 109, 0)
False, True, 0.0753, (0, 298, 254, 173, 138, 317, 242, 101, 317, 138, 173, 51, 126, 0)
False, True, 0.1377, (0, 259, 90, 216, 137, 172, 273, 161, 172, 137, 288, 259, 0)
False, True, 0.1157, (0, 275, 125, 270, 218, 149, 97, 59, 1, 97, 149, 125, 275, 0)
False, True, 0.1628, (0, 17, 258, 191, 34, 267, 320, 96, 267, 320, 96, 156, 3, 0)
False, True, 0.2444, (0, 18, 170, 50, 184, 230, 106, 128, 57, 50, 160, 170, 18, 0)
False, True, 0.083, (0, 64, 127, 294, 319, 79, 146, 135, 79, 294, 127, 64, 0)
False, True, 0.0297, (0, 254, 138, 317, 242, 101, 142, 242, 101, 317, 138, 173, 51, 126, 0)
False, True, 0.1324, (0, 126, 51, 49, 199, 31, 49, 199, 31, 49, 199, 31, 49, 126, 0)
False, True, 0.0087, (0, 292, 296, 224, 69, 73, 224, 69, 73, 224, 69, 296, 0)
True, True, 0.1553, (0, 247, 301, 11, 321, 238, 198, 308, 67, 41, 93, 2, 0)
False, True, 0.0056, (0, 175, 181, 157, 136, 315, 237, 286, 215, 237, 286, 215, 32, 0)
True, True, 0.0519, (0, 5, 63, 15, 290, 303, 248, 10, 214, 213, 207, 99, 54, 0)
False, True, 0.0731, (0, 64, 319, 79, 146, 135, 79, 146, 319, 294, 127, 64, 0)
False, True, 0.0447, (0, 76, 55, 305, 280, 130, 305, 280, 130, 305, 280, 130, 305, 76, 0)
False, True, 0.0518, (0, 47, 188, 78, 289, 91, 52, 200, 98, 52, 200, 98, 0)
False, True, 0.1164, (0, 109, 184, 230, 106, 128, 57, 106, 128, 57, 160, 125, 0)
False, True, 0.094, (0, 166, 298, 250, 158, 298, 250, 158, 298, 59, 1, 149, 0)
False, True, 0.0206, (0, 186, 98, 200, 52, 91, 116, 83, 52, 200, 98, 186, 0)
False, True, 0.0875, (0, 116, 83, 152, 179, 69, 224, 73, 69, 224, 296, 205, 0)
False, True, 0.0681, (0, 202, 75, 133, 232, 46, 141, 23, 46, 141, 287, 130, 280, 0)
True, True, 0.2127, (0, 54, 316, 99, 207, 213, 214, 10, 248, 48, 290, 77, 295, 0)
False, True, 0.1497, (0, 33, 58, 236, 35, 43, 182, 35, 43, 182, 207, 99, 0)
False, True, 0.0666, (0, 182, 236, 43, 35, 236, 182, 43, 35, 214, 213, 99, 0)
False, True, 0.0396, (0, 51, 173, 317, 242, 101, 142, 242, 101, 317, 138, 173, 51, 126, 0)
False, True, 0.1065, (0, 25, 247, 222, 11, 321, 119, 11, 210, 301, 253, 147, 0)
False, True, 0.0451, (0, 5, 194, 148, 144, 63, 148, 144, 194, 295, 161, 0)
True, True, 0.0505, (0, 288, 77, 290, 303, 248, 10, 214, 213, 207, 99, 316, 27, 0)
False, True, 0.0847, (0, 47, 163, 256, 70, 32, 256, 70, 32, 163, 47, 186, 0)
False, True, 0.0118, (0, 91, 116, 83, 134, 181, 157, 315, 136, 157, 181, 175, 221, 0)
True, True, 0.0615, (0, 217, 93, 41, 67, 308, 198, 238, 321, 11, 210, 253, 0)
False, True, 0.1529, (0, 116, 134, 74, 264, 293, 94, 264, 179, 152, 83, 116, 289, 0)
False, True, 0.0559, (0, 30, 10, 248, 303, 290, 48, 248, 10, 30, 65, 115, 27, 0)
False, True, 0.0343, (0, 98, 200, 52, 98, 200, 52, 91, 289, 221, 188, 47, 0)
False, True, 0.0434, (0, 51, 173, 138, 317, 142, 101, 242, 142, 101, 317, 138, 173, 51, 0)
False, True, 0.1014, (0, 33, 58, 236, 35, 43, 182, 35, 43, 182, 207, 54, 0)
False, True, 0.0245, (0, 160, 57, 128, 177, 193, 68, 113, 196, 68, 113, 281, 81, 0)
False, True, 0.1783, (0, 100, 176, 154, 150, 274, 21, 150, 274, 21, 277, 241, 155, 0)
False, True, 0.2832, (0, 175, 181, 157, 136, 315, 286, 237, 315, 136, 157, 181, 175, 0)
False, True, 0.0016, (0, 120, 251, 299, 314, 114, 299, 314, 114, 299, 251, 195, 0)
False, True, 0.0791, (0, 126, 51, 173, 138, 317, 242, 142, 101, 242, 142, 101, 185, 31, 199, 0)
False, True, 0.0189, (0, 202, 133, 232, 46, 141, 23, 46, 232, 133, 75, 202, 0)
False, True, 0.1507, (0, 126, 51, 173, 138, 317, 242, 142, 101, 242, 142, 317, 138, 254, 0)
False, True, 0.0126, (0, 275, 270, 143, 218, 149, 97, 59, 1, 97, 149, 218, 143, 270, 0)
False, True, 0.2478, (0, 186, 204, 292, 205, 204, 292, 205, 204, 292, 205, 204, 292, 0)
False, True, 0.0904, (0, 259, 288, 161, 273, 172, 161, 273, 137, 288, 259, 0)
True, True, 0.2263, (0, 39, 220, 98, 200, 52, 91, 289, 221, 78, 188, 47, 0)
True, True, 0.077, (0, 199, 185, 203, 318, 234, 89, 8, 139, 164, 135, 146, 0)
False, True, 0.0695, (0, 99, 213, 214, 35, 236, 182, 43, 35, 236, 58, 33, 0)
False, True, 0.0583, (0, 152, 179, 293, 94, 131, 309, 180, 131, 291, 74, 134, 0)
False, True, 0.0666, (0, 58, 111, 271, 71, 307, 262, 111, 271, 71, 307, 262, 58, 0)
False, True, 0.1241, (0, 280, 287, 38, 117, 272, 23, 257, 117, 38, 287, 130, 0)
False, True, 0.0653, (0, 81, 281, 113, 68, 193, 231, 177, 193, 68, 113, 281, 14, 81, 0)
False, True, 0.0396, (0, 126, 51, 173, 138, 317, 242, 142, 101, 242, 138, 173, 51, 126, 0)
False, True, 0.022, (0, 82, 187, 4, 3, 144, 148, 63, 144, 148, 194, 288, 0)
False, True, 0.0348, (0, 98, 200, 52, 91, 116, 83, 91, 289, 221, 188, 47, 0)
False, True, 0.2271, (0, 285, 279, 197, 105, 227, 300, 246, 44, 225, 140, 102, 279, 285, 0)
False, True, 0.0962, (0, 280, 287, 141, 23, 272, 46, 141, 257, 117, 38, 61, 0)
False, True, 0.0617, (0, 160, 57, 128, 177, 193, 231, 177, 193, 68, 113, 14, 109, 0)
False, True, 0.0329, (0, 81, 14, 281, 113, 68, 33, 196, 281, 113, 68, 230, 109, 0)
False, True, 0.1408, (0, 126, 51, 173, 138, 317, 142, 101, 242, 142, 101, 173, 51, 126, 0)
True, True, 0.2313, (0, 40, 86, 169, 278, 13, 191, 258, 17, 156, 15, 63, 194, 0)
False, True, 0.2398, (0, 82, 187, 4, 260, 226, 219, 260, 226, 219, 260, 226, 219, 0)
False, True, 0.0291, (0, 39, 78, 289, 91, 116, 83, 91, 52, 200, 98, 220, 0)
False, True, 0.1197, (0, 81, 14, 281, 196, 68, 33, 196, 68, 113, 281, 14, 81, 0)
False, True, 0.0083, (0, 134, 74, 92, 297, 60, 304, 223, 16, 304, 223, 87, 249, 0)
False, True, 0.0309, (0, 289, 116, 134, 74, 264, 293, 94, 179, 152, 83, 116, 91, 0)
False, True, 0.1429, (0, 229, 7, 165, 62, 37, 165, 62, 37, 107, 7, 229, 296, 0)
False, True, 0.0262, (0, 83, 152, 179, 293, 94, 291, 131, 94, 293, 264, 83, 0)
False, True, 0.0956, (0, 109, 230, 106, 193, 177, 231, 193, 177, 106, 230, 184, 109, 0)
False, True, 0.1429, (0, 61, 229, 7, 107, 165, 62, 37, 165, 62, 37, 107, 229, 0)
False, True, 0.1214, (0, 82, 187, 4, 3, 144, 148, 3, 144, 148, 5, 259, 0)
False, True, 0.0258, (0, 244, 104, 129, 103, 104, 129, 103, 104, 129, 103, 104, 129, 244, 0)
False, True, 0.0553, (0, 195, 56, 251, 243, 299, 314, 114, 243, 251, 56, 195, 0)
False, True, 0.1874, (0, 3, 17, 258, 191, 88, 121, 189, 34, 191, 258, 17, 3, 0)
False, True, 0.155, (0, 195, 56, 251, 299, 314, 114, 243, 195, 56, 178, 120, 0)
False, True, 0.0401, (0, 116, 134, 74, 264, 293, 94, 264, 74, 136, 157, 181, 175, 0)
True, True, 0.0731, (0, 252, 135, 164, 139, 8, 89, 234, 318, 203, 127, 199, 0)
False, True, 0.0932, (0, 75, 133, 232, 46, 272, 23, 141, 46, 272, 257, 287, 280, 0)
False, True, 0.0504, (0, 17, 258, 191, 88, 189, 121, 88, 13, 278, 169, 86, 123, 72, 0)
False, True, 0.0106, (0, 83, 134, 264, 293, 94, 264, 293, 94, 264, 134, 83, 0)
True, True, 0.0465, (0, 3, 17, 258, 191, 96, 320, 267, 34, 189, 121, 13, 86, 0)
False, True, 0.105, (0, 50, 57, 128, 177, 231, 193, 177, 231, 193, 230, 184, 109, 0)
True, True, 0.0083, (0, 239, 87, 16, 304, 60, 297, 92, 291, 74, 134, 116, 0)
False, True, 0.0348, (0, 33, 182, 236, 43, 182, 236, 43, 214, 213, 207, 0)
False, True, 0.0309, (0, 280, 141, 46, 272, 23, 141, 46, 272, 23, 257, 287, 280, 0)
True, True, 0.0955, (0, 211, 25, 222, 11, 321, 238, 198, 308, 67, 210, 301, 0)
False, True, 0.0193, (0, 123, 40, 86, 17, 258, 191, 88, 189, 121, 88, 191, 258, 17, 0)
False, True, 0.1211, (0, 130, 38, 117, 257, 272, 23, 257, 117, 38, 61, 0)
False, True, 0.0062, (0, 75, 133, 232, 46, 23, 272, 141, 23, 46, 232, 133, 75, 0)
False, True, 0.0221, (0, 130, 287, 141, 46, 272, 23, 141, 257, 117, 38, 287, 130, 0)
False, True, 0.0642, (0, 313, 285, 279, 102, 140, 211, 102, 140, 211, 233, 19, 284, 0)
False, True, 0.0541, (0, 244, 129, 302, 112, 171, 302, 112, 171, 302, 112, 129, 244, 0)
False, True, 0.0251, (0, 155, 277, 274, 150, 84, 167, 9, 84, 167, 9, 206, 283, 36, 28, 0)
False, True, 0.1356, (0, 103, 112, 155, 241, 243, 299, 314, 114, 243, 195, 56, 0)
False, True, 0.0246, (0, 244, 72, 123, 40, 86, 169, 278, 13, 169, 86, 40, 123, 72, 0)
False, True, 0.0667, (0, 155, 277, 150, 274, 21, 150, 274, 21, 277, 241, 155, 171, 0)
False, True, 0.2806, (0, 82, 187, 4, 72, 123, 40, 226, 260, 219, 4, 187, 82, 0)
False, True, 0.0565, (0, 147, 253, 301, 210, 11, 321, 119, 222, 247, 253, 147, 0)
False, True, 0.0545, (0, 104, 155, 241, 277, 274, 150, 277, 274, 150, 21, 277, 155, 0)
False, True, 0.0189, (0, 202, 75, 232, 133, 75, 232, 133, 75, 232, 133, 75, 202, 0)
False, True, 0.0045, (0, 202, 311, 276, 53, 311, 276, 53, 311, 202, 183, 190, 0)
False, True, 0.0016, (0, 103, 112, 155, 241, 243, 314, 114, 243, 251, 56, 195, 0)
False, True, 0.0904, (0, 3, 17, 258, 191, 88, 189, 121, 88, 13, 278, 169, 28, 244, 0)
False, True, 0.0767, (0, 103, 104, 129, 302, 112, 171, 302, 112, 171, 129, 104, 103, 0)
False, True, 0.0016, (0, 120, 56, 251, 243, 299, 314, 114, 243, 251, 120, 0)
False, True, 0.0796, (0, 244, 100, 154, 176, 277, 21, 274, 150, 21, 277, 241, 155, 0)
False, True, 0.2328, (0, 100, 176, 154, 84, 167, 9, 212, 24, 206, 212, 24, 283, 36, 266, 0)
False, True, 0.0126, (0, 244, 28, 36, 283, 206, 212, 24, 206, 212, 24, 283, 36, 28, 244, 0)
False, True, 0.0026, (0, 3, 17, 258, 191, 88, 121, 189, 191, 258, 156, 15, 63, 0)
False, True, 0.0204, (0, 14, 281, 113, 196, 68, 113, 196, 33, 68, 113, 281, 81, 0)
all_elementary, False
all_cyc2, True
