Instance, X-n393-k38
capacity, 78
min_trucks, 38
output_file, output_uchoa/X-n393-k38-SPPRC.log
Start date, 2022-06-23
Start time, 11-13-54
capacity, 78
num_vehicles, 38
abort_early, False
methods, ['SPPRC']
max_vars, 1000000
time_limit, 86400
farley, False
initial time, initial max_it, max_stale_it
1e-05, 2000000000.0, 20
heuristic Number of routes, heuristic Best Solution Value, heuristic number of iterations, adjusted time, adjusted max_it
1185541, 38279.0, 69214, 0.1, 200000.0
method, python time, total time, propagated dominance time, unpropagated dominance time, pricing_success, upper_bound, lower_bound, abort_early, num_paths, 
SPPRC, 1.6, 1.8, 0.9, 0.2, 1, 37861.3729, 16543.3759, 0, 4667
SPPRC, 1.4, 2.2, 1.2, 0.3, 1, 37727.391, 9316.2924, 0, 4088
SPPRC, 1.0, 1.9, 0.9, 0.2, 1, 37568.4865, 24019.6947, 0, 3062
SPPRC, 0.7, 2.0, 1.0, 0.2, 1, 37379.2612, 24400.6569, 0, 2398
SPPRC, 0.5, 2.0, 0.9, 0.3, 1, 37143.1405, 31285.1381, 0, 1671
SPPRC, 0.5, 2.1, 1.1, 0.3, 1, 36897.2953, 30900.9477, 0, 1392
SPPRC, 0.4, 2.3, 1.2, 0.3, 1, 36719.877, 33065.786, 0, 984
SPPRC, 0.2, 2.2, 1.1, 0.3, 1, 36600.9565, 34485.2898, 0, 645
SPPRC, 0.2, 2.2, 1.1, 0.3, 1, 36501.3047, 34648.9953, 0, 523
SPPRC, 0.1, 2.2, 1.1, 0.3, 1, 36448.6639, 35164.1401, 0, 376
SPPRC, 0.2, 2.5, 1.4, 0.3, 1, 36408.2265, 35290.7895, 0, 306
SPPRC, 0.1, 2.2, 1.2, 0.3, 1, 36384.7457, 35736.7766, 0, 211
SPPRC, 0.0, 2.2, 1.1, 0.3, 1, 36368.096, 35827.3822, 0, 138
SPPRC, 0.0, 2.3, 1.2, 0.3, 1, 36357.0222, 36049.226, 0, 108
SPPRC, 0.0, 2.3, 1.2, 0.3, 1, 36348.2441, 36090.155, 0, 67
SPPRC, 0.0, 2.2, 1.1, 0.3, 1, 36345.179, 36155.179, 0, 31
SPPRC, -0.0, 2.2, 1.1, 0.3, 1, 36343.3844, 36291.6153, 0, 14
SPPRC, -0.0, 2.3, 1.2, 0.3, 1, 36343.1721, 36295.9527, 0, 7
SPPRC, 0.0, 2.3, 1.2, 0.3, 1, 36343.0958, 36338.5092, 0, 2
SPPRC, 0.0, 2.3, 1.2, 0.3, 1, 36343.0952, 36343.0952, 0, 0
scip_total_time, 90078.090364
Solval, number of paths, impact cutoff
36343.095179259864, 365, 0.0001
Elementary, 2-Cycle, Path Value, Path
True, True, 0.7083, (0, 6, 50, 97, 114, 37, 156, 36, 117, 57, 82, 0)
True, True, 0.1919, (0, 264, 355, 309, 61, 9, 20, 369, 154, 220, 0)
False, False, 0.156, (0, 349, 323, 349, 323, 349, 323, 349, 323, 349, 323, 349, 0)
False, False, 0.124, (0, 177, 2, 177, 2, 177, 2, 177, 128, 2, 177, 0)
False, False, 0.0157, (0, 196, 53, 196, 53, 196, 53, 196, 40, 32, 0)
False, False, 0.2047, (0, 267, 387, 351, 387, 351, 387, 351, 387, 351, 359, 90, 0)
False, False, 0.0909, (0, 100, 14, 25, 14, 25, 14, 25, 14, 25, 14, 25, 14, 100, 0)
False, False, 0.0654, (0, 35, 15, 182, 15, 182, 15, 182, 15, 183, 166, 0)
False, False, 0.0419, (0, 125, 120, 186, 208, 186, 208, 186, 208, 186, 0)
False, False, 0.0691, (0, 190, 15, 182, 15, 182, 15, 182, 15, 190, 0)
False, False, 0.1667, (0, 300, 149, 306, 88, 366, 88, 306, 346, 155, 0)
False, False, 0.2648, (0, 4, 184, 29, 78, 29, 78, 29, 184, 4, 20, 0)
False, False, 0.5, (0, 341, 51, 217, 327, 151, 327, 151, 217, 51, 47, 0)
False, False, 0.1667, (0, 346, 306, 366, 88, 366, 88, 306, 346, 55, 0)
False, False, 0.25, (0, 40, 62, 110, 62, 110, 62, 110, 62, 110, 23, 74, 0)
False, False, 0.0646, (0, 212, 86, 70, 86, 70, 86, 70, 86, 252, 209, 0)
False, False, 0.044, (0, 254, 131, 230, 87, 230, 87, 230, 87, 230, 87, 230, 387, 267, 0)
False, False, 0.2224, (0, 309, 73, 49, 126, 49, 126, 49, 126, 49, 73, 355, 0)
False, False, 0.0596, (0, 66, 353, 228, 135, 228, 135, 228, 135, 286, 363, 0)
False, False, 0.0369, (0, 194, 191, 77, 118, 77, 118, 77, 191, 194, 0)
False, False, 0.0506, (0, 305, 248, 203, 207, 203, 207, 203, 248, 305, 334, 0)
False, False, 0.0697, (0, 152, 46, 152, 46, 152, 46, 152, 46, 152, 323, 0)
False, False, 0.125, (0, 7, 115, 17, 115, 17, 115, 17, 115, 17, 115, 7, 0)
False, False, 0.0674, (0, 78, 137, 1, 58, 1, 58, 1, 58, 1, 137, 65, 0)
False, False, 0.3231, (0, 170, 194, 59, 166, 59, 166, 59, 194, 138, 0)
False, False, 0.0626, (0, 89, 26, 89, 26, 89, 26, 89, 111, 218, 0)
False, False, 0.2568, (0, 334, 305, 248, 207, 203, 207, 203, 207, 248, 305, 334, 0)
False, False, 0.0063, (0, 338, 271, 320, 271, 320, 271, 320, 271, 320, 271, 338, 0)
False, False, 0.0686, (0, 169, 19, 4, 184, 4, 184, 4, 184, 4, 0)
False, False, 0.0143, (0, 145, 68, 104, 68, 104, 68, 104, 67, 104, 68, 145, 19, 0)
False, False, 0.0505, (0, 183, 11, 44, 11, 44, 11, 44, 11, 118, 0)
False, False, 0.0737, (0, 11, 44, 119, 44, 119, 44, 11, 44, 119, 0)
False, False, 0.0647, (0, 149, 101, 93, 101, 93, 101, 93, 101, 93, 149, 0)
False, False, 0.0577, (0, 185, 199, 284, 231, 332, 231, 284, 199, 56, 213, 171, 0)
False, False, 0.0522, (0, 183, 106, 107, 106, 107, 106, 107, 106, 107, 106, 183, 0)
False, False, 0.1556, (0, 227, 251, 235, 353, 235, 353, 235, 251, 227, 0)
False, False, 0.1281, (0, 297, 101, 93, 101, 93, 101, 93, 297, 234, 0)
False, False, 0.1291, (0, 362, 121, 371, 121, 371, 121, 371, 225, 243, 0)
False, False, 0.1429, (0, 340, 392, 302, 245, 302, 245, 302, 245, 302, 392, 296, 0)
False, False, 0.2056, (0, 237, 102, 223, 308, 223, 308, 223, 209, 322, 0)
False, False, 0.1655, (0, 326, 18, 362, 255, 362, 255, 362, 255, 18, 326, 0)
False, False, 0.2199, (0, 170, 358, 193, 147, 193, 147, 193, 147, 193, 358, 170, 0)
False, False, 0.1429, (0, 124, 95, 176, 79, 94, 79, 94, 79, 176, 95, 124, 0)
False, False, 0.0922, (0, 11, 144, 173, 144, 173, 144, 173, 144, 106, 183, 0)
False, False, 0.0848, (0, 244, 169, 141, 19, 141, 19, 141, 169, 220, 0)
False, False, 0.1083, (0, 311, 256, 12, 256, 12, 256, 12, 256, 311, 0)
False, False, 0.1989, (0, 64, 161, 163, 112, 31, 112, 31, 112, 163, 161, 10, 0)
False, False, 0.1385, (0, 23, 74, 23, 74, 23, 74, 23, 74, 23, 0)
False, False, 0.0011, (0, 64, 161, 163, 112, 31, 112, 31, 112, 163, 161, 64, 0)
False, False, 0.0234, (0, 57, 117, 156, 36, 156, 36, 156, 36, 117, 57, 82, 0)
False, False, 0.0206, (0, 73, 126, 71, 96, 164, 96, 164, 96, 164, 96, 359, 330, 120, 0)
False, False, 0.0648, (0, 137, 1, 58, 129, 84, 129, 84, 129, 58, 1, 137, 0)
False, False, 0.0133, (0, 237, 140, 102, 240, 280, 48, 280, 240, 102, 140, 0)
False, False, 0.1662, (0, 111, 195, 189, 159, 189, 159, 189, 159, 35, 190, 0)
False, False, 0.1952, (0, 191, 183, 106, 144, 173, 144, 173, 144, 106, 183, 191, 0)
False, False, 0.275, (0, 200, 259, 325, 282, 325, 282, 325, 215, 0)
False, False, 0.0128, (0, 253, 310, 279, 224, 279, 224, 279, 224, 279, 0)
False, False, 0.1745, (0, 222, 229, 227, 235, 353, 235, 353, 66, 283, 0)
False, False, 0.1777, (0, 383, 339, 383, 339, 142, 24, 142, 24, 142, 339, 383, 290, 0)
False, False, 0.0128, (0, 21, 224, 279, 224, 279, 224, 279, 224, 306, 0)
False, False, 0.1083, (0, 311, 12, 256, 12, 256, 12, 331, 320, 338, 0)
False, False, 0.03, (0, 334, 264, 355, 264, 355, 264, 355, 264, 334, 0)
False, False, 0.032, (0, 78, 137, 58, 1, 58, 1, 58, 1, 58, 137, 78, 0)
False, False, 0.0322, (0, 264, 20, 9, 61, 9, 20, 369, 154, 220, 0)
False, False, 0.0519, (0, 78, 127, 179, 162, 174, 69, 130, 69, 130, 69, 174, 67, 68, 0)
False, False, 0.1098, (0, 145, 68, 136, 3, 180, 3, 180, 3, 180, 74, 0)
False, False, 0.1366, (0, 308, 54, 123, 54, 123, 54, 123, 54, 308, 102, 0)
False, False, 0.0833, (0, 187, 133, 98, 108, 98, 108, 98, 108, 98, 108, 98, 108, 98, 108, 0)
False, False, 0.2005, (0, 170, 358, 191, 77, 118, 77, 118, 77, 191, 194, 0)
False, False, 0.0869, (0, 328, 277, 367, 277, 367, 277, 367, 277, 328, 200, 0)
False, False, 0.0778, (0, 334, 338, 271, 320, 271, 320, 271, 320, 271, 338, 203, 0)
False, False, 0.2705, (0, 276, 229, 380, 370, 241, 370, 241, 370, 380, 229, 0)
False, False, 0.024, (0, 390, 243, 225, 363, 225, 363, 225, 243, 236, 0)
False, False, 0.0439, (0, 109, 288, 211, 390, 211, 390, 211, 390, 18, 326, 290, 0)
False, False, 0.0608, (0, 292, 278, 275, 379, 275, 379, 275, 379, 275, 379, 275, 321, 0)
False, False, 0.0798, (0, 259, 328, 277, 367, 277, 367, 277, 367, 277, 328, 0)
False, False, 0.0639, (0, 323, 46, 152, 46, 152, 46, 152, 46, 323, 349, 0)
False, False, 0.3403, (0, 147, 187, 133, 10, 30, 64, 30, 10, 133, 187, 358, 0)
False, False, 0.0387, (0, 342, 246, 121, 371, 121, 371, 121, 371, 121, 362, 0)
False, False, 0.3333, (0, 281, 155, 55, 76, 346, 76, 300, 234, 378, 0)
False, False, 0.102, (0, 390, 243, 225, 363, 225, 363, 225, 243, 390, 0)
False, False, 0.236, (0, 244, 8, 220, 154, 369, 154, 369, 154, 220, 8, 0)
False, False, 0.1284, (0, 334, 305, 248, 305, 248, 203, 207, 203, 248, 305, 334, 0)
False, False, 0.131, (0, 352, 100, 172, 178, 172, 178, 172, 100, 172, 100, 352, 0)
False, False, 0.0282, (0, 32, 40, 196, 157, 196, 157, 196, 157, 196, 40, 32, 0)
False, False, 0.1875, (0, 34, 85, 39, 43, 181, 43, 181, 43, 39, 85, 0)
False, False, 0.1684, (0, 105, 65, 137, 1, 58, 1, 58, 1, 137, 65, 105, 0)
False, False, 0.0984, (0, 213, 332, 378, 234, 300, 234, 378, 332, 213, 0)
False, False, 0.0413, (0, 334, 264, 355, 309, 355, 309, 355, 264, 220, 0)
False, False, 0.1528, (0, 178, 52, 150, 7, 83, 7, 83, 7, 50, 6, 0)
False, False, 0.1155, (0, 187, 133, 161, 163, 99, 41, 99, 41, 173, 11, 0)
False, False, 0.0638, (0, 40, 196, 157, 53, 157, 53, 157, 196, 157, 196, 40, 0)
False, False, 0.25, (0, 98, 108, 98, 108, 5, 42, 5, 42, 5, 42, 5, 42, 0)
False, False, 0.0069, (0, 34, 43, 181, 22, 33, 22, 33, 22, 181, 43, 0)
False, False, 0.0059, (0, 177, 128, 2, 128, 2, 128, 2, 128, 2, 177, 46, 0)
False, False, 0.125, (0, 178, 52, 17, 115, 17, 115, 17, 115, 17, 52, 0)
False, False, 0.212, (0, 63, 143, 92, 317, 342, 317, 92, 143, 92, 143, 63, 0)
False, False, 0.1177, (0, 145, 68, 136, 180, 3, 180, 3, 180, 136, 68, 0)
False, False, 0.1313, (0, 264, 309, 73, 105, 65, 137, 65, 105, 65, 105, 73, 0)
False, False, 0.0909, (0, 100, 25, 14, 25, 14, 25, 14, 25, 14, 25, 14, 25, 100, 0)
False, False, 0.1561, (0, 160, 386, 132, 113, 132, 113, 132, 341, 361, 101, 0)
False, False, 0.1565, (0, 218, 111, 195, 26, 89, 26, 89, 26, 195, 111, 0)
False, False, 0.1299, (0, 118, 11, 119, 44, 119, 44, 119, 44, 119, 0)
False, False, 0.1415, (0, 54, 343, 372, 343, 372, 343, 372, 343, 123, 0)
False, False, 0.2143, (0, 124, 176, 94, 79, 94, 79, 94, 176, 95, 38, 124, 0)
False, False, 0.1098, (0, 136, 130, 69, 130, 69, 130, 69, 130, 69, 130, 69, 130, 136, 128, 0)
False, False, 0.2038, (0, 104, 67, 174, 84, 129, 84, 129, 84, 129, 58, 137, 0)
False, False, 0.181, (0, 160, 315, 303, 315, 303, 315, 303, 315, 303, 315, 160, 149, 0)
False, False, 0.1037, (0, 158, 169, 46, 152, 46, 152, 46, 152, 46, 152, 0)
False, False, 0.0679, (0, 264, 355, 309, 61, 9, 61, 9, 20, 154, 0)
False, False, 0.1667, (0, 155, 55, 155, 55, 76, 346, 76, 55, 155, 0)
False, False, 0.0717, (0, 111, 195, 189, 168, 75, 168, 159, 35, 190, 166, 0)
False, False, 0.043, (0, 191, 77, 118, 77, 118, 77, 118, 77, 191, 0)
False, False, 0.1182, (0, 118, 11, 119, 44, 119, 30, 10, 133, 187, 193, 0)
False, False, 0.0306, (0, 194, 59, 166, 118, 77, 118, 77, 191, 194, 0)
False, False, 0.0865, (0, 213, 332, 378, 234, 378, 234, 378, 332, 213, 0)
False, False, 0.13, (0, 158, 169, 141, 19, 141, 19, 141, 19, 169, 244, 0)
False, False, 0.0042, (0, 311, 254, 269, 293, 247, 361, 247, 361, 247, 293, 269, 254, 0)
False, False, 0.2404, (0, 331, 267, 219, 312, 291, 312, 219, 267, 331, 271, 0)
False, False, 0.1193, (0, 283, 66, 353, 66, 228, 135, 228, 66, 283, 0)
False, False, 0.2538, (0, 80, 374, 348, 374, 348, 374, 365, 377, 356, 286, 0)
False, False, 0.3039, (0, 264, 355, 309, 61, 9, 61, 9, 20, 369, 0)
False, False, 0.1179, (0, 254, 269, 293, 247, 361, 247, 361, 247, 293, 269, 254, 381, 0)
False, False, 0.034, (0, 158, 244, 158, 244, 158, 244, 158, 244, 158, 244, 158, 244, 158, 0)
False, False, 0.1718, (0, 64, 99, 41, 99, 41, 99, 41, 173, 11, 0)
False, False, 0.0322, (0, 20, 105, 65, 105, 65, 105, 65, 105, 61, 20, 0)
False, False, 0.25, (0, 34, 192, 60, 192, 60, 192, 60, 192, 60, 34, 0)
False, False, 0.1457, (0, 66, 228, 135, 228, 135, 228, 135, 228, 135, 66, 0)
False, False, 0.1424, (0, 34, 85, 39, 32, 16, 28, 16, 28, 16, 32, 39, 85, 0)
False, False, 0.1389, (0, 82, 57, 117, 36, 156, 37, 114, 37, 114, 97, 0)
False, False, 0.1667, (0, 178, 52, 150, 83, 150, 83, 150, 52, 100, 0)
False, False, 0.1961, (0, 160, 386, 113, 386, 132, 113, 132, 113, 386, 160, 0)
False, False, 0.2, (0, 30, 64, 161, 163, 31, 112, 31, 112, 31, 163, 161, 0)
False, False, 0.0278, (0, 6, 97, 7, 83, 7, 83, 150, 52, 178, 172, 0)
False, False, 0.0155, (0, 35, 159, 168, 75, 107, 106, 107, 75, 107, 106, 183, 0)
False, False, 0.1345, (0, 190, 35, 182, 15, 182, 15, 182, 35, 190, 0)
False, False, 0.0025, (0, 389, 221, 198, 236, 364, 357, 364, 236, 198, 221, 0)
False, False, 0.1464, (0, 54, 368, 109, 368, 109, 368, 109, 368, 54, 223, 0)
False, False, 0.0503, (0, 344, 360, 249, 352, 249, 352, 249, 63, 360, 344, 103, 238, 0)
False, False, 0.187, (0, 270, 266, 324, 347, 283, 347, 324, 266, 270, 0)
False, False, 0.088, (0, 276, 227, 274, 251, 274, 251, 274, 227, 276, 0)
False, False, 0.0286, (0, 270, 227, 251, 235, 353, 66, 353, 66, 283, 0)
False, False, 0.1579, (0, 288, 243, 225, 371, 121, 371, 225, 243, 288, 0)
False, False, 0.1429, (0, 273, 296, 392, 318, 205, 318, 205, 318, 205, 318, 392, 296, 0)
False, False, 0.1667, (0, 300, 149, 366, 88, 366, 88, 366, 306, 149, 300, 0)
False, False, 0.0479, (0, 336, 316, 382, 304, 273, 304, 273, 304, 273, 304, 382, 316, 336, 303, 0)
False, True, 0.0769, (0, 306, 21, 253, 310, 279, 224, 310, 253, 21, 306, 0)
False, False, 0.2538, (0, 363, 286, 356, 377, 365, 348, 365, 377, 356, 286, 363, 0)
False, False, 0.0208, (0, 43, 181, 33, 22, 33, 22, 33, 181, 43, 0)
False, False, 0.0644, (0, 166, 183, 182, 15, 182, 15, 182, 15, 183, 166, 0)
False, False, 0.4171, (0, 81, 295, 301, 72, 345, 72, 301, 295, 81, 185, 0)
False, False, 0.001, (0, 218, 111, 195, 189, 159, 168, 159, 189, 195, 111, 218, 0)
False, False, 0.1924, (0, 32, 40, 196, 157, 53, 157, 53, 157, 53, 196, 40, 0)
False, False, 0.0139, (0, 50, 97, 114, 37, 156, 36, 156, 36, 117, 82, 0)
False, False, 0.1632, (0, 34, 85, 32, 28, 16, 28, 16, 28, 16, 28, 32, 85, 0)
False, False, 0.0048, (0, 223, 54, 123, 54, 123, 54, 123, 54, 308, 102, 0)
False, False, 0.0228, (0, 183, 106, 144, 173, 144, 173, 44, 11, 44, 119, 0)
False, False, 0.0916, (0, 120, 330, 90, 146, 139, 146, 139, 146, 90, 330, 120, 0)
False, False, 0.0357, (0, 342, 38, 95, 176, 79, 94, 79, 176, 95, 38, 124, 0)
False, False, 0.1525, (0, 134, 239, 376, 313, 376, 313, 376, 239, 134, 0)
False, False, 0.0906, (0, 140, 240, 175, 48, 175, 48, 175, 240, 140, 0)
False, False, 0.0115, (0, 143, 92, 317, 342, 317, 342, 317, 92, 317, 92, 143, 0)
False, False, 0.0408, (0, 145, 104, 67, 127, 179, 162, 179, 127, 67, 104, 145, 0)
False, False, 0.1778, (0, 158, 8, 220, 169, 141, 19, 141, 169, 8, 158, 0)
False, False, 0.0425, (0, 20, 184, 4, 184, 4, 184, 4, 19, 169, 0)
False, False, 0.2863, (0, 171, 213, 56, 231, 332, 231, 284, 199, 56, 213, 171, 0)
False, False, 0.0079, (0, 145, 68, 104, 68, 104, 67, 104, 67, 104, 68, 177, 0)
False, False, 0.0439, (0, 171, 332, 378, 234, 300, 234, 378, 284, 199, 0)
False, True, 0.1874, (0, 221, 198, 236, 337, 364, 357, 243, 236, 198, 221, 0)
False, False, 0.1482, (0, 227, 274, 251, 274, 251, 274, 251, 274, 227, 0)
False, False, 0.0357, (0, 229, 380, 287, 262, 287, 262, 287, 380, 229, 0)
False, False, 0.0578, (0, 236, 243, 225, 121, 371, 121, 225, 243, 236, 0)
False, False, 0.1378, (0, 380, 370, 262, 287, 262, 287, 262, 287, 262, 241, 0)
False, False, 0.0369, (0, 204, 261, 373, 265, 263, 233, 263, 233, 263, 233, 201, 260, 0)
False, False, 0.0757, (0, 382, 273, 340, 314, 210, 314, 210, 314, 210, 373, 261, 0)
False, False, 0.0687, (0, 267, 387, 351, 87, 230, 87, 230, 87, 230, 87, 387, 267, 0)
False, False, 0.0518, (0, 274, 235, 353, 235, 353, 235, 274, 283, 0)
False, False, 0.0648, (0, 290, 326, 18, 255, 362, 255, 362, 255, 18, 290, 0)
False, False, 0.1429, (0, 340, 314, 302, 245, 205, 318, 205, 245, 302, 392, 296, 0)
False, False, 0.0829, (0, 301, 281, 294, 250, 294, 250, 294, 250, 294, 250, 294, 250, 281, 301, 0)
False, False, 0.0132, (0, 276, 227, 251, 274, 251, 274, 251, 274, 324, 0)
False, False, 0.0011, (0, 193, 187, 133, 10, 64, 30, 64, 10, 133, 187, 193, 358, 0)
False, False, 0.001, (0, 342, 246, 116, 167, 116, 167, 116, 167, 116, 167, 24, 383, 0)
False, False, 0.0485, (0, 329, 216, 153, 276, 153, 276, 153, 216, 329, 385, 0)
False, False, 0.2932, (0, 389, 266, 324, 347, 283, 347, 324, 266, 389, 0)
False, False, 0.0528, (0, 238, 103, 344, 103, 344, 103, 344, 103, 344, 103, 238, 0)
False, False, 0.0193, (0, 111, 57, 82, 57, 82, 57, 82, 57, 82, 195, 0)
False, False, 0.1111, (0, 172, 52, 150, 83, 7, 83, 7, 97, 50, 6, 0)
False, False, 0.0172, (0, 241, 262, 289, 13, 260, 80, 260, 80, 260, 13, 0)
False, False, 0.0257, (0, 290, 326, 339, 24, 142, 24, 142, 24, 142, 24, 142, 24, 0)
False, False, 0.0827, (0, 32, 40, 196, 53, 196, 53, 157, 53, 196, 40, 0)
False, False, 0.0556, (0, 39, 43, 181, 22, 33, 22, 33, 22, 33, 43, 0)
False, False, 0.0845, (0, 161, 163, 99, 41, 99, 41, 99, 41, 64, 0)
False, False, 0.0122, (0, 57, 117, 156, 117, 156, 36, 117, 36, 117, 57, 82, 0)
False, False, 0.4342, (0, 290, 326, 18, 390, 211, 288, 211, 372, 343, 123, 0)
False, False, 0.0985, (0, 125, 384, 146, 139, 146, 139, 146, 139, 146, 90, 384, 125, 0)
False, False, 0.0714, (0, 342, 246, 38, 95, 176, 95, 176, 95, 38, 246, 342, 143, 0)
False, False, 0.0572, (0, 35, 159, 168, 107, 75, 107, 75, 107, 106, 183, 166, 0)
False, False, 0.1202, (0, 177, 128, 177, 2, 128, 2, 128, 2, 128, 2, 177, 0)
False, False, 0.0139, (0, 50, 7, 150, 83, 150, 83, 150, 52, 178, 0)
False, False, 0.2431, (0, 39, 43, 181, 33, 22, 33, 22, 33, 22, 181, 0)
False, False, 0.0727, (0, 111, 195, 189, 168, 107, 106, 107, 75, 107, 106, 183, 0)
False, False, 0.3551, (0, 195, 189, 168, 75, 107, 75, 168, 159, 35, 190, 0)
False, False, 0.1077, (0, 238, 218, 91, 218, 91, 218, 91, 138, 91, 138, 91, 218, 238, 0)
False, False, 0.0369, (0, 261, 373, 333, 265, 333, 265, 333, 373, 388, 258, 0)
False, False, 0.1127, (0, 219, 351, 87, 230, 87, 230, 87, 230, 87, 230, 47, 269, 0)
False, False, 0.1035, (0, 125, 330, 359, 291, 312, 291, 219, 267, 331, 271, 0)
False, False, 0.0246, (0, 254, 131, 230, 87, 230, 87, 230, 87, 230, 87, 230, 131, 285, 0)
False, False, 0.0545, (0, 287, 289, 260, 201, 260, 80, 260, 13, 289, 287, 0)
False, False, 0.0061, (0, 311, 381, 285, 197, 298, 131, 202, 131, 202, 254, 297, 0)
False, False, 0.1036, (0, 308, 368, 109, 368, 109, 368, 109, 368, 308, 0)
False, False, 0.052, (0, 212, 385, 375, 329, 375, 165, 375, 165, 375, 385, 212, 322, 0)
False, False, 0.0476, (0, 296, 392, 245, 302, 245, 302, 245, 302, 245, 392, 296, 340, 0)
False, False, 0.1231, (0, 237, 280, 175, 48, 175, 280, 240, 102, 140, 345, 0)
False, False, 0.0058, (0, 63, 92, 317, 92, 317, 92, 317, 92, 143, 360, 0)
False, False, 0.0596, (0, 363, 286, 135, 356, 377, 356, 377, 356, 135, 286, 363, 0)
False, False, 0.0057, (0, 380, 241, 287, 262, 287, 262, 287, 262, 241, 380, 0)
False, False, 0.0112, (0, 323, 152, 46, 152, 46, 152, 46, 152, 46, 323, 0)
False, False, 0.0843, (0, 218, 111, 26, 89, 26, 89, 26, 89, 111, 218, 0)
False, False, 0.0208, (0, 39, 32, 16, 28, 16, 28, 16, 28, 16, 32, 39, 0)
False, False, 0.0698, (0, 171, 56, 231, 332, 231, 332, 231, 284, 199, 56, 0)
False, False, 0.3635, (0, 145, 104, 127, 179, 162, 174, 162, 179, 127, 67, 68, 0)
False, False, 0.1458, (0, 384, 90, 146, 139, 71, 164, 96, 164, 71, 164, 71, 126, 73, 0)
False, False, 0.0043, (0, 82, 117, 156, 36, 117, 36, 117, 36, 117, 57, 82, 0)
False, False, 0.1031, (0, 109, 288, 390, 255, 362, 255, 362, 255, 390, 288, 109, 0)
False, False, 0.0966, (0, 384, 90, 359, 291, 312, 291, 219, 359, 330, 120, 0)
False, False, 0.0381, (0, 122, 226, 257, 45, 350, 319, 350, 319, 350, 45, 257, 226, 122, 0)
False, False, 0.0599, (0, 145, 104, 67, 174, 69, 130, 69, 130, 69, 130, 3, 136, 128, 0)
False, False, 0.1752, (0, 338, 320, 331, 12, 256, 12, 256, 297, 149, 0)
False, False, 0.2447, (0, 385, 329, 216, 335, 153, 335, 153, 276, 270, 165, 0)
False, False, 0.0183, (0, 170, 358, 77, 118, 77, 118, 77, 191, 194, 170, 0)
False, False, 0.0556, (0, 172, 178, 150, 83, 150, 52, 150, 52, 178, 0)
False, False, 0.1667, (0, 185, 214, 27, 214, 27, 214, 27, 214, 27, 214, 27, 214, 27, 185, 0)
False, False, 0.0703, (0, 221, 198, 337, 364, 357, 364, 337, 364, 337, 198, 221, 0)
False, False, 0.0197, (0, 199, 284, 378, 234, 300, 234, 378, 332, 231, 0)
False, False, 0.0575, (0, 158, 244, 158, 244, 8, 244, 8, 244, 158, 244, 8, 244, 0)
False, False, 0.1033, (0, 80, 201, 233, 263, 265, 333, 265, 333, 373, 261, 0)
False, False, 0.0351, (0, 264, 73, 105, 65, 105, 65, 105, 65, 105, 73, 264, 0)
False, False, 0.1429, (0, 122, 226, 257, 268, 319, 350, 319, 350, 319, 350, 296, 340, 282, 0)
False, False, 0.0952, (0, 340, 296, 392, 318, 205, 318, 205, 318, 205, 245, 392, 296, 0)
False, False, 0.1323, (0, 338, 120, 186, 208, 186, 208, 331, 320, 338, 0)
False, False, 0.1095, (0, 122, 226, 257, 45, 188, 45, 188, 45, 188, 268, 341, 0)
False, False, 0.0641, (0, 218, 111, 89, 172, 178, 172, 178, 172, 100, 172, 352, 0)
False, False, 0.0253, (0, 380, 370, 262, 289, 13, 289, 13, 289, 262, 370, 0)
False, False, 0.0114, (0, 382, 273, 340, 210, 314, 210, 314, 210, 340, 273, 382, 0)
False, False, 0.0884, (0, 290, 383, 339, 383, 339, 24, 142, 24, 142, 24, 339, 383, 0)
False, False, 0.1154, (0, 238, 218, 91, 138, 91, 138, 91, 138, 91, 138, 238, 0)
False, False, 0.0299, (0, 111, 89, 26, 89, 26, 89, 26, 89, 111, 0)
False, False, 0.0614, (0, 236, 357, 363, 225, 121, 371, 121, 371, 121, 18, 0)
False, False, 0.0686, (0, 19, 184, 78, 29, 78, 29, 78, 29, 184, 4, 19, 0)
False, False, 0.0415, (0, 171, 231, 332, 378, 234, 378, 332, 231, 56, 0)
False, False, 0.0426, (0, 352, 143, 92, 317, 342, 317, 92, 317, 92, 143, 63, 0)
False, False, 0.0648, (0, 68, 174, 84, 129, 84, 129, 84, 129, 84, 174, 67, 68, 0)
False, False, 0.0287, (0, 145, 68, 136, 3, 180, 74, 23, 74, 23, 74, 0)
False, False, 0.0408, (0, 78, 127, 179, 162, 174, 162, 174, 162, 179, 127, 78, 0)
False, False, 0.0087, (0, 82, 117, 156, 117, 156, 36, 156, 36, 117, 82, 0)
False, False, 0.1786, (0, 143, 342, 124, 38, 246, 38, 95, 38, 246, 342, 92, 0)
False, False, 0.0381, (0, 122, 268, 319, 350, 319, 350, 319, 350, 319, 350, 319, 268, 122, 0)
False, False, 0.1444, (0, 128, 136, 3, 180, 3, 180, 136, 67, 104, 145, 0)
False, False, 0.1073, (0, 185, 199, 284, 281, 250, 294, 250, 294, 250, 281, 284, 199, 171, 0)
False, False, 0.1667, (0, 200, 259, 328, 277, 367, 277, 328, 259, 200, 0)
False, False, 0.1556, (0, 204, 354, 388, 261, 388, 261, 388, 261, 388, 261, 354, 204, 0)
False, False, 0.1145, (0, 322, 252, 389, 206, 272, 206, 272, 206, 270, 165, 212, 0)
False, False, 0.12, (0, 221, 198, 357, 364, 357, 364, 357, 337, 198, 221, 0)
False, False, 0.1429, (0, 307, 321, 200, 391, 232, 391, 232, 391, 200, 307, 222, 0)
False, False, 0.2131, (0, 380, 287, 289, 13, 289, 13, 289, 262, 241, 229, 0)
False, False, 0.0279, (0, 237, 280, 48, 280, 48, 280, 48, 280, 48, 280, 237, 0)
False, False, 0.1871, (0, 238, 103, 360, 249, 352, 249, 352, 249, 360, 344, 103, 238, 0)
False, False, 0.0395, (0, 252, 389, 272, 206, 272, 206, 266, 206, 272, 389, 252, 0)
False, False, 0.1183, (0, 260, 201, 233, 263, 233, 263, 265, 333, 373, 388, 258, 0)
False, False, 0.0132, (0, 70, 324, 347, 283, 347, 283, 347, 324, 270, 0)
False, False, 0.0596, (0, 66, 377, 365, 374, 348, 374, 365, 377, 356, 286, 0)
False, False, 0.0794, (0, 241, 262, 289, 13, 260, 201, 260, 80, 13, 289, 0)
False, False, 0.2928, (0, 307, 321, 275, 379, 215, 259, 215, 379, 275, 321, 307, 0)
False, False, 0.1924, (0, 317, 246, 167, 116, 167, 116, 167, 116, 167, 116, 246, 317, 0)
False, False, 0.2265, (0, 329, 299, 242, 299, 242, 299, 242, 299, 242, 329, 0)
False, False, 0.242, (0, 125, 384, 120, 186, 208, 186, 208, 320, 271, 338, 0)
False, False, 0.0119, (0, 344, 360, 237, 140, 102, 240, 102, 140, 237, 360, 344, 0)
False, False, 0.0064, (0, 360, 352, 172, 178, 172, 178, 172, 100, 172, 100, 352, 0)
False, False, 0.0576, (0, 80, 201, 233, 263, 233, 263, 265, 333, 373, 388, 354, 0)
False, False, 0.0081, (0, 329, 216, 335, 216, 335, 216, 335, 216, 335, 216, 375, 0)
False, False, 0.0755, (0, 342, 246, 116, 167, 116, 167, 116, 167, 24, 142, 339, 383, 0)
False, False, 0.1439, (0, 103, 344, 360, 63, 249, 352, 249, 63, 360, 344, 103, 0)
False, False, 0.0119, (0, 238, 103, 344, 360, 63, 360, 63, 360, 344, 103, 238, 0)
False, False, 0.1354, (0, 287, 13, 260, 201, 260, 201, 260, 80, 13, 0)
False, False, 0.4167, (0, 21, 253, 310, 279, 224, 279, 224, 310, 253, 21, 0)
False, False, 0.0944, (0, 171, 56, 199, 284, 281, 294, 250, 294, 281, 284, 199, 56, 0)
False, False, 0.056, (0, 125, 330, 90, 139, 71, 96, 164, 96, 164, 96, 71, 126, 73, 0)
False, False, 0.0139, (0, 43, 181, 22, 33, 22, 33, 22, 181, 43, 85, 0)
False, False, 0.2214, (0, 122, 226, 257, 268, 188, 45, 188, 45, 268, 257, 226, 122, 0)
False, False, 0.0579, (0, 128, 136, 3, 69, 130, 69, 174, 162, 179, 127, 104, 145, 0)
False, False, 0.1103, (0, 49, 126, 71, 96, 164, 96, 164, 96, 164, 96, 71, 139, 146, 0)
False, False, 0.3707, (0, 322, 209, 252, 86, 70, 86, 70, 165, 375, 385, 212, 0)
False, False, 0.1007, (0, 221, 198, 236, 337, 364, 337, 357, 337, 236, 198, 221, 0)
False, False, 0.2012, (0, 222, 204, 258, 354, 258, 354, 258, 354, 258, 204, 222, 0)
False, False, 0.0692, (0, 237, 240, 48, 175, 48, 175, 48, 175, 48, 237, 0)
False, False, 0.166, (0, 212, 375, 165, 270, 272, 206, 272, 206, 272, 389, 252, 0)
False, False, 0.2111, (0, 381, 285, 197, 298, 197, 298, 131, 202, 131, 202, 254, 0)
False, False, 0.059, (0, 385, 329, 216, 335, 216, 153, 276, 153, 276, 270, 0)
False, False, 0.0419, (0, 338, 320, 208, 186, 208, 186, 208, 320, 271, 0)
False, False, 0.093, (0, 382, 340, 314, 210, 314, 210, 314, 210, 340, 282, 0)
False, False, 0.0024, (0, 287, 13, 260, 80, 260, 201, 80, 13, 287, 0)
False, False, 0.0379, (0, 290, 326, 383, 339, 24, 142, 24, 339, 383, 326, 290, 0)
False, False, 0.0036, (0, 239, 278, 292, 278, 292, 278, 292, 278, 292, 278, 292, 0)
False, True, 0.0176, (0, 93, 361, 341, 386, 132, 113, 386, 341, 361, 93, 297, 0)
False, False, 0.0047, (0, 297, 101, 93, 101, 93, 101, 93, 297, 300, 0)
False, False, 0.0598, (0, 222, 232, 391, 232, 391, 232, 391, 232, 391, 232, 307, 0)
False, False, 0.0768, (0, 322, 212, 209, 252, 209, 252, 209, 223, 209, 322, 0)
False, False, 0.0277, (0, 354, 373, 210, 314, 210, 314, 210, 314, 210, 340, 0)
False, False, 0.0762, (0, 122, 226, 257, 268, 319, 350, 319, 350, 319, 350, 188, 268, 341, 0)
False, False, 0.0357, (0, 342, 124, 176, 79, 94, 79, 176, 95, 38, 124, 342, 0)
False, True, 0.2743, (0, 237, 240, 280, 175, 48, 280, 240, 102, 140, 345, 0)
False, False, 0.0707, (0, 372, 236, 337, 364, 357, 364, 357, 337, 236, 372, 0)
False, False, 0.0247, (0, 290, 326, 383, 339, 24, 142, 24, 142, 24, 142, 24, 383, 0)
False, False, 0.0317, (0, 125, 330, 90, 139, 71, 96, 164, 96, 71, 139, 90, 384, 0)
False, False, 0.0009, (0, 242, 336, 148, 316, 148, 316, 148, 316, 148, 316, 148, 336, 299, 385, 0)
False, False, 0.0596, (0, 260, 201, 365, 348, 374, 348, 374, 348, 365, 80, 0)
False, False, 0.1658, (0, 344, 360, 63, 237, 140, 102, 140, 345, 72, 295, 81, 0)
False, False, 0.0078, (0, 160, 386, 132, 386, 132, 386, 132, 341, 361, 101, 0)
False, True, 0.0007, (0, 120, 330, 359, 291, 312, 219, 359, 90, 330, 120, 0)
False, False, 0.278, (0, 134, 239, 376, 313, 278, 292, 278, 292, 239, 134, 0)
False, False, 0.0198, (0, 345, 140, 102, 240, 280, 48, 280, 240, 102, 140, 0)
False, False, 0.0382, (0, 236, 364, 357, 364, 357, 364, 337, 236, 198, 221, 0)
False, False, 0.0272, (0, 222, 307, 321, 379, 275, 379, 275, 379, 275, 379, 321, 307, 222, 0)
False, False, 0.0381, (0, 226, 257, 45, 188, 45, 188, 45, 188, 45, 257, 226, 0)
False, False, 0.0912, (0, 336, 148, 316, 382, 313, 278, 292, 278, 313, 376, 239, 0)
False, False, 0.0515, (0, 212, 70, 206, 272, 206, 272, 206, 272, 206, 389, 252, 0)
False, False, 0.0297, (0, 125, 330, 359, 291, 312, 291, 312, 219, 267, 271, 0)
False, False, 0.0456, (0, 292, 215, 325, 282, 325, 282, 325, 215, 292, 0)
False, False, 0.0487, (0, 336, 148, 316, 382, 313, 278, 292, 278, 292, 278, 292, 299, 0)
False, False, 0.0172, (0, 303, 336, 148, 316, 382, 304, 273, 304, 273, 382, 316, 148, 336, 303, 0)
False, False, 0.0933, (0, 254, 285, 202, 131, 202, 131, 202, 285, 254, 381, 311, 0)
False, False, 0.019, (0, 321, 379, 215, 325, 282, 325, 259, 200, 321, 0)
False, False, 0.0517, (0, 322, 223, 308, 223, 308, 223, 209, 212, 322, 0)
False, False, 0.0125, (0, 313, 340, 314, 210, 314, 210, 314, 210, 367, 328, 0)
False, False, 0.0756, (0, 336, 148, 316, 382, 376, 313, 376, 313, 382, 316, 148, 336, 0)
False, False, 0.0805, (0, 375, 216, 335, 216, 335, 153, 276, 153, 216, 375, 0)
False, True, 0.1761, (0, 125, 120, 330, 359, 291, 312, 219, 359, 330, 384, 0)
False, False, 0.0861, (0, 385, 375, 216, 335, 216, 335, 153, 335, 216, 329, 385, 0)
False, False, 0.217, (0, 328, 367, 373, 333, 265, 263, 233, 263, 233, 201, 80, 0)
False, False, 0.0403, (0, 384, 90, 359, 291, 312, 291, 359, 90, 330, 120, 0)
False, False, 0.0381, (0, 122, 226, 257, 268, 319, 350, 319, 350, 188, 268, 257, 226, 122, 0)
False, False, 0.0515, (0, 125, 384, 146, 139, 71, 96, 71, 139, 90, 330, 120, 125, 0)
False, False, 0.0019, (0, 315, 336, 148, 316, 148, 316, 148, 316, 148, 316, 148, 316, 148, 336, 134, 0)
False, False, 0.0071, (0, 149, 101, 361, 341, 386, 132, 386, 341, 361, 101, 149, 0)
False, False, 0.0358, (0, 185, 199, 284, 281, 294, 250, 294, 250, 294, 250, 294, 250, 281, 185, 0)
False, False, 0.0831, (0, 222, 232, 391, 232, 391, 232, 391, 232, 391, 232, 222, 0)
False, False, 0.1009, (0, 254, 269, 293, 47, 247, 361, 247, 47, 293, 269, 254, 0)
False, False, 0.0145, (0, 307, 321, 275, 379, 215, 379, 215, 379, 275, 278, 292, 0)
False, False, 0.0729, (0, 297, 269, 293, 47, 247, 361, 247, 361, 101, 297, 0)
False, False, 0.1935, (0, 336, 382, 304, 273, 304, 273, 304, 273, 304, 382, 316, 148, 336, 303, 0)
False, False, 0.2858, (0, 311, 381, 285, 202, 131, 298, 197, 298, 197, 285, 381, 311, 0)
False, False, 0.0929, (0, 242, 134, 336, 148, 316, 148, 316, 148, 316, 148, 316, 148, 336, 315, 0)
False, False, 0.1038, (0, 328, 367, 210, 314, 210, 314, 210, 340, 282, 321, 0)
False, False, 0.0191, (0, 384, 146, 139, 71, 96, 164, 96, 71, 139, 90, 330, 125, 0)
False, False, 0.0023, (0, 146, 139, 71, 96, 164, 96, 164, 96, 164, 96, 71, 139, 146, 0)
False, False, 0.0129, (0, 171, 199, 284, 281, 294, 250, 294, 250, 294, 281, 284, 199, 185, 0)
False, False, 0.1248, (0, 204, 388, 373, 333, 265, 333, 265, 373, 261, 204, 0)
False, False, 0.0823, (0, 297, 101, 361, 247, 293, 269, 293, 269, 93, 297, 0)
False, True, 0.0221, (0, 299, 134, 239, 376, 313, 278, 292, 239, 134, 299, 0)
False, False, 0.0142, (0, 120, 330, 359, 291, 312, 291, 312, 291, 312, 0)
False, True, 0.0818, (0, 160, 386, 113, 132, 386, 341, 361, 247, 293, 269, 254, 0)
False, False, 0.02, (0, 258, 388, 373, 333, 265, 333, 265, 373, 388, 258, 0)
False, False, 0.1127, (0, 297, 93, 361, 247, 293, 47, 293, 269, 93, 297, 0)
False, False, 0.0096, (0, 101, 361, 341, 386, 132, 386, 341, 361, 247, 293, 269, 0)
all_elementary, False
all_cyc2, False
