Instance, X-n303-k21
capacity, 794
min_trucks, 21
output_file, output_uchoa/X-n303-k21-SPPRC.log
Start date, 2022-06-24
Start time, 19-59-28
capacity, 794
num_vehicles, 21
abort_early, False
methods, ['SPPRC']
max_vars, 1000000
time_limit, 86400
farley, False
initial time, initial max_it, max_stale_it
1e-05, 2000000000.0, 20
heuristic Number of routes, heuristic Best Solution Value, heuristic number of iterations, adjusted time, adjusted max_it
965963, 21805.0, 86180, 0.1, 200000.0
method, python time, total time, propagated dominance time, unpropagated dominance time, pricing_success, upper_bound, lower_bound, abort_early, num_paths, 
SPPRC, 155.8, 23.0, 19.7, 1.4, 1, 21129.6477, -12894.4667, 0, 36191
SPPRC, 17.5, 19.1, 16.1, 1.1, 1, 21129.4709, -2307.311, 0, 32365
SPPRC, 10.6, 14.9, 12.2, 0.9, 1, 21031.2651, 7203.1256, 0, 22804
SPPRC, 19.5, 14.1, 11.4, 0.9, 1, 21009.4265, 6996.3557, 0, 19201
SPPRC, 9.7, 16.5, 13.7, 1.0, 1, 20941.8765, 1108.1092, 0, 25074
SPPRC, 7.2, 10.7, 8.5, 0.7, 1, 20873.43, 8260.8282, 0, 15896
SPPRC, 5.6, 10.2, 7.9, 0.7, 1, 20860.7584, 12674.396, 0, 11591
SPPRC, 5.0, 11.8, 9.2, 0.8, 1, 20789.1544, 13832.7646, 0, 10476
SPPRC, 9.0, 12.4, 9.8, 0.8, 1, 20729.1798, 7256.0763, 0, 14428
SPPRC, 7.2, 11.8, 9.3, 0.8, 1, 20723.4937, 14504.5326, 0, 9272
SPPRC, 2.9, 9.6, 7.3, 0.6, 1, 20646.2445, 16304.5983, 0, 5803
SPPRC, 2.2, 10.2, 7.8, 0.7, 1, 20604.1246, 17039.2241, 0, 4189
SPPRC, 1.5, 10.8, 8.3, 0.8, 1, 20520.0513, 17420.1984, 0, 3298
SPPRC, 2.4, 11.0, 8.4, 0.8, 1, 20450.6736, 15078.9549, 0, 4757
SPPRC, 2.5, 11.8, 9.1, 0.9, 1, 20407.0465, 16802.3445, 0, 4101
SPPRC, 1.4, 11.1, 8.4, 0.8, 1, 20382.6757, 17735.1192, 0, 2328
SPPRC, 8.4, 12.4, 9.7, 0.9, 1, 20321.4649, 13834.5527, 0, 7413
SPPRC, 2.9, 12.7, 9.8, 1.0, 1, 20307.2911, 15914.4947, 0, 4601
SPPRC, 1.2, 12.6, 9.7, 0.9, 1, 20291.0392, 17946.1902, 0, 2249
SPPRC, 0.6, 13.0, 10.0, 1.0, 1, 20259.9032, 19178.3321, 0, 1166
SPPRC, 1.3, 14.5, 11.3, 1.2, 1, 20205.4193, 17744.4015, 0, 2319
SPPRC, 0.6, 13.9, 10.7, 1.1, 1, 20193.7179, 18947.6254, 0, 997
SPPRC, 0.3, 16.9, 13.9, 0.9, 1, 20174.0789, 19536.7655, 0, 580
SPPRC, 0.2, 15.8, 12.4, 1.3, 1, 20156.1111, 19717.8736, 0, 360
SPPRC, 0.2, 14.2, 11.1, 1.1, 1, 20140.9542, 19790.1481, 0, 236
SPPRC, 0.1, 12.7, 9.8, 0.9, 1, 20133.5299, 19795.9064, 0, 165
SPPRC, 0.1, 13.2, 10.2, 0.9, 1, 20128.6855, 19875.1832, 0, 129
SPPRC, 0.1, 12.8, 9.9, 0.9, 1, 20125.5156, 19970.4537, 0, 67
SPPRC, 0.1, 13.3, 10.3, 0.9, 1, 20124.3109, 20044.8819, 0, 51
SPPRC, 0.0, 13.5, 10.5, 0.9, 1, 20123.7006, 20035.6662, 0, 35
SPPRC, 0.1, 13.6, 10.6, 0.9, 1, 20123.3676, 20036.2418, 0, 22
SPPRC, 0.0, 13.5, 10.5, 0.9, 1, 20123.1861, 20081.6824, 0, 7
SPPRC, 0.0, 13.4, 10.4, 0.9, 1, 20123.1796, 20091.1663, 0, 6
SPPRC, 0.0, 13.1, 10.2, 0.9, 1, 20122.9754, 20090.2424, 0, 6
SPPRC, 0.1, 13.1, 10.2, 0.9, 1, 20122.9252, 20092.4878, 0, 7
SPPRC, 0.0, 13.2, 10.3, 0.9, 1, 20122.9191, 20110.4011, 0, 2
SPPRC, 0.0, 13.0, 10.1, 0.9, 1, 20122.9133, 20117.7096, 0, 1
SPPRC, 0.1, 13.0, 10.1, 0.9, 1, 20122.9117, 20122.9117, 0, 0
scip_total_time, 89584.079441
Solval, number of paths, impact cutoff
20122.911675961997, 282, 0.0001
Elementary, 2-Cycle, Path Value, Path
False, False, 0.0714, (0, 122, 124, 266, 186, 253, 186, 253, 186, 253, 186, 253, 186, 253, 186, 253, 186, 253, 186, 171, 266, 124, 278, 0)
False, False, 0.3571, (0, 224, 21, 114, 241, 236, 241, 236, 114, 21, 224, 0)
False, False, 0.0587, (0, 12, 99, 146, 99, 146, 99, 146, 99, 146, 99, 146, 99, 146, 99, 146, 99, 146, 99, 146, 99, 12, 0)
False, False, 0.0781, (0, 139, 71, 129, 71, 129, 71, 129, 71, 129, 71, 129, 71, 139, 0)
False, False, 0.1, (0, 215, 10, 139, 129, 71, 129, 71, 129, 71, 129, 71, 129, 139, 0)
False, False, 0.154, (0, 183, 168, 28, 37, 78, 37, 78, 37, 28, 183, 185, 0)
False, False, 0.2416, (0, 183, 168, 79, 282, 81, 213, 269, 213, 269, 136, 3, 247, 0)
False, False, 0.1429, (0, 204, 107, 147, 107, 147, 107, 147, 107, 204, 0)
False, False, 0.0023, (0, 301, 210, 164, 235, 95, 235, 95, 235, 164, 273, 210, 301, 286, 0)
False, False, 0.0613, (0, 32, 261, 247, 181, 265, 181, 265, 181, 265, 78, 28, 168, 183, 0)
False, False, 0.0586, (0, 232, 184, 272, 6, 272, 6, 284, 57, 284, 57, 284, 57, 276, 208, 0)
False, False, 0.1872, (0, 226, 29, 300, 259, 174, 160, 174, 160, 259, 198, 300, 29, 226, 205, 0)
False, False, 0.0372, (0, 54, 156, 65, 22, 267, 22, 267, 22, 267, 22, 267, 22, 267, 22, 267, 22, 156, 54, 0)
False, False, 0.0539, (0, 79, 11, 73, 38, 73, 38, 87, 13, 87, 13, 213, 269, 136, 3, 0)
False, False, 0.0031, (0, 250, 190, 140, 275, 82, 275, 82, 275, 82, 275, 82, 275, 82, 275, 82, 275, 140, 190, 250, 0)
False, False, 0.0148, (0, 104, 221, 250, 190, 140, 275, 82, 275, 82, 275, 82, 140, 190, 227, 257, 66, 0)
False, False, 0.142, (0, 32, 247, 3, 136, 64, 81, 64, 81, 64, 81, 64, 136, 3, 247, 0)
False, False, 0.0303, (0, 53, 192, 53, 192, 53, 192, 53, 192, 53, 192, 53, 192, 53, 192, 53, 192, 53, 192, 53, 192, 53, 192, 53, 192, 53, 192, 53, 192, 53, 192, 53, 192, 53, 192, 53, 192, 53, 192, 53, 192, 53, 192, 53, 192, 53, 192, 53, 192, 53, 192, 53, 192, 53, 192, 53, 192, 53, 192, 53, 192, 53, 192, 53, 192, 53, 0)
False, False, 0.1348, (0, 222, 214, 41, 260, 297, 292, 17, 292, 297, 260, 41, 214, 170, 222, 0)
False, False, 0.2004, (0, 298, 19, 185, 128, 44, 128, 44, 128, 44, 128, 44, 185, 19, 298, 0)
False, False, 0.0314, (0, 170, 297, 17, 79, 282, 64, 282, 64, 282, 64, 282, 79, 0)
False, False, 0.0007, (0, 131, 67, 200, 188, 162, 46, 162, 46, 162, 46, 162, 46, 162, 46, 162, 46, 162, 46, 162, 46, 162, 46, 162, 46, 162, 46, 162, 188, 200, 67, 131, 0)
False, False, 0.068, (0, 50, 271, 152, 247, 181, 265, 181, 265, 78, 28, 128, 0)
False, False, 0.1108, (0, 32, 152, 247, 181, 265, 181, 265, 181, 265, 78, 37, 185, 0)
False, False, 0.0152, (0, 276, 170, 214, 41, 260, 297, 292, 17, 292, 297, 260, 41, 214, 170, 222, 0)
False, False, 0.3085, (0, 50, 151, 86, 91, 40, 91, 40, 86, 151, 154, 228, 0)
False, False, 0.0078, (0, 50, 151, 86, 3, 136, 269, 136, 64, 282, 79, 260, 0)
False, False, 0.1111, (0, 104, 190, 159, 141, 159, 141, 159, 141, 159, 141, 159, 141, 159, 141, 159, 141, 159, 141, 159, 141, 137, 0)
False, False, 0.0203, (0, 217, 31, 254, 138, 145, 138, 145, 138, 145, 138, 145, 138, 254, 239, 240, 31, 217, 0)
False, False, 0.0451, (0, 148, 100, 66, 227, 190, 140, 275, 140, 190, 250, 221, 101, 0)
False, False, 0.0718, (0, 215, 105, 130, 245, 189, 199, 189, 199, 189, 199, 189, 245, 130, 105, 0)
False, False, 0.0196, (0, 298, 28, 37, 78, 265, 181, 265, 181, 3, 86, 151, 0)
False, False, 0.125, (0, 221, 190, 140, 218, 89, 218, 89, 218, 89, 218, 82, 275, 250, 0)
False, False, 0.1429, (0, 205, 291, 68, 291, 68, 291, 68, 291, 68, 291, 68, 291, 68, 291, 68, 166, 226, 0)
False, False, 0.3836, (0, 286, 301, 210, 273, 164, 235, 95, 235, 95, 164, 273, 210, 301, 0)
False, True, 0.055, (0, 104, 101, 221, 250, 40, 91, 86, 40, 250, 221, 101, 104, 0)
False, False, 0.0134, (0, 60, 51, 95, 264, 97, 264, 97, 264, 97, 122, 273, 210, 0)
False, False, 0.1368, (0, 104, 221, 250, 190, 140, 275, 82, 275, 82, 140, 190, 250, 221, 101, 0)
False, False, 0.0249, (0, 51, 163, 8, 202, 8, 202, 8, 202, 8, 202, 163, 51, 60, 0)
False, False, 0.0205, (0, 32, 3, 136, 269, 213, 13, 73, 13, 73, 13, 213, 81, 282, 79, 0)
False, False, 0.2079, (0, 302, 33, 209, 4, 42, 92, 126, 18, 126, 92, 42, 137, 59, 100, 148, 0)
False, False, 0.0071, (0, 101, 221, 250, 40, 91, 86, 91, 86, 151, 154, 0)
False, False, 0.1356, (0, 298, 183, 168, 28, 37, 78, 265, 181, 265, 78, 28, 168, 0)
False, False, 0.1111, (0, 157, 211, 237, 55, 106, 216, 106, 216, 106, 55, 237, 228, 0)
False, False, 0.125, (0, 104, 250, 140, 89, 218, 89, 218, 89, 218, 89, 218, 89, 82, 250, 0)
False, False, 0.1036, (0, 205, 300, 52, 166, 52, 166, 52, 166, 52, 166, 52, 300, 226, 205, 0)
False, False, 0.0141, (0, 50, 271, 151, 91, 40, 91, 40, 86, 151, 154, 50, 0)
False, False, 0.107, (0, 148, 100, 94, 66, 227, 257, 227, 257, 227, 257, 66, 94, 101, 104, 0)
False, False, 0.0211, (0, 157, 211, 104, 237, 55, 216, 106, 216, 106, 216, 55, 237, 104, 211, 0)
False, False, 0.0277, (0, 170, 214, 297, 17, 79, 282, 64, 81, 64, 81, 64, 282, 79, 260, 0)
False, False, 0.1157, (0, 245, 132, 290, 142, 281, 96, 26, 96, 26, 96, 180, 121, 20, 285, 10, 0)
False, False, 0.0834, (0, 32, 151, 91, 40, 91, 40, 91, 86, 151, 271, 50, 0)
False, False, 0.0026, (0, 33, 278, 124, 266, 234, 171, 150, 268, 252, 268, 252, 268, 150, 268, 150, 268, 150, 268, 150, 171, 266, 124, 278, 33, 0)
False, False, 0.2012, (0, 157, 211, 237, 55, 216, 106, 216, 106, 216, 55, 237, 228, 50, 0)
False, False, 0.1728, (0, 54, 156, 22, 84, 267, 84, 267, 84, 267, 84, 267, 84, 22, 156, 54, 0)
False, False, 0.0406, (0, 24, 203, 116, 288, 294, 206, 43, 206, 16, 288, 116, 203, 279, 0)
False, False, 0.0743, (0, 16, 288, 294, 179, 88, 72, 177, 72, 88, 179, 294, 206, 16, 0)
False, False, 0.1234, (0, 36, 163, 8, 202, 8, 202, 8, 202, 8, 163, 36, 0)
False, False, 0.0501, (0, 260, 79, 282, 81, 213, 269, 213, 269, 136, 86, 151, 0)
False, False, 0.1341, (0, 157, 211, 228, 154, 271, 154, 271, 154, 271, 154, 271, 154, 228, 50, 211, 157, 0)
False, False, 0.0692, (0, 187, 262, 280, 195, 90, 195, 90, 195, 90, 195, 90, 280, 262, 187, 0)
False, False, 0.0884, (0, 104, 94, 66, 257, 227, 190, 140, 275, 82, 275, 82, 275, 82, 275, 140, 190, 250, 0)
False, False, 0.0092, (0, 32, 185, 168, 28, 78, 37, 78, 37, 28, 168, 260, 0)
False, False, 0.1429, (0, 224, 131, 67, 246, 200, 246, 200, 246, 200, 246, 200, 246, 200, 246, 200, 246, 67, 131, 224, 0)
False, False, 0.0203, (0, 217, 31, 240, 239, 240, 239, 240, 31, 240, 239, 240, 31, 217, 0)
False, False, 0.0432, (0, 286, 302, 74, 100, 101, 94, 101, 94, 101, 100, 74, 302, 286, 0)
False, False, 0.0223, (0, 286, 148, 100, 94, 221, 66, 221, 66, 221, 66, 94, 100, 148, 211, 0)
False, False, 0.034, (0, 76, 61, 5, 193, 5, 193, 5, 193, 5, 61, 248, 0)
False, False, 0.085, (0, 119, 102, 161, 49, 179, 88, 72, 177, 72, 88, 179, 294, 16, 0)
False, False, 0.0314, (0, 170, 214, 17, 79, 282, 64, 136, 269, 213, 269, 136, 3, 247, 32, 0)
False, False, 0.064, (0, 51, 198, 36, 108, 123, 108, 123, 108, 36, 198, 51, 60, 0)
False, False, 0.0274, (0, 110, 56, 25, 113, 62, 113, 62, 113, 62, 113, 62, 25, 56, 0)
False, False, 0.0957, (0, 217, 31, 240, 239, 254, 145, 138, 145, 138, 145, 138, 145, 207, 194, 255, 187, 160, 0)
False, False, 0.0105, (0, 110, 188, 162, 46, 233, 103, 230, 299, 289, 299, 289, 299, 289, 299, 289, 299, 289, 299, 289, 299, 289, 299, 230, 103, 230, 103, 233, 46, 162, 188, 110, 0)
False, False, 0.1111, (0, 211, 237, 55, 216, 106, 55, 106, 55, 237, 228, 211, 157, 0)
False, False, 0.0455, (0, 204, 298, 173, 298, 173, 220, 173, 220, 173, 57, 276, 208, 0)
False, False, 0.0229, (0, 101, 221, 250, 190, 140, 82, 140, 82, 140, 190, 250, 0)
False, False, 0.1314, (0, 301, 33, 209, 4, 165, 112, 165, 112, 165, 112, 278, 122, 273, 0)
False, False, 0.0912, (0, 76, 61, 5, 193, 5, 193, 5, 193, 5, 193, 5, 0)
False, False, 0.029, (0, 298, 261, 152, 261, 152, 261, 152, 261, 152, 261, 271, 50, 0)
False, False, 0.1687, (0, 98, 61, 56, 25, 113, 62, 113, 62, 113, 62, 113, 25, 56, 0)
False, False, 0.2111, (0, 122, 278, 124, 266, 234, 171, 150, 268, 252, 268, 252, 268, 252, 150, 268, 150, 171, 234, 124, 278, 122, 0)
False, False, 0.0821, (0, 286, 148, 100, 35, 85, 15, 59, 15, 59, 15, 59, 15, 85, 35, 100, 148, 0)
False, False, 0.0471, (0, 226, 300, 198, 259, 174, 160, 174, 160, 174, 259, 198, 29, 226, 0)
False, False, 0.0612, (0, 298, 247, 181, 3, 136, 269, 213, 269, 136, 3, 247, 0)
False, False, 0.0406, (0, 217, 31, 240, 239, 254, 145, 138, 145, 138, 145, 254, 207, 194, 255, 187, 259, 0)
False, False, 0.1106, (0, 286, 148, 74, 35, 85, 15, 59, 137, 42, 137, 59, 15, 35, 74, 302, 0)
False, False, 0.1352, (0, 232, 184, 272, 6, 284, 6, 272, 6, 284, 57, 276, 208, 204, 0)
False, False, 0.0678, (0, 205, 300, 52, 166, 52, 166, 52, 166, 52, 166, 52, 300, 29, 226, 205, 0)
False, False, 0.0245, (0, 60, 108, 123, 108, 123, 108, 123, 108, 36, 60, 0)
False, False, 0.0143, (0, 33, 278, 124, 266, 171, 253, 186, 253, 186, 253, 186, 253, 186, 253, 186, 253, 186, 253, 171, 266, 124, 278, 0)
False, False, 0.0203, (0, 217, 31, 240, 239, 254, 145, 138, 145, 138, 145, 138, 145, 138, 145, 138, 254, 239, 217, 0)
False, False, 0.0953, (0, 302, 33, 209, 4, 42, 92, 18, 126, 18, 126, 18, 126, 18, 92, 137, 85, 35, 74, 0)
False, False, 0.0374, (0, 33, 209, 4, 42, 92, 18, 126, 18, 126, 18, 126, 18, 92, 137, 59, 15, 35, 74, 0)
True, True, 0.339, (0, 29, 187, 262, 280, 90, 195, 255, 194, 207, 254, 239, 240, 31, 217, 0)
False, False, 0.0959, (0, 79, 282, 81, 213, 13, 87, 38, 73, 38, 73, 38, 73, 11, 79, 0)
False, False, 0.005, (0, 302, 74, 35, 85, 59, 137, 59, 137, 59, 15, 35, 100, 148, 0)
False, False, 0.1159, (0, 157, 101, 94, 66, 257, 227, 257, 227, 257, 227, 257, 66, 94, 101, 104, 157, 0)
False, False, 0.0222, (0, 33, 209, 4, 42, 92, 18, 92, 18, 92, 18, 126, 18, 126, 18, 92, 18, 92, 42, 4, 209, 33, 302, 0)
False, False, 0.0167, (0, 187, 262, 280, 195, 280, 195, 280, 195, 280, 195, 90, 280, 262, 163, 51, 0)
False, False, 0.0828, (0, 17, 263, 11, 73, 38, 87, 38, 73, 38, 87, 13, 87, 13, 213, 81, 282, 79, 0)
False, False, 0.0368, (0, 101, 94, 66, 257, 227, 190, 140, 190, 227, 66, 94, 101, 0)
False, False, 0.0797, (0, 33, 209, 4, 42, 92, 126, 252, 150, 252, 150, 252, 268, 150, 171, 266, 124, 278, 122, 0)
False, False, 0.1429, (0, 139, 175, 251, 39, 251, 39, 251, 175, 14, 229, 14, 229, 14, 229, 14, 229, 14, 229, 14, 175, 139, 0)
False, False, 0.0486, (0, 60, 198, 174, 160, 174, 160, 174, 160, 174, 259, 300, 226, 0)
False, False, 0.0199, (0, 33, 278, 124, 266, 234, 171, 234, 171, 234, 266, 234, 171, 234, 171, 234, 171, 234, 171, 234, 266, 234, 171, 234, 266, 234, 266, 124, 278, 33, 301, 0)
False, False, 0.0162, (0, 293, 258, 293, 258, 293, 258, 293, 258, 293, 258, 293, 258, 293, 258, 293, 258, 293, 0)
False, False, 0.1667, (0, 232, 98, 256, 118, 256, 118, 256, 118, 256, 118, 256, 118, 256, 98, 232, 0)
False, False, 0.0656, (0, 232, 258, 293, 258, 293, 258, 293, 258, 293, 258, 293, 258, 293, 258, 293, 258, 0)
False, False, 0.0219, (0, 215, 10, 71, 129, 71, 129, 71, 129, 71, 129, 71, 129, 71, 10, 215, 0)
False, False, 0.1429, (0, 204, 208, 147, 107, 147, 107, 147, 107, 147, 204, 0)
False, False, 0.0986, (0, 208, 276, 57, 173, 220, 19, 220, 19, 220, 173, 284, 0)
False, False, 0.059, (0, 139, 175, 39, 251, 39, 251, 39, 251, 39, 251, 39, 251, 180, 121, 20, 10, 0)
False, False, 0.0203, (0, 217, 31, 239, 254, 145, 138, 145, 138, 145, 138, 145, 138, 254, 239, 240, 31, 217, 0)
False, False, 0.1316, (0, 76, 61, 193, 5, 193, 5, 193, 61, 27, 110, 238, 63, 0)
False, False, 0.0021, (0, 301, 278, 124, 266, 234, 171, 253, 186, 253, 186, 253, 186, 253, 186, 253, 186, 253, 186, 253, 171, 266, 124, 278, 0)
False, False, 0.01, (0, 205, 226, 29, 198, 259, 174, 160, 174, 160, 174, 160, 259, 198, 60, 0)
False, False, 0.029, (0, 215, 105, 130, 245, 201, 135, 201, 135, 201, 135, 290, 132, 65, 130, 105, 0)
False, False, 0.116, (0, 208, 276, 57, 173, 220, 19, 222, 19, 220, 173, 284, 276, 208, 0)
False, False, 0.1057, (0, 215, 105, 245, 201, 135, 201, 135, 201, 135, 245, 130, 105, 215, 0)
False, False, 0.0501, (0, 122, 124, 266, 171, 253, 186, 253, 186, 253, 186, 253, 186, 253, 186, 253, 186, 253, 171, 234, 171, 266, 124, 278, 0)
False, False, 0.2019, (0, 286, 74, 209, 4, 165, 112, 165, 112, 165, 112, 4, 209, 33, 302, 0)
False, False, 0.0457, (0, 187, 262, 255, 195, 90, 280, 90, 280, 90, 195, 255, 262, 187, 29, 0)
False, False, 0.0047, (0, 50, 152, 247, 181, 265, 181, 3, 181, 247, 152, 50, 0)
False, False, 0.0281, (0, 51, 164, 235, 95, 235, 95, 235, 95, 235, 95, 235, 164, 51, 0)
False, False, 0.0919, (0, 51, 164, 264, 97, 264, 97, 264, 97, 264, 97, 264, 95, 51, 60, 0)
False, False, 0.0409, (0, 215, 130, 245, 132, 290, 135, 201, 135, 201, 135, 201, 135, 189, 199, 0)
False, False, 0.116, (0, 29, 187, 262, 255, 194, 207, 138, 145, 138, 145, 138, 254, 239, 240, 31, 217, 0)
False, False, 0.1475, (0, 12, 125, 231, 242, 34, 296, 196, 274, 196, 274, 196, 296, 34, 242, 231, 125, 12, 0)
False, False, 0.0141, (0, 208, 57, 173, 220, 19, 220, 19, 220, 173, 204, 0)
False, False, 0.0444, (0, 158, 119, 109, 102, 161, 111, 49, 111, 49, 111, 49, 111, 161, 102, 109, 119, 158, 0)
False, False, 0.0124, (0, 210, 122, 97, 264, 97, 264, 97, 264, 97, 122, 210, 0)
False, False, 0.0986, (0, 204, 298, 173, 220, 173, 220, 19, 220, 173, 57, 276, 0)
False, False, 0.0495, (0, 139, 175, 39, 251, 39, 251, 39, 251, 39, 251, 175, 251, 175, 39, 175, 139, 0)
False, False, 0.0249, (0, 210, 122, 97, 264, 97, 264, 97, 264, 97, 122, 210, 192, 0)
False, False, 0.0286, (0, 205, 300, 166, 52, 166, 52, 166, 52, 166, 52, 166, 52, 166, 300, 226, 205, 0)
False, False, 0.0711, (0, 21, 241, 93, 75, 93, 47, 197, 47, 197, 47, 93, 241, 21, 0)
False, False, 0.068, (0, 32, 271, 152, 261, 152, 261, 152, 261, 152, 261, 44, 185, 32, 0)
False, False, 0.053, (0, 60, 198, 36, 108, 123, 163, 123, 108, 123, 108, 60, 0)
False, False, 0.0111, (0, 163, 262, 255, 195, 280, 195, 280, 195, 280, 195, 255, 262, 163, 0)
False, False, 0.0546, (0, 210, 122, 97, 264, 97, 264, 97, 264, 97, 124, 278, 33, 302, 0)
False, False, 0.1304, (0, 32, 185, 128, 44, 261, 152, 261, 152, 261, 152, 261, 271, 50, 0)
False, False, 0.0345, (0, 295, 109, 102, 161, 49, 179, 88, 72, 177, 72, 88, 179, 288, 116, 0)
False, False, 0.0049, (0, 122, 124, 266, 171, 253, 186, 253, 186, 253, 186, 253, 186, 253, 186, 253, 186, 253, 171, 234, 124, 122, 0)
False, False, 0.0286, (0, 139, 175, 39, 251, 39, 175, 39, 175, 39, 175, 39, 175, 39, 175, 139, 0)
False, False, 0.0613, (0, 270, 143, 249, 23, 249, 23, 249, 23, 249, 23, 249, 23, 249, 23, 249, 23, 249, 23, 249, 143, 270, 184, 0)
False, False, 0.1487, (0, 215, 105, 199, 189, 199, 189, 199, 189, 199, 189, 199, 105, 215, 0)
False, False, 0.1108, (0, 298, 185, 183, 168, 28, 37, 78, 37, 28, 168, 183, 260, 222, 0)
False, False, 0.0202, (0, 33, 278, 124, 266, 234, 266, 234, 171, 150, 268, 252, 268, 252, 268, 252, 150, 171, 234, 266, 124, 278, 33, 0)
False, False, 0.0824, (0, 60, 198, 36, 108, 123, 163, 123, 163, 123, 108, 36, 51, 60, 0)
False, False, 0.0601, (0, 148, 100, 35, 85, 137, 42, 92, 18, 126, 18, 92, 42, 137, 85, 35, 74, 0)
False, False, 0.0966, (0, 302, 74, 35, 85, 59, 137, 42, 137, 59, 15, 85, 35, 74, 148, 0)
False, False, 0.0487, (0, 163, 262, 280, 90, 280, 90, 280, 195, 90, 195, 255, 262, 163, 0)
False, False, 0.0286, (0, 32, 247, 3, 136, 269, 213, 13, 87, 13, 87, 13, 73, 11, 263, 177, 170, 0)
False, False, 0.0143, (0, 110, 188, 162, 46, 233, 103, 230, 7, 58, 7, 58, 7, 58, 7, 58, 7, 58, 7, 233, 46, 162, 188, 0)
False, False, 0.0556, (0, 157, 237, 101, 94, 221, 66, 221, 66, 221, 94, 101, 237, 104, 211, 0)
False, False, 0.0842, (0, 163, 280, 90, 280, 195, 255, 194, 207, 254, 239, 240, 31, 217, 0)
False, False, 0.075, (0, 51, 164, 235, 264, 97, 264, 97, 264, 97, 122, 273, 210, 301, 0)
False, False, 0.1272, (0, 63, 238, 153, 69, 115, 69, 115, 188, 115, 69, 115, 69, 115, 69, 153, 238, 63, 0)
False, False, 0.0871, (0, 170, 214, 297, 17, 79, 282, 64, 282, 64, 282, 79, 17, 297, 214, 170, 0)
False, False, 0.1784, (0, 98, 61, 30, 133, 30, 133, 30, 133, 30, 133, 30, 0)
False, False, 0.0151, (0, 54, 156, 65, 22, 84, 22, 84, 22, 84, 22, 84, 22, 84, 22, 84, 22, 84, 22, 84, 22, 84, 22, 156, 54, 0)
False, False, 0.0203, (0, 98, 56, 25, 149, 212, 149, 212, 149, 169, 149, 25, 56, 0)
False, False, 0.1169, (0, 131, 67, 75, 93, 75, 197, 47, 197, 47, 197, 47, 197, 47, 75, 67, 131, 0)
False, False, 0.069, (0, 208, 276, 57, 284, 272, 6, 272, 6, 272, 6, 57, 276, 208, 0)
False, False, 0.0107, (0, 215, 130, 65, 132, 290, 135, 201, 135, 201, 135, 201, 135, 290, 132, 65, 130, 215, 0)
False, False, 0.1623, (0, 217, 31, 240, 239, 254, 207, 194, 207, 194, 255, 262, 187, 259, 60, 0)
False, False, 0.0261, (0, 158, 219, 119, 109, 120, 283, 225, 283, 225, 283, 225, 283, 225, 283, 120, 109, 119, 219, 158, 0)
False, False, 0.0117, (0, 32, 3, 136, 269, 213, 13, 87, 38, 73, 38, 73, 11, 263, 177, 1, 214, 170, 0)
False, False, 0.0054, (0, 210, 273, 164, 95, 235, 95, 235, 122, 273, 210, 192, 0)
False, False, 0.0021, (0, 98, 63, 238, 153, 69, 188, 69, 115, 69, 115, 69, 115, 69, 115, 69, 153, 238, 0)
False, False, 0.1001, (0, 16, 294, 179, 88, 177, 263, 11, 263, 11, 263, 11, 263, 11, 263, 11, 263, 11, 263, 177, 88, 179, 288, 16, 0)
False, False, 0.0491, (0, 16, 288, 179, 88, 177, 263, 11, 73, 13, 87, 13, 87, 13, 269, 136, 3, 32, 0)
False, False, 0.1295, (0, 60, 51, 36, 163, 202, 8, 202, 8, 202, 8, 202, 163, 60, 0)
False, False, 0.0906, (0, 54, 156, 65, 132, 290, 201, 135, 201, 135, 201, 135, 201, 245, 105, 0)
False, False, 0.3015, (0, 23, 120, 225, 212, 169, 244, 134, 167, 77, 167, 77, 134, 244, 169, 212, 120, 0)
False, False, 0.0414, (0, 245, 132, 290, 191, 2, 182, 2, 182, 2, 182, 2, 182, 2, 191, 290, 132, 65, 130, 0)
False, False, 0.13, (0, 205, 300, 198, 259, 174, 160, 174, 160, 259, 198, 226, 205, 0)
False, False, 0.01, (0, 170, 214, 1, 177, 263, 11, 73, 38, 73, 13, 213, 269, 136, 3, 247, 0)
False, False, 0.0138, (0, 260, 17, 79, 282, 64, 81, 64, 81, 64, 282, 79, 17, 260, 0)
False, False, 0.3333, (0, 279, 170, 214, 41, 287, 1, 80, 48, 80, 48, 80, 48, 1, 287, 43, 279, 0)
False, False, 0.0494, (0, 232, 293, 258, 293, 258, 293, 258, 293, 258, 293, 258, 293, 258, 293, 258, 293, 232, 0)
False, False, 0.1352, (0, 232, 184, 272, 284, 272, 6, 272, 6, 284, 57, 276, 208, 204, 0)
False, False, 0.0294, (0, 158, 119, 109, 127, 102, 161, 111, 49, 111, 49, 111, 161, 102, 127, 70, 109, 119, 158, 0)
False, False, 0.0364, (0, 56, 25, 149, 169, 149, 169, 149, 169, 149, 25, 56, 0)
False, False, 0.0354, (0, 32, 271, 151, 86, 91, 40, 86, 40, 86, 151, 271, 32, 0)
False, False, 0.0772, (0, 54, 156, 65, 132, 290, 142, 281, 142, 281, 142, 281, 142, 281, 142, 281, 142, 281, 142, 290, 132, 245, 105, 0)
False, False, 0.0327, (0, 158, 119, 109, 102, 161, 111, 49, 111, 49, 111, 161, 102, 127, 70, 109, 219, 0)
False, False, 0.0667, (0, 279, 170, 214, 41, 287, 1, 287, 1, 287, 1, 287, 1, 287, 41, 170, 279, 0)
False, False, 0.1267, (0, 51, 36, 123, 108, 123, 108, 123, 108, 36, 198, 51, 0)
False, False, 0.135, (0, 10, 20, 285, 20, 121, 180, 96, 26, 96, 26, 281, 142, 290, 132, 65, 156, 54, 0)
False, False, 0.0609, (0, 98, 56, 25, 62, 113, 62, 113, 62, 25, 62, 25, 56, 0)
False, False, 0.1245, (0, 119, 109, 120, 283, 225, 283, 225, 283, 225, 283, 225, 283, 133, 61, 0)
False, False, 0.1117, (0, 184, 270, 143, 295, 219, 178, 24, 178, 24, 178, 24, 178, 24, 178, 24, 178, 24, 178, 24, 219, 295, 143, 270, 184, 0)
False, False, 0.167, (0, 158, 119, 161, 49, 179, 88, 72, 177, 72, 177, 72, 294, 16, 0)
False, False, 0.0238, (0, 302, 33, 278, 124, 266, 234, 266, 234, 266, 234, 266, 234, 266, 234, 266, 234, 266, 234, 266, 234, 266, 234, 171, 234, 266, 124, 278, 33, 0)
False, False, 0.0004, (0, 109, 120, 212, 169, 244, 134, 167, 77, 167, 134, 244, 149, 25, 56, 0)
False, False, 0.0061, (0, 51, 108, 123, 8, 202, 8, 202, 8, 123, 163, 51, 60, 0)
False, False, 0.0539, (0, 110, 27, 153, 56, 133, 30, 133, 30, 133, 56, 153, 238, 63, 0)
False, False, 0.0833, (0, 118, 63, 238, 110, 27, 243, 27, 243, 153, 243, 153, 243, 153, 243, 27, 243, 27, 110, 238, 63, 118, 0)
False, False, 0.0124, (0, 278, 124, 266, 171, 150, 252, 150, 252, 150, 252, 150, 252, 150, 252, 150, 171, 266, 124, 278, 122, 0)
False, False, 0.1444, (0, 130, 65, 191, 182, 191, 2, 191, 2, 182, 2, 182, 2, 182, 2, 191, 65, 130, 0)
False, False, 0.0571, (0, 139, 175, 229, 144, 45, 144, 45, 144, 45, 144, 45, 144, 45, 144, 45, 144, 229, 14, 229, 14, 229, 175, 139, 0)
False, False, 0.1778, (0, 24, 203, 116, 70, 127, 70, 127, 70, 127, 102, 127, 70, 116, 203, 0)
False, False, 0.0774, (0, 286, 148, 100, 35, 85, 15, 85, 15, 59, 15, 85, 15, 85, 35, 100, 148, 211, 0)
False, False, 0.0384, (0, 105, 245, 189, 135, 201, 135, 201, 135, 189, 245, 105, 215, 0)
False, False, 0.2333, (0, 222, 260, 297, 292, 17, 292, 17, 292, 297, 260, 41, 222, 0)
False, False, 0.025, (0, 104, 101, 94, 66, 257, 227, 257, 227, 257, 227, 66, 94, 100, 286, 0)
False, False, 0.1348, (0, 184, 270, 143, 249, 248, 76, 248, 76, 248, 76, 248, 249, 143, 270, 184, 0)
False, False, 0.0357, (0, 232, 270, 143, 295, 219, 295, 219, 295, 219, 295, 219, 295, 219, 295, 219, 295, 143, 295, 143, 270, 184, 232, 0)
False, False, 0.064, (0, 98, 63, 238, 110, 27, 243, 27, 243, 153, 243, 153, 243, 27, 243, 27, 243, 27, 110, 238, 63, 0)
False, False, 0.0435, (0, 130, 65, 132, 290, 281, 26, 96, 26, 96, 26, 281, 142, 290, 132, 245, 105, 0)
False, False, 0.046, (0, 279, 43, 206, 43, 206, 43, 206, 16, 288, 116, 203, 279, 0)
False, False, 0.0316, (0, 215, 130, 65, 191, 182, 191, 182, 191, 182, 2, 182, 191, 65, 130, 0)
False, False, 0.0449, (0, 16, 288, 179, 88, 73, 38, 73, 38, 73, 38, 73, 11, 263, 177, 1, 214, 170, 0)
False, False, 0.2184, (0, 158, 203, 116, 288, 294, 206, 43, 206, 294, 288, 116, 203, 178, 0)
False, False, 0.1133, (0, 158, 119, 109, 70, 102, 161, 111, 49, 111, 49, 111, 161, 102, 70, 109, 119, 219, 0)
False, False, 0.0847, (0, 98, 248, 76, 248, 76, 248, 76, 248, 76, 248, 249, 23, 249, 143, 270, 0)
False, False, 0.0042, (0, 286, 148, 100, 94, 66, 221, 66, 221, 66, 94, 100, 74, 302, 286, 0)
False, False, 0.0337, (0, 215, 130, 65, 132, 290, 281, 26, 96, 26, 96, 26, 180, 121, 20, 285, 10, 0)
False, False, 0.0506, (0, 176, 117, 223, 117, 223, 117, 223, 117, 223, 117, 223, 176, 99, 12, 0)
False, False, 0.002, (0, 158, 203, 288, 179, 88, 72, 177, 72, 177, 72, 294, 16, 0)
False, False, 0.0498, (0, 16, 177, 263, 73, 13, 87, 13, 87, 13, 87, 13, 87, 13, 269, 136, 3, 32, 0)
False, False, 0.0041, (0, 215, 130, 65, 191, 182, 191, 182, 191, 182, 191, 290, 132, 65, 156, 54, 0)
False, False, 0.0097, (0, 270, 249, 5, 193, 5, 193, 5, 193, 5, 193, 5, 61, 0)
False, False, 0.0019, (0, 74, 35, 15, 59, 137, 92, 18, 126, 18, 92, 18, 92, 18, 92, 137, 85, 35, 74, 0)
False, False, 0.0341, (0, 104, 221, 250, 190, 140, 275, 82, 275, 82, 275, 82, 275, 140, 190, 227, 221, 104, 0)
False, False, 0.037, (0, 12, 125, 231, 242, 34, 296, 274, 196, 274, 196, 274, 196, 274, 296, 289, 230, 103, 233, 46, 162, 188, 0)
False, False, 0.0159, (0, 298, 185, 183, 168, 28, 78, 37, 78, 37, 28, 168, 183, 298, 0)
False, False, 0.0457, (0, 302, 74, 100, 94, 221, 66, 221, 66, 94, 100, 74, 302, 0)
False, False, 0.0216, (0, 276, 57, 173, 298, 173, 220, 19, 222, 19, 220, 173, 57, 276, 0)
False, False, 0.0731, (0, 12, 146, 176, 114, 236, 93, 75, 93, 75, 93, 236, 114, 176, 146, 99, 12, 0)
False, False, 0.0222, (0, 158, 119, 109, 102, 161, 212, 149, 212, 149, 212, 149, 212, 161, 102, 109, 119, 158, 0)
False, False, 0.0764, (0, 215, 130, 65, 132, 290, 142, 281, 26, 96, 26, 96, 26, 180, 121, 285, 10, 0)
False, False, 0.047, (0, 238, 153, 56, 25, 113, 62, 113, 62, 25, 62, 25, 56, 0)
False, False, 0.0448, (0, 98, 63, 238, 110, 27, 61, 193, 5, 193, 5, 61, 27, 110, 238, 63, 0)
False, False, 0.0747, (0, 270, 23, 283, 149, 244, 134, 77, 167, 77, 167, 77, 134, 244, 169, 212, 120, 0)
False, False, 0.0286, (0, 10, 285, 121, 180, 277, 155, 277, 155, 277, 155, 277, 155, 144, 229, 14, 229, 175, 139, 0)
False, False, 0.0082, (0, 16, 177, 263, 11, 73, 38, 73, 38, 73, 38, 73, 38, 73, 11, 263, 17, 170, 0)
False, False, 0.1571, (0, 176, 125, 231, 242, 34, 296, 274, 196, 274, 196, 296, 34, 242, 231, 125, 176, 0)
False, False, 0.0674, (0, 158, 203, 16, 206, 43, 206, 43, 206, 43, 206, 43, 279, 0)
False, False, 0.049, (0, 270, 23, 283, 149, 244, 134, 167, 77, 167, 77, 134, 244, 149, 283, 120, 295, 0)
False, False, 0.0096, (0, 63, 238, 110, 27, 243, 153, 243, 153, 243, 153, 243, 153, 243, 153, 243, 153, 243, 27, 238, 63, 98, 0)
False, False, 0.0108, (0, 109, 161, 49, 179, 88, 72, 177, 72, 88, 179, 288, 116, 203, 0)
False, False, 0.0891, (0, 10, 285, 20, 285, 20, 285, 20, 285, 20, 285, 20, 285, 281, 142, 290, 132, 245, 0)
False, False, 0.0039, (0, 131, 67, 75, 197, 75, 197, 75, 93, 75, 93, 241, 21, 0)
False, False, 0.1032, (0, 12, 125, 231, 242, 34, 296, 274, 296, 274, 196, 296, 34, 242, 231, 125, 12, 0)
False, False, 0.0326, (0, 16, 288, 179, 88, 38, 87, 38, 87, 38, 87, 13, 87, 13, 87, 38, 88, 179, 288, 16, 0)
False, False, 0.0325, (0, 32, 152, 247, 181, 265, 181, 3, 181, 3, 86, 151, 32, 0)
False, False, 0.0743, (0, 270, 283, 149, 244, 134, 167, 77, 167, 134, 244, 149, 25, 56, 0)
False, True, 0.1131, (0, 21, 241, 93, 75, 47, 197, 75, 93, 236, 114, 176, 99, 0)
False, False, 0.0394, (0, 130, 245, 132, 290, 191, 182, 191, 182, 191, 2, 191, 182, 191, 65, 130, 0)
False, False, 0.0006, (0, 105, 130, 245, 132, 290, 135, 201, 135, 201, 135, 201, 135, 245, 105, 0)
False, False, 0.0633, (0, 131, 67, 93, 75, 197, 47, 197, 47, 197, 75, 93, 75, 93, 67, 131, 0)
False, False, 0.0379, (0, 10, 285, 20, 121, 180, 121, 180, 121, 180, 96, 26, 96, 180, 121, 20, 285, 10, 0)
False, False, 0.0061, (0, 16, 288, 179, 88, 38, 87, 38, 87, 38, 87, 38, 73, 11, 263, 177, 294, 16, 0)
False, False, 0.0264, (0, 99, 146, 176, 114, 236, 197, 47, 197, 47, 197, 47, 93, 241, 21, 0)
False, False, 0.0857, (0, 10, 121, 180, 277, 155, 277, 155, 277, 155, 45, 144, 45, 144, 45, 144, 45, 267, 22, 156, 54, 0)
False, False, 0.0962, (0, 109, 120, 225, 212, 149, 212, 149, 169, 149, 169, 149, 25, 56, 0)
False, False, 0.0491, (0, 63, 238, 153, 69, 115, 69, 115, 69, 115, 69, 115, 69, 153, 243, 27, 110, 63, 0)
False, False, 0.0332, (0, 188, 162, 46, 233, 172, 83, 9, 172, 9, 172, 83, 9, 83, 9, 83, 9, 83, 9, 83, 9, 172, 233, 46, 162, 188, 110, 0)
False, False, 0.0704, (0, 131, 67, 200, 188, 162, 46, 233, 172, 83, 172, 83, 9, 83, 9, 83, 9, 83, 9, 83, 9, 83, 9, 172, 233, 46, 162, 188, 200, 67, 131, 0)
False, False, 0.0986, (0, 158, 119, 109, 127, 102, 161, 111, 49, 111, 49, 111, 161, 102, 127, 109, 219, 0)
False, False, 0.0303, (0, 232, 184, 143, 295, 219, 295, 219, 295, 219, 295, 219, 295, 143, 295, 143, 295, 143, 295, 143, 184, 232, 0)
False, False, 0.1402, (0, 110, 188, 162, 46, 233, 103, 230, 103, 230, 299, 289, 299, 289, 299, 289, 299, 289, 299, 289, 299, 289, 34, 242, 231, 125, 12, 0)
False, False, 0.0138, (0, 158, 116, 288, 294, 72, 177, 72, 177, 72, 88, 179, 288, 16, 0)
False, False, 0.1571, (0, 10, 121, 180, 121, 180, 277, 155, 277, 155, 277, 155, 277, 155, 144, 45, 144, 45, 22, 156, 54, 0)
False, False, 0.0266, (0, 63, 238, 153, 115, 188, 115, 69, 115, 188, 115, 69, 115, 69, 115, 69, 153, 238, 63, 98, 0)
False, False, 0.1494, (0, 99, 146, 176, 117, 223, 117, 223, 117, 223, 117, 223, 117, 223, 176, 146, 0)
False, False, 0.0212, (0, 158, 119, 102, 161, 49, 179, 88, 72, 177, 72, 88, 179, 288, 116, 158, 0)
False, False, 0.0206, (0, 232, 270, 143, 295, 219, 295, 219, 295, 219, 295, 219, 295, 219, 295, 219, 295, 219, 295, 143, 184, 232, 0)
False, False, 0.0073, (0, 188, 162, 46, 233, 103, 274, 196, 274, 196, 274, 196, 274, 196, 274, 296, 34, 242, 231, 125, 12, 0)
False, False, 0.0118, (0, 188, 162, 46, 233, 103, 230, 103, 230, 103, 230, 103, 230, 103, 230, 103, 230, 103, 230, 103, 230, 103, 230, 103, 230, 103, 230, 299, 289, 299, 230, 103, 230, 103, 233, 46, 162, 188, 110, 0)
False, False, 0.1755, (0, 131, 67, 162, 46, 233, 103, 230, 58, 7, 58, 7, 58, 7, 58, 7, 58, 7, 230, 103, 233, 46, 162, 188, 0)
False, False, 0.0137, (0, 188, 162, 46, 233, 172, 83, 172, 83, 172, 83, 172, 83, 172, 83, 172, 83, 172, 9, 172, 83, 172, 83, 172, 83, 172, 9, 172, 83, 172, 83, 172, 83, 172, 83, 172, 83, 172, 83, 172, 83, 172, 233, 46, 162, 188, 110, 0)
False, False, 0.0033, (0, 98, 248, 61, 193, 5, 193, 5, 193, 61, 27, 238, 63, 98, 0)
False, False, 0.041, (0, 110, 188, 162, 46, 233, 172, 9, 172, 83, 172, 9, 172, 9, 172, 9, 172, 9, 172, 9, 172, 233, 46, 162, 188, 110, 0)
False, False, 0.0007, (0, 131, 67, 200, 188, 162, 46, 233, 172, 233, 103, 230, 58, 7, 58, 7, 58, 7, 58, 7, 58, 230, 103, 233, 46, 67, 131, 0)
False, False, 0.0069, (0, 131, 67, 188, 162, 46, 233, 172, 233, 103, 230, 103, 230, 103, 230, 58, 7, 58, 7, 58, 7, 58, 230, 103, 230, 103, 233, 46, 162, 188, 0)
False, False, 0.0073, (0, 110, 188, 162, 46, 233, 103, 230, 299, 289, 299, 289, 299, 289, 299, 289, 299, 289, 299, 230, 299, 230, 103, 230, 103, 230, 103, 233, 46, 162, 188, 110, 0)
False, False, 0.012, (0, 131, 67, 188, 162, 46, 233, 172, 9, 172, 9, 172, 83, 172, 9, 83, 9, 83, 9, 83, 9, 172, 233, 46, 162, 188, 67, 131, 0)
False, False, 0.0066, (0, 110, 188, 162, 46, 233, 103, 230, 103, 230, 103, 230, 103, 230, 103, 230, 103, 230, 103, 230, 103, 230, 58, 7, 58, 7, 58, 230, 103, 233, 46, 162, 188, 110, 0)
all_elementary, False
all_cyc2, False
