Instance, X-n308-k13
capacity, 246
min_trucks, 13
output_file, output_uchoa/X-n308-k13-SPPRC.log
Start date, 2022-06-23
Start time, 11-13-54
capacity, 246
num_vehicles, 13
abort_early, False
methods, ['SPPRC']
max_vars, 1000000
time_limit, 86400
farley, False
initial time, initial max_it, max_stale_it
1e-05, 2000000000.0, 20
heuristic Number of routes, heuristic Best Solution Value, heuristic number of iterations, adjusted time, adjusted max_it
1053380, 25946.0, 97599, 0.1, 200000.0
method, python time, total time, propagated dominance time, unpropagated dominance time, pricing_success, upper_bound, lower_bound, abort_early, num_paths, 
SPPRC, 17.6, 69.1, 65.3, 1.9, 1, 25490.604, -10320.0207, 0, 29011
SPPRC, 22.3, 127.1, 123.1, 1.9, 1, 25490.604, -13890.9349, 0, 32462
SPPRC, 21.8, 152.5, 148.5, 1.8, 1, 25490.604, 628.2166, 0, 25592
SPPRC, 16.6, 64.5, 60.8, 1.6, 1, 25479.9303, 5701.42, 0, 22133
SPPRC, 30.9, 27.9, 24.8, 1.2, 1, 25449.8161, -80274.3425, 0, 47408
SPPRC, 24.6, 26.9, 23.7, 1.1, 1, 25426.5406, 10336.0931, 0, 24989
SPPRC, 24.5, 25.2, 22.1, 1.0, 1, 25413.7442, 12764.6967, 0, 22272
SPPRC, 21.8, 25.2, 22.1, 1.0, 1, 25390.3126, 15424.344, 0, 19423
SPPRC, 22.5, 160.9, 156.6, 2.0, 1, 25291.7114, 13861.0759, 0, 20619
SPPRC, 15.4, 22.6, 19.7, 0.9, 1, 25240.435, 14210.3659, 0, 17394
SPPRC, 15.7, 136.1, 132.3, 1.6, 1, 25221.3421, 18628.1005, 0, 13880
SPPRC, 19.1, 94.1, 90.2, 1.7, 1, 25187.26, 11291.2624, 0, 20845
SPPRC, 14.0, 31.2, 27.9, 1.1, 1, 25182.6239, 19272.4142, 0, 12741
SPPRC, 14.4, 23.1, 20.2, 0.9, 1, 25124.4428, 17758.6255, 0, 14030
SPPRC, 16.0, 21.2, 18.3, 0.9, 1, 25109.8725, 20299.2098, 0, 10512
SPPRC, 8.7, 20.4, 17.5, 0.9, 1, 25082.4814, 20760.8507, 0, 8921
SPPRC, 10.9, 21.1, 18.1, 0.9, 1, 25056.9122, 19195.0327, 0, 11365
SPPRC, 16.1, 22.2, 19.1, 0.9, 1, 25050.6786, 19303.1049, 0, 11199
SPPRC, 5.9, 21.0, 18.0, 0.9, 1, 25047.5349, 21792.6663, 0, 6782
SPPRC, 17.0, 23.8, 20.7, 0.9, 1, 24982.0012, 15851.2811, 0, 15807
SPPRC, 6.3, 19.6, 16.7, 0.8, 1, 24975.9735, 21098.7181, 0, 7234
SPPRC, 40.4, 23.3, 20.3, 0.9, 1, 24926.4249, 15433.6436, 0, 15968
SPPRC, 11.7, 21.0, 18.1, 0.9, 1, 24925.6799, 19639.0282, 0, 8418
SPPRC, 6.1, 20.2, 17.2, 0.9, 1, 24911.6638, 21236.2692, 0, 6107
SPPRC, 7.0, 20.3, 17.4, 0.9, 1, 24896.393, 21103.6787, 0, 6484
SPPRC, 5.8, 19.7, 16.8, 0.9, 1, 24879.182, 20837.7772, 0, 6149
SPPRC, 7.8, 20.5, 17.6, 0.9, 1, 24854.601, 20890.8627, 0, 6262
SPPRC, 4.4, 20.3, 17.4, 0.8, 1, 24848.6039, 22032.4181, 0, 4201
SPPRC, 12.5, 20.2, 17.4, 0.8, 1, 24786.8335, 16246.762, 0, 11153
SPPRC, 6.0, 19.3, 16.5, 0.8, 1, 24780.5625, 21228.9573, 0, 5953
SPPRC, 37.1, 22.9, 19.9, 0.9, 1, 24747.188, 14089.6185, 0, 17064
SPPRC, 6.8, 18.7, 15.9, 0.8, 1, 24746.9189, 21590.9069, 0, 6051
SPPRC, 3.6, 18.1, 15.4, 0.8, 1, 24738.4906, 21772.9332, 0, 4103
SPPRC, 10.8, 19.7, 16.8, 0.8, 1, 24695.4436, 20216.2535, 0, 6768
SPPRC, 4.4, 18.3, 15.5, 0.8, 1, 24687.3567, 22034.3167, 0, 3532
SPPRC, 5.2, 19.2, 16.4, 0.8, 1, 24629.364, 21196.861, 0, 4868
SPPRC, 4.0, 18.5, 15.7, 0.8, 1, 24623.5264, 22022.8211, 0, 3471
SPPRC, 5.5, 19.5, 16.7, 0.8, 1, 24600.2979, 21241.8987, 0, 5426
SPPRC, 3.3, 20.8, 17.9, 0.9, 1, 24598.2388, 22482.3173, 0, 3040
SPPRC, 4.5, 110.0, 106.3, 1.5, 1, 24573.9988, 22526.1741, 0, 3199
SPPRC, 3.6, 106.2, 102.4, 1.5, 1, 24564.1625, 22485.8583, 0, 2801
SPPRC, 7.0, 118.4, 114.5, 1.6, 1, 24547.6701, 21254.4861, 0, 4333
SPPRC, 7.2, 101.1, 97.5, 1.4, 1, 24528.6047, 19850.3816, 0, 7134
SPPRC, 2.2, 94.6, 91.0, 1.3, 1, 24526.9715, 22991.5083, 0, 1936
SPPRC, 7.1, 120.0, 116.1, 1.6, 1, 24500.5759, 19836.9664, 0, 6515
SPPRC, 3.6, 97.7, 94.0, 1.5, 1, 24495.8284, 21791.9724, 0, 3286
SPPRC, 2.1, 101.0, 97.4, 1.4, 1, 24485.4027, 22990.7395, 0, 1963
SPPRC, 3.2, 115.5, 111.7, 1.5, 1, 24460.3159, 22215.6131, 0, 2655
SPPRC, 4.5, 116.4, 112.5, 1.6, 1, 24449.1703, 21235.699, 0, 5113
SPPRC, 1.8, 103.1, 99.4, 1.5, 1, 24447.0795, 23249.49, 0, 1557
SPPRC, 8.0, 114.3, 110.5, 1.5, 1, 24414.2283, 18656.3908, 0, 7901
SPPRC, 1.8, 101.0, 97.3, 1.4, 1, 24412.1407, 23215.0256, 0, 1649
SPPRC, 1.8, 104.7, 100.8, 1.5, 1, 24399.2713, 23143.5398, 0, 1516
SPPRC, 1.3, 107.0, 103.3, 1.4, 1, 24386.6647, 23466.4581, 0, 1147
SPPRC, 1.4, 105.3, 101.5, 1.5, 1, 24368.9831, 23553.5358, 0, 1214
SPPRC, 3.0, 101.0, 97.4, 1.4, 1, 24356.3579, 22388.4654, 0, 2223
SPPRC, 2.4, 111.0, 107.2, 1.5, 1, 24341.9486, 23067.3069, 0, 1324
SPPRC, 1.2, 109.6, 105.9, 1.4, 1, 24332.3694, 23617.6202, 0, 870
SPPRC, 1.1, 108.7, 105.0, 1.5, 1, 24321.4929, 23701.3733, 0, 715
SPPRC, 1.6, 105.2, 101.5, 1.4, 1, 24308.3727, 23379.8613, 0, 872
SPPRC, 1.3, 104.9, 101.3, 1.3, 1, 24302.1685, 23336.2394, 0, 895
SPPRC, 0.9, 104.4, 100.6, 1.5, 1, 24290.5567, 23491.8228, 0, 686
SPPRC, 0.9, 18.3, 15.4, 0.8, 1, 24281.5191, 23619.6819, 0, 598
SPPRC, 0.7, 18.5, 15.6, 0.8, 1, 24277.1574, 23724.1259, 0, 537
SPPRC, 0.6, 20.3, 17.3, 0.9, 1, 24267.1058, 23797.8421, 0, 434
SPPRC, 0.6, 20.2, 17.3, 0.9, 1, 24262.4496, 23888.8611, 0, 334
SPPRC, 0.6, 20.3, 17.4, 0.9, 1, 24256.4991, 23842.5024, 0, 292
SPPRC, 0.4, 20.2, 17.3, 0.9, 1, 24247.2376, 23822.9549, 0, 335
SPPRC, 1.1, 20.7, 17.8, 0.9, 1, 24243.537, 23011.0425, 0, 943
SPPRC, 0.4, 19.1, 16.2, 0.9, 1, 24242.2732, 23966.9766, 0, 217
SPPRC, 0.4, 19.3, 16.4, 0.9, 1, 24238.5098, 23888.3726, 0, 233
SPPRC, 0.5, 24.4, 21.5, 0.9, 1, 24236.1263, 23900.0595, 0, 233
SPPRC, 0.4, 24.6, 21.6, 0.9, 1, 24234.1307, 23989.3505, 0, 158
SPPRC, 0.4, 24.3, 21.4, 0.9, 1, 24231.6847, 23965.4021, 0, 164
SPPRC, 0.4, 24.4, 21.4, 0.9, 1, 24229.4826, 23981.62, 0, 176
SPPRC, 0.3, 20.4, 17.4, 0.9, 1, 24228.4876, 24002.2184, 0, 124
SPPRC, 0.4, 18.2, 15.3, 0.8, 1, 24226.1207, 24018.1853, 0, 128
SPPRC, 0.3, 18.8, 15.9, 0.9, 1, 24224.084, 24022.0377, 0, 115
SPPRC, 0.3, 18.6, 15.7, 0.9, 1, 24223.2861, 24035.7589, 0, 91
SPPRC, 0.4, 19.4, 16.5, 0.9, 1, 24221.2714, 24056.8333, 0, 88
SPPRC, 0.3, 19.9, 17.0, 0.9, 1, 24219.7867, 24075.7948, 0, 80
SPPRC, 0.3, 19.7, 16.8, 0.9, 1, 24218.6726, 24137.0111, 0, 55
SPPRC, 0.4, 19.8, 16.9, 0.9, 1, 24216.9583, 23946.7176, 0, 128
SPPRC, 0.2, 19.7, 16.8, 0.9, 1, 24216.6333, 24087.1733, 0, 61
SPPRC, 0.2, 20.3, 17.4, 0.9, 1, 24215.8478, 24125.3934, 0, 52
SPPRC, 0.3, 20.0, 17.1, 0.9, 1, 24215.202, 24150.6341, 0, 46
SPPRC, 0.3, 20.0, 17.1, 0.9, 1, 24214.3797, 24094.2825, 0, 50
SPPRC, 0.2, 21.6, 18.6, 0.9, 1, 24213.9935, 24133.2367, 0, 38
SPPRC, 0.2, 21.1, 18.2, 0.9, 1, 24213.5725, 24143.917, 0, 33
SPPRC, 0.3, 21.4, 18.5, 0.9, 1, 24213.2854, 24164.879, 0, 31
SPPRC, 0.2, 21.5, 18.5, 0.9, 1, 24212.5663, 24171.7552, 0, 32
SPPRC, 0.3, 21.2, 18.3, 0.9, 1, 24212.3746, 24168.429, 0, 22
SPPRC, 0.3, 21.3, 18.3, 0.9, 1, 24212.2755, 24177.9184, 0, 25
SPPRC, 0.1, 21.1, 18.1, 0.9, 1, 24212.0581, 24193.6792, 0, 20
SPPRC, 0.3, 22.6, 19.7, 0.9, 1, 24211.9755, 24190.4554, 0, 19
SPPRC, 0.2, 23.6, 20.6, 0.9, 1, 24211.9128, 24190.6798, 0, 17
SPPRC, 0.2, 22.5, 19.6, 0.9, 1, 24211.8628, 24193.9134, 0, 11
SPPRC, 0.2, 22.7, 19.8, 0.9, 1, 24211.8428, 24202.9078, 0, 8
SPPRC, 0.1, 22.8, 19.8, 0.9, 1, 24211.8151, 24207.0283, 0, 5
SPPRC, 0.2, 23.1, 20.2, 0.9, 1, 24211.8128, 24209.1371, 0, 3
SPPRC, 0.2, 22.6, 19.7, 0.9, 1, 24211.811, 24208.1371, 0, 3
SPPRC, 0.2, 22.7, 19.8, 0.9, 1, 24211.7965, 24205.1051, 0, 4
SPPRC, 0.1, 22.4, 19.4, 0.9, 1, 24211.7863, 24202.7521, 0, 8
SPPRC, 0.1, 22.8, 19.8, 0.9, 1, 24211.7861, 24205.3802, 0, 3
SPPRC, 0.1, 22.5, 19.5, 0.9, 1, 24211.7861, 24207.045, 0, 1
SPPRC, 0.1, 21.0, 18.0, 0.9, 1, 24211.7806, 24209.0536, 0, 4
SPPRC, 0.2, 21.0, 18.1, 0.9, 1, 24211.7776, 24206.3639, 0, 7
SPPRC, 0.1, 20.9, 18.0, 0.9, 1, 24211.7776, 24208.0544, 0, 3
SPPRC, 0.1, 20.9, 18.0, 0.9, 1, 24211.7776, 24210.4862, 0, 1
SPPRC, -0.0, 20.3, 17.3, 0.9, 1, 24211.7776, 24211.7776, 0, 0
scip_total_time, 112086.673326
Solval, number of paths, impact cutoff
24211.777573540465, 278, 0.0001
Elementary, 2-Cycle, Path Value, Path
True, True, 0.275, (0, 53, 108, 130, 138, 121, 79, 60, 276, 1, 13, 29, 56, 249, 77, 206, 178, 0)
True, True, 0.0053, (0, 210, 112, 270, 249, 56, 29, 13, 1, 276, 60, 79, 121, 138, 130, 108, 53, 0)
True, True, 0.3146, (0, 288, 53, 108, 130, 138, 121, 79, 60, 276, 1, 13, 29, 56, 249, 20, 77, 178, 0)
False, False, 0.066, (0, 37, 139, 1, 13, 1, 0)
False, False, 0.0252, (0, 51, 116, 63, 81, 140, 118, 140, 118, 140, 118, 140, 118, 140, 118, 140, 118, 140, 118, 140, 118, 140, 118, 140, 118, 140, 118, 140, 118, 140, 118, 140, 118, 140, 118, 140, 118, 140, 118, 140, 81, 63, 116, 51, 0)
False, False, 0.1261, (0, 136, 164, 103, 117, 49, 135, 38, 70, 15, 126, 15, 70, 38, 135, 49, 117, 103, 136, 0)
False, False, 0.0236, (0, 37, 51, 116, 63, 81, 140, 114, 140, 114, 140, 114, 140, 114, 140, 114, 140, 114, 140, 114, 140, 114, 140, 114, 140, 114, 140, 114, 140, 114, 140, 114, 140, 114, 140, 114, 140, 114, 140, 81, 63, 116, 51, 139, 0)
False, False, 0.109, (0, 136, 164, 103, 117, 49, 221, 126, 15, 126, 15, 126, 221, 49, 103, 136, 0)
False, False, 0.0167, (0, 291, 29, 1, 13, 1, 0)
False, False, 0.0054, (0, 37, 139, 146, 153, 96, 142, 50, 25, 106, 97, 144, 97, 144, 97, 144, 97, 144, 84, 4, 84, 144, 97, 106, 25, 50, 142, 96, 63, 116, 51, 37, 0)
False, False, 0.0372, (0, 178, 29, 13, 1, 13, 29, 0)
False, False, 0.0696, (0, 288, 60, 137, 106, 97, 144, 84, 4, 70, 4, 84, 144, 97, 106, 25, 50, 142, 96, 63, 116, 51, 0)
False, False, 0.0787, (0, 131, 119, 27, 271, 43, 88, 61, 93, 61, 42, 5, 128, 5, 42, 61, 88, 43, 271, 27, 119, 0)
False, False, 0.1602, (0, 82, 46, 168, 85, 199, 266, 171, 189, 238, 207, 35, 18, 64, 18, 35, 207, 238, 189, 171, 166, 281, 0)
False, False, 0.3023, (0, 276, 137, 106, 97, 144, 84, 4, 70, 4, 84, 144, 97, 106, 25, 50, 142, 96, 153, 51, 0)
False, False, 0.0455, (0, 56, 13, 1, 13, 56, 0)
False, False, 0.0617, (0, 162, 204, 94, 17, 95, 221, 70, 15, 70, 221, 95, 186, 197, 222, 154, 0)
False, False, 0.0012, (0, 210, 37, 139, 146, 153, 96, 142, 50, 25, 106, 25, 106, 25, 106, 25, 106, 25, 106, 25, 106, 25, 106, 25, 106, 25, 106, 25, 106, 25, 106, 25, 106, 25, 106, 25, 106, 25, 106, 25, 106, 25, 106, 25, 106, 25, 106, 25, 106, 25, 106, 25, 106, 25, 106, 25, 106, 25, 106, 25, 106, 25, 106, 25, 106, 25, 106, 25, 106, 25, 106, 25, 106, 25, 106, 25, 106, 25, 50, 25, 50, 142, 96, 153, 146, 139, 37, 210, 0)
False, False, 0.0067, (0, 136, 164, 117, 49, 221, 70, 15, 70, 4, 84, 144, 97, 106, 137, 276, 0)
False, False, 0.031, (0, 210, 37, 139, 146, 51, 116, 63, 81, 6, 81, 6, 81, 6, 81, 63, 116, 51, 139, 37, 0)
False, False, 0.0435, (0, 54, 279, 78, 160, 258, 194, 223, 190, 31, 265, 31, 190, 31, 190, 31, 190, 31, 190, 31, 190, 31, 190, 31, 190, 31, 190, 31, 190, 31, 190, 31, 190, 31, 190, 31, 190, 31, 190, 223, 194, 258, 160, 78, 279, 54, 0)
False, False, 0.0766, (0, 182, 277, 83, 210, 291, 112, 132, 270, 132, 270, 132, 270, 132, 270, 132, 270, 132, 270, 132, 270, 132, 270, 132, 270, 132, 112, 291, 210, 83, 277, 182, 0)
False, False, 0.2308, (0, 210, 37, 139, 146, 153, 116, 63, 6, 81, 6, 81, 6, 63, 116, 51, 146, 139, 37, 210, 0)
False, False, 0.0093, (0, 51, 116, 63, 81, 140, 114, 118, 114, 118, 114, 118, 114, 118, 114, 118, 114, 118, 114, 118, 114, 118, 114, 118, 114, 118, 114, 118, 114, 118, 114, 140, 81, 63, 116, 51, 0)
False, False, 0.0417, (0, 37, 51, 116, 63, 81, 140, 114, 140, 118, 114, 118, 114, 118, 114, 118, 114, 118, 114, 118, 114, 118, 114, 118, 114, 118, 114, 118, 114, 118, 114, 140, 81, 63, 116, 51, 139, 0)
False, False, 0.2379, (0, 252, 225, 192, 219, 151, 239, 12, 47, 12, 239, 151, 33, 192, 225, 0)
False, False, 0.0096, (0, 37, 139, 146, 153, 96, 142, 96, 142, 96, 142, 96, 142, 96, 142, 96, 142, 96, 142, 96, 142, 96, 142, 96, 142, 96, 142, 50, 25, 50, 25, 50, 25, 50, 25, 50, 25, 50, 142, 96, 153, 146, 139, 37, 0)
False, False, 0.0254, (0, 210, 37, 139, 146, 153, 96, 142, 96, 142, 96, 142, 96, 142, 96, 142, 96, 142, 96, 142, 96, 142, 96, 142, 96, 142, 96, 142, 96, 142, 96, 142, 96, 153, 146, 139, 37, 210, 0)
False, False, 0.0444, (0, 37, 51, 116, 63, 96, 142, 50, 25, 106, 97, 144, 84, 4, 84, 4, 84, 144, 97, 106, 137, 276, 0)
False, False, 0.0555, (0, 82, 46, 85, 293, 248, 267, 286, 64, 129, 16, 59, 16, 129, 128, 68, 243, 45, 301, 299, 48, 0)
False, False, 0.033, (0, 53, 147, 143, 296, 269, 282, 222, 197, 196, 186, 17, 94, 17, 186, 196, 197, 222, 282, 154, 167, 162, 66, 0)
False, False, 0.2202, (0, 133, 287, 193, 217, 158, 262, 294, 181, 91, 290, 184, 273, 75, 14, 75, 278, 184, 290, 91, 244, 220, 304, 67, 0)
False, False, 0.0877, (0, 110, 226, 259, 98, 205, 169, 104, 24, 283, 89, 111, 93, 42, 5, 128, 5, 42, 61, 88, 43, 271, 27, 119, 0)
False, False, 0.0141, (0, 139, 146, 153, 96, 142, 50, 25, 106, 97, 144, 97, 144, 97, 144, 84, 144, 84, 4, 84, 144, 97, 144, 97, 106, 25, 50, 142, 96, 153, 146, 139, 0)
False, False, 0.0017, (0, 210, 37, 139, 146, 153, 96, 142, 50, 142, 50, 142, 50, 142, 50, 142, 50, 142, 50, 142, 50, 142, 50, 142, 50, 142, 50, 142, 50, 142, 50, 142, 50, 142, 50, 142, 50, 142, 50, 142, 50, 142, 50, 25, 50, 25, 50, 142, 96, 153, 146, 139, 37, 210, 0)
False, False, 0.0715, (0, 210, 37, 139, 146, 153, 63, 81, 6, 81, 6, 81, 6, 63, 116, 51, 146, 139, 37, 0)
False, False, 0.0051, (0, 210, 37, 139, 146, 153, 146, 153, 116, 153, 116, 153, 146, 153, 116, 153, 116, 153, 116, 153, 116, 153, 116, 153, 116, 153, 116, 153, 116, 153, 116, 153, 116, 153, 116, 153, 116, 153, 146, 139, 37, 210, 0)
False, False, 0.0113, (0, 209, 75, 76, 152, 36, 55, 32, 123, 227, 300, 227, 300, 227, 300, 227, 300, 227, 300, 227, 300, 227, 300, 227, 300, 227, 300, 227, 300, 227, 300, 227, 300, 227, 300, 227, 300, 227, 300, 227, 300, 227, 300, 227, 300, 227, 123, 32, 55, 36, 152, 76, 75, 278, 0)
False, False, 0.1, (0, 115, 182, 277, 83, 178, 206, 132, 270, 234, 57, 234, 57, 234, 57, 234, 57, 234, 57, 234, 57, 234, 57, 234, 57, 234, 57, 234, 57, 270, 132, 206, 178, 83, 277, 182, 0)
False, False, 0.0138, (0, 210, 270, 37, 139, 146, 153, 146, 153, 146, 153, 146, 153, 146, 153, 146, 153, 146, 153, 146, 153, 146, 153, 146, 153, 146, 153, 146, 153, 146, 139, 37, 210, 0)
False, False, 0.0813, (0, 281, 166, 199, 266, 171, 233, 293, 248, 267, 148, 39, 62, 39, 62, 39, 62, 39, 62, 39, 62, 39, 62, 39, 62, 39, 62, 39, 62, 39, 62, 39, 148, 267, 248, 293, 233, 171, 266, 199, 166, 281, 0)
True, True, 0.078, (0, 136, 164, 117, 49, 135, 4, 70, 15, 126, 221, 95, 186, 222, 154, 0)
False, False, 0.1199, (0, 94, 166, 264, 189, 238, 207, 35, 18, 64, 18, 35, 207, 238, 189, 264, 166, 281, 0)
False, False, 0.0041, (0, 51, 116, 63, 96, 142, 50, 25, 106, 97, 84, 4, 70, 4, 84, 97, 106, 25, 50, 96, 63, 116, 51, 0)
False, False, 0.0458, (0, 256, 160, 251, 229, 124, 69, 198, 11, 281, 11, 198, 105, 261, 86, 0)
False, False, 0.0813, (0, 133, 287, 193, 217, 158, 262, 235, 159, 289, 159, 289, 159, 289, 159, 289, 159, 289, 159, 289, 159, 289, 159, 289, 159, 289, 159, 289, 159, 235, 262, 208, 158, 217, 193, 287, 133, 0)
False, False, 0.0215, (0, 276, 137, 106, 97, 144, 84, 4, 70, 4, 84, 144, 97, 106, 25, 50, 142, 96, 146, 139, 0)
False, False, 0.2113, (0, 200, 41, 120, 295, 10, 295, 10, 120, 41, 200, 0)
False, False, 0.0001, (0, 82, 168, 85, 293, 267, 286, 64, 129, 16, 59, 16, 129, 64, 286, 267, 293, 85, 168, 82, 0)
False, False, 0.0264, (0, 165, 154, 282, 164, 103, 117, 49, 135, 101, 135, 101, 135, 101, 135, 38, 135, 101, 135, 101, 135, 101, 135, 101, 135, 101, 135, 101, 135, 101, 135, 101, 135, 101, 135, 101, 135, 101, 135, 101, 135, 101, 38, 101, 135, 49, 117, 103, 164, 282, 154, 165, 0)
False, True, 0.0288, (0, 210, 112, 270, 249, 56, 29, 13, 1, 29, 56, 249, 270, 112, 210, 0)
False, False, 0.0458, (0, 256, 258, 223, 251, 229, 261, 105, 9, 204, 9, 167, 260, 100, 65, 180, 66, 0)
False, False, 0.0066, (0, 30, 119, 27, 271, 43, 201, 7, 301, 214, 301, 214, 301, 214, 301, 214, 301, 214, 301, 214, 301, 7, 201, 299, 48, 82, 69, 124, 0)
False, False, 0.0532, (0, 48, 299, 301, 45, 68, 128, 16, 59, 16, 59, 129, 64, 286, 148, 267, 248, 233, 171, 166, 0)
False, False, 0.0461, (0, 182, 277, 83, 210, 291, 112, 291, 112, 291, 112, 291, 112, 291, 112, 291, 112, 291, 112, 291, 112, 291, 112, 291, 112, 291, 112, 291, 112, 291, 112, 291, 112, 291, 112, 291, 112, 291, 112, 291, 210, 83, 277, 182, 0)
False, False, 0.1242, (0, 178, 20, 41, 120, 295, 10, 295, 10, 120, 41, 200, 0)
False, False, 0.0162, (0, 115, 54, 279, 78, 160, 258, 109, 203, 237, 307, 237, 307, 237, 307, 237, 307, 237, 307, 237, 307, 237, 307, 237, 307, 237, 307, 237, 307, 237, 203, 109, 203, 109, 203, 109, 258, 160, 78, 279, 54, 0)
False, False, 0.0116, (0, 288, 147, 143, 296, 269, 282, 222, 228, 211, 228, 211, 228, 211, 228, 211, 228, 211, 228, 211, 228, 211, 228, 211, 228, 211, 228, 211, 228, 154, 167, 162, 66, 0)
False, False, 0.0343, (0, 162, 94, 17, 95, 221, 126, 15, 126, 221, 95, 186, 197, 222, 154, 165, 0)
False, False, 0.1097, (0, 182, 206, 200, 77, 20, 249, 41, 120, 295, 10, 295, 120, 41, 249, 20, 77, 200, 206, 182, 0)
False, False, 0.0036, (0, 256, 250, 176, 66, 180, 65, 100, 260, 167, 9, 204, 9, 105, 261, 86, 66, 212, 246, 0)
False, False, 0.0253, (0, 46, 168, 85, 293, 248, 267, 62, 26, 128, 129, 59, 16, 59, 16, 129, 128, 26, 62, 267, 248, 293, 85, 168, 46, 0)
False, False, 0.1218, (0, 187, 34, 170, 215, 8, 73, 8, 215, 170, 34, 245, 187, 67, 0)
False, False, 0.1525, (0, 100, 165, 154, 282, 164, 3, 137, 3, 60, 79, 121, 138, 130, 0)
False, False, 0.0425, (0, 48, 299, 272, 62, 26, 128, 129, 16, 59, 16, 129, 64, 286, 267, 248, 293, 85, 168, 0)
False, True, 0.0883, (0, 206, 77, 20, 249, 56, 29, 13, 1, 29, 56, 20, 77, 206, 0)
False, False, 0.0243, (0, 136, 117, 49, 221, 126, 15, 126, 15, 70, 221, 49, 137, 276, 0)
False, False, 0.0859, (0, 46, 168, 85, 175, 156, 293, 248, 267, 148, 286, 18, 64, 18, 35, 207, 238, 233, 171, 166, 281, 0)
False, False, 0.006, (0, 60, 276, 137, 106, 97, 144, 84, 4, 70, 4, 84, 97, 106, 25, 50, 142, 96, 63, 116, 51, 0)
False, False, 0.0212, (0, 136, 103, 117, 49, 221, 35, 64, 129, 59, 16, 59, 16, 59, 129, 64, 35, 221, 49, 117, 103, 136, 0)
True, True, 0.0369, (0, 176, 86, 261, 105, 198, 11, 232, 149, 94, 17, 186, 197, 222, 282, 269, 296, 143, 147, 0)
False, False, 0.0274, (0, 281, 166, 171, 233, 238, 207, 35, 18, 64, 18, 35, 207, 125, 23, 95, 186, 222, 154, 0)
False, False, 0.1584, (0, 147, 143, 296, 269, 136, 3, 137, 3, 117, 103, 164, 222, 154, 167, 162, 0)
False, False, 0.0084, (0, 147, 143, 296, 269, 282, 164, 3, 137, 3, 164, 282, 154, 165, 0)
False, False, 0.0341, (0, 53, 108, 130, 138, 121, 79, 60, 10, 295, 10, 120, 41, 200, 0)
False, False, 0.0906, (0, 82, 46, 168, 85, 199, 266, 171, 233, 238, 207, 35, 18, 64, 18, 35, 207, 238, 233, 171, 166, 281, 0)
False, False, 0.0694, (0, 46, 168, 85, 175, 293, 248, 267, 148, 286, 80, 26, 80, 26, 80, 26, 80, 26, 80, 26, 80, 26, 80, 26, 80, 26, 80, 26, 80, 26, 80, 26, 80, 26, 80, 286, 148, 267, 248, 293, 175, 85, 168, 46, 0)
False, False, 0.052, (0, 46, 168, 85, 293, 248, 267, 148, 286, 64, 129, 16, 59, 16, 128, 243, 45, 301, 299, 48, 0)
False, False, 0.0252, (0, 136, 164, 103, 117, 49, 135, 38, 70, 15, 126, 15, 126, 221, 49, 137, 0)
False, False, 0.0455, (0, 115, 182, 277, 83, 288, 246, 230, 253, 212, 253, 212, 253, 212, 253, 212, 253, 212, 253, 212, 253, 212, 253, 212, 253, 212, 253, 212, 253, 212, 253, 212, 253, 212, 253, 212, 253, 212, 253, 212, 253, 212, 253, 212, 253, 212, 253, 212, 253, 212, 253, 230, 246, 288, 83, 277, 182, 0)
False, False, 0.2024, (0, 251, 303, 124, 69, 82, 48, 299, 201, 7, 214, 45, 214, 45, 214, 7, 201, 299, 48, 82, 69, 124, 303, 251, 0)
False, False, 0.0416, (0, 136, 103, 117, 49, 221, 126, 15, 126, 15, 221, 49, 117, 103, 164, 282, 0)
False, False, 0.0482, (0, 48, 299, 301, 45, 243, 68, 128, 129, 59, 16, 59, 129, 59, 16, 59, 129, 128, 68, 243, 45, 301, 299, 48, 0)
False, False, 0.0273, (0, 115, 54, 279, 78, 250, 263, 155, 263, 155, 263, 155, 263, 155, 263, 155, 263, 155, 263, 155, 263, 155, 263, 155, 263, 155, 263, 155, 263, 155, 263, 155, 263, 155, 263, 155, 263, 155, 263, 250, 78, 279, 54, 0)
False, False, 0.0145, (0, 162, 167, 154, 282, 164, 3, 137, 3, 164, 282, 154, 165, 100, 0)
False, False, 0.0755, (0, 53, 108, 130, 138, 121, 79, 10, 295, 10, 120, 41, 20, 200, 0)
False, False, 0.0, (0, 182, 83, 178, 206, 200, 108, 147, 143, 296, 269, 296, 269, 296, 269, 296, 269, 296, 269, 296, 269, 296, 269, 296, 269, 296, 269, 296, 269, 296, 269, 296, 269, 296, 269, 296, 143, 147, 108, 200, 206, 178, 83, 0)
False, False, 0.0134, (0, 53, 147, 143, 296, 269, 282, 222, 197, 196, 186, 196, 197, 196, 197, 196, 197, 196, 197, 196, 197, 196, 186, 196, 197, 196, 186, 196, 197, 196, 197, 222, 282, 269, 296, 143, 147, 0)
False, False, 0.2077, (0, 162, 204, 94, 17, 95, 23, 125, 71, 264, 71, 264, 71, 264, 71, 125, 23, 125, 23, 125, 23, 95, 17, 94, 204, 162, 0)
False, False, 0.0056, (0, 256, 250, 176, 247, 66, 180, 65, 100, 296, 269, 296, 269, 296, 269, 296, 269, 296, 269, 296, 269, 296, 269, 296, 269, 296, 269, 296, 269, 296, 269, 296, 269, 296, 269, 296, 143, 147, 108, 200, 206, 178, 182, 0)
False, True, 0.04, (0, 206, 200, 20, 56, 29, 13, 1, 29, 56, 249, 20, 200, 206, 0)
False, False, 0.0165, (0, 210, 37, 139, 146, 153, 96, 142, 50, 25, 50, 25, 50, 25, 50, 25, 50, 25, 106, 25, 50, 25, 50, 25, 50, 25, 50, 25, 50, 25, 50, 25, 50, 25, 50, 25, 50, 25, 50, 25, 50, 25, 50, 25, 50, 25, 50, 25, 50, 25, 50, 25, 50, 25, 50, 25, 50, 25, 50, 142, 96, 153, 146, 139, 37, 210, 0)
False, False, 0.0229, (0, 162, 204, 94, 17, 95, 23, 125, 71, 264, 71, 264, 71, 264, 71, 125, 23, 125, 23, 125, 23, 95, 17, 94, 232, 0)
False, False, 0.0162, (0, 182, 277, 83, 277, 83, 277, 83, 277, 83, 277, 83, 277, 83, 277, 83, 277, 83, 277, 83, 277, 83, 277, 83, 277, 83, 277, 83, 277, 83, 277, 83, 277, 83, 277, 83, 277, 182, 0)
False, False, 0.0833, (0, 252, 110, 226, 224, 122, 107, 134, 183, 161, 24, 283, 89, 93, 42, 5, 128, 5, 42, 61, 88, 43, 271, 27, 119, 30, 0)
False, False, 0.079, (0, 46, 168, 293, 248, 267, 286, 64, 129, 16, 59, 16, 129, 128, 68, 243, 45, 301, 299, 48, 0)
False, False, 0.0255, (0, 46, 168, 85, 199, 266, 199, 266, 199, 266, 199, 266, 199, 266, 199, 266, 199, 266, 199, 266, 199, 266, 199, 266, 199, 266, 199, 266, 199, 266, 199, 166, 94, 0)
False, False, 0.1139, (0, 252, 110, 226, 224, 122, 107, 134, 183, 161, 24, 283, 89, 93, 42, 5, 128, 5, 42, 61, 88, 43, 271, 27, 119, 131, 0)
False, False, 0.0156, (0, 165, 154, 222, 197, 186, 95, 221, 126, 15, 126, 221, 95, 17, 228, 154, 0)
False, False, 0.0175, (0, 82, 46, 168, 85, 293, 248, 267, 148, 286, 64, 129, 59, 129, 59, 129, 59, 129, 59, 129, 59, 129, 59, 129, 59, 16, 59, 129, 64, 286, 148, 267, 248, 293, 85, 168, 46, 0)
False, False, 0.0109, (0, 160, 258, 251, 229, 124, 198, 11, 232, 11, 198, 105, 261, 86, 0)
False, False, 0.0378, (0, 119, 27, 271, 43, 88, 45, 28, 272, 44, 272, 44, 272, 44, 272, 44, 272, 44, 272, 44, 272, 44, 272, 44, 272, 44, 272, 44, 272, 44, 272, 44, 272, 28, 272, 28, 272, 28, 272, 28, 272, 28, 272, 28, 45, 88, 43, 271, 27, 119, 0)
False, False, 0.026, (0, 46, 168, 85, 293, 267, 286, 64, 129, 59, 16, 59, 16, 129, 64, 35, 221, 49, 117, 103, 136, 0)
False, False, 0.0274, (0, 48, 299, 301, 45, 243, 68, 128, 16, 59, 16, 59, 129, 64, 286, 148, 267, 238, 189, 166, 0)
False, False, 0.2257, (0, 246, 180, 65, 100, 260, 167, 9, 204, 9, 167, 162, 65, 180, 66, 246, 0)
False, False, 0.0081, (0, 252, 225, 192, 33, 151, 239, 47, 12, 47, 12, 239, 151, 33, 225, 252, 0)
False, False, 0.045, (0, 287, 236, 294, 231, 278, 273, 14, 273, 14, 273, 278, 231, 294, 236, 287, 0)
False, False, 0.086, (0, 147, 143, 296, 269, 282, 222, 197, 196, 197, 196, 197, 196, 197, 196, 186, 196, 186, 196, 186, 17, 186, 196, 197, 222, 282, 269, 296, 143, 147, 288, 0)
False, False, 0.0384, (0, 288, 147, 143, 296, 269, 136, 3, 137, 3, 60, 79, 121, 138, 130, 108, 53, 0)
False, False, 0.0357, (0, 108, 136, 103, 117, 49, 221, 126, 15, 126, 15, 126, 221, 49, 117, 103, 136, 108, 0)
False, False, 0.0577, (0, 288, 147, 143, 165, 154, 211, 228, 211, 228, 211, 228, 211, 228, 211, 228, 211, 228, 211, 228, 211, 228, 211, 228, 211, 228, 211, 228, 211, 154, 165, 143, 147, 0)
False, False, 0.0055, (0, 48, 299, 272, 68, 128, 129, 16, 59, 16, 129, 64, 286, 267, 248, 293, 85, 168, 0)
False, False, 0.0532, (0, 133, 236, 294, 231, 278, 14, 273, 14, 278, 289, 262, 193, 0)
False, False, 0.0214, (0, 288, 53, 147, 143, 296, 269, 282, 222, 228, 211, 228, 211, 228, 211, 228, 211, 228, 211, 228, 211, 228, 211, 228, 211, 228, 211, 228, 222, 282, 269, 296, 143, 147, 288, 0)
False, False, 0.0251, (0, 48, 299, 301, 45, 68, 128, 16, 59, 16, 59, 129, 64, 286, 148, 267, 248, 293, 85, 168, 46, 0)
False, False, 0.1429, (0, 58, 87, 131, 52, 102, 40, 2, 113, 2, 141, 87, 58, 0)
False, False, 0.1056, (0, 67, 304, 220, 244, 91, 290, 184, 305, 172, 305, 172, 305, 172, 305, 172, 305, 172, 305, 172, 305, 172, 305, 172, 184, 290, 91, 244, 220, 304, 67, 0)
False, False, 0.0066, (0, 124, 69, 82, 46, 168, 85, 199, 266, 199, 266, 199, 266, 199, 266, 199, 266, 199, 266, 199, 266, 199, 266, 199, 266, 199, 266, 199, 266, 199, 266, 199, 85, 166, 94, 0)
False, True, 0.0799, (0, 154, 222, 197, 186, 95, 221, 126, 15, 70, 221, 95, 17, 94, 232, 105, 0)
False, False, 0.0348, (0, 119, 27, 271, 43, 88, 61, 42, 5, 128, 5, 42, 61, 111, 89, 283, 24, 218, 254, 113, 0)
False, False, 0.0026, (0, 115, 67, 287, 193, 217, 193, 217, 193, 217, 193, 217, 193, 217, 193, 217, 193, 217, 193, 217, 193, 217, 193, 217, 193, 217, 158, 217, 193, 217, 193, 287, 133, 0)
False, False, 0.0096, (0, 154, 222, 186, 95, 23, 125, 71, 264, 189, 233, 293, 248, 293, 248, 293, 248, 293, 248, 293, 248, 293, 248, 293, 248, 293, 248, 293, 248, 293, 233, 189, 233, 189, 233, 189, 233, 189, 233, 189, 264, 71, 125, 23, 95, 186, 222, 154, 0)
False, False, 0.0054, (0, 48, 299, 301, 45, 243, 68, 128, 16, 59, 16, 129, 64, 286, 148, 267, 248, 293, 166, 0)
False, False, 0.0317, (0, 256, 160, 258, 251, 229, 124, 69, 11, 232, 11, 198, 105, 261, 86, 176, 0)
False, False, 0.0169, (0, 241, 22, 268, 110, 226, 224, 122, 188, 107, 188, 107, 188, 107, 188, 107, 188, 107, 188, 107, 188, 107, 188, 107, 188, 107, 188, 107, 188, 107, 188, 107, 188, 107, 188, 107, 188, 107, 188, 107, 188, 107, 188, 107, 188, 107, 188, 107, 188, 107, 188, 107, 188, 107, 188, 107, 188, 107, 188, 107, 188, 107, 188, 107, 188, 107, 188, 107, 188, 107, 188, 107, 188, 122, 224, 226, 110, 268, 22, 241, 0)
False, False, 0.0707, (0, 256, 250, 213, 66, 180, 65, 100, 260, 167, 9, 204, 9, 105, 261, 86, 66, 176, 250, 0)
False, False, 0.0074, (0, 53, 147, 143, 296, 269, 282, 222, 197, 196, 197, 196, 186, 196, 186, 196, 186, 196, 186, 196, 186, 17, 186, 196, 197, 222, 282, 269, 296, 143, 147, 53, 288, 0)
False, False, 0.0739, (0, 54, 279, 78, 250, 263, 155, 194, 223, 194, 223, 194, 223, 194, 223, 194, 223, 194, 223, 194, 223, 194, 223, 194, 223, 194, 155, 263, 250, 78, 279, 54, 0)
False, False, 0.0155, (0, 67, 187, 241, 22, 170, 172, 305, 172, 305, 172, 305, 172, 305, 172, 305, 172, 305, 172, 305, 172, 305, 172, 305, 172, 305, 252, 244, 220, 304, 67, 0)
False, False, 0.0799, (0, 256, 160, 258, 251, 229, 124, 69, 11, 281, 11, 198, 261, 86, 0)
False, True, 0.0046, (0, 133, 287, 193, 217, 158, 262, 294, 181, 91, 290, 184, 273, 75, 14, 273, 184, 290, 91, 181, 294, 262, 158, 193, 287, 133, 0)
False, False, 0.0128, (0, 281, 166, 199, 266, 199, 266, 171, 233, 189, 233, 189, 233, 189, 233, 189, 233, 189, 233, 189, 233, 189, 233, 189, 233, 189, 233, 189, 233, 189, 233, 189, 233, 189, 233, 189, 233, 189, 233, 189, 233, 189, 233, 189, 233, 189, 233, 189, 233, 189, 233, 189, 233, 189, 233, 189, 264, 71, 125, 23, 95, 186, 222, 154, 0)
False, False, 0.0647, (0, 133, 236, 294, 209, 278, 273, 14, 75, 14, 278, 209, 294, 236, 287, 0)
False, False, 0.1046, (0, 108, 130, 138, 121, 79, 60, 3, 137, 3, 164, 282, 143, 147, 288, 0)
False, False, 0.0595, (0, 53, 147, 143, 296, 269, 282, 222, 197, 196, 186, 17, 94, 17, 186, 196, 197, 222, 282, 269, 296, 143, 147, 53, 0)
False, False, 0.0331, (0, 195, 187, 241, 22, 215, 73, 8, 73, 8, 73, 215, 170, 244, 220, 304, 67, 0)
False, False, 0.0073, (0, 48, 299, 301, 45, 243, 68, 128, 16, 59, 16, 59, 129, 64, 286, 267, 248, 293, 156, 85, 168, 82, 0)
False, False, 0.0232, (0, 147, 143, 269, 282, 164, 3, 137, 3, 164, 282, 154, 165, 100, 0)
False, False, 0.0048, (0, 182, 277, 83, 178, 206, 200, 77, 20, 77, 20, 77, 270, 132, 270, 132, 270, 132, 270, 132, 270, 132, 270, 132, 270, 132, 206, 178, 83, 277, 182, 0)
False, False, 0.0051, (0, 256, 160, 258, 251, 229, 198, 11, 281, 11, 198, 105, 261, 86, 250, 0)
False, False, 0.0394, (0, 115, 67, 304, 187, 245, 34, 245, 34, 245, 34, 245, 34, 245, 34, 245, 34, 245, 34, 245, 34, 245, 34, 245, 34, 245, 34, 245, 34, 245, 34, 245, 34, 245, 34, 245, 187, 304, 67, 115, 0)
False, False, 0.1074, (0, 268, 21, 259, 185, 150, 113, 254, 218, 88, 201, 7, 301, 7, 201, 43, 271, 27, 119, 0)
False, False, 0.0029, (0, 133, 287, 193, 217, 158, 208, 262, 294, 181, 91, 244, 170, 22, 170, 22, 170, 22, 170, 22, 170, 22, 170, 244, 91, 181, 91, 181, 294, 262, 208, 158, 217, 193, 287, 133, 0)
False, False, 0.0162, (0, 256, 250, 176, 247, 66, 180, 65, 100, 216, 173, 216, 173, 216, 173, 216, 173, 216, 173, 216, 173, 216, 173, 216, 173, 216, 173, 216, 173, 216, 173, 216, 173, 216, 100, 143, 147, 108, 200, 206, 178, 83, 182, 0)
False, False, 0.024, (0, 236, 294, 231, 278, 14, 273, 14, 273, 184, 290, 91, 181, 294, 236, 0)
False, False, 0.0033, (0, 115, 256, 78, 250, 263, 155, 257, 302, 213, 66, 86, 229, 303, 229, 303, 229, 303, 229, 303, 229, 303, 229, 303, 229, 303, 229, 303, 229, 303, 229, 303, 229, 303, 229, 303, 229, 303, 229, 86, 66, 213, 302, 257, 155, 263, 250, 78, 256, 0)
False, False, 0.0118, (0, 82, 46, 168, 85, 199, 266, 171, 233, 293, 248, 238, 207, 267, 148, 39, 62, 39, 62, 39, 62, 39, 62, 39, 62, 39, 62, 39, 62, 39, 62, 39, 148, 267, 207, 238, 248, 293, 233, 171, 266, 199, 85, 168, 46, 82, 0)
False, True, 0.1052, (0, 67, 304, 187, 245, 220, 244, 91, 290, 184, 278, 75, 14, 273, 184, 290, 91, 181, 294, 262, 158, 193, 287, 133, 0)
False, False, 0.0175, (0, 46, 168, 85, 293, 267, 286, 80, 129, 59, 16, 59, 16, 129, 64, 35, 221, 49, 117, 103, 136, 0)
False, False, 0.0176, (0, 304, 220, 181, 209, 278, 14, 273, 14, 278, 289, 262, 158, 0)
False, False, 0.0228, (0, 165, 154, 282, 164, 103, 117, 49, 135, 101, 38, 101, 38, 101, 38, 101, 38, 101, 38, 101, 38, 101, 38, 101, 38, 101, 38, 101, 38, 101, 38, 101, 38, 101, 38, 101, 38, 101, 38, 101, 38, 101, 38, 101, 38, 101, 38, 101, 38, 101, 38, 101, 38, 101, 38, 101, 38, 135, 49, 117, 103, 164, 282, 154, 165, 0)
False, False, 0.043, (0, 209, 76, 152, 36, 55, 32, 123, 300, 179, 298, 74, 284, 275, 202, 275, 202, 275, 202, 275, 202, 275, 202, 275, 202, 275, 202, 275, 202, 275, 284, 74, 298, 179, 300, 123, 32, 55, 36, 152, 76, 209, 0)
False, False, 0.024, (0, 304, 220, 244, 290, 184, 273, 14, 273, 14, 278, 294, 236, 0)
False, False, 0.0365, (0, 22, 268, 21, 259, 185, 150, 292, 98, 292, 98, 292, 98, 292, 98, 292, 98, 292, 98, 292, 98, 292, 98, 292, 150, 185, 259, 21, 268, 22, 241, 0)
False, False, 0.0206, (0, 256, 160, 258, 223, 251, 229, 261, 105, 9, 204, 9, 167, 100, 65, 180, 66, 246, 0)
False, False, 0.008, (0, 241, 22, 268, 21, 259, 185, 150, 292, 98, 292, 98, 292, 98, 292, 98, 292, 98, 292, 98, 292, 98, 292, 98, 292, 150, 185, 259, 226, 110, 192, 225, 252, 0)
False, False, 0.0178, (0, 252, 110, 226, 224, 122, 107, 134, 74, 284, 174, 92, 89, 93, 42, 5, 128, 5, 42, 61, 88, 43, 271, 27, 119, 30, 0)
False, False, 0.0085, (0, 48, 299, 301, 45, 243, 68, 243, 68, 243, 68, 243, 68, 243, 68, 243, 68, 243, 68, 243, 68, 243, 68, 243, 68, 243, 68, 243, 68, 243, 68, 243, 68, 243, 68, 243, 68, 243, 68, 243, 68, 243, 68, 243, 68, 243, 68, 243, 45, 301, 201, 299, 48, 0)
False, False, 0.0126, (0, 69, 82, 46, 168, 85, 175, 285, 156, 285, 156, 285, 156, 285, 156, 285, 156, 285, 156, 285, 156, 285, 156, 285, 156, 285, 156, 285, 156, 285, 156, 285, 156, 285, 156, 285, 156, 285, 156, 285, 156, 285, 156, 285, 156, 285, 156, 285, 156, 285, 156, 285, 156, 285, 156, 285, 156, 285, 156, 285, 156, 285, 156, 285, 156, 285, 156, 285, 156, 285, 156, 285, 156, 285, 156, 285, 156, 285, 156, 285, 156, 285, 156, 285, 156, 285, 156, 285, 156, 285, 156, 175, 85, 168, 46, 82, 69, 0)
False, False, 0.015, (0, 281, 166, 199, 266, 171, 233, 189, 238, 207, 267, 148, 286, 148, 286, 148, 286, 148, 286, 148, 286, 148, 286, 148, 286, 148, 267, 207, 238, 248, 293, 233, 171, 266, 199, 85, 168, 46, 82, 0)
False, False, 0.0324, (0, 94, 166, 199, 266, 171, 233, 293, 248, 267, 148, 286, 148, 286, 148, 286, 148, 286, 148, 286, 148, 286, 148, 286, 148, 267, 207, 238, 248, 293, 233, 171, 266, 199, 166, 94, 0)
False, False, 0.0803, (0, 119, 27, 271, 43, 88, 61, 42, 5, 128, 5, 42, 93, 111, 89, 283, 24, 161, 74, 134, 107, 122, 224, 226, 110, 0)
False, False, 0.0091, (0, 154, 222, 17, 95, 23, 125, 71, 264, 71, 264, 71, 264, 71, 264, 71, 125, 23, 95, 17, 228, 154, 0)
False, False, 0.0176, (0, 256, 263, 247, 66, 180, 65, 100, 296, 269, 296, 269, 296, 269, 296, 269, 296, 269, 296, 269, 296, 269, 296, 269, 296, 269, 296, 269, 296, 269, 296, 269, 296, 269, 296, 143, 147, 108, 200, 206, 178, 182, 0)
False, False, 0.0097, (0, 256, 78, 263, 155, 247, 66, 180, 65, 100, 216, 173, 216, 173, 216, 173, 216, 173, 216, 173, 216, 173, 216, 173, 216, 173, 216, 173, 216, 173, 216, 173, 216, 100, 65, 180, 66, 247, 155, 263, 256, 0)
False, False, 0.0197, (0, 69, 82, 46, 168, 85, 175, 285, 175, 285, 175, 285, 175, 285, 156, 285, 175, 285, 175, 285, 175, 285, 175, 285, 175, 285, 175, 285, 175, 285, 175, 285, 175, 285, 175, 285, 175, 285, 175, 285, 175, 285, 156, 175, 285, 175, 285, 175, 285, 175, 285, 175, 85, 168, 46, 82, 69, 0)
False, False, 0.016, (0, 82, 46, 168, 85, 266, 171, 189, 238, 207, 35, 18, 64, 18, 35, 207, 238, 189, 171, 266, 85, 168, 46, 82, 0)
False, False, 0.011, (0, 131, 113, 254, 218, 104, 24, 283, 89, 93, 111, 93, 111, 61, 111, 93, 111, 61, 111, 93, 111, 93, 111, 93, 111, 93, 111, 93, 111, 93, 111, 93, 111, 93, 111, 93, 111, 61, 111, 93, 111, 93, 111, 93, 111, 93, 111, 93, 89, 283, 24, 104, 218, 254, 113, 131, 0)
False, False, 0.0404, (0, 256, 160, 258, 251, 229, 124, 69, 198, 11, 232, 240, 232, 240, 232, 240, 232, 240, 149, 240, 232, 198, 105, 261, 86, 176, 0)
False, False, 0.246, (0, 252, 225, 192, 33, 151, 239, 47, 12, 47, 12, 47, 239, 151, 219, 181, 0)
False, False, 0.0378, (0, 187, 241, 22, 268, 21, 90, 141, 90, 141, 90, 21, 90, 141, 90, 141, 90, 141, 90, 141, 90, 21, 90, 21, 90, 21, 90, 21, 90, 141, 90, 21, 90, 21, 90, 21, 268, 22, 241, 187, 0)
False, False, 0.0442, (0, 256, 250, 176, 66, 180, 65, 100, 165, 260, 165, 260, 165, 260, 165, 260, 165, 260, 165, 260, 165, 260, 165, 260, 165, 260, 165, 260, 165, 260, 165, 100, 65, 180, 66, 176, 250, 256, 0)
False, False, 0.0062, (0, 82, 46, 168, 85, 156, 293, 248, 267, 148, 286, 80, 26, 80, 26, 80, 26, 80, 26, 80, 26, 80, 26, 80, 26, 80, 26, 80, 26, 80, 26, 80, 26, 80, 26, 80, 286, 148, 267, 248, 293, 233, 171, 166, 281, 0)
False, False, 0.027, (0, 252, 110, 226, 224, 122, 188, 134, 74, 284, 161, 24, 283, 89, 283, 89, 283, 89, 283, 89, 283, 89, 283, 89, 283, 89, 283, 89, 283, 89, 283, 89, 283, 89, 283, 89, 283, 89, 283, 89, 283, 89, 283, 89, 283, 24, 161, 284, 74, 134, 107, 122, 224, 226, 110, 0)
False, False, 0.0641, (0, 256, 160, 258, 251, 303, 124, 198, 11, 281, 11, 198, 105, 261, 86, 176, 0)
False, False, 0.0259, (0, 256, 263, 155, 247, 66, 180, 65, 100, 173, 216, 173, 216, 173, 216, 173, 216, 173, 216, 173, 216, 173, 216, 173, 216, 173, 216, 173, 216, 173, 216, 173, 216, 173, 100, 65, 180, 66, 247, 176, 250, 256, 0)
False, False, 0.0051, (0, 69, 82, 46, 168, 85, 175, 156, 285, 156, 175, 156, 175, 156, 175, 156, 285, 156, 175, 156, 175, 156, 175, 156, 175, 156, 175, 156, 175, 156, 175, 156, 175, 156, 175, 156, 175, 156, 175, 156, 175, 156, 175, 156, 175, 156, 175, 156, 175, 156, 175, 156, 175, 156, 175, 156, 175, 85, 168, 46, 82, 69, 0)
False, False, 0.0084, (0, 94, 166, 85, 175, 285, 156, 175, 156, 175, 156, 175, 156, 285, 156, 285, 156, 175, 156, 175, 156, 175, 156, 175, 156, 175, 156, 175, 156, 175, 156, 175, 156, 175, 156, 175, 156, 175, 156, 175, 156, 175, 156, 175, 156, 175, 156, 175, 156, 175, 156, 175, 156, 175, 85, 166, 94, 0)
False, False, 0.0585, (0, 115, 54, 279, 78, 160, 258, 109, 203, 307, 237, 307, 237, 307, 237, 307, 237, 307, 237, 307, 237, 307, 237, 307, 237, 307, 237, 307, 237, 307, 237, 307, 203, 109, 258, 160, 78, 279, 54, 115, 0)
False, False, 0.0119, (0, 119, 27, 271, 43, 88, 61, 111, 93, 111, 93, 111, 93, 111, 93, 111, 93, 111, 93, 111, 93, 111, 93, 111, 93, 111, 93, 111, 93, 111, 93, 111, 61, 111, 61, 111, 61, 111, 93, 111, 93, 111, 93, 111, 61, 88, 43, 271, 27, 119, 0)
False, False, 0.1246, (0, 176, 86, 261, 105, 198, 11, 281, 11, 69, 124, 229, 251, 258, 160, 0)
False, False, 0.1333, (0, 176, 86, 261, 105, 198, 11, 232, 240, 149, 240, 149, 240, 149, 240, 149, 240, 149, 232, 198, 105, 261, 86, 176, 0)
False, False, 0.0081, (0, 225, 192, 33, 151, 239, 12, 47, 12, 239, 151, 33, 192, 0)
False, False, 0.0098, (0, 241, 22, 268, 110, 226, 224, 122, 188, 134, 280, 157, 183, 297, 183, 297, 183, 297, 183, 297, 183, 297, 183, 297, 183, 297, 183, 297, 183, 297, 183, 297, 183, 297, 183, 297, 183, 297, 274, 183, 157, 280, 134, 188, 122, 224, 226, 110, 268, 22, 241, 0)
False, False, 0.0234, (0, 131, 119, 27, 271, 43, 301, 45, 243, 68, 243, 68, 243, 68, 243, 68, 243, 68, 243, 68, 243, 68, 243, 68, 243, 68, 243, 68, 243, 68, 243, 68, 243, 68, 243, 68, 243, 68, 243, 68, 243, 68, 243, 68, 243, 68, 243, 68, 243, 45, 301, 201, 299, 48, 0)
False, False, 0.0419, (0, 246, 212, 180, 65, 100, 260, 167, 9, 204, 9, 167, 260, 100, 143, 147, 108, 53, 0)
False, False, 0.0, (0, 304, 220, 181, 209, 278, 14, 75, 14, 278, 231, 294, 236, 133, 0)
False, False, 0.0512, (0, 256, 160, 258, 251, 229, 124, 69, 198, 11, 232, 149, 240, 149, 232, 149, 232, 149, 232, 149, 232, 198, 105, 261, 86, 176, 0)
False, False, 0.0562, (0, 209, 76, 36, 55, 32, 123, 227, 300, 179, 298, 74, 284, 255, 174, 255, 174, 255, 174, 255, 174, 255, 174, 255, 174, 255, 174, 255, 174, 255, 174, 255, 284, 74, 298, 179, 300, 227, 123, 32, 55, 36, 152, 76, 209, 0)
False, False, 0.1028, (0, 187, 245, 34, 170, 215, 8, 73, 8, 215, 170, 244, 220, 304, 0)
False, False, 0.0105, (0, 133, 287, 193, 217, 158, 208, 262, 235, 289, 159, 289, 159, 289, 159, 289, 159, 289, 159, 289, 159, 289, 159, 289, 159, 289, 159, 289, 159, 289, 235, 262, 208, 158, 217, 193, 287, 133, 0)
False, False, 0.0036, (0, 165, 154, 282, 164, 103, 117, 49, 135, 38, 135, 38, 135, 38, 135, 38, 135, 38, 135, 38, 135, 38, 135, 38, 135, 38, 135, 38, 135, 38, 135, 38, 135, 38, 135, 38, 135, 38, 135, 38, 135, 38, 135, 38, 135, 38, 135, 38, 135, 38, 135, 38, 135, 38, 135, 38, 135, 38, 135, 38, 135, 38, 135, 38, 135, 38, 135, 38, 135, 38, 135, 38, 135, 38, 101, 38, 135, 49, 117, 103, 164, 282, 154, 165, 0)
False, False, 0.0252, (0, 195, 187, 241, 22, 268, 21, 90, 141, 90, 141, 90, 141, 90, 141, 90, 141, 90, 141, 90, 141, 90, 141, 90, 141, 90, 141, 90, 141, 90, 21, 268, 22, 241, 187, 0)
False, False, 0.0714, (0, 195, 58, 87, 131, 52, 102, 40, 2, 72, 2, 40, 102, 52, 131, 195, 0)
False, False, 0.0173, (0, 209, 76, 152, 36, 55, 32, 123, 300, 179, 298, 74, 284, 202, 99, 92, 99, 92, 99, 92, 99, 92, 99, 92, 99, 92, 99, 92, 99, 92, 99, 202, 284, 74, 298, 179, 300, 123, 32, 55, 36, 152, 76, 209, 0)
False, False, 0.0182, (0, 241, 22, 268, 110, 226, 224, 122, 188, 134, 280, 157, 280, 157, 280, 157, 280, 157, 280, 157, 280, 157, 280, 157, 280, 157, 183, 297, 274, 183, 157, 280, 157, 280, 157, 280, 157, 280, 157, 280, 134, 188, 122, 224, 226, 110, 268, 22, 241, 0)
False, False, 0.0205, (0, 241, 22, 268, 110, 226, 224, 122, 188, 134, 280, 157, 280, 157, 280, 157, 280, 157, 280, 157, 280, 157, 280, 157, 280, 157, 183, 297, 274, 297, 183, 157, 280, 157, 280, 157, 280, 157, 280, 157, 280, 134, 188, 122, 224, 226, 110, 192, 225, 252, 0)
False, False, 0.0302, (0, 256, 250, 257, 213, 66, 180, 65, 100, 216, 173, 216, 173, 216, 173, 216, 173, 216, 173, 216, 173, 216, 173, 216, 173, 216, 173, 216, 173, 216, 173, 216, 173, 100, 65, 180, 66, 213, 257, 250, 256, 0)
False, False, 0.0323, (0, 294, 278, 75, 76, 152, 219, 33, 219, 33, 219, 33, 219, 33, 219, 33, 219, 33, 219, 33, 219, 33, 219, 33, 219, 33, 219, 33, 219, 33, 219, 33, 219, 33, 219, 33, 219, 152, 76, 75, 278, 294, 0)
False, False, 0.1791, (0, 195, 187, 241, 22, 170, 215, 73, 8, 73, 8, 73, 215, 170, 244, 220, 304, 0)
False, False, 0.0143, (0, 119, 27, 271, 43, 88, 61, 111, 93, 111, 61, 111, 61, 111, 61, 111, 61, 111, 61, 111, 61, 111, 61, 111, 61, 111, 61, 111, 93, 89, 92, 174, 284, 74, 134, 107, 122, 224, 226, 110, 0)
False, False, 0.0616, (0, 58, 141, 113, 254, 218, 88, 201, 7, 301, 214, 301, 214, 301, 7, 201, 299, 48, 82, 69, 124, 0)
False, False, 0.066, (0, 133, 236, 294, 209, 278, 273, 14, 273, 14, 273, 278, 209, 294, 236, 133, 0)
False, False, 0.033, (0, 58, 141, 113, 254, 218, 88, 201, 7, 301, 214, 301, 7, 201, 299, 48, 82, 69, 124, 303, 251, 0)
False, False, 0.0635, (0, 115, 182, 277, 83, 288, 246, 230, 177, 230, 177, 230, 177, 230, 177, 230, 177, 230, 177, 230, 177, 230, 177, 230, 177, 230, 177, 230, 177, 230, 177, 230, 177, 246, 288, 83, 277, 182, 115, 0)
False, False, 0.0184, (0, 115, 67, 287, 193, 217, 158, 208, 262, 208, 262, 208, 262, 208, 262, 208, 262, 208, 262, 208, 262, 208, 262, 208, 262, 208, 262, 208, 236, 208, 262, 208, 262, 208, 236, 208, 158, 217, 193, 287, 133, 0)
False, False, 0.007, (0, 152, 36, 55, 32, 123, 227, 300, 179, 298, 74, 284, 174, 92, 99, 92, 99, 92, 99, 92, 99, 92, 99, 92, 99, 92, 99, 92, 99, 92, 174, 284, 74, 298, 179, 300, 227, 123, 32, 55, 36, 152, 0)
False, False, 0.0606, (0, 256, 250, 302, 66, 86, 261, 105, 9, 204, 9, 167, 260, 100, 65, 180, 66, 176, 250, 256, 0)
False, False, 0.0051, (0, 268, 110, 226, 224, 122, 298, 74, 284, 161, 24, 283, 89, 283, 89, 283, 89, 283, 89, 283, 89, 283, 89, 283, 89, 283, 89, 283, 89, 283, 89, 283, 89, 283, 89, 283, 89, 283, 89, 283, 89, 283, 24, 161, 284, 74, 134, 107, 122, 224, 226, 110, 268, 0)
False, False, 0.0204, (0, 133, 236, 294, 231, 278, 14, 273, 14, 278, 262, 158, 287, 0)
False, False, 0.087, (0, 54, 279, 78, 160, 258, 194, 223, 190, 31, 265, 30, 265, 30, 265, 30, 265, 30, 265, 30, 265, 30, 265, 30, 265, 30, 265, 30, 265, 30, 265, 31, 190, 31, 190, 31, 190, 223, 194, 258, 160, 78, 279, 54, 0)
False, False, 0.0066, (0, 115, 182, 277, 83, 288, 246, 177, 246, 230, 246, 230, 246, 230, 246, 177, 246, 230, 246, 230, 246, 230, 246, 230, 246, 230, 246, 230, 246, 230, 246, 230, 246, 177, 246, 177, 246, 288, 83, 277, 182, 115, 0)
False, False, 0.0545, (0, 115, 133, 287, 193, 217, 158, 208, 262, 294, 181, 209, 231, 235, 231, 235, 231, 235, 231, 235, 231, 235, 231, 235, 231, 235, 231, 235, 231, 235, 231, 235, 231, 235, 231, 235, 231, 235, 231, 235, 262, 208, 158, 217, 193, 287, 133, 0)
False, False, 0.0149, (0, 176, 66, 180, 65, 162, 167, 9, 204, 9, 167, 260, 100, 65, 180, 66, 176, 0)
False, False, 0.0714, (0, 195, 131, 52, 102, 40, 145, 72, 145, 72, 145, 72, 145, 72, 145, 72, 145, 72, 145, 72, 145, 72, 145, 72, 145, 72, 145, 72, 145, 72, 145, 72, 145, 40, 102, 52, 131, 87, 58, 195, 0)
False, False, 0.0088, (0, 256, 279, 250, 176, 66, 180, 65, 100, 260, 167, 9, 204, 9, 105, 261, 86, 66, 250, 256, 0)
False, False, 0.017, (0, 181, 76, 152, 36, 55, 32, 123, 227, 300, 179, 298, 179, 298, 179, 298, 179, 298, 179, 298, 179, 298, 179, 298, 179, 298, 179, 298, 179, 298, 179, 298, 179, 298, 179, 298, 179, 300, 227, 123, 32, 55, 36, 152, 278, 0)
False, False, 0.0473, (0, 87, 52, 102, 40, 2, 113, 2, 40, 102, 52, 131, 87, 0)
False, False, 0.0035, (0, 113, 254, 218, 104, 24, 283, 89, 111, 93, 42, 5, 128, 5, 42, 93, 111, 89, 283, 24, 104, 218, 254, 113, 0)
False, False, 0.0114, (0, 115, 182, 277, 83, 288, 246, 177, 246, 177, 246, 177, 246, 177, 246, 177, 246, 177, 246, 177, 246, 177, 246, 177, 246, 230, 177, 246, 177, 246, 177, 246, 177, 246, 288, 83, 277, 182, 115, 0)
False, False, 0.0017, (0, 115, 67, 287, 193, 217, 158, 208, 262, 294, 181, 91, 181, 91, 244, 91, 244, 91, 244, 91, 244, 91, 244, 91, 244, 91, 244, 91, 181, 294, 262, 208, 158, 217, 193, 287, 133, 0)
False, False, 0.015, (0, 181, 76, 152, 36, 55, 32, 123, 227, 300, 179, 298, 74, 284, 255, 174, 255, 174, 255, 174, 255, 174, 255, 174, 255, 174, 255, 174, 255, 174, 255, 284, 74, 298, 179, 300, 227, 123, 32, 55, 36, 152, 76, 181, 0)
False, False, 0.0507, (0, 67, 220, 244, 170, 215, 73, 8, 73, 8, 215, 170, 34, 187, 0)
False, False, 0.2209, (0, 195, 131, 52, 102, 40, 2, 113, 2, 40, 102, 52, 87, 58, 195, 0)
False, False, 0.005, (0, 268, 110, 226, 224, 306, 298, 74, 284, 255, 174, 92, 99, 92, 99, 92, 99, 92, 99, 92, 99, 92, 99, 92, 99, 92, 99, 92, 99, 92, 99, 202, 284, 74, 298, 179, 300, 227, 123, 32, 55, 36, 152, 76, 209, 0)
False, False, 0.0141, (0, 115, 54, 279, 78, 160, 258, 109, 203, 109, 203, 237, 307, 237, 307, 237, 307, 237, 307, 237, 307, 237, 307, 237, 307, 237, 203, 237, 203, 109, 203, 237, 307, 237, 203, 109, 258, 160, 78, 279, 54, 115, 0)
False, False, 0.0259, (0, 115, 67, 287, 193, 217, 158, 208, 236, 208, 236, 208, 236, 208, 236, 208, 236, 208, 236, 208, 236, 208, 236, 208, 236, 208, 236, 208, 236, 208, 236, 208, 236, 208, 236, 208, 236, 208, 236, 208, 236, 208, 236, 208, 158, 217, 193, 287, 133, 0)
False, False, 0.0113, (0, 176, 86, 261, 105, 198, 232, 240, 232, 240, 232, 240, 232, 240, 232, 240, 232, 240, 232, 240, 232, 11, 198, 105, 261, 86, 176, 0)
False, False, 0.0124, (0, 67, 304, 187, 241, 22, 170, 215, 73, 8, 73, 8, 73, 215, 170, 34, 187, 0)
False, False, 0.0351, (0, 241, 22, 268, 21, 90, 259, 185, 150, 185, 150, 185, 150, 185, 150, 185, 150, 113, 2, 40, 102, 52, 131, 87, 58, 195, 0)
False, False, 0.0061, (0, 241, 268, 21, 259, 185, 150, 113, 254, 218, 254, 218, 254, 218, 254, 218, 254, 218, 127, 104, 127, 104, 127, 104, 127, 104, 127, 218, 254, 218, 254, 218, 254, 218, 254, 218, 254, 113, 150, 185, 259, 21, 268, 241, 0)
False, False, 0.0302, (0, 131, 119, 27, 271, 43, 201, 7, 214, 301, 214, 301, 214, 301, 214, 7, 201, 43, 271, 27, 119, 69, 124, 251, 0)
False, False, 0.0434, (0, 252, 225, 192, 110, 226, 224, 122, 188, 134, 280, 157, 183, 297, 274, 297, 274, 297, 274, 297, 274, 297, 274, 297, 274, 297, 274, 297, 274, 297, 274, 297, 274, 297, 274, 297, 274, 297, 274, 297, 274, 297, 274, 297, 274, 297, 274, 297, 274, 183, 157, 280, 134, 188, 122, 224, 226, 110, 192, 225, 252, 0)
False, False, 0.0076, (0, 256, 279, 250, 176, 66, 180, 65, 162, 167, 9, 204, 9, 105, 261, 229, 251, 223, 258, 160, 256, 0)
False, False, 0.0116, (0, 54, 279, 78, 160, 258, 109, 203, 307, 237, 307, 237, 203, 109, 203, 109, 203, 109, 203, 109, 203, 109, 203, 109, 203, 109, 203, 109, 203, 109, 203, 109, 203, 109, 203, 109, 203, 109, 203, 109, 203, 109, 203, 109, 258, 160, 78, 279, 54, 0)
False, False, 0.0151, (0, 110, 226, 224, 122, 107, 134, 74, 284, 161, 24, 283, 89, 93, 111, 93, 111, 93, 111, 93, 111, 93, 111, 93, 111, 61, 111, 61, 111, 61, 111, 61, 111, 93, 111, 93, 111, 61, 111, 93, 89, 283, 24, 161, 284, 74, 134, 107, 122, 224, 226, 110, 0)
False, False, 0.0017, (0, 115, 256, 54, 256, 54, 256, 54, 256, 54, 256, 54, 256, 54, 256, 54, 256, 54, 256, 54, 256, 54, 256, 54, 256, 54, 256, 54, 256, 54, 256, 54, 256, 54, 256, 54, 256, 54, 256, 54, 256, 54, 256, 54, 256, 54, 256, 54, 256, 54, 256, 54, 256, 54, 256, 54, 256, 54, 256, 54, 256, 54, 115, 0)
False, False, 0.024, (0, 119, 27, 271, 43, 88, 45, 28, 44, 28, 44, 28, 44, 28, 44, 28, 44, 28, 44, 272, 44, 272, 28, 272, 28, 272, 28, 272, 28, 272, 28, 272, 44, 28, 44, 28, 272, 28, 272, 28, 272, 28, 272, 28, 44, 28, 44, 28, 44, 28, 44, 28, 44, 28, 44, 28, 44, 28, 44, 28, 44, 28, 45, 88, 43, 271, 27, 119, 0)
False, True, 0.0404, (0, 67, 187, 245, 220, 244, 91, 290, 184, 273, 75, 14, 273, 184, 290, 91, 181, 294, 262, 158, 217, 193, 287, 133, 0)
False, False, 0.0626, (0, 181, 76, 152, 36, 55, 32, 123, 227, 300, 179, 298, 74, 284, 275, 202, 275, 202, 275, 202, 275, 202, 275, 202, 275, 202, 275, 202, 275, 202, 284, 74, 298, 179, 300, 227, 123, 32, 55, 36, 152, 76, 209, 0)
False, False, 0.035, (0, 256, 279, 250, 263, 155, 257, 302, 213, 66, 86, 229, 303, 229, 303, 229, 303, 229, 303, 229, 303, 229, 303, 229, 303, 229, 303, 229, 303, 229, 303, 229, 303, 229, 303, 229, 303, 229, 86, 66, 213, 247, 257, 155, 263, 250, 78, 256, 0)
False, False, 0.0282, (0, 115, 54, 279, 78, 160, 258, 109, 203, 109, 203, 109, 203, 109, 203, 109, 203, 109, 203, 109, 203, 109, 203, 109, 203, 109, 203, 109, 203, 109, 203, 109, 203, 109, 203, 109, 203, 109, 203, 109, 203, 109, 203, 109, 203, 109, 258, 160, 78, 279, 54, 115, 0)
False, False, 0.0858, (0, 115, 54, 279, 78, 250, 263, 155, 257, 247, 257, 247, 257, 247, 302, 213, 302, 213, 302, 213, 302, 213, 302, 213, 302, 213, 302, 213, 302, 213, 302, 213, 302, 247, 257, 247, 257, 247, 257, 247, 257, 155, 263, 250, 78, 279, 54, 115, 0)
False, False, 0.0318, (0, 268, 21, 259, 185, 150, 113, 254, 218, 88, 7, 214, 301, 214, 7, 201, 43, 271, 27, 119, 0)
False, False, 0.0086, (0, 181, 76, 152, 36, 55, 32, 123, 227, 300, 179, 298, 74, 284, 275, 202, 99, 92, 99, 92, 99, 92, 99, 92, 99, 92, 99, 92, 99, 202, 275, 284, 74, 298, 179, 300, 227, 123, 32, 55, 36, 152, 76, 209, 0)
False, False, 0.0068, (0, 288, 53, 147, 143, 296, 269, 282, 222, 197, 196, 186, 17, 186, 17, 186, 196, 197, 222, 282, 269, 296, 143, 147, 53, 288, 0)
False, False, 0.0228, (0, 268, 21, 259, 185, 150, 113, 254, 218, 88, 7, 201, 7, 201, 43, 271, 27, 119, 30, 0)
False, False, 0.0084, (0, 54, 279, 78, 250, 263, 155, 257, 247, 257, 247, 257, 247, 257, 247, 257, 247, 257, 247, 257, 247, 257, 247, 257, 247, 257, 155, 176, 155, 176, 155, 176, 155, 263, 250, 78, 279, 54, 0)
False, False, 0.0014, (0, 66, 261, 105, 198, 11, 232, 240, 232, 11, 198, 105, 261, 66, 0)
False, False, 0.0198, (0, 115, 54, 279, 78, 250, 263, 155, 263, 155, 257, 247, 257, 247, 257, 247, 257, 247, 257, 247, 302, 213, 302, 247, 257, 247, 257, 247, 257, 247, 257, 155, 176, 155, 263, 250, 78, 279, 54, 115, 0)
False, False, 0.0043, (0, 251, 124, 69, 119, 27, 271, 43, 201, 7, 214, 301, 214, 301, 214, 7, 201, 299, 48, 82, 69, 124, 0)
False, False, 0.0891, (0, 181, 75, 76, 152, 36, 55, 32, 123, 227, 306, 191, 306, 191, 306, 191, 306, 191, 306, 191, 306, 191, 306, 191, 306, 191, 306, 191, 306, 191, 224, 191, 306, 227, 123, 32, 55, 36, 152, 76, 75, 209, 0)
False, False, 0.0432, (0, 241, 22, 268, 21, 90, 259, 185, 150, 292, 98, 292, 98, 292, 98, 292, 98, 292, 98, 292, 98, 292, 98, 292, 150, 185, 259, 122, 188, 122, 224, 226, 110, 192, 225, 252, 0)
False, False, 0.0115, (0, 252, 225, 192, 110, 226, 224, 122, 188, 134, 280, 157, 183, 274, 183, 157, 183, 157, 183, 157, 183, 157, 183, 157, 183, 157, 183, 157, 183, 157, 183, 157, 183, 157, 280, 134, 280, 134, 188, 122, 224, 226, 110, 192, 225, 181, 0)
False, False, 0.0724, (0, 209, 76, 152, 36, 55, 32, 123, 300, 179, 298, 74, 284, 275, 202, 99, 92, 99, 92, 99, 92, 99, 92, 99, 92, 99, 92, 99, 92, 174, 255, 284, 74, 298, 179, 300, 227, 123, 32, 55, 36, 152, 76, 209, 0)
False, False, 0.0239, (0, 252, 225, 192, 110, 226, 224, 122, 188, 134, 280, 157, 183, 274, 183, 274, 183, 274, 183, 157, 183, 157, 183, 157, 183, 157, 183, 157, 183, 157, 183, 157, 183, 157, 280, 134, 280, 134, 188, 122, 224, 226, 110, 192, 225, 252, 0)
False, False, 0.0021, (0, 241, 22, 268, 21, 259, 185, 150, 292, 98, 205, 163, 205, 169, 205, 169, 205, 163, 205, 163, 205, 163, 205, 163, 205, 163, 205, 163, 205, 169, 163, 205, 98, 292, 150, 185, 259, 141, 87, 58, 0)
False, False, 0.0233, (0, 115, 67, 287, 193, 217, 193, 217, 193, 217, 193, 217, 193, 217, 158, 217, 158, 217, 158, 217, 158, 217, 158, 217, 158, 217, 158, 217, 158, 217, 193, 287, 67, 115, 0)
False, False, 0.0031, (0, 119, 27, 271, 43, 88, 45, 28, 44, 28, 44, 28, 44, 28, 44, 28, 44, 28, 44, 28, 44, 28, 44, 28, 44, 28, 44, 28, 44, 28, 44, 28, 44, 272, 44, 28, 44, 28, 44, 28, 44, 28, 44, 28, 44, 28, 44, 28, 44, 28, 44, 272, 44, 28, 44, 28, 44, 28, 44, 28, 44, 28, 44, 28, 44, 28, 44, 28, 44, 28, 44, 28, 44, 28, 44, 28, 44, 28, 44, 28, 45, 88, 43, 271, 27, 119, 0)
False, False, 0.0168, (0, 152, 36, 55, 32, 123, 227, 300, 179, 298, 74, 284, 174, 255, 174, 255, 174, 255, 174, 255, 174, 255, 174, 255, 174, 255, 174, 255, 174, 255, 174, 284, 74, 298, 179, 300, 227, 123, 32, 55, 36, 152, 0)
False, False, 0.0083, (0, 209, 76, 152, 36, 55, 32, 123, 227, 300, 179, 298, 74, 284, 174, 255, 174, 255, 174, 255, 174, 255, 174, 255, 174, 255, 174, 255, 174, 255, 174, 255, 174, 284, 74, 298, 179, 300, 227, 123, 32, 55, 36, 76, 209, 0)
False, False, 0.0024, (0, 241, 22, 268, 110, 226, 224, 122, 188, 122, 188, 122, 188, 122, 188, 122, 188, 122, 188, 122, 188, 122, 188, 122, 188, 122, 188, 122, 188, 122, 188, 122, 188, 122, 188, 122, 188, 122, 188, 122, 188, 122, 188, 122, 188, 122, 188, 122, 188, 122, 188, 122, 188, 122, 188, 107, 188, 107, 188, 107, 188, 122, 188, 107, 188, 122, 224, 226, 110, 268, 22, 241, 0)
False, False, 0.0035, (0, 268, 110, 226, 224, 122, 107, 134, 298, 74, 284, 275, 202, 99, 92, 99, 92, 99, 92, 99, 92, 99, 92, 99, 92, 99, 92, 99, 92, 99, 92, 99, 92, 99, 92, 99, 92, 99, 202, 284, 74, 298, 134, 107, 122, 224, 226, 110, 268, 0)
False, False, 0.0038, (0, 133, 287, 193, 217, 158, 208, 262, 235, 231, 235, 231, 235, 231, 235, 231, 235, 231, 235, 231, 235, 231, 235, 231, 235, 231, 235, 231, 235, 231, 235, 231, 235, 231, 235, 262, 208, 262, 208, 158, 217, 193, 287, 133, 0)
False, False, 0.0098, (0, 268, 110, 226, 224, 122, 107, 134, 74, 284, 275, 202, 99, 92, 99, 92, 99, 92, 99, 92, 99, 92, 99, 92, 99, 92, 99, 92, 99, 92, 99, 92, 99, 92, 99, 92, 99, 202, 275, 284, 74, 134, 107, 122, 224, 226, 110, 268, 0)
False, False, 0.0017, (0, 181, 75, 76, 152, 36, 55, 32, 123, 227, 306, 191, 306, 191, 306, 191, 306, 191, 306, 191, 306, 191, 306, 191, 224, 191, 224, 191, 224, 191, 306, 191, 224, 191, 306, 227, 123, 32, 55, 36, 152, 76, 75, 181, 0)
False, False, 0.0333, (0, 181, 76, 152, 36, 55, 32, 123, 227, 300, 179, 298, 74, 284, 161, 284, 161, 284, 161, 24, 161, 24, 161, 24, 161, 24, 161, 24, 161, 24, 161, 284, 74, 298, 179, 300, 227, 123, 32, 55, 36, 152, 76, 209, 0)
False, False, 0.0312, (0, 209, 75, 76, 152, 36, 55, 32, 123, 227, 300, 179, 298, 74, 284, 161, 24, 161, 24, 161, 24, 161, 24, 161, 24, 161, 24, 161, 24, 161, 24, 161, 284, 74, 298, 179, 300, 227, 123, 32, 55, 36, 152, 76, 75, 209, 0)
False, False, 0.0079, (0, 241, 22, 268, 110, 226, 224, 122, 188, 134, 280, 157, 183, 274, 297, 274, 297, 274, 183, 274, 183, 274, 183, 274, 183, 274, 183, 274, 183, 274, 183, 274, 183, 274, 183, 157, 280, 134, 188, 122, 224, 226, 110, 192, 225, 252, 0)
False, False, 0.0716, (0, 58, 87, 141, 259, 185, 150, 292, 98, 205, 169, 205, 169, 163, 169, 163, 169, 205, 169, 205, 163, 169, 163, 169, 163, 169, 163, 169, 163, 169, 163, 205, 98, 292, 150, 185, 259, 141, 87, 58, 0)
False, False, 0.0064, (0, 241, 22, 268, 110, 226, 224, 122, 259, 185, 150, 292, 98, 205, 169, 205, 169, 205, 169, 205, 169, 205, 169, 205, 169, 205, 169, 205, 169, 205, 169, 205, 169, 205, 169, 205, 169, 205, 169, 163, 169, 163, 169, 205, 98, 292, 150, 185, 259, 141, 87, 58, 0)
False, False, 0.0717, (0, 241, 22, 268, 21, 259, 185, 150, 113, 254, 218, 254, 218, 254, 218, 254, 218, 254, 218, 254, 218, 127, 104, 127, 104, 127, 104, 127, 104, 127, 104, 127, 104, 127, 218, 254, 113, 150, 185, 259, 21, 268, 22, 241, 0)
False, False, 0.0168, (0, 241, 22, 268, 110, 226, 224, 122, 188, 134, 280, 134, 280, 134, 280, 134, 280, 134, 280, 134, 280, 134, 280, 134, 280, 134, 280, 134, 280, 134, 280, 134, 280, 157, 183, 297, 183, 157, 280, 134, 280, 134, 280, 134, 280, 134, 188, 122, 224, 226, 110, 192, 225, 252, 0)
False, False, 0.0242, (0, 241, 22, 268, 110, 226, 224, 122, 259, 185, 150, 292, 98, 205, 163, 205, 163, 205, 163, 205, 163, 205, 163, 205, 163, 169, 163, 169, 163, 205, 163, 205, 98, 292, 150, 185, 259, 141, 87, 58, 0)
False, False, 0.039, (0, 241, 268, 21, 259, 185, 150, 113, 254, 218, 254, 218, 127, 104, 127, 104, 127, 104, 127, 104, 127, 104, 127, 104, 127, 104, 127, 104, 127, 104, 127, 104, 127, 104, 127, 218, 254, 113, 150, 185, 259, 21, 268, 22, 241, 0)
False, False, 0.0526, (0, 241, 22, 268, 110, 226, 224, 122, 107, 19, 242, 19, 242, 19, 242, 19, 242, 19, 242, 19, 242, 19, 242, 19, 242, 19, 242, 19, 242, 19, 242, 19, 242, 19, 242, 19, 242, 19, 242, 19, 242, 19, 242, 19, 242, 19, 242, 259, 90, 21, 268, 22, 241, 0)
False, False, 0.0225, (0, 58, 87, 141, 259, 185, 150, 292, 98, 205, 163, 205, 163, 205, 163, 205, 169, 205, 169, 205, 163, 205, 163, 205, 163, 205, 163, 205, 163, 205, 98, 292, 150, 185, 259, 141, 87, 58, 0)
False, False, 0.0068, (0, 181, 75, 76, 152, 36, 55, 32, 123, 227, 300, 179, 298, 74, 284, 161, 284, 161, 284, 161, 24, 161, 24, 161, 24, 161, 24, 161, 284, 74, 298, 179, 300, 227, 123, 32, 55, 36, 152, 76, 75, 181, 0)
all_elementary, False
all_cyc2, False
