Instance, X-n322-k28
capacity, 868
min_trucks, 28
output_file, output_uchoa/X-n322-k28-ng8.log
Start date, 2022-06-25
Start time, 14-18-31
capacity, 868
num_vehicles, 28
abort_early, False
methods, ['ng8']
max_vars, 1000000
time_limit, 86400
farley, False
initial time, initial max_it, max_stale_it
1e-05, 2000000000.0, 20
heuristic Number of routes, heuristic Best Solution Value, heuristic number of iterations, adjusted time, adjusted max_it
889795, 29947.0, 62941, 1.0, 20000.0
method, python time, total time, propagated dominance time, unpropagated dominance time, pricing_success, upper_bound, lower_bound, abort_early, num_paths, 
ng8, 0.6, 418.3, 379.5, 27.4, 1, 29415.709, 27645.7647, 0, 1465
ng8, 0.2, 524.4, 479.3, 32.7, 1, 29343.7384, 28479.6368, 0, 357
ng8, 0.1, 535.7, 487.9, 34.8, 1, 29331.1432, 28975.2808, 0, 143
ng8, 0.1, 504.1, 458.7, 32.7, 1, 29329.4202, 28688.3779, 0, 82
ng8, 0.0, 534.3, 487.5, 33.9, 1, 29329.1176, 29106.4595, 0, 44
ng8, 0.0, 551.9, 504.3, 34.7, 1, 29329.1105, 29304.5908, 0, 6
ng8, 0.1, 576.3, 527.3, 36.0, 1, 29329.1104, 29329.1104, 0, 0
scip_total_time, 55652.276905
Solval, number of paths, impact cutoff
29329.110400039106, 242, 0.0001
Elementary, 2-Cycle, Path Value, Path
True, True, 0.0774, (0, 256, 32, 239, 286, 215, 315, 136, 157, 181, 175, 188, 0)
True, True, 0.0816, (0, 241, 277, 21, 274, 150, 84, 167, 9, 206, 212, 24, 283, 36, 0)
True, True, 0.0338, (0, 229, 7, 107, 37, 62, 165, 180, 309, 131, 94, 264, 0)
True, True, 0.0298, (0, 122, 25, 247, 301, 210, 41, 93, 240, 168, 310, 217, 261, 0)
True, True, 0.0557, (0, 49, 31, 185, 203, 318, 234, 146, 79, 319, 294, 127, 0)
True, True, 0.1848, (0, 219, 17, 258, 191, 88, 121, 189, 34, 267, 320, 96, 156, 0)
True, True, 0.0307, (0, 305, 280, 287, 141, 23, 272, 46, 232, 133, 20, 75, 202, 0)
True, True, 0.0976, (0, 252, 164, 111, 271, 71, 307, 262, 58, 236, 182, 33, 0)
True, True, 0.4437, (0, 69, 224, 132, 7, 165, 62, 37, 107, 229, 61, 130, 305, 0)
True, True, 0.07, (0, 39, 289, 91, 116, 83, 52, 200, 98, 205, 204, 292, 0)
True, True, 0.5977, (0, 33, 58, 236, 182, 43, 35, 214, 213, 207, 99, 54, 0)
True, True, 0.1419, (0, 64, 294, 319, 79, 146, 135, 89, 8, 139, 164, 252, 0)
True, True, 0.0435, (0, 211, 140, 225, 44, 246, 300, 227, 105, 197, 151, 268, 22, 0)
True, True, 0.044, (0, 27, 115, 65, 10, 248, 48, 290, 15, 63, 144, 148, 5, 0)
True, True, 0.0973, (0, 305, 130, 287, 141, 46, 272, 23, 257, 117, 38, 61, 0)
True, True, 0.0264, (0, 72, 40, 278, 121, 189, 34, 267, 320, 96, 156, 15, 63, 0)
True, True, 0.2127, (0, 3, 156, 96, 320, 267, 34, 189, 121, 278, 169, 28, 244, 0)
True, True, 0.0565, (0, 78, 221, 175, 181, 157, 136, 315, 215, 286, 239, 32, 163, 0)
True, True, 0.0445, (0, 72, 40, 86, 169, 278, 121, 189, 34, 267, 320, 96, 156, 0)
True, True, 0.07, (0, 47, 78, 221, 289, 91, 52, 200, 98, 235, 220, 6, 0)
True, True, 0.6304, (0, 5, 194, 148, 144, 3, 260, 226, 219, 4, 187, 82, 0)
True, True, 0.2051, (0, 277, 21, 274, 150, 84, 167, 9, 206, 212, 24, 283, 36, 266, 0)
True, True, 0.0739, (0, 28, 283, 24, 212, 206, 9, 167, 84, 150, 274, 21, 277, 241, 0)
True, True, 0.0445, (0, 226, 17, 258, 191, 88, 121, 189, 34, 267, 320, 96, 156, 0)
True, True, 0.0445, (0, 260, 17, 258, 191, 88, 121, 189, 34, 267, 320, 96, 156, 0)
True, True, 0.0583, (0, 312, 190, 183, 202, 311, 276, 53, 263, 26, 298, 166, 0)
True, True, 0.031, (0, 33, 58, 236, 182, 43, 35, 214, 213, 207, 99, 208, 0)
True, True, 0.5928, (0, 184, 230, 106, 177, 231, 193, 68, 113, 196, 281, 14, 81, 0)
True, True, 0.0142, (0, 111, 262, 307, 71, 271, 8, 89, 234, 318, 203, 31, 199, 0)
True, True, 0.3787, (0, 175, 181, 157, 136, 315, 237, 286, 239, 32, 256, 163, 0)
True, True, 0.2522, (0, 202, 75, 20, 141, 46, 272, 23, 257, 117, 38, 287, 0)
True, True, 0.2163, (0, 95, 2, 261, 209, 42, 118, 153, 80, 162, 249, 70, 0)
True, True, 0.0302, (0, 152, 179, 293, 94, 131, 291, 92, 159, 29, 45, 237, 0)
True, True, 0.2285, (0, 22, 285, 279, 102, 140, 211, 122, 282, 265, 233, 19, 284, 0)
True, True, 0.0474, (0, 295, 77, 269, 306, 303, 290, 48, 248, 10, 30, 115, 27, 0)
True, True, 0.2276, (0, 108, 145, 12, 192, 120, 178, 56, 195, 171, 112, 103, 0)
True, True, 0.0505, (0, 108, 145, 12, 192, 120, 171, 112, 302, 129, 104, 103, 0)
True, True, 0.1442, (0, 279, 197, 268, 151, 105, 227, 300, 246, 44, 225, 140, 102, 0)
True, True, 0.1411, (0, 47, 188, 78, 221, 91, 52, 200, 98, 220, 6, 186, 0)
True, True, 0.0435, (0, 104, 112, 302, 155, 241, 243, 114, 314, 299, 251, 120, 0)
True, True, 0.1479, (0, 301, 210, 67, 308, 198, 238, 119, 321, 11, 222, 25, 0)
True, True, 0.0652, (0, 127, 203, 318, 234, 89, 8, 271, 71, 307, 262, 111, 0)
True, True, 0.5249, (0, 186, 39, 6, 220, 235, 205, 204, 292, 55, 76, 124, 0)
True, True, 0.395, (0, 103, 112, 302, 155, 241, 243, 114, 314, 299, 251, 178, 0)
True, True, 0.1517, (0, 49, 31, 185, 203, 318, 234, 89, 8, 139, 164, 252, 0)
True, True, 0.4535, (0, 266, 100, 176, 154, 84, 167, 9, 206, 212, 24, 283, 36, 28, 244, 0)
True, True, 0.1403, (0, 260, 226, 17, 258, 191, 88, 13, 278, 169, 86, 40, 123, 72, 0)
True, True, 0.21, (0, 79, 146, 89, 8, 271, 71, 307, 262, 111, 139, 164, 0)
True, True, 0.2231, (0, 64, 127, 203, 318, 234, 89, 8, 139, 135, 319, 294, 0)
True, True, 0.2107, (0, 125, 270, 218, 149, 1, 59, 57, 128, 106, 230, 184, 109, 0)
True, True, 0.0972, (0, 32, 87, 223, 16, 304, 60, 297, 159, 29, 45, 237, 0)
True, True, 0.2348, (0, 194, 63, 15, 48, 290, 303, 248, 10, 65, 316, 208, 27, 0)
True, True, 0.045, (0, 312, 190, 183, 26, 263, 254, 158, 250, 298, 166, 143, 0)
True, True, 0.2641, (0, 6, 220, 98, 200, 52, 91, 289, 221, 78, 188, 47, 0)
True, True, 0.294, (0, 312, 166, 190, 183, 26, 158, 250, 298, 59, 1, 97, 0)
True, True, 0.1363, (0, 108, 12, 192, 120, 178, 56, 195, 171, 112, 302, 104, 0)
True, True, 0.0385, (0, 239, 87, 223, 16, 304, 60, 297, 159, 29, 45, 215, 0)
True, True, 0.0604, (0, 77, 269, 306, 303, 290, 48, 248, 10, 30, 65, 115, 27, 0)
True, True, 0.1856, (0, 126, 51, 173, 138, 317, 242, 142, 101, 185, 31, 199, 49, 128, 0)
True, True, 0.1818, (0, 166, 190, 183, 26, 263, 254, 158, 250, 298, 59, 1, 0)
True, True, 0.0625, (0, 188, 181, 157, 136, 315, 215, 286, 239, 32, 256, 163, 0)
True, True, 0.1915, (0, 161, 269, 306, 30, 65, 115, 316, 208, 54, 196, 281, 0)
True, True, 0.1336, (0, 163, 256, 32, 215, 286, 237, 315, 136, 157, 181, 175, 289, 0)
True, True, 0.0531, (0, 233, 265, 147, 253, 301, 247, 255, 25, 122, 211, 201, 0)
True, True, 0.0441, (0, 97, 1, 59, 250, 158, 254, 263, 26, 183, 190, 166, 0)
True, True, 0.0796, (0, 70, 239, 87, 223, 16, 304, 60, 297, 159, 29, 315, 0)
True, True, 0.2216, (0, 202, 311, 276, 53, 138, 317, 242, 142, 101, 51, 173, 254, 0)
True, True, 0.0135, (0, 47, 163, 32, 215, 286, 237, 315, 136, 157, 181, 175, 221, 0)
True, True, 0.0142, (0, 199, 185, 203, 318, 234, 89, 8, 271, 71, 307, 262, 58, 0)
True, True, 0.1274, (0, 312, 190, 183, 26, 263, 254, 158, 250, 298, 166, 218, 0)
True, True, 0.0937, (0, 145, 12, 192, 120, 56, 195, 171, 112, 302, 104, 129, 244, 0)
True, True, 0.1997, (0, 18, 50, 57, 128, 177, 231, 193, 68, 113, 14, 81, 109, 0)
True, True, 0.3023, (0, 215, 45, 304, 16, 223, 87, 118, 42, 209, 261, 2, 0)
True, True, 0.1274, (0, 149, 1, 59, 250, 158, 254, 263, 26, 183, 190, 312, 143, 0)
True, True, 0.1222, (0, 280, 130, 287, 257, 272, 23, 141, 46, 232, 133, 75, 202, 0)
True, True, 0.0191, (0, 176, 154, 150, 274, 21, 277, 243, 114, 314, 299, 251, 0)
True, True, 0.044, (0, 125, 160, 57, 128, 177, 231, 193, 68, 113, 281, 14, 81, 0)
True, True, 0.313, (0, 129, 104, 171, 155, 241, 243, 114, 314, 299, 251, 56, 195, 0)
True, True, 0.1792, (0, 70, 249, 162, 153, 118, 42, 209, 261, 80, 95, 19, 0)
True, True, 0.1253, (0, 288, 295, 77, 269, 306, 303, 290, 48, 15, 63, 148, 5, 0)
True, True, 0.0386, (0, 70, 87, 223, 16, 304, 60, 297, 159, 29, 136, 157, 0)
True, True, 0.0752, (0, 27, 208, 99, 207, 213, 214, 10, 248, 48, 15, 63, 194, 0)
True, True, 0.0171, (0, 162, 87, 223, 16, 304, 60, 297, 159, 29, 315, 157, 175, 0)
True, True, 0.3239, (0, 109, 18, 170, 50, 160, 97, 149, 218, 143, 270, 125, 275, 0)
True, True, 0.0678, (0, 205, 296, 224, 69, 73, 131, 94, 293, 179, 152, 83, 0)
True, True, 0.0498, (0, 47, 188, 78, 221, 91, 52, 200, 98, 205, 204, 292, 0)
True, True, 0.4051, (0, 39, 235, 98, 200, 52, 91, 289, 221, 78, 188, 47, 0)
True, True, 0.0882, (0, 33, 111, 262, 307, 71, 271, 89, 234, 318, 203, 127, 0)
True, True, 0.2092, (0, 222, 119, 238, 198, 308, 67, 41, 93, 240, 168, 310, 0)
True, True, 0.0729, (0, 175, 181, 136, 29, 159, 92, 291, 264, 74, 134, 116, 0)
True, True, 0.0882, (0, 252, 111, 262, 307, 71, 271, 8, 135, 146, 79, 319, 294, 0)
True, True, 0.0135, (0, 78, 175, 181, 157, 315, 237, 286, 215, 239, 32, 256, 163, 0)
True, True, 0.0309, (0, 205, 296, 69, 73, 180, 309, 131, 94, 264, 83, 0)
True, True, 0.2834, (0, 134, 74, 92, 297, 60, 304, 16, 223, 87, 162, 249, 70, 0)
True, True, 0.2032, (0, 103, 302, 155, 277, 21, 274, 150, 154, 176, 100, 266, 129, 0)
True, True, 0.049, (0, 95, 2, 147, 253, 301, 247, 25, 122, 282, 265, 19, 0)
True, True, 0.0482, (0, 269, 306, 303, 290, 48, 248, 10, 30, 115, 316, 208, 27, 0)
True, True, 0.0534, (0, 120, 178, 251, 299, 314, 114, 243, 195, 171, 112, 104, 0)
True, True, 0.0142, (0, 109, 81, 14, 281, 113, 68, 193, 177, 128, 57, 50, 160, 170, 0)
True, True, 0.0976, (0, 207, 182, 43, 35, 236, 262, 307, 71, 271, 111, 164, 0)
True, True, 0.0171, (0, 249, 87, 223, 16, 304, 60, 297, 159, 29, 136, 157, 0)
True, True, 0.0558, (0, 85, 268, 151, 227, 300, 246, 44, 225, 140, 102, 279, 22, 0)
True, True, 0.2738, (0, 86, 169, 278, 13, 88, 121, 189, 34, 267, 320, 96, 156, 0)
True, True, 0.1659, (0, 199, 127, 294, 319, 79, 146, 135, 139, 164, 252, 33, 0)
True, True, 0.1417, (0, 216, 273, 27, 208, 316, 65, 30, 306, 269, 295, 288, 0)
True, True, 0.0131, (0, 252, 79, 135, 139, 8, 89, 234, 318, 203, 127, 64, 0)
True, True, 0.2285, (0, 22, 85, 268, 151, 105, 227, 300, 246, 44, 225, 211, 201, 0)
True, True, 0.0077, (0, 289, 83, 152, 179, 94, 293, 264, 74, 136, 157, 181, 175, 0)
True, True, 0.0325, (0, 120, 178, 251, 299, 314, 114, 243, 195, 171, 302, 129, 0)
True, True, 0.1856, (0, 51, 173, 138, 317, 242, 142, 101, 185, 31, 199, 49, 57, 50, 0)
True, True, 0.1253, (0, 27, 115, 65, 30, 10, 248, 303, 290, 48, 15, 63, 144, 0)
True, True, 0.2033, (0, 233, 147, 253, 301, 210, 41, 93, 240, 168, 310, 217, 2, 0)
True, True, 0.0607, (0, 315, 45, 29, 159, 297, 60, 304, 16, 223, 87, 239, 0)
True, True, 0.0572, (0, 280, 130, 287, 38, 117, 37, 62, 165, 107, 7, 229, 292, 0)
True, True, 0.0692, (0, 18, 160, 57, 128, 177, 231, 193, 68, 113, 281, 14, 81, 0)
True, True, 0.0543, (0, 229, 7, 107, 165, 62, 37, 117, 38, 287, 130, 305, 76, 0)
True, True, 0.0501, (0, 5, 148, 144, 63, 15, 48, 290, 306, 269, 161, 273, 0)
True, True, 0.0131, (0, 199, 127, 203, 318, 234, 89, 8, 139, 135, 146, 252, 0)
True, True, 0.1237, (0, 174, 66, 228, 108, 145, 12, 192, 103, 104, 129, 244, 0)
True, True, 0.0106, (0, 61, 38, 117, 37, 62, 165, 107, 7, 132, 73, 69, 0)
True, True, 0.0769, (0, 181, 157, 136, 29, 159, 92, 291, 264, 74, 134, 116, 0)
True, True, 0.033, (0, 27, 115, 30, 10, 248, 48, 290, 303, 306, 269, 273, 216, 0)
True, True, 0.0212, (0, 123, 40, 86, 13, 88, 191, 258, 17, 156, 15, 63, 194, 0)
True, True, 0.0119, (0, 123, 86, 278, 121, 189, 34, 267, 320, 96, 156, 15, 63, 0)
True, True, 0.0646, (0, 116, 83, 152, 179, 293, 264, 74, 136, 315, 157, 181, 175, 0)
True, True, 0.1856, (0, 295, 77, 269, 306, 30, 65, 115, 316, 208, 54, 196, 0)
True, True, 0.1645, (0, 175, 134, 74, 291, 92, 297, 60, 159, 29, 45, 237, 215, 0)
True, True, 0.0572, (0, 204, 296, 69, 73, 132, 180, 309, 131, 291, 74, 134, 0)
True, True, 0.0196, (0, 252, 164, 139, 111, 271, 71, 307, 262, 58, 182, 33, 0)
True, True, 0.4884, (0, 296, 224, 73, 132, 180, 309, 131, 94, 293, 179, 152, 0)
True, True, 0.1266, (0, 116, 134, 74, 264, 291, 92, 159, 29, 45, 237, 286, 0)
True, True, 0.1231, (0, 313, 211, 140, 225, 44, 246, 300, 227, 105, 197, 268, 85, 0)
True, True, 0.0219, (0, 50, 57, 128, 177, 231, 193, 68, 113, 196, 281, 14, 81, 0)
True, True, 0.2234, (0, 313, 233, 282, 122, 25, 255, 253, 147, 2, 95, 0)
True, True, 0.0311, (0, 205, 296, 179, 293, 94, 131, 291, 264, 74, 134, 83, 0)
True, True, 0.0177, (0, 26, 263, 53, 276, 311, 133, 232, 20, 280, 305, 76, 124, 0)
True, True, 0.0057, (0, 247, 301, 11, 321, 238, 198, 308, 67, 41, 93, 2, 0)
True, True, 0.0582, (0, 170, 50, 57, 128, 177, 231, 193, 68, 113, 281, 14, 81, 216, 0)
True, True, 0.0252, (0, 164, 111, 307, 71, 271, 8, 89, 234, 318, 203, 127, 0)
True, True, 0.079, (0, 124, 55, 305, 280, 202, 311, 276, 53, 254, 158, 250, 0)
True, True, 0.0383, (0, 72, 40, 169, 13, 88, 191, 258, 17, 156, 15, 63, 194, 0)
True, True, 0.1609, (0, 22, 285, 279, 102, 197, 105, 151, 268, 85, 120, 12, 145, 0)
True, True, 0.0177, (0, 143, 312, 26, 263, 53, 276, 311, 202, 280, 305, 55, 76, 0)
True, True, 0.1001, (0, 27, 115, 316, 207, 213, 214, 10, 248, 303, 306, 269, 0)
True, True, 0.1298, (0, 25, 222, 119, 321, 11, 210, 41, 93, 240, 168, 310, 217, 0)
True, True, 0.1502, (0, 5, 148, 144, 63, 15, 48, 290, 303, 248, 10, 30, 115, 0)
True, True, 0.0492, (0, 19, 233, 265, 282, 122, 211, 102, 197, 151, 85, 22, 0)
True, True, 0.0097, (0, 313, 22, 285, 102, 197, 268, 151, 85, 120, 192, 12, 0)
True, True, 0.0082, (0, 273, 269, 306, 30, 65, 115, 316, 208, 54, 196, 281, 0)
True, True, 0.0142, (0, 49, 199, 127, 294, 319, 79, 146, 135, 164, 252, 231, 0)
True, True, 0.0059, (0, 76, 305, 280, 75, 20, 232, 133, 311, 276, 53, 183, 190, 0)
True, True, 0.0111, (0, 99, 43, 35, 236, 58, 262, 307, 71, 271, 139, 164, 252, 0)
True, True, 0.0487, (0, 75, 133, 232, 46, 141, 23, 272, 257, 117, 38, 305, 0)
True, True, 0.1696, (0, 285, 102, 140, 225, 44, 246, 300, 227, 151, 197, 268, 85, 0)
True, True, 0.0752, (0, 27, 208, 316, 99, 207, 213, 214, 10, 248, 303, 290, 77, 0)
True, True, 0.0252, (0, 252, 164, 139, 111, 71, 307, 262, 236, 35, 43, 182, 0)
True, True, 0.0061, (0, 27, 115, 316, 99, 207, 213, 214, 10, 248, 48, 290, 77, 0)
True, True, 0.093, (0, 171, 277, 21, 274, 150, 167, 9, 206, 212, 24, 283, 36, 28, 0)
True, True, 0.0654, (0, 239, 87, 223, 16, 304, 60, 297, 92, 74, 264, 83, 0)
True, True, 0.2149, (0, 217, 310, 168, 240, 67, 308, 198, 238, 321, 11, 210, 301, 0)
True, True, 0.1199, (0, 20, 133, 232, 46, 141, 23, 257, 117, 38, 287, 280, 0)
True, True, 0.1061, (0, 99, 214, 35, 43, 236, 58, 262, 307, 71, 271, 111, 252, 0)
True, True, 0.0917, (0, 305, 130, 61, 38, 117, 257, 272, 46, 141, 20, 280, 0)
False, True, 0.25, (0, 259, 90, 216, 137, 172, 273, 161, 288, 90, 259, 0)
False, True, 0.1583, (0, 245, 66, 174, 284, 201, 313, 108, 228, 66, 174, 0)
False, True, 0.4209, (0, 245, 110, 228, 313, 201, 284, 174, 66, 245, 110, 0)
False, True, 0.0808, (0, 312, 166, 298, 250, 158, 254, 263, 26, 183, 190, 312, 0)
False, True, 0.017, (0, 90, 216, 137, 172, 295, 77, 161, 273, 172, 137, 216, 0)
False, True, 0.1454, (0, 110, 228, 108, 145, 120, 192, 12, 145, 108, 228, 0)
False, True, 0.0065, (0, 110, 228, 108, 145, 120, 192, 12, 145, 108, 110, 0)
False, True, 0.4072, (0, 126, 51, 173, 138, 317, 242, 142, 101, 185, 31, 199, 49, 126, 0)
False, True, 0.0164, (0, 233, 282, 122, 25, 255, 247, 253, 147, 265, 233, 0)
False, True, 0.25, (0, 259, 90, 216, 137, 172, 273, 161, 77, 295, 288, 259, 0)
False, True, 0.1368, (0, 95, 80, 153, 118, 42, 209, 261, 80, 153, 162, 249, 0)
False, True, 0.3109, (0, 64, 127, 203, 318, 234, 135, 146, 79, 319, 294, 64, 0)
False, True, 0.0295, (0, 263, 53, 276, 311, 75, 20, 232, 133, 311, 276, 53, 183, 0)
True, True, 0.345, (0, 61, 229, 7, 107, 37, 62, 165, 180, 309, 73, 69, 0)
False, True, 0.1389, (0, 66, 174, 163, 256, 32, 239, 162, 249, 70, 256, 163, 0)
False, True, 0.0496, (0, 116, 83, 134, 74, 264, 293, 94, 179, 152, 83, 116, 289, 0)
False, True, 0.1415, (0, 170, 160, 50, 184, 230, 106, 128, 57, 160, 170, 18, 109, 0)
True, True, 0.0739, (0, 22, 85, 151, 197, 105, 227, 300, 246, 44, 225, 140, 211, 0)
False, True, 0.1921, (0, 53, 276, 311, 133, 232, 20, 75, 311, 276, 53, 263, 298, 0)
False, True, 0.1529, (0, 186, 124, 76, 55, 296, 205, 204, 292, 55, 76, 124, 186, 0)
False, True, 0.0635, (0, 254, 53, 276, 311, 133, 232, 20, 75, 311, 276, 53, 263, 0)
True, True, 0.1181, (0, 280, 287, 38, 117, 257, 23, 272, 46, 232, 133, 20, 0)
True, True, 0.0252, (0, 127, 203, 318, 234, 89, 8, 271, 111, 262, 307, 58, 0)
False, True, 0.0283, (0, 186, 47, 163, 256, 70, 249, 162, 239, 32, 256, 47, 0)
False, True, 0.0357, (0, 163, 70, 80, 153, 261, 209, 42, 118, 153, 80, 95, 0)
False, True, 0.1406, (0, 285, 279, 102, 140, 225, 44, 246, 300, 227, 105, 197, 279, 285, 0)
False, True, 0.0458, (0, 12, 192, 56, 251, 299, 314, 114, 243, 195, 56, 192, 0)
True, True, 0.0038, (0, 217, 310, 168, 93, 41, 67, 308, 198, 238, 119, 222, 0)
False, True, 0.0401, (0, 56, 251, 299, 314, 114, 243, 195, 56, 178, 120, 145, 0)
False, True, 0.0393, (0, 19, 265, 282, 122, 25, 255, 247, 253, 147, 265, 201, 0)
False, True, 0.0085, (0, 54, 207, 213, 214, 35, 43, 236, 182, 213, 207, 54, 0)
False, True, 0.1848, (0, 82, 187, 4, 72, 123, 40, 226, 260, 219, 4, 187, 82, 0)
True, True, 0.0976, (0, 252, 111, 271, 71, 307, 262, 58, 182, 43, 35, 213, 99, 0)
True, True, 0.1377, (0, 134, 264, 291, 92, 297, 60, 159, 29, 45, 286, 215, 0)
True, True, 0.093, (0, 28, 36, 283, 24, 212, 206, 9, 84, 150, 274, 21, 277, 241, 0)
False, True, 0.0207, (0, 22, 285, 102, 140, 225, 44, 246, 300, 227, 105, 197, 102, 0)
False, True, 0.2002, (0, 211, 255, 247, 301, 210, 11, 321, 119, 222, 247, 255, 265, 0)
False, True, 0.0646, (0, 22, 285, 279, 85, 268, 197, 105, 151, 85, 279, 285, 22, 313, 0)
False, True, 0.0059, (0, 143, 312, 166, 298, 250, 158, 26, 183, 190, 166, 312, 0)
False, True, 0.233, (0, 90, 288, 137, 172, 295, 77, 161, 273, 172, 137, 216, 0)
False, True, 0.0726, (0, 204, 292, 124, 76, 55, 305, 280, 130, 296, 205, 204, 292, 0)
False, True, 0.0792, (0, 72, 123, 40, 86, 13, 88, 191, 258, 17, 86, 40, 123, 72, 0)
True, True, 0.0714, (0, 280, 287, 38, 117, 257, 272, 23, 141, 232, 133, 202, 0)
False, True, 0.0191, (0, 129, 100, 154, 150, 274, 21, 277, 176, 154, 100, 266, 244, 0)
False, True, 0.2107, (0, 275, 125, 270, 143, 218, 149, 97, 160, 170, 18, 125, 275, 0)
False, True, 0.2294, (0, 116, 83, 264, 291, 131, 94, 293, 179, 152, 83, 116, 0)
False, True, 0.0085, (0, 273, 161, 269, 306, 30, 65, 316, 208, 27, 273, 0)
False, True, 0.1048, (0, 233, 282, 147, 253, 247, 255, 25, 122, 282, 233, 0)
False, True, 0.1274, (0, 275, 270, 143, 312, 166, 59, 1, 97, 149, 218, 143, 270, 275, 0)
True, True, 0.2092, (0, 222, 119, 238, 198, 308, 67, 41, 93, 240, 310, 217, 0)
True, True, 0.1568, (0, 86, 13, 121, 189, 34, 267, 320, 96, 191, 258, 17, 3, 0)
False, True, 0.1625, (0, 284, 19, 265, 147, 253, 255, 25, 122, 282, 265, 19, 0)
False, True, 0.117, (0, 72, 123, 40, 86, 17, 258, 191, 13, 278, 169, 40, 123, 72, 0)
False, True, 0.0311, (0, 83, 152, 264, 291, 131, 94, 293, 179, 152, 83, 116, 0)
True, True, 0.0252, (0, 252, 164, 139, 111, 271, 71, 262, 236, 35, 43, 182, 0)
True, True, 0.2054, (0, 247, 11, 321, 238, 198, 308, 67, 41, 93, 168, 217, 0)
False, True, 0.0298, (0, 95, 80, 153, 209, 42, 118, 153, 80, 95, 19, 284, 0)
False, True, 0.0147, (0, 166, 298, 158, 254, 53, 276, 311, 202, 190, 166, 312, 0)
False, True, 0.055, (0, 109, 18, 170, 160, 50, 57, 128, 106, 230, 184, 170, 109, 0)
True, True, 0.0147, (0, 1, 59, 250, 254, 263, 53, 276, 311, 202, 190, 312, 143, 0)
False, True, 0.0147, (0, 252, 135, 89, 8, 271, 71, 307, 262, 111, 164, 135, 252, 0)
False, True, 0.093, (0, 104, 100, 176, 154, 84, 167, 150, 274, 21, 277, 176, 100, 104, 0)
False, True, 0.0741, (0, 147, 253, 247, 222, 119, 321, 11, 210, 301, 253, 147, 0)
True, True, 0.0423, (0, 83, 264, 291, 92, 159, 29, 45, 237, 315, 157, 181, 0)
False, True, 0.0575, (0, 192, 178, 56, 195, 243, 114, 314, 299, 251, 178, 192, 0)
False, True, 0.1, (0, 80, 153, 118, 42, 209, 261, 153, 80, 95, 19, 201, 0)
False, True, 0.0485, (0, 280, 75, 20, 141, 23, 272, 257, 117, 38, 287, 130, 280, 0)
False, True, 0.0761, (0, 72, 123, 40, 86, 17, 258, 191, 88, 13, 278, 169, 40, 123, 0)
True, True, 0.0973, (0, 63, 15, 156, 17, 258, 191, 88, 13, 278, 169, 123, 72, 244, 0)
False, True, 0.0447, (0, 296, 229, 7, 107, 37, 62, 165, 180, 309, 69, 296, 0)
False, True, 0.0739, (0, 28, 36, 154, 150, 274, 21, 277, 176, 154, 100, 266, 129, 0)
False, True, 0.0452, (0, 129, 266, 100, 176, 154, 150, 274, 21, 277, 155, 302, 129, 0)
False, True, 0.0892, (0, 202, 75, 133, 232, 141, 23, 272, 46, 232, 133, 75, 280, 0)
False, True, 0.001, (0, 76, 305, 130, 61, 229, 107, 37, 62, 165, 7, 229, 61, 0)
False, True, 0.0096, (0, 305, 280, 130, 61, 229, 107, 37, 62, 165, 7, 229, 296, 0)
True, True, 0.0038, (0, 222, 119, 238, 198, 308, 67, 41, 93, 240, 168, 217, 0)
False, True, 0.022, (0, 122, 25, 247, 301, 11, 321, 119, 222, 25, 122, 282, 0)
True, True, 0.0282, (0, 202, 75, 20, 141, 46, 272, 257, 117, 38, 287, 305, 0)
True, True, 0.0018, (0, 305, 130, 38, 117, 257, 23, 272, 46, 232, 133, 20, 0)
all_elementary, False
all_cyc2, True
