Instance, X-n420-k130
capacity, 18
min_trucks, 130
output_file, output_uchoa/X-n420-k130-ng8.log
Start date, 2022-06-24
Start time, 01-02-19
capacity, 18
num_vehicles, 130
abort_early, False
methods, ['ng8']
max_vars, 1000000
time_limit, 86400
farley, False
initial time, initial max_it, max_stale_it
1e-05, 2000000000.0, 20
heuristic Number of routes, heuristic Best Solution Value, heuristic number of iterations, adjusted time, adjusted max_it
14986, 107966.0, 2000, 10.0, 2000.0
method, python time, total time, propagated dominance time, unpropagated dominance time, pricing_success, upper_bound, lower_bound, abort_early, num_paths, 
ng8, 0.5, 0.4, 0.1, 0.1, 1, 107361.4875, -107906.5823, 0, 2755
ng8, 0.1, 1.1, 0.3, 0.2, 1, 107361.4875, 79984.8863, 0, 497
ng8, 0.0, 1.3, 0.4, 0.3, 1, 107312.1102, 101852.1102, 0, 106
ng8, -0.0, 1.4, 0.4, 0.3, 1, 107272.5162, 104432.0447, 0, 31
ng8, -0.0, 1.4, 0.4, 0.3, 1, 107270.867, 105268.1526, 0, 6
ng8, -0.0, 1.4, 0.4, 0.3, 1, 107268.5591, 106748.5591, 0, 6
ng8, -0.0, 1.4, 0.4, 0.3, 1, 107267.3073, 107267.3073, 0, 0
scip_total_time, 20070.909723
Solval, number of paths, impact cutoff
107267.30725068387, 319, 0.0001
Elementary, 2-Cycle, Path Value, Path
True, True, 0.7376, (0, 166, 119, 196, 0)
True, True, 0.0857, (0, 42, 79, 118, 107, 0)
True, True, 0.1724, (0, 245, 149, 92, 0)
True, True, 1.0, (0, 133, 266, 0)
True, True, 0.9758, (0, 240, 194, 25, 225, 373, 0)
True, True, 0.8932, (0, 51, 10, 177, 12, 0)
True, True, 0.8034, (0, 146, 99, 338, 39, 0)
True, True, 0.2689, (0, 101, 360, 289, 400, 213, 0)
True, True, 1.0, (0, 30, 274, 230, 0)
True, True, 0.3932, (0, 191, 29, 0)
True, True, 0.3932, (0, 136, 145, 121, 0)
True, True, 0.3932, (0, 367, 142, 390, 0)
True, True, 0.5646, (0, 127, 269, 250, 284, 261, 0)
True, True, 0.5358, (0, 380, 26, 122, 0)
True, True, 0.9645, (0, 326, 206, 280, 0)
True, True, 1.0, (0, 414, 2, 0)
True, True, 0.7858, (0, 120, 72, 139, 0)
True, True, 0.6071, (0, 113, 286, 0)
True, True, 0.8213, (0, 60, 207, 86, 88, 0)
True, True, 0.3932, (0, 91, 123, 0)
True, True, 1.0, (0, 56, 23, 0)
True, True, 1.0, (0, 130, 14, 67, 131, 0)
True, True, 0.5, (0, 378, 180, 205, 0)
True, True, 1.0, (0, 203, 37, 0)
True, True, 1.0, (0, 34, 124, 137, 295, 0)
True, True, 1.0, (0, 350, 273, 0)
True, True, 0.5, (0, 345, 28, 0)
True, True, 1.0, (0, 392, 234, 0)
True, True, 0.2375, (0, 402, 403, 294, 0)
True, True, 0.706, (0, 413, 334, 321, 0)
True, True, 0.2375, (0, 304, 227, 319, 0)
True, True, 1.0, (0, 406, 288, 249, 36, 0)
True, True, 0.0575, (0, 71, 98, 366, 0)
True, True, 0.679, (0, 3, 401, 0)
True, True, 0.6684, (0, 325, 299, 0)
True, True, 0.4527, (0, 347, 313, 223, 242, 0)
True, True, 0.6818, (0, 341, 394, 308, 0)
True, True, 0.6818, (0, 210, 202, 388, 0)
True, True, 0.7727, (0, 307, 285, 279, 0)
True, True, 0.625, (0, 359, 188, 181, 259, 0)
True, True, 0.625, (0, 215, 111, 372, 0)
True, True, 1.0, (0, 333, 78, 0)
True, True, 0.3026, (0, 267, 239, 382, 340, 0)
True, True, 0.7737, (0, 103, 238, 0)
True, True, 0.5, (0, 327, 300, 0)
True, True, 1.0, (0, 144, 344, 0)
True, True, 1.0, (0, 293, 389, 349, 381, 0)
True, True, 1.0, (0, 183, 47, 0)
True, True, 0.8503, (0, 179, 44, 173, 0)
True, True, 1.0, (0, 24, 305, 1, 0)
True, True, 1.0, (0, 48, 252, 0)
True, True, 1.0, (0, 171, 132, 0)
True, True, 1.0, (0, 192, 160, 209, 0)
True, True, 0.6667, (0, 87, 55, 152, 0)
True, True, 0.8503, (0, 184, 96, 40, 0)
True, True, 1.0, (0, 11, 135, 0)
True, True, 0.5374, (0, 193, 62, 0)
True, True, 0.2707, (0, 138, 155, 172, 0)
True, True, 1.0, (0, 58, 129, 8, 197, 0)
True, True, 1.0, (0, 167, 94, 162, 115, 0)
True, True, 0.942, (0, 21, 27, 0)
True, True, 0.7293, (0, 53, 125, 82, 117, 0)
True, True, 0.7873, (0, 148, 41, 112, 0)
True, True, 0.8646, (0, 109, 81, 49, 0)
True, True, 0.7873, (0, 93, 161, 7, 0)
True, True, 1.0, (0, 20, 153, 0)
True, True, 1.0, (0, 9, 32, 0)
True, True, 0.4751, (0, 156, 164, 0)
True, True, 0.9421, (0, 158, 90, 0)
True, True, 0.7376, (0, 16, 100, 17, 0)
True, True, 0.7376, (0, 13, 4, 108, 75, 0)
True, True, 0.9421, (0, 201, 104, 46, 0)
True, True, 0.614, (0, 66, 42, 79, 118, 265, 0)
True, True, 0.2058, (0, 384, 236, 297, 0)
True, True, 0.0333, (0, 282, 200, 335, 365, 26, 0)
True, True, 0.5, (0, 371, 378, 291, 0)
True, True, 0.0594, (0, 387, 228, 336, 409, 0)
True, True, 0.6188, (0, 294, 302, 418, 0)
True, True, 0.7625, (0, 351, 227, 403, 0)
True, True, 0.0801, (0, 328, 391, 399, 0)
True, True, 0.5, (0, 73, 59, 22, 0)
True, True, 0.5658, (0, 224, 222, 382, 0)
True, True, 1.0, (0, 199, 343, 157, 0)
True, True, 0.5658, (0, 312, 267, 63, 0)
True, True, 0.2218, (0, 68, 62, 128, 159, 0)
True, True, 0.1102, (0, 15, 151, 193, 0)
True, True, 0.4751, (0, 5, 163, 190, 0)
True, True, 0.1236, (0, 150, 66, 141, 186, 0)
True, True, 0.5, (0, 253, 314, 220, 375, 0)
True, True, 0.6068, (0, 367, 29, 145, 0)
True, True, 0.6079, (0, 200, 335, 365, 237, 363, 0)
True, True, 0.5207, (0, 292, 282, 6, 0)
True, True, 0.3929, (0, 154, 113, 170, 241, 0)
True, True, 0.25, (0, 110, 409, 364, 208, 0)
True, True, 0.5, (0, 345, 290, 0)
True, True, 0.3525, (0, 319, 396, 374, 304, 0)
True, True, 0.5, (0, 73, 303, 0)
True, True, 0.25, (0, 243, 407, 264, 0)
True, True, 0.5, (0, 258, 246, 33, 0)
True, True, 0.5, (0, 278, 300, 0)
True, True, 0.5, (0, 229, 19, 176, 0)
True, True, 0.1497, (0, 74, 184, 96, 0)
True, True, 0.7687, (0, 97, 151, 140, 0)
True, True, 0.614, (0, 178, 92, 245, 0)
True, True, 0.6068, (0, 283, 213, 369, 0)
True, True, 0.67, (0, 411, 297, 216, 212, 0)
True, True, 0.4309, (0, 380, 255, 26, 0)
True, True, 0.0477, (0, 292, 365, 237, 363, 0)
True, True, 0.4282, (0, 263, 91, 339, 0)
True, True, 0.5, (0, 28, 290, 0)
True, True, 0.5, (0, 374, 276, 268, 80, 322, 0)
True, True, 0.4517, (0, 342, 257, 217, 362, 0)
True, True, 0.75, (0, 398, 407, 0)
True, True, 0.2263, (0, 219, 242, 223, 313, 0)
True, True, 0.3182, (0, 262, 394, 202, 0)
True, True, 0.2263, (0, 412, 103, 248, 0)
True, True, 1.0, (0, 311, 275, 43, 0)
True, True, 1.0, (0, 76, 323, 168, 287, 0)
True, True, 0.1497, (0, 173, 44, 179, 40, 0)
True, True, 0.6667, (0, 15, 159, 128, 69, 0)
True, True, 0.2665, (0, 102, 54, 116, 0)
True, True, 0.0579, (0, 201, 104, 90, 0)
True, True, 0.7863, (0, 134, 52, 149, 0)
True, True, 0.5, (0, 314, 220, 393, 0)
True, True, 1.0, (0, 379, 187, 317, 231, 0)
True, True, 0.294, (0, 301, 271, 334, 321, 0)
True, True, 0.375, (0, 33, 246, 188, 181, 0)
True, True, 0.5, (0, 318, 19, 229, 0)
True, True, 0.2127, (0, 93, 82, 53, 0)
True, True, 0.1354, (0, 125, 109, 161, 7, 0)
True, True, 0.2998, (0, 121, 191, 31, 0)
True, True, 0.6068, (0, 126, 57, 136, 123, 77, 0)
True, True, 0.2664, (0, 328, 405, 391, 410, 0)
True, True, 0.2939, (0, 415, 226, 329, 354, 0)
True, True, 0.6684, (0, 366, 18, 361, 0)
True, True, 0.321, (0, 242, 251, 270, 0)
True, True, 0.1316, (0, 357, 239, 340, 0)
True, True, 1.0, (0, 417, 185, 0)
True, True, 0.1211, (0, 193, 151, 68, 74, 0)
True, True, 0.5249, (0, 156, 38, 0)
True, True, 0.2763, (0, 348, 265, 178, 150, 0)
True, True, 0.6068, (0, 254, 306, 0)
True, True, 0.3932, (0, 256, 390, 142, 126, 0)
True, True, 0.09, (0, 268, 232, 374, 0)
True, True, 1.0, (0, 310, 221, 247, 0)
True, True, 0.25, (0, 106, 398, 0)
True, True, 0.3316, (0, 320, 325, 361, 0)
True, True, 0.2273, (0, 342, 257, 341, 217, 0)
True, True, 0.0579, (0, 158, 83, 0)
True, True, 0.321, (0, 377, 3, 362, 342, 223, 0)
True, True, 0.0193, (0, 161, 81, 0)
True, True, 0.2137, (0, 142, 390, 256, 134, 0)
True, True, 0.3958, (0, 352, 395, 332, 211, 0)
True, True, 0.0801, (0, 328, 391, 244, 0)
True, True, 0.4809, (0, 331, 386, 404, 0)
True, True, 0.3182, (0, 281, 370, 388, 0)
True, True, 0.2841, (0, 358, 224, 210, 0)
True, True, 0.1316, (0, 382, 340, 251, 0)
True, True, 0.75, (0, 110, 336, 228, 387, 0)
True, True, 0.4527, (0, 298, 408, 324, 0)
True, True, 0.3316, (0, 18, 299, 320, 0)
True, True, 0.5249, (0, 5, 163, 175, 0)
True, True, 0.3588, (0, 200, 284, 250, 269, 127, 0)
True, True, 0.5, (0, 35, 205, 291, 0)
True, True, 0.4342, (0, 337, 358, 340, 239, 0)
True, True, 0.0242, (0, 373, 101, 360, 289, 400, 0)
True, True, 0.3932, (0, 122, 283, 256, 0)
True, True, 0.4354, (0, 236, 384, 261, 0)
True, True, 0.33, (0, 255, 237, 363, 0)
True, True, 0.3525, (0, 319, 396, 235, 386, 0)
True, True, 0.5191, (0, 98, 71, 404, 0)
True, True, 0.2273, (0, 307, 285, 262, 0)
True, True, 0.6, (0, 101, 315, 316, 277, 64, 360, 0)
True, True, 0.1033, (0, 413, 294, 385, 0)
True, True, 0.2106, (0, 416, 309, 296, 217, 257, 0)
True, True, 0.1932, (0, 140, 193, 68, 0)
True, True, 0.1242, (0, 353, 297, 216, 212, 213, 0)
True, True, 0.0333, (0, 411, 255, 380, 0)
True, True, 0.3932, (0, 282, 292, 306, 0)
True, True, 0.4235, (0, 235, 71, 98, 296, 0)
True, True, 0.0381, (0, 114, 193, 140, 0)
True, True, 0.2058, (0, 255, 216, 212, 0)
True, True, 0.5473, (0, 405, 408, 324, 0)
True, True, 0.0355, (0, 326, 122, 206, 0)
True, True, 0.41, (0, 232, 268, 304, 0)
True, True, 0.125, (0, 370, 111, 372, 0)
True, True, 0.6042, (0, 332, 218, 214, 0)
True, True, 0.5733, (0, 399, 410, 391, 174, 0)
True, True, 0.1906, (0, 413, 409, 387, 364, 0)
True, True, 0.4318, (0, 264, 370, 281, 0)
True, True, 0.3932, (0, 70, 369, 254, 0)
True, True, 0.0575, (0, 319, 374, 331, 235, 0)
True, True, 0.0355, (0, 60, 280, 122, 0)
True, True, 0.1787, (0, 88, 91, 339, 0)
True, True, 0.0146, (0, 214, 351, 385, 0)
True, True, 0.3932, (0, 241, 170, 6, 77, 0)
True, True, 0.2142, (0, 154, 286, 139, 0)
True, True, 0.1316, (0, 357, 337, 270, 0)
True, True, 0.0621, (0, 236, 127, 384, 0)
True, True, 0.2832, (0, 54, 190, 116, 0)
True, True, 0.5, (0, 204, 70, 375, 393, 253, 0)
True, True, 0.5473, (0, 412, 270, 198, 251, 0)
True, True, 0.3369, (0, 359, 106, 320, 0)
True, True, 0.25, (0, 111, 259, 215, 0)
True, True, 0.3958, (0, 395, 218, 211, 0)
True, True, 1.0, (0, 376, 397, 368, 84, 0)
True, True, 0.2127, (0, 112, 41, 117, 0)
True, True, 0.75, (0, 95, 189, 50, 143, 0)
True, True, 0.2263, (0, 238, 412, 219, 0)
True, True, 0.0413, (0, 204, 39, 12, 177, 0)
True, True, 0.3812, (0, 385, 214, 352, 0)
True, True, 0.5, (0, 258, 327, 0)
True, True, 0.2624, (0, 100, 164, 75, 0)
True, True, 0.1906, (0, 402, 418, 336, 0)
True, True, 0.295, (0, 396, 331, 415, 0)
True, True, 0.0381, (0, 359, 106, 296, 0)
True, True, 0.1906, (0, 143, 371, 189, 263, 0)
True, True, 0.0404, (0, 294, 385, 383, 0)
True, True, 0.2127, (0, 38, 148, 89, 0)
True, True, 0.25, (0, 372, 281, 222, 0)
True, True, 1.0, (0, 419, 260, 355, 330, 0)
True, True, 0.1115, (0, 97, 68, 159, 15, 0)
True, True, 0.0833, (0, 354, 329, 415, 416, 0)
True, True, 0.307, (0, 57, 191, 121, 0)
True, True, 0.0867, (0, 196, 119, 118, 0)
True, True, 0.5, (0, 322, 80, 232, 276, 0)
True, True, 0.5, (0, 176, 318, 278, 0)
True, True, 0.4321, (0, 416, 309, 226, 329, 354, 0)
True, True, 0.25, (0, 50, 371, 339, 0)
True, True, 0.5473, (0, 298, 219, 248, 347, 195, 0)
True, True, 0.0144, (0, 282, 365, 363, 0)
True, True, 0.1501, (0, 198, 224, 222, 358, 0)
True, True, 0.0355, (0, 120, 72, 154, 207, 0)
True, True, 0.1666, (0, 235, 331, 386, 309, 0)
True, True, 0.1316, (0, 358, 239, 312, 267, 0)
True, True, 0.5594, (0, 301, 364, 208, 0)
True, True, 0.0594, (0, 143, 371, 189, 95, 0)
True, True, 0.0242, (0, 240, 194, 25, 225, 39, 0)
True, True, 0.3026, (0, 198, 312, 357, 0)
True, True, 0.0144, (0, 365, 284, 250, 335, 0)
True, True, 0.1068, (0, 70, 400, 289, 360, 101, 10, 0)
True, True, 0.1697, (0, 383, 352, 351, 385, 271, 0)
True, True, 0.0533, (0, 383, 352, 395, 351, 385, 0)
True, True, 0.2086, (0, 182, 83, 116, 0)
True, True, 0.8564, (0, 107, 165, 65, 0)
True, True, 0.4342, (0, 63, 357, 337, 0)
True, True, 0.0655, (0, 204, 39, 12, 99, 0)
True, True, 0.2273, (0, 401, 377, 362, 313, 0)
True, True, 0.1603, (0, 244, 410, 399, 0)
True, True, 0.0341, (0, 222, 370, 210, 0)
True, True, 0.5, (0, 180, 35, 409, 0)
True, True, 0.4503, (0, 54, 89, 138, 172, 0)
True, True, 0.3812, (0, 271, 402, 302, 0)
True, True, 0.1436, (0, 186, 165, 31, 0)
True, True, 0.2624, (0, 4, 108, 164, 0)
True, True, 0.0861, (0, 57, 6, 170, 241, 0)
True, True, 0.2408, (0, 114, 68, 62, 0)
True, True, 0.2137, (0, 118, 42, 79, 92, 348, 0)
True, True, 0.1436, (0, 31, 150, 65, 186, 0)
True, True, 1.0, (0, 272, 346, 356, 45, 0)
True, True, 0.2624, (0, 141, 166, 13, 0)
True, True, 0.0774, (0, 81, 49, 7, 0)
True, True, 0.2624, (0, 31, 141, 17, 0)
True, True, 0.1432, (0, 60, 207, 339, 0)
True, True, 0.0144, (0, 237, 384, 127, 269, 0)
True, True, 0.137, (0, 329, 226, 415, 366, 296, 416, 0)
True, True, 0.0538, (0, 309, 296, 415, 329, 354, 0)
True, True, 0.1551, (0, 271, 385, 395, 383, 0)
True, True, 0.125, (0, 259, 246, 33, 215, 0)
True, True, 0.0385, (0, 292, 282, 170, 241, 0)
True, True, 0.0937, (0, 174, 401, 377, 313, 0)
True, True, 0.5, (0, 303, 59, 22, 0)
True, True, 0.1467, (0, 233, 301, 244, 328, 174, 0)
True, True, 0.137, (0, 377, 416, 309, 296, 366, 415, 226, 354, 0)
True, True, 0.2417, (0, 175, 190, 116, 169, 0)
True, True, 0.1787, (0, 120, 286, 154, 86, 0)
True, True, 0.721, (0, 74, 114, 155, 85, 0)
True, True, 0.0655, (0, 51, 177, 99, 338, 39, 0)
True, True, 0.0082, (0, 74, 97, 155, 0)
True, True, 0.1906, (0, 228, 418, 402, 0)
True, True, 0.0909, (0, 341, 264, 308, 370, 0)
True, True, 0.1863, (0, 244, 405, 399, 174, 0)
True, True, 0.0621, (0, 335, 284, 250, 269, 0)
True, True, 0.2823, (0, 353, 384, 365, 335, 0)
True, True, 0.1758, (0, 141, 196, 66, 0)
False, True, 0.1906, (0, 263, 208, 95, 263, 0)
True, True, 0.3333, (0, 105, 55, 69, 0)
True, True, 0.1115, (0, 15, 128, 68, 97, 0)
False, False, 0.3333, (0, 105, 87, 105, 152, 0)
False, True, 0.0893, (0, 154, 72, 241, 170, 72, 154, 0)
False, False, 0.2263, (0, 195, 248, 195, 0)
False, True, 0.4267, (0, 233, 328, 244, 233, 0)
False, False, 0.375, (0, 243, 106, 243, 0)
False, True, 0.2273, (0, 262, 308, 279, 264, 262, 0)
True, True, 0.2, (0, 400, 289, 64, 316, 0)
False, True, 0.1105, (0, 377, 257, 217, 377, 0)
False, False, 0.2084, (0, 383, 211, 383, 0)
False, True, 0.0346, (0, 348, 245, 52, 348, 31, 0)
True, True, 0.058, (0, 161, 49, 125, 53, 0)
False, False, 0.5, (0, 61, 186, 61, 0)
False, False, 0.0387, (0, 125, 81, 125, 0)
True, True, 0.0867, (0, 66, 79, 42, 119, 141, 0)
False, True, 0.5, (0, 147, 102, 83, 147, 0)
False, True, 0.1791, (0, 348, 245, 52, 348, 150, 0)
False, True, 0.279, (0, 182, 172, 138, 85, 89, 182, 0)
True, True, 0.0891, (0, 119, 141, 186, 0)
False, True, 0.1311, (0, 204, 338, 146, 204, 0)
True, True, 0.2, (0, 400, 289, 277, 316, 315, 0)
True, True, 0.2, (0, 400, 289, 277, 64, 315, 0)
False, False, 0.0824, (0, 383, 385, 383, 0)
False, False, 0.2967, (0, 353, 236, 353, 411, 0)
False, True, 0.0579, (0, 31, 46, 107, 150, 31, 0)
True, True, 0.058, (0, 21, 82, 0)
False, True, 0.1097, (0, 150, 265, 178, 150, 0)
True, True, 0.2335, (0, 169, 175, 102, 83, 182, 0)
False, True, 0.0655, (0, 204, 146, 99, 204, 0)
False, True, 0.0413, (0, 348, 149, 51, 348, 0)
True, True, 0.058, (0, 27, 117, 89, 0)
False, True, 0.2624, (0, 169, 38, 16, 169, 0)
all_elementary, False
all_cyc2, False
