Instance, X-n469-k138
capacity, 256
min_trucks, 139
output_file, output_uchoa/X-n469-k138-cyc2.log
Start date, 2022-06-23
Start time, 16-48-48
capacity, 256
num_vehicles, 139
abort_early, False
methods, ['cyc2']
max_vars, 1000000
time_limit, 86400
farley, False
initial time, initial max_it, max_stale_it
1e-05, 2000000000.0, 20
heuristic Number of routes, heuristic Best Solution Value, heuristic number of iterations, adjusted time, adjusted max_it
30757, 223747.0, 2000, 10.0, 2000.0
method, python time, total time, propagated dominance time, unpropagated dominance time, pricing_success, upper_bound, lower_bound, abort_early, num_paths, 
cyc2, 0.1, 24.7, 0.0, 0.0, 1, 221087.9502, 211812.5154, 0, 154
cyc2, 0.0, 24.5, 0.0, 0.0, 1, 220876.8285, 216718.2109, 0, 36
cyc2, 0.1, 24.7, 0.0, 0.0, 1, 220861.6909, 220626.9639, 0, 2
cyc2, 0.0, 24.7, 0.0, 0.0, 1, 220861.6909, 220861.6909, 0, 0
scip_total_time, 20192.365071
Solval, number of paths, impact cutoff
220861.69085589267, 415, 0.0001
Elementary, 2-Cycle, Path Value, Path
True, True, 0.1913, (0, 158, 179, 404, 240, 0)
True, True, 0.904, (0, 451, 302, 328, 0)
True, True, 0.6184, (0, 7, 460, 312, 0)
True, True, 0.904, (0, 32, 276, 279, 339, 0)
True, True, 0.9505, (0, 359, 85, 316, 0)
True, True, 0.0533, (0, 37, 228, 393, 0)
True, True, 0.6904, (0, 413, 440, 16, 0)
True, True, 0.9505, (0, 407, 233, 399, 0)
True, True, 0.5818, (0, 174, 171, 119, 137, 0)
True, True, 0.75, (0, 163, 409, 331, 344, 0)
True, True, 0.3233, (0, 299, 420, 405, 0)
True, True, 0.1847, (0, 215, 428, 115, 0)
True, True, 0.777, (0, 408, 227, 293, 0)
True, True, 0.4403, (0, 255, 53, 297, 120, 0)
True, True, 0.1847, (0, 458, 165, 313, 0)
True, True, 0.1847, (0, 368, 22, 436, 0)
True, True, 0.3659, (0, 456, 166, 419, 0)
True, True, 0.5363, (0, 219, 341, 69, 338, 0)
True, True, 0.8153, (0, 68, 374, 194, 0)
True, True, 0.9965, (0, 281, 394, 210, 0)
True, True, 0.9965, (0, 51, 188, 67, 0)
True, True, 0.6781, (0, 268, 35, 390, 441, 0)
True, True, 0.7122, (0, 418, 83, 134, 0)
True, True, 0.5661, (0, 116, 92, 380, 326, 0)
True, True, 1.0, (0, 214, 234, 156, 0)
True, True, 0.3245, (0, 335, 264, 454, 0)
True, True, 0.5, (0, 86, 360, 467, 0)
True, True, 0.5121, (0, 153, 76, 314, 0)
True, True, 0.7137, (0, 213, 289, 3, 0)
True, True, 0.3038, (0, 40, 254, 321, 443, 0)
True, True, 0.7978, (0, 33, 379, 160, 91, 0)
True, True, 0.535, (0, 185, 224, 54, 0)
True, True, 0.7978, (0, 349, 4, 20, 0)
True, True, 0.2468, (0, 114, 139, 241, 0)
True, True, 0.8949, (0, 15, 43, 196, 0)
True, True, 0.1557, (0, 202, 75, 145, 0)
True, True, 0.8949, (0, 286, 244, 439, 0)
True, True, 0.0549, (0, 370, 305, 190, 183, 0)
True, True, 1.0, (0, 193, 82, 303, 0)
True, True, 0.3448, (0, 442, 298, 59, 352, 0)
True, True, 0.3448, (0, 389, 392, 266, 198, 0)
True, True, 0.5, (0, 2, 150, 433, 0)
True, True, 0.4611, (0, 432, 361, 149, 0)
True, True, 0.3624, (0, 81, 211, 285, 0)
True, True, 0.3801, (0, 385, 93, 29, 0)
True, True, 0.8276, (0, 30, 424, 411, 0)
True, True, 0.4222, (0, 450, 218, 235, 0)
True, True, 0.6171, (0, 263, 151, 8, 0)
True, True, 0.5632, (0, 373, 222, 256, 0)
True, True, 0.5, (0, 262, 87, 70, 62, 0)
True, True, 0.8153, (0, 465, 382, 453, 0)
True, True, 0.0991, (0, 272, 146, 126, 427, 0)
True, True, 0.2405, (0, 50, 277, 108, 0)
True, True, 0.3694, (0, 18, 345, 215, 0)
True, True, 0.1847, (0, 250, 270, 334, 109, 0)
True, True, 0.8153, (0, 423, 436, 61, 0)
True, True, 0.2718, (0, 456, 166, 458, 0)
True, True, 0.1743, (0, 398, 330, 177, 0)
True, True, 0.9094, (0, 340, 327, 170, 34, 0)
True, True, 0.7796, (0, 435, 329, 304, 0)
True, True, 0.2753, (0, 282, 406, 457, 284, 0)
True, True, 0.2753, (0, 162, 90, 71, 0)
True, True, 0.3138, (0, 147, 335, 203, 0)
True, True, 0.006, (0, 86, 449, 323, 0)
True, True, 0.1304, (0, 57, 238, 105, 26, 0)
True, True, 0.2017, (0, 209, 77, 187, 0)
True, True, 0.2022, (0, 379, 20, 189, 0)
True, True, 0.7532, (0, 1, 114, 19, 0)
True, True, 0.2022, (0, 4, 33, 421, 0)
True, True, 0.5756, (0, 190, 246, 152, 23, 0)
True, True, 0.6376, (0, 136, 181, 285, 0)
True, True, 0.1724, (0, 169, 66, 283, 0)
True, True, 0.3331, (0, 102, 9, 221, 452, 0)
True, True, 0.4196, (0, 280, 81, 237, 301, 0)
True, True, 0.5, (0, 226, 247, 202, 0)
True, True, 0.7816, (0, 319, 216, 94, 0)
True, True, 0.2696, (0, 228, 158, 89, 0)
True, True, 0.2495, (0, 143, 46, 306, 204, 0)
True, True, 0.6306, (0, 345, 428, 18, 0)
True, True, 0.223, (0, 293, 430, 334, 0)
True, True, 0.8153, (0, 165, 115, 250, 0)
True, True, 0.75, (0, 324, 366, 140, 197, 0)
True, True, 0.2878, (0, 25, 356, 88, 290, 0)
True, True, 0.8222, (0, 177, 252, 98, 0)
True, True, 0.5368, (0, 308, 383, 242, 0)
True, True, 0.0572, (0, 437, 148, 35, 0)
True, True, 0.1039, (0, 402, 130, 364, 178, 0)
True, True, 0.9428, (0, 191, 291, 243, 333, 0)
True, True, 0.3858, (0, 132, 459, 265, 0)
True, True, 1.0, (0, 173, 122, 113, 0)
True, True, 0.5, (0, 445, 448, 287, 232, 0)
True, True, 0.7017, (0, 138, 144, 187, 0)
True, True, 0.6608, (0, 112, 365, 391, 0)
True, True, 0.465, (0, 185, 14, 189, 0)
True, True, 0.3333, (0, 353, 372, 249, 0)
True, True, 1.0, (0, 63, 236, 73, 0)
True, True, 0.8153, (0, 368, 175, 22, 0)
True, True, 0.7016, (0, 27, 369, 36, 0)
True, True, 0.263, (0, 326, 203, 362, 0)
True, True, 0.5, (0, 342, 448, 287, 232, 0)
True, True, 0.2017, (0, 323, 449, 155, 0)
True, True, 0.2201, (0, 320, 55, 238, 76, 0)
True, True, 0.3538, (0, 58, 145, 309, 350, 0)
True, True, 0.3538, (0, 47, 315, 104, 0)
True, True, 0.2654, (0, 422, 14, 189, 0)
True, True, 0.0085, (0, 376, 206, 101, 15, 0)
True, True, 1.0, (0, 378, 261, 267, 0)
True, True, 0.2017, (0, 103, 182, 231, 0)
True, True, 0.3068, (0, 381, 230, 412, 0)
True, True, 1.0, (0, 318, 45, 322, 0)
True, True, 0.364, (0, 10, 149, 385, 0)
True, True, 0.6552, (0, 283, 79, 66, 0)
True, True, 0.3289, (0, 221, 29, 263, 0)
True, True, 0.5804, (0, 271, 127, 237, 301, 0)
True, True, 0.1511, (0, 312, 460, 404, 0)
True, True, 0.4876, (0, 351, 204, 306, 143, 0)
True, True, 0.3809, (0, 455, 425, 355, 0)
True, True, 0.0355, (0, 197, 366, 123, 387, 0)
True, True, 1.0, (0, 12, 347, 195, 0)
True, True, 0.1796, (0, 134, 176, 264, 0)
True, True, 0.068, (0, 147, 118, 388, 380, 0)
True, True, 0.5154, (0, 157, 332, 248, 217, 0)
True, True, 0.4879, (0, 154, 55, 238, 314, 0)
True, True, 0.2863, (0, 289, 129, 207, 186, 0)
True, True, 0.6608, (0, 462, 443, 49, 395, 0)
True, True, 0.0307, (0, 1, 139, 416, 0)
True, True, 0.3949, (0, 381, 230, 182, 0)
True, True, 0.0972, (0, 300, 10, 5, 0)
True, True, 0.291, (0, 39, 221, 29, 0)
True, True, 0.1724, (0, 66, 79, 411, 0)
True, True, 0.946, (0, 367, 466, 463, 0)
True, True, 0.4271, (0, 240, 296, 37, 0)
True, True, 0.9505, (0, 429, 363, 41, 0)
True, True, 0.25, (0, 161, 62, 405, 0)
True, True, 0.1847, (0, 270, 194, 175, 0)
True, True, 0.2405, (0, 311, 50, 47, 0)
True, True, 0.1778, (0, 68, 252, 107, 0)
True, True, 0.6142, (0, 357, 111, 48, 0)
True, True, 0.2142, (0, 356, 292, 21, 447, 0)
True, True, 0.6142, (0, 265, 437, 377, 0)
True, True, 0.2022, (0, 91, 76, 55, 320, 0)
True, True, 0.2774, (0, 17, 207, 186, 251, 0)
True, True, 0.1213, (0, 96, 152, 246, 300, 0)
True, True, 0.1724, (0, 169, 30, 283, 0)
True, True, 0.1193, (0, 450, 218, 74, 0)
True, True, 0.3829, (0, 373, 8, 288, 0)
True, True, 0.8018, (0, 461, 464, 427, 84, 0)
True, True, 0.288, (0, 299, 387, 401, 0)
True, True, 0.4632, (0, 346, 348, 308, 0)
True, True, 0.4879, (0, 57, 153, 320, 0)
True, True, 0.3569, (0, 298, 198, 442, 254, 0)
True, True, 1.0, (0, 384, 142, 208, 0)
True, True, 0.8153, (0, 386, 95, 278, 229, 0)
True, True, 0.3886, (0, 299, 420, 257, 0)
True, True, 1.0, (0, 438, 307, 97, 0)
True, True, 0.2984, (0, 36, 369, 90, 0)
True, True, 0.5, (0, 101, 42, 397, 0)
True, True, 0.2161, (0, 245, 241, 1, 0)
True, True, 0.7226, (0, 416, 251, 139, 0)
True, True, 0.8276, (0, 121, 310, 167, 44, 0)
True, True, 0.1557, (0, 403, 235, 400, 0)
True, True, 0.3096, (0, 440, 455, 371, 0)
True, True, 0.0035, (0, 67, 68, 281, 0)
True, True, 0.2468, (0, 207, 54, 416, 0)
True, True, 0.3392, (0, 40, 365, 321, 0)
True, True, 0.1051, (0, 196, 286, 439, 0)
True, True, 0.1724, (0, 412, 167, 431, 0)
True, True, 0.3858, (0, 430, 239, 13, 0)
True, True, 0.5938, (0, 180, 88, 290, 253, 0)
True, True, 0.0386, (0, 340, 327, 34, 27, 0)
True, True, 0.3443, (0, 202, 247, 315, 0)
True, True, 0.0184, (0, 124, 288, 367, 100, 0)
True, True, 0.0495, (0, 363, 41, 85, 0)
True, True, 0.4212, (0, 11, 120, 297, 401, 0)
True, True, 0.1184, (0, 290, 88, 180, 468, 0)
True, True, 0.1709, (0, 116, 380, 326, 26, 0)
True, True, 1.0, (0, 212, 317, 192, 0)
True, True, 0.356, (0, 371, 426, 168, 125, 0)
True, True, 0.1847, (0, 382, 355, 465, 0)
True, True, 0.7595, (0, 108, 396, 141, 0)
True, True, 0.223, (0, 334, 430, 408, 0)
True, True, 0.0839, (0, 253, 341, 366, 197, 0)
True, True, 0.6142, (0, 128, 330, 13, 0)
True, True, 0.7017, (0, 159, 6, 444, 0)
True, True, 0.3333, (0, 172, 372, 249, 0)
True, True, 0.5389, (0, 5, 361, 10, 0)
True, True, 0.0495, (0, 174, 359, 316, 0)
True, True, 0.4459, (0, 109, 325, 215, 126, 0)
True, True, 0.3223, (0, 338, 60, 253, 219, 0)
True, True, 0.2878, (0, 83, 176, 264, 0)
True, True, 0.2863, (0, 3, 459, 220, 0)
True, True, 0.3278, (0, 75, 200, 410, 0)
True, True, 0.2983, (0, 352, 266, 198, 298, 0)
True, True, 0.2696, (0, 37, 89, 179, 0)
True, True, 0.6775, (0, 447, 336, 21, 292, 0)
True, True, 0.2137, (0, 467, 132, 417, 0)
True, True, 0.1941, (0, 186, 129, 224, 183, 0)
True, True, 0.1724, (0, 231, 295, 310, 121, 0)
True, True, 0.2629, (0, 277, 46, 174, 204, 0)
True, True, 0.25, (0, 324, 387, 11, 409, 0)
True, True, 0.1847, (0, 374, 330, 107, 0)
True, True, 0.4632, (0, 99, 275, 348, 383, 0)
True, True, 0.2983, (0, 442, 444, 138, 0)
True, True, 0.2017, (0, 431, 354, 42, 0)
True, True, 1.0, (0, 258, 375, 117, 0)
True, True, 0.2184, (0, 127, 256, 216, 0)
True, True, 0.0572, (0, 291, 346, 99, 447, 0)
True, True, 0.4232, (0, 105, 203, 362, 0)
True, True, 0.1932, (0, 274, 206, 159, 0)
True, True, 0.2022, (0, 422, 349, 421, 0)
True, True, 0.5, (0, 403, 433, 24, 0)
True, True, 0.09, (0, 461, 164, 146, 126, 0)
True, True, 0.1847, (0, 325, 334, 270, 61, 0)
True, True, 0.1616, (0, 421, 246, 152, 96, 0)
True, True, 0.2304, (0, 273, 89, 312, 0)
True, True, 0.25, (0, 425, 259, 37, 0)
True, True, 0.1847, (0, 278, 95, 257, 109, 0)
True, True, 0.074, (0, 107, 398, 239, 0)
True, True, 0.3392, (0, 321, 112, 254, 49, 0)
True, True, 0.5966, (0, 39, 31, 56, 0)
True, True, 0.1184, (0, 240, 404, 393, 7, 0)
True, True, 0.2136, (0, 16, 455, 413, 0)
True, True, 0.1847, (0, 325, 386, 334, 270, 0)
True, True, 0.2081, (0, 176, 264, 332, 0)
True, True, 0.1709, (0, 217, 118, 388, 92, 0)
True, True, 0.4223, (0, 154, 105, 26, 346, 0)
True, True, 0.7102, (0, 155, 77, 274, 0)
True, True, 0.1051, (0, 159, 206, 43, 0)
True, True, 0.0829, (0, 400, 38, 352, 0)
True, True, 0.4637, (0, 239, 398, 69, 0)
True, True, 0.0078, (0, 296, 259, 355, 0)
True, True, 0.1385, (0, 163, 11, 120, 387, 0)
True, True, 0.2983, (0, 103, 230, 381, 0)
True, True, 0.256, (0, 432, 385, 181, 0)
True, True, 0.4034, (0, 182, 31, 56, 0)
True, True, 0.5391, (0, 273, 158, 179, 404, 0)
True, True, 0.0031, (0, 425, 426, 168, 32, 0)
True, True, 0.5372, (0, 295, 269, 17, 245, 0)
True, True, 0.3695, (0, 183, 190, 305, 96, 0)
True, True, 0.3147, (0, 132, 220, 106, 343, 0)
True, True, 0.1951, (0, 380, 454, 147, 26, 0)
True, True, 0.054, (0, 373, 288, 466, 0)
True, True, 0.5, (0, 52, 150, 24, 0)
True, True, 0.0495, (0, 464, 146, 407, 0)
True, True, 0.0067, (0, 46, 137, 119, 294, 0)
True, True, 0.0765, (0, 270, 239, 398, 0)
True, True, 0.2863, (0, 86, 467, 213, 0)
True, True, 0.2983, (0, 144, 376, 206, 101, 0)
True, True, 0.4707, (0, 59, 389, 169, 392, 0)
True, True, 0.4267, (0, 355, 405, 257, 0)
True, True, 0.0572, (0, 148, 333, 437, 0)
True, True, 0.1064, (0, 181, 102, 280, 81, 0)
True, True, 0.3858, (0, 128, 107, 48, 0)
True, True, 0.2713, (0, 106, 437, 459, 0)
True, True, 0.434, (0, 300, 305, 421, 0)
True, True, 0.2247, (0, 46, 294, 162, 284, 0)
True, True, 0.5, (0, 133, 110, 201, 0)
True, True, 0.3245, (0, 176, 118, 388, 248, 0)
True, True, 0.4223, (0, 80, 449, 414, 135, 0)
True, True, 0.3858, (0, 148, 377, 111, 0)
True, True, 0.0371, (0, 207, 129, 160, 57, 0)
True, True, 0.096, (0, 328, 276, 413, 0)
True, True, 0.1665, (0, 446, 364, 90, 0)
True, True, 0.4322, (0, 452, 222, 93, 9, 0)
True, True, 0.096, (0, 279, 125, 371, 260, 0)
True, True, 0.096, (0, 371, 455, 451, 0)
True, True, 0.4115, (0, 137, 119, 171, 294, 0)
True, True, 0.4057, (0, 47, 350, 104, 0)
True, True, 0.1845, (0, 218, 59, 38, 0)
True, True, 0.1847, (0, 428, 270, 423, 0)
True, True, 0.2304, (0, 273, 89, 460, 0)
True, True, 0.3138, (0, 335, 217, 362, 0)
True, True, 0.3333, (0, 353, 249, 172, 0)
True, True, 0.5, (0, 228, 161, 262, 0)
True, True, 0.2241, (0, 52, 2, 75, 0)
True, True, 0.0656, (0, 57, 76, 238, 55, 0)
True, True, 0.1771, (0, 228, 259, 425, 0)
True, True, 0.5124, (0, 351, 50, 311, 0)
True, True, 0.1724, (0, 424, 79, 44, 266, 0)
True, True, 0.0495, (0, 233, 16, 464, 0)
True, True, 0.5208, (0, 431, 231, 412, 0)
True, True, 0.2878, (0, 60, 180, 25, 468, 0)
True, True, 0.4585, (0, 450, 38, 74, 0)
True, True, 0.4965, (0, 110, 135, 323, 0)
True, True, 0.5, (0, 445, 342, 201, 133, 0)
True, True, 0.2405, (0, 311, 104, 350, 0)
True, True, 0.2759, (0, 58, 200, 2, 434, 0)
True, True, 0.3855, (0, 71, 364, 446, 0)
True, True, 0.4196, (0, 271, 64, 288, 100, 0)
True, True, 0.2562, (0, 306, 46, 277, 143, 0)
True, True, 0.1415, (0, 23, 152, 246, 305, 0)
True, True, 0.3624, (0, 313, 456, 406, 0)
True, True, 0.0735, (0, 242, 418, 348, 0)
True, True, 0.1683, (0, 398, 341, 430, 0)
True, True, 0.25, (0, 331, 344, 70, 62, 0)
True, True, 0.0597, (0, 140, 219, 341, 297, 0)
True, True, 0.2983, (0, 209, 354, 42, 0)
True, True, 0.4222, (0, 235, 74, 400, 0)
True, True, 0.0811, (0, 211, 149, 5, 0)
True, True, 0.288, (0, 420, 387, 401, 0)
True, True, 0.2077, (0, 414, 86, 323, 0)
True, True, 0.054, (0, 463, 151, 263, 0)
True, True, 0.1081, (0, 461, 146, 126, 272, 0)
True, True, 0.2829, (0, 432, 23, 5, 0)
True, True, 0.0035, (0, 68, 177, 394, 0)
True, True, 0.2631, (0, 426, 7, 393, 240, 0)
True, True, 0.3392, (0, 40, 391, 395, 0)
True, True, 0.2204, (0, 199, 28, 329, 25, 0)
True, True, 0.1051, (0, 244, 231, 431, 0)
True, True, 0.3424, (0, 343, 148, 106, 220, 0)
True, True, 0.0067, (0, 311, 50, 143, 0)
True, True, 0.0881, (0, 77, 155, 323, 0)
True, True, 0.0241, (0, 57, 55, 105, 26, 0)
True, True, 0.1524, (0, 186, 207, 129, 224, 0)
True, True, 0.1845, (0, 266, 392, 169, 389, 0)
True, True, 0.0788, (0, 11, 297, 53, 255, 0)
True, True, 0.3019, (0, 315, 410, 309, 0)
True, True, 0.0812, (0, 135, 65, 414, 449, 0)
True, True, 0.0268, (0, 341, 398, 330, 0)
True, True, 0.5, (0, 209, 354, 397, 0)
True, True, 0.118, (0, 17, 241, 295, 269, 0)
True, True, 0.3392, (0, 400, 462, 71, 0)
True, True, 0.0966, (0, 187, 274, 376, 0)
True, True, 0.2039, (0, 337, 468, 25, 28, 0)
True, True, 0.2405, (0, 141, 396, 277, 0)
True, True, 0.052, (0, 34, 282, 457, 130, 0)
True, True, 0.052, (0, 130, 282, 170, 327, 0)
True, True, 0.0035, (0, 51, 65, 110, 0)
True, True, 0.125, (0, 197, 140, 341, 338, 0)
True, True, 0.0464, (0, 371, 125, 339, 32, 0)
True, True, 0.0859, (0, 132, 148, 357, 0)
True, True, 0.1221, (0, 441, 357, 390, 131, 0)
True, True, 0.0572, (0, 191, 26, 346, 243, 0)
True, True, 0.0164, (0, 337, 338, 398, 219, 0)
True, True, 0.1694, (0, 304, 356, 242, 0)
True, True, 0.263, (0, 99, 116, 92, 147, 0)
True, True, 0.1116, (0, 127, 81, 102, 78, 0)
True, True, 0.0673, (0, 17, 189, 54, 0)
True, True, 0.5651, (0, 296, 259, 393, 0)
True, True, 0.1997, (0, 417, 343, 390, 441, 0)
True, True, 0.1847, (0, 325, 109, 229, 453, 0)
True, True, 0.0898, (0, 186, 57, 320, 154, 0)
True, True, 0.1124, (0, 136, 211, 39, 0)
True, True, 0.3703, (0, 58, 145, 410, 0)
True, True, 0.2468, (0, 19, 241, 245, 0)
True, True, 0.2078, (0, 294, 27, 402, 90, 0)
True, True, 0.1203, (0, 145, 75, 200, 0)
True, True, 0.274, (0, 352, 38, 218, 0)
True, True, 0.2647, (0, 131, 417, 35, 65, 0)
True, True, 0.0047, (0, 102, 280, 222, 151, 0)
True, True, 0.0906, (0, 457, 313, 419, 294, 0)
True, True, 0.0495, (0, 302, 339, 125, 371, 0)
True, True, 0.1082, (0, 275, 134, 336, 356, 0)
True, True, 0.1778, (0, 107, 98, 357, 0)
True, True, 0.051, (0, 199, 447, 225, 304, 0)
True, True, 0.0896, (0, 127, 151, 288, 64, 0)
True, True, 0.0464, (0, 16, 371, 32, 302, 0)
True, True, 0.1601, (0, 147, 454, 118, 157, 0)
True, True, 0.1509, (0, 54, 14, 422, 0)
True, True, 0.5435, (0, 419, 458, 457, 282, 0)
True, True, 0.2765, (0, 157, 332, 118, 388, 0)
True, True, 0.052, (0, 294, 340, 27, 90, 0)
True, True, 0.3333, (0, 353, 372, 172, 0)
False, True, 0.2888, (0, 80, 414, 449, 80, 0)
True, True, 0.0067, (0, 294, 171, 174, 306, 0)
False, True, 0.0495, (0, 174, 399, 429, 174, 0)
True, True, 0.3624, (0, 313, 166, 406, 0)
False, True, 0.1557, (0, 415, 226, 247, 415, 0)
False, True, 0.5, (0, 72, 184, 103, 72, 0)
False, True, 0.048, (0, 238, 157, 335, 238, 0)
False, True, 0.1186, (0, 358, 224, 14, 358, 0)
False, True, 0.0653, (0, 366, 140, 219, 366, 0)
False, True, 0.3219, (0, 65, 417, 268, 65, 0)
False, True, 0.4442, (0, 78, 211, 102, 78, 0)
False, True, 0.5, (0, 223, 131, 360, 223, 0)
True, True, 0.2184, (0, 319, 94, 256, 0)
False, True, 0.3441, (0, 402, 130, 364, 402, 0)
False, True, 0.3443, (0, 415, 226, 403, 415, 0)
False, True, 0.1601, (0, 454, 248, 388, 454, 0)
False, True, 0.2878, (0, 28, 199, 225, 28, 0)
False, True, 0.0991, (0, 84, 427, 464, 84, 0)
False, True, 0.4908, (0, 124, 64, 100, 124, 0)
False, True, 0.448, (0, 178, 130, 446, 178, 0)
False, True, 0.25, (0, 184, 136, 370, 184, 0)
False, True, 0.2204, (0, 225, 242, 356, 225, 0)
False, True, 0.3964, (0, 272, 146, 164, 272, 0)
False, True, 0.0716, (0, 343, 106, 148, 343, 0)
False, True, 0.3814, (0, 358, 422, 183, 358, 0)
False, True, 0.2983, (0, 376, 6, 206, 376, 0)
False, True, 0.0035, (0, 65, 188, 210, 65, 0)
False, True, 0.25, (0, 87, 70, 161, 87, 0)
False, True, 0.4809, (0, 123, 53, 255, 123, 0)
False, True, 0.165, (0, 129, 160, 57, 129, 0)
False, True, 0.2568, (0, 164, 126, 146, 164, 0)
False, True, 0.0028, (0, 197, 123, 401, 197, 0)
False, True, 0.2204, (0, 199, 435, 225, 199, 0)
False, True, 0.5, (0, 205, 284, 162, 205, 0)
False, True, 0.1115, (0, 227, 163, 11, 227, 0)
False, True, 0.452, (0, 260, 168, 125, 260, 0)
False, True, 0.1724, (0, 269, 241, 295, 269, 0)
False, True, 0.2143, (0, 275, 336, 418, 275, 0)
False, True, 0.2347, (0, 280, 452, 151, 280, 0)
False, True, 0.3898, (0, 337, 60, 468, 337, 0)
False, True, 0.1889, (0, 426, 425, 168, 426, 0)
False, True, 0.1722, (0, 309, 434, 75, 309, 0)
False, True, 0.0356, (0, 100, 367, 288, 100, 0)
False, True, 0.2759, (0, 434, 200, 52, 434, 0)
False, True, 0.0939, (0, 9, 149, 93, 9, 0)
False, True, 0.0469, (0, 93, 221, 9, 93, 0)
False, True, 0.1082, (0, 99, 292, 21, 99, 0)
False, True, 0.0966, (0, 101, 15, 206, 101, 0)
False, True, 0.0566, (0, 131, 220, 459, 131, 0)
False, True, 0.0386, (0, 282, 170, 457, 282, 0)
False, True, 0.3476, (0, 370, 96, 300, 370, 0)
False, True, 0.0177, (0, 443, 40, 321, 443, 0)
all_elementary, False
all_cyc2, True
