Instance, X-n401-k29
capacity, 745
min_trucks, 29
output_file, output_uchoa/X-n401-k29-cyc2.log
Start date, 2022-06-25
Start time, 02-58-01
capacity, 745
num_vehicles, 29
abort_early, False
methods, ['cyc2']
max_vars, 1000000
time_limit, 86400
farley, False
initial time, initial max_it, max_stale_it
1e-05, 2000000000.0, 20
heuristic Number of routes, heuristic Best Solution Value, heuristic number of iterations, adjusted time, adjusted max_it
890644, 66528.0, 35089, 1.0, 20000.0
method, python time, total time, propagated dominance time, unpropagated dominance time, pricing_success, upper_bound, lower_bound, abort_early, num_paths, 
cyc2, 467.8, 348.5, 0.0, 0.0, 1, 65595.0531, 32189.5651, 0, 497997
cyc2, 271.0, 346.4, 0.0, 0.0, 1, 65594.9293, 32971.6403, 0, 388881
