Instance, X-n420-k130
capacity, 18
min_trucks, 130
output_file, output_uchoa/X-n420-k130-cyc2.log
Start date, 2022-06-23
Start time, 19-27-40
capacity, 18
num_vehicles, 130
abort_early, False
methods, ['cyc2']
max_vars, 1000000
time_limit, 86400
farley, False
initial time, initial max_it, max_stale_it
1e-05, 2000000000.0, 20
heuristic Number of routes, heuristic Best Solution Value, heuristic number of iterations, adjusted time, adjusted max_it
14972, 107966.0, 2000, 10.0, 2000.0
method, python time, total time, propagated dominance time, unpropagated dominance time, pricing_success, upper_bound, lower_bound, abort_early, num_paths, 
cyc2, 3.4, 2.2, 0.0, 0.0, 1, 107361.4875, -61800.9908, 0, 17660
cyc2, 0.2, 2.2, 0.0, 0.0, 1, 107340.95, 72032.9593, 0, 899
cyc2, 0.1, 2.2, 0.0, 0.0, 1, 107217.0243, 92134.0697, 0, 276
cyc2, 0.0, 2.2, 0.0, 0.0, 1, 107149.3672, 101932.035, 0, 78
cyc2, 0.0, 2.2, 0.0, 0.0, 1, 107132.4274, 106352.4274, 0, 13
cyc2, 0.0, 2.2, 0.0, 0.0, 1, 107129.9547, 107129.9547, 0, 0
scip_total_time, 20078.081857
Solval, number of paths, impact cutoff
107129.9547480569, 341, 0.0001
Elementary, 2-Cycle, Path Value, Path
True, True, 1.0, (0, 166, 119, 196, 0)
True, True, 1.0, (0, 61, 165, 65, 0)
True, True, 0.6667, (0, 42, 79, 118, 107, 0)
True, True, 0.2728, (0, 245, 149, 92, 0)
True, True, 1.0, (0, 133, 266, 0)
True, True, 0.4032, (0, 51, 10, 177, 12, 0)
True, True, 0.6705, (0, 146, 99, 338, 39, 0)
True, True, 0.7049, (0, 30, 274, 230, 0)
True, True, 0.3451, (0, 191, 29, 0)
True, True, 0.3497, (0, 306, 254, 0)
True, True, 0.3451, (0, 367, 142, 390, 0)
True, True, 0.3862, (0, 127, 269, 250, 284, 261, 0)
True, True, 0.7113, (0, 363, 237, 255, 0)
True, True, 0.7113, (0, 380, 26, 122, 0)
True, True, 1.0, (0, 326, 206, 280, 0)
True, True, 1.0, (0, 414, 2, 0)
True, True, 0.5048, (0, 60, 207, 86, 88, 0)
True, True, 0.3317, (0, 91, 123, 0)
True, True, 1.0, (0, 56, 23, 0)
True, True, 1.0, (0, 130, 14, 67, 131, 0)
True, True, 1.0, (0, 203, 37, 0)
True, True, 0.881, (0, 350, 273, 0)
True, True, 0.5, (0, 345, 28, 0)
True, True, 0.6706, (0, 387, 228, 336, 110, 0)
True, True, 1.0, (0, 392, 234, 0)
True, True, 0.5509, (0, 413, 334, 321, 0)
True, True, 0.8197, (0, 406, 288, 249, 36, 0)
True, True, 0.75, (0, 174, 399, 410, 391, 0)
True, True, 0.8333, (0, 324, 408, 405, 0)
True, True, 0.6634, (0, 3, 401, 0)
True, True, 1.0, (0, 398, 106, 0)
True, True, 0.5, (0, 325, 299, 0)
True, True, 0.3417, (0, 362, 217, 257, 342, 0)
True, True, 0.4817, (0, 347, 313, 223, 242, 0)
True, True, 0.3313, (0, 59, 376, 303, 0)
True, True, 1.0, (0, 307, 285, 279, 0)
True, True, 0.75, (0, 359, 188, 181, 259, 0)
True, True, 0.75, (0, 215, 111, 372, 0)
True, True, 0.5, (0, 33, 246, 258, 0)
True, True, 0.9163, (0, 333, 78, 0)
True, True, 0.1096, (0, 267, 239, 382, 340, 0)
True, True, 0.5183, (0, 103, 238, 0)
True, True, 0.5, (0, 327, 300, 0)
True, True, 0.6626, (0, 144, 344, 0)
True, True, 0.9461, (0, 293, 389, 349, 381, 0)
True, True, 0.9985, (0, 179, 44, 173, 0)
True, True, 1.0, (0, 24, 305, 1, 0)
True, True, 1.0, (0, 48, 252, 0)
True, True, 0.7371, (0, 171, 132, 0)
True, True, 0.8405, (0, 192, 160, 209, 0)
True, True, 0.7371, (0, 87, 55, 152, 0)
True, True, 0.7371, (0, 184, 96, 40, 0)
True, True, 0.7629, (0, 11, 135, 0)
True, True, 0.75, (0, 140, 151, 97, 0)
True, True, 0.5, (0, 193, 62, 0)
True, True, 1.0, (0, 58, 129, 8, 197, 0)
True, True, 1.0, (0, 167, 94, 162, 115, 0)
True, True, 0.9273, (0, 116, 190, 54, 0)
True, True, 0.9837, (0, 21, 27, 0)
True, True, 0.9762, (0, 53, 125, 82, 117, 0)
True, True, 0.985, (0, 148, 41, 112, 0)
True, True, 0.9959, (0, 109, 81, 49, 0)
True, True, 0.9966, (0, 93, 161, 7, 0)
True, True, 1.0, (0, 20, 153, 0)
True, True, 0.8483, (0, 158, 90, 0)
True, True, 0.3333, (0, 16, 100, 17, 0)
True, True, 0.3333, (0, 13, 4, 108, 75, 0)
True, True, 0.4041, (0, 245, 92, 178, 0)
True, True, 0.3499, (0, 31, 191, 121, 0)
True, True, 0.1366, (0, 30, 274, 314, 253, 0)
True, True, 0.3333, (0, 384, 236, 297, 0)
True, True, 0.5, (0, 154, 113, 139, 0)
True, True, 0.4712, (0, 371, 378, 291, 0)
True, True, 0.1491, (0, 387, 228, 336, 409, 0)
True, True, 0.2957, (0, 294, 302, 418, 0)
True, True, 0.3313, (0, 73, 59, 22, 0)
True, True, 0.6418, (0, 270, 337, 357, 0)
True, True, 0.6626, (0, 199, 343, 157, 0)
True, True, 0.8904, (0, 312, 267, 63, 0)
True, True, 0.4955, (0, 68, 62, 128, 159, 0)
True, True, 0.0727, (0, 5, 163, 190, 0)
True, True, 0.6667, (0, 150, 66, 141, 186, 0)
True, True, 0.1816, (0, 92, 178, 107, 0)
True, True, 0.2524, (0, 348, 245, 52, 265, 0)
True, True, 0.1366, (0, 253, 314, 220, 375, 0)
True, True, 0.3333, (0, 254, 353, 411, 0)
True, True, 0.6549, (0, 367, 29, 145, 0)
True, True, 0.5, (0, 205, 180, 378, 0)
True, True, 0.0865, (0, 295, 137, 124, 34, 0)
True, True, 0.5, (0, 345, 290, 0)
True, True, 0.3606, (0, 379, 187, 317, 260, 0)
True, True, 0.4853, (0, 211, 218, 395, 0)
True, True, 0.6687, (0, 73, 303, 0)
True, True, 1.0, (0, 243, 407, 264, 0)
True, True, 0.1966, (0, 223, 342, 242, 251, 0)
True, True, 0.0625, (0, 210, 370, 222, 0)
True, True, 0.5539, (0, 229, 19, 176, 0)
True, True, 0.1077, (0, 168, 209, 160, 0)
True, True, 0.2629, (0, 87, 132, 0)
True, True, 0.1595, (0, 105, 192, 171, 0)
True, True, 0.2629, (0, 74, 184, 96, 0)
True, True, 0.2634, (0, 172, 155, 138, 0)
True, True, 0.5363, (0, 32, 9, 0)
True, True, 0.3333, (0, 265, 118, 79, 42, 66, 0)
True, True, 0.3317, (0, 121, 145, 136, 0)
True, True, 0.6667, (0, 411, 297, 216, 212, 0)
True, True, 0.2887, (0, 380, 255, 26, 0)
True, True, 0.5, (0, 139, 72, 120, 0)
True, True, 0.173, (0, 263, 91, 339, 0)
True, True, 0.5, (0, 290, 28, 0)
True, True, 0.1826, (0, 231, 317, 187, 379, 0)
True, True, 0.3606, (0, 355, 80, 322, 0)
True, True, 0.4017, (0, 416, 309, 226, 329, 354, 0)
True, True, 0.1803, (0, 98, 71, 36, 0)
True, True, 0.5, (0, 361, 325, 320, 0)
True, True, 0.25, (0, 262, 394, 202, 0)
True, True, 0.7845, (0, 311, 275, 43, 0)
True, True, 0.7845, (0, 76, 323, 168, 287, 0)
True, True, 1.0, (0, 47, 183, 0)
True, True, 0.1517, (0, 201, 104, 90, 0)
True, True, 0.6769, (0, 134, 52, 149, 0)
True, True, 0.5683, (0, 314, 220, 393, 0)
True, True, 0.3846, (0, 205, 35, 419, 0)
True, True, 0.5, (0, 327, 258, 0)
True, True, 0.4461, (0, 318, 19, 229, 0)
True, True, 0.5613, (0, 373, 225, 25, 194, 240, 0)
True, True, 0.5466, (0, 415, 226, 329, 354, 0)
True, True, 0.5, (0, 366, 18, 361, 0)
True, True, 0.3216, (0, 242, 251, 270, 0)
True, True, 0.1389, (0, 357, 239, 340, 0)
True, True, 0.5, (0, 300, 278, 0)
True, True, 1.0, (0, 417, 185, 0)
True, True, 0.0005, (0, 193, 151, 68, 74, 0)
True, True, 1.0, (0, 156, 38, 0)
True, True, 0.1816, (0, 348, 265, 178, 150, 0)
True, True, 0.3317, (0, 256, 390, 142, 126, 0)
True, True, 0.1803, (0, 336, 418, 402, 0)
True, True, 0.8397, (0, 403, 227, 351, 0)
True, True, 1.0, (0, 310, 221, 247, 0)
True, True, 0.1667, (0, 408, 313, 298, 0)
True, True, 0.3536, (0, 84, 368, 397, 376, 0)
True, True, 0.1517, (0, 158, 83, 0)
True, True, 0.305, (0, 57, 121, 191, 0)
True, True, 0.0517, (0, 257, 217, 366, 296, 309, 0)
True, True, 0.3216, (0, 377, 3, 362, 342, 223, 0)
True, True, 0.375, (0, 388, 202, 210, 0)
True, True, 0.2155, (0, 311, 275, 76, 0)
True, True, 0.0014, (0, 161, 81, 0)
True, True, 0.3231, (0, 142, 390, 256, 134, 0)
True, True, 0.6683, (0, 77, 123, 136, 57, 126, 0)
True, True, 0.4491, (0, 271, 334, 321, 301, 0)
True, True, 0.15, (0, 352, 395, 332, 211, 0)
True, True, 0.5, (0, 281, 370, 388, 0)
True, True, 0.3125, (0, 358, 224, 210, 0)
True, True, 0.4452, (0, 382, 340, 251, 0)
True, True, 0.5, (0, 18, 299, 320, 0)
True, True, 0.0837, (0, 337, 333, 222, 0)
True, True, 0.6517, (0, 5, 163, 175, 0)
True, True, 0.4818, (0, 200, 284, 250, 269, 127, 0)
True, True, 0.5, (0, 286, 113, 0)
True, True, 0.1154, (0, 35, 205, 291, 0)
True, True, 0.7043, (0, 330, 302, 402, 0)
True, True, 0.4387, (0, 373, 101, 360, 289, 400, 0)
True, True, 0.2887, (0, 122, 283, 256, 0)
True, True, 0.6138, (0, 236, 384, 261, 0)
True, True, 0.122, (0, 144, 298, 376, 0)
True, True, 0.3987, (0, 413, 294, 385, 0)
True, True, 0.4432, (0, 416, 309, 296, 217, 257, 0)
True, True, 0.3374, (0, 195, 199, 344, 0)
True, True, 0.25, (0, 140, 193, 68, 0)
True, True, 0.6503, (0, 282, 292, 306, 0)
True, True, 0.6831, (0, 213, 369, 283, 0)
True, True, 0.5288, (0, 95, 189, 295, 50, 0)
True, True, 0.2371, (0, 69, 135, 0)
True, True, 0.1635, (0, 86, 207, 60, 77, 0)
True, True, 0.0504, (0, 413, 409, 387, 364, 0)
True, True, 0.25, (0, 198, 281, 308, 0)
True, True, 0.8483, (0, 46, 104, 201, 0)
True, True, 0.35, (0, 211, 332, 415, 0)
True, True, 0.058, (0, 319, 374, 331, 235, 0)
True, True, 0.4952, (0, 88, 91, 339, 0)
True, True, 0.5481, (0, 304, 374, 396, 319, 0)
True, True, 0.3169, (0, 254, 369, 70, 0)
True, True, 0.1353, (0, 352, 214, 385, 0)
True, True, 0.1955, (0, 366, 98, 71, 0)
True, True, 0.2757, (0, 182, 83, 102, 175, 0)
True, True, 0.2887, (0, 363, 237, 365, 292, 0)
True, True, 0.1443, (0, 195, 343, 0)
True, True, 0.0539, (0, 272, 323, 168, 287, 0)
True, True, 0.5, (0, 214, 218, 332, 0)
True, True, 0.0075, (0, 112, 41, 117, 0)
True, True, 0.8435, (0, 404, 386, 331, 0)
True, True, 0.0833, (0, 324, 391, 399, 0)
True, True, 0.0539, (0, 389, 323, 287, 45, 0)
True, True, 0.0503, (0, 204, 39, 12, 177, 0)
True, True, 0.0913, (0, 322, 80, 268, 276, 374, 0)
True, True, 0.203, (0, 5, 32, 16, 0)
True, True, 0.6667, (0, 100, 164, 75, 0)
True, True, 0.3333, (0, 17, 186, 0)
True, True, 0.0833, (0, 405, 391, 410, 324, 0)
True, True, 0.25, (0, 181, 188, 246, 33, 0)
True, True, 0.0365, (0, 251, 198, 270, 412, 0)
True, True, 0.35, (0, 296, 98, 71, 235, 0)
True, True, 0.0837, (0, 224, 78, 337, 0)
True, True, 0.1103, (0, 294, 385, 383, 0)
True, True, 0.0811, (0, 337, 239, 340, 358, 0)
True, True, 0.3846, (0, 189, 295, 291, 419, 0)
True, True, 0.1603, (0, 352, 227, 403, 0)
True, True, 0.1667, (0, 399, 410, 244, 0)
True, True, 0.75, (0, 308, 394, 341, 0)
True, True, 0.25, (0, 372, 281, 222, 0)
True, True, 0.1366, (0, 253, 230, 220, 70, 0)
True, True, 0.0727, (0, 54, 102, 83, 182, 0)
True, True, 0.4519, (0, 304, 232, 268, 0)
True, True, 0.0539, (0, 346, 381, 278, 0)
True, True, 0.0539, (0, 293, 349, 318, 0)
True, True, 0.1585, (0, 213, 314, 230, 253, 0)
True, True, 0.3485, (0, 208, 364, 301, 0)
True, True, 0.5, (0, 6, 170, 72, 0)
True, True, 0.4817, (0, 412, 103, 248, 0)
True, True, 0.1096, (0, 337, 357, 63, 0)
True, True, 0.2307, (0, 330, 355, 260, 419, 0)
True, True, 0.5481, (0, 322, 80, 232, 276, 0)
True, True, 0.1056, (0, 404, 71, 98, 0)
True, True, 0.4817, (0, 219, 412, 238, 0)
True, True, 0.119, (0, 273, 208, 0)
True, True, 0.4567, (0, 268, 187, 317, 0)
True, True, 0.2155, (0, 144, 84, 0)
True, True, 0.5183, (0, 298, 219, 248, 347, 195, 0)
True, True, 0.1663, (0, 198, 358, 224, 222, 0)
True, True, 0.0577, (0, 143, 371, 189, 95, 0)
True, True, 0.0985, (0, 366, 235, 331, 396, 0)
True, True, 0.1931, (0, 376, 298, 343, 0)
True, True, 0.1096, (0, 198, 312, 357, 0)
True, True, 0.0007, (0, 7, 161, 109, 125, 0)
True, True, 0.1603, (0, 383, 352, 351, 385, 271, 0)
True, True, 0.0833, (0, 301, 244, 405, 391, 0)
True, True, 0.3366, (0, 401, 377, 362, 313, 0)
True, True, 0.1585, (0, 220, 274, 30, 213, 0)
True, True, 0.5465, (0, 51, 177, 12, 70, 0)
True, True, 0.5, (0, 180, 35, 409, 0)
True, True, 0.015, (0, 313, 342, 3, 377, 0)
True, True, 0.0509, (0, 396, 235, 386, 404, 366, 0)
True, True, 0.25, (0, 341, 359, 111, 0)
True, True, 0.3333, (0, 4, 108, 164, 0)
True, True, 0.0015, (0, 173, 44, 157, 59, 0)
True, True, 0.4375, (0, 222, 370, 224, 198, 0)
True, True, 0.2806, (0, 225, 360, 289, 400, 0)
True, True, 0.0045, (0, 114, 68, 62, 0)
True, True, 0.9461, (0, 272, 346, 356, 45, 0)
True, True, 0.0027, (0, 81, 49, 7, 0)
True, True, 0.3317, (0, 60, 207, 339, 0)
True, True, 0.4567, (0, 379, 34, 124, 0)
True, True, 0.015, (0, 163, 148, 89, 0)
True, True, 0.2495, (0, 182, 193, 151, 68, 0)
True, True, 0.0517, (0, 329, 226, 415, 366, 296, 416, 0)
True, True, 0.0288, (0, 189, 378, 291, 110, 0)
True, True, 0.0539, (0, 287, 356, 318, 0)
True, True, 0.1056, (0, 386, 235, 396, 374, 0)
True, True, 0.25, (0, 259, 246, 33, 215, 0)
True, True, 0.4955, (0, 74, 114, 155, 85, 0)
True, True, 0.2411, (0, 74, 97, 155, 0)
True, True, 0.1154, (0, 228, 418, 402, 0)
True, True, 0.4461, (0, 278, 318, 176, 0)
True, True, 0.3333, (0, 17, 141, 31, 0)
True, True, 0.1683, (0, 77, 120, 286, 154, 0)
True, True, 0.2607, (0, 32, 163, 0)
True, True, 0.3317, (0, 86, 154, 286, 120, 0)
True, True, 0.0517, (0, 105, 160, 171, 0)
False, True, 0.5, (0, 241, 170, 6, 241, 0)
False, True, 0.3344, (0, 22, 59, 157, 22, 0)
False, True, 0.2155, (0, 397, 84, 368, 397, 0)
False, True, 0.4135, (0, 263, 95, 208, 263, 0)
False, True, 0.3333, (0, 13, 108, 4, 13, 0)
False, True, 0.5, (0, 114, 15, 128, 159, 15, 0)
False, True, 0.2629, (0, 105, 152, 69, 105, 40, 0)
False, True, 0.1517, (0, 85, 172, 138, 85, 102, 0)
True, True, 0.2629, (0, 69, 55, 105, 0)
False, True, 0.0075, (0, 125, 53, 112, 125, 0)
False, True, 0.0034, (0, 125, 109, 93, 125, 0)
False, True, 0.4567, (0, 137, 34, 124, 137, 0)
False, True, 0.4712, (0, 143, 371, 50, 143, 0)
True, True, 0.0727, (0, 169, 5, 116, 175, 0)
True, True, 0.119, (0, 301, 350, 208, 0)
False, True, 0.5, (0, 233, 244, 328, 233, 0)
False, True, 0.0264, (0, 236, 269, 127, 236, 0)
False, True, 0.2251, (0, 239, 340, 382, 239, 0)
False, True, 0.25, (0, 262, 202, 210, 262, 0)
False, True, 0.1953, (0, 271, 385, 294, 271, 0)
False, True, 0.3251, (0, 365, 335, 200, 365, 335, 282, 0)
False, True, 0.0182, (0, 292, 365, 335, 200, 365, 335, 200, 292, 0)
False, True, 0.197, (0, 319, 374, 396, 319, 0)
False, True, 0.25, (0, 328, 174, 244, 328, 0)
False, True, 0.125, (0, 262, 388, 202, 262, 342, 0)
False, True, 0.22, (0, 358, 382, 239, 358, 0)
False, True, 0.3005, (0, 364, 110, 409, 364, 0)
False, True, 0.1634, (0, 377, 217, 257, 377, 0)
False, True, 0.3647, (0, 383, 352, 395, 214, 383, 0)
False, True, 0.2155, (0, 368, 84, 43, 368, 397, 0)
True, True, 0.0015, (0, 59, 157, 179, 0)
False, True, 0.0935, (0, 10, 240, 194, 25, 240, 10, 0)
True, True, 0.2371, (0, 69, 11, 0)
True, True, 0.0163, (0, 82, 21, 0)
False, True, 0.1517, (0, 31, 150, 107, 46, 31, 0)
True, True, 0.0014, (0, 161, 49, 125, 53, 0)
False, True, 0.3838, (0, 89, 138, 172, 89, 0)
True, True, 0.0163, (0, 27, 117, 89, 0)
False, True, 0.5, (0, 147, 83, 102, 147, 0)
False, True, 0.4637, (0, 169, 16, 9, 169, 0)
True, True, 0.0517, (0, 209, 171, 0)
False, True, 0.2011, (0, 182, 89, 85, 138, 172, 182, 0)
False, True, 0.1648, (0, 204, 338, 146, 204, 0)
False, True, 0.1648, (0, 204, 146, 99, 204, 0)
False, True, 0.4087, (0, 418, 231, 260, 355, 231, 0)
False, True, 0.0282, (0, 256, 283, 204, 256, 0)
False, True, 0.1803, (0, 276, 406, 288, 249, 276, 0)
False, True, 0.0246, (0, 292, 335, 365, 200, 335, 282, 0)
False, True, 0.0539, (0, 323, 168, 287, 323, 0)
False, True, 0.1321, (0, 335, 284, 250, 200, 335, 0)
False, True, 0.3333, (0, 353, 216, 212, 353, 0)
False, True, 0.0468, (0, 400, 315, 316, 277, 315, 316, 277, 400, 0)
False, True, 0.0075, (0, 53, 41, 82, 53, 0)
False, True, 0.0134, (0, 31, 57, 121, 145, 57, 0)
False, True, 0.0707, (0, 92, 245, 52, 92, 0)
False, True, 0.0045, (0, 97, 128, 159, 97, 0)
False, True, 0.2806, (0, 101, 360, 289, 101, 0)
False, True, 0.0935, (0, 10, 25, 194, 240, 25, 194, 0)
False, True, 0.1312, (0, 204, 39, 338, 99, 39, 204, 0)
False, True, 0.1685, (0, 235, 98, 71, 235, 0)
False, True, 0.271, (0, 315, 316, 64, 315, 316, 277, 0)
False, True, 0.0168, (0, 99, 338, 39, 99, 338, 0)
False, True, 0.0503, (0, 348, 149, 51, 348, 0)
False, True, 0.0147, (0, 352, 218, 211, 352, 0)
False, True, 0.4317, (0, 375, 253, 393, 375, 0)
False, True, 0.065, (0, 387, 330, 228, 387, 0)
False, True, 0.0935, (0, 400, 64, 316, 315, 64, 277, 400, 0)
False, True, 0.1581, (0, 10, 240, 194, 25, 225, 10, 0)
False, True, 0.0528, (0, 269, 127, 384, 269, 127, 0)
False, True, 0.271, (0, 277, 64, 316, 315, 64, 277, 0)
False, True, 0.2326, (0, 348, 178, 265, 348, 0)
False, True, 0.0517, (0, 354, 416, 309, 296, 415, 366, 296, 309, 416, 0)
all_elementary, False
all_cyc2, True
