Instance, X-n429-k61
capacity, 536
min_trucks, 62
output_file, output_uchoa/X-n429-k61-cyc2.log
Start date, 2022-06-25
Start time, 12-25-58
capacity, 536
num_vehicles, 62
abort_early, False
methods, ['cyc2']
max_vars, 1000000
time_limit, 86400
farley, False
initial time, initial max_it, max_stale_it
1e-05, 2000000000.0, 20
heuristic Number of routes, heuristic Best Solution Value, heuristic number of iterations, adjusted time, adjusted max_it
724603, 65681.0, 92275, 1.0, 20000.0
method, python time, total time, propagated dominance time, unpropagated dominance time, pricing_success, upper_bound, lower_bound, abort_early, num_paths, 
cyc2, 1.6, 224.0, 0.0, 0.0, 1, 64818.0361, 58555.8262, 0, 5085
cyc2, 0.3, 224.3, 0.0, 0.0, 1, 64382.0524, 61959.1395, 0, 520
cyc2, 0.3, 222.8, 0.0, 0.0, 1, 64335.5641, 63122.9515, 0, 118
cyc2, 0.2, 224.5, 0.0, 0.0, 1, 64331.3309, 63354.0206, 0, 16
cyc2, 0.3, 225.7, 0.0, 0.0, 1, 64331.0643, 63844.869, 0, 32
cyc2, 0.3, 227.6, 0.0, 0.0, 1, 64331.0579, 64331.0579, 0, 0
scip_total_time, 59995.930762
Solval, number of paths, impact cutoff
64331.05793953125, 381, 0.0001
Elementary, 2-Cycle, Path Value, Path
True, True, 0.4111, (0, 99, 140, 73, 8, 310, 308, 374, 0)
True, True, 0.2653, (0, 131, 331, 51, 288, 3, 102, 0)
True, True, 0.1315, (0, 134, 318, 160, 408, 311, 268, 140, 0)
True, True, 0.4058, (0, 354, 190, 404, 161, 61, 138, 173, 0)
True, True, 0.7668, (0, 355, 231, 353, 29, 36, 352, 289, 0)
True, True, 0.5971, (0, 202, 365, 323, 303, 108, 17, 174, 0)
True, True, 0.4574, (0, 56, 140, 294, 45, 295, 134, 99, 0)
True, True, 0.2074, (0, 415, 365, 323, 303, 108, 356, 0)
True, True, 0.0218, (0, 238, 221, 224, 101, 336, 25, 157, 0)
True, True, 0.1381, (0, 8, 112, 390, 394, 105, 351, 83, 0)
True, True, 0.4875, (0, 205, 37, 200, 306, 79, 319, 0)
True, True, 0.0418, (0, 174, 181, 47, 228, 216, 404, 190, 0)
True, True, 0.0112, (0, 78, 249, 64, 392, 226, 298, 393, 0)
True, True, 0.4147, (0, 10, 225, 169, 60, 423, 401, 125, 0)
True, True, 0.2746, (0, 86, 301, 30, 119, 279, 43, 272, 299, 0)
True, True, 1.0, (0, 175, 242, 0)
True, True, 0.1723, (0, 237, 207, 103, 246, 350, 182, 153, 0)
True, True, 0.2868, (0, 83, 351, 105, 260, 106, 18, 408, 0)
True, True, 0.4205, (0, 197, 80, 417, 255, 422, 395, 0)
True, True, 1.0, (0, 317, 371, 128, 410, 219, 428, 265, 0)
True, True, 0.4326, (0, 210, 296, 241, 5, 252, 403, 321, 0)
True, True, 0.2074, (0, 174, 32, 17, 181, 47, 228, 216, 269, 0)
True, True, 0.1223, (0, 362, 122, 340, 139, 112, 40, 310, 308, 0)
True, True, 0.1778, (0, 345, 187, 197, 114, 61, 138, 0)
True, True, 0.1309, (0, 42, 307, 284, 124, 363, 66, 88, 0)
True, True, 0.1867, (0, 97, 64, 392, 226, 298, 393, 91, 0)
True, True, 0.0977, (0, 193, 376, 415, 202, 316, 281, 418, 0)
True, True, 0.4893, (0, 236, 385, 273, 192, 137, 412, 0)
True, True, 0.0853, (0, 129, 71, 185, 285, 398, 130, 55, 0)
True, True, 0.5966, (0, 151, 154, 315, 104, 177, 58, 261, 0)
True, True, 0.7603, (0, 89, 126, 69, 270, 367, 248, 165, 0)
True, True, 0.0512, (0, 347, 2, 169, 383, 343, 67, 39, 283, 0)
True, True, 0.0733, (0, 166, 82, 251, 142, 334, 167, 280, 0)
True, True, 0.0169, (0, 84, 321, 403, 252, 5, 241, 296, 0)
True, True, 0.131, (0, 225, 169, 60, 383, 343, 67, 423, 0)
True, True, 0.2941, (0, 390, 394, 156, 413, 381, 34, 139, 0)
True, True, 0.2881, (0, 223, 229, 135, 59, 11, 325, 48, 0)
True, True, 0.1962, (0, 165, 270, 367, 248, 89, 16, 222, 0)
True, True, 0.8866, (0, 344, 54, 327, 118, 330, 324, 21, 0)
True, True, 0.2332, (0, 261, 58, 36, 29, 353, 231, 355, 0)
True, True, 0.5, (0, 409, 46, 119, 279, 43, 272, 299, 86, 0)
True, True, 0.6504, (0, 193, 281, 316, 356, 406, 425, 418, 0)
True, True, 0.183, (0, 370, 204, 168, 358, 271, 393, 148, 0)
True, True, 0.1374, (0, 62, 331, 51, 243, 213, 369, 293, 0)
True, True, 0.1523, (0, 91, 393, 271, 358, 93, 168, 0)
True, True, 0.3172, (0, 33, 124, 284, 210, 195, 363, 170, 0)
True, True, 0.3308, (0, 341, 214, 233, 338, 150, 194, 13, 0)
True, True, 0.4126, (0, 347, 2, 60, 383, 343, 67, 401, 0)
True, True, 0.0008, (0, 223, 59, 135, 11, 325, 359, 373, 0)
True, True, 0.1955, (0, 32, 17, 108, 303, 323, 365, 202, 0)
True, True, 0.1291, (0, 170, 53, 66, 195, 124, 284, 33, 0)
True, True, 0.6554, (0, 264, 149, 153, 427, 9, 411, 4, 0)
True, True, 0.0099, (0, 48, 325, 11, 135, 229, 72, 267, 0)
True, True, 0.0613, (0, 390, 381, 413, 156, 105, 351, 83, 0)
True, True, 0.3079, (0, 147, 208, 414, 420, 109, 256, 0)
True, True, 0.5503, (0, 397, 95, 361, 372, 55, 7, 375, 0)
True, True, 0.2729, (0, 321, 326, 158, 14, 196, 63, 164, 0)
True, True, 0.1953, (0, 377, 388, 151, 313, 305, 146, 121, 0)
True, True, 0.1936, (0, 412, 137, 385, 107, 235, 180, 275, 0)
True, True, 0.016, (0, 256, 414, 420, 68, 111, 189, 0)
True, True, 0.0368, (0, 56, 73, 378, 268, 311, 295, 134, 0)
True, True, 0.4761, (0, 211, 407, 96, 386, 377, 388, 146, 0)
True, True, 0.0775, (0, 250, 409, 46, 119, 279, 30, 301, 346, 0)
True, True, 0.0029, (0, 97, 392, 64, 26, 226, 298, 393, 0)
True, True, 0.0925, (0, 130, 285, 102, 62, 131, 300, 218, 0)
True, True, 0.0889, (0, 45, 311, 268, 378, 294, 73, 374, 0)
True, True, 0.1936, (0, 236, 385, 192, 273, 107, 235, 38, 0)
True, True, 0.0946, (0, 94, 110, 329, 293, 372, 361, 95, 0)
True, True, 0.33, (0, 147, 256, 414, 420, 109, 419, 0)
True, True, 0.1895, (0, 347, 2, 169, 383, 343, 67, 39, 402, 0)
True, True, 0.362, (0, 138, 61, 114, 187, 345, 320, 0)
True, True, 0.0595, (0, 296, 241, 90, 57, 232, 87, 397, 81, 0)
True, True, 0.0855, (0, 397, 95, 361, 94, 199, 426, 241, 0)
True, True, 0.0986, (0, 86, 299, 22, 263, 282, 247, 142, 334, 0)
True, True, 0.0765, (0, 52, 166, 82, 167, 380, 368, 280, 0)
True, True, 0.0092, (0, 249, 26, 64, 392, 226, 298, 393, 0)
True, True, 0.0306, (0, 40, 112, 34, 413, 156, 394, 390, 83, 0)
True, True, 0.017, (0, 359, 221, 224, 421, 157, 65, 70, 0)
True, True, 0.1056, (0, 250, 301, 30, 119, 279, 43, 272, 299, 0)
True, True, 0.296, (0, 7, 71, 129, 300, 218, 209, 25, 0)
True, True, 0.33, (0, 19, 109, 420, 414, 256, 147, 0)
True, True, 0.0665, (0, 37, 200, 117, 305, 388, 377, 121, 0)
True, True, 0.0167, (0, 28, 100, 205, 146, 23, 77, 0)
True, True, 0.3053, (0, 329, 369, 213, 243, 288, 3, 62, 0)
True, True, 0.1097, (0, 376, 415, 202, 316, 281, 406, 425, 0)
True, True, 0.2101, (0, 404, 216, 220, 228, 47, 181, 32, 0)
True, True, 0.1481, (0, 334, 142, 247, 263, 22, 251, 82, 0)
True, True, 0.0536, (0, 91, 393, 298, 226, 26, 64, 148, 0)
True, True, 0.0141, (0, 409, 46, 30, 119, 279, 43, 86, 152, 0)
True, True, 0.1154, (0, 362, 122, 340, 139, 112, 390, 83, 378, 0)
True, True, 0.0291, (0, 314, 342, 204, 168, 93, 358, 91, 0)
True, True, 0.3589, (0, 339, 191, 52, 120, 380, 280, 417, 0)
True, True, 0.0763, (0, 390, 34, 381, 413, 156, 105, 83, 0)
True, True, 0.2682, (0, 319, 145, 249, 78, 123, 148, 97, 0)
True, True, 0.1733, (0, 126, 69, 396, 76, 266, 186, 176, 127, 0)
True, True, 0.1147, (0, 403, 252, 326, 14, 196, 63, 164, 0)
True, True, 0.0984, (0, 416, 297, 27, 223, 267, 35, 4, 0)
True, True, 0.1635, (0, 10, 225, 423, 383, 343, 67, 39, 0)
True, True, 0.0617, (0, 70, 373, 325, 11, 135, 59, 27, 0)
True, True, 0.0212, (0, 91, 393, 271, 168, 204, 342, 314, 0)
True, True, 0.1283, (0, 37, 200, 306, 79, 319, 188, 0)
True, True, 0.3321, (0, 369, 213, 259, 262, 50, 398, 130, 0)
True, True, 0.3186, (0, 162, 318, 160, 408, 311, 268, 45, 0)
True, True, 0.1232, (0, 182, 350, 188, 144, 205, 100, 28, 0)
True, True, 0.0229, (0, 176, 186, 277, 266, 76, 396, 69, 126, 0)
True, True, 0.0218, (0, 65, 25, 336, 24, 224, 421, 238, 0)
True, True, 0.0435, (0, 113, 291, 332, 165, 89, 16, 222, 0)
True, True, 0.4952, (0, 48, 325, 11, 59, 135, 229, 72, 0)
True, True, 0.2081, (0, 23, 96, 386, 154, 151, 313, 305, 0)
True, True, 0.0525, (0, 269, 216, 357, 239, 220, 47, 32, 174, 0)
True, True, 0.1315, (0, 294, 378, 268, 311, 408, 160, 295, 0)
True, True, 0.3557, (0, 188, 97, 91, 179, 115, 278, 391, 0)
True, True, 0.2274, (0, 298, 226, 64, 26, 249, 78, 123, 0)
True, True, 0.1681, (0, 177, 104, 315, 349, 184, 85, 305, 0)
True, True, 0.0617, (0, 297, 373, 359, 224, 421, 157, 65, 0)
True, True, 0.0234, (0, 174, 32, 47, 228, 216, 404, 190, 0)
True, True, 0.007, (0, 86, 279, 119, 314, 342, 143, 115, 179, 0)
True, True, 0.0706, (0, 234, 81, 397, 87, 232, 57, 90, 5, 0)
True, True, 0.3358, (0, 341, 214, 233, 338, 150, 194, 201, 0)
True, True, 0.1315, (0, 134, 295, 45, 268, 378, 73, 374, 0)
True, True, 0.1603, (0, 204, 93, 384, 141, 309, 49, 347, 0)
True, True, 0.2558, (0, 241, 5, 252, 158, 14, 196, 360, 0)
True, True, 0.0778, (0, 174, 32, 181, 220, 239, 357, 216, 269, 0)
True, True, 0.1219, (0, 81, 397, 87, 232, 57, 90, 296, 399, 0)
True, True, 0.2805, (0, 55, 130, 285, 129, 300, 218, 209, 0)
True, True, 0.1315, (0, 378, 311, 408, 160, 318, 295, 134, 99, 0)
True, True, 0.3406, (0, 262, 259, 243, 51, 331, 3, 62, 0)
True, True, 0.02, (0, 117, 283, 402, 85, 387, 349, 315, 104, 0)
True, True, 0.1883, (0, 210, 234, 20, 132, 70, 286, 302, 0)
True, True, 0.0353, (0, 71, 102, 62, 331, 51, 243, 213, 0)
True, True, 0.0012, (0, 144, 1, 319, 306, 200, 117, 37, 0)
True, True, 0.1893, (0, 8, 112, 139, 340, 122, 31, 15, 0)
True, True, 0.1002, (0, 148, 123, 298, 226, 93, 168, 204, 314, 0)
True, True, 0.0845, (0, 247, 282, 263, 22, 272, 43, 86, 424, 0)
True, True, 0.1543, (0, 183, 407, 261, 312, 230, 289, 59, 0)
True, True, 0.0609, (0, 234, 81, 276, 132, 70, 286, 302, 0)
True, True, 0.0134, (0, 50, 259, 243, 51, 331, 288, 102, 0)
True, True, 0.0933, (0, 296, 241, 5, 90, 57, 87, 397, 234, 0)
True, True, 0.019, (0, 397, 95, 361, 110, 94, 426, 241, 0)
True, True, 0.0104, (0, 125, 423, 67, 343, 383, 169, 225, 0)
True, True, 0.0211, (0, 86, 299, 272, 43, 279, 119, 30, 346, 0)
True, True, 0.0651, (0, 154, 315, 349, 184, 85, 402, 283, 117, 0)
True, True, 0.1624, (0, 205, 200, 117, 305, 313, 388, 121, 0)
True, True, 0.0306, (0, 390, 394, 156, 381, 34, 112, 8, 0)
True, True, 0.3171, (0, 412, 137, 192, 273, 107, 180, 275, 0)
True, True, 0.0029, (0, 10, 347, 2, 49, 309, 254, 384, 0)
False, True, 0.2645, (0, 354, 190, 404, 269, 190, 354, 0)
False, True, 0.3081, (0, 92, 328, 206, 44, 172, 328, 92, 0)
False, True, 0.0326, (0, 425, 406, 354, 425, 406, 354, 425, 0)
False, True, 0.1144, (0, 92, 328, 206, 44, 172, 328, 341, 0)
False, True, 0.2018, (0, 400, 19, 419, 400, 19, 419, 38, 0)
False, True, 0.2971, (0, 136, 155, 422, 255, 155, 136, 161, 0)
False, True, 0.0387, (0, 92, 328, 172, 206, 44, 172, 328, 0)
False, True, 0.0567, (0, 21, 310, 308, 8, 310, 308, 21, 0)
False, True, 0.0605, (0, 15, 198, 31, 15, 198, 31, 362, 0)
False, True, 0.2719, (0, 173, 320, 345, 187, 114, 320, 173, 0)
False, True, 0.1024, (0, 13, 201, 214, 338, 233, 214, 201, 13, 0)
False, True, 0.0179, (0, 38, 236, 275, 235, 180, 275, 236, 38, 0)
False, True, 0.1801, (0, 87, 232, 382, 426, 199, 382, 232, 87, 0)
False, True, 0.0544, (0, 161, 136, 155, 395, 136, 155, 138, 0)
False, True, 0.1866, (0, 234, 81, 20, 276, 81, 20, 0)
False, True, 0.0994, (0, 335, 133, 186, 176, 127, 133, 333, 0)
False, True, 0.126, (0, 335, 133, 186, 176, 127, 133, 335, 0)
False, True, 0.3333, (0, 376, 13, 201, 150, 194, 415, 376, 0)
False, True, 0.118, (0, 82, 251, 247, 142, 251, 82, 0)
False, True, 0.049, (0, 144, 1, 319, 79, 200, 306, 144, 0)
False, True, 0.1429, (0, 159, 12, 405, 389, 12, 131, 0)
False, True, 0.1397, (0, 38, 275, 180, 235, 275, 180, 235, 275, 0)
False, True, 0.2156, (0, 357, 239, 379, 335, 333, 379, 357, 0)
False, True, 0.0804, (0, 357, 335, 133, 186, 176, 133, 333, 0)
False, True, 0.0714, (0, 159, 405, 389, 75, 405, 159, 224, 0)
False, True, 0.1663, (0, 216, 220, 357, 239, 220, 216, 269, 0)
False, True, 0.0708, (0, 209, 218, 300, 131, 218, 209, 336, 0)
False, True, 0.0557, (0, 338, 54, 327, 330, 118, 327, 54, 338, 0)
False, True, 0.2382, (0, 42, 307, 74, 302, 286, 74, 42, 0)
False, True, 0.0656, (0, 199, 110, 94, 199, 426, 382, 57, 0)
False, True, 0.0544, (0, 161, 136, 155, 395, 136, 155, 61, 0)
False, True, 0.1492, (0, 267, 23, 211, 183, 23, 77, 0)
False, True, 0.1309, (0, 42, 74, 302, 286, 74, 307, 88, 0)
False, True, 0.0898, (0, 117, 283, 337, 125, 39, 337, 283, 117, 0)
False, True, 0.0633, (0, 66, 363, 284, 124, 363, 53, 170, 0)
False, True, 0.2306, (0, 92, 206, 44, 172, 206, 44, 172, 0)
False, True, 0.1778, (0, 197, 80, 339, 191, 80, 187, 0)
False, True, 0.3239, (0, 152, 424, 346, 215, 424, 152, 203, 0)
False, True, 0.4582, (0, 70, 238, 221, 421, 224, 221, 359, 373, 0)
False, True, 0.076, (0, 403, 158, 326, 14, 158, 326, 403, 0)
False, True, 0.0523, (0, 35, 77, 23, 183, 211, 23, 0)
False, True, 0.0851, (0, 312, 58, 177, 315, 104, 177, 58, 0)
False, True, 0.3064, (0, 35, 77, 23, 211, 183, 77, 0)
False, True, 0.1309, (0, 42, 74, 302, 286, 74, 42, 88, 0)
False, True, 0.0656, (0, 199, 110, 94, 199, 426, 382, 90, 0)
False, True, 0.0623, (0, 322, 178, 258, 290, 245, 258, 178, 0)
False, True, 0.0217, (0, 277, 227, 76, 266, 396, 76, 266, 186, 0)
False, True, 0.0877, (0, 189, 304, 111, 189, 182, 237, 0)
False, True, 0.4085, (0, 250, 215, 346, 301, 30, 46, 409, 250, 0)
False, True, 0.18, (0, 426, 199, 94, 426, 199, 252, 0)
False, True, 0.3769, (0, 292, 416, 297, 27, 416, 292, 0)
False, True, 0.0105, (0, 187, 339, 191, 52, 166, 191, 339, 0)
False, True, 0.0788, (0, 274, 278, 314, 342, 143, 278, 274, 391, 0)
False, True, 0.2206, (0, 191, 368, 380, 120, 368, 417, 0)
False, True, 0.0843, (0, 68, 391, 274, 278, 115, 179, 68, 0)
False, True, 0.1883, (0, 155, 395, 422, 255, 395, 114, 0)
False, True, 0.0103, (0, 229, 217, 230, 352, 217, 230, 135, 0)
False, True, 0.147, (0, 314, 342, 143, 348, 342, 143, 115, 179, 0)
False, True, 0.0503, (0, 173, 339, 191, 52, 339, 80, 197, 0)
False, True, 0.0942, (0, 345, 400, 19, 419, 400, 345, 320, 0)
False, True, 0.4082, (0, 189, 304, 111, 68, 304, 111, 400, 0)
False, True, 0.2841, (0, 40, 34, 413, 381, 34, 112, 40, 0)
False, True, 0.0036, (0, 294, 378, 311, 268, 378, 294, 45, 0)
False, True, 0.208, (0, 102, 288, 331, 51, 288, 102, 0)
False, True, 0.1364, (0, 357, 379, 335, 133, 186, 176, 133, 0)
False, True, 0.1723, (0, 107, 9, 427, 153, 9, 427, 149, 0)
False, True, 0.0092, (0, 123, 78, 145, 249, 78, 145, 163, 0)
False, True, 0.1832, (0, 207, 103, 100, 28, 103, 246, 182, 0)
False, True, 0.1689, (0, 77, 183, 407, 386, 96, 407, 183, 0)
False, True, 0.016, (0, 38, 189, 304, 111, 68, 304, 189, 0)
False, True, 0.2475, (0, 35, 267, 72, 223, 267, 72, 223, 267, 0)
False, True, 0.0382, (0, 83, 351, 260, 106, 18, 260, 351, 0)
False, True, 0.0189, (0, 5, 382, 426, 199, 94, 426, 382, 0)
False, True, 0.0986, (0, 424, 215, 346, 301, 30, 215, 424, 0)
False, True, 0.0714, (0, 209, 12, 405, 389, 75, 405, 12, 0)
False, True, 0.1723, (0, 38, 264, 149, 419, 19, 264, 38, 0)
False, True, 0.0651, (0, 154, 104, 315, 177, 104, 154, 0)
False, True, 0.1048, (0, 340, 245, 244, 290, 245, 244, 290, 178, 0)
False, True, 0.0513, (0, 178, 244, 245, 258, 244, 245, 178, 0)
False, True, 0.0651, (0, 370, 204, 168, 358, 271, 168, 204, 0)
False, True, 0.0652, (0, 176, 277, 76, 396, 266, 76, 396, 227, 0)
False, True, 0.0495, (0, 207, 246, 103, 100, 28, 103, 237, 0)
False, True, 0.0744, (0, 287, 240, 116, 222, 16, 113, 116, 240, 0)
False, True, 0.0187, (0, 241, 5, 90, 57, 232, 87, 57, 90, 241, 0)
False, True, 0.2776, (0, 247, 282, 263, 22, 282, 263, 22, 251, 0)
False, True, 0.5, (0, 88, 253, 364, 307, 33, 364, 253, 0)
False, True, 0.3557, (0, 68, 391, 274, 278, 115, 179, 274, 0)
False, True, 0.3701, (0, 127, 277, 227, 396, 76, 266, 227, 277, 0)
False, True, 0.0789, (0, 229, 217, 230, 352, 6, 230, 289, 0)
False, True, 0.2832, (0, 314, 348, 342, 143, 348, 342, 143, 348, 314, 0)
False, True, 0.0435, (0, 186, 266, 76, 396, 266, 76, 227, 367, 0)
False, True, 0.1996, (0, 351, 105, 260, 106, 18, 260, 378, 0)
False, True, 0.0492, (0, 4, 292, 297, 27, 292, 411, 4, 0)
False, True, 0.1063, (0, 79, 337, 125, 39, 337, 117, 37, 0)
False, True, 0.4497, (0, 65, 157, 375, 25, 157, 65, 0)
False, True, 0.0447, (0, 70, 359, 238, 421, 224, 221, 238, 70, 0)
False, True, 0.02, (0, 117, 402, 184, 387, 349, 184, 387, 85, 0)
False, True, 0.4415, (0, 98, 49, 309, 141, 384, 254, 98, 0)
False, True, 0.4091, (0, 1, 163, 145, 249, 78, 163, 1, 144, 0)
False, True, 0.4286, (0, 131, 12, 75, 405, 389, 75, 159, 0)
False, True, 0.0061, (0, 399, 403, 360, 321, 403, 360, 162, 0)
False, True, 0.0362, (0, 71, 185, 285, 71, 185, 129, 71, 185, 0)
False, True, 0.1538, (0, 7, 185, 71, 285, 185, 71, 129, 185, 0)
False, True, 0.1893, (0, 322, 258, 245, 244, 258, 178, 198, 0)
False, True, 0.1177, (0, 135, 230, 312, 6, 230, 229, 223, 0)
False, True, 0.0069, (0, 93, 384, 254, 141, 384, 226, 0)
False, True, 0.0802, (0, 230, 217, 352, 230, 217, 6, 230, 0)
False, True, 0.3137, (0, 28, 100, 121, 28, 100, 103, 237, 0)
False, True, 0.0204, (0, 237, 182, 246, 207, 182, 237, 0)
False, True, 0.1979, (0, 24, 101, 336, 24, 101, 224, 238, 0)
False, True, 0.2315, (0, 32, 181, 47, 228, 181, 47, 228, 269, 0)
False, True, 0.0489, (0, 247, 282, 263, 22, 282, 247, 334, 280, 0)
False, True, 0.3844, (0, 313, 85, 387, 349, 184, 387, 402, 283, 0)
False, True, 0.1112, (0, 170, 162, 212, 84, 162, 134, 295, 0)
False, True, 0.179, (0, 15, 198, 31, 15, 198, 31, 308, 0)
False, True, 0.0895, (0, 374, 310, 40, 112, 139, 340, 122, 310, 0)
False, True, 0.1444, (0, 217, 312, 6, 217, 11, 325, 0)
False, True, 0.1411, (0, 360, 326, 158, 14, 326, 360, 0)
False, True, 0.3759, (0, 370, 204, 168, 93, 358, 271, 370, 0)
False, True, 0.1071, (0, 64, 254, 384, 141, 254, 384, 0)
False, True, 0.2912, (0, 336, 24, 101, 336, 24, 101, 421, 0)
False, True, 0.0933, (0, 232, 382, 426, 199, 94, 426, 5, 0)
False, True, 0.0209, (0, 26, 347, 2, 169, 383, 60, 169, 10, 0)
False, True, 0.2377, (0, 351, 105, 106, 18, 260, 106, 18, 0)
False, True, 0.1053, (0, 25, 209, 300, 218, 209, 336, 25, 0)
False, True, 0.1575, (0, 294, 378, 268, 311, 294, 73, 56, 0)
False, True, 0.182, (0, 53, 195, 363, 124, 284, 195, 66, 0)
False, True, 0.1712, (0, 402, 85, 349, 184, 387, 349, 184, 85, 0)
False, True, 0.1672, (0, 26, 254, 384, 141, 254, 93, 0)
False, True, 0.0223, (0, 257, 329, 293, 257, 329, 293, 257, 95, 0)
False, True, 0.1865, (0, 91, 393, 358, 271, 393, 97, 0)
False, True, 0.2289, (0, 306, 79, 337, 125, 39, 337, 117, 0)
False, True, 0.0165, (0, 6, 217, 312, 6, 217, 135, 0)
False, True, 0.0498, (0, 23, 388, 313, 305, 388, 146, 0)
False, True, 0.395, (0, 123, 392, 64, 26, 392, 226, 298, 148, 0)
False, True, 0.1429, (0, 159, 389, 405, 12, 389, 159, 0)
False, True, 0.2868, (0, 318, 171, 164, 63, 171, 164, 63, 171, 160, 0)
False, True, 0.436, (0, 53, 399, 212, 84, 399, 212, 84, 162, 0)
False, True, 0.0084, (0, 162, 212, 360, 403, 321, 212, 162, 0)
False, True, 0.2508, (0, 166, 82, 251, 142, 334, 167, 166, 0)
False, True, 0.0652, (0, 277, 227, 266, 396, 76, 266, 186, 176, 0)
False, True, 0.3685, (0, 189, 366, 188, 144, 366, 350, 182, 0)
False, True, 0.0887, (0, 185, 285, 102, 62, 3, 102, 185, 0)
False, True, 0.338, (0, 52, 166, 203, 208, 152, 203, 208, 0)
False, True, 0.2092, (0, 312, 6, 217, 312, 6, 217, 0)
False, True, 0.2162, (0, 239, 379, 335, 333, 379, 239, 220, 0)
False, True, 0.0141, (0, 247, 282, 263, 22, 272, 263, 22, 251, 0)
False, True, 0.008, (0, 91, 271, 168, 93, 358, 271, 0)
False, True, 0.0631, (0, 286, 276, 81, 20, 276, 286, 0)
False, True, 0.4256, (0, 287, 116, 222, 16, 113, 116, 240, 287, 0)
False, True, 0.2508, (0, 132, 276, 20, 81, 276, 132, 302, 0)
False, True, 0.032, (0, 109, 304, 111, 68, 391, 111, 304, 0)
False, True, 0.0365, (0, 334, 142, 282, 263, 22, 282, 142, 334, 0)
False, True, 0.1657, (0, 280, 120, 380, 368, 120, 52, 339, 0)
False, True, 0.1395, (0, 171, 196, 326, 158, 14, 196, 360, 0)
False, True, 0.0112, (0, 361, 257, 329, 293, 257, 329, 293, 361, 0)
False, True, 0.1134, (0, 324, 15, 198, 31, 15, 198, 362, 0)
False, True, 0.0891, (0, 339, 380, 368, 120, 380, 368, 0)
False, True, 0.042, (0, 55, 130, 398, 285, 130, 55, 372, 0)
False, True, 0.1054, (0, 373, 359, 238, 421, 224, 238, 359, 373, 0)
False, True, 0.3776, (0, 94, 110, 257, 329, 293, 257, 110, 382, 0)
False, True, 0.1813, (0, 372, 398, 50, 369, 262, 50, 398, 0)
False, True, 0.0414, (0, 257, 329, 293, 398, 285, 130, 398, 0)
False, True, 0.0544, (0, 228, 220, 357, 239, 220, 216, 404, 0)
False, True, 0.1477, (0, 4, 411, 35, 416, 292, 35, 411, 0)
False, True, 0.0352, (0, 424, 215, 346, 301, 215, 346, 424, 0)
False, True, 0.1742, (0, 56, 73, 8, 310, 308, 374, 56, 0)
False, True, 0.0868, (0, 197, 80, 339, 191, 80, 197, 0)
False, True, 0.2787, (0, 322, 178, 258, 290, 245, 244, 290, 322, 0)
False, True, 0.2069, (0, 297, 27, 373, 359, 48, 27, 297, 0)
False, True, 0.0309, (0, 222, 16, 332, 291, 41, 332, 113, 0)
False, True, 0.0942, (0, 161, 136, 422, 255, 395, 136, 161, 0)
False, True, 0.0487, (0, 237, 207, 350, 246, 103, 207, 237, 0)
False, True, 0.0243, (0, 182, 246, 350, 366, 188, 350, 246, 0)
False, True, 0.0219, (0, 293, 369, 213, 259, 243, 213, 369, 0)
False, True, 0.016, (0, 147, 208, 414, 420, 256, 147, 0)
False, True, 0.1259, (0, 193, 376, 415, 201, 13, 415, 193, 0)
False, True, 0.1051, (0, 205, 37, 306, 200, 37, 205, 0)
False, True, 0.055, (0, 423, 169, 2, 347, 309, 49, 2, 347, 0)
False, True, 0.1895, (0, 170, 66, 363, 195, 66, 53, 170, 0)
False, True, 0.0526, (0, 347, 2, 309, 49, 2, 169, 423, 10, 0)
False, True, 0.002, (0, 214, 233, 344, 327, 54, 344, 214, 0)
False, True, 0.0658, (0, 1, 145, 249, 78, 145, 319, 1, 0)
False, True, 0.0086, (0, 322, 290, 245, 244, 290, 258, 178, 31, 0)
False, True, 0.0845, (0, 167, 334, 247, 142, 334, 167, 191, 0)
False, True, 0.1235, (0, 236, 235, 385, 107, 235, 180, 236, 0)
False, True, 0.1498, (0, 117, 283, 402, 39, 125, 337, 283, 305, 0)
False, True, 0.1094, (0, 341, 214, 233, 344, 338, 233, 341, 0)
False, True, 0.1048, (0, 362, 122, 31, 198, 15, 31, 362, 374, 0)
False, True, 0.0326, (0, 425, 406, 356, 316, 281, 406, 418, 0)
False, True, 0.0623, (0, 178, 244, 290, 245, 244, 258, 178, 0)
False, True, 0.0372, (0, 287, 240, 113, 291, 332, 16, 222, 287, 0)
False, True, 0.0577, (0, 330, 322, 290, 244, 245, 258, 178, 322, 0)
False, True, 0.0468, (0, 391, 274, 278, 314, 143, 115, 179, 391, 0)
False, True, 0.0342, (0, 38, 180, 235, 275, 180, 235, 236, 38, 0)
False, True, 0.146, (0, 293, 50, 259, 243, 213, 259, 262, 50, 0)
False, True, 0.0209, (0, 39, 67, 343, 383, 60, 343, 67, 0)
False, True, 0.0067, (0, 218, 300, 129, 185, 71, 300, 218, 0)
False, True, 0.1246, (0, 286, 70, 132, 276, 20, 132, 234, 0)
False, True, 0.0217, (0, 270, 227, 396, 266, 76, 396, 270, 0)
False, True, 0.1383, (0, 280, 368, 167, 334, 82, 167, 280, 0)
False, True, 0.0036, (0, 314, 143, 348, 342, 143, 115, 179, 68, 0)
False, True, 0.1142, (0, 95, 361, 293, 329, 257, 361, 95, 0)
False, True, 0.1169, (0, 26, 49, 309, 141, 49, 309, 98, 0)
False, True, 0.131, (0, 121, 146, 377, 386, 96, 377, 146, 121, 0)
False, True, 0.0768, (0, 167, 142, 282, 247, 142, 82, 167, 0)
False, True, 0.0538, (0, 225, 2, 309, 49, 2, 169, 225, 0)
False, True, 0.0638, (0, 230, 6, 352, 230, 6, 312, 230, 0)
False, True, 0.2386, (0, 207, 246, 366, 350, 246, 207, 237, 0)
False, True, 0.3884, (0, 333, 41, 332, 291, 41, 113, 240, 0)
False, True, 0.2759, (0, 234, 90, 57, 232, 87, 57, 90, 296, 0)
False, True, 0.0708, (0, 218, 300, 129, 185, 71, 129, 300, 0)
False, True, 0.1315, (0, 321, 403, 360, 321, 403, 360, 318, 0)
False, True, 0.0477, (0, 398, 285, 185, 71, 285, 398, 372, 0)
False, True, 0.2533, (0, 83, 394, 156, 381, 413, 156, 394, 390, 0)
False, True, 0.0387, (0, 328, 44, 206, 172, 44, 206, 328, 0)
False, True, 0.1097, (0, 418, 281, 316, 356, 406, 425, 418, 0)
False, True, 0.0046, (0, 118, 322, 178, 290, 258, 178, 322, 0)
False, True, 0.1922, (0, 291, 332, 41, 291, 332, 16, 222, 0)
False, True, 0.0242, (0, 118, 322, 290, 244, 245, 258, 322, 118, 0)
False, True, 0.0388, (0, 360, 196, 326, 158, 196, 63, 164, 0)
False, True, 0.1893, (0, 362, 122, 340, 139, 40, 340, 122, 362, 0)
False, True, 0.001, (0, 32, 47, 220, 357, 239, 220, 47, 32, 0)
False, True, 0.0619, (0, 66, 124, 284, 210, 124, 284, 0)
False, True, 0.0047, (0, 118, 322, 258, 290, 244, 245, 258, 322, 0)
False, True, 0.1727, (0, 10, 401, 423, 225, 10, 145, 163, 0)
False, True, 0.1156, (0, 133, 186, 176, 127, 186, 176, 127, 291, 0)
False, True, 0.0069, (0, 91, 393, 298, 64, 26, 226, 298, 0)
False, True, 0.0421, (0, 372, 130, 285, 185, 71, 285, 130, 372, 0)
False, True, 0.0536, (0, 88, 66, 363, 124, 284, 33, 88, 0)
False, True, 0.0435, (0, 248, 126, 69, 396, 76, 266, 396, 0)
False, True, 0.0159, (0, 211, 407, 261, 386, 96, 407, 23, 0)
False, True, 0.0423, (0, 332, 277, 266, 76, 396, 227, 277, 332, 0)
False, True, 0.0002, (0, 351, 105, 156, 413, 381, 156, 390, 0)
False, True, 0.005, (0, 13, 214, 233, 338, 214, 233, 338, 214, 0)
all_elementary, False
all_cyc2, True
