Instance, X-n401-k29
capacity, 745
min_trucks, 29
output_file, output_uchoa/X-n401-k29-SPPRC.log
Start date, 2022-06-23
Start time, 14-30-50
capacity, 745
num_vehicles, 29
abort_early, False
methods, ['SPPRC']
max_vars, 1000000
time_limit, 86400
farley, False
initial time, initial max_it, max_stale_it
1e-05, 2000000000.0, 20
heuristic Number of routes, heuristic Best Solution Value, heuristic number of iterations, adjusted time, adjusted max_it
1164792, 66528.0, 46563, 0.1, 200000.0
method, python time, total time, propagated dominance time, unpropagated dominance time, pricing_success, upper_bound, lower_bound, abort_early, num_paths, 
SPPRC, 225.6, 1234.1, 1187.8, 38.4, 1, 65586.1974, -93360.1339, 0, 122107
SPPRC, 81.6, 588.7, 558.5, 23.5, 1, 65586.1974, 5162.1224, 0, 65137
SPPRC, 72.1, 1287.7, 1231.9, 47.1, 1, 65580.7599, 3644.8, 0, 93725
SPPRC, 34.1, 406.6, 377.2, 22.8, 1, 65580.7599, 25069.6748, 0, 43024
SPPRC, 29.2, 506.0, 476.5, 23.0, 1, 65580.7599, 27592.6209, 0, 37026
SPPRC, 40.6, 356.3, 333.7, 16.6, 1, 65552.7113, -5176.1137, 0, 65395
SPPRC, 55.5, 507.3, 476.6, 24.2, 1, 65551.5247, 25018.7765, 0, 37735
SPPRC, 31.5, 537.0, 502.7, 27.5, 1, 65514.0046, 31305.9674, 0, 32402
SPPRC, 27.7, 294.8, 270.5, 18.6, 1, 65425.1404, 41838.3317, 0, 16728
SPPRC, 17.8, 208.5, 185.2, 17.2, 1, 65322.5857, 50188.5331, 0, 19428
SPPRC, 14.1, 160.4, 139.3, 15.5, 1, 65225.7503, 46707.7007, 0, 18235
SPPRC, 7.2, 157.9, 137.9, 14.5, 1, 65181.945, 50912.6599, 0, 11473
SPPRC, 19.1, 160.7, 139.3, 15.2, 1, 65072.1123, 47032.2763, 0, 18025
SPPRC, 8.7, 261.9, 237.1, 18.9, 1, 65008.6661, 55608.7338, 0, 10412
SPPRC, 4.2, 214.5, 193.6, 15.3, 1, 64956.3349, 54768.9852, 0, 6652
SPPRC, 6.6, 929.3, 878.9, 42.7, 1, 64877.2768, 58281.4024, 0, 7365
SPPRC, 3.2, 681.8, 636.0, 38.9, 1, 64848.0703, 58726.0923, 0, 4659
SPPRC, 7.8, 464.1, 433.4, 24.7, 1, 64807.4546, 46592.1169, 0, 8258
SPPRC, 5.7, 521.2, 488.4, 26.5, 1, 64796.9832, 55750.7166, 0, 5427
SPPRC, 2.7, 384.9, 357.4, 21.3, 1, 64767.3826, 58480.8646, 0, 3746
SPPRC, 5.3, 412.6, 383.6, 22.5, 1, 64705.0662, 59215.5606, 0, 5560
SPPRC, 3.8, 377.3, 350.0, 21.1, 1, 64679.8707, 58041.6235, 0, 4886
SPPRC, 3.6, 428.9, 399.7, 22.5, 1, 64671.2196, 60562.026, 0, 3003
SPPRC, 4.4, 398.6, 369.9, 22.4, 1, 64625.0147, 57009.488, 0, 6090
SPPRC, 4.1, 435.5, 405.6, 23.3, 1, 64620.7313, 58647.9493, 0, 4481
SPPRC, 2.7, 461.3, 431.1, 23.6, 1, 64609.4357, 60100.7521, 0, 3167
SPPRC, 2.1, 476.1, 445.3, 24.0, 1, 64588.6879, 61654.448, 0, 2373
SPPRC, 1.9, 469.2, 438.8, 23.7, 1, 64572.6806, 61680.7038, 0, 2016
SPPRC, 1.1, 449.3, 419.3, 23.5, 1, 64560.2116, 62558.4, 0, 1173
SPPRC, 2.2, 449.3, 419.2, 23.5, 1, 64544.8331, 60206.152, 0, 2323
SPPRC, 1.0, 476.3, 445.5, 24.0, 1, 64542.7302, 62612.7103, 0, 998
SPPRC, 1.7, 453.0, 422.7, 23.7, 1, 64533.7996, 60580.5837, 0, 2053
SPPRC, 0.9, 458.1, 428.0, 23.5, 1, 64530.021, 62468.5179, 0, 759
SPPRC, 0.7, 461.3, 430.9, 23.8, 1, 64525.0792, 62850.9448, 0, 649
SPPRC, 1.4, 451.4, 421.5, 23.2, 1, 64518.2045, 60601.034, 0, 1565
SPPRC, 0.8, 479.6, 448.7, 24.2, 1, 64508.004, 62813.8102, 0, 607
SPPRC, 0.7, 487.9, 456.9, 24.2, 1, 64501.6344, 63293.7928, 0, 411
SPPRC, 0.6, 490.9, 460.0, 24.2, 1, 64495.217, 62844.7518, 0, 486
SPPRC, 0.5, 494.2, 462.9, 24.4, 1, 64491.4996, 63528.1088, 0, 303
SPPRC, 0.6, 495.3, 464.0, 24.5, 1, 64483.5467, 63447.6783, 0, 359
SPPRC, 0.5, 483.4, 452.7, 24.0, 1, 64480.8879, 63237.1788, 0, 222
SPPRC, 0.6, 521.6, 489.4, 25.3, 1, 64474.8679, 63466.1388, 0, 289
SPPRC, 0.3, 656.2, 622.6, 26.6, 1, 64473.0297, 63698.7074, 0, 167
SPPRC, 0.4, 800.3, 760.9, 32.3, 1, 64469.0876, 63725.3527, 0, 178
SPPRC, 0.4, 809.1, 769.0, 33.0, 1, 64466.6011, 63683.9378, 0, 186
SPPRC, 0.4, 810.3, 769.8, 33.3, 1, 64465.5666, 63979.9581, 0, 110
SPPRC, 0.4, 771.8, 732.6, 32.0, 1, 64463.547, 64011.7632, 0, 107
SPPRC, 0.4, 674.1, 637.3, 29.8, 1, 64462.4546, 63980.0121, 0, 80
SPPRC, 0.4, 686.8, 651.1, 28.8, 1, 64461.6136, 63942.0446, 0, 64
SPPRC, 0.3, 686.2, 650.3, 28.8, 1, 64460.2921, 64048.6492, 0, 98
SPPRC, 0.3, 684.8, 648.3, 29.4, 1, 64459.3241, 64134.2185, 0, 49
SPPRC, 0.3, 696.1, 658.8, 30.3, 1, 64458.7221, 64256.43, 0, 37
SPPRC, 0.2, 684.0, 648.2, 28.7, 1, 64457.8549, 64156.004, 0, 40
SPPRC, 0.2, 795.3, 755.7, 32.5, 1, 64457.3574, 64243.7161, 0, 26
SPPRC, 0.2, 824.1, 783.9, 32.9, 1, 64456.9412, 64277.1111, 0, 21
SPPRC, 0.2, 716.2, 677.5, 31.6, 1, 64455.9068, 64325.2027, 0, 22
SPPRC, 0.3, 698.6, 661.6, 30.0, 1, 64455.5929, 64283.9958, 0, 25
SPPRC, 0.2, 727.1, 689.8, 30.2, 1, 64455.2228, 64310.5685, 0, 21
SPPRC, 0.2, 688.0, 650.7, 30.3, 1, 64455.0916, 64319.7087, 0, 14
SPPRC, 0.2, 703.1, 665.9, 30.1, 1, 64454.7431, 64366.3722, 0, 16
SPPRC, 0.2, 689.7, 652.7, 30.0, 1, 64454.2811, 64359.9501, 0, 15
SPPRC, 0.1, 703.5, 666.4, 30.0, 1, 64454.1877, 64256.3064, 0, 11
SPPRC, 0.2, 687.3, 651.2, 29.0, 1, 64454.1115, 64397.9745, 0, 12
SPPRC, 0.1, 703.4, 665.5, 30.8, 1, 64454.0726, 64398.6893, 0, 7
SPPRC, 0.2, 650.4, 614.5, 29.1, 1, 64454.0532, 64435.5732, 0, 5
SPPRC, 0.1, 697.7, 661.5, 29.1, 1, 64454.0467, 64435.5243, 0, 4
SPPRC, 0.2, 767.7, 728.2, 32.4, 1, 64454.0452, 64441.2328, 0, 2
SPPRC, -0.0, 716.9, 679.3, 30.6, 1, 64454.0392, 64454.0392, 0, 0
scip_total_time, 131208.978108
Solval, number of paths, impact cutoff
64454.039242007515, 378, 0.0001
Elementary, 2-Cycle, Path Value, Path
True, True, 0.0528, (0, 8, 48, 155, 58, 265, 159, 135, 275, 139, 0)
True, True, 0.0852, (0, 388, 263, 126, 228, 256, 195, 23, 309, 381, 0)
True, True, 0.0842, (0, 205, 189, 399, 54, 170, 364, 134, 72, 363, 96, 35, 0)
False, False, 0.0195, (0, 119, 242, 119, 242, 119, 242, 119, 242, 119, 242, 119, 142, 0)
False, False, 0.0185, (0, 325, 46, 391, 17, 391, 17, 391, 17, 40, 0)
False, False, 0.0073, (0, 139, 271, 386, 99, 386, 99, 386, 99, 46, 0)
False, False, 0.1914, (0, 192, 123, 386, 99, 386, 99, 386, 271, 0)
False, False, 0.0149, (0, 174, 389, 251, 389, 251, 192, 251, 389, 174, 0)
False, False, 0.185, (0, 66, 272, 6, 336, 6, 336, 6, 272, 132, 0)
False, False, 0.1502, (0, 303, 9, 285, 40, 285, 9, 285, 9, 303, 0)
False, False, 0.119, (0, 139, 129, 381, 367, 32, 367, 32, 367, 32, 367, 32, 381, 0)
False, False, 0.0304, (0, 231, 5, 350, 244, 185, 38, 185, 244, 350, 394, 0)
False, False, 0.1116, (0, 388, 263, 126, 40, 285, 40, 126, 263, 0)
False, False, 0.0509, (0, 171, 167, 240, 51, 240, 51, 240, 7, 29, 0)
False, False, 0.0413, (0, 108, 31, 210, 335, 210, 335, 210, 335, 210, 31, 0)
False, False, 0.2809, (0, 325, 17, 173, 125, 328, 125, 173, 125, 173, 40, 0)
False, False, 0.185, (0, 89, 132, 336, 6, 336, 6, 336, 132, 113, 0)
False, False, 0.1481, (0, 330, 168, 246, 95, 354, 95, 354, 303, 124, 0)
False, False, 0.1961, (0, 164, 389, 123, 346, 123, 346, 123, 192, 164, 0)
False, False, 0.232, (0, 10, 82, 124, 246, 95, 354, 95, 246, 168, 0)
False, False, 0.1226, (0, 365, 326, 220, 70, 220, 70, 220, 326, 193, 0)
False, False, 0.0446, (0, 230, 129, 227, 71, 227, 71, 227, 71, 227, 0)
False, False, 0.0225, (0, 59, 332, 365, 290, 193, 290, 193, 290, 359, 0)
False, False, 0.2135, (0, 167, 351, 191, 282, 107, 90, 107, 282, 191, 351, 0)
False, False, 0.0619, (0, 152, 53, 48, 161, 48, 161, 48, 53, 8, 0)
False, False, 0.2653, (0, 351, 191, 318, 341, 321, 341, 321, 318, 230, 58, 0)
False, False, 0.3459, (0, 331, 359, 91, 197, 311, 197, 91, 359, 331, 0)
False, False, 0.0142, (0, 330, 168, 82, 124, 303, 124, 82, 124, 82, 0)
False, False, 0.0347, (0, 140, 64, 140, 64, 140, 64, 140, 64, 140, 64, 140, 64, 140, 64, 140, 64, 140, 64, 140, 64, 140, 64, 140, 64, 140, 64, 140, 64, 140, 64, 140, 64, 140, 64, 140, 64, 140, 64, 140, 0)
False, False, 0.0768, (0, 91, 164, 251, 389, 251, 192, 251, 192, 251, 164, 0)
False, False, 0.0432, (0, 352, 224, 201, 224, 52, 224, 52, 142, 170, 0)
False, False, 0.0659, (0, 87, 350, 244, 38, 185, 38, 185, 38, 244, 186, 0)
False, False, 0.139, (0, 256, 346, 99, 386, 99, 386, 99, 346, 195, 0)
False, False, 0.0698, (0, 376, 359, 91, 197, 311, 197, 311, 71, 227, 0)
False, False, 0.0262, (0, 325, 391, 173, 328, 287, 328, 173, 391, 46, 325, 0)
False, False, 0.187, (0, 376, 42, 249, 12, 326, 12, 326, 12, 249, 332, 0)
False, False, 0.2362, (0, 198, 59, 371, 222, 15, 89, 15, 89, 15, 222, 371, 0)
False, False, 0.0079, (0, 400, 186, 185, 38, 185, 38, 185, 38, 244, 350, 394, 0)
False, False, 0.2095, (0, 271, 287, 182, 44, 182, 44, 287, 328, 46, 0)
False, False, 0.1558, (0, 129, 227, 71, 311, 197, 311, 71, 227, 129, 230, 0)
False, False, 0.0274, (0, 268, 281, 87, 5, 350, 5, 350, 5, 87, 394, 67, 0)
False, False, 0.121, (0, 91, 174, 389, 251, 389, 251, 389, 164, 311, 129, 0)
False, False, 0.1099, (0, 127, 261, 348, 368, 67, 394, 67, 394, 132, 0)
False, False, 0.0394, (0, 361, 275, 135, 159, 265, 184, 265, 159, 135, 0)
False, False, 0.0436, (0, 23, 346, 123, 346, 123, 346, 123, 251, 164, 0)
False, False, 0.0953, (0, 127, 268, 348, 368, 67, 394, 67, 368, 219, 0)
False, True, 0.1116, (0, 246, 354, 9, 285, 40, 9, 354, 95, 246, 0)
True, True, 0.4312, (0, 45, 168, 388, 263, 126, 228, 256, 195, 23, 309, 0)
False, False, 0.1298, (0, 222, 220, 70, 220, 70, 220, 70, 220, 326, 0)
False, False, 0.0112, (0, 70, 113, 219, 261, 219, 261, 219, 113, 380, 0)
False, False, 0.1314, (0, 389, 271, 186, 271, 186, 271, 186, 271, 389, 0)
False, False, 0.0241, (0, 8, 395, 53, 171, 161, 171, 53, 395, 8, 0)
False, False, 0.4236, (0, 152, 29, 7, 240, 51, 240, 51, 7, 29, 0)
False, False, 0.0195, (0, 374, 245, 242, 119, 242, 119, 242, 119, 242, 119, 242, 245, 0)
False, False, 0.253, (0, 157, 8, 395, 53, 171, 167, 171, 53, 395, 8, 0)
False, False, 0.12, (0, 381, 23, 195, 192, 251, 192, 251, 192, 23, 0)
False, False, 0.0112, (0, 127, 268, 281, 92, 348, 92, 281, 92, 261, 268, 127, 0)
False, False, 0.131, (0, 230, 321, 381, 367, 32, 367, 32, 367, 32, 367, 381, 0)
False, False, 0.1267, (0, 388, 354, 9, 285, 40, 285, 9, 303, 82, 0)
False, False, 0.0684, (0, 70, 113, 77, 261, 77, 261, 77, 113, 70, 127, 0)
False, False, 0.2601, (0, 115, 302, 293, 66, 272, 66, 272, 66, 132, 0)
False, False, 0.2024, (0, 186, 287, 182, 44, 182, 44, 38, 185, 186, 164, 0)
False, False, 0.011, (0, 164, 251, 346, 46, 391, 17, 391, 46, 325, 195, 0)
False, False, 0.065, (0, 380, 302, 293, 302, 293, 302, 115, 222, 0)
False, False, 0.0493, (0, 192, 346, 386, 99, 386, 99, 346, 325, 256, 0)
False, False, 0.1667, (0, 45, 37, 330, 278, 82, 124, 303, 124, 82, 26, 278, 0)
False, False, 0.0685, (0, 348, 87, 5, 350, 244, 185, 38, 185, 186, 291, 0)
False, True, 0.0066, (0, 164, 192, 123, 346, 46, 391, 17, 46, 325, 0)
False, False, 0.1512, (0, 59, 332, 365, 42, 249, 42, 249, 42, 365, 332, 376, 0)
False, False, 0.0214, (0, 330, 82, 246, 95, 354, 95, 354, 95, 388, 0)
False, False, 0.1625, (0, 162, 35, 96, 363, 96, 363, 72, 363, 96, 35, 162, 0)
False, False, 0.0833, (0, 330, 278, 26, 283, 26, 283, 26, 283, 26, 278, 10, 0)
False, False, 0.091, (0, 118, 135, 159, 382, 184, 382, 184, 382, 159, 135, 0)
False, False, 0.0365, (0, 168, 354, 9, 285, 9, 285, 40, 126, 263, 0)
False, False, 0.0614, (0, 284, 225, 73, 27, 373, 335, 210, 335, 210, 335, 31, 306, 0)
False, False, 0.0588, (0, 174, 186, 185, 38, 185, 38, 185, 38, 244, 5, 0)
False, False, 0.0369, (0, 108, 73, 27, 373, 335, 210, 335, 210, 335, 18, 59, 0)
False, False, 0.1096, (0, 284, 225, 73, 27, 373, 252, 111, 252, 111, 252, 111, 345, 115, 0)
False, False, 0.1708, (0, 134, 352, 224, 201, 224, 201, 224, 352, 134, 0)
False, False, 0.1031, (0, 155, 318, 341, 321, 341, 321, 341, 318, 230, 155, 0)
False, False, 0.2939, (0, 337, 352, 224, 52, 201, 52, 201, 52, 142, 170, 0)
False, False, 0.0137, (0, 139, 251, 271, 386, 99, 386, 99, 46, 325, 195, 0)
False, False, 0.0988, (0, 155, 230, 129, 227, 71, 309, 71, 227, 129, 230, 0)
False, False, 0.178, (0, 167, 282, 107, 98, 90, 98, 90, 98, 107, 282, 0)
False, False, 0.0628, (0, 230, 129, 227, 71, 309, 311, 309, 381, 321, 318, 0)
False, True, 0.1762, (0, 325, 391, 328, 287, 182, 44, 287, 328, 46, 325, 0)
False, False, 0.1671, (0, 87, 5, 350, 244, 38, 244, 350, 5, 87, 368, 0)
False, False, 0.2439, (0, 376, 365, 42, 290, 193, 290, 193, 290, 376, 0)
False, False, 0.0357, (0, 381, 32, 23, 195, 256, 228, 256, 195, 23, 381, 0)
False, False, 0.1286, (0, 139, 309, 23, 195, 256, 228, 126, 228, 263, 388, 0)
False, False, 0.1737, (0, 375, 114, 118, 344, 312, 344, 312, 344, 118, 275, 0)
False, False, 0.027, (0, 129, 227, 71, 227, 71, 227, 71, 227, 331, 0)
False, False, 0.2153, (0, 325, 46, 391, 17, 391, 17, 391, 17, 46, 0)
False, False, 0.0511, (0, 156, 284, 225, 27, 373, 252, 111, 100, 218, 100, 218, 100, 345, 115, 0)
False, False, 0.0375, (0, 380, 132, 272, 336, 6, 336, 6, 272, 132, 0)
False, False, 0.1518, (0, 142, 242, 119, 242, 119, 242, 119, 242, 119, 242, 119, 142, 0)
False, False, 0.1157, (0, 139, 275, 135, 159, 265, 184, 382, 184, 58, 155, 0)
False, False, 0.0507, (0, 174, 231, 87, 5, 87, 5, 87, 5, 87, 231, 281, 268, 0)
False, False, 0.0569, (0, 282, 90, 98, 90, 98, 90, 98, 90, 98, 90, 282, 0)
False, False, 0.25, (0, 337, 24, 278, 283, 26, 283, 26, 283, 278, 330, 0)
False, False, 0.3068, (0, 380, 113, 77, 219, 261, 219, 77, 113, 380, 0)
False, False, 0.0138, (0, 247, 279, 329, 11, 241, 288, 151, 57, 151, 85, 288, 241, 11, 329, 279, 0)
False, False, 0.0107, (0, 191, 107, 90, 98, 90, 98, 90, 98, 90, 191, 351, 0)
False, False, 0.0698, (0, 394, 87, 5, 350, 244, 350, 5, 87, 394, 67, 0)
False, False, 0.0395, (0, 174, 281, 92, 348, 368, 394, 368, 348, 70, 0)
False, False, 0.0046, (0, 37, 72, 134, 352, 224, 52, 224, 352, 134, 72, 0)
False, False, 0.0406, (0, 127, 261, 92, 281, 92, 281, 92, 281, 174, 91, 0)
False, False, 0.2054, (0, 37, 152, 161, 155, 58, 265, 184, 265, 159, 135, 0)
False, False, 0.0027, (0, 135, 159, 382, 184, 265, 58, 155, 58, 155, 0)
False, False, 0.0953, (0, 381, 32, 256, 228, 126, 228, 263, 388, 168, 0)
False, False, 0.0209, (0, 260, 189, 269, 72, 364, 134, 352, 134, 72, 269, 189, 0)
False, False, 0.0524, (0, 40, 173, 125, 328, 125, 173, 125, 328, 99, 271, 0)
False, False, 0.1956, (0, 115, 345, 302, 293, 218, 100, 218, 293, 345, 0)
False, False, 0.1031, (0, 37, 351, 191, 282, 107, 98, 90, 98, 107, 191, 351, 0)
False, True, 0.0101, (0, 58, 230, 318, 341, 321, 129, 341, 318, 191, 351, 0)
True, True, 0.3156, (0, 213, 48, 161, 155, 58, 265, 184, 382, 159, 135, 0)
False, False, 0.0284, (0, 129, 164, 389, 251, 192, 251, 389, 174, 127, 193, 0)
False, False, 0.113, (0, 127, 268, 261, 219, 261, 219, 261, 77, 70, 220, 0)
False, False, 0.0334, (0, 70, 261, 92, 368, 67, 368, 348, 92, 268, 0)
False, False, 0.1041, (0, 59, 332, 365, 249, 12, 326, 12, 249, 365, 332, 376, 0)
False, False, 0.153, (0, 127, 268, 368, 67, 394, 67, 394, 67, 380, 0)
False, False, 0.0653, (0, 382, 331, 227, 71, 309, 381, 309, 71, 129, 382, 0)
False, False, 0.0311, (0, 50, 147, 211, 202, 211, 202, 211, 202, 147, 0)
False, False, 0.0176, (0, 299, 152, 395, 53, 48, 161, 48, 53, 395, 8, 0)
False, False, 0.1939, (0, 35, 337, 10, 2, 24, 2, 24, 2, 10, 337, 96, 0)
False, False, 0.0751, (0, 247, 279, 329, 241, 288, 85, 151, 85, 151, 85, 241, 11, 329, 279, 0)
False, False, 0.0384, (0, 35, 2, 24, 2, 24, 2, 10, 2, 10, 2, 10, 2, 0)
False, False, 0.1004, (0, 400, 331, 359, 193, 290, 193, 290, 365, 371, 59, 0)
False, False, 0.1737, (0, 275, 118, 312, 344, 312, 344, 312, 118, 275, 114, 0)
False, True, 0.0348, (0, 115, 345, 100, 218, 272, 66, 293, 302, 115, 0)
False, False, 0.1357, (0, 268, 281, 231, 291, 231, 281, 92, 348, 92, 268, 127, 0)
False, False, 0.0047, (0, 45, 152, 395, 53, 171, 167, 7, 167, 7, 29, 152, 0)
False, False, 0.2193, (0, 269, 170, 364, 134, 352, 134, 364, 170, 269, 162, 0)
False, False, 0.0796, (0, 156, 284, 225, 73, 27, 373, 335, 210, 335, 210, 335, 31, 306, 0)
False, False, 0.1154, (0, 382, 331, 359, 193, 12, 326, 12, 249, 42, 332, 0)
False, False, 0.1429, (0, 178, 334, 178, 334, 178, 334, 178, 334, 178, 334, 178, 334, 178, 0)
False, False, 0.0089, (0, 143, 334, 143, 334, 143, 334, 143, 334, 143, 334, 143, 0)
False, False, 0.1457, (0, 176, 59, 371, 222, 89, 15, 89, 15, 222, 371, 59, 0)
False, False, 0.122, (0, 37, 330, 82, 124, 303, 246, 303, 124, 82, 330, 0)
False, False, 0.1081, (0, 8, 395, 171, 161, 48, 161, 48, 395, 8, 0)
False, False, 0.1881, (0, 162, 363, 72, 364, 72, 364, 72, 363, 96, 35, 162, 0)
False, False, 0.0157, (0, 326, 70, 77, 219, 77, 219, 77, 70, 326, 0)
False, False, 0.0181, (0, 101, 110, 78, 41, 375, 114, 375, 114, 375, 94, 14, 41, 176, 0)
False, False, 0.0971, (0, 299, 152, 29, 171, 48, 161, 48, 53, 395, 8, 0)
False, False, 0.0255, (0, 51, 330, 24, 10, 24, 2, 24, 2, 330, 51, 0)
False, False, 0.0398, (0, 54, 170, 142, 245, 374, 245, 374, 245, 142, 170, 54, 0)
False, False, 0.026, (0, 162, 35, 363, 72, 364, 134, 364, 72, 363, 35, 162, 0)
False, False, 0.2335, (0, 400, 127, 268, 281, 92, 348, 368, 348, 92, 281, 174, 0)
False, False, 0.0546, (0, 176, 214, 41, 14, 94, 114, 375, 114, 94, 14, 41, 214, 0)
False, False, 0.2334, (0, 205, 25, 189, 269, 54, 399, 54, 399, 54, 269, 189, 357, 0)
False, False, 0.1339, (0, 209, 292, 13, 39, 392, 216, 392, 216, 392, 216, 392, 216, 392, 216, 392, 292, 209, 0)
False, False, 0.4017, (0, 146, 236, 108, 81, 21, 306, 18, 31, 18, 306, 21, 81, 108, 0)
False, False, 0.127, (0, 133, 205, 357, 393, 212, 393, 212, 393, 212, 357, 205, 0)
False, False, 0.0296, (0, 167, 191, 318, 341, 321, 341, 321, 318, 230, 58, 0)
False, False, 0.0925, (0, 152, 395, 53, 171, 167, 7, 167, 171, 53, 152, 0)
False, False, 0.0214, (0, 37, 330, 168, 246, 95, 354, 95, 354, 95, 168, 0)
False, False, 0.1222, (0, 260, 25, 105, 112, 105, 112, 105, 112, 399, 54, 399, 189, 0)
False, False, 0.075, (0, 117, 25, 105, 112, 105, 112, 105, 112, 105, 112, 105, 25, 205, 0)
False, False, 0.0633, (0, 140, 64, 110, 163, 243, 308, 384, 308, 384, 308, 384, 308, 384, 308, 384, 308, 384, 308, 243, 163, 110, 101, 64, 140, 0)
False, False, 0.0287, (0, 59, 332, 371, 332, 371, 332, 371, 332, 371, 332, 59, 176, 0)
False, False, 0.1557, (0, 235, 176, 214, 221, 34, 221, 34, 221, 34, 221, 214, 176, 235, 83, 0)
False, False, 0.0068, (0, 236, 225, 73, 27, 373, 210, 335, 210, 335, 210, 31, 21, 0)
False, False, 0.036, (0, 35, 337, 10, 24, 10, 24, 10, 24, 2, 10, 35, 0)
False, False, 0.0521, (0, 108, 81, 21, 306, 18, 31, 18, 31, 18, 21, 81, 108, 0)
False, False, 0.0114, (0, 374, 245, 242, 119, 242, 119, 242, 119, 242, 119, 142, 269, 0)
False, False, 0.1, (0, 25, 189, 399, 112, 105, 112, 105, 112, 399, 189, 357, 0)
False, False, 0.0511, (0, 156, 284, 225, 73, 31, 210, 335, 210, 335, 210, 31, 21, 81, 0)
False, False, 0.0443, (0, 25, 105, 374, 245, 374, 245, 142, 245, 374, 84, 106, 0)
False, False, 0.0235, (0, 400, 275, 135, 159, 382, 184, 382, 265, 159, 135, 0)
False, False, 0.0403, (0, 37, 167, 351, 191, 318, 341, 318, 341, 318, 351, 167, 0)
False, False, 0.0276, (0, 101, 110, 78, 41, 94, 114, 275, 118, 275, 114, 94, 41, 176, 0)
False, False, 0.0322, (0, 88, 255, 61, 223, 61, 223, 61, 223, 61, 223, 61, 223, 61, 223, 61, 223, 61, 223, 61, 223, 61, 255, 88, 0)
False, False, 0.1148, (0, 209, 292, 50, 144, 60, 22, 60, 22, 60, 68, 0)
False, False, 0.0283, (0, 13, 121, 120, 166, 213, 299, 347, 299, 347, 299, 347, 299, 347, 299, 347, 299, 347, 299, 213, 166, 233, 270, 315, 216, 392, 0)
False, False, 0.0631, (0, 101, 110, 163, 243, 308, 384, 20, 78, 20, 78, 20, 78, 20, 78, 20, 78, 20, 78, 20, 384, 308, 243, 163, 110, 101, 0)
True, True, 0.1235, (0, 279, 11, 241, 288, 85, 151, 57, 339, 84, 106, 25, 205, 0)
False, False, 0.0984, (0, 292, 39, 315, 270, 233, 166, 120, 166, 120, 166, 120, 166, 233, 270, 315, 45, 39, 292, 0)
False, False, 0.0135, (0, 267, 284, 225, 73, 27, 373, 335, 210, 335, 210, 31, 21, 81, 20, 0)
False, False, 0.0122, (0, 37, 10, 2, 24, 2, 24, 2, 24, 352, 134, 72, 0)
False, False, 0.2459, (0, 101, 78, 41, 14, 94, 375, 114, 375, 94, 14, 41, 214, 176, 0)
False, False, 0.0193, (0, 25, 112, 374, 245, 374, 245, 374, 245, 142, 170, 189, 0)
False, False, 0.0181, (0, 101, 110, 78, 41, 14, 94, 14, 94, 14, 94, 14, 41, 214, 176, 198, 0)
False, False, 0.0589, (0, 255, 86, 75, 148, 370, 355, 300, 19, 258, 314, 258, 314, 258, 314, 258, 314, 258, 314, 258, 19, 300, 355, 370, 153, 148, 75, 86, 255, 0)
False, False, 0.1341, (0, 400, 87, 5, 350, 244, 185, 38, 185, 244, 350, 394, 0)
False, False, 0.1148, (0, 209, 50, 144, 22, 60, 22, 60, 22, 144, 68, 0)
False, False, 0.0354, (0, 101, 110, 20, 41, 14, 94, 375, 114, 375, 94, 41, 214, 176, 198, 0)
False, False, 0.0488, (0, 115, 302, 293, 100, 218, 100, 293, 302, 115, 0)
False, False, 0.0322, (0, 35, 96, 337, 2, 24, 2, 24, 352, 134, 72, 0)
False, False, 0.0203, (0, 31, 373, 252, 111, 100, 218, 100, 293, 302, 380, 222, 0)
False, False, 0.199, (0, 139, 174, 291, 231, 291, 231, 291, 231, 291, 174, 400, 0)
False, False, 0.0402, (0, 50, 147, 202, 211, 202, 211, 202, 147, 50, 0)
False, False, 0.0244, (0, 68, 169, 101, 110, 101, 110, 101, 110, 101, 110, 101, 110, 101, 110, 101, 110, 101, 110, 101, 169, 68, 0)
False, False, 0.0279, (0, 169, 176, 41, 14, 94, 375, 114, 375, 94, 14, 41, 78, 110, 64, 0)
False, False, 0.0395, (0, 392, 315, 270, 347, 324, 262, 203, 262, 324, 369, 307, 356, 74, 0)
False, False, 0.1887, (0, 121, 264, 356, 157, 307, 234, 194, 361, 194, 361, 194, 361, 194, 361, 235, 83, 0)
False, False, 0.0711, (0, 68, 169, 198, 101, 110, 163, 243, 163, 243, 163, 243, 163, 243, 163, 243, 163, 243, 163, 110, 101, 0)
False, False, 0.0482, (0, 400, 380, 302, 293, 100, 218, 100, 218, 100, 345, 115, 0)
False, False, 0.0063, (0, 400, 129, 227, 71, 311, 197, 311, 197, 311, 71, 129, 0)
False, False, 0.0323, (0, 68, 101, 110, 163, 243, 308, 384, 308, 384, 20, 384, 20, 78, 20, 384, 308, 243, 163, 110, 64, 140, 0)
False, False, 0.0414, (0, 123, 346, 46, 391, 46, 346, 123, 251, 164, 0)
False, False, 0.1034, (0, 31, 373, 252, 111, 100, 218, 100, 218, 302, 345, 115, 0)
False, False, 0.0495, (0, 139, 375, 114, 275, 118, 275, 118, 275, 114, 375, 139, 0)
False, False, 0.0544, (0, 120, 213, 299, 369, 203, 154, 128, 34, 128, 34, 221, 194, 361, 235, 0)
False, False, 0.0572, (0, 356, 157, 307, 369, 203, 324, 203, 262, 203, 369, 307, 157, 356, 0)
False, False, 0.0088, (0, 13, 121, 120, 166, 120, 166, 233, 166, 233, 166, 233, 166, 120, 166, 120, 121, 13, 0)
False, False, 0.0142, (0, 108, 73, 27, 373, 335, 210, 335, 210, 31, 21, 81, 20, 0)
False, False, 0.014, (0, 205, 189, 269, 54, 170, 364, 134, 364, 72, 96, 35, 0)
False, False, 0.0794, (0, 392, 216, 260, 133, 238, 133, 238, 133, 238, 133, 238, 133, 238, 133, 238, 133, 238, 133, 238, 133, 238, 133, 238, 133, 260, 270, 315, 45, 0)
False, False, 0.0618, (0, 147, 79, 3, 79, 3, 79, 150, 3, 150, 3, 79, 3, 79, 3, 79, 3, 79, 3, 79, 3, 79, 0)
False, False, 0.0226, (0, 356, 369, 203, 154, 128, 34, 221, 34, 221, 194, 361, 235, 83, 0)
False, False, 0.2916, (0, 247, 279, 329, 11, 241, 151, 57, 339, 57, 339, 84, 106, 117, 0)
False, False, 0.0711, (0, 68, 101, 110, 243, 308, 384, 308, 384, 20, 78, 20, 78, 20, 78, 20, 384, 308, 243, 163, 110, 64, 140, 0)
False, False, 0.004, (0, 147, 79, 3, 79, 3, 79, 150, 79, 3, 79, 3, 79, 3, 79, 3, 79, 3, 79, 147, 0)
False, False, 0.2063, (0, 216, 260, 238, 357, 393, 212, 393, 212, 393, 212, 357, 205, 260, 0)
False, False, 0.0677, (0, 209, 292, 39, 121, 39, 121, 39, 121, 13, 209, 0)
False, False, 0.1771, (0, 209, 13, 121, 74, 264, 74, 264, 74, 264, 74, 264, 74, 121, 13, 0)
False, False, 0.2213, (0, 68, 144, 147, 211, 202, 211, 202, 147, 144, 0)
False, False, 0.0627, (0, 120, 213, 299, 369, 203, 154, 128, 154, 128, 154, 203, 324, 347, 299, 213, 120, 0)
False, False, 0.0724, (0, 139, 150, 172, 194, 214, 41, 14, 94, 14, 94, 14, 41, 214, 235, 0)
False, False, 0.0928, (0, 260, 25, 106, 84, 339, 84, 339, 84, 106, 25, 260, 0)
False, False, 0.0177, (0, 68, 83, 235, 172, 400, 172, 400, 172, 400, 172, 400, 172, 400, 172, 400, 172, 400, 172, 400, 172, 400, 172, 400, 172, 400, 172, 400, 172, 400, 172, 400, 172, 150, 3, 150, 3, 79, 0)
False, False, 0.1029, (0, 264, 356, 157, 307, 369, 397, 136, 397, 136, 397, 234, 172, 235, 83, 0)
False, False, 0.1039, (0, 117, 329, 11, 241, 288, 85, 288, 85, 288, 85, 288, 241, 117, 0)
False, False, 0.0594, (0, 120, 299, 347, 324, 203, 154, 128, 154, 128, 34, 221, 194, 172, 150, 139, 0)
False, False, 0.0274, (0, 162, 72, 352, 224, 201, 224, 52, 142, 170, 269, 0)
False, False, 0.1326, (0, 315, 270, 347, 324, 262, 324, 262, 324, 203, 262, 37, 347, 270, 315, 0)
False, False, 0.0596, (0, 120, 356, 307, 234, 397, 136, 397, 136, 397, 234, 307, 157, 356, 0)
False, False, 0.0211, (0, 332, 89, 380, 113, 77, 113, 380, 89, 222, 371, 0)
False, False, 0.1279, (0, 50, 147, 211, 202, 211, 202, 211, 147, 50, 0)
False, False, 0.0226, (0, 13, 121, 74, 356, 307, 157, 307, 157, 307, 157, 356, 74, 121, 13, 0)
False, False, 0.0326, (0, 117, 106, 84, 374, 245, 374, 245, 142, 245, 374, 84, 117, 0)
False, False, 0.1406, (0, 356, 157, 307, 369, 324, 203, 262, 203, 262, 37, 347, 299, 213, 233, 45, 39, 0)
False, False, 0.213, (0, 50, 144, 22, 60, 22, 60, 83, 169, 198, 169, 198, 169, 198, 169, 83, 68, 0)
False, False, 0.0172, (0, 392, 315, 270, 347, 369, 397, 76, 136, 76, 136, 76, 234, 172, 150, 79, 0)
False, False, 0.028, (0, 45, 233, 213, 299, 347, 369, 154, 128, 154, 128, 34, 221, 194, 361, 235, 83, 0)
False, False, 0.1254, (0, 117, 106, 374, 245, 374, 245, 142, 245, 374, 84, 106, 117, 0)
False, False, 0.0379, (0, 140, 64, 110, 163, 243, 308, 384, 308, 384, 20, 384, 20, 78, 20, 384, 308, 243, 163, 243, 163, 110, 64, 140, 0)
False, False, 0.2117, (0, 79, 150, 172, 234, 76, 397, 76, 136, 76, 136, 76, 234, 172, 150, 0)
False, False, 0.0402, (0, 120, 213, 299, 347, 369, 154, 128, 154, 128, 154, 128, 154, 369, 347, 299, 213, 233, 0)
False, False, 0.0123, (0, 260, 25, 106, 84, 374, 245, 374, 245, 374, 84, 106, 260, 0)
False, False, 0.0439, (0, 139, 275, 118, 344, 312, 344, 312, 344, 312, 118, 114, 361, 0)
False, False, 0.0352, (0, 146, 33, 156, 33, 156, 33, 156, 33, 156, 33, 156, 33, 156, 33, 156, 33, 156, 33, 156, 33, 156, 33, 156, 33, 156, 33, 156, 33, 156, 33, 156, 33, 156, 33, 156, 33, 156, 33, 156, 33, 156, 33, 156, 33, 146, 0)
False, False, 0.0951, (0, 209, 292, 13, 50, 68, 50, 13, 292, 209, 0)
False, False, 0.0209, (0, 83, 235, 172, 234, 397, 76, 397, 136, 76, 234, 172, 235, 83, 0)
False, False, 0.0048, (0, 260, 205, 25, 189, 399, 112, 105, 112, 105, 112, 105, 25, 205, 0)
False, False, 0.038, (0, 120, 213, 299, 347, 324, 203, 154, 128, 34, 221, 34, 221, 214, 176, 235, 0)
False, False, 0.0289, (0, 356, 157, 307, 369, 397, 136, 397, 136, 397, 76, 234, 3, 79, 0)
False, False, 0.0439, (0, 147, 202, 139, 150, 3, 150, 3, 150, 3, 150, 3, 79, 3, 79, 3, 150, 3, 150, 139, 202, 147, 0)
False, False, 0.0486, (0, 235, 361, 214, 221, 34, 128, 154, 128, 34, 221, 214, 176, 235, 0)
False, False, 0.0511, (0, 45, 233, 213, 299, 347, 37, 262, 324, 262, 203, 262, 324, 369, 307, 356, 0)
False, False, 0.0158, (0, 259, 247, 279, 329, 11, 241, 288, 85, 288, 85, 288, 241, 11, 329, 279, 117, 260, 0)
False, False, 0.1629, (0, 292, 39, 315, 270, 233, 166, 233, 166, 120, 166, 233, 270, 315, 39, 121, 13, 0)
False, False, 0.0245, (0, 377, 319, 257, 294, 148, 153, 370, 153, 370, 153, 370, 153, 370, 153, 370, 153, 370, 153, 370, 153, 370, 153, 370, 153, 148, 294, 104, 207, 254, 277, 30, 0)
False, False, 0.0145, (0, 356, 157, 307, 234, 136, 397, 136, 76, 136, 397, 234, 3, 79, 0)
False, False, 0.047, (0, 260, 189, 374, 245, 374, 245, 374, 245, 374, 84, 106, 117, 0)
False, False, 0.0014, (0, 356, 307, 234, 397, 136, 397, 136, 397, 234, 172, 150, 139, 147, 0)
False, False, 0.0158, (0, 392, 315, 270, 347, 324, 262, 324, 262, 324, 203, 324, 347, 270, 315, 0)
False, False, 0.0023, (0, 143, 217, 301, 327, 145, 229, 398, 175, 65, 175, 65, 175, 65, 175, 65, 175, 65, 175, 65, 175, 65, 175, 65, 175, 398, 229, 145, 327, 301, 304, 316, 0)
False, False, 0.1014, (0, 120, 213, 299, 369, 154, 128, 154, 128, 34, 128, 154, 369, 307, 356, 0)
False, False, 0.0297, (0, 74, 356, 157, 307, 369, 397, 136, 397, 136, 397, 234, 3, 79, 0)
False, False, 0.0166, (0, 392, 216, 315, 270, 347, 369, 397, 136, 397, 136, 76, 234, 172, 235, 83, 0)
False, False, 0.0324, (0, 146, 236, 280, 183, 280, 183, 280, 183, 280, 183, 280, 183, 280, 183, 280, 183, 280, 183, 280, 183, 49, 183, 49, 183, 280, 236, 146, 0)
False, False, 0.2346, (0, 316, 284, 225, 73, 27, 373, 252, 111, 345, 111, 252, 373, 27, 73, 225, 236, 0)
False, False, 0.1295, (0, 215, 229, 398, 175, 65, 165, 116, 137, 274, 138, 274, 138, 274, 138, 274, 138, 274, 137, 116, 165, 65, 175, 398, 229, 215, 0)
False, False, 0.0604, (0, 177, 149, 253, 259, 253, 259, 253, 259, 253, 259, 253, 259, 253, 259, 253, 259, 253, 259, 253, 259, 253, 149, 177, 0)
False, False, 0.1076, (0, 247, 279, 329, 11, 151, 57, 339, 57, 151, 85, 288, 11, 329, 279, 247, 0)
False, False, 0.0525, (0, 177, 239, 130, 338, 93, 362, 343, 362, 343, 362, 343, 362, 343, 362, 343, 362, 343, 362, 343, 362, 343, 362, 343, 362, 343, 362, 343, 362, 343, 362, 343, 362, 343, 93, 338, 130, 239, 177, 0)
False, False, 0.009, (0, 380, 302, 293, 218, 100, 218, 100, 293, 302, 89, 0)
False, False, 0.1096, (0, 316, 304, 301, 327, 145, 360, 237, 349, 56, 188, 56, 188, 1, 188, 1, 188, 1, 188, 1, 56, 349, 237, 360, 145, 327, 301, 217, 143, 0)
False, False, 0.0755, (0, 316, 215, 284, 225, 73, 27, 210, 335, 210, 335, 210, 27, 73, 225, 284, 156, 0)
False, False, 0.0667, (0, 259, 253, 247, 366, 289, 366, 289, 366, 289, 366, 289, 366, 289, 366, 289, 366, 289, 366, 289, 366, 289, 366, 289, 366, 289, 366, 289, 366, 289, 366, 289, 366, 289, 247, 253, 259, 0)
False, False, 0.0038, (0, 260, 117, 279, 329, 241, 288, 85, 288, 85, 288, 241, 11, 329, 279, 117, 260, 0)
False, False, 0.0196, (0, 117, 329, 11, 241, 288, 85, 151, 57, 151, 85, 288, 241, 117, 0)
False, False, 0.0969, (0, 143, 217, 43, 103, 190, 103, 190, 103, 190, 103, 190, 103, 43, 103, 190, 103, 43, 103, 43, 217, 143, 0)
False, False, 0.0317, (0, 279, 329, 11, 288, 85, 151, 85, 151, 85, 288, 241, 11, 329, 279, 0)
False, False, 0.0068, (0, 64, 308, 81, 21, 31, 210, 335, 210, 335, 373, 27, 73, 225, 284, 0)
False, False, 0.0446, (0, 259, 279, 329, 241, 288, 151, 57, 151, 85, 288, 241, 11, 329, 279, 247, 0)
False, False, 0.0085, (0, 166, 213, 299, 369, 203, 154, 128, 34, 221, 34, 221, 194, 361, 235, 0)
False, False, 0.1667, (0, 146, 297, 322, 297, 322, 297, 322, 297, 322, 297, 322, 297, 322, 284, 49, 183, 49, 183, 49, 280, 236, 146, 0)
False, False, 0.0326, (0, 304, 215, 229, 398, 175, 65, 116, 137, 274, 137, 274, 137, 274, 137, 274, 137, 274, 137, 116, 65, 175, 398, 229, 215, 33, 0)
False, False, 0.0034, (0, 81, 306, 18, 210, 335, 210, 335, 210, 31, 81, 0)
False, False, 0.0273, (0, 146, 236, 280, 183, 280, 183, 280, 183, 280, 49, 280, 49, 280, 49, 280, 49, 280, 49, 280, 49, 280, 236, 146, 0)
False, False, 0.0467, (0, 316, 304, 215, 229, 398, 175, 65, 379, 199, 379, 320, 62, 320, 62, 320, 62, 320, 62, 320, 62, 320, 62, 320, 62, 320, 62, 320, 62, 65, 175, 398, 229, 215, 304, 0)
False, False, 0.0067, (0, 316, 304, 215, 229, 398, 175, 65, 379, 320, 62, 320, 62, 320, 62, 320, 62, 320, 62, 320, 62, 320, 62, 320, 62, 320, 379, 199, 379, 65, 175, 398, 229, 215, 304, 316, 0)
False, False, 0.0059, (0, 88, 232, 377, 383, 319, 257, 294, 390, 276, 187, 248, 187, 248, 187, 248, 4, 248, 4, 187, 276, 390, 104, 207, 254, 277, 30, 0)
False, False, 0.0388, (0, 143, 217, 43, 190, 43, 190, 43, 190, 103, 190, 103, 190, 43, 190, 43, 190, 43, 190, 43, 190, 43, 190, 43, 190, 43, 217, 143, 0)
False, False, 0.0157, (0, 146, 236, 280, 49, 284, 49, 280, 49, 280, 49, 280, 183, 49, 183, 49, 183, 49, 183, 49, 183, 49, 183, 49, 183, 49, 280, 236, 146, 0)
False, False, 0.0526, (0, 177, 149, 259, 253, 247, 196, 266, 196, 266, 196, 266, 196, 266, 196, 266, 196, 266, 196, 266, 196, 266, 196, 247, 253, 259, 149, 177, 0)
False, False, 0.0717, (0, 304, 215, 229, 398, 175, 65, 165, 116, 165, 116, 165, 116, 165, 116, 165, 116, 165, 116, 165, 116, 165, 65, 175, 398, 229, 215, 304, 0)
False, False, 0.0962, (0, 143, 217, 301, 327, 145, 360, 237, 295, 358, 295, 358, 295, 358, 295, 358, 295, 358, 295, 237, 360, 145, 327, 301, 304, 316, 334, 0)
False, False, 0.0272, (0, 373, 252, 111, 100, 218, 100, 218, 100, 218, 100, 302, 345, 0)
False, False, 0.0146, (0, 232, 377, 383, 319, 383, 319, 383, 319, 383, 319, 383, 319, 383, 319, 383, 319, 383, 319, 383, 319, 383, 319, 383, 319, 383, 319, 383, 319, 383, 319, 383, 319, 383, 319, 383, 377, 232, 88, 0)
False, False, 0.022, (0, 143, 217, 301, 327, 145, 360, 237, 349, 237, 349, 56, 1, 188, 1, 188, 1, 188, 1, 56, 349, 237, 360, 145, 327, 301, 304, 33, 0)
False, False, 0.0232, (0, 177, 273, 181, 298, 310, 378, 208, 204, 333, 204, 333, 204, 333, 204, 333, 204, 208, 204, 208, 378, 310, 298, 181, 273, 177, 0)
False, False, 0.0065, (0, 255, 86, 75, 148, 153, 370, 355, 300, 19, 314, 258, 314, 258, 314, 258, 314, 258, 314, 19, 300, 355, 153, 148, 75, 86, 255, 0)
False, False, 0.033, (0, 149, 273, 181, 298, 310, 378, 208, 204, 333, 204, 333, 204, 333, 204, 333, 204, 333, 204, 333, 204, 333, 204, 208, 378, 310, 298, 181, 273, 0)
False, False, 0.0599, (0, 33, 267, 102, 267, 102, 267, 102, 267, 102, 267, 102, 267, 102, 267, 102, 267, 102, 267, 102, 267, 102, 267, 102, 267, 102, 267, 102, 267, 102, 33, 0)
False, False, 0.0868, (0, 316, 304, 301, 327, 145, 360, 237, 360, 237, 349, 358, 295, 358, 295, 358, 295, 358, 295, 358, 349, 237, 360, 145, 327, 301, 217, 143, 0)
False, False, 0.0475, (0, 316, 304, 215, 229, 398, 175, 65, 165, 116, 137, 138, 274, 138, 137, 138, 137, 138, 137, 138, 137, 138, 137, 116, 165, 65, 175, 398, 229, 215, 304, 0)
False, False, 0.0137, (0, 316, 304, 215, 229, 398, 175, 97, 323, 97, 323, 97, 323, 97, 323, 97, 323, 97, 323, 97, 323, 97, 323, 97, 323, 97, 323, 97, 323, 97, 323, 97, 323, 97, 323, 97, 323, 97, 323, 97, 323, 97, 323, 97, 323, 97, 323, 97, 323, 97, 323, 97, 323, 97, 323, 97, 323, 97, 323, 97, 323, 97, 323, 97, 323, 97, 323, 97, 323, 97, 323, 97, 323, 97, 323, 97, 323, 97, 323, 97, 323, 97, 323, 97, 323, 97, 323, 97, 323, 97, 323, 97, 323, 97, 323, 97, 323, 97, 323, 97, 175, 398, 229, 215, 304, 316, 0)
False, False, 0.0117, (0, 217, 43, 190, 43, 103, 43, 103, 190, 103, 43, 103, 43, 103, 43, 103, 43, 103, 43, 103, 43, 217, 0)
False, False, 0.0095, (0, 143, 217, 301, 327, 145, 360, 237, 349, 56, 349, 56, 349, 358, 295, 358, 349, 56, 349, 56, 349, 237, 360, 145, 327, 301, 217, 143, 0)
False, False, 0.0197, (0, 146, 236, 280, 183, 280, 183, 280, 183, 280, 183, 49, 284, 49, 284, 49, 284, 49, 280, 183, 280, 183, 280, 49, 280, 236, 146, 0)
False, False, 0.022, (0, 316, 304, 301, 327, 145, 229, 398, 175, 65, 199, 379, 320, 62, 320, 62, 320, 62, 320, 62, 320, 62, 320, 62, 320, 62, 320, 379, 199, 65, 175, 398, 229, 215, 304, 316, 0)
False, False, 0.0602, (0, 316, 304, 301, 327, 145, 229, 398, 175, 65, 199, 379, 199, 379, 199, 379, 199, 379, 199, 379, 199, 379, 199, 379, 199, 379, 199, 379, 199, 379, 199, 379, 199, 379, 199, 379, 199, 379, 199, 65, 175, 398, 229, 215, 304, 316, 0)
False, False, 0.0121, (0, 143, 217, 301, 327, 145, 360, 237, 349, 56, 1, 188, 1, 188, 1, 188, 1, 56, 1, 56, 1, 190, 43, 217, 143, 0)
False, False, 0.0085, (0, 316, 304, 215, 229, 398, 175, 65, 165, 116, 137, 274, 137, 274, 137, 274, 138, 137, 138, 137, 274, 137, 138, 137, 138, 137, 116, 165, 65, 56, 217, 0)
False, False, 0.0145, (0, 239, 130, 338, 93, 362, 160, 131, 385, 158, 385, 158, 385, 158, 385, 158, 385, 158, 385, 158, 385, 158, 385, 158, 385, 158, 385, 158, 385, 158, 385, 158, 385, 158, 385, 158, 385, 158, 385, 158, 385, 158, 385, 158, 385, 158, 385, 158, 385, 158, 385, 158, 385, 158, 385, 158, 385, 158, 385, 158, 385, 158, 385, 158, 385, 158, 385, 158, 385, 158, 385, 158, 385, 158, 385, 158, 385, 158, 385, 131, 160, 248, 93, 338, 130, 239, 0)
False, False, 0.0512, (0, 143, 217, 43, 103, 43, 190, 1, 188, 1, 188, 1, 56, 349, 56, 349, 56, 349, 237, 360, 145, 327, 301, 217, 143, 0)
False, False, 0.0113, (0, 143, 217, 304, 215, 102, 267, 102, 267, 102, 267, 102, 267, 102, 267, 102, 267, 102, 267, 102, 267, 102, 267, 102, 267, 102, 267, 102, 33, 0)
False, False, 0.0709, (0, 232, 255, 61, 223, 61, 223, 61, 223, 61, 223, 61, 223, 61, 223, 61, 223, 86, 257, 319, 383, 377, 232, 88, 0)
False, False, 0.022, (0, 143, 217, 301, 327, 145, 360, 237, 349, 56, 349, 56, 349, 56, 349, 358, 295, 358, 295, 358, 295, 360, 145, 327, 301, 217, 143, 0)
False, False, 0.0024, (0, 316, 304, 215, 145, 229, 398, 323, 97, 323, 97, 323, 97, 323, 97, 323, 97, 323, 97, 323, 97, 323, 97, 323, 97, 323, 97, 323, 97, 323, 97, 323, 97, 323, 97, 323, 97, 323, 97, 323, 97, 323, 97, 323, 97, 323, 97, 323, 97, 323, 97, 323, 97, 323, 97, 323, 97, 323, 97, 323, 97, 323, 97, 323, 97, 323, 97, 323, 97, 323, 97, 323, 97, 323, 97, 323, 97, 323, 97, 323, 97, 323, 97, 323, 97, 323, 97, 323, 97, 323, 97, 323, 97, 323, 97, 323, 97, 323, 97, 323, 97, 323, 97, 323, 97, 323, 97, 323, 97, 323, 398, 229, 145, 215, 304, 316, 0)
False, False, 0.0625, (0, 88, 232, 377, 340, 80, 340, 80, 340, 80, 340, 80, 340, 80, 340, 80, 340, 80, 340, 80, 340, 80, 340, 80, 340, 80, 340, 80, 340, 80, 340, 80, 340, 80, 340, 80, 255, 232, 88, 0)
False, False, 0.0212, (0, 33, 215, 229, 398, 175, 65, 165, 116, 137, 274, 138, 274, 138, 274, 137, 138, 137, 138, 137, 274, 138, 137, 138, 137, 116, 165, 65, 56, 217, 0)
False, False, 0.0358, (0, 255, 86, 305, 148, 153, 370, 355, 370, 355, 300, 206, 19, 206, 19, 206, 19, 206, 19, 300, 355, 370, 153, 148, 75, 305, 86, 255, 0)
False, False, 0.0113, (0, 316, 304, 215, 229, 398, 175, 65, 62, 320, 62, 320, 62, 320, 62, 320, 62, 320, 62, 320, 62, 320, 62, 320, 62, 320, 62, 320, 323, 97, 323, 97, 323, 97, 323, 398, 229, 215, 304, 316, 0)
False, False, 0.0048, (0, 143, 217, 301, 327, 145, 360, 237, 349, 56, 188, 1, 188, 1, 188, 1, 188, 1, 56, 349, 237, 360, 327, 301, 217, 143, 0)
False, False, 0.0032, (0, 33, 215, 229, 398, 175, 65, 116, 137, 138, 137, 138, 137, 138, 137, 138, 137, 138, 137, 138, 137, 138, 274, 137, 116, 65, 175, 398, 229, 215, 33, 0)
False, False, 0.0717, (0, 88, 232, 377, 383, 319, 257, 294, 276, 69, 313, 69, 313, 69, 313, 69, 313, 69, 313, 69, 313, 69, 313, 69, 313, 69, 313, 69, 313, 69, 313, 69, 276, 294, 257, 383, 377, 232, 88, 0)
False, False, 0.0985, (0, 177, 149, 273, 181, 298, 310, 378, 208, 204, 333, 179, 250, 160, 250, 160, 250, 179, 333, 204, 208, 378, 310, 298, 181, 273, 149, 0)
False, False, 0.0526, (0, 177, 149, 259, 253, 259, 253, 247, 266, 196, 266, 196, 266, 196, 266, 196, 266, 196, 266, 196, 266, 196, 266, 196, 266, 196, 266, 196, 266, 247, 253, 259, 0)
False, False, 0.0066, (0, 33, 215, 229, 398, 175, 65, 165, 116, 137, 274, 137, 274, 137, 274, 137, 138, 137, 138, 137, 116, 165, 65, 175, 398, 229, 215, 304, 0)
False, False, 0.018, (0, 88, 232, 377, 383, 319, 257, 294, 390, 294, 257, 294, 257, 294, 257, 294, 257, 319, 383, 319, 383, 377, 232, 88, 0)
False, False, 0.0729, (0, 143, 217, 301, 327, 145, 360, 237, 349, 56, 349, 56, 188, 1, 188, 1, 188, 56, 1, 56, 349, 237, 360, 145, 327, 301, 217, 143, 0)
False, False, 0.0022, (0, 146, 102, 267, 102, 267, 102, 267, 102, 267, 102, 267, 102, 267, 102, 267, 102, 267, 102, 267, 102, 267, 102, 267, 102, 33, 156, 33, 156, 33, 146, 0)
False, False, 0.0578, (0, 239, 130, 338, 93, 179, 333, 109, 296, 28, 200, 28, 200, 387, 317, 387, 317, 387, 317, 387, 317, 387, 317, 387, 317, 387, 317, 387, 317, 387, 200, 28, 200, 28, 353, 16, 63, 208, 378, 310, 0)
False, False, 0.1809, (0, 30, 277, 254, 207, 104, 390, 276, 187, 4, 248, 4, 248, 4, 187, 248, 4, 187, 276, 390, 294, 257, 319, 383, 377, 232, 88, 0)
False, False, 0.009, (0, 30, 277, 254, 207, 104, 390, 276, 187, 248, 160, 131, 36, 131, 36, 131, 36, 131, 160, 250, 179, 372, 226, 343, 362, 93, 338, 130, 239, 0)
False, False, 0.0099, (0, 239, 130, 338, 93, 362, 179, 333, 109, 296, 109, 296, 109, 296, 109, 296, 109, 296, 109, 296, 109, 296, 109, 296, 109, 296, 109, 296, 109, 296, 109, 296, 109, 296, 109, 296, 109, 296, 109, 296, 109, 296, 63, 296, 109, 296, 109, 296, 109, 296, 109, 296, 109, 296, 109, 296, 109, 333, 179, 362, 93, 338, 130, 239, 0)
False, False, 0.0287, (0, 316, 304, 215, 229, 398, 175, 65, 62, 320, 62, 320, 62, 320, 62, 320, 62, 320, 62, 320, 62, 320, 62, 320, 62, 65, 175, 97, 323, 97, 323, 97, 323, 97, 323, 97, 323, 97, 323, 97, 323, 398, 229, 215, 304, 316, 0)
False, False, 0.0442, (0, 30, 277, 254, 207, 390, 294, 148, 153, 370, 355, 300, 206, 300, 206, 19, 206, 19, 206, 300, 355, 370, 153, 148, 257, 319, 377, 0)
False, False, 0.0921, (0, 30, 277, 254, 104, 294, 148, 153, 370, 355, 300, 206, 19, 206, 19, 206, 19, 206, 300, 355, 370, 153, 148, 75, 305, 86, 255, 0)
False, False, 0.0023, (0, 143, 217, 43, 103, 43, 190, 1, 188, 1, 188, 1, 188, 1, 188, 56, 349, 237, 360, 145, 327, 301, 304, 316, 334, 0)
False, False, 0.0351, (0, 177, 273, 181, 298, 141, 396, 141, 396, 141, 396, 342, 122, 342, 122, 342, 122, 342, 122, 396, 141, 298, 181, 273, 177, 0)
False, False, 0.0145, (0, 239, 130, 338, 93, 362, 248, 160, 131, 158, 385, 158, 385, 158, 385, 158, 385, 158, 385, 158, 385, 158, 385, 158, 385, 158, 385, 158, 385, 158, 385, 158, 385, 158, 385, 158, 385, 158, 385, 158, 385, 158, 385, 158, 385, 158, 385, 158, 385, 158, 385, 158, 385, 158, 385, 158, 385, 158, 385, 158, 385, 158, 385, 158, 385, 158, 385, 158, 385, 158, 385, 158, 385, 158, 385, 158, 131, 160, 362, 93, 338, 130, 239, 0)
False, False, 0.0236, (0, 255, 86, 305, 75, 370, 355, 300, 19, 258, 314, 258, 314, 258, 314, 258, 314, 258, 314, 258, 19, 300, 355, 370, 153, 148, 305, 86, 255, 0)
False, False, 0.0168, (0, 239, 130, 338, 93, 179, 333, 109, 296, 28, 200, 28, 200, 28, 200, 387, 317, 200, 28, 200, 317, 200, 28, 200, 28, 200, 28, 200, 28, 200, 28, 200, 28, 200, 28, 353, 63, 208, 378, 310, 0)
False, False, 0.0111, (0, 30, 277, 254, 207, 104, 257, 86, 223, 61, 223, 61, 223, 61, 223, 61, 223, 61, 223, 86, 257, 104, 207, 254, 277, 30, 0)
False, False, 0.0211, (0, 88, 255, 86, 223, 61, 223, 61, 223, 61, 223, 61, 223, 61, 223, 61, 223, 86, 257, 319, 383, 377, 232, 88, 0)
False, False, 0.0891, (0, 177, 239, 130, 338, 93, 141, 396, 342, 122, 342, 122, 342, 122, 342, 122, 342, 396, 141, 396, 141, 298, 181, 273, 149, 177, 0)
False, False, 0.1101, (0, 239, 130, 338, 93, 343, 372, 226, 372, 226, 372, 226, 372, 226, 372, 226, 372, 226, 372, 226, 372, 226, 372, 226, 343, 93, 338, 130, 239, 0)
False, False, 0.1, (0, 255, 86, 305, 148, 153, 355, 300, 206, 47, 286, 47, 286, 47, 286, 47, 286, 47, 286, 47, 286, 47, 286, 47, 286, 47, 286, 47, 286, 75, 305, 86, 255, 0)
False, False, 0.0867, (0, 239, 130, 338, 93, 362, 179, 333, 109, 63, 296, 109, 296, 63, 16, 353, 16, 353, 16, 353, 16, 353, 16, 353, 16, 353, 16, 353, 16, 353, 16, 63, 208, 378, 310, 273, 0)
False, False, 0.0154, (0, 30, 277, 254, 207, 104, 207, 104, 207, 104, 207, 104, 207, 104, 207, 104, 207, 104, 257, 294, 257, 319, 383, 377, 232, 88, 0)
False, False, 0.1064, (0, 149, 181, 298, 310, 378, 208, 204, 179, 250, 160, 250, 160, 250, 160, 250, 179, 204, 208, 378, 310, 298, 181, 273, 149, 0)
False, False, 0.0444, (0, 239, 130, 338, 93, 179, 333, 109, 296, 28, 200, 28, 200, 28, 200, 317, 387, 317, 387, 317, 387, 317, 387, 317, 387, 317, 387, 317, 387, 317, 387, 317, 200, 28, 200, 28, 353, 63, 208, 378, 310, 0)
False, False, 0.056, (0, 30, 277, 254, 207, 104, 390, 276, 187, 248, 160, 131, 36, 131, 36, 180, 55, 180, 55, 180, 55, 180, 55, 294, 257, 319, 383, 377, 0)
False, False, 0.0836, (0, 88, 232, 377, 383, 319, 257, 305, 75, 305, 75, 305, 75, 305, 75, 305, 75, 305, 86, 257, 319, 377, 232, 88, 0)
False, False, 0.0759, (0, 255, 86, 75, 148, 153, 370, 355, 300, 19, 314, 258, 314, 258, 314, 258, 314, 258, 314, 258, 314, 19, 300, 355, 370, 75, 86, 255, 0)
False, False, 0.0232, (0, 239, 130, 338, 93, 141, 396, 141, 396, 141, 396, 141, 396, 141, 396, 141, 396, 141, 396, 141, 396, 141, 396, 378, 310, 298, 181, 273, 149, 177, 0)
False, False, 0.032, (0, 239, 130, 338, 93, 362, 179, 333, 109, 296, 63, 296, 109, 63, 109, 63, 296, 63, 109, 63, 109, 63, 109, 63, 109, 63, 109, 296, 63, 109, 333, 179, 362, 93, 338, 130, 239, 0)
False, False, 0.0859, (0, 30, 277, 254, 207, 104, 390, 276, 187, 248, 160, 131, 36, 131, 36, 131, 36, 180, 55, 294, 257, 383, 377, 232, 88, 0)
False, False, 0.0175, (0, 30, 277, 254, 207, 104, 390, 276, 69, 313, 55, 180, 55, 180, 36, 131, 36, 131, 160, 250, 179, 204, 208, 378, 310, 298, 181, 273, 149, 0)
False, False, 0.0249, (0, 30, 277, 254, 207, 390, 294, 148, 153, 355, 300, 206, 19, 206, 19, 206, 19, 206, 19, 300, 355, 153, 148, 75, 305, 86, 255, 0)
False, False, 0.0197, (0, 239, 130, 338, 93, 179, 333, 109, 296, 28, 200, 28, 200, 28, 200, 28, 200, 28, 200, 28, 200, 28, 200, 28, 200, 28, 200, 28, 200, 28, 200, 28, 353, 63, 208, 378, 310, 273, 0)
False, False, 0.0583, (0, 30, 277, 254, 207, 104, 390, 294, 148, 55, 180, 55, 180, 55, 180, 55, 180, 36, 131, 36, 131, 36, 180, 55, 313, 276, 390, 104, 207, 254, 277, 30, 0)
False, False, 0.0891, (0, 177, 239, 130, 338, 93, 141, 396, 122, 342, 122, 342, 122, 342, 122, 342, 122, 396, 141, 396, 141, 298, 181, 273, 149, 177, 0)
False, False, 0.023, (0, 30, 277, 254, 207, 390, 294, 148, 153, 355, 300, 206, 300, 206, 300, 206, 19, 206, 300, 355, 153, 148, 75, 305, 86, 255, 0)
False, False, 0.0542, (0, 30, 277, 254, 207, 104, 294, 148, 55, 180, 55, 180, 36, 131, 36, 131, 36, 131, 160, 250, 179, 333, 204, 208, 378, 310, 298, 181, 273, 0)
False, False, 0.0004, (0, 310, 378, 208, 63, 353, 28, 200, 387, 317, 387, 317, 387, 200, 387, 200, 387, 200, 387, 200, 387, 200, 387, 200, 387, 200, 387, 200, 28, 200, 28, 200, 28, 353, 63, 208, 378, 310, 0)
False, False, 0.0166, (0, 88, 232, 377, 383, 319, 257, 294, 276, 187, 248, 4, 187, 4, 187, 276, 390, 294, 257, 319, 383, 377, 232, 88, 0)
False, False, 0.0101, (0, 239, 130, 338, 93, 343, 179, 333, 109, 63, 296, 63, 296, 63, 296, 63, 296, 63, 296, 63, 296, 63, 296, 63, 296, 63, 296, 63, 296, 63, 109, 333, 179, 343, 93, 338, 130, 239, 0)
False, False, 0.0379, (0, 30, 277, 254, 207, 104, 390, 276, 187, 248, 4, 248, 160, 250, 160, 250, 160, 250, 179, 333, 204, 208, 378, 310, 298, 181, 273, 149, 0)
False, False, 0.0724, (0, 30, 277, 254, 207, 104, 390, 276, 69, 313, 55, 180, 55, 180, 55, 180, 36, 131, 36, 131, 160, 250, 179, 204, 208, 378, 310, 298, 181, 273, 0)
False, False, 0.0265, (0, 30, 277, 254, 207, 104, 390, 276, 187, 4, 248, 4, 248, 187, 248, 187, 4, 187, 4, 187, 4, 187, 313, 69, 276, 390, 104, 207, 254, 277, 30, 0)
False, False, 0.0152, (0, 30, 277, 254, 207, 104, 390, 276, 187, 248, 4, 248, 4, 248, 4, 248, 4, 248, 187, 276, 294, 257, 319, 377, 232, 88, 0)
False, False, 0.0207, (0, 310, 378, 208, 63, 353, 28, 200, 387, 317, 387, 317, 387, 317, 387, 317, 387, 317, 200, 28, 200, 28, 200, 28, 200, 28, 200, 28, 353, 16, 63, 208, 378, 310, 0)
False, False, 0.0024, (0, 149, 273, 181, 298, 310, 378, 208, 204, 179, 250, 179, 250, 179, 250, 179, 250, 160, 250, 179, 204, 208, 378, 310, 298, 181, 273, 177, 0)
False, False, 0.0066, (0, 30, 277, 254, 207, 104, 390, 294, 148, 153, 355, 370, 355, 370, 355, 370, 355, 370, 355, 370, 355, 370, 355, 153, 148, 294, 257, 319, 377, 0)
False, False, 0.0058, (0, 30, 277, 254, 207, 104, 390, 276, 313, 69, 313, 55, 180, 131, 36, 131, 36, 131, 36, 131, 160, 248, 187, 276, 390, 104, 207, 254, 277, 30, 0)
False, False, 0.0194, (0, 177, 149, 273, 181, 298, 141, 396, 342, 122, 342, 122, 342, 122, 396, 141, 396, 141, 396, 141, 396, 141, 396, 141, 93, 338, 130, 239, 0)
False, False, 0.0199, (0, 255, 86, 305, 148, 370, 355, 300, 206, 19, 314, 258, 314, 258, 314, 258, 314, 258, 314, 258, 19, 300, 355, 153, 148, 305, 86, 255, 0)
False, False, 0.0021, (0, 30, 277, 254, 207, 104, 294, 148, 153, 370, 355, 370, 355, 370, 355, 370, 355, 370, 153, 370, 153, 370, 153, 370, 153, 148, 294, 257, 383, 377, 0)
False, False, 0.0035, (0, 30, 277, 254, 207, 104, 390, 276, 69, 313, 55, 180, 55, 180, 36, 131, 36, 131, 36, 131, 36, 180, 55, 69, 276, 390, 104, 207, 254, 277, 30, 0)
False, False, 0.0132, (0, 239, 130, 338, 93, 362, 179, 333, 109, 296, 109, 296, 109, 296, 109, 296, 63, 296, 63, 296, 63, 296, 63, 296, 63, 296, 63, 296, 63, 296, 109, 63, 296, 63, 109, 333, 179, 362, 93, 338, 130, 239, 0)
False, False, 0.011, (0, 30, 277, 254, 207, 104, 294, 148, 55, 180, 36, 131, 36, 131, 36, 131, 36, 131, 36, 180, 55, 313, 69, 313, 276, 390, 104, 207, 254, 277, 30, 0)
False, False, 0.0156, (0, 239, 130, 338, 93, 362, 179, 333, 109, 296, 109, 296, 109, 296, 63, 16, 353, 16, 353, 16, 353, 16, 353, 16, 353, 16, 353, 16, 353, 16, 353, 16, 63, 296, 109, 333, 179, 343, 93, 338, 130, 239, 0)
all_elementary, False
all_cyc2, False
