Instance, X-n449-k29
capacity, 777
min_trucks, 29
output_file, output_uchoa/X-n449-k29-cyc2.log
Start date, 2022-06-24
Start time, 20-29-04
capacity, 777
num_vehicles, 29
abort_early, False
methods, ['cyc2']
max_vars, 1000000
time_limit, 86400
farley, False
initial time, initial max_it, max_stale_it
1e-05, 2000000000.0, 20
heuristic Number of routes, heuristic Best Solution Value, heuristic number of iterations, adjusted time, adjusted max_it
1054350, 56001.0, 37477, 0.1, 200000.0
method, python time, total time, propagated dominance time, unpropagated dominance time, pricing_success, upper_bound, lower_bound, abort_early, num_paths, 
cyc2, 90.2, 526.0, 0.0, 0.0, 1, 54943.0037, 45837.6585, 0, 162347
cyc2, 68.0, 535.7, 0.0, 0.0, 1, 54855.566, 47723.2527, 0, 126134
cyc2, 30.5, 541.1, 0.0, 0.0, 1, 54782.3374, 50414.3019, 0, 56724
cyc2, 33.4, 522.2, 0.0, 0.0, 1, 54594.3979, 47592.8211, 0, 68353
cyc2, 17.5, 534.0, 0.0, 0.0, 1, 54521.6776, 50059.3592, 0, 34144
