Instance, X-n502-k39
capacity, 13
min_trucks, 39
output_file, output_uchoa/X-n502-k39-SPPRC.log
Start date, 2022-06-26
Start time, 07-31-09
capacity, 13
num_vehicles, 39
abort_early, False
methods, ['SPPRC']
max_vars, 1000000
time_limit, 86400
farley, False
initial time, initial max_it, max_stale_it
1e-05, 2000000000.0, 20
heuristic Number of routes, heuristic Best Solution Value, heuristic number of iterations, adjusted time, adjusted max_it
53989, 69379.0, 1603, 100.0, 200.0
method, python time, total time, propagated dominance time, unpropagated dominance time, pricing_success, upper_bound, lower_bound, abort_early, num_paths, 
SPPRC, 0.6, 0.6, 0.2, 0.1, 1, 68459.4572, 16049.1312, 0, 1758
SPPRC, 0.4, 0.6, 0.2, 0.1, 1, 68459.4572, 42944.3457, 0, 1242
SPPRC, 0.5, 0.6, 0.2, 0.1, 1, 68459.0437, 24105.1201, 0, 1362
SPPRC, 0.3, 0.6, 0.2, 0.1, 1, 68436.0443, 57855.4652, 0, 707
SPPRC, 0.2, 0.6, 0.2, 0.1, 1, 68399.1106, 60805.5872, 0, 574
SPPRC, 0.3, 0.6, 0.2, 0.1, 1, 68343.5849, 46170.6228, 0, 905
SPPRC, 0.2, 0.6, 0.2, 0.1, 1, 68312.1238, 61435.5957, 0, 561
SPPRC, 0.2, 0.6, 0.2, 0.1, 1, 68265.0804, 60113.363, 0, 592
SPPRC, 0.2, 0.6, 0.2, 0.1, 1, 68246.9179, 59512.5759, 0, 614
SPPRC, 0.2, 0.6, 0.2, 0.1, 1, 68227.6766, 63170.461, 0, 488
SPPRC, 0.2, 0.6, 0.2, 0.1, 1, 68152.4651, 63375.6532, 0, 481
SPPRC, 0.2, 0.6, 0.2, 0.1, 1, 68104.0554, 62661.6022, 0, 468
SPPRC, 0.2, 0.6, 0.2, 0.1, 1, 68066.422, 63503.7807, 0, 474
SPPRC, 0.2, 0.6, 0.2, 0.1, 1, 67997.9202, 63895.6109, 0, 467
SPPRC, 0.2, 0.6, 0.2, 0.1, 1, 67962.5572, 64702.3025, 0, 455
SPPRC, 0.2, 0.6, 0.2, 0.1, 1, 67908.7811, 64621.1577, 0, 444
SPPRC, 0.2, 0.6, 0.2, 0.1, 1, 67854.9545, 64851.6713, 0, 448
SPPRC, 0.2, 0.6, 0.2, 0.1, 1, 67821.303, 63015.6457, 0, 446
SPPRC, 0.2, 0.6, 0.2, 0.1, 1, 67797.805, 63541.2125, 0, 454
SPPRC, 0.2, 0.6, 0.2, 0.1, 1, 67779.4055, 65442.0292, 0, 440
SPPRC, 0.1, 0.6, 0.2, 0.1, 1, 67754.208, 64628.8868, 0, 403
SPPRC, 0.1, 0.6, 0.2, 0.1, 1, 67727.0777, 65862.1103, 0, 392
SPPRC, 0.1, 0.6, 0.2, 0.1, 1, 67700.9663, 65020.6152, 0, 374
SPPRC, 0.1, 0.6, 0.2, 0.1, 1, 67682.1573, 66092.8392, 0, 348
SPPRC, 0.1, 0.6, 0.2, 0.1, 1, 67662.2533, 65816.7355, 0, 331
SPPRC, 0.1, 0.6, 0.2, 0.1, 1, 67646.687, 65833.5683, 0, 304
SPPRC, 0.1, 0.6, 0.2, 0.1, 1, 67636.4272, 65622.5702, 0, 278
SPPRC, 0.1, 0.6, 0.2, 0.1, 1, 67627.171, 66446.8533, 0, 233
SPPRC, 0.1, 0.6, 0.2, 0.1, 1, 67613.8063, 66659.927, 0, 193
SPPRC, 0.1, 0.6, 0.2, 0.1, 1, 67600.7736, 66511.1662, 0, 175
SPPRC, 0.1, 0.6, 0.2, 0.1, 1, 67591.9528, 66137.2445, 0, 169
SPPRC, 0.0, 0.6, 0.2, 0.1, 1, 67587.5917, 67086.2249, 0, 126
SPPRC, 0.0, 0.6, 0.2, 0.1, 1, 67579.6523, 67107.5994, 0, 108
SPPRC, 0.0, 0.6, 0.2, 0.1, 1, 67573.3381, 67070.9836, 0, 89
SPPRC, 0.0, 0.6, 0.2, 0.1, 1, 67567.9897, 66900.086, 0, 103
SPPRC, 0.0, 0.6, 0.2, 0.1, 1, 67566.0422, 67269.7396, 0, 73
SPPRC, 0.0, 0.6, 0.2, 0.1, 1, 67563.2398, 67416.7806, 0, 58
SPPRC, 0.0, 0.6, 0.2, 0.1, 1, 67561.8733, 67449.4516, 0, 33
SPPRC, 0.0, 0.6, 0.2, 0.1, 1, 67560.6164, 67466.4126, 0, 28
SPPRC, 0.0, 0.6, 0.2, 0.1, 1, 67560.4722, 67510.5398, 0, 17
SPPRC, 0.0, 0.6, 0.2, 0.1, 1, 67560.3544, 67510.9659, 0, 18
SPPRC, 0.0, 0.6, 0.2, 0.1, 1, 67560.263, 67532.0387, 0, 10
SPPRC, -0.0, 0.6, 0.2, 0.1, 1, 67560.249, 67542.8553, 0, 5
SPPRC, 0.0, 0.6, 0.2, 0.1, 1, 67560.2428, 67555.7814, 0, 4
SPPRC, -0.0, 0.6, 0.2, 0.1, 1, 67560.2334, 67560.2334, 0, 0
scip_total_time, 17599.055396
Solval, number of paths, impact cutoff
67560.2333717378, 452, 0.0001
Elementary, 2-Cycle, Path Value, Path
True, True, 0.7347, (0, 175, 285, 230, 178, 402, 8, 34, 327, 348, 15, 89, 430, 361, 0)
False, False, 0.0964, (0, 324, 395, 77, 395, 77, 395, 77, 395, 77, 395, 77, 395, 324, 0)
False, False, 0.0868, (0, 35, 149, 239, 67, 239, 67, 239, 67, 239, 67, 239, 149, 35, 0)
False, False, 0.1149, (0, 41, 113, 476, 151, 482, 151, 482, 151, 482, 151, 476, 113, 41, 0)
False, False, 0.0278, (0, 259, 347, 295, 347, 295, 347, 295, 347, 295, 347, 295, 347, 259, 0)
False, False, 0.03, (0, 216, 498, 458, 498, 458, 498, 458, 498, 458, 498, 458, 498, 216, 0)
False, False, 0.1429, (0, 6, 275, 159, 49, 128, 49, 128, 49, 128, 49, 159, 275, 6, 0)
False, False, 0.0136, (0, 93, 414, 243, 307, 346, 208, 346, 208, 346, 307, 243, 414, 93, 0)
False, False, 0.0906, (0, 6, 456, 33, 168, 278, 114, 278, 114, 278, 168, 33, 416, 438, 0)
False, False, 0.0909, (0, 448, 242, 276, 242, 276, 242, 276, 242, 276, 242, 276, 242, 448, 0)
False, False, 0.0845, (0, 41, 113, 476, 482, 91, 352, 91, 352, 91, 482, 476, 113, 41, 0)
False, False, 0.0134, (0, 138, 54, 356, 179, 356, 179, 356, 179, 356, 179, 356, 54, 138, 0)
False, False, 0.0699, (0, 138, 54, 356, 179, 356, 179, 356, 179, 356, 179, 356, 54, 235, 0)
False, False, 0.0678, (0, 272, 132, 439, 132, 439, 132, 439, 132, 439, 132, 439, 132, 272, 0)
False, False, 0.0311, (0, 41, 113, 476, 482, 91, 352, 91, 352, 91, 352, 406, 497, 337, 0)
False, False, 0.1612, (0, 416, 33, 168, 114, 278, 114, 278, 114, 278, 114, 168, 33, 416, 0)
False, False, 0.1854, (0, 441, 344, 297, 398, 46, 398, 46, 398, 46, 398, 297, 344, 441, 0)
False, False, 0.0137, (0, 461, 381, 264, 432, 264, 432, 264, 432, 264, 432, 264, 381, 461, 0)
False, False, 0.0082, (0, 93, 414, 366, 200, 366, 200, 366, 200, 366, 200, 366, 414, 93, 0)
False, False, 0.0278, (0, 138, 54, 356, 13, 356, 13, 356, 13, 356, 13, 356, 54, 138, 0)
False, False, 0.0012, (0, 441, 293, 297, 344, 297, 344, 297, 344, 297, 344, 183, 11, 209, 0)
False, False, 0.0068, (0, 248, 336, 272, 443, 439, 443, 439, 443, 439, 443, 439, 443, 272, 0)
False, False, 0.1429, (0, 431, 244, 225, 71, 483, 71, 483, 71, 483, 71, 225, 244, 431, 0)
False, False, 0.0985, (0, 441, 293, 297, 344, 297, 344, 297, 344, 297, 344, 297, 293, 441, 0)
False, False, 0.024, (0, 433, 459, 172, 9, 270, 163, 270, 163, 270, 163, 270, 9, 172, 0)
False, False, 0.0791, (0, 205, 457, 393, 490, 393, 490, 393, 490, 393, 490, 393, 457, 205, 0)
False, False, 0.06, (0, 216, 324, 77, 395, 77, 395, 77, 395, 77, 395, 77, 324, 216, 0)
False, False, 0.0842, (0, 361, 430, 89, 375, 348, 327, 348, 327, 348, 375, 89, 430, 361, 0)
False, False, 0.1975, (0, 433, 459, 143, 190, 188, 279, 224, 279, 188, 190, 143, 459, 433, 0)
False, False, 0.0732, (0, 478, 28, 271, 378, 501, 378, 501, 378, 501, 378, 271, 28, 478, 0)
False, False, 0.0901, (0, 501, 260, 368, 370, 368, 370, 368, 370, 368, 370, 368, 260, 501, 0)
False, False, 0.0003, (0, 16, 240, 371, 152, 371, 152, 371, 152, 371, 152, 371, 240, 16, 0)
False, False, 0.1038, (0, 125, 231, 212, 103, 174, 103, 174, 103, 174, 103, 212, 231, 125, 0)
False, False, 0.0004, (0, 175, 285, 230, 34, 8, 34, 8, 34, 8, 34, 230, 285, 175, 0)
False, False, 0.0058, (0, 382, 380, 284, 380, 284, 380, 284, 380, 284, 380, 284, 380, 311, 0)
False, False, 0.0123, (0, 175, 285, 230, 34, 8, 34, 8, 34, 348, 375, 89, 430, 361, 0)
False, False, 0.0383, (0, 404, 337, 497, 406, 476, 151, 476, 151, 476, 406, 497, 337, 404, 0)
False, False, 0.0007, (0, 462, 325, 389, 302, 61, 302, 61, 302, 61, 302, 389, 325, 462, 0)
False, False, 0.0684, (0, 7, 405, 475, 405, 475, 405, 475, 405, 475, 405, 475, 405, 7, 0)
False, False, 0.1039, (0, 41, 113, 219, 291, 219, 291, 219, 291, 219, 291, 219, 113, 41, 0)
False, False, 0.1315, (0, 136, 110, 466, 464, 466, 464, 466, 464, 466, 464, 466, 110, 136, 0)
False, False, 0.1, (0, 150, 355, 191, 29, 191, 29, 191, 29, 191, 29, 191, 355, 150, 0)
False, False, 0.1579, (0, 335, 288, 473, 429, 473, 429, 473, 429, 473, 429, 473, 288, 335, 0)
False, False, 0.2049, (0, 445, 90, 112, 116, 136, 116, 136, 116, 136, 116, 112, 90, 445, 0)
False, False, 0.25, (0, 478, 28, 271, 12, 189, 12, 189, 12, 189, 12, 271, 28, 478, 0)
False, False, 0.0896, (0, 159, 404, 206, 64, 217, 250, 217, 250, 217, 64, 206, 404, 159, 0)
False, False, 0.1111, (0, 176, 32, 107, 449, 107, 449, 107, 449, 107, 449, 107, 32, 176, 0)
False, False, 0.0259, (0, 353, 338, 207, 322, 323, 322, 323, 322, 323, 322, 207, 338, 189, 0)
False, False, 0.1429, (0, 232, 134, 5, 493, 274, 493, 274, 493, 274, 493, 5, 134, 232, 0)
False, False, 0.0374, (0, 159, 404, 206, 64, 217, 250, 217, 250, 217, 64, 206, 404, 275, 0)
False, False, 0.1162, (0, 337, 497, 406, 352, 479, 91, 479, 91, 479, 352, 406, 497, 337, 0)
False, False, 0.2, (0, 387, 265, 308, 273, 87, 96, 87, 96, 87, 273, 308, 265, 387, 0)
False, False, 0.211, (0, 413, 57, 127, 84, 233, 415, 233, 415, 233, 84, 127, 57, 413, 0)
False, False, 0.1429, (0, 431, 244, 225, 483, 71, 483, 71, 483, 71, 483, 225, 244, 431, 0)
False, False, 0.2, (0, 100, 137, 153, 300, 309, 359, 309, 359, 309, 300, 153, 137, 100, 0)
False, False, 0.0775, (0, 175, 285, 230, 178, 402, 8, 34, 8, 402, 178, 230, 285, 175, 0)
False, False, 0.0416, (0, 248, 35, 329, 149, 329, 149, 329, 149, 329, 149, 329, 35, 248, 0)
False, False, 0.1397, (0, 353, 204, 237, 204, 237, 204, 237, 204, 237, 204, 237, 204, 353, 0)
False, False, 0.0833, (0, 378, 289, 43, 306, 214, 306, 214, 306, 214, 306, 43, 289, 378, 0)
False, False, 0.1495, (0, 379, 452, 238, 283, 330, 283, 330, 283, 330, 283, 238, 452, 379, 0)
False, False, 0.0173, (0, 413, 57, 127, 84, 415, 84, 415, 84, 415, 84, 127, 57, 413, 0)
False, False, 0.0411, (0, 440, 83, 282, 83, 282, 83, 282, 83, 282, 83, 282, 83, 440, 0)
False, False, 0.1005, (0, 209, 11, 183, 134, 5, 134, 5, 134, 5, 134, 183, 11, 209, 0)
False, False, 0.0778, (0, 248, 336, 290, 272, 443, 132, 443, 132, 443, 132, 272, 61, 325, 0)
False, False, 0.0265, (0, 431, 314, 294, 450, 455, 262, 401, 262, 455, 450, 294, 314, 431, 0)
False, False, 0.066, (0, 387, 209, 11, 183, 350, 232, 350, 232, 350, 183, 11, 209, 64, 0)
False, False, 0.1303, (0, 86, 391, 492, 391, 492, 391, 492, 391, 492, 391, 492, 391, 86, 0)
False, False, 0.1146, (0, 125, 205, 92, 330, 92, 330, 92, 330, 92, 330, 92, 205, 125, 0)
False, False, 0.1892, (0, 206, 441, 480, 293, 480, 293, 480, 293, 480, 293, 480, 441, 206, 0)
False, False, 0.0757, (0, 248, 336, 290, 272, 443, 439, 443, 439, 443, 272, 290, 336, 248, 0)
False, False, 0.0138, (0, 287, 304, 50, 382, 311, 382, 311, 382, 311, 382, 50, 304, 287, 0)
False, False, 0.1264, (0, 248, 336, 290, 272, 443, 439, 443, 439, 443, 439, 443, 272, 290, 0)
False, False, 0.0382, (0, 311, 380, 284, 244, 225, 314, 294, 314, 225, 244, 284, 380, 311, 0)
False, False, 0.057, (0, 311, 380, 284, 244, 225, 314, 294, 314, 225, 244, 284, 380, 382, 0)
False, False, 0.0061, (0, 232, 134, 5, 274, 493, 274, 493, 274, 493, 274, 5, 344, 441, 0)
False, False, 0.0001, (0, 26, 450, 455, 262, 236, 401, 236, 401, 236, 401, 236, 401, 5, 0)
False, False, 0.1655, (0, 6, 126, 456, 126, 456, 126, 456, 126, 456, 126, 456, 126, 6, 0)
False, False, 0.0142, (0, 26, 450, 455, 262, 401, 236, 401, 236, 401, 262, 455, 450, 26, 0)
False, False, 0.0065, (0, 83, 76, 83, 76, 83, 76, 83, 76, 83, 76, 83, 76, 83, 0)
False, False, 0.1083, (0, 125, 231, 397, 212, 397, 212, 397, 212, 397, 212, 397, 231, 125, 0)
False, False, 0.125, (0, 172, 146, 407, 218, 158, 363, 374, 363, 158, 218, 407, 146, 172, 0)
False, False, 0.0104, (0, 235, 54, 356, 13, 179, 13, 179, 13, 179, 13, 356, 54, 235, 0)
False, False, 0.1111, (0, 272, 132, 67, 239, 67, 239, 67, 239, 67, 239, 67, 132, 272, 0)
False, False, 0.1546, (0, 292, 227, 246, 281, 491, 462, 491, 462, 491, 281, 246, 227, 292, 0)
False, False, 0.0366, (0, 433, 459, 143, 9, 163, 270, 163, 270, 163, 9, 143, 459, 433, 0)
False, False, 0.1512, (0, 436, 115, 377, 37, 222, 37, 222, 37, 222, 37, 377, 115, 436, 0)
False, False, 0.0223, (0, 491, 248, 35, 129, 35, 129, 35, 129, 35, 129, 112, 90, 445, 0)
False, False, 0.0723, (0, 275, 159, 404, 319, 390, 319, 390, 319, 390, 319, 404, 159, 456, 0)
False, False, 0.0138, (0, 103, 220, 58, 332, 58, 332, 58, 332, 58, 332, 58, 220, 103, 0)
False, False, 0.0119, (0, 123, 472, 66, 340, 45, 182, 99, 182, 45, 340, 66, 472, 123, 0)
False, False, 0.1111, (0, 124, 379, 40, 19, 40, 19, 40, 19, 40, 19, 40, 379, 124, 0)
False, False, 0.1162, (0, 150, 201, 155, 487, 388, 499, 388, 499, 388, 487, 155, 201, 150, 0)
False, False, 0.1667, (0, 184, 161, 170, 161, 170, 161, 170, 161, 170, 161, 170, 161, 184, 0)
False, False, 0.1709, (0, 205, 457, 393, 490, 259, 490, 259, 490, 259, 490, 393, 457, 205, 0)
False, False, 0.01, (0, 216, 498, 458, 286, 458, 286, 458, 286, 458, 286, 458, 498, 216, 0)
False, False, 0.2443, (0, 220, 245, 42, 73, 142, 258, 142, 258, 142, 73, 42, 245, 220, 0)
False, False, 0.1514, (0, 275, 404, 206, 64, 250, 217, 250, 217, 250, 64, 206, 404, 275, 0)
False, False, 0.089, (0, 220, 245, 42, 73, 142, 258, 142, 258, 142, 73, 42, 245, 280, 0)
False, False, 0.035, (0, 317, 70, 468, 300, 359, 309, 359, 309, 359, 300, 468, 70, 317, 0)
False, False, 0.0291, (0, 325, 61, 272, 132, 439, 132, 439, 132, 439, 132, 272, 290, 336, 0)
False, False, 0.2, (0, 387, 265, 308, 273, 96, 87, 96, 87, 96, 273, 308, 265, 387, 0)
False, False, 0.0876, (0, 410, 160, 269, 392, 269, 392, 269, 392, 269, 392, 269, 160, 410, 0)
False, False, 0.1881, (0, 462, 325, 108, 389, 108, 389, 108, 389, 108, 389, 108, 325, 462, 0)
False, False, 0.1429, (0, 6, 275, 159, 128, 49, 128, 49, 128, 49, 128, 159, 275, 6, 0)
False, False, 0.065, (0, 41, 291, 219, 291, 219, 291, 219, 291, 219, 291, 219, 291, 41, 0)
False, False, 0.0012, (0, 54, 442, 333, 442, 333, 442, 333, 442, 333, 442, 333, 442, 54, 0)
False, False, 0.05, (0, 109, 391, 492, 265, 308, 265, 308, 265, 308, 265, 492, 391, 86, 0)
False, False, 0.0049, (0, 98, 446, 95, 24, 313, 24, 313, 24, 313, 24, 95, 446, 98, 0)
False, False, 0.0244, (0, 109, 387, 217, 250, 217, 250, 217, 250, 217, 250, 217, 387, 109, 0)
False, False, 0.0237, (0, 138, 342, 99, 54, 249, 94, 249, 94, 249, 94, 287, 229, 118, 0)
False, False, 0.0128, (0, 169, 427, 469, 296, 469, 296, 469, 296, 469, 296, 469, 427, 169, 0)
False, False, 0.0445, (0, 174, 280, 267, 411, 447, 384, 447, 384, 447, 411, 267, 280, 174, 0)
False, False, 0.2143, (0, 182, 63, 14, 144, 446, 98, 446, 98, 446, 144, 14, 63, 182, 0)
False, False, 0.0763, (0, 118, 292, 227, 246, 477, 281, 477, 281, 477, 246, 227, 292, 238, 0)
False, False, 0.0828, (0, 253, 174, 280, 267, 411, 447, 384, 447, 411, 267, 280, 174, 253, 0)
False, False, 0.1389, (0, 457, 259, 295, 347, 295, 347, 295, 347, 295, 347, 295, 347, 259, 0)
False, False, 0.008, (0, 275, 41, 291, 219, 291, 219, 291, 219, 291, 219, 291, 41, 275, 0)
False, False, 0.1053, (0, 288, 473, 301, 44, 140, 474, 140, 474, 140, 474, 140, 44, 301, 0)
False, False, 0.0297, (0, 325, 108, 302, 61, 302, 61, 302, 61, 302, 61, 302, 108, 325, 0)
False, False, 0.0054, (0, 336, 290, 272, 132, 439, 132, 439, 132, 439, 132, 272, 290, 336, 0)
False, False, 0.1667, (0, 378, 289, 43, 306, 43, 306, 43, 306, 43, 306, 43, 289, 378, 0)
False, False, 0.0397, (0, 169, 427, 469, 296, 469, 296, 469, 296, 469, 296, 469, 427, 437, 0)
False, False, 0.1551, (0, 485, 58, 332, 58, 332, 58, 332, 58, 332, 58, 332, 58, 485, 0)
False, False, 0.0309, (0, 41, 113, 291, 219, 291, 219, 291, 219, 291, 219, 291, 113, 41, 0)
False, False, 0.0034, (0, 100, 137, 153, 300, 153, 300, 153, 300, 153, 300, 153, 137, 100, 0)
False, False, 0.073, (0, 113, 476, 482, 479, 46, 398, 46, 398, 46, 479, 482, 476, 113, 0)
False, False, 0.0243, (0, 129, 464, 239, 67, 239, 67, 239, 67, 239, 67, 239, 464, 129, 0)
False, False, 0.2118, (0, 138, 99, 356, 13, 179, 13, 179, 13, 179, 13, 356, 99, 138, 0)
False, False, 0.1278, (0, 141, 55, 21, 69, 223, 460, 223, 460, 223, 69, 21, 55, 141, 0)
False, False, 0.1111, (0, 144, 121, 418, 261, 418, 261, 418, 261, 418, 261, 418, 121, 144, 0)
False, False, 0.1, (0, 150, 29, 191, 29, 191, 29, 191, 29, 191, 29, 191, 29, 150, 0)
False, False, 0.0006, (0, 199, 231, 397, 212, 103, 174, 103, 174, 103, 212, 397, 231, 199, 0)
False, False, 0.0151, (0, 209, 11, 344, 297, 344, 297, 344, 297, 344, 297, 344, 11, 209, 0)
False, False, 0.1368, (0, 232, 134, 5, 274, 493, 274, 493, 274, 493, 274, 5, 134, 232, 0)
False, False, 0.2265, (0, 243, 307, 428, 102, 75, 215, 75, 215, 75, 102, 428, 307, 243, 0)
False, False, 0.132, (0, 248, 329, 149, 329, 149, 329, 149, 329, 149, 329, 149, 329, 248, 0)
False, False, 0.1326, (0, 304, 50, 382, 311, 382, 311, 382, 311, 382, 311, 382, 50, 304, 0)
False, False, 0.035, (0, 311, 380, 399, 380, 399, 380, 399, 380, 399, 380, 399, 380, 311, 0)
False, False, 0.1231, (0, 325, 389, 302, 61, 302, 61, 302, 61, 302, 61, 302, 389, 325, 0)
False, False, 0.0606, (0, 355, 199, 201, 155, 487, 388, 499, 388, 487, 155, 201, 199, 355, 0)
False, False, 0.0373, (0, 211, 165, 16, 18, 240, 18, 240, 18, 240, 18, 16, 165, 364, 0)
False, False, 0.2309, (0, 421, 25, 59, 351, 135, 351, 135, 351, 135, 351, 59, 470, 410, 0)
False, False, 0.1724, (0, 416, 168, 109, 86, 109, 86, 109, 86, 109, 86, 109, 168, 416, 0)
False, False, 0.038, (0, 438, 416, 33, 168, 278, 114, 278, 114, 278, 168, 33, 416, 438, 0)
False, False, 0.0254, (0, 452, 118, 229, 292, 229, 292, 229, 292, 229, 292, 229, 118, 452, 0)
False, False, 0.1111, (0, 457, 393, 82, 435, 82, 435, 82, 435, 82, 435, 82, 393, 457, 0)
False, False, 0.1768, (0, 478, 28, 271, 499, 388, 499, 388, 499, 388, 499, 271, 28, 478, 0)
False, False, 0.0721, (0, 485, 184, 445, 184, 445, 184, 445, 184, 445, 184, 445, 184, 485, 0)
False, False, 0.1196, (0, 491, 248, 336, 290, 336, 290, 336, 290, 336, 290, 336, 248, 491, 0)
False, False, 0.091, (0, 162, 202, 158, 363, 374, 312, 374, 312, 363, 158, 407, 146, 9, 0)
False, False, 0.043, (0, 461, 326, 80, 117, 318, 10, 371, 10, 371, 10, 371, 240, 16, 0)
False, False, 0.1545, (0, 404, 337, 497, 406, 476, 151, 482, 151, 482, 151, 476, 113, 41, 0)
False, False, 0.064, (0, 73, 364, 122, 79, 263, 165, 263, 165, 263, 79, 122, 364, 73, 0)
False, False, 0.0556, (0, 124, 452, 238, 283, 92, 283, 92, 283, 92, 283, 92, 205, 125, 0)
False, False, 0.0479, (0, 422, 55, 38, 21, 69, 21, 69, 21, 69, 21, 38, 55, 141, 0)
False, False, 0.0059, (0, 170, 136, 110, 466, 464, 466, 464, 466, 464, 466, 110, 136, 170, 0)
False, False, 0.2836, (0, 231, 103, 220, 280, 267, 411, 447, 384, 447, 411, 267, 280, 174, 0)
False, False, 0.1111, (0, 177, 192, 4, 52, 4, 52, 4, 52, 4, 52, 4, 192, 177, 0)
False, False, 0.0994, (0, 199, 125, 231, 397, 212, 397, 212, 397, 212, 397, 231, 125, 199, 0)
False, False, 0.125, (0, 162, 202, 158, 363, 374, 312, 374, 312, 374, 312, 363, 158, 202, 0)
False, False, 0.1958, (0, 73, 364, 122, 79, 263, 165, 263, 165, 263, 79, 122, 364, 211, 0)
False, False, 0.0397, (0, 311, 380, 284, 244, 225, 244, 225, 244, 225, 244, 284, 380, 311, 0)
False, False, 0.0466, (0, 325, 61, 302, 61, 302, 61, 302, 61, 302, 61, 302, 61, 325, 0)
False, False, 0.0162, (0, 355, 199, 125, 231, 253, 487, 253, 487, 253, 231, 125, 199, 355, 0)
False, False, 0.1319, (0, 400, 234, 130, 365, 420, 365, 420, 365, 420, 365, 130, 234, 400, 0)
False, False, 0.1591, (0, 413, 57, 127, 84, 415, 233, 415, 233, 415, 84, 127, 57, 413, 0)
False, False, 0.0167, (0, 422, 55, 38, 21, 69, 21, 69, 21, 69, 21, 38, 55, 422, 0)
False, False, 0.0894, (0, 433, 459, 143, 190, 188, 279, 396, 279, 188, 190, 143, 459, 433, 0)
False, False, 0.009, (0, 441, 480, 293, 480, 293, 480, 293, 480, 293, 480, 293, 480, 441, 0)
False, False, 0.0669, (0, 324, 190, 163, 270, 163, 270, 163, 270, 163, 270, 9, 143, 459, 0)
False, False, 0.2981, (0, 471, 334, 256, 62, 277, 305, 277, 305, 277, 62, 256, 334, 471, 0)
False, False, 0.0878, (0, 33, 390, 319, 390, 319, 390, 319, 390, 319, 390, 319, 390, 33, 0)
False, False, 0.1459, (0, 64, 209, 11, 183, 350, 183, 350, 183, 350, 183, 11, 209, 64, 0)
False, False, 0.0908, (0, 103, 485, 435, 82, 435, 82, 435, 82, 435, 82, 435, 485, 103, 0)
False, False, 0.0197, (0, 109, 391, 492, 391, 492, 391, 492, 391, 492, 391, 492, 391, 109, 0)
False, False, 0.2438, (0, 461, 326, 80, 117, 318, 10, 318, 10, 371, 152, 424, 453, 110, 0)
False, False, 0.127, (0, 121, 26, 314, 294, 450, 455, 262, 455, 450, 294, 314, 26, 121, 0)
False, False, 0.1838, (0, 150, 355, 199, 201, 155, 253, 487, 253, 155, 201, 199, 355, 150, 0)
False, False, 0.0278, (0, 259, 295, 347, 295, 347, 295, 347, 295, 347, 295, 347, 295, 259, 0)
False, False, 0.0085, (0, 501, 104, 214, 360, 30, 486, 241, 486, 241, 30, 360, 214, 289, 0)
False, False, 0.1124, (0, 337, 497, 406, 352, 479, 46, 398, 46, 479, 352, 406, 497, 337, 0)
False, False, 0.1394, (0, 355, 199, 201, 155, 253, 487, 253, 487, 253, 155, 201, 199, 355, 0)
False, False, 0.0232, (0, 124, 452, 238, 330, 92, 330, 92, 330, 92, 330, 238, 452, 379, 0)
False, False, 0.0397, (0, 382, 380, 284, 244, 225, 314, 225, 314, 225, 244, 284, 380, 382, 0)
False, False, 0.0206, (0, 64, 209, 11, 183, 350, 183, 350, 183, 350, 183, 11, 209, 387, 0)
False, False, 0.1466, (0, 400, 234, 130, 120, 106, 120, 106, 120, 106, 120, 130, 234, 400, 0)
False, False, 0.1081, (0, 286, 193, 396, 224, 396, 224, 396, 279, 188, 190, 143, 459, 433, 0)
False, False, 0.0239, (0, 489, 413, 57, 127, 84, 127, 84, 127, 84, 127, 57, 413, 489, 0)
False, False, 0.05, (0, 492, 273, 98, 446, 98, 446, 98, 446, 98, 446, 98, 273, 492, 0)
False, False, 0.0326, (0, 134, 5, 262, 236, 401, 236, 401, 236, 401, 236, 262, 455, 26, 0)
False, False, 0.0527, (0, 182, 63, 14, 1, 157, 1, 157, 1, 157, 1, 14, 63, 99, 0)
False, False, 0.1527, (0, 16, 240, 424, 152, 371, 152, 371, 152, 371, 152, 424, 453, 110, 0)
False, False, 0.1319, (0, 118, 229, 235, 328, 357, 328, 357, 328, 357, 328, 235, 229, 118, 0)
False, False, 0.1111, (0, 144, 121, 261, 418, 261, 418, 261, 418, 261, 418, 261, 121, 144, 0)
False, False, 0.0647, (0, 33, 319, 387, 217, 250, 217, 250, 217, 250, 64, 206, 404, 159, 0)
False, False, 0.0795, (0, 172, 9, 146, 407, 218, 407, 218, 407, 218, 407, 146, 9, 172, 0)
False, False, 0.0445, (0, 174, 280, 267, 411, 447, 411, 447, 411, 447, 411, 267, 280, 174, 0)
False, False, 0.0001, (0, 175, 285, 230, 34, 348, 34, 348, 34, 348, 34, 230, 285, 175, 0)
False, False, 0.0902, (0, 182, 63, 14, 1, 157, 1, 157, 1, 157, 1, 14, 63, 182, 0)
False, False, 0.0536, (0, 258, 211, 364, 122, 79, 263, 165, 263, 165, 263, 79, 170, 184, 0)
False, False, 0.1441, (0, 209, 11, 350, 232, 95, 24, 313, 24, 95, 232, 350, 11, 209, 0)
False, False, 0.0556, (0, 220, 245, 42, 245, 42, 245, 42, 245, 42, 245, 42, 245, 220, 0)
False, False, 0.0259, (0, 485, 362, 252, 362, 252, 362, 252, 362, 252, 362, 252, 362, 252, 0)
False, False, 0.1137, (0, 260, 370, 173, 496, 173, 496, 173, 496, 173, 496, 173, 370, 260, 0)
False, False, 0.0786, (0, 287, 304, 50, 419, 369, 419, 369, 419, 369, 419, 50, 304, 287, 0)
False, False, 0.0375, (0, 500, 432, 117, 318, 10, 318, 10, 318, 10, 318, 117, 80, 326, 0)
False, False, 0.0809, (0, 353, 189, 338, 207, 237, 204, 237, 204, 237, 207, 338, 189, 353, 0)
False, False, 0.0203, (0, 457, 393, 435, 82, 435, 82, 435, 82, 435, 82, 435, 393, 457, 0)
False, False, 0.0845, (0, 485, 362, 252, 362, 252, 362, 252, 362, 252, 362, 252, 362, 485, 0)
False, False, 0.029, (0, 184, 170, 112, 129, 35, 129, 35, 129, 35, 129, 35, 248, 491, 0)
False, False, 0.15, (0, 211, 16, 18, 240, 453, 424, 453, 424, 453, 110, 116, 112, 90, 0)
False, False, 0.4881, (0, 123, 472, 66, 340, 45, 342, 99, 342, 45, 340, 66, 472, 123, 0)
False, False, 0.1667, (0, 124, 434, 438, 434, 438, 434, 438, 434, 438, 434, 438, 434, 124, 0)
False, False, 0.03, (0, 125, 231, 397, 212, 103, 174, 103, 174, 103, 212, 397, 231, 125, 0)
False, False, 0.0102, (0, 100, 137, 202, 158, 363, 374, 312, 374, 363, 158, 202, 146, 172, 0)
False, False, 0.2, (0, 216, 498, 458, 286, 181, 331, 181, 331, 181, 286, 458, 498, 216, 0)
False, False, 0.029, (0, 118, 229, 227, 246, 477, 281, 477, 281, 477, 246, 227, 292, 238, 0)
False, False, 0.007, (0, 104, 214, 360, 30, 241, 486, 241, 486, 241, 30, 360, 214, 289, 0)
False, False, 0.0253, (0, 303, 68, 320, 195, 23, 221, 23, 221, 23, 195, 320, 68, 303, 0)
False, False, 0.1396, (0, 382, 380, 399, 284, 399, 284, 399, 284, 399, 284, 399, 380, 311, 0)
False, False, 0.1403, (0, 337, 497, 406, 352, 91, 479, 91, 479, 91, 352, 406, 497, 337, 0)
False, False, 0.0541, (0, 211, 165, 16, 18, 240, 453, 424, 453, 240, 18, 16, 165, 364, 0)
False, False, 0.0326, (0, 416, 33, 168, 278, 114, 278, 114, 278, 114, 278, 168, 33, 416, 0)
False, False, 0.063, (0, 344, 5, 262, 401, 236, 401, 236, 262, 455, 450, 294, 314, 431, 0)
False, False, 0.0669, (0, 324, 190, 163, 270, 163, 270, 163, 270, 163, 270, 9, 143, 433, 0)
False, False, 0.0492, (0, 457, 259, 491, 462, 491, 462, 491, 462, 491, 462, 491, 259, 457, 0)
False, False, 0.1071, (0, 287, 304, 50, 419, 369, 139, 369, 139, 369, 139, 419, 325, 462, 0)
False, False, 0.0845, (0, 485, 332, 252, 362, 252, 362, 252, 362, 252, 362, 252, 332, 485, 0)
False, False, 0.0142, (0, 487, 101, 260, 368, 370, 368, 370, 368, 370, 368, 260, 101, 487, 0)
False, False, 0.1232, (0, 487, 101, 260, 368, 370, 368, 370, 368, 370, 368, 260, 104, 501, 0)
False, False, 0.0034, (0, 6, 126, 456, 33, 168, 33, 168, 33, 168, 33, 456, 126, 6, 0)
False, False, 0.0665, (0, 461, 326, 80, 117, 318, 10, 371, 152, 371, 152, 424, 240, 16, 0)
False, False, 0.1147, (0, 26, 455, 262, 401, 236, 401, 236, 401, 236, 401, 262, 455, 26, 0)
False, False, 0.1667, (0, 78, 383, 489, 383, 489, 383, 489, 383, 489, 383, 489, 383, 78, 0)
False, False, 0.0769, (0, 93, 414, 243, 307, 428, 7, 428, 7, 428, 307, 243, 414, 93, 0)
False, False, 0.0314, (0, 95, 313, 321, 454, 111, 454, 111, 454, 111, 454, 321, 313, 98, 0)
False, False, 0.165, (0, 100, 137, 153, 300, 359, 309, 359, 309, 359, 300, 153, 137, 100, 0)
False, False, 0.0207, (0, 101, 500, 381, 326, 432, 264, 432, 264, 432, 326, 381, 500, 101, 0)
False, False, 0.125, (0, 104, 360, 30, 60, 48, 60, 48, 60, 48, 60, 30, 360, 104, 0)
False, False, 0.0873, (0, 121, 26, 314, 294, 450, 294, 450, 294, 450, 294, 314, 26, 121, 0)
False, False, 0.1111, (0, 124, 379, 19, 40, 19, 40, 19, 40, 19, 40, 19, 379, 124, 0)
False, False, 0.111, (0, 235, 54, 333, 442, 333, 442, 333, 442, 333, 442, 333, 54, 138, 0)
False, False, 0.0635, (0, 144, 121, 26, 431, 380, 399, 284, 399, 380, 431, 26, 121, 144, 0)
False, False, 0.0137, (0, 172, 146, 202, 158, 363, 374, 312, 374, 312, 363, 158, 202, 162, 0)
False, False, 0.1705, (0, 172, 9, 146, 407, 218, 202, 218, 202, 218, 407, 146, 9, 172, 0)
False, False, 0.0451, (0, 413, 57, 178, 402, 8, 34, 327, 34, 327, 34, 230, 285, 175, 0)
False, False, 0.1429, (0, 182, 63, 14, 157, 1, 157, 1, 157, 1, 157, 14, 63, 182, 0)
False, False, 0.1352, (0, 172, 146, 202, 158, 363, 312, 374, 312, 374, 312, 363, 158, 202, 0)
False, False, 0.2753, (0, 203, 373, 303, 180, 255, 27, 255, 27, 255, 180, 303, 373, 203, 0)
False, False, 0.2, (0, 216, 498, 458, 286, 331, 181, 331, 181, 331, 286, 458, 498, 216, 0)
False, False, 0.0918, (0, 258, 211, 364, 122, 79, 122, 79, 122, 79, 122, 364, 211, 258, 0)
False, False, 0.4741, (0, 353, 338, 207, 494, 417, 486, 241, 486, 241, 30, 360, 214, 289, 0)
False, False, 0.0364, (0, 324, 77, 395, 77, 395, 77, 395, 77, 395, 77, 395, 77, 324, 0)
False, False, 0.0113, (0, 326, 80, 117, 318, 10, 371, 152, 371, 10, 318, 117, 80, 326, 0)
False, False, 0.4555, (0, 101, 384, 394, 74, 3, 72, 316, 461, 316, 72, 3, 74, 394, 0)
False, False, 0.0067, (0, 413, 57, 178, 402, 8, 34, 327, 34, 8, 402, 178, 57, 413, 0)
False, False, 0.1111, (0, 421, 25, 343, 185, 343, 185, 343, 185, 343, 185, 343, 25, 421, 0)
False, False, 0.0313, (0, 5, 262, 401, 236, 401, 236, 401, 262, 455, 450, 294, 314, 431, 0)
False, False, 0.0429, (0, 324, 190, 163, 270, 163, 270, 163, 270, 163, 9, 172, 459, 433, 0)
False, False, 0.1053, (0, 436, 115, 377, 69, 223, 460, 222, 460, 223, 69, 377, 115, 436, 0)
False, False, 0.1513, (0, 184, 90, 112, 129, 35, 129, 35, 129, 35, 129, 112, 90, 445, 0)
False, False, 0.0013, (0, 456, 159, 404, 319, 390, 319, 390, 319, 390, 319, 404, 159, 456, 0)
False, False, 0.0095, (0, 287, 304, 50, 419, 139, 419, 139, 419, 369, 139, 419, 325, 462, 0)
False, False, 0.1057, (0, 471, 334, 323, 256, 62, 305, 277, 305, 62, 256, 323, 334, 471, 0)
False, False, 0.025, (0, 492, 308, 273, 98, 446, 98, 446, 98, 446, 98, 273, 308, 492, 0)
False, False, 0.0394, (0, 500, 381, 326, 432, 264, 432, 264, 432, 264, 432, 326, 381, 500, 0)
False, False, 0.1111, (0, 501, 260, 463, 299, 463, 299, 463, 299, 463, 299, 463, 260, 501, 0)
False, False, 0.0107, (0, 78, 489, 413, 57, 127, 84, 127, 84, 127, 57, 413, 489, 78, 0)
False, False, 0.0145, (0, 90, 129, 464, 466, 464, 466, 464, 466, 464, 466, 464, 129, 90, 0)
False, False, 0.3242, (0, 93, 414, 366, 200, 208, 346, 208, 346, 208, 200, 366, 414, 93, 0)
False, False, 0.2852, (0, 95, 24, 313, 321, 111, 454, 111, 454, 111, 321, 313, 24, 95, 0)
False, False, 0.0479, (0, 102, 215, 154, 213, 154, 213, 154, 213, 154, 213, 154, 215, 102, 0)
False, False, 0.024, (0, 138, 357, 54, 94, 249, 94, 249, 94, 249, 94, 287, 229, 118, 0)
False, False, 0.0717, (0, 124, 379, 452, 238, 205, 238, 205, 238, 205, 238, 452, 379, 124, 0)
False, False, 0.0201, (0, 141, 120, 55, 420, 365, 420, 365, 420, 365, 420, 55, 120, 141, 0)
False, False, 0.0733, (0, 176, 32, 70, 468, 70, 468, 70, 468, 70, 468, 70, 32, 176, 0)
False, False, 0.0108, (0, 188, 279, 268, 162, 268, 162, 268, 162, 268, 162, 268, 279, 188, 0)
False, False, 0.0196, (0, 211, 165, 16, 18, 16, 18, 16, 18, 16, 18, 16, 165, 211, 0)
False, False, 0.1098, (0, 235, 54, 442, 333, 442, 333, 442, 333, 442, 333, 442, 54, 235, 0)
False, False, 0.0425, (0, 176, 32, 70, 468, 70, 468, 70, 468, 70, 468, 70, 317, 257, 0)
False, False, 0.0445, (0, 267, 394, 74, 3, 72, 316, 461, 316, 72, 3, 74, 394, 267, 0)
False, False, 0.2167, (0, 287, 304, 50, 419, 139, 369, 139, 369, 139, 419, 50, 304, 287, 0)
False, False, 0.0263, (0, 335, 301, 44, 140, 474, 140, 474, 140, 474, 140, 44, 301, 335, 0)
False, False, 0.0588, (0, 353, 237, 322, 323, 322, 323, 322, 323, 322, 323, 322, 207, 338, 0)
False, False, 0.0214, (0, 228, 186, 448, 187, 403, 187, 403, 187, 403, 187, 448, 186, 358, 0)
False, False, 0.128, (0, 376, 426, 247, 426, 247, 426, 247, 426, 247, 426, 247, 426, 376, 0)
False, False, 0.0562, (0, 501, 260, 299, 463, 299, 463, 299, 463, 299, 463, 299, 104, 378, 0)
False, False, 0.0382, (0, 410, 59, 351, 31, 38, 31, 38, 31, 38, 31, 351, 59, 410, 0)
False, False, 0.0505, (0, 416, 33, 390, 319, 390, 319, 390, 319, 390, 319, 390, 33, 416, 0)
False, False, 0.0555, (0, 433, 459, 143, 9, 270, 163, 270, 163, 270, 9, 143, 459, 433, 0)
False, False, 0.0143, (0, 441, 344, 297, 344, 297, 344, 297, 344, 297, 344, 297, 344, 441, 0)
False, False, 0.0279, (0, 445, 90, 112, 129, 35, 129, 35, 129, 35, 129, 112, 90, 445, 0)
False, True, 0.0487, (0, 78, 489, 413, 57, 127, 84, 415, 233, 84, 127, 57, 413, 489, 0)
False, False, 0.4577, (0, 417, 372, 423, 65, 465, 36, 375, 36, 465, 65, 423, 372, 494, 0)
False, False, 0.193, (0, 101, 500, 381, 264, 432, 264, 432, 264, 432, 264, 381, 500, 496, 0)
False, False, 0.0196, (0, 501, 260, 299, 463, 299, 463, 299, 463, 299, 463, 299, 260, 501, 0)
False, False, 0.023, (0, 42, 258, 211, 364, 211, 364, 211, 364, 211, 364, 211, 258, 42, 0)
False, False, 0.115, (0, 51, 341, 210, 367, 148, 194, 32, 194, 148, 367, 210, 341, 51, 0)
False, False, 0.0381, (0, 136, 110, 464, 466, 464, 466, 464, 466, 464, 466, 464, 110, 79, 0)
False, False, 0.1314, (0, 133, 358, 444, 451, 444, 451, 444, 451, 444, 358, 228, 221, 85, 0)
False, False, 0.0162, (0, 98, 313, 321, 454, 321, 454, 321, 454, 111, 321, 313, 24, 95, 0)
False, False, 0.0703, (0, 97, 320, 56, 196, 56, 196, 56, 196, 56, 196, 56, 320, 97, 0)
False, False, 0.0136, (0, 98, 313, 321, 454, 321, 454, 321, 454, 321, 454, 321, 313, 98, 0)
False, False, 0.0445, (0, 101, 384, 173, 496, 173, 496, 173, 496, 173, 496, 173, 384, 101, 0)
False, False, 0.125, (0, 104, 78, 48, 60, 48, 60, 48, 60, 48, 60, 48, 78, 104, 0)
False, False, 0.1327, (0, 138, 357, 54, 249, 94, 249, 94, 249, 94, 249, 54, 357, 138, 0)
False, False, 0.0361, (0, 170, 136, 110, 464, 466, 464, 466, 464, 466, 464, 110, 136, 170, 0)
False, False, 0.0909, (0, 194, 276, 242, 276, 242, 276, 242, 276, 242, 276, 242, 276, 194, 0)
False, False, 0.0072, (0, 209, 11, 350, 232, 24, 313, 24, 313, 24, 232, 350, 11, 209, 0)
False, False, 0.0241, (0, 254, 53, 437, 156, 164, 156, 164, 156, 164, 156, 437, 53, 254, 0)
False, False, 0.0095, (0, 42, 73, 364, 122, 79, 263, 165, 263, 79, 122, 364, 211, 258, 0)
False, False, 0.05, (0, 98, 313, 321, 454, 321, 454, 321, 454, 321, 313, 24, 95, 273, 0)
False, False, 0.0706, (0, 324, 190, 268, 162, 268, 162, 268, 162, 268, 162, 268, 190, 324, 0)
False, False, 0.0526, (0, 335, 288, 22, 440, 22, 440, 22, 440, 22, 440, 22, 288, 335, 0)
False, False, 0.0695, (0, 228, 186, 448, 187, 17, 187, 17, 187, 17, 187, 448, 186, 358, 0)
False, False, 0.0449, (0, 379, 452, 238, 283, 92, 283, 92, 283, 92, 283, 238, 452, 379, 0)
False, False, 0.1312, (0, 422, 392, 31, 38, 21, 69, 21, 69, 21, 38, 31, 392, 422, 0)
False, False, 0.1541, (0, 26, 450, 455, 262, 236, 401, 236, 262, 455, 450, 294, 314, 431, 0)
False, False, 0.1574, (0, 452, 118, 229, 235, 328, 357, 328, 357, 328, 235, 229, 118, 452, 0)
False, False, 0.1193, (0, 461, 381, 326, 80, 117, 80, 117, 80, 117, 80, 326, 381, 500, 0)
False, False, 0.094, (0, 177, 192, 422, 141, 20, 131, 20, 131, 20, 131, 20, 131, 20, 0)
False, False, 0.0418, (0, 410, 59, 135, 31, 38, 31, 38, 31, 38, 31, 135, 59, 25, 0)
False, False, 0.0353, (0, 169, 412, 495, 488, 495, 488, 495, 488, 495, 488, 495, 412, 169, 0)
False, False, 0.0145, (0, 182, 98, 446, 98, 446, 98, 446, 98, 446, 98, 446, 98, 182, 0)
False, False, 0.1364, (0, 228, 186, 448, 187, 403, 17, 403, 17, 403, 17, 187, 448, 186, 0)
False, False, 0.0311, (0, 189, 338, 207, 322, 323, 322, 323, 322, 323, 322, 207, 338, 189, 0)
False, False, 0.0606, (0, 211, 165, 16, 18, 240, 18, 240, 18, 240, 18, 16, 165, 211, 0)
False, False, 0.1453, (0, 292, 227, 246, 477, 281, 477, 281, 477, 281, 477, 246, 227, 292, 0)
False, False, 0.1111, (0, 421, 25, 185, 343, 185, 343, 185, 343, 185, 343, 185, 25, 421, 0)
False, False, 0.0866, (0, 500, 381, 326, 16, 18, 240, 18, 240, 18, 16, 326, 381, 500, 0)
False, False, 0.0353, (0, 378, 104, 299, 463, 299, 463, 299, 463, 299, 463, 299, 104, 501, 0)
False, False, 0.012, (0, 500, 432, 117, 318, 10, 318, 10, 318, 10, 371, 240, 18, 16, 0)
False, False, 0.0969, (0, 25, 59, 135, 31, 38, 31, 38, 31, 38, 31, 135, 59, 25, 0)
False, False, 0.1818, (0, 358, 451, 186, 408, 119, 408, 119, 408, 119, 408, 119, 341, 51, 0)
False, False, 0.025, (0, 133, 358, 451, 444, 451, 444, 451, 444, 451, 358, 228, 221, 85, 0)
False, False, 0.0771, (0, 93, 414, 243, 307, 428, 7, 102, 7, 428, 307, 243, 414, 93, 0)
False, False, 0.017, (0, 95, 24, 313, 321, 454, 111, 454, 111, 454, 321, 313, 24, 95, 0)
False, False, 0.0348, (0, 101, 173, 496, 173, 496, 173, 496, 173, 496, 173, 496, 173, 101, 0)
False, False, 0.1087, (0, 118, 229, 287, 94, 249, 94, 249, 94, 249, 94, 287, 229, 118, 0)
False, False, 0.0558, (0, 154, 213, 154, 213, 154, 213, 154, 213, 154, 213, 154, 213, 154, 0)
False, False, 0.1111, (0, 176, 32, 449, 107, 449, 107, 449, 107, 449, 107, 449, 32, 176, 0)
False, False, 0.0663, (0, 349, 339, 133, 467, 164, 156, 164, 156, 164, 467, 437, 53, 254, 0)
False, False, 0.0203, (0, 258, 211, 364, 122, 79, 263, 165, 263, 79, 122, 364, 211, 258, 0)
False, False, 0.1842, (0, 335, 288, 429, 22, 440, 22, 440, 22, 440, 22, 429, 288, 335, 0)
False, False, 0.0417, (0, 354, 97, 68, 320, 195, 23, 221, 23, 195, 320, 68, 97, 354, 0)
False, False, 0.1553, (0, 366, 200, 346, 354, 203, 373, 303, 373, 203, 354, 346, 200, 366, 0)
False, False, 0.1758, (0, 412, 495, 257, 39, 317, 39, 317, 39, 317, 39, 317, 39, 409, 0)
False, False, 0.0584, (0, 410, 470, 269, 392, 269, 392, 269, 392, 269, 392, 269, 470, 410, 0)
False, False, 0.077, (0, 141, 55, 420, 365, 420, 365, 420, 365, 420, 365, 420, 55, 422, 0)
False, False, 0.0482, (0, 427, 469, 166, 210, 367, 148, 194, 148, 367, 210, 166, 469, 427, 0)
False, False, 0.1746, (0, 436, 115, 377, 37, 222, 460, 223, 460, 222, 37, 377, 115, 436, 0)
False, False, 0.0486, (0, 500, 432, 117, 318, 10, 318, 10, 318, 10, 318, 117, 432, 500, 0)
False, False, 0.1597, (0, 7, 410, 160, 470, 160, 470, 160, 470, 160, 470, 160, 410, 7, 0)
False, False, 0.0074, (0, 51, 341, 119, 408, 119, 408, 119, 408, 119, 408, 119, 341, 51, 0)
False, False, 0.015, (0, 59, 135, 31, 38, 21, 69, 21, 69, 21, 38, 31, 135, 59, 0)
False, False, 0.1451, (0, 349, 85, 221, 228, 358, 451, 444, 451, 444, 358, 228, 221, 85, 0)
False, False, 0.0151, (0, 90, 112, 116, 110, 453, 424, 453, 424, 453, 110, 116, 112, 90, 0)
False, False, 0.2105, (0, 44, 145, 315, 226, 251, 345, 251, 345, 251, 226, 315, 145, 105, 0)
False, False, 0.0239, (0, 422, 55, 38, 21, 69, 223, 460, 223, 69, 21, 38, 55, 141, 0)
False, False, 0.1624, (0, 177, 192, 422, 141, 131, 20, 131, 20, 131, 141, 422, 192, 177, 0)
False, False, 0.0242, (0, 238, 292, 227, 246, 227, 246, 227, 246, 227, 246, 227, 292, 238, 0)
False, False, 0.1111, (0, 254, 53, 385, 81, 385, 81, 385, 81, 385, 81, 385, 53, 254, 0)
False, False, 0.0519, (0, 193, 396, 224, 167, 88, 167, 88, 167, 88, 224, 396, 193, 286, 0)
False, False, 0.0321, (0, 358, 444, 408, 119, 408, 119, 408, 119, 408, 119, 408, 444, 358, 0)
False, False, 0.0909, (0, 376, 386, 310, 386, 310, 386, 310, 386, 310, 386, 310, 386, 376, 0)
False, False, 0.1867, (0, 400, 234, 130, 120, 106, 55, 106, 55, 106, 120, 130, 234, 400, 0)
False, False, 0.0962, (0, 471, 334, 256, 62, 305, 375, 15, 375, 305, 62, 256, 334, 471, 0)
False, False, 0.0273, (0, 500, 381, 326, 80, 117, 80, 117, 80, 117, 80, 326, 381, 500, 0)
False, False, 0.1155, (0, 378, 104, 214, 360, 78, 30, 78, 30, 78, 360, 214, 104, 501, 0)
False, False, 0.2213, (0, 51, 341, 210, 367, 148, 194, 148, 194, 148, 367, 210, 341, 51, 0)
False, False, 0.068, (0, 83, 282, 76, 282, 76, 282, 76, 282, 76, 282, 76, 282, 83, 0)
False, False, 0.1111, (0, 177, 192, 52, 4, 52, 4, 52, 4, 52, 4, 52, 192, 177, 0)
False, False, 0.163, (0, 228, 186, 448, 187, 403, 17, 403, 17, 403, 187, 448, 186, 228, 0)
False, False, 0.0121, (0, 238, 292, 227, 246, 477, 246, 477, 246, 477, 246, 227, 292, 238, 0)
False, False, 0.1059, (0, 243, 102, 215, 154, 213, 421, 213, 154, 213, 154, 215, 102, 243, 0)
False, False, 0.0909, (0, 376, 310, 386, 310, 386, 310, 386, 310, 386, 310, 386, 310, 376, 0)
False, False, 0.0348, (0, 400, 234, 130, 420, 365, 420, 365, 420, 365, 420, 130, 234, 400, 0)
False, False, 0.0132, (0, 421, 25, 59, 269, 392, 269, 392, 269, 392, 269, 59, 470, 410, 0)
False, False, 0.0379, (0, 421, 25, 59, 269, 392, 269, 392, 269, 392, 269, 59, 25, 421, 0)
False, False, 0.0932, (0, 7, 475, 405, 475, 405, 475, 405, 475, 405, 475, 405, 475, 7, 0)
False, False, 0.1206, (0, 193, 396, 224, 88, 167, 88, 167, 88, 167, 88, 224, 396, 193, 0)
False, False, 0.0221, (0, 238, 292, 227, 246, 477, 281, 477, 281, 477, 246, 227, 292, 238, 0)
False, False, 0.0035, (0, 104, 214, 360, 30, 486, 241, 486, 241, 486, 30, 360, 214, 289, 0)
False, False, 0.0789, (0, 335, 301, 474, 140, 474, 140, 474, 140, 474, 140, 474, 301, 335, 0)
False, False, 0.0164, (0, 361, 430, 89, 15, 375, 15, 375, 36, 465, 65, 423, 372, 417, 0)
False, False, 0.0682, (0, 361, 430, 89, 15, 375, 15, 375, 36, 465, 65, 423, 372, 494, 0)
False, False, 0.0097, (0, 51, 341, 210, 176, 32, 194, 148, 194, 32, 176, 210, 341, 51, 0)
False, False, 0.0408, (0, 68, 195, 56, 196, 56, 196, 56, 196, 56, 196, 56, 195, 68, 0)
False, False, 0.0333, (0, 100, 137, 153, 468, 70, 468, 70, 468, 70, 468, 153, 137, 100, 0)
False, False, 0.0259, (0, 154, 213, 421, 213, 421, 213, 421, 213, 421, 213, 421, 213, 154, 0)
False, False, 0.1758, (0, 171, 484, 47, 481, 409, 481, 409, 481, 409, 481, 47, 484, 171, 0)
False, False, 0.0684, (0, 177, 192, 422, 141, 20, 131, 20, 131, 20, 141, 422, 192, 177, 0)
False, False, 0.0396, (0, 105, 147, 198, 147, 198, 147, 198, 147, 198, 147, 198, 147, 198, 0)
False, False, 0.0041, (0, 200, 307, 428, 102, 75, 215, 75, 215, 75, 102, 428, 307, 200, 0)
False, False, 0.2105, (0, 301, 44, 105, 145, 315, 226, 251, 226, 315, 145, 105, 44, 301, 0)
False, False, 0.0248, (0, 307, 7, 405, 475, 405, 475, 405, 475, 405, 475, 405, 7, 307, 0)
False, False, 0.1483, (0, 324, 188, 279, 268, 162, 268, 162, 268, 162, 268, 279, 188, 324, 0)
False, False, 0.0956, (0, 338, 207, 322, 323, 322, 323, 322, 323, 322, 323, 322, 207, 338, 0)
False, False, 0.0742, (0, 171, 484, 47, 481, 409, 481, 409, 481, 409, 481, 409, 247, 345, 0)
False, False, 0.1111, (0, 349, 133, 298, 2, 298, 2, 298, 2, 298, 2, 298, 133, 349, 0)
False, False, 0.077, (0, 427, 469, 166, 210, 367, 176, 367, 176, 367, 210, 166, 469, 427, 0)
False, False, 0.1558, (0, 83, 76, 197, 339, 197, 339, 197, 339, 197, 339, 197, 76, 83, 0)
False, False, 0.1709, (0, 193, 376, 345, 171, 147, 198, 147, 198, 147, 198, 147, 198, 105, 0)
False, False, 0.1573, (0, 171, 484, 47, 266, 488, 266, 488, 266, 488, 266, 47, 484, 171, 0)
False, False, 0.0586, (0, 193, 376, 345, 484, 47, 484, 47, 484, 47, 484, 345, 376, 193, 0)
False, False, 0.0694, (0, 203, 373, 303, 180, 68, 27, 255, 27, 68, 180, 303, 373, 203, 0)
False, False, 0.1111, (0, 254, 53, 81, 385, 81, 385, 81, 385, 81, 385, 81, 53, 254, 0)
False, False, 0.0771, (0, 307, 428, 102, 75, 215, 75, 215, 75, 215, 75, 102, 428, 307, 0)
False, False, 0.0125, (0, 171, 484, 47, 266, 488, 266, 488, 266, 488, 266, 47, 484, 345, 0)
False, False, 0.1111, (0, 349, 133, 2, 298, 2, 298, 2, 298, 2, 298, 2, 133, 349, 0)
False, False, 0.0188, (0, 358, 186, 448, 187, 17, 403, 17, 403, 17, 187, 448, 186, 358, 0)
False, False, 0.013, (0, 410, 160, 269, 59, 269, 59, 269, 59, 269, 59, 269, 160, 410, 0)
False, False, 0.0259, (0, 417, 175, 285, 230, 178, 402, 8, 402, 178, 230, 285, 175, 417, 0)
False, False, 0.039, (0, 427, 469, 166, 176, 32, 194, 32, 194, 32, 176, 166, 469, 427, 0)
False, False, 0.0459, (0, 436, 115, 377, 223, 460, 222, 37, 222, 460, 223, 377, 115, 436, 0)
False, False, 0.0529, (0, 83, 437, 156, 427, 169, 412, 169, 412, 169, 427, 156, 437, 83, 0)
False, False, 0.0824, (0, 100, 137, 153, 300, 468, 70, 468, 70, 468, 300, 153, 137, 100, 0)
False, False, 0.25, (0, 169, 412, 495, 425, 257, 425, 257, 425, 257, 425, 495, 412, 169, 0)
False, False, 0.0586, (0, 169, 412, 495, 488, 266, 488, 266, 488, 266, 488, 266, 47, 171, 0)
False, False, 0.1206, (0, 193, 396, 224, 167, 88, 167, 88, 167, 88, 167, 224, 396, 193, 0)
False, False, 0.0526, (0, 288, 473, 301, 474, 140, 474, 140, 474, 140, 474, 301, 473, 288, 0)
False, False, 0.0035, (0, 289, 214, 360, 30, 486, 241, 486, 241, 486, 30, 360, 214, 289, 0)
False, False, 0.0165, (0, 345, 247, 426, 247, 426, 247, 426, 247, 426, 247, 426, 247, 345, 0)
False, False, 0.1748, (0, 354, 97, 68, 320, 195, 85, 23, 85, 195, 320, 68, 97, 354, 0)
False, False, 0.0373, (0, 376, 345, 247, 426, 247, 426, 247, 426, 247, 426, 247, 345, 376, 0)
False, False, 0.0866, (0, 427, 469, 296, 166, 296, 166, 296, 166, 296, 166, 296, 469, 427, 0)
False, False, 0.0229, (0, 436, 115, 377, 223, 460, 223, 460, 223, 460, 223, 377, 115, 436, 0)
False, False, 0.0893, (0, 169, 427, 469, 296, 166, 296, 166, 296, 166, 296, 469, 427, 437, 0)
False, False, 0.0022, (0, 427, 51, 341, 408, 119, 408, 119, 408, 119, 408, 119, 341, 51, 0)
False, False, 0.0526, (0, 105, 145, 315, 226, 251, 345, 251, 226, 315, 145, 105, 44, 301, 0)
False, False, 0.1048, (0, 349, 197, 339, 133, 467, 437, 467, 437, 467, 133, 339, 197, 349, 0)
False, False, 0.0523, (0, 354, 303, 180, 68, 27, 255, 27, 255, 27, 68, 180, 303, 354, 0)
False, False, 0.0247, (0, 427, 51, 341, 119, 408, 119, 408, 119, 408, 119, 341, 51, 427, 0)
False, False, 0.0774, (0, 440, 83, 282, 76, 282, 76, 282, 76, 282, 76, 282, 83, 440, 0)
False, False, 0.0263, (0, 44, 105, 145, 315, 226, 251, 345, 251, 226, 315, 145, 105, 44, 0)
False, False, 0.0576, (0, 427, 469, 166, 176, 32, 317, 39, 317, 32, 176, 210, 341, 51, 0)
False, False, 0.0393, (0, 97, 68, 320, 195, 85, 23, 221, 23, 221, 23, 195, 27, 180, 0)
False, False, 0.1645, (0, 254, 53, 437, 467, 164, 156, 164, 156, 164, 467, 437, 53, 254, 0)
False, False, 0.0112, (0, 254, 53, 437, 467, 164, 156, 164, 156, 164, 156, 467, 197, 349, 0)
False, False, 0.0376, (0, 97, 68, 195, 85, 23, 221, 23, 221, 23, 195, 68, 97, 354, 0)
False, False, 0.0246, (0, 68, 320, 196, 56, 196, 56, 196, 56, 196, 56, 196, 320, 97, 0)
False, False, 0.0216, (0, 317, 70, 468, 70, 468, 70, 468, 70, 468, 300, 153, 137, 100, 0)
False, False, 0.0087, (0, 198, 147, 198, 147, 198, 147, 198, 147, 198, 147, 198, 147, 198, 0)
False, False, 0.1008, (0, 349, 339, 133, 467, 156, 164, 156, 164, 156, 467, 437, 53, 254, 0)
False, False, 0.0159, (0, 412, 495, 257, 39, 317, 39, 317, 39, 317, 39, 257, 495, 412, 0)
False, False, 0.0287, (0, 169, 412, 495, 488, 266, 488, 266, 488, 266, 488, 495, 412, 169, 0)
False, False, 0.1143, (0, 354, 97, 320, 195, 85, 23, 221, 23, 221, 23, 195, 27, 180, 0)
False, False, 0.0087, (0, 193, 376, 345, 171, 147, 198, 147, 198, 147, 171, 345, 376, 193, 0)
False, False, 0.0113, (0, 349, 133, 358, 444, 451, 444, 451, 444, 451, 444, 358, 133, 349, 0)
False, False, 0.0063, (0, 180, 68, 195, 85, 221, 23, 221, 23, 221, 85, 195, 68, 180, 0)
False, False, 0.0865, (0, 97, 320, 196, 56, 196, 56, 196, 56, 196, 56, 196, 320, 97, 0)
False, False, 0.0199, (0, 180, 68, 195, 23, 221, 23, 221, 23, 221, 23, 195, 68, 180, 0)
all_elementary, False
all_cyc2, False
