Instance, X-n110-k13
capacity, 66
min_trucks, 13
output_file, output/X-n110-k13_1.log
Start date, 2022-06-16
Start time, 17-41-08
capacity, 66
num_vehicles, 13
methods, ['ng20']
max_vars, 1000000
time_limit, 86400
farley, False
initial time, initial max_it, max_stale_it
0.001, 2000000.0, 20
heuristic Number of routes, heuristic Best Solution Value, heuristic number of iterations, adjusted time, adjusted max_it
14620, 14971.0, 16593, 0.01, 200000.0
method, duration, pricing_success, upper_bound, lower_bound, abort_early, num_paths
ng20, 77.05, 1, 14759.91097498432, 11633.448894474324, False, 11969
ng20, 271.84, 1, 14759.6173213629, 13286.40836854838, False, 288
ng20, 432.77, 1, 14738.548148376853, 13767.578980493083, False, 100
ng20, 466.98, 1, 14736.176250987965, 14512.845785931739, False, 24
ng20, 453.78, 1, 14735.949926507894, 14674.442316157823, False, 4
ng20, 317.36, 1, 14735.949926507894, 14735.949926507894, False, 0
Solval, number of paths, impact cutoff
14735.949926507894, 10, 0.0001
Elementary, 2-Cycle, Path Value, Path
True, True, 0.0833, (0, 52, 50, 39, 28, 31, 17, 95, 54, 41, 0)
False, True, 0.212, (0, 49, 62, 100, 10, 86, 47, 40, 8, 49, 0)
True, True, 0.1654, (0, 48, 7, 37, 94, 81, 44, 70, 13, 0)
True, True, 0.0417, (0, 99, 64, 104, 60, 22, 83, 76, 55, 30, 0)
True, True, 0.3752, (0, 105, 20, 92, 97, 42, 106, 34, 67, 89, 0)
True, True, 0.0417, (0, 99, 36, 64, 104, 60, 61, 22, 76, 55, 0)
True, True, 0.0417, (0, 30, 55, 76, 83, 61, 60, 104, 64, 99, 0)
True, True, 0.0417, (0, 39, 28, 95, 59, 65, 36, 64, 99, 0)
True, True, 0.0417, (0, 39, 31, 27, 65, 36, 64, 43, 2, 0)
True, True, 0.0833, (0, 71, 2, 43, 64, 36, 65, 59, 95, 0)
all_elementary, False
all_cyc2, True
