Instance, X-n139-k10
capacity, 106
min_trucks, 10
output_file, output_uchoa/X-n139-k10-cyc2.log
Start date, 2022-06-20
Start time, 12-39-30
capacity, 106
num_vehicles, 10
abort_early, False
methods, ['cyc2']
max_vars, 1000000
time_limit, 86400
farley, False
initial time, initial max_it, max_stale_it
1e-05, 2000000000.0, 20
heuristic Number of routes, heuristic Best Solution Value, heuristic number of iterations, adjusted time, adjusted max_it
819883, 13590.0, 687231, 0.01, 2000000.0
method, python time, total time, propagated dominance time, unpropagated dominance time, pricing_success, upper_bound, lower_bound, abort_early, num_paths, 
cyc2, 4.8, 2.0, 0.0, 0.0, 1, 13353.2579, 10555.295, 0, 11967
cyc2, 1.9, 2.1, 0.0, 0.0, 1, 13224.6536, 11345.2819, 0, 4636
cyc2, 1.2, 2.1, 0.0, 0.0, 1, 13136.2016, 11661.4927, 0, 2761
cyc2, 0.2, 2.8, 0.0, 0.0, 1, 13104.8474, 12694.4064, 0, 452
cyc2, 0.2, 2.1, 0.0, 0.0, 1, 13075.9105, 12722.9457, 0, 348
cyc2, 0.2, 2.8, 0.0, 0.0, 1, 13065.101, 12644.5746, 0, 309
cyc2, 0.1, 2.1, 0.0, 0.0, 1, 13061.9241, 12719.3736, 0, 146
cyc2, 0.0, 2.1, 0.0, 0.0, 1, 13055.6866, 12886.874, 0, 103
cyc2, 0.1, 2.1, 0.0, 0.0, 1, 13054.163, 12861.1457, 0, 59
cyc2, 0.1, 2.1, 0.0, 0.0, 1, 13052.7858, 12937.5859, 0, 37
cyc2, 0.1, 2.1, 0.0, 0.0, 1, 13052.5328, 13014.4063, 0, 17
cyc2, 0.1, 2.1, 0.0, 0.0, 1, 13052.4618, 12997.2397, 0, 9
cyc2, 0.1, 2.1, 0.0, 0.0, 1, 13052.4553, 13032.4936, 0, 5
cyc2, 0.1, 2.1, 0.0, 0.0, 1, 13052.3615, 13047.831, 0, 2
cyc2, 0.0, 2.1, 0.0, 0.0, 1, 13052.3615, 13052.3615, 0, 0
scip_total_time, 87709.96343
Solval, number of paths, impact cutoff
13052.361458700198, 82, 0.0001
Elementary, 2-Cycle, Path Value, Path
True, True, 0.7647, (0, 20, 73, 120, 78, 80, 41, 92, 107, 132, 93, 130, 127, 64, 133, 75, 0)
True, True, 0.1251, (0, 100, 67, 134, 40, 37, 17, 47, 119, 128, 101, 11, 14, 102, 71, 0)
True, True, 0.0592, (0, 52, 87, 99, 2, 36, 125, 25, 112, 22, 137, 114, 24, 85, 118, 0)
True, True, 0.2149, (0, 111, 105, 82, 106, 77, 43, 46, 55, 18, 1, 21, 103, 28, 0)
True, True, 0.5234, (0, 122, 138, 21, 1, 18, 55, 46, 43, 77, 106, 82, 105, 111, 0)
True, True, 0.256, (0, 87, 99, 2, 36, 125, 25, 112, 22, 137, 114, 24, 85, 32, 16, 0)
True, True, 0.0202, (0, 16, 32, 9, 26, 108, 94, 69, 38, 131, 34, 115, 27, 123, 70, 88, 0)
True, True, 0.1901, (0, 109, 10, 74, 50, 123, 27, 115, 34, 131, 38, 4, 62, 124, 0)
True, True, 0.0751, (0, 7, 30, 84, 51, 39, 8, 15, 60, 59, 42, 67, 100, 71, 91, 0)
True, True, 0.052, (0, 16, 32, 9, 26, 38, 131, 34, 115, 27, 123, 50, 74, 10, 109, 0)
True, True, 0.2156, (0, 118, 85, 24, 114, 137, 112, 22, 108, 94, 69, 38, 131, 62, 124, 0)
True, True, 0.0244, (0, 91, 81, 86, 101, 11, 128, 119, 47, 17, 37, 40, 134, 102, 71, 0)
True, True, 0.3776, (0, 81, 86, 136, 83, 68, 116, 128, 119, 47, 17, 37, 40, 134, 67, 100, 0)
True, True, 0.2696, (0, 89, 104, 136, 83, 68, 116, 101, 11, 17, 37, 40, 134, 102, 71, 0)
True, True, 0.1175, (0, 73, 120, 35, 58, 80, 41, 92, 107, 132, 93, 130, 127, 64, 133, 75, 0)
True, True, 0.0748, (0, 3, 98, 0)
False, True, 0.0983, (0, 3, 98, 56, 3, 98, 0)
False, True, 0.0703, (0, 16, 32, 118, 126, 52, 95, 126, 52, 95, 126, 52, 95, 126, 52, 0)
False, True, 0.131, (0, 98, 56, 54, 121, 79, 54, 121, 79, 54, 121, 79, 56, 0)
False, True, 0.1631, (0, 98, 79, 121, 54, 79, 121, 54, 79, 121, 54, 56, 98, 0)
False, True, 0.0752, (0, 52, 95, 126, 52, 95, 126, 52, 95, 126, 52, 95, 126, 52, 95, 0)
False, True, 0.1344, (0, 16, 32, 118, 126, 95, 52, 126, 95, 52, 126, 95, 118, 32, 16, 0)
False, True, 0.084, (0, 56, 76, 122, 138, 103, 28, 63, 103, 28, 138, 122, 76, 56, 0)
False, True, 0.3333, (0, 88, 70, 62, 4, 23, 26, 9, 23, 26, 9, 23, 4, 124, 0)
False, True, 0.2476, (0, 89, 104, 86, 33, 135, 14, 33, 135, 14, 33, 135, 81, 91, 0)
False, True, 0.2617, (0, 76, 111, 105, 82, 106, 77, 43, 46, 55, 18, 1, 21, 76, 0)
False, True, 0.0588, (0, 79, 20, 110, 109, 45, 110, 109, 45, 110, 109, 45, 20, 79, 0)
False, True, 0.052, (0, 109, 10, 74, 50, 123, 27, 115, 34, 27, 123, 50, 10, 70, 88, 0)
False, True, 0.0001, (0, 88, 109, 45, 110, 109, 45, 110, 109, 45, 110, 109, 88, 124, 0)
False, True, 0.3085, (0, 3, 91, 89, 104, 63, 28, 103, 63, 28, 103, 138, 122, 76, 56, 0)
False, True, 0.2218, (0, 29, 72, 117, 12, 90, 113, 53, 129, 49, 53, 129, 49, 2, 99, 87, 0)
False, True, 0.0202, (0, 88, 70, 74, 50, 123, 27, 115, 34, 27, 123, 50, 74, 70, 88, 0)
False, True, 0.0929, (0, 16, 32, 114, 137, 22, 112, 25, 125, 36, 25, 125, 24, 85, 118, 0)
False, True, 0.067, (0, 100, 67, 42, 59, 60, 42, 59, 60, 42, 59, 60, 39, 51, 7, 0)
False, True, 0.2546, (0, 71, 100, 67, 42, 59, 60, 42, 59, 60, 39, 51, 84, 30, 7, 0)
False, True, 0.0135, (0, 30, 51, 39, 60, 59, 42, 60, 59, 42, 60, 59, 42, 67, 100, 0)
False, True, 0.1178, (0, 70, 62, 131, 38, 69, 94, 108, 69, 94, 108, 69, 94, 108, 26, 9, 0)
False, True, 0.0535, (0, 87, 99, 2, 49, 129, 53, 49, 129, 53, 49, 2, 99, 87, 29, 30, 0)
False, True, 0.1176, (0, 45, 110, 58, 35, 78, 92, 41, 80, 78, 35, 58, 110, 45, 0)
False, True, 0.1176, (0, 124, 88, 109, 45, 110, 109, 45, 110, 109, 45, 20, 121, 54, 0)
False, True, 0.0871, (0, 91, 81, 102, 100, 67, 42, 59, 60, 42, 59, 60, 39, 51, 84, 0)
False, True, 0.0201, (0, 3, 30, 7, 84, 30, 7, 84, 30, 7, 84, 30, 7, 84, 30, 7, 3, 98, 0)
False, True, 0.0555, (0, 87, 99, 2, 36, 125, 25, 36, 125, 25, 137, 114, 32, 16, 0)
True, True, 0.0264, (0, 10, 74, 50, 27, 115, 34, 131, 38, 69, 94, 108, 26, 9, 124, 0)
False, True, 0.2513, (0, 7, 30, 84, 51, 39, 15, 8, 39, 51, 84, 30, 7, 3, 98, 0)
False, True, 0.1176, (0, 45, 110, 35, 58, 31, 97, 13, 31, 97, 13, 58, 35, 110, 0)
False, True, 0.117, (0, 118, 85, 24, 36, 125, 25, 36, 125, 25, 112, 22, 26, 9, 124, 0)
False, True, 0.0049, (0, 16, 32, 118, 126, 52, 95, 126, 52, 95, 126, 52, 118, 32, 16, 0)
False, True, 0.1927, (0, 10, 74, 50, 123, 115, 34, 27, 115, 34, 27, 123, 50, 74, 10, 0)
False, True, 0.0402, (0, 118, 85, 24, 114, 25, 125, 36, 25, 125, 36, 24, 85, 118, 32, 0)
False, True, 0.1765, (0, 109, 10, 13, 97, 31, 13, 97, 31, 13, 97, 31, 58, 35, 0)
True, True, 0.0447, (0, 32, 114, 137, 112, 22, 108, 94, 69, 38, 131, 34, 115, 123, 74, 0)
False, True, 0.0239, (0, 63, 136, 83, 68, 116, 83, 68, 116, 101, 11, 17, 37, 40, 134, 102, 0)
False, True, 0.0903, (0, 8, 15, 65, 48, 61, 66, 19, 61, 48, 65, 15, 8, 0)
True, True, 0.033, (0, 32, 137, 112, 22, 108, 94, 69, 38, 131, 34, 115, 50, 74, 10, 0)
False, True, 0.1498, (0, 88, 70, 131, 38, 69, 94, 108, 69, 94, 108, 22, 112, 137, 114, 16, 0)
False, True, 0.1177, (0, 73, 120, 35, 58, 31, 97, 13, 31, 97, 13, 58, 35, 110, 45, 0)
False, True, 0.4025, (0, 29, 57, 44, 72, 117, 12, 66, 19, 61, 48, 65, 15, 8, 57, 0)
True, True, 0.0001, (0, 20, 120, 35, 58, 80, 41, 92, 107, 132, 93, 130, 127, 64, 133, 75, 0)
False, True, 0.0929, (0, 85, 24, 36, 129, 53, 49, 129, 53, 49, 129, 53, 49, 2, 99, 87, 0)
False, True, 0.0184, (0, 87, 117, 12, 90, 113, 96, 5, 6, 96, 5, 6, 113, 90, 12, 117, 87, 0)
False, True, 0.1433, (0, 88, 70, 74, 50, 123, 27, 115, 34, 131, 38, 4, 62, 70, 88, 0)
False, True, 0.0535, (0, 87, 99, 2, 129, 53, 96, 5, 6, 96, 5, 6, 113, 90, 12, 117, 0)
False, True, 0.0393, (0, 91, 89, 104, 86, 33, 135, 14, 33, 135, 102, 81, 89, 91, 3, 0)
True, True, 0.0072, (0, 32, 137, 112, 22, 108, 94, 69, 38, 131, 34, 115, 123, 74, 10, 0)
False, True, 0.0246, (0, 32, 118, 85, 24, 114, 137, 112, 22, 137, 114, 24, 85, 118, 32, 16, 0)
True, True, 0.1171, (0, 87, 99, 2, 49, 129, 53, 113, 90, 66, 19, 61, 48, 65, 44, 0)
False, True, 0.1256, (0, 63, 136, 83, 68, 116, 128, 119, 47, 11, 101, 116, 68, 83, 136, 63, 0)
False, True, 0.2854, (0, 44, 72, 90, 113, 96, 5, 6, 96, 5, 6, 96, 5, 6, 113, 90, 12, 117, 0)
False, True, 0.0368, (0, 29, 99, 2, 36, 125, 25, 36, 125, 25, 137, 114, 24, 85, 118, 0)
False, True, 0.0128, (0, 10, 74, 50, 123, 27, 115, 34, 27, 115, 34, 27, 50, 74, 10, 0)
False, True, 0.0903, (0, 29, 57, 8, 15, 65, 48, 19, 66, 61, 19, 66, 72, 44, 29, 0)
False, True, 0.1047, (0, 29, 44, 65, 48, 66, 19, 61, 66, 19, 61, 48, 65, 57, 0)
False, True, 0.0588, (0, 75, 133, 107, 132, 93, 107, 132, 93, 130, 127, 64, 130, 127, 64, 133, 75, 0)
False, True, 0.0893, (0, 3, 91, 89, 104, 86, 33, 135, 14, 33, 135, 14, 102, 71, 91, 0)
True, True, 0.0001, (0, 75, 133, 64, 127, 130, 93, 132, 107, 92, 41, 80, 58, 35, 73, 20, 0)
False, True, 0.1556, (0, 81, 102, 134, 40, 37, 17, 47, 119, 128, 101, 11, 14, 102, 71, 0)
False, True, 0.0063, (0, 71, 102, 14, 11, 101, 128, 119, 47, 11, 101, 86, 104, 89, 0)
False, True, 0.0539, (0, 86, 101, 11, 128, 119, 47, 11, 128, 119, 47, 11, 101, 86, 0)
False, True, 0.0239, (0, 63, 136, 101, 11, 47, 119, 128, 101, 11, 17, 37, 40, 134, 102, 0)
False, True, 0.0145, (0, 81, 86, 136, 83, 68, 116, 101, 128, 119, 47, 11, 101, 86, 81, 0)
False, True, 0.0393, (0, 81, 86, 136, 83, 68, 116, 101, 128, 119, 47, 11, 101, 86, 104, 0)
all_elementary, False
all_cyc2, True
