Instance, X-n139-k10
capacity, 106
min_trucks, 10
output_file, output_uchoa/X-n139-k10-ng8.log
Start date, 2022-06-21
Start time, 13-01-34
capacity, 106
num_vehicles, 10
abort_early, False
methods, ['ng8']
max_vars, 1000000
time_limit, 86400
farley, False
initial time, initial max_it, max_stale_it
1e-05, 2000000000.0, 20
heuristic Number of routes, heuristic Best Solution Value, heuristic number of iterations, adjusted time, adjusted max_it
617418, 13590.0, 433771, 0.1, 200000.0
method, python time, total time, propagated dominance time, unpropagated dominance time, pricing_success, upper_bound, lower_bound, abort_early, num_paths, 
ng8, 1.6, 5.9, 4.5, 0.5, 1, 13352.5185, 10426.6911, 0, 3700
ng8, 0.3, 9.3, 7.3, 0.8, 1, 13347.3479, 12607.3479, 0, 736
ng8, 0.2, 8.9, 7.0, 0.8, 1, 13317.0087, 12905.6933, 0, 216
ng8, 0.1, 9.2, 7.2, 0.8, 1, 13314.7162, 13128.7405, 0, 83
ng8, 0.1, 8.9, 7.0, 0.8, 1, 13311.4279, 13167.3465, 0, 50
ng8, 0.0, 9.3, 7.3, 0.8, 1, 13310.6605, 13244.1514, 0, 27
ng8, 0.1, 9.2, 7.2, 0.8, 1, 13309.5938, 13245.0121, 0, 13
ng8, 0.0, 9.3, 7.2, 0.8, 1, 13309.4952, 13293.4116, 0, 5
ng8, -0.0, 9.4, 7.3, 0.8, 1, 13309.4615, 13309.4615, 0, 0
scip_total_time, 57529.007701
Solval, number of paths, impact cutoff
13309.461463762018, 92, 0.0001
Elementary, 2-Cycle, Path Value, Path
True, True, 0.0535, (0, 109, 10, 13, 97, 31, 80, 41, 92, 78, 35, 58, 110, 45, 0)
True, True, 0.1101, (0, 79, 20, 45, 110, 35, 58, 13, 97, 31, 50, 74, 10, 109, 0)
True, True, 0.0835, (0, 3, 29, 44, 72, 12, 90, 113, 6, 5, 96, 53, 129, 49, 2, 99, 87, 0)
True, True, 0.2662, (0, 71, 100, 67, 42, 59, 60, 15, 8, 39, 51, 84, 30, 7, 3, 0)
True, True, 0.218, (0, 117, 12, 90, 113, 6, 5, 96, 53, 129, 49, 2, 99, 52, 126, 95, 0)
True, True, 0.1131, (0, 16, 32, 114, 137, 112, 22, 94, 69, 108, 26, 9, 23, 4, 124, 0)
True, True, 0.3479, (0, 124, 9, 26, 108, 94, 69, 38, 131, 34, 115, 27, 123, 50, 74, 0)
True, True, 0.038, (0, 79, 73, 120, 78, 80, 41, 92, 107, 132, 93, 130, 127, 64, 133, 75, 0)
True, True, 0.0846, (0, 123, 27, 115, 34, 131, 38, 69, 94, 108, 26, 9, 23, 4, 62, 0)
True, True, 0.4784, (0, 111, 105, 82, 106, 77, 43, 46, 55, 18, 1, 21, 138, 122, 0)
True, True, 0.1416, (0, 63, 28, 103, 21, 18, 1, 119, 47, 11, 17, 37, 40, 134, 102, 0)
True, True, 0.0535, (0, 120, 133, 64, 127, 130, 93, 132, 107, 92, 41, 80, 31, 97, 13, 109, 0)
True, True, 0.0455, (0, 75, 133, 64, 106, 77, 43, 46, 55, 18, 1, 21, 103, 28, 63, 0)
True, True, 0.3952, (0, 75, 133, 64, 127, 130, 93, 132, 107, 92, 41, 80, 78, 120, 73, 20, 0)
True, True, 0.2348, (0, 45, 110, 58, 35, 78, 92, 107, 132, 93, 130, 127, 64, 133, 75, 54, 0)
True, True, 0.049, (0, 120, 35, 58, 13, 97, 31, 34, 115, 27, 123, 50, 74, 10, 109, 0)
True, True, 0.0455, (0, 76, 111, 105, 82, 77, 43, 46, 55, 18, 1, 21, 138, 122, 0)
True, True, 0.0318, (0, 7, 84, 51, 39, 60, 59, 42, 67, 100, 102, 14, 135, 33, 81, 0)
True, True, 0.0114, (0, 16, 32, 114, 137, 112, 22, 94, 69, 108, 23, 4, 62, 70, 88, 0)
True, True, 0.0772, (0, 10, 74, 123, 27, 115, 34, 131, 38, 69, 94, 108, 26, 9, 124, 0)
True, True, 0.1241, (0, 7, 30, 84, 51, 39, 60, 59, 42, 67, 100, 71, 81, 89, 91, 0)
True, True, 0.5456, (0, 7, 30, 84, 51, 39, 8, 15, 60, 59, 42, 67, 100, 71, 91, 0)
True, True, 0.1321, (0, 88, 70, 10, 13, 97, 31, 80, 41, 78, 35, 58, 110, 45, 0)
True, True, 0.1384, (0, 70, 123, 27, 115, 34, 131, 38, 69, 94, 108, 26, 23, 4, 124, 0)
True, True, 0.0455, (0, 75, 64, 127, 130, 93, 132, 107, 92, 41, 80, 31, 97, 13, 109, 0)
True, True, 0.0535, (0, 76, 111, 105, 82, 106, 43, 46, 55, 18, 1, 21, 103, 28, 0)
True, True, 0.2274, (0, 124, 62, 131, 38, 69, 94, 108, 22, 112, 137, 114, 24, 85, 118, 0)
True, True, 0.2543, (0, 95, 126, 99, 2, 49, 53, 129, 36, 125, 25, 137, 114, 32, 16, 0)
True, True, 0.0241, (0, 124, 62, 74, 50, 123, 27, 115, 34, 31, 97, 13, 10, 109, 0)
True, True, 0.0473, (0, 109, 10, 74, 50, 123, 27, 115, 34, 131, 38, 23, 4, 62, 0)
True, True, 0.1508, (0, 118, 85, 24, 36, 125, 25, 112, 22, 26, 23, 4, 62, 70, 88, 0)
True, True, 0.0057, (0, 16, 32, 118, 95, 126, 52, 87, 57, 8, 39, 51, 84, 30, 7, 0)
True, True, 0.0188, (0, 30, 8, 15, 65, 48, 61, 19, 66, 72, 117, 87, 52, 126, 95, 0)
True, True, 0.064, (0, 71, 102, 134, 40, 37, 17, 11, 101, 116, 68, 83, 136, 104, 89, 0)
True, True, 0.0707, (0, 95, 52, 99, 2, 49, 129, 53, 96, 5, 6, 113, 90, 12, 72, 29, 0)
True, True, 0.0772, (0, 13, 97, 31, 50, 123, 27, 115, 34, 131, 38, 23, 4, 62, 0)
True, True, 0.1901, (0, 88, 70, 10, 74, 50, 31, 97, 13, 58, 35, 120, 73, 121, 79, 0)
True, True, 0.013, (0, 7, 30, 57, 44, 65, 48, 61, 19, 66, 72, 117, 87, 52, 126, 95, 0)
True, True, 0.008, (0, 109, 10, 13, 97, 31, 80, 41, 92, 107, 132, 93, 127, 64, 75, 0)
True, True, 0.1374, (0, 102, 134, 40, 37, 17, 11, 101, 128, 116, 68, 83, 136, 104, 89, 0)
True, True, 0.1045, (0, 95, 126, 52, 87, 117, 12, 66, 19, 61, 48, 65, 44, 57, 29, 0)
True, True, 0.3648, (0, 104, 86, 136, 83, 68, 116, 128, 119, 47, 17, 37, 40, 134, 102, 81, 0)
True, True, 0.0135, (0, 51, 39, 8, 65, 48, 66, 19, 61, 60, 59, 42, 67, 100, 0)
True, True, 0.009, (0, 95, 126, 52, 87, 117, 72, 66, 19, 48, 65, 15, 8, 57, 29, 0)
True, True, 0.0881, (0, 3, 16, 32, 118, 85, 24, 114, 137, 9, 26, 23, 4, 62, 70, 88, 0)
True, True, 0.0162, (0, 89, 104, 136, 83, 68, 116, 101, 11, 17, 37, 40, 134, 102, 81, 0)
True, True, 0.0057, (0, 95, 126, 52, 87, 117, 72, 66, 19, 48, 65, 60, 59, 42, 67, 0)
True, True, 0.0455, (0, 76, 111, 105, 82, 106, 77, 130, 127, 93, 132, 107, 133, 75, 121, 0)
True, True, 0.1128, (0, 63, 136, 83, 68, 116, 101, 128, 119, 47, 17, 37, 40, 134, 102, 81, 0)
True, True, 0.1603, (0, 29, 57, 15, 65, 48, 61, 19, 66, 72, 117, 87, 52, 126, 95, 0)
True, True, 0.013, (0, 81, 33, 135, 14, 102, 100, 67, 42, 59, 60, 39, 51, 84, 30, 0)
True, True, 0.1264, (0, 95, 126, 52, 87, 117, 72, 66, 19, 61, 48, 65, 8, 57, 29, 0)
True, True, 0.0268, (0, 16, 32, 118, 85, 24, 114, 137, 25, 125, 36, 2, 99, 87, 52, 0)
True, True, 0.013, (0, 86, 136, 83, 68, 116, 101, 11, 17, 37, 40, 134, 14, 135, 33, 0)
True, True, 0.1027, (0, 121, 73, 120, 78, 41, 80, 31, 97, 13, 58, 35, 110, 45, 0)
True, True, 0.0042, (0, 122, 138, 103, 136, 83, 68, 116, 101, 11, 17, 37, 40, 134, 102, 0)
True, True, 0.2703, (0, 63, 28, 103, 136, 83, 68, 116, 101, 11, 14, 135, 33, 86, 89, 0)
True, True, 0.0578, (0, 89, 86, 33, 135, 14, 101, 128, 119, 47, 17, 37, 40, 134, 102, 0)
True, True, 0.1192, (0, 87, 99, 2, 49, 129, 53, 96, 5, 6, 61, 19, 66, 72, 44, 57, 0)
True, True, 0.1687, (0, 98, 3, 0)
True, True, 0.0463, (0, 76, 111, 105, 82, 106, 77, 43, 46, 55, 18, 1, 103, 28, 0)
False, True, 0.3302, (0, 98, 3, 91, 89, 104, 63, 28, 103, 138, 122, 76, 56, 98, 0)
False, True, 0.1416, (0, 76, 122, 138, 21, 55, 46, 43, 77, 106, 82, 105, 111, 76, 0)
False, True, 0.274, (0, 56, 54, 79, 121, 73, 110, 109, 45, 20, 121, 79, 54, 56, 0)
False, True, 0.294, (0, 81, 33, 135, 14, 101, 128, 119, 47, 11, 14, 135, 33, 86, 0)
True, True, 0.2892, (0, 118, 85, 24, 36, 125, 25, 112, 22, 9, 23, 4, 62, 70, 88, 0)
False, True, 0.1986, (0, 16, 32, 114, 137, 22, 112, 25, 125, 36, 24, 85, 118, 32, 16, 0)
False, True, 0.0135, (0, 98, 3, 7, 30, 84, 29, 87, 52, 126, 95, 118, 32, 16, 98, 0)
True, True, 0.1278, (0, 75, 133, 64, 127, 130, 93, 132, 107, 92, 41, 80, 58, 35, 120, 20, 0)
False, True, 0.0209, (0, 3, 56, 54, 79, 121, 110, 109, 45, 20, 121, 79, 54, 56, 0)
False, True, 0.0939, (0, 76, 111, 105, 82, 106, 77, 43, 46, 55, 18, 1, 21, 76, 0)
False, True, 0.013, (0, 81, 33, 135, 14, 134, 40, 37, 17, 11, 101, 33, 135, 81, 0)
True, True, 0.0873, (0, 104, 63, 28, 103, 1, 18, 55, 46, 43, 77, 106, 82, 105, 111, 0)
False, True, 0.0096, (0, 16, 32, 85, 24, 114, 137, 22, 112, 25, 125, 36, 24, 85, 32, 16, 0)
False, True, 0.0719, (0, 98, 56, 54, 79, 121, 20, 45, 110, 109, 88, 124, 98, 0)
True, True, 0.0707, (0, 16, 32, 114, 137, 25, 125, 36, 129, 53, 49, 2, 99, 52, 126, 0)
False, True, 0.1192, (0, 57, 44, 72, 117, 12, 90, 113, 66, 19, 61, 48, 65, 44, 57, 29, 0)
False, True, 0.0628, (0, 57, 44, 72, 12, 90, 113, 96, 5, 6, 61, 19, 66, 48, 65, 44, 0)
True, True, 0.0042, (0, 81, 102, 134, 40, 37, 17, 11, 101, 128, 116, 68, 83, 136, 28, 63, 0)
True, True, 0.013, (0, 28, 103, 136, 83, 68, 116, 101, 11, 17, 37, 40, 134, 14, 81, 0)
False, True, 0.0665, (0, 109, 10, 13, 97, 31, 34, 115, 27, 123, 50, 74, 10, 88, 0)
False, True, 0.0878, (0, 109, 10, 13, 97, 31, 34, 115, 27, 123, 50, 74, 10, 109, 0)
False, True, 0.0437, (0, 54, 75, 133, 64, 127, 130, 93, 132, 107, 92, 41, 80, 78, 120, 54, 0)
False, True, 0.1045, (0, 44, 65, 48, 61, 6, 5, 96, 113, 90, 66, 19, 48, 65, 57, 0)
False, True, 0.1431, (0, 29, 72, 12, 90, 113, 96, 5, 6, 61, 19, 66, 48, 65, 44, 29, 0)
False, True, 0.0147, (0, 57, 44, 72, 117, 12, 90, 113, 96, 5, 6, 61, 48, 65, 8, 57, 0)
False, True, 0.1568, (0, 52, 87, 117, 12, 90, 113, 6, 5, 96, 53, 129, 49, 2, 99, 87, 0)
True, True, 0.008, (0, 56, 76, 111, 105, 82, 106, 77, 130, 93, 132, 107, 133, 75, 54, 0)
False, True, 0.0268, (0, 29, 44, 72, 117, 12, 90, 113, 6, 5, 96, 53, 129, 49, 117, 72, 44, 57, 0)
False, True, 0.0057, (0, 3, 100, 134, 40, 37, 17, 11, 128, 119, 47, 17, 37, 40, 134, 102, 0)
False, True, 0.0232, (0, 102, 134, 40, 37, 17, 47, 119, 128, 11, 17, 37, 40, 134, 102, 3, 0)
True, True, 0.008, (0, 54, 75, 133, 64, 127, 130, 77, 43, 46, 55, 18, 1, 103, 28, 63, 0)
all_elementary, False
all_cyc2, True
