Instance, X-n195-k51
capacity, 181
min_trucks, 53
output_file, output_uchoa/X-n195-k51-ng20.log
Start date, 2022-06-22
Start time, 05-23-19
capacity, 181
num_vehicles, 53
abort_early, False
methods, ['ng20']
max_vars, 1000000
time_limit, 86400
farley, False
initial time, initial max_it, max_stale_it
1e-05, 2000000000.0, 20
heuristic Number of routes, heuristic Best Solution Value, heuristic number of iterations, adjusted time, adjusted max_it
22618, 44237.0, 8159, 1.0, 20000.0
method, python time, total time, propagated dominance time, unpropagated dominance time, pricing_success, upper_bound, lower_bound, abort_early, num_paths, 
ng20, -0.0, 28.0, 16.1, 9.6, 1, 43839.9653, 42405.1508, 0, 14
ng20, 0.0, 27.2, 15.7, 9.4, 1, 43837.0518, 43784.1105, 0, 1
ng20, 0.0, 27.1, 15.6, 9.4, 1, 43837.0518, 43837.0518, 0, 0
scip_total_time, 1420.378524
Solval, number of paths, impact cutoff
43837.05181610249, 143, 0.0001
Elementary, 2-Cycle, Path Value, Path
True, True, 0.5414, (0, 55, 38, 18, 23, 47, 0)
True, True, 0.0828, (0, 14, 26, 72, 9, 57, 0)
True, True, 1.0, (0, 29, 58, 86, 0)
True, True, 0.2836, (0, 42, 164, 115, 91, 108, 180, 0)
True, True, 1.0, (0, 52, 64, 0)
True, True, 0.0303, (0, 118, 13, 48, 0)
True, True, 1.0, (0, 143, 168, 33, 0)
True, True, 0.1722, (0, 74, 53, 61, 88, 0)
True, True, 0.7158, (0, 135, 10, 0)
True, True, 1.0, (0, 147, 163, 191, 0)
True, True, 0.2727, (0, 136, 105, 187, 186, 100, 0)
True, True, 0.1364, (0, 144, 157, 166, 0)
True, True, 0.7576, (0, 178, 77, 49, 0)
True, True, 0.4848, (0, 149, 123, 37, 87, 2, 0)
True, True, 1.0, (0, 177, 28, 95, 0)
True, True, 0.3788, (0, 80, 68, 0)
True, True, 0.1705, (0, 69, 171, 109, 111, 102, 0)
True, True, 1.0, (0, 60, 79, 0)
True, True, 1.0, (0, 116, 162, 62, 0)
True, True, 1.0, (0, 73, 41, 0)
True, True, 1.0, (0, 132, 63, 0)
True, True, 1.0, (0, 165, 148, 125, 0)
True, True, 0.5, (0, 179, 154, 139, 32, 0)
True, True, 0.5, (0, 145, 56, 59, 0)
True, True, 0.5, (0, 192, 82, 172, 190, 0)
True, True, 0.3333, (0, 173, 151, 70, 169, 0)
True, True, 0.3333, (0, 181, 194, 81, 7, 0)
True, True, 0.1672, (0, 14, 26, 18, 23, 0)
True, True, 1.0, (0, 36, 44, 54, 0)
True, True, 0.293, (0, 42, 164, 180, 160, 0)
True, True, 0.8485, (0, 99, 119, 176, 0)
True, True, 0.3531, (0, 140, 153, 27, 0)
True, True, 0.1995, (0, 25, 51, 65, 0)
True, True, 1.0, (0, 16, 146, 0)
True, True, 0.5, (0, 151, 112, 192, 45, 0)
True, True, 0.3333, (0, 50, 3, 0)
True, True, 0.4371, (0, 35, 78, 57, 9, 72, 26, 0)
True, True, 0.129, (0, 106, 117, 189, 0)
True, True, 0.6364, (0, 13, 118, 104, 0)
True, True, 0.1515, (0, 130, 99, 150, 183, 0)
True, True, 0.4513, (0, 106, 160, 17, 0)
True, True, 0.4093, (0, 90, 120, 24, 71, 0)
True, True, 0.6738, (0, 113, 156, 0)
True, True, 1.0, (0, 6, 22, 0)
True, True, 0.6469, (0, 30, 65, 51, 153, 121, 0)
True, True, 0.5, (0, 173, 137, 154, 179, 0)
True, True, 0.6667, (0, 50, 169, 0)
True, True, 0.1943, (0, 152, 24, 20, 0)
True, True, 0.3333, (0, 13, 118, 31, 0)
True, True, 0.0114, (0, 8, 135, 53, 61, 0)
True, True, 0.697, (0, 159, 183, 150, 130, 0)
True, True, 0.7121, (0, 157, 166, 0)
True, True, 0.5152, (0, 69, 2, 87, 0)
True, True, 0.6212, (0, 1, 68, 144, 0)
True, True, 0.3637, (0, 12, 117, 189, 35, 0)
True, True, 0.1321, (0, 66, 120, 20, 0)
True, True, 0.3636, (0, 134, 103, 186, 105, 136, 123, 149, 0)
True, True, 0.0653, (0, 140, 94, 133, 102, 111, 109, 0)
True, True, 0.1403, (0, 27, 121, 25, 0)
True, True, 0.5, (0, 137, 139, 126, 0)
True, True, 0.5, (0, 129, 185, 84, 56, 145, 184, 0)
True, True, 0.5, (0, 182, 19, 40, 15, 76, 45, 0)
True, True, 0.303, (0, 159, 31, 3, 0)
True, True, 0.2612, (0, 94, 102, 111, 109, 171, 128, 0)
True, True, 0.1457, (0, 93, 75, 55, 18, 23, 14, 0)
True, True, 0.3636, (0, 3, 104, 31, 0)
True, True, 0.5208, (0, 85, 53, 61, 74, 0)
True, True, 1.0, (0, 21, 89, 170, 92, 0)
True, True, 0.0583, (0, 189, 131, 108, 180, 0)
True, True, 0.3264, (0, 17, 39, 152, 0)
True, True, 0.4586, (0, 5, 43, 38, 0)
True, True, 0.3129, (0, 78, 57, 9, 72, 26, 55, 75, 93, 0)
True, True, 0.5163, (0, 127, 94, 141, 140, 0)
True, True, 0.0622, (0, 90, 120, 155, 161, 131, 98, 0)
True, True, 0.25, (0, 76, 15, 40, 19, 182, 0)
True, True, 0.5414, (0, 155, 20, 39, 66, 0)
True, True, 0.2727, (0, 174, 142, 135, 0)
True, True, 0.1818, (0, 37, 187, 186, 142, 158, 174, 0)
True, True, 0.3071, (0, 25, 141, 0)
True, True, 1.0, (0, 138, 83, 96, 193, 34, 0)
True, True, 0.25, (0, 93, 75, 43, 5, 182, 0)
True, True, 0.1842, (0, 53, 10, 8, 0)
True, True, 0.1321, (0, 90, 20, 39, 12, 0)
True, True, 0.1536, (0, 27, 121, 51, 65, 0)
True, True, 0.3061, (0, 108, 131, 189, 117, 0)
True, True, 0.4545, (0, 103, 142, 100, 158, 174, 0)
True, True, 0.327, (0, 88, 114, 8, 110, 0)
True, True, 0.1515, (0, 49, 77, 37, 123, 4, 0)
True, True, 0.4167, (0, 70, 7, 81, 194, 181, 0)
True, True, 0.3531, (0, 25, 27, 30, 0)
True, True, 0.4244, (0, 128, 102, 133, 175, 97, 127, 0)
True, True, 0.1667, (0, 32, 129, 172, 82, 190, 0)
True, True, 0.25, (0, 184, 194, 81, 181, 70, 0)
True, True, 0.2424, (0, 4, 178, 80, 144, 0)
True, True, 0.0909, (0, 134, 187, 186, 103, 100, 158, 174, 0)
True, True, 0.1667, (0, 82, 172, 101, 126, 0)
True, True, 0.1457, (0, 47, 14, 23, 18, 75, 93, 0)
True, True, 0.1667, (0, 172, 101, 173, 0)
True, True, 0.0786, (0, 94, 97, 175, 133, 102, 111, 171, 69, 0)
True, True, 0.1747, (0, 156, 110, 122, 46, 0)
True, True, 0.2558, (0, 12, 106, 160, 115, 0)
True, True, 0.1515, (0, 183, 150, 176, 0)
True, True, 0.1625, (0, 98, 161, 155, 120, 24, 90, 66, 0)
True, True, 0.4792, (0, 46, 71, 85, 152, 0)
True, True, 0.0909, (0, 49, 77, 37, 4, 0)
True, True, 0.1515, (0, 130, 166, 157, 0)
True, True, 0.1523, (0, 48, 122, 113, 110, 0)
True, True, 0.5, (0, 124, 84, 59, 185, 0)
True, True, 0.1818, (0, 8, 158, 100, 134, 0)
True, True, 0.1515, (0, 4, 149, 156, 119, 0)
True, True, 0.1426, (0, 110, 122, 114, 46, 48, 0)
True, True, 0.1667, (0, 151, 112, 124, 82, 0)
True, True, 0.3636, (0, 134, 105, 187, 136, 4, 0)
True, True, 0.3333, (0, 190, 101, 126, 32, 0)
True, True, 0.5009, (0, 48, 188, 88, 114, 122, 0)
True, True, 0.1639, (0, 17, 164, 180, 106, 12, 0)
True, True, 0.1457, (0, 5, 43, 75, 14, 0)
True, True, 0.0583, (0, 17, 164, 98, 189, 0)
True, True, 0.0828, (0, 78, 107, 11, 167, 161, 91, 108, 98, 0)
True, True, 0.0296, (0, 188, 46, 114, 122, 110, 0)
True, True, 0.0133, (0, 128, 109, 133, 175, 97, 94, 0)
True, True, 0.1115, (0, 71, 74, 53, 0)
True, True, 0.1765, (0, 133, 175, 111, 109, 171, 0)
True, True, 0.1457, (0, 14, 47, 93, 43, 5, 0)
True, True, 0.0844, (0, 11, 107, 167, 189, 12, 0)
True, True, 0.1739, (0, 113, 110, 46, 188, 48, 0)
True, True, 0.3741, (0, 91, 131, 167, 11, 107, 67, 0)
True, True, 0.2595, (0, 42, 115, 91, 161, 167, 107, 11, 67, 0)
True, True, 0.1, (0, 188, 61, 10, 8, 0)
True, True, 0.0653, (0, 140, 94, 133, 109, 171, 128, 0)
True, True, 0.1765, (0, 69, 141, 128, 133, 97, 0)
True, True, 0.2479, (0, 171, 109, 111, 175, 97, 0)
True, True, 0.1956, (0, 188, 74, 61, 8, 0)
True, True, 0.3333, (0, 129, 101, 124, 112, 0)
True, True, 0.2011, (0, 164, 115, 180, 98, 117, 0)
True, True, 0.25, (0, 184, 76, 15, 40, 19, 7, 0)
True, True, 0.0699, (0, 90, 24, 120, 155, 161, 108, 98, 0)
True, True, 0.1992, (0, 98, 108, 131, 161, 167, 107, 11, 67, 35, 0)
True, True, 0.0592, (0, 69, 128, 175, 97, 127, 121, 0)
True, True, 0.0909, (0, 37, 187, 186, 103, 142, 158, 0)
True, True, 0.3788, (0, 80, 1, 0)
True, True, 0.1639, (0, 66, 90, 24, 120, 155, 161, 98, 42, 0)
True, True, 0.1672, (0, 67, 78, 57, 9, 72, 14, 47, 0)
all_elementary, True
all_cyc2, True
