Instance, X-n195-k51
capacity, 181
min_trucks, 53
output_file, output_uchoa/X-n195-k51-ng8.log
Start date, 2022-06-22
Start time, 04-47-42
capacity, 181
num_vehicles, 53
abort_early, False
methods, ['ng8']
max_vars, 1000000
time_limit, 86400
farley, False
initial time, initial max_it, max_stale_it
1e-05, 2000000000.0, 20
heuristic Number of routes, heuristic Best Solution Value, heuristic number of iterations, adjusted time, adjusted max_it
22965, 44237.0, 8945, 1.0, 20000.0
method, python time, total time, propagated dominance time, unpropagated dominance time, pricing_success, upper_bound, lower_bound, abort_early, num_paths, 
ng8, -0.0, 1.1, 0.5, 0.2, 1, 43839.9653, 41354.6904, 0, 43
ng8, 0.0, 1.2, 0.5, 0.2, 1, 43827.2647, 43080.8481, 0, 13
ng8, 0.0, 1.2, 0.6, 0.2, 1, 43824.6508, 43824.6508, 0, 0
scip_total_time, 2137.197163
Solval, number of paths, impact cutoff
43824.65078652996, 147, 0.0001
Elementary, 2-Cycle, Path Value, Path
True, True, 0.6483, (0, 55, 38, 18, 23, 47, 0)
True, True, 0.4412, (0, 3, 50, 0)
True, True, 1.0, (0, 92, 170, 89, 21, 0)
True, True, 1.0, (0, 29, 58, 86, 0)
True, True, 0.0128, (0, 42, 164, 115, 91, 108, 180, 0)
True, True, 1.0, (0, 52, 64, 0)
True, True, 0.0587, (0, 74, 53, 61, 88, 0)
True, True, 0.641, (0, 135, 10, 0)
True, True, 1.0, (0, 147, 163, 191, 0)
True, True, 0.0588, (0, 183, 150, 99, 130, 0)
True, True, 0.5771, (0, 178, 77, 49, 0)
True, True, 0.2703, (0, 149, 123, 37, 87, 2, 0)
True, True, 1.0, (0, 177, 28, 95, 0)
True, True, 0.5, (0, 80, 68, 0)
True, True, 0.3243, (0, 140, 141, 94, 127, 0)
True, True, 1.0, (0, 60, 79, 0)
True, True, 1.0, (0, 116, 162, 62, 0)
True, True, 1.0, (0, 73, 41, 0)
True, True, 1.0, (0, 132, 63, 0)
True, True, 0.5, (0, 179, 154, 139, 32, 0)
True, True, 0.5882, (0, 192, 82, 172, 190, 0)
True, True, 0.4412, (0, 173, 151, 70, 169, 0)
True, True, 0.75, (0, 181, 194, 81, 7, 0)
True, True, 1.0, (0, 36, 44, 54, 0)
True, True, 0.6612, (0, 156, 113, 0)
True, True, 0.9412, (0, 99, 119, 176, 0)
True, True, 0.2432, (0, 140, 153, 27, 0)
True, True, 0.0068, (0, 25, 51, 65, 0)
True, True, 1.0, (0, 16, 146, 0)
True, True, 0.1912, (0, 151, 112, 192, 45, 0)
True, True, 0.8049, (0, 35, 78, 57, 9, 72, 26, 0)
True, True, 0.0081, (0, 106, 117, 189, 0)
True, True, 0.5588, (0, 13, 118, 104, 0)
True, True, 0.2973, (0, 135, 142, 174, 0)
True, True, 0.5, (0, 59, 56, 145, 0)
True, True, 0.407, (0, 106, 160, 17, 0)
True, True, 0.3509, (0, 90, 120, 24, 71, 0)
True, True, 1.0, (0, 33, 168, 143, 0)
True, True, 1.0, (0, 6, 22, 0)
True, True, 0.2206, (0, 45, 192, 112, 151, 70, 0)
True, True, 0.8824, (0, 130, 150, 183, 159, 0)
True, True, 1.0, (0, 125, 148, 165, 0)
True, True, 0.5, (0, 173, 137, 154, 179, 0)
True, True, 0.5588, (0, 50, 169, 0)
True, True, 0.0128, (0, 23, 18, 26, 14, 0)
True, True, 0.1726, (0, 152, 24, 20, 0)
True, True, 0.4412, (0, 13, 118, 31, 0)
True, True, 0.0617, (0, 8, 135, 53, 61, 0)
True, True, 0.4412, (0, 157, 166, 0)
True, True, 0.7297, (0, 69, 2, 87, 0)
True, True, 0.6216, (0, 121, 153, 51, 65, 30, 0)
True, True, 0.1392, (0, 66, 120, 20, 0)
True, True, 0.3784, (0, 134, 103, 186, 105, 136, 123, 149, 0)
True, True, 0.0676, (0, 140, 94, 133, 102, 111, 109, 0)
True, True, 0.5, (0, 137, 139, 126, 0)
True, True, 0.1176, (0, 159, 31, 3, 0)
True, True, 0.0256, (0, 24, 120, 155, 17, 0)
True, True, 0.473, (0, 94, 102, 111, 109, 171, 128, 0)
True, True, 0.25, (0, 70, 181, 81, 194, 184, 0)
True, True, 0.2331, (0, 38, 43, 5, 0)
True, True, 0.1695, (0, 93, 75, 55, 18, 23, 14, 0)
True, True, 0.4412, (0, 3, 104, 31, 0)
True, True, 0.4637, (0, 67, 11, 107, 167, 131, 91, 0)
True, True, 0.5177, (0, 85, 53, 61, 74, 0)
True, True, 0.0068, (0, 25, 121, 27, 0)
True, True, 0.3514, (0, 100, 186, 187, 105, 136, 0)
True, True, 0.5, (0, 144, 68, 1, 0)
True, True, 0.0406, (0, 189, 131, 108, 180, 0)
True, True, 0.1952, (0, 8, 10, 53, 0)
True, True, 0.3118, (0, 17, 39, 152, 0)
True, True, 0.5, (0, 166, 157, 144, 0)
True, True, 0.5, (0, 185, 59, 84, 124, 0)
True, True, 0.1823, (0, 78, 57, 9, 72, 26, 55, 75, 93, 0)
True, True, 0.0587, (0, 46, 74, 114, 0)
True, True, 0.5882, (0, 45, 76, 15, 40, 19, 182, 0)
True, True, 0.4645, (0, 66, 39, 20, 155, 0)
True, True, 0.25, (0, 182, 5, 43, 75, 93, 0)
True, True, 0.1618, (0, 76, 15, 40, 19, 182, 0)
True, True, 0.3388, (0, 110, 113, 122, 48, 0)
True, True, 0.0588, (0, 176, 150, 183, 0)
True, True, 0.0588, (0, 190, 82, 172, 129, 32, 0)
True, True, 0.6081, (0, 25, 141, 0)
True, True, 1.0, (0, 138, 83, 96, 193, 34, 0)
True, True, 0.4304, (0, 160, 180, 164, 42, 0)
True, True, 0.3716, (0, 27, 121, 51, 65, 0)
True, True, 0.4957, (0, 108, 131, 189, 117, 0)
True, True, 0.3812, (0, 88, 114, 8, 110, 0)
True, True, 0.2512, (0, 4, 37, 77, 49, 0)
True, True, 0.1951, (0, 35, 189, 117, 12, 0)
True, True, 0.0256, (0, 39, 20, 155, 161, 0)
True, True, 0.3784, (0, 25, 27, 30, 0)
True, True, 0.3812, (0, 122, 114, 88, 188, 48, 0)
True, True, 0.3919, (0, 128, 102, 133, 175, 97, 127, 0)
True, True, 0.1351, (0, 134, 187, 186, 103, 100, 158, 174, 0)
True, True, 0.2941, (0, 82, 172, 101, 126, 0)
True, True, 0.0882, (0, 190, 112, 151, 70, 0)
True, True, 0.28, (0, 156, 110, 122, 46, 0)
True, True, 0.1626, (0, 12, 106, 160, 115, 0)
True, True, 0.3012, (0, 117, 98, 180, 115, 164, 0)
True, True, 0.2432, (0, 174, 158, 100, 142, 103, 123, 149, 0)
True, True, 0.0588, (0, 103, 100, 142, 158, 174, 0)
True, True, 0.0588, (0, 119, 156, 149, 4, 0)
True, True, 0.4823, (0, 152, 85, 71, 46, 0)
True, True, 0.0588, (0, 130, 166, 157, 0)
True, True, 0.5, (0, 184, 145, 56, 84, 185, 129, 0)
True, True, 0.2059, (0, 190, 101, 126, 32, 0)
True, True, 0.1081, (0, 174, 158, 142, 187, 105, 0)
True, True, 0.0334, (0, 42, 155, 120, 152, 0)
True, True, 0.2151, (0, 12, 106, 180, 164, 17, 0)
True, True, 0.1081, (0, 123, 136, 187, 142, 158, 174, 0)
True, True, 0.1668, (0, 71, 74, 53, 0)
True, True, 0.0541, (0, 133, 175, 111, 109, 171, 0)
True, True, 0.0128, (0, 11, 107, 167, 189, 12, 0)
True, True, 0.4412, (0, 112, 124, 101, 129, 0)
True, True, 0.0493, (0, 149, 103, 100, 142, 158, 174, 0)
True, True, 0.1622, (0, 4, 136, 187, 105, 134, 0)
True, True, 0.25, (0, 7, 19, 40, 15, 76, 184, 0)
True, True, 0.1638, (0, 188, 61, 10, 8, 0)
True, True, 0.0676, (0, 140, 94, 133, 109, 171, 128, 0)
True, True, 0.5235, (0, 42, 115, 91, 161, 167, 11, 107, 67, 0)
True, True, 0.0593, (0, 93, 38, 18, 14, 0)
True, True, 0.0676, (0, 69, 141, 128, 133, 97, 0)
True, True, 0.1102, (0, 93, 75, 18, 23, 14, 47, 0)
True, True, 0.0588, (0, 82, 124, 112, 151, 0)
True, True, 0.0406, (0, 189, 98, 164, 17, 0)
True, True, 0.451, (0, 98, 108, 161, 155, 120, 24, 90, 0)
True, True, 0.1982, (0, 8, 61, 74, 188, 0)
True, True, 0.2881, (0, 14, 75, 43, 5, 0)
True, True, 0.3378, (0, 97, 175, 111, 109, 171, 0)
True, True, 0.1351, (0, 69, 133, 97, 127, 153, 0)
True, True, 0.1351, (0, 37, 187, 186, 103, 142, 158, 0)
True, True, 0.5, (0, 80, 1, 0)
True, True, 0.2288, (0, 5, 43, 93, 47, 14, 0)
True, True, 0.0676, (0, 69, 171, 111, 102, 133, 175, 97, 94, 0)
True, True, 0.0128, (0, 67, 78, 57, 9, 72, 14, 47, 0)
False, False, 0.0588, (0, 173, 32, 101, 32, 0)
False, True, 0.1981, (0, 66, 90, 20, 39, 66, 0)
False, True, 0.1622, (0, 134, 158, 100, 134, 0)
False, True, 0.0779, (0, 188, 114, 88, 46, 188, 48, 0)
False, True, 0.101, (0, 48, 188, 46, 88, 114, 48, 0)
False, True, 0.1717, (0, 4, 178, 49, 37, 4, 0)
False, True, 0.0593, (0, 14, 38, 23, 14, 0)
False, True, 0.0588, (0, 32, 190, 172, 32, 0)
False, True, 0.1486, (0, 140, 133, 175, 127, 140, 0)
False, True, 0.0795, (0, 178, 77, 37, 178, 0)
False, True, 0.0922, (0, 4, 178, 77, 37, 4, 0)
False, True, 0.2073, (0, 12, 106, 189, 98, 12, 0)
all_elementary, False
all_cyc2, False
