Instance, X-n167-k10
capacity, 133
min_trucks, 10
output_file, output_uchoa/X-n167-k10-SPPRC.log
Start date, 2022-06-22
Start time, 21-36-18
capacity, 133
num_vehicles, 10
abort_early, False
methods, ['SPPRC']
max_vars, 1000000
time_limit, 86400
farley, False
initial time, initial max_it, max_stale_it
1e-05, 2000000000.0, 20
heuristic Number of routes, heuristic Best Solution Value, heuristic number of iterations, adjusted time, adjusted max_it
228250, 20583.0, 38224, 1.0, 20000.0
method, python time, total time, propagated dominance time, unpropagated dominance time, pricing_success, upper_bound, lower_bound, abort_early, num_paths, 
SPPRC, 1.7, 0.4, 0.3, 0.0, 1, 20315.1727, -18836.8743, 0, 3716
SPPRC, 2.5, 1.2, 0.9, 0.1, 1, 20314.2802, -266.475, 0, 6301
SPPRC, 2.2, 1.0, 0.7, 0.1, 1, 20280.3996, -2190.9369, 0, 5186
SPPRC, 2.0, 1.1, 0.8, 0.1, 1, 20280.3996, 5352.1535, 0, 4738
SPPRC, 1.7, 1.2, 0.9, 0.1, 1, 20278.5988, 7455.6862, 0, 4610
SPPRC, 2.3, 1.4, 1.1, 0.1, 1, 20176.2273, 9008.0017, 0, 5227
SPPRC, 2.2, 1.3, 1.0, 0.1, 1, 20163.1513, 6498.7179, 0, 5218
SPPRC, 1.7, 1.3, 0.9, 0.1, 1, 20156.6735, 13019.299, 0, 3856
SPPRC, 2.0, 1.5, 1.1, 0.1, 1, 20060.7773, 13982.8836, 0, 3967
SPPRC, 1.9, 1.4, 1.0, 0.1, 1, 20005.2921, 11362.6548, 0, 4085
SPPRC, 1.1, 1.4, 1.0, 0.1, 1, 19988.6166, 16217.4594, 0, 2526
SPPRC, 1.1, 1.4, 1.0, 0.1, 1, 19828.7792, 16255.2397, 0, 2364
SPPRC, 1.0, 1.3, 0.9, 0.1, 1, 19771.2081, 16216.4176, 0, 2161
SPPRC, 1.3, 1.4, 1.0, 0.1, 1, 19668.208, 15842.3376, 0, 2637
SPPRC, 0.7, 1.3, 1.0, 0.1, 1, 19656.4821, 17149.5515, 0, 1430
SPPRC, 0.8, 1.3, 1.0, 0.1, 1, 19567.6393, 15788.6432, 0, 1859
SPPRC, 0.6, 1.4, 1.0, 0.1, 1, 19556.1114, 17088.0966, 0, 1303
SPPRC, 0.6, 1.3, 1.0, 0.1, 1, 19485.9933, 17430.44, 0, 1233
SPPRC, 0.5, 1.3, 1.0, 0.1, 1, 19434.4127, 17262.386, 0, 1086
SPPRC, 0.4, 1.4, 1.0, 0.1, 1, 19394.107, 17372.8803, 0, 1020
SPPRC, 0.3, 1.3, 0.9, 0.1, 1, 19375.2637, 17952.5317, 0, 652
SPPRC, 0.4, 1.3, 1.0, 0.1, 1, 19312.9456, 17806.502, 0, 662
SPPRC, 0.3, 1.3, 1.0, 0.1, 1, 19274.9735, 18191.9486, 0, 606
SPPRC, 0.2, 1.4, 1.0, 0.1, 1, 19243.8893, 18384.16, 0, 440
SPPRC, 0.2, 1.3, 1.0, 0.1, 1, 19221.7952, 18386.8726, 0, 323
SPPRC, 0.2, 1.3, 0.9, 0.1, 1, 19206.1953, 17919.8912, 0, 402
SPPRC, 0.2, 1.3, 1.0, 0.1, 1, 19189.1411, 18630.1336, 0, 239
SPPRC, 0.1, 1.3, 0.9, 0.1, 1, 19167.5314, 18694.071, 0, 163
SPPRC, 0.1, 1.3, 1.0, 0.1, 1, 19150.5327, 18807.4425, 0, 120
SPPRC, 0.1, 1.3, 0.9, 0.1, 1, 19127.4734, 18677.7626, 0, 142
SPPRC, 0.1, 1.3, 1.0, 0.1, 1, 19117.9208, 18726.8274, 0, 94
SPPRC, 0.1, 1.3, 1.0, 0.1, 1, 19109.975, 18780.9963, 0, 81
SPPRC, 0.1, 1.3, 1.0, 0.1, 1, 19106.3777, 18903.832, 0, 55
SPPRC, -0.0, 1.4, 1.0, 0.1, 1, 19100.077, 18940.4947, 0, 42
SPPRC, 0.1, 1.3, 1.0, 0.1, 1, 19096.6462, 18946.2227, 0, 40
SPPRC, 0.1, 1.3, 1.0, 0.1, 1, 19093.601, 18986.7699, 0, 34
SPPRC, 0.0, 1.3, 0.9, 0.1, 1, 19091.6158, 19013.4452, 0, 30
SPPRC, 0.0, 1.3, 1.0, 0.1, 1, 19090.2197, 19015.8093, 0, 23
SPPRC, 0.0, 1.3, 1.0, 0.1, 1, 19089.5429, 19028.3109, 0, 21
SPPRC, 0.0, 1.3, 1.0, 0.1, 1, 19088.9434, 19059.1429, 0, 15
SPPRC, 0.1, 1.3, 1.0, 0.1, 1, 19088.6432, 19052.2437, 0, 10
SPPRC, 0.0, 1.3, 1.0, 0.1, 1, 19088.5876, 19075.9487, 0, 2
SPPRC, 0.0, 1.3, 1.0, 0.1, 1, 19088.5836, 19078.5836, 0, 2
SPPRC, 0.0, 1.3, 1.0, 0.1, 1, 19088.5235, 19081.0235, 0, 2
SPPRC, 0.0, 1.3, 1.0, 0.1, 1, 19088.5137, 19088.5137, 0, 0
scip_total_time, 4918.930098
Solval, number of paths, impact cutoff
19088.513740200906, 159, 0.0001
Elementary, 2-Cycle, Path Value, Path
False, False, 0.0286, (0, 89, 137, 83, 69, 83, 69, 83, 69, 83, 69, 83, 69, 83, 69, 83, 69, 83, 69, 83, 69, 83, 137, 0)
False, False, 0.0415, (0, 144, 18, 101, 110, 34, 164, 34, 164, 34, 164, 34, 164, 34, 164, 34, 110, 101, 80, 0)
False, False, 0.0551, (0, 18, 108, 100, 40, 31, 24, 133, 141, 70, 141, 70, 141, 133, 24, 31, 40, 100, 108, 27, 18, 0)
False, False, 0.0334, (0, 5, 86, 103, 86, 103, 86, 103, 86, 5, 86, 5, 86, 5, 86, 5, 0)
False, False, 0.2222, (0, 110, 65, 81, 45, 98, 150, 135, 150, 135, 150, 135, 150, 98, 45, 81, 65, 110, 0)
False, False, 0.004, (0, 9, 123, 35, 165, 78, 138, 78, 138, 78, 138, 78, 138, 78, 138, 78, 165, 26, 35, 123, 0)
False, False, 0.0281, (0, 134, 9, 123, 35, 26, 165, 26, 165, 26, 165, 26, 165, 26, 35, 123, 9, 0)
False, False, 0.0467, (0, 67, 89, 7, 157, 9, 157, 9, 157, 9, 157, 9, 157, 9, 157, 7, 89, 0)
False, False, 0.081, (0, 5, 86, 5, 86, 5, 86, 5, 86, 5, 86, 5, 86, 5, 86, 5, 0)
False, False, 0.097, (0, 152, 42, 3, 130, 143, 130, 143, 130, 143, 130, 143, 130, 143, 130, 3, 42, 152, 99, 0)
False, False, 0.1111, (0, 99, 103, 152, 42, 79, 121, 79, 121, 79, 121, 79, 42, 152, 103, 99, 0)
False, False, 0.0034, (0, 93, 118, 47, 126, 127, 56, 58, 61, 58, 61, 58, 61, 58, 56, 127, 126, 47, 118, 93, 0)
False, False, 0.0288, (0, 52, 125, 66, 43, 117, 147, 49, 64, 107, 64, 107, 64, 107, 64, 107, 64, 49, 147, 20, 66, 125, 0)
False, False, 0.0235, (0, 93, 118, 47, 127, 56, 61, 58, 61, 58, 61, 58, 61, 58, 56, 127, 126, 47, 118, 137, 0)
False, False, 0.0054, (0, 66, 20, 49, 104, 12, 104, 12, 104, 12, 104, 12, 104, 12, 104, 12, 104, 49, 147, 20, 0)
False, False, 0.0313, (0, 36, 110, 65, 81, 45, 81, 45, 81, 45, 98, 135, 98, 45, 81, 65, 110, 0)
False, False, 0.0141, (0, 99, 103, 86, 5, 86, 5, 86, 5, 86, 5, 86, 5, 86, 103, 99, 0)
False, False, 0.1318, (0, 87, 144, 80, 105, 36, 105, 36, 105, 36, 105, 36, 105, 36, 105, 36, 105, 80, 144, 87, 0)
False, False, 0.0193, (0, 158, 95, 59, 112, 53, 72, 10, 51, 146, 51, 10, 72, 53, 112, 59, 95, 158, 113, 0)
False, False, 0.0926, (0, 67, 89, 7, 6, 7, 6, 7, 6, 7, 6, 7, 6, 7, 6, 7, 6, 89, 67, 0)
False, False, 0.0533, (0, 99, 63, 124, 63, 124, 63, 124, 63, 124, 63, 124, 63, 124, 63, 99, 0)
False, False, 0.1371, (0, 89, 137, 22, 73, 22, 73, 22, 73, 22, 73, 22, 73, 25, 93, 25, 7, 89, 0)
False, False, 0.0484, (0, 123, 35, 165, 78, 41, 74, 33, 106, 33, 106, 33, 74, 41, 78, 165, 35, 123, 0)
False, False, 0.1031, (0, 55, 131, 4, 75, 109, 16, 28, 16, 28, 16, 28, 16, 109, 75, 160, 21, 0)
False, False, 0.0944, (0, 54, 102, 142, 82, 120, 39, 11, 39, 11, 39, 11, 39, 11, 39, 120, 82, 142, 154, 54, 0)
False, False, 0.1132, (0, 54, 154, 142, 82, 120, 11, 39, 11, 39, 11, 39, 11, 39, 11, 120, 82, 142, 154, 76, 0)
False, False, 0.0645, (0, 134, 48, 162, 62, 162, 62, 162, 62, 162, 62, 162, 62, 162, 9, 157, 6, 89, 0)
False, False, 0.1148, (0, 5, 86, 103, 152, 87, 42, 87, 42, 87, 42, 87, 42, 152, 103, 99, 0)
False, False, 0.1559, (0, 8, 129, 57, 12, 104, 12, 104, 12, 104, 12, 104, 12, 104, 12, 104, 57, 129, 115, 0)
False, False, 0.1549, (0, 128, 138, 41, 74, 33, 166, 94, 90, 94, 90, 94, 90, 94, 166, 106, 78, 35, 123, 0)
False, False, 0.0196, (0, 160, 75, 32, 72, 10, 37, 84, 37, 84, 37, 84, 37, 84, 37, 10, 72, 32, 75, 131, 0)
False, False, 0.0551, (0, 8, 114, 136, 88, 111, 122, 111, 122, 111, 122, 111, 88, 136, 114, 8, 151, 0)
False, False, 0.0795, (0, 44, 30, 92, 15, 17, 96, 14, 96, 14, 96, 14, 96, 17, 15, 92, 30, 44, 0)
False, False, 0.0977, (0, 67, 134, 119, 140, 119, 140, 119, 140, 119, 140, 119, 140, 119, 134, 67, 0)
False, False, 0.0574, (0, 54, 76, 23, 139, 154, 132, 60, 132, 60, 132, 60, 132, 154, 139, 23, 76, 54, 144, 0)
False, False, 0.1885, (0, 158, 95, 59, 112, 53, 32, 28, 29, 2, 29, 2, 16, 109, 75, 160, 21, 0)
False, False, 0.0813, (0, 80, 101, 110, 65, 164, 34, 164, 34, 164, 34, 164, 34, 164, 34, 164, 65, 110, 36, 0)
False, False, 0.159, (0, 44, 30, 92, 159, 17, 96, 14, 96, 14, 96, 14, 96, 17, 159, 15, 92, 30, 44, 0)
False, False, 0.1249, (0, 52, 125, 66, 43, 117, 20, 147, 49, 107, 64, 107, 64, 107, 49, 147, 20, 117, 43, 66, 125, 52, 0)
False, False, 0.1477, (0, 3, 158, 95, 59, 112, 53, 32, 28, 29, 2, 29, 2, 16, 109, 131, 55, 0)
False, False, 0.0231, (0, 67, 134, 140, 119, 140, 119, 140, 119, 140, 119, 140, 119, 140, 134, 67, 0)
False, False, 0.1211, (0, 67, 134, 48, 68, 48, 68, 48, 68, 48, 68, 48, 68, 48, 9, 157, 6, 89, 0)
False, False, 0.0605, (0, 137, 25, 118, 47, 126, 127, 155, 127, 126, 127, 126, 127, 126, 127, 126, 47, 118, 93, 0)
False, False, 0.1111, (0, 99, 152, 121, 79, 121, 79, 121, 79, 121, 79, 121, 79, 121, 152, 103, 99, 0)
False, False, 0.0348, (0, 80, 101, 27, 108, 102, 142, 19, 50, 19, 50, 19, 50, 19, 50, 19, 142, 102, 108, 27, 101, 0)
False, False, 0.0151, (0, 152, 42, 3, 130, 143, 71, 113, 71, 113, 71, 113, 71, 143, 130, 3, 152, 103, 0)
False, False, 0.0939, (0, 115, 129, 57, 77, 13, 1, 13, 1, 13, 1, 13, 1, 13, 77, 57, 129, 115, 0)
False, False, 0.0313, (0, 8, 114, 136, 88, 122, 111, 122, 111, 122, 111, 122, 111, 88, 114, 8, 148, 0)
False, False, 0.0551, (0, 8, 114, 136, 88, 122, 111, 122, 111, 122, 111, 122, 88, 136, 114, 8, 151, 0)
False, False, 0.1712, (0, 67, 157, 9, 123, 35, 26, 165, 26, 165, 26, 165, 26, 35, 123, 9, 157, 0)
False, False, 0.1019, (0, 158, 95, 59, 112, 53, 72, 10, 72, 10, 72, 10, 72, 32, 53, 112, 59, 95, 158, 0)
False, False, 0.0746, (0, 67, 134, 46, 140, 119, 140, 119, 140, 119, 140, 46, 140, 119, 46, 134, 67, 0)
False, False, 0.1045, (0, 99, 103, 63, 124, 63, 124, 63, 124, 63, 124, 63, 124, 63, 103, 99, 0)
False, False, 0.1056, (0, 8, 114, 136, 88, 1, 77, 57, 77, 57, 77, 57, 77, 13, 1, 88, 136, 114, 8, 0)
False, False, 0.0768, (0, 134, 48, 68, 162, 62, 162, 62, 162, 62, 162, 62, 68, 62, 68, 9, 157, 6, 89, 0)
False, False, 0.0286, (0, 137, 73, 22, 69, 83, 69, 83, 69, 83, 69, 83, 69, 83, 69, 83, 69, 83, 69, 22, 73, 137, 0)
False, False, 0.0174, (0, 3, 130, 143, 113, 71, 113, 71, 113, 71, 113, 71, 113, 71, 143, 130, 3, 152, 0)
False, False, 0.0067, (0, 157, 123, 35, 26, 165, 78, 138, 78, 138, 78, 138, 78, 138, 78, 165, 26, 35, 123, 157, 0)
False, False, 0.1098, (0, 44, 30, 92, 159, 15, 159, 15, 159, 15, 159, 15, 159, 15, 159, 15, 92, 30, 44, 0)
False, False, 0.1092, (0, 131, 2, 136, 88, 111, 122, 111, 122, 111, 122, 111, 122, 88, 163, 8, 0)
False, False, 0.0125, (0, 42, 54, 76, 23, 139, 23, 139, 23, 139, 23, 139, 23, 139, 23, 76, 54, 42, 0)
False, False, 0.0153, (0, 67, 134, 48, 68, 162, 62, 162, 62, 162, 62, 162, 62, 162, 68, 48, 134, 67, 0)
False, False, 0.0023, (0, 131, 75, 32, 10, 84, 37, 84, 37, 84, 37, 84, 37, 84, 37, 84, 10, 32, 75, 0)
False, False, 0.1, (0, 18, 101, 27, 108, 102, 50, 19, 50, 19, 50, 19, 50, 19, 50, 19, 50, 142, 154, 76, 0)
False, False, 0.1054, (0, 137, 56, 61, 58, 61, 58, 61, 58, 61, 58, 61, 58, 61, 58, 56, 127, 47, 118, 93, 0)
False, False, 0.0844, (0, 44, 3, 130, 143, 71, 113, 71, 113, 71, 113, 71, 143, 130, 3, 42, 152, 103, 0)
False, False, 0.0757, (0, 160, 75, 53, 72, 10, 84, 37, 84, 37, 84, 37, 84, 37, 84, 10, 72, 32, 75, 131, 0)
False, False, 0.0485, (0, 3, 143, 113, 21, 149, 21, 149, 21, 149, 21, 149, 21, 149, 21, 113, 143, 3, 0)
False, False, 0.0054, (0, 43, 117, 129, 57, 12, 104, 12, 104, 12, 104, 12, 104, 12, 104, 12, 57, 129, 117, 43, 0)
False, False, 0.1114, (0, 46, 17, 14, 85, 156, 85, 156, 85, 156, 85, 156, 85, 156, 85, 14, 17, 46, 0)
False, False, 0.0546, (0, 137, 25, 93, 25, 93, 25, 93, 25, 93, 25, 93, 25, 93, 25, 93, 25, 7, 6, 89, 67, 0)
False, False, 0.0349, (0, 89, 7, 157, 9, 48, 68, 62, 162, 62, 162, 62, 68, 48, 9, 157, 6, 89, 0)
False, False, 0.0189, (0, 76, 154, 142, 82, 120, 39, 11, 39, 11, 39, 11, 39, 120, 82, 142, 102, 108, 27, 101, 0)
False, False, 0.0397, (0, 76, 154, 142, 82, 120, 146, 51, 146, 51, 146, 51, 10, 72, 53, 112, 59, 95, 158, 113, 0)
False, False, 0.0247, (0, 137, 56, 58, 61, 58, 61, 58, 61, 58, 61, 58, 61, 58, 56, 155, 127, 47, 118, 137, 0)
False, False, 0.0049, (0, 158, 95, 112, 53, 72, 10, 51, 146, 51, 146, 51, 146, 51, 10, 72, 53, 112, 95, 158, 0)
False, False, 0.0591, (0, 3, 130, 143, 71, 113, 60, 132, 60, 132, 60, 132, 60, 113, 71, 143, 130, 3, 0)
False, False, 0.0124, (0, 43, 117, 129, 145, 163, 114, 136, 114, 136, 114, 136, 114, 136, 114, 136, 114, 163, 145, 129, 117, 43, 0)
False, False, 0.102, (0, 46, 17, 38, 151, 153, 116, 153, 116, 153, 116, 153, 116, 153, 151, 38, 55, 0)
False, False, 0.2287, (0, 137, 25, 118, 47, 126, 127, 155, 56, 155, 56, 155, 56, 155, 127, 126, 47, 118, 93, 0)
False, False, 0.0419, (0, 80, 101, 65, 81, 45, 98, 150, 98, 150, 135, 98, 45, 81, 45, 81, 65, 110, 0)
False, False, 0.0463, (0, 8, 114, 136, 88, 1, 13, 1, 13, 77, 13, 77, 13, 1, 88, 163, 145, 129, 115, 0)
False, False, 0.1321, (0, 87, 144, 54, 76, 23, 139, 23, 139, 23, 139, 23, 139, 23, 76, 54, 144, 87, 124, 0)
False, False, 0.0484, (0, 128, 125, 66, 43, 117, 20, 147, 20, 147, 20, 147, 20, 147, 20, 147, 20, 117, 43, 66, 125, 128, 0)
False, False, 0.0116, (0, 131, 8, 114, 136, 88, 1, 13, 77, 13, 77, 13, 77, 13, 1, 88, 136, 114, 8, 131, 0)
False, False, 0.0538, (0, 76, 154, 142, 82, 120, 146, 51, 146, 51, 146, 51, 146, 51, 146, 51, 10, 72, 32, 75, 160, 0)
False, False, 0.0662, (0, 144, 54, 76, 71, 113, 71, 113, 71, 113, 71, 113, 71, 113, 71, 143, 130, 3, 0)
False, False, 0.0131, (0, 8, 163, 88, 122, 111, 122, 111, 122, 111, 122, 111, 88, 163, 114, 8, 0)
False, False, 0.0483, (0, 55, 131, 4, 75, 109, 16, 109, 16, 109, 16, 109, 16, 109, 75, 160, 21, 0)
False, False, 0.0115, (0, 44, 30, 92, 15, 159, 17, 96, 17, 96, 17, 96, 17, 96, 17, 159, 15, 92, 30, 44, 0)
False, False, 0.028, (0, 93, 118, 47, 126, 127, 61, 58, 61, 58, 61, 58, 61, 58, 61, 127, 47, 118, 93, 0)
False, False, 0.0097, (0, 3, 149, 160, 75, 95, 59, 112, 59, 112, 59, 112, 59, 112, 59, 95, 158, 113, 0)
False, False, 0.0254, (0, 131, 8, 114, 136, 88, 1, 13, 77, 57, 77, 13, 1, 13, 1, 88, 136, 114, 8, 131, 0)
False, False, 0.1462, (0, 144, 18, 139, 154, 132, 60, 132, 60, 132, 60, 132, 60, 154, 139, 23, 76, 54, 144, 0)
False, False, 0.1416, (0, 18, 27, 108, 102, 100, 40, 31, 24, 133, 70, 141, 70, 141, 70, 133, 24, 31, 40, 100, 102, 18, 0)
False, False, 0.0422, (0, 30, 92, 55, 38, 151, 38, 151, 38, 151, 38, 151, 38, 55, 92, 30, 0)
False, False, 0.0065, (0, 123, 35, 165, 78, 74, 33, 106, 33, 106, 33, 106, 33, 74, 41, 78, 165, 35, 0)
False, False, 0.0161, (0, 36, 110, 34, 164, 34, 164, 34, 164, 34, 164, 34, 164, 34, 164, 34, 110, 36, 0)
False, False, 0.0563, (0, 3, 158, 95, 59, 112, 120, 82, 120, 82, 120, 82, 120, 82, 120, 82, 142, 154, 76, 0)
False, False, 0.0652, (0, 80, 101, 27, 108, 102, 142, 19, 50, 19, 50, 19, 50, 19, 50, 19, 102, 108, 27, 101, 80, 0)
False, False, 0.026, (0, 3, 21, 149, 4, 160, 4, 160, 4, 160, 4, 160, 4, 149, 21, 149, 4, 160, 4, 131, 55, 92, 0)
False, False, 0.0482, (0, 128, 138, 78, 106, 166, 90, 161, 91, 161, 91, 161, 90, 166, 106, 126, 47, 118, 0)
False, False, 0.0779, (0, 160, 75, 32, 72, 10, 37, 84, 37, 84, 37, 84, 37, 84, 37, 10, 28, 109, 131, 0)
False, False, 0.1092, (0, 158, 95, 59, 112, 53, 32, 28, 29, 2, 29, 2, 29, 28, 109, 75, 160, 0)
False, False, 0.0132, (0, 128, 138, 41, 90, 161, 91, 161, 91, 161, 91, 161, 91, 161, 90, 94, 166, 106, 78, 35, 0)
False, False, 0.102, (0, 134, 52, 85, 156, 115, 97, 148, 116, 153, 116, 148, 97, 148, 97, 115, 156, 85, 52, 46, 0)
False, False, 0.0312, (0, 128, 138, 41, 90, 161, 91, 161, 91, 161, 91, 49, 147, 20, 147, 20, 117, 43, 66, 125, 52, 0)
False, False, 0.0963, (0, 46, 52, 85, 156, 115, 97, 148, 97, 148, 97, 148, 116, 153, 116, 153, 151, 38, 55, 0)
False, False, 0.0272, (0, 110, 65, 81, 45, 98, 150, 98, 135, 98, 135, 98, 135, 98, 45, 81, 65, 110, 0)
False, False, 0.0059, (0, 115, 129, 145, 163, 145, 163, 145, 163, 145, 163, 145, 163, 145, 163, 145, 129, 8, 115, 0)
False, False, 0.0128, (0, 124, 144, 80, 105, 36, 105, 36, 105, 36, 105, 36, 105, 36, 105, 80, 18, 54, 87, 124, 0)
False, False, 0.0209, (0, 128, 138, 41, 74, 33, 166, 94, 166, 94, 166, 94, 166, 94, 166, 33, 74, 41, 138, 128, 0)
False, False, 0.1385, (0, 158, 95, 59, 112, 53, 32, 72, 10, 51, 146, 51, 146, 51, 146, 51, 146, 120, 82, 142, 0)
False, False, 0.0434, (0, 44, 30, 55, 131, 4, 149, 21, 149, 21, 149, 21, 149, 4, 149, 4, 131, 55, 30, 44, 0)
False, False, 0.0308, (0, 46, 52, 14, 156, 115, 97, 148, 97, 148, 97, 148, 97, 148, 97, 115, 156, 85, 14, 17, 46, 0)
False, False, 0.0671, (0, 80, 101, 27, 108, 102, 100, 40, 31, 24, 133, 141, 70, 141, 70, 133, 24, 31, 40, 100, 102, 54, 0)
False, False, 0.0291, (0, 3, 158, 95, 59, 112, 53, 32, 28, 16, 28, 16, 109, 75, 160, 4, 131, 55, 0)
False, False, 0.0549, (0, 92, 55, 131, 4, 149, 21, 149, 21, 149, 21, 149, 4, 149, 4, 149, 4, 131, 55, 92, 0)
False, False, 0.033, (0, 110, 65, 81, 45, 81, 45, 81, 45, 81, 45, 98, 135, 40, 100, 108, 27, 101, 0)
False, False, 0.0369, (0, 115, 129, 57, 77, 57, 77, 57, 77, 57, 77, 13, 1, 88, 136, 114, 8, 115, 0)
False, False, 0.0919, (0, 134, 128, 138, 78, 41, 74, 33, 106, 33, 106, 33, 74, 41, 78, 165, 26, 35, 123, 0)
False, False, 0.0524, (0, 115, 43, 117, 129, 145, 163, 114, 136, 114, 136, 114, 136, 114, 163, 145, 129, 49, 20, 66, 125, 0)
False, False, 0.0551, (0, 128, 138, 41, 74, 33, 106, 166, 94, 166, 94, 166, 94, 166, 106, 126, 47, 118, 137, 0)
False, False, 0.0241, (0, 131, 75, 32, 72, 10, 37, 84, 37, 84, 37, 84, 37, 84, 37, 84, 146, 120, 82, 142, 0)
False, False, 0.0221, (0, 44, 30, 92, 55, 131, 4, 160, 4, 160, 4, 160, 4, 160, 4, 149, 4, 149, 4, 149, 21, 3, 0)
False, False, 0.0421, (0, 46, 17, 38, 151, 153, 116, 148, 97, 148, 97, 148, 97, 148, 97, 148, 97, 115, 156, 52, 46, 0)
False, False, 0.0485, (0, 80, 101, 65, 81, 45, 98, 135, 98, 135, 98, 135, 98, 45, 81, 65, 101, 80, 0)
False, False, 0.0319, (0, 134, 48, 68, 162, 62, 162, 62, 162, 62, 162, 62, 162, 68, 9, 157, 7, 89, 0)
False, False, 0.019, (0, 44, 30, 92, 55, 131, 4, 149, 4, 160, 4, 160, 4, 160, 4, 149, 4, 149, 4, 131, 55, 92, 0)
False, False, 0.0784, (0, 128, 125, 66, 43, 117, 20, 147, 49, 91, 161, 91, 161, 90, 166, 106, 126, 47, 118, 0)
False, False, 0.0197, (0, 123, 35, 165, 78, 41, 74, 33, 106, 33, 106, 33, 106, 33, 74, 41, 78, 123, 0)
False, False, 0.1295, (0, 43, 117, 129, 145, 163, 145, 163, 145, 163, 145, 163, 145, 163, 145, 129, 117, 43, 66, 125, 0)
False, False, 0.07, (0, 128, 138, 41, 90, 161, 91, 49, 91, 49, 91, 49, 91, 161, 90, 74, 41, 138, 128, 0)
False, False, 0.0063, (0, 115, 129, 145, 163, 88, 1, 77, 13, 77, 1, 77, 1, 13, 1, 88, 136, 114, 8, 131, 0)
False, False, 0.0858, (0, 137, 73, 22, 73, 22, 73, 22, 69, 83, 69, 83, 69, 83, 69, 83, 69, 83, 69, 83, 137, 0)
False, True, 0.044, (0, 80, 101, 27, 108, 102, 100, 40, 31, 24, 133, 141, 70, 133, 24, 31, 40, 100, 108, 27, 101, 18, 0)
False, False, 0.068, (0, 46, 17, 38, 151, 38, 151, 38, 151, 38, 151, 38, 151, 38, 55, 30, 44, 0)
False, False, 0.0054, (0, 128, 138, 41, 90, 161, 91, 49, 64, 107, 64, 107, 64, 107, 64, 49, 147, 117, 43, 125, 52, 0)
False, False, 0.0384, (0, 46, 52, 156, 115, 97, 148, 116, 153, 116, 153, 116, 153, 116, 153, 151, 38, 55, 0)
False, False, 0.0279, (0, 80, 101, 110, 65, 34, 164, 34, 164, 34, 164, 34, 164, 34, 164, 34, 110, 101, 80, 0)
False, False, 0.0226, (0, 8, 114, 136, 88, 1, 13, 77, 1, 77, 1, 13, 1, 13, 1, 88, 136, 114, 8, 115, 0)
False, False, 0.0347, (0, 123, 35, 165, 78, 74, 33, 106, 33, 106, 33, 74, 41, 78, 165, 26, 35, 123, 0)
False, False, 0.0787, (0, 128, 138, 78, 74, 90, 161, 91, 161, 91, 161, 91, 161, 91, 161, 90, 74, 41, 138, 128, 0)
False, False, 0.031, (0, 134, 123, 35, 165, 78, 138, 78, 138, 78, 138, 78, 138, 78, 138, 78, 165, 26, 35, 123, 134, 0)
False, False, 0.0338, (0, 18, 27, 108, 100, 40, 31, 24, 133, 141, 70, 141, 133, 70, 133, 24, 31, 40, 100, 108, 27, 18, 0)
False, False, 0.0906, (0, 52, 125, 66, 43, 117, 20, 147, 49, 64, 107, 64, 107, 64, 107, 64, 49, 147, 20, 66, 125, 52, 0)
False, False, 0.0157, (0, 18, 27, 108, 102, 100, 40, 31, 24, 133, 141, 133, 141, 133, 24, 31, 40, 100, 108, 27, 101, 80, 0)
False, False, 0.0042, (0, 110, 65, 164, 81, 45, 98, 45, 81, 45, 81, 45, 81, 45, 81, 65, 101, 0)
False, False, 0.0592, (0, 128, 138, 41, 74, 33, 106, 166, 94, 166, 94, 166, 106, 33, 74, 41, 78, 35, 123, 0)
False, False, 0.0097, (0, 158, 82, 120, 10, 84, 37, 84, 37, 84, 37, 84, 37, 84, 10, 72, 32, 75, 160, 0)
False, False, 0.0004, (0, 134, 46, 52, 85, 156, 115, 97, 148, 97, 148, 97, 148, 97, 148, 97, 115, 156, 85, 52, 46, 0)
False, False, 0.0456, (0, 52, 125, 66, 43, 117, 147, 49, 107, 64, 107, 64, 107, 64, 107, 64, 49, 147, 20, 66, 125, 52, 0)
False, False, 0.0016, (0, 144, 18, 23, 154, 132, 60, 132, 60, 132, 60, 132, 60, 132, 154, 139, 23, 76, 54, 0)
False, False, 0.0132, (0, 128, 125, 66, 43, 117, 147, 49, 107, 64, 107, 64, 107, 64, 49, 147, 117, 43, 66, 125, 128, 0)
False, False, 0.0097, (0, 158, 95, 53, 72, 10, 84, 37, 84, 37, 84, 37, 84, 37, 84, 10, 53, 95, 158, 0)
False, False, 0.0545, (0, 18, 27, 108, 102, 100, 40, 31, 24, 133, 141, 70, 141, 70, 133, 24, 31, 40, 100, 108, 27, 18, 0)
False, False, 0.0129, (0, 18, 101, 110, 65, 164, 34, 164, 34, 164, 34, 164, 34, 164, 34, 65, 110, 101, 80, 0)
False, False, 0.0551, (0, 18, 102, 100, 40, 31, 24, 133, 141, 70, 141, 70, 141, 133, 24, 31, 40, 100, 27, 101, 80, 0)
False, False, 0.0165, (0, 80, 101, 27, 108, 100, 40, 31, 24, 133, 24, 31, 24, 31, 24, 31, 40, 100, 108, 27, 101, 80, 0)
all_elementary, False
all_cyc2, False
