Instance, X-n153-k22
capacity, 144
min_trucks, 23
output_file, output_uchoa/X-n153-k22-ng8.log
Start date, 2022-06-21
Start time, 20-41-07
capacity, 144
num_vehicles, 23
abort_early, False
methods, ['ng8']
max_vars, 1000000
time_limit, 86400
farley, False
initial time, initial max_it, max_stale_it
1e-05, 2000000000.0, 20
heuristic Number of routes, heuristic Best Solution Value, heuristic number of iterations, adjusted time, adjusted max_it
626, 21223.0, 313, 10.0, 2000.0
method, python time, total time, propagated dominance time, unpropagated dominance time, pricing_success, upper_bound, lower_bound, abort_early, num_paths, 
ng8, 5.0, 1.9, 1.4, 0.1, 1, 21171.6371, -23466.4391, 0, 13314
ng8, 8.2, 1.9, 1.5, 0.2, 1, 21171.6371, -460444.7375, 0, 16127
ng8, 8.4, 2.0, 1.6, 0.2, 1, 21170.7957, -62165.2212, 0, 14041
ng8, 5.5, 2.4, 1.8, 0.2, 1, 21170.5781, -21051.1965, 0, 12325
ng8, 9.3, 3.3, 2.6, 0.3, 1, 21170.5781, -7311.7773, 0, 13269
ng8, 7.6, 4.5, 3.6, 0.3, 1, 21169.4904, 4699.8528, 0, 12886
ng8, 8.9, 2.0, 1.6, 0.1, 1, 21067.0079, -18047.2498, 0, 12210
ng8, 3.3, 3.2, 2.6, 0.2, 1, 21061.8163, 10745.9233, 0, 8732
ng8, 2.5, 3.1, 2.4, 0.2, 1, 21038.0613, 10769.3076, 0, 6690
ng8, 2.4, 3.1, 2.4, 0.2, 1, 21020.3111, 11875.9844, 0, 6516
ng8, 2.3, 3.5, 2.7, 0.3, 1, 21004.7418, 14101.4329, 0, 5168
ng8, 1.5, 3.0, 2.3, 0.2, 1, 20997.0493, 15523.7604, 0, 3567
ng8, 0.9, 3.3, 2.5, 0.3, 1, 20984.8403, 17753.6597, 0, 2274
ng8, 0.7, 4.0, 3.1, 0.3, 1, 20983.9049, 18940.6533, 0, 1619
ng8, 0.6, 4.4, 3.5, 0.4, 1, 20982.0366, 19024.9129, 0, 1187
ng8, 0.5, 4.1, 3.2, 0.3, 1, 20981.7537, 18715.7319, 0, 959
ng8, 0.2, 6.1, 5.0, 0.5, 1, 20977.943, 20143.2605, 0, 376
ng8, 0.2, 5.1, 4.1, 0.4, 1, 20973.4591, 20432.6878, 0, 189
ng8, 0.0, 6.1, 4.9, 0.5, 1, 20969.6544, 20626.9879, 0, 120
ng8, 0.0, 5.9, 4.7, 0.5, 1, 20967.2803, 20601.8379, 0, 62
ng8, 0.1, 5.6, 4.5, 0.4, 1, 20966.5823, 20791.7109, 0, 55
ng8, 0.1, 5.8, 4.7, 0.5, 1, 20965.8594, 20785.5756, 0, 16
ng8, 0.0, 5.5, 4.4, 0.5, 1, 20963.4613, 20896.9073, 0, 12
ng8, 0.1, 5.7, 4.5, 0.5, 1, 20963.318, 20883.0926, 0, 12
ng8, 0.1, 5.7, 4.6, 0.5, 1, 20963.2336, 20942.3303, 0, 1
ng8, 0.0, 5.7, 4.6, 0.5, 1, 20963.2191, 20963.2191, 0, 0
scip_total_time, 3218.452234
Solval, number of paths, impact cutoff
20963.219097260368, 108, 0.0001
Elementary, 2-Cycle, Path Value, Path
True, True, 0.1253, (0, 16, 0)
True, True, 1.0, (0, 21, 0)
True, True, 0.0841, (0, 25, 0)
True, True, 1.0, (0, 8, 83, 0)
True, True, 0.7493, (0, 143, 16, 146, 130, 0)
True, True, 1.0, (0, 7, 11, 0)
True, True, 0.0405, (0, 36, 69, 58, 26, 75, 115, 82, 64, 104, 57, 53, 0)
True, True, 0.8318, (0, 95, 25, 42, 0)
True, True, 0.6731, (0, 56, 132, 96, 22, 3, 0)
True, True, 0.0552, (0, 145, 109, 28, 79, 30, 0)
True, True, 0.0405, (0, 4, 6, 0)
True, True, 0.4, (0, 139, 9, 29, 0)
True, True, 0.0547, (0, 122, 59, 22, 96, 3, 0)
True, True, 0.3483, (0, 149, 15, 5, 141, 0)
True, True, 0.3333, (0, 10, 126, 31, 133, 116, 0)
True, True, 0.5203, (0, 124, 17, 12, 0)
True, True, 0.431, (0, 139, 60, 28, 30, 0)
True, True, 0.069, (0, 139, 9, 5, 0)
True, True, 0.5138, (0, 28, 13, 0)
True, True, 0.0448, (0, 47, 40, 1, 89, 66, 144, 41, 88, 74, 0)
True, True, 0.4797, (0, 121, 12, 17, 0)
True, True, 0.3802, (0, 128, 73, 142, 54, 44, 103, 20, 135, 77, 48, 0)
True, True, 0.1241, (0, 102, 87, 47, 40, 1, 89, 66, 144, 41, 88, 0)
True, True, 0.3333, (0, 134, 94, 140, 119, 91, 137, 100, 70, 59, 122, 51, 4, 0)
True, True, 0.0861, (0, 51, 122, 59, 22, 3, 0)
True, True, 0.5101, (0, 128, 73, 142, 54, 44, 81, 72, 20, 103, 52, 37, 0)
True, True, 0.1995, (0, 53, 57, 104, 64, 82, 115, 75, 38, 112, 26, 84, 0)
True, True, 0.4724, (0, 101, 62, 27, 32, 35, 106, 125, 111, 131, 65, 147, 0)
True, True, 0.2183, (0, 152, 116, 19, 133, 46, 108, 94, 134, 38, 0)
True, True, 0.3521, (0, 71, 84, 2, 121, 55, 93, 138, 68, 63, 33, 90, 0)
True, True, 0.2507, (0, 31, 19, 143, 0)
True, True, 0.2462, (0, 38, 31, 126, 10, 0)
True, True, 0.2242, (0, 93, 152, 19, 133, 46, 108, 94, 134, 115, 0)
True, True, 0.1682, (0, 69, 58, 26, 112, 121, 55, 93, 138, 68, 63, 33, 0)
True, True, 0.1698, (0, 10, 31, 140, 116, 0)
True, True, 0.2931, (0, 107, 78, 61, 80, 24, 79, 136, 123, 113, 49, 129, 0)
True, True, 0.24, (0, 71, 69, 58, 2, 138, 68, 63, 33, 90, 0)
True, True, 0.2931, (0, 88, 41, 144, 14, 110, 105, 74, 0)
True, True, 0.6517, (0, 107, 120, 78, 61, 80, 24, 79, 136, 123, 113, 49, 129, 0)
True, True, 0.069, (0, 87, 5, 29, 0)
False, False, 0.4586, (0, 34, 13, 34, 0)
True, True, 0.5517, (0, 23, 15, 0)
True, True, 0.5138, (0, 30, 109, 99, 5, 0)
False, False, 0.0841, (0, 95, 25, 95, 0)
True, True, 0.0793, (0, 40, 86, 92, 150, 67, 32, 27, 62, 101, 0)
True, True, 0.0414, (0, 102, 47, 40, 1, 89, 66, 145, 110, 105, 0)
True, True, 0.531, (0, 39, 9, 29, 0)
True, True, 0.1, (0, 139, 23, 15, 0)
True, True, 0.2517, (0, 102, 87, 149, 141, 86, 60, 40, 23, 47, 0)
True, True, 0.0276, (0, 61, 101, 62, 27, 32, 67, 150, 92, 99, 86, 60, 0)
True, True, 0.0276, (0, 60, 86, 99, 92, 150, 67, 32, 27, 62, 101, 78, 0)
True, True, 0.0241, (0, 60, 86, 99, 92, 150, 67, 32, 27, 62, 101, 120, 0)
False, True, 0.1931, (0, 74, 105, 110, 14, 144, 41, 88, 74, 0)
False, True, 0.1379, (0, 74, 88, 41, 144, 66, 14, 110, 105, 74, 0)
False, True, 0.0276, (0, 34, 107, 78, 61, 101, 62, 27, 107, 34, 0)
True, True, 0.3759, (0, 14, 145, 109, 92, 150, 67, 35, 106, 125, 111, 131, 65, 147, 0)
True, True, 0.0414, (0, 147, 65, 131, 111, 125, 106, 35, 67, 150, 92, 99, 23, 39, 0)
True, True, 0.0034, (0, 47, 86, 99, 92, 150, 67, 35, 32, 27, 62, 101, 0)
True, True, 0.3241, (0, 47, 86, 99, 92, 150, 67, 32, 27, 62, 101, 120, 0)
False, False, 0.1253, (0, 130, 146, 16, 146, 130, 0)
True, True, 0.1517, (0, 105, 110, 145, 1, 89, 66, 144, 41, 88, 0)
True, True, 0.0276, (0, 88, 105, 110, 145, 66, 89, 1, 40, 47, 102, 0)
True, True, 0.0103, (0, 147, 65, 131, 111, 125, 106, 35, 150, 92, 99, 86, 23, 0)
True, True, 0.0448, (0, 147, 65, 131, 111, 125, 106, 150, 92, 86, 60, 23, 0)
True, True, 0.0138, (0, 40, 86, 92, 150, 67, 35, 32, 27, 0)
True, True, 0.2084, (0, 71, 84, 2, 138, 68, 63, 33, 90, 0)
True, True, 0.0313, (0, 90, 33, 63, 68, 138, 93, 2, 84, 71, 0)
True, True, 0.1552, (0, 102, 87, 47, 40, 1, 89, 66, 145, 110, 105, 0)
True, True, 0.0138, (0, 47, 40, 60, 86, 99, 92, 150, 67, 35, 32, 101, 13, 34, 0)
True, True, 0.1655, (0, 102, 87, 149, 141, 86, 60, 1, 89, 145, 39, 0)
True, True, 0.0045, (0, 3, 96, 22, 100, 0)
True, True, 0.2345, (0, 39, 66, 89, 1, 40, 141, 149, 87, 102, 0)
True, True, 0.0276, (0, 88, 41, 144, 66, 89, 1, 109, 136, 123, 113, 49, 129, 0)
True, True, 0.1682, (0, 42, 53, 57, 104, 64, 82, 69, 58, 2, 0)
True, True, 0.0276, (0, 147, 65, 131, 111, 125, 106, 35, 67, 24, 80, 49, 0)
True, True, 0.0045, (0, 3, 96, 22, 137, 70, 126, 0)
True, True, 0.0276, (0, 147, 65, 131, 111, 125, 106, 35, 67, 24, 80, 129, 0)
True, True, 0.2066, (0, 117, 148, 98, 50, 85, 76, 114, 18, 81, 135, 77, 48, 0)
True, True, 0.1772, (0, 51, 122, 22, 96, 3, 0)
True, True, 0.0138, (0, 47, 40, 60, 86, 99, 92, 150, 67, 35, 32, 62, 13, 34, 0)
False, True, 0.0276, (0, 39, 66, 145, 113, 123, 136, 109, 1, 89, 66, 144, 41, 0)
True, True, 0.0087, (0, 72, 4, 132, 96, 70, 100, 137, 91, 119, 140, 108, 0)
True, True, 0.0561, (0, 71, 84, 26, 58, 69, 82, 64, 104, 57, 53, 0)
True, True, 0.1636, (0, 127, 4, 59, 70, 100, 137, 91, 119, 140, 126, 46, 116, 0)
False, True, 0.1803, (0, 117, 45, 148, 98, 50, 85, 76, 18, 114, 135, 77, 48, 45, 117, 0)
True, True, 0.1015, (0, 38, 108, 140, 119, 91, 137, 100, 70, 122, 51, 4, 0)
True, True, 0.1698, (0, 152, 10, 51, 122, 59, 70, 100, 137, 91, 119, 126, 46, 0)
True, True, 0.2066, (0, 45, 148, 98, 50, 85, 76, 114, 18, 81, 135, 77, 48, 0)
True, True, 0.0547, (0, 152, 10, 51, 59, 70, 100, 137, 91, 119, 140, 108, 116, 0)
True, True, 0.0819, (0, 38, 108, 140, 119, 91, 126, 19, 152, 0)
False, True, 0.0585, (0, 90, 37, 52, 103, 20, 44, 54, 142, 73, 128, 90, 0)
True, True, 0.0007, (0, 19, 126, 91, 137, 100, 70, 96, 132, 43, 151, 118, 97, 73, 0)
True, True, 0.2242, (0, 75, 134, 94, 108, 46, 133, 19, 152, 93, 0)
False, True, 0.0505, (0, 73, 97, 118, 151, 43, 56, 4, 51, 122, 59, 70, 100, 137, 96, 132, 43, 151, 118, 97, 0)
True, True, 0.0262, (0, 152, 10, 51, 122, 59, 70, 100, 137, 96, 132, 43, 151, 118, 97, 114, 0)
False, True, 0.4797, (0, 36, 6, 112, 55, 6, 36, 0)
True, True, 0.0007, (0, 97, 118, 151, 43, 56, 4, 51, 122, 59, 70, 100, 137, 119, 140, 108, 0)
True, True, 0.0604, (0, 97, 118, 151, 43, 56, 4, 59, 70, 100, 137, 91, 119, 140, 108, 116, 0)
True, True, 0.2711, (0, 53, 57, 124, 104, 64, 82, 115, 75, 26, 58, 69, 0)
True, True, 0.0561, (0, 53, 57, 124, 104, 64, 82, 115, 75, 26, 58, 71, 0)
True, True, 0.1526, (0, 53, 57, 124, 104, 64, 82, 115, 75, 38, 112, 26, 84, 0)
False, True, 0.2154, (0, 37, 72, 127, 97, 118, 151, 43, 56, 4, 132, 43, 151, 118, 97, 127, 72, 37, 0)
True, True, 0.0255, (0, 127, 4, 132, 70, 100, 137, 91, 119, 140, 108, 0)
True, True, 0.3802, (0, 52, 127, 151, 43, 118, 97, 18, 114, 76, 85, 50, 98, 148, 45, 117, 0)
True, True, 0.0561, (0, 53, 57, 104, 64, 82, 115, 75, 26, 69, 71, 0)
True, True, 0.0007, (0, 90, 128, 142, 54, 44, 103, 20, 152, 52, 37, 0)
True, True, 0.0505, (0, 90, 128, 142, 54, 44, 81, 72, 20, 103, 52, 0)
False, True, 0.0262, (0, 117, 45, 148, 98, 50, 85, 76, 18, 81, 135, 77, 48, 45, 117, 0)
all_elementary, False
all_cyc2, False
