Instance, X-n143-k7
capacity, 1190
min_trucks, 7
output_file, output_uchoa/X-n143-k7-cyc2.log
Start date, 2022-06-21
Start time, 17-40-38
capacity, 1190
num_vehicles, 7
abort_early, False
methods, ['cyc2']
max_vars, 1000000
time_limit, 86400
farley, False
initial time, initial max_it, max_stale_it
1e-05, 2000000000.0, 20
heuristic Number of routes, heuristic Best Solution Value, heuristic number of iterations, adjusted time, adjusted max_it
685523, 15726.0, 231589, 0.1, 200000.0
method, python time, total time, propagated dominance time, unpropagated dominance time, pricing_success, upper_bound, lower_bound, abort_early, num_paths, 
cyc2, 554.0, 37.1, 0.0, 0.0, 1, 15401.4283, -3700.7104, 0, 778551
cyc2, 573.0, 43.1, 0.0, 0.0, 1, 15395.7593, 2284.3119, 0, 548387
