Instance, X-n176-k26
capacity, 142
min_trucks, 26
output_file, output_uchoa/X-n176-k26-ng20.log
Start date, 2022-06-22
Start time, 16-16-56
capacity, 142
num_vehicles, 26
abort_early, False
methods, ['ng20']
max_vars, 1000000
time_limit, 86400
farley, False
initial time, initial max_it, max_stale_it
1e-05, 2000000000.0, 20
heuristic Number of routes, heuristic Best Solution Value, heuristic number of iterations, adjusted time, adjusted max_it
2249, 47812.0, 2000, 10.0, 2000.0
method, python time, total time, propagated dominance time, unpropagated dominance time, pricing_success, upper_bound, lower_bound, abort_early, num_paths, 
ng20, 2.9, 19.9, 16.4, 2.5, 1, 47700.0645, 10716.6981, 0, 10462
ng20, 3.5, 215.8, 204.5, 9.0, 1, 47685.9927, 28133.7214, 0, 12533
ng20, 3.6, 308.0, 296.1, 9.3, 1, 47675.0251, 35328.6141, 0, 11118
ng20, 2.9, 1537.4, 1468.9, 62.9, 1, 47658.4407, 42169.8545, 0, 9095
ng20, 2.4, 3595.4, 2558.0, 386.6, 1, 47647.7584, 42162.2479, 0, 6216
ng20, 0.7, 3714.8, 3553.5, 151.8, 1, 47624.2682, 45321.3719, 0, 1751
ng20, 1.3, 3109.8, 2980.2, 120.7, 1, 47611.1762, 43129.9893, 0, 3877
ng20, 841.0, 12539.4, 5663.4, 1664.5, 1, 47604.8598, 46391.8186, 0, 362
