Instance, X-n148-k46
capacity, 18
min_trucks, 47
output_file, output_uchoa/X-n148-k46-ng8.log
Start date, 2022-06-20
Start time, 13-01-01
capacity, 18
num_vehicles, 47
abort_early, False
methods, ['ng8']
max_vars, 1000000
time_limit, 86400
farley, False
initial time, initial max_it, max_stale_it
1e-05, 2000000000.0, 20
heuristic Number of routes, heuristic Best Solution Value, heuristic number of iterations, adjusted time, adjusted max_it
11273, 43448.0, 11680, 0.1, 200000.0
method, python time, total time, propagated dominance time, unpropagated dominance time, pricing_success, upper_bound, lower_bound, abort_early, num_paths, 
ng8, 0.1, 0.1, 0.0, 0.0, 1, 43141.3108, 37133.4705, 0, 38
ng8, -0.0, 0.2, 0.0, 0.0, 1, 43125.8567, 42363.4668, 0, 7
ng8, 0.0, 0.1, 0.0, 0.0, 1, 43124.5363, 43124.5363, 0, 0
scip_total_time, 1228.997199
Solval, number of paths, impact cutoff
43124.53631851852, 104, 0.0001
Elementary, 2-Cycle, Path Value, Path
True, True, 0.5, (0, 23, 47, 46, 0)
True, True, 1.0, (0, 131, 144, 65, 0)
True, True, 0.6667, (0, 94, 41, 78, 0)
True, True, 1.0, (0, 56, 30, 0)
True, True, 1.0, (0, 97, 132, 0)
True, True, 1.0, (0, 124, 121, 140, 0)
True, True, 0.5, (0, 38, 69, 29, 25, 0)
True, True, 1.0, (0, 93, 21, 0)
True, True, 1.0, (0, 72, 58, 43, 0)
True, True, 1.0, (0, 83, 76, 143, 0)
True, True, 1.0, (0, 95, 87, 0)
True, True, 1.0, (0, 28, 5, 71, 0)
True, True, 1.0, (0, 22, 55, 27, 0)
True, True, 0.875, (0, 96, 33, 36, 13, 66, 145, 49, 0)
True, True, 0.5, (0, 2, 122, 86, 0)
True, True, 0.875, (0, 123, 91, 79, 92, 0)
True, True, 0.2009, (0, 17, 112, 70, 142, 0)
True, True, 0.875, (0, 113, 35, 0)
True, True, 0.9732, (0, 85, 110, 137, 0)
True, True, 1.0, (0, 18, 75, 0)
True, True, 0.9018, (0, 106, 136, 0)
True, True, 1.0, (0, 44, 88, 0)
True, True, 0.952, (0, 68, 54, 10, 129, 0)
True, True, 0.904, (0, 14, 61, 67, 98, 0)
True, True, 0.76, (0, 7, 81, 120, 0)
True, True, 1.0, (0, 105, 40, 0)
True, True, 0.8887, (0, 8, 3, 12, 117, 0)
True, True, 0.8001, (0, 16, 74, 108, 0)
True, True, 1.0, (0, 19, 102, 138, 64, 60, 0)
True, True, 0.5, (0, 39, 89, 0)
True, True, 0.1667, (0, 45, 133, 141, 147, 0)
True, True, 0.125, (0, 91, 139, 0)
True, True, 0.3333, (0, 100, 6, 48, 119, 80, 0)
True, True, 0.5, (0, 47, 73, 0)
True, True, 0.1113, (0, 15, 3, 12, 16, 0)
True, True, 1.0, (0, 59, 1, 0)
True, True, 1.0, (0, 107, 62, 118, 0)
True, True, 0.1851, (0, 100, 48, 103, 101, 0)
True, True, 0.1467, (0, 57, 81, 120, 20, 0)
True, True, 0.5, (0, 126, 89, 39, 0)
True, True, 0.3333, (0, 20, 80, 103, 101, 0)
True, True, 0.048, (0, 129, 106, 0)
True, True, 0.0227, (0, 31, 15, 117, 74, 0)
True, True, 0.5, (0, 99, 42, 46, 0)
True, True, 0.125, (0, 128, 146, 92, 0)
True, True, 0.5, (0, 77, 109, 134, 0)
True, True, 0.0982, (0, 136, 32, 82, 0)
True, True, 0.3333, (0, 103, 119, 80, 20, 0)
True, True, 0.1772, (0, 90, 74, 0)
True, True, 0.25, (0, 17, 112, 2, 0)
True, True, 0.5, (0, 99, 42, 0)
True, True, 0.6133, (0, 57, 130, 26, 0)
True, True, 0.5113, (0, 31, 90, 116, 0)
True, True, 0.5, (0, 45, 141, 51, 0)
True, True, 0.125, (0, 49, 145, 66, 13, 36, 33, 70, 0)
True, True, 0.5, (0, 84, 122, 0)
True, True, 0.125, (0, 111, 96, 34, 79, 17, 0)
True, True, 0.875, (0, 111, 146, 128, 0)
True, True, 0.875, (0, 139, 34, 0)
True, True, 0.0886, (0, 15, 16, 117, 108, 0)
True, True, 0.0268, (0, 137, 32, 82, 0)
True, True, 0.3115, (0, 15, 90, 116, 0)
True, True, 0.3333, (0, 25, 63, 24, 9, 11, 50, 0)
True, True, 0.3867, (0, 26, 37, 125, 114, 0)
True, True, 0.048, (0, 57, 7, 61, 67, 0)
True, True, 0.1113, (0, 115, 135, 125, 8, 0)
True, True, 0.3237, (0, 142, 32, 104, 82, 0)
True, True, 0.1482, (0, 100, 135, 115, 6, 52, 0)
True, True, 0.3333, (0, 147, 133, 78, 94, 0)
True, True, 0.5, (0, 134, 84, 86, 0)
True, True, 0.3333, (0, 147, 141, 50, 0)
True, True, 0.4754, (0, 127, 77, 142, 109, 0)
True, True, 0.3333, (0, 41, 133, 24, 11, 0)
True, True, 0.1667, (0, 9, 63, 29, 0)
True, True, 0.125, (0, 123, 35, 70, 0)
True, True, 0.3333, (0, 69, 9, 51, 0)
True, True, 0.1667, (0, 25, 29, 63, 38, 0)
True, True, 0.1667, (0, 50, 9, 24, 11, 38, 0)
True, True, 0.1851, (0, 6, 115, 135, 37, 0)
True, True, 0.259, (0, 52, 115, 135, 125, 0)
True, True, 0.1667, (0, 38, 11, 63, 29, 0)
True, True, 0.2907, (0, 130, 114, 4, 0)
True, True, 0.5246, (0, 104, 32, 127, 0)
True, True, 0.5, (0, 23, 73, 126, 0)
True, True, 0.1113, (0, 31, 15, 108, 116, 125, 0)
True, True, 0.125, (0, 70, 113, 104, 82, 0)
True, True, 0.1667, (0, 147, 133, 24, 63, 69, 0)
True, True, 0.2964, (0, 37, 135, 115, 52, 0)
True, True, 0.0246, (0, 109, 77, 85, 0)
True, True, 0.0022, (0, 106, 82, 85, 0)
True, True, 0.096, (0, 98, 57, 7, 130, 0)
True, True, 0.0268, (0, 32, 104, 110, 0)
True, True, 0.4241, (0, 17, 112, 70, 82, 0)
True, True, 0.3333, (0, 100, 6, 48, 119, 101, 0)
True, True, 0.048, (0, 68, 10, 106, 0)
False, False, 0.3227, (0, 53, 114, 53, 0)
False, False, 0.125, (0, 2, 112, 2, 0)
True, True, 0.048, (0, 57, 7, 67, 14, 0)
False, False, 0.0659, (0, 37, 125, 116, 125, 37, 0)
False, True, 0.1667, (0, 45, 51, 50, 45, 0)
False, True, 0.1482, (0, 52, 101, 103, 48, 52, 0)
False, True, 0.3547, (0, 4, 31, 15, 4, 53, 0)
False, True, 0.0933, (0, 20, 120, 81, 20, 0)
True, True, 0.048, (0, 54, 14, 61, 7, 57, 0)
all_elementary, False
all_cyc2, False
