Instance, X-n139-k10
capacity, 106
min_trucks, 10
output_file, output_uchoa/X-n139-k10-ng20.log
Start date, 2022-06-22
Start time, 05-00-31
capacity, 106
num_vehicles, 10
abort_early, False
methods, ['ng20']
max_vars, 1000000
time_limit, 86400
farley, False
initial time, initial max_it, max_stale_it
1e-05, 2000000000.0, 20
heuristic Number of routes, heuristic Best Solution Value, heuristic number of iterations, adjusted time, adjusted max_it
341826, 13590.0, 181047, 0.1, 200000.0
method, python time, total time, propagated dominance time, unpropagated dominance time, pricing_success, upper_bound, lower_bound, abort_early, num_paths, 
ng20, 182.6, 16426.8, 4840.6, 2774.9, 1, 13356.1426, 11844.0117, 0, 11838
ng20, 0.3, 11847.4, 5422.3, 2040.6, 1, 13352.8418, 12907.7259, 0, 486
ng20, 0.2, 5554.5, 4943.9, 588.3, 1, 13332.538, 13133.8704, 0, 144
ng20, 0.1, 5193.6, 4668.7, 503.3, 1, 13329.2523, 13135.5184, 0, 124
ng20, 0.1, 5371.8, 4806.0, 544.0, 1, 13327.8892, 13242.0291, 0, 21
ng20, 0.2, 6723.4, 5225.8, 882.8, 1, 13326.6883, 13280.3709, 0, 11
ng20, 0.1, 5503.5, 4874.1, 607.3, 1, 13326.6551, 13321.0681, 0, 2
ng20, 0.2, 5415.4, 4818.8, 575.0, 1, 13326.6311, 13326.6311, 0, 0
scip_total_time, 77053.285395
Solval, number of paths, impact cutoff
13326.631118530018, 86, 0.0001
Elementary, 2-Cycle, Path Value, Path
True, True, 0.094, (0, 109, 10, 13, 97, 31, 80, 41, 92, 78, 35, 58, 110, 45, 0)
True, True, 0.2174, (0, 104, 86, 33, 135, 14, 11, 128, 119, 47, 17, 37, 40, 134, 102, 0)
True, True, 0.0591, (0, 3, 29, 44, 72, 12, 90, 113, 6, 5, 96, 53, 129, 49, 2, 99, 87, 0)
True, True, 0.0753, (0, 29, 57, 8, 15, 65, 48, 19, 66, 72, 117, 87, 52, 126, 95, 0)
True, True, 0.1864, (0, 71, 100, 67, 42, 59, 60, 15, 8, 39, 51, 84, 30, 7, 3, 0)
True, True, 0.3239, (0, 117, 12, 90, 113, 6, 5, 96, 53, 129, 49, 2, 99, 52, 126, 95, 0)
True, True, 0.0688, (0, 16, 32, 114, 137, 112, 22, 94, 69, 108, 26, 9, 23, 4, 124, 0)
True, True, 0.2634, (0, 124, 9, 26, 108, 94, 69, 38, 131, 34, 115, 27, 123, 50, 74, 0)
True, True, 0.2274, (0, 20, 73, 120, 78, 80, 41, 92, 107, 132, 93, 130, 127, 64, 133, 75, 0)
True, True, 0.0434, (0, 79, 73, 120, 78, 80, 41, 92, 107, 132, 93, 130, 127, 64, 133, 75, 0)
True, True, 0.075, (0, 123, 27, 115, 34, 131, 38, 69, 94, 108, 26, 9, 23, 4, 62, 0)
True, True, 0.0057, (0, 81, 33, 135, 14, 102, 100, 67, 42, 59, 60, 39, 51, 84, 7, 0)
True, True, 0.0874, (0, 95, 126, 52, 87, 99, 2, 36, 125, 25, 137, 114, 24, 85, 118, 0)
True, True, 0.538, (0, 111, 105, 82, 106, 77, 43, 46, 55, 18, 1, 21, 138, 122, 0)
True, True, 0.2228, (0, 70, 123, 27, 115, 34, 131, 38, 69, 94, 108, 26, 23, 4, 62, 0)
True, True, 0.0178, (0, 95, 126, 52, 36, 125, 25, 112, 22, 137, 114, 24, 85, 118, 32, 0)
True, True, 0.0567, (0, 32, 114, 137, 112, 22, 108, 94, 69, 38, 131, 34, 115, 27, 123, 0)
True, True, 0.072, (0, 70, 74, 50, 123, 27, 115, 34, 131, 38, 69, 94, 108, 26, 9, 16, 0)
True, True, 0.0671, (0, 62, 4, 23, 38, 131, 34, 115, 27, 123, 50, 31, 97, 13, 0)
True, True, 0.0787, (0, 124, 9, 26, 108, 94, 69, 38, 131, 34, 115, 27, 123, 74, 10, 0)
True, True, 0.0851, (0, 45, 110, 58, 35, 78, 92, 107, 132, 93, 130, 127, 64, 133, 75, 54, 0)
True, True, 0.0124, (0, 124, 4, 23, 26, 108, 94, 69, 38, 131, 34, 115, 27, 123, 70, 0)
True, True, 0.3071, (0, 109, 10, 74, 50, 31, 97, 13, 58, 35, 110, 45, 20, 79, 0)
True, True, 0.035, (0, 73, 120, 78, 80, 41, 92, 107, 132, 93, 130, 127, 64, 133, 75, 56, 0)
True, True, 0.0113, (0, 81, 33, 135, 14, 134, 40, 37, 17, 11, 101, 86, 104, 89, 0)
True, True, 0.0025, (0, 16, 114, 137, 112, 22, 108, 94, 69, 38, 131, 34, 115, 27, 123, 70, 0)
True, True, 0.0458, (0, 109, 10, 74, 50, 123, 27, 115, 34, 131, 38, 4, 62, 124, 0)
True, True, 0.5115, (0, 7, 30, 84, 51, 39, 8, 15, 60, 59, 42, 67, 100, 71, 91, 0)
True, True, 0.09, (0, 88, 70, 10, 13, 97, 31, 80, 41, 78, 35, 58, 110, 45, 0)
True, True, 0.0116, (0, 23, 26, 108, 94, 69, 38, 131, 34, 115, 27, 123, 50, 10, 109, 0)
True, True, 0.047, (0, 109, 10, 74, 50, 123, 27, 115, 34, 31, 97, 13, 58, 35, 73, 0)
True, True, 0.094, (0, 76, 111, 105, 82, 106, 43, 46, 55, 18, 1, 21, 103, 28, 0)
True, True, 0.064, (0, 89, 81, 71, 100, 67, 42, 59, 60, 15, 8, 39, 51, 84, 0)
True, True, 0.1182, (0, 29, 57, 44, 65, 48, 61, 19, 66, 12, 117, 87, 52, 126, 95, 0)
True, True, 0.047, (0, 124, 62, 131, 38, 69, 94, 108, 22, 112, 137, 114, 24, 85, 118, 0)
True, True, 0.2267, (0, 91, 89, 81, 71, 100, 67, 42, 59, 60, 39, 51, 84, 30, 7, 0)
True, True, 0.102, (0, 95, 126, 99, 2, 49, 53, 129, 36, 125, 25, 137, 114, 32, 16, 0)
True, True, 0.011, (0, 109, 10, 74, 50, 123, 27, 115, 34, 131, 38, 23, 4, 62, 0)
True, True, 0.0697, (0, 7, 30, 57, 44, 65, 48, 61, 19, 66, 72, 117, 87, 52, 126, 95, 0)
True, True, 0.0162, (0, 3, 29, 44, 72, 117, 49, 53, 129, 36, 125, 25, 137, 114, 24, 85, 118, 0)
True, True, 0.1751, (0, 88, 70, 10, 74, 50, 31, 97, 13, 58, 35, 120, 73, 121, 79, 0)
True, True, 0.094, (0, 109, 10, 13, 97, 31, 80, 41, 92, 107, 132, 93, 127, 64, 75, 0)
True, True, 0.1061, (0, 124, 62, 4, 23, 26, 9, 22, 112, 137, 114, 24, 85, 32, 16, 0)
True, True, 0.0113, (0, 71, 102, 134, 40, 37, 17, 11, 101, 128, 116, 68, 83, 136, 104, 0)
True, True, 0.2808, (0, 104, 86, 136, 83, 68, 116, 128, 119, 47, 17, 37, 40, 134, 102, 81, 0)
True, True, 0.0283, (0, 16, 32, 118, 85, 24, 114, 137, 25, 125, 36, 129, 53, 49, 117, 29, 0)
True, True, 0.0551, (0, 118, 114, 137, 112, 22, 94, 69, 108, 26, 23, 4, 62, 70, 88, 0)
True, True, 0.094, (0, 81, 102, 134, 40, 37, 17, 47, 119, 128, 101, 116, 68, 83, 136, 63, 0)
True, True, 0.1627, (0, 57, 44, 72, 66, 19, 61, 6, 5, 96, 53, 129, 49, 2, 99, 87, 0)
True, True, 0.051, (0, 52, 87, 99, 2, 49, 53, 129, 36, 125, 25, 137, 114, 85, 118, 0)
True, True, 0.0578, (0, 89, 104, 136, 83, 68, 116, 101, 11, 17, 37, 40, 134, 102, 81, 0)
True, True, 0.0285, (0, 104, 136, 83, 68, 116, 128, 101, 11, 17, 37, 40, 134, 102, 81, 0)
True, True, 0.1627, (0, 29, 57, 15, 65, 48, 61, 19, 66, 72, 117, 87, 52, 126, 95, 0)
True, True, 0.08, (0, 45, 110, 35, 58, 13, 97, 31, 80, 41, 78, 120, 73, 121, 0)
True, True, 0.0057, (0, 81, 33, 135, 14, 102, 100, 67, 42, 59, 60, 39, 51, 84, 30, 0)
True, True, 0.0342, (0, 70, 62, 123, 27, 115, 34, 131, 38, 69, 94, 108, 26, 23, 124, 0)
True, True, 0.094, (0, 76, 111, 105, 82, 106, 77, 130, 93, 132, 107, 133, 120, 73, 121, 54, 0)
True, True, 0.1696, (0, 3, 98, 0)
False, True, 0.2617, (0, 98, 3, 56, 91, 89, 104, 63, 28, 103, 138, 122, 76, 56, 0)
False, True, 0.3102, (0, 16, 32, 118, 85, 24, 36, 125, 25, 112, 22, 137, 114, 32, 16, 0)
True, True, 0.0501, (0, 63, 28, 103, 136, 83, 68, 116, 101, 11, 14, 135, 33, 86, 81, 0)
False, True, 0.2249, (0, 98, 56, 54, 79, 121, 20, 45, 110, 109, 88, 124, 98, 0)
False, True, 0.1189, (0, 3, 56, 54, 79, 121, 20, 45, 110, 109, 88, 124, 3, 98, 0)
True, True, 0.062, (0, 63, 28, 103, 136, 83, 68, 116, 101, 11, 14, 135, 33, 86, 104, 0)
True, True, 0.1217, (0, 75, 133, 64, 127, 130, 93, 132, 107, 92, 41, 80, 58, 35, 73, 20, 0)
True, True, 0.146, (0, 63, 28, 103, 21, 18, 1, 119, 47, 11, 101, 14, 135, 33, 0)
True, True, 0.1858, (0, 89, 86, 33, 135, 14, 11, 101, 116, 68, 83, 136, 103, 28, 63, 0)
True, True, 0.094, (0, 54, 75, 133, 64, 127, 130, 77, 43, 46, 55, 18, 1, 103, 28, 63, 0)
False, True, 0.0759, (0, 76, 111, 105, 82, 106, 77, 43, 46, 55, 18, 1, 21, 76, 0)
True, True, 0.336, (0, 118, 85, 24, 36, 125, 25, 112, 22, 9, 23, 4, 62, 70, 88, 0)
True, True, 0.1926, (0, 89, 86, 33, 135, 14, 101, 128, 119, 47, 17, 37, 40, 134, 102, 0)
True, True, 0.052, (0, 56, 76, 111, 105, 82, 106, 77, 43, 46, 55, 18, 1, 103, 0)
False, True, 0.146, (0, 76, 122, 138, 21, 55, 46, 43, 77, 106, 82, 105, 111, 76, 0)
True, True, 0.0753, (0, 87, 99, 2, 49, 129, 53, 113, 90, 66, 19, 61, 48, 65, 44, 0)
False, True, 0.1687, (0, 54, 75, 133, 64, 127, 130, 93, 132, 107, 92, 41, 80, 78, 120, 54, 0)
True, True, 0.1063, (0, 81, 102, 134, 40, 37, 17, 11, 101, 128, 116, 68, 83, 136, 28, 63, 0)
False, True, 0.1307, (0, 121, 73, 120, 78, 92, 107, 132, 93, 130, 127, 64, 133, 75, 121, 79, 0)
True, True, 0.0445, (0, 44, 65, 48, 19, 66, 12, 90, 113, 53, 129, 49, 2, 99, 87, 0)
True, True, 0.0692, (0, 3, 81, 33, 135, 14, 11, 47, 119, 128, 116, 68, 83, 136, 104, 0)
True, True, 0.0457, (0, 56, 54, 121, 73, 120, 78, 41, 80, 31, 97, 13, 10, 109, 0)
True, True, 0.0543, (0, 76, 122, 138, 103, 136, 83, 68, 116, 101, 11, 14, 135, 33, 0)
True, True, 0.051, (0, 118, 24, 114, 137, 25, 125, 36, 129, 53, 49, 2, 99, 87, 52, 0)
False, True, 0.2486, (0, 29, 44, 65, 48, 66, 19, 61, 6, 5, 96, 113, 90, 12, 72, 29, 0)
False, True, 0.1627, (0, 57, 8, 65, 48, 61, 6, 5, 96, 113, 90, 12, 117, 72, 44, 57, 0)
True, True, 0.0429, (0, 95, 126, 52, 87, 99, 2, 49, 129, 53, 113, 90, 12, 72, 44, 57, 0)
True, True, 0.0429, (0, 29, 117, 49, 129, 53, 96, 5, 6, 113, 90, 66, 19, 48, 65, 57, 0)
all_elementary, False
all_cyc2, True
