Instance, X-n110-k13
capacity, 66
min_trucks, 13
output_file, output_uchoa/X-n110-k13-SPPRC.log
Start date, 2022-06-22
Start time, 16-11-15
capacity, 66
num_vehicles, 13
abort_early, False
methods, ['SPPRC']
max_vars, 1000000
time_limit, 86400
farley, False
initial time, initial max_it, max_stale_it
1e-05, 2000000000.0, 20
heuristic Number of routes, heuristic Best Solution Value, heuristic number of iterations, adjusted time, adjusted max_it
2065, 14971.0, 726, 1.0, 20000.0
method, python time, total time, propagated dominance time, unpropagated dominance time, pricing_success, upper_bound, lower_bound, abort_early, num_paths, 
SPPRC, 0.5, 0.0, 0.0, 0.0, 1, 14792.2896, -10701.862, 0, 1527
SPPRC, 0.3, 0.1, 0.0, 0.0, 1, 14790.6159, 164.5529, 0, 1277
SPPRC, 0.3, 0.1, 0.0, 0.0, 1, 14780.6937, -97.6507, 0, 1065
SPPRC, 0.2, 0.1, 0.0, 0.0, 1, 14699.7648, 5460.9465, 0, 867
SPPRC, 0.2, 0.1, 0.0, 0.0, 1, 14590.5241, 7890.8068, 0, 741
SPPRC, 0.2, 0.1, 0.0, 0.0, 1, 14446.8318, 8777.3546, 0, 776
SPPRC, 0.1, 0.1, 0.0, 0.0, 1, 14360.1807, 11596.0234, 0, 543
SPPRC, 0.1, 0.1, 0.0, 0.0, 1, 14193.0416, 10973.9694, 0, 412
SPPRC, 0.1, 0.1, 0.0, 0.0, 1, 14113.7039, 12292.8502, 0, 293
SPPRC, 0.0, 0.1, 0.0, 0.0, 1, 14046.9158, 13079.7702, 0, 158
SPPRC, 0.0, 0.1, 0.0, 0.0, 1, 13994.2168, 13058.7993, 0, 116
SPPRC, -0.0, 0.1, 0.0, 0.0, 1, 13964.9397, 13246.2487, 0, 74
SPPRC, -0.0, 0.1, 0.0, 0.0, 1, 13943.0147, 13488.0568, 0, 48
SPPRC, -0.0, 0.1, 0.0, 0.0, 1, 13933.189, 13727.3709, 0, 20
SPPRC, -0.0, 0.1, 0.0, 0.0, 1, 13925.9941, 13759.8875, 0, 13
SPPRC, -0.0, 0.1, 0.0, 0.0, 1, 13924.739, 13866.239, 0, 5
SPPRC, -0.0, 0.1, 0.0, 0.0, 1, 13924.6265, 13906.2932, 0, 2
SPPRC, -0.0, 0.1, 0.0, 0.0, 1, 13924.6216, 13924.6216, 0, 0
scip_total_time, 218.286327
Solval, number of paths, impact cutoff
13924.621570535184, 96, 0.0001
Elementary, 2-Cycle, Path Value, Path
True, True, 0.7895, (0, 79, 32, 74, 78, 29, 16, 90, 1, 0)
False, False, 0.0494, (0, 21, 75, 21, 75, 21, 75, 21, 58, 0)
False, False, 0.1209, (0, 54, 96, 88, 21, 75, 21, 75, 21, 0)
False, False, 0.2105, (0, 90, 16, 70, 44, 81, 44, 70, 23, 0)
False, False, 0.2149, (0, 54, 96, 88, 75, 21, 75, 88, 96, 54, 0)
False, False, 0.1053, (0, 1, 78, 29, 81, 44, 81, 70, 23, 0)
False, False, 0.25, (0, 50, 39, 28, 31, 28, 31, 28, 39, 0)
False, False, 0.0634, (0, 100, 10, 86, 10, 86, 10, 86, 10, 86, 47, 40, 0)
False, False, 0.039, (0, 55, 76, 55, 76, 55, 76, 55, 56, 0)
False, False, 0.09, (0, 68, 96, 88, 75, 21, 75, 88, 96, 68, 0)
False, False, 0.0526, (0, 13, 82, 107, 7, 107, 7, 107, 82, 0)
False, False, 0.1306, (0, 100, 10, 72, 63, 72, 63, 72, 10, 100, 0)
False, False, 0.2059, (0, 70, 44, 81, 94, 37, 94, 37, 7, 107, 0)
False, False, 0.1875, (0, 52, 50, 52, 50, 52, 50, 52, 50, 0)
False, False, 0.0349, (0, 27, 17, 59, 95, 59, 95, 59, 95, 59, 17, 0)
False, False, 0.2285, (0, 71, 2, 43, 93, 43, 93, 43, 99, 0)
False, False, 0.5, (0, 14, 3, 108, 91, 108, 3, 14, 0)
False, False, 0.0726, (0, 49, 19, 58, 41, 12, 41, 12, 58, 19, 0)
True, True, 0.2214, (0, 48, 82, 107, 7, 35, 73, 47, 40, 0)
False, False, 0.1346, (0, 68, 54, 96, 88, 21, 88, 96, 54, 68, 0)
False, False, 0.1548, (0, 48, 82, 57, 82, 57, 13, 23, 0)
False, False, 0.082, (0, 48, 57, 82, 107, 82, 57, 48, 0)
False, False, 0.1306, (0, 19, 58, 63, 72, 63, 72, 63, 58, 0)
False, False, 0.0799, (0, 49, 62, 8, 62, 8, 62, 8, 62, 0)
False, False, 0.0526, (0, 1, 78, 29, 81, 44, 81, 29, 78, 0)
False, False, 0.25, (0, 91, 5, 46, 5, 46, 5, 91, 0)
False, False, 0.2, (0, 25, 102, 33, 9, 33, 9, 33, 102, 25, 0)
False, False, 0.2152, (0, 70, 44, 81, 94, 37, 94, 37, 7, 35, 0)
False, False, 0.2299, (0, 48, 57, 13, 23, 13, 57, 48, 0)
False, False, 0.0526, (0, 7, 37, 94, 37, 94, 37, 94, 81, 70, 0)
False, False, 0.2485, (0, 40, 47, 73, 35, 73, 35, 73, 86, 100, 0)
False, False, 0.1028, (0, 19, 68, 54, 68, 41, 12, 41, 12, 58, 19, 0)
False, False, 0.125, (0, 52, 39, 31, 28, 31, 28, 31, 39, 52, 0)
False, False, 0.0526, (0, 38, 79, 32, 79, 32, 79, 32, 79, 1, 0)
True, True, 0.0333, (0, 40, 35, 7, 107, 82, 57, 13, 23, 0)
False, False, 0.105, (0, 38, 89, 45, 34, 45, 34, 89, 38, 0)
False, False, 0.2813, (0, 30, 56, 55, 76, 55, 76, 55, 56, 30, 0)
False, False, 0.1907, (0, 19, 58, 12, 41, 12, 41, 12, 41, 68, 0)
False, False, 0.2711, (0, 27, 65, 36, 64, 36, 65, 59, 27, 0)
False, False, 0.2534, (0, 49, 8, 100, 62, 8, 62, 8, 49, 0)
False, False, 0.0739, (0, 65, 36, 64, 36, 64, 36, 65, 0)
True, True, 0.0333, (0, 47, 73, 35, 7, 107, 82, 57, 13, 0)
False, False, 0.1731, (0, 30, 56, 102, 9, 33, 9, 33, 9, 102, 25, 0)
False, False, 0.0171, (0, 69, 109, 69, 109, 69, 18, 69, 0)
False, False, 0.086, (0, 27, 65, 36, 64, 36, 99, 2, 71, 0)
False, False, 0.032, (0, 27, 17, 59, 65, 36, 64, 36, 99, 0)
False, False, 0.1573, (0, 80, 2, 93, 43, 93, 43, 2, 80, 0)
False, False, 0.1448, (0, 6, 77, 11, 51, 85, 51, 11, 46, 0)
False, False, 0.1253, (0, 40, 47, 86, 10, 86, 10, 86, 47, 40, 49, 0)
False, False, 0.099, (0, 71, 80, 71, 80, 71, 80, 71, 80, 2, 80, 71, 0)
False, False, 0.1164, (0, 6, 84, 4, 101, 102, 101, 4, 101, 4, 101, 4, 84, 6, 0)
False, False, 0.1331, (0, 23, 13, 107, 7, 107, 82, 13, 23, 0)
False, False, 0.2248, (0, 38, 89, 67, 34, 45, 34, 67, 89, 38, 0)
True, True, 0.1904, (0, 39, 17, 95, 59, 65, 99, 2, 80, 71, 0)
False, False, 0.1109, (0, 93, 104, 60, 61, 22, 83, 22, 61, 60, 104, 93, 0)
False, False, 0.0067, (0, 30, 83, 22, 61, 60, 61, 60, 104, 64, 99, 0)
False, False, 0.1119, (0, 11, 85, 51, 85, 51, 85, 51, 11, 0)
False, False, 0.2, (0, 66, 98, 66, 98, 66, 98, 66, 98, 66, 98, 0)
False, False, 0.1226, (0, 27, 17, 95, 59, 95, 17, 95, 17, 95, 17, 27, 0)
False, False, 0.0568, (0, 56, 76, 83, 22, 83, 22, 83, 76, 30, 0)
False, False, 0.0312, (0, 31, 17, 95, 59, 95, 17, 95, 59, 17, 31, 0)
False, False, 0.0526, (0, 105, 74, 20, 92, 20, 92, 20, 74, 32, 0)
False, False, 0.061, (0, 49, 40, 47, 86, 10, 86, 47, 40, 47, 40, 0)
False, False, 0.0493, (0, 46, 11, 85, 51, 85, 51, 11, 46, 0)
False, False, 0.0772, (0, 49, 19, 68, 54, 68, 41, 12, 58, 19, 49, 0)
False, False, 0.1735, (0, 19, 58, 63, 72, 63, 72, 10, 100, 62, 0)
False, False, 0.1353, (0, 105, 20, 92, 20, 92, 106, 42, 106, 67, 0)
False, False, 0.0299, (0, 109, 18, 25, 103, 24, 103, 25, 18, 69, 0)
False, False, 0.2328, (0, 84, 87, 26, 53, 15, 53, 15, 26, 87, 77, 0)
False, False, 0.0422, (0, 89, 67, 45, 67, 45, 34, 45, 89, 0)
False, False, 0.1685, (0, 56, 76, 83, 61, 60, 104, 60, 104, 64, 99, 0)
False, False, 0.0625, (0, 5, 46, 5, 46, 5, 46, 5, 0)
False, False, 0.2665, (0, 69, 109, 69, 109, 18, 109, 69, 0)
False, False, 0.0149, (0, 18, 84, 24, 4, 101, 102, 101, 4, 24, 84, 18, 0)
False, False, 0.1439, (0, 38, 89, 45, 34, 45, 34, 45, 38, 0)
False, False, 0.0596, (0, 27, 17, 59, 95, 59, 95, 59, 17, 31, 39, 0)
False, False, 0.188, (0, 105, 20, 92, 97, 42, 97, 42, 106, 67, 0)
False, False, 0.1748, (0, 99, 64, 104, 60, 61, 22, 83, 22, 83, 0)
False, False, 0.1053, (0, 105, 106, 97, 42, 97, 42, 106, 67, 89, 0)
False, False, 0.1203, (0, 105, 106, 42, 97, 42, 97, 92, 20, 105, 0)
False, False, 0.0341, (0, 109, 69, 109, 69, 109, 69, 109, 0)
False, False, 0.1776, (0, 6, 77, 11, 85, 51, 85, 11, 77, 6, 0)
False, False, 0.3134, (0, 18, 84, 24, 103, 24, 103, 24, 103, 25, 18, 0)
False, False, 0.0779, (0, 30, 83, 61, 22, 61, 22, 61, 22, 83, 30, 0)
False, False, 0.2672, (0, 6, 87, 26, 53, 15, 53, 15, 26, 87, 77, 0)
False, False, 0.0383, (0, 30, 76, 83, 61, 60, 104, 60, 104, 64, 99, 0)
False, False, 0.0677, (0, 105, 106, 97, 106, 97, 92, 20, 92, 105, 0)
False, False, 0.0748, (0, 99, 64, 104, 60, 61, 22, 61, 60, 104, 2, 0)
False, False, 0.0269, (0, 25, 4, 101, 9, 33, 9, 33, 9, 102, 25, 0)
False, False, 0.0328, (0, 46, 51, 85, 51, 85, 51, 11, 46, 0)
False, False, 0.0955, (0, 84, 4, 101, 102, 101, 4, 101, 4, 101, 4, 101, 4, 84, 0)
False, False, 0.0526, (0, 105, 74, 20, 92, 20, 92, 20, 74, 105, 0)
False, False, 0.0067, (0, 2, 93, 104, 60, 104, 60, 104, 60, 104, 60, 104, 30, 0)
False, False, 0.0015, (0, 31, 17, 95, 17, 59, 65, 59, 17, 31, 0)
False, False, 0.0376, (0, 67, 106, 42, 106, 97, 92, 20, 92, 105, 0)
False, False, 0.0035, (0, 46, 89, 34, 45, 34, 45, 34, 89, 0)
all_elementary, False
all_cyc2, False
