Instance, X-n110-k13
capacity, 66
min_trucks, 13
output_file, output_uchoa/X-n110-k13-cyc2.log
Start date, 2022-06-22
Start time, 16-14-54
capacity, 66
num_vehicles, 13
abort_early, False
methods, ['cyc2']
max_vars, 1000000
time_limit, 86400
farley, False
initial time, initial max_it, max_stale_it
1e-05, 2000000000.0, 20
heuristic Number of routes, heuristic Best Solution Value, heuristic number of iterations, adjusted time, adjusted max_it
14613, 14971.0, 16593, 0.01, 2000000.0
method, python time, total time, propagated dominance time, unpropagated dominance time, pricing_success, upper_bound, lower_bound, abort_early, num_paths, 
cyc2, 1.8, 0.6, 0.0, 0.0, 1, 14759.911, 7974.852, 0, 5898
cyc2, 0.4, 0.7, 0.0, 0.0, 1, 14718.8358, 12597.8913, 0, 1524
cyc2, 0.4, 0.7, 0.0, 0.0, 1, 14582.6934, 12079.7549, 0, 1533
cyc2, 0.1, 0.7, 0.0, 0.0, 1, 14555.8852, 13489.6778, 0, 276
cyc2, 0.1, 0.7, 0.0, 0.0, 1, 14528.7655, 13025.3836, 0, 375
cyc2, -0.0, 0.7, 0.0, 0.0, 1, 14520.7282, 14002.7026, 0, 58
cyc2, -0.0, 0.7, 0.0, 0.0, 1, 14514.7747, 14292.921, 0, 24
cyc2, -0.0, 0.7, 0.0, 0.0, 1, 14511.9514, 14405.0143, 0, 13
cyc2, -0.0, 0.7, 0.0, 0.0, 1, 14510.8282, 14393.4001, 0, 6
cyc2, -0.0, 0.7, 0.0, 0.0, 1, 14510.8241, 14510.8241, 0, 0
scip_total_time, 221.582246
Solval, number of paths, impact cutoff
14510.82406582429, 82, 0.0001
Elementary, 2-Cycle, Path Value, Path
True, True, 0.15, (0, 79, 32, 74, 20, 92, 97, 42, 106, 105, 0)
True, True, 0.4204, (0, 68, 54, 96, 88, 75, 21, 72, 63, 19, 0)
True, True, 0.4388, (0, 23, 13, 57, 107, 82, 48, 47, 40, 0)
True, True, 0.0796, (0, 54, 96, 88, 75, 21, 72, 63, 58, 0)
True, True, 0.6799, (0, 79, 32, 74, 78, 29, 16, 90, 1, 0)
True, True, 0.1598, (0, 93, 104, 60, 61, 22, 83, 76, 55, 56, 30, 0)
True, True, 0.3882, (0, 56, 55, 76, 83, 22, 61, 60, 104, 93, 80, 0)
True, True, 0.2407, (0, 10, 86, 73, 35, 7, 37, 94, 81, 44, 0)
True, True, 0.0638, (0, 43, 93, 104, 60, 61, 22, 83, 76, 55, 0)
True, True, 0.0154, (0, 79, 78, 29, 44, 70, 16, 90, 1, 0)
True, True, 0.1303, (0, 90, 16, 78, 29, 44, 70, 23, 13, 0)
True, True, 0.1593, (0, 52, 54, 96, 88, 75, 21, 72, 63, 19, 0)
True, True, 0.1547, (0, 67, 106, 42, 97, 92, 20, 74, 32, 79, 0)
True, True, 0.3407, (0, 100, 10, 63, 72, 21, 75, 88, 96, 54, 0)
True, True, 0.3882, (0, 30, 55, 76, 83, 22, 61, 60, 104, 93, 80, 0)
True, True, 0.086, (0, 48, 7, 37, 94, 81, 44, 70, 23, 0)
True, True, 0.0147, (0, 67, 106, 42, 97, 92, 20, 74, 78, 1, 0)
True, True, 0.0962, (0, 57, 107, 7, 37, 94, 81, 44, 70, 0)
True, True, 0.1019, (0, 71, 80, 2, 99, 65, 59, 95, 17, 27, 0)
True, True, 0.0147, (0, 107, 7, 37, 94, 81, 44, 29, 78, 32, 0)
True, True, 0.1218, (0, 27, 65, 36, 64, 43, 2, 80, 71, 0)
True, True, 0.0294, (0, 90, 70, 44, 81, 94, 37, 7, 48, 0)
True, True, 0.121, (0, 70, 44, 81, 94, 37, 7, 82, 48, 0)
True, True, 0.0206, (0, 100, 86, 73, 35, 7, 37, 94, 81, 44, 0)
True, True, 0.3201, (0, 23, 13, 57, 82, 107, 35, 73, 86, 0)
True, True, 0.276, (0, 70, 81, 94, 37, 7, 35, 73, 48, 0)
True, True, 0.0566, (0, 70, 44, 81, 94, 37, 35, 73, 47, 40, 0)
True, True, 0.086, (0, 13, 57, 82, 107, 7, 35, 73, 47, 0)
True, True, 0.0199, (0, 2, 43, 99, 65, 59, 95, 17, 31, 0)
False, True, 0.037, (0, 49, 8, 100, 62, 8, 100, 62, 8, 0)
False, True, 0.1674, (0, 14, 3, 108, 91, 3, 14, 49, 0)
False, True, 0.3607, (0, 52, 50, 39, 31, 28, 39, 50, 52, 0)
False, True, 0.0909, (0, 109, 18, 69, 109, 18, 69, 109, 0)
False, True, 0.2754, (0, 8, 62, 100, 10, 86, 47, 40, 8, 62, 0)
False, True, 0.2727, (0, 69, 109, 18, 69, 109, 18, 69, 0)
False, True, 0.145, (0, 1, 78, 29, 44, 70, 16, 90, 1, 0)
False, True, 0.0831, (0, 49, 8, 62, 100, 10, 86, 47, 40, 8, 0)
False, True, 0.0014, (0, 38, 89, 45, 67, 34, 45, 89, 38, 0)
False, True, 0.5, (0, 77, 11, 85, 51, 11, 85, 51, 46, 0)
False, True, 0.4204, (0, 68, 41, 12, 58, 41, 12, 58, 19, 49, 0)
False, True, 0.1991, (0, 27, 17, 95, 59, 17, 31, 28, 39, 50, 0)
False, True, 0.3319, (0, 38, 89, 67, 34, 45, 89, 46, 5, 0)
False, True, 0.1667, (0, 6, 77, 87, 26, 53, 15, 26, 87, 77, 6, 0)
False, True, 0.0147, (0, 70, 44, 81, 94, 37, 81, 29, 16, 0)
False, True, 0.0398, (0, 52, 39, 28, 31, 95, 17, 59, 95, 17, 27, 0)
False, True, 0.1803, (0, 28, 31, 17, 95, 59, 17, 95, 28, 31, 0)
False, True, 0.1639, (0, 38, 89, 67, 34, 45, 67, 34, 45, 38, 0)
False, True, 0.0199, (0, 39, 28, 31, 17, 95, 59, 17, 28, 39, 0)
False, True, 0.0796, (0, 58, 12, 41, 68, 12, 41, 68, 50, 52, 0)
False, True, 0.0007, (0, 5, 89, 67, 45, 34, 67, 45, 89, 0)
False, True, 0.0147, (0, 70, 44, 81, 94, 37, 7, 94, 37, 107, 0)
False, True, 0.086, (0, 49, 62, 8, 40, 100, 62, 8, 49, 0)
False, True, 0.3333, (0, 14, 3, 108, 91, 5, 108, 91, 0)
False, True, 0.166, (0, 14, 3, 108, 5, 91, 3, 14, 0)
True, True, 0.0147, (0, 16, 70, 44, 81, 94, 37, 7, 48, 0)
False, True, 0.0047, (0, 48, 82, 57, 107, 82, 57, 48, 0)
False, True, 0.0601, (0, 49, 62, 100, 40, 47, 86, 10, 100, 62, 49, 0)
False, True, 0.0909, (0, 25, 102, 33, 9, 102, 33, 9, 102, 56, 30, 0)
False, True, 0.0007, (0, 105, 92, 106, 42, 97, 92, 20, 74, 32, 0)
False, True, 0.1694, (0, 105, 92, 106, 42, 97, 92, 20, 105, 38, 0)
False, True, 0.0909, (0, 30, 56, 102, 33, 9, 102, 33, 9, 102, 103, 0)
False, True, 0.1667, (0, 98, 66, 53, 15, 98, 66, 53, 26, 87, 77, 0)
False, True, 0.0972, (0, 87, 26, 53, 66, 98, 15, 53, 26, 87, 84, 0)
False, True, 0.0139, (0, 87, 26, 53, 15, 98, 66, 53, 15, 66, 98, 0)
False, True, 0.1818, (0, 6, 84, 24, 103, 25, 24, 103, 25, 18, 109, 0)
False, True, 0.1118, (0, 99, 43, 64, 36, 99, 43, 2, 0)
False, True, 0.0738, (0, 71, 2, 99, 64, 36, 99, 65, 27, 0)
False, True, 0.1701, (0, 105, 20, 97, 106, 42, 97, 92, 20, 105, 0)
False, True, 0.0247, (0, 23, 13, 57, 107, 82, 57, 48, 0)
True, True, 0.2201, (0, 71, 2, 43, 64, 36, 65, 59, 27, 0)
True, True, 0.219, (0, 71, 2, 43, 64, 36, 65, 59, 95, 0)
False, True, 0.0909, (0, 6, 84, 24, 4, 101, 33, 9, 4, 24, 84, 6, 0)
False, True, 0.2639, (0, 84, 87, 26, 53, 15, 66, 98, 15, 66, 98, 0)
False, True, 0.0909, (0, 6, 84, 4, 101, 33, 9, 101, 4, 103, 25, 18, 0)
False, True, 0.1317, (0, 71, 2, 43, 99, 64, 36, 99, 71, 0)
False, True, 0.1681, (0, 38, 45, 67, 34, 45, 89, 46, 5, 0)
False, True, 0.2702, (0, 30, 56, 102, 101, 33, 9, 101, 4, 24, 103, 25, 0)
False, True, 0.1218, (0, 27, 65, 99, 64, 36, 99, 65, 27, 0)
False, True, 0.1701, (0, 34, 106, 42, 97, 106, 42, 92, 20, 105, 0)
False, True, 0.0139, (0, 6, 87, 26, 15, 98, 66, 53, 26, 87, 6, 0)
False, True, 0.1818, (0, 25, 103, 4, 101, 102, 33, 9, 4, 24, 84, 6, 0)
False, True, 0.0025, (0, 6, 84, 24, 4, 101, 33, 9, 101, 102, 103, 25, 0)
all_elementary, False
all_cyc2, True
