Instance, X-n200-k36
capacity, 402
min_trucks, 36
output_file, output_uchoa/X-n200-k36-ng8.log
Start date, 2022-06-22
Start time, 16-09-53
capacity, 402
num_vehicles, 36
abort_early, False
methods, ['ng8']
max_vars, 1000000
time_limit, 86400
farley, False
initial time, initial max_it, max_stale_it
1e-05, 2000000000.0, 20
heuristic Number of routes, heuristic Best Solution Value, heuristic number of iterations, adjusted time, adjusted max_it
58521, 58591.0, 20000, 1.0, 20000.0
method, python time, total time, propagated dominance time, unpropagated dominance time, pricing_success, upper_bound, lower_bound, abort_early, num_paths, 
ng8, 0.0, 61.8, 34.3, 25.4, 1, 58077.0732, 56748.0945, 0, 103
ng8, 0.1, 65.0, 36.1, 26.8, 1, 58051.819, 57840.1478, 0, 14
ng8, -0.0, 66.5, 36.9, 27.4, 1, 58050.044, 57905.2707, 0, 4
ng8, 0.0, 64.6, 35.8, 26.6, 1, 58049.9274, 58049.9274, 0, 0
scip_total_time, 19584.501566
Solval, number of paths, impact cutoff
58049.927376661595, 184, 0.0001
Elementary, 2-Cycle, Path Value, Path
True, True, 0.4409, (0, 102, 170, 133, 81, 69, 0)
True, True, 0.3676, (0, 196, 119, 169, 171, 59, 0)
True, True, 0.5728, (0, 75, 6, 117, 61, 49, 172, 0)
True, True, 0.8731, (0, 79, 162, 11, 84, 178, 0)
True, True, 0.5597, (0, 10, 20, 32, 12, 31, 0)
True, True, 0.8551, (0, 45, 113, 48, 58, 63, 0)
True, True, 0.3789, (0, 28, 179, 185, 77, 5, 0)
True, True, 0.5562, (0, 57, 46, 163, 188, 70, 74, 0)
True, True, 0.4086, (0, 186, 167, 190, 72, 145, 14, 17, 55, 0)
True, True, 0.0509, (0, 111, 83, 97, 147, 130, 115, 0)
True, True, 0.2324, (0, 153, 173, 195, 54, 183, 135, 0)
True, True, 0.44, (0, 128, 56, 37, 184, 199, 0)
True, True, 0.3573, (0, 127, 96, 137, 143, 141, 0)
True, True, 0.3574, (0, 90, 64, 21, 164, 174, 0)
True, True, 0.0971, (0, 102, 75, 69, 165, 110, 0)
True, True, 0.0724, (0, 48, 58, 28, 63, 12, 0)
True, True, 0.1707, (0, 23, 108, 110, 44, 29, 0)
True, True, 0.0551, (0, 74, 45, 12, 32, 10, 0)
True, True, 0.1404, (0, 164, 141, 143, 137, 96, 0)
True, True, 0.1047, (0, 172, 117, 6, 170, 75, 102, 0)
True, True, 0.0389, (0, 65, 68, 67, 62, 151, 142, 0)
True, True, 0.3852, (0, 10, 20, 32, 31, 18, 0)
True, True, 0.1868, (0, 74, 5, 77, 70, 188, 0)
True, True, 0.1667, (0, 180, 130, 147, 97, 83, 0)
True, True, 0.3128, (0, 77, 185, 179, 28, 12, 0)
True, True, 0.2918, (0, 42, 82, 152, 103, 191, 0)
True, True, 0.4837, (0, 141, 107, 192, 148, 197, 143, 0)
True, True, 0.1407, (0, 1, 124, 64, 90, 160, 0)
True, True, 0.5853, (0, 104, 8, 166, 41, 66, 0)
True, True, 0.1568, (0, 133, 168, 100, 138, 181, 0)
True, True, 0.1712, (0, 40, 27, 85, 78, 154, 121, 0)
True, True, 0.5389, (0, 76, 150, 4, 129, 109, 142, 26, 186, 0)
True, True, 0.6043, (0, 73, 156, 115, 94, 180, 0)
True, True, 0.2875, (0, 60, 36, 107, 192, 148, 0)
True, True, 0.0874, (0, 152, 131, 38, 89, 103, 0)
True, True, 0.1969, (0, 171, 169, 119, 59, 23, 0)
True, True, 0.0401, (0, 159, 191, 82, 152, 140, 0)
True, True, 0.1132, (0, 180, 156, 115, 153, 120, 0)
True, True, 0.331, (0, 118, 29, 9, 91, 136, 0)
True, True, 0.1595, (0, 106, 194, 46, 163, 57, 68, 0)
True, True, 0.0485, (0, 60, 126, 157, 99, 69, 0)
True, True, 0.2875, (0, 175, 122, 114, 146, 30, 149, 0)
True, True, 0.1174, (0, 49, 117, 133, 69, 75, 0)
True, True, 0.4204, (0, 25, 122, 146, 30, 43, 24, 0)
True, True, 0.1456, (0, 6, 16, 100, 138, 181, 61, 0)
True, True, 0.3225, (0, 23, 59, 119, 172, 196, 0)
True, True, 0.0838, (0, 177, 34, 71, 15, 91, 136, 0)
True, True, 0.1122, (0, 116, 128, 37, 56, 127, 0)
True, True, 0.3171, (0, 4, 109, 72, 145, 14, 17, 55, 0)
True, True, 0.3075, (0, 164, 21, 47, 64, 160, 0)
True, True, 0.1248, (0, 99, 168, 100, 138, 181, 0)
True, True, 0.2088, (0, 19, 89, 131, 103, 82, 0)
True, True, 0.0127, (0, 80, 44, 110, 169, 171, 0)
True, True, 0.2098, (0, 9, 144, 174, 112, 29, 0)
True, True, 0.214, (0, 150, 27, 85, 106, 78, 154, 0)
True, True, 0.4447, (0, 132, 191, 152, 82, 42, 0)
True, True, 0.3333, (0, 98, 97, 147, 130, 94, 158, 0)
True, True, 0.2668, (0, 8, 184, 13, 128, 95, 0)
True, True, 0.1592, (0, 41, 43, 30, 146, 114, 25, 0)
True, True, 0.6266, (0, 53, 123, 182, 193, 87, 134, 140, 0)
True, True, 0.0383, (0, 13, 199, 184, 8, 50, 0)
True, True, 0.4437, (0, 124, 165, 139, 86, 108, 0)
True, True, 0.0567, (0, 176, 122, 114, 146, 43, 66, 0)
True, True, 0.181, (0, 128, 13, 56, 127, 95, 0)
True, True, 0.0541, (0, 1, 124, 64, 174, 9, 0)
True, True, 0.3098, (0, 23, 171, 169, 49, 196, 0)
True, True, 0.2816, (0, 16, 157, 2, 138, 181, 61, 0)
True, True, 0.2087, (0, 103, 131, 38, 7, 187, 52, 111, 0)
True, True, 0.1653, (0, 108, 110, 44, 80, 118, 0)
True, True, 0.3794, (0, 142, 67, 68, 194, 88, 106, 125, 0)
True, True, 0.1025, (0, 101, 132, 149, 30, 43, 0)
True, True, 0.1936, (0, 3, 50, 35, 105, 155, 0)
True, True, 0.0365, (0, 162, 11, 179, 185, 74, 0)
True, True, 0.0971, (0, 170, 157, 168, 138, 181, 0)
True, True, 0.0658, (0, 47, 60, 99, 165, 108, 0)
True, True, 0.1002, (0, 155, 105, 93, 104, 95, 0)
True, True, 0.0167, (0, 184, 8, 166, 41, 66, 0)
True, True, 0.0341, (0, 144, 95, 22, 51, 33, 0)
True, True, 0.0539, (0, 5, 185, 11, 162, 79, 0)
True, True, 0.3146, (0, 155, 35, 50, 93, 104, 0)
True, True, 0.1947, (0, 174, 164, 21, 124, 90, 0)
True, True, 0.037, (0, 150, 109, 72, 145, 14, 17, 186, 0)
True, True, 0.0827, (0, 1, 165, 69, 170, 102, 0)
True, True, 0.0146, (0, 101, 42, 82, 152, 191, 0)
True, True, 0.42, (0, 34, 71, 15, 51, 22, 33, 0)
True, True, 0.5603, (0, 167, 190, 67, 62, 151, 65, 0)
True, True, 0.5728, (0, 16, 168, 100, 2, 157, 126, 0)
True, True, 0.036, (0, 108, 110, 69, 165, 139, 0)
True, True, 0.1815, (0, 199, 184, 166, 24, 66, 0)
True, True, 0.1592, (0, 24, 25, 114, 122, 176, 56, 0)
True, True, 0.0005, (0, 102, 170, 69, 165, 86, 0)
True, True, 0.1096, (0, 5, 185, 179, 84, 28, 0)
True, True, 0.0567, (0, 13, 184, 166, 8, 198, 0)
True, True, 0.1158, (0, 180, 130, 115, 173, 153, 0)
True, True, 0.0362, (0, 93, 8, 166, 66, 198, 0)
True, True, 0.1456, (0, 47, 36, 2, 138, 181, 0)
True, True, 0.0437, (0, 144, 112, 160, 174, 44, 0)
True, True, 0.479, (0, 176, 175, 197, 137, 96, 0)
True, True, 0.1012, (0, 105, 50, 93, 95, 22, 0)
True, True, 0.2725, (0, 149, 19, 38, 7, 134, 0)
True, True, 0.1129, (0, 59, 119, 169, 171, 29, 0)
True, True, 0.1589, (0, 111, 52, 39, 187, 7, 89, 19, 131, 0)
True, True, 0.3523, (0, 3, 116, 50, 35, 105, 0)
True, True, 0.3932, (0, 9, 144, 112, 44, 80, 0)
True, True, 0.1185, (0, 108, 99, 126, 60, 36, 0)
True, True, 0.3043, (0, 97, 140, 87, 193, 123, 182, 39, 52, 0)
True, True, 0.7676, (0, 195, 54, 101, 159, 198, 0)
True, True, 0.012, (0, 9, 112, 144, 95, 22, 0)
True, True, 0.1343, (0, 52, 187, 7, 38, 89, 131, 42, 0)
True, True, 0.197, (0, 189, 95, 116, 3, 155, 0)
True, True, 0.0093, (0, 13, 176, 175, 148, 197, 141, 0)
True, True, 0.0304, (0, 30, 19, 89, 38, 7, 187, 52, 0)
True, True, 0.3402, (0, 93, 13, 199, 37, 127, 0)
True, True, 0.0149, (0, 135, 153, 173, 156, 120, 94, 0)
True, True, 0.5038, (0, 118, 136, 91, 161, 158, 111, 0)
True, True, 0.4008, (0, 62, 151, 68, 194, 88, 0)
True, True, 0.2195, (0, 60, 36, 148, 175, 176, 0)
True, True, 0.2613, (0, 132, 149, 43, 114, 25, 0)
True, True, 0.0211, (0, 111, 97, 140, 152, 42, 159, 0)
True, True, 0.1158, (0, 156, 115, 147, 97, 83, 0)
True, True, 0.0187, (0, 47, 197, 143, 137, 96, 0)
True, True, 0.0173, (0, 113, 48, 28, 179, 84, 0)
True, True, 0.1132, (0, 71, 155, 105, 183, 173, 135, 0)
True, True, 0.0814, (0, 136, 51, 189, 116, 155, 0)
True, True, 0.6148, (0, 92, 40, 125, 78, 154, 121, 18, 0)
True, True, 0.1081, (0, 99, 81, 133, 117, 75, 0)
True, True, 0.1498, (0, 40, 27, 85, 65, 129, 150, 92, 0)
True, True, 0.1769, (0, 110, 69, 81, 133, 6, 0)
True, True, 0.1281, (0, 135, 183, 173, 153, 156, 120, 0)
True, True, 0.0125, (0, 53, 39, 52, 187, 134, 131, 103, 0)
True, True, 0.1668, (0, 1, 124, 90, 160, 144, 0)
True, True, 0.1152, (0, 41, 24, 132, 191, 101, 0)
True, True, 0.1498, (0, 92, 27, 85, 106, 88, 121, 0)
True, True, 0.0642, (0, 76, 40, 27, 85, 106, 88, 121, 0)
True, True, 0.0079, (0, 97, 140, 152, 42, 191, 0)
True, True, 0.0125, (0, 52, 39, 182, 187, 38, 89, 19, 103, 0)
True, True, 0.3413, (0, 112, 160, 1, 86, 110, 0)
True, True, 0.0346, (0, 45, 77, 70, 188, 46, 0)
True, True, 0.051, (0, 5, 77, 70, 188, 46, 0)
True, True, 0.0763, (0, 132, 149, 146, 114, 122, 176, 0)
True, True, 0.0359, (0, 77, 185, 179, 58, 113, 0)
True, True, 0.1756, (0, 29, 22, 51, 189, 71, 0)
True, True, 0.2741, (0, 165, 99, 81, 170, 102, 0)
True, True, 0.107, (0, 26, 109, 129, 65, 85, 27, 0)
True, True, 0.0603, (0, 76, 150, 129, 72, 145, 14, 17, 0)
True, True, 0.2571, (0, 177, 3, 116, 189, 22, 33, 0)
True, True, 0.0047, (0, 47, 141, 197, 96, 127, 0)
True, True, 0.1404, (0, 174, 90, 64, 21, 144, 0)
True, True, 0.1077, (0, 95, 56, 37, 13, 93, 0)
True, True, 0.0047, (0, 127, 175, 197, 141, 137, 0)
True, True, 0.0068, (0, 134, 38, 89, 131, 152, 0)
True, True, 0.0058, (0, 55, 17, 67, 68, 194, 88, 106, 125, 0)
False, True, 0.0857, (0, 57, 163, 188, 70, 46, 57, 0)
False, True, 0.0856, (0, 92, 26, 55, 17, 145, 72, 14, 17, 26, 0)
False, True, 0.0485, (0, 117, 181, 138, 168, 117, 0)
True, True, 0.0125, (0, 123, 39, 187, 134, 7, 38, 19, 0)
True, True, 0.0551, (0, 74, 5, 113, 48, 178, 31, 0)
False, True, 0.2289, (0, 47, 192, 107, 36, 47, 0)
False, True, 0.0691, (0, 52, 39, 187, 134, 87, 193, 39, 52, 0)
True, True, 0.1783, (0, 103, 19, 89, 38, 187, 39, 53, 0)
False, True, 0.0551, (0, 20, 74, 45, 5, 74, 0)
True, True, 0.0566, (0, 111, 53, 123, 182, 39, 187, 7, 38, 89, 131, 0)
False, True, 0.2074, (0, 161, 34, 71, 15, 34, 161, 0)
False, True, 0.0359, (0, 178, 179, 185, 28, 63, 178, 0)
False, True, 0.1236, (0, 183, 166, 41, 24, 66, 183, 0)
True, True, 0.0365, (0, 79, 11, 179, 185, 5, 0)
False, True, 0.0486, (0, 76, 26, 55, 145, 72, 14, 55, 26, 0)
False, True, 0.3333, (0, 83, 98, 147, 130, 98, 83, 0)
False, True, 0.0272, (0, 194, 57, 163, 46, 194, 106, 0)
False, True, 0.3719, (0, 120, 135, 153, 173, 73, 120, 0)
True, True, 0.126, (0, 53, 39, 187, 7, 89, 19, 131, 0)
False, True, 0.1395, (0, 105, 183, 198, 35, 183, 135, 0)
False, True, 0.2601, (0, 139, 99, 126, 60, 139, 0)
False, True, 0.0856, (0, 159, 191, 152, 42, 159, 0)
False, True, 0.2888, (0, 177, 33, 51, 189, 15, 177, 0)
False, True, 0.0814, (0, 158, 177, 91, 34, 161, 158, 0)
False, True, 0.0156, (0, 186, 167, 190, 68, 67, 190, 167, 0)
True, True, 0.0365, (0, 63, 28, 179, 162, 79, 0)
False, True, 0.2144, (0, 80, 44, 86, 1, 80, 0)
False, True, 0.0857, (0, 46, 163, 188, 70, 163, 57, 0)
False, True, 0.144, (0, 76, 27, 85, 65, 129, 4, 76, 0)
False, True, 0.0237, (0, 94, 156, 173, 153, 73, 94, 0)
False, True, 0.0365, (0, 5, 113, 58, 28, 5, 0)
False, True, 0.0428, (0, 26, 55, 142, 145, 72, 14, 55, 26, 0)
all_elementary, False
all_cyc2, True
