Instance, X-n223-k34
capacity, 37
min_trucks, 34
output_file, output_uchoa/X-n223-k34-ng8.log
Start date, 2022-06-20
Start time, 22-52-34
capacity, 37
num_vehicles, 34
abort_early, False
methods, ['ng8']
max_vars, 1000000
time_limit, 86400
farley, False
initial time, initial max_it, max_stale_it
1e-05, 2000000000.0, 20
heuristic Number of routes, heuristic Best Solution Value, heuristic number of iterations, adjusted time, adjusted max_it
471705, 40445.0, 200000, 0.1, 200000.0
method, python time, total time, propagated dominance time, unpropagated dominance time, pricing_success, upper_bound, lower_bound, abort_early, num_paths, 
ng8, 0.1, 5.6, 3.4, 1.1, 1, 39969.6184, 37407.95, 0, 102
ng8, 0.0, 5.9, 3.6, 1.2, 1, 39898.9893, 38118.2354, 0, 47
ng8, 0.0, 5.8, 3.6, 1.1, 1, 39895.6335, 39596.4402, 0, 13
ng8, -0.0, 5.9, 3.6, 1.2, 1, 39895.0896, 39793.0896, 0, 2
ng8, 0.0, 5.8, 3.6, 1.1, 1, 39894.9867, 39894.9867, 0, 0
scip_total_time, 45178.021452
Solval, number of paths, impact cutoff
39894.986716674226, 182, 0.0001
Elementary, 2-Cycle, Path Value, Path
True, True, 0.5224, (0, 70, 188, 190, 183, 217, 208, 0)
True, True, 0.0818, (0, 144, 127, 155, 14, 47, 214, 116, 0)
True, True, 0.0713, (0, 211, 97, 50, 110, 33, 83, 40, 0)
True, True, 0.7961, (0, 200, 141, 170, 87, 27, 158, 204, 0)
True, True, 0.5008, (0, 119, 220, 114, 143, 137, 171, 203, 0)
True, True, 0.9846, (0, 148, 43, 108, 44, 0)
True, True, 0.7848, (0, 111, 32, 105, 1, 154, 92, 0)
True, True, 0.5, (0, 185, 195, 193, 166, 177, 0)
True, True, 0.1052, (0, 124, 15, 207, 215, 157, 176, 112, 0)
True, True, 0.3035, (0, 60, 67, 83, 33, 110, 97, 0)
True, True, 0.2015, (0, 21, 64, 63, 96, 12, 0)
True, True, 0.2777, (0, 14, 77, 156, 138, 165, 174, 0)
True, True, 0.6923, (0, 182, 46, 205, 118, 221, 0)
True, True, 0.101, (0, 25, 59, 55, 61, 85, 213, 0)
True, True, 0.3652, (0, 147, 89, 122, 163, 186, 174, 0)
True, True, 0.2013, (0, 197, 39, 124, 15, 125, 88, 160, 201, 145, 0)
True, True, 0.0337, (0, 211, 41, 84, 62, 13, 0)
True, True, 0.0397, (0, 181, 66, 120, 135, 162, 94, 123, 0)
True, True, 0.0861, (0, 131, 92, 154, 1, 105, 111, 175, 0)
True, True, 0.2167, (0, 121, 66, 120, 123, 94, 135, 162, 153, 31, 0)
True, True, 0.881, (0, 216, 181, 69, 38, 5, 52, 0)
True, True, 0.0458, (0, 92, 129, 218, 131, 22, 0)
True, True, 0.0861, (0, 175, 157, 215, 184, 133, 107, 150, 207, 15, 0)
True, True, 0.0154, (0, 22, 74, 131, 108, 44, 0)
True, True, 0.3255, (0, 202, 209, 166, 193, 177, 0)
True, True, 0.4393, (0, 64, 48, 63, 96, 12, 0)
True, True, 0.402, (0, 220, 117, 126, 189, 168, 187, 180, 58, 106, 49, 0)
True, True, 0.1311, (0, 26, 37, 48, 63, 64, 0)
True, True, 0.1088, (0, 56, 2, 30, 36, 73, 101, 57, 86, 7, 104, 16, 25, 0)
True, True, 0.2734, (0, 78, 145, 115, 191, 153, 31, 24, 0)
True, True, 0.8413, (0, 132, 100, 95, 136, 0)
True, True, 0.4764, (0, 209, 112, 176, 149, 173, 0)
True, True, 0.0758, (0, 167, 79, 58, 180, 187, 168, 189, 42, 222, 0)
True, True, 0.0079, (0, 149, 176, 112, 166, 209, 0)
True, True, 0.0794, (0, 216, 69, 38, 5, 52, 132, 0)
True, True, 0.2918, (0, 212, 186, 163, 122, 89, 113, 0)
True, True, 0.1161, (0, 25, 85, 55, 59, 6, 65, 0)
True, True, 0.2515, (0, 80, 190, 194, 183, 217, 208, 0)
True, True, 0.3077, (0, 188, 182, 46, 80, 192, 0)
True, True, 0.0388, (0, 64, 48, 188, 80, 4, 0)
True, True, 0.1912, (0, 50, 33, 83, 67, 60, 40, 0)
True, True, 0.0397, (0, 181, 38, 5, 52, 132, 0)
True, True, 0.0967, (0, 198, 138, 165, 174, 212, 0)
True, True, 0.2734, (0, 39, 124, 15, 207, 125, 88, 160, 201, 159, 78, 0)
True, True, 0.3419, (0, 98, 51, 103, 23, 36, 30, 72, 29, 91, 0)
True, True, 0.0714, (0, 47, 198, 60, 67, 50, 97, 0)
True, True, 0.7436, (0, 130, 123, 94, 162, 135, 120, 66, 121, 0)
True, True, 0.2554, (0, 14, 77, 156, 138, 198, 47, 28, 0)
True, True, 0.0713, (0, 45, 76, 62, 84, 41, 0)
True, True, 0.2535, (0, 24, 31, 153, 191, 115, 145, 159, 0)
True, True, 0.03, (0, 220, 117, 114, 143, 137, 158, 204, 0)
True, True, 0.0673, (0, 16, 104, 7, 86, 57, 101, 73, 30, 72, 2, 45, 0)
True, True, 0.1636, (0, 47, 198, 138, 186, 165, 0)
True, True, 0.5004, (0, 109, 81, 75, 18, 93, 3, 34, 68, 0)
True, True, 0.0273, (0, 8, 196, 71, 133, 184, 107, 150, 207, 15, 124, 0)
True, True, 0.0456, (0, 97, 50, 110, 33, 83, 60, 0)
True, True, 0.1622, (0, 25, 55, 61, 109, 17, 6, 0)
True, True, 0.2641, (0, 169, 139, 219, 142, 147, 113, 194, 0)
True, True, 0.283, (0, 11, 81, 75, 18, 93, 79, 167, 0)
True, True, 0.0386, (0, 194, 199, 113, 147, 89, 122, 163, 0)
True, True, 0.3082, (0, 19, 127, 144, 214, 116, 161, 40, 179, 0)
True, True, 0.2267, (0, 179, 161, 214, 116, 206, 172, 0)
True, True, 0.0299, (0, 194, 151, 142, 219, 139, 178, 169, 0)
True, True, 0.0456, (0, 49, 106, 58, 180, 187, 168, 189, 200, 114, 143, 119, 0)
True, True, 0.2538, (0, 169, 139, 219, 142, 151, 199, 0)
True, True, 0.5047, (0, 10, 6, 65, 35, 82, 164, 22, 0)
True, True, 0.0157, (0, 149, 176, 112, 209, 177, 0)
True, True, 0.0377, (0, 54, 213, 25, 55, 6, 65, 0)
True, True, 0.0097, (0, 21, 64, 48, 37, 192, 0)
True, True, 0.5168, (0, 54, 62, 84, 41, 211, 99, 0)
True, True, 0.1745, (0, 102, 202, 176, 112, 193, 209, 0)
True, True, 0.0277, (0, 128, 147, 142, 219, 139, 178, 0)
True, True, 0.4455, (0, 54, 76, 85, 55, 59, 10, 0)
True, True, 0.0751, (0, 61, 81, 75, 18, 93, 90, 0)
True, True, 0.2016, (0, 165, 77, 156, 138, 198, 47, 0)
True, True, 0.1666, (0, 166, 112, 176, 149, 202, 0)
True, True, 0.3834, (0, 91, 29, 103, 23, 73, 101, 57, 86, 7, 104, 16, 56, 0)
True, True, 0.0369, (0, 221, 118, 155, 127, 144, 0)
True, True, 0.0829, (0, 104, 7, 86, 57, 101, 73, 36, 30, 72, 2, 0)
True, True, 0.1866, (0, 40, 50, 110, 33, 51, 98, 0)
True, True, 0.3782, (0, 213, 45, 62, 84, 41, 211, 0)
True, True, 0.1376, (0, 55, 61, 90, 17, 11, 65, 0)
True, True, 0.1148, (0, 126, 170, 141, 87, 27, 158, 204, 0)
True, True, 0.3015, (0, 179, 161, 116, 214, 144, 127, 155, 0)
True, True, 0.1295, (0, 98, 51, 103, 23, 36, 72, 2, 0)
True, True, 0.0772, (0, 117, 143, 114, 200, 126, 42, 218, 0)
True, True, 0.0317, (0, 160, 88, 125, 15, 124, 39, 195, 0)
True, True, 0.3382, (0, 167, 79, 3, 34, 90, 17, 11, 0)
True, True, 0.1608, (0, 155, 14, 198, 67, 60, 0)
True, True, 0.0132, (0, 204, 158, 27, 87, 170, 141, 114, 0)
True, True, 0.0456, (0, 47, 198, 67, 110, 50, 0)
True, True, 0.2519, (0, 78, 159, 145, 115, 191, 201, 197, 195, 0)
True, True, 0.3294, (0, 70, 151, 128, 142, 219, 139, 178, 0)
True, True, 0.1325, (0, 39, 88, 125, 207, 215, 157, 175, 173, 0)
True, True, 0.0388, (0, 152, 80, 188, 48, 21, 0)
True, True, 0.0498, (0, 65, 6, 11, 17, 109, 61, 59, 10, 0)
True, True, 0.1076, (0, 222, 42, 126, 189, 168, 187, 180, 58, 106, 49, 164, 22, 0)
True, True, 0.0323, (0, 176, 157, 215, 207, 125, 88, 160, 201, 0)
True, True, 0.0758, (0, 49, 106, 180, 187, 168, 189, 126, 222, 218, 0)
True, True, 0.1793, (0, 113, 147, 89, 122, 163, 186, 156, 0)
True, True, 0.3825, (0, 9, 8, 196, 71, 133, 184, 107, 150, 157, 175, 0)
True, True, 0.125, (0, 212, 163, 122, 89, 147, 128, 0)
True, True, 0.2877, (0, 59, 17, 90, 109, 61, 85, 25, 0)
True, True, 0.0811, (0, 118, 205, 77, 156, 165, 174, 212, 0)
True, True, 0.1898, (0, 19, 144, 127, 155, 118, 205, 0)
True, True, 0.6825, (0, 53, 134, 4, 152, 37, 192, 26, 0)
True, True, 0.0154, (0, 20, 22, 43, 148, 9, 0)
True, True, 0.1415, (0, 11, 81, 75, 18, 93, 79, 68, 0)
True, True, 0.1882, (0, 9, 8, 196, 71, 133, 184, 107, 150, 215, 207, 0)
True, True, 0.0577, (0, 173, 175, 157, 215, 207, 124, 39, 0)
True, True, 0.0618, (0, 22, 164, 218, 222, 129, 92, 0)
True, True, 0.0673, (0, 222, 126, 200, 114, 143, 117, 220, 0)
True, True, 0.0198, (0, 31, 115, 191, 201, 160, 197, 195, 185, 0)
True, True, 0.2633, (0, 119, 117, 143, 137, 171, 203, 0)
True, True, 0.0607, (0, 8, 196, 71, 133, 107, 215, 157, 0)
True, True, 0.1866, (0, 97, 50, 110, 83, 67, 60, 0)
True, True, 0.1587, (0, 177, 102, 9, 136, 95, 0)
True, True, 0.0198, (0, 130, 153, 191, 201, 145, 159, 0)
True, True, 0.0845, (0, 146, 19, 221, 80, 37, 0)
True, True, 0.1415, (0, 68, 167, 49, 106, 58, 180, 187, 168, 189, 126, 42, 218, 0)
True, True, 0.007, (0, 39, 124, 207, 150, 107, 184, 215, 157, 0)
True, True, 0.0369, (0, 190, 212, 174, 165, 77, 205, 0)
True, True, 0.0214, (0, 176, 157, 215, 207, 124, 39, 197, 0)
True, True, 0.0798, (0, 22, 164, 82, 35, 68, 6, 65, 0)
True, True, 0.0888, (0, 155, 47, 14, 77, 165, 174, 212, 0)
True, True, 0.0159, (0, 204, 203, 171, 137, 114, 143, 154, 0)
True, True, 0.1369, (0, 25, 61, 90, 34, 3, 79, 167, 68, 0)
True, True, 0.0922, (0, 210, 152, 4, 80, 188, 37, 0)
True, True, 0.2261, (0, 217, 169, 178, 128, 113, 199, 194, 0)
True, True, 0.0498, (0, 25, 85, 61, 11, 6, 65, 0)
True, True, 0.0538, (0, 197, 88, 125, 207, 150, 107, 184, 215, 157, 112, 0)
True, True, 0.0818, (0, 179, 40, 161, 116, 206, 172, 28, 0)
True, True, 0.0758, (0, 114, 27, 87, 141, 170, 187, 180, 58, 106, 49, 0)
True, True, 0.0829, (0, 98, 51, 103, 29, 72, 2, 104, 16, 0)
True, True, 0.1815, (0, 78, 159, 115, 191, 201, 160, 197, 195, 0)
True, True, 0.0215, (0, 131, 92, 154, 1, 105, 111, 196, 0)
True, True, 0.0198, (0, 78, 159, 115, 201, 160, 88, 125, 15, 124, 39, 0)
True, True, 0.1864, (0, 146, 19, 221, 80, 4, 152, 26, 0)
True, True, 0.0397, (0, 216, 181, 69, 121, 132, 0)
True, True, 0.2261, (0, 212, 199, 128, 151, 178, 169, 208, 0)
True, True, 0.0245, (0, 167, 79, 3, 34, 90, 17, 65, 0)
True, True, 0.0138, (0, 203, 171, 137, 114, 200, 126, 222, 0)
True, True, 0.0536, (0, 155, 14, 77, 165, 174, 212, 70, 0)
True, True, 0.0207, (0, 91, 72, 36, 73, 101, 57, 86, 7, 104, 16, 0)
True, True, 0.1943, (0, 175, 215, 150, 107, 184, 133, 71, 196, 8, 9, 0)
True, True, 0.0829, (0, 2, 72, 30, 23, 73, 101, 57, 86, 7, 16, 0)
True, True, 0.0951, (0, 178, 139, 219, 142, 151, 199, 194, 0)
True, True, 0.0818, (0, 144, 127, 155, 14, 47, 214, 161, 0)
False, True, 0.2365, (0, 24, 31, 153, 130, 24, 0)
False, True, 0.1587, (0, 100, 210, 53, 146, 134, 53, 210, 0)
False, True, 0.0215, (0, 8, 196, 111, 32, 105, 1, 32, 8, 0)
False, True, 0.4832, (0, 99, 13, 213, 76, 45, 13, 0)
False, True, 0.4923, (0, 20, 131, 74, 20, 0)
False, True, 0.2282, (0, 96, 21, 63, 48, 21, 0)
False, True, 0.1608, (0, 97, 83, 33, 110, 50, 97, 40, 0)
False, True, 0.2539, (0, 56, 2, 30, 36, 73, 101, 57, 86, 7, 104, 16, 56, 0)
False, True, 0.0946, (0, 190, 199, 183, 194, 190, 70, 0)
False, True, 0.043, (0, 8, 32, 105, 1, 32, 71, 0)
False, True, 0.2461, (0, 74, 164, 82, 35, 74, 0)
False, True, 0.1295, (0, 98, 51, 91, 2, 72, 29, 51, 98, 0)
False, True, 0.3334, (0, 102, 202, 149, 173, 102, 0)
False, True, 0.043, (0, 196, 71, 111, 32, 105, 1, 32, 111, 0)
False, True, 0.4462, (0, 129, 222, 42, 218, 129, 0)
False, True, 0.1694, (0, 22, 131, 82, 35, 131, 0)
False, True, 0.0287, (0, 146, 140, 206, 172, 140, 0)
False, True, 0.0657, (0, 183, 199, 151, 128, 178, 183, 0)
False, True, 0.2401, (0, 185, 197, 160, 88, 125, 15, 124, 39, 185, 0)
False, True, 0.0151, (0, 195, 197, 88, 125, 207, 15, 124, 39, 197, 0)
True, True, 0.1604, (0, 119, 117, 114, 137, 171, 203, 0)
False, True, 0.0794, (0, 210, 134, 146, 140, 134, 210, 0)
False, True, 0.4316, (0, 28, 140, 206, 172, 140, 210, 0)
True, True, 0.0758, (0, 49, 106, 58, 180, 168, 189, 42, 222, 218, 0)
False, True, 0.1141, (0, 12, 21, 64, 48, 21, 12, 0)
False, True, 0.2312, (0, 146, 206, 172, 19, 146, 28, 0)
False, True, 0.03, (0, 154, 204, 203, 171, 158, 119, 154, 0)
False, True, 0.0159, (0, 154, 203, 171, 137, 158, 154, 0)
True, True, 0.0607, (0, 9, 8, 196, 71, 133, 184, 150, 215, 157, 175, 0)
True, True, 0.0758, (0, 49, 106, 58, 187, 168, 189, 42, 222, 218, 0)
False, True, 0.0655, (0, 12, 96, 64, 21, 96, 12, 0)
False, True, 0.005, (0, 47, 198, 138, 156, 77, 47, 155, 0)
False, True, 0.0622, (0, 91, 103, 23, 36, 30, 2, 72, 29, 91, 0)
False, True, 0.0409, (0, 179, 60, 67, 83, 33, 50, 179, 0)
all_elementary, False
all_cyc2, True
