Instance, X-n200-k36
capacity, 402
min_trucks, 36
output_file, output_uchoa/X-n200-k36-SPPRC.log
Start date, 2022-06-21
Start time, 20-16-16
capacity, 402
num_vehicles, 36
abort_early, False
methods, ['SPPRC']
max_vars, 1000000
time_limit, 86400
farley, False
initial time, initial max_it, max_stale_it
1e-05, 2000000000.0, 20
heuristic Number of routes, heuristic Best Solution Value, heuristic number of iterations, adjusted time, adjusted max_it
340987, 58579.0, 139324, 1.0, 20000.0
method, python time, total time, propagated dominance time, unpropagated dominance time, pricing_success, upper_bound, lower_bound, abort_early, num_paths, 
SPPRC, 0.2, 1.5, 0.8, 0.3, 1, 58073.351, 52912.1685, 0, 713
SPPRC, 0.1, 1.5, 0.9, 0.3, 1, 57833.4253, 55386.1069, 0, 365
SPPRC, 0.1, 1.5, 0.9, 0.3, 1, 57718.7876, 56299.8968, 0, 177
SPPRC, 0.1, 1.5, 0.9, 0.3, 1, 57672.7281, 57059.639, 0, 51
SPPRC, 0.0, 1.5, 0.9, 0.3, 1, 57667.4449, 57475.5039, 0, 15
SPPRC, 0.0, 1.5, 0.9, 0.3, 1, 57666.3546, 57597.8192, 0, 8
SPPRC, -0.0, 1.6, 0.9, 0.3, 1, 57666.2226, 57591.4819, 0, 2
SPPRC, -0.0, 1.6, 0.9, 0.3, 1, 57666.2011, 57666.2011, 0, 0
scip_total_time, 30858.084921
Solval, number of paths, impact cutoff
57666.20108656862, 185, 0.0001
Elementary, 2-Cycle, Path Value, Path
True, True, 0.2422, (0, 75, 6, 117, 61, 49, 172, 0)
True, True, 0.7973, (0, 79, 162, 11, 84, 178, 0)
True, True, 0.1517, (0, 101, 42, 82, 132, 159, 0)
True, True, 0.488, (0, 65, 151, 62, 67, 190, 167, 0)
True, True, 0.2409, (0, 18, 31, 32, 20, 10, 0)
True, True, 0.0139, (0, 108, 69, 81, 133, 170, 0)
True, True, 0.336, (0, 53, 123, 182, 193, 87, 134, 140, 0)
True, True, 0.075, (0, 25, 122, 146, 30, 43, 24, 0)
True, True, 0.3203, (0, 160, 90, 64, 124, 1, 0)
True, True, 0.2566, (0, 188, 70, 77, 5, 74, 0)
True, True, 0.1023, (0, 42, 82, 152, 103, 191, 0)
True, True, 0.4843, (0, 69, 81, 133, 170, 102, 0)
True, True, 0.5565, (0, 132, 191, 152, 82, 42, 0)
True, True, 0.402, (0, 64, 47, 141, 143, 96, 0)
True, True, 0.7591, (0, 31, 12, 32, 20, 10, 0)
True, True, 0.4567, (0, 124, 165, 139, 86, 108, 0)
True, True, 0.0764, (0, 160, 64, 47, 21, 164, 0)
True, True, 0.1539, (0, 6, 16, 100, 138, 181, 61, 0)
True, True, 0.2013, (0, 1, 124, 64, 174, 9, 0)
True, True, 0.0216, (0, 9, 1, 124, 165, 139, 0)
True, True, 0.0692, (0, 127, 56, 37, 128, 93, 0)
True, True, 0.2027, (0, 5, 185, 11, 162, 79, 0)
True, True, 0.1238, (0, 33, 189, 95, 104, 116, 0)
True, True, 0.1786, (0, 116, 128, 37, 56, 127, 0)
True, True, 0.019, (0, 155, 50, 35, 93, 104, 0)
True, True, 0.222, (0, 104, 199, 184, 8, 198, 0)
True, True, 0.2284, (0, 1, 165, 69, 170, 102, 0)
True, True, 0.381, (0, 95, 128, 13, 199, 104, 0)
True, True, 0.5, (0, 16, 168, 100, 2, 157, 126, 0)
True, True, 0.0538, (0, 108, 110, 69, 165, 139, 0)
True, True, 0.3907, (0, 140, 134, 87, 193, 123, 53, 111, 0)
True, True, 0.2559, (0, 96, 137, 143, 197, 47, 0)
True, True, 0.1751, (0, 159, 191, 82, 152, 140, 0)
True, True, 0.1617, (0, 176, 175, 197, 137, 96, 0)
True, True, 0.6526, (0, 59, 119, 169, 171, 29, 0)
True, True, 0.0109, (0, 196, 172, 119, 171, 29, 0)
True, True, 0.2179, (0, 90, 139, 165, 69, 75, 0)
True, True, 0.0036, (0, 140, 42, 191, 132, 159, 0)
True, True, 0.2027, (0, 77, 185, 179, 84, 63, 0)
True, True, 0.2067, (0, 44, 86, 139, 1, 80, 0)
True, True, 0.1652, (0, 83, 130, 115, 156, 120, 0)
True, True, 0.0019, (0, 110, 69, 81, 133, 6, 0)
True, True, 0.0696, (0, 96, 175, 148, 197, 47, 0)
True, True, 0.1538, (0, 16, 168, 2, 100, 181, 61, 0)
True, True, 0.2735, (0, 102, 75, 170, 6, 61, 49, 0)
True, True, 0.0444, (0, 177, 3, 116, 189, 22, 33, 0)
True, True, 0.6587, (0, 186, 26, 55, 142, 109, 129, 4, 150, 0)
False, True, 0.2521, (0, 118, 59, 23, 118, 0)
False, False, 0.0422, (0, 118, 59, 23, 59, 0)
False, False, 0.3333, (0, 98, 83, 98, 83, 98, 158, 0)
False, False, 0.2409, (0, 121, 154, 78, 154, 78, 125, 0)
False, False, 0.25, (0, 176, 175, 122, 114, 122, 176, 0)
False, False, 0.2254, (0, 154, 78, 154, 121, 18, 0)
False, False, 0.2644, (0, 80, 44, 80, 44, 80, 0)
False, False, 0.3333, (0, 180, 94, 180, 94, 180, 0)
False, False, 0.4618, (0, 164, 21, 164, 21, 90, 0)
False, False, 0.076, (0, 75, 117, 6, 117, 6, 117, 0)
False, False, 0.2066, (0, 144, 160, 112, 160, 144, 0)
False, False, 0.0929, (0, 136, 91, 34, 161, 34, 177, 0)
False, False, 0.0109, (0, 23, 169, 23, 59, 23, 0)
False, False, 0.0063, (0, 41, 24, 41, 24, 41, 24, 41, 0)
False, False, 0.0808, (0, 143, 137, 143, 137, 96, 0)
False, False, 0.1322, (0, 44, 110, 44, 110, 108, 0)
False, False, 0.1182, (0, 13, 184, 199, 184, 127, 0)
False, False, 0.2444, (0, 13, 37, 56, 37, 128, 0)
False, False, 0.2179, (0, 181, 138, 181, 138, 157, 0)
False, False, 0.0448, (0, 16, 138, 181, 138, 168, 0)
False, False, 0.4875, (0, 66, 41, 24, 41, 66, 198, 0)
False, False, 0.2409, (0, 48, 63, 58, 63, 12, 0)
False, False, 0.1413, (0, 145, 72, 145, 72, 14, 0)
False, True, 0.0903, (0, 131, 19, 89, 38, 19, 0)
False, False, 0.239, (0, 48, 63, 48, 58, 48, 0)
False, False, 0.0378, (0, 194, 46, 57, 46, 57, 68, 0)
False, False, 0.5, (0, 99, 126, 99, 81, 133, 0)
False, False, 0.3967, (0, 9, 112, 174, 112, 144, 0)
False, False, 0.2027, (0, 113, 185, 179, 185, 28, 178, 0)
False, False, 0.2405, (0, 135, 50, 35, 50, 3, 0)
False, False, 0.2669, (0, 40, 125, 121, 18, 121, 18, 0)
False, False, 0.2921, (0, 177, 33, 51, 22, 51, 33, 0)
False, False, 0.0025, (0, 52, 39, 182, 39, 182, 39, 182, 39, 182, 39, 182, 39, 182, 39, 182, 39, 182, 39, 182, 39, 182, 39, 182, 123, 53, 0)
False, False, 0.1413, (0, 17, 62, 68, 67, 68, 65, 0)
False, True, 0.042, (0, 74, 113, 63, 48, 113, 74, 0)
False, False, 0.1385, (0, 76, 92, 76, 92, 76, 92, 76, 92, 76, 92, 76, 92, 76, 0)
False, False, 0.1545, (0, 88, 194, 68, 194, 88, 0)
False, False, 0.0069, (0, 102, 75, 102, 75, 110, 108, 0)
False, False, 0.4536, (0, 136, 91, 136, 91, 118, 0)
False, False, 0.1683, (0, 149, 30, 146, 30, 146, 30, 149, 0)
False, True, 0.5, (0, 105, 50, 35, 105, 155, 0)
False, False, 0.2504, (0, 194, 57, 46, 57, 46, 194, 0)
False, True, 0.3365, (0, 23, 171, 169, 23, 196, 0)
False, False, 0.5, (0, 60, 36, 60, 36, 0)
False, False, 0.2536, (0, 147, 97, 147, 97, 147, 94, 0)
False, False, 0.2478, (0, 125, 78, 106, 88, 106, 85, 27, 0)
False, False, 0.0138, (0, 15, 71, 15, 71, 15, 71, 0)
False, False, 0.0442, (0, 111, 83, 97, 147, 97, 83, 0)
False, False, 0.2544, (0, 17, 14, 145, 72, 145, 14, 17, 0)
False, False, 0.1681, (0, 40, 85, 106, 88, 106, 88, 106, 125, 0)
False, False, 0.2642, (0, 148, 192, 107, 192, 107, 148, 0)
False, False, 0.2373, (0, 15, 3, 116, 3, 71, 177, 0)
False, False, 0.3347, (0, 195, 101, 159, 101, 183, 0)
False, False, 0.0898, (0, 16, 181, 138, 2, 100, 2, 0)
False, False, 0.2667, (0, 74, 77, 70, 77, 45, 0)
False, False, 0.1069, (0, 88, 46, 163, 188, 163, 57, 0)
False, False, 0.2782, (0, 111, 52, 187, 7, 38, 7, 38, 89, 0)
False, False, 0.1109, (0, 52, 187, 7, 89, 38, 89, 103, 0)
False, False, 0.0172, (0, 63, 28, 185, 28, 63, 113, 0)
False, False, 0.1272, (0, 93, 56, 37, 56, 127, 0)
False, False, 0.0216, (0, 174, 1, 139, 165, 139, 0)
False, False, 0.4097, (0, 131, 19, 89, 19, 149, 0)
False, False, 0.3784, (0, 120, 73, 156, 115, 156, 0)
False, True, 0.3401, (0, 25, 122, 114, 25, 166, 0)
False, False, 0.1902, (0, 9, 174, 160, 174, 144, 9, 0)
False, False, 0.2543, (0, 28, 179, 28, 179, 28, 0)
False, False, 0.1361, (0, 13, 199, 184, 199, 37, 0)
False, True, 0.3169, (0, 57, 163, 188, 70, 163, 46, 0)
False, False, 0.1204, (0, 52, 39, 182, 39, 182, 193, 87, 193, 123, 53, 0)
False, False, 0.0042, (0, 183, 159, 101, 159, 54, 0)
False, False, 0.0238, (0, 4, 109, 129, 109, 4, 142, 55, 0)
False, True, 0.3923, (0, 93, 184, 166, 8, 93, 0)
False, False, 0.2358, (0, 141, 148, 192, 107, 192, 107, 0)
False, False, 0.1224, (0, 166, 25, 114, 25, 114, 0)
False, False, 0.1202, (0, 8, 166, 8, 13, 128, 0)
False, False, 0.1662, (0, 47, 141, 197, 148, 197, 141, 0)
False, False, 0.1707, (0, 142, 151, 62, 151, 62, 151, 0)
False, False, 0.0513, (0, 157, 100, 138, 100, 2, 157, 0)
False, False, 0.2405, (0, 15, 71, 15, 71, 15, 161, 0)
False, False, 0.0848, (0, 146, 43, 146, 122, 175, 176, 0)
False, False, 0.1525, (0, 194, 163, 188, 70, 188, 0)
False, False, 0.4159, (0, 22, 51, 189, 116, 189, 0)
False, False, 0.2422, (0, 196, 49, 172, 49, 196, 0)
False, False, 0.1927, (0, 74, 45, 5, 45, 74, 0)
False, False, 0.1294, (0, 17, 14, 72, 145, 72, 14, 17, 0)
False, False, 0.2869, (0, 132, 103, 131, 103, 111, 0)
False, True, 0.2163, (0, 167, 190, 68, 67, 190, 167, 186, 0)
False, False, 0.0225, (0, 125, 154, 78, 154, 78, 154, 125, 40, 0)
False, False, 0.3333, (0, 158, 177, 161, 34, 161, 158, 0)
False, False, 0.0278, (0, 150, 129, 109, 129, 109, 142, 55, 0)
False, False, 0.0722, (0, 120, 153, 173, 153, 173, 153, 0)
False, False, 0.0577, (0, 16, 168, 2, 138, 2, 157, 0)
False, False, 0.0072, (0, 42, 82, 42, 82, 42, 101, 0)
False, False, 0.0066, (0, 128, 184, 199, 184, 104, 0)
False, False, 0.0013, (0, 43, 30, 43, 132, 159, 0)
False, False, 0.1674, (0, 195, 54, 101, 54, 195, 0)
False, False, 0.2476, (0, 33, 95, 104, 95, 22, 0)
False, False, 0.2405, (0, 34, 155, 3, 155, 71, 34, 0)
False, False, 0.1202, (0, 35, 198, 8, 198, 35, 0)
False, False, 0.0313, (0, 40, 125, 85, 27, 85, 27, 85, 40, 0)
False, False, 0.348, (0, 113, 58, 113, 5, 45, 0)
False, False, 0.0794, (0, 186, 167, 190, 72, 145, 72, 55, 0)
False, False, 0.2764, (0, 135, 153, 173, 153, 173, 73, 0)
False, False, 0.2131, (0, 52, 39, 182, 39, 187, 134, 131, 103, 0)
False, False, 0.3365, (0, 29, 108, 110, 86, 110, 0)
False, True, 0.1651, (0, 24, 43, 146, 30, 43, 114, 0)
False, False, 0.1766, (0, 75, 117, 61, 117, 6, 117, 0)
False, False, 0.078, (0, 135, 153, 156, 153, 73, 120, 0)
False, True, 0.2534, (0, 127, 175, 176, 56, 127, 0)
False, False, 0.2014, (0, 130, 97, 130, 97, 130, 0)
False, True, 0.2537, (0, 24, 43, 146, 30, 43, 149, 0)
False, False, 0.0476, (0, 26, 109, 129, 109, 129, 150, 0)
False, False, 0.0018, (0, 97, 140, 152, 42, 152, 0)
False, True, 0.1218, (0, 157, 168, 181, 138, 168, 0)
False, False, 0.1683, (0, 196, 172, 119, 172, 119, 172, 0)
False, False, 0.3305, (0, 135, 183, 54, 195, 54, 183, 0)
False, False, 0.0595, (0, 26, 55, 142, 4, 109, 4, 142, 55, 26, 0)
False, False, 0.0299, (0, 137, 96, 137, 141, 47, 0)
False, False, 0.076, (0, 52, 187, 38, 7, 38, 7, 187, 52, 0)
False, False, 0.125, (0, 40, 65, 68, 67, 68, 65, 40, 0)
False, False, 0.0903, (0, 53, 123, 39, 182, 39, 187, 7, 38, 7, 187, 52, 0)
False, False, 0.086, (0, 58, 185, 179, 185, 58, 0)
False, False, 0.2282, (0, 120, 73, 115, 173, 115, 0)
False, False, 0.0356, (0, 135, 153, 173, 130, 147, 130, 0)
False, False, 0.0834, (0, 26, 4, 129, 109, 129, 150, 0)
False, True, 0.1625, (0, 159, 191, 152, 42, 159, 0)
False, False, 0.0456, (0, 26, 55, 17, 14, 72, 14, 17, 55, 26, 186, 0)
False, True, 0.025, (0, 198, 66, 166, 8, 198, 0)
False, False, 0.0798, (0, 83, 147, 130, 147, 130, 94, 0)
False, True, 0.1804, (0, 137, 175, 197, 143, 137, 0)
False, False, 0.169, (0, 92, 27, 85, 27, 85, 27, 40, 0)
False, False, 0.0326, (0, 140, 87, 193, 187, 39, 182, 39, 187, 52, 0)
False, False, 0.0602, (0, 140, 87, 134, 87, 123, 182, 39, 53, 0)
False, False, 0.0073, (0, 74, 77, 188, 70, 188, 0)
False, False, 0.0294, (0, 62, 68, 67, 68, 65, 0)
False, True, 0.039, (0, 120, 73, 173, 153, 135, 120, 0)
False, True, 0.0913, (0, 150, 27, 85, 65, 4, 150, 0)
False, False, 0.0305, (0, 40, 27, 85, 27, 85, 27, 40, 76, 0)
all_elementary, False
all_cyc2, False
