Instance, X-n200-k36
capacity, 402
min_trucks, 36
output_file, output_uchoa/X-n200-k36-ng20.log
Start date, 2022-06-21
Start time, 20-40-49
capacity, 402
num_vehicles, 36
abort_early, False
methods, ['ng20']
max_vars, 1000000
time_limit, 86400
farley, False
initial time, initial max_it, max_stale_it
1e-05, 2000000000.0, 20
heuristic Number of routes, heuristic Best Solution Value, heuristic number of iterations, adjusted time, adjusted max_it
343607, 58591.0, 141475, 1.0, 20000.0
method, python time, total time, propagated dominance time, unpropagated dominance time, pricing_success, upper_bound, lower_bound, abort_early, num_paths, 
ng20, 0.1, 6121.8, 3779.5, 2325.3, 1, 58073.351, 56981.3835, 0, 29
ng20, 0.2, 5837.1, 3600.0, 2220.7, 1, 58070.8395, 57856.5591, 0, 1
ng20, 0.1, 6042.6, 3738.6, 2287.0, 1, 58070.8395, 58070.8395, 0, 0
scip_total_time, 47364.337539
Solval, number of paths, impact cutoff
58070.83950255435, 170, 0.0001
Elementary, 2-Cycle, Path Value, Path
True, True, 0.155, (0, 181, 138, 100, 168, 99, 0)
True, True, 0.3299, (0, 196, 119, 169, 171, 59, 0)
True, True, 0.502, (0, 75, 6, 117, 61, 49, 172, 0)
True, True, 1.0, (0, 79, 162, 11, 84, 178, 0)
True, True, 0.6059, (0, 10, 20, 32, 12, 31, 0)
True, True, 0.803, (0, 45, 113, 48, 58, 63, 0)
True, True, 0.6059, (0, 28, 179, 185, 77, 5, 0)
True, True, 0.803, (0, 57, 46, 163, 188, 70, 74, 0)
True, True, 0.4039, (0, 186, 167, 190, 72, 145, 14, 17, 55, 0)
True, True, 0.0857, (0, 153, 173, 195, 54, 183, 135, 0)
True, True, 0.083, (0, 198, 66, 166, 8, 93, 0)
True, True, 0.3333, (0, 149, 30, 146, 114, 122, 175, 0)
True, True, 0.5056, (0, 128, 56, 37, 184, 199, 0)
True, True, 0.4341, (0, 90, 64, 21, 164, 174, 0)
True, True, 0.0281, (0, 102, 75, 69, 165, 110, 0)
True, True, 0.0527, (0, 99, 126, 81, 133, 75, 0)
True, True, 0.3333, (0, 164, 141, 143, 137, 96, 0)
True, True, 0.1578, (0, 172, 117, 6, 170, 75, 102, 0)
True, True, 0.0788, (0, 137, 143, 197, 47, 124, 0)
True, True, 0.3941, (0, 10, 20, 32, 31, 18, 0)
True, True, 0.197, (0, 74, 5, 77, 70, 188, 0)
True, True, 0.197, (0, 68, 57, 163, 46, 194, 106, 0)
True, True, 0.5961, (0, 65, 151, 62, 67, 190, 167, 0)
True, True, 0.2162, (0, 177, 161, 34, 15, 91, 136, 0)
True, True, 0.197, (0, 77, 185, 179, 28, 12, 0)
True, True, 0.2928, (0, 42, 82, 152, 103, 191, 0)
True, True, 0.3403, (0, 196, 172, 119, 59, 23, 0)
True, True, 0.4212, (0, 141, 107, 192, 148, 197, 143, 0)
True, True, 0.2942, (0, 44, 86, 139, 1, 80, 0)
True, True, 0.197, (0, 12, 63, 58, 48, 113, 0)
True, True, 0.1823, (0, 142, 109, 72, 145, 14, 55, 26, 0)
True, True, 0.5179, (0, 104, 8, 166, 41, 66, 0)
True, True, 0.0655, (0, 133, 168, 100, 138, 181, 0)
True, True, 0.1921, (0, 40, 27, 85, 78, 154, 121, 0)
True, True, 0.5419, (0, 76, 150, 4, 129, 109, 142, 26, 186, 0)
True, True, 0.4992, (0, 73, 156, 115, 94, 180, 0)
True, True, 0.0037, (0, 140, 42, 191, 132, 159, 0)
True, True, 0.5, (0, 60, 36, 107, 192, 148, 0)
True, True, 0.197, (0, 28, 179, 185, 5, 45, 0)
True, True, 0.1129, (0, 152, 131, 38, 89, 103, 0)
True, True, 0.3299, (0, 171, 169, 119, 59, 23, 0)
True, True, 0.0259, (0, 159, 191, 82, 152, 140, 0)
True, True, 0.2607, (0, 29, 112, 174, 144, 9, 0)
True, True, 0.2879, (0, 160, 90, 64, 124, 1, 0)
True, True, 0.2846, (0, 118, 29, 9, 91, 136, 0)
True, True, 0.2848, (0, 83, 97, 147, 130, 180, 0)
True, True, 0.0295, (0, 140, 134, 87, 193, 123, 53, 111, 0)
True, True, 0.077, (0, 49, 117, 133, 69, 75, 0)
True, True, 0.3508, (0, 83, 98, 94, 73, 120, 158, 0)
True, True, 0.4684, (0, 25, 122, 146, 30, 43, 24, 0)
True, True, 0.1863, (0, 6, 16, 100, 138, 181, 61, 0)
True, True, 0.0912, (0, 49, 61, 117, 6, 170, 102, 0)
True, True, 0.1113, (0, 164, 21, 47, 64, 160, 0)
True, True, 0.0104, (0, 171, 108, 110, 44, 80, 0)
True, True, 0.4222, (0, 69, 81, 133, 170, 102, 0)
True, True, 0.1129, (0, 19, 89, 131, 103, 82, 0)
True, True, 0.0459, (0, 159, 149, 30, 146, 43, 24, 0)
True, True, 0.202, (0, 150, 27, 85, 106, 78, 154, 0)
True, True, 0.5684, (0, 132, 191, 152, 82, 42, 0)
True, True, 0.0595, (0, 9, 144, 95, 104, 116, 0)
True, True, 0.0013, (0, 198, 166, 184, 199, 128, 0)
True, True, 0.203, (0, 8, 184, 13, 128, 95, 0)
True, True, 0.0013, (0, 41, 43, 30, 146, 114, 25, 0)
True, True, 0.6425, (0, 53, 123, 182, 193, 87, 134, 140, 0)
True, True, 0.3564, (0, 124, 165, 139, 86, 108, 0)
True, True, 0.0013, (0, 176, 122, 114, 146, 43, 66, 0)
True, True, 0.29, (0, 128, 13, 56, 127, 95, 0)
True, True, 0.1353, (0, 99, 126, 36, 47, 21, 0)
True, True, 0.3299, (0, 23, 171, 169, 49, 196, 0)
True, True, 0.2205, (0, 16, 157, 2, 138, 181, 61, 0)
True, True, 0.2017, (0, 103, 131, 38, 7, 187, 52, 111, 0)
True, True, 0.197, (0, 142, 67, 68, 194, 88, 106, 125, 0)
True, True, 0.332, (0, 25, 114, 43, 149, 132, 0)
True, True, 0.1947, (0, 66, 41, 166, 8, 184, 0)
True, True, 0.1478, (0, 102, 133, 81, 69, 110, 0)
True, True, 0.1863, (0, 170, 157, 168, 138, 181, 0)
True, True, 0.1236, (0, 47, 60, 99, 165, 108, 0)
True, True, 0.1032, (0, 155, 105, 93, 104, 95, 0)
True, True, 0.2251, (0, 158, 161, 91, 29, 118, 0)
True, True, 0.0788, (0, 141, 192, 107, 36, 60, 0)
True, True, 0.1423, (0, 136, 15, 71, 34, 161, 177, 0)
True, True, 0.1667, (0, 64, 47, 141, 143, 96, 0)
True, True, 0.2162, (0, 80, 44, 110, 108, 118, 0)
True, True, 0.0001, (0, 53, 87, 134, 131, 103, 0)
True, True, 0.3194, (0, 155, 35, 50, 93, 104, 0)
True, True, 0.1423, (0, 161, 105, 35, 50, 3, 0)
True, True, 0.0013, (0, 159, 132, 30, 43, 25, 0)
True, True, 0.1213, (0, 174, 164, 21, 124, 90, 0)
True, True, 0.0542, (0, 150, 109, 72, 145, 14, 17, 186, 0)
True, True, 0.2612, (0, 110, 86, 1, 160, 112, 0)
True, True, 0.513, (0, 34, 71, 15, 51, 22, 33, 0)
True, True, 0.1577, (0, 135, 173, 130, 147, 98, 83, 0)
True, True, 0.0001, (0, 123, 193, 134, 131, 103, 0)
True, True, 0.2622, (0, 108, 110, 69, 165, 139, 0)
True, True, 0.0061, (0, 199, 184, 166, 24, 66, 0)
True, True, 0.1969, (0, 24, 25, 114, 122, 176, 56, 0)
True, True, 0.5932, (0, 126, 157, 2, 100, 168, 16, 0)
True, True, 0.2161, (0, 180, 130, 115, 173, 153, 0)
True, True, 0.0112, (0, 95, 13, 166, 24, 66, 0)
True, True, 0.001, (0, 44, 110, 86, 1, 90, 0)
True, True, 0.1863, (0, 47, 36, 2, 138, 181, 0)
True, True, 0.1578, (0, 98, 97, 147, 130, 153, 120, 0)
True, True, 0.1839, (0, 144, 112, 160, 174, 44, 0)
True, True, 0.5, (0, 176, 175, 197, 137, 96, 0)
True, True, 0.046, (0, 33, 51, 22, 95, 144, 0)
True, True, 0.3442, (0, 111, 52, 39, 187, 7, 89, 19, 131, 0)
True, True, 0.1262, (0, 42, 131, 89, 38, 7, 187, 52, 0)
True, True, 0.0088, (0, 159, 132, 191, 42, 173, 0)
True, True, 0.198, (0, 21, 47, 60, 126, 99, 0)
True, True, 0.0146, (0, 191, 149, 30, 146, 43, 41, 0)
True, True, 0.078, (0, 120, 73, 173, 115, 156, 111, 0)
True, True, 0.0208, (0, 108, 99, 126, 60, 36, 0)
True, True, 0.9143, (0, 195, 54, 101, 159, 198, 0)
True, True, 0.0104, (0, 169, 102, 75, 110, 108, 80, 0)
True, True, 0.2741, (0, 134, 7, 38, 19, 149, 0)
True, True, 0.2783, (0, 189, 95, 116, 3, 155, 0)
True, True, 0.487, (0, 93, 13, 199, 37, 127, 0)
True, True, 0.3679, (0, 105, 35, 50, 116, 3, 0)
True, True, 0.1407, (0, 135, 153, 115, 147, 98, 83, 0)
True, True, 0.274, (0, 118, 136, 91, 161, 158, 111, 0)
True, True, 0.0197, (0, 26, 55, 14, 145, 72, 109, 76, 0)
True, True, 0.0887, (0, 26, 4, 129, 65, 85, 27, 0)
True, True, 0.0788, (0, 60, 36, 148, 175, 176, 0)
True, True, 0.15, (0, 158, 94, 130, 147, 97, 98, 0)
True, True, 0.0661, (0, 156, 115, 147, 97, 83, 0)
True, True, 0.0877, (0, 71, 155, 105, 183, 173, 135, 0)
True, True, 0.0337, (0, 111, 98, 97, 147, 130, 153, 135, 0)
True, True, 0.0829, (0, 136, 51, 189, 116, 155, 0)
True, True, 0.1703, (0, 105, 183, 35, 50, 189, 0)
True, True, 0.6059, (0, 92, 40, 125, 78, 154, 121, 18, 0)
True, True, 0.1721, (0, 99, 81, 133, 117, 75, 0)
True, True, 0.1478, (0, 40, 27, 85, 65, 129, 150, 92, 0)
True, True, 0.1557, (0, 144, 160, 90, 124, 1, 0)
True, True, 0.1285, (0, 34, 71, 155, 105, 135, 120, 0)
True, True, 0.0296, (0, 131, 134, 87, 193, 182, 39, 0)
True, True, 0.0627, (0, 110, 69, 81, 133, 6, 0)
True, True, 0.2848, (0, 135, 183, 173, 153, 156, 120, 0)
True, True, 0.202, (0, 55, 17, 14, 145, 72, 109, 4, 0)
True, True, 0.0241, (0, 53, 39, 52, 187, 134, 131, 103, 0)
True, True, 0.2942, (0, 80, 44, 112, 144, 9, 0)
True, True, 0.0857, (0, 41, 24, 132, 191, 101, 0)
True, True, 0.072, (0, 177, 135, 153, 173, 156, 73, 0)
True, True, 0.399, (0, 88, 194, 68, 151, 62, 0)
True, True, 0.0493, (0, 76, 40, 27, 85, 106, 88, 121, 0)
True, True, 0.0014, (0, 95, 13, 184, 8, 198, 0)
True, True, 0.2983, (0, 52, 39, 182, 123, 193, 87, 140, 97, 0)
True, True, 0.0099, (0, 106, 88, 194, 68, 67, 17, 92, 0)
True, True, 0.1285, (0, 29, 22, 51, 189, 71, 0)
True, True, 0.101, (0, 29, 9, 22, 51, 33, 177, 0)
True, True, 0.1425, (0, 102, 170, 81, 99, 165, 0)
True, True, 0.1527, (0, 92, 27, 85, 88, 106, 121, 0)
True, True, 0.0542, (0, 76, 150, 129, 72, 145, 14, 17, 0)
True, True, 0.0074, (0, 95, 56, 37, 13, 93, 0)
True, True, 0.1351, (0, 127, 176, 114, 146, 30, 43, 0)
True, True, 0.2114, (0, 177, 3, 116, 189, 22, 33, 0)
True, True, 0.0879, (0, 184, 176, 175, 137, 127, 0)
True, True, 0.0055, (0, 103, 89, 38, 7, 187, 52, 39, 53, 0)
True, True, 0.0093, (0, 111, 98, 97, 147, 173, 153, 135, 0)
True, True, 0.0296, (0, 111, 53, 123, 182, 39, 187, 7, 38, 89, 131, 0)
True, True, 0.1872, (0, 125, 106, 88, 194, 68, 67, 17, 55, 0)
True, True, 0.0049, (0, 151, 67, 68, 194, 88, 125, 40, 0)
True, True, 0.0049, (0, 125, 106, 194, 68, 67, 62, 17, 0)
True, True, 0.25, (0, 53, 39, 187, 38, 89, 19, 103, 0)
True, True, 0.0187, (0, 131, 19, 89, 7, 187, 39, 53, 0)
False, True, 0.0049, (0, 92, 26, 55, 145, 72, 14, 17, 26, 0)
False, True, 0.0788, (0, 92, 26, 142, 145, 72, 14, 17, 26, 0)
False, True, 0.1858, (0, 183, 166, 41, 24, 66, 183, 0)
False, True, 0.1675, (0, 76, 27, 85, 65, 129, 4, 76, 0)
False, True, 0.0873, (0, 80, 165, 139, 86, 80, 0)
False, True, 0.1285, (0, 177, 33, 51, 189, 15, 177, 0)
all_elementary, False
all_cyc2, True
