Instance, X-n209-k16
capacity, 101
min_trucks, 16
output_file, output_uchoa/X-n209-k16-ng8.log
Start date, 2022-06-20
Start time, 12-39-30
capacity, 101
num_vehicles, 16
abort_early, False
methods, ['ng8']
max_vars, 1000000
time_limit, 86400
farley, False
initial time, initial max_it, max_stale_it
1e-05, 2000000000.0, 20
heuristic Number of routes, heuristic Best Solution Value, heuristic number of iterations, adjusted time, adjusted max_it
1209962, 30680.0, 159841, 0.1, 200000.0
method, python time, total time, propagated dominance time, unpropagated dominance time, pricing_success, upper_bound, lower_bound, abort_early, num_paths, 
ng8, 1.1, 103.3, 95.0, 5.2, 1, 30133.0766, 23884.26, 0, 2583
ng8, 0.7, 136.1, 126.5, 6.1, 1, 30107.2308, 26662.2993, 0, 1593
ng8, 0.2, 208.4, 195.4, 8.9, 1, 30093.0374, 28421.0313, 0, 491
ng8, 0.3, 179.9, 168.4, 7.7, 1, 30078.3873, 27124.1956, 0, 842
ng8, 0.1, 248.2, 233.6, 10.3, 1, 30076.1202, 29515.2748, 0, 117
ng8, 0.0, 262.7, 247.4, 10.8, 1, 30070.5535, 29791.8303, 0, 81
ng8, 0.0, 268.2, 252.6, 11.1, 1, 30067.9386, 29926.1755, 0, 37
ng8, -0.0, 298.2, 278.8, 13.9, 1, 30067.8889, 30047.3803, 0, 4
ng8, -0.0, 283.5, 265.1, 12.8, 1, 30067.8887, 30067.8887, 0, 0
scip_total_time, 90528.093363
Solval, number of paths, impact cutoff
30067.888658919503, 166, 0.0001
Elementary, 2-Cycle, Path Value, Path
True, True, 0.7203, (0, 159, 0)
True, True, 0.2099, (0, 119, 40, 75, 97, 81, 25, 35, 15, 39, 112, 111, 77, 187, 58, 0)
True, True, 0.1847, (0, 71, 207, 188, 122, 181, 142, 147, 106, 15, 35, 25, 81, 39, 112, 0)
True, True, 0.116, (0, 71, 207, 188, 122, 181, 142, 147, 106, 82, 57, 14, 44, 98, 0)
True, True, 0.042, (0, 93, 4, 9, 191, 23, 46, 141, 107, 12, 125, 6, 196, 127, 0)
True, True, 0.3819, (0, 48, 168, 160, 52, 133, 59, 137, 79, 146, 55, 164, 76, 19, 21, 0)
True, True, 0.1774, (0, 89, 134, 153, 11, 28, 115, 36, 202, 185, 179, 154, 150, 41, 1, 0)
True, True, 0.1946, (0, 163, 104, 145, 13, 89, 62, 117, 139, 66, 195, 1, 83, 2, 113, 0)
True, True, 0.3022, (0, 34, 38, 56, 173, 203, 103, 29, 54, 72, 47, 199, 161, 88, 183, 0)
True, True, 0.0398, (0, 201, 198, 69, 186, 208, 121, 138, 22, 180, 52, 168, 48, 0)
True, True, 0.0722, (0, 140, 184, 41, 150, 154, 179, 185, 202, 36, 115, 28, 11, 153, 64, 0)
True, True, 0.0912, (0, 64, 134, 153, 36, 185, 202, 115, 28, 11, 172, 37, 166, 7, 31, 0)
True, True, 0.0496, (0, 149, 188, 122, 181, 142, 147, 106, 15, 35, 25, 81, 39, 112, 111, 0)
True, True, 0.2269, (0, 44, 14, 57, 82, 106, 147, 142, 181, 122, 188, 207, 152, 84, 0)
True, True, 0.3617, (0, 93, 191, 23, 94, 46, 141, 107, 92, 193, 12, 125, 6, 196, 0)
True, True, 0.2969, (0, 90, 8, 51, 120, 61, 182, 197, 85, 171, 158, 30, 124, 167, 0)
True, True, 0.0498, (0, 9, 191, 23, 46, 141, 107, 92, 193, 12, 125, 6, 196, 127, 0)
True, True, 0.1262, (0, 110, 78, 53, 136, 63, 20, 149, 187, 58, 178, 40, 119, 18, 0)
True, True, 0.2288, (0, 51, 120, 61, 182, 157, 24, 189, 109, 32, 158, 171, 85, 197, 30, 124, 0)
True, True, 0.0021, (0, 134, 153, 11, 28, 115, 36, 202, 185, 179, 154, 150, 41, 139, 2, 0)
True, True, 0.0125, (0, 31, 67, 192, 170, 7, 166, 37, 172, 96, 74, 108, 99, 27, 165, 0)
True, True, 0.0154, (0, 127, 6, 125, 12, 107, 141, 46, 94, 32, 171, 85, 197, 162, 0)
True, True, 0.0827, (0, 18, 119, 40, 178, 75, 97, 111, 77, 187, 58, 149, 20, 53, 105, 0)
True, True, 0.0912, (0, 31, 7, 153, 11, 28, 115, 36, 202, 185, 179, 154, 150, 184, 140, 0)
True, True, 0.283, (0, 119, 40, 178, 58, 187, 149, 20, 63, 136, 53, 78, 105, 110, 0)
True, True, 0.3063, (0, 205, 100, 70, 49, 26, 33, 148, 206, 101, 130, 156, 176, 200, 0)
True, True, 0.15, (0, 127, 196, 6, 125, 12, 193, 92, 107, 141, 46, 23, 191, 4, 0)
True, True, 0.0829, (0, 163, 104, 145, 13, 62, 117, 139, 66, 195, 1, 83, 2, 113, 126, 0)
True, True, 0.1549, (0, 190, 34, 38, 56, 173, 203, 103, 29, 54, 72, 47, 199, 161, 88, 0)
True, True, 0.2007, (0, 91, 31, 67, 192, 170, 7, 166, 37, 172, 96, 74, 108, 99, 17, 0)
True, True, 0.0964, (0, 162, 197, 157, 24, 189, 109, 32, 94, 23, 191, 116, 9, 4, 93, 0)
True, True, 0.0156, (0, 169, 77, 188, 122, 181, 142, 147, 106, 15, 39, 35, 25, 81, 97, 75, 0)
True, True, 0.0854, (0, 169, 105, 78, 53, 136, 63, 84, 98, 29, 103, 54, 47, 161, 0)
True, True, 0.0307, (0, 194, 76, 164, 55, 146, 79, 137, 174, 126, 8, 90, 121, 208, 0)
True, True, 0.0496, (0, 58, 187, 77, 111, 112, 39, 15, 35, 25, 81, 97, 75, 119, 18, 0)
True, True, 0.0845, (0, 169, 71, 207, 188, 122, 181, 142, 147, 106, 15, 35, 25, 81, 97, 75, 0)
True, True, 0.1265, (0, 145, 13, 62, 117, 139, 140, 184, 41, 195, 66, 83, 2, 113, 0)
True, True, 0.0361, (0, 188, 122, 181, 142, 147, 106, 82, 57, 95, 5, 33, 26, 205, 0)
True, True, 0.1465, (0, 31, 129, 7, 166, 37, 172, 96, 155, 95, 5, 57, 82, 14, 0)
True, True, 0.0327, (0, 163, 104, 145, 114, 135, 64, 123, 73, 129, 170, 192, 67, 27, 165, 91, 0)
True, True, 0.2827, (0, 201, 198, 186, 208, 121, 138, 22, 180, 52, 160, 168, 48, 0)
True, True, 0.0099, (0, 34, 38, 56, 173, 203, 103, 29, 54, 47, 199, 110, 128, 132, 0)
True, True, 0.0024, (0, 133, 174, 90, 8, 51, 120, 113, 145, 104, 102, 163, 87, 19, 21, 194, 0)
True, True, 0.0549, (0, 100, 70, 49, 26, 33, 148, 206, 101, 99, 27, 17, 165, 91, 0)
True, True, 0.1538, (0, 102, 114, 135, 89, 62, 117, 139, 66, 195, 1, 83, 2, 113, 126, 0)
True, True, 0.0525, (0, 96, 172, 11, 28, 115, 36, 202, 185, 179, 154, 150, 41, 195, 66, 83, 0)
True, True, 0.0717, (0, 200, 176, 17, 165, 27, 99, 101, 206, 148, 130, 26, 156, 42, 0)
True, True, 0.0923, (0, 174, 113, 2, 83, 1, 66, 195, 41, 184, 140, 117, 62, 13, 104, 0)
True, True, 0.0379, (0, 64, 123, 134, 36, 202, 185, 179, 154, 150, 184, 41, 195, 66, 83, 0)
True, True, 0.0954, (0, 133, 174, 113, 2, 83, 139, 117, 62, 89, 135, 114, 145, 104, 163, 87, 0)
True, True, 0.1325, (0, 162, 197, 157, 189, 24, 1, 195, 66, 139, 117, 62, 13, 145, 104, 0)
True, True, 0.019, (0, 194, 21, 19, 87, 55, 76, 164, 59, 133, 52, 160, 168, 48, 201, 0)
True, True, 0.1236, (0, 18, 119, 40, 178, 75, 97, 111, 77, 71, 149, 20, 53, 78, 169, 0)
True, True, 0.0364, (0, 199, 72, 84, 98, 152, 71, 149, 20, 63, 136, 53, 78, 105, 0)
True, True, 0.0577, (0, 69, 133, 174, 126, 90, 8, 162, 124, 4, 9, 60, 43, 127, 86, 0)
True, True, 0.0154, (0, 124, 30, 158, 85, 157, 24, 189, 109, 32, 94, 23, 191, 9, 4, 0)
True, True, 0.0073, (0, 199, 72, 42, 205, 100, 70, 44, 49, 26, 156, 176, 200, 203, 0)
True, True, 0.0402, (0, 126, 113, 2, 83, 1, 66, 195, 41, 184, 140, 89, 135, 114, 102, 0)
True, True, 0.0209, (0, 124, 30, 158, 171, 32, 94, 46, 141, 107, 92, 193, 116, 9, 0)
True, True, 0.1631, (0, 42, 130, 101, 108, 74, 96, 172, 37, 166, 7, 170, 192, 67, 31, 0)
True, True, 0.0483, (0, 133, 90, 8, 51, 120, 61, 182, 197, 85, 171, 158, 30, 124, 93, 0)
True, True, 0.1778, (0, 84, 98, 42, 205, 100, 70, 156, 176, 200, 203, 56, 38, 0)
True, True, 0.1325, (0, 9, 116, 193, 92, 107, 141, 46, 94, 32, 109, 85, 197, 162, 0)
True, True, 0.1187, (0, 84, 98, 152, 44, 49, 26, 156, 70, 100, 205, 42, 47, 0)
True, True, 0.0038, (0, 200, 176, 17, 27, 99, 101, 206, 148, 33, 49, 70, 42, 0)
True, True, 0.0163, (0, 174, 113, 2, 83, 1, 195, 66, 139, 117, 62, 13, 145, 102, 87, 0)
True, True, 0.0516, (0, 93, 4, 191, 23, 94, 32, 109, 189, 24, 157, 182, 61, 51, 90, 0)
True, True, 0.1451, (0, 16, 131, 183, 45, 132, 68, 177, 128, 169, 110, 88, 50, 175, 34, 190, 0)
True, True, 0.0493, (0, 43, 60, 116, 191, 23, 94, 32, 109, 189, 24, 157, 85, 197, 162, 0)
True, True, 0.0262, (0, 56, 173, 200, 176, 156, 26, 49, 70, 100, 205, 42, 103, 72, 0)
True, True, 0.0341, (0, 40, 75, 97, 81, 25, 35, 15, 106, 147, 142, 181, 122, 188, 71, 20, 0)
True, True, 0.108, (0, 42, 130, 101, 108, 74, 155, 95, 5, 57, 82, 207, 71, 0)
True, True, 0.0319, (0, 199, 72, 54, 103, 29, 98, 84, 63, 136, 53, 78, 105, 110, 0)
True, True, 0.0046, (0, 133, 174, 126, 90, 8, 120, 51, 162, 124, 4, 9, 60, 43, 127, 0)
True, True, 0.0198, (0, 104, 145, 114, 135, 89, 62, 117, 139, 66, 1, 83, 2, 113, 174, 0)
True, True, 0.1254, (0, 64, 123, 134, 36, 202, 185, 179, 154, 150, 41, 184, 140, 139, 2, 0)
True, True, 0.2335, (0, 31, 129, 7, 166, 37, 172, 96, 155, 95, 5, 33, 14, 44, 0)
True, True, 0.0577, (0, 33, 5, 95, 155, 96, 172, 37, 166, 7, 73, 123, 64, 102, 0)
True, True, 0.126, (0, 152, 82, 57, 5, 95, 155, 74, 108, 206, 148, 130, 156, 0)
True, True, 0.0806, (0, 60, 116, 191, 23, 94, 46, 141, 107, 12, 125, 6, 196, 127, 0)
True, True, 0.1438, (0, 151, 3, 93, 43, 60, 9, 4, 124, 162, 8, 90, 126, 174, 133, 0)
True, True, 0.278, (0, 87, 163, 102, 114, 135, 123, 73, 129, 170, 192, 67, 99, 27, 165, 91, 0)
True, True, 0.0082, (0, 162, 30, 158, 171, 32, 94, 46, 141, 107, 12, 125, 6, 196, 0)
True, True, 0.0614, (0, 91, 165, 17, 27, 31, 67, 192, 170, 129, 73, 123, 64, 135, 114, 102, 0)
True, True, 0.2472, (0, 178, 75, 97, 81, 25, 35, 15, 39, 112, 111, 77, 187, 58, 169, 0)
True, True, 0.015, (0, 161, 199, 72, 54, 29, 98, 84, 63, 136, 53, 78, 105, 169, 18, 0)
True, True, 0.0171, (0, 87, 163, 102, 91, 200, 176, 156, 26, 49, 70, 100, 205, 42, 103, 0)
True, True, 0.0274, (0, 207, 82, 57, 5, 95, 155, 74, 108, 206, 148, 130, 26, 205, 0)
True, True, 0.219, (0, 190, 50, 161, 199, 47, 72, 54, 29, 103, 203, 173, 56, 38, 0)
True, True, 0.0517, (0, 200, 176, 130, 148, 206, 108, 74, 155, 95, 5, 33, 26, 49, 0)
True, True, 0.1321, (0, 90, 8, 120, 61, 182, 157, 24, 189, 109, 32, 171, 158, 30, 124, 0)
True, True, 0.0151, (0, 87, 102, 64, 123, 73, 129, 170, 192, 67, 99, 17, 165, 176, 200, 0)
True, True, 0.0398, (0, 86, 151, 3, 167, 90, 8, 126, 174, 137, 79, 146, 164, 160, 0)
True, True, 0.2329, (0, 91, 165, 17, 27, 67, 192, 170, 129, 73, 123, 89, 135, 114, 102, 87, 0)
True, True, 0.0289, (0, 51, 61, 182, 157, 24, 189, 109, 94, 46, 141, 107, 92, 193, 116, 0)
True, True, 0.0516, (0, 8, 51, 61, 182, 157, 24, 189, 109, 32, 94, 23, 191, 4, 93, 0)
True, True, 0.0718, (0, 161, 199, 72, 54, 29, 98, 84, 63, 136, 53, 78, 105, 169, 68, 0)
True, True, 0.0026, (0, 108, 74, 96, 172, 11, 28, 115, 36, 202, 185, 179, 154, 150, 41, 1, 0)
True, True, 0.1261, (0, 200, 176, 17, 27, 99, 101, 206, 148, 33, 26, 49, 100, 205, 0)
True, True, 0.0076, (0, 84, 152, 14, 33, 148, 206, 101, 130, 26, 49, 70, 100, 42, 0)
True, True, 0.0661, (0, 152, 82, 57, 5, 95, 155, 74, 108, 206, 148, 130, 176, 0)
True, True, 0.2935, (0, 190, 34, 175, 50, 88, 128, 177, 68, 18, 132, 45, 183, 131, 16, 65, 0)
True, True, 0.0361, (0, 130, 101, 206, 108, 74, 155, 95, 5, 57, 82, 14, 44, 0)
True, True, 0.0361, (0, 130, 148, 155, 96, 172, 11, 28, 115, 202, 185, 36, 153, 134, 123, 64, 0)
True, True, 0.019, (0, 84, 98, 100, 70, 44, 49, 26, 156, 176, 200, 203, 38, 0)
True, True, 0.1111, (0, 44, 14, 82, 57, 5, 95, 155, 74, 108, 99, 17, 165, 0)
True, True, 0.0353, (0, 73, 134, 153, 36, 202, 185, 179, 154, 150, 41, 184, 140, 117, 0)
True, True, 0.2261, (0, 194, 21, 76, 164, 55, 146, 79, 137, 59, 133, 52, 160, 168, 48, 0)
True, True, 0.0671, (0, 194, 19, 87, 55, 146, 79, 137, 174, 126, 8, 90, 167, 3, 151, 0)
True, True, 0.036, (0, 127, 6, 125, 12, 107, 141, 46, 94, 32, 171, 158, 30, 162, 0)
False, True, 0.1345, (0, 159, 144, 201, 10, 118, 80, 204, 143, 144, 159, 0)
True, True, 0.2184, (0, 64, 134, 153, 11, 28, 115, 202, 185, 179, 154, 150, 184, 140, 13, 0)
True, True, 0.1251, (0, 194, 87, 163, 102, 104, 145, 113, 120, 51, 8, 90, 126, 174, 59, 0)
False, True, 0.1531, (0, 86, 127, 43, 60, 196, 116, 9, 4, 60, 43, 93, 3, 151, 86, 0)
True, True, 0.0912, (0, 64, 73, 134, 153, 36, 115, 28, 11, 37, 166, 96, 74, 108, 0)
False, True, 0.0806, (0, 127, 43, 60, 196, 116, 193, 92, 12, 125, 6, 116, 9, 4, 43, 127, 0)
True, True, 0.0379, (0, 64, 134, 153, 11, 28, 115, 36, 202, 185, 179, 154, 150, 41, 140, 0)
False, True, 0.0623, (0, 143, 204, 80, 118, 10, 198, 69, 186, 10, 118, 80, 204, 143, 0)
False, True, 0.01, (0, 144, 143, 204, 80, 118, 10, 198, 69, 186, 10, 118, 80, 143, 0)
True, True, 0.5041, (0, 201, 198, 69, 180, 22, 138, 121, 167, 3, 151, 86, 208, 0)
False, True, 0.0822, (0, 69, 186, 208, 86, 151, 3, 167, 121, 138, 22, 180, 186, 69, 0)
False, True, 0.0402, (0, 65, 16, 131, 183, 45, 175, 50, 128, 177, 68, 132, 45, 183, 190, 0)
False, True, 0.1979, (0, 65, 16, 131, 45, 132, 68, 177, 128, 50, 175, 45, 131, 16, 65, 0)
False, False, 0.3505, (0, 144, 143, 204, 80, 118, 10, 186, 10, 118, 80, 204, 143, 144, 0)
False, True, 0.1618, (0, 162, 30, 158, 171, 85, 32, 109, 189, 24, 157, 182, 61, 120, 51, 162, 0)
False, True, 0.0319, (0, 16, 131, 183, 45, 132, 68, 177, 128, 110, 169, 68, 132, 45, 183, 190, 0)
False, True, 0.1624, (0, 194, 21, 19, 76, 164, 59, 174, 126, 137, 79, 146, 55, 19, 21, 194, 0)
False, True, 0.0249, (0, 194, 21, 19, 87, 55, 146, 79, 137, 126, 174, 59, 164, 76, 19, 194, 0)
False, True, 0.01, (0, 201, 198, 69, 186, 208, 138, 22, 180, 186, 69, 198, 201, 0)
True, True, 0.01, (0, 198, 69, 186, 180, 22, 138, 121, 167, 3, 151, 86, 10, 204, 0)
True, True, 0.0172, (0, 83, 1, 41, 150, 154, 179, 36, 115, 28, 11, 153, 134, 123, 64, 0)
True, True, 0.11, (0, 140, 184, 41, 150, 154, 179, 36, 115, 28, 11, 153, 134, 73, 0)
False, True, 0.0859, (0, 163, 104, 145, 114, 135, 64, 73, 123, 89, 62, 13, 145, 104, 163, 87, 0)
False, True, 0.0505, (0, 69, 48, 168, 160, 52, 180, 22, 138, 121, 208, 186, 69, 198, 0)
True, True, 0.0208, (0, 194, 21, 19, 87, 55, 164, 76, 59, 133, 138, 22, 180, 69, 198, 0)
False, True, 0.0935, (0, 65, 18, 132, 68, 177, 128, 88, 50, 175, 34, 190, 183, 131, 16, 65, 0)
False, True, 0.0013, (0, 110, 105, 78, 53, 136, 63, 20, 149, 187, 58, 78, 105, 18, 0)
True, True, 0.0156, (0, 20, 71, 207, 188, 142, 147, 106, 181, 122, 112, 111, 97, 75, 40, 0)
False, True, 0.1017, (0, 127, 43, 60, 4, 9, 116, 193, 92, 12, 125, 6, 116, 9, 60, 43, 0)
True, True, 0.0279, (0, 152, 207, 188, 122, 181, 142, 147, 106, 35, 25, 81, 39, 112, 77, 0)
True, True, 0.0198, (0, 64, 123, 134, 153, 36, 202, 185, 179, 154, 150, 41, 195, 1, 83, 0)
True, True, 0.1224, (0, 42, 70, 49, 14, 33, 148, 206, 101, 99, 27, 17, 165, 91, 0)
True, True, 0.0516, (0, 124, 30, 158, 171, 85, 157, 24, 189, 109, 94, 23, 191, 4, 93, 0)
True, True, 0.0506, (0, 174, 113, 2, 83, 1, 66, 195, 41, 184, 140, 139, 117, 13, 104, 0)
False, True, 0.0909, (0, 110, 84, 98, 152, 71, 149, 20, 63, 136, 53, 78, 110, 0)
False, True, 0.01, (0, 144, 143, 204, 80, 118, 10, 186, 69, 118, 80, 204, 143, 144, 0)
True, True, 0.0906, (0, 111, 112, 39, 81, 25, 35, 106, 147, 142, 181, 122, 188, 207, 152, 0)
False, True, 0.0037, (0, 165, 27, 67, 192, 170, 7, 166, 37, 172, 96, 74, 108, 99, 165, 0)
False, True, 0.0853, (0, 173, 200, 176, 156, 26, 49, 44, 70, 100, 205, 42, 200, 173, 0)
False, True, 0.0398, (0, 194, 19, 76, 164, 55, 146, 79, 137, 126, 174, 59, 76, 19, 194, 0)
True, True, 0.0073, (0, 72, 103, 42, 205, 100, 70, 49, 26, 156, 176, 200, 173, 38, 0)
False, True, 0.0417, (0, 65, 18, 132, 68, 177, 128, 169, 110, 199, 161, 128, 177, 68, 18, 65, 0)
False, True, 0.0181, (0, 103, 42, 205, 156, 26, 49, 44, 70, 100, 205, 42, 103, 72, 0)
True, True, 0.1185, (0, 77, 112, 39, 15, 106, 147, 142, 181, 122, 188, 207, 152, 98, 0)
True, True, 0.1249, (0, 18, 119, 40, 178, 75, 97, 111, 77, 71, 149, 20, 63, 136, 105, 0)
False, True, 0.0814, (0, 169, 105, 78, 136, 63, 20, 149, 71, 152, 98, 84, 105, 110, 0)
False, True, 0.009, (0, 84, 98, 152, 44, 49, 70, 100, 205, 42, 98, 84, 110, 0)
False, True, 0.074, (0, 127, 43, 60, 116, 193, 92, 46, 141, 107, 12, 125, 6, 196, 127, 0)
False, True, 0.0469, (0, 132, 177, 128, 169, 105, 136, 63, 53, 78, 105, 110, 128, 177, 132, 0)
False, True, 0.1095, (0, 175, 38, 56, 173, 203, 103, 29, 54, 72, 47, 199, 161, 175, 0)
False, True, 0.0062, (0, 18, 178, 75, 97, 111, 112, 39, 15, 35, 25, 81, 97, 75, 178, 0)
False, True, 0.0273, (0, 194, 19, 76, 164, 55, 146, 79, 137, 126, 174, 164, 76, 19, 194, 0)
False, True, 0.0192, (0, 42, 205, 100, 70, 44, 49, 26, 156, 176, 42, 98, 84, 0)
False, True, 0.0049, (0, 132, 177, 169, 110, 105, 136, 63, 53, 78, 105, 110, 169, 177, 132, 0)
False, True, 0.0107, (0, 190, 183, 45, 175, 50, 88, 128, 177, 68, 132, 45, 183, 190, 159, 0)
False, True, 0.0004, (0, 34, 161, 199, 47, 72, 54, 29, 103, 203, 173, 56, 38, 34, 190, 0)
all_elementary, False
all_cyc2, False
