Instance, X-n200-k36
capacity, 402
min_trucks, 36
output_file, output_uchoa/X-n200-k36-cyc2.log
Start date, 2022-06-22
Start time, 04-50-37
capacity, 402
num_vehicles, 36
abort_early, False
methods, ['cyc2']
max_vars, 1000000
time_limit, 86400
farley, False
initial time, initial max_it, max_stale_it
1e-05, 2000000000.0, 20
heuristic Number of routes, heuristic Best Solution Value, heuristic number of iterations, adjusted time, adjusted max_it
301867, 58591.0, 112248, 1.0, 20000.0
method, python time, total time, propagated dominance time, unpropagated dominance time, pricing_success, upper_bound, lower_bound, abort_early, num_paths, 
cyc2, 0.2, 17.8, 0.0, 0.0, 1, 58073.351, 56471.5391, 0, 461
cyc2, 8466.4, 103.7, 0.0, 0.0, 1, 57958.0857, 57099.6142, 0, 142
cyc2, 0.1, 18.1, 0.0, 0.0, 1, 57946.2391, 57776.497, 0, 19
cyc2, 0.1, 18.0, 0.0, 0.0, 1, 57945.8199, 57945.8199, 0, 0
scip_total_time, 40753.662657
Solval, number of paths, impact cutoff
57945.81989393771, 183, 0.0001
Elementary, 2-Cycle, Path Value, Path
True, True, 0.3422, (0, 196, 119, 169, 171, 59, 0)
True, True, 0.6631, (0, 75, 6, 117, 61, 49, 172, 0)
True, True, 0.8782, (0, 79, 162, 11, 84, 178, 0)
True, True, 0.4036, (0, 186, 167, 190, 72, 145, 14, 17, 55, 0)
True, True, 0.2286, (0, 149, 30, 146, 114, 122, 175, 0)
True, True, 0.1513, (0, 127, 96, 137, 143, 141, 0)
True, True, 0.4213, (0, 45, 5, 185, 179, 28, 0)
True, True, 0.4966, (0, 141, 107, 192, 148, 197, 143, 0)
True, True, 0.1014, (0, 63, 58, 48, 113, 45, 0)
True, True, 0.3146, (0, 106, 88, 194, 68, 67, 17, 92, 0)
True, True, 1.0, (0, 10, 20, 32, 31, 18, 0)
True, True, 0.2586, (0, 68, 57, 163, 46, 194, 106, 0)
True, True, 0.5103, (0, 65, 151, 62, 67, 190, 167, 0)
True, True, 0.0493, (0, 65, 68, 67, 62, 151, 142, 0)
True, True, 0.3262, (0, 196, 172, 119, 59, 23, 0)
True, True, 0.0203, (0, 12, 63, 28, 58, 48, 0)
True, True, 0.3476, (0, 96, 137, 143, 141, 164, 0)
True, True, 0.6135, (0, 53, 123, 182, 193, 87, 134, 140, 0)
True, True, 0.1424, (0, 25, 122, 146, 30, 43, 24, 0)
True, True, 0.5477, (0, 174, 164, 21, 64, 90, 0)
True, True, 0.1218, (0, 79, 162, 11, 185, 5, 0)
True, True, 0.3146, (0, 188, 70, 77, 5, 74, 0)
True, True, 0.4252, (0, 42, 82, 152, 103, 191, 0)
True, True, 0.445, (0, 199, 184, 37, 56, 128, 0)
True, True, 0.0589, (0, 60, 36, 107, 192, 148, 0)
True, True, 0.5917, (0, 69, 81, 133, 170, 102, 0)
True, True, 0.4435, (0, 124, 165, 139, 86, 108, 0)
True, True, 0.2471, (0, 101, 42, 82, 132, 159, 0)
True, True, 0.0284, (0, 160, 64, 47, 21, 164, 0)
True, True, 0.4112, (0, 180, 94, 115, 156, 73, 0)
True, True, 0.1796, (0, 8, 184, 13, 128, 95, 0)
True, True, 0.1627, (0, 116, 104, 95, 189, 33, 0)
True, True, 0.6791, (0, 118, 29, 9, 91, 136, 0)
True, True, 0.3369, (0, 6, 16, 100, 138, 181, 61, 0)
True, True, 0.1181, (0, 128, 13, 56, 127, 95, 0)
True, True, 0.104, (0, 1, 124, 64, 90, 160, 0)
True, True, 0.3155, (0, 103, 131, 38, 7, 187, 52, 111, 0)
True, True, 0.2089, (0, 33, 95, 104, 93, 50, 0)
True, True, 0.0456, (0, 133, 168, 100, 138, 181, 0)
True, True, 0.3132, (0, 9, 174, 64, 124, 1, 0)
True, True, 0.1674, (0, 127, 56, 37, 128, 93, 0)
True, True, 0.0456, (0, 60, 126, 157, 99, 69, 0)
True, True, 0.1339, (0, 115, 130, 147, 97, 83, 111, 0)
True, True, 0.0387, (0, 52, 187, 7, 134, 193, 182, 39, 123, 53, 0)
True, True, 0.1787, (0, 140, 152, 82, 191, 159, 0)
True, True, 0.3956, (0, 155, 35, 50, 93, 104, 0)
True, True, 0.1694, (0, 43, 30, 149, 132, 101, 0)
True, True, 0.0899, (0, 116, 128, 37, 56, 127, 0)
True, True, 0.0097, (0, 139, 99, 81, 133, 117, 0)
True, True, 0.1155, (0, 132, 149, 30, 146, 114, 13, 0)
True, True, 0.0862, (0, 104, 199, 184, 8, 198, 0)
True, True, 0.0, (0, 40, 57, 163, 188, 77, 5, 0)
True, True, 0.0226, (0, 1, 165, 69, 170, 102, 0)
True, True, 0.2008, (0, 110, 86, 1, 160, 112, 0)
True, True, 0.3887, (0, 16, 168, 100, 2, 157, 126, 0)
True, True, 0.1977, (0, 71, 3, 116, 95, 51, 0)
True, True, 0.0615, (0, 56, 176, 122, 114, 25, 24, 0)
True, True, 0.2285, (0, 46, 188, 70, 77, 45, 0)
True, True, 0.0, (0, 45, 5, 77, 70, 74, 0)
True, True, 0.3209, (0, 59, 119, 169, 171, 29, 0)
True, True, 0.052, (0, 16, 157, 60, 36, 47, 0)
True, True, 0.2885, (0, 118, 108, 110, 44, 80, 0)
True, True, 0.2103, (0, 120, 73, 173, 115, 156, 111, 0)
True, True, 0.0115, (0, 97, 140, 87, 193, 123, 182, 39, 52, 0)
True, True, 0.2343, (0, 92, 26, 142, 145, 72, 14, 17, 55, 186, 0)
True, True, 0.277, (0, 186, 26, 142, 109, 129, 4, 150, 76, 0)
True, True, 0.0767, (0, 189, 95, 116, 3, 155, 0)
True, True, 0.4943, (0, 96, 137, 197, 175, 176, 0)
True, True, 0.0564, (0, 142, 109, 72, 145, 14, 55, 26, 0)
True, True, 0.2892, (0, 127, 13, 199, 184, 8, 0)
True, True, 0.1796, (0, 93, 13, 199, 37, 127, 0)
True, True, 0.0097, (0, 110, 69, 81, 133, 102, 0)
True, True, 0.0206, (0, 159, 82, 152, 140, 97, 0)
True, True, 0.3146, (0, 62, 151, 68, 194, 88, 0)
True, True, 0.0108, (0, 103, 131, 134, 193, 123, 0)
True, True, 0.2748, (0, 60, 36, 148, 175, 176, 0)
True, True, 0.1339, (0, 158, 94, 130, 147, 97, 98, 0)
True, True, 0.0046, (0, 47, 197, 143, 137, 96, 0)
True, True, 0.1218, (0, 113, 48, 28, 179, 84, 0)
True, True, 0.3408, (0, 99, 126, 60, 47, 21, 0)
True, True, 0.1018, (0, 159, 42, 152, 140, 97, 111, 0)
True, True, 0.1394, (0, 144, 160, 90, 124, 1, 0)
True, True, 0.4365, (0, 77, 185, 179, 28, 12, 0)
True, True, 0.0486, (0, 93, 13, 37, 56, 95, 0)
True, True, 0.1667, (0, 135, 183, 173, 153, 156, 120, 0)
True, True, 0.026, (0, 177, 15, 71, 3, 51, 33, 0)
True, True, 0.3175, (0, 75, 69, 133, 117, 49, 0)
True, True, 0.0203, (0, 77, 185, 179, 58, 113, 0)
True, True, 0.0629, (0, 167, 190, 67, 68, 151, 72, 0)
True, True, 0.0078, (0, 9, 144, 95, 104, 116, 0)
True, True, 0.0223, (0, 108, 165, 99, 60, 47, 0)
True, True, 0.1271, (0, 136, 51, 189, 3, 15, 0)
True, True, 0.376, (0, 102, 170, 81, 99, 165, 0)
True, True, 0.2487, (0, 12, 58, 113, 45, 74, 0)
True, True, 0.1694, (0, 176, 122, 114, 146, 149, 132, 0)
True, True, 0.0193, (0, 16, 100, 138, 2, 157, 126, 0)
True, True, 0.0023, (0, 127, 175, 197, 141, 137, 0)
True, True, 0.0359, (0, 89, 38, 7, 134, 193, 123, 0)
True, True, 0.1801, (0, 177, 3, 116, 189, 22, 33, 0)
True, True, 0.1321, (0, 87, 134, 7, 89, 103, 0)
True, True, 0.0023, (0, 47, 141, 197, 96, 127, 0)
True, True, 0.1165, (0, 103, 89, 38, 7, 187, 52, 39, 53, 0)
True, True, 0.3333, (0, 76, 142, 109, 129, 65, 85, 27, 0)
True, True, 0.0219, (0, 111, 53, 123, 182, 39, 187, 7, 38, 89, 131, 0)
True, True, 0.1356, (0, 131, 19, 89, 7, 187, 39, 53, 0)
False, True, 0.0106, (0, 118, 59, 23, 118, 0)
False, True, 0.0111, (0, 136, 91, 34, 136, 118, 0)
False, True, 0.3333, (0, 125, 78, 154, 121, 78, 154, 0)
False, True, 0.2284, (0, 57, 163, 188, 70, 46, 57, 0)
False, True, 0.0191, (0, 150, 27, 85, 65, 27, 150, 0)
False, True, 0.0317, (0, 76, 27, 85, 65, 27, 150, 92, 0)
False, True, 0.1715, (0, 34, 177, 161, 34, 91, 136, 0)
False, True, 0.3606, (0, 158, 161, 177, 34, 161, 158, 0)
False, True, 0.1697, (0, 36, 148, 192, 107, 36, 0)
False, True, 0.2457, (0, 110, 44, 108, 110, 44, 0)
False, True, 0.2326, (0, 150, 27, 85, 88, 106, 85, 0)
False, True, 0.1058, (0, 157, 2, 181, 138, 2, 157, 0)
False, True, 0.199, (0, 66, 41, 24, 66, 41, 198, 0)
False, True, 0.0711, (0, 5, 58, 63, 113, 5, 0)
False, True, 0.096, (0, 8, 66, 41, 166, 8, 0)
False, True, 0.2944, (0, 63, 58, 48, 63, 12, 0)
False, True, 0.4207, (0, 131, 19, 38, 89, 19, 0)
False, True, 0.3253, (0, 144, 160, 112, 144, 22, 0)
False, True, 0.3333, (0, 40, 125, 121, 154, 78, 121, 125, 40, 0)
False, True, 0.2748, (0, 47, 36, 107, 192, 47, 0)
False, True, 0.169, (0, 52, 39, 193, 87, 134, 187, 39, 52, 0)
False, True, 0.2022, (0, 112, 160, 90, 112, 144, 0)
False, True, 0.398, (0, 25, 122, 114, 25, 166, 0)
False, True, 0.2267, (0, 71, 189, 22, 51, 189, 0)
False, True, 0.5, (0, 54, 195, 101, 54, 195, 0)
False, True, 0.027, (0, 114, 43, 146, 30, 43, 24, 0)
False, True, 0.0475, (0, 92, 14, 145, 72, 14, 17, 26, 0)
False, True, 0.1545, (0, 177, 51, 33, 22, 51, 33, 0)
False, True, 0.0738, (0, 140, 87, 193, 182, 39, 123, 182, 39, 123, 182, 39, 123, 53, 0)
False, True, 0.2183, (0, 74, 113, 63, 48, 113, 74, 0)
False, True, 0.0097, (0, 110, 75, 117, 170, 75, 0)
False, True, 0.1071, (0, 26, 55, 145, 72, 14, 55, 26, 76, 0)
False, True, 0.0564, (0, 76, 27, 85, 65, 129, 4, 76, 0)
False, True, 0.1356, (0, 80, 86, 165, 139, 80, 0)
False, True, 0.433, (0, 83, 98, 147, 130, 98, 83, 0)
False, True, 0.3333, (0, 40, 150, 4, 129, 109, 4, 92, 0)
False, True, 0.3956, (0, 155, 105, 35, 50, 105, 0)
False, True, 0.3115, (0, 120, 73, 173, 153, 135, 120, 0)
False, True, 0.0231, (0, 19, 89, 38, 7, 187, 39, 182, 123, 39, 182, 123, 0)
False, True, 0.2089, (0, 105, 183, 198, 35, 183, 135, 0)
False, True, 0.0342, (0, 135, 183, 173, 156, 73, 135, 0)
False, True, 0.2056, (0, 139, 99, 126, 60, 139, 0)
False, True, 0.3171, (0, 24, 43, 146, 30, 43, 149, 0)
False, True, 0.2829, (0, 168, 181, 138, 168, 157, 0)
False, True, 0.2259, (0, 159, 191, 152, 42, 159, 0)
False, True, 0.253, (0, 183, 41, 66, 24, 41, 166, 0)
False, True, 0.0696, (0, 112, 174, 164, 21, 174, 0)
False, True, 0.1448, (0, 158, 180, 156, 94, 180, 0)
False, True, 0.0386, (0, 92, 14, 145, 72, 14, 55, 186, 0)
False, True, 0.0561, (0, 106, 194, 57, 163, 46, 194, 0)
False, True, 0.3316, (0, 23, 171, 169, 23, 196, 0)
False, True, 0.253, (0, 198, 66, 166, 8, 198, 0)
False, True, 0.0053, (0, 172, 119, 171, 169, 119, 172, 0)
False, True, 0.0193, (0, 49, 181, 100, 138, 181, 0)
False, True, 0.1902, (0, 16, 2, 100, 181, 138, 2, 0)
False, True, 0.0233, (0, 52, 39, 187, 193, 182, 39, 187, 193, 182, 39, 52, 0)
False, True, 0.0945, (0, 26, 27, 106, 88, 85, 27, 76, 0)
False, True, 0.2201, (0, 80, 44, 86, 1, 80, 0)
False, True, 0.1133, (0, 91, 15, 51, 22, 33, 15, 0)
False, True, 0.2852, (0, 15, 116, 3, 71, 15, 34, 0)
False, True, 0.2284, (0, 57, 163, 188, 70, 163, 46, 0)
False, True, 0.1218, (0, 48, 58, 178, 48, 58, 0)
False, True, 0.0629, (0, 145, 62, 67, 151, 62, 0)
False, True, 0.025, (0, 91, 15, 71, 155, 15, 71, 0)
False, True, 0.0437, (0, 150, 27, 106, 88, 27, 150, 76, 0)
False, True, 0.0327, (0, 94, 156, 173, 153, 73, 94, 0)
False, True, 0.2991, (0, 180, 97, 130, 147, 97, 0)
False, True, 0.0695, (0, 104, 13, 37, 56, 104, 0)
False, True, 0.0418, (0, 111, 101, 191, 132, 101, 111, 0)
False, True, 0.0665, (0, 111, 52, 187, 7, 89, 38, 7, 187, 52, 111, 0)
False, True, 0.0478, (0, 152, 131, 89, 7, 131, 0)
False, True, 0.2445, (0, 94, 153, 173, 115, 153, 135, 0)
False, True, 0.1072, (0, 177, 71, 155, 3, 71, 161, 0)
False, True, 0.0232, (0, 186, 26, 142, 145, 72, 190, 167, 186, 0)
False, True, 0.1284, (0, 183, 132, 82, 191, 132, 0)
False, True, 0.0068, (0, 90, 21, 164, 64, 21, 0)
False, True, 0.0265, (0, 26, 55, 142, 145, 72, 14, 55, 26, 0)
False, True, 0.0129, (0, 69, 133, 16, 81, 133, 0)
all_elementary, False
all_cyc2, True
