Instance, X-n233-k16
capacity, 631
min_trucks, 17
output_file, output_uchoa/X-n233-k16-ng20.log
Start date, 2022-06-22
Start time, 13-45-07
capacity, 631
num_vehicles, 17
abort_early, False
methods, ['ng20']
max_vars, 1000000
time_limit, 86400
farley, False
initial time, initial max_it, max_stale_it
1e-05, 2000000000.0, 20
heuristic Number of routes, heuristic Best Solution Value, heuristic number of iterations, adjusted time, adjusted max_it
9016, 19230.0, 768, 100.0, 200.0
method, python time, total time, propagated dominance time, unpropagated dominance time, pricing_success, upper_bound, lower_bound, abort_early, num_paths, 
ng20, 65.7, 7514.3, 7091.5, 358.8, 1, 19031.5958, -5359.1076, 0, 86274
ng20, 11625.9, 29715.0, 27846.6, 1208.2, 1, 19031.5958, 9021.4815, 0, 262222
