Instance, X-n298-k31
capacity, 55
min_trucks, 31
output_file, output_uchoa/X-n298-k31-cyc2.log
Start date, 2022-06-23
Start time, 05-44-39
capacity, 55
num_vehicles, 31
abort_early, False
methods, ['cyc2']
max_vars, 1000000
time_limit, 86400
farley, False
initial time, initial max_it, max_stale_it
1e-05, 2000000000.0, 20
heuristic Number of routes, heuristic Best Solution Value, heuristic number of iterations, adjusted time, adjusted max_it
164533, 34272.0, 8516, 10.0, 2000.0
method, python time, total time, propagated dominance time, unpropagated dominance time, pricing_success, upper_bound, lower_bound, abort_early, num_paths, 
cyc2, 5.7, 5.3, 0.0, 0.0, 1, 33867.1382, 22147.4335, 0, 11961
cyc2, 1.3, 5.6, 0.0, 0.0, 1, 33802.7186, 28404.5339, 0, 3647
cyc2, 1.0, 5.7, 0.0, 0.0, 1, 33628.3222, 29252.5642, 0, 2562
cyc2, 2.5, 5.6, 0.0, 0.0, 1, 33548.4831, 21781.9621, 0, 5977
cyc2, 1.8, 5.7, 0.0, 0.0, 1, 33505.692, 23255.5416, 0, 4239
cyc2, 0.2, 5.7, 0.0, 0.0, 1, 33480.0727, 30899.1262, 0, 724
cyc2, 0.2, 5.6, 0.0, 0.0, 1, 33447.5926, 31879.675, 0, 371
cyc2, 0.1, 5.7, 0.0, 0.0, 1, 33438.973, 32554.7761, 0, 139
cyc2, 0.1, 5.6, 0.0, 0.0, 1, 33435.9988, 33187.9988, 0, 51
cyc2, 0.0, 5.6, 0.0, 0.0, 1, 33434.7651, 33246.4578, 0, 21
cyc2, 0.0, 5.6, 0.0, 0.0, 1, 33434.6673, 33259.1861, 0, 5
cyc2, -0.0, 5.8, 0.0, 0.0, 1, 33434.6632, 33403.6632, 0, 3
cyc2, 0.0, 5.8, 0.0, 0.0, 1, 33434.6495, 33425.7274, 0, 2
cyc2, 0.0, 5.7, 0.0, 0.0, 1, 33434.6485, 33434.6485, 0, 0
scip_total_time, 13860.519196
Solval, number of paths, impact cutoff
33434.64848340771, 233, 0.0001
Elementary, 2-Cycle, Path Value, Path
True, True, 0.0197, (0, 274, 24, 40, 121, 139, 289, 219, 77, 38, 52, 211, 285, 0)
True, True, 0.7775, (0, 257, 276, 12, 283, 244, 176, 109, 247, 6, 0)
True, True, 0.1635, (0, 140, 205, 143, 129, 296, 114, 183, 265, 75, 284, 0)
True, True, 0.4383, (0, 149, 132, 286, 225, 54, 195, 97, 175, 73, 221, 118, 0)
True, True, 0.0965, (0, 55, 18, 111, 64, 279, 297, 291, 141, 0)
True, True, 0.0264, (0, 140, 122, 150, 9, 181, 123, 14, 28, 93, 0)
True, True, 0.2143, (0, 277, 117, 218, 78, 127, 165, 166, 20, 0)
True, True, 0.6129, (0, 250, 246, 180, 215, 243, 146, 282, 229, 145, 0)
True, True, 0.0218, (0, 26, 35, 194, 260, 4, 272, 31, 153, 156, 100, 88, 0)
True, True, 0.039, (0, 138, 62, 207, 46, 107, 41, 235, 0)
True, True, 0.9829, (0, 199, 8, 164, 201, 239, 112, 261, 135, 170, 0)
True, True, 0.003, (0, 160, 182, 157, 96, 95, 259, 86, 0)
True, True, 0.5617, (0, 149, 132, 225, 54, 195, 97, 175, 73, 15, 7, 0)
True, True, 0.2227, (0, 85, 2, 10, 185, 32, 98, 288, 45, 101, 0)
True, True, 0.0171, (0, 199, 8, 164, 201, 239, 112, 261, 135, 36, 0)
True, True, 0.3336, (0, 137, 271, 295, 172, 92, 124, 16, 136, 0)
True, True, 0.085, (0, 234, 266, 114, 183, 296, 129, 143, 265, 75, 284, 0)
True, True, 0.1309, (0, 253, 131, 259, 95, 96, 157, 182, 160, 248, 0)
True, True, 0.715, (0, 273, 206, 5, 99, 23, 68, 187, 87, 230, 223, 27, 0)
True, True, 0.3228, (0, 138, 62, 207, 46, 211, 285, 41, 172, 295, 0)
True, True, 0.5171, (0, 202, 284, 205, 143, 129, 296, 114, 183, 265, 75, 0)
True, True, 0.5395, (0, 74, 256, 150, 9, 181, 123, 14, 228, 28, 93, 0)
True, True, 0.1839, (0, 255, 152, 84, 173, 270, 105, 193, 108, 82, 106, 242, 0)
True, True, 0.0542, (0, 20, 117, 218, 78, 5, 206, 273, 142, 0)
True, True, 0.0327, (0, 247, 109, 176, 244, 283, 12, 276, 136, 0)
True, True, 0.1556, (0, 3, 240, 18, 111, 64, 279, 297, 291, 141, 0)
True, True, 0.345, (0, 154, 117, 218, 78, 127, 165, 120, 128, 248, 0)
True, True, 0.0445, (0, 234, 214, 258, 269, 177, 230, 87, 187, 68, 23, 99, 223, 0)
True, True, 0.0856, (0, 75, 265, 183, 114, 296, 129, 143, 205, 197, 0)
True, True, 0.0123, (0, 102, 44, 189, 179, 287, 90, 238, 188, 268, 0)
True, True, 0.0575, (0, 161, 147, 11, 146, 243, 215, 246, 250, 0)
True, True, 0.0546, (0, 168, 45, 288, 98, 267, 245, 236, 30, 148, 0)
True, True, 0.3107, (0, 140, 94, 150, 9, 181, 123, 14, 228, 28, 93, 0)
True, True, 0.1458, (0, 88, 100, 156, 153, 31, 272, 4, 35, 26, 43, 110, 0)
True, True, 0.077, (0, 57, 134, 45, 288, 98, 267, 245, 236, 30, 148, 0)
True, True, 0.1732, (0, 91, 232, 45, 288, 98, 185, 32, 2, 85, 83, 0)
True, True, 0.2879, (0, 101, 57, 134, 45, 288, 98, 267, 245, 236, 30, 0)
True, True, 0.1559, (0, 61, 263, 137, 271, 124, 16, 136, 0)
True, True, 0.0547, (0, 227, 34, 212, 94, 122, 233, 297, 0)
True, True, 0.091, (0, 86, 131, 95, 96, 182, 160, 248, 0)
True, True, 0.0339, (0, 12, 283, 244, 176, 109, 247, 93, 0)
True, True, 0.094, (0, 126, 160, 182, 157, 95, 131, 86, 0)
True, True, 0.1288, (0, 224, 147, 275, 11, 146, 243, 215, 180, 229, 145, 0)
True, True, 0.0222, (0, 30, 32, 185, 288, 98, 267, 245, 0)
True, True, 0.1823, (0, 138, 62, 207, 46, 211, 285, 41, 235, 0)
True, True, 0.2702, (0, 138, 62, 207, 46, 211, 285, 107, 235, 0)
True, True, 0.0429, (0, 147, 213, 275, 11, 146, 243, 282, 246, 229, 145, 0)
True, True, 0.6929, (0, 274, 36, 24, 133, 40, 121, 139, 289, 219, 77, 38, 52, 0)
True, True, 0.0858, (0, 101, 45, 288, 98, 185, 32, 2, 85, 83, 71, 0)
True, True, 0.0582, (0, 118, 221, 231, 216, 264, 286, 50, 33, 62, 0)
True, True, 0.1559, (0, 136, 276, 12, 283, 138, 16, 235, 67, 0)
True, True, 0.1433, (0, 145, 229, 246, 180, 282, 243, 146, 11, 213, 147, 0)
True, True, 0.0243, (0, 6, 109, 176, 7, 228, 14, 123, 181, 9, 150, 0)
True, True, 0.0592, (0, 196, 61, 263, 67, 136, 257, 64, 240, 0)
True, True, 0.0213, (0, 184, 91, 53, 222, 90, 238, 115, 188, 268, 0)
True, True, 0.024, (0, 276, 190, 17, 50, 286, 264, 216, 231, 221, 118, 7, 0)
True, True, 0.0145, (0, 147, 275, 11, 146, 243, 180, 246, 250, 0)
True, True, 0.0083, (0, 58, 252, 1, 200, 42, 270, 105, 193, 108, 82, 106, 242, 0)
True, True, 0.1382, (0, 59, 196, 263, 67, 136, 257, 64, 279, 0)
True, True, 0.1238, (0, 190, 33, 50, 286, 264, 216, 231, 221, 15, 7, 0)
False, True, 0.179, (0, 81, 49, 169, 155, 280, 209, 155, 169, 49, 0)
False, True, 0.1031, (0, 103, 184, 290, 103, 184, 290, 103, 184, 290, 103, 184, 29, 0)
False, True, 0.287, (0, 184, 290, 91, 53, 222, 232, 57, 134, 168, 101, 290, 0)
False, True, 0.0423, (0, 62, 33, 17, 50, 33, 17, 190, 244, 6, 0)
False, True, 0.2552, (0, 208, 235, 124, 92, 107, 41, 92, 16, 0)
False, True, 0.0543, (0, 210, 125, 217, 198, 186, 125, 25, 0)
False, True, 0.0021, (0, 228, 7, 118, 15, 221, 118, 15, 7, 228, 28, 0)
False, True, 0.0693, (0, 27, 234, 214, 266, 60, 214, 266, 60, 34, 0)
False, True, 0.0388, (0, 208, 295, 41, 107, 285, 211, 46, 107, 41, 0)
False, True, 0.1396, (0, 234, 60, 266, 214, 60, 266, 214, 60, 0)
False, True, 0.128, (0, 147, 213, 275, 11, 213, 275, 81, 63, 0)
False, True, 0.0257, (0, 284, 75, 265, 143, 129, 296, 183, 75, 0)
False, True, 0.2858, (0, 79, 293, 70, 69, 56, 293, 79, 0)
False, True, 0.402, (0, 151, 293, 70, 56, 59, 151, 79, 0)
False, True, 0.1839, (0, 29, 71, 39, 255, 113, 39, 278, 226, 80, 0)
False, True, 0.0495, (0, 140, 150, 9, 181, 123, 14, 28, 181, 9, 150, 94, 0)
False, True, 0.1289, (0, 224, 104, 89, 203, 161, 89, 203, 161, 104, 0)
False, True, 0.0243, (0, 6, 247, 109, 93, 247, 6, 94, 122, 0)
False, True, 0.078, (0, 208, 235, 124, 92, 107, 41, 92, 124, 0)
False, True, 0.0263, (0, 79, 293, 56, 59, 69, 56, 59, 151, 0)
False, True, 0.5, (0, 148, 30, 236, 237, 267, 245, 237, 168, 0)
False, True, 0.0721, (0, 7, 15, 118, 221, 15, 118, 221, 15, 118, 176, 0)
False, True, 0.1306, (0, 259, 192, 66, 144, 192, 66, 144, 192, 66, 144, 192, 0)
False, True, 0.099, (0, 22, 69, 61, 196, 208, 67, 263, 61, 196, 0)
False, True, 0.0802, (0, 291, 140, 233, 94, 122, 233, 94, 122, 233, 0)
False, True, 0.0374, (0, 6, 247, 109, 244, 176, 109, 247, 6, 240, 0)
False, True, 0.1974, (0, 55, 240, 18, 111, 279, 64, 111, 18, 240, 0)
False, True, 0.1143, (0, 249, 19, 262, 51, 19, 262, 51, 19, 249, 250, 0)
False, True, 0.0257, (0, 202, 284, 75, 265, 143, 129, 296, 114, 75, 284, 0)
False, True, 0.0031, (0, 297, 279, 233, 94, 122, 233, 297, 0)
False, True, 0.5, (0, 13, 251, 119, 227, 141, 119, 251, 13, 0)
False, True, 0.0583, (0, 184, 290, 101, 168, 236, 30, 168, 101, 290, 184, 103, 0)
False, True, 0.2908, (0, 25, 142, 277, 25, 142, 277, 20, 154, 0)
False, True, 0.062, (0, 142, 210, 125, 217, 198, 186, 125, 210, 0)
False, True, 0.1159, (0, 281, 116, 130, 292, 268, 159, 292, 130, 116, 281, 0)
False, True, 0.3275, (0, 166, 128, 120, 165, 127, 120, 128, 166, 20, 0)
False, True, 0.1163, (0, 210, 217, 198, 186, 217, 125, 210, 25, 0)
False, True, 0.0495, (0, 205, 123, 14, 228, 7, 118, 15, 7, 228, 28, 0)
False, True, 0.0171, (0, 205, 265, 75, 183, 114, 296, 183, 114, 75, 0)
False, True, 0.137, (0, 81, 49, 169, 209, 280, 155, 209, 169, 49, 81, 0)
False, True, 0.0304, (0, 209, 260, 4, 272, 31, 153, 272, 31, 153, 88, 0)
False, True, 0.1437, (0, 285, 211, 52, 77, 38, 52, 46, 107, 0)
False, True, 0.245, (0, 248, 160, 182, 157, 96, 182, 160, 0)
False, True, 0.2457, (0, 249, 178, 48, 262, 51, 19, 262, 51, 48, 178, 0)
False, True, 0.4572, (0, 191, 202, 212, 197, 256, 74, 197, 212, 34, 191, 0)
False, True, 0.0035, (0, 24, 40, 121, 139, 289, 219, 139, 289, 219, 77, 38, 207, 0)
False, True, 0.2946, (0, 210, 198, 186, 217, 198, 186, 125, 210, 0)
True, True, 0.1167, (0, 259, 66, 144, 102, 179, 287, 90, 238, 115, 268, 0)
False, True, 0.0098, (0, 190, 17, 50, 286, 264, 231, 216, 50, 17, 190, 276, 0)
False, True, 0.25, (0, 116, 130, 292, 268, 159, 292, 130, 294, 0)
False, True, 0.1839, (0, 47, 80, 226, 278, 255, 242, 278, 226, 80, 47, 0)
False, True, 0.1015, (0, 22, 163, 21, 252, 63, 200, 1, 63, 252, 58, 0)
False, True, 0.2329, (0, 71, 83, 85, 10, 185, 32, 10, 2, 83, 71, 0)
False, True, 0.0492, (0, 242, 106, 152, 84, 105, 270, 173, 84, 105, 193, 82, 0)
False, True, 0.1098, (0, 163, 252, 63, 200, 1, 63, 200, 1, 82, 0)
False, True, 0.2593, (0, 103, 91, 53, 222, 232, 134, 57, 232, 222, 53, 91, 103, 0)
False, True, 0.0496, (0, 3, 136, 16, 124, 295, 172, 124, 16, 136, 0)
False, True, 0.0106, (0, 103, 53, 222, 232, 57, 134, 232, 57, 134, 168, 148, 0)
False, True, 0.0761, (0, 42, 171, 167, 76, 171, 167, 76, 171, 42, 152, 0)
False, True, 0.3188, (0, 162, 102, 179, 287, 189, 44, 179, 287, 189, 44, 102, 162, 159, 0)
False, True, 0.1167, (0, 102, 44, 189, 287, 179, 44, 189, 287, 179, 189, 44, 102, 162, 0)
False, True, 0.0313, (0, 42, 171, 167, 76, 171, 167, 76, 171, 42, 193, 0)
False, True, 0.0075, (0, 274, 24, 40, 121, 289, 219, 139, 289, 219, 77, 38, 207, 0)
False, True, 0.0528, (0, 108, 42, 171, 167, 76, 171, 167, 76, 171, 42, 108, 242, 0)
False, True, 0.1314, (0, 274, 249, 178, 48, 19, 262, 51, 19, 48, 178, 249, 0)
False, True, 0.0139, (0, 259, 66, 144, 192, 66, 144, 162, 268, 159, 292, 0)
False, True, 0.375, (0, 86, 281, 294, 241, 281, 294, 241, 86, 0)
False, True, 0.1227, (0, 259, 192, 66, 144, 192, 66, 144, 162, 268, 116, 0)
False, True, 0.0326, (0, 140, 122, 94, 93, 247, 109, 93, 6, 3, 0)
True, True, 0.2184, (0, 110, 43, 35, 194, 4, 272, 31, 153, 156, 100, 158, 37, 0)
False, True, 0.028, (0, 242, 106, 152, 108, 193, 105, 270, 173, 84, 105, 193, 108, 82, 0)
False, True, 0.121, (0, 113, 37, 72, 174, 254, 72, 174, 254, 65, 174, 254, 65, 158, 76, 167, 171, 42, 108, 0)
False, True, 0.0304, (0, 110, 43, 26, 35, 194, 260, 4, 194, 35, 43, 110, 0)
False, True, 0.4832, (0, 188, 220, 115, 238, 90, 220, 188, 0)
False, True, 0.0587, (0, 190, 33, 50, 264, 231, 216, 50, 33, 190, 0)
False, True, 0.1681, (0, 224, 147, 275, 213, 11, 275, 213, 147, 203, 0)
False, True, 0.2212, (0, 58, 252, 200, 1, 63, 200, 1, 252, 21, 204, 0)
False, True, 0.2232, (0, 110, 43, 26, 35, 194, 260, 88, 100, 156, 88, 260, 209, 0)
False, True, 0.1992, (0, 280, 260, 4, 272, 31, 153, 88, 280, 0)
False, True, 0.353, (0, 3, 55, 240, 18, 111, 64, 279, 297, 55, 3, 0)
False, True, 0.0376, (0, 117, 273, 206, 5, 78, 218, 117, 154, 0)
False, True, 0.154, (0, 126, 253, 131, 95, 157, 96, 95, 131, 253, 0)
False, True, 0.103, (0, 11, 110, 43, 26, 194, 35, 26, 194, 35, 26, 43, 110, 11, 0)
False, True, 0.1899, (0, 204, 163, 224, 104, 21, 58, 104, 21, 58, 163, 204, 22, 0)
False, True, 0.1839, (0, 29, 47, 278, 39, 255, 113, 39, 71, 148, 29, 0)
False, True, 0.1666, (0, 227, 34, 234, 60, 266, 214, 60, 34, 0)
True, True, 0.1381, (0, 110, 43, 26, 194, 260, 4, 272, 31, 153, 156, 100, 158, 65, 72, 37, 0)
False, True, 0.1839, (0, 29, 47, 80, 226, 278, 255, 39, 226, 80, 47, 0)
False, True, 0.0463, (0, 49, 155, 280, 209, 155, 280, 209, 155, 49, 0)
False, True, 0.0363, (0, 148, 32, 185, 10, 32, 185, 45, 134, 57, 0)
False, True, 0.0519, (0, 190, 17, 216, 231, 264, 50, 17, 33, 62, 0)
False, True, 0.1376, (0, 83, 85, 2, 10, 185, 32, 10, 2, 85, 83, 0)
False, True, 0.1669, (0, 224, 89, 203, 161, 89, 203, 161, 89, 203, 161, 89, 0)
False, True, 0.1183, (0, 113, 37, 72, 174, 254, 65, 158, 76, 167, 171, 76, 167, 42, 108, 106, 0)
False, True, 0.0455, (0, 107, 207, 77, 38, 207, 107, 0)
False, True, 0.185, (0, 126, 253, 259, 95, 157, 96, 95, 131, 253, 126, 0)
False, True, 0.1783, (0, 125, 217, 198, 186, 217, 125, 142, 0)
False, True, 0.0379, (0, 89, 161, 147, 213, 275, 11, 213, 275, 147, 0)
False, True, 0.0589, (0, 113, 37, 72, 174, 254, 72, 174, 254, 65, 158, 76, 167, 171, 42, 193, 108, 152, 0)
False, True, 0.1131, (0, 154, 117, 218, 78, 127, 165, 166, 20, 154, 0)
False, True, 0.0728, (0, 224, 161, 147, 213, 275, 11, 213, 275, 81, 163, 0)
True, True, 0.1022, (0, 37, 72, 65, 158, 100, 156, 153, 31, 272, 4, 194, 35, 26, 169, 0)
False, True, 0.1626, (0, 115, 238, 90, 115, 238, 90, 222, 53, 184, 0)
False, True, 0.0577, (0, 154, 117, 218, 78, 5, 206, 273, 218, 0)
False, True, 0.094, (0, 241, 116, 130, 292, 159, 268, 130, 116, 241, 0)
False, True, 0.1713, (0, 242, 106, 152, 84, 270, 173, 42, 270, 84, 152, 106, 242, 0)
False, True, 0.075, (0, 36, 24, 133, 40, 121, 139, 289, 219, 139, 121, 40, 133, 178, 249, 0)
False, True, 0.0284, (0, 250, 246, 282, 215, 180, 282, 215, 246, 250, 0)
False, True, 0.072, (0, 250, 246, 215, 282, 180, 215, 282, 229, 145, 250, 0)
False, True, 0.0123, (0, 115, 90, 238, 115, 90, 238, 115, 268, 0)
False, True, 0.0425, (0, 154, 117, 218, 273, 78, 218, 117, 277, 0)
False, True, 0.3338, (0, 291, 297, 233, 122, 94, 233, 122, 140, 291, 0)
True, True, 0.0309, (0, 227, 191, 34, 212, 94, 122, 233, 279, 3, 0)
False, True, 0.0807, (0, 29, 148, 71, 39, 113, 255, 278, 226, 80, 47, 29, 0)
False, True, 0.1587, (0, 33, 17, 216, 231, 264, 286, 50, 17, 33, 0)
False, True, 0.0349, (0, 59, 69, 61, 263, 67, 208, 196, 61, 69, 59, 0)
False, True, 0.1425, (0, 22, 70, 61, 196, 263, 67, 208, 196, 59, 0)
False, True, 0.0708, (0, 81, 169, 155, 280, 209, 155, 169, 49, 81, 0)
False, True, 0.3062, (0, 82, 193, 105, 270, 173, 84, 105, 193, 108, 82, 0)
False, True, 0.1192, (0, 113, 37, 72, 174, 254, 65, 174, 254, 65, 158, 76, 167, 171, 42, 173, 152, 106, 0)
True, True, 0.0218, (0, 169, 26, 35, 194, 260, 4, 272, 31, 153, 156, 100, 158, 37, 113, 0)
True, True, 0.0102, (0, 148, 245, 98, 288, 185, 32, 2, 85, 113, 0)
False, True, 0.0181, (0, 281, 116, 292, 159, 268, 292, 159, 268, 130, 116, 0)
False, True, 0.1092, (0, 259, 192, 66, 144, 192, 66, 144, 162, 268, 159, 116, 0)
False, True, 0.003, (0, 126, 253, 131, 95, 96, 182, 160, 126, 0)
False, True, 0.188, (0, 126, 253, 131, 259, 96, 157, 182, 160, 248, 126, 0)
False, True, 0.0033, (0, 284, 205, 265, 75, 183, 114, 75, 265, 205, 256, 74, 140, 0)
False, True, 0.0111, (0, 148, 236, 32, 185, 288, 98, 267, 236, 148, 0)
False, True, 0.1696, (0, 22, 70, 69, 196, 61, 69, 56, 59, 151, 0)
False, True, 0.0176, (0, 117, 218, 273, 206, 5, 78, 218, 166, 0)
False, True, 0.0221, (0, 28, 228, 7, 15, 221, 118, 15, 7, 176, 0)
False, True, 0.0118, (0, 284, 205, 143, 129, 296, 114, 183, 129, 143, 205, 0)
False, True, 0.0033, (0, 208, 41, 107, 285, 211, 46, 107, 41, 208, 0)
True, True, 0.0077, (0, 110, 43, 26, 194, 4, 272, 31, 153, 88, 260, 209, 0)
False, True, 0.0194, (0, 172, 41, 107, 285, 211, 107, 41, 172, 235, 0)
False, True, 0.062, (0, 86, 292, 268, 159, 292, 130, 116, 241, 0)
False, True, 0.0236, (0, 148, 245, 267, 288, 98, 267, 245, 0)
False, True, 0.2552, (0, 208, 67, 137, 271, 295, 172, 271, 137, 263, 0)
True, True, 0.0053, (0, 284, 75, 265, 143, 129, 183, 114, 177, 258, 266, 0)
False, True, 0.0199, (0, 209, 155, 260, 88, 153, 31, 272, 4, 260, 280, 0)
True, True, 0.0251, (0, 3, 279, 257, 136, 67, 263, 61, 196, 59, 0)
False, True, 0.1022, (0, 81, 49, 169, 155, 280, 209, 155, 49, 81, 0)
False, True, 0.0409, (0, 242, 106, 152, 105, 270, 173, 42, 270, 173, 84, 152, 106, 0)
False, True, 0.0298, (0, 244, 190, 33, 50, 17, 33, 190, 62, 138, 0)
False, True, 0.1239, (0, 141, 227, 25, 277, 142, 25, 227, 141, 0)
False, True, 0.0367, (0, 163, 104, 203, 161, 89, 203, 161, 104, 163, 0)
False, True, 0.0312, (0, 57, 134, 45, 288, 98, 32, 185, 45, 168, 0)
False, True, 0.1871, (0, 190, 17, 264, 231, 216, 264, 286, 50, 17, 190, 0)
False, True, 0.1406, (0, 118, 221, 231, 216, 264, 231, 216, 50, 33, 190, 0)
False, True, 0.1098, (0, 252, 63, 200, 1, 63, 200, 1, 252, 163, 204, 0)
False, True, 0.0836, (0, 36, 24, 40, 121, 289, 219, 139, 289, 219, 77, 38, 207, 0)
False, True, 0.0802, (0, 78, 5, 206, 99, 23, 230, 87, 187, 68, 23, 99, 223, 0)
False, True, 0.1196, (0, 269, 177, 258, 269, 177, 258, 269, 177, 214, 234, 0)
True, True, 0.0465, (0, 7, 118, 221, 231, 216, 50, 33, 17, 190, 244, 0)
False, True, 0.0168, (0, 268, 220, 115, 238, 90, 220, 268, 0)
False, True, 0.0376, (0, 117, 273, 206, 5, 78, 273, 277, 0)
False, True, 0.0685, (0, 284, 205, 265, 183, 114, 296, 129, 143, 205, 284, 0)
False, True, 0.1446, (0, 22, 204, 58, 21, 104, 58, 21, 104, 224, 163, 204, 22, 0)
False, True, 0.0802, (0, 27, 223, 99, 23, 68, 187, 87, 230, 68, 187, 87, 230, 223, 27, 0)
False, True, 0.0277, (0, 27, 234, 214, 258, 269, 177, 258, 269, 177, 258, 214, 234, 27, 0)
False, True, 0.0899, (0, 56, 69, 61, 263, 67, 208, 196, 61, 69, 0)
False, True, 0.0604, (0, 242, 106, 152, 173, 171, 167, 76, 158, 65, 254, 174, 72, 254, 174, 72, 37, 113, 0)
False, True, 0.0547, (0, 234, 214, 60, 266, 214, 60, 34, 191, 0)
False, True, 0.0867, (0, 234, 266, 258, 177, 269, 258, 177, 269, 258, 177, 214, 234, 0)
False, True, 0.0418, (0, 113, 37, 72, 174, 254, 65, 158, 76, 167, 171, 76, 167, 42, 108, 242, 0)
False, True, 0.0644, (0, 88, 100, 156, 88, 100, 156, 153, 31, 272, 4, 260, 0)
False, True, 0.092, (0, 234, 266, 269, 258, 177, 269, 258, 177, 269, 258, 177, 269, 258, 266, 0)
False, True, 0.0083, (0, 242, 106, 82, 252, 63, 200, 1, 252, 21, 163, 22, 0)
False, True, 0.0005, (0, 148, 245, 98, 288, 185, 32, 245, 148, 0)
False, True, 0.1143, (0, 274, 36, 24, 133, 48, 51, 262, 19, 48, 178, 249, 0)
False, True, 0.0197, (0, 249, 178, 133, 40, 121, 139, 289, 219, 139, 121, 40, 133, 178, 249, 0)
False, True, 0.0171, (0, 274, 36, 170, 249, 19, 262, 51, 19, 262, 51, 48, 178, 249, 274, 0)
True, True, 0.0035, (0, 24, 133, 40, 121, 289, 219, 77, 38, 62, 0)
all_elementary, False
all_cyc2, True
