Instance, X-n247-k50
capacity, 134
min_trucks, 50
output_file, output_uchoa/X-n247-k50-SPPRC.log
Start date, 2022-06-21
Start time, 11-17-47
capacity, 134
num_vehicles, 50
abort_early, False
methods, ['SPPRC']
max_vars, 1000000
time_limit, 86400
farley, False
initial time, initial max_it, max_stale_it
1e-05, 2000000000.0, 20
heuristic Number of routes, heuristic Best Solution Value, heuristic number of iterations, adjusted time, adjusted max_it
2522, 37413.0, 310, 100.0, 200.0
method, python time, total time, propagated dominance time, unpropagated dominance time, pricing_success, upper_bound, lower_bound, abort_early, num_paths, 
SPPRC, 29.0, 3.8, 2.7, 0.4, 1, 37369.1873, -793805.6529, 0, 22801
SPPRC, 9.1, 3.0, 2.1, 0.3, 1, 37369.1873, -119000.8862, 0, 17317
SPPRC, 13.6, 2.9, 2.1, 0.3, 1, 37369.0229, -188521.8445, 0, 18044
SPPRC, 10.2, 2.8, 2.0, 0.3, 1, 37369.0229, -76186.5767, 0, 15768
SPPRC, 10.8, 3.4, 2.4, 0.3, 1, 37369.0229, -69672.4613, 0, 14173
SPPRC, 33.6, 2.8, 1.9, 0.3, 1, 37369.0229, -182318.4188, 0, 15763
SPPRC, 3.9, 2.5, 1.7, 0.2, 1, 37369.0229, -23801.3158, 0, 8770
SPPRC, 8.3, 2.6, 1.9, 0.2, 1, 37316.5984, -23144.8287, 0, 10952
SPPRC, 13.6, 2.4, 1.7, 0.2, 1, 37302.1831, -19079.2932, 0, 9735
SPPRC, 2.5, 1.8, 1.2, 0.1, 1, 37299.6331, 18310.1837, 0, 4804
SPPRC, 3.6, 2.0, 1.3, 0.2, 1, 37088.1003, 9173.7922, 0, 5669
SPPRC, 2.1, 1.8, 1.2, 0.1, 1, 37076.7133, 20049.6147, 0, 4747
SPPRC, 1.2, 1.5, 0.9, 0.1, 1, 37037.2769, 29294.3294, 0, 2647
SPPRC, 2.4, 1.7, 1.1, 0.1, 1, 36983.385, 20791.914, 0, 4385
SPPRC, 0.9, 1.5, 1.0, 0.1, 1, 36967.4306, 32510.0704, 0, 1975
SPPRC, 0.7, 1.3, 0.8, 0.1, 1, 36938.5804, 31342.3329, 0, 1412
SPPRC, 0.7, 1.3, 0.8, 0.1, 1, 36915.6304, 31983.4955, 0, 1306
SPPRC, 0.3, 1.2, 0.7, 0.1, 1, 36901.4864, 35295.2915, 0, 675
SPPRC, 0.3, 1.2, 0.7, 0.1, 1, 36869.1625, 35474.16, 0, 496
SPPRC, 0.2, 1.2, 0.7, 0.1, 1, 36847.7867, 35841.5808, 0, 258
SPPRC, 0.1, 1.1, 0.6, 0.1, 1, 36833.4263, 36036.902, 0, 123
SPPRC, 0.1, 1.1, 0.7, 0.1, 1, 36823.9909, 36025.323, 0, 153
SPPRC, 0.2, 1.0, 0.6, 0.1, 1, 36821.9489, 36515.5651, 0, 47
SPPRC, 0.1, 1.0, 0.6, 0.1, 1, 36820.9207, 36539.6082, 0, 21
SPPRC, 0.1, 1.1, 0.6, 0.1, 1, 36820.1415, 36688.3105, 0, 36
SPPRC, 0.0, 1.1, 0.6, 0.1, 1, 36819.9279, 36769.5987, 0, 7
SPPRC, 0.0, 1.1, 0.7, 0.1, 1, 36819.8809, 36811.1136, 0, 2
SPPRC, 0.0, 1.1, 0.6, 0.1, 1, 36819.8808, 36819.8808, 0, 0
scip_total_time, 3336.18608
Solval, number of paths, impact cutoff
36819.88077027436, 219, 0.0001
Elementary, 2-Cycle, Path Value, Path
True, True, 1.0, (0, 12, 0)
True, True, 0.5513, (0, 44, 0)
True, True, 1.0, (0, 52, 0)
True, True, 0.3745, (0, 66, 0)
True, True, 0.6053, (0, 53, 131, 161, 0)
True, True, 1.0, (0, 156, 34, 45, 0)
True, True, 0.656, (0, 117, 158, 1, 181, 237, 134, 0)
True, True, 1.0, (0, 21, 85, 0)
True, True, 0.9107, (0, 59, 6, 160, 0)
True, True, 1.0, (0, 24, 48, 0)
True, True, 0.1642, (0, 141, 44, 0)
True, True, 1.0, (0, 11, 67, 154, 0)
True, True, 1.0, (0, 37, 2, 0)
True, True, 0.5737, (0, 143, 42, 20, 0)
True, True, 0.755, (0, 60, 56, 169, 0)
True, True, 0.8639, (0, 92, 46, 236, 0)
True, True, 0.6558, (0, 26, 19, 0)
True, True, 0.8639, (0, 3, 243, 111, 0)
True, True, 0.8696, (0, 68, 27, 135, 0)
True, True, 0.3522, (0, 55, 94, 30, 0)
True, True, 0.5633, (0, 65, 23, 0)
True, True, 0.2105, (0, 18, 17, 0)
True, True, 0.1361, (0, 115, 243, 3, 0)
True, True, 0.7141, (0, 14, 95, 0)
True, True, 0.2511, (0, 66, 215, 97, 0)
True, True, 0.7514, (0, 159, 29, 22, 0)
True, True, 0.3895, (0, 216, 81, 129, 125, 75, 139, 9, 110, 102, 91, 0)
True, True, 0.4541, (0, 64, 168, 43, 0)
True, True, 0.1304, (0, 68, 27, 132, 0)
True, True, 0.1755, (0, 60, 91, 42, 0)
True, True, 0.2486, (0, 159, 29, 7, 0)
True, True, 0.7984, (0, 49, 96, 4, 0)
True, True, 0.1304, (0, 224, 155, 223, 166, 208, 171, 32, 135, 0)
True, True, 0.1813, (0, 170, 42, 20, 0)
True, True, 0.2016, (0, 49, 168, 43, 0)
True, True, 0.014, (0, 59, 56, 169, 0)
True, True, 0.3442, (0, 94, 26, 43, 0)
True, True, 0.6478, (0, 7, 55, 0)
True, True, 0.0695, (0, 42, 60, 216, 0)
True, True, 0.1361, (0, 14, 95, 115, 236, 0)
True, True, 0.0825, (0, 187, 170, 244, 16, 152, 118, 0)
True, True, 0.1361, (0, 111, 46, 92, 0)
True, True, 0.2101, (0, 190, 142, 88, 62, 233, 104, 172, 76, 183, 0)
True, True, 0.1569, (0, 183, 246, 73, 39, 172, 221, 198, 145, 225, 0)
True, True, 0.1554, (0, 190, 142, 163, 88, 62, 233, 172, 76, 183, 0)
True, True, 0.3442, (0, 30, 231, 64, 0)
True, True, 0.0395, (0, 117, 1, 181, 237, 178, 134, 0)
True, True, 0.1525, (0, 233, 38, 20, 0)
True, True, 0.1207, (0, 115, 95, 25, 132, 211, 0)
True, True, 0.8955, (0, 153, 228, 47, 157, 130, 150, 219, 0)
True, True, 0.0059, (0, 205, 99, 209, 191, 54, 177, 136, 113, 174, 0)
True, True, 0.2105, (0, 8, 185, 41, 0)
True, True, 0.2105, (0, 13, 36, 0)
True, True, 0.2016, (0, 148, 64, 168, 4, 0)
True, True, 0.4367, (0, 65, 58, 0)
True, True, 0.606, (0, 141, 16, 244, 170, 103, 186, 187, 0)
True, True, 0.2298, (0, 141, 44, 103, 186, 187, 0)
True, True, 0.0291, (0, 100, 25, 95, 0)
True, True, 0.1647, (0, 142, 110, 9, 139, 75, 125, 129, 81, 216, 122, 0)
True, True, 0.1855, (0, 174, 113, 136, 54, 191, 224, 209, 99, 205, 0)
True, True, 0.0925, (0, 38, 163, 20, 0)
True, True, 0.7489, (0, 97, 211, 132, 25, 100, 0)
True, True, 0.0572, (0, 18, 36, 0)
True, True, 0.2253, (0, 174, 136, 177, 54, 191, 224, 209, 99, 205, 0)
True, True, 0.0149, (0, 224, 155, 223, 166, 208, 171, 32, 94, 0)
True, True, 0.3314, (0, 86, 246, 39, 76, 226, 90, 197, 0)
True, True, 0.1569, (0, 142, 163, 88, 62, 233, 104, 172, 226, 197, 0)
True, True, 0.3947, (0, 53, 161, 0)
True, True, 0.0167, (0, 25, 189, 171, 208, 82, 223, 155, 224, 209, 0)
False, False, 0.3036, (0, 115, 30, 115, 0)
True, True, 0.4367, (0, 58, 23, 0)
False, False, 0.5, (0, 15, 162, 15, 0)
False, False, 0.3947, (0, 17, 131, 17, 0)
False, False, 0.2865, (0, 232, 82, 213, 31, 213, 31, 0)
False, False, 0.0774, (0, 196, 240, 127, 240, 127, 240, 127, 240, 127, 240, 127, 240, 196, 38, 71, 0)
False, False, 0.0893, (0, 146, 6, 196, 240, 127, 240, 127, 240, 127, 240, 127, 240, 127, 240, 196, 0)
True, True, 0.7323, (0, 123, 18, 36, 0)
False, False, 0.0633, (0, 58, 174, 58, 0)
False, False, 0.2369, (0, 98, 200, 41, 200, 13, 0)
False, False, 0.3745, (0, 215, 66, 215, 0)
False, False, 0.0753, (0, 125, 56, 125, 59, 0)
True, True, 0.3289, (0, 182, 179, 227, 173, 63, 106, 212, 105, 0)
True, True, 0.0395, (0, 70, 137, 188, 227, 173, 63, 0)
False, False, 0.3115, (0, 118, 152, 16, 152, 118, 0)
False, False, 0.1473, (0, 118, 152, 126, 19, 126, 152, 118, 0)
False, False, 0.0547, (0, 187, 186, 103, 186, 103, 186, 103, 44, 0)
False, False, 0.0195, (0, 242, 72, 242, 72, 242, 72, 242, 72, 242, 72, 242, 72, 242, 72, 242, 72, 242, 147, 72, 242, 0)
False, False, 0.0465, (0, 104, 107, 146, 203, 38, 203, 146, 107, 146, 107, 104, 172, 0)
False, False, 0.1324, (0, 217, 199, 217, 199, 217, 199, 217, 35, 0)
True, True, 0.0106, (0, 133, 235, 192, 204, 222, 176, 180, 79, 81, 9, 0)
False, False, 0.1579, (0, 98, 200, 87, 51, 106, 121, 84, 121, 84, 121, 84, 0)
False, False, 0.0395, (0, 112, 178, 237, 181, 165, 128, 8, 128, 165, 0)
False, False, 0.2151, (0, 38, 203, 196, 77, 234, 77, 234, 77, 234, 77, 196, 0)
False, False, 0.1239, (0, 225, 145, 197, 90, 197, 90, 19, 0)
False, False, 0.1082, (0, 99, 209, 224, 155, 223, 155, 224, 40, 0)
True, True, 0.1452, (0, 209, 224, 155, 223, 82, 208, 189, 32, 0)
True, True, 0.0236, (0, 241, 155, 223, 82, 108, 50, 0)
False, False, 0.1316, (0, 98, 51, 106, 121, 84, 121, 84, 121, 84, 121, 84, 0)
False, False, 0.0569, (0, 7, 108, 213, 222, 176, 222, 176, 222, 176, 222, 204, 192, 235, 133, 0)
False, False, 0.0934, (0, 40, 241, 133, 72, 147, 72, 147, 72, 147, 72, 242, 0)
False, False, 0.0731, (0, 86, 126, 167, 71, 167, 71, 167, 71, 167, 71, 167, 19, 0)
False, False, 0.2637, (0, 239, 220, 144, 229, 230, 229, 230, 5, 144, 220, 239, 198, 0)
False, False, 0.0846, (0, 96, 133, 235, 192, 204, 222, 204, 223, 166, 208, 25, 0)
False, False, 0.0698, (0, 221, 239, 220, 144, 229, 230, 229, 230, 229, 144, 220, 196, 38, 0)
False, False, 0.3448, (0, 232, 166, 208, 108, 180, 79, 89, 28, 89, 79, 0)
False, False, 0.222, (0, 100, 162, 116, 202, 50, 202, 116, 0)
False, False, 0.0564, (0, 112, 117, 165, 128, 165, 128, 8, 128, 117, 0)
True, True, 0.1974, (0, 105, 212, 106, 63, 173, 227, 188, 137, 0)
False, False, 0.1223, (0, 163, 201, 78, 184, 69, 28, 69, 78, 201, 163, 0)
False, False, 0.2822, (0, 164, 93, 194, 109, 70, 109, 194, 93, 33, 164, 0)
False, False, 0.0516, (0, 133, 235, 192, 204, 222, 176, 180, 22, 180, 108, 82, 208, 166, 0)
False, False, 0.0313, (0, 81, 28, 127, 234, 77, 234, 77, 234, 196, 0)
False, False, 0.0995, (0, 62, 239, 83, 195, 83, 195, 206, 0)
False, False, 0.0698, (0, 198, 239, 220, 144, 230, 229, 230, 5, 144, 220, 239, 221, 0)
False, False, 0.0256, (0, 40, 168, 72, 147, 72, 147, 72, 147, 72, 147, 242, 0)
True, True, 0.1945, (0, 148, 138, 231, 101, 40, 209, 99, 205, 0)
False, False, 0.064, (0, 40, 124, 241, 124, 241, 124, 241, 124, 241, 124, 168, 101, 0)
False, False, 0.0846, (0, 148, 138, 231, 101, 40, 101, 138, 0)
False, False, 0.0459, (0, 143, 91, 102, 169, 110, 9, 110, 169, 102, 91, 143, 0)
False, False, 0.053, (0, 101, 168, 124, 241, 124, 241, 124, 241, 124, 40, 209, 99, 0)
False, False, 0.2895, (0, 178, 149, 80, 149, 80, 185, 51, 212, 105, 0)
False, False, 0.2887, (0, 94, 32, 189, 171, 189, 171, 218, 207, 0)
True, True, 0.1148, (0, 133, 235, 192, 204, 222, 176, 89, 28, 81, 216, 0)
False, False, 0.0467, (0, 133, 235, 192, 235, 192, 235, 192, 204, 222, 213, 108, 7, 0)
False, False, 0.0263, (0, 182, 179, 137, 188, 227, 188, 210, 5, 114, 0)
False, False, 0.0564, (0, 117, 165, 128, 165, 128, 8, 165, 117, 0)
False, False, 0.1443, (0, 119, 113, 136, 177, 54, 177, 136, 113, 119, 0)
False, False, 0.0118, (0, 122, 130, 157, 47, 157, 130, 122, 0)
False, False, 0.0992, (0, 142, 163, 88, 163, 110, 9, 110, 169, 102, 91, 143, 0)
False, False, 0.2596, (0, 148, 138, 231, 101, 40, 101, 138, 148, 0)
True, True, 0.0263, (0, 182, 179, 137, 188, 173, 63, 200, 151, 0)
True, True, 0.4528, (0, 122, 50, 108, 82, 223, 155, 0)
False, False, 0.1053, (0, 166, 208, 31, 213, 31, 166, 0)
False, False, 0.0014, (0, 86, 246, 73, 39, 73, 246, 76, 226, 197, 0)
False, False, 0.1969, (0, 83, 114, 175, 210, 5, 210, 175, 114, 83, 206, 0)
False, False, 0.0533, (0, 166, 208, 31, 213, 31, 208, 0)
False, False, 0.1304, (0, 218, 171, 189, 171, 189, 32, 211, 0)
False, False, 0.047, (0, 112, 134, 178, 87, 51, 87, 178, 134, 0)
False, False, 0.1787, (0, 126, 167, 71, 190, 140, 35, 140, 0)
True, True, 0.1302, (0, 126, 167, 71, 190, 142, 35, 244, 170, 0)
False, False, 0.1643, (0, 238, 120, 93, 120, 74, 33, 74, 238, 0)
False, False, 0.117, (0, 138, 231, 96, 241, 124, 241, 124, 241, 124, 241, 124, 40, 0)
False, False, 0.2728, (0, 225, 145, 198, 221, 107, 146, 203, 38, 203, 146, 107, 104, 0)
False, False, 0.2905, (0, 119, 207, 218, 32, 218, 207, 119, 0)
False, False, 0.197, (0, 133, 235, 192, 204, 222, 176, 180, 22, 180, 176, 204, 192, 235, 133, 0)
False, False, 0.0203, (0, 62, 88, 201, 78, 184, 78, 201, 139, 0)
False, False, 0.039, (0, 205, 174, 113, 232, 191, 54, 191, 232, 113, 174, 0)
False, False, 0.2763, (0, 8, 245, 70, 179, 137, 188, 137, 179, 182, 0)
False, False, 0.0236, (0, 122, 228, 47, 228, 130, 122, 153, 187, 0)
False, False, 0.2625, (0, 183, 73, 39, 73, 246, 226, 90, 197, 0)
False, False, 0.1775, (0, 8, 245, 109, 195, 114, 195, 83, 206, 0)
True, True, 0.006, (0, 133, 235, 192, 204, 222, 176, 180, 79, 28, 81, 0)
False, False, 0.0395, (0, 117, 158, 1, 158, 117, 0)
False, False, 0.278, (0, 122, 116, 202, 50, 202, 116, 162, 0)
True, True, 0.1579, (0, 182, 137, 188, 227, 173, 63, 185, 0)
False, False, 0.1345, (0, 102, 129, 125, 75, 139, 201, 139, 9, 0)
False, False, 0.174, (0, 201, 78, 184, 78, 184, 69, 184, 69, 28, 89, 79, 0)
True, True, 0.1583, (0, 225, 145, 90, 226, 76, 39, 73, 86, 0)
False, False, 0.1009, (0, 88, 201, 184, 69, 28, 69, 78, 201, 88, 0)
False, False, 0.0088, (0, 133, 235, 192, 204, 222, 204, 222, 176, 180, 79, 56, 129, 102, 91, 0)
False, False, 0.2105, (0, 134, 178, 149, 80, 149, 80, 185, 51, 200, 98, 0)
False, True, 0.265, (0, 112, 237, 181, 1, 158, 112, 0)
False, False, 0.0454, (0, 88, 201, 184, 69, 28, 69, 184, 78, 201, 163, 142, 0)
False, True, 0.4211, (0, 151, 87, 41, 13, 151, 0)
False, False, 0.0236, (0, 150, 130, 228, 47, 228, 130, 122, 153, 0)
False, False, 0.1598, (0, 165, 128, 165, 128, 165, 128, 8, 128, 165, 0)
False, False, 0.0511, (0, 62, 233, 107, 214, 193, 214, 193, 214, 193, 214, 193, 214, 193, 214, 193, 214, 221, 198, 0)
False, False, 0.0051, (0, 102, 169, 129, 125, 75, 125, 75, 139, 9, 110, 199, 0)
False, False, 0.0389, (0, 88, 201, 78, 69, 28, 69, 78, 201, 0)
False, False, 0.2663, (0, 164, 245, 70, 175, 210, 5, 210, 175, 114, 195, 206, 0)
False, False, 0.111, (0, 133, 235, 192, 204, 222, 176, 222, 176, 180, 79, 56, 129, 81, 216, 0)
False, False, 0.0549, (0, 166, 213, 31, 213, 31, 213, 166, 232, 0)
False, False, 0.1813, (0, 143, 91, 102, 199, 217, 199, 217, 199, 35, 244, 0)
True, True, 0.1304, (0, 174, 136, 177, 54, 191, 232, 113, 207, 119, 0)
True, True, 0.0216, (0, 133, 235, 192, 204, 222, 176, 180, 89, 28, 81, 0)
False, False, 0.0675, (0, 225, 145, 198, 221, 172, 104, 233, 62, 233, 73, 246, 86, 0)
False, False, 0.1506, (0, 216, 81, 129, 125, 75, 139, 75, 9, 110, 0)
False, False, 0.3213, (0, 86, 126, 167, 71, 190, 140, 35, 140, 0)
False, False, 0.036, (0, 86, 76, 172, 104, 233, 62, 88, 163, 88, 163, 142, 0)
False, False, 0.054, (0, 35, 217, 199, 217, 102, 91, 143, 153, 0)
False, False, 0.0111, (0, 86, 104, 107, 146, 203, 38, 203, 146, 160, 146, 160, 146, 107, 104, 172, 0)
False, False, 0.018, (0, 183, 172, 233, 62, 233, 104, 172, 76, 183, 0)
False, False, 0.0227, (0, 164, 33, 83, 195, 114, 195, 83, 206, 0)
False, False, 0.0849, (0, 242, 147, 242, 72, 147, 72, 242, 147, 242, 147, 242, 147, 72, 242, 147, 72, 242, 147, 242, 0)
False, False, 0.1635, (0, 112, 178, 87, 51, 87, 178, 112, 0)
False, False, 0.0511, (0, 198, 221, 193, 214, 193, 214, 193, 214, 193, 214, 193, 214, 193, 214, 193, 107, 62, 0)
True, True, 0.1842, (0, 182, 188, 227, 173, 63, 106, 212, 105, 0)
False, True, 0.1316, (0, 98, 200, 41, 13, 98, 151, 0)
False, False, 0.035, (0, 102, 169, 129, 56, 69, 184, 78, 184, 78, 184, 78, 184, 78, 201, 163, 0)
False, True, 0.0021, (0, 126, 167, 190, 142, 35, 190, 167, 0)
False, True, 0.042, (0, 205, 174, 113, 136, 177, 191, 54, 177, 136, 113, 174, 0)
False, True, 0.0895, (0, 183, 246, 73, 39, 246, 76, 226, 183, 0)
False, True, 0.0658, (0, 185, 179, 188, 227, 173, 63, 185, 0)
False, False, 0.0093, (0, 62, 160, 196, 77, 234, 127, 234, 127, 234, 77, 196, 0)
False, True, 0.0802, (0, 205, 99, 177, 54, 191, 177, 136, 113, 174, 205, 0)
False, False, 0.2205, (0, 238, 120, 74, 33, 74, 120, 238, 123, 225, 0)
False, False, 0.0009, (0, 242, 72, 242, 72, 242, 72, 242, 72, 242, 72, 242, 72, 242, 147, 72, 147, 72, 147, 72, 147, 72, 242, 0)
True, True, 0.042, (0, 174, 113, 54, 191, 224, 209, 99, 205, 0)
False, True, 0.0811, (0, 238, 120, 93, 194, 245, 109, 194, 93, 33, 0)
False, False, 0.1103, (0, 145, 206, 120, 74, 33, 74, 238, 145, 0)
False, False, 0.0885, (0, 33, 93, 194, 245, 109, 70, 109, 194, 164, 0)
False, False, 0.067, (0, 62, 233, 107, 214, 193, 214, 193, 214, 193, 214, 193, 214, 193, 239, 221, 198, 0)
False, False, 0.0132, (0, 206, 83, 114, 175, 5, 175, 114, 83, 206, 0)
False, False, 0.0967, (0, 221, 239, 220, 144, 5, 230, 229, 230, 229, 144, 220, 221, 0)
False, False, 0.0034, (0, 219, 150, 157, 228, 47, 228, 130, 122, 0)
False, False, 0.0236, (0, 206, 83, 195, 83, 195, 83, 194, 8, 0)
False, False, 0.0578, (0, 196, 234, 127, 234, 127, 234, 77, 234, 196, 160, 146, 62, 0)
True, True, 0.0472, (0, 164, 245, 70, 175, 210, 5, 114, 195, 83, 206, 123, 0)
False, False, 0.1053, (0, 205, 99, 177, 191, 54, 191, 232, 113, 174, 0)
False, False, 0.0199, (0, 83, 195, 114, 5, 114, 195, 83, 206, 0)
True, True, 0.0236, (0, 219, 50, 108, 82, 223, 224, 209, 0)
False, False, 0.0388, (0, 219, 150, 157, 47, 157, 150, 219, 0)
False, False, 0.0006, (0, 38, 203, 196, 234, 127, 234, 127, 234, 77, 196, 193, 214, 221, 0)
False, False, 0.0097, (0, 238, 120, 206, 120, 33, 74, 120, 238, 0)
False, False, 0.0109, (0, 164, 245, 194, 245, 194, 245, 194, 245, 194, 93, 33, 0)
False, True, 0.0034, (0, 187, 153, 122, 130, 228, 47, 130, 122, 0)
False, False, 0.0618, (0, 172, 104, 107, 146, 203, 38, 203, 146, 107, 104, 172, 0)
False, False, 0.0097, (0, 238, 120, 194, 245, 194, 245, 194, 93, 33, 238, 0)
False, False, 0.001, (0, 102, 129, 56, 69, 184, 78, 184, 78, 184, 69, 184, 78, 201, 139, 0)
all_elementary, False
all_cyc2, False
