Instance, X-n294-k50
capacity, 285
min_trucks, 51
output_file, output_uchoa/X-n294-k50-ng20.log
Start date, 2022-06-22
Start time, 04-47-40
capacity, 285
num_vehicles, 51
abort_early, False
methods, ['ng20']
max_vars, 1000000
time_limit, 86400
farley, False
initial time, initial max_it, max_stale_it
1e-05, 2000000000.0, 20
heuristic Number of routes, heuristic Best Solution Value, heuristic number of iterations, adjusted time, adjusted max_it
111290, 47243.0, 19637, 10.0, 2000.0
method, python time, total time, propagated dominance time, unpropagated dominance time, pricing_success, upper_bound, lower_bound, abort_early, num_paths, 
ng20, 4847.2, 3807.8, 935.3, 898.7, 1, 46553.719, 44849.0753, 0, 149
ng20, 0.1, 1628.8, 1218.7, 340.1, 1, 46544.2933, 46022.7147, 0, 8
ng20, 0.1, 1484.1, 1176.9, 287.2, 1, 46544.0629, 46489.6996, 0, 3
ng20, 0.1, 1498.1, 1187.8, 290.2, 1, 46544.0374, 46544.0374, 0, 0
scip_total_time, 45503.844879
Solval, number of paths, impact cutoff
46544.03739997363, 265, 0.0001
Elementary, 2-Cycle, Path Value, Path
True, True, 0.7722, (0, 100, 215, 61, 267, 0)
True, True, 0.6893, (0, 213, 95, 123, 234, 203, 0)
True, True, 0.2857, (0, 116, 221, 239, 288, 0)
True, True, 0.2621, (0, 82, 64, 162, 204, 146, 230, 0)
True, True, 0.0826, (0, 77, 174, 271, 106, 194, 201, 0)
True, True, 0.2727, (0, 66, 255, 15, 182, 29, 229, 119, 0)
True, True, 0.2727, (0, 137, 258, 209, 264, 68, 17, 0)
True, True, 0.2553, (0, 130, 144, 186, 124, 10, 151, 257, 75, 285, 0)
True, True, 0.44, (0, 27, 111, 170, 210, 156, 0)
True, True, 0.0696, (0, 98, 232, 217, 265, 55, 0)
True, True, 0.4009, (0, 141, 112, 19, 241, 56, 0)
True, True, 0.2031, (0, 58, 246, 99, 46, 130, 0)
True, True, 0.371, (0, 77, 172, 174, 271, 106, 194, 168, 0)
True, True, 0.5282, (0, 179, 262, 240, 113, 25, 134, 0)
True, True, 0.6424, (0, 39, 53, 212, 286, 47, 208, 0)
True, True, 0.4796, (0, 122, 165, 202, 200, 9, 0)
True, True, 0.0511, (0, 211, 143, 26, 120, 155, 21, 167, 0)
True, True, 0.6416, (0, 63, 93, 125, 173, 42, 0)
True, True, 0.6464, (0, 147, 244, 181, 216, 0)
True, True, 0.2252, (0, 218, 126, 199, 187, 0)
True, True, 0.2241, (0, 178, 270, 76, 115, 0)
True, True, 0.0983, (0, 253, 105, 225, 164, 59, 107, 153, 0)
True, True, 0.4339, (0, 72, 227, 81, 48, 149, 185, 104, 0)
True, True, 0.1195, (0, 245, 284, 13, 248, 110, 0)
True, True, 0.0312, (0, 139, 17, 236, 68, 137, 277, 0)
True, True, 0.4285, (0, 28, 228, 142, 252, 120, 0)
True, True, 0.3803, (0, 280, 19, 241, 56, 192, 0)
True, True, 0.2307, (0, 24, 259, 270, 178, 231, 0)
True, True, 0.3998, (0, 92, 291, 185, 117, 131, 269, 0)
True, True, 0.3279, (0, 253, 22, 105, 225, 164, 59, 107, 83, 43, 0)
True, True, 0.4624, (0, 108, 272, 138, 236, 139, 0)
True, True, 0.0554, (0, 231, 259, 267, 215, 0)
True, True, 0.1309, (0, 216, 181, 283, 147, 261, 0)
True, True, 0.3445, (0, 2, 22, 105, 225, 164, 59, 107, 153, 0)
True, True, 0.5768, (0, 99, 268, 246, 238, 0)
True, True, 0.3159, (0, 96, 158, 97, 193, 67, 145, 103, 0)
True, True, 0.7577, (0, 261, 12, 214, 276, 50, 0)
True, True, 0.0811, (0, 119, 8, 229, 29, 182, 15, 255, 0)
True, True, 0.3416, (0, 180, 288, 188, 69, 0)
True, True, 0.0806, (0, 71, 70, 57, 60, 152, 80, 30, 0)
True, True, 0.0554, (0, 285, 95, 234, 65, 280, 235, 0)
True, True, 0.1609, (0, 237, 86, 3, 268, 0)
True, True, 0.0024, (0, 5, 263, 52, 183, 96, 97, 0)
True, True, 0.1984, (0, 273, 27, 36, 103, 0)
True, True, 0.7882, (0, 55, 176, 98, 0)
True, True, 0.1638, (0, 2, 22, 225, 62, 197, 275, 37, 171, 0)
True, True, 0.0866, (0, 215, 61, 267, 178, 0)
True, True, 0.0181, (0, 238, 3, 86, 31, 169, 0)
True, True, 0.1481, (0, 108, 173, 272, 125, 63, 0)
True, True, 0.2278, (0, 218, 211, 126, 199, 100, 0)
True, True, 0.6588, (0, 157, 101, 89, 32, 273, 0)
True, True, 0.1662, (0, 17, 236, 264, 209, 68, 137, 0)
True, True, 0.1223, (0, 179, 113, 240, 136, 247, 0)
True, True, 0.2093, (0, 293, 87, 1, 14, 249, 127, 254, 0)
True, True, 0.0091, (0, 74, 119, 177, 245, 191, 0)
True, True, 0.3818, (0, 205, 71, 70, 57, 60, 152, 80, 104, 0)
True, True, 0.0871, (0, 43, 271, 106, 194, 109, 85, 174, 0)
True, True, 0.2187, (0, 235, 35, 203, 123, 95, 198, 285, 0)
True, True, 0.3389, (0, 118, 278, 21, 155, 26, 143, 211, 0)
True, True, 0.0858, (0, 267, 61, 224, 24, 0)
True, True, 0.434, (0, 266, 206, 124, 10, 151, 257, 75, 198, 285, 0)
True, True, 0.1321, (0, 114, 256, 243, 279, 149, 0)
True, True, 0.0203, (0, 170, 283, 181, 216, 195, 0)
True, True, 0.092, (0, 280, 65, 234, 123, 213, 0)
True, True, 0.5661, (0, 233, 58, 135, 54, 0)
True, True, 0.1403, (0, 43, 271, 106, 109, 153, 85, 174, 0)
True, True, 0.0623, (0, 125, 236, 138, 42, 0)
True, True, 0.6069, (0, 146, 251, 171, 37, 275, 197, 62, 90, 0)
True, True, 0.3039, (0, 29, 182, 94, 248, 110, 177, 0)
True, True, 0.0754, (0, 23, 60, 57, 70, 71, 205, 227, 0)
True, True, 0.6368, (0, 232, 217, 222, 16, 74, 0)
True, True, 0.1394, (0, 30, 23, 80, 4, 14, 87, 0)
True, True, 0.0554, (0, 35, 203, 61, 215, 0)
True, True, 0.283, (0, 233, 46, 130, 184, 115, 0)
True, True, 0.131, (0, 146, 251, 37, 171, 136, 250, 0)
True, True, 0.2072, (0, 44, 263, 52, 193, 67, 145, 0)
True, True, 0.319, (0, 40, 256, 114, 84, 91, 0)
True, True, 0.242, (0, 51, 34, 191, 18, 217, 0)
True, True, 0.0494, (0, 93, 173, 138, 236, 0)
True, True, 0.0095, (0, 28, 192, 252, 120, 26, 143, 0)
True, True, 0.4282, (0, 231, 178, 270, 259, 224, 0)
True, True, 0.283, (0, 198, 75, 257, 151, 10, 206, 266, 76, 0)
True, True, 0.2359, (0, 179, 262, 240, 25, 134, 49, 263, 0)
True, True, 0.2214, (0, 85, 109, 153, 83, 253, 64, 0)
True, True, 0.0129, (0, 55, 176, 74, 98, 0)
True, True, 0.3191, (0, 187, 199, 126, 218, 226, 0)
True, True, 0.8799, (0, 6, 220, 79, 274, 207, 0)
True, True, 0.0203, (0, 27, 111, 210, 156, 281, 0)
True, True, 0.0314, (0, 186, 33, 11, 124, 206, 266, 0)
True, True, 0.2511, (0, 18, 34, 150, 133, 287, 0)
True, True, 0.0051, (0, 290, 41, 129, 167, 21, 155, 143, 211, 0)
True, True, 0.4286, (0, 116, 189, 54, 223, 91, 0)
True, True, 0.091, (0, 244, 181, 216, 44, 0)
True, True, 0.3412, (0, 32, 195, 27, 36, 5, 103, 0)
True, True, 0.2002, (0, 12, 148, 204, 162, 64, 82, 0)
True, True, 0.1511, (0, 128, 166, 121, 41, 122, 140, 290, 0)
True, True, 0.2278, (0, 24, 224, 187, 126, 218, 0)
True, True, 0.0655, (0, 275, 197, 62, 164, 59, 83, 0)
True, True, 0.495, (0, 283, 247, 250, 136, 230, 0)
True, True, 0.3636, (0, 94, 7, 258, 209, 264, 68, 17, 0)
True, True, 0.0356, (0, 119, 8, 229, 15, 38, 73, 175, 255, 66, 0)
True, True, 0.0605, (0, 84, 114, 40, 279, 72, 0)
True, True, 0.2727, (0, 8, 177, 110, 248, 245, 0)
True, True, 0.0655, (0, 22, 105, 225, 164, 107, 153, 85, 0)
True, True, 0.0592, (0, 104, 185, 291, 169, 102, 92, 223, 0)
True, True, 0.1968, (0, 201, 2, 194, 109, 85, 174, 172, 0)
True, True, 0.1836, (0, 255, 175, 15, 182, 29, 229, 8, 0)
True, True, 0.5714, (0, 45, 221, 189, 239, 190, 0)
True, True, 0.1114, (0, 261, 147, 244, 283, 216, 44, 0)
True, True, 0.1223, (0, 145, 52, 134, 25, 49, 20, 0)
True, True, 0.1268, (0, 235, 65, 241, 56, 292, 0)
True, True, 0.1258, (0, 46, 99, 33, 268, 58, 0)
True, True, 0.1429, (0, 273, 103, 180, 69, 0)
True, True, 0.0471, (0, 166, 121, 129, 167, 21, 155, 143, 0)
True, True, 0.1321, (0, 43, 106, 109, 194, 201, 0)
True, True, 0.0409, (0, 212, 9, 200, 202, 165, 41, 140, 0)
True, True, 0.3603, (0, 144, 289, 33, 11, 86, 3, 0)
True, True, 0.0629, (0, 58, 3, 86, 11, 186, 184, 0)
True, True, 0.1509, (0, 233, 184, 76, 115, 0)
True, True, 0.3389, (0, 219, 118, 278, 167, 129, 121, 166, 128, 0)
True, True, 0.1223, (0, 283, 247, 250, 49, 52, 5, 0)
True, True, 0.0409, (0, 53, 9, 200, 202, 165, 122, 0)
True, True, 0.2461, (0, 40, 256, 243, 279, 227, 0)
True, True, 0.1662, (0, 137, 68, 209, 264, 138, 0)
True, True, 0.1175, (0, 260, 132, 254, 127, 14, 1, 160, 0)
True, True, 0.2104, (0, 63, 236, 138, 272, 108, 0)
True, True, 0.1638, (0, 276, 148, 82, 50, 281, 0)
True, True, 0.0421, (0, 58, 135, 237, 169, 92, 0)
True, True, 0.2103, (0, 192, 292, 142, 252, 26, 0)
True, True, 0.1638, (0, 82, 162, 90, 204, 148, 214, 0)
True, True, 0.1261, (0, 269, 242, 282, 160, 163, 0)
True, True, 0.0205, (0, 3, 86, 256, 84, 0)
True, True, 0.2002, (0, 96, 132, 249, 161, 183, 158, 0)
True, True, 0.1058, (0, 6, 220, 78, 133, 287, 0)
True, True, 0.2683, (0, 8, 229, 15, 38, 73, 175, 159, 0)
True, True, 0.161, (0, 196, 93, 272, 173, 42, 0)
True, True, 0.4604, (0, 195, 36, 111, 170, 210, 156, 281, 0)
True, True, 0.1424, (0, 74, 222, 16, 101, 89, 0)
True, True, 0.3919, (0, 92, 102, 169, 31, 237, 135, 0)
True, True, 0.0287, (0, 160, 293, 242, 87, 127, 254, 132, 260, 163, 0)
True, True, 0.2649, (0, 196, 18, 191, 34, 51, 265, 0)
True, True, 0.0784, (0, 119, 8, 229, 29, 182, 15, 255, 157, 0)
True, True, 0.1429, (0, 180, 116, 221, 188, 0)
True, True, 0.1792, (0, 23, 80, 4, 1, 87, 0)
True, True, 0.3576, (0, 287, 133, 78, 39, 150, 265, 0)
True, True, 0.0844, (0, 79, 219, 166, 140, 290, 0)
True, True, 0.0836, (0, 169, 31, 86, 3, 246, 0)
True, True, 0.1017, (0, 163, 269, 104, 185, 291, 92, 223, 0)
True, True, 0.0293, (0, 133, 53, 212, 286, 47, 208, 0)
True, True, 0.1088, (0, 28, 192, 228, 142, 120, 143, 0)
True, True, 0.1447, (0, 201, 64, 162, 204, 230, 148, 0)
True, True, 0.092, (0, 292, 56, 241, 19, 213, 0)
True, True, 0.1212, (0, 98, 176, 74, 101, 89, 154, 0)
True, True, 0.1365, (0, 130, 144, 186, 33, 268, 246, 0)
True, True, 0.0399, (0, 254, 127, 249, 14, 4, 80, 23, 30, 0)
True, True, 0.0942, (0, 128, 121, 41, 165, 202, 200, 9, 212, 53, 0)
True, True, 0.0981, (0, 266, 206, 124, 186, 11, 33, 289, 0)
True, True, 0.0079, (0, 43, 271, 106, 109, 83, 253, 64, 0)
True, True, 0.0655, (0, 107, 59, 164, 62, 197, 275, 251, 0)
True, True, 0.4052, (0, 223, 238, 237, 169, 102, 0)
True, True, 0.3563, (0, 31, 84, 114, 40, 279, 0)
True, True, 0.0054, (0, 104, 185, 291, 92, 54, 223, 0)
True, True, 0.1268, (0, 213, 234, 65, 112, 141, 235, 0)
True, True, 0.0143, (0, 219, 166, 140, 290, 220, 0)
True, True, 0.5286, (0, 131, 117, 282, 242, 160, 163, 0)
True, True, 0.0357, (0, 290, 41, 129, 121, 166, 79, 0)
True, True, 0.4723, (0, 235, 280, 65, 112, 141, 35, 0)
True, True, 0.1917, (0, 28, 192, 292, 120, 26, 143, 0)
True, True, 0.2083, (0, 78, 122, 41, 129, 121, 166, 128, 0)
True, True, 0.0802, (0, 119, 8, 229, 29, 182, 15, 175, 66, 0)
True, True, 0.0729, (0, 4, 60, 57, 70, 71, 205, 279, 0)
True, True, 0.3564, (0, 260, 132, 161, 183, 158, 97, 0)
True, True, 0.0182, (0, 272, 138, 236, 17, 139, 0)
True, True, 0.0943, (0, 184, 144, 186, 33, 99, 289, 46, 130, 0)
True, True, 0.0826, (0, 168, 174, 106, 194, 2, 201, 0)
True, True, 0.242, (0, 133, 150, 191, 18, 265, 0)
True, True, 0.0486, (0, 201, 2, 253, 83, 109, 106, 43, 0)
True, True, 0.2299, (0, 69, 188, 288, 180, 45, 0)
True, True, 0.3868, (0, 30, 23, 14, 1, 0)
True, True, 0.0436, (0, 232, 217, 51, 287, 265, 55, 0)
True, True, 0.0304, (0, 88, 178, 270, 259, 215, 224, 0)
True, True, 0.1481, (0, 13, 277, 17, 125, 93, 108, 0)
True, True, 0.1932, (0, 78, 53, 212, 286, 47, 208, 51, 0)
True, True, 0.3445, (0, 9, 200, 202, 165, 41, 140, 290, 226, 0)
True, True, 0.048, (0, 271, 106, 194, 201, 82, 0)
True, True, 0.4883, (0, 245, 284, 13, 277, 139, 196, 0)
True, True, 0.1622, (0, 28, 292, 142, 252, 228, 211, 0)
True, True, 0.2937, (0, 46, 289, 186, 11, 86, 3, 0)
True, True, 0.1321, (0, 84, 256, 243, 279, 48, 0)
True, True, 0.0328, (0, 253, 22, 59, 164, 107, 153, 85, 174, 0)
True, True, 0.0143, (0, 265, 51, 150, 133, 6, 226, 0)
True, True, 0.0902, (0, 35, 292, 142, 252, 228, 211, 0)
True, True, 0.0847, (0, 159, 255, 175, 73, 38, 172, 168, 77, 0)
True, True, 0.1201, (0, 207, 219, 129, 41, 122, 140, 290, 0)
True, True, 0.3253, (0, 293, 87, 254, 127, 249, 161, 183, 96, 97, 0)
True, True, 0.0016, (0, 201, 64, 90, 204, 162, 148, 210, 0)
True, True, 0.1589, (0, 201, 253, 83, 109, 85, 271, 43, 0)
True, True, 0.2442, (0, 119, 94, 7, 258, 137, 277, 13, 0)
True, True, 0.1223, (0, 20, 49, 113, 262, 136, 247, 0)
True, True, 0.1613, (0, 132, 254, 127, 4, 152, 23, 30, 0)
True, True, 0.1136, (0, 179, 262, 113, 25, 134, 49, 20, 0)
True, True, 0.1321, (0, 81, 227, 243, 256, 114, 31, 0)
True, True, 0.0181, (0, 102, 40, 256, 84, 31, 0)
True, True, 0.0366, (0, 285, 198, 95, 234, 203, 35, 0)
True, True, 0.0263, (0, 145, 193, 183, 52, 263, 5, 0)
True, True, 0.0983, (0, 148, 230, 251, 171, 136, 250, 247, 0)
True, True, 0.0312, (0, 108, 138, 264, 209, 258, 137, 0)
True, True, 0.1111, (0, 143, 26, 228, 120, 155, 21, 167, 0)
True, True, 0.1622, (0, 281, 82, 64, 90, 204, 162, 148, 0)
True, True, 0.0716, (0, 163, 282, 242, 131, 269, 0)
True, True, 0.3039, (0, 284, 7, 248, 110, 177, 0)
True, True, 0.0277, (0, 130, 186, 124, 10, 151, 257, 75, 198, 0)
True, True, 0.1733, (0, 260, 242, 282, 293, 269, 0)
True, True, 0.0356, (0, 16, 159, 77, 168, 281, 154, 0)
True, True, 0.0993, (0, 28, 192, 228, 120, 252, 143, 0)
True, True, 0.007, (0, 201, 253, 83, 109, 271, 174, 0)
True, True, 0.2524, (0, 91, 72, 81, 48, 149, 291, 0)
True, True, 0.1256, (0, 291, 149, 48, 81, 102, 0)
True, True, 0.1351, (0, 78, 47, 286, 42, 208, 150, 0)
True, True, 0.1201, (0, 274, 219, 129, 166, 128, 140, 290, 0)
True, True, 0.1852, (0, 16, 66, 255, 73, 38, 159, 157, 0)
True, True, 0.1701, (0, 44, 263, 20, 49, 52, 193, 145, 0)
True, True, 0.2857, (0, 190, 188, 88, 231, 69, 0)
True, True, 0.0655, (0, 2, 83, 107, 59, 22, 105, 90, 204, 162, 148, 154, 0)
True, True, 0.1072, (0, 260, 132, 249, 14, 1, 293, 0)
True, True, 0.3221, (0, 278, 155, 21, 167, 118, 219, 226, 0)
True, True, 0.0894, (0, 260, 87, 254, 127, 249, 161, 183, 193, 0)
True, True, 0.0883, (0, 284, 277, 137, 258, 7, 94, 119, 0)
True, True, 0.0935, (0, 30, 4, 60, 57, 70, 71, 205, 243, 84, 0)
True, True, 0.0693, (0, 44, 181, 283, 244, 147, 195, 0)
True, True, 0.1275, (0, 269, 160, 293, 260, 96, 158, 67, 0)
True, True, 0.242, (0, 287, 51, 34, 191, 232, 0)
True, True, 0.0287, (0, 293, 282, 87, 254, 127, 249, 161, 132, 96, 0)
True, True, 0.1136, (0, 20, 49, 113, 240, 250, 0)
True, True, 0.018, (0, 4, 60, 57, 70, 23, 104, 0)
True, True, 0.0311, (0, 154, 244, 247, 136, 250, 195, 0)
True, True, 0.1268, (0, 35, 65, 19, 292, 0)
True, True, 0.0777, (0, 195, 111, 170, 210, 156, 281, 89, 154, 0)
True, True, 0.0081, (0, 98, 232, 217, 265, 55, 196, 0)
True, True, 0.0559, (0, 72, 81, 48, 149, 291, 45, 0)
True, True, 0.0983, (0, 251, 37, 275, 197, 62, 105, 2, 0)
True, True, 0.3476, (0, 159, 66, 175, 73, 38, 172, 168, 77, 154, 0)
True, True, 0.1429, (0, 45, 180, 116, 239, 288, 190, 0)
True, True, 0.0016, (0, 154, 281, 156, 170, 111, 44, 103, 0)
True, True, 0.1912, (0, 5, 67, 193, 52, 263, 20, 44, 0)
True, True, 0.0777, (0, 196, 55, 176, 74, 101, 157, 0)
True, True, 0.0973, (0, 43, 271, 85, 153, 83, 253, 201, 0)
True, True, 0.0373, (0, 211, 143, 155, 21, 167, 129, 121, 140, 290, 0)
True, True, 0.0668, (0, 243, 205, 70, 57, 60, 152, 80, 0)
True, True, 0.1535, (0, 184, 266, 206, 124, 11, 33, 289, 144, 0)
True, True, 0.0872, (0, 290, 140, 128, 121, 129, 167, 21, 155, 26, 211, 0)
False, True, 0.2278, (0, 24, 224, 187, 199, 24, 0)
False, True, 0.0866, (0, 88, 270, 76, 115, 88, 0)
True, True, 0.0986, (0, 4, 152, 57, 70, 71, 205, 227, 0)
True, True, 0.0986, (0, 72, 243, 205, 71, 57, 60, 152, 4, 0)
False, True, 0.1583, (0, 5, 145, 67, 52, 263, 20, 44, 5, 0)
True, True, 0.0986, (0, 72, 243, 205, 71, 70, 60, 152, 4, 80, 30, 0)
False, True, 0.0716, (0, 163, 282, 242, 117, 160, 163, 0)
False, True, 0.2553, (0, 88, 259, 76, 184, 115, 88, 0)
False, True, 0.1104, (0, 222, 245, 177, 119, 222, 0)
True, True, 0.0786, (0, 154, 77, 168, 38, 73, 255, 66, 159, 0)
True, True, 0.0138, (0, 227, 205, 70, 57, 60, 152, 80, 0)
False, True, 0.0785, (0, 154, 276, 214, 50, 281, 154, 0)
True, True, 0.0087, (0, 244, 283, 247, 250, 20, 263, 0)
False, True, 0.0421, (0, 154, 12, 283, 181, 244, 147, 154, 0)
all_elementary, False
all_cyc2, True
