Instance, X-n266-k58
capacity, 35
min_trucks, 58
output_file, output_uchoa/X-n266-k58-ng20.log
Start date, 2022-06-22
Start time, 22-32-04
capacity, 35
num_vehicles, 58
abort_early, False
methods, ['ng20']
max_vars, 1000000
time_limit, 86400
farley, False
initial time, initial max_it, max_stale_it
1e-05, 2000000000.0, 20
heuristic Number of routes, heuristic Best Solution Value, heuristic number of iterations, adjusted time, adjusted max_it
69800, 75997.0, 13158, 10.0, 2000.0
method, python time, total time, propagated dominance time, unpropagated dominance time, pricing_success, upper_bound, lower_bound, abort_early, num_paths, 
ng20, 0.1, 99.6, 28.5, 38.6, 1, 75005.6371, 71293.6371, 0, 70
ng20, 0.0, 49.9, 22.4, 24.4, 1, 74956.5895, 73138.4434, 0, 10
ng20, 0.0, 50.6, 22.9, 24.7, 1, 74948.0487, 74760.1936, 0, 4
ng20, 0.1, 49.3, 22.3, 24.0, 1, 74947.875, 74947.875, 0, 0
scip_total_time, 25978.755306
Solval, number of paths, impact cutoff
74947.87501658639, 226, 0.0001
Elementary, 2-Cycle, Path Value, Path
True, True, 0.7812, (0, 40, 70, 82, 49, 106, 0)
True, True, 0.2854, (0, 108, 167, 19, 24, 128, 0)
True, True, 0.8209, (0, 18, 58, 91, 224, 0)
True, True, 0.8652, (0, 105, 184, 34, 175, 0)
True, True, 0.2816, (0, 23, 22, 87, 225, 0)
True, True, 0.6953, (0, 253, 245, 63, 188, 0)
True, True, 1.0, (0, 164, 234, 114, 13, 219, 0)
True, True, 0.1995, (0, 244, 210, 169, 216, 228, 0)
True, True, 0.2, (0, 50, 61, 93, 80, 0)
True, True, 0.317, (0, 241, 173, 159, 133, 0)
True, True, 0.317, (0, 181, 174, 204, 183, 0)
True, True, 0.5589, (0, 259, 248, 229, 178, 232, 0)
True, True, 0.125, (0, 239, 134, 217, 230, 263, 0)
True, True, 0.9129, (0, 153, 180, 123, 172, 0)
True, True, 0.4739, (0, 32, 28, 11, 71, 1, 0)
True, True, 0.1214, (0, 155, 221, 129, 75, 92, 0)
True, True, 0.2731, (0, 120, 100, 17, 122, 0)
True, True, 0.2812, (0, 98, 44, 65, 115, 90, 0)
True, True, 0.7082, (0, 227, 25, 149, 68, 0)
True, True, 0.4095, (0, 5, 96, 77, 19, 24, 0)
True, True, 0.0322, (0, 188, 34, 105, 245, 0)
True, True, 0.6841, (0, 52, 64, 6, 3, 116, 0)
True, True, 0.4167, (0, 62, 193, 171, 166, 262, 0)
True, True, 0.8, (0, 10, 20, 148, 137, 0)
True, True, 0.2812, (0, 59, 110, 124, 44, 0)
True, True, 0.1211, (0, 5, 7, 77, 58, 0)
True, True, 0.1803, (0, 209, 154, 246, 147, 0)
True, True, 0.9904, (0, 212, 132, 151, 42, 0)
True, True, 0.683, (0, 183, 174, 258, 21, 0)
True, True, 0.0833, (0, 223, 139, 27, 261, 206, 0)
True, True, 0.2084, (0, 227, 25, 112, 68, 0)
True, True, 0.1211, (0, 18, 24, 91, 19, 108, 0)
True, True, 0.5985, (0, 225, 128, 87, 22, 0)
True, True, 0.1803, (0, 191, 73, 231, 152, 0)
True, True, 0.5912, (0, 196, 203, 127, 255, 0)
True, True, 0.4044, (0, 110, 243, 31, 76, 0)
True, True, 0.3708, (0, 231, 73, 209, 154, 0)
True, True, 0.6, (0, 48, 131, 80, 117, 55, 0)
True, True, 0.5261, (0, 39, 28, 32, 30, 0)
True, True, 0.4298, (0, 71, 37, 9, 11, 72, 0)
True, True, 0.6, (0, 223, 27, 139, 261, 236, 0)
True, True, 0.3436, (0, 99, 200, 207, 179, 15, 0)
True, True, 0.0387, (0, 204, 162, 235, 133, 57, 0)
True, True, 0.0626, (0, 263, 109, 29, 84, 47, 0)
True, True, 0.2022, (0, 33, 63, 245, 253, 0)
True, True, 0.4602, (0, 215, 168, 264, 201, 250, 0)
True, True, 0.0435, (0, 226, 214, 156, 12, 0)
True, True, 0.2467, (0, 140, 176, 256, 251, 0)
True, True, 0.0782, (0, 252, 160, 200, 207, 179, 0)
True, True, 0.4877, (0, 182, 265, 43, 97, 0)
True, True, 0.4155, (0, 142, 260, 222, 145, 135, 0)
True, True, 0.25, (0, 233, 186, 143, 62, 171, 0)
True, True, 0.7122, (0, 54, 45, 41, 16, 102, 0)
True, True, 0.5718, (0, 246, 104, 147, 194, 0)
True, True, 0.6092, (0, 187, 99, 252, 199, 79, 0)
True, True, 0.2878, (0, 94, 16, 45, 41, 102, 0)
True, True, 0.2188, (0, 90, 49, 82, 70, 40, 0)
True, True, 0.1761, (0, 112, 98, 66, 238, 147, 0)
True, True, 0.0674, (0, 63, 105, 184, 34, 0)
True, True, 0.1056, (0, 36, 111, 38, 87, 0)
True, True, 0.1415, (0, 57, 235, 241, 231, 0)
True, True, 0.875, (0, 84, 230, 217, 134, 239, 0)
True, True, 0.75, (0, 263, 29, 109, 233, 81, 0)
True, True, 0.0674, (0, 53, 253, 187, 69, 0)
True, True, 0.2061, (0, 192, 52, 78, 95, 86, 0)
True, True, 0.1348, (0, 158, 175, 188, 53, 0)
True, True, 0.0782, (0, 252, 160, 200, 179, 15, 0)
True, True, 0.6, (0, 2, 93, 61, 119, 26, 0)
True, True, 0.1214, (0, 221, 251, 256, 156, 205, 0)
True, True, 0.5905, (0, 108, 96, 121, 126, 0)
True, True, 0.0953, (0, 92, 101, 75, 221, 54, 0)
True, True, 0.0015, (0, 76, 167, 108, 33, 0)
True, True, 0.0623, (0, 115, 124, 110, 104, 0)
True, True, 0.253, (0, 85, 107, 8, 100, 35, 0)
True, True, 0.3574, (0, 107, 8, 9, 37, 1, 0)
True, True, 0.0064, (0, 5, 7, 77, 225, 0)
True, True, 0.0292, (0, 231, 241, 173, 235, 0)
True, True, 0.4377, (0, 238, 44, 65, 115, 90, 0)
True, True, 0.0123, (0, 43, 150, 259, 265, 97, 0)
True, True, 0.3587, (0, 177, 260, 222, 255, 142, 0)
True, True, 0.2032, (0, 251, 256, 214, 226, 0)
True, True, 0.3088, (0, 150, 248, 229, 178, 232, 0)
True, True, 0.158, (0, 30, 64, 6, 14, 0)
True, True, 0.1667, (0, 186, 143, 62, 193, 171, 0)
True, True, 0.1167, (0, 223, 261, 144, 198, 195, 0)
True, True, 0.1874, (0, 109, 89, 51, 249, 0)
True, True, 0.058, (0, 58, 91, 24, 224, 0)
True, True, 0.6715, (0, 156, 214, 140, 226, 0)
True, True, 0.3264, (0, 92, 101, 56, 75, 221, 0)
True, True, 0.8541, (0, 47, 141, 254, 170, 0)
True, True, 0.2832, (0, 67, 127, 203, 196, 0)
True, True, 0.0833, (0, 149, 112, 25, 170, 103, 0)
True, True, 0.0435, (0, 153, 43, 265, 240, 0)
True, True, 0.0201, (0, 35, 1, 37, 9, 72, 0)
True, True, 0.2, (0, 198, 144, 185, 137, 223, 0)
True, True, 0.2, (0, 50, 117, 61, 119, 26, 0)
True, True, 0.0498, (0, 176, 192, 135, 67, 0)
True, True, 0.0953, (0, 120, 35, 39, 56, 208, 0)
True, True, 0.3952, (0, 154, 209, 73, 191, 0)
True, True, 0.5501, (0, 257, 78, 83, 72, 0)
True, True, 0.5942, (0, 33, 76, 243, 124, 0)
True, True, 0.9167, (0, 103, 88, 237, 197, 206, 0)
True, True, 0.1267, (0, 75, 208, 56, 101, 92, 0)
True, True, 0.317, (0, 181, 21, 258, 191, 0)
True, True, 0.1323, (0, 215, 201, 138, 250, 232, 0)
True, True, 0.0248, (0, 178, 229, 67, 248, 218, 0)
True, True, 0.5168, (0, 211, 158, 157, 53, 125, 0)
True, True, 0.3438, (0, 15, 207, 136, 200, 160, 0)
True, True, 0.1761, (0, 246, 104, 59, 66, 0)
True, True, 0.2, (0, 55, 117, 80, 93, 119, 0)
True, True, 0.3167, (0, 198, 144, 185, 27, 139, 0)
True, True, 0.0574, (0, 250, 178, 229, 67, 248, 0)
True, True, 0.5, (0, 143, 189, 146, 94, 89, 0)
True, True, 0.3052, (0, 120, 17, 8, 85, 0)
True, True, 0.1874, (0, 89, 51, 249, 29, 0)
True, True, 0.5123, (0, 241, 159, 182, 162, 0)
True, True, 0.0001, (0, 170, 227, 149, 68, 0)
True, True, 0.3303, (0, 92, 101, 56, 208, 129, 0)
True, True, 0.1685, (0, 69, 187, 157, 33, 211, 0)
True, True, 0.3264, (0, 120, 35, 39, 208, 221, 0)
True, True, 0.2437, (0, 83, 78, 95, 86, 0)
True, True, 0.0871, (0, 51, 54, 146, 94, 189, 0)
True, True, 0.0208, (0, 98, 66, 238, 112, 68, 0)
True, True, 0.1445, (0, 228, 216, 169, 210, 220, 0)
True, True, 0.0718, (0, 147, 246, 59, 66, 0)
True, True, 0.0015, (0, 243, 167, 108, 34, 0)
True, True, 0.0538, (0, 191, 209, 231, 181, 0)
True, True, 0.5075, (0, 152, 57, 133, 240, 204, 0)
True, True, 0.0833, (0, 185, 148, 10, 144, 198, 0)
True, True, 0.1562, (0, 200, 210, 244, 74, 136, 0)
True, True, 0.0096, (0, 257, 86, 14, 42, 151, 0)
True, True, 0.1256, (0, 177, 196, 203, 260, 142, 0)
True, True, 0.0871, (0, 54, 12, 190, 242, 172, 0)
True, True, 0.6, (0, 165, 202, 195, 0)
True, True, 0.8694, (0, 242, 190, 12, 205, 155, 0)
True, True, 0.0963, (0, 35, 122, 37, 9, 71, 0)
True, True, 0.0337, (0, 211, 33, 158, 184, 188, 0)
True, True, 0.2111, (0, 220, 60, 247, 130, 118, 0)
True, True, 0.0209, (0, 197, 47, 237, 88, 0)
True, True, 0.0736, (0, 145, 257, 86, 95, 177, 0)
True, True, 0.158, (0, 30, 64, 3, 116, 14, 0)
True, True, 0.0143, (0, 213, 22, 87, 19, 24, 0)
True, True, 0.1889, (0, 130, 111, 36, 46, 0)
True, True, 0.0501, (0, 248, 142, 255, 222, 145, 0)
True, True, 0.1995, (0, 218, 113, 135, 67, 150, 0)
True, True, 0.0818, (0, 156, 214, 256, 251, 0)
True, True, 0.1251, (0, 89, 94, 51, 249, 0)
True, True, 0.1898, (0, 104, 110, 59, 66, 0)
True, True, 0.2344, (0, 15, 179, 207, 136, 252, 0)
True, True, 0.3166, (0, 177, 14, 95, 86, 257, 0)
True, True, 0.1565, (0, 98, 115, 106, 65, 59, 0)
True, True, 0.0624, (0, 68, 149, 170, 88, 0)
True, True, 0.1211, (0, 224, 74, 136, 179, 0)
True, True, 0.1667, (0, 20, 166, 186, 81, 0)
True, True, 0.4998, (0, 160, 220, 210, 244, 74, 0)
True, True, 0.1256, (0, 177, 127, 222, 145, 150, 0)
True, True, 0.0624, (0, 197, 263, 84, 47, 237, 0)
True, True, 0.0871, (0, 249, 123, 180, 163, 0)
True, True, 0.0623, (0, 65, 124, 110, 59, 0)
True, True, 0.5167, (0, 247, 130, 38, 7, 0)
True, True, 0.1491, (0, 215, 201, 138, 264, 168, 0)
True, True, 0.2111, (0, 60, 46, 36, 111, 0)
True, True, 0.656, (0, 228, 23, 213, 216, 169, 0)
True, True, 0.0538, (0, 191, 231, 73, 154, 0)
True, True, 0.2, (0, 195, 198, 144, 185, 261, 0)
True, True, 0.0501, (0, 259, 229, 67, 142, 178, 0)
True, True, 0.2823, (0, 98, 66, 238, 194, 112, 0)
True, True, 0.3122, (0, 181, 152, 57, 162, 240, 0)
True, True, 0.1707, (0, 235, 159, 173, 231, 0)
True, True, 0.4, (0, 4, 131, 48, 2, 50, 0)
True, True, 0.1002, (0, 83, 52, 95, 86, 260, 0)
True, True, 0.0818, (0, 150, 218, 226, 140, 156, 0)
True, True, 0.4, (0, 202, 165, 236, 0)
True, True, 0.347, (0, 218, 113, 192, 176, 256, 0)
True, True, 0.0352, (0, 188, 105, 245, 253, 0)
True, True, 0.0272, (0, 19, 128, 22, 213, 23, 0)
True, True, 0.0501, (0, 222, 257, 86, 95, 192, 0)
True, True, 0.158, (0, 30, 6, 3, 116, 14, 0)
True, True, 0.0833, (0, 60, 247, 130, 38, 0)
True, True, 0.0536, (0, 128, 19, 77, 121, 5, 0)
True, True, 0.0096, (0, 176, 83, 52, 95, 0)
True, True, 0.0337, (0, 158, 184, 34, 188, 157, 0)
True, True, 0.0963, (0, 83, 11, 9, 37, 1, 0)
True, True, 0.4944, (0, 118, 111, 36, 46, 4, 0)
True, True, 0.1214, (0, 129, 75, 101, 56, 208, 0)
True, True, 0.0352, (0, 19, 225, 128, 213, 23, 0)
True, True, 0.1889, (0, 60, 247, 38, 118, 213, 0)
True, True, 0.4832, (0, 235, 173, 161, 69, 125, 0)
True, True, 0.0599, (0, 187, 79, 264, 138, 168, 0)
True, True, 0.0784, (0, 74, 213, 22, 225, 0)
True, True, 0.1445, (0, 220, 244, 74, 136, 179, 0)
True, True, 0.0623, (0, 90, 115, 106, 65, 59, 0)
True, True, 0.281, (0, 69, 53, 157, 158, 211, 0)
True, True, 0.0833, (0, 144, 185, 10, 148, 262, 0)
True, True, 0.4129, (0, 189, 146, 51, 249, 0)
True, True, 0.1066, (0, 259, 67, 145, 135, 113, 0)
True, True, 0.0832, (0, 227, 238, 66, 98, 112, 0)
True, True, 0.0127, (0, 250, 138, 264, 199, 187, 0)
True, True, 0.0435, (0, 153, 97, 259, 150, 190, 242, 0)
True, True, 0.2711, (0, 138, 264, 199, 79, 168, 0)
True, True, 0.1667, (0, 262, 166, 171, 193, 186, 0)
True, True, 0.1056, (0, 118, 38, 4, 46, 60, 0)
True, True, 0.0599, (0, 250, 138, 199, 79, 168, 0)
True, True, 0.2285, (0, 259, 67, 145, 135, 150, 0)
True, True, 0.0333, (0, 185, 10, 20, 148, 0)
True, True, 0.0471, (0, 187, 99, 199, 264, 138, 0)
True, True, 0.0833, (0, 195, 198, 185, 262, 81, 0)
True, True, 0.1367, (0, 204, 240, 162, 235, 133, 0)
True, True, 0.2, (0, 14, 26, 50, 55, 60, 0)
True, True, 0.1459, (0, 141, 254, 194, 112, 149, 0)
True, True, 0.0352, (0, 188, 63, 245, 187, 0)
True, True, 0.058, (0, 5, 121, 126, 24, 18, 0)
True, True, 0.0321, (0, 122, 17, 8, 100, 0)
False, True, 0.2978, (0, 31, 126, 121, 5, 31, 0)
True, True, 0.3896, (0, 85, 107, 100, 17, 122, 0)
False, True, 0.4565, (0, 163, 97, 265, 43, 163, 0)
False, True, 0.3558, (0, 167, 77, 7, 167, 0)
True, True, 0.1667, (0, 262, 166, 193, 62, 186, 0)
True, True, 0.347, (0, 218, 113, 192, 176, 251, 0)
True, True, 0.0833, (0, 186, 143, 193, 166, 262, 0)
True, True, 0.0536, (0, 5, 126, 77, 19, 24, 0)
False, True, 0.2089, (0, 129, 75, 122, 35, 129, 0)
False, True, 0.2584, (0, 161, 250, 138, 201, 215, 161, 0)
False, True, 0.0092, (0, 54, 205, 155, 221, 129, 54, 0)
True, True, 0.0522, (0, 39, 1, 8, 100, 85, 0)
False, True, 0.0096, (0, 250, 138, 212, 132, 250, 0)
all_elementary, False
all_cyc2, True
