Instance, X-n247-k50
capacity, 134
min_trucks, 50
output_file, output_uchoa/X-n247-k50-cyc2.log
Start date, 2022-06-21
Start time, 12-13-24
capacity, 134
num_vehicles, 50
abort_early, False
methods, ['cyc2']
max_vars, 1000000
time_limit, 86400
farley, False
initial time, initial max_it, max_stale_it
1e-05, 2000000000.0, 20
heuristic Number of routes, heuristic Best Solution Value, heuristic number of iterations, adjusted time, adjusted max_it
2611, 37417.0, 310, 100.0, 200.0
method, python time, total time, propagated dominance time, unpropagated dominance time, pricing_success, upper_bound, lower_bound, abort_early, num_paths, 
cyc2, 245.9, 11.0, 0.0, 0.0, 1, 37369.6866, -203353.0948, 0, 291221
cyc2, 70.4, 7.5, 0.0, 0.0, 1, 37369.5807, -53310.3521, 0, 149136
cyc2, 77.4, 7.5, 0.0, 0.0, 1, 37329.8878, -50704.7397, 0, 147977
cyc2, 47.9, 7.5, 0.0, 0.0, 1, 37248.2966, -8472.1741, 0, 96334
cyc2, 111.6, 7.8, 0.0, 0.0, 1, 37229.5744, -56529.2144, 0, 171700
cyc2, 10.7, 6.4, 0.0, 0.0, 1, 37229.4965, 22942.0318, 0, 27154
cyc2, 11.4, 6.3, 0.0, 0.0, 1, 37202.2985, 18836.9221, 0, 29019
cyc2, 78.1, 8.3, 0.0, 0.0, 1, 37202.081, -18468.4416, 0, 119779
cyc2, 4.2, 6.3, 0.0, 0.0, 1, 37202.0315, 30392.1981, 0, 9684
cyc2, 5.4, 6.4, 0.0, 0.0, 1, 37183.4017, 30382.1405, 0, 13741
cyc2, 1.9, 6.8, 0.0, 0.0, 1, 37177.55, 34063.7069, 0, 3511
cyc2, 1.9, 6.7, 0.0, 0.0, 1, 37147.9603, 33042.6622, 0, 2931
cyc2, 1.5, 6.7, 0.0, 0.0, 1, 37137.7311, 34425.9576, 0, 2533
cyc2, 0.7, 6.8, 0.0, 0.0, 1, 37129.468, 35779.6596, 0, 577
cyc2, 0.7, 6.7, 0.0, 0.0, 1, 37123.0464, 36138.0746, 0, 340
cyc2, 0.6, 6.7, 0.0, 0.0, 1, 37118.567, 36451.9743, 0, 180
cyc2, 0.5, 6.7, 0.0, 0.0, 1, 37115.2352, 36913.0429, 0, 47
cyc2, 0.5, 6.7, 0.0, 0.0, 1, 37114.6664, 36749.9479, 0, 45
cyc2, 0.2, 6.7, 0.0, 0.0, 1, 37114.6384, 37073.5386, 0, 6
cyc2, 0.1, 8.2, 0.0, 0.0, 1, 37114.6375, 37114.6375, 0, 0
scip_total_time, 3993.874959
Solval, number of paths, impact cutoff
37114.63750930372, 192, 0.0001
Elementary, 2-Cycle, Path Value, Path
True, True, 1.0, (0, 12, 0)
True, True, 1.0, (0, 52, 0)
True, True, 1.0, (0, 53, 131, 161, 0)
True, True, 1.0, (0, 45, 34, 156, 0)
True, True, 0.1721, (0, 239, 220, 144, 229, 230, 5, 210, 188, 137, 179, 182, 0)
True, True, 0.9846, (0, 21, 85, 0)
True, True, 0.8877, (0, 59, 6, 160, 0)
True, True, 1.0, (0, 24, 48, 0)
True, True, 1.0, (0, 2, 37, 0)
True, True, 0.6412, (0, 143, 42, 20, 0)
True, True, 0.7623, (0, 60, 56, 169, 0)
True, True, 0.4817, (0, 19, 26, 0)
True, True, 1.0, (0, 95, 14, 0)
True, True, 0.1236, (0, 68, 27, 132, 0)
True, True, 0.4817, (0, 55, 94, 30, 0)
True, True, 0.5, (0, 65, 23, 0)
True, True, 0.4219, (0, 49, 232, 43, 0)
True, True, 1.0, (0, 11, 67, 154, 0)
True, True, 0.3588, (0, 153, 143, 91, 102, 217, 199, 35, 140, 0)
True, True, 0.4551, (0, 111, 46, 92, 236, 0)
True, True, 1.0, (0, 97, 215, 66, 0)
True, True, 0.4999, (0, 22, 29, 159, 0)
True, True, 0.0184, (0, 55, 30, 0)
True, True, 0.5781, (0, 4, 96, 49, 0)
True, True, 0.0605, (0, 20, 42, 170, 0)
True, True, 0.8764, (0, 135, 27, 68, 0)
True, True, 0.3874, (0, 41, 87, 13, 98, 0)
True, True, 0.5738, (0, 216, 81, 129, 125, 75, 139, 9, 110, 163, 142, 0)
True, True, 0.1958, (0, 60, 91, 42, 0)
True, True, 0.3764, (0, 138, 231, 101, 40, 209, 99, 205, 0)
True, True, 0.4551, (0, 46, 92, 0)
True, True, 0.5183, (0, 94, 26, 43, 0)
True, True, 0.5618, (0, 232, 82, 213, 31, 15, 0)
True, True, 0.4999, (0, 7, 55, 0)
True, True, 0.1236, (0, 100, 25, 189, 171, 208, 166, 223, 155, 224, 209, 0)
True, True, 0.6018, (0, 117, 158, 1, 181, 237, 134, 0)
True, True, 0.5449, (0, 3, 243, 111, 0)
True, True, 0.0598, (0, 64, 168, 43, 0)
True, True, 0.5001, (0, 159, 29, 7, 0)
True, True, 0.4461, (0, 178, 149, 80, 185, 51, 106, 121, 84, 212, 105, 0)
True, True, 0.0598, (0, 38, 203, 196, 77, 234, 240, 127, 230, 229, 144, 220, 193, 214, 0)
True, True, 0.1823, (0, 197, 90, 226, 76, 39, 246, 86, 0)
True, True, 0.1257, (0, 44, 141, 0)
True, True, 0.0897, (0, 236, 92, 46, 0)
True, True, 0.5, (0, 17, 18, 123, 0)
True, True, 0.8764, (0, 100, 25, 132, 211, 0)
True, True, 0.1183, (0, 64, 96, 4, 0)
True, True, 0.1411, (0, 36, 18, 0)
True, True, 0.5, (0, 58, 65, 0)
True, True, 0.0001, (0, 225, 145, 206, 120, 74, 33, 164, 128, 165, 0)
True, True, 0.182, (0, 216, 81, 129, 125, 75, 139, 9, 110, 102, 91, 0)
True, True, 0.4551, (0, 3, 243, 115, 236, 0)
True, True, 0.1526, (0, 182, 179, 137, 227, 173, 63, 200, 0)
True, True, 0.2294, (0, 141, 16, 244, 170, 103, 186, 187, 0)
True, True, 0.1236, (0, 211, 32, 189, 171, 218, 207, 0)
True, True, 0.3455, (0, 219, 50, 180, 176, 222, 204, 192, 235, 133, 0)
True, True, 0.2683, (0, 30, 231, 64, 0)
True, True, 0.3551, (0, 118, 152, 16, 244, 170, 103, 186, 0)
True, True, 0.0484, (0, 142, 163, 110, 9, 139, 75, 125, 129, 169, 102, 91, 0)
True, True, 0.1236, (0, 135, 32, 171, 208, 166, 223, 155, 224, 0)
True, True, 0.0419, (0, 42, 60, 216, 0)
True, True, 0.2121, (0, 183, 76, 172, 104, 233, 62, 88, 142, 190, 71, 0)
True, True, 0.0118, (0, 244, 20, 42, 0)
True, True, 0.1044, (0, 142, 163, 88, 201, 78, 184, 69, 28, 89, 79, 0)
True, True, 0.0641, (0, 233, 38, 20, 0)
True, True, 0.5386, (0, 217, 199, 35, 140, 190, 167, 126, 0)
True, True, 0.3133, (0, 219, 150, 157, 47, 228, 130, 122, 115, 0)
True, True, 0.1489, (0, 187, 170, 244, 16, 152, 118, 0)
True, True, 0.0487, (0, 122, 42, 20, 244, 0)
True, True, 0.0331, (0, 112, 134, 178, 87, 51, 106, 121, 84, 212, 105, 0)
True, True, 0.1873, (0, 15, 108, 31, 0)
True, True, 0.081, (0, 238, 206, 120, 74, 33, 164, 128, 165, 117, 0)
True, True, 0.1842, (0, 118, 71, 39, 73, 76, 226, 90, 197, 0)
True, True, 0.0104, (0, 134, 178, 149, 80, 51, 106, 121, 84, 212, 105, 0)
True, True, 0.1123, (0, 38, 163, 20, 0)
True, True, 0.5, (0, 8, 185, 41, 0)
True, True, 0.5, (0, 13, 36, 0)
True, True, 0.3926, (0, 225, 145, 198, 221, 172, 39, 73, 246, 183, 0)
True, True, 0.1322, (0, 153, 228, 47, 157, 130, 150, 219, 0)
True, True, 0.2438, (0, 148, 64, 168, 4, 0)
True, True, 0.0598, (0, 4, 174, 64, 148, 0)
True, True, 0.067, (0, 59, 56, 169, 0)
True, True, 0.4156, (0, 141, 44, 103, 186, 187, 0)
True, True, 0.0283, (0, 225, 197, 90, 226, 76, 39, 73, 0)
True, True, 0.0154, (0, 85, 183, 86, 126, 16, 152, 118, 0)
True, True, 0.0352, (0, 217, 110, 9, 139, 75, 125, 129, 102, 91, 0)
True, True, 0.4262, (0, 19, 167, 226, 90, 197, 145, 225, 0)
True, True, 0.0613, (0, 129, 56, 125, 20, 0)
True, True, 0.209, (0, 153, 122, 130, 157, 47, 150, 219, 0)
True, True, 0.0517, (0, 205, 99, 209, 40, 101, 231, 138, 148, 0)
True, True, 0.2061, (0, 118, 152, 126, 16, 244, 170, 187, 0)
True, True, 0.1092, (0, 102, 139, 201, 78, 184, 69, 28, 89, 79, 0)
True, True, 0.2316, (0, 115, 30, 0)
True, True, 0.5, (0, 58, 23, 0)
True, True, 0.0452, (0, 73, 59, 56, 0)
False, True, 0.25, (0, 17, 151, 134, 17, 0)
True, True, 0.2582, (0, 138, 231, 96, 241, 124, 40, 209, 99, 205, 0)
False, True, 0.0454, (0, 138, 231, 96, 241, 124, 40, 101, 138, 0)
True, True, 0.0782, (0, 138, 101, 168, 124, 241, 155, 224, 40, 99, 0)
True, True, 0.0891, (0, 174, 136, 54, 191, 224, 241, 124, 168, 101, 0)
False, True, 0.1255, (0, 15, 130, 228, 15, 0)
True, True, 0.1909, (0, 168, 124, 155, 223, 166, 208, 171, 189, 32, 0)
False, True, 0.2489, (0, 238, 120, 93, 194, 245, 109, 194, 93, 33, 0)
False, True, 0.0188, (0, 151, 98, 200, 41, 13, 98, 0)
False, True, 0.0938, (0, 151, 87, 41, 13, 151, 0)
False, True, 0.1255, (0, 166, 213, 31, 176, 213, 31, 208, 0)
True, True, 0.1447, (0, 148, 138, 101, 40, 209, 99, 205, 0)
True, True, 0.3589, (0, 123, 18, 36, 0)
True, True, 0.4327, (0, 70, 137, 188, 227, 173, 63, 0)
False, True, 0.3145, (0, 119, 113, 136, 177, 191, 54, 177, 136, 174, 0)
False, True, 0.4582, (0, 162, 116, 202, 50, 116, 162, 0)
False, True, 0.4382, (0, 207, 218, 171, 189, 32, 218, 207, 0)
False, True, 0.2308, (0, 119, 113, 191, 54, 113, 119, 0)
True, True, 0.2145, (0, 101, 168, 124, 241, 224, 191, 54, 177, 174, 0)
True, True, 0.1093, (0, 121, 84, 212, 51, 87, 80, 149, 178, 0)
True, True, 0.1236, (0, 168, 124, 241, 224, 155, 223, 166, 208, 189, 32, 0)
True, True, 0.1127, (0, 241, 155, 223, 82, 108, 50, 0)
True, True, 0.0292, (0, 182, 70, 179, 173, 63, 106, 121, 84, 0)
True, True, 0.0084, (0, 112, 237, 149, 80, 185, 51, 87, 200, 98, 105, 0)
True, True, 0.1093, (0, 182, 179, 227, 173, 63, 106, 212, 105, 0)
False, True, 0.3897, (0, 112, 158, 1, 181, 237, 112, 0)
False, True, 0.0728, (0, 119, 113, 191, 54, 136, 113, 119, 0)
True, True, 0.1255, (0, 9, 81, 79, 180, 176, 222, 204, 192, 235, 133, 0)
True, True, 0.0113, (0, 182, 179, 137, 227, 173, 63, 98, 151, 0)
False, True, 0.0186, (0, 198, 221, 239, 193, 214, 107, 146, 203, 38, 146, 107, 104, 172, 0)
False, True, 0.0782, (0, 119, 113, 136, 177, 191, 54, 177, 136, 174, 205, 0)
True, True, 0.0163, (0, 201, 184, 69, 28, 89, 79, 180, 108, 208, 166, 232, 0)
False, True, 0.0001, (0, 164, 245, 109, 70, 245, 109, 194, 33, 238, 0)
True, True, 0.0782, (0, 133, 235, 192, 204, 222, 176, 180, 22, 108, 82, 223, 241, 0)
False, True, 0.0454, (0, 205, 99, 209, 40, 99, 205, 0)
False, True, 0.1336, (0, 105, 98, 200, 212, 84, 121, 106, 51, 87, 200, 98, 105, 0)
True, True, 0.0515, (0, 201, 184, 28, 89, 176, 222, 204, 192, 235, 133, 0)
True, True, 0.0835, (0, 122, 130, 228, 216, 50, 202, 116, 162, 0)
False, True, 0.3003, (0, 117, 165, 128, 8, 165, 128, 80, 149, 178, 0)
True, True, 0.0208, (0, 112, 178, 149, 80, 185, 51, 87, 200, 98, 105, 0)
False, True, 0.1255, (0, 133, 235, 192, 204, 222, 213, 22, 180, 176, 222, 204, 192, 235, 133, 0)
True, True, 0.08, (0, 105, 84, 121, 106, 51, 87, 80, 149, 178, 134, 0)
False, True, 0.1336, (0, 112, 151, 98, 200, 212, 84, 121, 106, 51, 87, 200, 98, 151, 0)
False, True, 0.1303, (0, 182, 179, 137, 188, 227, 179, 70, 8, 164, 0)
False, True, 0.0618, (0, 133, 235, 192, 204, 222, 176, 213, 108, 180, 22, 108, 208, 166, 174, 0)
True, True, 0.1639, (0, 151, 200, 63, 173, 227, 188, 179, 0)
False, True, 0.0117, (0, 73, 146, 6, 196, 77, 234, 240, 127, 234, 240, 127, 234, 77, 196, 0)
False, True, 0.3183, (0, 165, 128, 164, 33, 74, 120, 93, 74, 238, 0)
True, True, 0.2545, (0, 150, 157, 47, 228, 122, 153, 0)
False, True, 0.0084, (0, 117, 181, 1, 158, 117, 0)
False, True, 0.0455, (0, 122, 228, 47, 157, 130, 122, 153, 0)
False, True, 0.085, (0, 164, 245, 109, 194, 245, 109, 194, 93, 33, 164, 0)
False, True, 0.0694, (0, 238, 120, 194, 109, 245, 194, 109, 245, 8, 0)
False, True, 0.0412, (0, 164, 194, 109, 245, 70, 109, 194, 93, 33, 0)
False, True, 0.0526, (0, 224, 155, 223, 82, 108, 180, 22, 108, 208, 166, 136, 0)
False, True, 0.182, (0, 224, 155, 223, 82, 108, 180, 22, 108, 208, 166, 174, 0)
True, True, 0.0126, (0, 91, 102, 129, 56, 79, 180, 108, 82, 223, 155, 224, 0)
True, True, 0.0163, (0, 110, 139, 201, 78, 184, 28, 89, 79, 0)
False, True, 0.0613, (0, 86, 73, 104, 107, 146, 203, 160, 146, 107, 233, 62, 88, 163, 142, 0)
False, True, 0.25, (0, 148, 242, 147, 72, 242, 147, 72, 242, 147, 72, 242, 147, 72, 64, 148, 0)
False, True, 0.0455, (0, 150, 130, 157, 228, 47, 130, 150, 0)
True, True, 0.2942, (0, 198, 221, 214, 193, 220, 144, 229, 230, 5, 210, 175, 70, 182, 0)
True, True, 0.0998, (0, 71, 190, 163, 88, 62, 233, 104, 172, 76, 183, 0)
True, True, 0.0117, (0, 225, 145, 198, 221, 239, 193, 214, 107, 233, 62, 190, 0)
False, True, 0.1411, (0, 225, 123, 238, 120, 74, 33, 120, 74, 238, 0)
False, True, 0.0336, (0, 183, 76, 246, 73, 39, 246, 76, 183, 0)
False, True, 0.1789, (0, 86, 246, 39, 73, 246, 226, 90, 197, 0)
False, True, 0.5, (0, 206, 83, 195, 114, 83, 239, 233, 62, 0)
True, True, 0.0134, (0, 198, 239, 220, 144, 229, 230, 127, 240, 77, 196, 203, 38, 71, 0)
False, True, 0.0352, (0, 86, 71, 190, 140, 35, 190, 71, 167, 126, 0)
True, True, 0.0811, (0, 198, 239, 220, 144, 229, 230, 5, 210, 175, 114, 195, 0)
False, True, 0.3017, (0, 71, 38, 203, 196, 77, 240, 127, 234, 240, 127, 234, 77, 196, 0)
True, True, 0.0352, (0, 102, 169, 129, 125, 75, 201, 139, 9, 110, 199, 0)
True, True, 0.4582, (0, 88, 201, 78, 184, 69, 28, 89, 79, 202, 0)
False, True, 0.0921, (0, 141, 152, 126, 19, 152, 141, 0)
False, True, 0.0451, (0, 141, 118, 152, 126, 16, 152, 118, 0)
True, True, 0.0256, (0, 79, 89, 28, 69, 184, 78, 201, 75, 110, 0)
True, True, 0.0866, (0, 133, 235, 192, 204, 222, 176, 89, 28, 81, 216, 0)
False, True, 0.1006, (0, 214, 193, 196, 77, 234, 240, 127, 234, 240, 127, 234, 77, 196, 6, 0)
False, True, 0.051, (0, 183, 172, 104, 107, 146, 203, 160, 146, 107, 233, 62, 71, 0)
False, True, 0.0515, (0, 110, 201, 78, 184, 69, 78, 184, 69, 78, 184, 69, 56, 129, 169, 102, 0)
True, True, 0.0246, (0, 105, 212, 84, 121, 106, 51, 185, 80, 149, 134, 112, 0)
False, True, 0.1695, (0, 86, 104, 107, 146, 203, 38, 146, 107, 214, 193, 239, 221, 198, 145, 0)
False, True, 0.1721, (0, 206, 195, 114, 175, 210, 5, 175, 109, 245, 164, 0)
False, True, 0.1618, (0, 86, 104, 107, 146, 203, 38, 146, 107, 104, 172, 76, 183, 0)
True, True, 0.2468, (0, 214, 193, 220, 144, 229, 230, 5, 210, 175, 114, 195, 206, 0)
True, True, 0.0321, (0, 110, 201, 78, 69, 28, 89, 79, 81, 216, 0)
False, True, 0.0577, (0, 245, 109, 70, 245, 109, 194, 93, 33, 0)
True, True, 0.0989, (0, 221, 214, 193, 220, 144, 229, 230, 127, 240, 77, 196, 203, 38, 0)
True, True, 0.0641, (0, 91, 102, 125, 75, 201, 78, 184, 69, 28, 89, 79, 0)
False, True, 0.0641, (0, 86, 76, 172, 104, 107, 146, 203, 88, 62, 73, 86, 0)
True, True, 0.1011, (0, 182, 179, 137, 188, 173, 63, 200, 151, 0)
True, True, 0.0147, (0, 221, 239, 220, 144, 229, 230, 5, 210, 175, 70, 245, 164, 0)
True, True, 0.0674, (0, 91, 102, 217, 199, 35, 140, 190, 71, 126, 86, 0)
True, True, 0.0357, (0, 79, 89, 28, 69, 78, 201, 75, 169, 102, 91, 0)
False, True, 0.0266, (0, 164, 245, 194, 109, 245, 194, 109, 245, 33, 164, 0)
True, True, 0.0191, (0, 164, 245, 109, 175, 210, 5, 230, 229, 144, 220, 239, 198, 0)
all_elementary, False
all_cyc2, True
