Instance, X-n384-k52
capacity, 564
min_trucks, 53
output_file, output_uchoa/X-n384-k52-ng8.log
Start date, 2022-06-23
Start time, 06-02-59
capacity, 564
num_vehicles, 53
abort_early, False
methods, ['ng8']
max_vars, 1000000
time_limit, 86400
farley, False
initial time, initial max_it, max_stale_it
1e-05, 2000000000.0, 20
heuristic Number of routes, heuristic Best Solution Value, heuristic number of iterations, adjusted time, adjusted max_it
119408, 66280.0, 5097, 10.0, 2000.0
method, python time, total time, propagated dominance time, unpropagated dominance time, pricing_success, upper_bound, lower_bound, abort_early, num_paths, 
ng8, 0.2, 562.9, 473.3, 79.0, 1, 65364.8427, 62452.1127, 0, 330
ng8, 0.1, 622.3, 528.1, 83.5, 1, 65289.7102, 64406.1551, 0, 129
ng8, -0.0, 636.0, 540.4, 84.8, 1, 65284.7904, 64953.9094, 0, 13
ng8, 0.1, 633.6, 537.9, 85.0, 1, 65284.7438, 65026.9289, 0, 9
ng8, 0.0, 625.9, 531.1, 84.0, 1, 65284.6864, 65277.3123, 0, 1
ng8, -0.0, 626.4, 531.9, 83.8, 1, 65284.6864, 65284.6864, 0, 0
scip_total_time, 16316.292779
Solval, number of paths, impact cutoff
65284.686360356354, 344, 0.0001
Elementary, 2-Cycle, Path Value, Path
True, True, 0.7403, (0, 371, 0)
True, True, 0.6071, (0, 70, 181, 195, 101, 294, 25, 35, 0)
True, True, 0.253, (0, 225, 349, 12, 306, 303, 221, 174, 0)
True, True, 0.0846, (0, 316, 232, 71, 378, 106, 145, 313, 0)
True, True, 0.531, (0, 271, 350, 263, 80, 150, 377, 319, 0)
True, True, 0.5065, (0, 305, 366, 180, 157, 370, 7, 171, 0)
True, True, 0.1053, (0, 184, 274, 257, 8, 283, 368, 99, 367, 0)
True, True, 0.0084, (0, 313, 145, 106, 378, 71, 232, 246, 0)
True, True, 0.4811, (0, 30, 50, 214, 162, 137, 136, 244, 0)
True, True, 0.1495, (0, 207, 148, 59, 343, 183, 22, 0)
True, True, 0.6348, (0, 360, 182, 72, 158, 202, 328, 262, 107, 0)
True, True, 0.4109, (0, 190, 140, 260, 83, 54, 119, 39, 308, 0)
True, True, 0.3893, (0, 29, 125, 286, 301, 249, 61, 336, 0)
True, True, 0.3281, (0, 352, 223, 43, 177, 139, 259, 209, 0)
True, True, 0.2068, (0, 289, 30, 68, 50, 305, 41, 175, 231, 0)
True, True, 0.0089, (0, 123, 75, 295, 158, 72, 182, 88, 0)
True, True, 0.3076, (0, 382, 18, 187, 322, 354, 267, 197, 0)
True, True, 0.0405, (0, 252, 284, 295, 75, 123, 277, 340, 0)
True, True, 0.0618, (0, 96, 187, 322, 267, 197, 8, 283, 0)
True, True, 0.107, (0, 215, 15, 132, 358, 11, 275, 185, 31, 0)
True, True, 0.0827, (0, 156, 27, 374, 120, 314, 37, 251, 46, 0)
True, True, 0.0984, (0, 290, 135, 250, 357, 272, 235, 47, 0)
True, True, 0.0093, (0, 320, 360, 72, 158, 202, 328, 262, 275, 0)
True, True, 0.3909, (0, 64, 9, 252, 284, 295, 75, 123, 0)
True, True, 0.0229, (0, 321, 204, 13, 363, 154, 77, 208, 0)
True, True, 0.1825, (0, 16, 10, 278, 337, 188, 9, 86, 0)
True, True, 0.1409, (0, 5, 351, 206, 124, 28, 112, 170, 0)
True, True, 0.411, (0, 133, 297, 155, 310, 296, 113, 291, 235, 0)
True, True, 0.1218, (0, 257, 8, 96, 322, 187, 18, 382, 0)
True, True, 0.141, (0, 270, 298, 49, 126, 19, 335, 134, 0)
True, True, 0.065, (0, 289, 68, 50, 214, 162, 137, 136, 229, 0)
True, True, 0.5505, (0, 364, 316, 232, 71, 378, 106, 145, 0)
True, True, 0.1526, (0, 194, 218, 92, 174, 161, 34, 117, 24, 0)
True, True, 0.2548, (0, 242, 58, 209, 352, 207, 148, 0)
True, True, 0.2753, (0, 19, 126, 97, 105, 222, 178, 292, 0)
True, True, 0.0939, (0, 114, 324, 40, 216, 302, 39, 376, 308, 0)
True, True, 0.0806, (0, 11, 358, 122, 78, 36, 256, 233, 315, 68, 0)
True, True, 0.4833, (0, 44, 90, 342, 28, 112, 124, 206, 0)
True, True, 0.2009, (0, 218, 329, 353, 73, 81, 217, 147, 241, 0)
True, True, 0.1307, (0, 82, 63, 65, 380, 334, 369, 110, 0)
True, True, 0.4407, (0, 189, 312, 94, 138, 67, 3, 0)
True, True, 0.2341, (0, 47, 118, 133, 226, 281, 339, 325, 98, 0)
True, True, 0.0421, (0, 291, 310, 260, 140, 83, 54, 119, 308, 0)
True, True, 0.3826, (0, 369, 111, 323, 298, 270, 141, 134, 0)
True, True, 0.4327, (0, 55, 225, 349, 12, 306, 359, 24, 0)
True, True, 0.05, (0, 57, 104, 172, 227, 100, 356, 376, 308, 0)
True, True, 0.3554, (0, 352, 223, 43, 177, 82, 139, 259, 0)
True, True, 0.0032, (0, 330, 251, 193, 37, 314, 156, 52, 0)
True, True, 0.2893, (0, 148, 59, 343, 183, 194, 22, 0)
True, True, 0.0194, (0, 148, 207, 352, 17, 58, 242, 0)
True, True, 0.0512, (0, 322, 318, 149, 206, 351, 5, 53, 0)
True, True, 0.4764, (0, 167, 344, 26, 51, 134, 152, 110, 0)
True, True, 0.2977, (0, 60, 288, 237, 216, 302, 40, 324, 114, 0)
True, True, 0.2561, (0, 183, 343, 59, 218, 34, 117, 24, 0)
True, True, 0.2597, (0, 270, 298, 49, 126, 19, 335, 51, 0)
True, True, 0.097, (0, 57, 104, 300, 356, 100, 227, 172, 339, 0)
True, True, 0.2779, (0, 194, 87, 73, 81, 217, 147, 241, 343, 0)
True, True, 0.0928, (0, 126, 97, 105, 222, 178, 292, 49, 0)
True, True, 0.0373, (0, 77, 244, 136, 137, 162, 68, 289, 0)
True, True, 0.4563, (0, 3, 247, 84, 127, 108, 333, 318, 0)
True, True, 0.0116, (0, 175, 215, 15, 192, 31, 163, 224, 0)
True, True, 0.071, (0, 336, 61, 249, 301, 125, 151, 38, 0)
True, True, 0.1358, (0, 235, 272, 291, 113, 296, 310, 1, 103, 0)
True, True, 0.3437, (0, 375, 192, 31, 185, 15, 215, 231, 0)
True, True, 0.0737, (0, 38, 125, 286, 301, 249, 61, 336, 0)
True, True, 0.0191, (0, 90, 325, 339, 281, 133, 118, 272, 235, 0)
True, True, 0.3607, (0, 169, 116, 205, 199, 91, 239, 307, 0)
True, True, 0.1524, (0, 369, 334, 380, 14, 65, 63, 82, 0)
True, True, 0.0763, (0, 30, 68, 305, 50, 136, 244, 77, 0)
True, True, 0.3275, (0, 115, 48, 340, 196, 212, 379, 219, 0)
True, True, 0.1516, (0, 204, 13, 363, 154, 248, 372, 321, 0)
True, True, 0.3091, (0, 60, 237, 288, 337, 188, 293, 9, 0)
True, True, 0.0457, (0, 332, 276, 365, 265, 264, 74, 142, 111, 0)
True, True, 0.1856, (0, 178, 131, 381, 265, 264, 365, 276, 332, 0)
True, True, 0.2597, (0, 207, 148, 22, 371, 0)
True, True, 0.2651, (0, 25, 258, 115, 48, 320, 88, 240, 0)
True, True, 0.1263, (0, 376, 39, 119, 54, 83, 140, 190, 297, 0)
True, True, 0.0266, (0, 283, 8, 96, 187, 18, 53, 6, 0)
True, True, 0.1828, (0, 86, 10, 278, 188, 337, 288, 60, 0)
True, True, 0.0278, (0, 135, 250, 357, 310, 296, 113, 291, 0)
True, True, 0.0057, (0, 298, 292, 178, 222, 105, 97, 126, 0)
True, True, 0.1019, (0, 91, 355, 98, 44, 170, 238, 21, 234, 0)
True, True, 0.2705, (0, 53, 5, 170, 238, 21, 341, 200, 0)
True, True, 0.1591, (0, 52, 69, 27, 374, 120, 156, 128, 79, 0)
True, True, 0.8005, (0, 121, 338, 287, 32, 93, 166, 311, 0)
True, True, 0.247, (0, 362, 66, 95, 42, 151, 38, 273, 0)
True, True, 0.2818, (0, 189, 312, 94, 138, 67, 354, 0)
True, True, 0.0306, (0, 258, 115, 48, 277, 340, 196, 219, 0)
True, True, 0.1463, (0, 132, 317, 78, 36, 256, 233, 315, 180, 0)
True, True, 0.1807, (0, 65, 380, 109, 146, 142, 323, 111, 0)
True, True, 0.1807, (0, 74, 276, 365, 264, 265, 381, 131, 332, 0)
True, True, 0.0063, (0, 219, 379, 212, 196, 340, 277, 258, 0)
True, True, 0.1856, (0, 97, 105, 222, 330, 23, 381, 131, 0)
True, True, 0.3893, (0, 336, 61, 249, 301, 286, 125, 245, 0)
True, True, 0.0562, (0, 205, 199, 45, 210, 85, 255, 228, 165, 0)
True, True, 0.0511, (0, 35, 25, 294, 195, 181, 219, 70, 0)
True, True, 0.2555, (0, 175, 375, 192, 185, 31, 145, 0)
True, True, 0.2796, (0, 171, 317, 233, 256, 36, 78, 243, 132, 0)
True, True, 0.1812, (0, 94, 309, 331, 84, 127, 333, 318, 0)
True, True, 0.2476, (0, 332, 276, 365, 265, 264, 80, 150, 377, 0)
True, True, 0.3768, (0, 258, 48, 277, 340, 196, 212, 379, 0)
True, True, 0.1323, (0, 320, 182, 72, 158, 295, 75, 123, 0)
True, True, 0.0744, (0, 278, 337, 288, 237, 216, 302, 39, 376, 0)
True, True, 0.174, (0, 199, 176, 129, 33, 103, 20, 186, 304, 0)
True, True, 0.0523, (0, 164, 179, 114, 324, 40, 300, 104, 57, 0)
True, True, 0.0767, (0, 316, 232, 106, 378, 71, 101, 25, 0)
True, True, 0.3023, (0, 348, 282, 200, 341, 345, 245, 29, 0)
True, True, 0.1187, (0, 330, 251, 37, 314, 156, 128, 79, 0)
True, True, 0.1657, (0, 164, 324, 40, 216, 302, 356, 100, 300, 57, 0)
True, True, 0.0194, (0, 58, 17, 259, 223, 177, 43, 207, 0)
True, True, 0.0628, (0, 114, 324, 300, 227, 172, 226, 281, 339, 0)
True, True, 0.2695, (0, 175, 215, 15, 192, 375, 163, 313, 0)
True, True, 0.2318, (0, 362, 66, 95, 234, 245, 29, 42, 38, 0)
True, True, 0.2057, (0, 199, 210, 85, 255, 266, 253, 89, 165, 0)
True, True, 0.4897, (0, 327, 373, 279, 191, 168, 179, 164, 201, 0)
True, True, 0.0457, (0, 52, 27, 374, 120, 314, 156, 261, 46, 0)
True, True, 0.319, (0, 172, 227, 308, 376, 356, 100, 300, 104, 0)
True, True, 0.1373, (0, 172, 227, 100, 356, 302, 216, 40, 114, 0)
True, True, 0.0245, (0, 323, 111, 369, 334, 380, 65, 63, 0)
True, True, 0.1588, (0, 66, 348, 282, 200, 341, 345, 234, 0)
True, True, 0.3265, (0, 355, 165, 228, 89, 210, 45, 91, 0)
True, True, 0.2366, (0, 382, 18, 187, 322, 267, 197, 96, 0)
True, True, 0.2085, (0, 115, 123, 75, 295, 284, 277, 340, 0)
True, True, 0.101, (0, 198, 224, 163, 145, 313, 246, 331, 0)
True, True, 0.1034, (0, 269, 236, 368, 283, 8, 257, 130, 167, 0)
True, True, 0.4495, (0, 364, 246, 313, 163, 231, 224, 198, 309, 0)
True, True, 0.3478, (0, 69, 208, 76, 77, 229, 154, 363, 321, 0)
True, True, 0.1036, (0, 362, 66, 367, 99, 236, 203, 184, 269, 0)
True, True, 0.4859, (0, 345, 21, 238, 170, 351, 5, 6, 0)
True, True, 0.0832, (0, 45, 176, 33, 103, 20, 186, 166, 0)
True, True, 0.0238, (0, 353, 329, 56, 211, 159, 121, 303, 161, 0)
True, True, 0.0962, (0, 354, 3, 67, 138, 94, 312, 0)
True, True, 0.0889, (0, 218, 56, 211, 159, 347, 268, 303, 161, 0)
True, True, 0.6118, (0, 221, 268, 347, 159, 211, 56, 92, 0)
True, True, 0.2796, (0, 7, 315, 233, 256, 36, 78, 243, 132, 0)
True, True, 0.0357, (0, 136, 137, 162, 214, 366, 305, 41, 289, 0)
True, True, 0.1844, (0, 269, 236, 368, 283, 8, 257, 274, 130, 0)
True, True, 0.2555, (0, 342, 230, 201, 226, 281, 339, 325, 44, 0)
True, True, 0.0816, (0, 241, 147, 87, 73, 353, 329, 174, 161, 0)
True, True, 0.0068, (0, 3, 84, 247, 331, 224, 198, 309, 0)
True, True, 0.2735, (0, 23, 193, 37, 251, 79, 128, 261, 0)
True, True, 0.0445, (0, 63, 65, 14, 380, 334, 369, 110, 0)
True, True, 0.0987, (0, 10, 278, 337, 293, 9, 64, 86, 0)
True, True, 0.1658, (0, 53, 351, 112, 28, 124, 206, 318, 0)
True, True, 0.0681, (0, 42, 307, 239, 91, 205, 116, 169, 0)
True, True, 0.094, (0, 34, 174, 221, 303, 306, 359, 173, 0)
True, True, 0.0012, (0, 173, 359, 306, 12, 349, 225, 61, 0)
True, True, 0.1412, (0, 199, 45, 210, 85, 255, 89, 228, 98, 0)
True, True, 0.1208, (0, 255, 253, 235, 272, 133, 118, 47, 89, 0)
True, True, 0.1683, (0, 296, 310, 260, 83, 54, 190, 155, 297, 0)
True, True, 0.1391, (0, 128, 156, 120, 314, 37, 251, 330, 0)
True, True, 0.1275, (0, 230, 164, 179, 114, 104, 57, 281, 325, 0)
True, True, 0.0792, (0, 290, 135, 250, 235, 272, 118, 47, 0)
True, True, 0.1777, (0, 172, 227, 100, 356, 302, 216, 40, 324, 0)
True, True, 0.2639, (0, 110, 152, 141, 51, 26, 344, 130, 0)
True, True, 0.0519, (0, 71, 378, 31, 192, 375, 175, 0)
True, True, 0.3802, (0, 95, 348, 367, 99, 368, 236, 203, 269, 0)
True, True, 0.1636, (0, 253, 290, 250, 357, 1, 103, 33, 0)
True, True, 0.0621, (0, 304, 32, 93, 186, 166, 45, 199, 0)
True, True, 0.4171, (0, 383, 346, 143, 17, 209, 58, 242, 0)
True, True, 0.2995, (0, 63, 14, 319, 271, 2, 74, 146, 142, 0)
True, True, 0.3478, (0, 4, 372, 248, 13, 204, 69, 52, 0)
True, True, 0.0929, (0, 123, 75, 295, 158, 182, 88, 240, 0)
True, True, 0.1556, (0, 285, 219, 181, 195, 101, 294, 108, 0)
True, True, 0.0176, (0, 34, 161, 221, 56, 329, 353, 92, 0)
True, True, 0.0457, (0, 65, 14, 109, 146, 74, 142, 323, 0)
True, True, 0.0207, (0, 191, 168, 16, 86, 64, 219, 70, 285, 0)
True, True, 0.1606, (0, 285, 219, 379, 115, 258, 195, 70, 0)
True, True, 0.0542, (0, 303, 268, 347, 211, 56, 329, 353, 0)
True, True, 0.2546, (0, 361, 62, 189, 354, 267, 197, 96, 0)
True, True, 0.166, (0, 382, 96, 187, 18, 53, 6, 282, 0)
True, True, 0.2009, (0, 87, 73, 217, 81, 353, 329, 174, 161, 0)
True, True, 0.0008, (0, 21, 170, 44, 98, 355, 91, 239, 169, 0)
True, True, 0.0755, (0, 117, 34, 161, 173, 55, 61, 151, 0)
True, True, 0.053, (0, 345, 341, 200, 282, 6, 367, 0)
True, True, 0.0462, (0, 179, 114, 104, 57, 226, 281, 339, 325, 0)
True, True, 0.0519, (0, 88, 320, 360, 107, 275, 106, 378, 0)
True, True, 0.2548, (0, 98, 90, 325, 339, 281, 226, 201, 230, 0)
True, True, 0.0561, (0, 355, 98, 44, 90, 342, 28, 112, 351, 0)
True, True, 0.1262, (0, 297, 155, 260, 140, 83, 54, 119, 376, 0)
True, True, 0.2133, (0, 184, 361, 62, 220, 102, 326, 254, 153, 0)
True, True, 0.0095, (0, 266, 290, 135, 250, 357, 235, 47, 0)
True, True, 0.0275, (0, 46, 128, 79, 251, 37, 193, 330, 0)
True, True, 0.0228, (0, 252, 284, 295, 158, 75, 320, 88, 0)
True, True, 0.015, (0, 131, 23, 193, 37, 251, 128, 46, 0)
True, True, 0.0229, (0, 289, 68, 50, 136, 244, 77, 76, 0)
True, True, 0.0057, (0, 378, 275, 107, 360, 320, 88, 240, 0)
True, True, 0.107, (0, 11, 122, 78, 36, 256, 233, 315, 370, 41, 0)
True, True, 0.0679, (0, 367, 99, 368, 283, 8, 257, 236, 203, 0)
True, True, 0.0077, (0, 115, 123, 75, 295, 158, 182, 88, 0)
True, True, 0.3032, (0, 156, 120, 374, 27, 76, 208, 204, 4, 0)
True, True, 0.1729, (0, 118, 133, 113, 296, 310, 291, 272, 266, 0)
True, True, 0.2626, (0, 332, 131, 381, 23, 193, 251, 261, 46, 0)
True, True, 0.1745, (0, 4, 321, 372, 198, 331, 247, 84, 0)
True, True, 0.082, (0, 240, 88, 320, 360, 75, 295, 123, 0)
True, True, 0.0304, (0, 339, 226, 172, 227, 300, 324, 179, 164, 0)
True, True, 0.2007, (0, 20, 129, 1, 357, 250, 135, 290, 0)
True, True, 0.2703, (0, 45, 210, 85, 255, 266, 253, 228, 355, 0)
True, True, 0.1208, (0, 33, 1, 357, 250, 135, 266, 85, 0)
True, True, 0.1193, (0, 59, 241, 147, 217, 73, 87, 183, 0)
True, True, 0.1606, (0, 285, 70, 181, 258, 101, 294, 35, 0)
True, True, 0.0421, (0, 113, 260, 83, 54, 119, 39, 376, 0)
True, True, 0.1586, (0, 24, 117, 173, 161, 34, 218, 194, 183, 0)
True, True, 0.1453, (0, 69, 27, 374, 120, 314, 156, 128, 46, 0)
True, True, 0.0003, (0, 286, 239, 91, 205, 116, 169, 213, 0)
True, True, 0.0706, (0, 286, 307, 91, 355, 98, 238, 21, 0)
True, True, 0.2164, (0, 240, 88, 320, 360, 107, 275, 232, 0)
True, True, 0.0628, (0, 325, 226, 57, 104, 114, 179, 164, 230, 0)
True, True, 0.107, (0, 316, 71, 378, 106, 185, 31, 246, 0)
True, True, 0.1468, (0, 41, 366, 171, 7, 180, 214, 244, 0)
True, True, 0.0619, (0, 323, 142, 74, 2, 271, 109, 380, 0)
True, True, 0.4897, (0, 168, 191, 16, 10, 64, 86, 285, 144, 0)
True, True, 0.0913, (0, 107, 262, 328, 202, 158, 72, 320, 240, 0)
True, True, 0.0268, (0, 41, 68, 305, 214, 162, 137, 136, 244, 0)
True, True, 0.0422, (0, 58, 17, 259, 139, 223, 352, 207, 0)
True, True, 0.2927, (0, 49, 292, 178, 222, 105, 97, 335, 0)
True, True, 0.0998, (0, 311, 176, 20, 186, 93, 287, 338, 0)
True, True, 0.0634, (0, 232, 71, 378, 106, 185, 15, 215, 0)
True, True, 0.2007, (0, 290, 135, 250, 357, 1, 129, 176, 0)
True, True, 0.3045, (0, 334, 109, 146, 74, 142, 323, 111, 0)
True, True, 0.015, (0, 129, 33, 1, 357, 250, 135, 266, 0)
True, True, 0.0474, (0, 353, 329, 56, 347, 268, 303, 359, 0)
True, True, 0.2459, (0, 278, 188, 293, 252, 284, 277, 196, 0)
True, True, 0.0236, (0, 221, 268, 347, 159, 211, 56, 353, 0)
True, True, 0.1588, (0, 362, 348, 367, 99, 368, 283, 274, 184, 0)
True, True, 0.0841, (0, 308, 39, 119, 54, 83, 140, 190, 155, 272, 0)
True, True, 0.1683, (0, 376, 39, 119, 190, 140, 260, 155, 297, 0)
True, True, 0.0639, (0, 136, 162, 214, 180, 7, 171, 41, 0)
True, True, 0.1605, (0, 167, 130, 274, 257, 8, 283, 236, 203, 0)
True, True, 0.003, (0, 52, 27, 374, 120, 314, 156, 79, 46, 0)
True, True, 0.2476, (0, 276, 365, 265, 264, 263, 350, 2, 0)
True, True, 0.2597, (0, 167, 344, 26, 130, 274, 184, 203, 346, 0)
True, True, 0.0148, (0, 32, 93, 186, 20, 176, 45, 205, 0)
True, True, 0.0778, (0, 332, 131, 23, 193, 251, 79, 261, 46, 0)
True, True, 0.0796, (0, 382, 96, 187, 322, 267, 197, 257, 0)
True, True, 0.0032, (0, 317, 256, 233, 315, 157, 7, 171, 0)
True, True, 0.3602, (0, 157, 370, 315, 317, 243, 122, 358, 11, 0)
True, True, 0.1026, (0, 206, 124, 112, 28, 342, 90, 355, 0)
True, True, 0.0256, (0, 279, 16, 86, 219, 181, 195, 294, 0)
True, True, 0.0008, (0, 307, 116, 91, 355, 98, 238, 21, 0)
True, True, 0.1636, (0, 290, 135, 1, 357, 272, 118, 47, 0)
True, True, 0.0806, (0, 275, 11, 358, 122, 243, 317, 157, 41, 0)
True, True, 0.0767, (0, 336, 151, 42, 29, 245, 234, 66, 362, 0)
True, True, 0.0703, (0, 238, 98, 355, 91, 239, 116, 169, 0)
True, True, 0.1812, (0, 309, 198, 224, 246, 316, 35, 108, 333, 0)
True, True, 0.037, (0, 382, 18, 322, 354, 267, 197, 8, 0)
True, True, 0.0533, (0, 226, 100, 356, 302, 216, 237, 288, 278, 16, 0)
True, True, 0.1745, (0, 52, 208, 76, 77, 229, 154, 248, 0)
True, True, 0.0797, (0, 278, 337, 188, 293, 252, 212, 219, 0)
True, True, 0.0515, (0, 282, 53, 5, 318, 322, 18, 382, 0)
True, True, 0.0229, (0, 52, 204, 13, 363, 248, 372, 4, 0)
True, True, 0.0551, (0, 212, 277, 284, 252, 293, 237, 288, 16, 0)
True, True, 0.0422, (0, 110, 369, 334, 380, 65, 63, 177, 0)
True, True, 0.0099, (0, 340, 277, 123, 284, 252, 293, 278, 0)
True, True, 0.3032, (0, 13, 363, 77, 229, 154, 248, 372, 0)
True, True, 0.0671, (0, 55, 225, 349, 12, 306, 303, 34, 0)
True, True, 0.0487, (0, 27, 374, 137, 136, 244, 68, 41, 289, 0)
True, True, 0.0659, (0, 246, 192, 31, 185, 15, 215, 175, 0)
True, True, 0.1812, (0, 62, 312, 309, 331, 247, 84, 127, 0)
True, True, 0.0275, (0, 16, 10, 288, 237, 60, 40, 300, 57, 0)
True, True, 0.0479, (0, 57, 104, 300, 40, 324, 114, 179, 230, 0)
True, True, 0.1095, (0, 229, 244, 136, 137, 162, 68, 41, 289, 0)
True, True, 0.247, (0, 22, 160, 383, 143, 17, 58, 242, 0)
True, True, 0.3404, (0, 46, 261, 79, 314, 37, 193, 330, 0)
True, True, 0.0136, (0, 219, 277, 123, 75, 295, 284, 252, 0)
True, True, 0.0904, (0, 289, 68, 366, 180, 214, 162, 137, 374, 0)
True, True, 0.0422, (0, 110, 369, 334, 380, 65, 63, 43, 0)
True, True, 0.0928, (0, 292, 330, 23, 131, 381, 365, 276, 0)
True, True, 0.1812, (0, 333, 108, 127, 247, 331, 67, 138, 0)
True, True, 0.0505, (0, 290, 250, 135, 103, 33, 129, 186, 0)
False, True, 0.0793, (0, 59, 241, 147, 217, 81, 87, 59, 0)
False, True, 0.3765, (0, 160, 273, 151, 42, 38, 273, 160, 0)
False, True, 0.0256, (0, 318, 299, 327, 373, 144, 108, 318, 0)
False, True, 0.0281, (0, 383, 143, 269, 203, 184, 130, 269, 143, 0)
False, True, 0.148, (0, 289, 41, 366, 305, 50, 68, 30, 289, 0)
False, True, 0.0029, (0, 141, 270, 49, 126, 19, 335, 270, 141, 0)
True, True, 0.1193, (0, 218, 329, 353, 81, 73, 87, 147, 241, 0)
False, True, 0.1262, (0, 47, 235, 272, 291, 113, 118, 47, 0)
True, True, 0.2214, (0, 2, 350, 263, 80, 150, 377, 109, 0)
False, True, 0.0806, (0, 132, 358, 122, 78, 36, 256, 233, 317, 132, 0)
False, True, 0.4592, (0, 149, 299, 327, 373, 279, 144, 299, 149, 0)
False, True, 0.1219, (0, 52, 128, 314, 120, 374, 27, 52, 0)
False, True, 0.1786, (0, 117, 34, 161, 359, 55, 173, 117, 0)
False, True, 0.109, (0, 174, 92, 353, 329, 56, 92, 174, 0)
False, True, 0.0781, (0, 63, 65, 380, 109, 334, 65, 63, 0)
False, True, 0.0551, (0, 19, 292, 178, 222, 105, 97, 19, 0)
False, True, 0.0767, (0, 151, 125, 286, 301, 249, 151, 0)
False, True, 0.2461, (0, 173, 359, 12, 349, 225, 55, 173, 0)
False, True, 0.1233, (0, 240, 88, 320, 182, 72, 88, 240, 0)
False, True, 0.1521, (0, 306, 303, 121, 159, 211, 347, 268, 303, 0)
False, True, 0.3591, (0, 304, 186, 20, 103, 33, 129, 176, 304, 0)
False, True, 0.0255, (0, 149, 299, 327, 373, 279, 144, 299, 351, 0)
False, True, 0.1076, (0, 63, 14, 319, 271, 2, 146, 109, 14, 0)
False, True, 0.054, (0, 16, 278, 337, 293, 237, 60, 16, 0)
True, True, 0.0421, (0, 291, 113, 296, 310, 260, 140, 190, 155, 0)
False, True, 0.2155, (0, 234, 341, 200, 53, 6, 282, 234, 0)
False, True, 0.5, (0, 280, 254, 220, 102, 326, 153, 280, 0)
False, True, 0.2454, (0, 361, 62, 220, 102, 326, 254, 153, 361, 0)
False, True, 0.1516, (0, 321, 363, 76, 208, 13, 204, 321, 4, 0)
False, True, 0.0421, (0, 47, 118, 291, 296, 113, 133, 118, 0)
False, True, 0.0129, (0, 212, 252, 284, 123, 277, 196, 212, 285, 0)
True, True, 0.0928, (0, 264, 265, 381, 23, 330, 222, 292, 0)
False, True, 0.0178, (0, 244, 137, 162, 214, 136, 244, 27, 0)
True, True, 0.0542, (0, 311, 166, 186, 32, 287, 338, 159, 0)
False, True, 0.0794, (0, 224, 163, 375, 15, 215, 175, 224, 0)
False, True, 0.1257, (0, 230, 57, 172, 227, 300, 104, 57, 230, 0)
True, True, 0.0338, (0, 186, 33, 103, 135, 250, 290, 253, 0)
True, True, 0.0726, (0, 27, 137, 162, 214, 366, 68, 30, 289, 0)
False, True, 0.0811, (0, 141, 270, 298, 49, 335, 19, 141, 139, 0)
False, True, 0.2057, (0, 165, 228, 85, 255, 266, 253, 89, 165, 0)
False, True, 0.4998, (0, 213, 307, 239, 205, 116, 169, 213, 0)
True, True, 0.1288, (0, 60, 237, 293, 252, 212, 379, 219, 0)
False, True, 0.2646, (0, 275, 11, 358, 122, 328, 202, 262, 275, 0)
False, True, 0.0219, (0, 161, 303, 268, 347, 211, 159, 338, 303, 0)
True, True, 0.0456, (0, 45, 176, 20, 186, 32, 287, 304, 0)
True, True, 0.1932, (0, 207, 43, 177, 223, 139, 259, 17, 0)
False, True, 0.0846, (0, 383, 143, 346, 362, 66, 95, 346, 383, 0)
False, True, 0.0928, (0, 141, 335, 126, 97, 105, 178, 292, 141, 0)
False, True, 0.0565, (0, 383, 143, 346, 362, 66, 95, 346, 143, 0)
True, True, 0.0328, (0, 318, 206, 124, 112, 342, 90, 44, 0)
True, True, 0.1312, (0, 367, 99, 283, 8, 257, 274, 184, 269, 0)
True, True, 0.1216, (0, 241, 147, 217, 81, 87, 353, 329, 194, 0)
False, True, 0.0228, (0, 311, 176, 20, 186, 93, 32, 311, 0)
True, True, 0.0236, (0, 303, 121, 338, 159, 211, 56, 329, 218, 0)
True, True, 0.0575, (0, 71, 106, 31, 185, 15, 215, 175, 0)
False, True, 0.0716, (0, 164, 179, 57, 104, 300, 324, 114, 179, 0)
False, True, 0.002, (0, 224, 163, 192, 15, 215, 175, 224, 0)
True, True, 0.0183, (0, 21, 98, 44, 342, 112, 124, 206, 351, 0)
True, True, 0.0512, (0, 21, 98, 44, 90, 342, 28, 124, 351, 0)
False, True, 0.0188, (0, 16, 10, 9, 293, 337, 278, 16, 0)
False, True, 0.1807, (0, 82, 369, 334, 380, 14, 65, 82, 0)
True, True, 0.0619, (0, 380, 14, 319, 2, 74, 146, 142, 111, 0)
False, True, 0.1299, (0, 152, 270, 298, 49, 126, 19, 335, 152, 0)
True, True, 0.0617, (0, 207, 43, 177, 223, 259, 17, 242, 0)
False, True, 0.0229, (0, 257, 62, 189, 354, 267, 197, 257, 0)
True, True, 0.053, (0, 99, 96, 322, 18, 53, 6, 282, 0)
False, True, 0.087, (0, 331, 198, 224, 163, 313, 246, 331, 0)
False, True, 0.0413, (0, 62, 220, 102, 326, 254, 153, 62, 361, 0)
False, True, 0.0411, (0, 383, 143, 346, 66, 362, 269, 143, 383, 0)
True, True, 0.0263, (0, 41, 157, 370, 317, 36, 78, 122, 358, 132, 0)
False, True, 0.005, (0, 318, 149, 299, 124, 206, 351, 318, 0)
False, True, 0.0272, (0, 22, 148, 59, 343, 183, 22, 0)
True, True, 0.0152, (0, 289, 30, 68, 136, 137, 244, 77, 0)
False, True, 0.0231, (0, 180, 315, 233, 256, 317, 157, 180, 0)
all_elementary, False
all_cyc2, True
