Instance, X-n376-k94
capacity, 4
min_trucks, 94
output_file, output_uchoa/X-n376-k94-ng8.log
Start date, 2022-06-20
Start time, 12-39-30
capacity, 4
num_vehicles, 94
abort_early, False
methods, ['ng8']
max_vars, 1000000
time_limit, 86400
farley, False
initial time, initial max_it, max_stale_it
1e-05, 2000000000.0, 20
heuristic Number of routes, heuristic Best Solution Value, heuristic number of iterations, adjusted time, adjusted max_it
9218, 147839.0, 6697, 1.0, 20000.0
method, python time, total time, propagated dominance time, unpropagated dominance time, pricing_success, upper_bound, lower_bound, abort_early, num_paths, 
ng8, 0.1, 0.3, 0.1, 0.1, 1, 147387.7152, 29135.7152, 0, 411
ng8, 0.1, 0.9, 0.2, 0.3, 1, 147387.7152, 138293.2152, 0, 710
ng8, 0.0, 1.1, 0.3, 0.4, 1, 147301.0519, 138515.9686, 0, 190
ng8, 0.1, 1.1, 0.3, 0.5, 1, 147289.0958, 145397.3458, 0, 34
ng8, -0.0, 1.2, 0.3, 0.5, 1, 147287.7208, 146723.7208, 0, 5
ng8, -0.0, 1.2, 0.3, 0.5, 1, 147287.4958, 147287.4958, 0, 0
scip_total_time, 6782.212969
Solval, number of paths, impact cutoff
147287.49576719577, 224, 0.0001
Elementary, 2-Cycle, Path Value, Path
True, True, 1.0, (0, 122, 147, 217, 167, 0)
True, True, 1.0, (0, 43, 230, 242, 39, 0)
True, True, 1.0, (0, 231, 90, 152, 358, 0)
True, True, 1.0, (0, 30, 199, 294, 227, 0)
True, True, 1.0, (0, 76, 300, 55, 299, 0)
True, True, 1.0, (0, 331, 198, 178, 250, 0)
True, True, 0.5, (0, 18, 221, 184, 255, 0)
True, True, 0.5, (0, 97, 133, 287, 270, 0)
True, True, 1.0, (0, 35, 342, 340, 280, 0)
True, True, 0.25, (0, 188, 109, 120, 26, 0)
True, True, 0.25, (0, 290, 352, 371, 240, 0)
True, True, 0.25, (0, 264, 105, 361, 239, 0)
True, True, 0.85, (0, 275, 317, 93, 211, 0)
True, True, 1.0, (0, 121, 357, 60, 318, 0)
True, True, 0.6667, (0, 73, 236, 253, 140, 0)
True, True, 0.8889, (0, 98, 204, 233, 344, 0)
True, True, 0.5, (0, 164, 146, 79, 179, 0)
True, True, 0.5, (0, 355, 62, 172, 176, 0)
True, True, 1.0, (0, 38, 295, 269, 20, 0)
True, True, 1.0, (0, 276, 229, 138, 4, 0)
True, True, 0.8, (0, 170, 159, 157, 102, 0)
True, True, 1.0, (0, 337, 34, 123, 85, 0)
True, True, 1.0, (0, 46, 354, 288, 87, 0)
True, True, 0.6497, (0, 54, 132, 168, 309, 0)
True, True, 1.0, (0, 326, 308, 281, 25, 0)
True, True, 1.0, (0, 283, 356, 306, 1, 0)
True, True, 0.6111, (0, 68, 143, 274, 177, 0)
True, True, 1.0, (0, 47, 203, 329, 366, 0)
True, True, 0.4, (0, 267, 141, 71, 362, 0)
True, True, 0.2994, (0, 127, 263, 207, 304, 0)
True, True, 0.503, (0, 64, 345, 51, 112, 0)
True, True, 0.746, (0, 96, 245, 65, 171, 0)
True, True, 0.6508, (0, 259, 339, 195, 273, 0)
True, True, 0.5, (0, 186, 214, 28, 321, 0)
True, True, 0.25, (0, 335, 92, 336, 75, 0)
True, True, 0.25, (0, 272, 162, 165, 174, 0)
True, True, 1.0, (0, 319, 158, 302, 44, 0)
True, True, 0.6667, (0, 301, 375, 116, 343, 0)
True, True, 0.3333, (0, 210, 103, 15, 260, 0)
True, True, 0.5714, (0, 320, 284, 135, 293, 0)
True, True, 0.5, (0, 99, 6, 53, 348, 0)
True, True, 1.0, (0, 303, 5, 108, 194, 0)
True, True, 1.0, (0, 249, 56, 67, 322, 0)
True, True, 1.0, (0, 332, 265, 189, 113, 0)
True, True, 0.25, (0, 27, 286, 69, 183, 0)
True, True, 0.7143, (0, 169, 10, 153, 2, 0)
True, True, 0.05, (0, 275, 93, 211, 170, 0)
True, True, 1.0, (0, 110, 298, 119, 115, 0)
True, True, 0.8175, (0, 125, 327, 363, 370, 0)
True, True, 0.3889, (0, 143, 274, 177, 220, 0)
True, True, 0.6, (0, 130, 181, 48, 192, 0)
True, True, 0.1825, (0, 50, 200, 252, 334, 0)
True, True, 0.6, (0, 78, 29, 175, 341, 0)
True, True, 0.6, (0, 310, 353, 267, 218, 0)
True, True, 0.3968, (0, 86, 156, 251, 241, 0)
True, True, 0.0952, (0, 74, 114, 313, 61, 0)
True, True, 0.5, (0, 193, 287, 133, 97, 0)
True, True, 1.0, (0, 107, 111, 118, 23, 0)
True, True, 0.25, (0, 235, 290, 352, 240, 0)
True, True, 0.1111, (0, 233, 355, 204, 98, 0)
True, True, 0.1111, (0, 254, 346, 182, 344, 0)
True, True, 0.5, (0, 213, 131, 31, 179, 0)
True, True, 0.4032, (0, 225, 219, 216, 70, 0)
True, True, 0.006, (0, 372, 279, 311, 40, 0)
True, True, 0.2487, (0, 19, 13, 277, 187, 0)
True, True, 0.25, (0, 144, 336, 75, 335, 0)
True, True, 0.25, (0, 272, 162, 165, 312, 0)
True, True, 0.1429, (0, 83, 375, 116, 343, 0)
True, True, 0.2857, (0, 208, 316, 137, 169, 0)
True, True, 0.75, (0, 27, 69, 183, 325, 0)
True, True, 0.25, (0, 286, 99, 6, 53, 0)
True, True, 0.25, (0, 226, 120, 188, 26, 0)
True, True, 0.5, (0, 88, 21, 193, 270, 0)
True, True, 0.25, (0, 264, 161, 36, 166, 0)
True, True, 0.1111, (0, 197, 140, 173, 256, 0)
True, True, 0.25, (0, 42, 278, 209, 201, 0)
True, True, 1.0, (0, 104, 142, 145, 136, 0)
True, True, 0.4, (0, 349, 63, 212, 285, 0)
True, True, 0.25, (0, 186, 214, 360, 163, 0)
True, True, 0.2857, (0, 134, 248, 83, 244, 0)
True, True, 0.3333, (0, 103, 15, 260, 234, 0)
True, True, 0.5, (0, 41, 3, 18, 129, 0)
True, True, 0.5, (0, 88, 232, 262, 7, 0)
True, True, 0.5556, (0, 365, 315, 81, 49, 0)
True, True, 0.8175, (0, 66, 373, 328, 155, 0)
True, True, 0.3889, (0, 307, 205, 128, 68, 0)
True, True, 0.4, (0, 117, 11, 237, 196, 0)
True, True, 0.4, (0, 334, 257, 252, 200, 0)
True, True, 0.2063, (0, 12, 282, 61, 339, 0)
True, True, 0.2487, (0, 228, 19, 13, 277, 0)
True, True, 0.1429, (0, 134, 77, 259, 95, 0)
True, True, 1.0, (0, 338, 16, 151, 305, 0)
True, True, 0.25, (0, 333, 37, 100, 232, 0)
True, True, 1.0, (0, 139, 32, 190, 374, 0)
True, True, 0.5556, (0, 246, 256, 223, 330, 0)
True, True, 1.0, (0, 150, 82, 154, 314, 0)
True, True, 0.1751, (0, 304, 54, 207, 263, 0)
True, True, 0.5968, (0, 225, 219, 50, 220, 0)
True, True, 0.7937, (0, 12, 282, 297, 364, 0)
True, True, 0.5, (0, 36, 239, 361, 105, 0)
True, True, 0.25, (0, 21, 333, 37, 100, 0)
True, True, 0.1825, (0, 334, 257, 117, 155, 0)
True, True, 0.2, (0, 148, 84, 181, 48, 0)
True, True, 0.4, (0, 341, 130, 192, 351, 0)
True, True, 0.2063, (0, 289, 101, 297, 364, 0)
True, True, 0.4444, (0, 254, 346, 182, 365, 0)
True, True, 0.6, (0, 11, 351, 237, 196, 0)
True, True, 0.25, (0, 335, 92, 75, 144, 0)
True, True, 0.1429, (0, 202, 324, 224, 8, 0)
True, True, 0.25, (0, 160, 209, 278, 42, 0)
True, True, 0.1825, (0, 328, 370, 247, 215, 0)
True, True, 0.2063, (0, 369, 52, 200, 50, 0)
True, True, 0.25, (0, 325, 350, 367, 24, 0)
True, True, 0.8571, (0, 77, 243, 124, 292, 0)
True, True, 0.4, (0, 261, 216, 70, 258, 0)
True, True, 0.497, (0, 14, 372, 51, 112, 0)
True, True, 0.291, (0, 40, 9, 311, 279, 0)
True, True, 0.2206, (0, 252, 117, 257, 334, 0)
True, True, 0.3058, (0, 187, 19, 228, 9, 0)
True, True, 0.254, (0, 277, 13, 96, 95, 0)
True, True, 0.25, (0, 57, 209, 278, 42, 0)
True, True, 0.3016, (0, 91, 106, 74, 206, 0)
True, True, 0.5, (0, 79, 31, 131, 213, 0)
True, True, 0.2857, (0, 316, 208, 324, 224, 0)
True, True, 0.3333, (0, 234, 260, 210, 301, 0)
True, True, 0.25, (0, 161, 239, 361, 105, 0)
True, True, 0.5, (0, 172, 45, 268, 185, 0)
True, True, 0.1976, (0, 64, 345, 40, 296, 0)
True, True, 0.75, (0, 24, 180, 367, 350, 0)
True, True, 0.1429, (0, 266, 202, 324, 224, 0)
True, True, 0.5, (0, 3, 41, 173, 197, 0)
True, True, 0.25, (0, 371, 352, 290, 235, 0)
True, True, 0.1968, (0, 200, 252, 117, 257, 0)
True, True, 0.2, (0, 353, 59, 71, 362, 0)
True, True, 0.25, (0, 286, 99, 348, 180, 0)
True, True, 0.2, (0, 372, 279, 311, 310, 0)
True, True, 0.1976, (0, 323, 64, 271, 191, 0)
True, True, 0.2, (0, 349, 63, 22, 157, 0)
True, True, 0.2063, (0, 195, 273, 259, 95, 0)
True, True, 0.25, (0, 186, 214, 126, 94, 0)
True, True, 0.1968, (0, 187, 19, 228, 261, 0)
True, True, 0.2222, (0, 17, 173, 140, 197, 0)
True, True, 0.2994, (0, 271, 296, 40, 345, 0)
True, True, 0.297, (0, 14, 372, 279, 311, 0)
True, True, 0.75, (0, 160, 201, 57, 58, 0)
True, True, 0.1968, (0, 216, 70, 258, 59, 0)
True, True, 0.25, (0, 264, 161, 368, 166, 0)
True, True, 0.1429, (0, 95, 273, 339, 195, 0)
True, True, 0.1111, (0, 291, 215, 247, 176, 0)
True, True, 0.0952, (0, 248, 83, 116, 343, 0)
True, True, 0.0143, (0, 50, 200, 334, 220, 0)
True, True, 0.5, (0, 94, 126, 238, 321, 0)
True, True, 0.25, (0, 92, 75, 336, 144, 0)
True, True, 0.2857, (0, 202, 244, 134, 33, 0)
True, True, 0.25, (0, 333, 37, 100, 7, 0)
True, True, 0.25, (0, 42, 278, 209, 58, 0)
True, True, 0.6984, (0, 61, 91, 106, 206, 0)
True, True, 0.7937, (0, 369, 52, 289, 101, 0)
True, True, 0.25, (0, 312, 272, 165, 174, 0)
True, True, 0.6032, (0, 74, 241, 114, 313, 0)
True, True, 0.3889, (0, 149, 291, 176, 355, 0)
True, True, 0.4286, (0, 320, 293, 8, 266, 0)
True, True, 0.1018, (0, 323, 64, 296, 271, 0)
True, True, 0.25, (0, 94, 126, 360, 163, 0)
True, True, 0.5254, (0, 323, 127, 207, 263, 0)
True, True, 0.4286, (0, 33, 244, 202, 224, 0)
True, True, 0.5, (0, 28, 360, 163, 238, 0)
True, True, 0.25, (0, 226, 120, 109, 188, 0)
True, True, 0.2, (0, 181, 84, 148, 175, 0)
True, True, 0.1825, (0, 66, 373, 247, 215, 0)
True, True, 0.4286, (0, 324, 208, 316, 137, 0)
True, True, 0.1429, (0, 243, 124, 292, 248, 0)
True, True, 0.4032, (0, 9, 261, 258, 59, 0)
True, True, 0.6111, (0, 128, 205, 307, 149, 0)
True, True, 0.1111, (0, 359, 223, 330, 80, 0)
True, True, 0.0913, (0, 327, 125, 247, 215, 0)
True, True, 0.25, (0, 264, 161, 36, 368, 0)
True, True, 0.2857, (0, 83, 248, 134, 33, 0)
True, True, 0.5, (0, 164, 146, 368, 166, 0)
True, True, 0.1751, (0, 323, 127, 54, 304, 0)
True, True, 0.25, (0, 262, 100, 37, 333, 0)
True, True, 0.3016, (0, 86, 156, 251, 313, 0)
True, True, 0.0913, (0, 215, 247, 327, 363, 0)
True, True, 0.5, (0, 62, 45, 268, 185, 0)
True, True, 0.1667, (0, 73, 236, 253, 197, 0)
True, True, 0.0952, (0, 248, 83, 375, 116, 0)
True, True, 0.25, (0, 21, 232, 262, 7, 0)
True, True, 0.206, (0, 40, 311, 279, 14, 0)
True, True, 0.4444, (0, 182, 315, 81, 49, 0)
False, True, 0.4444, (0, 80, 246, 17, 80, 0)
True, True, 0.4, (0, 78, 29, 148, 84, 0)
True, True, 0.3503, (0, 304, 132, 309, 168, 0)
True, True, 0.05, (0, 275, 317, 93, 170, 0)
True, True, 0.254, (0, 95, 245, 65, 171, 0)
True, True, 0.1667, (0, 73, 236, 253, 173, 0)
True, True, 0.25, (0, 312, 272, 162, 174, 0)
True, True, 0.25, (0, 312, 162, 165, 174, 0)
True, True, 0.2487, (0, 228, 13, 277, 187, 0)
False, True, 0.4012, (0, 191, 296, 271, 191, 0)
True, True, 0.3333, (0, 234, 15, 103, 210, 0)
True, True, 0.0913, (0, 363, 125, 247, 215, 0)
True, True, 0.4, (0, 362, 71, 141, 218, 0)
True, True, 0.25, (0, 26, 188, 109, 226, 0)
True, True, 0.25, (0, 235, 352, 371, 240, 0)
True, True, 0.4286, (0, 284, 135, 8, 266, 0)
False, True, 0.25, (0, 291, 247, 215, 291, 0)
True, True, 0.2, (0, 141, 59, 353, 310, 0)
True, True, 0.3333, (0, 17, 256, 223, 330, 0)
True, True, 0.25, (0, 144, 336, 92, 335, 0)
True, True, 0.0952, (0, 248, 83, 375, 343, 0)
True, True, 1.0, (0, 89, 72, 222, 347, 0)
True, True, 0.25, (0, 286, 6, 53, 348, 0)
False, True, 0.4444, (0, 359, 346, 254, 359, 0)
True, True, 0.4, (0, 285, 212, 63, 22, 0)
True, True, 0.2, (0, 175, 148, 84, 48, 0)
True, True, 0.25, (0, 26, 226, 120, 109, 0)
True, True, 0.3016, (0, 86, 156, 251, 114, 0)
True, True, 0.5, (0, 255, 184, 221, 129, 0)
True, True, 0.2857, (0, 2, 153, 10, 137, 0)
True, True, 0.05, (0, 275, 317, 211, 170, 0)
True, True, 0.25, (0, 240, 371, 290, 235, 0)
True, True, 0.2, (0, 285, 212, 349, 22, 0)
True, True, 0.2, (0, 102, 349, 22, 159, 0)
True, True, 0.05, (0, 170, 211, 93, 317, 0)
all_elementary, False
all_cyc2, True
