Instance, X-n351-k40
capacity, 436
min_trucks, 40
output_file, output_uchoa/X-n351-k40-ng20.log
Start date, 2022-06-20
Start time, 14-28-53
capacity, 436
num_vehicles, 40
abort_early, False
methods, ['ng20']
max_vars, 1000000
time_limit, 86400
farley, False
initial time, initial max_it, max_stale_it
1e-05, 2000000000.0, 20
heuristic Number of routes, heuristic Best Solution Value, heuristic number of iterations, adjusted time, adjusted max_it
545426, 26244.0, 20000, 1.0, 20000.0
method, python time, total time, propagated dominance time, unpropagated dominance time, pricing_success, upper_bound, lower_bound, abort_early, num_paths, 
ng20, 1.0, 30032.9, 25082.8, 4864.3, 1, 25637.6465, 24282.3617, 0, 1772
ng20, 0.3, 57160.1, 48007.0, 9017.6, 1, 25635.6365, 25173.2807, 0, 166
ng20, 0.3, 86401.0, 53569.6, 16988.5, 0, 25633.872, 25173.2807, 1, 0
time_limit_exceeded, terminating
scip_total_time, 213083.468308
