Instance, X-n344-k43
capacity, 61
min_trucks, 43
output_file, output_uchoa/X-n344-k43-ng8.log
Start date, 2022-06-22
Start time, 16-52-33
capacity, 61
num_vehicles, 43
abort_early, False
methods, ['ng8']
max_vars, 1000000
time_limit, 86400
farley, False
initial time, initial max_it, max_stale_it
1e-05, 2000000000.0, 20
heuristic Number of routes, heuristic Best Solution Value, heuristic number of iterations, adjusted time, adjusted max_it
596732, 42184.0, 40911, 1.0, 20000.0
method, python time, total time, propagated dominance time, unpropagated dominance time, pricing_success, upper_bound, lower_bound, abort_early, num_paths, 
ng8, 0.1, 27.9, 18.4, 5.2, 1, 41533.0008, 38756.999, 0, 293
ng8, -0.0, 29.6, 19.5, 5.5, 1, 41481.8633, 40765.7058, 0, 56
ng8, 0.0, 30.4, 20.1, 5.6, 1, 41473.4294, 41391.733, 0, 7
ng8, 0.0, 30.3, 20.1, 5.6, 1, 41473.3662, 41464.7231, 0, 1
ng8, 0.0, 30.4, 20.2, 5.6, 1, 41473.3662, 41473.3662, 0, 0
scip_total_time, 46615.844884
Solval, number of paths, impact cutoff
41473.36623337997, 284, 0.0001
Elementary, 2-Cycle, Path Value, Path
True, True, 0.6474, (0, 118, 143, 147, 338, 333, 93, 24, 0)
True, True, 0.1744, (0, 12, 59, 137, 119, 17, 62, 100, 154, 0)
True, True, 0.009, (0, 248, 196, 177, 318, 134, 276, 270, 317, 0)
True, True, 0.8298, (0, 130, 44, 8, 40, 32, 123, 43, 35, 0)
True, True, 0.3395, (0, 20, 37, 156, 49, 51, 151, 59, 21, 0)
True, True, 0.3014, (0, 124, 176, 198, 342, 305, 288, 230, 261, 0)
True, True, 0.0241, (0, 272, 337, 76, 55, 238, 241, 115, 325, 0)
True, True, 0.3863, (0, 168, 214, 138, 33, 175, 297, 234, 324, 0)
True, True, 0.0133, (0, 274, 323, 328, 326, 146, 186, 251, 221, 0)
True, True, 0.066, (0, 241, 238, 55, 110, 76, 337, 250, 0)
True, True, 0.0182, (0, 52, 271, 222, 255, 221, 173, 293, 330, 0)
True, True, 0.4579, (0, 153, 133, 139, 36, 64, 207, 127, 311, 0)
True, True, 0.0583, (0, 145, 20, 37, 156, 51, 49, 7, 12, 0)
True, True, 0.0704, (0, 299, 71, 252, 100, 17, 62, 92, 0)
True, True, 0.1167, (0, 168, 214, 138, 33, 175, 297, 234, 304, 0)
True, True, 0.2228, (0, 185, 15, 246, 41, 125, 48, 50, 74, 0)
True, True, 0.2107, (0, 78, 140, 183, 279, 116, 320, 223, 261, 0)
True, True, 0.2509, (0, 21, 59, 151, 51, 49, 156, 37, 7, 0)
True, True, 0.0172, (0, 111, 263, 281, 19, 226, 57, 107, 0)
True, True, 0.1758, (0, 184, 307, 236, 170, 97, 303, 252, 0)
True, True, 0.0577, (0, 103, 274, 323, 328, 326, 186, 251, 194, 0)
True, True, 0.0457, (0, 227, 127, 207, 64, 36, 139, 133, 153, 0)
True, True, 0.2893, (0, 9, 78, 140, 183, 279, 116, 320, 106, 0)
True, True, 0.304, (0, 275, 212, 341, 340, 172, 211, 331, 218, 208, 0)
True, True, 0.2375, (0, 57, 226, 19, 281, 263, 111, 96, 0)
True, True, 0.392, (0, 341, 340, 172, 205, 202, 218, 331, 211, 0)
True, True, 0.2611, (0, 112, 254, 148, 53, 235, 48, 50, 74, 0)
True, True, 0.478, (0, 272, 337, 76, 110, 55, 238, 241, 0)
True, True, 0.3727, (0, 107, 57, 19, 226, 225, 306, 160, 0)
True, True, 0.0435, (0, 100, 34, 60, 3, 159, 163, 151, 12, 0)
True, True, 0.0641, (0, 316, 286, 13, 162, 89, 47, 73, 69, 54, 0)
True, True, 0.0406, (0, 74, 254, 148, 53, 103, 266, 52, 16, 0)
True, True, 0.0057, (0, 332, 299, 197, 121, 267, 113, 67, 0)
True, True, 0.1272, (0, 39, 149, 144, 285, 14, 81, 278, 132, 0)
True, True, 0.2872, (0, 308, 70, 216, 329, 174, 278, 81, 0)
True, True, 0.3475, (0, 313, 291, 18, 101, 108, 164, 114, 5, 0)
True, True, 0.1166, (0, 147, 93, 333, 293, 173, 259, 221, 222, 0)
True, True, 0.1241, (0, 189, 153, 133, 139, 36, 64, 207, 227, 0)
True, True, 0.0851, (0, 43, 123, 32, 40, 30, 8, 44, 130, 0)
True, True, 0.1042, (0, 115, 241, 238, 55, 110, 76, 337, 0)
True, True, 0.3804, (0, 11, 45, 2, 253, 95, 23, 58, 167, 0)
True, True, 0.1619, (0, 314, 193, 227, 311, 273, 334, 258, 215, 0)
True, True, 0.1475, (0, 52, 290, 271, 266, 103, 235, 102, 125, 309, 0)
True, True, 0.0842, (0, 256, 232, 265, 33, 175, 297, 234, 301, 0)
True, True, 0.331, (0, 270, 318, 233, 141, 80, 315, 300, 276, 0)
True, True, 0.1349, (0, 96, 111, 107, 57, 225, 306, 160, 0)
True, True, 0.0501, (0, 283, 207, 64, 36, 139, 133, 38, 0)
True, True, 0.227, (0, 322, 319, 88, 128, 237, 268, 248, 257, 0)
True, True, 0.2095, (0, 299, 88, 128, 237, 204, 268, 319, 136, 0)
True, True, 0.3051, (0, 111, 107, 19, 226, 225, 306, 160, 0)
True, True, 0.351, (0, 223, 230, 288, 305, 342, 198, 176, 292, 0)
True, True, 0.2115, (0, 327, 120, 207, 64, 36, 139, 133, 153, 0)
True, True, 0.1738, (0, 183, 279, 320, 116, 288, 305, 230, 261, 1, 0)
True, True, 0.3436, (0, 154, 119, 34, 60, 3, 159, 163, 137, 21, 0)
True, True, 0.137, (0, 251, 186, 326, 328, 323, 56, 86, 28, 0)
True, True, 0.2978, (0, 252, 303, 170, 97, 109, 85, 240, 0)
True, True, 0.0605, (0, 181, 278, 81, 14, 285, 231, 195, 0)
True, True, 0.0192, (0, 168, 214, 138, 232, 265, 33, 175, 297, 0)
True, True, 0.2168, (0, 27, 291, 4, 98, 5, 2, 58, 167, 0)
True, True, 0.0525, (0, 189, 220, 282, 227, 311, 273, 334, 242, 0)
True, True, 0.0056, (0, 154, 62, 17, 119, 163, 137, 59, 12, 0)
True, True, 0.0291, (0, 308, 216, 329, 174, 278, 81, 14, 0)
True, True, 0.1458, (0, 217, 179, 219, 22, 91, 83, 29, 120, 327, 0)
True, True, 0.0494, (0, 324, 214, 138, 175, 33, 265, 232, 256, 302, 0)
True, True, 0.0826, (0, 22, 83, 42, 269, 161, 90, 80, 315, 0)
True, True, 0.0244, (0, 249, 82, 321, 316, 310, 63, 287, 232, 256, 0)
True, True, 0.3299, (0, 20, 23, 95, 253, 5, 2, 6, 0)
True, True, 0.0851, (0, 35, 44, 8, 30, 40, 32, 123, 43, 0)
True, True, 0.4904, (0, 189, 220, 38, 282, 193, 314, 263, 0)
True, True, 0.1005, (0, 245, 200, 247, 244, 228, 181, 338, 147, 0)
True, True, 0.0863, (0, 250, 272, 337, 241, 171, 296, 26, 115, 325, 0)
True, True, 0.4145, (0, 254, 148, 53, 103, 266, 271, 290, 52, 0)
True, True, 0.1068, (0, 257, 248, 268, 237, 128, 88, 299, 332, 0)
True, True, 0.0092, (0, 215, 258, 242, 334, 273, 199, 191, 178, 0)
True, True, 0.114, (0, 330, 255, 293, 333, 93, 24, 118, 0)
True, True, 0.2872, (0, 195, 150, 231, 285, 14, 144, 149, 39, 0)
True, True, 0.1956, (0, 309, 105, 28, 86, 56, 274, 194, 222, 0)
True, True, 0.0156, (0, 338, 181, 228, 244, 247, 245, 259, 255, 0)
True, True, 0.0216, (0, 245, 247, 244, 228, 181, 132, 195, 158, 0)
True, True, 0.0577, (0, 52, 266, 194, 251, 221, 259, 173, 293, 330, 0)
True, True, 0.146, (0, 303, 170, 97, 109, 85, 240, 184, 0)
True, True, 0.3724, (0, 239, 203, 317, 289, 68, 257, 136, 122, 0)
True, True, 0.0562, (0, 294, 85, 109, 97, 170, 236, 307, 165, 0)
True, True, 0.2118, (0, 268, 182, 277, 46, 10, 204, 237, 88, 0)
True, True, 0.03, (0, 106, 183, 279, 320, 116, 288, 292, 124, 0)
True, True, 0.052, (0, 11, 6, 2, 253, 95, 23, 20, 0)
True, True, 0.2051, (0, 54, 69, 162, 13, 286, 166, 155, 117, 0)
True, True, 0.1309, (0, 59, 151, 163, 159, 3, 60, 34, 100, 0)
True, True, 0.4223, (0, 158, 77, 150, 231, 285, 144, 149, 65, 0)
True, True, 0.0372, (0, 304, 224, 129, 265, 232, 287, 310, 63, 82, 0)
True, True, 0.2322, (0, 6, 98, 114, 164, 108, 101, 18, 94, 0)
True, True, 0.0026, (0, 113, 267, 121, 299, 322, 136, 122, 332, 0)
True, True, 0.1517, (0, 330, 293, 173, 259, 221, 222, 271, 290, 0)
True, True, 0.0208, (0, 2, 5, 98, 114, 164, 108, 4, 291, 0)
True, True, 0.0241, (0, 171, 296, 11, 45, 313, 27, 110, 55, 0)
True, True, 0.0128, (0, 99, 73, 47, 89, 162, 13, 286, 316, 321, 0)
True, True, 0.0562, (0, 315, 80, 294, 85, 236, 307, 240, 184, 0)
True, True, 0.122, (0, 204, 10, 46, 192, 165, 184, 277, 182, 0)
True, True, 0.2498, (0, 330, 293, 173, 259, 221, 251, 222, 271, 0)
True, True, 0.1317, (0, 80, 90, 161, 269, 42, 83, 91, 22, 0)
True, True, 0.608, (0, 190, 96, 343, 66, 79, 201, 335, 31, 187, 0)
True, True, 0.268, (0, 330, 255, 173, 259, 221, 251, 222, 290, 0)
True, True, 0.0881, (0, 84, 38, 220, 282, 193, 314, 284, 0)
True, True, 0.0083, (0, 48, 235, 28, 56, 86, 105, 102, 125, 309, 0)
True, True, 0.2732, (0, 137, 163, 159, 3, 60, 34, 17, 62, 0)
True, True, 0.0071, (0, 276, 300, 315, 80, 141, 233, 280, 177, 0)
True, True, 0.0988, (0, 59, 137, 163, 119, 17, 62, 100, 154, 0)
True, True, 0.1108, (0, 274, 56, 323, 328, 326, 186, 251, 221, 0)
True, True, 0.0851, (0, 188, 241, 238, 55, 110, 76, 272, 213, 0)
True, True, 0.1028, (0, 195, 285, 14, 81, 278, 244, 228, 0)
True, True, 0.023, (0, 200, 174, 329, 216, 298, 169, 146, 194, 0)
True, True, 0.1161, (0, 104, 20, 37, 156, 51, 49, 7, 12, 0)
True, True, 0.4885, (0, 30, 302, 256, 287, 63, 310, 316, 321, 82, 0)
True, True, 0.0782, (0, 302, 168, 214, 138, 232, 265, 129, 224, 304, 0)
True, True, 0.4284, (0, 242, 327, 120, 29, 91, 22, 219, 179, 217, 0)
True, True, 0.0552, (0, 284, 207, 64, 36, 139, 133, 153, 38, 0)
True, True, 0.342, (0, 165, 307, 236, 109, 85, 240, 184, 280, 0)
True, True, 0.0143, (0, 339, 94, 18, 101, 108, 164, 114, 98, 0)
True, True, 0.1325, (0, 181, 228, 244, 247, 200, 245, 173, 255, 0)
True, True, 0.155, (0, 325, 115, 26, 296, 171, 241, 238, 337, 272, 0)
True, True, 0.0071, (0, 177, 280, 233, 141, 80, 315, 318, 270, 0)
True, True, 0.067, (0, 194, 186, 326, 328, 323, 56, 28, 235, 48, 0)
True, True, 0.1309, (0, 76, 55, 110, 27, 313, 45, 11, 296, 0)
True, True, 0.0827, (0, 281, 189, 220, 282, 38, 84, 225, 0)
True, True, 0.1028, (0, 237, 204, 182, 277, 192, 46, 10, 71, 0)
True, True, 0.7949, (0, 84, 264, 180, 131, 126, 117, 87, 249, 0)
True, True, 0.392, (0, 267, 121, 197, 92, 113, 67, 208, 0)
True, True, 0.0343, (0, 178, 242, 334, 273, 311, 227, 282, 189, 0)
True, True, 0.0089, (0, 157, 39, 65, 140, 183, 279, 116, 320, 106, 0)
True, True, 0.0777, (0, 65, 149, 144, 14, 81, 278, 244, 228, 0)
True, True, 0.0703, (0, 284, 314, 193, 282, 220, 38, 225, 0)
True, True, 0.4379, (0, 229, 142, 209, 61, 25, 112, 16, 250, 213, 0)
True, True, 0.3011, (0, 267, 121, 197, 299, 322, 136, 122, 332, 0)
True, True, 0.1044, (0, 71, 252, 100, 62, 17, 119, 92, 0)
True, True, 0.1028, (0, 154, 119, 17, 62, 100, 71, 128, 88, 0)
True, True, 0.0547, (0, 45, 4, 108, 101, 18, 94, 135, 312, 0)
True, True, 0.0826, (0, 179, 91, 83, 42, 269, 161, 90, 294, 0)
True, True, 0.0084, (0, 235, 28, 86, 56, 274, 251, 221, 255, 0)
True, True, 0.095, (0, 24, 93, 333, 338, 195, 77, 158, 0)
True, True, 0.2697, (0, 210, 300, 315, 141, 233, 134, 270, 0)
True, True, 0.0054, (0, 330, 221, 259, 173, 293, 333, 93, 147, 0)
True, True, 0.0528, (0, 282, 153, 139, 36, 64, 207, 283, 0)
True, True, 0.0196, (0, 96, 343, 66, 79, 201, 335, 262, 31, 212, 0)
True, True, 0.1667, (0, 224, 129, 265, 232, 287, 310, 63, 321, 82, 0)
True, True, 0.009, (0, 289, 270, 276, 134, 318, 177, 196, 248, 0)
True, True, 0.1781, (0, 210, 300, 315, 141, 233, 177, 196, 0)
True, True, 0.3516, (0, 71, 252, 10, 46, 192, 277, 182, 248, 0)
True, True, 0.0973, (0, 194, 251, 146, 169, 298, 216, 70, 308, 0)
True, True, 0.0172, (0, 263, 189, 220, 38, 84, 225, 306, 0)
True, True, 0.1629, (0, 16, 52, 266, 103, 53, 48, 50, 74, 0)
True, True, 0.3082, (0, 255, 245, 200, 247, 244, 228, 181, 132, 0)
True, True, 0.1778, (0, 274, 186, 326, 328, 323, 86, 28, 235, 0)
True, True, 0.0856, (0, 149, 144, 14, 81, 278, 244, 132, 195, 0)
True, True, 0.0027, (0, 238, 76, 55, 110, 11, 171, 115, 0)
True, True, 0.1026, (0, 249, 87, 321, 316, 310, 63, 287, 256, 302, 0)
True, True, 0.0761, (0, 281, 189, 220, 38, 282, 314, 215, 284, 0)
True, True, 0.03, (0, 312, 339, 260, 176, 342, 305, 230, 261, 0)
True, True, 0.1334, (0, 313, 4, 108, 101, 18, 94, 135, 312, 0)
True, True, 0.1892, (0, 193, 227, 311, 283, 191, 199, 178, 0)
True, True, 0.4756, (0, 67, 12, 145, 104, 296, 171, 26, 115, 0)
True, True, 0.1154, (0, 316, 286, 13, 89, 47, 73, 69, 99, 180, 0)
True, True, 0.2118, (0, 128, 204, 182, 277, 192, 46, 10, 71, 0)
True, True, 0.0182, (0, 290, 271, 266, 103, 235, 53, 148, 254, 0)
True, True, 0.0684, (0, 210, 300, 315, 80, 141, 233, 134, 0)
True, True, 0.1267, (0, 67, 12, 145, 104, 296, 171, 115, 325, 0)
True, True, 0.1188, (0, 95, 253, 164, 114, 98, 4, 291, 27, 0)
True, True, 0.0376, (0, 313, 291, 4, 108, 101, 18, 94, 260, 0)
True, True, 0.0027, (0, 327, 120, 29, 207, 64, 36, 139, 133, 0)
True, True, 0.1018, (0, 80, 294, 85, 109, 236, 307, 240, 184, 0)
True, True, 0.4487, (0, 155, 166, 162, 89, 47, 73, 99, 54, 0)
True, True, 0.0385, (0, 131, 99, 69, 162, 13, 286, 166, 155, 0)
True, True, 0.1702, (0, 229, 160, 306, 57, 107, 281, 263, 111, 0)
True, True, 0.1188, (0, 27, 291, 4, 98, 114, 164, 95, 23, 0)
True, True, 0.0241, (0, 115, 171, 11, 45, 313, 27, 110, 76, 0)
True, True, 0.3489, (0, 206, 295, 217, 178, 242, 258, 215, 284, 281, 0)
True, True, 0.1388, (0, 177, 141, 294, 90, 161, 269, 42, 300, 0)
True, True, 0.0071, (0, 177, 233, 294, 90, 161, 269, 42, 300, 0)
True, True, 0.3724, (0, 212, 343, 66, 79, 201, 335, 262, 31, 187, 0)
True, True, 0.115, (0, 112, 16, 74, 50, 48, 125, 102, 41, 309, 0)
True, True, 0.599, (0, 206, 295, 317, 289, 203, 239, 262, 0)
True, True, 0.1578, (0, 273, 283, 120, 29, 91, 22, 219, 179, 0)
True, True, 0.392, (0, 213, 250, 61, 25, 209, 142, 229, 190, 275, 0)
True, True, 0.0537, (0, 334, 283, 120, 29, 91, 22, 219, 179, 0)
True, True, 0.1154, (0, 264, 99, 69, 162, 13, 286, 166, 155, 0)
True, True, 0.0562, (0, 71, 303, 170, 236, 307, 240, 184, 0)
True, True, 0.1738, (0, 339, 260, 135, 94, 198, 176, 292, 124, 0)
True, True, 0.0208, (0, 260, 135, 94, 18, 101, 4, 291, 313, 0)
True, True, 0.1027, (0, 254, 148, 53, 235, 102, 41, 309, 50, 0)
True, True, 0.1692, (0, 224, 129, 232, 265, 33, 175, 214, 168, 302, 0)
True, True, 0.2816, (0, 11, 27, 313, 45, 6, 58, 167, 104, 26, 0)
True, True, 0.0458, (0, 260, 135, 94, 18, 101, 108, 4, 98, 0)
True, True, 0.4839, (0, 210, 276, 134, 318, 280, 177, 196, 68, 0)
True, True, 0.2142, (0, 270, 80, 294, 90, 161, 269, 42, 83, 219, 0)
True, True, 0.0196, (0, 187, 239, 203, 289, 317, 295, 206, 0)
True, True, 0.0026, (0, 113, 92, 197, 299, 322, 136, 122, 332, 0)
True, True, 0.1026, (0, 168, 138, 175, 33, 265, 232, 287, 256, 302, 0)
True, True, 0.017, (0, 291, 4, 98, 114, 164, 253, 23, 167, 0)
True, True, 0.0504, (0, 254, 148, 50, 48, 125, 235, 102, 41, 309, 0)
True, True, 0.083, (0, 194, 274, 323, 56, 86, 28, 105, 125, 309, 0)
True, True, 0.1136, (0, 94, 18, 101, 108, 164, 114, 98, 4, 0)
True, True, 0.0496, (0, 150, 231, 14, 81, 278, 244, 132, 0)
True, True, 0.1738, (0, 312, 339, 260, 135, 94, 198, 342, 292, 0)
True, True, 0.0326, (0, 284, 215, 334, 273, 199, 191, 178, 206, 0)
True, True, 0.009, (0, 332, 136, 257, 248, 68, 203, 239, 262, 0)
True, True, 0.4365, (0, 186, 146, 169, 298, 329, 174, 243, 0)
True, True, 0.1317, (0, 179, 83, 42, 269, 161, 90, 294, 233, 0)
True, True, 0.0629, (0, 256, 214, 138, 175, 33, 265, 232, 129, 224, 0)
True, True, 0.2866, (0, 293, 245, 308, 146, 326, 328, 323, 274, 0)
True, True, 0.0326, (0, 295, 178, 191, 199, 273, 334, 215, 284, 0)
True, True, 0.1352, (0, 195, 132, 181, 228, 245, 259, 255, 330, 0)
True, True, 0.1041, (0, 215, 311, 127, 283, 191, 199, 334, 242, 0)
True, True, 0.1347, (0, 68, 294, 90, 161, 269, 42, 83, 29, 327, 0)
True, True, 0.0782, (0, 249, 82, 63, 310, 287, 232, 265, 129, 224, 0)
True, True, 0.0897, (0, 264, 180, 54, 99, 69, 162, 13, 286, 316, 0)
True, True, 0.1586, (0, 309, 41, 102, 235, 103, 266, 52, 16, 112, 0)
True, True, 0.017, (0, 58, 23, 253, 164, 114, 98, 4, 291, 0)
True, True, 0.0128, (0, 99, 69, 73, 47, 89, 162, 166, 126, 0)
True, True, 0.0913, (0, 146, 169, 298, 216, 243, 70, 200, 247, 0)
True, True, 0.0027, (0, 332, 299, 88, 128, 237, 204, 268, 248, 0)
True, True, 0.12, (0, 338, 181, 278, 81, 14, 231, 150, 0)
True, True, 0.0172, (0, 160, 225, 84, 38, 220, 189, 215, 284, 0)
True, True, 0.09, (0, 312, 339, 176, 342, 305, 288, 230, 261, 0)
True, True, 0.1132, (0, 314, 227, 127, 283, 191, 199, 178, 0)
True, True, 0.0128, (0, 126, 155, 166, 286, 13, 162, 69, 54, 0)
True, True, 0.1044, (0, 137, 163, 159, 3, 60, 34, 17, 100, 0)
True, True, 0.0762, (0, 168, 138, 232, 265, 129, 72, 246, 15, 185, 0)
True, True, 0.304, (0, 188, 325, 202, 205, 172, 340, 341, 212, 275, 0)
True, True, 0.067, (0, 309, 125, 102, 105, 86, 56, 323, 274, 194, 0)
True, True, 0.0274, (0, 309, 41, 102, 125, 48, 148, 254, 74, 112, 0)
True, True, 0.0768, (0, 217, 327, 29, 83, 42, 269, 161, 90, 294, 0)
True, True, 0.052, (0, 247, 70, 174, 329, 298, 169, 146, 194, 0)
True, True, 0.1042, (0, 145, 7, 20, 167, 58, 6, 45, 11, 171, 0)
True, True, 0.0216, (0, 118, 24, 93, 333, 338, 147, 77, 0)
True, True, 0.1795, (0, 126, 155, 286, 13, 89, 47, 73, 69, 54, 0)
True, True, 0.0539, (0, 223, 230, 288, 305, 342, 176, 292, 152, 0)
True, True, 0.0849, (0, 23, 253, 5, 98, 4, 291, 27, 0)
True, True, 0.2791, (0, 334, 273, 199, 191, 283, 127, 227, 284, 0)
True, True, 0.0665, (0, 256, 214, 138, 265, 129, 72, 246, 15, 185, 0)
True, True, 0.0421, (0, 185, 15, 246, 72, 129, 232, 138, 214, 168, 0)
False, True, 0.0015, (0, 188, 272, 337, 241, 171, 296, 26, 115, 188, 0)
False, True, 0.0089, (0, 250, 75, 157, 39, 78, 9, 75, 250, 0)
False, True, 0.1707, (0, 30, 336, 324, 304, 301, 336, 30, 0)
False, True, 0.0767, (0, 75, 157, 39, 78, 140, 65, 39, 157, 75, 0)
False, True, 0.2353, (0, 7, 37, 156, 49, 51, 151, 7, 145, 0)
False, False, 0.122, (0, 158, 77, 143, 24, 143, 77, 158, 0)
False, True, 0.1205, (0, 1, 152, 312, 339, 260, 292, 152, 1, 0)
False, True, 0.0904, (0, 1, 152, 312, 135, 260, 339, 124, 1, 0)
False, True, 0.0851, (0, 142, 209, 61, 25, 130, 35, 142, 209, 61, 0)
False, True, 0.4144, (0, 75, 157, 9, 78, 140, 65, 39, 157, 75, 0)
False, True, 0.1026, (0, 87, 321, 82, 63, 310, 316, 321, 82, 0)
False, True, 0.0676, (0, 111, 263, 281, 19, 226, 57, 111, 0)
False, True, 0.2986, (0, 113, 92, 197, 299, 121, 267, 113, 0)
False, True, 0.2785, (0, 41, 105, 86, 56, 28, 105, 102, 125, 0)
False, True, 0.3074, (0, 1, 152, 124, 339, 260, 135, 312, 152, 0)
False, True, 0.1044, (0, 154, 62, 119, 159, 3, 60, 34, 100, 154, 0)
False, True, 0.16, (0, 196, 270, 276, 134, 318, 280, 177, 196, 0)
False, True, 0.1723, (0, 200, 243, 174, 329, 216, 70, 200, 247, 0)
False, True, 0.2175, (0, 215, 258, 178, 191, 199, 273, 334, 258, 0)
False, True, 0.0851, (0, 213, 272, 337, 238, 55, 110, 76, 272, 0)
False, True, 0.1286, (0, 336, 324, 301, 304, 234, 297, 301, 0)
False, False, 0.2036, (0, 185, 15, 246, 72, 129, 72, 224, 304, 301, 0)
False, False, 0.0562, (0, 165, 303, 170, 97, 109, 97, 303, 0)
True, True, 0.1499, (0, 194, 326, 169, 298, 216, 243, 70, 308, 0)
False, True, 0.0445, (0, 41, 105, 86, 56, 28, 105, 102, 309, 0)
False, True, 0.1394, (0, 122, 319, 88, 128, 237, 204, 268, 319, 0)
False, True, 0.1028, (0, 332, 322, 319, 268, 248, 257, 136, 332, 0)
False, True, 0.265, (0, 336, 301, 304, 234, 297, 324, 336, 0)
False, True, 0.066, (0, 92, 21, 119, 17, 62, 100, 154, 92, 0)
False, True, 0.0971, (0, 106, 223, 261, 292, 124, 261, 1, 0)
False, True, 0.0851, (0, 25, 74, 254, 148, 48, 50, 74, 16, 0)
False, True, 0.2873, (0, 9, 106, 223, 320, 116, 279, 183, 106, 0)
True, True, 0.1667, (0, 99, 69, 73, 47, 89, 13, 286, 166, 131, 0)
False, True, 0.1085, (0, 158, 118, 77, 147, 143, 77, 118, 158, 0)
False, False, 0.1848, (0, 185, 15, 246, 72, 224, 72, 246, 15, 185, 0)
False, True, 0.304, (0, 188, 325, 202, 205, 218, 331, 211, 208, 188, 0)
False, True, 0.0528, (0, 189, 220, 282, 153, 133, 38, 220, 189, 0)
False, True, 0.2118, (0, 165, 307, 236, 170, 97, 303, 165, 192, 0)
True, True, 0.1499, (0, 308, 70, 243, 216, 298, 169, 328, 194, 0)
False, True, 0.1061, (0, 195, 132, 244, 247, 228, 181, 132, 195, 0)
False, False, 0.0192, (0, 185, 15, 246, 72, 129, 72, 224, 234, 301, 0)
False, True, 0.0095, (0, 256, 232, 265, 33, 175, 214, 168, 256, 302, 0)
False, True, 0.182, (0, 332, 122, 322, 319, 248, 257, 322, 332, 0)
False, True, 0.0605, (0, 150, 231, 14, 81, 278, 132, 150, 0)
False, True, 0.0225, (0, 258, 334, 273, 199, 191, 178, 242, 258, 0)
all_elementary, False
all_cyc2, False
