Instance, X-n469-k138
capacity, 256
min_trucks, 139
output_file, output_uchoa/X-n469-k138-ng8.log
Start date, 2022-06-20
Start time, 12-39-30
capacity, 256
num_vehicles, 139
abort_early, False
methods, ['ng8']
max_vars, 1000000
time_limit, 86400
farley, False
initial time, initial max_it, max_stale_it
1e-05, 2000000000.0, 20
heuristic Number of routes, heuristic Best Solution Value, heuristic number of iterations, adjusted time, adjusted max_it
31028, 223575.0, 2000, 10.0, 2000.0
method, python time, total time, propagated dominance time, unpropagated dominance time, pricing_success, upper_bound, lower_bound, abort_early, num_paths, 
ng8, 0.0, 4.1, 1.2, 1.6, 1, 221084.6583, 213995.6583, 0, 58
ng8, -0.0, 4.2, 1.2, 1.6, 1, 220992.3831, 218722.3877, 0, 12
ng8, -0.0, 4.2, 1.2, 1.6, 1, 220985.548, 220591.0638, 0, 4
ng8, -0.0, 4.2, 1.2, 1.6, 1, 220985.548, 220985.548, 0, 0
scip_total_time, 20113.202512
Solval, number of paths, impact cutoff
220985.5480216036, 401, 0.0001
Elementary, 2-Cycle, Path Value, Path
True, True, 1.0, (0, 451, 302, 328, 0)
True, True, 0.6722, (0, 7, 460, 312, 0)
True, True, 1.0, (0, 32, 276, 279, 339, 0)
True, True, 0.5, (0, 413, 440, 16, 0)
True, True, 1.0, (0, 407, 233, 399, 0)
True, True, 1.0, (0, 208, 142, 384, 0)
True, True, 0.8278, (0, 262, 62, 70, 87, 0)
True, True, 0.1081, (0, 351, 108, 50, 0)
True, True, 0.7422, (0, 174, 171, 119, 137, 0)
True, True, 0.4517, (0, 299, 420, 405, 0)
True, True, 0.0818, (0, 126, 325, 345, 250, 0)
True, True, 0.2847, (0, 215, 428, 115, 0)
True, True, 0.2887, (0, 123, 324, 387, 11, 0)
True, True, 0.8175, (0, 408, 227, 293, 0)
True, True, 0.4521, (0, 255, 53, 297, 120, 0)
True, True, 0.0818, (0, 423, 61, 18, 0)
True, True, 0.0964, (0, 458, 165, 313, 0)
True, True, 0.5267, (0, 219, 341, 69, 338, 0)
True, True, 0.9182, (0, 68, 374, 194, 0)
True, True, 0.393, (0, 268, 35, 390, 441, 0)
True, True, 0.5243, (0, 418, 83, 134, 0)
True, True, 0.1461, (0, 220, 106, 148, 343, 0)
True, True, 0.7032, (0, 116, 92, 380, 326, 0)
True, True, 1.0, (0, 214, 234, 156, 0)
True, True, 0.382, (0, 265, 459, 132, 0)
True, True, 0.5, (0, 217, 248, 332, 157, 0)
True, True, 0.3712, (0, 232, 287, 448, 342, 0)
True, True, 0.2186, (0, 26, 105, 238, 57, 0)
True, True, 0.5, (0, 153, 76, 314, 0)
True, True, 0.7985, (0, 3, 289, 213, 0)
True, True, 0.6667, (0, 138, 144, 187, 0)
True, True, 0.3494, (0, 40, 254, 321, 443, 0)
True, True, 0.6506, (0, 112, 365, 391, 0)
True, True, 0.7493, (0, 33, 379, 160, 91, 0)
True, True, 0.7493, (0, 20, 4, 349, 0)
True, True, 0.6018, (0, 19, 114, 1, 0)
True, True, 0.3977, (0, 249, 372, 353, 0)
True, True, 0.7124, (0, 378, 261, 267, 0)
True, True, 0.9041, (0, 193, 82, 303, 0)
True, True, 0.1321, (0, 96, 152, 246, 421, 0)
True, True, 0.4167, (0, 389, 392, 266, 198, 0)
True, True, 0.4489, (0, 182, 230, 381, 0)
True, True, 1.0, (0, 192, 317, 212, 0)
True, True, 0.4429, (0, 432, 361, 149, 0)
True, True, 0.0119, (0, 78, 301, 237, 56, 0)
True, True, 0.5833, (0, 66, 79, 283, 0)
True, True, 0.1711, (0, 450, 218, 235, 0)
True, True, 0.75, (0, 263, 151, 8, 0)
True, True, 0.5, (0, 373, 222, 256, 0)
True, True, 0.1548, (0, 100, 367, 288, 124, 0)
True, True, 0.75, (0, 94, 216, 319, 0)
True, True, 0.2944, (0, 158, 179, 404, 240, 0)
True, True, 1.0, (0, 363, 41, 429, 0)
True, True, 0.9051, (0, 465, 382, 453, 0)
True, True, 0.3698, (0, 50, 277, 108, 0)
True, True, 0.9234, (0, 344, 331, 409, 163, 0)
True, True, 0.2029, (0, 18, 345, 215, 0)
True, True, 0.2029, (0, 250, 270, 334, 109, 0)
True, True, 0.9182, (0, 423, 436, 61, 0)
True, True, 0.2892, (0, 456, 166, 458, 0)
True, True, 0.0818, (0, 398, 330, 177, 0)
True, True, 1.0, (0, 67, 188, 51, 0)
True, True, 0.75, (0, 435, 329, 304, 0)
True, True, 0.2961, (0, 308, 348, 346, 0)
True, True, 0.3587, (0, 264, 176, 83, 0)
True, True, 0.4064, (0, 147, 335, 203, 0)
True, True, 0.2246, (0, 350, 309, 145, 58, 0)
True, True, 0.2507, (0, 379, 20, 189, 0)
True, True, 0.1316, (0, 54, 14, 185, 0)
True, True, 0.006, (0, 431, 310, 412, 0)
True, True, 0.8977, (0, 439, 244, 286, 0)
True, True, 0.4618, (0, 190, 246, 152, 23, 0)
True, True, 0.7286, (0, 136, 181, 285, 0)
True, True, 0.5, (0, 102, 9, 221, 452, 0)
True, True, 0.381, (0, 280, 81, 237, 301, 0)
True, True, 0.9879, (0, 226, 247, 202, 0)
True, True, 0.5833, (0, 411, 424, 30, 0)
True, True, 0.1722, (0, 240, 404, 273, 259, 0)
True, True, 0.2926, (0, 228, 158, 89, 0)
True, True, 0.0949, (0, 229, 382, 465, 0)
True, True, 0.7153, (0, 345, 428, 18, 0)
True, True, 0.1825, (0, 293, 430, 334, 0)
True, True, 0.5963, (0, 197, 140, 366, 324, 0)
True, True, 0.0818, (0, 270, 194, 175, 0)
True, True, 0.6225, (0, 180, 88, 290, 253, 0)
True, True, 0.587, (0, 308, 383, 242, 0)
True, True, 0.5945, (0, 292, 21, 336, 447, 0)
True, True, 0.6679, (0, 178, 364, 130, 402, 0)
True, True, 1.0, (0, 191, 291, 243, 333, 0)
True, True, 0.2968, (0, 326, 203, 362, 0)
True, True, 0.6288, (0, 135, 414, 449, 80, 0)
True, True, 0.6288, (0, 445, 448, 287, 232, 0)
True, True, 0.2015, (0, 223, 213, 207, 186, 0)
True, True, 0.5, (0, 245, 17, 269, 295, 0)
True, True, 0.3166, (0, 185, 14, 189, 0)
True, True, 0.8977, (0, 196, 43, 15, 0)
True, True, 1.0, (0, 63, 236, 73, 0)
True, True, 0.5, (0, 385, 149, 10, 0)
True, True, 0.9182, (0, 368, 175, 22, 0)
True, True, 0.3712, (0, 48, 107, 128, 0)
True, True, 0.9182, (0, 177, 252, 98, 0)
True, True, 0.3144, (0, 323, 449, 155, 0)
True, True, 0.2936, (0, 269, 295, 241, 17, 0)
True, True, 0.2246, (0, 47, 315, 104, 0)
True, True, 0.7936, (0, 139, 251, 416, 0)
True, True, 0.1023, (0, 376, 206, 101, 15, 0)
True, True, 0.494, (0, 415, 24, 200, 434, 0)
True, True, 0.9881, (0, 318, 45, 322, 0)
True, True, 0.25, (0, 466, 288, 373, 0)
True, True, 0.4459, (0, 351, 204, 306, 143, 0)
True, True, 0.1899, (0, 123, 255, 53, 197, 0)
True, True, 0.3468, (0, 406, 456, 313, 0)
True, True, 0.8408, (0, 34, 170, 327, 340, 0)
True, True, 0.5457, (0, 90, 369, 36, 0)
True, True, 0.4945, (0, 148, 377, 111, 0)
True, True, 0.2015, (0, 289, 129, 207, 186, 0)
True, True, 0.6667, (0, 444, 6, 159, 0)
True, True, 0.2005, (0, 354, 269, 295, 19, 0)
True, True, 0.2251, (0, 183, 190, 305, 370, 0)
True, True, 0.3333, (0, 59, 389, 169, 392, 0)
True, True, 0.5, (0, 29, 221, 39, 0)
True, True, 0.0119, (0, 322, 31, 271, 0)
True, True, 0.1071, (0, 78, 102, 81, 127, 0)
True, True, 1.0, (0, 316, 85, 359, 0)
True, True, 0.5018, (0, 37, 228, 393, 0)
True, True, 0.376, (0, 355, 405, 257, 0)
True, True, 1.0, (0, 97, 307, 438, 0)
True, True, 0.0818, (0, 436, 22, 368, 0)
True, True, 0.4328, (0, 430, 239, 13, 0)
True, True, 0.5, (0, 154, 55, 238, 314, 0)
True, True, 0.5, (0, 320, 153, 57, 0)
True, True, 0.2064, (0, 416, 54, 207, 0)
True, True, 0.3333, (0, 442, 444, 138, 0)
True, True, 0.2528, (0, 40, 365, 321, 0)
True, True, 0.3982, (0, 245, 241, 1, 0)
True, True, 0.113, (0, 186, 129, 224, 183, 0)
True, True, 0.1358, (0, 5, 361, 23, 0)
True, True, 0.5452, (0, 56, 31, 182, 0)
True, True, 0.5, (0, 9, 93, 222, 452, 0)
True, True, 0.3289, (0, 450, 218, 74, 0)
True, True, 0.3283, (0, 396, 46, 204, 351, 0)
True, True, 1.0, (0, 210, 394, 281, 0)
True, True, 0.0818, (0, 68, 107, 252, 0)
True, True, 0.5055, (0, 357, 111, 48, 0)
True, True, 0.1413, (0, 134, 176, 264, 0)
True, True, 0.0121, (0, 75, 200, 410, 0)
True, True, 0.1917, (0, 378, 114, 261, 0)
True, True, 0.0959, (0, 193, 82, 267, 0)
True, True, 0.3108, (0, 96, 152, 246, 300, 0)
True, True, 0.4881, (0, 381, 230, 103, 0)
True, True, 0.25, (0, 463, 151, 263, 0)
True, True, 0.2056, (0, 37, 296, 240, 0)
True, True, 0.1722, (0, 161, 62, 405, 0)
True, True, 0.2175, (0, 427, 126, 146, 272, 0)
True, True, 0.6891, (0, 386, 95, 278, 229, 0)
True, True, 0.4341, (0, 299, 420, 257, 0)
True, True, 0.1592, (0, 457, 313, 419, 84, 0)
True, True, 0.478, (0, 141, 162, 205, 0)
True, True, 0.2525, (0, 60, 88, 356, 225, 0)
True, True, 0.2909, (0, 348, 418, 242, 0)
True, True, 0.5517, (0, 185, 224, 54, 0)
True, True, 0.9881, (0, 121, 310, 167, 44, 0)
True, True, 0.1833, (0, 301, 237, 102, 211, 0)
True, True, 0.4167, (0, 66, 79, 411, 0)
True, True, 0.4867, (0, 209, 354, 42, 0)
True, True, 0.1288, (0, 274, 206, 159, 0)
True, True, 0.1204, (0, 312, 460, 404, 0)
True, True, 0.2361, (0, 35, 390, 343, 268, 0)
True, True, 1.0, (0, 467, 360, 86, 0)
True, True, 0.1856, (0, 274, 80, 323, 0)
True, True, 0.3422, (0, 75, 2, 52, 0)
True, True, 0.2507, (0, 421, 33, 4, 0)
True, True, 0.0953, (0, 305, 246, 152, 23, 0)
True, True, 0.2074, (0, 312, 89, 273, 0)
True, True, 0.5, (0, 440, 455, 371, 0)
True, True, 0.0191, (0, 387, 297, 255, 123, 0)
True, True, 0.3005, (0, 140, 53, 401, 0)
True, True, 1.0, (0, 195, 347, 12, 0)
True, True, 0.4846, (0, 346, 26, 105, 154, 0)
True, True, 0.7633, (0, 315, 410, 309, 0)
True, True, 0.6578, (0, 433, 150, 2, 0)
True, True, 0.4048, (0, 424, 64, 100, 124, 0)
True, True, 0.75, (0, 367, 466, 463, 0)
True, True, 0.5, (0, 371, 426, 168, 125, 0)
True, True, 0.1176, (0, 351, 204, 277, 143, 0)
True, True, 0.1898, (0, 109, 257, 95, 278, 0)
True, True, 0.522, (0, 108, 396, 141, 0)
True, True, 0.1825, (0, 334, 430, 408, 0)
True, True, 0.0074, (0, 253, 341, 366, 197, 0)
True, True, 0.464, (0, 128, 330, 13, 0)
True, True, 0.4543, (0, 205, 27, 369, 284, 0)
True, True, 0.25, (0, 298, 198, 442, 254, 0)
True, True, 0.3011, (0, 172, 372, 249, 0)
True, True, 0.4213, (0, 5, 361, 10, 0)
True, True, 0.4167, (0, 283, 30, 169, 0)
True, True, 0.5942, (0, 272, 146, 164, 461, 0)
True, True, 0.5124, (0, 109, 325, 215, 126, 0)
True, True, 0.3701, (0, 338, 60, 253, 219, 0)
True, True, 0.1235, (0, 3, 459, 220, 0)
True, True, 0.0571, (0, 5, 149, 39, 0)
True, True, 0.2926, (0, 37, 89, 179, 0)
True, True, 0.364, (0, 419, 166, 456, 0)
True, True, 0.2661, (0, 76, 238, 55, 320, 0)
True, True, 0.006, (0, 231, 295, 310, 121, 0)
True, True, 0.1081, (0, 277, 46, 174, 204, 0)
True, True, 0.7153, (0, 250, 115, 165, 0)
True, True, 0.0818, (0, 374, 330, 107, 0)
True, True, 0.413, (0, 99, 275, 348, 383, 0)
True, True, 0.3494, (0, 395, 391, 40, 0)
True, True, 1.0, (0, 258, 375, 117, 0)
True, True, 0.25, (0, 127, 256, 216, 0)
True, True, 0.4058, (0, 461, 464, 427, 84, 0)
True, True, 0.0568, (0, 414, 223, 449, 80, 0)
True, True, 0.2064, (0, 251, 186, 207, 17, 0)
True, True, 0.6506, (0, 395, 49, 443, 462, 0)
True, True, 0.2507, (0, 422, 349, 421, 0)
True, True, 0.3131, (0, 96, 305, 190, 183, 0)
True, True, 0.2714, (0, 285, 211, 81, 0)
True, True, 0.4429, (0, 56, 31, 39, 0)
True, True, 0.3929, (0, 301, 237, 127, 271, 0)
True, True, 0.5, (0, 29, 93, 385, 0)
True, True, 0.0939, (0, 107, 398, 239, 0)
True, True, 0.2361, (0, 343, 148, 106, 441, 0)
True, True, 0.2968, (0, 362, 203, 105, 0)
True, True, 0.0511, (0, 412, 230, 381, 0)
True, True, 0.5, (0, 16, 455, 413, 0)
True, True, 0.2032, (0, 176, 264, 332, 0)
True, True, 0.2032, (0, 217, 118, 388, 92, 0)
True, True, 0.6856, (0, 155, 77, 274, 0)
True, True, 0.1023, (0, 159, 206, 43, 0)
True, True, 0.25, (0, 373, 8, 288, 0)
True, True, 0.4733, (0, 239, 398, 69, 0)
True, True, 0.125, (0, 468, 180, 88, 290, 0)
True, True, 0.0033, (0, 225, 292, 21, 336, 0)
True, True, 0.0936, (0, 147, 92, 116, 99, 0)
True, True, 0.0121, (0, 145, 75, 202, 0)
True, True, 0.624, (0, 296, 259, 355, 0)
True, True, 0.1883, (0, 458, 165, 464, 0)
True, True, 0.0781, (0, 3, 54, 186, 0)
True, True, 0.931, (0, 412, 231, 431, 0)
True, True, 0.494, (0, 415, 52, 200, 434, 0)
True, True, 0.413, (0, 273, 158, 179, 404, 0)
True, True, 0.1141, (0, 401, 387, 420, 0)
True, True, 0.0508, (0, 178, 282, 170, 34, 0)
True, True, 1.0, (0, 173, 122, 113, 0)
True, True, 0.1783, (0, 71, 462, 150, 0)
True, True, 0.0119, (0, 431, 167, 412, 0)
True, True, 0.1247, (0, 107, 330, 357, 0)
True, True, 0.0802, (0, 178, 130, 446, 284, 0)
True, True, 0.5055, (0, 377, 437, 265, 0)
True, True, 0.2064, (0, 114, 139, 241, 0)
True, True, 0.1169, (0, 308, 134, 83, 0)
True, True, 0.0108, (0, 132, 220, 106, 343, 0)
True, True, 0.2968, (0, 454, 264, 335, 0)
True, True, 0.3333, (0, 298, 198, 266, 352, 0)
True, True, 0.3109, (0, 270, 334, 386, 325, 0)
True, True, 0.0678, (0, 205, 162, 36, 0)
True, True, 0.0121, (0, 350, 315, 104, 0)
True, True, 0.0483, (0, 40, 365, 172, 0)
True, True, 0.3422, (0, 24, 433, 403, 0)
True, True, 0.1638, (0, 52, 150, 24, 0)
True, True, 0.2814, (0, 123, 366, 255, 387, 0)
True, True, 0.3333, (0, 144, 376, 206, 101, 0)
True, True, 0.0483, (0, 365, 321, 172, 0)
True, True, 0.0766, (0, 227, 409, 331, 344, 0)
True, True, 0.49, (0, 47, 50, 311, 0)
True, True, 0.4945, (0, 106, 437, 459, 0)
True, True, 0.25, (0, 337, 468, 28, 199, 0)
True, True, 0.2968, (0, 176, 118, 388, 248, 0)
True, True, 0.478, (0, 311, 104, 350, 0)
True, True, 0.0119, (0, 44, 45, 72, 424, 0)
True, True, 0.1722, (0, 228, 161, 262, 0)
True, True, 0.3321, (0, 71, 364, 446, 0)
True, True, 0.115, (0, 324, 123, 366, 341, 0)
True, True, 0.25, (0, 25, 435, 225, 199, 0)
True, True, 0.006, (0, 231, 182, 103, 0)
True, True, 0.6578, (0, 403, 235, 400, 0)
True, True, 0.25, (0, 124, 64, 127, 271, 0)
True, True, 0.1081, (0, 137, 119, 171, 294, 0)
True, True, 0.1555, (0, 356, 292, 21, 447, 0)
True, True, 0.25, (0, 218, 59, 38, 0)
True, True, 0.1648, (0, 357, 107, 128, 0)
True, True, 0.2074, (0, 273, 89, 460, 0)
True, True, 0.1592, (0, 46, 294, 162, 284, 0)
True, True, 0.4712, (0, 11, 120, 297, 401, 0)
True, True, 0.2968, (0, 335, 217, 362, 0)
True, True, 0.0959, (0, 267, 378, 19, 0)
True, True, 0.0787, (0, 300, 10, 5, 0)
True, True, 0.0154, (0, 57, 76, 238, 55, 0)
True, True, 0.0121, (0, 309, 247, 415, 226, 0)
True, True, 0.2951, (0, 71, 90, 162, 0)
True, True, 0.1032, (0, 197, 140, 341, 338, 0)
True, True, 0.0321, (0, 91, 189, 54, 0)
True, True, 0.032, (0, 143, 50, 311, 0)
True, True, 0.3712, (0, 110, 135, 323, 0)
True, True, 0.2186, (0, 91, 76, 55, 320, 0)
True, True, 0.5133, (0, 101, 42, 397, 0)
True, True, 0.3494, (0, 49, 254, 112, 321, 0)
True, True, 0.031, (0, 237, 78, 181, 370, 0)
True, True, 0.3712, (0, 133, 201, 342, 445, 0)
True, True, 0.0233, (0, 145, 71, 75, 0)
True, True, 0.4044, (0, 306, 46, 277, 143, 0)
True, True, 0.4167, (0, 352, 59, 298, 442, 0)
True, True, 0.2095, (0, 81, 280, 102, 181, 0)
True, True, 0.1497, (0, 137, 119, 294, 396, 0)
True, True, 0.1799, (0, 397, 209, 414, 0)
True, True, 0.1711, (0, 235, 74, 400, 0)
True, True, 0.0766, (0, 387, 120, 11, 163, 0)
True, True, 0.25, (0, 389, 169, 392, 266, 0)
True, True, 0.0511, (0, 431, 231, 244, 0)
True, True, 0.3071, (0, 432, 23, 5, 0)
True, True, 0.0354, (0, 410, 75, 58, 0)
True, True, 0.3665, (0, 421, 305, 300, 0)
True, True, 0.0511, (0, 101, 206, 6, 254, 0)
True, True, 0.1345, (0, 414, 131, 223, 77, 0)
True, True, 0.1722, (0, 161, 70, 87, 426, 0)
True, True, 0.25, (0, 199, 28, 329, 25, 0)
True, True, 0.2525, (0, 356, 180, 290, 60, 0)
True, True, 0.6288, (0, 133, 110, 201, 0)
True, True, 0.3011, (0, 172, 249, 353, 0)
True, True, 0.2032, (0, 248, 388, 454, 116, 0)
True, True, 0.1059, (0, 227, 11, 387, 123, 0)
True, True, 0.2968, (0, 26, 147, 454, 380, 0)
True, True, 0.5629, (0, 58, 75, 145, 0)
True, True, 0.4005, (0, 189, 14, 422, 0)
True, True, 0.1032, (0, 197, 219, 398, 13, 0)
True, True, 0.1018, (0, 245, 241, 19, 0)
True, True, 0.3708, (0, 417, 343, 390, 441, 0)
True, True, 0.25, (0, 218, 38, 352, 0)
True, True, 0.0959, (0, 303, 267, 261, 0)
True, True, 0.0575, (0, 11, 297, 53, 255, 0)
True, True, 0.1125, (0, 35, 106, 265, 220, 0)
True, True, 0.5, (0, 450, 38, 74, 0)
True, True, 0.2477, (0, 341, 398, 330, 0)
True, True, 0.1592, (0, 90, 27, 340, 294, 0)
True, True, 0.1233, (0, 48, 357, 148, 0)
True, True, 0.6072, (0, 220, 132, 131, 223, 0)
True, True, 0.3278, (0, 240, 393, 7, 426, 0)
True, True, 0.3452, (0, 100, 288, 64, 271, 0)
True, True, 0.2968, (0, 388, 118, 332, 157, 0)
True, True, 0.2854, (0, 104, 350, 47, 0)
True, True, 0.3068, (0, 209, 354, 397, 0)
True, True, 0.1711, (0, 400, 462, 71, 0)
True, True, 0.0119, (0, 318, 103, 381, 0)
True, True, 0.5, (0, 337, 468, 25, 28, 0)
True, True, 0.0949, (0, 325, 109, 453, 229, 0)
True, True, 0.0265, (0, 187, 77, 209, 0)
True, True, 0.1084, (0, 130, 282, 170, 327, 0)
True, True, 0.1883, (0, 294, 427, 464, 272, 0)
True, True, 0.1141, (0, 401, 387, 299, 0)
True, True, 0.3865, (0, 27, 446, 36, 0)
True, True, 0.3468, (0, 313, 166, 406, 0)
True, True, 0.0121, (0, 75, 434, 410, 0)
True, True, 0.3063, (0, 284, 282, 406, 457, 0)
True, True, 0.2584, (0, 65, 35, 417, 131, 0)
True, True, 0.184, (0, 186, 207, 129, 224, 0)
True, True, 0.1084, (0, 130, 457, 282, 34, 0)
True, True, 0.031, (0, 181, 78, 301, 81, 0)
True, True, 0.0334, (0, 425, 259, 228, 0)
True, True, 0.1704, (0, 296, 259, 393, 0)
True, True, 0.1883, (0, 164, 146, 126, 427, 0)
True, True, 0.1771, (0, 58, 145, 410, 0)
True, True, 0.2175, (0, 356, 336, 134, 275, 0)
True, True, 0.0154, (0, 186, 57, 320, 154, 0)
True, True, 0.0351, (0, 294, 446, 130, 178, 0)
True, True, 0.0818, (0, 107, 98, 357, 0)
True, True, 0.25, (0, 199, 447, 225, 304, 0)
True, True, 0.006, (0, 354, 269, 231, 121, 0)
True, True, 0.0508, (0, 327, 313, 419, 294, 0)
True, True, 0.2032, (0, 147, 454, 118, 157, 0)
True, True, 0.1023, (0, 196, 159, 439, 0)
True, True, 0.4261, (0, 419, 458, 457, 282, 0)
True, True, 0.3011, (0, 172, 372, 353, 0)
False, False, 0.0511, (0, 286, 244, 286, 0)
True, True, 0.1497, (0, 306, 174, 171, 294, 0)
False, False, 0.1096, (0, 346, 362, 346, 0)
False, True, 0.1661, (0, 402, 446, 178, 402, 0)
False, True, 0.494, (0, 72, 184, 103, 72, 0)
False, False, 0.1357, (0, 136, 211, 136, 0)
False, False, 0.2022, (0, 270, 430, 270, 0)
False, True, 0.1512, (0, 358, 224, 14, 358, 0)
False, False, 0.4833, (0, 425, 161, 425, 0)
False, True, 0.3708, (0, 65, 417, 268, 65, 0)
False, True, 0.006, (0, 230, 370, 184, 230, 0)
True, True, 0.25, (0, 319, 94, 256, 0)
False, False, 0.1534, (0, 187, 77, 187, 0)
False, True, 0.1221, (0, 225, 356, 242, 225, 0)
False, True, 0.3488, (0, 358, 422, 183, 358, 0)
False, True, 0.2822, (0, 376, 206, 6, 376, 0)
False, True, 0.4095, (0, 78, 280, 211, 78, 0)
False, True, 0.2175, (0, 84, 464, 164, 84, 0)
False, True, 0.2507, (0, 129, 160, 57, 129, 0)
False, True, 0.5, (0, 260, 168, 125, 260, 0)
False, True, 0.1848, (0, 275, 418, 336, 275, 0)
False, True, 0.125, (0, 337, 468, 60, 337, 0)
True, True, 0.1211, (0, 334, 95, 278, 229, 0)
False, True, 0.2467, (0, 99, 292, 21, 99, 0)
False, True, 0.1288, (0, 342, 323, 80, 342, 0)
False, True, 0.0952, (0, 124, 367, 100, 124, 0)
False, True, 0.25, (0, 184, 432, 370, 184, 0)
False, True, 0.244, (0, 370, 300, 96, 370, 0)
all_elementary, False
all_cyc2, False
