Instance, X-n186-k15
capacity, 974
min_trucks, 15
output_file, output_uchoa/X-n186-k15-ng8.log
Start date, 2022-06-26
Start time, 22-29-45
capacity, 974
num_vehicles, 15
abort_early, False
methods, ['ng8']
max_vars, 10000
time_limit, 86400
farley, False
initial time, initial max_it, max_stale_it
1, 20000.0, 20
heuristic Number of routes, heuristic Best Solution Value, heuristic number of iterations, adjusted time, adjusted max_it, measured total time
40906, 24145.0, 20000, 1, 20000.0, 20090.2
method, python time, total time, propagated dominance time, unpropagated dominance time, pricing_success, upper_bound, lower_bound, abort_early, num_paths, 
ng8, 3.6, 3.9, 2.9, 0.2, 1, 23846.0212, -6789.267, 0, 13587
ng8, 4.0, 10.0, 8.1, 0.6, 1, 23846.0212, 4858.5624, 0, 14541
ng8, 3.5, 91.4, 85.7, 3.6, 1, 23846.0212, 18311.644, 0, 9020
ng8, 1.7, 231.5, 215.7, 12.6, 1, 23842.5072, 20612.9247, 0, 4264
ng8, 1.8, 330.5, 308.9, 18.1, 1, 23833.61, 19658.2188, 0, 4436
ng8, 0.7, 612.0, 571.9, 35.3, 1, 23833.61, 22122.6204, 0, 1583
ng8, 2.1, 276.4, 260.1, 13.1, 1, 23818.4204, 19543.1597, 0, 5244
ng8, 0.4, 653.4, 610.7, 37.5, 1, 23818.4204, 22614.3989, 0, 937
ng8, 0.4, 725.7, 678.3, 41.9, 1, 23806.3982, 22651.1316, 0, 769
ng8, 0.3, 729.0, 682.6, 40.9, 1, 23800.5865, 22716.2575, 0, 672
ng8, 0.1, 884.5, 824.6, 53.7, 1, 23796.6669, 23252.5563, 0, 239
ng8, 0.1, 814.9, 759.6, 49.4, 1, 23790.4683, 23157.0404, 0, 180
ng8, 0.0, 956.9, 890.7, 59.7, 1, 23787.8877, 23464.3024, 0, 94
ng8, 0.1, 890.4, 829.7, 54.6, 1, 23786.8788, 23645.6702, 0, 14
ng8, 0.1, 902.4, 841.0, 55.3, 1, 23786.8301, 23760.0573, 0, 2
ng8, 0.0, 890.5, 829.6, 54.8, 1, 23786.8301, 23786.8301, 0, 0
scip_total_time, 29130.11727
Solval, number of paths, impact cutoff
23786.830116445526, 139, 0.0001
Elementary, 2-Cycle, Path Value, Path
True, True, 0.4443, (0, 47, 125, 137, 169, 146, 76, 46, 57, 62, 56, 167, 141, 127, 0)
True, True, 0.0064, (0, 172, 68, 155, 58, 176, 13, 0)
True, True, 0.2221, (0, 100, 115, 118, 36, 61, 157, 17, 80, 110, 149, 3, 161, 0)
True, True, 0.0725, (0, 37, 31, 32, 23, 105, 109, 25, 160, 133, 6, 10, 141, 127, 0)
True, True, 0.5441, (0, 12, 99, 84, 27, 89, 98, 151, 122, 139, 102, 97, 82, 0)
True, True, 0.0065, (0, 141, 10, 6, 133, 160, 25, 109, 105, 23, 32, 31, 15, 37, 0)
True, True, 0.9936, (0, 13, 176, 58, 155, 68, 172, 28, 0)
True, True, 0.1114, (0, 123, 125, 137, 169, 146, 76, 46, 57, 62, 56, 167, 141, 127, 0)
True, True, 0.2499, (0, 129, 71, 135, 66, 20, 112, 54, 94, 11, 180, 35, 19, 16, 0)
True, True, 0.0634, (0, 161, 3, 149, 110, 80, 17, 157, 61, 36, 118, 115, 52, 0)
True, True, 0.0725, (0, 123, 120, 125, 137, 169, 146, 76, 46, 57, 62, 56, 167, 141, 0)
True, True, 0.2186, (0, 129, 12, 74, 128, 45, 91, 39, 95, 145, 168, 162, 5, 0)
True, True, 0.1524, (0, 113, 79, 3, 149, 110, 80, 17, 157, 61, 36, 118, 115, 0)
True, True, 0.1011, (0, 87, 115, 118, 36, 61, 157, 17, 80, 110, 149, 3, 156, 0)
True, True, 0.2396, (0, 145, 136, 51, 83, 134, 78, 75, 81, 106, 150, 29, 39, 0)
True, True, 0.0211, (0, 121, 101, 178, 113, 23, 105, 109, 25, 160, 133, 6, 10, 130, 0)
True, True, 0.2452, (0, 185, 7, 90, 32, 23, 161, 79, 156, 142, 114, 100, 52, 0)
True, True, 0.0199, (0, 177, 65, 50, 92, 44, 138, 21, 147, 55, 48, 179, 70, 63, 132, 0)
True, True, 0.0952, (0, 26, 124, 152, 158, 73, 49, 173, 126, 140, 4, 24, 85, 171, 0)
True, True, 0.152, (0, 166, 153, 143, 47, 123, 120, 165, 148, 34, 132, 117, 64, 177, 4, 0)
True, True, 0.1731, (0, 16, 19, 35, 180, 11, 94, 54, 112, 20, 66, 71, 184, 159, 0)
True, True, 0.0983, (0, 85, 24, 4, 140, 33, 104, 177, 64, 119, 8, 158, 14, 0)
True, True, 0.2018, (0, 15, 31, 90, 32, 105, 109, 25, 160, 133, 6, 10, 131, 130, 0)
True, True, 0.0891, (0, 104, 177, 64, 117, 132, 34, 148, 165, 120, 123, 47, 143, 153, 166, 0)
True, True, 0.0042, (0, 40, 18, 116, 103, 163, 144, 1, 32, 90, 7, 31, 15, 37, 59, 0)
True, True, 0.3264, (0, 59, 37, 15, 31, 185, 7, 90, 1, 144, 163, 103, 116, 18, 40, 0)
True, True, 0.0861, (0, 22, 40, 18, 116, 103, 163, 144, 1, 90, 7, 31, 15, 37, 59, 0)
True, True, 0.0252, (0, 86, 53, 154, 5, 162, 168, 95, 145, 87, 121, 22, 88, 42, 0)
True, True, 0.0677, (0, 37, 185, 131, 10, 6, 133, 160, 25, 109, 105, 23, 113, 18, 121, 0)
True, True, 0.3163, (0, 60, 26, 124, 152, 158, 73, 49, 126, 173, 4, 24, 85, 171, 0)
True, True, 0.0434, (0, 88, 37, 15, 185, 7, 90, 1, 144, 163, 103, 116, 18, 40, 121, 72, 0)
True, True, 0.3714, (0, 111, 38, 41, 53, 154, 164, 121, 22, 59, 88, 72, 42, 67, 0)
True, True, 0.2771, (0, 22, 40, 101, 96, 174, 178, 114, 142, 100, 52, 87, 145, 0)
True, True, 0.0621, (0, 130, 131, 10, 6, 133, 160, 25, 109, 105, 32, 1, 144, 163, 116, 0)
True, True, 0.0892, (0, 171, 24, 4, 140, 33, 104, 177, 64, 119, 8, 73, 14, 0)
True, True, 0.0077, (0, 107, 69, 108, 43, 181, 170, 129, 184, 16, 77, 9, 183, 30, 93, 0)
True, True, 0.0439, (0, 185, 131, 10, 6, 133, 160, 25, 109, 105, 23, 113, 178, 101, 0)
True, True, 0.0272, (0, 87, 136, 51, 83, 134, 78, 75, 81, 106, 150, 29, 95, 162, 0)
True, True, 0.3866, (0, 65, 50, 92, 44, 138, 21, 147, 55, 48, 179, 70, 148, 34, 132, 0)
True, True, 0.0646, (0, 129, 12, 74, 128, 82, 97, 39, 91, 45, 168, 162, 5, 0)
True, True, 0.0922, (0, 185, 7, 90, 32, 23, 161, 79, 156, 142, 100, 52, 87, 0)
True, True, 0.1722, (0, 14, 73, 8, 119, 64, 177, 104, 33, 140, 49, 126, 173, 0)
True, True, 0.0188, (0, 168, 95, 29, 150, 106, 81, 75, 78, 134, 83, 51, 136, 87, 0)
True, True, 0.3777, (0, 117, 65, 50, 92, 44, 138, 21, 147, 55, 48, 179, 70, 63, 165, 0)
True, True, 0.1301, (0, 123, 120, 125, 137, 169, 146, 76, 46, 57, 62, 56, 167, 127, 0)
True, True, 0.1012, (0, 130, 131, 10, 6, 133, 160, 25, 109, 105, 32, 1, 144, 103, 116, 0)
True, True, 0.0506, (0, 121, 101, 96, 174, 178, 1, 144, 163, 103, 116, 15, 37, 59, 88, 0)
True, True, 0.0253, (0, 111, 38, 41, 181, 43, 108, 159, 77, 9, 183, 182, 93, 30, 0)
True, True, 0.0199, (0, 65, 50, 92, 44, 138, 21, 147, 55, 48, 179, 63, 148, 165, 34, 0)
True, True, 0.0702, (0, 107, 111, 38, 41, 53, 154, 164, 121, 22, 59, 88, 72, 42, 124, 0)
True, True, 0.1727, (0, 107, 108, 170, 175, 45, 91, 39, 97, 82, 128, 74, 12, 129, 0)
True, True, 0.0112, (0, 141, 10, 133, 160, 25, 109, 105, 23, 32, 1, 144, 163, 103, 116, 0)
True, True, 0.2396, (0, 145, 136, 51, 83, 134, 78, 75, 81, 106, 150, 29, 91, 0)
True, True, 0.0141, (0, 93, 182, 183, 9, 159, 108, 43, 41, 38, 86, 42, 67, 0)
True, True, 0.1396, (0, 93, 30, 182, 183, 9, 77, 159, 69, 111, 86, 42, 67, 26, 0)
True, True, 0.0064, (0, 124, 67, 42, 86, 111, 69, 159, 77, 9, 183, 182, 30, 93, 28, 0)
True, True, 0.1303, (0, 120, 125, 137, 46, 57, 76, 146, 169, 147, 55, 48, 179, 63, 0)
True, True, 0.0774, (0, 175, 82, 102, 139, 122, 151, 98, 89, 27, 84, 99, 129, 0)
True, True, 0.0288, (0, 24, 4, 140, 33, 104, 177, 64, 117, 143, 153, 166, 152, 124, 0)
True, True, 0.0726, (0, 45, 29, 150, 106, 81, 75, 78, 134, 83, 51, 136, 95, 72, 0)
True, True, 0.1407, (0, 85, 173, 126, 140, 33, 104, 177, 64, 119, 8, 73, 14, 0)
True, True, 0.126, (0, 26, 124, 152, 158, 14, 73, 49, 126, 173, 4, 24, 85, 171, 0)
True, True, 0.167, (0, 164, 95, 136, 51, 83, 134, 78, 75, 81, 106, 150, 29, 45, 0)
True, True, 0.0279, (0, 65, 50, 48, 55, 147, 169, 146, 76, 57, 46, 137, 125, 120, 123, 0)
True, True, 0.0257, (0, 73, 8, 117, 132, 34, 63, 148, 165, 120, 123, 47, 143, 153, 166, 0)
True, True, 0.0083, (0, 108, 170, 175, 74, 128, 82, 39, 91, 45, 168, 5, 53, 0)
True, True, 0.0616, (0, 18, 103, 163, 144, 1, 23, 161, 79, 156, 142, 114, 96, 101, 0)
True, True, 0.2018, (0, 88, 37, 15, 31, 7, 131, 10, 62, 56, 167, 141, 130, 127, 0)
True, True, 0.0618, (0, 116, 103, 163, 144, 113, 23, 105, 109, 25, 160, 133, 6, 10, 130, 0)
False, True, 0.3419, (0, 60, 2, 107, 69, 159, 77, 9, 183, 182, 93, 30, 2, 60, 0)
False, True, 0.1073, (0, 171, 14, 158, 152, 166, 153, 143, 119, 8, 158, 14, 171, 0)
False, True, 0.1581, (0, 2, 30, 93, 182, 183, 9, 77, 16, 159, 182, 93, 30, 2, 0)
False, True, 0.1887, (0, 67, 42, 86, 38, 43, 108, 170, 181, 41, 38, 86, 67, 0)
True, True, 0.0257, (0, 73, 119, 117, 132, 34, 63, 148, 165, 120, 123, 47, 143, 153, 166, 0)
True, True, 0.0093, (0, 152, 166, 153, 143, 47, 123, 120, 165, 148, 63, 34, 132, 117, 14, 0)
True, True, 0.0199, (0, 166, 153, 143, 47, 123, 120, 165, 148, 63, 34, 132, 117, 64, 33, 0)
True, True, 0.0922, (0, 113, 161, 149, 3, 17, 80, 157, 61, 36, 118, 115, 52, 0)
False, True, 0.0467, (0, 65, 63, 70, 50, 92, 21, 138, 44, 50, 70, 63, 34, 132, 117, 0)
False, True, 0.009, (0, 65, 50, 92, 21, 138, 44, 50, 179, 70, 63, 148, 165, 120, 123, 47, 0)
True, True, 0.0399, (0, 127, 130, 141, 167, 56, 62, 6, 160, 133, 10, 131, 185, 15, 0)
True, True, 0.1558, (0, 33, 104, 117, 132, 34, 63, 148, 165, 120, 123, 47, 143, 153, 166, 0)
False, True, 0.2353, (0, 95, 136, 51, 83, 134, 78, 75, 81, 106, 150, 29, 95, 164, 0)
False, True, 0.0179, (0, 184, 71, 135, 35, 180, 11, 94, 54, 112, 20, 66, 135, 35, 19, 0)
True, True, 0.2529, (0, 107, 69, 108, 43, 181, 170, 175, 168, 162, 5, 154, 53, 86, 0)
True, True, 0.1294, (0, 85, 173, 49, 140, 33, 104, 177, 64, 119, 8, 158, 14, 0)
False, True, 0.0401, (0, 9, 184, 71, 135, 35, 180, 11, 94, 54, 112, 20, 66, 135, 184, 0)
False, True, 0.0074, (0, 72, 101, 96, 52, 100, 142, 114, 178, 174, 96, 101, 121, 0)
True, True, 0.0531, (0, 107, 69, 108, 43, 181, 170, 175, 5, 154, 53, 41, 86, 42, 0)
False, True, 0.0912, (0, 26, 67, 42, 86, 72, 88, 22, 59, 143, 153, 166, 152, 124, 26, 0)
True, True, 0.0922, (0, 156, 79, 3, 149, 110, 17, 157, 61, 36, 118, 115, 87, 0)
False, True, 0.1561, (0, 72, 164, 87, 52, 100, 142, 114, 178, 174, 96, 101, 40, 72, 0)
False, True, 0.1179, (0, 101, 96, 174, 178, 113, 156, 142, 114, 174, 96, 101, 121, 0)
True, True, 0.1079, (0, 18, 174, 178, 113, 23, 105, 109, 25, 160, 6, 133, 131, 130, 0)
True, True, 0.0692, (0, 166, 153, 143, 47, 123, 120, 165, 148, 34, 132, 117, 64, 177, 33, 0)
False, True, 0.0288, (0, 65, 63, 70, 179, 48, 55, 147, 21, 138, 44, 92, 50, 70, 63, 0)
False, True, 0.009, (0, 165, 63, 70, 179, 48, 55, 147, 21, 138, 44, 92, 50, 70, 63, 0)
True, True, 0.0853, (0, 85, 24, 4, 140, 104, 33, 119, 8, 143, 153, 166, 152, 124, 0)
True, True, 0.0113, (0, 24, 173, 49, 140, 33, 104, 177, 64, 119, 8, 158, 14, 0)
True, True, 0.0665, (0, 113, 79, 3, 149, 110, 80, 157, 61, 36, 118, 115, 52, 0)
True, True, 0.0407, (0, 19, 35, 180, 11, 94, 54, 112, 20, 66, 98, 89, 27, 84, 0)
False, True, 0.0073, (0, 183, 9, 77, 16, 19, 184, 129, 16, 77, 9, 183, 182, 93, 0)
True, True, 0.0257, (0, 87, 115, 118, 36, 61, 157, 80, 110, 149, 3, 161, 113, 96, 0)
True, True, 0.0922, (0, 87, 115, 118, 36, 61, 157, 17, 80, 110, 3, 79, 156, 0)
True, True, 0.1407, (0, 171, 24, 126, 49, 140, 119, 8, 143, 153, 166, 152, 124, 26, 0)
False, True, 0.009, (0, 171, 85, 24, 4, 140, 126, 173, 49, 73, 158, 14, 171, 0)
True, True, 0.1218, (0, 111, 41, 43, 108, 181, 170, 129, 184, 19, 16, 77, 9, 183, 0)
True, True, 0.0922, (0, 178, 113, 161, 149, 110, 80, 17, 157, 61, 36, 118, 115, 87, 0)
False, True, 0.0394, (0, 88, 22, 37, 15, 116, 18, 96, 174, 163, 103, 116, 18, 40, 22, 88, 0)
False, True, 0.0343, (0, 53, 154, 162, 168, 45, 91, 39, 168, 162, 5, 53, 0)
True, True, 0.1007, (0, 37, 31, 32, 23, 105, 109, 25, 160, 6, 133, 131, 185, 130, 0)
False, True, 0.0132, (0, 101, 96, 174, 178, 113, 161, 79, 156, 142, 114, 96, 101, 0)
False, True, 0.0922, (0, 113, 156, 79, 161, 149, 110, 80, 17, 3, 79, 156, 114, 0)
False, True, 0.0008, (0, 37, 185, 131, 10, 6, 133, 25, 109, 105, 32, 90, 7, 185, 130, 0)
False, True, 0.0964, (0, 154, 5, 162, 168, 45, 91, 39, 168, 162, 5, 154, 0)
False, True, 0.122, (0, 184, 71, 135, 66, 20, 112, 54, 94, 11, 180, 135, 35, 19, 77, 0)
False, True, 0.0154, (0, 43, 170, 175, 74, 128, 82, 39, 91, 45, 175, 170, 43, 0)
False, True, 0.0077, (0, 30, 182, 183, 9, 77, 16, 129, 184, 19, 16, 77, 9, 183, 0)
True, True, 0.0137, (0, 111, 41, 43, 108, 170, 129, 184, 19, 16, 77, 9, 183, 30, 0)
False, True, 0.0293, (0, 121, 116, 103, 163, 144, 1, 113, 142, 114, 178, 174, 96, 101, 121, 0)
True, True, 0.0836, (0, 65, 44, 92, 138, 21, 169, 146, 76, 57, 46, 137, 125, 120, 123, 0)
False, True, 0.1985, (0, 69, 184, 71, 135, 35, 180, 11, 94, 54, 112, 20, 66, 71, 184, 0)
False, True, 0.0407, (0, 74, 128, 99, 89, 98, 151, 122, 139, 102, 97, 82, 128, 74, 0)
False, True, 0.0674, (0, 121, 101, 96, 174, 178, 1, 144, 163, 103, 116, 18, 40, 121, 88, 0)
True, True, 0.0399, (0, 18, 103, 163, 144, 1, 32, 23, 105, 109, 25, 160, 6, 10, 141, 0)
True, True, 0.0287, (0, 18, 116, 103, 163, 1, 32, 23, 105, 109, 25, 160, 133, 10, 130, 0)
True, True, 0.1015, (0, 107, 111, 38, 41, 181, 43, 108, 159, 9, 183, 182, 93, 30, 0)
True, True, 0.0401, (0, 93, 30, 182, 183, 159, 108, 43, 181, 41, 38, 86, 42, 124, 0)
False, True, 0.1012, (0, 128, 99, 84, 27, 89, 98, 151, 122, 139, 102, 97, 128, 74, 0)
False, True, 0.0189, (0, 123, 165, 148, 63, 70, 179, 92, 21, 138, 44, 50, 70, 63, 148, 165, 0)
False, True, 0.1599, (0, 175, 74, 99, 84, 27, 89, 98, 151, 122, 139, 102, 128, 74, 0)
True, True, 0.1501, (0, 43, 181, 170, 175, 45, 91, 39, 168, 162, 5, 53, 111, 0)
True, True, 0.0391, (0, 18, 163, 144, 1, 23, 105, 109, 25, 133, 6, 10, 131, 185, 130, 0)
True, True, 0.0331, (0, 18, 116, 103, 163, 1, 32, 105, 109, 25, 160, 6, 133, 131, 130, 0)
False, True, 0.1061, (0, 16, 19, 135, 66, 20, 112, 54, 94, 11, 180, 35, 19, 16, 0)
False, True, 0.0337, (0, 184, 135, 180, 11, 94, 54, 112, 20, 66, 135, 35, 19, 16, 77, 0)
True, True, 0.0179, (0, 184, 135, 180, 11, 94, 54, 112, 20, 66, 98, 89, 99, 74, 0)
True, True, 0.0587, (0, 181, 175, 128, 82, 97, 102, 139, 122, 151, 27, 84, 99, 129, 0)
False, True, 0.0179, (0, 175, 128, 84, 27, 89, 98, 151, 122, 139, 102, 97, 82, 175, 0)
False, True, 0.0158, (0, 72, 121, 101, 96, 174, 178, 113, 1, 144, 163, 103, 116, 18, 121, 72, 0)
all_elementary, False
all_cyc2, True
