Instance, X-n186-k15
capacity, 974
min_trucks, 15
output_file, output_uchoa/X-n186-k15-cyc2.log
Start date, 2022-06-26
Start time, 22-29-45
capacity, 974
num_vehicles, 15
abort_early, False
methods, ['cyc2']
max_vars, 10000
time_limit, 86400
farley, False
initial time, initial max_it, max_stale_it
1, 20000.0, 20
heuristic Number of routes, heuristic Best Solution Value, heuristic number of iterations, adjusted time, adjusted max_it, measured total time
41147, 24145.0, 20000, 1, 20000.0, 20094.4
method, python time, total time, propagated dominance time, unpropagated dominance time, pricing_success, upper_bound, lower_bound, abort_early, num_paths, 
cyc2, 4.2, 75.6, 0.0, 0.0, 1, 23846.3573, -12764.6738, 0, 682847
cyc2, 4.2, 83.3, 0.0, 0.0, 1, 23846.3573, -2868.1049, 0, 648716
cyc2, 4.3, 74.3, 0.0, 0.0, 1, 23846.3573, 9041.6929, 0, 319479
cyc2, 3.9, 65.6, 0.0, 0.0, 1, 23846.3573, 15826.4328, 0, 177894
cyc2, 4.2, 69.9, 0.0, 0.0, 1, 23826.8812, 12345.7882, 0, 230398
cyc2, 3.9, 67.6, 0.0, 0.0, 1, 23826.8812, 13441.5931, 0, 191818
cyc2, 4.0, 72.1, 0.0, 0.0, 1, 23826.0397, 10165.6961, 0, 180184
cyc2, 3.9, 62.5, 0.0, 0.0, 1, 23826.0397, 19171.1395, 0, 65744
cyc2, 4.1, 63.7, 0.0, 0.0, 1, 23769.3855, 15958.9179, 0, 124072
cyc2, 3.8, 62.9, 0.0, 0.0, 1, 23769.3855, 16995.5586, 0, 65213
cyc2, 3.6, 63.1, 0.0, 0.0, 1, 23734.5815, 15049.5815, 0, 71695
cyc2, 3.5, 64.4, 0.0, 0.0, 1, 23734.5813, 14114.8445, 0, 72070
cyc2, 4.1, 64.2, 0.0, 0.0, 1, 23711.5073, 21541.6906, 0, 34040
cyc2, 4.1, 62.2, 0.0, 0.0, 1, 23571.1714, 22220.5511, 0, 9556
cyc2, 1.5, 61.9, 0.0, 0.0, 1, 23484.7447, 22419.2987, 0, 3125
cyc2, 0.4, 61.8, 0.0, 0.0, 1, 23437.0702, 23021.7424, 0, 410
cyc2, 0.3, 63.5, 0.0, 0.0, 1, 23426.4478, 23219.7318, 0, 113
cyc2, 0.2, 63.4, 0.0, 0.0, 1, 23425.6354, 23373.5168, 0, 7
cyc2, 0.2, 64.1, 0.0, 0.0, 1, 23425.4437, 23363.5261, 0, 15
cyc2, 0.2, 64.0, 0.0, 0.0, 1, 23425.4437, 23425.4437, 0, 0
scip_total_time, 21513.286999
Solval, number of paths, impact cutoff
23425.443680190238, 146, 0.0001
Elementary, 2-Cycle, Path Value, Path
True, True, 0.405, (0, 47, 125, 137, 169, 146, 76, 46, 57, 62, 56, 167, 141, 127, 0)
True, True, 0.0438, (0, 120, 125, 137, 55, 147, 169, 146, 76, 46, 57, 62, 56, 167, 0)
True, True, 0.0622, (0, 123, 125, 137, 169, 146, 76, 46, 57, 62, 56, 167, 141, 127, 0)
True, True, 0.1506, (0, 164, 87, 136, 51, 83, 134, 78, 75, 81, 106, 150, 29, 39, 0)
True, True, 0.0667, (0, 52, 100, 114, 142, 156, 79, 161, 23, 32, 90, 7, 185, 0)
True, True, 0.1279, (0, 132, 34, 148, 70, 179, 48, 55, 147, 21, 138, 44, 92, 50, 65, 0)
True, True, 0.2985, (0, 145, 136, 51, 83, 134, 78, 75, 81, 106, 150, 29, 39, 0)
True, True, 0.1077, (0, 127, 167, 56, 62, 57, 46, 76, 146, 169, 147, 55, 137, 125, 0)
True, True, 0.0182, (0, 15, 31, 90, 32, 105, 109, 25, 160, 133, 6, 10, 131, 130, 0)
True, True, 0.0542, (0, 40, 18, 116, 103, 163, 144, 1, 32, 90, 7, 31, 15, 37, 59, 0)
True, True, 0.0535, (0, 22, 37, 15, 31, 90, 7, 131, 10, 62, 56, 167, 141, 127, 0)
True, True, 0.1483, (0, 63, 179, 48, 55, 147, 169, 146, 76, 57, 46, 137, 125, 120, 0)
True, True, 0.0012, (0, 37, 15, 31, 185, 131, 7, 90, 1, 144, 163, 103, 116, 40, 121, 0)
True, True, 0.0863, (0, 117, 65, 50, 92, 44, 138, 21, 147, 55, 48, 179, 70, 63, 165, 0)
True, True, 0.0836, (0, 152, 166, 153, 143, 47, 123, 120, 165, 148, 34, 132, 117, 64, 177, 0)
True, True, 0.0103, (0, 141, 10, 133, 160, 25, 109, 105, 23, 32, 1, 144, 163, 103, 116, 0)
True, True, 0.0085, (0, 59, 37, 15, 31, 185, 131, 10, 62, 56, 167, 141, 130, 127, 0)
True, True, 0.2444, (0, 113, 79, 3, 149, 110, 80, 17, 157, 61, 118, 115, 52, 0)
True, True, 0.1226, (0, 121, 37, 15, 31, 7, 131, 10, 62, 56, 167, 141, 130, 127, 0)
True, True, 0.233, (0, 65, 50, 48, 55, 147, 169, 146, 76, 57, 46, 137, 125, 120, 123, 0)
True, True, 0.0118, (0, 121, 40, 18, 116, 103, 163, 144, 1, 90, 7, 131, 141, 130, 127, 0)
False, True, 0.035, (0, 2, 183, 9, 77, 183, 9, 159, 77, 9, 183, 69, 107, 60, 0)
False, True, 0.0416, (0, 2, 183, 77, 9, 159, 77, 9, 159, 77, 9, 183, 69, 2, 0)
False, True, 0.172, (0, 67, 42, 72, 88, 59, 22, 88, 59, 22, 88, 59, 22, 88, 152, 0)
False, True, 0.3877, (0, 111, 53, 154, 5, 168, 162, 5, 154, 53, 41, 38, 0)
False, True, 0.0127, (0, 60, 26, 124, 67, 111, 86, 42, 67, 111, 86, 42, 67, 26, 0)
False, True, 0.0948, (0, 99, 89, 98, 151, 122, 139, 151, 122, 139, 151, 122, 139, 0)
False, True, 0.0667, (0, 26, 124, 67, 111, 86, 42, 67, 86, 42, 67, 124, 26, 60, 0)
False, True, 0.0458, (0, 60, 26, 124, 67, 86, 42, 111, 86, 42, 67, 124, 26, 60, 0)
False, True, 0.0831, (0, 183, 77, 16, 19, 184, 129, 71, 184, 19, 16, 77, 9, 183, 0)
False, True, 0.1091, (0, 164, 95, 136, 51, 134, 83, 51, 134, 83, 51, 150, 29, 95, 0)
False, True, 0.0509, (0, 69, 170, 175, 45, 91, 39, 45, 91, 39, 168, 162, 86, 0)
False, True, 0.1166, (0, 60, 26, 124, 67, 86, 42, 67, 86, 42, 67, 26, 60, 0)
False, True, 0.5, (0, 28, 172, 68, 176, 58, 155, 176, 58, 155, 68, 172, 28, 0)
False, True, 0.0416, (0, 14, 158, 8, 143, 153, 166, 143, 153, 166, 152, 124, 26, 60, 0)
False, True, 0.2352, (0, 2, 93, 30, 182, 93, 30, 182, 93, 30, 182, 93, 30, 2, 60, 0)
False, True, 0.2215, (0, 24, 4, 140, 33, 104, 177, 64, 104, 33, 119, 8, 73, 0)
False, True, 0.0562, (0, 107, 111, 38, 41, 181, 108, 43, 181, 41, 38, 86, 42, 67, 0)
False, True, 0.0313, (0, 14, 158, 8, 119, 143, 153, 166, 143, 153, 166, 152, 124, 26, 0)
False, True, 0.4072, (0, 13, 171, 85, 173, 126, 49, 173, 126, 4, 24, 85, 171, 13, 0)
False, True, 0.0894, (0, 113, 161, 149, 110, 80, 17, 110, 80, 17, 3, 149, 161, 113, 0)
False, True, 0.2372, (0, 29, 150, 106, 81, 75, 36, 157, 61, 36, 118, 115, 78, 0)
False, True, 0.0108, (0, 128, 102, 151, 122, 139, 151, 122, 139, 151, 122, 139, 102, 128, 0)
False, True, 0.1965, (0, 22, 37, 15, 18, 116, 103, 163, 144, 1, 163, 103, 116, 18, 40, 121, 72, 0)
False, True, 0.1734, (0, 164, 101, 96, 174, 178, 142, 114, 178, 174, 96, 101, 40, 0)
False, True, 0.1592, (0, 14, 73, 158, 14, 73, 158, 14, 73, 158, 152, 124, 26, 60, 0)
False, True, 0.0524, (0, 86, 154, 162, 168, 95, 145, 136, 95, 145, 168, 162, 53, 0)
False, True, 0.0928, (0, 18, 113, 161, 149, 110, 80, 17, 110, 149, 3, 79, 156, 113, 0)
False, True, 0.0803, (0, 78, 115, 118, 61, 157, 36, 61, 157, 36, 75, 81, 106, 0)
False, True, 0.0757, (0, 72, 164, 87, 145, 95, 87, 145, 95, 87, 145, 95, 168, 162, 111, 0)
True, True, 0.0041, (0, 100, 115, 118, 36, 61, 157, 80, 17, 3, 149, 161, 113, 0)
False, True, 0.0795, (0, 158, 143, 47, 123, 120, 165, 148, 63, 165, 148, 34, 132, 117, 119, 0)
False, True, 0.0216, (0, 128, 97, 102, 151, 122, 139, 151, 122, 139, 151, 122, 139, 97, 0)
True, True, 0.1237, (0, 52, 115, 118, 36, 61, 157, 80, 17, 3, 149, 161, 113, 0)
True, True, 0.1871, (0, 130, 10, 6, 160, 25, 109, 105, 23, 32, 1, 144, 31, 15, 0)
False, True, 0.2215, (0, 14, 158, 8, 119, 33, 104, 177, 64, 104, 33, 140, 49, 0)
False, True, 0.0706, (0, 69, 129, 12, 74, 128, 82, 97, 102, 84, 99, 128, 74, 12, 69, 0)
True, True, 0.0128, (0, 113, 161, 149, 110, 80, 17, 157, 61, 36, 118, 115, 78, 87, 0)
False, True, 0.0591, (0, 60, 107, 69, 159, 77, 9, 159, 77, 9, 159, 183, 182, 93, 0)
False, True, 0.065, (0, 107, 38, 41, 181, 170, 108, 43, 170, 181, 41, 38, 111, 107, 0)
False, True, 0.0612, (0, 113, 156, 79, 161, 149, 110, 80, 17, 3, 79, 156, 114, 0)
True, True, 0.0094, (0, 167, 56, 62, 6, 133, 25, 109, 105, 23, 32, 1, 144, 116, 0)
True, True, 0.089, (0, 87, 52, 100, 156, 79, 161, 23, 105, 109, 90, 7, 185, 0)
False, True, 0.0924, (0, 86, 154, 162, 168, 95, 145, 136, 95, 145, 168, 162, 5, 0)
True, True, 0.0637, (0, 78, 115, 118, 36, 61, 157, 17, 80, 110, 149, 161, 113, 18, 0)
False, True, 0.0924, (0, 72, 164, 87, 145, 95, 136, 145, 95, 168, 162, 5, 53, 86, 0)
False, True, 0.0803, (0, 178, 114, 156, 115, 118, 36, 157, 61, 36, 118, 115, 100, 0)
True, True, 0.0319, (0, 167, 56, 62, 6, 133, 25, 109, 105, 23, 1, 144, 103, 116, 0)
False, True, 0.0416, (0, 177, 64, 117, 132, 34, 165, 148, 63, 165, 34, 132, 117, 119, 0)
False, True, 0.0682, (0, 65, 44, 138, 21, 92, 44, 138, 21, 147, 55, 48, 179, 63, 132, 0)
False, True, 0.1237, (0, 97, 102, 139, 122, 151, 139, 122, 151, 139, 122, 102, 97, 175, 0)
False, True, 0.0088, (0, 183, 77, 16, 184, 129, 71, 184, 129, 71, 184, 16, 77, 183, 0)
False, True, 0.0661, (0, 73, 177, 64, 117, 132, 34, 165, 148, 34, 132, 117, 64, 177, 0)
False, True, 0.0416, (0, 65, 50, 92, 21, 138, 92, 21, 138, 44, 92, 21, 138, 44, 50, 65, 0)
False, True, 0.0795, (0, 26, 124, 152, 166, 153, 143, 166, 153, 143, 8, 153, 166, 152, 124, 0)
False, True, 0.1857, (0, 13, 24, 4, 140, 49, 173, 126, 49, 140, 4, 24, 85, 171, 0)
False, True, 0.0549, (0, 117, 65, 70, 179, 48, 55, 147, 21, 138, 44, 92, 50, 65, 117, 0)
False, True, 0.1255, (0, 2, 182, 183, 159, 77, 9, 159, 77, 9, 159, 183, 2, 0)
False, True, 0.114, (0, 14, 73, 8, 119, 64, 177, 104, 33, 119, 8, 73, 14, 0)
False, True, 0.1212, (0, 107, 111, 38, 41, 43, 181, 170, 108, 43, 41, 38, 111, 107, 0)
False, True, 0.1632, (0, 164, 101, 96, 174, 178, 114, 142, 100, 174, 96, 101, 121, 0)
False, True, 0.1525, (0, 184, 71, 135, 66, 20, 112, 54, 66, 20, 98, 89, 99, 12, 0)
False, True, 0.0731, (0, 115, 118, 61, 157, 3, 149, 110, 80, 17, 3, 161, 113, 18, 0)
False, True, 0.088, (0, 59, 37, 15, 31, 185, 131, 7, 90, 31, 116, 18, 40, 121, 0)
False, True, 0.3608, (0, 16, 19, 35, 180, 11, 112, 54, 94, 11, 180, 35, 19, 16, 0)
True, True, 0.1708, (0, 185, 131, 133, 160, 25, 109, 105, 23, 32, 90, 31, 15, 37, 0)
False, True, 0.1723, (0, 52, 100, 142, 156, 161, 79, 156, 142, 100, 52, 87, 0)
False, True, 0.0931, (0, 101, 96, 174, 178, 114, 142, 100, 178, 174, 96, 101, 164, 0)
False, True, 0.0238, (0, 184, 71, 135, 66, 20, 112, 54, 20, 66, 94, 11, 35, 19, 16, 0)
False, True, 0.0765, (0, 29, 150, 106, 81, 75, 106, 81, 75, 78, 134, 83, 136, 87, 0)
False, True, 0.0068, (0, 73, 117, 132, 34, 165, 148, 63, 34, 132, 117, 64, 177, 140, 0)
False, True, 0.1331, (0, 130, 185, 7, 90, 32, 23, 105, 109, 25, 160, 133, 131, 185, 0)
False, True, 0.0296, (0, 2, 30, 182, 183, 77, 9, 159, 77, 9, 183, 182, 30, 2, 0)
False, True, 0.0506, (0, 2, 182, 183, 159, 77, 9, 159, 77, 9, 183, 69, 107, 2, 0)
False, True, 0.0175, (0, 113, 161, 149, 110, 80, 17, 110, 80, 17, 110, 3, 161, 113, 18, 0)
False, True, 0.0706, (0, 175, 128, 99, 84, 27, 98, 89, 27, 102, 97, 82, 128, 74, 0)
False, True, 0.0803, (0, 29, 150, 106, 81, 75, 78, 134, 83, 51, 134, 83, 136, 95, 0)
False, True, 0.1517, (0, 82, 97, 102, 84, 27, 98, 89, 27, 84, 99, 12, 129, 0)
True, True, 0.1789, (0, 140, 177, 64, 117, 132, 34, 148, 165, 120, 123, 47, 143, 153, 166, 0)
False, True, 0.0928, (0, 114, 156, 79, 3, 110, 80, 17, 3, 79, 156, 114, 178, 0)
False, True, 0.0647, (0, 184, 135, 66, 20, 112, 54, 66, 20, 112, 54, 11, 135, 71, 184, 0)
False, True, 0.0949, (0, 72, 164, 87, 52, 100, 142, 114, 178, 174, 96, 101, 40, 72, 0)
False, True, 0.0275, (0, 87, 52, 100, 142, 114, 100, 142, 114, 174, 96, 101, 121, 0)
False, True, 0.4491, (0, 129, 12, 74, 128, 82, 91, 45, 39, 91, 45, 175, 170, 0)
False, True, 0.0239, (0, 164, 87, 136, 51, 134, 83, 51, 134, 83, 51, 150, 29, 162, 0)
False, True, 0.0239, (0, 164, 87, 136, 51, 134, 83, 51, 134, 83, 51, 150, 29, 168, 0)
False, True, 0.1312, (0, 121, 40, 116, 103, 163, 144, 1, 163, 144, 1, 163, 103, 116, 40, 121, 0)
False, True, 0.0694, (0, 184, 135, 94, 66, 20, 112, 54, 94, 11, 180, 35, 135, 71, 184, 0)
False, True, 0.0483, (0, 184, 71, 135, 11, 94, 66, 20, 112, 54, 94, 11, 135, 71, 184, 0)
False, True, 0.0484, (0, 37, 185, 131, 10, 6, 160, 25, 109, 105, 32, 90, 7, 185, 37, 0)
False, True, 0.0432, (0, 175, 74, 128, 99, 84, 27, 98, 89, 27, 84, 99, 74, 175, 0)
False, True, 0.0349, (0, 175, 74, 128, 97, 102, 84, 27, 98, 89, 27, 84, 99, 12, 0)
False, True, 0.0307, (0, 19, 35, 180, 94, 54, 112, 20, 66, 54, 112, 20, 66, 71, 0)
False, True, 0.0399, (0, 42, 86, 53, 154, 168, 162, 5, 168, 162, 154, 53, 86, 0)
False, True, 0.1201, (0, 69, 184, 71, 135, 35, 180, 94, 54, 112, 20, 66, 135, 71, 184, 0)
True, True, 0.0573, (0, 127, 141, 10, 133, 160, 25, 109, 105, 23, 32, 90, 7, 185, 0)
True, True, 0.1085, (0, 130, 10, 6, 133, 25, 109, 105, 23, 32, 90, 7, 31, 37, 0)
False, True, 0.0467, (0, 65, 70, 50, 92, 44, 138, 21, 92, 44, 138, 21, 92, 50, 70, 65, 0)
False, True, 0.0092, (0, 72, 121, 40, 101, 96, 174, 178, 96, 174, 18, 40, 121, 72, 0)
False, True, 0.1237, (0, 99, 89, 98, 151, 139, 122, 151, 139, 122, 151, 102, 97, 0)
False, True, 0.0175, (0, 178, 113, 161, 3, 149, 110, 80, 17, 110, 149, 3, 79, 114, 0)
True, True, 0.0386, (0, 127, 141, 10, 6, 25, 109, 105, 23, 32, 1, 144, 163, 103, 116, 0)
False, True, 0.233, (0, 47, 123, 120, 165, 148, 63, 70, 179, 50, 70, 63, 34, 132, 117, 0)
False, True, 0.078, (0, 42, 72, 88, 59, 22, 88, 59, 22, 88, 59, 22, 88, 72, 42, 124, 0)
False, True, 0.0736, (0, 74, 128, 99, 98, 89, 27, 84, 102, 97, 82, 128, 74, 129, 0)
False, True, 0.089, (0, 167, 56, 62, 6, 133, 160, 25, 133, 6, 10, 131, 185, 130, 0)
True, True, 0.0974, (0, 18, 103, 163, 144, 1, 32, 23, 105, 109, 25, 160, 6, 10, 141, 0)
False, True, 0.0238, (0, 71, 135, 180, 94, 66, 20, 112, 54, 11, 180, 35, 19, 16, 0)
False, True, 0.1098, (0, 65, 44, 92, 21, 138, 44, 92, 21, 138, 44, 92, 48, 179, 123, 0)
False, True, 0.0942, (0, 130, 131, 133, 6, 160, 133, 6, 160, 133, 6, 10, 131, 130, 0)
False, True, 0.0282, (0, 26, 124, 152, 166, 153, 143, 119, 8, 143, 153, 166, 152, 26, 0)
False, True, 0.1485, (0, 26, 124, 152, 166, 153, 143, 119, 8, 143, 153, 166, 152, 158, 0)
False, True, 0.0924, (0, 67, 42, 86, 38, 41, 181, 43, 108, 170, 181, 43, 108, 69, 0)
False, True, 0.0104, (0, 16, 19, 135, 94, 66, 20, 112, 54, 94, 180, 35, 19, 16, 0)
False, True, 0.0176, (0, 107, 111, 38, 41, 181, 43, 108, 170, 181, 43, 41, 38, 111, 0)
False, True, 0.0682, (0, 65, 50, 44, 138, 21, 92, 138, 21, 147, 55, 48, 179, 70, 34, 0)
False, True, 0.0657, (0, 107, 69, 183, 159, 77, 9, 159, 183, 9, 159, 69, 107, 60, 0)
False, True, 0.013, (0, 183, 9, 77, 16, 19, 184, 129, 71, 184, 16, 77, 9, 183, 0)
True, True, 0.0993, (0, 59, 37, 15, 31, 7, 90, 1, 144, 103, 116, 18, 40, 121, 72, 0)
True, True, 0.1844, (0, 175, 82, 97, 102, 84, 27, 89, 98, 20, 66, 94, 135, 71, 0)
False, True, 0.0092, (0, 121, 101, 178, 114, 142, 156, 161, 79, 156, 100, 52, 87, 0)
True, True, 0.0201, (0, 65, 50, 44, 138, 21, 147, 55, 48, 179, 70, 63, 148, 165, 123, 47, 0)
False, True, 0.0416, (0, 165, 148, 63, 70, 179, 48, 147, 55, 48, 179, 70, 63, 148, 165, 0)
False, True, 0.0664, (0, 127, 130, 141, 185, 7, 131, 10, 62, 56, 167, 141, 130, 127, 0)
False, True, 0.0706, (0, 129, 99, 84, 27, 98, 89, 27, 84, 99, 74, 12, 129, 0)
False, True, 0.1388, (0, 107, 69, 108, 43, 181, 170, 108, 181, 43, 108, 181, 43, 108, 69, 107, 0)
all_elementary, False
all_cyc2, True
