Instance, X-n143-k7
capacity, 1190
min_trucks, 7
output_file, output_uchoa/X-n143-k7-cyc2.log
Start date, 2022-06-26
Start time, 22-57-32
capacity, 1190
num_vehicles, 7
abort_early, False
methods, ['cyc2']
max_vars, 10000
time_limit, 86400
farley, False
initial time, initial max_it, max_stale_it
1, 20000.0, 20
heuristic Number of routes, heuristic Best Solution Value, heuristic number of iterations, adjusted time, adjusted max_it, measured total time
7770, 15700.0, 9077, 1, 20000.0, 9104.3
method, python time, total time, propagated dominance time, unpropagated dominance time, pricing_success, upper_bound, lower_bound, abort_early, num_paths, 
cyc2, 7.7, 35.9, 0.0, 0.0, 1, 15571.1976, -86927.3607, 0, 531197
cyc2, 7.9, 45.4, 0.0, 0.0, 1, 15571.1976, -45550.6728, 0, 741627
cyc2, 64.5, 64.7, 0.0, 0.0, 1, 15571.1976, -200699.9888, 0, 1117729
cyc2, 8.5, 49.5, 0.0, 0.0, 1, 15571.1976, -41076.3128, 0, 827797
cyc2, 7.2, 40.3, 0.0, 0.0, 1, 15571.1976, -8329.4965, 0, 595200
cyc2, 8.3, 48.3, 0.0, 0.0, 1, 15571.1976, -47448.4008, 0, 813985
cyc2, 20.1, 62.4, 0.0, 0.0, 1, 15571.1976, -101746.0017, 0, 1074810
cyc2, 13.7, 50.0, 0.0, 0.0, 1, 15571.1976, -38911.7209, 0, 838340
cyc2, 6.9, 37.1, 0.0, 0.0, 1, 15571.1976, -11305.6086, 0, 540368
cyc2, 7.9, 42.3, 0.0, 0.0, 1, 15571.1976, -14649.687, 0, 682023
cyc2, 13.0, 53.6, 0.0, 0.0, 1, 15571.1976, -46793.5202, 0, 909977
cyc2, 14.3, 47.4, 0.0, 0.0, 1, 15571.1976, -27976.1628, 0, 782865
cyc2, 11.9, 40.8, 0.0, 0.0, 1, 15571.1976, -4957.9971, 0, 585748
cyc2, 6.7, 45.8, 0.0, 0.0, 1, 15571.1976, -2143.9064, 0, 715356
cyc2, 6.6, 42.7, 0.0, 0.0, 1, 15571.1976, 1139.6763, 0, 570398
cyc2, 6.7, 41.6, 0.0, 0.0, 1, 15571.1976, 4231.3509, 0, 503526
cyc2, 8.1, 46.4, 0.0, 0.0, 1, 15571.1976, 423.0677, 0, 617907
cyc2, 18.2, 79.5, 0.0, 0.0, 1, 15571.1976, -74295.7936, 0, 1467422
cyc2, 8.0, 61.4, 0.0, 0.0, 1, 15571.1976, -18203.9576, 0, 1048565
cyc2, 9.8, 68.9, 0.0, 0.0, 1, 15571.1976, -20774.2699, 0, 1198817
cyc2, 5.0, 47.9, 0.0, 0.0, 1, 15549.8811, 1423.9623, 0, 657015
cyc2, 6.2, 40.8, 0.0, 0.0, 1, 15543.0749, 8268.303, 0, 361931
cyc2, 8.3, 67.9, 0.0, 0.0, 1, 15355.0778, -119809.0531, 0, 1172168
cyc2, 5.3, 56.4, 0.0, 0.0, 1, 15355.0778, 3447.2278, 0, 540873
cyc2, 6.1, 43.9, 0.0, 0.0, 1, 15355.0778, 10484.7604, 0, 239791
cyc2, 6.2, 57.8, 0.0, 0.0, 1, 15355.0778, 3640.2076, 0, 533298
cyc2, 5.1, 54.4, 0.0, 0.0, 1, 15355.0778, 7402.03, 0, 433304
cyc2, 6.0, 50.6, 0.0, 0.0, 1, 15355.0778, 8085.6036, 0, 326138
cyc2, 6.5, 56.8, 0.0, 0.0, 1, 15355.0778, 3754.7831, 0, 512088
cyc2, 9.2, 44.6, 0.0, 0.0, 1, 15355.0778, 10316.2419, 0, 213511
cyc2, 20.0, 60.5, 0.0, 0.0, 1, 15355.0778, -52791.5178, 0, 1032789
cyc2, 12.0, 60.7, 0.0, 0.0, 1, 15355.0778, -45306.0845, 0, 1006357
cyc2, 11.5, 58.0, 0.0, 0.0, 1, 15355.0778, -42186.6299, 0, 972679
cyc2, 9.3, 52.6, 0.0, 0.0, 1, 15355.0778, -22658.9037, 0, 839927
cyc2, 8.1, 50.2, 0.0, 0.0, 1, 15354.7321, -2299.651, 0, 643290
cyc2, 7.0, 52.0, 0.0, 0.0, 1, 15354.5568, -5571.8375, 0, 714274
cyc2, 7.0, 48.2, 0.0, 0.0, 1, 15354.0341, 4558.8232, 0, 440050
cyc2, 11.8, 51.8, 0.0, 0.0, 1, 15353.5876, -3852.2521, 0, 659060
cyc2, 5.8, 44.2, 0.0, 0.0, 1, 15353.4, 7427.6389, 0, 282417
cyc2, 9.6, 45.5, 0.0, 0.0, 1, 15352.8662, 8633.5675, 0, 254187
cyc2, 7.1, 43.3, 0.0, 0.0, 1, 15352.7747, 10801.151, 0, 189555
cyc2, 5.7, 50.8, 0.0, 0.0, 1, 15310.2552, 9560.777, 0, 264459
cyc2, 5.6, 46.2, 0.0, 0.0, 1, 15310.2552, 12286.567, 0, 150300
cyc2, 5.9, 46.2, 0.0, 0.0, 1, 15305.8193, 12272.3769, 0, 139989
cyc2, 9.0, 53.3, 0.0, 0.0, 1, 15298.265, 8564.9363, 0, 298887
cyc2, 8.0, 53.2, 0.0, 0.0, 1, 15298.265, 8638.0567, 0, 289041
cyc2, 7.3, 45.1, 0.0, 0.0, 1, 15298.265, 12713.6761, 0, 103504
cyc2, 6.7, 43.6, 0.0, 0.0, 1, 15271.104, 11517.979, 0, 141395
cyc2, 10.9, 43.2, 0.0, 0.0, 1, 15270.894, 10531.6115, 0, 157035
cyc2, 7.1, 43.3, 0.0, 0.0, 1, 15270.894, 12963.6115, 0, 88670
cyc2, 13.6, 44.2, 0.0, 0.0, 1, 15251.917, 9417.5087, 0, 196138
cyc2, 7.1, 41.6, 0.0, 0.0, 1, 15251.917, 11987.1665, 0, 108541
cyc2, 11.0, 43.5, 0.0, 0.0, 1, 15251.917, 11992.3987, 0, 106765
cyc2, 6.3, 41.4, 0.0, 0.0, 1, 15251.917, 13335.4087, 0, 73811
cyc2, 8.7, 43.0, 0.0, 0.0, 1, 15229.3461, 13222.2646, 0, 55720
cyc2, 6.8, 42.1, 0.0, 0.0, 1, 15194.5938, 13659.75, 0, 50450
cyc2, 7.6, 40.7, 0.0, 0.0, 1, 15168.7338, 12318.6685, 0, 87558
cyc2, 6.9, 41.8, 0.0, 0.0, 1, 15164.5063, 13271.6985, 0, 51173
cyc2, 7.0, 42.5, 0.0, 0.0, 1, 15161.427, 13548.8377, 0, 36288
cyc2, 6.7, 40.7, 0.0, 0.0, 1, 15121.8682, 12633.8651, 0, 65410
cyc2, 6.7, 42.9, 0.0, 0.0, 1, 15119.0789, 13238.9242, 0, 62089
cyc2, 6.1, 40.6, 0.0, 0.0, 1, 15110.04, 13902.8741, 0, 34377
cyc2, 7.1, 40.1, 0.0, 0.0, 1, 15075.0258, 13753.1472, 0, 33066
cyc2, 13.1, 41.0, 0.0, 0.0, 1, 15063.6605, 13429.4742, 0, 50630
cyc2, 6.9, 39.2, 0.0, 0.0, 1, 15055.3415, 13846.9913, 0, 27621
cyc2, 7.0, 39.4, 0.0, 0.0, 1, 15027.6796, 13830.8697, 0, 17626
cyc2, 7.5, 38.3, 0.0, 0.0, 1, 15007.3729, 14170.5704, 0, 10226
cyc2, 3.5, 38.6, 0.0, 0.0, 1, 14982.4855, 14578.5231, 0, 4638
cyc2, 4.3, 38.7, 0.0, 0.0, 1, 14968.2752, 14415.9893, 0, 5498
cyc2, 6.7, 37.8, 0.0, 0.0, 1, 14953.9552, 14351.2225, 0, 9229
cyc2, 2.5, 38.2, 0.0, 0.0, 1, 14947.9523, 14588.3309, 0, 2857
cyc2, 1.5, 38.3, 0.0, 0.0, 1, 14932.4615, 14688.5946, 0, 1530
cyc2, 1.4, 38.1, 0.0, 0.0, 1, 14917.6678, 14667.1218, 0, 1332
cyc2, 1.8, 37.9, 0.0, 0.0, 1, 14912.7383, 14501.4021, 0, 2104
cyc2, 0.9, 37.9, 0.0, 0.0, 1, 14911.9637, 14721.302, 0, 575
cyc2, 2.0, 38.3, 0.0, 0.0, 1, 14910.7413, 14459.8885, 0, 2128
cyc2, 0.7, 38.3, 0.0, 0.0, 1, 14910.1193, 14785.5689, 0, 264
cyc2, 0.7, 38.4, 0.0, 0.0, 1, 14907.01, 14785.2221, 0, 227
cyc2, 0.6, 38.7, 0.0, 0.0, 1, 14905.056, 14835.4544, 0, 125
cyc2, 0.4, 38.8, 0.0, 0.0, 1, 14903.6374, 14863.3545, 0, 49
cyc2, 0.4, 38.5, 0.0, 0.0, 1, 14903.4518, 14881.1126, 0, 21
cyc2, 0.5, 38.5, 0.0, 0.0, 1, 14903.3786, 14803.5789, 0, 207
cyc2, 0.3, 38.7, 0.0, 0.0, 1, 14903.3786, 14893.2964, 0, 6
cyc2, 0.2, 38.4, 0.0, 0.0, 1, 14903.3478, 14903.3478, 0, 0
scip_total_time, 13711.649641
Solval, number of paths, impact cutoff
14903.347836679433, 104, 0.0001
Elementary, 2-Cycle, Path Value, Path
True, True, 0.1581, (0, 4, 135, 58, 67, 46, 30, 121, 34, 138, 105, 129, 76, 3, 113, 10, 103, 38, 15, 27, 106, 24, 66, 71, 0)
True, True, 0.25, (0, 136, 93, 5, 107, 87, 1, 111, 72, 60, 79, 98, 31, 6, 102, 53, 110, 114, 43, 8, 86, 41, 2, 116, 0)
False, True, 0.0573, (0, 4, 59, 101, 117, 108, 92, 134, 108, 92, 134, 108, 92, 134, 108, 92, 134, 117, 101, 66, 0)
False, True, 0.0453, (0, 95, 139, 14, 37, 122, 119, 22, 122, 37, 14, 77, 141, 140, 112, 63, 103, 38, 106, 24, 66, 0)
False, True, 0.116, (0, 57, 95, 139, 14, 37, 122, 77, 14, 37, 122, 77, 141, 140, 112, 63, 103, 38, 106, 24, 66, 0)
False, True, 0.0983, (0, 68, 128, 118, 54, 12, 89, 65, 12, 89, 65, 12, 89, 65, 12, 54, 118, 128, 68, 0)
False, True, 0.125, (0, 126, 136, 115, 116, 78, 17, 116, 78, 17, 116, 78, 17, 116, 78, 17, 116, 78, 17, 116, 115, 136, 0)
False, True, 0.1435, (0, 68, 84, 127, 25, 36, 16, 32, 7, 19, 120, 97, 19, 7, 32, 16, 36, 25, 127, 84, 68, 0)
False, True, 0.1632, (0, 68, 84, 127, 128, 84, 127, 128, 84, 127, 128, 84, 127, 13, 126, 0)
False, True, 0.0957, (0, 85, 35, 56, 83, 142, 137, 82, 123, 21, 23, 132, 104, 21, 23, 132, 104, 62, 96, 47, 133, 90, 0)
False, True, 0.1154, (0, 68, 128, 25, 36, 16, 32, 7, 19, 120, 97, 32, 7, 97, 120, 19, 7, 32, 16, 36, 25, 128, 68, 0)
False, True, 0.0958, (0, 118, 54, 12, 89, 45, 61, 90, 133, 28, 91, 56, 83, 28, 133, 90, 44, 64, 61, 45, 89, 12, 118, 0)
False, True, 0.0236, (0, 13, 36, 16, 32, 7, 19, 120, 97, 32, 7, 97, 120, 19, 7, 32, 16, 36, 25, 127, 84, 68, 0)
True, True, 0.0558, (0, 120, 85, 35, 91, 56, 83, 142, 55, 137, 82, 123, 125, 33, 62, 96, 47, 18, 44, 64, 61, 65, 54, 118, 0)
False, True, 0.0012, (0, 85, 35, 28, 133, 18, 47, 96, 62, 33, 125, 123, 82, 137, 55, 142, 83, 56, 91, 35, 85, 16, 36, 0)
False, True, 0.0398, (0, 126, 136, 115, 124, 70, 40, 59, 52, 20, 99, 52, 20, 59, 40, 70, 124, 115, 136, 0)
False, True, 0.029, (0, 118, 54, 12, 89, 45, 61, 90, 133, 28, 91, 83, 56, 91, 28, 133, 90, 61, 45, 89, 12, 54, 118, 0)
False, True, 0.0061, (0, 118, 54, 12, 89, 45, 61, 64, 44, 18, 133, 28, 91, 56, 83, 28, 133, 90, 61, 45, 89, 12, 118, 0)
False, True, 0.033, (0, 118, 54, 12, 89, 45, 61, 64, 44, 18, 133, 28, 91, 56, 28, 133, 18, 44, 64, 61, 45, 89, 12, 0)
False, True, 0.1552, (0, 130, 109, 9, 71, 50, 49, 73, 57, 95, 139, 55, 142, 137, 55, 142, 137, 55, 142, 83, 56, 91, 35, 85, 16, 36, 0)
False, True, 0.0527, (0, 93, 48, 58, 67, 46, 30, 121, 34, 117, 108, 92, 134, 117, 34, 121, 30, 46, 67, 135, 0)
True, True, 0.1598, (0, 85, 35, 91, 56, 83, 142, 55, 137, 82, 123, 125, 33, 62, 96, 47, 18, 44, 64, 45, 65, 54, 0)
False, True, 0.0368, (0, 68, 128, 25, 36, 16, 32, 7, 97, 120, 19, 97, 120, 19, 97, 7, 32, 16, 36, 127, 84, 68, 0)
False, True, 0.002, (0, 130, 109, 73, 57, 95, 139, 82, 123, 125, 33, 104, 132, 23, 21, 125, 33, 62, 96, 47, 18, 90, 0)
False, True, 0.0114, (0, 68, 128, 25, 36, 16, 32, 7, 97, 32, 7, 97, 32, 7, 97, 19, 7, 32, 16, 36, 25, 128, 68, 0)
False, True, 0.0247, (0, 85, 35, 91, 56, 83, 55, 137, 82, 123, 125, 33, 96, 62, 33, 125, 123, 82, 139, 95, 57, 73, 49, 50, 109, 0)
False, True, 0.0481, (0, 130, 101, 117, 134, 10, 113, 94, 75, 26, 112, 63, 10, 113, 3, 76, 129, 105, 138, 34, 30, 46, 67, 58, 135, 0)
False, True, 0.097, (0, 101, 117, 134, 10, 63, 112, 140, 141, 77, 122, 22, 119, 122, 22, 119, 37, 14, 82, 137, 55, 0)
False, True, 0.0136, (0, 73, 57, 95, 139, 14, 37, 122, 22, 119, 122, 22, 119, 122, 22, 119, 122, 22, 119, 37, 14, 139, 95, 73, 0)
False, True, 0.0022, (0, 85, 35, 91, 83, 142, 55, 137, 142, 55, 137, 142, 55, 137, 142, 55, 83, 56, 91, 35, 85, 120, 0)
False, True, 0.0105, (0, 128, 118, 12, 89, 65, 12, 89, 65, 12, 89, 65, 45, 89, 12, 118, 128, 0)
False, True, 0.0694, (0, 12, 89, 45, 61, 64, 44, 18, 133, 28, 91, 56, 83, 28, 133, 18, 44, 64, 61, 45, 89, 12, 0)
False, True, 0.0497, (0, 95, 139, 77, 22, 119, 80, 29, 42, 131, 69, 39, 80, 29, 42, 39, 80, 29, 42, 39, 80, 119, 22, 77, 139, 95, 0)
False, True, 0.1799, (0, 126, 136, 115, 124, 70, 71, 50, 49, 88, 51, 73, 88, 51, 73, 88, 51, 49, 50, 9, 109, 130, 13, 0)
False, True, 0.0461, (0, 25, 133, 47, 96, 62, 33, 125, 21, 23, 132, 104, 62, 96, 47, 18, 44, 64, 61, 65, 0)
False, True, 0.0598, (0, 85, 28, 142, 82, 123, 21, 23, 132, 104, 21, 23, 132, 104, 62, 96, 47, 18, 90, 0)
False, True, 0.4602, (0, 126, 115, 124, 70, 40, 59, 52, 20, 99, 52, 20, 99, 88, 51, 49, 50, 71, 9, 109, 13, 0)
False, True, 0.0865, (0, 13, 36, 16, 32, 7, 97, 120, 19, 97, 120, 19, 97, 120, 19, 97, 120, 19, 97, 7, 32, 16, 36, 13, 0)
False, True, 0.1455, (0, 130, 66, 24, 106, 38, 103, 10, 113, 94, 75, 26, 112, 63, 10, 113, 3, 76, 129, 105, 138, 34, 30, 46, 67, 58, 48, 0)
False, True, 0.0785, (0, 109, 73, 57, 95, 139, 82, 123, 21, 23, 132, 104, 21, 23, 132, 104, 62, 96, 47, 18, 90, 65, 0)
False, True, 0.0299, (0, 73, 27, 15, 141, 140, 131, 69, 39, 80, 29, 42, 39, 80, 29, 42, 39, 80, 29, 42, 39, 80, 119, 22, 77, 139, 95, 73, 0)
False, True, 0.0465, (0, 93, 5, 107, 1, 111, 72, 60, 79, 98, 31, 79, 98, 31, 79, 98, 31, 6, 102, 72, 60, 111, 1, 107, 5, 86, 41, 2, 78, 0)
False, True, 0.0111, (0, 66, 24, 106, 27, 15, 141, 140, 112, 26, 75, 94, 26, 75, 94, 26, 75, 94, 26, 75, 94, 113, 10, 103, 38, 92, 108, 117, 101, 0)
False, True, 0.0626, (0, 66, 24, 106, 38, 103, 63, 112, 140, 141, 77, 122, 22, 119, 37, 14, 77, 22, 119, 37, 14, 123, 0)
False, True, 0.0255, (0, 25, 90, 133, 33, 125, 21, 23, 132, 104, 21, 23, 132, 104, 62, 96, 47, 18, 90, 25, 0)
False, True, 0.0691, (0, 85, 35, 28, 133, 47, 96, 62, 33, 125, 21, 23, 132, 104, 33, 125, 28, 35, 85, 0)
False, True, 0.0385, (0, 25, 90, 18, 47, 33, 125, 21, 23, 132, 104, 21, 23, 132, 104, 33, 125, 28, 25, 0)
False, True, 0.1581, (0, 25, 90, 18, 47, 96, 62, 33, 125, 21, 23, 132, 104, 33, 125, 123, 82, 139, 95, 57, 73, 9, 130, 0)
False, True, 0.0958, (0, 95, 139, 77, 22, 119, 80, 69, 131, 42, 29, 80, 39, 69, 131, 42, 29, 80, 39, 69, 131, 140, 141, 15, 27, 57, 0)
False, True, 0.0674, (0, 118, 65, 61, 64, 44, 11, 100, 81, 74, 11, 100, 81, 74, 11, 100, 81, 74, 11, 100, 81, 74, 11, 100, 81, 74, 11, 100, 81, 74, 44, 64, 61, 45, 65, 118, 0)
False, True, 0.0993, (0, 54, 65, 61, 64, 44, 11, 100, 81, 74, 11, 100, 81, 74, 11, 100, 81, 74, 11, 100, 81, 74, 11, 100, 81, 74, 11, 100, 81, 74, 44, 64, 61, 45, 65, 54, 118, 0)
False, True, 0.0284, (0, 48, 87, 121, 34, 138, 105, 129, 76, 113, 3, 76, 129, 105, 138, 34, 121, 30, 46, 67, 58, 135, 0)
False, True, 0.0013, (0, 68, 128, 118, 25, 36, 16, 32, 7, 19, 120, 97, 19, 7, 32, 19, 7, 32, 16, 36, 25, 128, 68, 0)
False, True, 0.0057, (0, 73, 57, 95, 139, 14, 37, 119, 22, 122, 119, 22, 122, 77, 14, 37, 122, 22, 119, 37, 14, 82, 137, 0)
False, True, 0.0033, (0, 36, 85, 35, 91, 56, 83, 142, 137, 55, 142, 137, 55, 142, 137, 55, 142, 83, 56, 91, 35, 85, 36, 0)
False, True, 0.0645, (0, 25, 90, 18, 47, 96, 62, 104, 132, 23, 21, 104, 132, 23, 21, 123, 82, 137, 55, 83, 56, 85, 0)
False, True, 0.007, (0, 123, 14, 37, 122, 22, 119, 80, 39, 42, 29, 80, 39, 42, 29, 39, 80, 29, 42, 39, 80, 119, 22, 77, 139, 95, 0)
False, True, 0.0042, (0, 101, 24, 106, 27, 15, 38, 103, 63, 112, 140, 141, 77, 14, 37, 119, 22, 122, 37, 14, 139, 95, 57, 73, 0)
False, True, 0.0019, (0, 130, 66, 24, 106, 27, 15, 38, 103, 63, 112, 140, 141, 77, 14, 37, 122, 22, 119, 37, 14, 139, 95, 57, 0)
False, True, 0.0466, (0, 4, 135, 58, 67, 46, 30, 121, 34, 117, 134, 92, 108, 134, 92, 108, 117, 101, 66, 71, 9, 130, 0)
False, True, 0.0418, (0, 130, 101, 24, 106, 27, 15, 38, 103, 63, 112, 140, 141, 77, 122, 22, 119, 37, 14, 77, 122, 37, 14, 123, 35, 0)
False, True, 0.0507, (0, 48, 87, 30, 121, 138, 105, 129, 76, 3, 113, 10, 63, 112, 26, 75, 94, 26, 75, 94, 3, 76, 129, 105, 138, 34, 30, 87, 48, 0)
False, True, 0.0623, (0, 66, 101, 117, 134, 92, 108, 134, 92, 108, 134, 92, 108, 134, 92, 108, 117, 101, 66, 0)
False, True, 0.0137, (0, 85, 35, 91, 83, 142, 137, 82, 123, 125, 33, 96, 62, 33, 125, 123, 82, 142, 83, 91, 35, 85, 0)
False, True, 0.0983, (0, 118, 54, 12, 89, 45, 90, 133, 28, 91, 83, 56, 91, 28, 133, 90, 44, 64, 61, 45, 89, 54, 118, 0)
False, True, 0.0316, (0, 101, 117, 92, 38, 103, 63, 112, 140, 141, 77, 14, 37, 122, 22, 119, 37, 14, 139, 95, 57, 73, 0)
False, True, 0.0369, (0, 35, 123, 14, 37, 122, 22, 119, 80, 29, 42, 39, 80, 29, 42, 39, 80, 29, 42, 131, 69, 140, 141, 15, 27, 57, 0)
False, True, 0.0456, (0, 73, 57, 95, 139, 14, 37, 119, 22, 122, 119, 22, 122, 77, 14, 37, 122, 22, 119, 37, 14, 82, 137, 35, 0)
False, True, 0.1825, (0, 101, 24, 106, 27, 15, 141, 140, 131, 69, 39, 80, 29, 42, 131, 69, 39, 29, 42, 131, 69, 140, 141, 15, 27, 57, 0)
False, True, 0.0994, (0, 109, 120, 85, 35, 91, 56, 83, 142, 55, 137, 82, 123, 125, 33, 62, 96, 47, 18, 133, 28, 35, 85, 0)
False, True, 0.0357, (0, 78, 2, 41, 86, 5, 107, 1, 111, 60, 72, 53, 110, 114, 43, 8, 72, 60, 111, 1, 87, 48, 135, 59, 40, 70, 4, 0)
False, True, 0.0357, (0, 93, 48, 87, 121, 138, 105, 129, 76, 3, 113, 94, 75, 26, 112, 63, 10, 113, 3, 76, 129, 105, 138, 121, 87, 48, 0)
False, True, 0.0617, (0, 78, 2, 41, 86, 5, 107, 1, 111, 60, 72, 53, 110, 114, 43, 8, 72, 111, 1, 87, 48, 58, 135, 59, 40, 70, 4, 0)
False, True, 0.0033, (0, 16, 85, 35, 91, 83, 142, 55, 137, 142, 55, 137, 142, 55, 137, 142, 55, 83, 56, 91, 35, 85, 16, 0)
False, True, 0.0242, (0, 130, 27, 15, 141, 140, 69, 131, 42, 29, 80, 39, 69, 131, 42, 29, 80, 39, 42, 29, 39, 80, 119, 22, 77, 139, 95, 0)
False, True, 0.0047, (0, 17, 2, 41, 5, 87, 121, 34, 138, 105, 129, 76, 3, 94, 75, 26, 94, 75, 26, 112, 63, 103, 38, 92, 108, 117, 101, 130, 0)
False, True, 0.1849, (0, 17, 2, 41, 86, 8, 43, 114, 110, 53, 102, 6, 79, 98, 31, 6, 102, 72, 60, 111, 1, 107, 5, 93, 136, 0)
False, True, 0.0528, (0, 4, 101, 117, 134, 92, 108, 134, 92, 108, 134, 92, 108, 117, 34, 30, 46, 67, 58, 135, 4, 0)
False, True, 0.0047, (0, 4, 124, 70, 40, 59, 135, 58, 48, 87, 107, 5, 87, 107, 5, 87, 107, 5, 87, 107, 5, 87, 48, 135, 59, 40, 70, 124, 0)
False, True, 0.0334, (0, 4, 135, 58, 67, 46, 30, 121, 34, 117, 108, 92, 134, 34, 121, 30, 46, 67, 58, 135, 40, 4, 0)
False, True, 0.0927, (0, 17, 2, 41, 86, 5, 107, 8, 43, 114, 110, 53, 102, 6, 31, 98, 79, 31, 98, 79, 60, 72, 111, 1, 107, 5, 86, 41, 2, 17, 0)
False, True, 0.0888, (0, 4, 93, 5, 107, 8, 43, 114, 110, 53, 102, 6, 31, 98, 79, 60, 72, 53, 110, 114, 43, 8, 86, 41, 2, 78, 0)
True, True, 0.0398, (0, 135, 58, 67, 46, 30, 121, 34, 138, 105, 129, 76, 3, 113, 10, 103, 38, 15, 27, 106, 24, 66, 99, 0)
False, True, 0.0075, (0, 78, 2, 41, 86, 8, 43, 114, 110, 53, 72, 60, 79, 98, 31, 6, 102, 72, 60, 111, 1, 107, 5, 86, 41, 2, 78, 126, 0)
False, True, 0.0164, (0, 4, 124, 70, 40, 59, 135, 58, 67, 46, 30, 121, 34, 30, 46, 67, 58, 135, 59, 40, 70, 124, 4, 126, 0)
True, True, 0.0193, (0, 101, 117, 134, 38, 103, 63, 112, 26, 75, 94, 3, 76, 129, 105, 138, 34, 30, 46, 67, 58, 135, 0)
False, True, 0.0303, (0, 4, 124, 70, 40, 59, 135, 58, 67, 46, 101, 67, 46, 58, 135, 59, 40, 70, 124, 115, 136, 0)
False, True, 0.0136, (0, 130, 4, 124, 70, 40, 59, 135, 58, 67, 46, 101, 67, 46, 101, 67, 46, 58, 135, 59, 40, 124, 4, 130, 0)
True, True, 0.051, (0, 93, 48, 58, 67, 46, 30, 121, 34, 138, 105, 129, 76, 3, 113, 10, 103, 38, 108, 117, 101, 4, 0)
True, True, 0.1091, (0, 4, 124, 40, 59, 135, 48, 87, 1, 111, 60, 79, 98, 31, 6, 102, 53, 110, 114, 43, 8, 86, 41, 2, 78, 0)
True, True, 0.0708, (0, 130, 101, 117, 108, 92, 38, 103, 10, 63, 112, 26, 75, 94, 3, 76, 129, 105, 138, 34, 121, 87, 48, 93, 0)
False, True, 0.1262, (0, 93, 48, 87, 121, 138, 105, 129, 76, 3, 113, 94, 75, 26, 94, 75, 26, 94, 75, 26, 112, 63, 103, 38, 15, 27, 106, 24, 66, 0)
False, True, 0.0367, (0, 66, 24, 106, 27, 15, 141, 140, 112, 26, 75, 94, 26, 75, 94, 3, 76, 129, 105, 138, 121, 30, 46, 67, 58, 135, 0)
True, True, 0.0159, (0, 93, 5, 8, 43, 114, 110, 53, 102, 6, 31, 98, 79, 60, 72, 111, 1, 87, 48, 135, 59, 40, 70, 124, 4, 0)
False, True, 0.0055, (0, 4, 93, 5, 107, 8, 43, 114, 110, 53, 102, 6, 79, 98, 31, 6, 102, 72, 111, 1, 107, 5, 86, 41, 2, 78, 0)
True, True, 0.0194, (0, 130, 101, 117, 134, 92, 38, 103, 63, 10, 113, 3, 76, 129, 105, 138, 34, 30, 46, 67, 58, 48, 93, 0)
False, True, 0.0253, (0, 4, 124, 70, 40, 59, 135, 48, 87, 107, 8, 43, 114, 110, 53, 72, 111, 1, 87, 48, 135, 59, 40, 70, 4, 0)
False, True, 0.0239, (0, 73, 57, 95, 139, 77, 122, 37, 14, 77, 122, 22, 119, 37, 14, 77, 22, 119, 37, 14, 139, 95, 57, 73, 0)
False, True, 0.0047, (0, 78, 2, 41, 86, 5, 107, 1, 111, 72, 60, 79, 98, 31, 79, 98, 31, 6, 102, 53, 110, 114, 43, 8, 86, 5, 93, 0)
False, True, 0.0284, (0, 4, 48, 87, 121, 138, 105, 129, 76, 3, 113, 10, 63, 112, 26, 75, 94, 3, 113, 10, 63, 103, 38, 15, 27, 106, 24, 66, 130, 0)
False, True, 0.0225, (0, 93, 48, 87, 121, 138, 105, 129, 76, 3, 94, 75, 26, 94, 75, 26, 112, 63, 10, 103, 38, 92, 108, 117, 101, 130, 0)
False, True, 0.004, (0, 126, 78, 2, 41, 86, 5, 107, 8, 43, 114, 110, 53, 102, 6, 31, 98, 79, 72, 111, 1, 107, 5, 86, 41, 2, 78, 126, 0)
False, True, 0.0127, (0, 136, 93, 5, 107, 8, 43, 114, 110, 53, 72, 8, 43, 114, 110, 53, 72, 60, 111, 1, 107, 5, 93, 136, 0)
False, True, 0.0238, (0, 4, 135, 58, 67, 46, 30, 121, 34, 117, 108, 92, 117, 34, 121, 30, 46, 67, 58, 135, 40, 130, 0)
all_elementary, False
all_cyc2, True
