Instance, X-n190-k8
capacity, 138
min_trucks, 8
output_file, output_uchoa/X-n190-k8-cyc2.log
Start date, 2022-06-26
Start time, 22-29-45
capacity, 138
num_vehicles, 8
abort_early, False
methods, ['cyc2']
max_vars, 10000
time_limit, 86400
farley, False
initial time, initial max_it, max_stale_it
1, 20000.0, 20
heuristic Number of routes, heuristic Best Solution Value, heuristic number of iterations, adjusted time, adjusted max_it, measured total time
125392, 17060.0, 20000, 1, 20000.0, 20447.4
method, python time, total time, propagated dominance time, unpropagated dominance time, pricing_success, upper_bound, lower_bound, abort_early, num_paths, 
cyc2, 9.7, 12.2, 0.0, 0.0, 1, 16583.2519, 1785.2965, 0, 108751
cyc2, 7.3, 10.4, 0.0, 0.0, 1, 16583.2519, 3134.2611, 0, 91965
cyc2, 10.5, 10.9, 0.0, 0.0, 1, 16583.2519, 4951.5674, 0, 84826
cyc2, 10.4, 11.9, 0.0, 0.0, 1, 16583.2519, 820.0697, 0, 101130
cyc2, 8.4, 8.9, 0.0, 0.0, 1, 16583.2519, 8612.4973, 0, 61173
cyc2, 5.5, 7.3, 0.0, 0.0, 1, 16583.2519, 12611.4897, 0, 32768
cyc2, 7.4, 22.7, 0.0, 0.0, 1, 16535.0322, -130305.7292, 0, 237114
cyc2, 9.7, 13.8, 0.0, 0.0, 1, 16535.0322, -6437.9345, 0, 128372
cyc2, 4.6, 11.6, 0.0, 0.0, 1, 16535.0322, 5283.2453, 0, 91230
cyc2, 9.6, 8.1, 0.0, 0.0, 1, 16535.0322, 10607.9248, 0, 47214
cyc2, 9.8, 6.6, 0.0, 0.0, 1, 16535.0322, 13912.7129, 0, 23355
cyc2, 6.9, 6.3, 0.0, 0.0, 1, 16535.0322, 12927.8437, 0, 20606
cyc2, 16.2, 8.2, 0.0, 0.0, 1, 16529.7958, 9950.0835, 0, 50330
cyc2, 5.5, 7.5, 0.0, 0.0, 1, 16529.7958, 12866.3009, 0, 35561
cyc2, 6.9, 6.4, 0.0, 0.0, 1, 16515.8385, 14280.7984, 0, 22073
cyc2, 6.3, 6.2, 0.0, 0.0, 1, 16515.3109, 14206.9916, 0, 19830
cyc2, 13.3, 6.2, 0.0, 0.0, 1, 16507.872, 14116.8417, 0, 20725
cyc2, 11.4, 8.5, 0.0, 0.0, 1, 16504.5899, 8996.6615, 0, 55601
cyc2, 9.1, 5.6, 0.0, 0.0, 1, 16504.5899, 14866.0104, 0, 12232
cyc2, 7.9, 5.8, 0.0, 0.0, 1, 16497.7866, 14688.6413, 0, 13828
cyc2, 7.5, 6.0, 0.0, 0.0, 1, 16489.8792, 14760.227, 0, 14375
cyc2, 9.3, 5.7, 0.0, 0.0, 1, 16485.1428, 15062.2226, 0, 11821
cyc2, 6.7, 5.8, 0.0, 0.0, 1, 16473.2885, 15040.123, 0, 10874
cyc2, 4.3, 5.7, 0.0, 0.0, 1, 16461.2658, 15443.6671, 0, 6679
cyc2, 5.8, 5.8, 0.0, 0.0, 1, 16446.9928, 15232.6633, 0, 9036
cyc2, 7.8, 5.5, 0.0, 0.0, 1, 16440.2449, 15332.5717, 0, 8569
cyc2, 4.3, 5.6, 0.0, 0.0, 1, 16439.8486, 15788.8186, 0, 3949
cyc2, 3.5, 5.4, 0.0, 0.0, 1, 16425.0443, 15597.3967, 0, 5291
cyc2, 3.3, 5.6, 0.0, 0.0, 1, 16419.1803, 15748.8852, 0, 4937
cyc2, 2.5, 5.7, 0.0, 0.0, 1, 16408.8864, 15924.598, 0, 3080
cyc2, 6.2, 5.6, 0.0, 0.0, 1, 16397.3715, 15322.4171, 0, 7253
cyc2, 2.1, 5.6, 0.0, 0.0, 1, 16396.356, 15748.1467, 0, 2856
cyc2, 2.1, 5.5, 0.0, 0.0, 1, 16392.9688, 15881.7151, 0, 2620
cyc2, 3.1, 5.6, 0.0, 0.0, 1, 16388.6635, 15855.2612, 0, 2911
cyc2, 1.2, 5.6, 0.0, 0.0, 1, 16382.4598, 15963.0485, 0, 1679
cyc2, 1.5, 5.6, 0.0, 0.0, 1, 16376.5432, 15965.9289, 0, 1734
cyc2, 0.9, 5.6, 0.0, 0.0, 1, 16369.5951, 16072.4402, 0, 1190
cyc2, 1.0, 5.5, 0.0, 0.0, 1, 16355.6141, 16024.6189, 0, 1198
cyc2, 1.0, 5.7, 0.0, 0.0, 1, 16347.875, 16012.4851, 0, 1273
cyc2, 1.4, 5.6, 0.0, 0.0, 1, 16347.2182, 15945.5553, 0, 1620
cyc2, 0.7, 5.7, 0.0, 0.0, 1, 16345.7584, 16085.982, 0, 921
cyc2, 1.0, 5.6, 0.0, 0.0, 1, 16341.8732, 15974.6743, 0, 1163
cyc2, 1.0, 5.7, 0.0, 0.0, 1, 16339.6474, 16037.2547, 0, 1206
cyc2, 0.6, 5.6, 0.0, 0.0, 1, 16337.7155, 16116.7383, 0, 771
cyc2, 0.6, 5.6, 0.0, 0.0, 1, 16334.8784, 16133.5255, 0, 706
cyc2, 0.6, 5.6, 0.0, 0.0, 1, 16330.8865, 16161.2784, 0, 574
cyc2, 0.5, 5.6, 0.0, 0.0, 1, 16327.2292, 16140.3009, 0, 539
cyc2, 1.2, 5.6, 0.0, 0.0, 1, 16325.2638, 15986.721, 0, 1300
cyc2, 0.8, 5.6, 0.0, 0.0, 1, 16324.4156, 16058.4941, 0, 884
cyc2, 0.4, 5.6, 0.0, 0.0, 1, 16324.1893, 16182.6726, 0, 400
cyc2, 0.5, 5.5, 0.0, 0.0, 1, 16322.4505, 16157.6877, 0, 530
cyc2, 0.5, 5.6, 0.0, 0.0, 1, 16321.4559, 16190.0837, 0, 405
cyc2, 0.5, 5.6, 0.0, 0.0, 1, 16320.1782, 16128.236, 0, 568
cyc2, 0.4, 5.6, 0.0, 0.0, 1, 16319.9964, 16167.4475, 0, 355
cyc2, 0.4, 5.6, 0.0, 0.0, 1, 16318.548, 16189.101, 0, 363
cyc2, 0.4, 5.6, 0.0, 0.0, 1, 16317.6576, 16194.1077, 0, 334
cyc2, 0.3, 5.6, 0.0, 0.0, 1, 16317.0188, 16198.2533, 0, 260
cyc2, 0.5, 5.6, 0.0, 0.0, 1, 16315.8944, 16115.3771, 0, 435
cyc2, 0.5, 5.6, 0.0, 0.0, 1, 16315.1643, 16079.9342, 0, 528
cyc2, 1.2, 5.6, 0.0, 0.0, 1, 16314.7597, 16055.0763, 0, 793
cyc2, 0.3, 5.6, 0.0, 0.0, 1, 16314.726, 16216.5737, 0, 274
cyc2, 0.3, 5.6, 0.0, 0.0, 1, 16313.927, 16215.0381, 0, 235
cyc2, 0.3, 5.6, 0.0, 0.0, 1, 16312.9714, 16231.7346, 0, 210
cyc2, 0.3, 5.6, 0.0, 0.0, 1, 16311.5159, 16228.5617, 0, 260
cyc2, 0.3, 5.6, 0.0, 0.0, 1, 16311.1728, 16238.549, 0, 181
cyc2, 0.3, 5.6, 0.0, 0.0, 1, 16310.4161, 16232.1628, 0, 199
cyc2, 0.2, 5.6, 0.0, 0.0, 1, 16309.8736, 16241.0037, 0, 149
cyc2, 0.2, 5.6, 0.0, 0.0, 1, 16309.4451, 16236.3543, 0, 141
cyc2, 0.2, 5.6, 0.0, 0.0, 1, 16308.9111, 16257.8834, 0, 138
cyc2, 0.2, 5.6, 0.0, 0.0, 1, 16308.5425, 16260.3979, 0, 119
cyc2, 0.2, 5.6, 0.0, 0.0, 1, 16308.0148, 16261.8542, 0, 114
cyc2, 0.2, 5.6, 0.0, 0.0, 1, 16306.9198, 16248.5406, 0, 102
cyc2, 0.4, 5.6, 0.0, 0.0, 1, 16306.0408, 16094.7894, 0, 436
cyc2, 0.3, 5.6, 0.0, 0.0, 1, 16305.6722, 16186.1673, 0, 197
cyc2, 0.3, 5.6, 0.0, 0.0, 1, 16305.5572, 16259.8342, 0, 122
cyc2, 0.2, 5.6, 0.0, 0.0, 1, 16305.3289, 16268.2526, 0, 87
cyc2, 0.2, 5.6, 0.0, 0.0, 1, 16304.9428, 16246.9999, 0, 83
cyc2, 0.2, 5.6, 0.0, 0.0, 1, 16304.8979, 16280.6226, 0, 70
cyc2, 0.2, 5.6, 0.0, 0.0, 1, 16304.54, 16285.1234, 0, 50
cyc2, 0.2, 5.6, 0.0, 0.0, 1, 16304.2105, 16281.7513, 0, 58
cyc2, 0.2, 5.6, 0.0, 0.0, 1, 16304.1901, 16293.2501, 0, 45
cyc2, 0.1, 5.6, 0.0, 0.0, 1, 16304.045, 16291.1847, 0, 48
cyc2, 0.1, 5.6, 0.0, 0.0, 1, 16304.0265, 16298.4756, 0, 29
cyc2, 0.2, 5.6, 0.0, 0.0, 1, 16303.8871, 16299.8485, 0, 29
cyc2, 0.1, 5.6, 0.0, 0.0, 1, 16303.8099, 16295.636, 0, 21
cyc2, 0.1, 5.6, 0.0, 0.0, 1, 16303.7856, 16297.0685, 0, 21
cyc2, 0.1, 5.6, 0.0, 0.0, 1, 16303.7546, 16297.8173, 0, 9
cyc2, 0.1, 5.6, 0.0, 0.0, 1, 16303.7537, 16302.5371, 0, 5
cyc2, 0.0, 5.6, 0.0, 0.0, 1, 16303.7537, 16303.7537, 0, 0
scip_total_time, 21781.299979
Solval, number of paths, impact cutoff
16303.7537297253, 134, 0.0001
Elementary, 2-Cycle, Path Value, Path
True, True, 0.0189, (0, 106, 117, 175, 11, 122, 82, 116, 60, 79, 17, 155, 7, 162, 20, 65, 114, 9, 91, 113, 23, 164, 158, 121, 75, 93, 67, 14, 0)
False, True, 0.0239, (0, 105, 19, 57, 66, 110, 163, 128, 4, 163, 128, 4, 163, 128, 4, 163, 128, 4, 110, 66, 57, 19, 105, 0)
False, True, 0.1204, (0, 95, 143, 123, 177, 71, 52, 123, 177, 71, 52, 123, 177, 71, 52, 123, 177, 71, 52, 123, 177, 71, 52, 177, 123, 143, 0)
False, True, 0.0871, (0, 105, 19, 57, 63, 172, 127, 44, 88, 127, 44, 88, 127, 44, 88, 127, 44, 165, 1, 149, 45, 99, 118, 37, 0)
False, True, 0.0722, (0, 31, 156, 108, 46, 135, 92, 81, 145, 144, 115, 145, 144, 115, 145, 144, 115, 145, 81, 92, 46, 103, 0)
False, True, 0.0714, (0, 131, 99, 14, 16, 170, 26, 49, 119, 26, 49, 119, 26, 49, 119, 26, 49, 119, 26, 49, 119, 26, 49, 119, 26, 49, 119, 0)
False, True, 0.0479, (0, 105, 188, 57, 63, 66, 110, 163, 128, 4, 163, 128, 4, 163, 128, 4, 163, 128, 110, 66, 63, 19, 105, 0)
False, True, 0.1241, (0, 168, 34, 73, 112, 143, 97, 147, 150, 30, 147, 150, 30, 39, 85, 138, 28, 58, 43, 73, 34, 168, 172, 0)
False, True, 0.0052, (0, 95, 143, 97, 24, 12, 86, 125, 137, 151, 174, 48, 151, 174, 48, 151, 174, 48, 151, 174, 48, 151, 174, 48, 137, 125, 86, 12, 24, 97, 143, 95, 0)
False, True, 0.0991, (0, 131, 99, 45, 149, 1, 165, 88, 44, 127, 165, 88, 44, 127, 165, 1, 149, 184, 160, 182, 83, 29, 37, 0)
False, True, 0.0479, (0, 105, 188, 57, 63, 66, 110, 163, 128, 4, 163, 128, 4, 163, 128, 4, 163, 128, 110, 66, 63, 57, 19, 0)
False, True, 0.0514, (0, 109, 6, 48, 54, 126, 76, 185, 18, 84, 153, 180, 32, 61, 180, 153, 84, 18, 185, 76, 70, 141, 98, 148, 167, 136, 183, 25, 64, 0)
False, True, 0.1281, (0, 37, 29, 83, 182, 184, 160, 182, 184, 160, 182, 184, 160, 182, 184, 160, 182, 184, 29, 37, 0)
False, True, 0.0137, (0, 102, 10, 159, 142, 104, 89, 109, 35, 68, 21, 178, 68, 21, 178, 50, 94, 144, 115, 135, 46, 103, 0)
False, True, 0.0479, (0, 105, 19, 57, 66, 110, 4, 163, 128, 4, 163, 128, 4, 163, 128, 4, 163, 128, 4, 110, 66, 63, 19, 0)
False, True, 0.012, (0, 95, 143, 52, 71, 146, 186, 152, 87, 186, 146, 87, 152, 41, 181, 126, 54, 41, 181, 126, 54, 48, 174, 151, 137, 77, 22, 39, 28, 0)
False, True, 0.009, (0, 131, 99, 45, 149, 139, 72, 133, 129, 156, 133, 129, 108, 103, 129, 108, 103, 129, 156, 133, 72, 139, 149, 45, 99, 131, 0)
False, True, 0.0714, (0, 131, 118, 31, 45, 14, 16, 170, 26, 49, 119, 26, 49, 119, 26, 49, 119, 26, 49, 119, 26, 49, 119, 26, 49, 119, 26, 49, 119, 131, 0)
False, True, 0.25, (0, 105, 19, 57, 63, 172, 120, 13, 171, 110, 66, 171, 120, 13, 171, 120, 13, 171, 110, 66, 13, 120, 172, 63, 57, 19, 105, 0)
False, True, 0.004, (0, 168, 34, 73, 43, 58, 159, 142, 104, 89, 109, 104, 89, 109, 35, 89, 104, 142, 159, 58, 43, 73, 34, 168, 172, 0)
False, True, 0.0518, (0, 37, 29, 83, 182, 160, 184, 182, 160, 184, 182, 160, 184, 182, 160, 184, 45, 99, 31, 118, 131, 37, 0)
False, True, 0.0241, (0, 37, 29, 83, 182, 160, 165, 127, 44, 88, 127, 44, 88, 127, 44, 88, 165, 1, 149, 45, 99, 118, 37, 0)
False, True, 0.005, (0, 102, 10, 43, 58, 28, 138, 85, 80, 150, 147, 30, 150, 147, 80, 85, 138, 28, 58, 43, 10, 0)
False, True, 0.1029, (0, 34, 73, 43, 58, 28, 138, 85, 80, 150, 147, 30, 150, 80, 85, 138, 28, 58, 43, 10, 83, 0)
False, True, 0.101, (0, 159, 142, 104, 89, 109, 35, 68, 21, 178, 179, 55, 69, 178, 21, 68, 35, 109, 89, 104, 142, 159, 0)
True, True, 0.0281, (0, 16, 166, 157, 173, 132, 161, 74, 111, 113, 91, 59, 96, 90, 42, 62, 179, 178, 50, 94, 144, 92, 0)
False, True, 0.2, (0, 31, 156, 108, 46, 92, 145, 115, 144, 94, 50, 178, 21, 50, 94, 144, 115, 145, 81, 92, 46, 103, 0)
False, True, 0.0317, (0, 172, 168, 34, 73, 43, 58, 28, 138, 85, 80, 150, 147, 80, 85, 138, 28, 58, 43, 73, 34, 168, 172, 0)
False, True, 0.0946, (0, 131, 118, 99, 45, 149, 1, 139, 72, 133, 156, 129, 108, 103, 129, 108, 103, 129, 156, 133, 72, 139, 1, 165, 83, 29, 37, 0)
False, True, 0.0385, (0, 95, 143, 97, 24, 176, 52, 71, 177, 123, 52, 71, 177, 123, 52, 71, 177, 123, 52, 71, 177, 123, 143, 97, 112, 0)
False, True, 0.1239, (0, 131, 99, 45, 149, 139, 72, 133, 156, 129, 108, 103, 129, 156, 133, 72, 139, 133, 72, 139, 133, 72, 139, 1, 149, 45, 99, 131, 0)
False, True, 0.0071, (0, 131, 118, 99, 45, 149, 139, 72, 133, 156, 129, 103, 108, 156, 129, 108, 103, 129, 156, 133, 72, 139, 1, 165, 83, 29, 37, 0)
False, True, 0.0219, (0, 131, 99, 45, 149, 1, 165, 88, 127, 44, 88, 127, 44, 88, 127, 44, 88, 165, 1, 149, 184, 83, 29, 37, 0)
False, True, 0.0022, (0, 37, 29, 83, 184, 149, 1, 165, 127, 44, 88, 127, 44, 88, 165, 1, 88, 165, 1, 149, 45, 99, 118, 37, 0)
False, True, 0.2032, (0, 29, 83, 102, 10, 43, 58, 28, 138, 85, 80, 78, 97, 147, 150, 30, 39, 85, 138, 28, 58, 43, 73, 34, 168, 0)
False, True, 0.1281, (0, 131, 99, 45, 149, 139, 72, 133, 156, 129, 108, 103, 129, 108, 103, 129, 133, 72, 139, 1, 165, 160, 83, 29, 37, 0)
False, True, 0.0294, (0, 37, 29, 83, 182, 160, 184, 1, 165, 88, 1, 165, 88, 127, 44, 88, 165, 1, 149, 45, 99, 118, 37, 0)
False, True, 0.0268, (0, 109, 6, 48, 174, 41, 181, 70, 185, 18, 84, 153, 180, 61, 40, 32, 61, 180, 153, 84, 18, 185, 70, 181, 41, 174, 48, 6, 0)
True, True, 0.0956, (0, 170, 166, 157, 134, 155, 17, 154, 189, 140, 124, 187, 27, 15, 3, 90, 42, 62, 179, 21, 68, 35, 0)
False, True, 0.0393, (0, 109, 6, 48, 174, 41, 181, 70, 185, 18, 84, 153, 180, 61, 40, 32, 180, 153, 84, 18, 185, 70, 181, 41, 174, 48, 6, 109, 0)
False, True, 0.0479, (0, 168, 34, 73, 43, 58, 28, 138, 85, 80, 147, 150, 30, 39, 85, 138, 28, 58, 43, 73, 34, 4, 168, 172, 0)
False, True, 0.0076, (0, 168, 73, 112, 169, 80, 30, 39, 36, 22, 77, 125, 86, 77, 22, 36, 38, 6, 35, 109, 89, 104, 142, 159, 10, 102, 0)
False, True, 0.091, (0, 37, 131, 99, 45, 149, 1, 165, 88, 44, 127, 165, 88, 44, 127, 88, 44, 127, 172, 63, 57, 19, 105, 0)
False, True, 0.0206, (0, 95, 143, 97, 24, 12, 86, 125, 176, 5, 47, 101, 5, 47, 101, 5, 47, 101, 5, 176, 125, 86, 77, 22, 39, 30, 80, 169, 112, 73, 168, 0)
False, True, 0.0826, (0, 169, 78, 12, 125, 137, 151, 41, 181, 70, 76, 185, 18, 84, 153, 180, 61, 32, 40, 76, 70, 141, 98, 148, 167, 136, 183, 25, 64, 188, 0)
False, True, 0.0141, (0, 102, 10, 159, 142, 104, 89, 109, 35, 6, 38, 2, 36, 38, 2, 36, 38, 2, 39, 30, 80, 169, 112, 73, 34, 0)
False, True, 0.012, (0, 95, 143, 52, 71, 146, 186, 152, 87, 186, 146, 152, 87, 146, 186, 87, 152, 41, 181, 126, 54, 48, 174, 151, 137, 77, 22, 39, 85, 0)
False, True, 0.0881, (0, 95, 112, 169, 78, 147, 150, 30, 39, 36, 2, 38, 36, 2, 38, 36, 2, 6, 35, 109, 89, 104, 142, 159, 10, 102, 0)
False, True, 0.009, (0, 118, 14, 16, 67, 46, 92, 81, 145, 115, 144, 94, 50, 178, 21, 68, 50, 94, 144, 115, 145, 92, 46, 103, 0)
False, True, 0.0824, (0, 172, 66, 110, 163, 128, 4, 163, 128, 4, 163, 128, 4, 163, 128, 4, 110, 66, 63, 57, 19, 105, 0)
False, True, 0.0455, (0, 34, 112, 169, 80, 30, 39, 36, 22, 77, 125, 86, 77, 22, 38, 2, 6, 35, 109, 89, 104, 142, 159, 10, 0)
False, True, 0.0193, (0, 188, 64, 25, 183, 136, 167, 148, 98, 141, 70, 76, 185, 18, 84, 153, 180, 61, 40, 76, 126, 54, 48, 174, 151, 137, 77, 22, 0)
False, True, 0.0825, (0, 168, 34, 73, 112, 169, 80, 150, 147, 97, 143, 24, 147, 150, 80, 85, 138, 28, 58, 43, 10, 102, 83, 29, 0)
False, True, 0.0036, (0, 168, 169, 78, 22, 77, 137, 151, 174, 48, 54, 126, 181, 41, 54, 126, 181, 41, 54, 126, 181, 41, 174, 48, 137, 77, 22, 39, 0)
False, True, 0.0514, (0, 188, 64, 25, 183, 136, 167, 148, 98, 141, 70, 76, 185, 18, 84, 153, 180, 32, 40, 76, 126, 54, 48, 174, 151, 137, 176, 143, 95, 0)
False, True, 0.0671, (0, 34, 112, 169, 80, 30, 39, 36, 22, 77, 125, 86, 77, 22, 36, 38, 2, 89, 104, 142, 159, 10, 102, 0)
False, True, 0.0831, (0, 16, 67, 135, 94, 50, 178, 179, 62, 42, 90, 96, 3, 90, 42, 62, 179, 178, 50, 94, 135, 0)
False, True, 0.0123, (0, 188, 64, 25, 183, 136, 167, 148, 98, 141, 70, 76, 185, 18, 84, 153, 180, 61, 32, 180, 153, 84, 18, 185, 76, 126, 54, 48, 6, 0)
False, True, 0.1101, (0, 112, 78, 24, 176, 47, 101, 146, 186, 152, 87, 186, 146, 87, 152, 186, 146, 87, 152, 41, 181, 126, 54, 48, 174, 151, 137, 77, 22, 39, 0)
False, True, 0.0246, (0, 95, 143, 123, 177, 71, 52, 123, 177, 71, 52, 123, 177, 71, 52, 123, 177, 71, 52, 123, 177, 71, 52, 176, 24, 78, 169, 112, 0)
False, True, 0.0252, (0, 102, 10, 159, 142, 104, 89, 109, 35, 6, 2, 38, 36, 2, 38, 36, 2, 38, 6, 109, 89, 104, 142, 159, 10, 83, 0)
False, True, 0.3121, (0, 188, 64, 25, 183, 136, 167, 148, 141, 98, 84, 153, 180, 61, 32, 40, 18, 185, 76, 70, 141, 98, 148, 167, 136, 183, 25, 64, 188, 0)
True, True, 0.0363, (0, 118, 14, 67, 51, 93, 75, 158, 164, 23, 113, 107, 33, 162, 53, 154, 189, 140, 124, 187, 27, 15, 3, 96, 59, 55, 69, 121, 31, 0)
True, True, 0.0895, (0, 118, 14, 16, 166, 157, 173, 132, 134, 161, 74, 111, 113, 91, 59, 55, 69, 178, 50, 94, 144, 115, 135, 46, 0)
False, True, 0.1269, (0, 95, 97, 24, 12, 176, 47, 101, 146, 186, 152, 87, 186, 146, 87, 152, 41, 181, 126, 54, 48, 174, 151, 137, 125, 86, 12, 24, 97, 95, 0)
False, True, 0.012, (0, 95, 143, 97, 24, 12, 86, 125, 137, 151, 174, 48, 54, 126, 181, 41, 54, 126, 181, 41, 174, 48, 137, 77, 22, 39, 138, 102, 0)
False, True, 0.0431, (0, 102, 159, 142, 104, 89, 109, 6, 2, 38, 36, 2, 38, 36, 2, 38, 36, 2, 6, 89, 104, 142, 159, 10, 102, 0)
False, True, 0.0428, (0, 103, 46, 92, 81, 145, 115, 144, 94, 50, 68, 21, 50, 94, 144, 115, 145, 81, 92, 46, 103, 0)
False, True, 0.0042, (0, 131, 99, 45, 149, 1, 165, 127, 44, 88, 165, 127, 44, 88, 165, 1, 88, 165, 1, 149, 45, 99, 131, 0)
False, True, 0.076, (0, 81, 68, 130, 56, 100, 8, 130, 56, 8, 100, 130, 56, 100, 8, 130, 56, 100, 8, 130, 56, 8, 100, 62, 179, 178, 50, 94, 135, 0)
False, True, 0.018, (0, 31, 156, 108, 46, 92, 81, 145, 115, 144, 94, 50, 21, 68, 178, 21, 68, 35, 109, 89, 104, 142, 159, 0)
False, True, 0.1505, (0, 118, 14, 67, 51, 93, 75, 158, 164, 23, 111, 113, 107, 33, 162, 20, 65, 114, 9, 107, 33, 161, 74, 132, 173, 157, 166, 170, 0)
True, True, 0.0081, (0, 16, 51, 93, 75, 121, 158, 164, 23, 111, 107, 33, 7, 162, 20, 65, 114, 9, 96, 90, 42, 62, 179, 21, 68, 81, 0)
False, True, 0.061, (0, 102, 10, 159, 142, 104, 89, 109, 6, 38, 36, 2, 38, 36, 2, 38, 36, 2, 6, 109, 89, 104, 142, 159, 10, 102, 0)
False, True, 0.02, (0, 95, 143, 52, 71, 146, 186, 87, 152, 186, 146, 87, 152, 41, 181, 126, 54, 41, 181, 126, 54, 48, 174, 151, 137, 77, 22, 78, 169, 112, 0)
False, True, 0.0765, (0, 95, 143, 52, 71, 146, 186, 87, 152, 186, 146, 152, 87, 186, 146, 87, 152, 41, 181, 126, 54, 48, 174, 151, 137, 125, 86, 12, 24, 78, 169, 112, 168, 0)
False, True, 0.1105, (0, 106, 117, 175, 11, 122, 82, 140, 189, 154, 53, 189, 154, 53, 20, 65, 114, 9, 91, 59, 55, 69, 121, 75, 93, 51, 67, 14, 118, 0)
False, True, 0.009, (0, 131, 99, 45, 149, 139, 72, 133, 129, 108, 103, 129, 108, 103, 129, 156, 72, 139, 133, 72, 139, 149, 45, 99, 131, 0)
True, True, 0.0645, (0, 16, 166, 157, 173, 132, 161, 74, 111, 113, 91, 59, 96, 90, 42, 62, 179, 178, 50, 94, 135, 0)
True, True, 0.0617, (0, 35, 130, 56, 8, 100, 62, 42, 90, 3, 15, 27, 187, 124, 140, 189, 154, 53, 114, 9, 91, 59, 55, 69, 121, 0)
False, True, 0.0112, (0, 16, 51, 93, 75, 158, 164, 23, 113, 91, 9, 114, 65, 20, 162, 65, 20, 162, 33, 107, 111, 23, 164, 158, 75, 93, 51, 16, 0)
False, True, 0.004, (0, 118, 14, 16, 170, 166, 51, 93, 135, 92, 46, 135, 92, 46, 135, 92, 81, 142, 159, 58, 43, 73, 34, 0)
False, True, 0.1497, (0, 168, 73, 112, 169, 80, 30, 39, 36, 22, 77, 125, 86, 77, 22, 38, 2, 6, 35, 109, 89, 104, 142, 159, 10, 102, 0)
True, True, 0.0176, (0, 135, 69, 55, 59, 96, 3, 15, 27, 187, 124, 140, 189, 154, 53, 65, 20, 162, 7, 17, 155, 134, 173, 157, 170, 0)
False, True, 0.0653, (0, 95, 143, 97, 24, 12, 86, 125, 176, 5, 101, 47, 5, 101, 47, 5, 101, 47, 5, 101, 47, 5, 101, 47, 5, 176, 125, 86, 12, 24, 147, 78, 169, 112, 34, 0)
False, True, 0.0281, (0, 81, 68, 21, 178, 179, 62, 42, 90, 96, 3, 90, 42, 62, 179, 178, 50, 94, 115, 92, 0)
True, True, 0.069, (0, 35, 130, 56, 8, 100, 42, 90, 96, 3, 15, 27, 187, 124, 140, 189, 154, 53, 162, 33, 107, 111, 23, 164, 158, 121, 0)
False, True, 0.0278, (0, 118, 14, 67, 93, 75, 121, 69, 55, 59, 96, 3, 15, 27, 187, 124, 140, 189, 154, 53, 114, 9, 91, 59, 55, 69, 135, 0)
False, True, 0.021, (0, 169, 78, 12, 176, 137, 151, 174, 48, 54, 126, 76, 185, 18, 84, 153, 180, 61, 40, 32, 180, 153, 84, 18, 185, 70, 181, 41, 174, 48, 6, 0)
True, True, 0.0424, (0, 16, 166, 157, 173, 132, 134, 161, 74, 111, 113, 91, 59, 96, 90, 42, 62, 179, 178, 21, 68, 35, 0)
True, True, 0.0092, (0, 170, 157, 173, 132, 134, 155, 17, 154, 189, 140, 124, 187, 27, 15, 3, 96, 90, 42, 62, 179, 178, 92, 0)
False, True, 0.2302, (0, 31, 121, 158, 164, 23, 111, 113, 107, 33, 7, 155, 17, 79, 60, 116, 79, 60, 116, 82, 122, 11, 175, 117, 106, 0)
False, True, 0.0409, (0, 39, 22, 77, 137, 151, 174, 48, 54, 126, 181, 41, 54, 126, 181, 41, 54, 126, 181, 41, 174, 151, 137, 77, 22, 78, 169, 168, 0)
True, True, 0.0737, (0, 170, 166, 157, 173, 132, 74, 161, 107, 33, 7, 162, 20, 65, 114, 9, 91, 113, 111, 23, 164, 158, 75, 93, 51, 67, 16, 0)
True, True, 0.1048, (0, 135, 69, 55, 59, 91, 9, 114, 53, 124, 187, 27, 15, 3, 96, 90, 42, 62, 179, 21, 68, 81, 0)
False, True, 0.1236, (0, 95, 143, 97, 24, 12, 86, 176, 5, 101, 47, 5, 101, 47, 5, 101, 47, 5, 176, 125, 86, 77, 22, 38, 6, 89, 104, 142, 159, 102, 0)
False, True, 0.0252, (0, 31, 156, 108, 46, 135, 92, 46, 135, 92, 46, 135, 92, 46, 135, 92, 46, 135, 92, 46, 67, 16, 118, 0)
False, True, 0.074, (0, 170, 166, 157, 173, 132, 74, 161, 107, 33, 7, 162, 20, 65, 114, 9, 91, 113, 23, 164, 158, 75, 93, 51, 166, 170, 0)
False, True, 0.0761, (0, 169, 78, 12, 176, 137, 151, 41, 181, 70, 185, 18, 84, 153, 180, 32, 40, 61, 32, 40, 76, 70, 141, 98, 148, 167, 136, 183, 25, 64, 188, 0)
False, True, 0.0236, (0, 39, 22, 77, 137, 151, 174, 48, 54, 126, 181, 41, 152, 87, 186, 146, 152, 87, 146, 186, 87, 152, 186, 146, 5, 176, 24, 97, 95, 0)
True, True, 0.0498, (0, 118, 14, 67, 51, 93, 75, 121, 69, 55, 59, 91, 9, 114, 65, 20, 162, 7, 155, 17, 79, 60, 116, 82, 122, 11, 175, 117, 106, 0)
True, True, 0.0808, (0, 170, 157, 173, 132, 134, 155, 17, 7, 162, 53, 154, 189, 140, 124, 187, 27, 15, 3, 96, 90, 42, 100, 8, 56, 130, 6, 109, 0)
False, True, 0.0238, (0, 95, 143, 24, 12, 86, 125, 137, 151, 174, 48, 54, 126, 181, 41, 54, 126, 181, 41, 174, 151, 137, 125, 86, 12, 24, 147, 78, 112, 0)
False, True, 0.0188, (0, 169, 78, 125, 137, 151, 174, 48, 54, 126, 76, 40, 32, 61, 40, 32, 61, 40, 32, 61, 180, 153, 84, 18, 185, 70, 141, 98, 148, 167, 136, 183, 25, 64, 188, 0)
False, True, 0.0148, (0, 169, 78, 12, 176, 137, 151, 174, 48, 54, 126, 76, 185, 18, 84, 153, 180, 61, 40, 32, 61, 40, 32, 61, 40, 32, 61, 180, 153, 84, 18, 185, 76, 126, 54, 48, 6, 0)
False, True, 0.0039, (0, 39, 22, 77, 137, 151, 174, 48, 54, 126, 181, 41, 152, 87, 186, 146, 152, 87, 186, 146, 152, 87, 186, 146, 47, 5, 176, 12, 24, 78, 112, 0)
False, True, 0.0956, (0, 106, 117, 175, 11, 122, 82, 116, 60, 79, 116, 60, 79, 116, 60, 79, 17, 155, 134, 132, 173, 51, 67, 14, 0)
False, True, 0.0267, (0, 16, 166, 157, 173, 132, 74, 161, 134, 132, 74, 161, 134, 132, 74, 161, 111, 74, 161, 134, 132, 173, 157, 166, 16, 0)
True, True, 0.0393, (0, 14, 67, 121, 69, 55, 91, 9, 114, 53, 154, 189, 140, 124, 187, 27, 15, 3, 96, 90, 42, 62, 100, 8, 56, 130, 35, 0)
False, True, 0.0444, (0, 169, 78, 12, 176, 137, 151, 174, 48, 54, 126, 76, 40, 61, 32, 40, 61, 32, 40, 61, 180, 153, 84, 18, 185, 70, 141, 98, 148, 167, 136, 183, 25, 64, 0)
False, True, 0.0222, (0, 169, 78, 12, 176, 137, 151, 174, 48, 54, 126, 76, 185, 18, 84, 153, 180, 61, 40, 32, 61, 180, 153, 84, 18, 185, 76, 126, 54, 48, 174, 151, 137, 125, 12, 78, 0)
False, True, 0.0739, (0, 81, 68, 21, 179, 62, 100, 8, 130, 56, 100, 8, 130, 56, 100, 8, 130, 56, 100, 8, 56, 130, 100, 8, 56, 130, 21, 68, 81, 0)
False, True, 0.0138, (0, 112, 78, 24, 12, 86, 125, 137, 151, 174, 48, 54, 126, 181, 41, 54, 126, 181, 41, 174, 151, 137, 125, 86, 12, 24, 147, 78, 169, 112, 0)
False, True, 0.1112, (0, 106, 117, 175, 11, 122, 82, 140, 124, 187, 27, 15, 124, 187, 27, 15, 3, 96, 59, 55, 69, 121, 75, 93, 67, 14, 118, 0)
True, True, 0.0883, (0, 35, 68, 179, 62, 42, 90, 96, 3, 15, 27, 187, 124, 140, 189, 154, 53, 7, 17, 155, 134, 132, 173, 157, 170, 0)
False, True, 0.0913, (0, 16, 170, 166, 157, 173, 132, 134, 161, 74, 134, 161, 74, 134, 161, 74, 134, 161, 74, 111, 23, 164, 158, 121, 75, 93, 51, 166, 16, 0)
False, True, 0.0524, (0, 106, 117, 175, 11, 122, 82, 17, 155, 7, 162, 20, 65, 162, 20, 65, 114, 9, 91, 113, 111, 23, 164, 158, 75, 93, 51, 16, 0)
False, True, 0.1114, (0, 31, 121, 69, 55, 59, 91, 9, 114, 65, 20, 53, 154, 189, 140, 124, 187, 27, 15, 3, 96, 59, 55, 69, 135, 31, 0)
False, True, 0.0039, (0, 39, 22, 77, 137, 151, 174, 48, 54, 126, 181, 41, 54, 126, 181, 41, 152, 87, 186, 146, 101, 5, 176, 24, 97, 143, 95, 0)
False, True, 0.1048, (0, 106, 117, 175, 11, 122, 82, 140, 189, 154, 53, 65, 20, 162, 65, 20, 162, 7, 155, 17, 82, 122, 11, 175, 117, 106, 0)
False, True, 0.0631, (0, 106, 117, 175, 11, 122, 82, 116, 60, 79, 116, 60, 79, 17, 155, 7, 33, 107, 113, 23, 164, 158, 75, 51, 67, 14, 0)
False, True, 0.0591, (0, 16, 170, 166, 51, 93, 135, 92, 81, 145, 144, 115, 145, 144, 115, 145, 81, 92, 135, 46, 108, 156, 31, 0)
True, True, 0.0033, (0, 14, 67, 51, 93, 75, 121, 158, 164, 23, 113, 107, 33, 7, 162, 20, 65, 114, 9, 96, 90, 42, 62, 179, 21, 68, 81, 0)
True, True, 0.0185, (0, 81, 68, 21, 179, 62, 42, 90, 96, 9, 114, 65, 20, 162, 7, 33, 107, 113, 23, 164, 158, 75, 93, 51, 67, 14, 118, 0)
True, True, 0.0358, (0, 35, 68, 179, 62, 42, 90, 3, 15, 27, 187, 124, 140, 189, 154, 53, 162, 7, 17, 155, 134, 173, 157, 170, 0)
False, True, 0.0266, (0, 106, 117, 175, 11, 122, 82, 116, 60, 79, 17, 155, 7, 33, 107, 9, 114, 33, 107, 111, 23, 164, 158, 75, 93, 51, 67, 14, 0)
True, True, 0.0314, (0, 106, 117, 175, 11, 122, 82, 116, 60, 79, 17, 155, 7, 33, 107, 114, 9, 91, 113, 23, 164, 158, 121, 75, 93, 51, 67, 16, 0)
False, True, 0.0061, (0, 31, 156, 46, 92, 145, 115, 144, 94, 50, 178, 21, 68, 50, 94, 144, 115, 145, 81, 92, 46, 108, 156, 31, 0)
True, True, 0.0228, (0, 16, 67, 51, 93, 75, 158, 164, 23, 111, 107, 33, 7, 162, 20, 65, 114, 9, 96, 90, 42, 62, 179, 21, 68, 81, 0)
False, True, 0.0195, (0, 188, 64, 25, 183, 136, 167, 148, 98, 141, 70, 185, 18, 84, 153, 180, 61, 32, 40, 61, 32, 40, 76, 126, 54, 48, 174, 151, 137, 176, 143, 95, 0)
False, True, 0.0102, (0, 39, 22, 77, 137, 151, 174, 48, 54, 126, 181, 41, 54, 126, 181, 41, 54, 126, 181, 41, 151, 137, 125, 86, 12, 24, 78, 112, 0)
False, True, 0.0034, (0, 170, 166, 51, 93, 75, 158, 164, 23, 111, 113, 107, 33, 162, 20, 65, 114, 9, 91, 113, 111, 23, 164, 158, 75, 93, 51, 67, 14, 0)
True, True, 0.0054, (0, 81, 68, 21, 178, 179, 62, 42, 90, 96, 59, 91, 113, 111, 74, 161, 132, 173, 157, 166, 16, 0)
False, True, 0.0008, (0, 31, 93, 75, 158, 164, 23, 111, 107, 33, 162, 20, 65, 53, 154, 189, 53, 154, 189, 140, 82, 122, 11, 175, 117, 106, 0)
all_elementary, False
all_cyc2, True
