Instance, X-n120-k6
capacity, 21
min_trucks, 6
output_file, output_uchoa/X-n120-k6-SPPRC.log
Start date, 2022-06-27
Start time, 06-35-16
capacity, 21
num_vehicles, 6
abort_early, False
methods, ['SPPRC']
max_vars, 10000
time_limit, 86400
farley, False
initial time, initial max_it, max_stale_it
1, 20000.0, 20
heuristic Number of routes, heuristic Best Solution Value, heuristic number of iterations, adjusted time, adjusted max_it, measured total time
364, 13332.0, 467, 1, 20000.0, 478.8
method, python time, total time, propagated dominance time, unpropagated dominance time, pricing_success, upper_bound, lower_bound, abort_early, num_paths, 
SPPRC, 0.5, 0.0, 0.0, 0.0, 1, 13274.7112, -89002.0255, 0, 1373
SPPRC, 0.5, 0.0, 0.0, 0.0, 1, 13274.7112, -101077.0682, 0, 1421
SPPRC, 0.5, 0.0, 0.0, 0.0, 1, 13274.7112, -87772.3921, 0, 1410
SPPRC, 0.5, 0.0, 0.0, 0.0, 1, 13274.7112, -110898.6278, 0, 1427
SPPRC, 0.5, 0.0, 0.0, 0.0, 1, 13274.7112, -62997.6739, 0, 1450
SPPRC, 0.5, 0.0, 0.0, 0.0, 1, 13274.7112, -68797.5892, 0, 1417
SPPRC, 0.5, 0.0, 0.0, 0.0, 1, 13267.686, -109524.8913, 0, 1465
SPPRC, 0.5, 0.0, 0.0, 0.0, 1, 13267.686, -65813.7116, 0, 1412
SPPRC, 0.5, 0.0, 0.0, 0.0, 1, 13267.686, -93855.0198, 0, 1470
SPPRC, 0.5, 0.0, 0.0, 0.0, 1, 13267.686, -43434.5131, 0, 1373
SPPRC, 0.5, 0.0, 0.0, 0.0, 1, 13266.93, -60453.1087, 0, 1449
SPPRC, 0.5, 0.0, 0.0, 0.0, 1, 13266.93, -27457.1474, 0, 1311
SPPRC, 0.6, 0.0, 0.0, 0.0, 1, 13263.6195, -45101.7822, 0, 1390
SPPRC, 0.6, 0.0, 0.0, 0.0, 1, 13263.6195, -46499.5696, 0, 1437
SPPRC, 0.6, 0.0, 0.0, 0.0, 1, 13263.6195, -57530.3578, 0, 1502
SPPRC, 0.6, 0.0, 0.0, 0.0, 1, 13263.6195, -58363.0266, 0, 1442
SPPRC, 0.6, 0.0, 0.0, 0.0, 1, 13263.6195, -51478.3403, 0, 1456
SPPRC, 0.5, 0.0, 0.0, 0.0, 1, 13263.6195, -26661.8729, 0, 1325
SPPRC, 0.6, 0.0, 0.0, 0.0, 1, 13262.8079, -25944.3942, 0, 1402
SPPRC, 0.6, 0.0, 0.0, 0.0, 1, 13262.8079, -26417.1857, 0, 1410
SPPRC, 0.6, 0.0, 0.0, 0.0, 1, 13262.8079, -14739.6894, 0, 1295
SPPRC, 0.6, 0.0, 0.0, 0.0, 1, 13260.7689, -15669.0024, 0, 1307
SPPRC, 0.6, 0.0, 0.0, 0.0, 1, 13260.7689, -20600.4657, 0, 1352
SPPRC, 0.5, 0.0, 0.0, 0.0, 1, 13260.7689, -9901.3243, 0, 1250
SPPRC, 0.5, 0.0, 0.0, 0.0, 1, 13260.7689, -3126.7789, 0, 1214
SPPRC, 0.7, 0.0, 0.0, 0.0, 1, 13260.7689, -22710.4083, 0, 1443
SPPRC, 0.6, 0.0, 0.0, 0.0, 1, 13260.7689, -13845.4307, 0, 1380
SPPRC, 0.5, 0.0, 0.0, 0.0, 1, 13260.7689, -57.5935, 0, 1124
SPPRC, 0.6, 0.0, 0.0, 0.0, 1, 13259.5724, -9159.7107, 0, 1383
SPPRC, 0.5, 0.0, 0.0, 0.0, 1, 13259.5724, -4954.3652, 0, 1173
SPPRC, 0.5, 0.0, 0.0, 0.0, 1, 13259.5056, -51.7539, 0, 1082
SPPRC, 0.5, 0.0, 0.0, 0.0, 1, 13258.5839, -2411.5904, 0, 1159
SPPRC, 0.6, 0.0, 0.0, 0.0, 1, 13257.2355, -4026.5478, 0, 1245
SPPRC, 0.5, 0.0, 0.0, 0.0, 1, 13256.8631, 1822.7613, 0, 1087
SPPRC, 0.5, 0.0, 0.0, 0.0, 1, 13256.3912, 1127.1463, 0, 1090
SPPRC, 0.5, 0.0, 0.0, 0.0, 1, 13251.6291, -775.9952, 0, 1127
SPPRC, 0.5, 0.0, 0.0, 0.0, 1, 13251.4599, 2179.6455, 0, 1030
SPPRC, 0.8, 0.0, 0.0, 0.0, 1, 13249.7667, -39583.2518, 0, 1798
SPPRC, 0.5, 0.0, 0.0, 0.0, 1, 13249.7667, 2168.1552, 0, 1066
SPPRC, 0.4, 0.1, 0.0, 0.0, 1, 13249.5787, 4011.6181, 0, 1010
SPPRC, 0.4, 0.1, 0.0, 0.0, 1, 13249.5787, 3259.9429, 0, 1017
SPPRC, 0.3, 0.1, 0.0, 0.0, 1, 13248.534, 7811.4545, 0, 816
SPPRC, 0.8, 0.0, 0.0, 0.0, 1, 13237.4142, -138322.5858, 0, 2068
SPPRC, 0.7, 0.1, 0.0, 0.0, 1, 13237.4142, -83701.7805, 0, 2071
SPPRC, 0.7, 0.1, 0.0, 0.0, 1, 13237.4142, -78692.5148, 0, 2024
SPPRC, 0.7, 0.1, 0.0, 0.0, 1, 13237.4142, -62036.9197, 0, 2048
SPPRC, 0.8, 0.0, 0.0, 0.0, 1, 13237.4142, -113059.9652, 0, 2054
SPPRC, 0.6, 0.1, 0.0, 0.0, 1, 13237.4142, -37440.2514, 0, 1847
SPPRC, 0.6, 0.1, 0.0, 0.0, 1, 13237.4142, -8888.8757, 0, 1527
SPPRC, 0.5, 0.1, 0.0, 0.0, 1, 13237.4142, -98.4508, 0, 1249
SPPRC, 0.4, 0.1, 0.0, 0.0, 1, 13237.4142, 3724.1542, 0, 1070
SPPRC, 0.5, 0.1, 0.0, 0.0, 1, 13237.4142, 653.6159, 0, 1216
SPPRC, 0.5, 0.1, 0.0, 0.0, 1, 13237.4142, -2250.3043, 0, 1339
SPPRC, 0.5, 0.1, 0.0, 0.0, 1, 13237.4142, 1895.6946, 0, 1135
SPPRC, 0.5, 0.1, 0.0, 0.0, 1, 13237.4142, 621.5514, 0, 1136
SPPRC, 0.3, 0.1, 0.0, 0.0, 1, 13236.6231, 8539.5607, 0, 718
SPPRC, 0.5, 0.1, 0.0, 0.0, 1, 13181.2471, -630.5034, 0, 1218
SPPRC, 0.4, 0.1, 0.0, 0.0, 1, 13181.2471, 5368.5611, 0, 974
SPPRC, 0.4, 0.1, 0.0, 0.0, 1, 13169.0257, 4292.9169, 0, 921
SPPRC, 0.3, 0.1, 0.0, 0.0, 1, 13166.0788, 7273.125, 0, 749
SPPRC, 0.3, 0.1, 0.0, 0.0, 1, 13155.5994, 9332.8695, 0, 686
SPPRC, 0.4, 0.1, 0.0, 0.0, 1, 13130.6141, 2133.601, 0, 1034
SPPRC, 0.2, 0.1, 0.0, 0.0, 1, 13130.5085, 9920.3203, 0, 576
SPPRC, 0.3, 0.1, 0.0, 0.0, 1, 13108.8444, 8796.1052, 0, 683
SPPRC, 0.2, 0.1, 0.0, 0.0, 1, 13086.8754, 9567.5161, 0, 584
SPPRC, 0.3, 0.1, 0.0, 0.0, 1, 13068.1901, 7833.2379, 0, 620
SPPRC, 0.2, 0.1, 0.0, 0.0, 1, 13061.4928, 10405.3213, 0, 476
SPPRC, 0.3, 0.1, 0.0, 0.0, 1, 13014.359, 7723.2332, 0, 719
SPPRC, 0.3, 0.1, 0.0, 0.0, 1, 13008.6067, 8852.7253, 0, 617
SPPRC, 0.2, 0.1, 0.0, 0.0, 1, 13005.0676, 10433.4471, 0, 464
SPPRC, 0.2, 0.1, 0.0, 0.0, 1, 12978.9574, 10687.943, 0, 411
SPPRC, 0.1, 0.1, 0.0, 0.0, 1, 12945.5779, 10958.2472, 0, 366
SPPRC, 0.1, 0.1, 0.0, 0.0, 1, 12902.8738, 10953.0073, 0, 336
SPPRC, 0.1, 0.1, 0.0, 0.0, 1, 12851.6326, 11287.8833, 0, 308
SPPRC, 0.1, 0.1, 0.0, 0.0, 1, 12800.292, 10968.6401, 0, 316
SPPRC, 0.1, 0.1, 0.0, 0.0, 1, 12704.8801, 11070.8696, 0, 260
SPPRC, 0.1, 0.1, 0.0, 0.0, 1, 12647.844, 11480.6788, 0, 215
SPPRC, 0.1, 0.1, 0.0, 0.0, 1, 12588.7269, 11505.3149, 0, 188
SPPRC, 0.0, 0.1, 0.0, 0.0, 1, 12555.8502, 11723.0405, 0, 161
SPPRC, 0.0, 0.1, 0.0, 0.0, 1, 12513.8042, 11826.1055, 0, 132
SPPRC, 0.0, 0.1, 0.0, 0.0, 1, 12476.8128, 11646.6719, 0, 110
SPPRC, 0.0, 0.1, 0.0, 0.0, 1, 12445.0372, 11898.7088, 0, 103
SPPRC, 0.0, 0.1, 0.0, 0.0, 1, 12429.9027, 11751.9137, 0, 109
SPPRC, 0.0, 0.1, 0.0, 0.0, 1, 12416.8526, 11928.9793, 0, 87
SPPRC, -0.0, 0.1, 0.0, 0.0, 1, 12401.6558, 11955.8432, 0, 82
SPPRC, -0.0, 0.1, 0.0, 0.0, 1, 12387.9727, 12012.145, 0, 73
SPPRC, -0.0, 0.1, 0.0, 0.0, 1, 12376.6125, 12051.9473, 0, 64
SPPRC, -0.0, 0.1, 0.0, 0.0, 1, 12359.0145, 11921.6961, 0, 64
SPPRC, -0.0, 0.1, 0.0, 0.0, 1, 12352.7771, 12109.6192, 0, 58
SPPRC, -0.0, 0.1, 0.0, 0.0, 1, 12340.2017, 12140.1451, 0, 55
SPPRC, -0.0, 0.1, 0.0, 0.0, 1, 12330.4227, 11982.9339, 0, 57
SPPRC, -0.0, 0.1, 0.0, 0.0, 1, 12327.2849, 12128.7233, 0, 52
SPPRC, -0.0, 0.1, 0.0, 0.0, 1, 12326.275, 12173.6388, 0, 42
SPPRC, -0.0, 0.1, 0.0, 0.0, 1, 12322.0647, 12157.3845, 0, 45
SPPRC, -0.0, 0.1, 0.0, 0.0, 1, 12319.5251, 12145.1117, 0, 42
SPPRC, -0.0, 0.1, 0.0, 0.0, 1, 12316.1012, 12173.0812, 0, 37
SPPRC, -0.0, 0.1, 0.0, 0.0, 1, 12312.0333, 12041.2574, 0, 42
SPPRC, -0.0, 0.1, 0.0, 0.0, 1, 12311.0185, 12238.8046, 0, 27
SPPRC, -0.0, 0.1, 0.0, 0.0, 1, 12310.1303, 12258.9599, 0, 22
SPPRC, -0.0, 0.1, 0.0, 0.0, 1, 12309.5609, 12282.5837, 0, 23
SPPRC, -0.0, 0.1, 0.0, 0.0, 1, 12308.716, 12244.5549, 0, 16
SPPRC, -0.0, 0.1, 0.0, 0.0, 1, 12308.5771, 12276.4475, 0, 10
SPPRC, -0.0, 0.1, 0.0, 0.0, 1, 12308.3092, 12294.9926, 0, 10
SPPRC, -0.0, 0.1, 0.0, 0.0, 1, 12308.1211, 12281.2824, 0, 6
SPPRC, -0.0, 0.1, 0.0, 0.0, 1, 12308.0761, 12307.8914, 0, 1
SPPRC, -0.0, 0.1, 0.0, 0.0, 1, 12308.0761, 12307.7068, 0, 1
SPPRC, -0.0, 0.1, 0.0, 0.0, 1, 12308.0744, 12307.4241, 0, 4
SPPRC, -0.0, 0.1, 0.0, 0.0, 1, 12308.0744, 12307.4241, 0, 4
SPPRC, -0.0, 0.1, 0.0, 0.0, 1, 12308.0739, 12308.0739, 0, 0
scip_total_time, 531.891794
Solval, number of paths, impact cutoff
12308.073895905907, 110, 0.0001
Elementary, 2-Cycle, Path Value, Path
False, False, 0.0213, (0, 73, 67, 30, 33, 36, 115, 36, 115, 36, 115, 36, 115, 36, 115, 36, 115, 36, 33, 30, 67, 73, 0)
False, False, 0.0588, (0, 12, 99, 17, 103, 17, 103, 17, 103, 17, 103, 17, 103, 17, 103, 17, 103, 17, 103, 17, 99, 12, 0)
False, False, 0.014, (0, 20, 116, 61, 119, 94, 119, 94, 119, 94, 119, 94, 119, 94, 119, 94, 119, 94, 119, 61, 116, 20, 0)
False, False, 0.05, (0, 12, 9, 44, 18, 75, 117, 26, 117, 26, 117, 26, 117, 26, 117, 26, 117, 75, 18, 44, 15, 79, 0)
False, False, 0.1198, (0, 50, 52, 31, 73, 25, 67, 30, 118, 79, 118, 79, 118, 79, 118, 30, 67, 25, 73, 31, 52, 50, 0)
False, False, 0.0455, (0, 12, 9, 44, 18, 75, 117, 5, 26, 5, 26, 5, 26, 5, 26, 5, 117, 75, 18, 44, 9, 12, 0)
False, False, 0.0617, (0, 82, 41, 85, 51, 63, 104, 105, 104, 105, 104, 105, 104, 105, 104, 105, 104, 105, 63, 51, 85, 41, 0)
False, False, 0.0146, (0, 12, 9, 44, 18, 75, 117, 5, 26, 5, 26, 5, 26, 5, 26, 5, 117, 75, 18, 44, 15, 79, 0)
False, False, 0.0588, (0, 49, 99, 103, 17, 103, 17, 103, 17, 103, 17, 103, 17, 103, 17, 103, 17, 103, 17, 103, 99, 2, 0)
False, False, 0.0552, (0, 25, 30, 33, 36, 115, 48, 86, 48, 86, 48, 86, 48, 86, 48, 86, 48, 115, 36, 33, 30, 25, 0)
False, False, 0.0833, (0, 112, 90, 53, 69, 85, 89, 51, 89, 51, 89, 51, 89, 51, 89, 51, 89, 85, 69, 53, 90, 112, 0)
False, False, 0.0714, (0, 41, 85, 51, 63, 105, 101, 47, 101, 47, 101, 47, 101, 47, 101, 47, 101, 105, 63, 51, 85, 41, 0)
False, False, 0.0092, (0, 49, 64, 98, 13, 41, 117, 5, 117, 5, 117, 5, 117, 5, 117, 5, 117, 41, 13, 98, 64, 49, 0)
False, False, 0.0317, (0, 84, 93, 55, 70, 78, 8, 114, 8, 114, 8, 114, 8, 114, 8, 114, 8, 78, 70, 55, 93, 84, 0)
False, False, 0.0123, (0, 116, 107, 54, 62, 87, 72, 102, 111, 102, 111, 102, 111, 102, 111, 102, 72, 87, 62, 54, 107, 20, 0)
False, False, 0.0714, (0, 41, 117, 47, 101, 47, 101, 47, 101, 47, 101, 47, 101, 47, 101, 47, 101, 47, 101, 47, 117, 41, 0)
False, False, 0.0029, (0, 49, 2, 99, 9, 44, 18, 75, 97, 7, 106, 7, 106, 7, 106, 7, 106, 83, 58, 14, 33, 67, 0)
False, False, 0.0374, (0, 12, 99, 9, 44, 18, 75, 97, 46, 66, 108, 66, 108, 66, 46, 97, 75, 18, 44, 9, 99, 2, 0)
False, False, 0.041, (0, 12, 99, 9, 44, 18, 75, 97, 46, 66, 108, 66, 108, 66, 46, 97, 75, 18, 44, 9, 99, 12, 0)
False, False, 0.1369, (0, 38, 29, 21, 12, 2, 43, 76, 43, 76, 43, 76, 43, 76, 43, 76, 43, 2, 12, 21, 29, 38, 0)
False, False, 0.0043, (0, 49, 64, 98, 13, 41, 85, 89, 51, 89, 51, 89, 51, 89, 51, 89, 85, 41, 13, 98, 64, 49, 0)
False, False, 0.0863, (0, 50, 88, 10, 94, 84, 16, 80, 16, 80, 16, 80, 16, 80, 16, 80, 16, 84, 94, 10, 88, 50, 0)
False, False, 0.0196, (0, 54, 62, 40, 6, 92, 35, 56, 1, 24, 37, 24, 37, 24, 1, 56, 35, 92, 6, 40, 62, 54, 0)
False, False, 0.0068, (0, 67, 33, 36, 115, 48, 65, 48, 65, 48, 65, 48, 65, 48, 65, 48, 65, 48, 115, 36, 33, 67, 0)
False, False, 0.0494, (0, 49, 99, 9, 44, 18, 75, 97, 46, 108, 46, 108, 46, 108, 46, 97, 75, 18, 44, 9, 99, 12, 0)
False, False, 0.0185, (0, 41, 85, 51, 63, 105, 63, 105, 63, 105, 63, 105, 63, 105, 63, 105, 63, 105, 63, 51, 85, 41, 0)
False, False, 0.125, (0, 20, 116, 107, 96, 71, 96, 71, 96, 71, 96, 71, 96, 71, 96, 71, 96, 71, 96, 107, 116, 20, 0)
False, False, 0.0769, (0, 50, 52, 38, 29, 91, 32, 91, 32, 91, 32, 91, 32, 91, 32, 91, 32, 91, 29, 38, 52, 50, 0)
False, False, 0.1889, (0, 62, 40, 6, 92, 35, 56, 1, 24, 37, 57, 59, 57, 37, 24, 1, 56, 35, 92, 6, 40, 62, 0)
False, False, 0.0335, (0, 21, 79, 15, 44, 18, 75, 97, 46, 66, 108, 66, 108, 66, 46, 97, 75, 18, 44, 9, 99, 2, 0)
False, False, 0.0335, (0, 31, 25, 67, 30, 118, 23, 14, 23, 14, 23, 14, 23, 14, 23, 14, 23, 118, 30, 67, 25, 31, 0)
False, False, 0.0909, (0, 33, 36, 115, 48, 65, 74, 110, 74, 110, 74, 110, 74, 110, 74, 110, 74, 65, 48, 115, 36, 33, 0)
False, False, 0.0247, (0, 50, 88, 52, 88, 52, 88, 52, 88, 52, 88, 52, 88, 52, 88, 52, 88, 52, 88, 52, 88, 50, 0)
False, False, 0.0213, (0, 29, 21, 79, 23, 14, 115, 36, 115, 36, 115, 36, 115, 36, 115, 36, 115, 14, 23, 79, 21, 29, 0)
False, False, 0.0807, (0, 82, 41, 85, 89, 51, 63, 105, 104, 63, 104, 63, 104, 63, 104, 63, 104, 63, 51, 89, 85, 41, 0)
False, False, 0.0106, (0, 84, 55, 70, 78, 109, 64, 113, 64, 113, 64, 113, 64, 113, 64, 113, 76, 2, 12, 21, 25, 31, 0)
False, False, 0.0837, (0, 20, 116, 61, 119, 61, 119, 61, 119, 61, 119, 61, 119, 61, 119, 61, 119, 61, 119, 61, 116, 20, 0)
False, False, 0.0472, (0, 25, 30, 33, 36, 115, 48, 86, 65, 86, 65, 86, 65, 86, 65, 86, 48, 115, 36, 33, 30, 25, 0)
False, False, 0.0893, (0, 38, 29, 21, 12, 2, 43, 76, 113, 64, 113, 64, 113, 64, 113, 76, 43, 2, 12, 21, 29, 38, 0)
False, False, 0.0076, (0, 40, 6, 92, 35, 57, 59, 22, 95, 22, 95, 22, 95, 22, 95, 22, 59, 57, 35, 92, 6, 40, 0)
False, False, 0.0262, (0, 49, 13, 41, 117, 5, 117, 5, 117, 5, 117, 5, 117, 5, 117, 5, 117, 5, 117, 41, 13, 49, 0)
False, False, 0.0813, (0, 67, 33, 36, 115, 48, 86, 65, 86, 65, 86, 65, 86, 65, 86, 65, 86, 48, 115, 36, 33, 67, 0)
False, False, 0.1091, (0, 73, 67, 30, 118, 23, 14, 58, 83, 15, 83, 15, 83, 15, 83, 58, 14, 23, 118, 30, 67, 73, 0)
False, False, 0.0393, (0, 40, 6, 92, 35, 57, 59, 22, 95, 22, 95, 22, 95, 22, 59, 57, 37, 24, 1, 56, 34, 102, 0)
False, False, 0.0422, (0, 20, 107, 54, 112, 45, 3, 45, 3, 45, 3, 45, 3, 45, 3, 45, 3, 45, 112, 54, 107, 116, 0)
False, False, 0.0229, (0, 25, 23, 58, 106, 7, 97, 46, 66, 46, 66, 46, 66, 46, 66, 46, 97, 7, 106, 58, 23, 25, 0)
False, False, 0.0295, (0, 84, 93, 49, 42, 109, 64, 113, 64, 113, 64, 113, 64, 113, 64, 113, 76, 2, 12, 21, 25, 31, 0)
False, False, 0.0909, (0, 33, 36, 115, 48, 65, 110, 74, 110, 74, 110, 74, 110, 74, 110, 74, 110, 65, 48, 115, 36, 33, 0)
False, False, 0.0625, (0, 20, 107, 71, 112, 45, 3, 45, 3, 45, 3, 45, 3, 45, 3, 45, 3, 45, 112, 71, 107, 20, 0)
False, False, 0.0327, (0, 29, 21, 79, 23, 14, 58, 83, 15, 9, 99, 9, 99, 9, 15, 83, 58, 14, 23, 79, 21, 29, 0)
False, False, 0.0409, (0, 25, 23, 58, 83, 28, 19, 28, 19, 28, 19, 28, 19, 28, 19, 28, 19, 28, 83, 58, 14, 33, 0)
False, False, 0.1042, (0, 40, 6, 92, 35, 57, 59, 22, 4, 95, 4, 95, 4, 95, 4, 22, 59, 37, 24, 1, 56, 34, 0)
False, False, 0.1083, (0, 40, 6, 92, 35, 57, 59, 22, 4, 95, 4, 95, 4, 95, 4, 22, 59, 57, 35, 92, 6, 40, 0)
False, False, 0.1234, (0, 25, 23, 58, 106, 7, 97, 46, 108, 66, 108, 66, 108, 46, 97, 75, 18, 44, 9, 99, 2, 49, 0)
False, False, 0.1047, (0, 84, 55, 70, 39, 42, 109, 82, 109, 82, 109, 82, 109, 82, 109, 82, 109, 42, 39, 70, 55, 84, 0)
False, False, 0.1022, (0, 20, 116, 61, 119, 94, 10, 94, 10, 94, 10, 94, 10, 94, 10, 94, 10, 94, 119, 61, 116, 20, 0)
False, False, 0.0694, (0, 21, 79, 15, 19, 28, 19, 28, 19, 28, 19, 28, 19, 28, 19, 28, 19, 28, 19, 15, 79, 21, 0)
False, False, 0.0568, (0, 29, 21, 79, 23, 14, 58, 83, 15, 83, 15, 83, 15, 83, 15, 83, 58, 14, 23, 79, 21, 29, 0)
False, False, 0.0672, (0, 50, 88, 52, 38, 31, 73, 31, 73, 31, 73, 31, 73, 31, 73, 31, 73, 31, 38, 52, 88, 50, 0)
False, False, 0.0491, (0, 54, 72, 102, 111, 34, 11, 27, 11, 27, 11, 27, 11, 27, 11, 27, 11, 34, 111, 102, 72, 54, 0)
False, False, 0.0115, (0, 112, 90, 53, 100, 77, 100, 77, 100, 77, 100, 77, 100, 77, 100, 77, 100, 77, 100, 53, 90, 112, 0)
False, False, 0.0947, (0, 116, 107, 54, 62, 87, 72, 87, 72, 87, 72, 87, 72, 87, 72, 87, 72, 87, 62, 54, 107, 116, 0)
False, False, 0.0106, (0, 49, 99, 9, 44, 18, 75, 97, 46, 66, 108, 66, 108, 66, 46, 97, 75, 18, 44, 9, 99, 2, 0)
False, False, 0.0403, (0, 49, 99, 9, 44, 18, 75, 97, 46, 108, 66, 108, 66, 108, 66, 46, 97, 7, 106, 58, 14, 33, 0)
False, False, 0.0233, (0, 41, 85, 89, 51, 63, 105, 104, 105, 104, 105, 104, 105, 104, 105, 104, 105, 63, 51, 89, 85, 41, 0)
False, False, 0.0769, (0, 50, 52, 38, 29, 32, 91, 32, 91, 32, 91, 32, 91, 32, 91, 32, 91, 32, 29, 38, 52, 50, 0)
False, False, 0.0467, (0, 80, 49, 109, 82, 98, 13, 98, 13, 98, 13, 98, 13, 98, 13, 98, 13, 98, 82, 109, 49, 80, 0)
False, False, 0.0274, (0, 82, 41, 85, 89, 51, 63, 105, 104, 105, 104, 105, 104, 105, 104, 105, 63, 51, 89, 85, 41, 82, 0)
False, False, 0.0036, (0, 84, 55, 70, 78, 8, 109, 82, 109, 82, 109, 82, 109, 82, 109, 82, 109, 8, 78, 70, 55, 84, 0)
False, False, 0.1977, (0, 88, 80, 16, 93, 55, 70, 78, 39, 42, 39, 42, 39, 42, 39, 78, 70, 55, 93, 16, 80, 88, 0)
False, False, 0.047, (0, 49, 98, 13, 41, 117, 26, 5, 26, 5, 26, 5, 26, 5, 26, 5, 117, 75, 18, 44, 9, 12, 0)
False, False, 0.0065, (0, 20, 54, 62, 87, 72, 102, 111, 34, 111, 34, 111, 34, 111, 34, 111, 102, 72, 87, 62, 54, 20, 0)
False, False, 0.0577, (0, 49, 2, 99, 9, 44, 18, 75, 97, 46, 66, 108, 66, 108, 66, 46, 97, 7, 106, 58, 14, 33, 0)
False, False, 0.0092, (0, 38, 29, 21, 12, 2, 76, 113, 64, 113, 64, 113, 64, 113, 64, 113, 76, 2, 12, 21, 29, 38, 0)
False, False, 0.0445, (0, 20, 107, 54, 112, 45, 3, 45, 3, 45, 3, 45, 3, 45, 3, 45, 70, 55, 93, 16, 80, 88, 0)
False, False, 0.0082, (0, 93, 42, 109, 82, 98, 13, 98, 13, 98, 13, 98, 13, 98, 13, 98, 13, 98, 82, 109, 42, 93, 0)
False, False, 0.092, (0, 20, 107, 54, 62, 87, 72, 102, 111, 34, 111, 34, 111, 34, 111, 102, 72, 87, 62, 54, 107, 116, 0)
False, False, 0.0072, (0, 20, 116, 61, 119, 94, 84, 16, 80, 16, 80, 16, 80, 16, 80, 16, 84, 94, 119, 61, 116, 20, 0)
False, False, 0.0285, (0, 21, 79, 15, 28, 19, 28, 19, 28, 19, 28, 19, 28, 19, 28, 19, 28, 19, 28, 15, 79, 21, 0)
False, False, 0.0432, (0, 31, 25, 67, 30, 118, 23, 14, 58, 83, 15, 83, 15, 83, 58, 14, 23, 118, 30, 67, 25, 31, 0)
False, False, 0.0098, (0, 34, 56, 1, 37, 59, 22, 95, 60, 68, 60, 68, 60, 68, 60, 95, 22, 59, 37, 1, 56, 34, 0)
False, False, 0.0392, (0, 49, 13, 41, 117, 26, 5, 26, 5, 26, 5, 26, 5, 26, 5, 26, 5, 26, 117, 41, 13, 49, 0)
False, False, 0.0807, (0, 54, 102, 111, 34, 27, 11, 27, 11, 27, 11, 27, 11, 27, 11, 27, 11, 27, 34, 111, 102, 54, 0)
False, False, 0.0758, (0, 84, 93, 42, 109, 82, 98, 13, 98, 13, 98, 13, 98, 13, 98, 13, 98, 82, 109, 42, 93, 84, 0)
False, False, 0.1071, (0, 10, 84, 93, 55, 70, 78, 8, 114, 8, 114, 8, 114, 8, 114, 8, 78, 70, 55, 93, 84, 10, 0)
False, False, 0.0669, (0, 40, 6, 92, 35, 56, 1, 24, 37, 57, 100, 77, 100, 57, 37, 24, 1, 56, 35, 92, 6, 40, 0)
False, False, 0.0431, (0, 49, 64, 98, 13, 41, 85, 89, 85, 89, 85, 89, 85, 89, 85, 89, 85, 41, 13, 98, 64, 49, 0)
False, False, 0.0435, (0, 50, 52, 38, 31, 73, 25, 67, 30, 118, 79, 118, 79, 118, 30, 67, 25, 73, 31, 38, 52, 50, 0)
False, False, 0.0738, (0, 112, 90, 53, 77, 100, 77, 100, 77, 100, 77, 100, 57, 37, 24, 1, 56, 35, 92, 6, 40, 62, 0)
False, False, 0.0698, (0, 112, 90, 53, 77, 100, 77, 100, 77, 100, 77, 100, 77, 100, 77, 100, 77, 53, 90, 114, 8, 78, 0)
False, False, 0.0391, (0, 84, 93, 49, 76, 113, 64, 113, 64, 113, 64, 113, 64, 113, 64, 113, 64, 113, 76, 49, 93, 84, 0)
False, False, 0.1059, (0, 34, 56, 1, 24, 37, 59, 22, 95, 60, 68, 60, 68, 60, 68, 60, 68, 60, 68, 53, 90, 112, 0)
False, False, 0.0047, (0, 50, 52, 31, 73, 25, 67, 30, 118, 30, 118, 30, 118, 30, 118, 30, 67, 25, 73, 31, 52, 50, 0)
False, False, 0.0244, (0, 84, 55, 70, 78, 109, 64, 113, 64, 113, 64, 113, 64, 113, 64, 113, 64, 109, 78, 70, 55, 84, 0)
False, False, 0.0455, (0, 107, 54, 62, 87, 72, 102, 111, 102, 111, 102, 111, 102, 111, 102, 111, 102, 72, 87, 62, 54, 107, 0)
False, False, 0.0383, (0, 49, 2, 99, 9, 44, 18, 75, 97, 7, 106, 7, 106, 7, 106, 7, 106, 58, 14, 23, 79, 21, 0)
False, False, 0.0631, (0, 49, 2, 99, 9, 44, 18, 75, 97, 7, 106, 7, 106, 7, 97, 75, 18, 44, 9, 99, 2, 49, 0)
False, False, 0.0921, (0, 78, 8, 114, 90, 53, 81, 69, 81, 69, 81, 69, 81, 69, 81, 69, 81, 53, 90, 114, 8, 78, 0)
False, False, 0.0437, (0, 102, 34, 56, 1, 24, 37, 59, 22, 4, 22, 4, 22, 4, 22, 59, 37, 24, 1, 56, 34, 102, 0)
False, False, 0.0316, (0, 54, 102, 111, 34, 11, 27, 11, 27, 11, 27, 11, 27, 11, 27, 11, 27, 11, 34, 111, 102, 54, 0)
False, False, 0.0309, (0, 25, 30, 14, 58, 106, 7, 106, 7, 106, 7, 106, 7, 106, 7, 106, 7, 106, 58, 14, 33, 67, 0)
False, False, 0.0033, (0, 88, 80, 16, 93, 55, 70, 78, 8, 114, 8, 114, 8, 114, 8, 78, 70, 55, 93, 16, 80, 88, 0)
False, False, 0.0746, (0, 112, 3, 114, 90, 53, 81, 69, 81, 69, 81, 69, 81, 69, 81, 69, 81, 53, 90, 114, 3, 112, 0)
False, False, 0.0035, (0, 20, 107, 54, 62, 87, 72, 87, 72, 87, 72, 87, 72, 87, 72, 87, 72, 87, 62, 54, 107, 20, 0)
False, False, 0.0245, (0, 67, 33, 14, 58, 106, 7, 106, 7, 106, 7, 106, 7, 106, 7, 106, 7, 106, 58, 14, 23, 25, 0)
False, False, 0.0077, (0, 67, 33, 14, 58, 106, 7, 106, 7, 106, 7, 106, 7, 106, 7, 106, 7, 106, 58, 14, 33, 67, 0)
False, False, 0.0086, (0, 112, 90, 53, 77, 100, 77, 100, 77, 100, 77, 100, 77, 100, 77, 100, 77, 100, 77, 53, 90, 112, 0)
False, False, 0.0302, (0, 112, 90, 53, 59, 22, 95, 60, 68, 60, 68, 60, 68, 60, 68, 60, 95, 22, 59, 53, 90, 112, 0)
False, False, 0.04, (0, 112, 90, 53, 68, 60, 68, 60, 68, 60, 68, 60, 68, 60, 68, 60, 68, 60, 68, 53, 90, 112, 0)
False, False, 0.0094, (0, 102, 34, 56, 1, 24, 37, 59, 22, 95, 4, 95, 4, 95, 22, 59, 37, 24, 1, 56, 34, 102, 0)
all_elementary, False
all_cyc2, False
