Instance, X-n157-k13
capacity, 12
min_trucks, 13
output_file, output_uchoa/X-n157-k13-SPPRC.log
Start date, 2022-06-26
Start time, 22-29-45
capacity, 12
num_vehicles, 13
abort_early, False
methods, ['SPPRC']
max_vars, 10000
time_limit, 86400
farley, False
initial time, initial max_it, max_stale_it
1, 20000.0, 20
heuristic Number of routes, heuristic Best Solution Value, heuristic number of iterations, adjusted time, adjusted max_it, measured total time
396, 16876.0, 296, 1, 20000.0, 311.1
method, python time, total time, propagated dominance time, unpropagated dominance time, pricing_success, upper_bound, lower_bound, abort_early, num_paths, 
SPPRC, 0.2, 0.0, 0.0, 0.0, 1, 16869.386, -117168.7105, 0, 842
SPPRC, 0.2, 0.0, 0.0, 0.0, 1, 16869.386, -118932.9474, 0, 889
SPPRC, 0.2, 0.0, 0.0, 0.0, 1, 16869.386, -112702.7672, 0, 924
SPPRC, 0.2, 0.0, 0.0, 0.0, 1, 16869.386, -77288.7092, 0, 885
SPPRC, 0.2, 0.0, 0.0, 0.0, 1, 16869.386, -108809.5, 0, 906
SPPRC, 0.2, 0.0, 0.0, 0.0, 1, 16869.386, -76070.2544, 0, 885
SPPRC, 0.3, 0.0, 0.0, 0.0, 1, 16869.386, -92907.3315, 0, 900
SPPRC, 0.2, 0.0, 0.0, 0.0, 1, 16869.386, -32096.732, 0, 883
SPPRC, 0.3, 0.0, 0.0, 0.0, 1, 16869.386, -119067.5864, 0, 994
SPPRC, 0.2, 0.0, 0.0, 0.0, 1, 16869.386, -38113.0841, 0, 887
SPPRC, 0.3, 0.0, 0.0, 0.0, 1, 16869.386, -68584.4321, 0, 1016
SPPRC, 0.3, 0.0, 0.0, 0.0, 1, 16869.386, -41985.1634, 0, 918
SPPRC, 0.3, 0.0, 0.0, 0.0, 1, 16869.386, -36189.7298, 0, 860
SPPRC, 0.2, 0.0, 0.0, 0.0, 1, 16869.386, -29142.2895, 0, 821
SPPRC, 0.2, 0.0, 0.0, 0.0, 1, 16869.386, -18788.614, 0, 771
SPPRC, 0.3, 0.0, 0.0, 0.0, 1, 16869.386, -18025.8586, 0, 816
SPPRC, 0.3, 0.0, 0.0, 0.0, 1, 16869.386, -15895.6702, 0, 838
SPPRC, 0.3, 0.0, 0.0, 0.0, 1, 16869.386, -47948.4456, 0, 939
SPPRC, 0.3, 0.0, 0.0, 0.0, 1, 16869.386, -15559.2777, 0, 857
SPPRC, 0.3, 0.0, 0.0, 0.0, 1, 16869.386, -34759.7816, 0, 1013
SPPRC, 0.3, 0.0, 0.0, 0.0, 1, 16869.386, -39224.8012, 0, 973
SPPRC, 0.3, 0.0, 0.0, 0.0, 1, 16869.386, -3852.8958, 0, 808
SPPRC, 0.3, 0.0, 0.0, 0.0, 1, 16869.386, -29140.8137, 0, 924
SPPRC, 0.3, 0.0, 0.0, 0.0, 1, 16869.386, -3433.3107, 0, 830
SPPRC, 0.3, 0.0, 0.0, 0.0, 1, 16869.386, -40649.4127, 0, 1041
SPPRC, 0.3, 0.0, 0.0, 0.0, 1, 16869.386, -28510.1765, 0, 995
SPPRC, 0.3, 0.0, 0.0, 0.0, 1, 16869.386, -6619.884, 0, 804
SPPRC, 0.3, 0.0, 0.0, 0.0, 1, 16869.386, -14438.2191, 0, 920
SPPRC, 0.3, 0.0, 0.0, 0.0, 1, 16869.386, -68906.3427, 0, 1119
SPPRC, 0.3, 0.0, 0.0, 0.0, 1, 16869.386, -9071.3098, 0, 914
SPPRC, 0.3, 0.0, 0.0, 0.0, 1, 16869.386, -9677.8143, 0, 832
SPPRC, 0.3, 0.0, 0.0, 0.0, 1, 16869.386, -26728.654, 0, 1021
SPPRC, 0.3, 0.0, 0.0, 0.0, 1, 16869.386, -8381.3584, 0, 881
SPPRC, 0.3, 0.0, 0.0, 0.0, 1, 16869.386, -18069.5138, 0, 949
SPPRC, 0.3, 0.0, 0.0, 0.0, 1, 16869.386, -4332.0208, 0, 829
SPPRC, 0.3, 0.0, 0.0, 0.0, 1, 16869.386, -37938.2465, 0, 1163
SPPRC, 0.3, 0.0, 0.0, 0.0, 1, 16869.386, -2799.7529, 0, 787
SPPRC, 0.3, 0.0, 0.0, 0.0, 1, 16869.386, -1266.1583, 0, 796
SPPRC, 0.3, 0.0, 0.0, 0.0, 1, 16869.386, -6713.1763, 0, 897
SPPRC, 0.3, 0.0, 0.0, 0.0, 1, 16869.386, 1954.899, 0, 752
SPPRC, 0.3, 0.0, 0.0, 0.0, 1, 16869.386, -7327.4123, 0, 915
SPPRC, 0.3, 0.0, 0.0, 0.0, 1, 16869.386, 500.3134, 0, 801
SPPRC, 0.3, 0.0, 0.0, 0.0, 1, 16869.386, -806.6366, 0, 835
SPPRC, 0.2, 0.0, 0.0, 0.0, 1, 16869.386, 6082.4001, 0, 643
SPPRC, 0.3, 0.0, 0.0, 0.0, 1, 16869.386, -7846.9513, 0, 808
SPPRC, 0.3, 0.0, 0.0, 0.0, 1, 16869.386, 4098.1223, 0, 678
SPPRC, 0.2, 0.0, 0.0, 0.0, 1, 16869.386, 5606.1054, 0, 657
SPPRC, 0.3, 0.0, 0.0, 0.0, 1, 16869.386, -6558.4428, 0, 762
SPPRC, 0.2, 0.0, 0.0, 0.0, 1, 16869.386, 6469.3282, 0, 566
SPPRC, 0.2, 0.0, 0.0, 0.0, 1, 16869.386, 7781.9979, 0, 583
SPPRC, 0.2, 0.0, 0.0, 0.0, 1, 16869.386, 7583.9652, 0, 525
SPPRC, 0.3, 0.0, 0.0, 0.0, 1, 16869.386, -94815.025, 0, 835
SPPRC, 0.2, 0.0, 0.0, 0.0, 1, 16861.8603, -53936.8066, 0, 609
SPPRC, 0.2, 0.0, 0.0, 0.0, 1, 16858.7579, -23769.813, 0, 538
SPPRC, 0.3, 0.0, 0.0, 0.0, 1, 16848.1182, -7848.0765, 0, 777
SPPRC, 0.2, 0.0, 0.0, 0.0, 1, 16848.1182, 7762.0919, 0, 453
SPPRC, 0.2, 0.0, 0.0, 0.0, 1, 16848.1182, 174.0876, 0, 373
SPPRC, 0.1, 0.0, 0.0, 0.0, 1, 16848.1182, 8077.4518, 0, 239
SPPRC, 0.2, 0.0, 0.0, 0.0, 1, 16815.2913, 7804.3247, 0, 339
SPPRC, 0.2, 0.0, 0.0, 0.0, 1, 16758.2537, 7431.407, 0, 503
SPPRC, 0.1, 0.0, 0.0, 0.0, 1, 16758.2537, 7794.1534, 0, 219
SPPRC, 0.2, 0.0, 0.0, 0.0, 1, 16748.3853, 10380.9426, 0, 484
SPPRC, 0.2, 0.0, 0.0, 0.0, 1, 16748.3853, 10242.8878, 0, 467
SPPRC, 0.2, 0.0, 0.0, 0.0, 1, 16748.3853, 12855.0979, 0, 313
SPPRC, 0.1, 0.0, 0.0, 0.0, 1, 16739.4388, 11928.6613, 0, 210
SPPRC, 0.1, 0.0, 0.0, 0.0, 1, 16727.5721, 9724.825, 0, 257
SPPRC, 0.2, 0.0, 0.0, 0.0, 1, 16711.6933, 10930.9401, 0, 302
SPPRC, 0.1, 0.0, 0.0, 0.0, 1, 16710.4802, 13007.3767, 0, 184
SPPRC, 0.1, 0.0, 0.0, 0.0, 1, 16701.255, 13512.4813, 0, 161
SPPRC, 0.1, 0.0, 0.0, 0.0, 1, 16687.1321, 12714.8086, 0, 182
SPPRC, 0.1, 0.0, 0.0, 0.0, 1, 16675.4038, 14186.3036, 0, 153
SPPRC, 0.1, 0.0, 0.0, 0.0, 1, 16622.181, 13526.7719, 0, 204
SPPRC, 0.1, 0.0, 0.0, 0.0, 1, 16614.6069, 14558.457, 0, 156
SPPRC, 0.1, 0.0, 0.0, 0.0, 1, 16588.4682, 14691.3799, 0, 146
SPPRC, 0.1, 0.0, 0.0, 0.0, 1, 16556.4504, 14850.4987, 0, 144
SPPRC, 0.1, 0.0, 0.0, 0.0, 1, 16525.572, 15237.8321, 0, 152
SPPRC, 0.1, 0.0, 0.0, 0.0, 1, 16499.1799, 15514.8935, 0, 148
SPPRC, 0.1, 0.0, 0.0, 0.0, 1, 16472.9933, 15629.785, 0, 138
SPPRC, 0.1, 0.0, 0.0, 0.0, 1, 16445.7701, 15462.1043, 0, 142
SPPRC, 0.1, 0.0, 0.0, 0.0, 1, 16428.7435, 15721.7182, 0, 135
SPPRC, 0.1, 0.0, 0.0, 0.0, 1, 16402.1253, 15843.7049, 0, 115
SPPRC, 0.1, 0.0, 0.0, 0.0, 1, 16375.0237, 15910.3443, 0, 122
SPPRC, 0.1, 0.0, 0.0, 0.0, 1, 16359.5186, 15894.9987, 0, 110
SPPRC, 0.1, 0.0, 0.0, 0.0, 1, 16347.1475, 15975.0309, 0, 111
SPPRC, 0.1, 0.0, 0.0, 0.0, 1, 16334.5554, 16049.3915, 0, 96
SPPRC, 0.1, 0.0, 0.0, 0.0, 1, 16326.5774, 15920.5434, 0, 79
SPPRC, 0.1, 0.0, 0.0, 0.0, 1, 16322.5978, 16127.8581, 0, 70
SPPRC, 0.1, 0.0, 0.0, 0.0, 1, 16318.8206, 16184.784, 0, 59
SPPRC, 0.1, 0.0, 0.0, 0.0, 1, 16311.6707, 16228.124, 0, 46
SPPRC, 0.1, 0.0, 0.0, 0.0, 1, 16307.8848, 16225.1226, 0, 44
SPPRC, 0.1, 0.0, 0.0, 0.0, 1, 16306.6184, 16256.5091, 0, 28
SPPRC, 0.1, 0.0, 0.0, 0.0, 1, 16305.4691, 16209.6011, 0, 29
SPPRC, 0.1, 0.0, 0.0, 0.0, 1, 16305.2076, 16254.3515, 0, 11
SPPRC, 0.1, 0.0, 0.0, 0.0, 1, 16305.091, 16262.1492, 0, 18
SPPRC, 0.1, 0.0, 0.0, 0.0, 1, 16304.9077, 16277.675, 0, 11
SPPRC, 0.1, 0.0, 0.0, 0.0, 1, 16304.7633, 16282.7814, 0, 7
SPPRC, 0.0, 0.0, 0.0, 0.0, 1, 16304.6723, 16283.4334, 0, 7
SPPRC, 0.1, 0.0, 0.0, 0.0, 1, 16304.5812, 16289.49, 0, 10
SPPRC, 0.1, 0.0, 0.0, 0.0, 1, 16304.5079, 16296.5552, 0, 8
SPPRC, 0.0, 0.0, 0.0, 0.0, 1, 16304.4711, 16300.9073, 0, 3
SPPRC, 0.0, 0.0, 0.0, 0.0, 1, 16304.4513, 16301.04, 0, 3
SPPRC, 0.0, 0.0, 0.0, 0.0, 1, 16304.4499, 16304.2528, 0, 2
SPPRC, 0.0, 0.0, 0.0, 0.0, 1, 16304.4496, 16304.4496, 0, 0
scip_total_time, 336.006141
Solval, number of paths, impact cutoff
16304.449587991268, 118, 0.0001
Elementary, 2-Cycle, Path Value, Path
False, False, 0.1157, (0, 152, 105, 152, 105, 152, 105, 152, 105, 152, 105, 152, 101, 0)
False, False, 0.2, (0, 69, 99, 93, 99, 93, 99, 93, 99, 93, 99, 93, 32, 0)
False, False, 0.008, (0, 72, 34, 138, 25, 138, 25, 138, 25, 138, 52, 107, 18, 0)
False, False, 0.1556, (0, 151, 100, 51, 90, 51, 90, 51, 90, 51, 90, 51, 100, 0)
False, False, 0.0556, (0, 101, 37, 116, 37, 116, 37, 116, 37, 116, 37, 116, 37, 0)
False, False, 0.0602, (0, 101, 37, 116, 37, 116, 37, 116, 37, 116, 37, 116, 105, 0)
False, False, 0.05, (0, 69, 16, 103, 65, 103, 65, 103, 65, 103, 65, 103, 16, 0)
False, False, 0.0202, (0, 72, 34, 48, 33, 48, 33, 48, 33, 48, 33, 34, 72, 0)
False, False, 0.0205, (0, 141, 88, 57, 5, 57, 5, 57, 5, 57, 5, 57, 88, 0)
False, False, 0.1296, (0, 84, 30, 155, 22, 155, 22, 155, 22, 155, 22, 30, 84, 0)
False, False, 0.0282, (0, 72, 34, 79, 74, 79, 74, 79, 74, 79, 74, 34, 72, 0)
False, False, 0.1389, (0, 149, 44, 124, 130, 46, 130, 46, 130, 124, 44, 19, 27, 0)
False, False, 0.0694, (0, 71, 149, 59, 8, 59, 8, 59, 8, 59, 149, 71, 148, 0)
False, False, 0.1111, (0, 148, 13, 63, 64, 63, 64, 63, 64, 63, 64, 63, 13, 0)
False, False, 0.0556, (0, 27, 44, 124, 130, 46, 130, 46, 130, 124, 44, 19, 27, 0)
False, False, 0.5, (0, 49, 14, 120, 26, 142, 128, 142, 128, 26, 120, 14, 49, 0)
False, False, 0.1333, (0, 140, 85, 144, 53, 123, 53, 123, 53, 144, 85, 140, 73, 0)
False, False, 0.0556, (0, 27, 19, 44, 124, 44, 124, 44, 124, 44, 19, 116, 105, 0)
False, False, 0.0546, (0, 118, 16, 103, 65, 87, 65, 87, 65, 87, 65, 103, 16, 0)
False, False, 0.1111, (0, 84, 155, 134, 10, 39, 58, 39, 10, 134, 52, 107, 18, 0)
False, False, 0.0333, (0, 143, 42, 3, 106, 73, 106, 73, 106, 3, 42, 32, 69, 0)
False, False, 0.3333, (0, 156, 137, 7, 28, 66, 28, 66, 28, 66, 94, 86, 102, 0)
False, False, 0.0553, (0, 118, 75, 16, 103, 65, 87, 65, 87, 65, 103, 16, 118, 0)
False, False, 0.0556, (0, 148, 13, 129, 91, 129, 91, 129, 91, 129, 91, 129, 151, 0)
False, False, 0.2142, (0, 34, 25, 138, 25, 138, 25, 138, 25, 138, 52, 107, 18, 0)
False, False, 0.0895, (0, 103, 87, 97, 62, 97, 62, 97, 62, 97, 62, 97, 87, 0)
False, False, 0.008, (0, 72, 34, 25, 138, 25, 138, 25, 138, 25, 138, 25, 34, 0)
False, False, 0.02, (0, 95, 131, 133, 50, 31, 23, 31, 23, 50, 133, 131, 95, 0)
False, False, 0.2467, (0, 95, 131, 133, 50, 31, 23, 31, 23, 31, 23, 21, 121, 0)
False, False, 0.128, (0, 83, 2, 119, 81, 89, 112, 89, 112, 89, 112, 136, 153, 0)
False, False, 0.5, (0, 101, 61, 17, 56, 67, 4, 35, 4, 67, 56, 17, 61, 0)
False, False, 0.0694, (0, 148, 71, 149, 59, 8, 150, 8, 150, 8, 59, 149, 71, 0)
False, False, 0.0104, (0, 88, 57, 5, 153, 76, 136, 76, 136, 76, 153, 5, 88, 0)
False, False, 0.0487, (0, 103, 87, 97, 62, 97, 62, 97, 62, 97, 62, 87, 103, 0)
False, False, 0.14, (0, 140, 98, 123, 53, 123, 53, 123, 98, 154, 50, 133, 131, 0)
False, False, 0.1667, (0, 27, 19, 44, 124, 111, 132, 111, 132, 111, 102, 96, 150, 0)
False, False, 0.0859, (0, 92, 78, 9, 108, 9, 108, 9, 40, 80, 7, 137, 156, 0)
False, False, 0.3333, (0, 96, 86, 94, 104, 145, 127, 145, 127, 104, 46, 19, 27, 0)
False, False, 0.0158, (0, 34, 138, 25, 138, 25, 138, 25, 138, 25, 138, 25, 34, 0)
False, False, 0.1898, (0, 151, 72, 34, 48, 33, 48, 33, 48, 33, 48, 34, 72, 0)
False, False, 0.037, (0, 84, 30, 155, 30, 155, 30, 155, 30, 155, 22, 30, 84, 0)
False, False, 0.0895, (0, 103, 87, 62, 97, 62, 97, 62, 97, 62, 97, 62, 87, 0)
False, False, 0.2222, (0, 18, 107, 52, 134, 10, 39, 58, 39, 58, 52, 107, 18, 0)
False, False, 0.0556, (0, 27, 19, 124, 130, 46, 130, 46, 130, 124, 44, 19, 27, 0)
False, False, 0.032, (0, 72, 48, 33, 48, 33, 48, 33, 48, 33, 48, 34, 72, 0)
False, False, 0.1111, (0, 84, 30, 155, 22, 30, 22, 30, 22, 30, 22, 30, 84, 0)
False, False, 0.0184, (0, 118, 20, 16, 103, 65, 103, 65, 103, 65, 103, 16, 118, 0)
False, False, 0.14, (0, 95, 131, 133, 50, 154, 98, 154, 98, 154, 50, 133, 131, 0)
False, False, 0.1433, (0, 73, 140, 85, 144, 85, 144, 85, 144, 85, 144, 85, 140, 0)
False, False, 0.1111, (0, 13, 64, 63, 64, 63, 64, 63, 64, 63, 64, 13, 148, 0)
False, False, 0.0902, (0, 69, 16, 103, 65, 87, 65, 87, 65, 87, 65, 103, 16, 0)
False, False, 0.0777, (0, 38, 122, 118, 75, 20, 75, 20, 75, 20, 118, 122, 38, 0)
False, False, 0.5, (0, 41, 110, 54, 6, 115, 55, 115, 55, 95, 35, 110, 41, 0)
False, False, 0.0567, (0, 69, 32, 42, 3, 42, 3, 42, 3, 42, 3, 32, 69, 0)
False, False, 0.0556, (0, 96, 102, 132, 111, 132, 111, 132, 111, 132, 102, 96, 71, 0)
False, False, 0.0833, (0, 96, 86, 94, 104, 145, 127, 145, 127, 145, 104, 94, 86, 0)
False, False, 0.0367, (0, 121, 23, 31, 140, 31, 140, 31, 23, 50, 133, 131, 95, 0)
False, False, 0.1779, (0, 38, 122, 118, 75, 20, 75, 20, 75, 20, 75, 20, 118, 0)
False, False, 0.1111, (0, 96, 102, 132, 111, 132, 111, 132, 111, 132, 102, 96, 150, 0)
False, False, 0.0392, (0, 113, 82, 12, 60, 109, 60, 109, 60, 109, 60, 12, 11, 0)
False, False, 0.1111, (0, 84, 155, 134, 10, 58, 29, 114, 29, 114, 29, 114, 12, 0)
False, False, 0.25, (0, 13, 141, 43, 24, 43, 24, 43, 24, 43, 24, 141, 13, 0)
False, False, 0.0833, (0, 71, 44, 124, 130, 46, 130, 46, 130, 124, 44, 19, 27, 0)
False, False, 0.0267, (0, 143, 32, 42, 3, 42, 3, 42, 3, 42, 3, 42, 32, 0)
False, False, 0.1467, (0, 143, 54, 6, 121, 135, 21, 135, 21, 135, 121, 6, 54, 0)
False, False, 0.0067, (0, 140, 144, 53, 123, 53, 123, 53, 123, 53, 144, 140, 73, 0)
False, False, 0.0303, (0, 47, 70, 126, 1, 117, 1, 117, 1, 126, 5, 57, 88, 0)
False, False, 0.202, (0, 156, 137, 7, 80, 40, 108, 9, 108, 40, 146, 78, 92, 0)
False, False, 0.0833, (0, 102, 86, 94, 104, 127, 145, 127, 104, 94, 86, 102, 96, 0)
False, False, 0.0157, (0, 113, 82, 12, 81, 60, 109, 60, 109, 60, 12, 82, 113, 0)
False, False, 0.2132, (0, 69, 16, 68, 36, 68, 36, 68, 36, 68, 36, 16, 118, 0)
False, False, 0.3333, (0, 143, 38, 122, 147, 15, 147, 15, 147, 15, 122, 38, 143, 0)
False, False, 0.2917, (0, 148, 71, 149, 59, 150, 8, 150, 8, 59, 149, 71, 148, 0)
False, False, 0.2733, (0, 69, 32, 42, 3, 106, 73, 106, 73, 106, 3, 42, 32, 0)
False, False, 0.1919, (0, 141, 47, 70, 92, 139, 125, 139, 125, 139, 92, 70, 47, 0)
False, False, 0.0533, (0, 54, 6, 121, 135, 21, 135, 21, 135, 21, 121, 6, 54, 0)
False, False, 0.2218, (0, 72, 34, 79, 74, 79, 74, 79, 74, 79, 74, 33, 72, 0)
False, False, 0.1992, (0, 83, 2, 119, 81, 109, 60, 109, 60, 81, 119, 2, 83, 0)
False, False, 0.1711, (0, 141, 47, 70, 92, 139, 125, 139, 125, 126, 5, 57, 88, 0)
False, False, 0.0367, (0, 121, 23, 31, 23, 31, 23, 31, 23, 50, 133, 131, 95, 0)
False, False, 0.1041, (0, 113, 82, 11, 77, 45, 77, 45, 77, 45, 11, 82, 113, 0)
False, False, 0.08, (0, 121, 140, 144, 53, 123, 53, 123, 98, 154, 50, 133, 131, 0)
False, False, 0.0733, (0, 131, 133, 50, 154, 98, 154, 98, 154, 98, 154, 98, 140, 0)
False, False, 0.1444, (0, 151, 129, 91, 129, 91, 129, 91, 129, 91, 129, 91, 151, 0)
False, True, 0.1111, (0, 18, 107, 52, 134, 10, 39, 58, 10, 134, 52, 107, 18, 0)
False, False, 0.05, (0, 131, 133, 50, 154, 98, 123, 53, 123, 53, 144, 140, 73, 0)
False, False, 0.0914, (0, 101, 152, 105, 116, 37, 116, 37, 116, 37, 116, 37, 101, 0)
False, False, 0.0906, (0, 100, 90, 45, 2, 119, 12, 119, 2, 77, 11, 82, 113, 0)
False, False, 0.0368, (0, 118, 20, 68, 36, 68, 36, 68, 36, 68, 36, 16, 118, 0)
False, False, 0.0167, (0, 131, 133, 50, 154, 98, 123, 53, 123, 53, 144, 85, 140, 0)
False, False, 0.1, (0, 143, 121, 135, 21, 135, 21, 135, 21, 135, 121, 6, 54, 0)
False, False, 0.0267, (0, 143, 32, 3, 106, 73, 106, 73, 106, 3, 42, 32, 69, 0)
False, False, 0.2222, (0, 12, 114, 29, 114, 29, 114, 29, 58, 39, 10, 134, 84, 0)
False, False, 0.1176, (0, 100, 83, 153, 76, 136, 76, 136, 76, 153, 5, 57, 88, 0)
False, False, 0.0428, (0, 101, 152, 105, 152, 105, 152, 105, 152, 105, 152, 105, 101, 0)
False, False, 0.0556, (0, 151, 100, 51, 90, 51, 90, 51, 90, 51, 100, 91, 151, 0)
False, False, 0.1991, (0, 113, 82, 11, 77, 45, 77, 45, 77, 11, 82, 113, 151, 0)
False, False, 0.0469, (0, 100, 45, 2, 119, 81, 109, 60, 109, 60, 12, 82, 113, 0)
False, False, 0.1027, (0, 88, 57, 5, 153, 136, 76, 136, 76, 153, 5, 57, 88, 0)
False, False, 0.1162, (0, 92, 78, 146, 40, 9, 108, 9, 40, 80, 7, 137, 156, 0)
False, False, 0.0316, (0, 100, 90, 45, 2, 119, 12, 119, 12, 119, 2, 45, 100, 0)
False, False, 0.0707, (0, 156, 137, 7, 80, 40, 108, 9, 108, 9, 108, 9, 126, 0)
False, False, 0.1164, (0, 88, 57, 5, 153, 76, 136, 76, 153, 5, 57, 88, 141, 0)
False, False, 0.0101, (0, 88, 5, 126, 1, 117, 1, 117, 1, 117, 1, 126, 47, 0)
False, False, 0.0152, (0, 70, 125, 117, 78, 146, 80, 40, 80, 146, 78, 125, 70, 0)
False, False, 0.1132, (0, 100, 11, 12, 81, 89, 112, 89, 112, 89, 112, 136, 83, 0)
False, False, 0.0889, (0, 88, 57, 5, 153, 76, 136, 76, 153, 2, 45, 90, 100, 0)
False, False, 0.0921, (0, 83, 136, 112, 89, 112, 89, 112, 89, 81, 12, 82, 113, 0)
False, True, 0.096, (0, 156, 137, 7, 80, 40, 108, 9, 40, 80, 7, 137, 156, 0)
False, False, 0.1818, (0, 47, 126, 1, 117, 1, 117, 1, 117, 1, 126, 70, 47, 0)
False, False, 0.0657, (0, 126, 1, 117, 78, 146, 78, 146, 78, 146, 78, 125, 70, 0)
False, False, 0.041, (0, 88, 57, 5, 126, 125, 139, 125, 139, 92, 70, 47, 88, 0)
False, False, 0.0556, (0, 126, 117, 78, 146, 80, 146, 80, 146, 78, 117, 125, 70, 0)
False, False, 0.0573, (0, 83, 119, 81, 109, 60, 109, 60, 109, 60, 12, 11, 100, 0)
False, False, 0.0758, (0, 126, 117, 78, 146, 80, 146, 80, 146, 78, 117, 1, 126, 0)
False, False, 0.0549, (0, 113, 82, 11, 12, 81, 109, 60, 109, 81, 119, 2, 83, 0)
False, False, 0.0385, (0, 113, 82, 11, 12, 60, 109, 60, 109, 81, 119, 2, 83, 0)
False, False, 0.0202, (0, 70, 125, 117, 78, 146, 80, 146, 80, 146, 78, 125, 70, 0)
all_elementary, False
all_cyc2, False
