Instance, X-n106-k14
capacity, 600
min_trucks, 14
output_file, output_uchoa/X-n106-k14-cyc2.log
Start date, 2022-06-27
Start time, 04-30-51
capacity, 600
num_vehicles, 14
abort_early, False
methods, ['cyc2']
max_vars, 10000
time_limit, 86400
farley, False
initial time, initial max_it, max_stale_it
1, 20000.0, 20
heuristic Number of routes, heuristic Best Solution Value, heuristic number of iterations, adjusted time, adjusted max_it, measured total time
2726, 26398.0, 3431, 1, 20000.0, 3448.0
method, python time, total time, propagated dominance time, unpropagated dominance time, pricing_success, upper_bound, lower_bound, abort_early, num_paths, 
cyc2, 2.8, 13.4, 0.0, 0.0, 1, 25650.5607, -449.0801, 0, 147894
cyc2, 3.5, 12.4, 0.0, 0.0, 1, 25650.5607, 8760.223, 0, 115178
cyc2, 2.7, 7.9, 0.0, 0.0, 1, 25650.5607, 18310.8082, 0, 37513
cyc2, 1.6, 5.5, 0.0, 0.0, 1, 25560.5612, 23317.1253, 0, 5367
cyc2, 0.7, 5.6, 0.0, 0.0, 1, 25487.4724, 23395.9254, 0, 2205
cyc2, 0.1, 5.6, 0.0, 0.0, 1, 25427.7725, 25058.3091, 0, 249
cyc2, 0.0, 5.6, 0.0, 0.0, 1, 25411.7242, 25297.9961, 0, 25
cyc2, 0.0, 5.6, 0.0, 0.0, 1, 25410.0016, 25386.4183, 0, 8
cyc2, 0.0, 5.6, 0.0, 0.0, 1, 25409.9821, 25409.9821, 0, 0
scip_total_time, 3527.168952
Solval, number of paths, impact cutoff
25409.98205791305, 101, 0.0001
Elementary, 2-Cycle, Path Value, Path
True, True, 0.2696, (0, 56, 20, 16, 10, 41, 18, 86, 0)
True, True, 0.0854, (0, 55, 98, 4, 70, 6, 81, 50, 39, 0)
True, True, 0.2872, (0, 29, 63, 40, 31, 17, 69, 105, 64, 94, 57, 0)
True, True, 0.1511, (0, 39, 50, 81, 6, 70, 98, 42, 32, 0)
True, True, 0.096, (0, 24, 12, 9, 84, 75, 7, 26, 0)
True, True, 0.0678, (0, 14, 58, 88, 91, 36, 8, 48, 67, 0)
True, True, 0.0781, (0, 82, 94, 64, 105, 69, 17, 2, 83, 77, 54, 0)
True, True, 0.014, (0, 102, 12, 9, 84, 75, 7, 62, 0)
True, True, 0.3162, (0, 26, 75, 84, 79, 37, 27, 19, 78, 0)
True, True, 0.3148, (0, 47, 61, 80, 65, 6, 81, 50, 39, 0)
True, True, 0.1643, (0, 9, 66, 46, 71, 79, 37, 19, 78, 0)
True, True, 0.1805, (0, 74, 11, 99, 49, 71, 46, 9, 0)
True, True, 0.0287, (0, 12, 9, 66, 97, 93, 101, 103, 53, 0)
True, True, 0.3297, (0, 22, 101, 66, 46, 79, 37, 27, 19, 78, 0)
True, True, 0.1471, (0, 35, 73, 32, 55, 23, 42, 30, 89, 59, 0)
True, True, 0.1051, (0, 85, 77, 83, 2, 48, 58, 14, 49, 0)
True, True, 0.1898, (0, 14, 58, 8, 36, 91, 88, 27, 37, 0)
True, True, 0.1283, (0, 21, 67, 2, 17, 105, 64, 94, 57, 82, 0)
True, True, 0.2874, (0, 104, 12, 9, 66, 97, 28, 103, 53, 0)
True, True, 0.2506, (0, 39, 50, 6, 70, 65, 80, 61, 47, 0)
False, True, 0.2682, (0, 33, 62, 52, 26, 62, 33, 22, 0)
False, True, 0.2309, (0, 33, 52, 62, 26, 52, 33, 22, 0)
False, True, 0.2171, (0, 96, 29, 72, 34, 74, 11, 34, 0)
False, True, 0.0428, (0, 96, 82, 29, 74, 34, 72, 29, 96, 0)
False, True, 0.0291, (0, 53, 43, 28, 97, 93, 28, 101, 1, 0)
False, True, 0.0811, (0, 48, 8, 36, 91, 8, 36, 58, 14, 0)
False, True, 0.0077, (0, 26, 7, 75, 84, 7, 75, 24, 0)
False, True, 0.1864, (0, 29, 72, 74, 11, 34, 72, 29, 0)
False, True, 0.1667, (0, 5, 15, 51, 76, 87, 60, 51, 0)
False, True, 0.3449, (0, 92, 102, 104, 1, 12, 104, 1, 92, 0)
False, True, 0.001, (0, 33, 62, 26, 102, 92, 52, 33, 0)
False, True, 0.1667, (0, 15, 76, 87, 60, 51, 15, 44, 0)
False, True, 0.069, (0, 52, 26, 92, 102, 90, 92, 52, 0)
False, True, 0.3999, (0, 90, 24, 75, 7, 24, 90, 102, 0)
False, True, 0.0737, (0, 7, 75, 84, 7, 75, 84, 24, 0)
True, True, 0.1741, (0, 39, 50, 81, 70, 4, 65, 80, 61, 0)
False, True, 0.1369, (0, 51, 87, 76, 60, 87, 51, 5, 0)
True, True, 0.1536, (0, 56, 95, 35, 20, 16, 10, 41, 18, 0)
False, True, 0.4232, (0, 25, 68, 95, 47, 68, 95, 56, 25, 0)
False, True, 0.0297, (0, 100, 51, 87, 76, 60, 87, 51, 0)
False, True, 0.1667, (0, 5, 15, 60, 87, 76, 60, 51, 0)
True, True, 0.1967, (0, 10, 55, 23, 98, 42, 30, 38, 59, 0)
True, True, 0.2179, (0, 5, 1, 12, 9, 84, 7, 62, 0)
True, True, 0.0373, (0, 97, 46, 71, 49, 74, 72, 29, 96, 0)
False, True, 0.0983, (0, 27, 86, 41, 18, 86, 88, 58, 0)
False, True, 0.0057, (0, 80, 65, 70, 81, 6, 70, 65, 80, 0)
False, True, 0.1256, (0, 99, 21, 54, 85, 13, 54, 85, 21, 0)
False, True, 0.0895, (0, 54, 67, 77, 83, 2, 77, 67, 54, 21, 0)
False, True, 0.0652, (0, 61, 80, 65, 81, 70, 65, 80, 61, 0)
False, True, 0.1309, (0, 35, 73, 89, 38, 30, 89, 59, 68, 0)
True, True, 0.1725, (0, 48, 8, 36, 91, 69, 64, 94, 57, 82, 0)
False, True, 0.3234, (0, 45, 100, 44, 45, 100, 44, 45, 100, 96, 0)
False, True, 0.0093, (0, 99, 21, 54, 85, 67, 54, 21, 99, 0)
False, True, 0.0013, (0, 39, 50, 81, 6, 70, 81, 6, 0)
False, True, 0.1322, (0, 20, 16, 73, 89, 38, 73, 20, 0)
False, True, 0.0711, (0, 4, 70, 81, 6, 70, 4, 38, 0)
False, True, 0.0983, (0, 88, 86, 41, 18, 86, 88, 14, 46, 0)
True, True, 0.1074, (0, 89, 4, 70, 81, 6, 65, 80, 61, 0)
True, True, 0.2395, (0, 82, 57, 63, 13, 54, 85, 99, 74, 0)
False, True, 0.1536, (0, 78, 19, 18, 41, 10, 18, 86, 88, 0)
False, True, 0.1452, (0, 43, 103, 101, 28, 93, 43, 53, 5, 0)
False, True, 0.1667, (0, 5, 15, 76, 87, 60, 76, 15, 0)
False, True, 0.1334, (0, 38, 30, 42, 3, 55, 23, 3, 55, 32, 0)
True, True, 0.3155, (0, 59, 38, 4, 98, 23, 3, 32, 73, 35, 0)
False, True, 0.1865, (0, 53, 43, 103, 28, 93, 97, 43, 44, 0)
False, True, 0.0297, (0, 45, 53, 43, 103, 28, 93, 43, 53, 0)
False, True, 0.1204, (0, 59, 89, 30, 42, 3, 55, 23, 3, 73, 0)
False, True, 0.1056, (0, 54, 85, 77, 67, 85, 54, 21, 99, 0)
False, True, 0.0181, (0, 78, 19, 27, 58, 14, 27, 19, 78, 0)
True, True, 0.0983, (0, 7, 84, 79, 71, 46, 66, 97, 101, 0)
False, True, 0.0856, (0, 22, 52, 102, 92, 90, 102, 92, 22, 0)
True, True, 0.0111, (0, 1, 12, 9, 84, 75, 7, 26, 0)
False, True, 0.0914, (0, 58, 8, 36, 91, 8, 36, 88, 14, 0)
True, True, 0.0915, (0, 101, 93, 97, 66, 46, 71, 79, 84, 0)
True, True, 0.098, (0, 67, 77, 83, 2, 48, 58, 14, 71, 0)
True, True, 0.1536, (0, 25, 56, 20, 16, 10, 41, 86, 0)
True, True, 0.1727, (0, 13, 40, 31, 2, 48, 83, 77, 67, 21, 0)
False, True, 0.0224, (0, 53, 103, 28, 97, 93, 28, 103, 53, 0)
True, True, 0.0692, (0, 16, 32, 3, 42, 98, 4, 30, 89, 59, 0)
False, True, 0.0294, (0, 43, 103, 101, 28, 93, 103, 101, 1, 0)
True, True, 0.1725, (0, 63, 31, 17, 105, 69, 91, 88, 58, 14, 0)
True, True, 0.0859, (0, 89, 30, 4, 98, 42, 3, 55, 32, 20, 0)
True, True, 0.0504, (0, 63, 94, 64, 105, 69, 17, 31, 40, 13, 21, 0)
False, True, 0.0729, (0, 18, 41, 10, 16, 35, 20, 16, 35, 0)
False, True, 0.0202, (0, 59, 38, 30, 42, 98, 4, 30, 35, 0)
False, True, 0.0109, (0, 35, 73, 32, 55, 3, 23, 55, 3, 32, 73, 0)
True, True, 0.0898, (0, 82, 57, 63, 40, 13, 85, 21, 74, 0)
True, True, 0.0826, (0, 11, 21, 85, 13, 40, 63, 57, 82, 0)
False, True, 0.0442, (0, 82, 94, 64, 105, 69, 17, 105, 64, 94, 82, 0)
True, True, 0.1951, (0, 94, 64, 105, 69, 91, 36, 8, 48, 83, 0)
True, True, 0.33, (0, 71, 49, 99, 11, 34, 72, 96, 0)
False, True, 0.2187, (0, 53, 43, 103, 93, 97, 28, 93, 101, 0)
False, True, 0.0114, (0, 50, 81, 70, 6, 81, 50, 39, 0)
False, True, 0.0114, (0, 68, 47, 61, 80, 65, 39, 61, 68, 0)
True, True, 0.076, (0, 35, 89, 30, 42, 98, 23, 55, 32, 16, 0)
True, True, 0.2393, (0, 13, 40, 31, 17, 2, 83, 77, 67, 49, 0)
True, True, 0.0779, (0, 82, 63, 40, 31, 2, 48, 58, 14, 49, 0)
True, True, 0.0298, (0, 27, 86, 88, 91, 36, 8, 48, 49, 0)
False, True, 0.0228, (0, 52, 90, 24, 104, 1, 90, 52, 0)
False, True, 0.0111, (0, 54, 85, 83, 77, 2, 83, 77, 54, 21, 0)
False, True, 0.0033, (0, 96, 34, 74, 11, 34, 74, 96, 0)
all_elementary, False
all_cyc2, True
