Instance, E-n30-k3
capacity, 4500
min_trucks, 3
output_file, output/E-n30-k3_2.log
Start date, 2022-06-16
Start time, 17-35-34
capacity, 4500
num_vehicles, 3
methods, ['ng20']
max_vars, 1000000
time_limit, 86400
farley, False
initial time, initial max_it, max_stale_it
0.001, 2000000.0, 20
heuristic Number of routes, heuristic Best Solution Value, heuristic number of iterations, adjusted time, adjusted max_it
63, 534.0, 183, 0.01, 200000.0
method, duration, pricing_success, upper_bound, lower_bound, abort_early, num_paths
ng20, 1.62, 1, 534.0, -96.0, False, 5222
ng20, 101.23, 1, 534.0, -780.0, False, 91553
ng20, 3692.27, 1, 529.0, 172.75, False, 126536
ng20, 1749.16, 1, 522.6666666666666, 168.46666666666562, False, 108663
ng20, 13009.6, 1, 497.0, -595.3000000000018, False, 808010
ng20, 599.83, 1, 496.99999999999994, 388.6999999999999, False, 8179
ng20, 86.35, 1, 493.5714285714286, 417.3809523809523, False, 1780
ng20, 1.5, 1, 484.4659090909091, 473.5568181818181, False, 36
ng20, 2.02, 1, 484.09722222222223, 481.09722222222223, False, 2
ng20, 1.4, 1, 484.09722222222223, 484.09722222222223, False, 0
Solval, number of paths, impact cutoff
484.09722222222223, 13, 0.0001
Elementary, 2-Cycle, Path Value, Path
True, True, 0.125, (0, 29, 6, 4, 2, 22, 0)
True, True, 0.25, (0, 26, 24, 1, 5, 2, 22, 0)
True, True, 0.25, (0, 20, 3, 6, 1, 24, 25, 29, 27, 28, 26, 19, 0)
True, True, 0.125, (0, 20, 22, 3, 6, 1, 24, 25, 29, 27, 28, 26, 19, 0)
True, True, 0.25, (0, 28, 27, 25, 6, 4, 2, 22, 0)
True, True, 0.2222, (0, 18, 23, 10, 11, 12, 8, 14, 9, 17, 7, 13, 16, 15, 0)
True, True, 0.1111, (0, 21, 14, 8, 9, 17, 7, 13, 16, 15, 10, 23, 18, 0)
True, True, 0.1111, (0, 21, 14, 8, 9, 17, 7, 13, 16, 15, 12, 10, 23, 18, 0)
True, True, 0.2222, (0, 21, 14, 8, 12, 11, 15, 10, 23, 18, 0)
True, True, 0.25, (0, 20, 3, 4, 5, 1, 24, 25, 29, 27, 28, 26, 19, 0)
True, True, 0.1111, (0, 21, 14, 9, 17, 7, 13, 16, 15, 12, 11, 10, 18, 0)
True, True, 0.1111, (0, 21, 11, 12, 9, 17, 7, 13, 16, 15, 23, 18, 0)
True, True, 0.1111, (0, 21, 8, 9, 17, 7, 13, 16, 15, 11, 18, 0)
all_elementary, True
all_cyc2, True
