Instance, X-n120-k6
capacity, 21
min_trucks, 6
output_file, output/X-n120-k6.log
Start date, 2022-06-19
Start time, 09-12-46
capacity, 21
num_vehicles, 6
abort_early, False
methods, ['ng8']
max_vars, 10000
time_limit, 120
farley, False
initial time, initial max_it, max_stale_it
1e-06, 200000000.0, 20
heuristic Number of routes, heuristic Best Solution Value, heuristic number of iterations, adjusted time, adjusted max_it
43803, 13332.0, 12119, 0.01, 20000.0
method, python time, total time, propagated dominance time, unpropagated dominance time, pricing_success, upper_bound, lower_bound, abort_early, num_paths, 
ng8, 0.8, 0.4, 0.2, 0.1, 1, 13045.4339, 4640.4664, 0, 1454
ng8, 0.9, 0.5, 0.3, 0.1, 1, 13045.4339, 7284.054, 0, 1400
ng8, 0.9, 0.2, 0.1, 0.0, 1, 13045.411, -2084.0388, 0, 1706
ng8, 0.9, 0.6, 0.3, 0.1, 1, 13045.411, 7124.5842, 0, 1540
ng8, 0.9, 0.6, 0.3, 0.1, 1, 13045.3833, 7744.3263, 0, 1532
ng8, 1.1, 0.7, 0.4, 0.1, 1, 13042.5216, 7765.8889, 0, 1881
ng8, 0.6, 0.9, 0.5, 0.1, 1, 13042.5216, 9134.5096, 0, 1121
ng8, 1.4, 0.6, 0.3, 0.1, 1, 13028.1747, 5384.9384, 0, 2399
ng8, 0.9, 0.7, 0.4, 0.1, 1, 13028.1747, 8786.1033, 0, 1307
ng8, 0.6, 1.2, 0.7, 0.1, 1, 13028.1747, 10203.599, 0, 1021
ng8, 0.7, 1.0, 0.6, 0.1, 1, 13025.6437, 10897.1233, 0, 934
ng8, 0.9, 0.8, 0.5, 0.1, 1, 13025.5267, 8797.5345, 0, 1535
ng8, 0.5, 1.0, 0.6, 0.1, 1, 13025.5267, 10530.55, 0, 866
ng8, 0.7, 0.8, 0.5, 0.1, 1, 13024.0611, 9465.732, 0, 1094
ng8, 0.5, 1.2, 0.8, 0.1, 1, 13024.0611, 11112.8053, 0, 715
ng8, 0.7, 1.0, 0.6, 0.1, 1, 13020.8274, 10292.9739, 0, 1067
ng8, 0.4, 1.4, 0.8, 0.1, 1, 13020.8274, 11469.6623, 0, 675
ng8, 0.4, 1.2, 0.7, 0.1, 1, 13016.7918, 11413.0437, 0, 643
ng8, 0.3, 1.3, 0.8, 0.1, 1, 13016.1259, 11449.7871, 0, 582
ng8, 0.3, 1.5, 0.9, 0.2, 1, 13012.6924, 11527.5232, 0, 439
ng8, 0.3, 1.3, 0.8, 0.1, 1, 13012.578, 11698.3615, 0, 475
ng8, 0.3, 1.5, 0.9, 0.2, 1, 13012.578, 11834.3187, 0, 393
ng8, 0.6, 1.2, 0.7, 0.1, 1, 13011.2138, 10139.5806, 0, 968
ng8, 0.2, 1.5, 0.9, 0.2, 1, 13011.2138, 12087.1439, 0, 312
ng8, 0.4, 1.3, 0.8, 0.1, 1, 13011.2138, 11252.1408, 0, 631
ng8, 0.4, 1.5, 1.0, 0.2, 1, 13011.2138, 11895.7735, 0, 398
ng8, 0.4, 1.5, 0.9, 0.2, 1, 13011.2138, 11729.3217, 0, 554
ng8, 0.3, 1.5, 0.9, 0.2, 1, 13011.2138, 12075.9481, 0, 362
ng8, 0.3, 1.6, 1.0, 0.2, 1, 13002.829, 11909.1079, 0, 438
ng8, 0.2, 1.5, 1.0, 0.2, 1, 13000.9863, 12268.662, 0, 266
ng8, 0.2, 1.6, 1.0, 0.2, 1, 13000.6867, 12336.2408, 0, 247
ng8, 0.2, 1.8, 1.2, 0.2, 1, 12999.9943, 11966.4062, 0, 362
ng8, 0.2, 1.9, 1.3, 0.2, 1, 12999.9813, 12296.0211, 0, 267
ng8, 0.2, 1.7, 1.1, 0.2, 1, 12999.9813, 12459.6777, 0, 194
ng8, 0.3, 1.5, 0.9, 0.2, 1, 12995.5413, 12027.6285, 0, 395
ng8, 0.1, 1.7, 1.1, 0.2, 1, 12995.5055, 12369.4135, 0, 252
ng8, 0.4, 1.4, 0.9, 0.1, 1, 12992.8022, 11527.0364, 0, 545
ng8, 0.3, 1.7, 1.1, 0.2, 1, 12992.8022, 12086.8015, 0, 289
ng8, 0.2, 1.9, 1.3, 0.2, 1, 12992.8022, 12457.9066, 0, 215
ng8, 0.1, 1.8, 1.1, 0.2, 1, 12992.8022, 12459.2323, 0, 177
ng8, 0.3, 1.9, 1.3, 0.2, 1, 12992.5469, 11695.0211, 0, 431
ng8, 0.2, 2.0, 1.3, 0.2, 1, 12992.5469, 12315.3495, 0, 224
ng8, 0.1, 1.9, 1.2, 0.2, 1, 12991.2537, 12478.2598, 0, 185
ng8, 0.1, 2.1, 1.4, 0.2, 1, 12991.1598, 12477.3992, 0, 159
ng8, 0.2, 1.7, 1.1, 0.2, 1, 12985.7275, 12073.3831, 0, 278
ng8, 0.1, 2.1, 1.4, 0.2, 1, 12985.7275, 12436.9018, 0, 142
ng8, 0.1, 2.1, 1.4, 0.2, 1, 12985.7275, 12563.0267, 0, 151
ng8, 0.1, 1.8, 1.1, 0.2, 1, 12983.9291, 12307.2732, 0, 237
ng8, 0.2, 2.0, 1.4, 0.2, 1, 12983.9291, 12630.1999, 0, 164
ng8, 0.3, 1.7, 1.1, 0.2, 1, 12978.072, 12043.4495, 0, 314
ng8, 0.2, 1.9, 1.2, 0.2, 1, 12978.072, 12115.0871, 0, 270
ng8, 0.1, 2.1, 1.4, 0.2, 1, 12978.072, 12460.608, 0, 187
ng8, 0.8, 0.5, 0.3, 0.1, 1, 12974.4461, 4663.7675, 0, 1483
ng8, 0.4, 1.4, 0.8, 0.1, 1, 12974.4461, 11145.7713, 0, 670
ng8, 0.3, 1.6, 1.0, 0.2, 1, 12974.4461, 11632.1507, 0, 454
ng8, 0.2, 1.6, 1.0, 0.2, 1, 12974.4461, 11925.197, 0, 328
ng8, 0.1, 1.9, 1.2, 0.2, 1, 12974.4461, 12163.586, 0, 220
ng8, 0.2, 2.0, 1.3, 0.2, 1, 12974.4461, 12479.8317, 0, 169
ng8, 0.2, 2.0, 1.3, 0.2, 1, 12973.7295, 12405.3516, 0, 179
ng8, 0.1, 1.9, 1.2, 0.2, 1, 12973.7295, 12344.8821, 0, 186
ng8, 0.1, 2.1, 1.4, 0.2, 1, 12973.7295, 12485.7208, 0, 161
ng8, 0.2, 2.0, 1.3, 0.2, 1, 12973.7295, 12275.3612, 0, 197
ng8, 0.1, 2.0, 1.3, 0.2, 1, 12973.7295, 12610.7236, 0, 138
ng8, 0.1, 2.3, 1.6, 0.2, 1, 12966.7831, 12665.8587, 0, 136
ng8, 0.1, 2.5, 1.7, 0.2, 1, 12965.8794, 12602.5686, 0, 133
ng8, 0.1, 2.4, 1.6, 0.2, 1, 12964.6867, 12583.0237, 0, 152
ng8, 0.1, 2.2, 1.4, 0.2, 1, 12963.3021, 12493.0091, 0, 158
ng8, 0.1, 2.2, 1.4, 0.2, 1, 12963.3021, 12630.5098, 0, 151
ng8, 0.1, 2.0, 1.3, 0.2, 1, 12962.5646, 12712.7309, 0, 135
ng8, 0.1, 2.2, 1.4, 0.2, 1, 12960.1805, 12635.7595, 0, 141
ng8, 0.1, 2.1, 1.4, 0.2, 1, 12958.6958, 12658.645, 0, 138
ng8, 0.1, 2.3, 1.5, 0.2, 1, 12958.5126, 12679.3523, 0, 124
ng8, 0.1, 2.3, 1.6, 0.2, 1, 12958.3682, 12749.4347, 0, 106
ng8, 0.1, 1.8, 1.1, 0.2, 1, 12948.8456, 12415.9093, 0, 179
ng8, 0.1, 2.0, 1.3, 0.2, 1, 12948.8456, 12586.9681, 0, 156
ng8, 0.1, 2.0, 1.3, 0.2, 1, 12948.8456, 12555.6319, 0, 145
ng8, 0.1, 2.3, 1.5, 0.2, 1, 12948.8456, 12684.2555, 0, 115
ng8, 0.1, 2.2, 1.5, 0.2, 1, 12948.2133, 12673.4578, 0, 106
ng8, 0.2, 2.0, 1.4, 0.2, 1, 12945.6842, 12311.3709, 0, 208
ng8, 0.1, 2.2, 1.5, 0.2, 1, 12945.6842, 12682.9459, 0, 107
ng8, 0.1, 1.8, 1.2, 0.2, 1, 12944.1599, 12291.9488, 0, 203
ng8, 0.2, 2.0, 1.4, 0.2, 1, 12944.1599, 12621.3903, 0, 173
ng8, 0.1, 2.1, 1.4, 0.2, 1, 12944.1599, 12604.6342, 0, 136
ng8, 0.1, 2.2, 1.5, 0.2, 1, 12944.0646, 12691.9953, 0, 128
ng8, 0.0, 2.4, 1.6, 0.2, 1, 12943.9656, 12801.5341, 0, 83
ng8, 0.0, 2.3, 1.5, 0.2, 1, 12943.5573, 12779.5145, 0, 78
ng8, 0.1, 2.3, 1.6, 0.2, 1, 12943.1195, 12842.3321, 0, 70
ng8, 0.1, 2.2, 1.5, 0.2, 1, 12941.7302, 12724.1631, 0, 95
ng8, 0.0, 2.4, 1.6, 0.2, 1, 12941.4274, 12781.7137, 0, 65
ng8, 0.0, 2.3, 1.5, 0.2, 1, 12941.027, 12786.5094, 0, 63
ng8, 0.1, 2.4, 1.6, 0.2, 1, 12941.0134, 12805.5964, 0, 48
ng8, 0.1, 2.7, 1.9, 0.3, 1, 12940.8755, 12865.1091, 0, 49
ng8, 0.1, 2.3, 1.5, 0.2, 1, 12940.5358, 12771.1951, 0, 63
ng8, 0.1, 2.3, 1.6, 0.2, 1, 12940.5087, 12850.6086, 0, 44
ng8, 0.1, 2.4, 1.6, 0.2, 1, 12940.134, 12790.8043, 0, 46
ng8, 0.0, 2.5, 1.7, 0.3, 1, 12940.134, 12863.4212, 0, 33
ng8, 0.1, 2.4, 1.6, 0.2, 1, 12940.1235, 12870.1991, 0, 32
ng8, 0.0, 2.4, 1.6, 0.2, 1, 12939.9917, 12859.9166, 0, 38
ng8, -0.0, 2.5, 1.7, 0.2, 1, 12939.9912, 12906.0228, 0, 19
ng8, 0.0, 2.5, 1.7, 0.2, 1, 12939.7841, 12895.7358, 0, 17
ng8, 0.0, 2.5, 1.7, 0.2, 1, 12939.6385, 12913.0257, 0, 11
ng8, 0.0, 2.5, 1.7, 0.3, 1, 12939.6231, 12937.0642, 0, 3
ng8, 0.0, 2.6, 1.8, 0.3, 1, 12939.6222, 12939.6222, 0, 0
scip_total_time, 399.162299
Solval, number of paths, impact cutoff
12939.622172684192, 52, 0.0001
Elementary, 2-Cycle, Path Value, Path
False, True, 0.0979, (0, 20, 54, 62, 87, 72, 102, 111, 34, 27, 11, 56, 35, 92, 6, 111, 102, 72, 87, 62, 54, 20, 0)
False, True, 0.187, (0, 50, 52, 38, 31, 73, 25, 67, 30, 118, 79, 21, 91, 32, 80, 16, 84, 94, 119, 10, 88, 50, 0)
False, True, 0.0979, (0, 116, 107, 96, 71, 112, 62, 87, 72, 102, 111, 40, 90, 114, 8, 3, 45, 112, 71, 96, 107, 116, 0)
False, True, 0.042, (0, 107, 96, 71, 62, 87, 72, 102, 111, 34, 27, 11, 56, 35, 92, 6, 40, 62, 87, 72, 54, 20, 0)
True, True, 0.1633, (0, 61, 119, 94, 84, 16, 93, 55, 70, 78, 39, 42, 49, 2, 12, 21, 91, 32, 29, 38, 52, 50, 0)
False, True, 0.0348, (0, 50, 52, 38, 80, 16, 93, 55, 70, 78, 8, 114, 3, 45, 70, 55, 93, 16, 80, 38, 52, 50, 0)
True, True, 0.1227, (0, 88, 80, 32, 91, 21, 12, 2, 43, 76, 113, 64, 82, 109, 8, 3, 45, 112, 71, 96, 107, 20, 0)
True, True, 0.0049, (0, 10, 94, 84, 16, 93, 55, 70, 78, 39, 42, 49, 2, 12, 79, 118, 30, 67, 25, 31, 52, 50, 0)
False, True, 0.0489, (0, 102, 111, 34, 27, 11, 56, 1, 24, 37, 100, 77, 57, 37, 24, 1, 56, 11, 27, 34, 111, 102, 0)
True, True, 0.0787, (0, 116, 107, 96, 71, 112, 45, 3, 114, 8, 78, 39, 42, 49, 12, 21, 91, 32, 29, 38, 52, 50, 0)
False, True, 0.1628, (0, 20, 116, 61, 119, 94, 10, 88, 52, 38, 31, 73, 25, 29, 80, 16, 84, 94, 119, 10, 88, 50, 0)
False, True, 0.1179, (0, 116, 107, 54, 62, 87, 72, 102, 111, 34, 27, 11, 56, 35, 92, 6, 40, 62, 87, 72, 54, 20, 0)
False, True, 0.0149, (0, 61, 119, 84, 16, 93, 55, 70, 78, 8, 114, 3, 45, 70, 55, 93, 16, 84, 94, 10, 88, 50, 0)
True, True, 0.1027, (0, 10, 16, 93, 55, 70, 39, 42, 109, 82, 64, 113, 76, 43, 2, 12, 21, 91, 32, 29, 38, 52, 0)
True, True, 0.0241, (0, 31, 25, 67, 30, 118, 23, 14, 58, 83, 15, 9, 99, 13, 98, 82, 109, 42, 39, 70, 55, 61, 0)
False, True, 0.3672, (0, 79, 15, 44, 18, 17, 103, 41, 85, 89, 51, 63, 104, 105, 101, 47, 5, 26, 117, 103, 17, 99, 0)
False, True, 0.0625, (0, 50, 88, 10, 61, 119, 94, 84, 16, 80, 29, 25, 73, 31, 38, 88, 10, 94, 119, 61, 116, 20, 0)
True, True, 0.0393, (0, 80, 49, 109, 82, 98, 13, 103, 17, 18, 19, 28, 44, 9, 15, 58, 14, 23, 118, 30, 25, 31, 0)
True, True, 0.1763, (0, 116, 107, 96, 71, 112, 45, 3, 8, 109, 82, 64, 113, 76, 43, 2, 12, 21, 91, 32, 80, 88, 0)
True, True, 0.0322, (0, 20, 107, 96, 71, 112, 45, 78, 39, 42, 109, 82, 64, 113, 76, 43, 2, 12, 32, 29, 38, 52, 0)
True, True, 0.0579, (0, 31, 73, 67, 30, 118, 79, 23, 14, 58, 83, 15, 9, 99, 13, 98, 113, 76, 43, 49, 93, 10, 0)
False, True, 0.1179, (0, 116, 96, 71, 62, 87, 72, 102, 111, 34, 27, 11, 56, 35, 92, 6, 40, 62, 87, 72, 54, 20, 0)
True, True, 0.0322, (0, 52, 38, 29, 91, 21, 12, 2, 43, 76, 113, 64, 82, 109, 8, 3, 45, 112, 71, 96, 107, 20, 0)
True, True, 0.0393, (0, 15, 44, 18, 75, 46, 66, 108, 117, 26, 5, 47, 101, 105, 104, 63, 51, 89, 85, 41, 13, 98, 0)
True, True, 0.2495, (0, 73, 67, 33, 36, 115, 48, 86, 65, 74, 110, 106, 7, 97, 19, 28, 83, 58, 14, 23, 118, 25, 0)
True, True, 0.066, (0, 31, 73, 67, 30, 118, 23, 14, 58, 83, 15, 9, 99, 13, 98, 64, 113, 76, 43, 49, 93, 10, 0)
True, True, 0.0382, (0, 61, 119, 84, 16, 93, 55, 70, 78, 39, 42, 49, 2, 12, 79, 118, 30, 67, 73, 31, 52, 50, 0)
True, True, 0.1962, (0, 40, 6, 92, 35, 1, 24, 37, 57, 77, 100, 59, 22, 4, 95, 60, 68, 69, 81, 53, 8, 78, 0)
True, True, 0.028, (0, 10, 94, 16, 93, 55, 70, 39, 42, 109, 82, 64, 113, 76, 43, 2, 12, 21, 91, 32, 80, 88, 0)
True, True, 0.0119, (0, 50, 52, 38, 29, 32, 91, 21, 12, 2, 49, 42, 39, 78, 8, 3, 45, 112, 71, 96, 107, 20, 0)
True, True, 0.1506, (0, 54, 87, 72, 102, 111, 34, 27, 11, 56, 1, 24, 37, 57, 100, 77, 90, 114, 8, 78, 70, 55, 0)
False, True, 0.0316, (0, 61, 119, 94, 84, 16, 93, 55, 70, 78, 8, 114, 3, 45, 70, 55, 93, 16, 84, 94, 119, 61, 0)
True, True, 0.16, (0, 112, 90, 53, 81, 69, 68, 60, 95, 4, 22, 59, 100, 77, 57, 37, 24, 1, 35, 92, 6, 40, 0)
True, True, 0.0102, (0, 45, 3, 114, 90, 53, 81, 69, 68, 60, 95, 4, 22, 59, 37, 24, 1, 35, 92, 6, 40, 62, 0)
True, True, 0.0829, (0, 61, 119, 84, 93, 49, 2, 43, 76, 113, 64, 82, 109, 42, 39, 78, 45, 112, 71, 96, 107, 20, 0)
False, True, 0.0541, (0, 61, 84, 93, 55, 70, 39, 42, 49, 43, 76, 113, 64, 82, 109, 42, 39, 70, 55, 93, 84, 61, 0)
True, True, 0.1311, (0, 3, 114, 90, 53, 81, 69, 68, 60, 95, 4, 22, 59, 100, 77, 57, 35, 92, 6, 40, 62, 54, 0)
True, True, 0.0923, (0, 33, 36, 115, 48, 86, 65, 74, 110, 106, 7, 97, 46, 66, 108, 75, 18, 44, 9, 99, 12, 80, 0)
True, True, 0.0194, (0, 50, 52, 31, 73, 25, 67, 30, 118, 79, 12, 2, 49, 42, 39, 78, 45, 112, 71, 96, 107, 20, 0)
True, True, 0.2252, (0, 29, 79, 23, 14, 58, 83, 28, 19, 97, 7, 106, 110, 74, 65, 86, 48, 115, 36, 33, 30, 25, 0)
True, True, 0.0242, (0, 29, 79, 23, 14, 58, 83, 28, 19, 97, 7, 106, 110, 74, 65, 86, 48, 115, 36, 33, 30, 31, 0)
True, True, 0.187, (0, 15, 28, 19, 75, 46, 66, 108, 117, 26, 5, 47, 101, 105, 104, 63, 51, 89, 85, 41, 13, 98, 0)
True, True, 0.007, (0, 33, 36, 115, 48, 86, 65, 74, 110, 106, 7, 97, 46, 66, 108, 75, 19, 28, 83, 15, 79, 29, 0)
True, True, 0.0973, (0, 61, 84, 93, 55, 70, 39, 42, 109, 82, 64, 113, 76, 43, 2, 12, 21, 91, 32, 29, 38, 52, 0)
True, True, 0.1316, (0, 67, 33, 36, 115, 48, 86, 65, 74, 110, 106, 7, 97, 19, 28, 83, 58, 14, 23, 118, 30, 31, 0)
True, True, 0.0323, (0, 67, 33, 36, 115, 48, 86, 65, 74, 110, 106, 7, 97, 46, 66, 108, 75, 19, 28, 83, 15, 79, 0)
True, True, 0.023, (0, 31, 25, 30, 118, 23, 14, 58, 83, 15, 9, 44, 18, 17, 103, 13, 98, 113, 76, 43, 49, 80, 0)
True, True, 0.1202, (0, 61, 55, 70, 39, 42, 109, 82, 98, 13, 99, 9, 15, 83, 58, 14, 23, 118, 30, 67, 73, 31, 0)
True, True, 0.0207, (0, 31, 73, 67, 30, 118, 79, 23, 14, 58, 83, 15, 9, 99, 13, 98, 113, 76, 43, 49, 80, 88, 0)
True, True, 0.0159, (0, 80, 49, 43, 76, 113, 64, 98, 13, 99, 9, 15, 83, 58, 14, 23, 79, 118, 30, 67, 73, 31, 0)
True, True, 0.0323, (0, 49, 99, 9, 44, 18, 75, 108, 66, 46, 97, 7, 106, 110, 74, 65, 86, 48, 115, 36, 33, 67, 0)
True, True, 0.0023, (0, 25, 118, 23, 14, 58, 83, 28, 19, 97, 7, 106, 110, 74, 65, 86, 48, 115, 36, 33, 30, 31, 0)
all_elementary, False
all_cyc2, True
